Loading bike from data/nytaxi/bike_201606_clean_sample_2e5.pkl
Loaded.
Loading taxi from data/nytaxi/taxi_201606_clean_sample_1e5.pkl
Loaded.
Current bike columns: ['age', 'gender_1', 'gender_2', 'sid_79', 'sid_82', 'sid_83', 'sid_116', 'sid_119', 'sid_120', 'sid_127', 'sid_128', 'sid_137', 'sid_143', 'sid_144', 'sid_146', 'sid_147', 'sid_150', 'sid_151', 'sid_152', 'sid_153', 'sid_157', 'sid_161', 'sid_164', 'sid_167', 'sid_168', 'sid_173', 'sid_174', 'sid_195', 'sid_212', 'sid_216', 'sid_217', 'sid_223', 'sid_224', 'sid_225', 'sid_228', 'sid_229', 'sid_232', 'sid_233', 'sid_236', 'sid_237', 'sid_238', 'sid_239', 'sid_241', 'sid_242', 'sid_243', 'sid_244', 'sid_245', 'sid_247', 'sid_248', 'sid_249', 'sid_250', 'sid_251', 'sid_252', 'sid_253', 'sid_254', 'sid_257', 'sid_258', 'sid_259', 'sid_260', 'sid_261', 'sid_262', 'sid_263', 'sid_264', 'sid_265', 'sid_266', 'sid_267', 'sid_268', 'sid_270', 'sid_274', 'sid_275', 'sid_276', 'sid_278', 'sid_279', 'sid_280', 'sid_281', 'sid_282', 'sid_284', 'sid_285', 'sid_289', 'sid_291', 'sid_293', 'sid_295', 'sid_296', 'sid_297', 'sid_298', 'sid_300', 'sid_301', 'sid_302', 'sid_303', 'sid_304', 'sid_305', 'sid_306', 'sid_307', 'sid_308', 'sid_309', 'sid_310', 'sid_311', 'sid_312', 'sid_313', 'sid_315', 'sid_316', 'sid_317', 'sid_319', 'sid_320', 'sid_321', 'sid_322', 'sid_323', 'sid_324', 'sid_325', 'sid_326', 'sid_327', 'sid_328', 'sid_329', 'sid_330', 'sid_331', 'sid_332', 'sid_334', 'sid_335', 'sid_336', 'sid_337', 'sid_339', 'sid_340', 'sid_341', 'sid_342', 'sid_343', 'sid_344', 'sid_345', 'sid_346', 'sid_347', 'sid_348', 'sid_349', 'sid_350', 'sid_351', 'sid_352', 'sid_353', 'sid_354', 'sid_355', 'sid_356', 'sid_357', 'sid_358', 'sid_359', 'sid_360', 'sid_361', 'sid_362', 'sid_363', 'sid_364', 'sid_365', 'sid_366', 'sid_367', 'sid_368', 'sid_369', 'sid_372', 'sid_373', 'sid_375', 'sid_376', 'sid_377', 'sid_379', 'sid_380', 'sid_382', 'sid_383', 'sid_384', 'sid_385', 'sid_386', 'sid_387', 'sid_388', 'sid_389', 'sid_390', 'sid_391', 'sid_392', 'sid_393', 'sid_394', 'sid_395', 'sid_396', 'sid_397', 'sid_398', 'sid_399', 'sid_400', 'sid_401', 'sid_402', 'sid_405', 'sid_406', 'sid_407', 'sid_408', 'sid_409', 'sid_410', 'sid_411', 'sid_412', 'sid_414', 'sid_415', 'sid_416', 'sid_417', 'sid_418', 'sid_419', 'sid_420', 'sid_421', 'sid_422', 'sid_423', 'sid_426', 'sid_427', 'sid_428', 'sid_430', 'sid_432', 'sid_433', 'sid_434', 'sid_435', 'sid_436', 'sid_437', 'sid_438', 'sid_439', 'sid_440', 'sid_441', 'sid_442', 'sid_443', 'sid_444', 'sid_445', 'sid_446', 'sid_447', 'sid_448', 'sid_449', 'sid_450', 'sid_453', 'sid_454', 'sid_455', 'sid_456', 'sid_457', 'sid_458', 'sid_459', 'sid_460', 'sid_461', 'sid_462', 'sid_465', 'sid_466', 'sid_467', 'sid_468', 'sid_469', 'sid_470', 'sid_471', 'sid_472', 'sid_473', 'sid_474', 'sid_475', 'sid_476', 'sid_477', 'sid_478', 'sid_479', 'sid_480', 'sid_481', 'sid_482', 'sid_483', 'sid_484', 'sid_485', 'sid_486', 'sid_487', 'sid_488', 'sid_490', 'sid_491', 'sid_492', 'sid_493', 'sid_494', 'sid_495', 'sid_496', 'sid_497', 'sid_498', 'sid_499', 'sid_500', 'sid_501', 'sid_502', 'sid_503', 'sid_504', 'sid_505', 'sid_507', 'sid_508', 'sid_509', 'sid_510', 'sid_511', 'sid_513', 'sid_514', 'sid_515', 'sid_516', 'sid_517', 'sid_518', 'sid_519', 'sid_520', 'sid_522', 'sid_523', 'sid_524', 'sid_525', 'sid_526', 'sid_527', 'sid_528', 'sid_529', 'sid_530', 'sid_531', 'sid_532', 'sid_533', 'sid_534', 'sid_536', 'sid_537', 'sid_539', 'sid_540', 'sid_545', 'sid_546', 'sid_2000', 'sid_2001', 'sid_2002', 'sid_2003', 'sid_2004', 'sid_2005', 'sid_2006', 'sid_2008', 'sid_2009', 'sid_2010', 'sid_2012', 'sid_2017', 'sid_2021', 'sid_2022', 'sid_2023', 'sid_3002', 'sid_3016', 'sid_3041', 'sid_3042', 'sid_3043', 'sid_3044', 'sid_3046', 'sid_3047', 'sid_3048', 'sid_3049', 'sid_3050', 'sid_3052', 'sid_3053', 'sid_3054', 'sid_3055', 'sid_3056', 'sid_3057', 'sid_3058', 'sid_3059', 'sid_3060', 'sid_3061', 'sid_3062', 'sid_3063', 'sid_3064', 'sid_3065', 'sid_3066', 'sid_3067', 'sid_3068', 'sid_3069', 'sid_3070', 'sid_3071', 'sid_3072', 'sid_3073', 'sid_3074', 'sid_3075', 'sid_3076', 'sid_3077', 'sid_3078', 'sid_3079', 'sid_3080', 'sid_3081', 'sid_3082', 'sid_3083', 'sid_3084', 'sid_3085', 'sid_3086', 'sid_3087', 'sid_3088', 'sid_3089', 'sid_3090', 'sid_3091', 'sid_3092', 'sid_3093', 'sid_3094', 'sid_3095', 'sid_3096', 'sid_3098', 'sid_3099', 'sid_3100', 'sid_3101', 'sid_3102', 'sid_3103', 'sid_3105', 'sid_3106', 'sid_3107', 'sid_3108', 'sid_3109', 'sid_3110', 'sid_3111', 'sid_3112', 'sid_3113', 'sid_3114', 'sid_3115', 'sid_3116', 'sid_3117', 'sid_3118', 'sid_3119', 'sid_3120', 'sid_3121', 'sid_3122', 'sid_3123', 'sid_3124', 'sid_3125', 'sid_3126', 'sid_3127', 'sid_3128', 'sid_3129', 'sid_3131', 'sid_3132', 'sid_3134', 'sid_3135', 'sid_3136', 'sid_3137', 'sid_3138', 'sid_3139', 'sid_3140', 'sid_3141', 'sid_3142', 'sid_3143', 'sid_3144', 'sid_3145', 'sid_3146', 'sid_3147', 'sid_3148', 'sid_3150', 'sid_3151', 'sid_3152', 'sid_3153', 'sid_3154', 'sid_3155', 'sid_3156', 'sid_3157', 'sid_3158', 'sid_3159', 'sid_3160', 'sid_3161', 'sid_3162', 'sid_3163', 'sid_3164', 'sid_3165', 'sid_3166', 'sid_3167', 'sid_3168', 'sid_3169', 'sid_3170', 'sid_3171', 'sid_3172', 'sid_3173', 'sid_3175', 'sid_3176', 'sid_3177', 'sid_3178', 'sid_3179', 'sid_3180', 'sid_3182', 'sid_3221', 'sid_3222', 'sid_3223', 'sid_3224', 'sid_3226', 'sid_3230', 'sid_3231', 'sid_3232', 'sid_3233', 'sid_3235', 'sid_3236', 'sid_3237', 'sid_3238', 'sid_3241', 'sid_3242', 'sid_3243', 'sid_3244', 'sid_3246', 'sid_3249', 'sid_3254', 'sid_3255', 'sid_3256', 'sid_3257', 'sid_3259', 'sid_3260', 'eid_79', 'eid_82', 'eid_83', 'eid_116', 'eid_119', 'eid_120', 'eid_127', 'eid_128', 'eid_137', 'eid_143', 'eid_144', 'eid_146', 'eid_147', 'eid_150', 'eid_151', 'eid_152', 'eid_153', 'eid_157', 'eid_161', 'eid_164', 'eid_167', 'eid_168', 'eid_173', 'eid_174', 'eid_195', 'eid_212', 'eid_216', 'eid_217', 'eid_223', 'eid_224', 'eid_225', 'eid_228', 'eid_229', 'eid_232', 'eid_233', 'eid_236', 'eid_237', 'eid_238', 'eid_239', 'eid_241', 'eid_242', 'eid_243', 'eid_244', 'eid_245', 'eid_247', 'eid_248', 'eid_249', 'eid_250', 'eid_251', 'eid_252', 'eid_253', 'eid_254', 'eid_255', 'eid_257', 'eid_258', 'eid_259', 'eid_260', 'eid_261', 'eid_262', 'eid_263', 'eid_264', 'eid_265', 'eid_266', 'eid_267', 'eid_268', 'eid_270', 'eid_274', 'eid_275', 'eid_276', 'eid_278', 'eid_279', 'eid_280', 'eid_281', 'eid_282', 'eid_284', 'eid_285', 'eid_289', 'eid_291', 'eid_293', 'eid_295', 'eid_296', 'eid_297', 'eid_298', 'eid_300', 'eid_301', 'eid_302', 'eid_303', 'eid_304', 'eid_305', 'eid_306', 'eid_307', 'eid_308', 'eid_309', 'eid_310', 'eid_311', 'eid_312', 'eid_313', 'eid_315', 'eid_316', 'eid_317', 'eid_319', 'eid_320', 'eid_321', 'eid_322', 'eid_323', 'eid_324', 'eid_325', 'eid_326', 'eid_327', 'eid_328', 'eid_329', 'eid_330', 'eid_331', 'eid_332', 'eid_334', 'eid_335', 'eid_336', 'eid_337', 'eid_339', 'eid_340', 'eid_341', 'eid_342', 'eid_343', 'eid_344', 'eid_345', 'eid_346', 'eid_347', 'eid_348', 'eid_349', 'eid_350', 'eid_351', 'eid_352', 'eid_353', 'eid_354', 'eid_355', 'eid_356', 'eid_357', 'eid_358', 'eid_359', 'eid_360', 'eid_361', 'eid_362', 'eid_363', 'eid_364', 'eid_365', 'eid_366', 'eid_367', 'eid_368', 'eid_369', 'eid_372', 'eid_373', 'eid_375', 'eid_376', 'eid_377', 'eid_379', 'eid_380', 'eid_382', 'eid_383', 'eid_384', 'eid_385', 'eid_386', 'eid_387', 'eid_388', 'eid_389', 'eid_390', 'eid_391', 'eid_392', 'eid_393', 'eid_394', 'eid_395', 'eid_396', 'eid_397', 'eid_398', 'eid_399', 'eid_400', 'eid_401', 'eid_402', 'eid_405', 'eid_406', 'eid_407', 'eid_408', 'eid_409', 'eid_410', 'eid_411', 'eid_412', 'eid_414', 'eid_415', 'eid_416', 'eid_417', 'eid_418', 'eid_419', 'eid_420', 'eid_421', 'eid_422', 'eid_423', 'eid_426', 'eid_427', 'eid_428', 'eid_430', 'eid_432', 'eid_433', 'eid_434', 'eid_435', 'eid_436', 'eid_437', 'eid_438', 'eid_439', 'eid_440', 'eid_441', 'eid_442', 'eid_443', 'eid_444', 'eid_445', 'eid_446', 'eid_447', 'eid_448', 'eid_449', 'eid_450', 'eid_453', 'eid_454', 'eid_455', 'eid_456', 'eid_457', 'eid_458', 'eid_459', 'eid_460', 'eid_461', 'eid_462', 'eid_465', 'eid_466', 'eid_467', 'eid_468', 'eid_469', 'eid_470', 'eid_471', 'eid_472', 'eid_473', 'eid_474', 'eid_475', 'eid_476', 'eid_477', 'eid_478', 'eid_479', 'eid_480', 'eid_481', 'eid_482', 'eid_483', 'eid_484', 'eid_485', 'eid_486', 'eid_487', 'eid_488', 'eid_490', 'eid_491', 'eid_492', 'eid_493', 'eid_494', 'eid_495', 'eid_496', 'eid_497', 'eid_498', 'eid_499', 'eid_500', 'eid_501', 'eid_502', 'eid_503', 'eid_504', 'eid_505', 'eid_507', 'eid_508', 'eid_509', 'eid_510', 'eid_511', 'eid_513', 'eid_514', 'eid_515', 'eid_516', 'eid_517', 'eid_518', 'eid_519', 'eid_520', 'eid_522', 'eid_523', 'eid_524', 'eid_525', 'eid_526', 'eid_527', 'eid_528', 'eid_529', 'eid_530', 'eid_531', 'eid_532', 'eid_533', 'eid_534', 'eid_536', 'eid_537', 'eid_539', 'eid_540', 'eid_545', 'eid_546', 'eid_2000', 'eid_2001', 'eid_2002', 'eid_2003', 'eid_2004', 'eid_2005', 'eid_2006', 'eid_2008', 'eid_2009', 'eid_2010', 'eid_2012', 'eid_2017', 'eid_2021', 'eid_2022', 'eid_2023', 'eid_3002', 'eid_3016', 'eid_3017', 'eid_3041', 'eid_3042', 'eid_3043', 'eid_3044', 'eid_3046', 'eid_3047', 'eid_3048', 'eid_3049', 'eid_3050', 'eid_3052', 'eid_3053', 'eid_3054', 'eid_3055', 'eid_3056', 'eid_3057', 'eid_3058', 'eid_3059', 'eid_3060', 'eid_3061', 'eid_3062', 'eid_3063', 'eid_3064', 'eid_3065', 'eid_3066', 'eid_3067', 'eid_3068', 'eid_3069', 'eid_3070', 'eid_3071', 'eid_3072', 'eid_3073', 'eid_3074', 'eid_3075', 'eid_3076', 'eid_3077', 'eid_3078', 'eid_3079', 'eid_3080', 'eid_3081', 'eid_3082', 'eid_3083', 'eid_3084', 'eid_3085', 'eid_3086', 'eid_3087', 'eid_3088', 'eid_3089', 'eid_3090', 'eid_3091', 'eid_3092', 'eid_3093', 'eid_3094', 'eid_3095', 'eid_3096', 'eid_3098', 'eid_3099', 'eid_3100', 'eid_3101', 'eid_3102', 'eid_3103', 'eid_3105', 'eid_3106', 'eid_3107', 'eid_3108', 'eid_3109', 'eid_3110', 'eid_3111', 'eid_3112', 'eid_3113', 'eid_3114', 'eid_3115', 'eid_3116', 'eid_3117', 'eid_3118', 'eid_3119', 'eid_3120', 'eid_3121', 'eid_3122', 'eid_3123', 'eid_3124', 'eid_3125', 'eid_3126', 'eid_3127', 'eid_3128', 'eid_3129', 'eid_3131', 'eid_3132', 'eid_3134', 'eid_3135', 'eid_3136', 'eid_3137', 'eid_3138', 'eid_3139', 'eid_3140', 'eid_3141', 'eid_3142', 'eid_3143', 'eid_3144', 'eid_3145', 'eid_3146', 'eid_3147', 'eid_3148', 'eid_3150', 'eid_3151', 'eid_3152', 'eid_3153', 'eid_3154', 'eid_3155', 'eid_3156', 'eid_3157', 'eid_3158', 'eid_3159', 'eid_3160', 'eid_3161', 'eid_3162', 'eid_3163', 'eid_3164', 'eid_3165', 'eid_3166', 'eid_3167', 'eid_3168', 'eid_3169', 'eid_3170', 'eid_3171', 'eid_3172', 'eid_3173', 'eid_3175', 'eid_3176', 'eid_3177', 'eid_3178', 'eid_3179', 'eid_3180', 'eid_3182', 'eid_3183', 'eid_3184', 'eid_3192', 'eid_3219', 'eid_3221', 'eid_3222', 'eid_3223', 'eid_3224', 'eid_3226', 'eid_3230', 'eid_3231', 'eid_3232', 'eid_3233', 'eid_3235', 'eid_3236', 'eid_3237', 'eid_3238', 'eid_3240', 'eid_3241', 'eid_3242', 'eid_3243', 'eid_3244', 'eid_3246', 'eid_3249', 'eid_3250', 'eid_3252', 'eid_3254', 'eid_3255', 'eid_3256', 'eid_3257', 'eid_3259', 'eid_3260', 'start_lon', 'start_lat', 'end_lon', 'end_lat']
Current taxi columns: ['start_lon', 'start_lat', 'end_lon', 'end_lat', 'trip_distance', 'taxi_duration']
Loading data from cache
Done
Calculating noise scale
Adding noise of scale 0.0 to sim_scores
Adding noise of scale 0.0 to sim_scores
Adding noise of scale 0.0 to sim_scores
Filter dataset to top 10
Generating top 10 dataset
Generating top 10 dataset
Generating top 10 dataset
Generating top1 dataset
Generating top1 dataset
Generating top1 dataset
Preparing time (sec): 162
Loading data
Prepare for training
Start training
================================================================================
                                    Kernel Shape Output Shape  Params  \
Layer                                                                   
0_local_models.0.fc_layers.Linear_0    [960, 10]   [4096, 10]    9610   
1_local_models.0.fc_layers.Linear_1    [10, 100]  [4096, 100]    1100   
2_local_models.1.fc_layers.Linear_0      [2, 10]   [4096, 10]      30   
3_local_models.1.fc_layers.Linear_1     [10, 10]   [4096, 10]     110   
4_agg_model.fc_layers.Linear_0         [110, 10]   [4096, 10]    1110   
5_agg_model.fc_layers.Linear_1           [10, 1]    [4096, 1]      11   

                                     Mult-Adds  
Layer                                           
0_local_models.0.fc_layers.Linear_0       9600  
1_local_models.0.fc_layers.Linear_1       1000  
2_local_models.1.fc_layers.Linear_0         20  
3_local_models.1.fc_layers.Linear_1        100  
4_agg_model.fc_layers.Linear_0            1100  
5_agg_model.fc_layers.Linear_1              10  
--------------------------------------------------------------------------------
                      Totals
Total params           11971
Trainable params       11971
Non-trainable params       0
Mult-Adds              11830
================================================================================
n_classes=2
task=regression
model_name=ny_top1sim_2022-01-30-02-26-33
sche_threshold=0.0001
sche_patience=10
sche_factor=0.1
use_scheduler=False
num_workers=8
device=cuda:6
test_batch_size=4096
train_batch_size=4096
learning_rate=0.003
weight_decay=1e-05
num_epochs=50
model_save_path=ckp/ny_top1sim_2022-01-30-02-26-33.pth
test_rate=0.2
val_rate=0.1
multiprocess_context=fork
metrics=['r2_score', 'rmse']
metrics_f=[<metric.r2_score.R2Score object at 0x7ff92a49eb50>, <metric.rmse.RMSE object at 0x7ff92a49ebb0>]
hidden_sizes=[200, 100]
model=SplitNN(
  (agg_model): MLP(
    (fc_layers): ModuleList(
      (0): Linear(in_features=110, out_features=10, bias=True)
      (1): Linear(in_features=10, out_features=1, bias=True)
    )
  )
  (local_models): ModuleList(
    (0): MLP(
      (fc_layers): ModuleList(
        (0): Linear(in_features=960, out_features=10, bias=True)
        (1): Linear(in_features=10, out_features=100, bias=True)
      )
    )
    (1): MLP(
      (fc_layers): ModuleList(
        (0): Linear(in_features=2, out_features=10, bias=True)
        (1): Linear(in_features=10, out_features=10, bias=True)
      )
    )
  )
)
writer=<torch.utils.tensorboard.writer.SummaryWriter object at 0x7ff92a49ef70>
dataset_type=real
drop_key=True
num_common_features=4
tree_radius=0.01
tree_leaf_size=1000
knn_k=10
grid_min=-10.0
grid_max=10.0
grid_width=1.5
sim_scaler=StandardScaler()
filter_top_k=10
link_n_jobs=-1
psig_p=7
sim_leak_p=1.0
link_threshold_t=0.02
link_epsilon=0.1
n_hash_lsh=20
edit_distance_threshold=1
n_hash_func=10
collision_rate=0.05
qgram_q=2
link_delta=0.1
feature_wise_sim=False
blocking_method=knn
center_threshold=0.5
n_clusters=100
local_hidden_sizes=[[10], [10]]
cut_dims=[100, 10]
agg_hidden_sizes=[10]
scale_analysis=None
data1_shape=(200000, 964)
data2_shape=(100000, 6)
Epoch 1: Loss:            : Train 0.0000, Val 0.0723, Test 0.0721
          R2_Score         : Train -0.5773, Val -0.4949, Test -0.4564
          RMSE             : Train 541.8596, Val 521.0495, Test 520.3071
Best:
          R2_Score         : Train -0.5773, Val -0.4949, Test -0.4564
          RMSE             : Train 541.8596, Val 521.0495, Test 520.3071
Epoch 2: Loss:            : Train 0.0000, Val 0.0630, Test 0.0629
          R2_Score         : Train -0.3805, Val -0.3035, Test -0.2712
          RMSE             : Train 506.9318, Val 486.5366, Test 486.0982
Best:
          R2_Score         : Train -0.3805, Val -0.3035, Test -0.2712
          RMSE             : Train 506.9318, Val 486.5366, Test 486.0982
Epoch 3: Loss:            : Train 0.0000, Val 0.0492, Test 0.0492
          R2_Score         : Train -0.1488, Val -0.0174, Test 0.0054
          RMSE             : Train 462.4370, Val 429.8505, Test 429.9669
Best:
          R2_Score         : Train -0.1488, Val -0.0174, Test 0.0054
          RMSE             : Train 462.4370, Val 429.8505, Test 429.9669
Epoch 4: Loss:            : Train 0.0000, Val 0.0344, Test 0.0346
          R2_Score         : Train 0.1494, Val 0.2884, Test 0.3016
          RMSE             : Train 397.9024, Val 359.4769, Test 360.2931
Best:
          R2_Score         : Train 0.1494, Val 0.2884, Test 0.3016
          RMSE             : Train 397.9024, Val 359.4769, Test 360.2931
Epoch 5: Loss:            : Train 0.0000, Val 0.0248, Test 0.0251
          R2_Score         : Train 0.4082, Val 0.4861, Test 0.4921
          RMSE             : Train 331.8991, Val 305.4970, Test 307.2659
Best:
          R2_Score         : Train 0.4082, Val 0.4861, Test 0.4921
          RMSE             : Train 331.8991, Val 305.4970, Test 307.2659
Epoch 6: Loss:            : Train 0.0000, Val 0.0212, Test 0.0216
          R2_Score         : Train 0.5377, Val 0.5601, Test 0.5630
          RMSE             : Train 293.3520, Val 282.6603, Test 285.0039
Best:
          R2_Score         : Train 0.5377, Val 0.5601, Test 0.5630
          RMSE             : Train 293.3520, Val 282.6603, Test 285.0039
Epoch 7: Loss:            : Train 0.0000, Val 0.0199, Test 0.0203
          R2_Score         : Train 0.5830, Val 0.5888, Test 0.5897
          RMSE             : Train 278.6188, Val 273.2663, Test 276.1646
Best:
          R2_Score         : Train 0.5830, Val 0.5888, Test 0.5897
          RMSE             : Train 278.6188, Val 273.2663, Test 276.1646
Epoch 8: Loss:            : Train 0.0000, Val 0.0190, Test 0.0195
          R2_Score         : Train 0.6060, Val 0.6060, Test 0.6068
          RMSE             : Train 270.8321, Val 267.4956, Test 270.3530
Best:
          R2_Score         : Train 0.6060, Val 0.6060, Test 0.6068
          RMSE             : Train 270.8321, Val 267.4956, Test 270.3530
Epoch 9: Loss:            : Train 0.0000, Val 0.0186, Test 0.0190
          R2_Score         : Train 0.6204, Val 0.6155, Test 0.6156
          RMSE             : Train 265.8050, Val 264.2343, Test 267.3093
Best:
          R2_Score         : Train 0.6204, Val 0.6155, Test 0.6156
          RMSE             : Train 265.8050, Val 264.2343, Test 267.3093
Epoch 10: Loss:            : Train 0.0000, Val 0.0184, Test 0.0188
          R2_Score         : Train 0.6276, Val 0.6192, Test 0.6193
          RMSE             : Train 263.2750, Val 262.9690, Test 266.0072
Best:
          R2_Score         : Train 0.6276, Val 0.6192, Test 0.6193
          RMSE             : Train 263.2750, Val 262.9690, Test 266.0072
Epoch 11: Loss:            : Train 0.0000, Val 0.0183, Test 0.0187
          R2_Score         : Train 0.6323, Val 0.6218, Test 0.6227
          RMSE             : Train 261.6275, Val 262.0607, Test 264.8286
Best:
          R2_Score         : Train 0.6323, Val 0.6218, Test 0.6227
          RMSE             : Train 261.6275, Val 262.0607, Test 264.8286
Epoch 12: Loss:            : Train 0.0000, Val 0.0181, Test 0.0184
          R2_Score         : Train 0.6390, Val 0.6260, Test 0.6274
          RMSE             : Train 259.2404, Val 260.6221, Test 263.1745
Best:
          R2_Score         : Train 0.6390, Val 0.6260, Test 0.6274
          RMSE             : Train 259.2404, Val 260.6221, Test 263.1745
Epoch 13: Loss:            : Train 0.0000, Val 0.0178, Test 0.0182
          R2_Score         : Train 0.6441, Val 0.6318, Test 0.6329
          RMSE             : Train 257.4041, Val 258.5859, Test 261.2043
Best:
          R2_Score         : Train 0.6441, Val 0.6318, Test 0.6329
          RMSE             : Train 257.4041, Val 258.5859, Test 261.2043
Epoch 14: Loss:            : Train 0.0000, Val 0.0177, Test 0.0181
          R2_Score         : Train 0.6497, Val 0.6334, Test 0.6344
          RMSE             : Train 255.3616, Val 258.0387, Test 260.6968
Best:
          R2_Score         : Train 0.6497, Val 0.6334, Test 0.6344
          RMSE             : Train 255.3616, Val 258.0387, Test 260.6968
Epoch 15: Loss:            : Train 0.0000, Val 0.0176, Test 0.0180
          R2_Score         : Train 0.6526, Val 0.6351, Test 0.6364
          RMSE             : Train 254.3103, Val 257.4351, Test 259.9843
Best:
          R2_Score         : Train 0.6526, Val 0.6351, Test 0.6364
          RMSE             : Train 254.3103, Val 257.4351, Test 259.9843
Epoch 16: Loss:            : Train 0.0000, Val 0.0177, Test 0.0181
          R2_Score         : Train 0.6557, Val 0.6333, Test 0.6348
          RMSE             : Train 253.1611, Val 258.0552, Test 260.5284
Best:
          R2_Score         : Train 0.6526, Val 0.6351, Test 0.6364
          RMSE             : Train 254.3103, Val 257.4351, Test 259.9843
Epoch 17: Loss:            : Train 0.0000, Val 0.0176, Test 0.0181
          R2_Score         : Train 0.6575, Val 0.6347, Test 0.6349
          RMSE             : Train 252.5077, Val 257.5594, Test 260.5049
Best:
          R2_Score         : Train 0.6526, Val 0.6351, Test 0.6364
          RMSE             : Train 254.3103, Val 257.4351, Test 259.9843
Epoch 18: Loss:            : Train 0.0000, Val 0.0176, Test 0.0179
          R2_Score         : Train 0.6576, Val 0.6364, Test 0.6375
          RMSE             : Train 252.4488, Val 256.9685, Test 259.5668
Best:
          R2_Score         : Train 0.6576, Val 0.6364, Test 0.6375
          RMSE             : Train 252.4488, Val 256.9685, Test 259.5668
Epoch 19: Loss:            : Train 0.0000, Val 0.0175, Test 0.0179
          R2_Score         : Train 0.6604, Val 0.6382, Test 0.6386
          RMSE             : Train 251.4079, Val 256.3325, Test 259.1928
Best:
          R2_Score         : Train 0.6604, Val 0.6382, Test 0.6386
          RMSE             : Train 251.4079, Val 256.3325, Test 259.1928
Epoch 20: Loss:            : Train 0.0000, Val 0.0175, Test 0.0179
          R2_Score         : Train 0.6614, Val 0.6380, Test 0.6378
          RMSE             : Train 251.0366, Val 256.4134, Test 259.4588
Best:
          R2_Score         : Train 0.6604, Val 0.6382, Test 0.6386
          RMSE             : Train 251.4079, Val 256.3325, Test 259.1928
Epoch 21: Loss:            : Train 0.0000, Val 0.0175, Test 0.0179
          R2_Score         : Train 0.6628, Val 0.6383, Test 0.6383
          RMSE             : Train 250.5486, Val 256.2797, Test 259.3011
Best:
          R2_Score         : Train 0.6628, Val 0.6383, Test 0.6383
          RMSE             : Train 250.5486, Val 256.2797, Test 259.3011
Epoch 22: Loss:            : Train 0.0000, Val 0.0176, Test 0.0181
          R2_Score         : Train 0.6682, Val 0.6358, Test 0.6350
          RMSE             : Train 248.5058, Val 257.1674, Test 260.4617
Best:
          R2_Score         : Train 0.6628, Val 0.6383, Test 0.6383
          RMSE             : Train 250.5486, Val 256.2797, Test 259.3011
Epoch 23: Loss:            : Train 0.0000, Val 0.0176, Test 0.0181
          R2_Score         : Train 0.6697, Val 0.6358, Test 0.6351
          RMSE             : Train 247.9559, Val 257.1756, Test 260.4278
Best:
          R2_Score         : Train 0.6628, Val 0.6383, Test 0.6383
          RMSE             : Train 250.5486, Val 256.2797, Test 259.3011
Epoch 24: Loss:            : Train 0.0000, Val 0.0174, Test 0.0179
          R2_Score         : Train 0.6713, Val 0.6396, Test 0.6387
          RMSE             : Train 247.3548, Val 255.8375, Test 259.1400
Best:
          R2_Score         : Train 0.6713, Val 0.6396, Test 0.6387
          RMSE             : Train 247.3548, Val 255.8375, Test 259.1400
Epoch 25: Loss:            : Train 0.0000, Val 0.0175, Test 0.0180
          R2_Score         : Train 0.6729, Val 0.6380, Test 0.6369
          RMSE             : Train 246.7415, Val 256.4087, Test 259.7941
Best:
          R2_Score         : Train 0.6713, Val 0.6396, Test 0.6387
          RMSE             : Train 247.3548, Val 255.8375, Test 259.1400
Epoch 26: Loss:            : Train 0.0000, Val 0.0174, Test 0.0179
          R2_Score         : Train 0.6739, Val 0.6400, Test 0.6385
          RMSE             : Train 246.3761, Val 255.6941, Test 259.2336
Best:
          R2_Score         : Train 0.6739, Val 0.6400, Test 0.6385
          RMSE             : Train 246.3761, Val 255.6941, Test 259.2336
Epoch 27: Loss:            : Train 0.0000, Val 0.0173, Test 0.0178
          R2_Score         : Train 0.6750, Val 0.6422, Test 0.6410
          RMSE             : Train 245.9436, Val 254.9211, Test 258.3164
Best:
          R2_Score         : Train 0.6750, Val 0.6422, Test 0.6410
          RMSE             : Train 245.9436, Val 254.9211, Test 258.3164
Epoch 28: Loss:            : Train 0.0000, Val 0.0173, Test 0.0178
          R2_Score         : Train 0.6769, Val 0.6422, Test 0.6402
          RMSE             : Train 245.2457, Val 254.8955, Test 258.6256
Best:
          R2_Score         : Train 0.6769, Val 0.6422, Test 0.6402
          RMSE             : Train 245.2457, Val 254.8955, Test 258.6256
Epoch 29: Loss:            : Train 0.0000, Val 0.0174, Test 0.0179
          R2_Score         : Train 0.6767, Val 0.6387, Test 0.6376
          RMSE             : Train 245.3128, Val 256.1616, Test 259.5392
Best:
          R2_Score         : Train 0.6769, Val 0.6422, Test 0.6402
          RMSE             : Train 245.2457, Val 254.8955, Test 258.6256
Epoch 30: Loss:            : Train 0.0000, Val 0.0173, Test 0.0178
          R2_Score         : Train 0.6775, Val 0.6414, Test 0.6399
          RMSE             : Train 245.0146, Val 255.2007, Test 258.7141
Best:
          R2_Score         : Train 0.6769, Val 0.6422, Test 0.6402
          RMSE             : Train 245.2457, Val 254.8955, Test 258.6256
Epoch 31: Loss:            : Train 0.0000, Val 0.0174, Test 0.0179
          R2_Score         : Train 0.6786, Val 0.6399, Test 0.6383
          RMSE             : Train 244.5800, Val 255.7376, Test 259.3053
Best:
          R2_Score         : Train 0.6769, Val 0.6422, Test 0.6402
          RMSE             : Train 245.2457, Val 254.8955, Test 258.6256
Epoch 32: Loss:            : Train 0.0000, Val 0.0173, Test 0.0178
          R2_Score         : Train 0.6817, Val 0.6419, Test 0.6397
          RMSE             : Train 243.3949, Val 255.0260, Test 258.7910
Best:
          R2_Score         : Train 0.6769, Val 0.6422, Test 0.6402
          RMSE             : Train 245.2457, Val 254.8955, Test 258.6256
Epoch 33: Loss:            : Train 0.0000, Val 0.0173, Test 0.0179
          R2_Score         : Train 0.6826, Val 0.6416, Test 0.6394
          RMSE             : Train 243.0636, Val 255.1189, Test 258.9125
Best:
          R2_Score         : Train 0.6769, Val 0.6422, Test 0.6402
          RMSE             : Train 245.2457, Val 254.8955, Test 258.6256
Epoch 34: Loss:            : Train 0.0000, Val 0.0175, Test 0.0180
          R2_Score         : Train 0.6840, Val 0.6369, Test 0.6355
          RMSE             : Train 242.5372, Val 256.7742, Test 260.2982
Best:
          R2_Score         : Train 0.6769, Val 0.6422, Test 0.6402
          RMSE             : Train 245.2457, Val 254.8955, Test 258.6256
Epoch 35: Loss:            : Train 0.0000, Val 0.0173, Test 0.0179
          R2_Score         : Train 0.6844, Val 0.6412, Test 0.6387
          RMSE             : Train 242.3846, Val 255.2543, Test 259.1417
Best:
          R2_Score         : Train 0.6769, Val 0.6422, Test 0.6402
          RMSE             : Train 245.2457, Val 254.8955, Test 258.6256
Epoch 36: Loss:            : Train 0.0000, Val 0.0173, Test 0.0178
          R2_Score         : Train 0.6847, Val 0.6420, Test 0.6395
          RMSE             : Train 242.2635, Val 254.9809, Test 258.8766
Best:
          R2_Score         : Train 0.6769, Val 0.6422, Test 0.6402
          RMSE             : Train 245.2457, Val 254.8955, Test 258.6256
Epoch 37: Loss:            : Train 0.0000, Val 0.0175, Test 0.0180
          R2_Score         : Train 0.6859, Val 0.6380, Test 0.6357
          RMSE             : Train 241.7947, Val 256.4113, Test 260.2350
Best:
          R2_Score         : Train 0.6769, Val 0.6422, Test 0.6402
          RMSE             : Train 245.2457, Val 254.8955, Test 258.6256
Epoch 38: Loss:            : Train 0.0000, Val 0.0174, Test 0.0180
          R2_Score         : Train 0.6857, Val 0.6405, Test 0.6373
          RMSE             : Train 241.8871, Val 255.5177, Test 259.6389
Best:
          R2_Score         : Train 0.6769, Val 0.6422, Test 0.6402
          RMSE             : Train 245.2457, Val 254.8955, Test 258.6256
Epoch 39: Loss:            : Train 0.0000, Val 0.0173, Test 0.0179
          R2_Score         : Train 0.6872, Val 0.6415, Test 0.6389
          RMSE             : Train 241.2946, Val 255.1474, Test 259.0672
Best:
          R2_Score         : Train 0.6769, Val 0.6422, Test 0.6402
          RMSE             : Train 245.2457, Val 254.8955, Test 258.6256
Epoch 40: Loss:            : Train 0.0000, Val 0.0174, Test 0.0180
          R2_Score         : Train 0.6879, Val 0.6397, Test 0.6359
          RMSE             : Train 241.0114, Val 255.7889, Test 260.1512
Best:
          R2_Score         : Train 0.6769, Val 0.6422, Test 0.6402
          RMSE             : Train 245.2457, Val 254.8955, Test 258.6256
Epoch 41: Loss:            : Train 0.0000, Val 0.0173, Test 0.0179
          R2_Score         : Train 0.6875, Val 0.6409, Test 0.6385
          RMSE             : Train 241.1920, Val 255.3625, Test 259.2320
Best:
          R2_Score         : Train 0.6769, Val 0.6422, Test 0.6402
          RMSE             : Train 245.2457, Val 254.8955, Test 258.6256
Epoch 42: Loss:            : Train 0.0000, Val 0.0173, Test 0.0179
          R2_Score         : Train 0.6881, Val 0.6408, Test 0.6377
          RMSE             : Train 240.9362, Val 255.3969, Test 259.5106
Best:
          R2_Score         : Train 0.6769, Val 0.6422, Test 0.6402
          RMSE             : Train 245.2457, Val 254.8955, Test 258.6256
Epoch 43: Loss:            : Train 0.0000, Val 0.0173, Test 0.0179
          R2_Score         : Train 0.6900, Val 0.6407, Test 0.6385
          RMSE             : Train 240.2137, Val 255.4522, Test 259.2283
Best:
          R2_Score         : Train 0.6769, Val 0.6422, Test 0.6402
          RMSE             : Train 245.2457, Val 254.8955, Test 258.6256
Epoch 44: Loss:            : Train 0.0000, Val 0.0177, Test 0.0183
          R2_Score         : Train 0.6905, Val 0.6329, Test 0.6301
          RMSE             : Train 240.0288, Val 258.2033, Test 262.1963
Best:
          R2_Score         : Train 0.6769, Val 0.6422, Test 0.6402
          RMSE             : Train 245.2457, Val 254.8955, Test 258.6256
Epoch 45: Loss:            : Train 0.0000, Val 0.0174, Test 0.0180
          R2_Score         : Train 0.6895, Val 0.6385, Test 0.6366
          RMSE             : Train 240.3937, Val 256.2169, Test 259.9047
Best:
          R2_Score         : Train 0.6769, Val 0.6422, Test 0.6402
          RMSE             : Train 245.2457, Val 254.8955, Test 258.6256
Epoch 46: Loss:            : Train 0.0000, Val 0.0174, Test 0.0180
          R2_Score         : Train 0.6909, Val 0.6391, Test 0.6369
          RMSE             : Train 239.8683, Val 256.0263, Test 259.7998
Best:
          R2_Score         : Train 0.6769, Val 0.6422, Test 0.6402
          RMSE             : Train 245.2457, Val 254.8955, Test 258.6256
Epoch 47: Loss:            : Train 0.0000, Val 0.0175, Test 0.0180
          R2_Score         : Train 0.6918, Val 0.6381, Test 0.6369
          RMSE             : Train 239.5097, Val 256.3536, Test 259.7821
Best:
          R2_Score         : Train 0.6769, Val 0.6422, Test 0.6402
          RMSE             : Train 245.2457, Val 254.8955, Test 258.6256
Epoch 48: Loss:            : Train 0.0000, Val 0.0173, Test 0.0179
          R2_Score         : Train 0.6922, Val 0.6415, Test 0.6394
          RMSE             : Train 239.3820, Val 255.1568, Test 258.8919
Best:
          R2_Score         : Train 0.6769, Val 0.6422, Test 0.6402
          RMSE             : Train 245.2457, Val 254.8955, Test 258.6256
Epoch 49: Loss:            : Train 0.0000, Val 0.0174, Test 0.0180
          R2_Score         : Train 0.6925, Val 0.6388, Test 0.6365
          RMSE             : Train 239.2381, Val 256.1150, Test 259.9332
Best:
          R2_Score         : Train 0.6769, Val 0.6422, Test 0.6402
          RMSE             : Train 245.2457, Val 254.8955, Test 258.6256
Epoch 50: Loss:            : Train 0.0000, Val 0.0173, Test 0.0179
          R2_Score         : Train 0.6920, Val 0.6408, Test 0.6381
          RMSE             : Train 239.4603, Val 255.4147, Test 259.3594
Best:
          R2_Score         : Train 0.6769, Val 0.6422, Test 0.6402
          RMSE             : Train 245.2457, Val 254.8955, Test 258.6256
Training time (sec): 172
