Loading parties from cache
X got 10 dimensions
Splitting...
Loading data
Prepare for training
Start training
=================================================================
                     Kernel Shape Output Shape  Params  Mult-Adds
Layer                                                            
0_fc_layers.Linear_0    [10, 100]  [4096, 100]    1100       1000
1_fc_layers.Linear_1   [100, 100]  [4096, 100]   10100      10000
2_fc_layers.Linear_2     [100, 1]    [4096, 1]     101        100
-----------------------------------------------------------------
                      Totals
Total params           11301
Trainable params       11301
Non-trainable params       0
Mult-Adds              11100
=================================================================
n_classes=2
task=binary_cls
model_name=boone_a_noise_0.20_2022-01-30-17-35-57
sche_threshold=0.0001
sche_patience=10
sche_factor=0.1
use_scheduler=False
num_workers=4
device=cuda:0
test_batch_size=4096
train_batch_size=4096
learning_rate=0.002
weight_decay=1e-05
num_epochs=200
model_save_path=ckp/boone_a_noise_0.20_2022-01-30-17-35-57.pth
test_rate=0.2
val_rate=0.1
multiprocess_context=fork
metrics=['accuracy']
metrics_f=[<metric.accuracy.Accuracy object at 0x7f7127e51f10>]
hidden_sizes=[100, 100]
model=MLP(
  (fc_layers): ModuleList(
    (0): Linear(in_features=10, out_features=100, bias=True)
    (1): Linear(in_features=100, out_features=100, bias=True)
    (2): Linear(in_features=100, out_features=1, bias=True)
  )
)
writer=<torch.utils.tensorboard.writer.SummaryWriter object at 0x7f7127e51f40>
Epoch 1: Loss:            : Train 1.8779, Val 1.2659, Test 1.3260
          Accuracy         : Train 0.5425, Val 0.7157, Test 0.7184
Best:
          Accuracy         : Train 0.5425, Val 0.7157, Test 0.7184
Epoch 2: Loss:            : Train 1.0192, Val 0.8740, Test 0.9393
          Accuracy         : Train 0.6646, Val 0.7157, Test 0.7184
Best:
          Accuracy         : Train 0.5425, Val 0.7157, Test 0.7184
Epoch 3: Loss:            : Train 0.9190, Val 0.8471, Test 0.9131
          Accuracy         : Train 0.7210, Val 0.7190, Test 0.7219
Best:
          Accuracy         : Train 0.7210, Val 0.7190, Test 0.7219
Epoch 4: Loss:            : Train 0.8908, Val 0.8324, Test 0.8987
          Accuracy         : Train 0.7364, Val 0.7466, Test 0.7467
Best:
          Accuracy         : Train 0.7364, Val 0.7466, Test 0.7467
Epoch 5: Loss:            : Train 0.8667, Val 0.8227, Test 0.8891
          Accuracy         : Train 0.7541, Val 0.7660, Test 0.7639
Best:
          Accuracy         : Train 0.7541, Val 0.7660, Test 0.7639
Epoch 6: Loss:            : Train 0.8426, Val 0.8060, Test 0.8723
          Accuracy         : Train 0.7629, Val 0.7684, Test 0.7657
Best:
          Accuracy         : Train 0.7629, Val 0.7684, Test 0.7657
Epoch 7: Loss:            : Train 0.7926, Val 0.4874, Test 0.4842
          Accuracy         : Train 0.7707, Val 0.7776, Test 0.7785
Best:
          Accuracy         : Train 0.7707, Val 0.7776, Test 0.7785
Epoch 8: Loss:            : Train 0.4923, Val 0.4788, Test 0.4718
          Accuracy         : Train 0.7776, Val 0.7818, Test 0.7818
Best:
          Accuracy         : Train 0.7776, Val 0.7818, Test 0.7818
Epoch 9: Loss:            : Train 0.4763, Val 0.4606, Test 0.4538
          Accuracy         : Train 0.7856, Val 0.7870, Test 0.7870
Best:
          Accuracy         : Train 0.7856, Val 0.7870, Test 0.7870
Epoch 10: Loss:            : Train 0.4581, Val 0.4417, Test 0.4346
          Accuracy         : Train 0.7946, Val 0.7971, Test 0.7993
Best:
          Accuracy         : Train 0.7946, Val 0.7971, Test 0.7993
Epoch 11: Loss:            : Train 0.4379, Val 0.4245, Test 0.4171
          Accuracy         : Train 0.8026, Val 0.8082, Test 0.8103
Best:
          Accuracy         : Train 0.8026, Val 0.8082, Test 0.8103
Epoch 12: Loss:            : Train 0.4193, Val 0.4045, Test 0.3970
          Accuracy         : Train 0.8118, Val 0.8124, Test 0.8152
Best:
          Accuracy         : Train 0.8118, Val 0.8124, Test 0.8152
Epoch 13: Loss:            : Train 0.4044, Val 0.3890, Test 0.3813
          Accuracy         : Train 0.8218, Val 0.8282, Test 0.8304
Best:
          Accuracy         : Train 0.8218, Val 0.8282, Test 0.8304
Epoch 14: Loss:            : Train 0.3857, Val 0.3770, Test 0.3691
          Accuracy         : Train 0.8321, Val 0.8372, Test 0.8409
Best:
          Accuracy         : Train 0.8321, Val 0.8372, Test 0.8409
Epoch 15: Loss:            : Train 0.3738, Val 0.3753, Test 0.3673
          Accuracy         : Train 0.8380, Val 0.8412, Test 0.8443
Best:
          Accuracy         : Train 0.8380, Val 0.8412, Test 0.8443
Epoch 16: Loss:            : Train 0.3653, Val 0.3598, Test 0.3526
          Accuracy         : Train 0.8442, Val 0.8369, Test 0.8387
Best:
          Accuracy         : Train 0.8380, Val 0.8412, Test 0.8443
Epoch 17: Loss:            : Train 0.3601, Val 0.3488, Test 0.3415
          Accuracy         : Train 0.8481, Val 0.8436, Test 0.8459
Best:
          Accuracy         : Train 0.8481, Val 0.8436, Test 0.8459
Epoch 18: Loss:            : Train 0.3436, Val 0.3403, Test 0.3322
          Accuracy         : Train 0.8559, Val 0.8594, Test 0.8619
Best:
          Accuracy         : Train 0.8559, Val 0.8594, Test 0.8619
Epoch 19: Loss:            : Train 0.3369, Val 0.3371, Test 0.3309
          Accuracy         : Train 0.8597, Val 0.8505, Test 0.8518
Best:
          Accuracy         : Train 0.8559, Val 0.8594, Test 0.8619
Epoch 20: Loss:            : Train 0.3338, Val 0.3291, Test 0.3212
          Accuracy         : Train 0.8608, Val 0.8635, Test 0.8676
Best:
          Accuracy         : Train 0.8608, Val 0.8635, Test 0.8676
Epoch 21: Loss:            : Train 0.3263, Val 0.3355, Test 0.3287
          Accuracy         : Train 0.8636, Val 0.8578, Test 0.8605
Best:
          Accuracy         : Train 0.8608, Val 0.8635, Test 0.8676
Epoch 22: Loss:            : Train 0.3310, Val 0.3193, Test 0.3115
          Accuracy         : Train 0.8598, Val 0.8685, Test 0.8708
Best:
          Accuracy         : Train 0.8598, Val 0.8685, Test 0.8708
Epoch 23: Loss:            : Train 0.3245, Val 0.3532, Test 0.3474
          Accuracy         : Train 0.8642, Val 0.8430, Test 0.8428
Best:
          Accuracy         : Train 0.8598, Val 0.8685, Test 0.8708
Epoch 24: Loss:            : Train 0.3279, Val 0.3247, Test 0.3180
          Accuracy         : Train 0.8622, Val 0.8573, Test 0.8589
Best:
          Accuracy         : Train 0.8598, Val 0.8685, Test 0.8708
Epoch 25: Loss:            : Train 0.3298, Val 0.3066, Test 0.2993
          Accuracy         : Train 0.8619, Val 0.8699, Test 0.8716
Best:
          Accuracy         : Train 0.8619, Val 0.8699, Test 0.8716
Epoch 26: Loss:            : Train 0.3190, Val 0.3548, Test 0.3459
          Accuracy         : Train 0.8658, Val 0.8516, Test 0.8528
Best:
          Accuracy         : Train 0.8619, Val 0.8699, Test 0.8716
Epoch 27: Loss:            : Train 0.3528, Val 0.3124, Test 0.3058
          Accuracy         : Train 0.8503, Val 0.8664, Test 0.8662
Best:
          Accuracy         : Train 0.8619, Val 0.8699, Test 0.8716
Epoch 28: Loss:            : Train 0.3359, Val 0.3435, Test 0.3374
          Accuracy         : Train 0.8561, Val 0.8472, Test 0.8480
Best:
          Accuracy         : Train 0.8619, Val 0.8699, Test 0.8716
Epoch 29: Loss:            : Train 0.3333, Val 0.3019, Test 0.2940
          Accuracy         : Train 0.8584, Val 0.8742, Test 0.8751
Best:
          Accuracy         : Train 0.8584, Val 0.8742, Test 0.8751
Epoch 30: Loss:            : Train 0.3459, Val 0.3649, Test 0.3575
          Accuracy         : Train 0.8513, Val 0.8316, Test 0.8296
Best:
          Accuracy         : Train 0.8584, Val 0.8742, Test 0.8751
Epoch 31: Loss:            : Train 0.3218, Val 0.3043, Test 0.2966
          Accuracy         : Train 0.8656, Val 0.8710, Test 0.8730
Best:
          Accuracy         : Train 0.8584, Val 0.8742, Test 0.8751
Epoch 32: Loss:            : Train 0.3100, Val 0.3074, Test 0.2995
          Accuracy         : Train 0.8726, Val 0.8657, Test 0.8680
Best:
          Accuracy         : Train 0.8584, Val 0.8742, Test 0.8751
Epoch 33: Loss:            : Train 0.3100, Val 0.3287, Test 0.3202
          Accuracy         : Train 0.8699, Val 0.8663, Test 0.8640
Best:
          Accuracy         : Train 0.8584, Val 0.8742, Test 0.8751
Epoch 34: Loss:            : Train 0.3320, Val 0.3688, Test 0.3607
          Accuracy         : Train 0.8573, Val 0.8349, Test 0.8350
Best:
          Accuracy         : Train 0.8584, Val 0.8742, Test 0.8751
Epoch 35: Loss:            : Train 0.3213, Val 0.3364, Test 0.3270
          Accuracy         : Train 0.8634, Val 0.8608, Test 0.8597
Best:
          Accuracy         : Train 0.8584, Val 0.8742, Test 0.8751
Epoch 36: Loss:            : Train 0.3006, Val 0.3107, Test 0.3030
          Accuracy         : Train 0.8740, Val 0.8705, Test 0.8693
Best:
          Accuracy         : Train 0.8584, Val 0.8742, Test 0.8751
Epoch 37: Loss:            : Train 0.2968, Val 0.3016, Test 0.2922
          Accuracy         : Train 0.8758, Val 0.8768, Test 0.8755
Best:
          Accuracy         : Train 0.8758, Val 0.8768, Test 0.8755
Epoch 38: Loss:            : Train 0.2948, Val 0.2950, Test 0.2847
          Accuracy         : Train 0.8774, Val 0.8791, Test 0.8803
Best:
          Accuracy         : Train 0.8774, Val 0.8791, Test 0.8803
Epoch 39: Loss:            : Train 0.2892, Val 0.2907, Test 0.2835
          Accuracy         : Train 0.8800, Val 0.8764, Test 0.8780
Best:
          Accuracy         : Train 0.8774, Val 0.8791, Test 0.8803
Epoch 40: Loss:            : Train 0.2915, Val 0.2872, Test 0.2784
          Accuracy         : Train 0.8787, Val 0.8799, Test 0.8825
Best:
          Accuracy         : Train 0.8787, Val 0.8799, Test 0.8825
Epoch 41: Loss:            : Train 0.2939, Val 0.2886, Test 0.2804
          Accuracy         : Train 0.8769, Val 0.8781, Test 0.8790
Best:
          Accuracy         : Train 0.8787, Val 0.8799, Test 0.8825
Epoch 42: Loss:            : Train 0.2958, Val 0.3129, Test 0.3055
          Accuracy         : Train 0.8758, Val 0.8721, Test 0.8688
Best:
          Accuracy         : Train 0.8787, Val 0.8799, Test 0.8825
Epoch 43: Loss:            : Train 0.2838, Val 0.2921, Test 0.2839
          Accuracy         : Train 0.8825, Val 0.8808, Test 0.8790
Best:
          Accuracy         : Train 0.8825, Val 0.8808, Test 0.8790
Epoch 44: Loss:            : Train 0.2905, Val 0.2851, Test 0.2776
          Accuracy         : Train 0.8796, Val 0.8808, Test 0.8814
Best:
          Accuracy         : Train 0.8825, Val 0.8808, Test 0.8790
Epoch 45: Loss:            : Train 0.2953, Val 0.2943, Test 0.2873
          Accuracy         : Train 0.8748, Val 0.8729, Test 0.8743
Best:
          Accuracy         : Train 0.8825, Val 0.8808, Test 0.8790
Epoch 46: Loss:            : Train 0.3029, Val 0.3052, Test 0.2961
          Accuracy         : Train 0.8741, Val 0.8737, Test 0.8746
Best:
          Accuracy         : Train 0.8825, Val 0.8808, Test 0.8790
Epoch 47: Loss:            : Train 0.3120, Val 0.2874, Test 0.2783
          Accuracy         : Train 0.8715, Val 0.8814, Test 0.8812
Best:
          Accuracy         : Train 0.8715, Val 0.8814, Test 0.8812
Epoch 48: Loss:            : Train 0.2987, Val 0.3218, Test 0.3126
          Accuracy         : Train 0.8750, Val 0.8573, Test 0.8591
Best:
          Accuracy         : Train 0.8715, Val 0.8814, Test 0.8812
Epoch 49: Loss:            : Train 0.2959, Val 0.2983, Test 0.2901
          Accuracy         : Train 0.8756, Val 0.8770, Test 0.8773
Best:
          Accuracy         : Train 0.8715, Val 0.8814, Test 0.8812
Epoch 50: Loss:            : Train 0.2877, Val 0.2827, Test 0.2744
          Accuracy         : Train 0.8802, Val 0.8845, Test 0.8821
Best:
          Accuracy         : Train 0.8802, Val 0.8845, Test 0.8821
Epoch 51: Loss:            : Train 0.2838, Val 0.2956, Test 0.2868
          Accuracy         : Train 0.8828, Val 0.8737, Test 0.8736
Best:
          Accuracy         : Train 0.8802, Val 0.8845, Test 0.8821
Epoch 52: Loss:            : Train 0.2969, Val 0.3058, Test 0.2972
          Accuracy         : Train 0.8759, Val 0.8675, Test 0.8664
Best:
          Accuracy         : Train 0.8802, Val 0.8845, Test 0.8821
Epoch 53: Loss:            : Train 0.3081, Val 0.2812, Test 0.2741
          Accuracy         : Train 0.8701, Val 0.8852, Test 0.8826
Best:
          Accuracy         : Train 0.8701, Val 0.8852, Test 0.8826
Epoch 54: Loss:            : Train 0.2842, Val 0.2795, Test 0.2718
          Accuracy         : Train 0.8814, Val 0.8861, Test 0.8838
Best:
          Accuracy         : Train 0.8814, Val 0.8861, Test 0.8838
Epoch 55: Loss:            : Train 0.2745, Val 0.2903, Test 0.2813
          Accuracy         : Train 0.8866, Val 0.8769, Test 0.8781
Best:
          Accuracy         : Train 0.8814, Val 0.8861, Test 0.8838
Epoch 56: Loss:            : Train 0.2749, Val 0.2778, Test 0.2696
          Accuracy         : Train 0.8858, Val 0.8875, Test 0.8851
Best:
          Accuracy         : Train 0.8858, Val 0.8875, Test 0.8851
Epoch 57: Loss:            : Train 0.2764, Val 0.2789, Test 0.2699
          Accuracy         : Train 0.8862, Val 0.8868, Test 0.8847
Best:
          Accuracy         : Train 0.8858, Val 0.8875, Test 0.8851
Epoch 58: Loss:            : Train 0.2765, Val 0.3236, Test 0.3150
          Accuracy         : Train 0.8851, Val 0.8590, Test 0.8611
Best:
          Accuracy         : Train 0.8858, Val 0.8875, Test 0.8851
Epoch 59: Loss:            : Train 0.2860, Val 0.2827, Test 0.2744
          Accuracy         : Train 0.8829, Val 0.8863, Test 0.8841
Best:
          Accuracy         : Train 0.8858, Val 0.8875, Test 0.8851
Epoch 60: Loss:            : Train 0.3035, Val 0.2794, Test 0.2709
          Accuracy         : Train 0.8736, Val 0.8873, Test 0.8846
Best:
          Accuracy         : Train 0.8858, Val 0.8875, Test 0.8851
Epoch 61: Loss:            : Train 0.2777, Val 0.2784, Test 0.2704
          Accuracy         : Train 0.8846, Val 0.8866, Test 0.8850
Best:
          Accuracy         : Train 0.8858, Val 0.8875, Test 0.8851
Epoch 62: Loss:            : Train 0.2743, Val 0.2735, Test 0.2662
          Accuracy         : Train 0.8866, Val 0.8892, Test 0.8861
Best:
          Accuracy         : Train 0.8866, Val 0.8892, Test 0.8861
Epoch 63: Loss:            : Train 0.2735, Val 0.2737, Test 0.2653
          Accuracy         : Train 0.8883, Val 0.8893, Test 0.8862
Best:
          Accuracy         : Train 0.8883, Val 0.8893, Test 0.8862
Epoch 64: Loss:            : Train 0.2738, Val 0.2751, Test 0.2661
          Accuracy         : Train 0.8873, Val 0.8884, Test 0.8857
Best:
          Accuracy         : Train 0.8883, Val 0.8893, Test 0.8862
Epoch 65: Loss:            : Train 0.2765, Val 0.2788, Test 0.2707
          Accuracy         : Train 0.8864, Val 0.8836, Test 0.8826
Best:
          Accuracy         : Train 0.8883, Val 0.8893, Test 0.8862
Epoch 66: Loss:            : Train 0.2819, Val 0.2907, Test 0.2827
          Accuracy         : Train 0.8828, Val 0.8770, Test 0.8762
Best:
          Accuracy         : Train 0.8883, Val 0.8893, Test 0.8862
Epoch 67: Loss:            : Train 0.2831, Val 0.2770, Test 0.2690
          Accuracy         : Train 0.8812, Val 0.8870, Test 0.8854
Best:
          Accuracy         : Train 0.8883, Val 0.8893, Test 0.8862
Epoch 68: Loss:            : Train 0.2745, Val 0.2721, Test 0.2633
          Accuracy         : Train 0.8864, Val 0.8916, Test 0.8884
Best:
          Accuracy         : Train 0.8864, Val 0.8916, Test 0.8884
Epoch 69: Loss:            : Train 0.2702, Val 0.2774, Test 0.2699
          Accuracy         : Train 0.8885, Val 0.8863, Test 0.8834
Best:
          Accuracy         : Train 0.8864, Val 0.8916, Test 0.8884
Epoch 70: Loss:            : Train 0.2745, Val 0.2780, Test 0.2679
          Accuracy         : Train 0.8892, Val 0.8887, Test 0.8853
Best:
          Accuracy         : Train 0.8864, Val 0.8916, Test 0.8884
Epoch 71: Loss:            : Train 0.2790, Val 0.2758, Test 0.2664
          Accuracy         : Train 0.8847, Val 0.8871, Test 0.8848
Best:
          Accuracy         : Train 0.8864, Val 0.8916, Test 0.8884
Epoch 72: Loss:            : Train 0.2714, Val 0.2727, Test 0.2636
          Accuracy         : Train 0.8880, Val 0.8907, Test 0.8892
Best:
          Accuracy         : Train 0.8864, Val 0.8916, Test 0.8884
Epoch 73: Loss:            : Train 0.2735, Val 0.2859, Test 0.2775
          Accuracy         : Train 0.8871, Val 0.8804, Test 0.8795
Best:
          Accuracy         : Train 0.8864, Val 0.8916, Test 0.8884
Epoch 74: Loss:            : Train 0.2715, Val 0.2693, Test 0.2600
          Accuracy         : Train 0.8883, Val 0.8901, Test 0.8887
Best:
          Accuracy         : Train 0.8864, Val 0.8916, Test 0.8884
Epoch 75: Loss:            : Train 0.2672, Val 0.2779, Test 0.2694
          Accuracy         : Train 0.8903, Val 0.8854, Test 0.8853
Best:
          Accuracy         : Train 0.8864, Val 0.8916, Test 0.8884
Epoch 76: Loss:            : Train 0.2705, Val 0.2697, Test 0.2607
          Accuracy         : Train 0.8895, Val 0.8899, Test 0.8893
Best:
          Accuracy         : Train 0.8864, Val 0.8916, Test 0.8884
Epoch 77: Loss:            : Train 0.2682, Val 0.2685, Test 0.2587
          Accuracy         : Train 0.8912, Val 0.8914, Test 0.8899
Best:
          Accuracy         : Train 0.8864, Val 0.8916, Test 0.8884
Epoch 78: Loss:            : Train 0.2678, Val 0.2684, Test 0.2600
          Accuracy         : Train 0.8899, Val 0.8903, Test 0.8901
Best:
          Accuracy         : Train 0.8864, Val 0.8916, Test 0.8884
Epoch 79: Loss:            : Train 0.2698, Val 0.2786, Test 0.2709
          Accuracy         : Train 0.8911, Val 0.8858, Test 0.8839
Best:
          Accuracy         : Train 0.8864, Val 0.8916, Test 0.8884
Epoch 80: Loss:            : Train 0.2703, Val 0.2674, Test 0.2581
          Accuracy         : Train 0.8888, Val 0.8914, Test 0.8897
Best:
          Accuracy         : Train 0.8864, Val 0.8916, Test 0.8884
Epoch 81: Loss:            : Train 0.2659, Val 0.2684, Test 0.2588
          Accuracy         : Train 0.8918, Val 0.8917, Test 0.8905
Best:
          Accuracy         : Train 0.8918, Val 0.8917, Test 0.8905
Epoch 82: Loss:            : Train 0.2630, Val 0.2778, Test 0.2680
          Accuracy         : Train 0.8917, Val 0.8862, Test 0.8847
Best:
          Accuracy         : Train 0.8918, Val 0.8917, Test 0.8905
Epoch 83: Loss:            : Train 0.2681, Val 0.2714, Test 0.2621
          Accuracy         : Train 0.8899, Val 0.8901, Test 0.8891
Best:
          Accuracy         : Train 0.8918, Val 0.8917, Test 0.8905
Epoch 84: Loss:            : Train 0.2726, Val 0.2731, Test 0.2636
          Accuracy         : Train 0.8876, Val 0.8886, Test 0.8885
Best:
          Accuracy         : Train 0.8918, Val 0.8917, Test 0.8905
Epoch 85: Loss:            : Train 0.2648, Val 0.2673, Test 0.2579
          Accuracy         : Train 0.8913, Val 0.8908, Test 0.8892
Best:
          Accuracy         : Train 0.8918, Val 0.8917, Test 0.8905
Epoch 86: Loss:            : Train 0.2644, Val 0.2819, Test 0.2717
          Accuracy         : Train 0.8918, Val 0.8849, Test 0.8847
Best:
          Accuracy         : Train 0.8918, Val 0.8917, Test 0.8905
Epoch 87: Loss:            : Train 0.2746, Val 0.2855, Test 0.2774
          Accuracy         : Train 0.8862, Val 0.8820, Test 0.8833
Best:
          Accuracy         : Train 0.8918, Val 0.8917, Test 0.8905
Epoch 88: Loss:            : Train 0.2671, Val 0.2690, Test 0.2591
          Accuracy         : Train 0.8902, Val 0.8910, Test 0.8896
Best:
          Accuracy         : Train 0.8918, Val 0.8917, Test 0.8905
Epoch 89: Loss:            : Train 0.2647, Val 0.2677, Test 0.2599
          Accuracy         : Train 0.8921, Val 0.8894, Test 0.8899
Best:
          Accuracy         : Train 0.8918, Val 0.8917, Test 0.8905
Epoch 90: Loss:            : Train 0.2629, Val 0.2732, Test 0.2651
          Accuracy         : Train 0.8923, Val 0.8911, Test 0.8892
Best:
          Accuracy         : Train 0.8918, Val 0.8917, Test 0.8905
Epoch 91: Loss:            : Train 0.2656, Val 0.2643, Test 0.2554
          Accuracy         : Train 0.8909, Val 0.8924, Test 0.8924
Best:
          Accuracy         : Train 0.8909, Val 0.8924, Test 0.8924
Epoch 92: Loss:            : Train 0.2670, Val 0.2656, Test 0.2546
          Accuracy         : Train 0.8920, Val 0.8932, Test 0.8919
Best:
          Accuracy         : Train 0.8920, Val 0.8932, Test 0.8919
Epoch 93: Loss:            : Train 0.2637, Val 0.2652, Test 0.2570
          Accuracy         : Train 0.8913, Val 0.8904, Test 0.8912
Best:
          Accuracy         : Train 0.8920, Val 0.8932, Test 0.8919
Epoch 94: Loss:            : Train 0.2671, Val 0.2719, Test 0.2641
          Accuracy         : Train 0.8905, Val 0.8882, Test 0.8864
Best:
          Accuracy         : Train 0.8920, Val 0.8932, Test 0.8919
Epoch 95: Loss:            : Train 0.2663, Val 0.2732, Test 0.2641
          Accuracy         : Train 0.8905, Val 0.8907, Test 0.8876
Best:
          Accuracy         : Train 0.8920, Val 0.8932, Test 0.8919
Epoch 96: Loss:            : Train 0.2702, Val 0.3094, Test 0.2999
          Accuracy         : Train 0.8906, Val 0.8701, Test 0.8693
Best:
          Accuracy         : Train 0.8920, Val 0.8932, Test 0.8919
Epoch 97: Loss:            : Train 0.2759, Val 0.2679, Test 0.2600
          Accuracy         : Train 0.8842, Val 0.8899, Test 0.8900
Best:
          Accuracy         : Train 0.8920, Val 0.8932, Test 0.8919
Epoch 98: Loss:            : Train 0.2607, Val 0.2643, Test 0.2546
          Accuracy         : Train 0.8933, Val 0.8909, Test 0.8915
Best:
          Accuracy         : Train 0.8920, Val 0.8932, Test 0.8919
Epoch 99: Loss:            : Train 0.2645, Val 0.2642, Test 0.2544
          Accuracy         : Train 0.8923, Val 0.8923, Test 0.8918
Best:
          Accuracy         : Train 0.8920, Val 0.8932, Test 0.8919
Epoch 100: Loss:            : Train 0.2593, Val 0.2659, Test 0.2559
          Accuracy         : Train 0.8932, Val 0.8940, Test 0.8922
Best:
          Accuracy         : Train 0.8932, Val 0.8940, Test 0.8922
Epoch 101: Loss:            : Train 0.2618, Val 0.2647, Test 0.2539
          Accuracy         : Train 0.8928, Val 0.8919, Test 0.8931
Best:
          Accuracy         : Train 0.8932, Val 0.8940, Test 0.8922
Epoch 102: Loss:            : Train 0.2576, Val 0.2630, Test 0.2524
          Accuracy         : Train 0.8937, Val 0.8930, Test 0.8934
Best:
          Accuracy         : Train 0.8932, Val 0.8940, Test 0.8922
Epoch 103: Loss:            : Train 0.2575, Val 0.2616, Test 0.2521
          Accuracy         : Train 0.8951, Val 0.8929, Test 0.8939
Best:
          Accuracy         : Train 0.8932, Val 0.8940, Test 0.8922
Epoch 104: Loss:            : Train 0.2664, Val 0.2651, Test 0.2556
          Accuracy         : Train 0.8933, Val 0.8905, Test 0.8916
Best:
          Accuracy         : Train 0.8932, Val 0.8940, Test 0.8922
Epoch 105: Loss:            : Train 0.2605, Val 0.2640, Test 0.2554
          Accuracy         : Train 0.8939, Val 0.8931, Test 0.8906
Best:
          Accuracy         : Train 0.8932, Val 0.8940, Test 0.8922
Epoch 106: Loss:            : Train 0.2594, Val 0.2635, Test 0.2522
          Accuracy         : Train 0.8940, Val 0.8925, Test 0.8937
Best:
          Accuracy         : Train 0.8932, Val 0.8940, Test 0.8922
Epoch 107: Loss:            : Train 0.2587, Val 0.2686, Test 0.2602
          Accuracy         : Train 0.8941, Val 0.8910, Test 0.8906
Best:
          Accuracy         : Train 0.8932, Val 0.8940, Test 0.8922
Epoch 108: Loss:            : Train 0.2600, Val 0.2603, Test 0.2513
          Accuracy         : Train 0.8931, Val 0.8930, Test 0.8941
Best:
          Accuracy         : Train 0.8932, Val 0.8940, Test 0.8922
Epoch 109: Loss:            : Train 0.2573, Val 0.2646, Test 0.2563
          Accuracy         : Train 0.8948, Val 0.8918, Test 0.8909
Best:
          Accuracy         : Train 0.8932, Val 0.8940, Test 0.8922
Epoch 110: Loss:            : Train 0.2576, Val 0.2645, Test 0.2556
          Accuracy         : Train 0.8945, Val 0.8924, Test 0.8908
Best:
          Accuracy         : Train 0.8932, Val 0.8940, Test 0.8922
Epoch 111: Loss:            : Train 0.2595, Val 0.2630, Test 0.2540
          Accuracy         : Train 0.8942, Val 0.8924, Test 0.8916
Best:
          Accuracy         : Train 0.8932, Val 0.8940, Test 0.8922
Epoch 112: Loss:            : Train 0.2603, Val 0.2613, Test 0.2535
          Accuracy         : Train 0.8951, Val 0.8937, Test 0.8927
Best:
          Accuracy         : Train 0.8932, Val 0.8940, Test 0.8922
Epoch 113: Loss:            : Train 0.2571, Val 0.2602, Test 0.2531
          Accuracy         : Train 0.8947, Val 0.8933, Test 0.8931
Best:
          Accuracy         : Train 0.8932, Val 0.8940, Test 0.8922
Epoch 114: Loss:            : Train 0.2656, Val 0.2600, Test 0.2503
          Accuracy         : Train 0.8923, Val 0.8934, Test 0.8934
Best:
          Accuracy         : Train 0.8932, Val 0.8940, Test 0.8922
Epoch 115: Loss:            : Train 0.2608, Val 0.2646, Test 0.2525
          Accuracy         : Train 0.8947, Val 0.8901, Test 0.8943
Best:
          Accuracy         : Train 0.8932, Val 0.8940, Test 0.8922
Epoch 116: Loss:            : Train 0.2565, Val 0.2634, Test 0.2521
          Accuracy         : Train 0.8947, Val 0.8912, Test 0.8932
Best:
          Accuracy         : Train 0.8932, Val 0.8940, Test 0.8922
Epoch 117: Loss:            : Train 0.2579, Val 0.2684, Test 0.2564
          Accuracy         : Train 0.8951, Val 0.8906, Test 0.8923
Best:
          Accuracy         : Train 0.8932, Val 0.8940, Test 0.8922
Epoch 118: Loss:            : Train 0.2632, Val 0.2641, Test 0.2550
          Accuracy         : Train 0.8921, Val 0.8921, Test 0.8935
Best:
          Accuracy         : Train 0.8932, Val 0.8940, Test 0.8922
Epoch 119: Loss:            : Train 0.2589, Val 0.2648, Test 0.2564
          Accuracy         : Train 0.8942, Val 0.8934, Test 0.8917
Best:
          Accuracy         : Train 0.8932, Val 0.8940, Test 0.8922
Epoch 120: Loss:            : Train 0.2610, Val 0.2661, Test 0.2535
          Accuracy         : Train 0.8931, Val 0.8902, Test 0.8933
Best:
          Accuracy         : Train 0.8932, Val 0.8940, Test 0.8922
Epoch 121: Loss:            : Train 0.2600, Val 0.2620, Test 0.2528
          Accuracy         : Train 0.8935, Val 0.8919, Test 0.8922
Best:
          Accuracy         : Train 0.8932, Val 0.8940, Test 0.8922
Epoch 122: Loss:            : Train 0.2664, Val 0.2988, Test 0.2909
          Accuracy         : Train 0.8900, Val 0.8730, Test 0.8738
Best:
          Accuracy         : Train 0.8932, Val 0.8940, Test 0.8922
Epoch 123: Loss:            : Train 0.2640, Val 0.2649, Test 0.2557
          Accuracy         : Train 0.8921, Val 0.8896, Test 0.8903
Best:
          Accuracy         : Train 0.8932, Val 0.8940, Test 0.8922
Epoch 124: Loss:            : Train 0.2573, Val 0.2625, Test 0.2547
          Accuracy         : Train 0.8952, Val 0.8904, Test 0.8920
Best:
          Accuracy         : Train 0.8932, Val 0.8940, Test 0.8922
Epoch 125: Loss:            : Train 0.2569, Val 0.2586, Test 0.2487
          Accuracy         : Train 0.8950, Val 0.8947, Test 0.8959
Best:
          Accuracy         : Train 0.8950, Val 0.8947, Test 0.8959
Epoch 126: Loss:            : Train 0.2600, Val 0.2642, Test 0.2544
          Accuracy         : Train 0.8938, Val 0.8915, Test 0.8927
Best:
          Accuracy         : Train 0.8950, Val 0.8947, Test 0.8959
Epoch 127: Loss:            : Train 0.2549, Val 0.2603, Test 0.2517
          Accuracy         : Train 0.8960, Val 0.8935, Test 0.8939
Best:
          Accuracy         : Train 0.8950, Val 0.8947, Test 0.8959
Epoch 128: Loss:            : Train 0.2575, Val 0.2571, Test 0.2485
          Accuracy         : Train 0.8966, Val 0.8941, Test 0.8957
Best:
          Accuracy         : Train 0.8950, Val 0.8947, Test 0.8959
Epoch 129: Loss:            : Train 0.2527, Val 0.2610, Test 0.2511
          Accuracy         : Train 0.8969, Val 0.8910, Test 0.8943
Best:
          Accuracy         : Train 0.8950, Val 0.8947, Test 0.8959
Epoch 130: Loss:            : Train 0.2547, Val 0.2647, Test 0.2529
          Accuracy         : Train 0.8960, Val 0.8921, Test 0.8919
Best:
          Accuracy         : Train 0.8950, Val 0.8947, Test 0.8959
Epoch 131: Loss:            : Train 0.2573, Val 0.2645, Test 0.2542
          Accuracy         : Train 0.8948, Val 0.8904, Test 0.8906
Best:
          Accuracy         : Train 0.8950, Val 0.8947, Test 0.8959
Epoch 132: Loss:            : Train 0.2553, Val 0.2566, Test 0.2481
          Accuracy         : Train 0.8953, Val 0.8960, Test 0.8957
Best:
          Accuracy         : Train 0.8953, Val 0.8960, Test 0.8957
Epoch 133: Loss:            : Train 0.2588, Val 0.2646, Test 0.2523
          Accuracy         : Train 0.8945, Val 0.8915, Test 0.8951
Best:
          Accuracy         : Train 0.8953, Val 0.8960, Test 0.8957
Epoch 134: Loss:            : Train 0.2604, Val 0.2591, Test 0.2484
          Accuracy         : Train 0.8933, Val 0.8939, Test 0.8958
Best:
          Accuracy         : Train 0.8953, Val 0.8960, Test 0.8957
Epoch 135: Loss:            : Train 0.2546, Val 0.2652, Test 0.2542
          Accuracy         : Train 0.8956, Val 0.8918, Test 0.8933
Best:
          Accuracy         : Train 0.8953, Val 0.8960, Test 0.8957
Epoch 136: Loss:            : Train 0.2544, Val 0.2563, Test 0.2488
          Accuracy         : Train 0.8964, Val 0.8950, Test 0.8953
Best:
          Accuracy         : Train 0.8953, Val 0.8960, Test 0.8957
Epoch 137: Loss:            : Train 0.2556, Val 0.2634, Test 0.2543
          Accuracy         : Train 0.8959, Val 0.8902, Test 0.8905
Best:
          Accuracy         : Train 0.8953, Val 0.8960, Test 0.8957
Epoch 138: Loss:            : Train 0.2576, Val 0.2572, Test 0.2481
          Accuracy         : Train 0.8947, Val 0.8931, Test 0.8954
Best:
          Accuracy         : Train 0.8953, Val 0.8960, Test 0.8957
Epoch 139: Loss:            : Train 0.2559, Val 0.2624, Test 0.2508
          Accuracy         : Train 0.8952, Val 0.8930, Test 0.8957
Best:
          Accuracy         : Train 0.8953, Val 0.8960, Test 0.8957
Epoch 140: Loss:            : Train 0.2625, Val 0.2551, Test 0.2461
          Accuracy         : Train 0.8944, Val 0.8965, Test 0.8967
Best:
          Accuracy         : Train 0.8944, Val 0.8965, Test 0.8967
Epoch 141: Loss:            : Train 0.2528, Val 0.2582, Test 0.2478
          Accuracy         : Train 0.8973, Val 0.8950, Test 0.8967
Best:
          Accuracy         : Train 0.8944, Val 0.8965, Test 0.8967
Epoch 142: Loss:            : Train 0.2507, Val 0.2565, Test 0.2469
          Accuracy         : Train 0.8979, Val 0.8946, Test 0.8960
Best:
          Accuracy         : Train 0.8944, Val 0.8965, Test 0.8967
Epoch 143: Loss:            : Train 0.2524, Val 0.2553, Test 0.2454
          Accuracy         : Train 0.8977, Val 0.8948, Test 0.8959
Best:
          Accuracy         : Train 0.8944, Val 0.8965, Test 0.8967
Epoch 144: Loss:            : Train 0.2507, Val 0.2577, Test 0.2473
          Accuracy         : Train 0.8977, Val 0.8950, Test 0.8958
Best:
          Accuracy         : Train 0.8944, Val 0.8965, Test 0.8967
Epoch 145: Loss:            : Train 0.2530, Val 0.2548, Test 0.2468
          Accuracy         : Train 0.8977, Val 0.8964, Test 0.8961
Best:
          Accuracy         : Train 0.8944, Val 0.8965, Test 0.8967
Epoch 146: Loss:            : Train 0.2539, Val 0.2552, Test 0.2463
          Accuracy         : Train 0.8978, Val 0.8964, Test 0.8972
Best:
          Accuracy         : Train 0.8944, Val 0.8965, Test 0.8967
Epoch 147: Loss:            : Train 0.2542, Val 0.2582, Test 0.2501
          Accuracy         : Train 0.8964, Val 0.8933, Test 0.8939
Best:
          Accuracy         : Train 0.8944, Val 0.8965, Test 0.8967
Epoch 148: Loss:            : Train 0.2603, Val 0.2712, Test 0.2601
          Accuracy         : Train 0.8938, Val 0.8880, Test 0.8896
Best:
          Accuracy         : Train 0.8944, Val 0.8965, Test 0.8967
Epoch 149: Loss:            : Train 0.2568, Val 0.2644, Test 0.2543
          Accuracy         : Train 0.8963, Val 0.8941, Test 0.8948
Best:
          Accuracy         : Train 0.8944, Val 0.8965, Test 0.8967
Epoch 150: Loss:            : Train 0.2546, Val 0.2571, Test 0.2476
          Accuracy         : Train 0.8962, Val 0.8946, Test 0.8950
Best:
          Accuracy         : Train 0.8944, Val 0.8965, Test 0.8967
Epoch 151: Loss:            : Train 0.2510, Val 0.2531, Test 0.2437
          Accuracy         : Train 0.8974, Val 0.8973, Test 0.8981
Best:
          Accuracy         : Train 0.8974, Val 0.8973, Test 0.8981
Epoch 152: Loss:            : Train 0.2491, Val 0.2614, Test 0.2528
          Accuracy         : Train 0.8984, Val 0.8931, Test 0.8952
Best:
          Accuracy         : Train 0.8974, Val 0.8973, Test 0.8981
Epoch 153: Loss:            : Train 0.2561, Val 0.2642, Test 0.2560
          Accuracy         : Train 0.8964, Val 0.8919, Test 0.8940
Best:
          Accuracy         : Train 0.8974, Val 0.8973, Test 0.8981
Epoch 154: Loss:            : Train 0.2565, Val 0.2621, Test 0.2499
          Accuracy         : Train 0.8973, Val 0.8937, Test 0.8947
Best:
          Accuracy         : Train 0.8974, Val 0.8973, Test 0.8981
Epoch 155: Loss:            : Train 0.2500, Val 0.2537, Test 0.2454
          Accuracy         : Train 0.8975, Val 0.8954, Test 0.8971
Best:
          Accuracy         : Train 0.8974, Val 0.8973, Test 0.8981
Epoch 156: Loss:            : Train 0.2526, Val 0.2567, Test 0.2450
          Accuracy         : Train 0.8990, Val 0.8954, Test 0.8968
Best:
          Accuracy         : Train 0.8974, Val 0.8973, Test 0.8981
Epoch 157: Loss:            : Train 0.2533, Val 0.2660, Test 0.2574
          Accuracy         : Train 0.8971, Val 0.8914, Test 0.8932
Best:
          Accuracy         : Train 0.8974, Val 0.8973, Test 0.8981
Epoch 158: Loss:            : Train 0.2518, Val 0.2571, Test 0.2454
          Accuracy         : Train 0.8982, Val 0.8957, Test 0.8974
Best:
          Accuracy         : Train 0.8974, Val 0.8973, Test 0.8981
Epoch 159: Loss:            : Train 0.2516, Val 0.2557, Test 0.2485
          Accuracy         : Train 0.8981, Val 0.8957, Test 0.8943
Best:
          Accuracy         : Train 0.8974, Val 0.8973, Test 0.8981
Epoch 160: Loss:            : Train 0.2519, Val 0.2561, Test 0.2469
          Accuracy         : Train 0.8980, Val 0.8951, Test 0.8959
Best:
          Accuracy         : Train 0.8974, Val 0.8973, Test 0.8981
Epoch 161: Loss:            : Train 0.2518, Val 0.2586, Test 0.2466
          Accuracy         : Train 0.8983, Val 0.8945, Test 0.8972
Best:
          Accuracy         : Train 0.8974, Val 0.8973, Test 0.8981
Epoch 162: Loss:            : Train 0.2486, Val 0.2556, Test 0.2487
          Accuracy         : Train 0.8987, Val 0.8971, Test 0.8961
Best:
          Accuracy         : Train 0.8974, Val 0.8973, Test 0.8981
Epoch 163: Loss:            : Train 0.2520, Val 0.2546, Test 0.2461
          Accuracy         : Train 0.8980, Val 0.8971, Test 0.8974
Best:
          Accuracy         : Train 0.8974, Val 0.8973, Test 0.8981
Epoch 164: Loss:            : Train 0.2490, Val 0.2585, Test 0.2450
          Accuracy         : Train 0.8998, Val 0.8941, Test 0.8969
Best:
          Accuracy         : Train 0.8974, Val 0.8973, Test 0.8981
Epoch 165: Loss:            : Train 0.2484, Val 0.2590, Test 0.2500
          Accuracy         : Train 0.8999, Val 0.8954, Test 0.8958
Best:
          Accuracy         : Train 0.8974, Val 0.8973, Test 0.8981
Epoch 166: Loss:            : Train 0.2519, Val 0.2544, Test 0.2440
          Accuracy         : Train 0.8978, Val 0.8956, Test 0.8970
Best:
          Accuracy         : Train 0.8974, Val 0.8973, Test 0.8981
Epoch 167: Loss:            : Train 0.2508, Val 0.2542, Test 0.2436
          Accuracy         : Train 0.8985, Val 0.8952, Test 0.8976
Best:
          Accuracy         : Train 0.8974, Val 0.8973, Test 0.8981
Epoch 168: Loss:            : Train 0.2497, Val 0.2589, Test 0.2470
          Accuracy         : Train 0.8986, Val 0.8952, Test 0.8955
Best:
          Accuracy         : Train 0.8974, Val 0.8973, Test 0.8981
Epoch 169: Loss:            : Train 0.2548, Val 0.2539, Test 0.2449
          Accuracy         : Train 0.8990, Val 0.8971, Test 0.8978
Best:
          Accuracy         : Train 0.8974, Val 0.8973, Test 0.8981
Epoch 170: Loss:            : Train 0.2487, Val 0.2624, Test 0.2509
          Accuracy         : Train 0.9004, Val 0.8910, Test 0.8929
Best:
          Accuracy         : Train 0.8974, Val 0.8973, Test 0.8981
Epoch 171: Loss:            : Train 0.2572, Val 0.2615, Test 0.2535
          Accuracy         : Train 0.8966, Val 0.8934, Test 0.8929
Best:
          Accuracy         : Train 0.8974, Val 0.8973, Test 0.8981
Epoch 172: Loss:            : Train 0.2484, Val 0.2514, Test 0.2413
          Accuracy         : Train 0.9003, Val 0.8985, Test 0.8989
Best:
          Accuracy         : Train 0.9003, Val 0.8985, Test 0.8989
Epoch 173: Loss:            : Train 0.2471, Val 0.2548, Test 0.2442
          Accuracy         : Train 0.8999, Val 0.8976, Test 0.8978
Best:
          Accuracy         : Train 0.9003, Val 0.8985, Test 0.8989
Epoch 174: Loss:            : Train 0.2485, Val 0.2508, Test 0.2409
          Accuracy         : Train 0.8991, Val 0.8978, Test 0.8996
Best:
          Accuracy         : Train 0.9003, Val 0.8985, Test 0.8989
Epoch 175: Loss:            : Train 0.2486, Val 0.2526, Test 0.2406
          Accuracy         : Train 0.8991, Val 0.8954, Test 0.8990
Best:
          Accuracy         : Train 0.9003, Val 0.8985, Test 0.8989
Epoch 176: Loss:            : Train 0.2517, Val 0.2638, Test 0.2547
          Accuracy         : Train 0.8996, Val 0.8945, Test 0.8944
Best:
          Accuracy         : Train 0.9003, Val 0.8985, Test 0.8989
Epoch 177: Loss:            : Train 0.2485, Val 0.2534, Test 0.2453
          Accuracy         : Train 0.8991, Val 0.8961, Test 0.8969
Best:
          Accuracy         : Train 0.9003, Val 0.8985, Test 0.8989
Epoch 178: Loss:            : Train 0.2477, Val 0.2526, Test 0.2443
          Accuracy         : Train 0.9006, Val 0.8959, Test 0.8970
Best:
          Accuracy         : Train 0.9003, Val 0.8985, Test 0.8989
Epoch 179: Loss:            : Train 0.2511, Val 0.2531, Test 0.2432
          Accuracy         : Train 0.8984, Val 0.8977, Test 0.8980
Best:
          Accuracy         : Train 0.9003, Val 0.8985, Test 0.8989
Epoch 180: Loss:            : Train 0.2460, Val 0.2521, Test 0.2415
          Accuracy         : Train 0.9006, Val 0.8976, Test 0.8985
Best:
          Accuracy         : Train 0.9003, Val 0.8985, Test 0.8989
Epoch 181: Loss:            : Train 0.2479, Val 0.2531, Test 0.2420
          Accuracy         : Train 0.8996, Val 0.8966, Test 0.8988
Best:
          Accuracy         : Train 0.9003, Val 0.8985, Test 0.8989
Epoch 182: Loss:            : Train 0.2477, Val 0.2515, Test 0.2422
          Accuracy         : Train 0.8996, Val 0.8976, Test 0.8990
Best:
          Accuracy         : Train 0.9003, Val 0.8985, Test 0.8989
Epoch 183: Loss:            : Train 0.2449, Val 0.2511, Test 0.2412
          Accuracy         : Train 0.9011, Val 0.8980, Test 0.9000
Best:
          Accuracy         : Train 0.9003, Val 0.8985, Test 0.8989
Epoch 184: Loss:            : Train 0.2452, Val 0.2508, Test 0.2402
          Accuracy         : Train 0.9011, Val 0.8990, Test 0.9002
Best:
          Accuracy         : Train 0.9011, Val 0.8990, Test 0.9002
Epoch 185: Loss:            : Train 0.2493, Val 0.2525, Test 0.2459
          Accuracy         : Train 0.8994, Val 0.8968, Test 0.8959
Best:
          Accuracy         : Train 0.9011, Val 0.8990, Test 0.9002
Epoch 186: Loss:            : Train 0.2476, Val 0.2529, Test 0.2386
          Accuracy         : Train 0.9005, Val 0.8966, Test 0.9001
Best:
          Accuracy         : Train 0.9011, Val 0.8990, Test 0.9002
Epoch 187: Loss:            : Train 0.2480, Val 0.2530, Test 0.2431
          Accuracy         : Train 0.9009, Val 0.8974, Test 0.8972
Best:
          Accuracy         : Train 0.9011, Val 0.8990, Test 0.9002
Epoch 188: Loss:            : Train 0.2454, Val 0.2502, Test 0.2404
          Accuracy         : Train 0.9012, Val 0.8987, Test 0.8979
Best:
          Accuracy         : Train 0.9011, Val 0.8990, Test 0.9002
Epoch 189: Loss:            : Train 0.2484, Val 0.2546, Test 0.2438
          Accuracy         : Train 0.9011, Val 0.8947, Test 0.8974
Best:
          Accuracy         : Train 0.9011, Val 0.8990, Test 0.9002
Epoch 190: Loss:            : Train 0.2466, Val 0.2562, Test 0.2457
          Accuracy         : Train 0.8997, Val 0.8954, Test 0.8969
Best:
          Accuracy         : Train 0.9011, Val 0.8990, Test 0.9002
Epoch 191: Loss:            : Train 0.2564, Val 0.2532, Test 0.2411
          Accuracy         : Train 0.9011, Val 0.8951, Test 0.8984
Best:
          Accuracy         : Train 0.9011, Val 0.8990, Test 0.9002
Epoch 192: Loss:            : Train 0.2466, Val 0.2604, Test 0.2481
          Accuracy         : Train 0.9005, Val 0.8922, Test 0.8952
Best:
          Accuracy         : Train 0.9011, Val 0.8990, Test 0.9002
Epoch 193: Loss:            : Train 0.2460, Val 0.2605, Test 0.2473
          Accuracy         : Train 0.9009, Val 0.8954, Test 0.8976
Best:
          Accuracy         : Train 0.9011, Val 0.8990, Test 0.9002
Epoch 194: Loss:            : Train 0.2498, Val 0.2666, Test 0.2564
          Accuracy         : Train 0.8991, Val 0.8879, Test 0.8901
Best:
          Accuracy         : Train 0.9011, Val 0.8990, Test 0.9002
Epoch 195: Loss:            : Train 0.2466, Val 0.2512, Test 0.2413
          Accuracy         : Train 0.9001, Val 0.8988, Test 0.8984
Best:
          Accuracy         : Train 0.9011, Val 0.8990, Test 0.9002
Epoch 196: Loss:            : Train 0.3458, Val 0.5504, Test 0.6147
          Accuracy         : Train 0.9005, Val 0.8942, Test 0.8942
Best:
          Accuracy         : Train 0.9011, Val 0.8990, Test 0.9002
Epoch 197: Loss:            : Train 0.5730, Val 0.5546, Test 0.6161
          Accuracy         : Train 0.8984, Val 0.8926, Test 0.8924
Best:
          Accuracy         : Train 0.9011, Val 0.8990, Test 0.9002
Epoch 198: Loss:            : Train 0.5820, Val 0.5536, Test 0.6147
          Accuracy         : Train 0.8981, Val 0.8937, Test 0.8955
Best:
          Accuracy         : Train 0.9011, Val 0.8990, Test 0.9002
Epoch 199: Loss:            : Train 0.5869, Val 0.5511, Test 0.6124
          Accuracy         : Train 0.8976, Val 0.8944, Test 0.8951
Best:
          Accuracy         : Train 0.9011, Val 0.8990, Test 0.9002
Epoch 200: Loss:            : Train 0.5800, Val 0.5515, Test 0.6122
          Accuracy         : Train 0.8973, Val 0.8951, Test 0.8962
Best:
          Accuracy         : Train 0.9011, Val 0.8990, Test 0.9002
Training time (sec): 353
