Loading parties from cache
Loading data from cache
Done
Calculating noise scale
Adding noise of scale 0.0 to sim_scores
Adding noise of scale 0.0 to sim_scores
Adding noise of scale 0.0 to sim_scores
Preparing time (sec): 5
Initializing dataloader
Done
Prepare for training
Start training
SplitNN summary
==========================================================================================
Layer (type:depth-idx)                   Output Shape              Param #
==========================================================================================
SplitNN                                  --                        --
├─MLP: 1                                 --                        --
│    └─ModuleList: 2-1                   --                        --
├─ModuleList: 1-1                        --                        --
│    └─MLP: 2                            --                        --
│    │    └─ModuleList: 3-1              --                        6,150
│    └─MLP: 2                            --                        --
│    │    └─ModuleList: 3-2              --                        6,150
│    └─MLP: 2-2                          [64, 50]                  --
│    └─MLP: 2-3                          [64, 50]                  --
├─MLP: 1-2                               [64, 3]                   --
│    └─ModuleList: 2-1                   --                        --
│    │    └─Linear: 3-3                  [64, 100]                 10,100
│    │    └─Linear: 3-4                  [64, 3]                   303
==========================================================================================
Total params: 22,703
Trainable params: 22,703
Non-trainable params: 0
Total mult-adds (M): 1.45
==========================================================================================
Input size (MB): 0.01
Forward/backward pass size (MB): 0.21
Params size (MB): 0.09
Estimated Total Size (MB): 0.30
==========================================================================================
Merge model summary
==========================================================================================
Layer (type:depth-idx)                   Output Shape              Param #
==========================================================================================
ConvModel                                --                        --
├─Conv2d: 1-1                            [1, 4, 106, 3]            32
├─Dropout: 1-2                           [1, 1272]                 --
├─Linear: 1-3                            [1, 400]                  509,200
├─Dropout: 1-4                           [1, 400]                  --
├─Linear: 1-5                            [1, 1]                    401
==========================================================================================
Total params: 509,633
Trainable params: 509,633
Non-trainable params: 0
Total mult-adds (M): 0.52
==========================================================================================
Input size (MB): 0.00
Forward/backward pass size (MB): 0.01
Params size (MB): 2.04
Estimated Total Size (MB): 2.05
==========================================================================================
Similarity model summary
==========================================================================================
Layer (type:depth-idx)                   Output Shape              Param #
==========================================================================================
MLP                                      --                        --
├─ModuleList: 1-1                        --                        --
│    └─Linear: 2-1                       [1, 10]                   20
│    └─Linear: 2-2                       [1, 1]                    11
==========================================================================================
Total params: 31
Trainable params: 31
Non-trainable params: 0
Total mult-adds (M): 0.00
==========================================================================================
Input size (MB): 0.00
Forward/backward pass size (MB): 0.00
Params size (MB): 0.00
Estimated Total Size (MB): 0.00
==========================================================================================
n_classes=2
task=binary_cls
model_name=boone_fedsim_noise_0.1_2022-02-02-18-13-13
sche_threshold=0.0001
sche_patience=10
sche_factor=0.1
use_scheduler=False
num_workers=4
device=cuda:2
test_batch_size=4096
train_batch_size=64
learning_rate=0.001
weight_decay=1e-05
num_epochs=50
model_save_path=ckp/boone_fedsim_noise_0.1_2022-02-02-18-13-13.pth
test_rate=0.2
val_rate=0.1
multiprocess_context=fork
metrics=['accuracy']
metrics_f=[<metric.accuracy.Accuracy object at 0x7f8612859af0>]
hidden_sizes=[100, 100]
model=SplitNN(
  (agg_model): MLP(
    (fc_layers): ModuleList(
      (0): Linear(in_features=100, out_features=100, bias=True)
      (1): Linear(in_features=100, out_features=3, bias=True)
    )
  )
  (local_models): ModuleList(
    (0): MLP(
      (fc_layers): ModuleList(
        (0): Linear(in_features=10, out_features=100, bias=True)
        (1): Linear(in_features=100, out_features=50, bias=True)
      )
    )
    (1): MLP(
      (fc_layers): ModuleList(
        (0): Linear(in_features=10, out_features=100, bias=True)
        (1): Linear(in_features=100, out_features=50, bias=True)
      )
    )
  )
)
writer=<torch.utils.tensorboard.writer.SummaryWriter object at 0x7f8612859b80>
dataset_type=syn
drop_key=True
num_common_features=30
tree_radius=2
tree_leaf_size=1000
knn_k=100
grid_min=-10.0
grid_max=10.0
grid_width=1.5
sim_scaler=StandardScaler()
filter_top_k=None
link_n_jobs=1
psig_p=7
sim_leak_p=1.0
link_threshold_t=0.1
link_epsilon=0.1
n_hash_lsh=20
edit_distance_threshold=1
n_hash_func=10
collision_rate=0.05
qgram_q=2
link_delta=0.1
feature_wise_sim=False
blocking_method=knn
center_threshold=0.5
n_clusters=100
local_hidden_sizes=[[100], [100]]
cut_dims=[50, 50]
agg_hidden_sizes=[100]
scale_analysis=None
mlp_merge=None
use_sim=True
use_conv=True
conv_kernel_v_size=7
conv_n_channels=4
merge_dropout_p=0.7
raw_output_dim=3
log_dir=log/boone_fedsim_noise_0.1_2022-02-02-18-13-13/
update_sim_freq=1
sim_model_save_path=ckp/boone_fedsim_noise_0.1_2022-02-02-18-13-13_sim.pth
merge_model_save_path=ckp/boone_fedsim_noise_0.1_2022-02-02-18-13-13_merge.pth
sim_batch_size=128
sim_weight_decay=1e-05
sim_learning_rate=0.001
merge_model=ConvModel(
  (conv1): Conv2d(1, 4, kernel_size=(7, 1), stride=(1, 1), padding=(6, 0))
  (fc1): Linear(in_features=1272, out_features=400, bias=True)
  (fc2): Linear(in_features=400, out_features=1, bias=True)
  (dropout1): Dropout(p=0.7, inplace=False)
  (dropout2): Dropout(p=0.7, inplace=False)
)
sim_model=MLP(
  (fc_layers): ModuleList(
    (0): Linear(in_features=1, out_features=10, bias=True)
    (1): Linear(in_features=10, out_features=1, bias=True)
  )
)
sim_hidden_sizes=[10]
merge_hidden_sizes=[400]
data1_shape=(130064, 40)
data2_shape=(130064, 40)
Epoch 1: Loss:            : Train 0.3845, Val 0.2775, Test 0.2726
          Accuracy         : Train 0.8215, Val 0.8817, Test 0.8867
Best:
          Accuracy         : Train 0.8215, Val 0.8817, Test 0.8867
Epoch 2: Loss:            : Train 0.2571, Val 0.2441, Test 0.2396
          Accuracy         : Train 0.8933, Val 0.8958, Test 0.8981
Best:
          Accuracy         : Train 0.8933, Val 0.8958, Test 0.8981
Epoch 3: Loss:            : Train 0.2415, Val 0.2532, Test 0.2383
          Accuracy         : Train 0.9013, Val 0.8994, Test 0.9017
Best:
          Accuracy         : Train 0.9013, Val 0.8994, Test 0.9017
Epoch 4: Loss:            : Train 0.2322, Val 0.2328, Test 0.2242
          Accuracy         : Train 0.9051, Val 0.9036, Test 0.9062
Best:
          Accuracy         : Train 0.9051, Val 0.9036, Test 0.9062
Epoch 5: Loss:            : Train 0.2229, Val 0.2187, Test 0.2133
          Accuracy         : Train 0.9099, Val 0.9110, Test 0.9112
Best:
          Accuracy         : Train 0.9099, Val 0.9110, Test 0.9112
Epoch 6: Loss:            : Train 0.2167, Val 0.2200, Test 0.2113
          Accuracy         : Train 0.9125, Val 0.9112, Test 0.9139
Best:
          Accuracy         : Train 0.9125, Val 0.9112, Test 0.9139
Epoch 7: Loss:            : Train 0.2135, Val 0.2359, Test 0.2205
          Accuracy         : Train 0.9139, Val 0.9068, Test 0.9117
Best:
          Accuracy         : Train 0.9125, Val 0.9112, Test 0.9139
Epoch 8: Loss:            : Train 0.2103, Val 0.2208, Test 0.2092
          Accuracy         : Train 0.9150, Val 0.9139, Test 0.9163
Best:
          Accuracy         : Train 0.9150, Val 0.9139, Test 0.9163
Epoch 9: Loss:            : Train 0.2083, Val 0.2381, Test 0.2246
          Accuracy         : Train 0.9172, Val 0.9071, Test 0.9105
Best:
          Accuracy         : Train 0.9150, Val 0.9139, Test 0.9163
Epoch 10: Loss:            : Train 0.2055, Val 0.2083, Test 0.2003
          Accuracy         : Train 0.9176, Val 0.9163, Test 0.9195
Best:
          Accuracy         : Train 0.9176, Val 0.9163, Test 0.9195
Epoch 11: Loss:            : Train 0.2040, Val 0.2094, Test 0.2004
          Accuracy         : Train 0.9178, Val 0.9185, Test 0.9211
Best:
          Accuracy         : Train 0.9178, Val 0.9185, Test 0.9211
Epoch 12: Loss:            : Train 0.2018, Val 0.2112, Test 0.2018
          Accuracy         : Train 0.9190, Val 0.9173, Test 0.9187
Best:
          Accuracy         : Train 0.9178, Val 0.9185, Test 0.9211
Epoch 13: Loss:            : Train 0.1998, Val 0.2148, Test 0.2034
          Accuracy         : Train 0.9195, Val 0.9130, Test 0.9172
Best:
          Accuracy         : Train 0.9178, Val 0.9185, Test 0.9211
Epoch 14: Loss:            : Train 0.1986, Val 0.2001, Test 0.2004
          Accuracy         : Train 0.9201, Val 0.9171, Test 0.9165
Best:
          Accuracy         : Train 0.9178, Val 0.9185, Test 0.9211
Epoch 15: Loss:            : Train 0.2011, Val 0.2040, Test 0.1951
          Accuracy         : Train 0.9200, Val 0.9179, Test 0.9197
Best:
          Accuracy         : Train 0.9178, Val 0.9185, Test 0.9211
Epoch 16: Loss:            : Train 0.1980, Val 0.1999, Test 0.1994
          Accuracy         : Train 0.9206, Val 0.9182, Test 0.9157
Best:
          Accuracy         : Train 0.9178, Val 0.9185, Test 0.9211
Epoch 17: Loss:            : Train 0.1961, Val 0.1933, Test 0.1916
          Accuracy         : Train 0.9214, Val 0.9227, Test 0.9219
Best:
          Accuracy         : Train 0.9214, Val 0.9227, Test 0.9219
Epoch 18: Loss:            : Train 0.1956, Val 0.1972, Test 0.1905
          Accuracy         : Train 0.9222, Val 0.9204, Test 0.9221
Best:
          Accuracy         : Train 0.9214, Val 0.9227, Test 0.9219
Epoch 19: Loss:            : Train 0.1939, Val 0.2068, Test 0.1962
          Accuracy         : Train 0.9214, Val 0.9160, Test 0.9202
Best:
          Accuracy         : Train 0.9214, Val 0.9227, Test 0.9219
Epoch 20: Loss:            : Train 0.1928, Val 0.2051, Test 0.1942
          Accuracy         : Train 0.9231, Val 0.9179, Test 0.9212
Best:
          Accuracy         : Train 0.9214, Val 0.9227, Test 0.9219
Epoch 21: Loss:            : Train 0.1919, Val 0.1939, Test 0.1920
          Accuracy         : Train 0.9231, Val 0.9219, Test 0.9216
Best:
          Accuracy         : Train 0.9214, Val 0.9227, Test 0.9219
Epoch 22: Loss:            : Train 0.1912, Val 0.1990, Test 0.1932
          Accuracy         : Train 0.9239, Val 0.9193, Test 0.9214
Best:
          Accuracy         : Train 0.9214, Val 0.9227, Test 0.9219
Epoch 23: Loss:            : Train 0.1914, Val 0.2021, Test 0.1922
          Accuracy         : Train 0.9233, Val 0.9174, Test 0.9199
Best:
          Accuracy         : Train 0.9214, Val 0.9227, Test 0.9219
Epoch 24: Loss:            : Train 0.1904, Val 0.1935, Test 0.1854
          Accuracy         : Train 0.9240, Val 0.9216, Test 0.9239
Best:
          Accuracy         : Train 0.9214, Val 0.9227, Test 0.9219
Epoch 25: Loss:            : Train 0.1880, Val 0.1966, Test 0.1875
          Accuracy         : Train 0.9248, Val 0.9210, Test 0.9241
Best:
          Accuracy         : Train 0.9214, Val 0.9227, Test 0.9219
Epoch 26: Loss:            : Train 0.1880, Val 0.1921, Test 0.1879
          Accuracy         : Train 0.9243, Val 0.9209, Test 0.9238
Best:
          Accuracy         : Train 0.9214, Val 0.9227, Test 0.9219
Epoch 27: Loss:            : Train 0.1876, Val 0.2119, Test 0.2000
          Accuracy         : Train 0.9258, Val 0.9133, Test 0.9189
Best:
          Accuracy         : Train 0.9214, Val 0.9227, Test 0.9219
Epoch 28: Loss:            : Train 0.1864, Val 0.1902, Test 0.1895
          Accuracy         : Train 0.9260, Val 0.9233, Test 0.9225
Best:
          Accuracy         : Train 0.9260, Val 0.9233, Test 0.9225
Epoch 29: Loss:            : Train 0.1863, Val 0.1961, Test 0.1875
          Accuracy         : Train 0.9256, Val 0.9204, Test 0.9222
Best:
          Accuracy         : Train 0.9260, Val 0.9233, Test 0.9225
Epoch 30: Loss:            : Train 0.1867, Val 0.2026, Test 0.1927
          Accuracy         : Train 0.9266, Val 0.9193, Test 0.9227
Best:
          Accuracy         : Train 0.9260, Val 0.9233, Test 0.9225
Epoch 31: Loss:            : Train 0.1860, Val 0.1918, Test 0.1847
          Accuracy         : Train 0.9262, Val 0.9233, Test 0.9252
Best:
          Accuracy         : Train 0.9260, Val 0.9233, Test 0.9225
Epoch 32: Loss:            : Train 0.1849, Val 0.1835, Test 0.1810
          Accuracy         : Train 0.9264, Val 0.9245, Test 0.9269
Best:
          Accuracy         : Train 0.9264, Val 0.9245, Test 0.9269
Epoch 33: Loss:            : Train 0.1841, Val 0.1914, Test 0.1861
          Accuracy         : Train 0.9265, Val 0.9223, Test 0.9235
Best:
          Accuracy         : Train 0.9264, Val 0.9245, Test 0.9269
Epoch 34: Loss:            : Train 0.1840, Val 0.1905, Test 0.1839
          Accuracy         : Train 0.9263, Val 0.9233, Test 0.9254
Best:
          Accuracy         : Train 0.9264, Val 0.9245, Test 0.9269
Epoch 35: Loss:            : Train 0.1831, Val 0.1849, Test 0.1812
          Accuracy         : Train 0.9275, Val 0.9257, Test 0.9262
Best:
          Accuracy         : Train 0.9275, Val 0.9257, Test 0.9262
Epoch 36: Loss:            : Train 0.1831, Val 0.1883, Test 0.1818
          Accuracy         : Train 0.9269, Val 0.9244, Test 0.9265
Best:
          Accuracy         : Train 0.9275, Val 0.9257, Test 0.9262
Epoch 37: Loss:            : Train 0.1823, Val 0.1867, Test 0.1815
          Accuracy         : Train 0.9276, Val 0.9229, Test 0.9259
Best:
          Accuracy         : Train 0.9275, Val 0.9257, Test 0.9262
Epoch 38: Loss:            : Train 0.1825, Val 0.1896, Test 0.1879
          Accuracy         : Train 0.9276, Val 0.9227, Test 0.9221
Best:
          Accuracy         : Train 0.9275, Val 0.9257, Test 0.9262
Epoch 39: Loss:            : Train 0.1812, Val 0.1880, Test 0.1794
          Accuracy         : Train 0.9284, Val 0.9231, Test 0.9283
Best:
          Accuracy         : Train 0.9275, Val 0.9257, Test 0.9262
Epoch 40: Loss:            : Train 0.1809, Val 0.1898, Test 0.1809
          Accuracy         : Train 0.9284, Val 0.9219, Test 0.9272
Best:
          Accuracy         : Train 0.9275, Val 0.9257, Test 0.9262
Epoch 41: Loss:            : Train 0.1808, Val 0.1887, Test 0.1799
          Accuracy         : Train 0.9282, Val 0.9244, Test 0.9270
Best:
          Accuracy         : Train 0.9275, Val 0.9257, Test 0.9262
Epoch 42: Loss:            : Train 0.1804, Val 0.1986, Test 0.1883
          Accuracy         : Train 0.9279, Val 0.9186, Test 0.9222
Best:
          Accuracy         : Train 0.9275, Val 0.9257, Test 0.9262
Epoch 43: Loss:            : Train 0.1799, Val 0.1913, Test 0.1834
          Accuracy         : Train 0.9275, Val 0.9226, Test 0.9258
Best:
          Accuracy         : Train 0.9275, Val 0.9257, Test 0.9262
Epoch 44: Loss:            : Train 0.1797, Val 0.1896, Test 0.1815
          Accuracy         : Train 0.9289, Val 0.9236, Test 0.9252
Best:
          Accuracy         : Train 0.9275, Val 0.9257, Test 0.9262
Epoch 45: Loss:            : Train 0.1792, Val 0.1903, Test 0.1827
          Accuracy         : Train 0.9287, Val 0.9227, Test 0.9250
Best:
          Accuracy         : Train 0.9275, Val 0.9257, Test 0.9262
Epoch 46: Loss:            : Train 0.1797, Val 0.1872, Test 0.1818
          Accuracy         : Train 0.9284, Val 0.9260, Test 0.9280
Best:
          Accuracy         : Train 0.9284, Val 0.9260, Test 0.9280
Epoch 47: Loss:            : Train 0.1787, Val 0.1907, Test 0.1826
          Accuracy         : Train 0.9295, Val 0.9234, Test 0.9270
Best:
          Accuracy         : Train 0.9284, Val 0.9260, Test 0.9280
Epoch 48: Loss:            : Train 0.1785, Val 0.1888, Test 0.1807
          Accuracy         : Train 0.9294, Val 0.9248, Test 0.9267
Best:
          Accuracy         : Train 0.9284, Val 0.9260, Test 0.9280
Epoch 49: Loss:            : Train 0.1781, Val 0.1903, Test 0.1804
          Accuracy         : Train 0.9291, Val 0.9230, Test 0.9272
Best:
          Accuracy         : Train 0.9284, Val 0.9260, Test 0.9280
Epoch 50: Loss:            : Train 0.1781, Val 0.1917, Test 0.1812
          Accuracy         : Train 0.9302, Val 0.9214, Test 0.9263
Best:
          Accuracy         : Train 0.9284, Val 0.9260, Test 0.9280
Training time (sec): 2383
