Loading parties from cache
Loading data from cache
Done
Calculating noise scale
Adding noise of scale 0.0 to sim_scores
Adding noise of scale 0.0 to sim_scores
Adding noise of scale 0.0 to sim_scores
Generating top1 dataset
Generating top1 dataset
Generating top1 dataset
Preparing time (sec): 6
Loading data
Prepare for training
Start training
================================================================================
                                    Kernel Shape Output Shape  Params  \
Layer                                                                   
0_local_models.0.fc_layers.Linear_0    [10, 100]  [4096, 100]    1100   
1_local_models.0.fc_layers.Linear_1    [100, 50]   [4096, 50]    5050   
2_local_models.1.fc_layers.Linear_0    [10, 100]  [4096, 100]    1100   
3_local_models.1.fc_layers.Linear_1    [100, 50]   [4096, 50]    5050   
4_agg_model.fc_layers.Linear_0        [100, 100]  [4096, 100]   10100   
5_agg_model.fc_layers.Linear_1          [100, 1]    [4096, 1]     101   

                                     Mult-Adds  
Layer                                           
0_local_models.0.fc_layers.Linear_0       1000  
1_local_models.0.fc_layers.Linear_1       5000  
2_local_models.1.fc_layers.Linear_0       1000  
3_local_models.1.fc_layers.Linear_1       5000  
4_agg_model.fc_layers.Linear_0           10000  
5_agg_model.fc_layers.Linear_1             100  
--------------------------------------------------------------------------------
                      Totals
Total params           22501
Trainable params       22501
Non-trainable params       0
Mult-Adds              22100
================================================================================
n_classes=2
task=binary_cls
model_name=boone_top1sim_noise_0.1_2022-02-02-18-58-57
sche_threshold=0.0001
sche_patience=10
sche_factor=0.1
use_scheduler=False
num_workers=4
device=cuda:2
test_batch_size=4096
train_batch_size=4096
learning_rate=0.005
weight_decay=1e-05
num_epochs=200
model_save_path=ckp/boone_top1sim_noise_0.1_2022-02-02-18-58-57.pth
test_rate=0.2
val_rate=0.1
multiprocess_context=fork
metrics=['accuracy']
metrics_f=[<metric.accuracy.Accuracy object at 0x7f882416f940>]
hidden_sizes=[200, 100]
model=SplitNN(
  (agg_model): MLP(
    (fc_layers): ModuleList(
      (0): Linear(in_features=100, out_features=100, bias=True)
      (1): Linear(in_features=100, out_features=1, bias=True)
    )
  )
  (local_models): ModuleList(
    (0): MLP(
      (fc_layers): ModuleList(
        (0): Linear(in_features=10, out_features=100, bias=True)
        (1): Linear(in_features=100, out_features=50, bias=True)
      )
    )
    (1): MLP(
      (fc_layers): ModuleList(
        (0): Linear(in_features=10, out_features=100, bias=True)
        (1): Linear(in_features=100, out_features=50, bias=True)
      )
    )
  )
)
writer=<torch.utils.tensorboard.writer.SummaryWriter object at 0x7f882416f9d0>
dataset_type=syn
drop_key=True
num_common_features=30
tree_radius=2
tree_leaf_size=1000
knn_k=100
grid_min=-10.0
grid_max=10.0
grid_width=1.5
sim_scaler=StandardScaler()
filter_top_k=None
link_n_jobs=1
psig_p=7
sim_leak_p=1.0
link_threshold_t=0.1
link_epsilon=0.1
n_hash_lsh=20
edit_distance_threshold=1
n_hash_func=10
collision_rate=0.05
qgram_q=2
link_delta=0.1
feature_wise_sim=False
blocking_method=knn
center_threshold=0.5
n_clusters=100
local_hidden_sizes=[[100], [100]]
cut_dims=[50, 50]
agg_hidden_sizes=[100]
scale_analysis=None
data1_shape=(130064, 40)
data2_shape=(130064, 40)
Epoch 1: Loss:            : Train 0.0000, Val 0.4936, Test 0.4854
          Accuracy         : Train 0.7232, Val 0.7840, Test 0.7844
Best:
          Accuracy         : Train 0.7232, Val 0.7840, Test 0.7844
Epoch 2: Loss:            : Train 0.0000, Val 0.3805, Test 0.3773
          Accuracy         : Train 0.8004, Val 0.8304, Test 0.8296
Best:
          Accuracy         : Train 0.8004, Val 0.8304, Test 0.8296
Epoch 3: Loss:            : Train 0.0000, Val 0.3554, Test 0.3517
          Accuracy         : Train 0.8405, Val 0.8406, Test 0.8398
Best:
          Accuracy         : Train 0.8405, Val 0.8406, Test 0.8398
Epoch 4: Loss:            : Train 0.0000, Val 0.3225, Test 0.3189
          Accuracy         : Train 0.8443, Val 0.8584, Test 0.8610
Best:
          Accuracy         : Train 0.8443, Val 0.8584, Test 0.8610
Epoch 5: Loss:            : Train 0.0000, Val 0.3042, Test 0.3012
          Accuracy         : Train 0.8606, Val 0.8667, Test 0.8701
Best:
          Accuracy         : Train 0.8606, Val 0.8667, Test 0.8701
Epoch 6: Loss:            : Train 0.0000, Val 0.3134, Test 0.3104
          Accuracy         : Train 0.8727, Val 0.8618, Test 0.8636
Best:
          Accuracy         : Train 0.8606, Val 0.8667, Test 0.8701
Epoch 7: Loss:            : Train 0.0000, Val 0.3042, Test 0.3015
          Accuracy         : Train 0.8654, Val 0.8696, Test 0.8703
Best:
          Accuracy         : Train 0.8654, Val 0.8696, Test 0.8703
Epoch 8: Loss:            : Train 0.0000, Val 0.2801, Test 0.2783
          Accuracy         : Train 0.8779, Val 0.8834, Test 0.8861
Best:
          Accuracy         : Train 0.8779, Val 0.8834, Test 0.8861
Epoch 9: Loss:            : Train 0.0000, Val 0.2727, Test 0.2715
          Accuracy         : Train 0.8888, Val 0.8860, Test 0.8895
Best:
          Accuracy         : Train 0.8888, Val 0.8860, Test 0.8895
Epoch 10: Loss:            : Train 0.0000, Val 0.3141, Test 0.3101
          Accuracy         : Train 0.8857, Val 0.8672, Test 0.8644
Best:
          Accuracy         : Train 0.8888, Val 0.8860, Test 0.8895
Epoch 11: Loss:            : Train 0.0000, Val 0.2650, Test 0.2634
          Accuracy         : Train 0.8756, Val 0.8908, Test 0.8933
Best:
          Accuracy         : Train 0.8756, Val 0.8908, Test 0.8933
Epoch 12: Loss:            : Train 0.0000, Val 0.3029, Test 0.2992
          Accuracy         : Train 0.8890, Val 0.8725, Test 0.8726
Best:
          Accuracy         : Train 0.8756, Val 0.8908, Test 0.8933
Epoch 13: Loss:            : Train 0.0000, Val 0.2507, Test 0.2466
          Accuracy         : Train 0.8856, Val 0.8954, Test 0.8976
Best:
          Accuracy         : Train 0.8856, Val 0.8954, Test 0.8976
Epoch 14: Loss:            : Train 0.0000, Val 0.2490, Test 0.2436
          Accuracy         : Train 0.8974, Val 0.8961, Test 0.8975
Best:
          Accuracy         : Train 0.8974, Val 0.8961, Test 0.8975
Epoch 15: Loss:            : Train 0.0000, Val 0.2939, Test 0.2901
          Accuracy         : Train 0.8890, Val 0.8744, Test 0.8762
Best:
          Accuracy         : Train 0.8974, Val 0.8961, Test 0.8975
Epoch 16: Loss:            : Train 0.0000, Val 0.2709, Test 0.2669
          Accuracy         : Train 0.8952, Val 0.8901, Test 0.8896
Best:
          Accuracy         : Train 0.8974, Val 0.8961, Test 0.8975
Epoch 17: Loss:            : Train 0.0000, Val 0.2458, Test 0.2419
          Accuracy         : Train 0.8983, Val 0.8968, Test 0.9001
Best:
          Accuracy         : Train 0.8983, Val 0.8968, Test 0.9001
Epoch 18: Loss:            : Train 0.0000, Val 0.2431, Test 0.2401
          Accuracy         : Train 0.9021, Val 0.9005, Test 0.8999
Best:
          Accuracy         : Train 0.9021, Val 0.9005, Test 0.8999
Epoch 19: Loss:            : Train 0.0000, Val 0.5785, Test 0.6466
          Accuracy         : Train 0.9025, Val 0.8941, Test 0.8958
Best:
          Accuracy         : Train 0.9021, Val 0.9005, Test 0.8999
Epoch 20: Loss:            : Train 0.0000, Val 0.5750, Test 0.6425
          Accuracy         : Train 0.9018, Val 0.8950, Test 0.8964
Best:
          Accuracy         : Train 0.9021, Val 0.9005, Test 0.8999
Epoch 21: Loss:            : Train 0.0000, Val 0.5631, Test 0.6329
          Accuracy         : Train 0.8980, Val 0.9022, Test 0.9021
Best:
          Accuracy         : Train 0.8980, Val 0.9022, Test 0.9021
Epoch 22: Loss:            : Train 0.0000, Val 0.5647, Test 0.6364
          Accuracy         : Train 0.8990, Val 0.9024, Test 0.9007
Best:
          Accuracy         : Train 0.8990, Val 0.9024, Test 0.9007
Epoch 23: Loss:            : Train 0.0000, Val 0.5666, Test 0.6300
          Accuracy         : Train 0.9031, Val 0.8995, Test 0.9007
Best:
          Accuracy         : Train 0.8990, Val 0.9024, Test 0.9007
Epoch 24: Loss:            : Train 0.0000, Val 0.5619, Test 0.6271
          Accuracy         : Train 0.8982, Val 0.9014, Test 0.9025
Best:
          Accuracy         : Train 0.8990, Val 0.9024, Test 0.9007
Epoch 25: Loss:            : Train 0.0000, Val 0.5672, Test 0.6319
          Accuracy         : Train 0.9071, Val 0.9003, Test 0.9009
Best:
          Accuracy         : Train 0.8990, Val 0.9024, Test 0.9007
Epoch 26: Loss:            : Train 0.0000, Val 0.5603, Test 0.6249
          Accuracy         : Train 0.9043, Val 0.9045, Test 0.9040
Best:
          Accuracy         : Train 0.9043, Val 0.9045, Test 0.9040
Epoch 27: Loss:            : Train 0.0000, Val 0.5587, Test 0.6221
          Accuracy         : Train 0.9081, Val 0.9019, Test 0.9039
Best:
          Accuracy         : Train 0.9043, Val 0.9045, Test 0.9040
Epoch 28: Loss:            : Train 0.0000, Val 0.5577, Test 0.6227
          Accuracy         : Train 0.9055, Val 0.9042, Test 0.9062
Best:
          Accuracy         : Train 0.9043, Val 0.9045, Test 0.9040
Epoch 29: Loss:            : Train 0.0000, Val 0.5636, Test 0.6304
          Accuracy         : Train 0.9046, Val 0.8999, Test 0.9012
Best:
          Accuracy         : Train 0.9043, Val 0.9045, Test 0.9040
Epoch 30: Loss:            : Train 0.0000, Val 0.2164, Test 0.2142
          Accuracy         : Train 0.9047, Val 0.9098, Test 0.9114
Best:
          Accuracy         : Train 0.9047, Val 0.9098, Test 0.9114
Epoch 31: Loss:            : Train 0.0000, Val 0.2275, Test 0.2210
          Accuracy         : Train 0.9091, Val 0.9084, Test 0.9081
Best:
          Accuracy         : Train 0.9047, Val 0.9098, Test 0.9114
Epoch 32: Loss:            : Train 0.0000, Val 0.5470, Test 0.6111
          Accuracy         : Train 0.9076, Val 0.9091, Test 0.9092
Best:
          Accuracy         : Train 0.9047, Val 0.9098, Test 0.9114
Epoch 33: Loss:            : Train 0.0000, Val 0.2325, Test 0.2270
          Accuracy         : Train 0.9076, Val 0.9033, Test 0.9054
Best:
          Accuracy         : Train 0.9047, Val 0.9098, Test 0.9114
Epoch 34: Loss:            : Train 0.0000, Val 0.2305, Test 0.2281
          Accuracy         : Train 0.9114, Val 0.9032, Test 0.9044
Best:
          Accuracy         : Train 0.9047, Val 0.9098, Test 0.9114
Epoch 35: Loss:            : Train 0.0000, Val 0.2263, Test 0.2216
          Accuracy         : Train 0.9056, Val 0.9059, Test 0.9072
Best:
          Accuracy         : Train 0.9047, Val 0.9098, Test 0.9114
Epoch 36: Loss:            : Train 0.0000, Val 0.2651, Test 0.2572
          Accuracy         : Train 0.9051, Val 0.8893, Test 0.8914
Best:
          Accuracy         : Train 0.9047, Val 0.9098, Test 0.9114
Epoch 37: Loss:            : Train 0.0000, Val 0.2182, Test 0.2133
          Accuracy         : Train 0.9096, Val 0.9105, Test 0.9112
Best:
          Accuracy         : Train 0.9096, Val 0.9105, Test 0.9112
Epoch 38: Loss:            : Train 0.0000, Val 0.2328, Test 0.2245
          Accuracy         : Train 0.9080, Val 0.9060, Test 0.9065
Best:
          Accuracy         : Train 0.9096, Val 0.9105, Test 0.9112
Epoch 39: Loss:            : Train 0.0000, Val 0.2210, Test 0.2146
          Accuracy         : Train 0.9074, Val 0.9086, Test 0.9114
Best:
          Accuracy         : Train 0.9096, Val 0.9105, Test 0.9112
Epoch 40: Loss:            : Train 0.0000, Val 0.2292, Test 0.2231
          Accuracy         : Train 0.9069, Val 0.9071, Test 0.9089
Best:
          Accuracy         : Train 0.9096, Val 0.9105, Test 0.9112
Epoch 41: Loss:            : Train 0.0000, Val 0.2172, Test 0.2108
          Accuracy         : Train 0.9119, Val 0.9127, Test 0.9143
Best:
          Accuracy         : Train 0.9119, Val 0.9127, Test 0.9143
Epoch 42: Loss:            : Train 0.0000, Val 0.2265, Test 0.2190
          Accuracy         : Train 0.9136, Val 0.9082, Test 0.9108
Best:
          Accuracy         : Train 0.9119, Val 0.9127, Test 0.9143
Epoch 43: Loss:            : Train 0.0000, Val 0.2255, Test 0.2186
          Accuracy         : Train 0.9094, Val 0.9082, Test 0.9106
Best:
          Accuracy         : Train 0.9119, Val 0.9127, Test 0.9143
Epoch 44: Loss:            : Train 0.0000, Val 0.2143, Test 0.2076
          Accuracy         : Train 0.9138, Val 0.9110, Test 0.9143
Best:
          Accuracy         : Train 0.9119, Val 0.9127, Test 0.9143
Epoch 45: Loss:            : Train 0.0000, Val 0.2186, Test 0.2130
          Accuracy         : Train 0.9143, Val 0.9102, Test 0.9116
Best:
          Accuracy         : Train 0.9119, Val 0.9127, Test 0.9143
Epoch 46: Loss:            : Train 0.0000, Val 0.2161, Test 0.2095
          Accuracy         : Train 0.9151, Val 0.9124, Test 0.9124
Best:
          Accuracy         : Train 0.9119, Val 0.9127, Test 0.9143
Epoch 47: Loss:            : Train 0.0000, Val 0.2384, Test 0.2333
          Accuracy         : Train 0.9149, Val 0.9012, Test 0.9025
Best:
          Accuracy         : Train 0.9119, Val 0.9127, Test 0.9143
Epoch 48: Loss:            : Train 0.0000, Val 0.2159, Test 0.2106
          Accuracy         : Train 0.9149, Val 0.9144, Test 0.9142
Best:
          Accuracy         : Train 0.9149, Val 0.9144, Test 0.9142
Epoch 49: Loss:            : Train 0.0000, Val 0.2166, Test 0.2104
          Accuracy         : Train 0.9138, Val 0.9107, Test 0.9124
Best:
          Accuracy         : Train 0.9149, Val 0.9144, Test 0.9142
Epoch 50: Loss:            : Train 0.0000, Val 0.2291, Test 0.2206
          Accuracy         : Train 0.9140, Val 0.9089, Test 0.9092
Best:
          Accuracy         : Train 0.9149, Val 0.9144, Test 0.9142
Epoch 51: Loss:            : Train 0.0000, Val 0.2352, Test 0.2292
          Accuracy         : Train 0.9143, Val 0.9074, Test 0.9087
Best:
          Accuracy         : Train 0.9149, Val 0.9144, Test 0.9142
Epoch 52: Loss:            : Train 0.0000, Val 0.2127, Test 0.2102
          Accuracy         : Train 0.9153, Val 0.9124, Test 0.9135
Best:
          Accuracy         : Train 0.9149, Val 0.9144, Test 0.9142
Epoch 53: Loss:            : Train 0.0000, Val 0.2181, Test 0.2162
          Accuracy         : Train 0.9151, Val 0.9108, Test 0.9100
Best:
          Accuracy         : Train 0.9149, Val 0.9144, Test 0.9142
Epoch 54: Loss:            : Train 0.0000, Val 0.2287, Test 0.2233
          Accuracy         : Train 0.9131, Val 0.9072, Test 0.9061
Best:
          Accuracy         : Train 0.9149, Val 0.9144, Test 0.9142
Epoch 55: Loss:            : Train 0.0000, Val 0.2109, Test 0.2070
          Accuracy         : Train 0.9125, Val 0.9164, Test 0.9165
Best:
          Accuracy         : Train 0.9125, Val 0.9164, Test 0.9165
Epoch 56: Loss:            : Train 0.0000, Val 0.2462, Test 0.2366
          Accuracy         : Train 0.9148, Val 0.8991, Test 0.9009
Best:
          Accuracy         : Train 0.9125, Val 0.9164, Test 0.9165
Epoch 57: Loss:            : Train 0.0000, Val 0.2188, Test 0.2122
          Accuracy         : Train 0.9164, Val 0.9114, Test 0.9135
Best:
          Accuracy         : Train 0.9125, Val 0.9164, Test 0.9165
Epoch 58: Loss:            : Train 0.0000, Val 0.2094, Test 0.2049
          Accuracy         : Train 0.9189, Val 0.9150, Test 0.9158
Best:
          Accuracy         : Train 0.9125, Val 0.9164, Test 0.9165
Epoch 59: Loss:            : Train 0.0000, Val 0.2102, Test 0.2061
          Accuracy         : Train 0.9173, Val 0.9148, Test 0.9154
Best:
          Accuracy         : Train 0.9125, Val 0.9164, Test 0.9165
Epoch 60: Loss:            : Train 0.0000, Val 0.2037, Test 0.2012
          Accuracy         : Train 0.9191, Val 0.9176, Test 0.9180
Best:
          Accuracy         : Train 0.9191, Val 0.9176, Test 0.9180
Epoch 61: Loss:            : Train 0.0000, Val 0.2141, Test 0.2089
          Accuracy         : Train 0.9195, Val 0.9157, Test 0.9174
Best:
          Accuracy         : Train 0.9191, Val 0.9176, Test 0.9180
Epoch 62: Loss:            : Train 0.0000, Val 0.2198, Test 0.2163
          Accuracy         : Train 0.9188, Val 0.9124, Test 0.9115
Best:
          Accuracy         : Train 0.9191, Val 0.9176, Test 0.9180
Epoch 63: Loss:            : Train 0.0000, Val 0.2056, Test 0.2015
          Accuracy         : Train 0.9184, Val 0.9184, Test 0.9178
Best:
          Accuracy         : Train 0.9184, Val 0.9184, Test 0.9178
Epoch 64: Loss:            : Train 0.0000, Val 0.2041, Test 0.1987
          Accuracy         : Train 0.9203, Val 0.9189, Test 0.9192
Best:
          Accuracy         : Train 0.9203, Val 0.9189, Test 0.9192
Epoch 65: Loss:            : Train 0.0000, Val 0.2355, Test 0.2270
          Accuracy         : Train 0.9186, Val 0.9024, Test 0.9021
Best:
          Accuracy         : Train 0.9203, Val 0.9189, Test 0.9192
Epoch 66: Loss:            : Train 0.0000, Val 0.2209, Test 0.2154
          Accuracy         : Train 0.9164, Val 0.9124, Test 0.9142
Best:
          Accuracy         : Train 0.9203, Val 0.9189, Test 0.9192
Epoch 67: Loss:            : Train 0.0000, Val 0.2025, Test 0.1967
          Accuracy         : Train 0.9176, Val 0.9188, Test 0.9193
Best:
          Accuracy         : Train 0.9203, Val 0.9189, Test 0.9192
Epoch 68: Loss:            : Train 0.0000, Val 0.2115, Test 0.2025
          Accuracy         : Train 0.9190, Val 0.9169, Test 0.9172
Best:
          Accuracy         : Train 0.9203, Val 0.9189, Test 0.9192
Epoch 69: Loss:            : Train 0.0000, Val 0.2173, Test 0.2109
          Accuracy         : Train 0.9159, Val 0.9118, Test 0.9120
Best:
          Accuracy         : Train 0.9203, Val 0.9189, Test 0.9192
Epoch 70: Loss:            : Train 0.0000, Val 0.2091, Test 0.2027
          Accuracy         : Train 0.9185, Val 0.9138, Test 0.9160
Best:
          Accuracy         : Train 0.9203, Val 0.9189, Test 0.9192
Epoch 71: Loss:            : Train 0.0000, Val 0.2289, Test 0.2197
          Accuracy         : Train 0.9196, Val 0.9083, Test 0.9114
Best:
          Accuracy         : Train 0.9203, Val 0.9189, Test 0.9192
Epoch 72: Loss:            : Train 0.0000, Val 0.2023, Test 0.1945
          Accuracy         : Train 0.9183, Val 0.9184, Test 0.9215
Best:
          Accuracy         : Train 0.9203, Val 0.9189, Test 0.9192
Epoch 73: Loss:            : Train 0.0000, Val 0.2006, Test 0.1942
          Accuracy         : Train 0.9205, Val 0.9201, Test 0.9213
Best:
          Accuracy         : Train 0.9205, Val 0.9201, Test 0.9213
Epoch 74: Loss:            : Train 0.0000, Val 0.2054, Test 0.1989
          Accuracy         : Train 0.9168, Val 0.9160, Test 0.9199
Best:
          Accuracy         : Train 0.9205, Val 0.9201, Test 0.9213
Epoch 75: Loss:            : Train 0.0000, Val 0.2005, Test 0.1928
          Accuracy         : Train 0.9207, Val 0.9198, Test 0.9226
Best:
          Accuracy         : Train 0.9205, Val 0.9201, Test 0.9213
Epoch 76: Loss:            : Train 0.0000, Val 0.2048, Test 0.1973
          Accuracy         : Train 0.9178, Val 0.9176, Test 0.9189
Best:
          Accuracy         : Train 0.9205, Val 0.9201, Test 0.9213
Epoch 77: Loss:            : Train 0.0000, Val 0.2014, Test 0.1938
          Accuracy         : Train 0.9213, Val 0.9187, Test 0.9211
Best:
          Accuracy         : Train 0.9205, Val 0.9201, Test 0.9213
Epoch 78: Loss:            : Train 0.0000, Val 0.2027, Test 0.1955
          Accuracy         : Train 0.9228, Val 0.9196, Test 0.9206
Best:
          Accuracy         : Train 0.9205, Val 0.9201, Test 0.9213
Epoch 79: Loss:            : Train 0.0000, Val 0.2004, Test 0.1943
          Accuracy         : Train 0.9218, Val 0.9180, Test 0.9199
Best:
          Accuracy         : Train 0.9205, Val 0.9201, Test 0.9213
Epoch 80: Loss:            : Train 0.0000, Val 0.2131, Test 0.2034
          Accuracy         : Train 0.9220, Val 0.9157, Test 0.9174
Best:
          Accuracy         : Train 0.9205, Val 0.9201, Test 0.9213
Epoch 81: Loss:            : Train 0.0000, Val 0.2096, Test 0.2051
          Accuracy         : Train 0.9216, Val 0.9152, Test 0.9170
Best:
          Accuracy         : Train 0.9205, Val 0.9201, Test 0.9213
Epoch 82: Loss:            : Train 0.0000, Val 0.2003, Test 0.1935
          Accuracy         : Train 0.9209, Val 0.9204, Test 0.9213
Best:
          Accuracy         : Train 0.9209, Val 0.9204, Test 0.9213
Epoch 83: Loss:            : Train 0.0000, Val 0.2042, Test 0.1958
          Accuracy         : Train 0.9222, Val 0.9195, Test 0.9204
Best:
          Accuracy         : Train 0.9209, Val 0.9204, Test 0.9213
Epoch 84: Loss:            : Train 0.0000, Val 0.1983, Test 0.1893
          Accuracy         : Train 0.9243, Val 0.9218, Test 0.9232
Best:
          Accuracy         : Train 0.9243, Val 0.9218, Test 0.9232
Epoch 85: Loss:            : Train 0.0000, Val 0.1977, Test 0.1902
          Accuracy         : Train 0.9215, Val 0.9214, Test 0.9230
Best:
          Accuracy         : Train 0.9243, Val 0.9218, Test 0.9232
Epoch 86: Loss:            : Train 0.0000, Val 0.2190, Test 0.2085
          Accuracy         : Train 0.9223, Val 0.9143, Test 0.9157
Best:
          Accuracy         : Train 0.9243, Val 0.9218, Test 0.9232
Epoch 87: Loss:            : Train 0.0000, Val 0.1992, Test 0.1916
          Accuracy         : Train 0.9212, Val 0.9208, Test 0.9233
Best:
          Accuracy         : Train 0.9243, Val 0.9218, Test 0.9232
Epoch 88: Loss:            : Train 0.0000, Val 0.1958, Test 0.1874
          Accuracy         : Train 0.9234, Val 0.9219, Test 0.9230
Best:
          Accuracy         : Train 0.9234, Val 0.9219, Test 0.9230
Epoch 89: Loss:            : Train 0.0000, Val 0.2030, Test 0.1925
          Accuracy         : Train 0.9239, Val 0.9209, Test 0.9230
Best:
          Accuracy         : Train 0.9234, Val 0.9219, Test 0.9230
Epoch 90: Loss:            : Train 0.0000, Val 0.2010, Test 0.1902
          Accuracy         : Train 0.9230, Val 0.9223, Test 0.9226
Best:
          Accuracy         : Train 0.9230, Val 0.9223, Test 0.9226
Epoch 91: Loss:            : Train 0.0000, Val 0.1972, Test 0.1918
          Accuracy         : Train 0.9227, Val 0.9211, Test 0.9213
Best:
          Accuracy         : Train 0.9230, Val 0.9223, Test 0.9226
Epoch 92: Loss:            : Train 0.0000, Val 0.2025, Test 0.1944
          Accuracy         : Train 0.9240, Val 0.9217, Test 0.9209
Best:
          Accuracy         : Train 0.9230, Val 0.9223, Test 0.9226
Epoch 93: Loss:            : Train 0.0000, Val 0.1982, Test 0.1909
          Accuracy         : Train 0.9234, Val 0.9212, Test 0.9213
Best:
          Accuracy         : Train 0.9230, Val 0.9223, Test 0.9226
Epoch 94: Loss:            : Train 0.0000, Val 0.2036, Test 0.1959
          Accuracy         : Train 0.9216, Val 0.9197, Test 0.9218
Best:
          Accuracy         : Train 0.9230, Val 0.9223, Test 0.9226
Epoch 95: Loss:            : Train 0.0000, Val 0.1978, Test 0.1875
          Accuracy         : Train 0.9244, Val 0.9226, Test 0.9236
Best:
          Accuracy         : Train 0.9244, Val 0.9226, Test 0.9236
Epoch 96: Loss:            : Train 0.0000, Val 0.1981, Test 0.1912
          Accuracy         : Train 0.9260, Val 0.9228, Test 0.9228
Best:
          Accuracy         : Train 0.9260, Val 0.9228, Test 0.9228
Epoch 97: Loss:            : Train 0.0000, Val 0.2060, Test 0.1977
          Accuracy         : Train 0.9237, Val 0.9184, Test 0.9195
Best:
          Accuracy         : Train 0.9260, Val 0.9228, Test 0.9228
Epoch 98: Loss:            : Train 0.0000, Val 0.2269, Test 0.2177
          Accuracy         : Train 0.9234, Val 0.9120, Test 0.9126
Best:
          Accuracy         : Train 0.9260, Val 0.9228, Test 0.9228
Epoch 99: Loss:            : Train 0.0000, Val 0.2028, Test 0.1957
          Accuracy         : Train 0.9224, Val 0.9204, Test 0.9223
Best:
          Accuracy         : Train 0.9260, Val 0.9228, Test 0.9228
Epoch 100: Loss:            : Train 0.0000, Val 0.2069, Test 0.1969
          Accuracy         : Train 0.9218, Val 0.9194, Test 0.9182
Best:
          Accuracy         : Train 0.9260, Val 0.9228, Test 0.9228
Epoch 101: Loss:            : Train 0.0000, Val 0.2127, Test 0.2063
          Accuracy         : Train 0.9223, Val 0.9131, Test 0.9150
Best:
          Accuracy         : Train 0.9260, Val 0.9228, Test 0.9228
Epoch 102: Loss:            : Train 0.0000, Val 0.1993, Test 0.1899
          Accuracy         : Train 0.9239, Val 0.9219, Test 0.9238
Best:
          Accuracy         : Train 0.9260, Val 0.9228, Test 0.9228
Epoch 103: Loss:            : Train 0.0000, Val 0.2137, Test 0.2049
          Accuracy         : Train 0.9262, Val 0.9147, Test 0.9153
Best:
          Accuracy         : Train 0.9260, Val 0.9228, Test 0.9228
Epoch 104: Loss:            : Train 0.0000, Val 0.2113, Test 0.2043
          Accuracy         : Train 0.9252, Val 0.9174, Test 0.9170
Best:
          Accuracy         : Train 0.9260, Val 0.9228, Test 0.9228
Epoch 105: Loss:            : Train 0.0000, Val 0.2028, Test 0.1954
          Accuracy         : Train 0.9233, Val 0.9197, Test 0.9188
Best:
          Accuracy         : Train 0.9260, Val 0.9228, Test 0.9228
Epoch 106: Loss:            : Train 0.0000, Val 0.1962, Test 0.1876
          Accuracy         : Train 0.9225, Val 0.9226, Test 0.9240
Best:
          Accuracy         : Train 0.9260, Val 0.9228, Test 0.9228
Epoch 107: Loss:            : Train 0.0000, Val 0.1981, Test 0.1909
          Accuracy         : Train 0.9248, Val 0.9214, Test 0.9217
Best:
          Accuracy         : Train 0.9260, Val 0.9228, Test 0.9228
Epoch 108: Loss:            : Train 0.0000, Val 0.2017, Test 0.1941
          Accuracy         : Train 0.9261, Val 0.9219, Test 0.9216
Best:
          Accuracy         : Train 0.9260, Val 0.9228, Test 0.9228
Epoch 109: Loss:            : Train 0.0000, Val 0.2053, Test 0.1976
          Accuracy         : Train 0.9256, Val 0.9206, Test 0.9211
Best:
          Accuracy         : Train 0.9260, Val 0.9228, Test 0.9228
Epoch 110: Loss:            : Train 0.0000, Val 0.1952, Test 0.1876
          Accuracy         : Train 0.9255, Val 0.9236, Test 0.9244
Best:
          Accuracy         : Train 0.9255, Val 0.9236, Test 0.9244
Epoch 111: Loss:            : Train 0.0000, Val 0.1970, Test 0.1882
          Accuracy         : Train 0.9250, Val 0.9233, Test 0.9223
Best:
          Accuracy         : Train 0.9255, Val 0.9236, Test 0.9244
Epoch 112: Loss:            : Train 0.0000, Val 0.2048, Test 0.1962
          Accuracy         : Train 0.9250, Val 0.9204, Test 0.9212
Best:
          Accuracy         : Train 0.9255, Val 0.9236, Test 0.9244
Epoch 113: Loss:            : Train 0.0000, Val 0.2034, Test 0.1961
          Accuracy         : Train 0.9249, Val 0.9175, Test 0.9199
Best:
          Accuracy         : Train 0.9255, Val 0.9236, Test 0.9244
Epoch 114: Loss:            : Train 0.0000, Val 0.1976, Test 0.1906
          Accuracy         : Train 0.9215, Val 0.9221, Test 0.9210
Best:
          Accuracy         : Train 0.9255, Val 0.9236, Test 0.9244
Epoch 115: Loss:            : Train 0.0000, Val 0.1965, Test 0.1878
          Accuracy         : Train 0.9249, Val 0.9212, Test 0.9224
Best:
          Accuracy         : Train 0.9255, Val 0.9236, Test 0.9244
Epoch 116: Loss:            : Train 0.0000, Val 0.1981, Test 0.1906
          Accuracy         : Train 0.9267, Val 0.9213, Test 0.9228
Best:
          Accuracy         : Train 0.9255, Val 0.9236, Test 0.9244
Epoch 117: Loss:            : Train 0.0000, Val 0.2018, Test 0.1939
          Accuracy         : Train 0.9270, Val 0.9213, Test 0.9216
Best:
          Accuracy         : Train 0.9255, Val 0.9236, Test 0.9244
Epoch 118: Loss:            : Train 0.0000, Val 0.1947, Test 0.1872
          Accuracy         : Train 0.9268, Val 0.9227, Test 0.9237
Best:
          Accuracy         : Train 0.9255, Val 0.9236, Test 0.9244
Epoch 119: Loss:            : Train 0.0000, Val 0.1930, Test 0.1871
          Accuracy         : Train 0.9274, Val 0.9237, Test 0.9243
Best:
          Accuracy         : Train 0.9274, Val 0.9237, Test 0.9243
Epoch 120: Loss:            : Train 0.0000, Val 0.2022, Test 0.1913
          Accuracy         : Train 0.9269, Val 0.9223, Test 0.9223
Best:
          Accuracy         : Train 0.9274, Val 0.9237, Test 0.9243
Epoch 121: Loss:            : Train 0.0000, Val 0.1987, Test 0.1940
          Accuracy         : Train 0.9245, Val 0.9194, Test 0.9217
Best:
          Accuracy         : Train 0.9274, Val 0.9237, Test 0.9243
Epoch 122: Loss:            : Train 0.0000, Val 0.1991, Test 0.1924
          Accuracy         : Train 0.9268, Val 0.9233, Test 0.9227
Best:
          Accuracy         : Train 0.9274, Val 0.9237, Test 0.9243
Epoch 123: Loss:            : Train 0.0000, Val 0.1986, Test 0.1909
          Accuracy         : Train 0.9281, Val 0.9234, Test 0.9241
Best:
          Accuracy         : Train 0.9274, Val 0.9237, Test 0.9243
Epoch 124: Loss:            : Train 0.0000, Val 0.2046, Test 0.1983
          Accuracy         : Train 0.9254, Val 0.9194, Test 0.9193
Best:
          Accuracy         : Train 0.9274, Val 0.9237, Test 0.9243
Epoch 125: Loss:            : Train 0.0000, Val 0.2087, Test 0.1999
          Accuracy         : Train 0.9244, Val 0.9174, Test 0.9179
Best:
          Accuracy         : Train 0.9274, Val 0.9237, Test 0.9243
Epoch 126: Loss:            : Train 0.0000, Val 0.1988, Test 0.1943
          Accuracy         : Train 0.9264, Val 0.9200, Test 0.9200
Best:
          Accuracy         : Train 0.9274, Val 0.9237, Test 0.9243
Epoch 127: Loss:            : Train 0.0000, Val 0.2034, Test 0.1950
          Accuracy         : Train 0.9280, Val 0.9190, Test 0.9192
Best:
          Accuracy         : Train 0.9274, Val 0.9237, Test 0.9243
Epoch 128: Loss:            : Train 0.0000, Val 0.2002, Test 0.1917
          Accuracy         : Train 0.9282, Val 0.9207, Test 0.9218
Best:
          Accuracy         : Train 0.9274, Val 0.9237, Test 0.9243
Epoch 129: Loss:            : Train 0.0000, Val 0.1979, Test 0.1884
          Accuracy         : Train 0.9292, Val 0.9237, Test 0.9240
Best:
          Accuracy         : Train 0.9274, Val 0.9237, Test 0.9243
Epoch 130: Loss:            : Train 0.0000, Val 0.1935, Test 0.1836
          Accuracy         : Train 0.9281, Val 0.9269, Test 0.9272
Best:
          Accuracy         : Train 0.9281, Val 0.9269, Test 0.9272
Epoch 131: Loss:            : Train 0.0000, Val 0.1938, Test 0.1833
          Accuracy         : Train 0.9265, Val 0.9257, Test 0.9247
Best:
          Accuracy         : Train 0.9281, Val 0.9269, Test 0.9272
Epoch 132: Loss:            : Train 0.0000, Val 0.1963, Test 0.1894
          Accuracy         : Train 0.9271, Val 0.9238, Test 0.9237
Best:
          Accuracy         : Train 0.9281, Val 0.9269, Test 0.9272
Epoch 133: Loss:            : Train 0.0000, Val 0.2006, Test 0.1928
          Accuracy         : Train 0.9293, Val 0.9197, Test 0.9200
Best:
          Accuracy         : Train 0.9281, Val 0.9269, Test 0.9272
Epoch 134: Loss:            : Train 0.0000, Val 0.1920, Test 0.1850
          Accuracy         : Train 0.9277, Val 0.9239, Test 0.9253
Best:
          Accuracy         : Train 0.9281, Val 0.9269, Test 0.9272
Epoch 135: Loss:            : Train 0.0000, Val 0.1927, Test 0.1844
          Accuracy         : Train 0.9295, Val 0.9230, Test 0.9248
Best:
          Accuracy         : Train 0.9281, Val 0.9269, Test 0.9272
Epoch 136: Loss:            : Train 0.0000, Val 0.1969, Test 0.1875
          Accuracy         : Train 0.9285, Val 0.9244, Test 0.9248
Best:
          Accuracy         : Train 0.9281, Val 0.9269, Test 0.9272
Epoch 137: Loss:            : Train 0.0000, Val 0.2019, Test 0.1909
          Accuracy         : Train 0.9270, Val 0.9223, Test 0.9233
Best:
          Accuracy         : Train 0.9281, Val 0.9269, Test 0.9272
Epoch 138: Loss:            : Train 0.0000, Val 0.1931, Test 0.1853
          Accuracy         : Train 0.9299, Val 0.9259, Test 0.9248
Best:
          Accuracy         : Train 0.9281, Val 0.9269, Test 0.9272
Epoch 139: Loss:            : Train 0.0000, Val 0.1969, Test 0.1900
          Accuracy         : Train 0.9291, Val 0.9223, Test 0.9225
Best:
          Accuracy         : Train 0.9281, Val 0.9269, Test 0.9272
Epoch 140: Loss:            : Train 0.0000, Val 0.1931, Test 0.1864
          Accuracy         : Train 0.9291, Val 0.9256, Test 0.9248
Best:
          Accuracy         : Train 0.9281, Val 0.9269, Test 0.9272
Epoch 141: Loss:            : Train 0.0000, Val 0.1963, Test 0.1870
          Accuracy         : Train 0.9287, Val 0.9257, Test 0.9260
Best:
          Accuracy         : Train 0.9281, Val 0.9269, Test 0.9272
Epoch 142: Loss:            : Train 0.0000, Val 0.1938, Test 0.1878
          Accuracy         : Train 0.9282, Val 0.9238, Test 0.9233
Best:
          Accuracy         : Train 0.9281, Val 0.9269, Test 0.9272
Epoch 143: Loss:            : Train 0.0000, Val 0.1989, Test 0.1902
          Accuracy         : Train 0.9290, Val 0.9231, Test 0.9240
Best:
          Accuracy         : Train 0.9281, Val 0.9269, Test 0.9272
Epoch 144: Loss:            : Train 0.0000, Val 0.2002, Test 0.1931
          Accuracy         : Train 0.9289, Val 0.9216, Test 0.9205
Best:
          Accuracy         : Train 0.9281, Val 0.9269, Test 0.9272
Epoch 145: Loss:            : Train 0.0000, Val 0.2033, Test 0.1975
          Accuracy         : Train 0.9270, Val 0.9216, Test 0.9201
Best:
          Accuracy         : Train 0.9281, Val 0.9269, Test 0.9272
Epoch 146: Loss:            : Train 0.0000, Val 0.1930, Test 0.1838
          Accuracy         : Train 0.9276, Val 0.9236, Test 0.9250
Best:
          Accuracy         : Train 0.9281, Val 0.9269, Test 0.9272
Epoch 147: Loss:            : Train 0.0000, Val 0.1904, Test 0.1843
          Accuracy         : Train 0.9296, Val 0.9253, Test 0.9245
Best:
          Accuracy         : Train 0.9281, Val 0.9269, Test 0.9272
Epoch 148: Loss:            : Train 0.0000, Val 0.1961, Test 0.1872
          Accuracy         : Train 0.9303, Val 0.9237, Test 0.9253
Best:
          Accuracy         : Train 0.9281, Val 0.9269, Test 0.9272
Epoch 149: Loss:            : Train 0.0000, Val 0.2033, Test 0.1948
          Accuracy         : Train 0.9286, Val 0.9184, Test 0.9205
Best:
          Accuracy         : Train 0.9281, Val 0.9269, Test 0.9272
Epoch 150: Loss:            : Train 0.0000, Val 0.1919, Test 0.1859
          Accuracy         : Train 0.9292, Val 0.9250, Test 0.9251
Best:
          Accuracy         : Train 0.9281, Val 0.9269, Test 0.9272
Epoch 151: Loss:            : Train 0.0000, Val 0.1895, Test 0.1832
          Accuracy         : Train 0.9290, Val 0.9247, Test 0.9261
Best:
          Accuracy         : Train 0.9281, Val 0.9269, Test 0.9272
Epoch 152: Loss:            : Train 0.0000, Val 0.1920, Test 0.1850
          Accuracy         : Train 0.9278, Val 0.9263, Test 0.9262
Best:
          Accuracy         : Train 0.9281, Val 0.9269, Test 0.9272
Epoch 153: Loss:            : Train 0.0000, Val 0.1935, Test 0.1884
          Accuracy         : Train 0.9284, Val 0.9233, Test 0.9227
Best:
          Accuracy         : Train 0.9281, Val 0.9269, Test 0.9272
Epoch 154: Loss:            : Train 0.0000, Val 0.1951, Test 0.1866
          Accuracy         : Train 0.9302, Val 0.9231, Test 0.9257
Best:
          Accuracy         : Train 0.9281, Val 0.9269, Test 0.9272
Epoch 155: Loss:            : Train 0.0000, Val 0.1936, Test 0.1867
          Accuracy         : Train 0.9280, Val 0.9243, Test 0.9229
Best:
          Accuracy         : Train 0.9281, Val 0.9269, Test 0.9272
Epoch 156: Loss:            : Train 0.0000, Val 0.1930, Test 0.1841
          Accuracy         : Train 0.9298, Val 0.9239, Test 0.9242
Best:
          Accuracy         : Train 0.9281, Val 0.9269, Test 0.9272
Epoch 157: Loss:            : Train 0.0000, Val 0.1976, Test 0.1913
          Accuracy         : Train 0.9302, Val 0.9209, Test 0.9210
Best:
          Accuracy         : Train 0.9281, Val 0.9269, Test 0.9272
Epoch 158: Loss:            : Train 0.0000, Val 0.1882, Test 0.1808
          Accuracy         : Train 0.9285, Val 0.9250, Test 0.9270
Best:
          Accuracy         : Train 0.9281, Val 0.9269, Test 0.9272
Epoch 159: Loss:            : Train 0.0000, Val 0.1978, Test 0.1907
          Accuracy         : Train 0.9309, Val 0.9255, Test 0.9236
Best:
          Accuracy         : Train 0.9281, Val 0.9269, Test 0.9272
Epoch 160: Loss:            : Train 0.0000, Val 0.1922, Test 0.1829
          Accuracy         : Train 0.9281, Val 0.9247, Test 0.9254
Best:
          Accuracy         : Train 0.9281, Val 0.9269, Test 0.9272
Epoch 161: Loss:            : Train 0.0000, Val 0.1904, Test 0.1862
          Accuracy         : Train 0.9310, Val 0.9237, Test 0.9247
Best:
          Accuracy         : Train 0.9281, Val 0.9269, Test 0.9272
Epoch 162: Loss:            : Train 0.0000, Val 0.1995, Test 0.1898
          Accuracy         : Train 0.9299, Val 0.9249, Test 0.9237
Best:
          Accuracy         : Train 0.9281, Val 0.9269, Test 0.9272
Epoch 163: Loss:            : Train 0.0000, Val 0.1974, Test 0.1876
          Accuracy         : Train 0.9301, Val 0.9233, Test 0.9245
Best:
          Accuracy         : Train 0.9281, Val 0.9269, Test 0.9272
Epoch 164: Loss:            : Train 0.0000, Val 0.1884, Test 0.1805
          Accuracy         : Train 0.9314, Val 0.9273, Test 0.9280
Best:
          Accuracy         : Train 0.9314, Val 0.9273, Test 0.9280
Epoch 165: Loss:            : Train 0.0000, Val 0.2057, Test 0.1966
          Accuracy         : Train 0.9305, Val 0.9179, Test 0.9203
Best:
          Accuracy         : Train 0.9314, Val 0.9273, Test 0.9280
Epoch 166: Loss:            : Train 0.0000, Val 0.1956, Test 0.1873
          Accuracy         : Train 0.9296, Val 0.9252, Test 0.9242
Best:
          Accuracy         : Train 0.9314, Val 0.9273, Test 0.9280
Epoch 167: Loss:            : Train 0.0000, Val 0.1921, Test 0.1857
          Accuracy         : Train 0.9307, Val 0.9259, Test 0.9250
Best:
          Accuracy         : Train 0.9314, Val 0.9273, Test 0.9280
Epoch 168: Loss:            : Train 0.0000, Val 0.2057, Test 0.1985
          Accuracy         : Train 0.9302, Val 0.9211, Test 0.9204
Best:
          Accuracy         : Train 0.9314, Val 0.9273, Test 0.9280
Epoch 169: Loss:            : Train 0.0000, Val 0.1930, Test 0.1853
          Accuracy         : Train 0.9289, Val 0.9264, Test 0.9261
Best:
          Accuracy         : Train 0.9314, Val 0.9273, Test 0.9280
Epoch 170: Loss:            : Train 0.0000, Val 0.1922, Test 0.1819
          Accuracy         : Train 0.9310, Val 0.9259, Test 0.9269
Best:
          Accuracy         : Train 0.9314, Val 0.9273, Test 0.9280
Epoch 171: Loss:            : Train 0.0000, Val 0.1891, Test 0.1824
          Accuracy         : Train 0.9304, Val 0.9275, Test 0.9257
Best:
          Accuracy         : Train 0.9304, Val 0.9275, Test 0.9257
Epoch 172: Loss:            : Train 0.0000, Val 0.1943, Test 0.1857
          Accuracy         : Train 0.9297, Val 0.9239, Test 0.9259
Best:
          Accuracy         : Train 0.9304, Val 0.9275, Test 0.9257
Epoch 173: Loss:            : Train 0.0000, Val 0.1954, Test 0.1893
          Accuracy         : Train 0.9285, Val 0.9225, Test 0.9222
Best:
          Accuracy         : Train 0.9304, Val 0.9275, Test 0.9257
Epoch 174: Loss:            : Train 0.0000, Val 0.1912, Test 0.1842
          Accuracy         : Train 0.9303, Val 0.9245, Test 0.9258
Best:
          Accuracy         : Train 0.9304, Val 0.9275, Test 0.9257
Epoch 175: Loss:            : Train 0.0000, Val 0.1949, Test 0.1887
          Accuracy         : Train 0.9313, Val 0.9241, Test 0.9240
Best:
          Accuracy         : Train 0.9304, Val 0.9275, Test 0.9257
Epoch 176: Loss:            : Train 0.0000, Val 0.1866, Test 0.1819
          Accuracy         : Train 0.9317, Val 0.9276, Test 0.9271
Best:
          Accuracy         : Train 0.9317, Val 0.9276, Test 0.9271
Epoch 177: Loss:            : Train 0.0000, Val 0.1925, Test 0.1851
          Accuracy         : Train 0.9306, Val 0.9274, Test 0.9260
Best:
          Accuracy         : Train 0.9317, Val 0.9276, Test 0.9271
Epoch 178: Loss:            : Train 0.0000, Val 0.1919, Test 0.1847
          Accuracy         : Train 0.9309, Val 0.9277, Test 0.9279
Best:
          Accuracy         : Train 0.9309, Val 0.9277, Test 0.9279
Epoch 179: Loss:            : Train 0.0000, Val 0.2007, Test 0.1924
          Accuracy         : Train 0.9301, Val 0.9196, Test 0.9206
Best:
          Accuracy         : Train 0.9309, Val 0.9277, Test 0.9279
Epoch 180: Loss:            : Train 0.0000, Val 0.1945, Test 0.1863
          Accuracy         : Train 0.9312, Val 0.9239, Test 0.9235
Best:
          Accuracy         : Train 0.9309, Val 0.9277, Test 0.9279
Epoch 181: Loss:            : Train 0.0000, Val 0.1935, Test 0.1868
          Accuracy         : Train 0.9317, Val 0.9247, Test 0.9264
Best:
          Accuracy         : Train 0.9309, Val 0.9277, Test 0.9279
Epoch 182: Loss:            : Train 0.0000, Val 0.1985, Test 0.1904
          Accuracy         : Train 0.9310, Val 0.9281, Test 0.9267
Best:
          Accuracy         : Train 0.9310, Val 0.9281, Test 0.9267
Epoch 183: Loss:            : Train 0.0000, Val 0.1893, Test 0.1832
          Accuracy         : Train 0.9324, Val 0.9258, Test 0.9255
Best:
          Accuracy         : Train 0.9310, Val 0.9281, Test 0.9267
Epoch 184: Loss:            : Train 0.0000, Val 0.2031, Test 0.1968
          Accuracy         : Train 0.9313, Val 0.9196, Test 0.9203
Best:
          Accuracy         : Train 0.9310, Val 0.9281, Test 0.9267
Epoch 185: Loss:            : Train 0.0000, Val 0.1940, Test 0.1873
          Accuracy         : Train 0.9301, Val 0.9239, Test 0.9238
Best:
          Accuracy         : Train 0.9310, Val 0.9281, Test 0.9267
Epoch 186: Loss:            : Train 0.0000, Val 0.1931, Test 0.1846
          Accuracy         : Train 0.9323, Val 0.9263, Test 0.9266
Best:
          Accuracy         : Train 0.9310, Val 0.9281, Test 0.9267
Epoch 187: Loss:            : Train 0.0000, Val 0.1878, Test 0.1834
          Accuracy         : Train 0.9320, Val 0.9269, Test 0.9277
Best:
          Accuracy         : Train 0.9310, Val 0.9281, Test 0.9267
Epoch 188: Loss:            : Train 0.0000, Val 0.1916, Test 0.1830
          Accuracy         : Train 0.9324, Val 0.9253, Test 0.9262
Best:
          Accuracy         : Train 0.9310, Val 0.9281, Test 0.9267
Epoch 189: Loss:            : Train 0.0000, Val 0.1917, Test 0.1849
          Accuracy         : Train 0.9326, Val 0.9252, Test 0.9255
Best:
          Accuracy         : Train 0.9310, Val 0.9281, Test 0.9267
Epoch 190: Loss:            : Train 0.0000, Val 0.1932, Test 0.1844
          Accuracy         : Train 0.9319, Val 0.9247, Test 0.9252
Best:
          Accuracy         : Train 0.9310, Val 0.9281, Test 0.9267
Epoch 191: Loss:            : Train 0.0000, Val 0.1895, Test 0.1819
          Accuracy         : Train 0.9322, Val 0.9263, Test 0.9274
Best:
          Accuracy         : Train 0.9310, Val 0.9281, Test 0.9267
Epoch 192: Loss:            : Train 0.0000, Val 0.1957, Test 0.1894
          Accuracy         : Train 0.9324, Val 0.9218, Test 0.9243
Best:
          Accuracy         : Train 0.9310, Val 0.9281, Test 0.9267
Epoch 193: Loss:            : Train 0.0000, Val 0.1952, Test 0.1871
          Accuracy         : Train 0.9316, Val 0.9232, Test 0.9252
Best:
          Accuracy         : Train 0.9310, Val 0.9281, Test 0.9267
Epoch 194: Loss:            : Train 0.0000, Val 0.2024, Test 0.1961
          Accuracy         : Train 0.9318, Val 0.9202, Test 0.9223
Best:
          Accuracy         : Train 0.9310, Val 0.9281, Test 0.9267
Epoch 195: Loss:            : Train 0.0000, Val 0.1919, Test 0.1836
          Accuracy         : Train 0.9325, Val 0.9276, Test 0.9261
Best:
          Accuracy         : Train 0.9310, Val 0.9281, Test 0.9267
Epoch 196: Loss:            : Train 0.0000, Val 0.2060, Test 0.1987
          Accuracy         : Train 0.9329, Val 0.9194, Test 0.9208
Best:
          Accuracy         : Train 0.9310, Val 0.9281, Test 0.9267
Epoch 197: Loss:            : Train 0.0000, Val 0.1902, Test 0.1836
          Accuracy         : Train 0.9323, Val 0.9261, Test 0.9266
Best:
          Accuracy         : Train 0.9310, Val 0.9281, Test 0.9267
Epoch 198: Loss:            : Train 0.0000, Val 0.2005, Test 0.1924
          Accuracy         : Train 0.9333, Val 0.9210, Test 0.9228
Best:
          Accuracy         : Train 0.9310, Val 0.9281, Test 0.9267
Epoch 199: Loss:            : Train 0.0000, Val 0.1920, Test 0.1845
          Accuracy         : Train 0.9318, Val 0.9230, Test 0.9258
Best:
          Accuracy         : Train 0.9310, Val 0.9281, Test 0.9267
Epoch 200: Loss:            : Train 0.0000, Val 0.1903, Test 0.1810
          Accuracy         : Train 0.9335, Val 0.9257, Test 0.9283
Best:
          Accuracy         : Train 0.9310, Val 0.9281, Test 0.9267
Training time (sec): 343
