Loading house from data/beijing/house_clean.csv
Loading airbnb from data/beijing/airbnb_clean.csv
Current house columns Index(['cid', 'DOM', 'followers', 'square', 'livingRoom', 'drawingRoom',
       'kitchen', 'bathRoom', 'floor', 'constructionTime', 'ladderRatio',
       'elevator', 'fiveYearsProperty', 'subway', 'did_2', 'did_3', 'did_4',
       'did_5', 'did_6', 'did_7', 'did_8', 'did_9', 'did_10', 'did_11',
       'did_12', 'did_13', 'bt_2', 'bt_3', 'bt_4', 'rc_2', 'rc_3', 'rc_4',
       'bs_2', 'bs_3', 'bs_4', 'bs_5', 'bs_6', 'ty_2014', 'ty_2015', 'ty_2016',
       'ty_2017', 'ty_2018', 'tm_2', 'tm_3', 'tm_4', 'tm_5', 'tm_6', 'tm_7',
       'tm_8', 'tm_9', 'tm_10', 'tm_11', 'tm_12', 'lon', 'lat'],
      dtype='object')
Current airbnb columns Index(['lon', 'lat', 'price', 'minimum_nights', 'number_of_reviews',
       'reviews_per_month', 'calculated_host_listings_count',
       'availability_365', 'nbr_丰台区 ', 'nbr_大兴区 ', 'nbr_密云县 ', 'nbr_平谷区 ',
       'nbr_延庆县 ', 'nbr_怀柔区 ', 'nbr_房山区', 'nbr_昌平区', 'nbr_朝阳区 ', 'nbr_海淀区',
       'nbr_石景山区', 'nbr_西城区', 'nbr_通州区 ', 'nbr_门头沟区 ', 'nbr_顺义区 ',
       'rt_Private room', 'rt_Shared room'],
      dtype='object')
Loading data from cache
Done
Calculating noise scale
Adding noise of scale 0.0 to sim_scores
Adding noise of scale 0.0 to sim_scores
Adding noise of scale 0.0 to sim_scores
Filter dataset to top 10
Generating top 10 dataset
Generating top 10 dataset
Generating top 10 dataset
Preparing time (sec): 12
Initializing dataloader
Done
Prepare for training
Start training
================================================================================
                                    Kernel Shape Output Shape  Params  \
Layer                                                                   
0_local_models.0.fc_layers.Linear_0    [54, 200]   [128, 200]   11000   
1_local_models.0.fc_layers.Linear_1   [200, 100]   [128, 100]   20100   
2_local_models.1.fc_layers.Linear_0    [23, 200]   [128, 200]    4800   
3_local_models.1.fc_layers.Linear_1   [200, 100]   [128, 100]   20100   
4_agg_model.fc_layers.Linear_0        [200, 100]   [128, 100]   20100   
5_agg_model.fc_layers.Linear_1          [100, 1]     [128, 1]     101   

                                     Mult-Adds  
Layer                                           
0_local_models.0.fc_layers.Linear_0      10800  
1_local_models.0.fc_layers.Linear_1      20000  
2_local_models.1.fc_layers.Linear_0       4600  
3_local_models.1.fc_layers.Linear_1      20000  
4_agg_model.fc_layers.Linear_0           20000  
5_agg_model.fc_layers.Linear_1             100  
--------------------------------------------------------------------------------
                      Totals
Total params           76201
Trainable params       76201
Non-trainable params       0
Mult-Adds              75500
================================================================================
n_classes=2
task=regression
model_name=beijing_featuresim_p_1E+00_2022-01-27-03-49-33
sche_threshold=0.0001
sche_patience=10
sche_factor=0.1
use_scheduler=False
num_workers=4
device=cuda:2
test_batch_size=4096
train_batch_size=128
learning_rate=0.003
weight_decay=1e-05
num_epochs=100
model_save_path=ckp/beijing_featuresim_p_1E+00_2022-01-27-03-49-33.pth
test_rate=0.2
val_rate=0.1
multiprocess_context=fork
metrics=['r2_score', 'rmse']
metrics_f=[<metric.r2_score.R2Score object at 0x7fb84aabbe80>, <metric.rmse.RMSE object at 0x7fb84aabb970>]
hidden_sizes=[200, 100]
model=SplitNN(
  (agg_model): MLP(
    (fc_layers): ModuleList(
      (0): Linear(in_features=200, out_features=100, bias=True)
      (1): Linear(in_features=100, out_features=1, bias=True)
    )
  )
  (local_models): ModuleList(
    (0): MLP(
      (fc_layers): ModuleList(
        (0): Linear(in_features=54, out_features=200, bias=True)
        (1): Linear(in_features=200, out_features=100, bias=True)
      )
    )
    (1): MLP(
      (fc_layers): ModuleList(
        (0): Linear(in_features=23, out_features=200, bias=True)
        (1): Linear(in_features=200, out_features=100, bias=True)
      )
    )
  )
)
writer=<torch.utils.tensorboard.writer.SummaryWriter object at 0x7fb950cd1a00>
dataset_type=real
drop_key=True
num_common_features=2
tree_radius=0.01
tree_leaf_size=1000
knn_k=10
grid_min=-10.0
grid_max=10.0
grid_width=1.5
sim_scaler=StandardScaler()
filter_top_k=10
link_n_jobs=-1
psig_p=7
sim_leak_p=1.0
link_threshold_t=0.01
link_epsilon=0.03
n_hash_lsh=20
edit_distance_threshold=1
n_hash_func=10
collision_rate=0.05
qgram_q=2
link_delta=0.03
feature_wise_sim=False
blocking_method=knn
center_threshold=0.5
n_clusters=100
local_hidden_sizes=[[200], [200]]
cut_dims=[100, 100]
agg_hidden_sizes=[100]
scale_analysis=None
data1_shape=(141050, 55)
data2_shape=(27827, 25)
Epoch 1: Loss:            : Train 0.0086, Val 0.0065, Test 0.0065
          R2_Score         : Train 0.7479, Val 0.8149, Test 0.8109
          RMSE             : Train 91.8440, Val 79.5492, Test 79.7546
Best:
          R2_Score         : Train 0.7479, Val 0.8149, Test 0.8109
          RMSE             : Train 91.8440, Val 79.5492, Test 79.7546
Epoch 2: Loss:            : Train 0.0058, Val 0.0058, Test 0.0058
          R2_Score         : Train 0.8302, Val 0.8338, Test 0.8310
          RMSE             : Train 75.3666, Val 75.3845, Test 75.3951
Best:
          R2_Score         : Train 0.8302, Val 0.8338, Test 0.8310
          RMSE             : Train 75.3666, Val 75.3845, Test 75.3951
Epoch 3: Loss:            : Train 0.0055, Val 0.0056, Test 0.0055
          R2_Score         : Train 0.8392, Val 0.8401, Test 0.8394
          RMSE             : Train 73.3543, Val 73.9438, Test 73.5050
Best:
          R2_Score         : Train 0.8392, Val 0.8401, Test 0.8394
          RMSE             : Train 73.3543, Val 73.9438, Test 73.5050
Epoch 4: Loss:            : Train 0.0052, Val 0.0058, Test 0.0057
          R2_Score         : Train 0.8469, Val 0.8349, Test 0.8351
          RMSE             : Train 71.5693, Val 75.1213, Test 74.4821
Best:
          R2_Score         : Train 0.8392, Val 0.8401, Test 0.8394
          RMSE             : Train 73.3543, Val 73.9438, Test 73.5050
Epoch 5: Loss:            : Train 0.0050, Val 0.0056, Test 0.0055
          R2_Score         : Train 0.8525, Val 0.8407, Test 0.8405
          RMSE             : Train 70.2578, Val 73.7904, Test 73.2328
Best:
          R2_Score         : Train 0.8525, Val 0.8407, Test 0.8405
          RMSE             : Train 70.2578, Val 73.7904, Test 73.2328
Epoch 6: Loss:            : Train 0.0048, Val 0.0053, Test 0.0051
          R2_Score         : Train 0.8581, Val 0.8485, Test 0.8503
          RMSE             : Train 68.9018, Val 71.9646, Test 70.9639
Best:
          R2_Score         : Train 0.8581, Val 0.8485, Test 0.8503
          RMSE             : Train 68.9018, Val 71.9646, Test 70.9639
Epoch 7: Loss:            : Train 0.0047, Val 0.0050, Test 0.0048
          R2_Score         : Train 0.8626, Val 0.8579, Test 0.8601
          RMSE             : Train 67.7965, Val 69.6905, Test 68.6011
Best:
          R2_Score         : Train 0.8626, Val 0.8579, Test 0.8601
          RMSE             : Train 67.7965, Val 69.6905, Test 68.6011
Epoch 8: Loss:            : Train 0.0045, Val 0.0049, Test 0.0048
          R2_Score         : Train 0.8671, Val 0.8592, Test 0.8603
          RMSE             : Train 66.6836, Val 69.3782, Test 68.5358
Best:
          R2_Score         : Train 0.8671, Val 0.8592, Test 0.8603
          RMSE             : Train 66.6836, Val 69.3782, Test 68.5358
Epoch 9: Loss:            : Train 0.0044, Val 0.0049, Test 0.0047
          R2_Score         : Train 0.8700, Val 0.8603, Test 0.8620
          RMSE             : Train 65.9449, Val 69.0988, Test 68.1253
Best:
          R2_Score         : Train 0.8700, Val 0.8603, Test 0.8620
          RMSE             : Train 65.9449, Val 69.0988, Test 68.1253
Epoch 10: Loss:            : Train 0.0043, Val 0.0047, Test 0.0046
          R2_Score         : Train 0.8735, Val 0.8640, Test 0.8652
          RMSE             : Train 65.0595, Val 68.1924, Test 67.3291
Best:
          R2_Score         : Train 0.8735, Val 0.8640, Test 0.8652
          RMSE             : Train 65.0595, Val 68.1924, Test 67.3291
Epoch 11: Loss:            : Train 0.0042, Val 0.0048, Test 0.0046
          R2_Score         : Train 0.8762, Val 0.8624, Test 0.8665
          RMSE             : Train 64.3664, Val 68.5766, Test 67.0115
Best:
          R2_Score         : Train 0.8735, Val 0.8640, Test 0.8652
          RMSE             : Train 65.0595, Val 68.1924, Test 67.3291
Epoch 12: Loss:            : Train 0.0041, Val 0.0047, Test 0.0046
          R2_Score         : Train 0.8789, Val 0.8648, Test 0.8666
          RMSE             : Train 63.6435, Val 67.9937, Test 66.9735
Best:
          R2_Score         : Train 0.8789, Val 0.8648, Test 0.8666
          RMSE             : Train 63.6435, Val 67.9937, Test 66.9735
Epoch 13: Loss:            : Train 0.0040, Val 0.0046, Test 0.0045
          R2_Score         : Train 0.8823, Val 0.8678, Test 0.8691
          RMSE             : Train 62.7629, Val 67.2374, Test 66.3591
Best:
          R2_Score         : Train 0.8823, Val 0.8678, Test 0.8691
          RMSE             : Train 62.7629, Val 67.2374, Test 66.3591
Epoch 14: Loss:            : Train 0.0039, Val 0.0045, Test 0.0045
          R2_Score         : Train 0.8846, Val 0.8700, Test 0.8700
          RMSE             : Train 62.1436, Val 66.6598, Test 66.1250
Best:
          R2_Score         : Train 0.8846, Val 0.8700, Test 0.8700
          RMSE             : Train 62.1436, Val 66.6598, Test 66.1250
Epoch 15: Loss:            : Train 0.0039, Val 0.0045, Test 0.0044
          R2_Score         : Train 0.8869, Val 0.8719, Test 0.8723
          RMSE             : Train 61.5125, Val 66.1658, Test 65.5335
Best:
          R2_Score         : Train 0.8869, Val 0.8719, Test 0.8723
          RMSE             : Train 61.5125, Val 66.1658, Test 65.5335
Epoch 16: Loss:            : Train 0.0038, Val 0.0046, Test 0.0044
          R2_Score         : Train 0.8891, Val 0.8690, Test 0.8710
          RMSE             : Train 60.9081, Val 66.9142, Test 65.8643
Best:
          R2_Score         : Train 0.8869, Val 0.8719, Test 0.8723
          RMSE             : Train 61.5125, Val 66.1658, Test 65.5335
Epoch 17: Loss:            : Train 0.0037, Val 0.0044, Test 0.0043
          R2_Score         : Train 0.8910, Val 0.8730, Test 0.8741
          RMSE             : Train 60.3765, Val 65.8805, Test 65.0600
Best:
          R2_Score         : Train 0.8910, Val 0.8730, Test 0.8741
          RMSE             : Train 60.3765, Val 65.8805, Test 65.0600
Epoch 18: Loss:            : Train 0.0037, Val 0.0045, Test 0.0043
          R2_Score         : Train 0.8930, Val 0.8714, Test 0.8735
          RMSE             : Train 59.8436, Val 66.2918, Test 65.2381
Best:
          R2_Score         : Train 0.8910, Val 0.8730, Test 0.8741
          RMSE             : Train 60.3765, Val 65.8805, Test 65.0600
Epoch 19: Loss:            : Train 0.0036, Val 0.0043, Test 0.0042
          R2_Score         : Train 0.8952, Val 0.8768, Test 0.8764
          RMSE             : Train 59.2221, Val 64.9093, Test 64.4627
Best:
          R2_Score         : Train 0.8952, Val 0.8768, Test 0.8764
          RMSE             : Train 59.2221, Val 64.9093, Test 64.4627
Epoch 20: Loss:            : Train 0.0035, Val 0.0043, Test 0.0042
          R2_Score         : Train 0.8967, Val 0.8758, Test 0.8781
          RMSE             : Train 58.7838, Val 65.1665, Test 64.0217
Best:
          R2_Score         : Train 0.8952, Val 0.8768, Test 0.8764
          RMSE             : Train 59.2221, Val 64.9093, Test 64.4627
Epoch 21: Loss:            : Train 0.0035, Val 0.0042, Test 0.0041
          R2_Score         : Train 0.8985, Val 0.8788, Test 0.8798
          RMSE             : Train 58.2618, Val 64.3659, Test 63.5798
Best:
          R2_Score         : Train 0.8985, Val 0.8788, Test 0.8798
          RMSE             : Train 58.2618, Val 64.3659, Test 63.5798
Epoch 22: Loss:            : Train 0.0034, Val 0.0043, Test 0.0041
          R2_Score         : Train 0.9001, Val 0.8782, Test 0.8800
          RMSE             : Train 57.8070, Val 64.5308, Test 63.5348
Best:
          R2_Score         : Train 0.8985, Val 0.8788, Test 0.8798
          RMSE             : Train 58.2618, Val 64.3659, Test 63.5798
Epoch 23: Loss:            : Train 0.0034, Val 0.0043, Test 0.0042
          R2_Score         : Train 0.9014, Val 0.8775, Test 0.8783
          RMSE             : Train 57.4360, Val 64.7146, Test 63.9775
Best:
          R2_Score         : Train 0.8985, Val 0.8788, Test 0.8798
          RMSE             : Train 58.2618, Val 64.3659, Test 63.5798
Epoch 24: Loss:            : Train 0.0033, Val 0.0043, Test 0.0042
          R2_Score         : Train 0.9027, Val 0.8780, Test 0.8781
          RMSE             : Train 57.0492, Val 64.5775, Test 64.0414
Best:
          R2_Score         : Train 0.8985, Val 0.8788, Test 0.8798
          RMSE             : Train 58.2618, Val 64.3659, Test 63.5798
Epoch 25: Loss:            : Train 0.0033, Val 0.0041, Test 0.0040
          R2_Score         : Train 0.9043, Val 0.8815, Test 0.8824
          RMSE             : Train 56.5960, Val 63.6390, Test 62.8990
Best:
          R2_Score         : Train 0.9043, Val 0.8815, Test 0.8824
          RMSE             : Train 56.5960, Val 63.6390, Test 62.8990
Epoch 26: Loss:            : Train 0.0032, Val 0.0041, Test 0.0040
          R2_Score         : Train 0.9054, Val 0.8816, Test 0.8835
          RMSE             : Train 56.2450, Val 63.6297, Test 62.6083
Best:
          R2_Score         : Train 0.9054, Val 0.8816, Test 0.8835
          RMSE             : Train 56.2450, Val 63.6297, Test 62.6083
Epoch 27: Loss:            : Train 0.0032, Val 0.0042, Test 0.0041
          R2_Score         : Train 0.9068, Val 0.8802, Test 0.8814
          RMSE             : Train 55.8508, Val 63.9859, Test 63.1497
Best:
          R2_Score         : Train 0.9054, Val 0.8816, Test 0.8835
          RMSE             : Train 56.2450, Val 63.6297, Test 62.6083
Epoch 28: Loss:            : Train 0.0032, Val 0.0041, Test 0.0039
          R2_Score         : Train 0.9077, Val 0.8842, Test 0.8851
          RMSE             : Train 55.5720, Val 62.9157, Test 62.1666
Best:
          R2_Score         : Train 0.9077, Val 0.8842, Test 0.8851
          RMSE             : Train 55.5720, Val 62.9157, Test 62.1666
Epoch 29: Loss:            : Train 0.0031, Val 0.0041, Test 0.0040
          R2_Score         : Train 0.9092, Val 0.8837, Test 0.8844
          RMSE             : Train 55.1298, Val 63.0429, Test 62.3577
Best:
          R2_Score         : Train 0.9077, Val 0.8842, Test 0.8851
          RMSE             : Train 55.5720, Val 62.9157, Test 62.1666
Epoch 30: Loss:            : Train 0.0031, Val 0.0041, Test 0.0041
          R2_Score         : Train 0.9101, Val 0.8816, Test 0.8812
          RMSE             : Train 54.8496, Val 63.6148, Test 63.2144
Best:
          R2_Score         : Train 0.9077, Val 0.8842, Test 0.8851
          RMSE             : Train 55.5720, Val 62.9157, Test 62.1666
Epoch 31: Loss:            : Train 0.0031, Val 0.0040, Test 0.0040
          R2_Score         : Train 0.9107, Val 0.8845, Test 0.8837
          RMSE             : Train 54.6683, Val 62.8470, Test 62.5364
Best:
          R2_Score         : Train 0.9107, Val 0.8845, Test 0.8837
          RMSE             : Train 54.6683, Val 62.8470, Test 62.5364
Epoch 32: Loss:            : Train 0.0030, Val 0.0041, Test 0.0040
          R2_Score         : Train 0.9118, Val 0.8812, Test 0.8825
          RMSE             : Train 54.3236, Val 63.7299, Test 62.8745
Best:
          R2_Score         : Train 0.9107, Val 0.8845, Test 0.8837
          RMSE             : Train 54.6683, Val 62.8470, Test 62.5364
Epoch 33: Loss:            : Train 0.0030, Val 0.0040, Test 0.0039
          R2_Score         : Train 0.9121, Val 0.8857, Test 0.8860
          RMSE             : Train 54.2143, Val 62.5022, Test 61.9195
Best:
          R2_Score         : Train 0.9121, Val 0.8857, Test 0.8860
          RMSE             : Train 54.2143, Val 62.5022, Test 61.9195
Epoch 34: Loss:            : Train 0.0030, Val 0.0040, Test 0.0039
          R2_Score         : Train 0.9135, Val 0.8887, Test 0.8875
          RMSE             : Train 53.8010, Val 61.6968, Test 61.5055
Best:
          R2_Score         : Train 0.9135, Val 0.8887, Test 0.8875
          RMSE             : Train 53.8010, Val 61.6968, Test 61.5055
Epoch 35: Loss:            : Train 0.0029, Val 0.0040, Test 0.0039
          R2_Score         : Train 0.9145, Val 0.8845, Test 0.8849
          RMSE             : Train 53.4986, Val 62.8353, Test 62.2077
Best:
          R2_Score         : Train 0.9135, Val 0.8887, Test 0.8875
          RMSE             : Train 53.8010, Val 61.6968, Test 61.5055
Epoch 36: Loss:            : Train 0.0029, Val 0.0040, Test 0.0040
          R2_Score         : Train 0.9153, Val 0.8845, Test 0.8837
          RMSE             : Train 53.2274, Val 62.8240, Test 62.5519
Best:
          R2_Score         : Train 0.9135, Val 0.8887, Test 0.8875
          RMSE             : Train 53.8010, Val 61.6968, Test 61.5055
Epoch 37: Loss:            : Train 0.0029, Val 0.0039, Test 0.0039
          R2_Score         : Train 0.9157, Val 0.8881, Test 0.8877
          RMSE             : Train 53.1003, Val 61.8494, Test 61.4583
Best:
          R2_Score         : Train 0.9135, Val 0.8887, Test 0.8875
          RMSE             : Train 53.8010, Val 61.6968, Test 61.5055
Epoch 38: Loss:            : Train 0.0029, Val 0.0040, Test 0.0039
          R2_Score         : Train 0.9165, Val 0.8853, Test 0.8854
          RMSE             : Train 52.8651, Val 62.6137, Test 62.0730
Best:
          R2_Score         : Train 0.9135, Val 0.8887, Test 0.8875
          RMSE             : Train 53.8010, Val 61.6968, Test 61.5055
Epoch 39: Loss:            : Train 0.0028, Val 0.0039, Test 0.0039
          R2_Score         : Train 0.9172, Val 0.8869, Test 0.8869
          RMSE             : Train 52.6320, Val 62.1912, Test 61.6753
Best:
          R2_Score         : Train 0.9135, Val 0.8887, Test 0.8875
          RMSE             : Train 53.8010, Val 61.6968, Test 61.5055
Epoch 40: Loss:            : Train 0.0028, Val 0.0040, Test 0.0039
          R2_Score         : Train 0.9180, Val 0.8863, Test 0.8868
          RMSE             : Train 52.3887, Val 62.3345, Test 61.6919
Best:
          R2_Score         : Train 0.9135, Val 0.8887, Test 0.8875
          RMSE             : Train 53.8010, Val 61.6968, Test 61.5055
Epoch 41: Loss:            : Train 0.0028, Val 0.0041, Test 0.0040
          R2_Score         : Train 0.9190, Val 0.8823, Test 0.8836
          RMSE             : Train 52.0679, Val 63.4325, Test 62.5641
Best:
          R2_Score         : Train 0.9135, Val 0.8887, Test 0.8875
          RMSE             : Train 53.8010, Val 61.6968, Test 61.5055
Epoch 42: Loss:            : Train 0.0027, Val 0.0039, Test 0.0039
          R2_Score         : Train 0.9195, Val 0.8874, Test 0.8862
          RMSE             : Train 51.8969, Val 62.0496, Test 61.8587
Best:
          R2_Score         : Train 0.9135, Val 0.8887, Test 0.8875
          RMSE             : Train 53.8010, Val 61.6968, Test 61.5055
Epoch 43: Loss:            : Train 0.0027, Val 0.0039, Test 0.0039
          R2_Score         : Train 0.9200, Val 0.8872, Test 0.8876
          RMSE             : Train 51.7252, Val 62.0908, Test 61.4763
Best:
          R2_Score         : Train 0.9135, Val 0.8887, Test 0.8875
          RMSE             : Train 53.8010, Val 61.6968, Test 61.5055
Epoch 44: Loss:            : Train 0.0027, Val 0.0039, Test 0.0039
          R2_Score         : Train 0.9209, Val 0.8871, Test 0.8877
          RMSE             : Train 51.4440, Val 62.1305, Test 61.4449
Best:
          R2_Score         : Train 0.9135, Val 0.8887, Test 0.8875
          RMSE             : Train 53.8010, Val 61.6968, Test 61.5055
Epoch 45: Loss:            : Train 0.0027, Val 0.0039, Test 0.0038
          R2_Score         : Train 0.9214, Val 0.8871, Test 0.8881
          RMSE             : Train 51.2959, Val 62.1353, Test 61.3535
Best:
          R2_Score         : Train 0.9135, Val 0.8887, Test 0.8875
          RMSE             : Train 53.8010, Val 61.6968, Test 61.5055
Epoch 46: Loss:            : Train 0.0027, Val 0.0038, Test 0.0038
          R2_Score         : Train 0.9221, Val 0.8899, Test 0.8897
          RMSE             : Train 51.0445, Val 61.3396, Test 60.8985
Best:
          R2_Score         : Train 0.9221, Val 0.8899, Test 0.8897
          RMSE             : Train 51.0445, Val 61.3396, Test 60.8985
Epoch 47: Loss:            : Train 0.0026, Val 0.0039, Test 0.0038
          R2_Score         : Train 0.9228, Val 0.8881, Test 0.8890
          RMSE             : Train 50.8198, Val 61.8468, Test 61.0911
Best:
          R2_Score         : Train 0.9221, Val 0.8899, Test 0.8897
          RMSE             : Train 51.0445, Val 61.3396, Test 60.8985
Epoch 48: Loss:            : Train 0.0026, Val 0.0041, Test 0.0040
          R2_Score         : Train 0.9234, Val 0.8826, Test 0.8841
          RMSE             : Train 50.6399, Val 63.3457, Test 62.4315
Best:
          R2_Score         : Train 0.9221, Val 0.8899, Test 0.8897
          RMSE             : Train 51.0445, Val 61.3396, Test 60.8985
Epoch 49: Loss:            : Train 0.0026, Val 0.0039, Test 0.0038
          R2_Score         : Train 0.9238, Val 0.8885, Test 0.8883
          RMSE             : Train 50.5010, Val 61.7380, Test 61.2922
Best:
          R2_Score         : Train 0.9221, Val 0.8899, Test 0.8897
          RMSE             : Train 51.0445, Val 61.3396, Test 60.8985
Epoch 50: Loss:            : Train 0.0026, Val 0.0041, Test 0.0040
          R2_Score         : Train 0.9242, Val 0.8828, Test 0.8829
          RMSE             : Train 50.3497, Val 63.3043, Test 62.7602
Best:
          R2_Score         : Train 0.9221, Val 0.8899, Test 0.8897
          RMSE             : Train 51.0445, Val 61.3396, Test 60.8985
Epoch 51: Loss:            : Train 0.0026, Val 0.0041, Test 0.0039
          R2_Score         : Train 0.9247, Val 0.8837, Test 0.8852
          RMSE             : Train 50.1830, Val 63.0533, Test 62.1455
Best:
          R2_Score         : Train 0.9221, Val 0.8899, Test 0.8897
          RMSE             : Train 51.0445, Val 61.3396, Test 60.8985
Epoch 52: Loss:            : Train 0.0025, Val 0.0039, Test 0.0039
          R2_Score         : Train 0.9254, Val 0.8879, Test 0.8865
          RMSE             : Train 49.9534, Val 61.9004, Test 61.7773
Best:
          R2_Score         : Train 0.9221, Val 0.8899, Test 0.8897
          RMSE             : Train 51.0445, Val 61.3396, Test 60.8985
Epoch 53: Loss:            : Train 0.0025, Val 0.0040, Test 0.0039
          R2_Score         : Train 0.9255, Val 0.8862, Test 0.8863
          RMSE             : Train 49.9333, Val 62.3590, Test 61.8382
Best:
          R2_Score         : Train 0.9221, Val 0.8899, Test 0.8897
          RMSE             : Train 51.0445, Val 61.3396, Test 60.8985
Epoch 54: Loss:            : Train 0.0025, Val 0.0040, Test 0.0039
          R2_Score         : Train 0.9266, Val 0.8853, Test 0.8863
          RMSE             : Train 49.5602, Val 62.6172, Test 61.8498
Best:
          R2_Score         : Train 0.9221, Val 0.8899, Test 0.8897
          RMSE             : Train 51.0445, Val 61.3396, Test 60.8985
Epoch 55: Loss:            : Train 0.0025, Val 0.0040, Test 0.0039
          R2_Score         : Train 0.9268, Val 0.8866, Test 0.8871
          RMSE             : Train 49.4746, Val 62.2730, Test 61.6331
Best:
          R2_Score         : Train 0.9221, Val 0.8899, Test 0.8897
          RMSE             : Train 51.0445, Val 61.3396, Test 60.8985
Epoch 56: Loss:            : Train 0.0025, Val 0.0039, Test 0.0039
          R2_Score         : Train 0.9272, Val 0.8870, Test 0.8873
          RMSE             : Train 49.3505, Val 62.1560, Test 61.5639
Best:
          R2_Score         : Train 0.9221, Val 0.8899, Test 0.8897
          RMSE             : Train 51.0445, Val 61.3396, Test 60.8985
Epoch 57: Loss:            : Train 0.0025, Val 0.0040, Test 0.0039
          R2_Score         : Train 0.9278, Val 0.8867, Test 0.8867
          RMSE             : Train 49.1578, Val 62.2284, Test 61.7308
Best:
          R2_Score         : Train 0.9221, Val 0.8899, Test 0.8897
          RMSE             : Train 51.0445, Val 61.3396, Test 60.8985
Epoch 58: Loss:            : Train 0.0025, Val 0.0039, Test 0.0039
          R2_Score         : Train 0.9282, Val 0.8876, Test 0.8872
          RMSE             : Train 49.0168, Val 62.0010, Test 61.5853
Best:
          R2_Score         : Train 0.9221, Val 0.8899, Test 0.8897
          RMSE             : Train 51.0445, Val 61.3396, Test 60.8985
Epoch 59: Loss:            : Train 0.0024, Val 0.0040, Test 0.0039
          R2_Score         : Train 0.9286, Val 0.8868, Test 0.8862
          RMSE             : Train 48.8591, Val 62.2126, Test 61.8772
Best:
          R2_Score         : Train 0.9221, Val 0.8899, Test 0.8897
          RMSE             : Train 51.0445, Val 61.3396, Test 60.8985
Epoch 60: Loss:            : Train 0.0024, Val 0.0039, Test 0.0038
          R2_Score         : Train 0.9291, Val 0.8880, Test 0.8892
          RMSE             : Train 48.7128, Val 61.8855, Test 61.0445
Best:
          R2_Score         : Train 0.9221, Val 0.8899, Test 0.8897
          RMSE             : Train 51.0445, Val 61.3396, Test 60.8985
Epoch 61: Loss:            : Train 0.0024, Val 0.0039, Test 0.0038
          R2_Score         : Train 0.9296, Val 0.8888, Test 0.8885
          RMSE             : Train 48.5236, Val 61.6666, Test 61.2249
Best:
          R2_Score         : Train 0.9221, Val 0.8899, Test 0.8897
          RMSE             : Train 51.0445, Val 61.3396, Test 60.8985
Epoch 62: Loss:            : Train 0.0024, Val 0.0039, Test 0.0038
          R2_Score         : Train 0.9298, Val 0.8880, Test 0.8889
          RMSE             : Train 48.4692, Val 61.8749, Test 61.1395
Best:
          R2_Score         : Train 0.9221, Val 0.8899, Test 0.8897
          RMSE             : Train 51.0445, Val 61.3396, Test 60.8985
Epoch 63: Loss:            : Train 0.0024, Val 0.0039, Test 0.0038
          R2_Score         : Train 0.9304, Val 0.8892, Test 0.8881
          RMSE             : Train 48.2661, Val 61.5508, Test 61.3368
Best:
          R2_Score         : Train 0.9221, Val 0.8899, Test 0.8897
          RMSE             : Train 51.0445, Val 61.3396, Test 60.8985
Epoch 64: Loss:            : Train 0.0024, Val 0.0039, Test 0.0038
          R2_Score         : Train 0.9306, Val 0.8890, Test 0.8888
          RMSE             : Train 48.1830, Val 61.6028, Test 61.1637
Best:
          R2_Score         : Train 0.9221, Val 0.8899, Test 0.8897
          RMSE             : Train 51.0445, Val 61.3396, Test 60.8985
Epoch 65: Loss:            : Train 0.0023, Val 0.0039, Test 0.0038
          R2_Score         : Train 0.9314, Val 0.8882, Test 0.8891
          RMSE             : Train 47.9123, Val 61.8242, Test 61.0635
Best:
          R2_Score         : Train 0.9221, Val 0.8899, Test 0.8897
          RMSE             : Train 51.0445, Val 61.3396, Test 60.8985
Epoch 66: Loss:            : Train 0.0023, Val 0.0039, Test 0.0038
          R2_Score         : Train 0.9314, Val 0.8882, Test 0.8893
          RMSE             : Train 47.9086, Val 61.8141, Test 61.0189
Best:
          R2_Score         : Train 0.9221, Val 0.8899, Test 0.8897
          RMSE             : Train 51.0445, Val 61.3396, Test 60.8985
Epoch 67: Loss:            : Train 0.0023, Val 0.0039, Test 0.0038
          R2_Score         : Train 0.9314, Val 0.8892, Test 0.8896
          RMSE             : Train 47.9131, Val 61.5540, Test 60.9310
Best:
          R2_Score         : Train 0.9221, Val 0.8899, Test 0.8897
          RMSE             : Train 51.0445, Val 61.3396, Test 60.8985
Epoch 68: Loss:            : Train 0.0023, Val 0.0039, Test 0.0038
          R2_Score         : Train 0.9324, Val 0.8882, Test 0.8893
          RMSE             : Train 47.5465, Val 61.8180, Test 61.0118
Best:
          R2_Score         : Train 0.9221, Val 0.8899, Test 0.8897
          RMSE             : Train 51.0445, Val 61.3396, Test 60.8985
Epoch 69: Loss:            : Train 0.0023, Val 0.0038, Test 0.0038
          R2_Score         : Train 0.9324, Val 0.8897, Test 0.8897
          RMSE             : Train 47.5442, Val 61.3939, Test 60.9155
Best:
          R2_Score         : Train 0.9221, Val 0.8899, Test 0.8897
          RMSE             : Train 51.0445, Val 61.3396, Test 60.8985
Epoch 70: Loss:            : Train 0.0023, Val 0.0038, Test 0.0038
          R2_Score         : Train 0.9331, Val 0.8904, Test 0.8909
          RMSE             : Train 47.3064, Val 61.2077, Test 60.5716
Best:
          R2_Score         : Train 0.9331, Val 0.8904, Test 0.8909
          RMSE             : Train 47.3064, Val 61.2077, Test 60.5716
Epoch 71: Loss:            : Train 0.0023, Val 0.0040, Test 0.0039
          R2_Score         : Train 0.9334, Val 0.8850, Test 0.8870
          RMSE             : Train 47.1958, Val 62.6894, Test 61.6557
Best:
          R2_Score         : Train 0.9331, Val 0.8904, Test 0.8909
          RMSE             : Train 47.3064, Val 61.2077, Test 60.5716
Epoch 72: Loss:            : Train 0.0023, Val 0.0038, Test 0.0038
          R2_Score         : Train 0.9336, Val 0.8912, Test 0.8906
          RMSE             : Train 47.1490, Val 60.9809, Test 60.6456
Best:
          R2_Score         : Train 0.9336, Val 0.8912, Test 0.8906
          RMSE             : Train 47.1490, Val 60.9809, Test 60.6456
Epoch 73: Loss:            : Train 0.0023, Val 0.0039, Test 0.0038
          R2_Score         : Train 0.9339, Val 0.8873, Test 0.8879
          RMSE             : Train 47.0223, Val 62.0836, Test 61.4007
Best:
          R2_Score         : Train 0.9336, Val 0.8912, Test 0.8906
          RMSE             : Train 47.1490, Val 60.9809, Test 60.6456
Epoch 74: Loss:            : Train 0.0022, Val 0.0038, Test 0.0038
          R2_Score         : Train 0.9343, Val 0.8905, Test 0.8897
          RMSE             : Train 46.8941, Val 61.1908, Test 60.9201
Best:
          R2_Score         : Train 0.9336, Val 0.8912, Test 0.8906
          RMSE             : Train 47.1490, Val 60.9809, Test 60.6456
Epoch 75: Loss:            : Train 0.0022, Val 0.0040, Test 0.0039
          R2_Score         : Train 0.9348, Val 0.8861, Test 0.8873
          RMSE             : Train 46.7094, Val 62.4007, Test 61.5602
Best:
          R2_Score         : Train 0.9336, Val 0.8912, Test 0.8906
          RMSE             : Train 47.1490, Val 60.9809, Test 60.6456
Epoch 76: Loss:            : Train 0.0022, Val 0.0039, Test 0.0038
          R2_Score         : Train 0.9348, Val 0.8871, Test 0.8885
          RMSE             : Train 46.7225, Val 62.1227, Test 61.2505
Best:
          R2_Score         : Train 0.9336, Val 0.8912, Test 0.8906
          RMSE             : Train 47.1490, Val 60.9809, Test 60.6456
Epoch 77: Loss:            : Train 0.0022, Val 0.0040, Test 0.0038
          R2_Score         : Train 0.9350, Val 0.8867, Test 0.8884
          RMSE             : Train 46.6320, Val 62.2461, Test 61.2616
Best:
          R2_Score         : Train 0.9336, Val 0.8912, Test 0.8906
          RMSE             : Train 47.1490, Val 60.9809, Test 60.6456
Epoch 78: Loss:            : Train 0.0022, Val 0.0041, Test 0.0039
          R2_Score         : Train 0.9355, Val 0.8842, Test 0.8859
          RMSE             : Train 46.4405, Val 62.9171, Test 61.9565
Best:
          R2_Score         : Train 0.9336, Val 0.8912, Test 0.8906
          RMSE             : Train 47.1490, Val 60.9809, Test 60.6456
Epoch 79: Loss:            : Train 0.0022, Val 0.0038, Test 0.0037
          R2_Score         : Train 0.9360, Val 0.8918, Test 0.8921
          RMSE             : Train 46.2602, Val 60.8210, Test 60.2301
Best:
          R2_Score         : Train 0.9360, Val 0.8918, Test 0.8921
          RMSE             : Train 46.2602, Val 60.8210, Test 60.2301
Epoch 80: Loss:            : Train 0.0022, Val 0.0040, Test 0.0039
          R2_Score         : Train 0.9365, Val 0.8865, Test 0.8866
          RMSE             : Train 46.0849, Val 62.2782, Test 61.7656
Best:
          R2_Score         : Train 0.9360, Val 0.8918, Test 0.8921
          RMSE             : Train 46.2602, Val 60.8210, Test 60.2301
Epoch 81: Loss:            : Train 0.0022, Val 0.0039, Test 0.0038
          R2_Score         : Train 0.9362, Val 0.8878, Test 0.8893
          RMSE             : Train 46.1825, Val 61.9408, Test 61.0305
Best:
          R2_Score         : Train 0.9360, Val 0.8918, Test 0.8921
          RMSE             : Train 46.2602, Val 60.8210, Test 60.2301
Epoch 82: Loss:            : Train 0.0022, Val 0.0039, Test 0.0038
          R2_Score         : Train 0.9368, Val 0.8874, Test 0.8878
          RMSE             : Train 45.9858, Val 62.0469, Test 61.4166
Best:
          R2_Score         : Train 0.9360, Val 0.8918, Test 0.8921
          RMSE             : Train 46.2602, Val 60.8210, Test 60.2301
Epoch 83: Loss:            : Train 0.0022, Val 0.0038, Test 0.0038
          R2_Score         : Train 0.9367, Val 0.8923, Test 0.8904
          RMSE             : Train 46.0095, Val 60.6722, Test 60.7008
Best:
          R2_Score         : Train 0.9367, Val 0.8923, Test 0.8904
          RMSE             : Train 46.0095, Val 60.6722, Test 60.7008
Epoch 84: Loss:            : Train 0.0021, Val 0.0038, Test 0.0038
          R2_Score         : Train 0.9373, Val 0.8894, Test 0.8902
          RMSE             : Train 45.7976, Val 61.4771, Test 60.7776
Best:
          R2_Score         : Train 0.9367, Val 0.8923, Test 0.8904
          RMSE             : Train 46.0095, Val 60.6722, Test 60.7008
Epoch 85: Loss:            : Train 0.0021, Val 0.0039, Test 0.0038
          R2_Score         : Train 0.9378, Val 0.8886, Test 0.8901
          RMSE             : Train 45.6241, Val 61.6984, Test 60.7905
Best:
          R2_Score         : Train 0.9367, Val 0.8923, Test 0.8904
          RMSE             : Train 46.0095, Val 60.6722, Test 60.7008
Epoch 86: Loss:            : Train 0.0021, Val 0.0038, Test 0.0038
          R2_Score         : Train 0.9381, Val 0.8905, Test 0.8894
          RMSE             : Train 45.5079, Val 61.1933, Test 60.9941
Best:
          R2_Score         : Train 0.9367, Val 0.8923, Test 0.8904
          RMSE             : Train 46.0095, Val 60.6722, Test 60.7008
Epoch 87: Loss:            : Train 0.0021, Val 0.0038, Test 0.0037
          R2_Score         : Train 0.9383, Val 0.8907, Test 0.8914
          RMSE             : Train 45.4412, Val 61.1217, Test 60.4424
Best:
          R2_Score         : Train 0.9367, Val 0.8923, Test 0.8904
          RMSE             : Train 46.0095, Val 60.6722, Test 60.7008
Epoch 88: Loss:            : Train 0.0021, Val 0.0038, Test 0.0038
          R2_Score         : Train 0.9385, Val 0.8898, Test 0.8905
          RMSE             : Train 45.3707, Val 61.3738, Test 60.6891
Best:
          R2_Score         : Train 0.9367, Val 0.8923, Test 0.8904
          RMSE             : Train 46.0095, Val 60.6722, Test 60.7008
Epoch 89: Loss:            : Train 0.0021, Val 0.0038, Test 0.0038
          R2_Score         : Train 0.9387, Val 0.8898, Test 0.8908
          RMSE             : Train 45.3027, Val 61.3789, Test 60.6104
Best:
          R2_Score         : Train 0.9367, Val 0.8923, Test 0.8904
          RMSE             : Train 46.0095, Val 60.6722, Test 60.7008
Epoch 90: Loss:            : Train 0.0021, Val 0.0040, Test 0.0039
          R2_Score         : Train 0.9389, Val 0.8873, Test 0.8869
          RMSE             : Train 45.2291, Val 62.0830, Test 61.6793
Best:
          R2_Score         : Train 0.9367, Val 0.8923, Test 0.8904
          RMSE             : Train 46.0095, Val 60.6722, Test 60.7008
Epoch 91: Loss:            : Train 0.0021, Val 0.0038, Test 0.0038
          R2_Score         : Train 0.9393, Val 0.8897, Test 0.8902
          RMSE             : Train 45.0625, Val 61.4108, Test 60.7783
Best:
          R2_Score         : Train 0.9367, Val 0.8923, Test 0.8904
          RMSE             : Train 46.0095, Val 60.6722, Test 60.7008
Epoch 92: Loss:            : Train 0.0021, Val 0.0038, Test 0.0038
          R2_Score         : Train 0.9393, Val 0.8898, Test 0.8899
          RMSE             : Train 45.0737, Val 61.3842, Test 60.8551
Best:
          R2_Score         : Train 0.9367, Val 0.8923, Test 0.8904
          RMSE             : Train 46.0095, Val 60.6722, Test 60.7008
Epoch 93: Loss:            : Train 0.0021, Val 0.0039, Test 0.0038
          R2_Score         : Train 0.9395, Val 0.8894, Test 0.8905
          RMSE             : Train 44.9988, Val 61.4839, Test 60.6943
Best:
          R2_Score         : Train 0.9367, Val 0.8923, Test 0.8904
          RMSE             : Train 46.0095, Val 60.6722, Test 60.7008
Epoch 94: Loss:            : Train 0.0021, Val 0.0038, Test 0.0038
          R2_Score         : Train 0.9397, Val 0.8911, Test 0.8907
          RMSE             : Train 44.8970, Val 61.0149, Test 60.6401
Best:
          R2_Score         : Train 0.9367, Val 0.8923, Test 0.8904
          RMSE             : Train 46.0095, Val 60.6722, Test 60.7008
Epoch 95: Loss:            : Train 0.0021, Val 0.0038, Test 0.0038
          R2_Score         : Train 0.9399, Val 0.8911, Test 0.8907
          RMSE             : Train 44.8575, Val 61.0095, Test 60.6198
Best:
          R2_Score         : Train 0.9367, Val 0.8923, Test 0.8904
          RMSE             : Train 46.0095, Val 60.6722, Test 60.7008
Epoch 96: Loss:            : Train 0.0020, Val 0.0038, Test 0.0038
          R2_Score         : Train 0.9402, Val 0.8911, Test 0.8901
          RMSE             : Train 44.7127, Val 61.0128, Test 60.7906
Best:
          R2_Score         : Train 0.9367, Val 0.8923, Test 0.8904
          RMSE             : Train 46.0095, Val 60.6722, Test 60.7008
Epoch 97: Loss:            : Train 0.0020, Val 0.0038, Test 0.0037
          R2_Score         : Train 0.9401, Val 0.8907, Test 0.8920
          RMSE             : Train 44.7548, Val 61.1334, Test 60.2802
Best:
          R2_Score         : Train 0.9367, Val 0.8923, Test 0.8904
          RMSE             : Train 46.0095, Val 60.6722, Test 60.7008
Epoch 98: Loss:            : Train 0.0020, Val 0.0038, Test 0.0038
          R2_Score         : Train 0.9407, Val 0.8901, Test 0.8887
          RMSE             : Train 44.5329, Val 61.2809, Test 61.1932
Best:
          R2_Score         : Train 0.9367, Val 0.8923, Test 0.8904
          RMSE             : Train 46.0095, Val 60.6722, Test 60.7008
Epoch 99: Loss:            : Train 0.0020, Val 0.0038, Test 0.0037
          R2_Score         : Train 0.9408, Val 0.8918, Test 0.8910
          RMSE             : Train 44.5130, Val 60.8089, Test 60.5553
Best:
          R2_Score         : Train 0.9367, Val 0.8923, Test 0.8904
          RMSE             : Train 46.0095, Val 60.6722, Test 60.7008
Epoch 100: Loss:            : Train 0.0020, Val 0.0038, Test 0.0037
          R2_Score         : Train 0.9410, Val 0.8925, Test 0.8912
          RMSE             : Train 44.4245, Val 60.6147, Test 60.4794
Best:
          R2_Score         : Train 0.9410, Val 0.8925, Test 0.8912
          RMSE             : Train 44.4245, Val 60.6147, Test 60.4794
Training time (sec): 2453
