Loading house from data/beijing/house_clean.csv
Loading airbnb from data/beijing/airbnb_clean.csv
Current house columns Index(['cid', 'DOM', 'followers', 'square', 'livingRoom', 'drawingRoom',
       'kitchen', 'bathRoom', 'floor', 'constructionTime', 'ladderRatio',
       'elevator', 'fiveYearsProperty', 'subway', 'did_2', 'did_3', 'did_4',
       'did_5', 'did_6', 'did_7', 'did_8', 'did_9', 'did_10', 'did_11',
       'did_12', 'did_13', 'bt_2', 'bt_3', 'bt_4', 'rc_2', 'rc_3', 'rc_4',
       'bs_2', 'bs_3', 'bs_4', 'bs_5', 'bs_6', 'ty_2014', 'ty_2015', 'ty_2016',
       'ty_2017', 'ty_2018', 'tm_2', 'tm_3', 'tm_4', 'tm_5', 'tm_6', 'tm_7',
       'tm_8', 'tm_9', 'tm_10', 'tm_11', 'tm_12', 'lon', 'lat'],
      dtype='object')
Current airbnb columns Index(['lon', 'lat', 'price', 'minimum_nights', 'number_of_reviews',
       'reviews_per_month', 'calculated_host_listings_count',
       'availability_365', 'nbr_丰台区 ', 'nbr_大兴区 ', 'nbr_密云县 ', 'nbr_平谷区 ',
       'nbr_延庆县 ', 'nbr_怀柔区 ', 'nbr_房山区', 'nbr_昌平区', 'nbr_朝阳区 ', 'nbr_海淀区',
       'nbr_石景山区', 'nbr_西城区', 'nbr_通州区 ', 'nbr_门头沟区 ', 'nbr_顺义区 ',
       'rt_Private room', 'rt_Shared room'],
      dtype='object')
Loading data from cache
Done
Calculating noise scale
Adding noise of scale 0.0 to sim_scores
Adding noise of scale 0.0 to sim_scores
Adding noise of scale 0.0 to sim_scores
Filter dataset to top 60
Generating top 60 dataset
Generating top 60 dataset
Generating top 60 dataset
Generating top1 dataset
Generating top1 dataset
Generating top1 dataset
Preparing time (sec): 99
Loading data
Prepare for training
Start training
================================================================================
                                    Kernel Shape Output Shape  Params  \
Layer                                                                   
0_local_models.0.fc_layers.Linear_0    [53, 200]  [4096, 200]   10800   
1_local_models.0.fc_layers.Linear_1   [200, 100]  [4096, 100]   20100   
2_local_models.1.fc_layers.Linear_0    [23, 200]  [4096, 200]    4800   
3_local_models.1.fc_layers.Linear_1   [200, 100]  [4096, 100]   20100   
4_agg_model.fc_layers.Linear_0        [200, 100]  [4096, 100]   20100   
5_agg_model.fc_layers.Linear_1          [100, 1]    [4096, 1]     101   

                                     Mult-Adds  
Layer                                           
0_local_models.0.fc_layers.Linear_0      10600  
1_local_models.0.fc_layers.Linear_1      20000  
2_local_models.1.fc_layers.Linear_0       4600  
3_local_models.1.fc_layers.Linear_1      20000  
4_agg_model.fc_layers.Linear_0           20000  
5_agg_model.fc_layers.Linear_1             100  
--------------------------------------------------------------------------------
                      Totals
Total params           76001
Trainable params       76001
Non-trainable params       0
Mult-Adds              75300
================================================================================
n_classes=2
task=regression
model_name=beijing_top1sim_p_1E+00_2022-01-26-22-05-12
sche_threshold=0.0001
sche_patience=10
sche_factor=0.1
use_scheduler=False
num_workers=4
device=cuda:2
test_batch_size=4096
train_batch_size=4096
learning_rate=0.003
weight_decay=1e-05
num_epochs=50
model_save_path=ckp/beijing_top1sim_p_1E+00_2022-01-26-22-05-12.pth
test_rate=0.2
val_rate=0.1
multiprocess_context=fork
metrics=['r2_score', 'rmse']
metrics_f=[<metric.r2_score.R2Score object at 0x7f87eb2dc9d0>, <metric.rmse.RMSE object at 0x7f87eb2dcd90>]
hidden_sizes=[200, 100]
model=SplitNN(
  (agg_model): MLP(
    (fc_layers): ModuleList(
      (0): Linear(in_features=200, out_features=100, bias=True)
      (1): Linear(in_features=100, out_features=1, bias=True)
    )
  )
  (local_models): ModuleList(
    (0): MLP(
      (fc_layers): ModuleList(
        (0): Linear(in_features=53, out_features=200, bias=True)
        (1): Linear(in_features=200, out_features=100, bias=True)
      )
    )
    (1): MLP(
      (fc_layers): ModuleList(
        (0): Linear(in_features=23, out_features=200, bias=True)
        (1): Linear(in_features=200, out_features=100, bias=True)
      )
    )
  )
)
writer=<torch.utils.tensorboard.writer.SummaryWriter object at 0x7f87eb2dc8e0>
dataset_type=real
drop_key=True
num_common_features=2
tree_radius=0.01
tree_leaf_size=1000
knn_k=60
grid_min=-10.0
grid_max=10.0
grid_width=1.5
sim_scaler=StandardScaler()
filter_top_k=60
link_n_jobs=-1
psig_p=7
sim_leak_p=1.0
link_threshold_t=0.01
link_epsilon=0.03
n_hash_lsh=20
edit_distance_threshold=1
n_hash_func=10
collision_rate=0.05
qgram_q=2
link_delta=0.03
feature_wise_sim=False
blocking_method=knn
center_threshold=0.5
n_clusters=100
local_hidden_sizes=[[200], [200]]
cut_dims=[100, 100]
agg_hidden_sizes=[100]
scale_analysis=None
data1_shape=(141050, 55)
data2_shape=(27827, 25)
Epoch 1: Loss:            : Train 0.0000, Val 0.0279, Test 0.0285
          R2_Score         : Train -0.0748, Val 0.1672, Test 0.1677
          RMSE             : Train 189.6268, Val 168.7331, Test 167.3050
Best:
          R2_Score         : Train -0.0748, Val 0.1672, Test 0.1677
          RMSE             : Train 189.6268, Val 168.7331, Test 167.3050
Epoch 2: Loss:            : Train 0.0000, Val 0.0159, Test 0.0161
          R2_Score         : Train 0.3422, Val 0.5321, Test 0.5308
          RMSE             : Train 148.3453, Val 126.4695, Test 125.6213
Best:
          R2_Score         : Train 0.3422, Val 0.5321, Test 0.5308
          RMSE             : Train 148.3453, Val 126.4695, Test 125.6213
Epoch 3: Loss:            : Train 0.0000, Val 0.0108, Test 0.0107
          R2_Score         : Train 0.6272, Val 0.6914, Test 0.6873
          RMSE             : Train 111.6804, Val 102.7125, Test 102.5566
Best:
          R2_Score         : Train 0.6272, Val 0.6914, Test 0.6873
          RMSE             : Train 111.6804, Val 102.7125, Test 102.5566
Epoch 4: Loss:            : Train 0.0000, Val 0.0085, Test 0.0084
          R2_Score         : Train 0.7278, Val 0.7585, Test 0.7546
          RMSE             : Train 95.4340, Val 90.8586, Test 90.8571
Best:
          R2_Score         : Train 0.7278, Val 0.7585, Test 0.7546
          RMSE             : Train 95.4340, Val 90.8586, Test 90.8571
Epoch 5: Loss:            : Train 0.0000, Val 0.0074, Test 0.0072
          R2_Score         : Train 0.7775, Val 0.7927, Test 0.7902
          RMSE             : Train 86.2696, Val 84.1807, Test 83.9935
Best:
          R2_Score         : Train 0.7775, Val 0.7927, Test 0.7902
          RMSE             : Train 86.2696, Val 84.1807, Test 83.9935
Epoch 6: Loss:            : Train 0.0000, Val 0.0068, Test 0.0066
          R2_Score         : Train 0.8062, Val 0.8096, Test 0.8078
          RMSE             : Train 80.5159, Val 80.6835, Test 80.4007
Best:
          R2_Score         : Train 0.8062, Val 0.8096, Test 0.8078
          RMSE             : Train 80.5159, Val 80.6835, Test 80.4007
Epoch 7: Loss:            : Train 0.0000, Val 0.0061, Test 0.0060
          R2_Score         : Train 0.8213, Val 0.8268, Test 0.8259
          RMSE             : Train 77.3159, Val 76.9585, Test 76.5107
Best:
          R2_Score         : Train 0.8213, Val 0.8268, Test 0.8259
          RMSE             : Train 77.3159, Val 76.9585, Test 76.5107
Epoch 8: Loss:            : Train 0.0000, Val 0.0060, Test 0.0059
          R2_Score         : Train 0.8308, Val 0.8284, Test 0.8275
          RMSE             : Train 75.2269, Val 76.5897, Test 76.1738
Best:
          R2_Score         : Train 0.8308, Val 0.8284, Test 0.8275
          RMSE             : Train 75.2269, Val 76.5897, Test 76.1738
Epoch 9: Loss:            : Train 0.0000, Val 0.0057, Test 0.0056
          R2_Score         : Train 0.8367, Val 0.8371, Test 0.8373
          RMSE             : Train 73.9101, Val 74.6240, Test 73.9749
Best:
          R2_Score         : Train 0.8367, Val 0.8371, Test 0.8373
          RMSE             : Train 73.9101, Val 74.6240, Test 73.9749
Epoch 10: Loss:            : Train 0.0000, Val 0.0056, Test 0.0054
          R2_Score         : Train 0.8415, Val 0.8419, Test 0.8423
          RMSE             : Train 72.8244, Val 73.5132, Test 72.8241
Best:
          R2_Score         : Train 0.8415, Val 0.8419, Test 0.8423
          RMSE             : Train 72.8244, Val 73.5132, Test 72.8241
Epoch 11: Loss:            : Train 0.0000, Val 0.0054, Test 0.0053
          R2_Score         : Train 0.8488, Val 0.8460, Test 0.8458
          RMSE             : Train 71.1273, Val 72.5593, Test 72.0176
Best:
          R2_Score         : Train 0.8488, Val 0.8460, Test 0.8458
          RMSE             : Train 71.1273, Val 72.5593, Test 72.0176
Epoch 12: Loss:            : Train 0.0000, Val 0.0054, Test 0.0053
          R2_Score         : Train 0.8508, Val 0.8459, Test 0.8456
          RMSE             : Train 70.6612, Val 72.5904, Test 72.0660
Best:
          R2_Score         : Train 0.8488, Val 0.8460, Test 0.8458
          RMSE             : Train 71.1273, Val 72.5593, Test 72.0176
Epoch 13: Loss:            : Train 0.0000, Val 0.0053, Test 0.0051
          R2_Score         : Train 0.8556, Val 0.8498, Test 0.8501
          RMSE             : Train 69.5066, Val 71.6503, Test 70.9947
Best:
          R2_Score         : Train 0.8556, Val 0.8498, Test 0.8501
          RMSE             : Train 69.5066, Val 71.6503, Test 70.9947
Epoch 14: Loss:            : Train 0.0000, Val 0.0053, Test 0.0052
          R2_Score         : Train 0.8589, Val 0.8495, Test 0.8494
          RMSE             : Train 68.7074, Val 71.7323, Test 71.1697
Best:
          R2_Score         : Train 0.8556, Val 0.8498, Test 0.8501
          RMSE             : Train 69.5066, Val 71.6503, Test 70.9947
Epoch 15: Loss:            : Train 0.0000, Val 0.0053, Test 0.0052
          R2_Score         : Train 0.8609, Val 0.8494, Test 0.8487
          RMSE             : Train 68.2277, Val 71.7619, Test 71.3315
Best:
          R2_Score         : Train 0.8556, Val 0.8498, Test 0.8501
          RMSE             : Train 69.5066, Val 71.6503, Test 70.9947
Epoch 16: Loss:            : Train 0.0000, Val 0.0049, Test 0.0047
          R2_Score         : Train 0.8641, Val 0.8627, Test 0.8621
          RMSE             : Train 67.4356, Val 68.5176, Test 68.0936
Best:
          R2_Score         : Train 0.8641, Val 0.8627, Test 0.8621
          RMSE             : Train 67.4356, Val 68.5176, Test 68.0936
Epoch 17: Loss:            : Train 0.0000, Val 0.0049, Test 0.0047
          R2_Score         : Train 0.8702, Val 0.8611, Test 0.8622
          RMSE             : Train 65.9035, Val 68.9123, Test 68.0724
Best:
          R2_Score         : Train 0.8641, Val 0.8627, Test 0.8621
          RMSE             : Train 67.4356, Val 68.5176, Test 68.0936
Epoch 18: Loss:            : Train 0.0000, Val 0.0047, Test 0.0045
          R2_Score         : Train 0.8739, Val 0.8671, Test 0.8684
          RMSE             : Train 64.9520, Val 67.4113, Test 66.5234
Best:
          R2_Score         : Train 0.8739, Val 0.8671, Test 0.8684
          RMSE             : Train 64.9520, Val 67.4113, Test 66.5234
Epoch 19: Loss:            : Train 0.0000, Val 0.0047, Test 0.0046
          R2_Score         : Train 0.8764, Val 0.8665, Test 0.8666
          RMSE             : Train 64.3020, Val 67.5657, Test 66.9816
Best:
          R2_Score         : Train 0.8739, Val 0.8671, Test 0.8684
          RMSE             : Train 64.9520, Val 67.4113, Test 66.5234
Epoch 20: Loss:            : Train 0.0000, Val 0.0046, Test 0.0044
          R2_Score         : Train 0.8757, Val 0.8699, Test 0.8707
          RMSE             : Train 64.4775, Val 66.6816, Test 65.9374
Best:
          R2_Score         : Train 0.8757, Val 0.8699, Test 0.8707
          RMSE             : Train 64.4775, Val 66.6816, Test 65.9374
Epoch 21: Loss:            : Train 0.0000, Val 0.0047, Test 0.0044
          R2_Score         : Train 0.8785, Val 0.8692, Test 0.8705
          RMSE             : Train 63.7521, Val 66.8664, Test 66.0041
Best:
          R2_Score         : Train 0.8757, Val 0.8699, Test 0.8707
          RMSE             : Train 64.4775, Val 66.6816, Test 65.9374
Epoch 22: Loss:            : Train 0.0000, Val 0.0045, Test 0.0043
          R2_Score         : Train 0.8826, Val 0.8729, Test 0.8738
          RMSE             : Train 62.6842, Val 65.9289, Test 65.1597
Best:
          R2_Score         : Train 0.8826, Val 0.8729, Test 0.8738
          RMSE             : Train 62.6842, Val 65.9289, Test 65.1597
Epoch 23: Loss:            : Train 0.0000, Val 0.0044, Test 0.0042
          R2_Score         : Train 0.8857, Val 0.8755, Test 0.8766
          RMSE             : Train 61.8494, Val 65.2278, Test 64.4132
Best:
          R2_Score         : Train 0.8857, Val 0.8755, Test 0.8766
          RMSE             : Train 61.8494, Val 65.2278, Test 64.4132
Epoch 24: Loss:            : Train 0.0000, Val 0.0044, Test 0.0042
          R2_Score         : Train 0.8877, Val 0.8757, Test 0.8777
          RMSE             : Train 61.3016, Val 65.1758, Test 64.1337
Best:
          R2_Score         : Train 0.8877, Val 0.8757, Test 0.8777
          RMSE             : Train 61.3016, Val 65.1758, Test 64.1337
Epoch 25: Loss:            : Train 0.0000, Val 0.0046, Test 0.0044
          R2_Score         : Train 0.8870, Val 0.8694, Test 0.8716
          RMSE             : Train 61.4918, Val 66.8234, Test 65.7095
Best:
          R2_Score         : Train 0.8877, Val 0.8757, Test 0.8777
          RMSE             : Train 61.3016, Val 65.1758, Test 64.1337
Epoch 26: Loss:            : Train 0.0000, Val 0.0043, Test 0.0041
          R2_Score         : Train 0.8883, Val 0.8784, Test 0.8805
          RMSE             : Train 61.1192, Val 64.4685, Test 63.4086
Best:
          R2_Score         : Train 0.8883, Val 0.8784, Test 0.8805
          RMSE             : Train 61.1192, Val 64.4685, Test 63.4086
Epoch 27: Loss:            : Train 0.0000, Val 0.0043, Test 0.0041
          R2_Score         : Train 0.8923, Val 0.8778, Test 0.8794
          RMSE             : Train 60.0133, Val 64.6371, Test 63.6975
Best:
          R2_Score         : Train 0.8883, Val 0.8784, Test 0.8805
          RMSE             : Train 61.1192, Val 64.4685, Test 63.4086
Epoch 28: Loss:            : Train 0.0000, Val 0.0043, Test 0.0040
          R2_Score         : Train 0.8941, Val 0.8796, Test 0.8827
          RMSE             : Train 59.5256, Val 64.1588, Test 62.8201
Best:
          R2_Score         : Train 0.8941, Val 0.8796, Test 0.8827
          RMSE             : Train 59.5256, Val 64.1588, Test 62.8201
Epoch 29: Loss:            : Train 0.0000, Val 0.0044, Test 0.0042
          R2_Score         : Train 0.8919, Val 0.8761, Test 0.8773
          RMSE             : Train 60.1401, Val 65.0688, Test 64.2334
Best:
          R2_Score         : Train 0.8941, Val 0.8796, Test 0.8827
          RMSE             : Train 59.5256, Val 64.1588, Test 62.8201
Epoch 30: Loss:            : Train 0.0000, Val 0.0042, Test 0.0040
          R2_Score         : Train 0.8938, Val 0.8815, Test 0.8838
          RMSE             : Train 59.5978, Val 63.6475, Test 62.5188
Best:
          R2_Score         : Train 0.8938, Val 0.8815, Test 0.8838
          RMSE             : Train 59.5978, Val 63.6475, Test 62.5188
Epoch 31: Loss:            : Train 0.0000, Val 0.0041, Test 0.0039
          R2_Score         : Train 0.8962, Val 0.8845, Test 0.8857
          RMSE             : Train 58.9311, Val 62.8352, Test 62.0081
Best:
          R2_Score         : Train 0.8962, Val 0.8845, Test 0.8857
          RMSE             : Train 58.9311, Val 62.8352, Test 62.0081
Epoch 32: Loss:            : Train 0.0000, Val 0.0041, Test 0.0039
          R2_Score         : Train 0.8988, Val 0.8858, Test 0.8869
          RMSE             : Train 58.1843, Val 62.4850, Test 61.6722
Best:
          R2_Score         : Train 0.8988, Val 0.8858, Test 0.8869
          RMSE             : Train 58.1843, Val 62.4850, Test 61.6722
Epoch 33: Loss:            : Train 0.0000, Val 0.0041, Test 0.0040
          R2_Score         : Train 0.8975, Val 0.8827, Test 0.8845
          RMSE             : Train 58.5523, Val 63.3369, Test 62.3311
Best:
          R2_Score         : Train 0.8988, Val 0.8858, Test 0.8869
          RMSE             : Train 58.1843, Val 62.4850, Test 61.6722
Epoch 34: Loss:            : Train 0.0000, Val 0.0040, Test 0.0038
          R2_Score         : Train 0.9000, Val 0.8873, Test 0.8899
          RMSE             : Train 57.8478, Val 62.0668, Test 60.8440
Best:
          R2_Score         : Train 0.9000, Val 0.8873, Test 0.8899
          RMSE             : Train 57.8478, Val 62.0668, Test 60.8440
Epoch 35: Loss:            : Train 0.0000, Val 0.0040, Test 0.0039
          R2_Score         : Train 0.8998, Val 0.8866, Test 0.8877
          RMSE             : Train 57.8853, Val 62.2760, Test 61.4559
Best:
          R2_Score         : Train 0.9000, Val 0.8873, Test 0.8899
          RMSE             : Train 57.8478, Val 62.0668, Test 60.8440
Epoch 36: Loss:            : Train 0.0000, Val 0.0042, Test 0.0040
          R2_Score         : Train 0.9044, Val 0.8808, Test 0.8822
          RMSE             : Train 56.5408, Val 63.8359, Test 62.9537
Best:
          R2_Score         : Train 0.9000, Val 0.8873, Test 0.8899
          RMSE             : Train 57.8478, Val 62.0668, Test 60.8440
Epoch 37: Loss:            : Train 0.0000, Val 0.0039, Test 0.0038
          R2_Score         : Train 0.9040, Val 0.8892, Test 0.8903
          RMSE             : Train 56.6738, Val 61.5474, Test 60.7460
Best:
          R2_Score         : Train 0.9040, Val 0.8892, Test 0.8903
          RMSE             : Train 56.6738, Val 61.5474, Test 60.7460
Epoch 38: Loss:            : Train 0.0000, Val 0.0038, Test 0.0037
          R2_Score         : Train 0.9054, Val 0.8918, Test 0.8930
          RMSE             : Train 56.2615, Val 60.8231, Test 59.9754
Best:
          R2_Score         : Train 0.9054, Val 0.8918, Test 0.8930
          RMSE             : Train 56.2615, Val 60.8231, Test 59.9754
Epoch 39: Loss:            : Train 0.0000, Val 0.0040, Test 0.0037
          R2_Score         : Train 0.9061, Val 0.8889, Test 0.8910
          RMSE             : Train 56.0571, Val 61.6419, Test 60.5459
Best:
          R2_Score         : Train 0.9054, Val 0.8918, Test 0.8930
          RMSE             : Train 56.2615, Val 60.8231, Test 59.9754
Epoch 40: Loss:            : Train 0.0000, Val 0.0039, Test 0.0037
          R2_Score         : Train 0.9083, Val 0.8912, Test 0.8924
          RMSE             : Train 55.4038, Val 60.9999, Test 60.1509
Best:
          R2_Score         : Train 0.9054, Val 0.8918, Test 0.8930
          RMSE             : Train 56.2615, Val 60.8231, Test 59.9754
Epoch 41: Loss:            : Train 0.0000, Val 0.0038, Test 0.0037
          R2_Score         : Train 0.9097, Val 0.8926, Test 0.8932
          RMSE             : Train 54.9530, Val 60.5991, Test 59.9264
Best:
          R2_Score         : Train 0.9097, Val 0.8926, Test 0.8932
          RMSE             : Train 54.9530, Val 60.5991, Test 59.9264
Epoch 42: Loss:            : Train 0.0000, Val 0.0038, Test 0.0037
          R2_Score         : Train 0.9116, Val 0.8916, Test 0.8926
          RMSE             : Train 54.3792, Val 60.8733, Test 60.1017
Best:
          R2_Score         : Train 0.9097, Val 0.8926, Test 0.8932
          RMSE             : Train 54.9530, Val 60.5991, Test 59.9264
Epoch 43: Loss:            : Train 0.0000, Val 0.0038, Test 0.0036
          R2_Score         : Train 0.9119, Val 0.8945, Test 0.8957
          RMSE             : Train 54.2753, Val 60.0542, Test 59.2318
Best:
          R2_Score         : Train 0.9119, Val 0.8945, Test 0.8957
          RMSE             : Train 54.2753, Val 60.0542, Test 59.2318
Epoch 44: Loss:            : Train 0.0000, Val 0.0042, Test 0.0039
          R2_Score         : Train 0.9132, Val 0.8861, Test 0.8870
          RMSE             : Train 53.8958, Val 62.4045, Test 61.6568
Best:
          R2_Score         : Train 0.9119, Val 0.8945, Test 0.8957
          RMSE             : Train 54.2753, Val 60.0542, Test 59.2318
Epoch 45: Loss:            : Train 0.0000, Val 0.0038, Test 0.0036
          R2_Score         : Train 0.9112, Val 0.8930, Test 0.8942
          RMSE             : Train 54.5179, Val 60.4880, Test 59.6458
Best:
          R2_Score         : Train 0.9119, Val 0.8945, Test 0.8957
          RMSE             : Train 54.2753, Val 60.0542, Test 59.2318
Epoch 46: Loss:            : Train 0.0000, Val 0.0037, Test 0.0036
          R2_Score         : Train 0.9132, Val 0.8957, Test 0.8963
          RMSE             : Train 53.8974, Val 59.7198, Test 59.0612
Best:
          R2_Score         : Train 0.9132, Val 0.8957, Test 0.8963
          RMSE             : Train 53.8974, Val 59.7198, Test 59.0612
Epoch 47: Loss:            : Train 0.0000, Val 0.0038, Test 0.0036
          R2_Score         : Train 0.9151, Val 0.8934, Test 0.8941
          RMSE             : Train 53.2902, Val 60.3703, Test 59.6920
Best:
          R2_Score         : Train 0.9132, Val 0.8957, Test 0.8963
          RMSE             : Train 53.8974, Val 59.7198, Test 59.0612
Epoch 48: Loss:            : Train 0.0000, Val 0.0037, Test 0.0036
          R2_Score         : Train 0.9160, Val 0.8950, Test 0.8962
          RMSE             : Train 53.0139, Val 59.9056, Test 59.0933
Best:
          R2_Score         : Train 0.9132, Val 0.8957, Test 0.8963
          RMSE             : Train 53.8974, Val 59.7198, Test 59.0612
Epoch 49: Loss:            : Train 0.0000, Val 0.0037, Test 0.0035
          R2_Score         : Train 0.9182, Val 0.8975, Test 0.8985
          RMSE             : Train 52.3087, Val 59.1940, Test 58.4172
Best:
          R2_Score         : Train 0.9182, Val 0.8975, Test 0.8985
          RMSE             : Train 52.3087, Val 59.1940, Test 58.4172
Epoch 50: Loss:            : Train 0.0000, Val 0.0037, Test 0.0036
          R2_Score         : Train 0.9187, Val 0.8941, Test 0.8948
          RMSE             : Train 52.1584, Val 60.1827, Test 59.4839
Best:
          R2_Score         : Train 0.9182, Val 0.8975, Test 0.8985
          RMSE             : Train 52.3087, Val 59.1940, Test 58.4172
Training time (sec): 77
