Loading rawg from data/game/rawg_clean.csv
Loading steam from data/game/steam_clean.csv
Current steam columns Index(['english', 'required_age', 'achievements', 'positive_ratings',
       'negative_ratings', 'average_playtime', 'median_playtime', 'price',
       'cat_Captions available', 'cat_Co-op', 'cat_Commentary available',
       'cat_Cross-Platform Multiplayer', 'cat_Full controller support',
       'cat_In-App Purchases', 'cat_Includes Source SDK',
       'cat_Includes level editor', 'cat_Local Co-op',
       'cat_Local Multi-Player', 'cat_MMO', 'cat_Mods',
       'cat_Mods (require HL2)', 'cat_Multi-player', 'cat_Online Co-op',
       'cat_Online Multi-Player', 'cat_Partial Controller Support',
       'cat_Shared/Split Screen', 'cat_Single-player', 'cat_Stats',
       'cat_Steam Achievements', 'cat_Steam Cloud', 'cat_Steam Leaderboards',
       'cat_Steam Trading Cards', 'cat_Steam Turn Notifications',
       'cat_Steam Workshop', 'cat_SteamVR Collectibles', 'cat_VR Support',
       'cat_Valve Anti-Cheat enabled', 'name'],
      dtype='object')
Current rawg columns Index(['name', 'rating', 'playtime', 'achievements_count', 'suggestions_count',
       'game_series_count', 'reviews_count', 'added_status_yet',
       'added_status_owned', 'added_status_beaten', 'added_status_toplay',
       'added_status_dropped', 'added_status_playing', 'has_website',
       'released_year_before_2020', 'updated_year_before_2020', '3DO',
       'Android', 'Apple II', 'Atari 2600', 'Atari 5200', 'Atari 7800',
       'Atari 8-bit', 'Atari Flashback', 'Atari Lynx', 'Atari ST',
       'Atari XEGS', 'Classic Macintosh', 'Commodore / Amiga', 'Dreamcast',
       'Game Boy', 'Game Boy Advance', 'Game Boy Color', 'Game Gear',
       'GameCube', 'Genesis', 'Jaguar', 'Linux', 'NES', 'Neo Geo',
       'Nintendo 3DS', 'Nintendo 64', 'Nintendo DS', 'Nintendo DSi',
       'Nintendo Switch', 'PC', 'PS Vita', 'PSP', 'PlayStation',
       'PlayStation 2', 'PlayStation 3', 'PlayStation 4', 'PlayStation 5',
       'SEGA 32X', 'SEGA CD', 'SEGA Master System', 'SEGA Saturn', 'SNES',
       'Web', 'Wii', 'Wii U', 'Xbox', 'Xbox 360', 'Xbox One',
       'Xbox Series S/X', 'iOS', 'macOS', 'Action', 'Adventure', 'Arcade',
       'Board Games', 'Card', 'Casual', 'Educational', 'Family', 'Fighting',
       'Indie', 'Massively Multiplayer', 'Platformer', 'Puzzle', 'RPG',
       'Racing', 'Shooter', 'Simulation', 'Sports', 'Strategy'],
      dtype='object')
Loading data from cache
Done
Calculating noise scale
Adding noise of scale 0.0 to sim_scores
Adding noise of scale 0.0 to sim_scores
Adding noise of scale 0.0 to sim_scores
Filter dataset to top 20
Generating top 20 dataset
Generating top 20 dataset
Generating top 20 dataset
Generating top1 dataset
Generating top1 dataset
Generating top1 dataset
Preparing time (sec): 2
Loading data
Prepare for training
Start training
================================================================================
                                    Kernel Shape Output Shape  Params  \
Layer                                                                   
0_local_models.0.fc_layers.Linear_0    [37, 100]  [4096, 100]    3800   
1_local_models.0.fc_layers.Linear_1    [100, 50]   [4096, 50]    5050   
2_local_models.1.fc_layers.Linear_0    [85, 100]  [4096, 100]    8600   
3_local_models.1.fc_layers.Linear_1    [100, 50]   [4096, 50]    5050   
4_agg_model.fc_layers.Linear_0        [100, 400]  [4096, 400]   40400   
5_agg_model.fc_layers.Linear_1          [400, 1]    [4096, 1]     401   

                                     Mult-Adds  
Layer                                           
0_local_models.0.fc_layers.Linear_0       3700  
1_local_models.0.fc_layers.Linear_1       5000  
2_local_models.1.fc_layers.Linear_0       8500  
3_local_models.1.fc_layers.Linear_1       5000  
4_agg_model.fc_layers.Linear_0           40000  
5_agg_model.fc_layers.Linear_1             400  
--------------------------------------------------------------------------------
                      Totals
Total params           63301
Trainable params       63301
Non-trainable params       0
Mult-Adds              62600
================================================================================
n_classes=2
task=binary_cls
model_name=game_top1sim_2022-01-27-05-50-16
sche_threshold=0.0001
sche_patience=10
sche_factor=0.1
use_scheduler=False
num_workers=4
device=cuda:3
test_batch_size=4096
train_batch_size=4096
learning_rate=0.001
weight_decay=1e-05
num_epochs=200
model_save_path=ckp/game_top1sim_2022-01-27-05-50-16.pth
test_rate=0.2
val_rate=0.1
multiprocess_context=fork
metrics=['accuracy']
metrics_f=[<metric.accuracy.Accuracy object at 0x7f843752e9a0>]
hidden_sizes=[200, 100]
model=SplitNN(
  (agg_model): MLP(
    (fc_layers): ModuleList(
      (0): Linear(in_features=100, out_features=400, bias=True)
      (1): Linear(in_features=400, out_features=1, bias=True)
    )
  )
  (local_models): ModuleList(
    (0): MLP(
      (fc_layers): ModuleList(
        (0): Linear(in_features=37, out_features=100, bias=True)
        (1): Linear(in_features=100, out_features=50, bias=True)
      )
    )
    (1): MLP(
      (fc_layers): ModuleList(
        (0): Linear(in_features=85, out_features=100, bias=True)
        (1): Linear(in_features=100, out_features=50, bias=True)
      )
    )
  )
)
writer=<torch.utils.tensorboard.writer.SummaryWriter object at 0x7f843752ea90>
dataset_type=real
drop_key=True
num_common_features=1
tree_radius=0.01
tree_leaf_size=1000
knn_k=20
grid_min=-10.0
grid_max=10.0
grid_width=1.5
sim_scaler=StandardScaler()
filter_top_k=20
link_n_jobs=1
psig_p=4
sim_leak_p=1.0
link_threshold_t=0.1
link_epsilon=0.1
n_hash_lsh=50
edit_distance_threshold=10
n_hash_func=50
collision_rate=0.01
qgram_q=4
link_delta=0.01
feature_wise_sim=False
blocking_method=knn_str
center_threshold=0.5
n_clusters=100
local_hidden_sizes=[[100], [100]]
cut_dims=[50, 50]
agg_hidden_sizes=[400]
scale_analysis=None
data1_shape=(26987, 38)
data2_shape=(439999, 86)
Epoch 1: Loss:            : Train 0.0000, Val 1.3961, Test 1.1568
          Accuracy         : Train 0.6926, Val 0.7506, Test 0.7518
Best:
          Accuracy         : Train 0.6926, Val 0.7506, Test 0.7518
Epoch 2: Loss:            : Train 0.0000, Val 0.5161, Test 0.5142
          Accuracy         : Train 0.7990, Val 0.8436, Test 0.8505
Best:
          Accuracy         : Train 0.7990, Val 0.8436, Test 0.8505
Epoch 3: Loss:            : Train 0.0000, Val 0.5048, Test 0.4846
          Accuracy         : Train 0.8374, Val 0.8262, Test 0.8270
Best:
          Accuracy         : Train 0.7990, Val 0.8436, Test 0.8505
Epoch 4: Loss:            : Train 0.0000, Val 0.4663, Test 0.4449
          Accuracy         : Train 0.8479, Val 0.8551, Test 0.8555
Best:
          Accuracy         : Train 0.8479, Val 0.8551, Test 0.8555
Epoch 5: Loss:            : Train 0.0000, Val 0.4482, Test 0.4681
          Accuracy         : Train 0.8672, Val 0.8655, Test 0.8664
Best:
          Accuracy         : Train 0.8672, Val 0.8655, Test 0.8664
Epoch 6: Loss:            : Train 0.0000, Val 0.4542, Test 0.4780
          Accuracy         : Train 0.8714, Val 0.8655, Test 0.8672
Best:
          Accuracy         : Train 0.8672, Val 0.8655, Test 0.8664
Epoch 7: Loss:            : Train 0.0000, Val 0.4449, Test 0.4690
          Accuracy         : Train 0.8713, Val 0.8677, Test 0.8662
Best:
          Accuracy         : Train 0.8713, Val 0.8677, Test 0.8662
Epoch 8: Loss:            : Train 0.0000, Val 0.4252, Test 0.4301
          Accuracy         : Train 0.8707, Val 0.8674, Test 0.8655
Best:
          Accuracy         : Train 0.8713, Val 0.8677, Test 0.8662
Epoch 9: Loss:            : Train 0.0000, Val 0.4001, Test 0.3712
          Accuracy         : Train 0.8697, Val 0.8640, Test 0.8618
Best:
          Accuracy         : Train 0.8713, Val 0.8677, Test 0.8662
Epoch 10: Loss:            : Train 0.0000, Val 0.3873, Test 0.3489
          Accuracy         : Train 0.8660, Val 0.8596, Test 0.8585
Best:
          Accuracy         : Train 0.8713, Val 0.8677, Test 0.8662
Epoch 11: Loss:            : Train 0.0000, Val 0.3709, Test 0.3339
          Accuracy         : Train 0.8694, Val 0.8707, Test 0.8709
Best:
          Accuracy         : Train 0.8694, Val 0.8707, Test 0.8709
Epoch 12: Loss:            : Train 0.0000, Val 0.3637, Test 0.3238
          Accuracy         : Train 0.8760, Val 0.8763, Test 0.8753
Best:
          Accuracy         : Train 0.8760, Val 0.8763, Test 0.8753
Epoch 13: Loss:            : Train 0.0000, Val 0.3879, Test 0.3232
          Accuracy         : Train 0.8798, Val 0.8763, Test 0.8774
Best:
          Accuracy         : Train 0.8760, Val 0.8763, Test 0.8753
Epoch 14: Loss:            : Train 0.0000, Val 0.3766, Test 0.3221
          Accuracy         : Train 0.8819, Val 0.8822, Test 0.8807
Best:
          Accuracy         : Train 0.8819, Val 0.8822, Test 0.8807
Epoch 15: Loss:            : Train 0.0000, Val 0.3506, Test 0.3109
          Accuracy         : Train 0.8845, Val 0.8844, Test 0.8835
Best:
          Accuracy         : Train 0.8845, Val 0.8844, Test 0.8835
Epoch 16: Loss:            : Train 0.0000, Val 0.3311, Test 0.3083
          Accuracy         : Train 0.8844, Val 0.8877, Test 0.8850
Best:
          Accuracy         : Train 0.8844, Val 0.8877, Test 0.8850
Epoch 17: Loss:            : Train 0.0000, Val 0.3418, Test 0.3035
          Accuracy         : Train 0.8879, Val 0.8844, Test 0.8885
Best:
          Accuracy         : Train 0.8844, Val 0.8877, Test 0.8850
Epoch 18: Loss:            : Train 0.0000, Val 0.3231, Test 0.2995
          Accuracy         : Train 0.8891, Val 0.8885, Test 0.8898
Best:
          Accuracy         : Train 0.8891, Val 0.8885, Test 0.8898
Epoch 19: Loss:            : Train 0.0000, Val 0.3328, Test 0.2950
          Accuracy         : Train 0.8904, Val 0.8859, Test 0.8909
Best:
          Accuracy         : Train 0.8891, Val 0.8885, Test 0.8898
Epoch 20: Loss:            : Train 0.0000, Val 0.3252, Test 0.2910
          Accuracy         : Train 0.8908, Val 0.8907, Test 0.8907
Best:
          Accuracy         : Train 0.8908, Val 0.8907, Test 0.8907
Epoch 21: Loss:            : Train 0.0000, Val 0.3502, Test 0.2878
          Accuracy         : Train 0.8917, Val 0.8922, Test 0.8914
Best:
          Accuracy         : Train 0.8917, Val 0.8922, Test 0.8914
Epoch 22: Loss:            : Train 0.0000, Val 0.3462, Test 0.2878
          Accuracy         : Train 0.8919, Val 0.8918, Test 0.8938
Best:
          Accuracy         : Train 0.8917, Val 0.8922, Test 0.8914
Epoch 23: Loss:            : Train 0.0000, Val 0.3440, Test 0.2841
          Accuracy         : Train 0.8932, Val 0.8922, Test 0.8953
Best:
          Accuracy         : Train 0.8917, Val 0.8922, Test 0.8914
Epoch 24: Loss:            : Train 0.0000, Val 0.3288, Test 0.2791
          Accuracy         : Train 0.8949, Val 0.8974, Test 0.8963
Best:
          Accuracy         : Train 0.8949, Val 0.8974, Test 0.8963
Epoch 25: Loss:            : Train 0.0000, Val 0.3084, Test 0.2778
          Accuracy         : Train 0.8957, Val 0.9000, Test 0.8974
Best:
          Accuracy         : Train 0.8957, Val 0.9000, Test 0.8974
Epoch 26: Loss:            : Train 0.0000, Val 0.3124, Test 0.2748
          Accuracy         : Train 0.8959, Val 0.8992, Test 0.8974
Best:
          Accuracy         : Train 0.8957, Val 0.9000, Test 0.8974
Epoch 27: Loss:            : Train 0.0000, Val 0.3251, Test 0.2716
          Accuracy         : Train 0.8971, Val 0.8974, Test 0.8998
Best:
          Accuracy         : Train 0.8957, Val 0.9000, Test 0.8974
Epoch 28: Loss:            : Train 0.0000, Val 0.3139, Test 0.2689
          Accuracy         : Train 0.8974, Val 0.9026, Test 0.9001
Best:
          Accuracy         : Train 0.8974, Val 0.9026, Test 0.9001
Epoch 29: Loss:            : Train 0.0000, Val 0.3012, Test 0.2658
          Accuracy         : Train 0.8992, Val 0.9007, Test 0.9000
Best:
          Accuracy         : Train 0.8974, Val 0.9026, Test 0.9001
Epoch 30: Loss:            : Train 0.0000, Val 0.3012, Test 0.2632
          Accuracy         : Train 0.8995, Val 0.8981, Test 0.9007
Best:
          Accuracy         : Train 0.8974, Val 0.9026, Test 0.9001
Epoch 31: Loss:            : Train 0.0000, Val 0.3136, Test 0.2632
          Accuracy         : Train 0.8987, Val 0.9037, Test 0.9031
Best:
          Accuracy         : Train 0.8987, Val 0.9037, Test 0.9031
Epoch 32: Loss:            : Train 0.0000, Val 0.3073, Test 0.2584
          Accuracy         : Train 0.9013, Val 0.9022, Test 0.9044
Best:
          Accuracy         : Train 0.8987, Val 0.9037, Test 0.9031
Epoch 33: Loss:            : Train 0.0000, Val 0.2868, Test 0.2567
          Accuracy         : Train 0.9026, Val 0.9026, Test 0.9039
Best:
          Accuracy         : Train 0.8987, Val 0.9037, Test 0.9031
Epoch 34: Loss:            : Train 0.0000, Val 0.2905, Test 0.2532
          Accuracy         : Train 0.9014, Val 0.9040, Test 0.9040
Best:
          Accuracy         : Train 0.9014, Val 0.9040, Test 0.9040
Epoch 35: Loss:            : Train 0.0000, Val 0.2874, Test 0.2505
          Accuracy         : Train 0.9040, Val 0.9055, Test 0.9046
Best:
          Accuracy         : Train 0.9040, Val 0.9055, Test 0.9046
Epoch 36: Loss:            : Train 0.0000, Val 0.2887, Test 0.2494
          Accuracy         : Train 0.9038, Val 0.9044, Test 0.9053
Best:
          Accuracy         : Train 0.9040, Val 0.9055, Test 0.9046
Epoch 37: Loss:            : Train 0.0000, Val 0.3011, Test 0.2485
          Accuracy         : Train 0.9033, Val 0.9029, Test 0.9061
Best:
          Accuracy         : Train 0.9040, Val 0.9055, Test 0.9046
Epoch 38: Loss:            : Train 0.0000, Val 0.2853, Test 0.2452
          Accuracy         : Train 0.9059, Val 0.9133, Test 0.9085
Best:
          Accuracy         : Train 0.9059, Val 0.9133, Test 0.9085
Epoch 39: Loss:            : Train 0.0000, Val 0.2814, Test 0.2470
          Accuracy         : Train 0.9046, Val 0.9059, Test 0.9042
Best:
          Accuracy         : Train 0.9059, Val 0.9133, Test 0.9085
Epoch 40: Loss:            : Train 0.0000, Val 0.2906, Test 0.2407
          Accuracy         : Train 0.9037, Val 0.9103, Test 0.9103
Best:
          Accuracy         : Train 0.9059, Val 0.9133, Test 0.9085
Epoch 41: Loss:            : Train 0.0000, Val 0.2800, Test 0.2370
          Accuracy         : Train 0.9080, Val 0.9096, Test 0.9085
Best:
          Accuracy         : Train 0.9059, Val 0.9133, Test 0.9085
Epoch 42: Loss:            : Train 0.0000, Val 0.2777, Test 0.2363
          Accuracy         : Train 0.9052, Val 0.9081, Test 0.9090
Best:
          Accuracy         : Train 0.9059, Val 0.9133, Test 0.9085
Epoch 43: Loss:            : Train 0.0000, Val 0.2745, Test 0.2324
          Accuracy         : Train 0.9076, Val 0.9126, Test 0.9122
Best:
          Accuracy         : Train 0.9059, Val 0.9133, Test 0.9085
Epoch 44: Loss:            : Train 0.0000, Val 0.2763, Test 0.2325
          Accuracy         : Train 0.9075, Val 0.9085, Test 0.9105
Best:
          Accuracy         : Train 0.9059, Val 0.9133, Test 0.9085
Epoch 45: Loss:            : Train 0.0000, Val 0.2766, Test 0.2283
          Accuracy         : Train 0.9071, Val 0.9122, Test 0.9127
Best:
          Accuracy         : Train 0.9059, Val 0.9133, Test 0.9085
Epoch 46: Loss:            : Train 0.0000, Val 0.2685, Test 0.2266
          Accuracy         : Train 0.9106, Val 0.9092, Test 0.9127
Best:
          Accuracy         : Train 0.9059, Val 0.9133, Test 0.9085
Epoch 47: Loss:            : Train 0.0000, Val 0.2749, Test 0.2255
          Accuracy         : Train 0.9084, Val 0.9114, Test 0.9126
Best:
          Accuracy         : Train 0.9059, Val 0.9133, Test 0.9085
Epoch 48: Loss:            : Train 0.0000, Val 0.2654, Test 0.2278
          Accuracy         : Train 0.9109, Val 0.9081, Test 0.9105
Best:
          Accuracy         : Train 0.9059, Val 0.9133, Test 0.9085
Epoch 49: Loss:            : Train 0.0000, Val 0.2591, Test 0.2352
          Accuracy         : Train 0.9100, Val 0.9152, Test 0.9139
Best:
          Accuracy         : Train 0.9100, Val 0.9152, Test 0.9139
Epoch 50: Loss:            : Train 0.0000, Val 0.2679, Test 0.2319
          Accuracy         : Train 0.9096, Val 0.9152, Test 0.9157
Best:
          Accuracy         : Train 0.9100, Val 0.9152, Test 0.9139
Epoch 51: Loss:            : Train 0.0000, Val 0.2706, Test 0.2173
          Accuracy         : Train 0.9119, Val 0.9126, Test 0.9139
Best:
          Accuracy         : Train 0.9100, Val 0.9152, Test 0.9139
Epoch 52: Loss:            : Train 0.0000, Val 0.2859, Test 0.2509
          Accuracy         : Train 0.9107, Val 0.9155, Test 0.9161
Best:
          Accuracy         : Train 0.9107, Val 0.9155, Test 0.9161
Epoch 53: Loss:            : Train 0.0000, Val 0.2602, Test 0.2141
          Accuracy         : Train 0.9107, Val 0.9129, Test 0.9142
Best:
          Accuracy         : Train 0.9107, Val 0.9155, Test 0.9161
Epoch 54: Loss:            : Train 0.0000, Val 0.2545, Test 0.2282
          Accuracy         : Train 0.9120, Val 0.9159, Test 0.9163
Best:
          Accuracy         : Train 0.9120, Val 0.9159, Test 0.9163
Epoch 55: Loss:            : Train 0.0000, Val 0.2691, Test 0.2138
          Accuracy         : Train 0.9128, Val 0.9140, Test 0.9150
Best:
          Accuracy         : Train 0.9120, Val 0.9159, Test 0.9163
Epoch 56: Loss:            : Train 0.0000, Val 0.2516, Test 0.2069
          Accuracy         : Train 0.9148, Val 0.9185, Test 0.9183
Best:
          Accuracy         : Train 0.9148, Val 0.9185, Test 0.9183
Epoch 57: Loss:            : Train 0.0000, Val 0.2514, Test 0.2214
          Accuracy         : Train 0.9145, Val 0.9192, Test 0.9176
Best:
          Accuracy         : Train 0.9145, Val 0.9192, Test 0.9176
Epoch 58: Loss:            : Train 0.0000, Val 0.2559, Test 0.2040
          Accuracy         : Train 0.9149, Val 0.9181, Test 0.9181
Best:
          Accuracy         : Train 0.9145, Val 0.9192, Test 0.9176
Epoch 59: Loss:            : Train 0.0000, Val 0.2474, Test 0.2048
          Accuracy         : Train 0.9152, Val 0.9159, Test 0.9131
Best:
          Accuracy         : Train 0.9145, Val 0.9192, Test 0.9176
Epoch 60: Loss:            : Train 0.0000, Val 0.2623, Test 0.2163
          Accuracy         : Train 0.9160, Val 0.9166, Test 0.9187
Best:
          Accuracy         : Train 0.9145, Val 0.9192, Test 0.9176
Epoch 61: Loss:            : Train 0.0000, Val 0.2562, Test 0.1998
          Accuracy         : Train 0.9154, Val 0.9200, Test 0.9190
Best:
          Accuracy         : Train 0.9154, Val 0.9200, Test 0.9190
Epoch 62: Loss:            : Train 0.0000, Val 0.2433, Test 0.2010
          Accuracy         : Train 0.9167, Val 0.9166, Test 0.9146
Best:
          Accuracy         : Train 0.9154, Val 0.9200, Test 0.9190
Epoch 63: Loss:            : Train 0.0000, Val 0.2429, Test 0.1952
          Accuracy         : Train 0.9151, Val 0.9192, Test 0.9187
Best:
          Accuracy         : Train 0.9154, Val 0.9200, Test 0.9190
Epoch 64: Loss:            : Train 0.0000, Val 0.2599, Test 0.2289
          Accuracy         : Train 0.9164, Val 0.9166, Test 0.9185
Best:
          Accuracy         : Train 0.9154, Val 0.9200, Test 0.9190
Epoch 65: Loss:            : Train 0.0000, Val 0.2662, Test 0.1981
          Accuracy         : Train 0.9172, Val 0.9166, Test 0.9176
Best:
          Accuracy         : Train 0.9154, Val 0.9200, Test 0.9190
Epoch 66: Loss:            : Train 0.0000, Val 0.2506, Test 0.1946
          Accuracy         : Train 0.9190, Val 0.9207, Test 0.9192
Best:
          Accuracy         : Train 0.9190, Val 0.9207, Test 0.9192
Epoch 67: Loss:            : Train 0.0000, Val 0.2349, Test 0.1943
          Accuracy         : Train 0.9155, Val 0.9140, Test 0.9187
Best:
          Accuracy         : Train 0.9190, Val 0.9207, Test 0.9192
Epoch 68: Loss:            : Train 0.0000, Val 0.2388, Test 0.1893
          Accuracy         : Train 0.9165, Val 0.9189, Test 0.9187
Best:
          Accuracy         : Train 0.9190, Val 0.9207, Test 0.9192
Epoch 69: Loss:            : Train 0.0000, Val 0.2385, Test 0.1886
          Accuracy         : Train 0.9185, Val 0.9152, Test 0.9202
Best:
          Accuracy         : Train 0.9190, Val 0.9207, Test 0.9192
Epoch 70: Loss:            : Train 0.0000, Val 0.2674, Test 0.2111
          Accuracy         : Train 0.9168, Val 0.9152, Test 0.9190
Best:
          Accuracy         : Train 0.9190, Val 0.9207, Test 0.9192
Epoch 71: Loss:            : Train 0.0000, Val 0.2604, Test 0.2075
          Accuracy         : Train 0.9173, Val 0.9196, Test 0.9213
Best:
          Accuracy         : Train 0.9190, Val 0.9207, Test 0.9192
Epoch 72: Loss:            : Train 0.0000, Val 0.2447, Test 0.2009
          Accuracy         : Train 0.9190, Val 0.9192, Test 0.9203
Best:
          Accuracy         : Train 0.9190, Val 0.9207, Test 0.9192
Epoch 73: Loss:            : Train 0.0000, Val 0.2344, Test 0.2105
          Accuracy         : Train 0.9167, Val 0.9148, Test 0.9155
Best:
          Accuracy         : Train 0.9190, Val 0.9207, Test 0.9192
Epoch 74: Loss:            : Train 0.0000, Val 0.2455, Test 0.1870
          Accuracy         : Train 0.9154, Val 0.9203, Test 0.9183
Best:
          Accuracy         : Train 0.9190, Val 0.9207, Test 0.9192
Epoch 75: Loss:            : Train 0.0000, Val 0.2619, Test 0.1871
          Accuracy         : Train 0.9195, Val 0.9159, Test 0.9192
Best:
          Accuracy         : Train 0.9190, Val 0.9207, Test 0.9192
Epoch 76: Loss:            : Train 0.0000, Val 0.2358, Test 0.1980
          Accuracy         : Train 0.9191, Val 0.9192, Test 0.9203
Best:
          Accuracy         : Train 0.9190, Val 0.9207, Test 0.9192
Epoch 77: Loss:            : Train 0.0000, Val 0.2342, Test 0.1801
          Accuracy         : Train 0.9210, Val 0.9237, Test 0.9227
Best:
          Accuracy         : Train 0.9210, Val 0.9237, Test 0.9227
Epoch 78: Loss:            : Train 0.0000, Val 0.2303, Test 0.1787
          Accuracy         : Train 0.9209, Val 0.9229, Test 0.9226
Best:
          Accuracy         : Train 0.9210, Val 0.9237, Test 0.9227
Epoch 79: Loss:            : Train 0.0000, Val 0.2304, Test 0.1941
          Accuracy         : Train 0.9203, Val 0.9229, Test 0.9213
Best:
          Accuracy         : Train 0.9210, Val 0.9237, Test 0.9227
Epoch 80: Loss:            : Train 0.0000, Val 0.2461, Test 0.1785
          Accuracy         : Train 0.9201, Val 0.9218, Test 0.9215
Best:
          Accuracy         : Train 0.9210, Val 0.9237, Test 0.9227
Epoch 81: Loss:            : Train 0.0000, Val 0.2566, Test 0.1862
          Accuracy         : Train 0.9213, Val 0.9152, Test 0.9190
Best:
          Accuracy         : Train 0.9210, Val 0.9237, Test 0.9227
Epoch 82: Loss:            : Train 0.0000, Val 0.2456, Test 0.1768
          Accuracy         : Train 0.9208, Val 0.9252, Test 0.9237
Best:
          Accuracy         : Train 0.9208, Val 0.9252, Test 0.9237
Epoch 83: Loss:            : Train 0.0000, Val 0.2259, Test 0.1916
          Accuracy         : Train 0.9198, Val 0.9211, Test 0.9205
Best:
          Accuracy         : Train 0.9208, Val 0.9252, Test 0.9237
Epoch 84: Loss:            : Train 0.0000, Val 0.2280, Test 0.1888
          Accuracy         : Train 0.9197, Val 0.9233, Test 0.9224
Best:
          Accuracy         : Train 0.9208, Val 0.9252, Test 0.9237
Epoch 85: Loss:            : Train 0.0000, Val 0.2337, Test 0.1732
          Accuracy         : Train 0.9221, Val 0.9218, Test 0.9222
Best:
          Accuracy         : Train 0.9208, Val 0.9252, Test 0.9237
Epoch 86: Loss:            : Train 0.0000, Val 0.2370, Test 0.1751
          Accuracy         : Train 0.9219, Val 0.9215, Test 0.9233
Best:
          Accuracy         : Train 0.9208, Val 0.9252, Test 0.9237
Epoch 87: Loss:            : Train 0.0000, Val 0.2256, Test 0.1736
          Accuracy         : Train 0.9221, Val 0.9218, Test 0.9250
Best:
          Accuracy         : Train 0.9208, Val 0.9252, Test 0.9237
Epoch 88: Loss:            : Train 0.0000, Val 0.2457, Test 0.1728
          Accuracy         : Train 0.9228, Val 0.9240, Test 0.9239
Best:
          Accuracy         : Train 0.9208, Val 0.9252, Test 0.9237
Epoch 89: Loss:            : Train 0.0000, Val 0.2540, Test 0.1826
          Accuracy         : Train 0.9224, Val 0.9222, Test 0.9229
Best:
          Accuracy         : Train 0.9208, Val 0.9252, Test 0.9237
Epoch 90: Loss:            : Train 0.0000, Val 0.2451, Test 0.1764
          Accuracy         : Train 0.9234, Val 0.9255, Test 0.9239
Best:
          Accuracy         : Train 0.9234, Val 0.9255, Test 0.9239
Epoch 91: Loss:            : Train 0.0000, Val 0.2414, Test 0.1737
          Accuracy         : Train 0.9222, Val 0.9248, Test 0.9237
Best:
          Accuracy         : Train 0.9234, Val 0.9255, Test 0.9239
Epoch 92: Loss:            : Train 0.0000, Val 0.2454, Test 0.1753
          Accuracy         : Train 0.9206, Val 0.9200, Test 0.9181
Best:
          Accuracy         : Train 0.9234, Val 0.9255, Test 0.9239
Epoch 93: Loss:            : Train 0.0000, Val 0.2402, Test 0.1689
          Accuracy         : Train 0.9212, Val 0.9263, Test 0.9220
Best:
          Accuracy         : Train 0.9212, Val 0.9263, Test 0.9220
Epoch 94: Loss:            : Train 0.0000, Val 0.2330, Test 0.1866
          Accuracy         : Train 0.9238, Val 0.9218, Test 0.9227
Best:
          Accuracy         : Train 0.9212, Val 0.9263, Test 0.9220
Epoch 95: Loss:            : Train 0.0000, Val 0.2259, Test 0.1841
          Accuracy         : Train 0.9210, Val 0.9222, Test 0.9242
Best:
          Accuracy         : Train 0.9212, Val 0.9263, Test 0.9220
Epoch 96: Loss:            : Train 0.0000, Val 0.2445, Test 0.1699
          Accuracy         : Train 0.9241, Val 0.9203, Test 0.9213
Best:
          Accuracy         : Train 0.9212, Val 0.9263, Test 0.9220
Epoch 97: Loss:            : Train 0.0000, Val 0.2235, Test 0.1826
          Accuracy         : Train 0.9223, Val 0.9211, Test 0.9207
Best:
          Accuracy         : Train 0.9212, Val 0.9263, Test 0.9220
Epoch 98: Loss:            : Train 0.0000, Val 0.2330, Test 0.1685
          Accuracy         : Train 0.9241, Val 0.9203, Test 0.9224
Best:
          Accuracy         : Train 0.9212, Val 0.9263, Test 0.9220
Epoch 99: Loss:            : Train 0.0000, Val 0.2239, Test 0.1659
          Accuracy         : Train 0.9232, Val 0.9270, Test 0.9237
Best:
          Accuracy         : Train 0.9232, Val 0.9270, Test 0.9237
Epoch 100: Loss:            : Train 0.0000, Val 0.2246, Test 0.1657
          Accuracy         : Train 0.9247, Val 0.9266, Test 0.9248
Best:
          Accuracy         : Train 0.9232, Val 0.9270, Test 0.9237
Epoch 101: Loss:            : Train 0.0000, Val 0.2306, Test 0.1647
          Accuracy         : Train 0.9253, Val 0.9255, Test 0.9257
Best:
          Accuracy         : Train 0.9232, Val 0.9270, Test 0.9237
Epoch 102: Loss:            : Train 0.0000, Val 0.2230, Test 0.1636
          Accuracy         : Train 0.9246, Val 0.9311, Test 0.9252
Best:
          Accuracy         : Train 0.9246, Val 0.9311, Test 0.9252
Epoch 103: Loss:            : Train 0.0000, Val 0.2210, Test 0.1644
          Accuracy         : Train 0.9232, Val 0.9233, Test 0.9253
Best:
          Accuracy         : Train 0.9246, Val 0.9311, Test 0.9252
Epoch 104: Loss:            : Train 0.0000, Val 0.2433, Test 0.1708
          Accuracy         : Train 0.9253, Val 0.9233, Test 0.9226
Best:
          Accuracy         : Train 0.9246, Val 0.9311, Test 0.9252
Epoch 105: Loss:            : Train 0.0000, Val 0.2352, Test 0.1681
          Accuracy         : Train 0.9248, Val 0.9281, Test 0.9257
Best:
          Accuracy         : Train 0.9246, Val 0.9311, Test 0.9252
Epoch 106: Loss:            : Train 0.0000, Val 0.2226, Test 0.1645
          Accuracy         : Train 0.9254, Val 0.9244, Test 0.9235
Best:
          Accuracy         : Train 0.9246, Val 0.9311, Test 0.9252
Epoch 107: Loss:            : Train 0.0000, Val 0.2151, Test 0.1649
          Accuracy         : Train 0.9221, Val 0.9233, Test 0.9220
Best:
          Accuracy         : Train 0.9246, Val 0.9311, Test 0.9252
Epoch 108: Loss:            : Train 0.0000, Val 0.2206, Test 0.1610
          Accuracy         : Train 0.9248, Val 0.9259, Test 0.9259
Best:
          Accuracy         : Train 0.9246, Val 0.9311, Test 0.9252
Epoch 109: Loss:            : Train 0.0000, Val 0.2448, Test 0.1704
          Accuracy         : Train 0.9246, Val 0.9233, Test 0.9257
Best:
          Accuracy         : Train 0.9246, Val 0.9311, Test 0.9252
Epoch 110: Loss:            : Train 0.0000, Val 0.2429, Test 0.1720
          Accuracy         : Train 0.9247, Val 0.9252, Test 0.9270
Best:
          Accuracy         : Train 0.9246, Val 0.9311, Test 0.9252
Epoch 111: Loss:            : Train 0.0000, Val 0.2323, Test 0.1631
          Accuracy         : Train 0.9257, Val 0.9255, Test 0.9253
Best:
          Accuracy         : Train 0.9246, Val 0.9311, Test 0.9252
Epoch 112: Loss:            : Train 0.0000, Val 0.2259, Test 0.1717
          Accuracy         : Train 0.9248, Val 0.9166, Test 0.9155
Best:
          Accuracy         : Train 0.9246, Val 0.9311, Test 0.9252
Epoch 113: Loss:            : Train 0.0000, Val 0.2134, Test 0.1615
          Accuracy         : Train 0.9210, Val 0.9229, Test 0.9222
Best:
          Accuracy         : Train 0.9246, Val 0.9311, Test 0.9252
Epoch 114: Loss:            : Train 0.0000, Val 0.2136, Test 0.1757
          Accuracy         : Train 0.9242, Val 0.9274, Test 0.9248
Best:
          Accuracy         : Train 0.9246, Val 0.9311, Test 0.9252
Epoch 115: Loss:            : Train 0.0000, Val 0.2498, Test 0.1748
          Accuracy         : Train 0.9247, Val 0.9240, Test 0.9255
Best:
          Accuracy         : Train 0.9246, Val 0.9311, Test 0.9252
Epoch 116: Loss:            : Train 0.0000, Val 0.2214, Test 0.1611
          Accuracy         : Train 0.9242, Val 0.9248, Test 0.9276
Best:
          Accuracy         : Train 0.9246, Val 0.9311, Test 0.9252
Epoch 117: Loss:            : Train 0.0000, Val 0.2170, Test 0.1591
          Accuracy         : Train 0.9275, Val 0.9292, Test 0.9252
Best:
          Accuracy         : Train 0.9246, Val 0.9311, Test 0.9252
Epoch 118: Loss:            : Train 0.0000, Val 0.2155, Test 0.1608
          Accuracy         : Train 0.9268, Val 0.9300, Test 0.9272
Best:
          Accuracy         : Train 0.9246, Val 0.9311, Test 0.9252
Epoch 119: Loss:            : Train 0.0000, Val 0.2053, Test 0.1807
          Accuracy         : Train 0.9269, Val 0.9240, Test 0.9244
Best:
          Accuracy         : Train 0.9246, Val 0.9311, Test 0.9252
Epoch 120: Loss:            : Train 0.0000, Val 0.2118, Test 0.1897
          Accuracy         : Train 0.9261, Val 0.9278, Test 0.9250
Best:
          Accuracy         : Train 0.9246, Val 0.9311, Test 0.9252
Epoch 121: Loss:            : Train 0.0000, Val 0.2453, Test 0.1609
          Accuracy         : Train 0.9260, Val 0.9229, Test 0.9268
Best:
          Accuracy         : Train 0.9246, Val 0.9311, Test 0.9252
Epoch 122: Loss:            : Train 0.0000, Val 0.2337, Test 0.1728
          Accuracy         : Train 0.9283, Val 0.9233, Test 0.9272
Best:
          Accuracy         : Train 0.9246, Val 0.9311, Test 0.9252
Epoch 123: Loss:            : Train 0.0000, Val 0.2236, Test 0.1585
          Accuracy         : Train 0.9268, Val 0.9211, Test 0.9242
Best:
          Accuracy         : Train 0.9246, Val 0.9311, Test 0.9252
Epoch 124: Loss:            : Train 0.0000, Val 0.2147, Test 0.1602
          Accuracy         : Train 0.9258, Val 0.9244, Test 0.9226
Best:
          Accuracy         : Train 0.9246, Val 0.9311, Test 0.9252
Epoch 125: Loss:            : Train 0.0000, Val 0.2145, Test 0.1697
          Accuracy         : Train 0.9261, Val 0.9285, Test 0.9253
Best:
          Accuracy         : Train 0.9246, Val 0.9311, Test 0.9252
Epoch 126: Loss:            : Train 0.0000, Val 0.2138, Test 0.1568
          Accuracy         : Train 0.9260, Val 0.9281, Test 0.9266
Best:
          Accuracy         : Train 0.9246, Val 0.9311, Test 0.9252
Epoch 127: Loss:            : Train 0.0000, Val 0.2403, Test 0.1948
          Accuracy         : Train 0.9272, Val 0.9248, Test 0.9266
Best:
          Accuracy         : Train 0.9246, Val 0.9311, Test 0.9252
Epoch 128: Loss:            : Train 0.0000, Val 0.2383, Test 0.1673
          Accuracy         : Train 0.9276, Val 0.9229, Test 0.9248
Best:
          Accuracy         : Train 0.9246, Val 0.9311, Test 0.9252
Epoch 129: Loss:            : Train 0.0000, Val 0.2289, Test 0.1731
          Accuracy         : Train 0.9285, Val 0.9259, Test 0.9265
Best:
          Accuracy         : Train 0.9246, Val 0.9311, Test 0.9252
Epoch 130: Loss:            : Train 0.0000, Val 0.2208, Test 0.1722
          Accuracy         : Train 0.9253, Val 0.9248, Test 0.9248
Best:
          Accuracy         : Train 0.9246, Val 0.9311, Test 0.9252
Epoch 131: Loss:            : Train 0.0000, Val 0.2185, Test 0.1560
          Accuracy         : Train 0.9264, Val 0.9266, Test 0.9265
Best:
          Accuracy         : Train 0.9246, Val 0.9311, Test 0.9252
Epoch 132: Loss:            : Train 0.0000, Val 0.2053, Test 0.1683
          Accuracy         : Train 0.9277, Val 0.9259, Test 0.9250
Best:
          Accuracy         : Train 0.9246, Val 0.9311, Test 0.9252
Epoch 133: Loss:            : Train 0.0000, Val 0.2087, Test 0.1547
          Accuracy         : Train 0.9266, Val 0.9244, Test 0.9261
Best:
          Accuracy         : Train 0.9246, Val 0.9311, Test 0.9252
Epoch 134: Loss:            : Train 0.0000, Val 0.2112, Test 0.1557
          Accuracy         : Train 0.9277, Val 0.9244, Test 0.9253
Best:
          Accuracy         : Train 0.9246, Val 0.9311, Test 0.9252
Epoch 135: Loss:            : Train 0.0000, Val 0.2007, Test 0.1569
          Accuracy         : Train 0.9272, Val 0.9263, Test 0.9252
Best:
          Accuracy         : Train 0.9246, Val 0.9311, Test 0.9252
Epoch 136: Loss:            : Train 0.0000, Val 0.2035, Test 0.1709
          Accuracy         : Train 0.9283, Val 0.9274, Test 0.9257
Best:
          Accuracy         : Train 0.9246, Val 0.9311, Test 0.9252
Epoch 137: Loss:            : Train 0.0000, Val 0.2042, Test 0.1704
          Accuracy         : Train 0.9275, Val 0.9289, Test 0.9263
Best:
          Accuracy         : Train 0.9246, Val 0.9311, Test 0.9252
Epoch 138: Loss:            : Train 0.0000, Val 0.2189, Test 0.1620
          Accuracy         : Train 0.9274, Val 0.9218, Test 0.9255
Best:
          Accuracy         : Train 0.9246, Val 0.9311, Test 0.9252
Epoch 139: Loss:            : Train 0.0000, Val 0.2061, Test 0.1744
          Accuracy         : Train 0.9264, Val 0.9252, Test 0.9270
Best:
          Accuracy         : Train 0.9246, Val 0.9311, Test 0.9252
Epoch 140: Loss:            : Train 0.0000, Val 0.2165, Test 0.1540
          Accuracy         : Train 0.9287, Val 0.9292, Test 0.9253
Best:
          Accuracy         : Train 0.9246, Val 0.9311, Test 0.9252
Epoch 141: Loss:            : Train 0.0000, Val 0.2042, Test 0.1681
          Accuracy         : Train 0.9289, Val 0.9270, Test 0.9261
Best:
          Accuracy         : Train 0.9246, Val 0.9311, Test 0.9252
Epoch 142: Loss:            : Train 0.0000, Val 0.2055, Test 0.1700
          Accuracy         : Train 0.9281, Val 0.9270, Test 0.9259
Best:
          Accuracy         : Train 0.9246, Val 0.9311, Test 0.9252
Epoch 143: Loss:            : Train 0.0000, Val 0.2128, Test 0.1582
          Accuracy         : Train 0.9280, Val 0.9233, Test 0.9268
Best:
          Accuracy         : Train 0.9246, Val 0.9311, Test 0.9252
Epoch 144: Loss:            : Train 0.0000, Val 0.2144, Test 0.1820
          Accuracy         : Train 0.9267, Val 0.9222, Test 0.9259
Best:
          Accuracy         : Train 0.9246, Val 0.9311, Test 0.9252
Epoch 145: Loss:            : Train 0.0000, Val 0.2103, Test 0.1713
          Accuracy         : Train 0.9257, Val 0.9259, Test 0.9281
Best:
          Accuracy         : Train 0.9246, Val 0.9311, Test 0.9252
Epoch 146: Loss:            : Train 0.0000, Val 0.2160, Test 0.1537
          Accuracy         : Train 0.9286, Val 0.9281, Test 0.9255
Best:
          Accuracy         : Train 0.9246, Val 0.9311, Test 0.9252
Epoch 147: Loss:            : Train 0.0000, Val 0.2370, Test 0.1686
          Accuracy         : Train 0.9286, Val 0.9229, Test 0.9231
Best:
          Accuracy         : Train 0.9246, Val 0.9311, Test 0.9252
Epoch 148: Loss:            : Train 0.0000, Val 0.2357, Test 0.1620
          Accuracy         : Train 0.9292, Val 0.9215, Test 0.9215
Best:
          Accuracy         : Train 0.9246, Val 0.9311, Test 0.9252
Epoch 149: Loss:            : Train 0.0000, Val 0.2096, Test 0.2367
          Accuracy         : Train 0.9290, Val 0.9278, Test 0.9270
Best:
          Accuracy         : Train 0.9246, Val 0.9311, Test 0.9252
Epoch 150: Loss:            : Train 0.0000, Val 0.2046, Test 0.1683
          Accuracy         : Train 0.9284, Val 0.9266, Test 0.9266
Best:
          Accuracy         : Train 0.9246, Val 0.9311, Test 0.9252
Epoch 151: Loss:            : Train 0.0000, Val 0.2047, Test 0.1674
          Accuracy         : Train 0.9286, Val 0.9266, Test 0.9263
Best:
          Accuracy         : Train 0.9246, Val 0.9311, Test 0.9252
Epoch 152: Loss:            : Train 0.0000, Val 0.2077, Test 0.1652
          Accuracy         : Train 0.9299, Val 0.9274, Test 0.9274
Best:
          Accuracy         : Train 0.9246, Val 0.9311, Test 0.9252
Epoch 153: Loss:            : Train 0.0000, Val 0.2145, Test 0.1527
          Accuracy         : Train 0.9292, Val 0.9281, Test 0.9248
Best:
          Accuracy         : Train 0.9246, Val 0.9311, Test 0.9252
Epoch 154: Loss:            : Train 0.0000, Val 0.2038, Test 0.1529
          Accuracy         : Train 0.9299, Val 0.9281, Test 0.9265
Best:
          Accuracy         : Train 0.9246, Val 0.9311, Test 0.9252
Epoch 155: Loss:            : Train 0.0000, Val 0.2283, Test 0.1598
          Accuracy         : Train 0.9289, Val 0.9281, Test 0.9261
Best:
          Accuracy         : Train 0.9246, Val 0.9311, Test 0.9252
Epoch 156: Loss:            : Train 0.0000, Val 0.2314, Test 0.1611
          Accuracy         : Train 0.9301, Val 0.9266, Test 0.9257
Best:
          Accuracy         : Train 0.9246, Val 0.9311, Test 0.9252
Epoch 157: Loss:            : Train 0.0000, Val 0.2242, Test 0.1579
          Accuracy         : Train 0.9294, Val 0.9289, Test 0.9276
Best:
          Accuracy         : Train 0.9246, Val 0.9311, Test 0.9252
Epoch 158: Loss:            : Train 0.0000, Val 0.2258, Test 0.1571
          Accuracy         : Train 0.9266, Val 0.9270, Test 0.9250
Best:
          Accuracy         : Train 0.9246, Val 0.9311, Test 0.9252
Epoch 159: Loss:            : Train 0.0000, Val 0.2165, Test 0.1524
          Accuracy         : Train 0.9290, Val 0.9281, Test 0.9265
Best:
          Accuracy         : Train 0.9246, Val 0.9311, Test 0.9252
Epoch 160: Loss:            : Train 0.0000, Val 0.2036, Test 0.1683
          Accuracy         : Train 0.9292, Val 0.9263, Test 0.9246
Best:
          Accuracy         : Train 0.9246, Val 0.9311, Test 0.9252
Epoch 161: Loss:            : Train 0.0000, Val 0.2033, Test 0.1702
          Accuracy         : Train 0.9283, Val 0.9196, Test 0.9278
Best:
          Accuracy         : Train 0.9246, Val 0.9311, Test 0.9252
Epoch 162: Loss:            : Train 0.0000, Val 0.2330, Test 0.1585
          Accuracy         : Train 0.9288, Val 0.9226, Test 0.9287
Best:
          Accuracy         : Train 0.9246, Val 0.9311, Test 0.9252
Epoch 163: Loss:            : Train 0.0000, Val 0.2117, Test 0.1548
          Accuracy         : Train 0.9276, Val 0.9281, Test 0.9261
Best:
          Accuracy         : Train 0.9246, Val 0.9311, Test 0.9252
Epoch 164: Loss:            : Train 0.0000, Val 0.2043, Test 0.1539
          Accuracy         : Train 0.9284, Val 0.9255, Test 0.9253
Best:
          Accuracy         : Train 0.9246, Val 0.9311, Test 0.9252
Epoch 165: Loss:            : Train 0.0000, Val 0.2264, Test 0.1554
          Accuracy         : Train 0.9292, Val 0.9278, Test 0.9263
Best:
          Accuracy         : Train 0.9246, Val 0.9311, Test 0.9252
Epoch 166: Loss:            : Train 0.0000, Val 0.2126, Test 0.1540
          Accuracy         : Train 0.9308, Val 0.9248, Test 0.9266
Best:
          Accuracy         : Train 0.9246, Val 0.9311, Test 0.9252
Epoch 167: Loss:            : Train 0.0000, Val 0.2045, Test 0.1513
          Accuracy         : Train 0.9275, Val 0.9281, Test 0.9255
Best:
          Accuracy         : Train 0.9246, Val 0.9311, Test 0.9252
Epoch 168: Loss:            : Train 0.0000, Val 0.2068, Test 0.1523
          Accuracy         : Train 0.9311, Val 0.9292, Test 0.9259
Best:
          Accuracy         : Train 0.9246, Val 0.9311, Test 0.9252
Epoch 169: Loss:            : Train 0.0000, Val 0.2021, Test 0.1511
          Accuracy         : Train 0.9304, Val 0.9281, Test 0.9259
Best:
          Accuracy         : Train 0.9246, Val 0.9311, Test 0.9252
Epoch 170: Loss:            : Train 0.0000, Val 0.2278, Test 0.1573
          Accuracy         : Train 0.9303, Val 0.9278, Test 0.9274
Best:
          Accuracy         : Train 0.9246, Val 0.9311, Test 0.9252
Epoch 171: Loss:            : Train 0.0000, Val 0.2054, Test 0.1544
          Accuracy         : Train 0.9323, Val 0.9270, Test 0.9248
Best:
          Accuracy         : Train 0.9246, Val 0.9311, Test 0.9252
Epoch 172: Loss:            : Train 0.0000, Val 0.2012, Test 0.1506
          Accuracy         : Train 0.9302, Val 0.9252, Test 0.9252
Best:
          Accuracy         : Train 0.9246, Val 0.9311, Test 0.9252
Epoch 173: Loss:            : Train 0.0000, Val 0.2077, Test 0.1519
          Accuracy         : Train 0.9297, Val 0.9307, Test 0.9259
Best:
          Accuracy         : Train 0.9246, Val 0.9311, Test 0.9252
Epoch 174: Loss:            : Train 0.0000, Val 0.2316, Test 0.1575
          Accuracy         : Train 0.9306, Val 0.9237, Test 0.9276
Best:
          Accuracy         : Train 0.9246, Val 0.9311, Test 0.9252
Epoch 175: Loss:            : Train 0.0000, Val 0.2103, Test 0.1558
          Accuracy         : Train 0.9298, Val 0.9285, Test 0.9263
Best:
          Accuracy         : Train 0.9246, Val 0.9311, Test 0.9252
Epoch 176: Loss:            : Train 0.0000, Val 0.1986, Test 0.1538
          Accuracy         : Train 0.9314, Val 0.9244, Test 0.9220
Best:
          Accuracy         : Train 0.9246, Val 0.9311, Test 0.9252
Epoch 177: Loss:            : Train 0.0000, Val 0.2150, Test 0.1541
          Accuracy         : Train 0.9281, Val 0.9285, Test 0.9252
Best:
          Accuracy         : Train 0.9246, Val 0.9311, Test 0.9252
Epoch 178: Loss:            : Train 0.0000, Val 0.2135, Test 0.1559
          Accuracy         : Train 0.9307, Val 0.9263, Test 0.9278
Best:
          Accuracy         : Train 0.9246, Val 0.9311, Test 0.9252
Epoch 179: Loss:            : Train 0.0000, Val 0.1960, Test 0.1526
          Accuracy         : Train 0.9310, Val 0.9252, Test 0.9257
Best:
          Accuracy         : Train 0.9246, Val 0.9311, Test 0.9252
Epoch 180: Loss:            : Train 0.0000, Val 0.2003, Test 0.1512
          Accuracy         : Train 0.9304, Val 0.9289, Test 0.9255
Best:
          Accuracy         : Train 0.9246, Val 0.9311, Test 0.9252
Epoch 181: Loss:            : Train 0.0000, Val 0.2279, Test 0.1570
          Accuracy         : Train 0.9310, Val 0.9233, Test 0.9283
Best:
          Accuracy         : Train 0.9246, Val 0.9311, Test 0.9252
Epoch 182: Loss:            : Train 0.0000, Val 0.2080, Test 0.1658
          Accuracy         : Train 0.9298, Val 0.9270, Test 0.9257
Best:
          Accuracy         : Train 0.9246, Val 0.9311, Test 0.9252
Epoch 183: Loss:            : Train 0.0000, Val 0.2031, Test 0.1550
          Accuracy         : Train 0.9319, Val 0.9233, Test 0.9194
Best:
          Accuracy         : Train 0.9246, Val 0.9311, Test 0.9252
Epoch 184: Loss:            : Train 0.0000, Val 0.1899, Test 0.1528
          Accuracy         : Train 0.9299, Val 0.9266, Test 0.9250
Best:
          Accuracy         : Train 0.9246, Val 0.9311, Test 0.9252
Epoch 185: Loss:            : Train 0.0000, Val 0.2000, Test 0.1669
          Accuracy         : Train 0.9308, Val 0.9248, Test 0.9274
Best:
          Accuracy         : Train 0.9246, Val 0.9311, Test 0.9252
Epoch 186: Loss:            : Train 0.0000, Val 0.1953, Test 0.1503
          Accuracy         : Train 0.9312, Val 0.9270, Test 0.9255
Best:
          Accuracy         : Train 0.9246, Val 0.9311, Test 0.9252
Epoch 187: Loss:            : Train 0.0000, Val 0.1969, Test 0.1532
          Accuracy         : Train 0.9312, Val 0.9281, Test 0.9266
Best:
          Accuracy         : Train 0.9246, Val 0.9311, Test 0.9252
Epoch 188: Loss:            : Train 0.0000, Val 0.2287, Test 0.1575
          Accuracy         : Train 0.9307, Val 0.9211, Test 0.9215
Best:
          Accuracy         : Train 0.9246, Val 0.9311, Test 0.9252
Epoch 189: Loss:            : Train 0.0000, Val 0.2250, Test 0.1550
          Accuracy         : Train 0.9309, Val 0.9252, Test 0.9255
Best:
          Accuracy         : Train 0.9246, Val 0.9311, Test 0.9252
Epoch 190: Loss:            : Train 0.0000, Val 0.2101, Test 0.1520
          Accuracy         : Train 0.9317, Val 0.9278, Test 0.9263
Best:
          Accuracy         : Train 0.9246, Val 0.9311, Test 0.9252
Epoch 191: Loss:            : Train 0.0000, Val 0.1929, Test 0.1544
          Accuracy         : Train 0.9312, Val 0.9270, Test 0.9242
Best:
          Accuracy         : Train 0.9246, Val 0.9311, Test 0.9252
Epoch 192: Loss:            : Train 0.0000, Val 0.1973, Test 0.1506
          Accuracy         : Train 0.9305, Val 0.9307, Test 0.9257
Best:
          Accuracy         : Train 0.9246, Val 0.9311, Test 0.9252
Epoch 193: Loss:            : Train 0.0000, Val 0.1989, Test 0.1511
          Accuracy         : Train 0.9316, Val 0.9274, Test 0.9283
Best:
          Accuracy         : Train 0.9246, Val 0.9311, Test 0.9252
Epoch 194: Loss:            : Train 0.0000, Val 0.2028, Test 0.1510
          Accuracy         : Train 0.9293, Val 0.9289, Test 0.9272
Best:
          Accuracy         : Train 0.9246, Val 0.9311, Test 0.9252
Epoch 195: Loss:            : Train 0.0000, Val 0.1995, Test 0.1657
          Accuracy         : Train 0.9318, Val 0.9303, Test 0.9257
Best:
          Accuracy         : Train 0.9246, Val 0.9311, Test 0.9252
Epoch 196: Loss:            : Train 0.0000, Val 0.2001, Test 0.1539
          Accuracy         : Train 0.9314, Val 0.9255, Test 0.9266
Best:
          Accuracy         : Train 0.9246, Val 0.9311, Test 0.9252
Epoch 197: Loss:            : Train 0.0000, Val 0.2102, Test 0.1513
          Accuracy         : Train 0.9316, Val 0.9307, Test 0.9276
Best:
          Accuracy         : Train 0.9246, Val 0.9311, Test 0.9252
Epoch 198: Loss:            : Train 0.0000, Val 0.1954, Test 0.1653
          Accuracy         : Train 0.9323, Val 0.9278, Test 0.9263
Best:
          Accuracy         : Train 0.9246, Val 0.9311, Test 0.9252
Epoch 199: Loss:            : Train 0.0000, Val 0.2022, Test 0.1531
          Accuracy         : Train 0.9320, Val 0.9263, Test 0.9290
Best:
          Accuracy         : Train 0.9246, Val 0.9311, Test 0.9252
Epoch 200: Loss:            : Train 0.0000, Val 0.2064, Test 0.1505
          Accuracy         : Train 0.9308, Val 0.9300, Test 0.9281
Best:
          Accuracy         : Train 0.9246, Val 0.9311, Test 0.9252
Training time (sec): 71
