Loading MSD from data/song/msd_clean.csv
Loading FMA from data/song/fma_clean.csv
Current MSD columns Index(['0', '1', '2', '3', '4', '5', '6', '7', '8', '9', '10', '11', '12',
       '13', '14', '15', '16', '17', '18', '19', '20', '21', '22', '23', '24',
       '25', '26', '27', '28', '29', '30', '31', '32', '33', '34', '35', '36',
       '37', '38', '39', '40', '41', '42', '43', '44', '45', '46', '47', '48',
       '49', '50', '51', '52', '53', '54', '55', '56', '57', '58', '59', '60',
       '61', '62', '63', '64', '65', '66', '67', '68', '69', '70', '71', '72',
       '73', '74', '75', '76', '77', '78', '79', '80', '81', '82', '83', '84',
       '85', '86', '87', '88', '89', 'title'],
      dtype='object')
Current FMA columns Index(['title', '0', '1', '2', '3', '4', '5', '6', '7', '8',
       ...
       '508', '509', '510', '511', '512', '513', '514', '515', '516', '517'],
      dtype='object', length=519)
Loading data from cache
Done
Calculating noise scale
Standard variance of sim_score: 383.00
Adding noise of scale 0.10472837174429839 to sim_scores
Adding noise of scale 0.10472837174429839 to sim_scores
Adding noise of scale 0.10472837174429839 to sim_scores
Preparing time (sec): 51
Initializing dataloader
Done
Prepare for training
Start training
================================================================================
                                    Kernel Shape Output Shape  Params  \
Layer                                                                   
0_local_models.0.fc_layers.Linear_0    [90, 100]   [128, 100]    9100   
1_local_models.0.fc_layers.Linear_1    [100, 50]    [128, 50]    5050   
2_local_models.1.fc_layers.Linear_0   [518, 100]   [128, 100]   51900   
3_local_models.1.fc_layers.Linear_1    [100, 50]    [128, 50]    5050   
4_agg_model.fc_layers.Linear_0        [100, 400]   [128, 400]   40400   
5_agg_model.fc_layers.Linear_1          [400, 1]     [128, 1]     401   

                                     Mult-Adds  
Layer                                           
0_local_models.0.fc_layers.Linear_0       9000  
1_local_models.0.fc_layers.Linear_1       5000  
2_local_models.1.fc_layers.Linear_0      51800  
3_local_models.1.fc_layers.Linear_1       5000  
4_agg_model.fc_layers.Linear_0           40000  
5_agg_model.fc_layers.Linear_1             400  
--------------------------------------------------------------------------------
                      Totals
Total params          111901
Trainable params      111901
Non-trainable params       0
Mult-Adds             111200
================================================================================
n_classes=2
task=regression
model_name=song_avgsim_2022-01-27-03-45-29
sche_threshold=0.0001
sche_patience=10
sche_factor=0.1
use_scheduler=False
num_workers=4
device=cuda:0
test_batch_size=4096
train_batch_size=128
learning_rate=0.001
weight_decay=1e-05
num_epochs=50
model_save_path=ckp/song_avgsim_2022-01-27-03-45-29.pth
test_rate=0.2
val_rate=0.1
multiprocess_context=fork
metrics=['r2_score', 'rmse', 'mae']
metrics_f=[<metric.r2_score.R2Score object at 0x7fc346755e50>, <metric.rmse.RMSE object at 0x7fc346755880>, <metric.mae.MAE object at 0x7fc346755e20>]
hidden_sizes=[200, 100]
model=SplitNN(
  (agg_model): MLP(
    (fc_layers): ModuleList(
      (0): Linear(in_features=100, out_features=400, bias=True)
      (1): Linear(in_features=400, out_features=1, bias=True)
    )
  )
  (local_models): ModuleList(
    (0): MLP(
      (fc_layers): ModuleList(
        (0): Linear(in_features=90, out_features=100, bias=True)
        (1): Linear(in_features=100, out_features=50, bias=True)
      )
    )
    (1): MLP(
      (fc_layers): ModuleList(
        (0): Linear(in_features=518, out_features=100, bias=True)
        (1): Linear(in_features=100, out_features=50, bias=True)
      )
    )
  )
)
writer=<torch.utils.tensorboard.writer.SummaryWriter object at 0x7fc346755d30>
dataset_type=real
drop_key=True
num_common_features=1
tree_radius=0.01
tree_leaf_size=1000
knn_k=30
grid_min=-10.0
grid_max=10.0
grid_width=1.5
sim_scaler=StandardScaler()
filter_top_k=None
link_n_jobs=1
psig_p=4
sim_leak_p=0.01
link_threshold_t=0.1
link_epsilon=0.1
n_hash_lsh=50
edit_distance_threshold=10
n_hash_func=50
collision_rate=0.01
qgram_q=4
link_delta=0.01
feature_wise_sim=False
blocking_method=knn_priv_str
center_threshold=0.5
n_clusters=100
local_hidden_sizes=[[100], [100]]
cut_dims=[50, 50]
agg_hidden_sizes=[400]
scale_analysis=<utils.privacy.SimNoiseScale object at 0x7fc3425a1250>
log_dir=log/song_avgsim_2022-01-27-03-45-29/
update_sim_freq=1
sim_model_save_path=ckp/song_avgsim_2022-01-27-03-45-29_sim.pth
sim_batch_size=4096
sim_weight_decay=1e-05
sim_learning_rate=0.001
merge_mode=avg
sim_model=None
sim_hidden_sizes=[10, 10]
data1_shape=(349270, 91)
data2_shape=(63147, 519)
Epoch 1: Loss:            : Train 0.0135, Val 0.0086, Test 0.0083
          R2_Score         : Train -0.0504, Val 0.3320, Test 0.3363
          RMSE             : Train 10.3485, Val 8.2660, Test 8.0912
          MAE              : Train 7.0402, Val 5.8021, Test 5.7381
Best:
          R2_Score         : Train -0.0504, Val 0.3320, Test 0.3363
          RMSE             : Train 10.3485, Val 8.2660, Test 8.0912
          MAE              : Train 7.0402, Val 5.8021, Test 5.7381
Epoch 2: Loss:            : Train 0.0083, Val 0.0084, Test 0.0080
          R2_Score         : Train 0.3536, Val 0.3531, Test 0.3578
          RMSE             : Train 8.1181, Val 8.1339, Test 7.9592
          MAE              : Train 5.6181, Val 5.5768, Test 5.5111
Best:
          R2_Score         : Train 0.3536, Val 0.3531, Test 0.3578
          RMSE             : Train 8.1181, Val 8.1339, Test 7.9592
          MAE              : Train 5.6181, Val 5.5768, Test 5.5111
Epoch 3: Loss:            : Train 0.0081, Val 0.0083, Test 0.0080
          R2_Score         : Train 0.3695, Val 0.3562, Test 0.3569
          RMSE             : Train 8.0176, Val 8.1149, Test 7.9646
          MAE              : Train 5.5375, Val 5.5870, Test 5.5299
Best:
          R2_Score         : Train 0.3695, Val 0.3562, Test 0.3569
          RMSE             : Train 8.0176, Val 8.1149, Test 7.9646
          MAE              : Train 5.5375, Val 5.5870, Test 5.5299
Epoch 4: Loss:            : Train 0.0080, Val 0.0082, Test 0.0079
          R2_Score         : Train 0.3801, Val 0.3671, Test 0.3667
          RMSE             : Train 7.9498, Val 8.0458, Test 7.9040
          MAE              : Train 5.4908, Val 5.4937, Test 5.4426
Best:
          R2_Score         : Train 0.3801, Val 0.3671, Test 0.3667
          RMSE             : Train 7.9498, Val 8.0458, Test 7.9040
          MAE              : Train 5.4908, Val 5.4937, Test 5.4426
Epoch 5: Loss:            : Train 0.0079, Val 0.0082, Test 0.0080
          R2_Score         : Train 0.3879, Val 0.3635, Test 0.3611
          RMSE             : Train 7.8995, Val 8.0687, Test 7.9387
          MAE              : Train 5.4508, Val 5.6089, Test 5.5588
Best:
          R2_Score         : Train 0.3801, Val 0.3671, Test 0.3667
          RMSE             : Train 7.9498, Val 8.0458, Test 7.9040
          MAE              : Train 5.4908, Val 5.4937, Test 5.4426
Epoch 6: Loss:            : Train 0.0078, Val 0.0081, Test 0.0079
          R2_Score         : Train 0.3960, Val 0.3705, Test 0.3682
          RMSE             : Train 7.8476, Val 8.0239, Test 7.8944
          MAE              : Train 5.4151, Val 5.4425, Test 5.3966
Best:
          R2_Score         : Train 0.3960, Val 0.3705, Test 0.3682
          RMSE             : Train 7.8476, Val 8.0239, Test 7.8944
          MAE              : Train 5.4151, Val 5.4425, Test 5.3966
Epoch 7: Loss:            : Train 0.0077, Val 0.0081, Test 0.0079
          R2_Score         : Train 0.4014, Val 0.3735, Test 0.3695
          RMSE             : Train 7.8124, Val 8.0052, Test 7.8863
          MAE              : Train 5.3887, Val 5.4754, Test 5.4242
Best:
          R2_Score         : Train 0.4014, Val 0.3735, Test 0.3695
          RMSE             : Train 7.8124, Val 8.0052, Test 7.8863
          MAE              : Train 5.3887, Val 5.4754, Test 5.4242
Epoch 8: Loss:            : Train 0.0076, Val 0.0082, Test 0.0079
          R2_Score         : Train 0.4073, Val 0.3684, Test 0.3628
          RMSE             : Train 7.7733, Val 8.0375, Test 7.9280
          MAE              : Train 5.3620, Val 5.4680, Test 5.4243
Best:
          R2_Score         : Train 0.4014, Val 0.3735, Test 0.3695
          RMSE             : Train 7.8124, Val 8.0052, Test 7.8863
          MAE              : Train 5.3887, Val 5.4754, Test 5.4242
Epoch 9: Loss:            : Train 0.0076, Val 0.0081, Test 0.0079
          R2_Score         : Train 0.4131, Val 0.3718, Test 0.3682
          RMSE             : Train 7.7357, Val 8.0158, Test 7.8946
          MAE              : Train 5.3404, Val 5.4934, Test 5.4398
Best:
          R2_Score         : Train 0.4014, Val 0.3735, Test 0.3695
          RMSE             : Train 7.8124, Val 8.0052, Test 7.8863
          MAE              : Train 5.3887, Val 5.4754, Test 5.4242
Epoch 10: Loss:            : Train 0.0075, Val 0.0081, Test 0.0079
          R2_Score         : Train 0.4181, Val 0.3689, Test 0.3632
          RMSE             : Train 7.7026, Val 8.0343, Test 7.9253
          MAE              : Train 5.3144, Val 5.4803, Test 5.4409
Best:
          R2_Score         : Train 0.4014, Val 0.3735, Test 0.3695
          RMSE             : Train 7.8124, Val 8.0052, Test 7.8863
          MAE              : Train 5.3887, Val 5.4754, Test 5.4242
Epoch 11: Loss:            : Train 0.0074, Val 0.0081, Test 0.0079
          R2_Score         : Train 0.4228, Val 0.3727, Test 0.3639
          RMSE             : Train 7.6713, Val 8.0104, Test 7.9212
          MAE              : Train 5.2969, Val 5.4975, Test 5.4647
Best:
          R2_Score         : Train 0.4014, Val 0.3735, Test 0.3695
          RMSE             : Train 7.8124, Val 8.0052, Test 7.8863
          MAE              : Train 5.3887, Val 5.4754, Test 5.4242
Epoch 12: Loss:            : Train 0.0074, Val 0.0082, Test 0.0080
          R2_Score         : Train 0.4278, Val 0.3674, Test 0.3545
          RMSE             : Train 7.6379, Val 8.0440, Test 7.9795
          MAE              : Train 5.2770, Val 5.4993, Test 5.4767
Best:
          R2_Score         : Train 0.4014, Val 0.3735, Test 0.3695
          RMSE             : Train 7.8124, Val 8.0052, Test 7.8863
          MAE              : Train 5.3887, Val 5.4754, Test 5.4242
Epoch 13: Loss:            : Train 0.0073, Val 0.0082, Test 0.0081
          R2_Score         : Train 0.4332, Val 0.3621, Test 0.3503
          RMSE             : Train 7.6018, Val 8.0773, Test 8.0054
          MAE              : Train 5.2604, Val 5.4317, Test 5.3972
Best:
          R2_Score         : Train 0.4014, Val 0.3735, Test 0.3695
          RMSE             : Train 7.8124, Val 8.0052, Test 7.8863
          MAE              : Train 5.3887, Val 5.4754, Test 5.4242
Epoch 14: Loss:            : Train 0.0073, Val 0.0081, Test 0.0079
          R2_Score         : Train 0.4364, Val 0.3733, Test 0.3642
          RMSE             : Train 7.5807, Val 8.0062, Test 7.9194
          MAE              : Train 5.2415, Val 5.3867, Test 5.3522
Best:
          R2_Score         : Train 0.4014, Val 0.3735, Test 0.3695
          RMSE             : Train 7.8124, Val 8.0052, Test 7.8863
          MAE              : Train 5.3887, Val 5.4754, Test 5.4242
Epoch 15: Loss:            : Train 0.0072, Val 0.0082, Test 0.0080
          R2_Score         : Train 0.4426, Val 0.3645, Test 0.3559
          RMSE             : Train 7.5387, Val 8.0624, Test 7.9706
          MAE              : Train 5.2207, Val 5.4828, Test 5.4529
Best:
          R2_Score         : Train 0.4014, Val 0.3735, Test 0.3695
          RMSE             : Train 7.8124, Val 8.0052, Test 7.8863
          MAE              : Train 5.3887, Val 5.4754, Test 5.4242
Epoch 16: Loss:            : Train 0.0071, Val 0.0082, Test 0.0080
          R2_Score         : Train 0.4472, Val 0.3676, Test 0.3577
          RMSE             : Train 7.5073, Val 8.0428, Test 7.9596
          MAE              : Train 5.2021, Val 5.4463, Test 5.4095
Best:
          R2_Score         : Train 0.4014, Val 0.3735, Test 0.3695
          RMSE             : Train 7.8124, Val 8.0052, Test 7.8863
          MAE              : Train 5.3887, Val 5.4754, Test 5.4242
Epoch 17: Loss:            : Train 0.0071, Val 0.0082, Test 0.0081
          R2_Score         : Train 0.4506, Val 0.3630, Test 0.3524
          RMSE             : Train 7.4842, Val 8.0715, Test 7.9923
          MAE              : Train 5.1890, Val 5.4929, Test 5.4561
Best:
          R2_Score         : Train 0.4014, Val 0.3735, Test 0.3695
          RMSE             : Train 7.8124, Val 8.0052, Test 7.8863
          MAE              : Train 5.3887, Val 5.4754, Test 5.4242
Epoch 18: Loss:            : Train 0.0070, Val 0.0083, Test 0.0081
          R2_Score         : Train 0.4553, Val 0.3574, Test 0.3514
          RMSE             : Train 7.4525, Val 8.1072, Test 7.9985
          MAE              : Train 5.1705, Val 5.4861, Test 5.4436
Best:
          R2_Score         : Train 0.4014, Val 0.3735, Test 0.3695
          RMSE             : Train 7.8124, Val 8.0052, Test 7.8863
          MAE              : Train 5.3887, Val 5.4754, Test 5.4242
Epoch 19: Loss:            : Train 0.0070, Val 0.0082, Test 0.0081
          R2_Score         : Train 0.4588, Val 0.3636, Test 0.3503
          RMSE             : Train 7.4280, Val 8.0678, Test 8.0052
          MAE              : Train 5.1573, Val 5.5208, Test 5.4846
Best:
          R2_Score         : Train 0.4014, Val 0.3735, Test 0.3695
          RMSE             : Train 7.8124, Val 8.0052, Test 7.8863
          MAE              : Train 5.3887, Val 5.4754, Test 5.4242
Epoch 20: Loss:            : Train 0.0069, Val 0.0083, Test 0.0081
          R2_Score         : Train 0.4632, Val 0.3543, Test 0.3486
          RMSE             : Train 7.3978, Val 8.1268, Test 8.0161
          MAE              : Train 5.1416, Val 5.5174, Test 5.4616
Best:
          R2_Score         : Train 0.4014, Val 0.3735, Test 0.3695
          RMSE             : Train 7.8124, Val 8.0052, Test 7.8863
          MAE              : Train 5.3887, Val 5.4754, Test 5.4242
Epoch 21: Loss:            : Train 0.0069, Val 0.0083, Test 0.0081
          R2_Score         : Train 0.4673, Val 0.3583, Test 0.3528
          RMSE             : Train 7.3696, Val 8.1017, Test 7.9902
          MAE              : Train 5.1272, Val 5.4991, Test 5.4451
Best:
          R2_Score         : Train 0.4014, Val 0.3735, Test 0.3695
          RMSE             : Train 7.8124, Val 8.0052, Test 7.8863
          MAE              : Train 5.3887, Val 5.4754, Test 5.4242
Epoch 22: Loss:            : Train 0.0068, Val 0.0083, Test 0.0080
          R2_Score         : Train 0.4724, Val 0.3595, Test 0.3539
          RMSE             : Train 7.3341, Val 8.0938, Test 7.9834
          MAE              : Train 5.1075, Val 5.4475, Test 5.4014
Best:
          R2_Score         : Train 0.4014, Val 0.3735, Test 0.3695
          RMSE             : Train 7.8124, Val 8.0052, Test 7.8863
          MAE              : Train 5.3887, Val 5.4754, Test 5.4242
Epoch 23: Loss:            : Train 0.0067, Val 0.0086, Test 0.0083
          R2_Score         : Train 0.4760, Val 0.3361, Test 0.3325
          RMSE             : Train 7.3094, Val 8.2404, Test 8.1143
          MAE              : Train 5.0958, Val 5.4969, Test 5.4428
Best:
          R2_Score         : Train 0.4014, Val 0.3735, Test 0.3695
          RMSE             : Train 7.8124, Val 8.0052, Test 7.8863
          MAE              : Train 5.3887, Val 5.4754, Test 5.4242
Epoch 24: Loss:            : Train 0.0067, Val 0.0085, Test 0.0083
          R2_Score         : Train 0.4797, Val 0.3383, Test 0.3297
          RMSE             : Train 7.2832, Val 8.2265, Test 8.1313
          MAE              : Train 5.0774, Val 5.7091, Test 5.6609
Best:
          R2_Score         : Train 0.4014, Val 0.3735, Test 0.3695
          RMSE             : Train 7.8124, Val 8.0052, Test 7.8863
          MAE              : Train 5.3887, Val 5.4754, Test 5.4242
Epoch 25: Loss:            : Train 0.0066, Val 0.0086, Test 0.0083
          R2_Score         : Train 0.4846, Val 0.3356, Test 0.3318
          RMSE             : Train 7.2493, Val 8.2436, Test 8.1186
          MAE              : Train 5.0628, Val 5.7044, Test 5.6391
Best:
          R2_Score         : Train 0.4014, Val 0.3735, Test 0.3695
          RMSE             : Train 7.8124, Val 8.0052, Test 7.8863
          MAE              : Train 5.3887, Val 5.4754, Test 5.4242
Epoch 26: Loss:            : Train 0.0066, Val 0.0085, Test 0.0082
          R2_Score         : Train 0.4887, Val 0.3412, Test 0.3378
          RMSE             : Train 7.2201, Val 8.2086, Test 8.0820
          MAE              : Train 5.0490, Val 5.5035, Test 5.4467
Best:
          R2_Score         : Train 0.4014, Val 0.3735, Test 0.3695
          RMSE             : Train 7.8124, Val 8.0052, Test 7.8863
          MAE              : Train 5.3887, Val 5.4754, Test 5.4242
Epoch 27: Loss:            : Train 0.0065, Val 0.0084, Test 0.0082
          R2_Score         : Train 0.4930, Val 0.3473, Test 0.3399
          RMSE             : Train 7.1895, Val 8.1706, Test 8.0694
          MAE              : Train 5.0307, Val 5.4483, Test 5.4015
Best:
          R2_Score         : Train 0.4014, Val 0.3735, Test 0.3695
          RMSE             : Train 7.8124, Val 8.0052, Test 7.8863
          MAE              : Train 5.3887, Val 5.4754, Test 5.4242
Epoch 28: Loss:            : Train 0.0065, Val 0.0085, Test 0.0084
          R2_Score         : Train 0.4957, Val 0.3393, Test 0.3262
          RMSE             : Train 7.1706, Val 8.2205, Test 8.1524
          MAE              : Train 5.0228, Val 5.5593, Test 5.5207
Best:
          R2_Score         : Train 0.4014, Val 0.3735, Test 0.3695
          RMSE             : Train 7.8124, Val 8.0052, Test 7.8863
          MAE              : Train 5.3887, Val 5.4754, Test 5.4242
Epoch 29: Loss:            : Train 0.0064, Val 0.0087, Test 0.0084
          R2_Score         : Train 0.5014, Val 0.3283, Test 0.3274
          RMSE             : Train 7.1299, Val 8.2888, Test 8.1452
          MAE              : Train 5.0020, Val 5.5724, Test 5.4995
Best:
          R2_Score         : Train 0.4014, Val 0.3735, Test 0.3695
          RMSE             : Train 7.8124, Val 8.0052, Test 7.8863
          MAE              : Train 5.3887, Val 5.4754, Test 5.4242
Epoch 30: Loss:            : Train 0.0064, Val 0.0088, Test 0.0085
          R2_Score         : Train 0.5053, Val 0.3176, Test 0.3169
          RMSE             : Train 7.1022, Val 8.3545, Test 8.2087
          MAE              : Train 4.9878, Val 5.5216, Test 5.4514
Best:
          R2_Score         : Train 0.4014, Val 0.3735, Test 0.3695
          RMSE             : Train 7.8124, Val 8.0052, Test 7.8863
          MAE              : Train 5.3887, Val 5.4754, Test 5.4242
Epoch 31: Loss:            : Train 0.0063, Val 0.0087, Test 0.0084
          R2_Score         : Train 0.5106, Val 0.3299, Test 0.3276
          RMSE             : Train 7.0639, Val 8.2787, Test 8.1439
          MAE              : Train 4.9633, Val 5.5072, Test 5.4410
Best:
          R2_Score         : Train 0.4014, Val 0.3735, Test 0.3695
          RMSE             : Train 7.8124, Val 8.0052, Test 7.8863
          MAE              : Train 5.3887, Val 5.4754, Test 5.4242
Epoch 32: Loss:            : Train 0.0063, Val 0.0090, Test 0.0088
          R2_Score         : Train 0.5144, Val 0.3059, Test 0.2969
          RMSE             : Train 7.0361, Val 8.4256, Test 8.3279
          MAE              : Train 4.9490, Val 5.8637, Test 5.8158
Best:
          R2_Score         : Train 0.4014, Val 0.3735, Test 0.3695
          RMSE             : Train 7.8124, Val 8.0052, Test 7.8863
          MAE              : Train 5.3887, Val 5.4754, Test 5.4242
Epoch 33: Loss:            : Train 0.0062, Val 0.0088, Test 0.0085
          R2_Score         : Train 0.5182, Val 0.3194, Test 0.3167
          RMSE             : Train 7.0091, Val 8.3434, Test 8.2100
          MAE              : Train 4.9384, Val 5.7830, Test 5.7174
Best:
          R2_Score         : Train 0.4014, Val 0.3735, Test 0.3695
          RMSE             : Train 7.8124, Val 8.0052, Test 7.8863
          MAE              : Train 5.3887, Val 5.4754, Test 5.4242
Epoch 34: Loss:            : Train 0.0061, Val 0.0088, Test 0.0086
          R2_Score         : Train 0.5225, Val 0.3202, Test 0.3120
          RMSE             : Train 6.9775, Val 8.3387, Test 8.2378
          MAE              : Train 4.9211, Val 5.6123, Test 5.5494
Best:
          R2_Score         : Train 0.4014, Val 0.3735, Test 0.3695
          RMSE             : Train 7.8124, Val 8.0052, Test 7.8863
          MAE              : Train 5.3887, Val 5.4754, Test 5.4242
Epoch 35: Loss:            : Train 0.0061, Val 0.0091, Test 0.0089
          R2_Score         : Train 0.5266, Val 0.2947, Test 0.2891
          RMSE             : Train 6.9475, Val 8.4937, Test 8.3739
          MAE              : Train 4.9067, Val 5.6962, Test 5.6316
Best:
          R2_Score         : Train 0.4014, Val 0.3735, Test 0.3695
          RMSE             : Train 7.8124, Val 8.0052, Test 7.8863
          MAE              : Train 5.3887, Val 5.4754, Test 5.4242
Epoch 36: Loss:            : Train 0.0060, Val 0.0089, Test 0.0086
          R2_Score         : Train 0.5316, Val 0.3094, Test 0.3057
          RMSE             : Train 6.9103, Val 8.4042, Test 8.2759
          MAE              : Train 4.8881, Val 5.6045, Test 5.5462
Best:
          R2_Score         : Train 0.4014, Val 0.3735, Test 0.3695
          RMSE             : Train 7.8124, Val 8.0052, Test 7.8863
          MAE              : Train 5.3887, Val 5.4754, Test 5.4242
Epoch 37: Loss:            : Train 0.0060, Val 0.0092, Test 0.0090
          R2_Score         : Train 0.5355, Val 0.2898, Test 0.2748
          RMSE             : Train 6.8821, Val 8.5229, Test 8.4578
          MAE              : Train 4.8685, Val 5.8263, Test 5.7868
Best:
          R2_Score         : Train 0.4014, Val 0.3735, Test 0.3695
          RMSE             : Train 7.8124, Val 8.0052, Test 7.8863
          MAE              : Train 5.3887, Val 5.4754, Test 5.4242
Epoch 38: Loss:            : Train 0.0059, Val 0.0089, Test 0.0087
          R2_Score         : Train 0.5409, Val 0.3094, Test 0.3039
          RMSE             : Train 6.8417, Val 8.4043, Test 8.2864
          MAE              : Train 4.8517, Val 5.7291, Test 5.6700
Best:
          R2_Score         : Train 0.4014, Val 0.3735, Test 0.3695
          RMSE             : Train 7.8124, Val 8.0052, Test 7.8863
          MAE              : Train 5.3887, Val 5.4754, Test 5.4242
Epoch 39: Loss:            : Train 0.0059, Val 0.0091, Test 0.0089
          R2_Score         : Train 0.5436, Val 0.2929, Test 0.2825
          RMSE             : Train 6.8214, Val 8.5042, Test 8.4130
          MAE              : Train 4.8319, Val 5.7329, Test 5.6906
Best:
          R2_Score         : Train 0.4014, Val 0.3735, Test 0.3695
          RMSE             : Train 7.8124, Val 8.0052, Test 7.8863
          MAE              : Train 5.3887, Val 5.4754, Test 5.4242
Epoch 40: Loss:            : Train 0.0058, Val 0.0089, Test 0.0086
          R2_Score         : Train 0.5482, Val 0.3117, Test 0.3084
          RMSE             : Train 6.7872, Val 8.3907, Test 8.2595
          MAE              : Train 4.8201, Val 5.5679, Test 5.5001
Best:
          R2_Score         : Train 0.4014, Val 0.3735, Test 0.3695
          RMSE             : Train 7.8124, Val 8.0052, Test 7.8863
          MAE              : Train 5.3887, Val 5.4754, Test 5.4242
Epoch 41: Loss:            : Train 0.0058, Val 0.0089, Test 0.0087
          R2_Score         : Train 0.5534, Val 0.3103, Test 0.3036
          RMSE             : Train 6.7477, Val 8.3993, Test 8.2881
          MAE              : Train 4.7979, Val 5.6477, Test 5.5962
Best:
          R2_Score         : Train 0.4014, Val 0.3735, Test 0.3695
          RMSE             : Train 7.8124, Val 8.0052, Test 7.8863
          MAE              : Train 5.3887, Val 5.4754, Test 5.4242
Epoch 42: Loss:            : Train 0.0057, Val 0.0091, Test 0.0088
          R2_Score         : Train 0.5562, Val 0.2975, Test 0.2917
          RMSE             : Train 6.7265, Val 8.4765, Test 8.3585
          MAE              : Train 4.7885, Val 5.6931, Test 5.6370
Best:
          R2_Score         : Train 0.4014, Val 0.3735, Test 0.3695
          RMSE             : Train 7.8124, Val 8.0052, Test 7.8863
          MAE              : Train 5.3887, Val 5.4754, Test 5.4242
Epoch 43: Loss:            : Train 0.0057, Val 0.0092, Test 0.0091
          R2_Score         : Train 0.5607, Val 0.2873, Test 0.2698
          RMSE             : Train 6.6925, Val 8.5381, Test 8.4870
          MAE              : Train 4.7663, Val 5.6876, Test 5.6563
Best:
          R2_Score         : Train 0.4014, Val 0.3735, Test 0.3695
          RMSE             : Train 7.8124, Val 8.0052, Test 7.8863
          MAE              : Train 5.3887, Val 5.4754, Test 5.4242
Epoch 44: Loss:            : Train 0.0056, Val 0.0093, Test 0.0090
          R2_Score         : Train 0.5653, Val 0.2825, Test 0.2780
          RMSE             : Train 6.6574, Val 8.5667, Test 8.4389
          MAE              : Train 4.7453, Val 5.8238, Test 5.7744
Best:
          R2_Score         : Train 0.4014, Val 0.3735, Test 0.3695
          RMSE             : Train 7.8124, Val 8.0052, Test 7.8863
          MAE              : Train 5.3887, Val 5.4754, Test 5.4242
Epoch 45: Loss:            : Train 0.0056, Val 0.0092, Test 0.0090
          R2_Score         : Train 0.5689, Val 0.2875, Test 0.2812
          RMSE             : Train 6.6297, Val 8.5367, Test 8.4203
          MAE              : Train 4.7351, Val 5.7614, Test 5.7006
Best:
          R2_Score         : Train 0.4014, Val 0.3735, Test 0.3695
          RMSE             : Train 7.8124, Val 8.0052, Test 7.8863
          MAE              : Train 5.3887, Val 5.4754, Test 5.4242
Epoch 46: Loss:            : Train 0.0055, Val 0.0093, Test 0.0090
          R2_Score         : Train 0.5733, Val 0.2829, Test 0.2769
          RMSE             : Train 6.5957, Val 8.5644, Test 8.4454
          MAE              : Train 4.7142, Val 5.6706, Test 5.6162
Best:
          R2_Score         : Train 0.4014, Val 0.3735, Test 0.3695
          RMSE             : Train 7.8124, Val 8.0052, Test 7.8863
          MAE              : Train 5.3887, Val 5.4754, Test 5.4242
Epoch 47: Loss:            : Train 0.0054, Val 0.0091, Test 0.0089
          R2_Score         : Train 0.5776, Val 0.2919, Test 0.2848
          RMSE             : Train 6.5623, Val 8.5102, Test 8.3991
          MAE              : Train 4.6962, Val 5.7192, Test 5.6597
Best:
          R2_Score         : Train 0.4014, Val 0.3735, Test 0.3695
          RMSE             : Train 7.8124, Val 8.0052, Test 7.8863
          MAE              : Train 5.3887, Val 5.4754, Test 5.4242
Epoch 48: Loss:            : Train 0.0054, Val 0.0093, Test 0.0091
          R2_Score         : Train 0.5804, Val 0.2788, Test 0.2698
          RMSE             : Train 6.5404, Val 8.5889, Test 8.4868
          MAE              : Train 4.6862, Val 5.7313, Test 5.6876
Best:
          R2_Score         : Train 0.4014, Val 0.3735, Test 0.3695
          RMSE             : Train 7.8124, Val 8.0052, Test 7.8863
          MAE              : Train 5.3887, Val 5.4754, Test 5.4242
Epoch 49: Loss:            : Train 0.0053, Val 0.0093, Test 0.0090
          R2_Score         : Train 0.5848, Val 0.2786, Test 0.2765
          RMSE             : Train 6.5063, Val 8.5896, Test 8.4477
          MAE              : Train 4.6624, Val 5.6940, Test 5.6316
Best:
          R2_Score         : Train 0.4014, Val 0.3735, Test 0.3695
          RMSE             : Train 7.8124, Val 8.0052, Test 7.8863
          MAE              : Train 5.3887, Val 5.4754, Test 5.4242
Epoch 50: Loss:            : Train 0.0053, Val 0.0093, Test 0.0091
          R2_Score         : Train 0.5882, Val 0.2797, Test 0.2706
          RMSE             : Train 6.4796, Val 8.5834, Test 8.4824
          MAE              : Train 4.6467, Val 5.6737, Test 5.6242
Best:
          R2_Score         : Train 0.4014, Val 0.3735, Test 0.3695
          RMSE             : Train 7.8124, Val 8.0052, Test 7.8863
          MAE              : Train 5.3887, Val 5.4754, Test 5.4242
Training time (sec): 2113
