Loading house from data/hdb/hdb_clean.csv
Loading airbnb from data/hdb/school_clean.csv
Current hdb columns Index(['floor_area_sqm', 'lease_commence_year_before_2020', 'tn_BEDOK',
       'tn_BISHAN', 'tn_BUKIT BATOK', 'tn_BUKIT MERAH', 'tn_BUKIT PANJANG',
       'tn_BUKIT TIMAH', 'tn_CENTRAL AREA', 'tn_CHOA CHU KANG', 'tn_CLEMENTI',
       'tn_GEYLANG', 'tn_HOUGANG', 'tn_JURONG EAST', 'tn_JURONG WEST',
       'tn_KALLANG/WHAMPOA', 'tn_MARINE PARADE', 'tn_PASIR RIS', 'tn_PUNGGOL',
       'tn_QUEENSTOWN', 'tn_SEMBAWANG', 'tn_SENGKANG', 'tn_SERANGOON',
       'tn_TAMPINES', 'tn_TOA PAYOH', 'tn_WOODLANDS', 'tn_YISHUN', 'ft_2 ROOM',
       'ft_3 ROOM', 'ft_4 ROOM', 'ft_5 ROOM', 'ft_EXECUTIVE',
       'ft_MULTI-GENERATION', 'sr_04 TO 06', 'sr_07 TO 09', 'sr_10 TO 12',
       'sr_13 TO 15', 'sr_16 TO 18', 'sr_19 TO 21', 'sr_22 TO 24',
       'sr_25 TO 27', 'sr_28 TO 30', 'sr_31 TO 33', 'sr_34 TO 36',
       'sr_37 TO 39', 'sr_40 TO 42', 'sr_43 TO 45', 'sr_46 TO 48',
       'sr_49 TO 51', 'fm_Adjoined flat', 'fm_Apartment', 'fm_DBSS',
       'fm_Improved', 'fm_Improved-Maisonette', 'fm_Maisonette', 'fm_Model A',
       'fm_Model A-Maisonette', 'fm_Model A2', 'fm_Multi Generation',
       'fm_New Generation', 'fm_Premium Apartment',
       'fm_Premium Apartment Loft', 'fm_Premium Maisonette', 'fm_Simplified',
       'fm_Standard', 'fm_Terrace', 'fm_Type S1', 'fm_Type S2', 'lon', 'lat'],
      dtype='object')
Current airbnb columns Index(['lon', 'lat', 'n_places_0', 'vacancy_rate_0', 'n_places_1',
       'vacancy_rate_1', 'n_places_2', 'vacancy_rate_2', 'n_places_3',
       'vacancy_rate_3'],
      dtype='object')
Loading data from cache
Done
Calculating noise scale
Adding noise of scale 0.0 to sim_scores
Adding noise of scale 0.0 to sim_scores
Adding noise of scale 0.0 to sim_scores
Filter dataset to top 30
Generating top 30 dataset
Generating top 30 dataset
Generating top 30 dataset
Preparing time (sec): 6
Initializing dataloader
Done
Prepare for training
Start training
================================================================================
                                    Kernel Shape Output Shape  Params  \
Layer                                                                   
0_local_models.0.fc_layers.Linear_0    [69, 200]   [128, 200]   14000   
1_local_models.0.fc_layers.Linear_1   [200, 100]   [128, 100]   20100   
2_local_models.1.fc_layers.Linear_0     [8, 200]   [128, 200]    1800   
3_local_models.1.fc_layers.Linear_1   [200, 100]   [128, 100]   20100   
4_agg_model.fc_layers.Linear_0        [200, 100]   [128, 100]   20100   
5_agg_model.fc_layers.Linear_1          [100, 1]     [128, 1]     101   

                                     Mult-Adds  
Layer                                           
0_local_models.0.fc_layers.Linear_0      13800  
1_local_models.0.fc_layers.Linear_1      20000  
2_local_models.1.fc_layers.Linear_0       1600  
3_local_models.1.fc_layers.Linear_1      20000  
4_agg_model.fc_layers.Linear_0           20000  
5_agg_model.fc_layers.Linear_1             100  
--------------------------------------------------------------------------------
                      Totals
Total params           76201
Trainable params       76201
Non-trainable params       0
Mult-Adds              75500
================================================================================
n_classes=2
task=regression
model_name=hdb_featuresim_2022-01-24-02-31-58
sche_threshold=0.0001
sche_patience=10
sche_factor=0.1
use_scheduler=False
num_workers=4
device=cuda:3
test_batch_size=4096
train_batch_size=128
learning_rate=0.001
weight_decay=1e-05
num_epochs=100
model_save_path=ckp/hdb_featuresim_2022-01-24-02-31-58.pth
test_rate=0.2
val_rate=0.1
multiprocess_context=fork
metrics=['r2_score', 'rmse']
metrics_f=[<metric.r2_score.R2Score object at 0x7fe6fe2d5e20>, <metric.rmse.RMSE object at 0x7fe6fe2d5c10>]
hidden_sizes=[200, 100]
model=SplitNN(
  (agg_model): MLP(
    (fc_layers): ModuleList(
      (0): Linear(in_features=200, out_features=100, bias=True)
      (1): Linear(in_features=100, out_features=1, bias=True)
    )
  )
  (local_models): ModuleList(
    (0): MLP(
      (fc_layers): ModuleList(
        (0): Linear(in_features=69, out_features=200, bias=True)
        (1): Linear(in_features=200, out_features=100, bias=True)
      )
    )
    (1): MLP(
      (fc_layers): ModuleList(
        (0): Linear(in_features=8, out_features=200, bias=True)
        (1): Linear(in_features=200, out_features=100, bias=True)
      )
    )
  )
)
writer=<torch.utils.tensorboard.writer.SummaryWriter object at 0x7fe7f4f22f10>
dataset_type=real
drop_key=True
num_common_features=2
tree_radius=0.01
tree_leaf_size=1000
knn_k=30
grid_min=-10.0
grid_max=10.0
grid_width=1.5
sim_scaler=StandardScaler()
filter_top_k=30
link_n_jobs=-1
psig_p=7
sim_leak_p=1.0
link_threshold_t=0.01
link_epsilon=0.005
n_hash_lsh=20
edit_distance_threshold=1
n_hash_func=10
collision_rate=0.05
qgram_q=2
link_delta=0.005
feature_wise_sim=False
blocking_method=knn
center_threshold=0.5
n_clusters=100
local_hidden_sizes=[[200], [200]]
cut_dims=[100, 100]
agg_hidden_sizes=[100]
scale_analysis=None
data1_shape=(92065, 70)
data2_shape=(165, 10)
Epoch 1: Loss:            : Train 0.0118, Val 0.0020, Test 0.0019
          R2_Score         : Train 0.3929, Val 0.8970, Test 0.9019
          RMSE             : Train 120.4679, Val 49.7684, Test 48.7499
Best:
          R2_Score         : Train 0.3929, Val 0.8970, Test 0.9019
          RMSE             : Train 120.4679, Val 49.7684, Test 48.7499
Epoch 2: Loss:            : Train 0.0018, Val 0.0019, Test 0.0019
          R2_Score         : Train 0.9066, Val 0.9029, Test 0.9052
          RMSE             : Train 47.2530, Val 48.3069, Test 47.9256
Best:
          R2_Score         : Train 0.9066, Val 0.9029, Test 0.9052
          RMSE             : Train 47.2530, Val 48.3069, Test 47.9256
Epoch 3: Loss:            : Train 0.0017, Val 0.0018, Test 0.0016
          R2_Score         : Train 0.9150, Val 0.9101, Test 0.9165
          RMSE             : Train 45.0747, Val 46.5045, Test 44.9601
Best:
          R2_Score         : Train 0.9150, Val 0.9101, Test 0.9165
          RMSE             : Train 45.0747, Val 46.5045, Test 44.9601
Epoch 4: Loss:            : Train 0.0016, Val 0.0016, Test 0.0015
          R2_Score         : Train 0.9190, Val 0.9179, Test 0.9225
          RMSE             : Train 44.0077, Val 44.4337, Test 43.3378
Best:
          R2_Score         : Train 0.9190, Val 0.9179, Test 0.9225
          RMSE             : Train 44.0077, Val 44.4337, Test 43.3378
Epoch 5: Loss:            : Train 0.0015, Val 0.0016, Test 0.0015
          R2_Score         : Train 0.9211, Val 0.9180, Test 0.9220
          RMSE             : Train 43.4257, Val 44.3926, Test 43.4701
Best:
          R2_Score         : Train 0.9211, Val 0.9180, Test 0.9220
          RMSE             : Train 43.4257, Val 44.3926, Test 43.4701
Epoch 6: Loss:            : Train 0.0015, Val 0.0016, Test 0.0015
          R2_Score         : Train 0.9230, Val 0.9176, Test 0.9229
          RMSE             : Train 42.9062, Val 44.5003, Test 43.2033
Best:
          R2_Score         : Train 0.9211, Val 0.9180, Test 0.9220
          RMSE             : Train 43.4257, Val 44.3926, Test 43.4701
Epoch 7: Loss:            : Train 0.0015, Val 0.0016, Test 0.0015
          R2_Score         : Train 0.9244, Val 0.9193, Test 0.9245
          RMSE             : Train 42.5086, Val 44.0370, Test 42.7603
Best:
          R2_Score         : Train 0.9244, Val 0.9193, Test 0.9245
          RMSE             : Train 42.5086, Val 44.0370, Test 42.7603
Epoch 8: Loss:            : Train 0.0015, Val 0.0016, Test 0.0015
          R2_Score         : Train 0.9255, Val 0.9200, Test 0.9233
          RMSE             : Train 42.2014, Val 43.8583, Test 43.0928
Best:
          R2_Score         : Train 0.9255, Val 0.9200, Test 0.9233
          RMSE             : Train 42.2014, Val 43.8583, Test 43.0928
Epoch 9: Loss:            : Train 0.0014, Val 0.0015, Test 0.0015
          R2_Score         : Train 0.9267, Val 0.9236, Test 0.9264
          RMSE             : Train 41.8671, Val 42.8607, Test 42.2292
Best:
          R2_Score         : Train 0.9267, Val 0.9236, Test 0.9264
          RMSE             : Train 41.8671, Val 42.8607, Test 42.2292
Epoch 10: Loss:            : Train 0.0014, Val 0.0015, Test 0.0014
          R2_Score         : Train 0.9274, Val 0.9239, Test 0.9275
          RMSE             : Train 41.6537, Val 42.7745, Test 41.8965
Best:
          R2_Score         : Train 0.9274, Val 0.9239, Test 0.9275
          RMSE             : Train 41.6537, Val 42.7745, Test 41.8965
Epoch 11: Loss:            : Train 0.0014, Val 0.0015, Test 0.0014
          R2_Score         : Train 0.9283, Val 0.9223, Test 0.9278
          RMSE             : Train 41.4146, Val 43.2321, Test 41.8222
Best:
          R2_Score         : Train 0.9274, Val 0.9239, Test 0.9275
          RMSE             : Train 41.6537, Val 42.7745, Test 41.8965
Epoch 12: Loss:            : Train 0.0014, Val 0.0015, Test 0.0014
          R2_Score         : Train 0.9291, Val 0.9227, Test 0.9267
          RMSE             : Train 41.1697, Val 43.1192, Test 42.1280
Best:
          R2_Score         : Train 0.9274, Val 0.9239, Test 0.9275
          RMSE             : Train 41.6537, Val 42.7745, Test 41.8965
Epoch 13: Loss:            : Train 0.0014, Val 0.0015, Test 0.0014
          R2_Score         : Train 0.9293, Val 0.9239, Test 0.9286
          RMSE             : Train 41.1114, Val 42.7793, Test 41.5941
Best:
          R2_Score         : Train 0.9274, Val 0.9239, Test 0.9275
          RMSE             : Train 41.6537, Val 42.7745, Test 41.8965
Epoch 14: Loss:            : Train 0.0014, Val 0.0014, Test 0.0014
          R2_Score         : Train 0.9301, Val 0.9264, Test 0.9302
          RMSE             : Train 40.8713, Val 42.0635, Test 41.1250
Best:
          R2_Score         : Train 0.9301, Val 0.9264, Test 0.9302
          RMSE             : Train 40.8713, Val 42.0635, Test 41.1250
Epoch 15: Loss:            : Train 0.0014, Val 0.0014, Test 0.0014
          R2_Score         : Train 0.9306, Val 0.9262, Test 0.9295
          RMSE             : Train 40.7396, Val 42.1355, Test 41.3120
Best:
          R2_Score         : Train 0.9301, Val 0.9264, Test 0.9302
          RMSE             : Train 40.8713, Val 42.0635, Test 41.1250
Epoch 16: Loss:            : Train 0.0013, Val 0.0015, Test 0.0014
          R2_Score         : Train 0.9312, Val 0.9256, Test 0.9301
          RMSE             : Train 40.5571, Val 42.2818, Test 41.1441
Best:
          R2_Score         : Train 0.9301, Val 0.9264, Test 0.9302
          RMSE             : Train 40.8713, Val 42.0635, Test 41.1250
Epoch 17: Loss:            : Train 0.0013, Val 0.0015, Test 0.0014
          R2_Score         : Train 0.9315, Val 0.9235, Test 0.9284
          RMSE             : Train 40.4683, Val 42.8993, Test 41.6546
Best:
          R2_Score         : Train 0.9301, Val 0.9264, Test 0.9302
          RMSE             : Train 40.8713, Val 42.0635, Test 41.1250
Epoch 18: Loss:            : Train 0.0013, Val 0.0014, Test 0.0013
          R2_Score         : Train 0.9323, Val 0.9270, Test 0.9317
          RMSE             : Train 40.2244, Val 41.8906, Test 40.6573
Best:
          R2_Score         : Train 0.9323, Val 0.9270, Test 0.9317
          RMSE             : Train 40.2244, Val 41.8906, Test 40.6573
Epoch 19: Loss:            : Train 0.0013, Val 0.0015, Test 0.0014
          R2_Score         : Train 0.9330, Val 0.9255, Test 0.9289
          RMSE             : Train 40.0308, Val 42.3374, Test 41.4993
Best:
          R2_Score         : Train 0.9323, Val 0.9270, Test 0.9317
          RMSE             : Train 40.2244, Val 41.8906, Test 40.6573
Epoch 20: Loss:            : Train 0.0013, Val 0.0014, Test 0.0013
          R2_Score         : Train 0.9330, Val 0.9287, Test 0.9325
          RMSE             : Train 40.0226, Val 41.4077, Test 40.4188
Best:
          R2_Score         : Train 0.9330, Val 0.9287, Test 0.9325
          RMSE             : Train 40.0226, Val 41.4077, Test 40.4188
Epoch 21: Loss:            : Train 0.0013, Val 0.0014, Test 0.0013
          R2_Score         : Train 0.9335, Val 0.9275, Test 0.9331
          RMSE             : Train 39.8676, Val 41.7525, Test 40.2647
Best:
          R2_Score         : Train 0.9330, Val 0.9287, Test 0.9325
          RMSE             : Train 40.0226, Val 41.4077, Test 40.4188
Epoch 22: Loss:            : Train 0.0013, Val 0.0014, Test 0.0013
          R2_Score         : Train 0.9342, Val 0.9280, Test 0.9321
          RMSE             : Train 39.6565, Val 41.6183, Test 40.5528
Best:
          R2_Score         : Train 0.9330, Val 0.9287, Test 0.9325
          RMSE             : Train 40.0226, Val 41.4077, Test 40.4188
Epoch 23: Loss:            : Train 0.0013, Val 0.0014, Test 0.0014
          R2_Score         : Train 0.9345, Val 0.9260, Test 0.9304
          RMSE             : Train 39.5792, Val 42.1878, Test 41.0698
Best:
          R2_Score         : Train 0.9330, Val 0.9287, Test 0.9325
          RMSE             : Train 40.0226, Val 41.4077, Test 40.4188
Epoch 24: Loss:            : Train 0.0013, Val 0.0014, Test 0.0013
          R2_Score         : Train 0.9349, Val 0.9300, Test 0.9337
          RMSE             : Train 39.4546, Val 41.0235, Test 40.0841
Best:
          R2_Score         : Train 0.9349, Val 0.9300, Test 0.9337
          RMSE             : Train 39.4546, Val 41.0235, Test 40.0841
Epoch 25: Loss:            : Train 0.0013, Val 0.0014, Test 0.0013
          R2_Score         : Train 0.9352, Val 0.9306, Test 0.9344
          RMSE             : Train 39.3579, Val 40.8495, Test 39.8688
Best:
          R2_Score         : Train 0.9352, Val 0.9306, Test 0.9344
          RMSE             : Train 39.3579, Val 40.8495, Test 39.8688
Epoch 26: Loss:            : Train 0.0013, Val 0.0014, Test 0.0013
          R2_Score         : Train 0.9356, Val 0.9307, Test 0.9344
          RMSE             : Train 39.2307, Val 40.8246, Test 39.8573
Best:
          R2_Score         : Train 0.9356, Val 0.9307, Test 0.9344
          RMSE             : Train 39.2307, Val 40.8246, Test 39.8573
Epoch 27: Loss:            : Train 0.0012, Val 0.0014, Test 0.0013
          R2_Score         : Train 0.9362, Val 0.9309, Test 0.9344
          RMSE             : Train 39.0635, Val 40.7696, Test 39.8652
Best:
          R2_Score         : Train 0.9362, Val 0.9309, Test 0.9344
          RMSE             : Train 39.0635, Val 40.7696, Test 39.8652
Epoch 28: Loss:            : Train 0.0012, Val 0.0014, Test 0.0013
          R2_Score         : Train 0.9367, Val 0.9301, Test 0.9343
          RMSE             : Train 38.9074, Val 40.9874, Test 39.8887
Best:
          R2_Score         : Train 0.9362, Val 0.9309, Test 0.9344
          RMSE             : Train 39.0635, Val 40.7696, Test 39.8652
Epoch 29: Loss:            : Train 0.0012, Val 0.0014, Test 0.0013
          R2_Score         : Train 0.9367, Val 0.9307, Test 0.9345
          RMSE             : Train 38.8927, Val 40.8316, Test 39.8201
Best:
          R2_Score         : Train 0.9362, Val 0.9309, Test 0.9344
          RMSE             : Train 39.0635, Val 40.7696, Test 39.8652
Epoch 30: Loss:            : Train 0.0012, Val 0.0013, Test 0.0013
          R2_Score         : Train 0.9372, Val 0.9311, Test 0.9349
          RMSE             : Train 38.7349, Val 40.6992, Test 39.7026
Best:
          R2_Score         : Train 0.9372, Val 0.9311, Test 0.9349
          RMSE             : Train 38.7349, Val 40.6992, Test 39.7026
Epoch 31: Loss:            : Train 0.0012, Val 0.0014, Test 0.0013
          R2_Score         : Train 0.9377, Val 0.9293, Test 0.9340
          RMSE             : Train 38.6078, Val 41.2341, Test 39.9782
Best:
          R2_Score         : Train 0.9372, Val 0.9311, Test 0.9349
          RMSE             : Train 38.7349, Val 40.6992, Test 39.7026
Epoch 32: Loss:            : Train 0.0012, Val 0.0013, Test 0.0013
          R2_Score         : Train 0.9379, Val 0.9324, Test 0.9354
          RMSE             : Train 38.5231, Val 40.3190, Test 39.5489
Best:
          R2_Score         : Train 0.9379, Val 0.9324, Test 0.9354
          RMSE             : Train 38.5231, Val 40.3190, Test 39.5489
Epoch 33: Loss:            : Train 0.0012, Val 0.0013, Test 0.0013
          R2_Score         : Train 0.9382, Val 0.9323, Test 0.9357
          RMSE             : Train 38.4438, Val 40.3332, Test 39.4537
Best:
          R2_Score         : Train 0.9379, Val 0.9324, Test 0.9354
          RMSE             : Train 38.5231, Val 40.3190, Test 39.5489
Epoch 34: Loss:            : Train 0.0012, Val 0.0013, Test 0.0012
          R2_Score         : Train 0.9386, Val 0.9340, Test 0.9374
          RMSE             : Train 38.3184, Val 39.8492, Test 38.9263
Best:
          R2_Score         : Train 0.9386, Val 0.9340, Test 0.9374
          RMSE             : Train 38.3184, Val 39.8492, Test 38.9263
Epoch 35: Loss:            : Train 0.0012, Val 0.0013, Test 0.0012
          R2_Score         : Train 0.9389, Val 0.9340, Test 0.9370
          RMSE             : Train 38.2307, Val 39.8482, Test 39.0576
Best:
          R2_Score         : Train 0.9389, Val 0.9340, Test 0.9370
          RMSE             : Train 38.2307, Val 39.8482, Test 39.0576
Epoch 36: Loss:            : Train 0.0012, Val 0.0013, Test 0.0012
          R2_Score         : Train 0.9395, Val 0.9340, Test 0.9375
          RMSE             : Train 38.0455, Val 39.8412, Test 38.9103
Best:
          R2_Score         : Train 0.9395, Val 0.9340, Test 0.9375
          RMSE             : Train 38.0455, Val 39.8412, Test 38.9103
Epoch 37: Loss:            : Train 0.0012, Val 0.0013, Test 0.0012
          R2_Score         : Train 0.9395, Val 0.9329, Test 0.9367
          RMSE             : Train 38.0227, Val 40.1772, Test 39.1398
Best:
          R2_Score         : Train 0.9395, Val 0.9340, Test 0.9375
          RMSE             : Train 38.0455, Val 39.8412, Test 38.9103
Epoch 38: Loss:            : Train 0.0012, Val 0.0013, Test 0.0012
          R2_Score         : Train 0.9401, Val 0.9335, Test 0.9371
          RMSE             : Train 37.8352, Val 39.9753, Test 39.0401
Best:
          R2_Score         : Train 0.9395, Val 0.9340, Test 0.9375
          RMSE             : Train 38.0455, Val 39.8412, Test 38.9103
Epoch 39: Loss:            : Train 0.0012, Val 0.0013, Test 0.0012
          R2_Score         : Train 0.9402, Val 0.9348, Test 0.9377
          RMSE             : Train 37.8029, Val 39.5889, Test 38.8575
Best:
          R2_Score         : Train 0.9402, Val 0.9348, Test 0.9377
          RMSE             : Train 37.8029, Val 39.5889, Test 38.8575
Epoch 40: Loss:            : Train 0.0012, Val 0.0013, Test 0.0012
          R2_Score         : Train 0.9408, Val 0.9349, Test 0.9378
          RMSE             : Train 37.6338, Val 39.5528, Test 38.8110
Best:
          R2_Score         : Train 0.9408, Val 0.9349, Test 0.9378
          RMSE             : Train 37.6338, Val 39.5528, Test 38.8110
Epoch 41: Loss:            : Train 0.0012, Val 0.0013, Test 0.0012
          R2_Score         : Train 0.9408, Val 0.9350, Test 0.9380
          RMSE             : Train 37.6231, Val 39.5261, Test 38.7565
Best:
          R2_Score         : Train 0.9408, Val 0.9350, Test 0.9380
          RMSE             : Train 37.6231, Val 39.5261, Test 38.7565
Epoch 42: Loss:            : Train 0.0011, Val 0.0013, Test 0.0012
          R2_Score         : Train 0.9411, Val 0.9347, Test 0.9377
          RMSE             : Train 37.5270, Val 39.6117, Test 38.8316
Best:
          R2_Score         : Train 0.9408, Val 0.9350, Test 0.9380
          RMSE             : Train 37.6231, Val 39.5261, Test 38.7565
Epoch 43: Loss:            : Train 0.0011, Val 0.0013, Test 0.0012
          R2_Score         : Train 0.9413, Val 0.9356, Test 0.9388
          RMSE             : Train 37.4585, Val 39.3413, Test 38.5085
Best:
          R2_Score         : Train 0.9413, Val 0.9356, Test 0.9388
          RMSE             : Train 37.4585, Val 39.3413, Test 38.5085
Epoch 44: Loss:            : Train 0.0011, Val 0.0013, Test 0.0012
          R2_Score         : Train 0.9412, Val 0.9352, Test 0.9386
          RMSE             : Train 37.4843, Val 39.4713, Test 38.5520
Best:
          R2_Score         : Train 0.9413, Val 0.9356, Test 0.9388
          RMSE             : Train 37.4585, Val 39.3413, Test 38.5085
Epoch 45: Loss:            : Train 0.0011, Val 0.0013, Test 0.0012
          R2_Score         : Train 0.9419, Val 0.9356, Test 0.9392
          RMSE             : Train 37.2586, Val 39.3516, Test 38.3895
Best:
          R2_Score         : Train 0.9413, Val 0.9356, Test 0.9388
          RMSE             : Train 37.4585, Val 39.3413, Test 38.5085
Epoch 46: Loss:            : Train 0.0011, Val 0.0013, Test 0.0012
          R2_Score         : Train 0.9419, Val 0.9355, Test 0.9390
          RMSE             : Train 37.2547, Val 39.3793, Test 38.4360
Best:
          R2_Score         : Train 0.9413, Val 0.9356, Test 0.9388
          RMSE             : Train 37.4585, Val 39.3413, Test 38.5085
Epoch 47: Loss:            : Train 0.0011, Val 0.0012, Test 0.0012
          R2_Score         : Train 0.9422, Val 0.9365, Test 0.9396
          RMSE             : Train 37.1772, Val 39.0876, Test 38.2598
Best:
          R2_Score         : Train 0.9422, Val 0.9365, Test 0.9396
          RMSE             : Train 37.1772, Val 39.0876, Test 38.2598
Epoch 48: Loss:            : Train 0.0011, Val 0.0012, Test 0.0012
          R2_Score         : Train 0.9424, Val 0.9373, Test 0.9395
          RMSE             : Train 37.0985, Val 38.8294, Test 38.2838
Best:
          R2_Score         : Train 0.9424, Val 0.9373, Test 0.9395
          RMSE             : Train 37.0985, Val 38.8294, Test 38.2838
Epoch 49: Loss:            : Train 0.0011, Val 0.0012, Test 0.0012
          R2_Score         : Train 0.9428, Val 0.9367, Test 0.9392
          RMSE             : Train 36.9942, Val 39.0254, Test 38.3719
Best:
          R2_Score         : Train 0.9424, Val 0.9373, Test 0.9395
          RMSE             : Train 37.0985, Val 38.8294, Test 38.2838
Epoch 50: Loss:            : Train 0.0011, Val 0.0012, Test 0.0012
          R2_Score         : Train 0.9428, Val 0.9367, Test 0.9396
          RMSE             : Train 36.9929, Val 39.0046, Test 38.2577
Best:
          R2_Score         : Train 0.9424, Val 0.9373, Test 0.9395
          RMSE             : Train 37.0985, Val 38.8294, Test 38.2838
Epoch 51: Loss:            : Train 0.0011, Val 0.0012, Test 0.0012
          R2_Score         : Train 0.9431, Val 0.9376, Test 0.9405
          RMSE             : Train 36.8979, Val 38.7461, Test 37.9680
Best:
          R2_Score         : Train 0.9431, Val 0.9376, Test 0.9405
          RMSE             : Train 36.8979, Val 38.7461, Test 37.9680
Epoch 52: Loss:            : Train 0.0011, Val 0.0012, Test 0.0012
          R2_Score         : Train 0.9435, Val 0.9372, Test 0.9399
          RMSE             : Train 36.7675, Val 38.8599, Test 38.1612
Best:
          R2_Score         : Train 0.9431, Val 0.9376, Test 0.9405
          RMSE             : Train 36.8979, Val 38.7461, Test 37.9680
Epoch 53: Loss:            : Train 0.0011, Val 0.0012, Test 0.0012
          R2_Score         : Train 0.9434, Val 0.9370, Test 0.9400
          RMSE             : Train 36.7958, Val 38.9195, Test 38.1268
Best:
          R2_Score         : Train 0.9431, Val 0.9376, Test 0.9405
          RMSE             : Train 36.8979, Val 38.7461, Test 37.9680
Epoch 54: Loss:            : Train 0.0011, Val 0.0012, Test 0.0012
          R2_Score         : Train 0.9438, Val 0.9366, Test 0.9393
          RMSE             : Train 36.6584, Val 39.0313, Test 38.3318
Best:
          R2_Score         : Train 0.9431, Val 0.9376, Test 0.9405
          RMSE             : Train 36.8979, Val 38.7461, Test 37.9680
Epoch 55: Loss:            : Train 0.0011, Val 0.0012, Test 0.0012
          R2_Score         : Train 0.9439, Val 0.9378, Test 0.9410
          RMSE             : Train 36.6291, Val 38.6768, Test 37.7952
Best:
          R2_Score         : Train 0.9439, Val 0.9378, Test 0.9410
          RMSE             : Train 36.6291, Val 38.6768, Test 37.7952
Epoch 56: Loss:            : Train 0.0011, Val 0.0012, Test 0.0012
          R2_Score         : Train 0.9438, Val 0.9373, Test 0.9404
          RMSE             : Train 36.6572, Val 38.8324, Test 37.9945
Best:
          R2_Score         : Train 0.9439, Val 0.9378, Test 0.9410
          RMSE             : Train 36.6291, Val 38.6768, Test 37.7952
Epoch 57: Loss:            : Train 0.0011, Val 0.0012, Test 0.0012
          R2_Score         : Train 0.9442, Val 0.9375, Test 0.9402
          RMSE             : Train 36.5149, Val 38.7750, Test 38.0481
Best:
          R2_Score         : Train 0.9439, Val 0.9378, Test 0.9410
          RMSE             : Train 36.6291, Val 38.6768, Test 37.7952
Epoch 58: Loss:            : Train 0.0011, Val 0.0012, Test 0.0012
          R2_Score         : Train 0.9442, Val 0.9366, Test 0.9391
          RMSE             : Train 36.5166, Val 39.0461, Test 38.4043
Best:
          R2_Score         : Train 0.9439, Val 0.9378, Test 0.9410
          RMSE             : Train 36.6291, Val 38.6768, Test 37.7952
Epoch 59: Loss:            : Train 0.0011, Val 0.0012, Test 0.0012
          R2_Score         : Train 0.9442, Val 0.9373, Test 0.9400
          RMSE             : Train 36.5100, Val 38.8161, Test 38.1123
Best:
          R2_Score         : Train 0.9439, Val 0.9378, Test 0.9410
          RMSE             : Train 36.6291, Val 38.6768, Test 37.7952
Epoch 60: Loss:            : Train 0.0011, Val 0.0012, Test 0.0012
          R2_Score         : Train 0.9446, Val 0.9366, Test 0.9382
          RMSE             : Train 36.3775, Val 39.0372, Test 38.6746
Best:
          R2_Score         : Train 0.9439, Val 0.9378, Test 0.9410
          RMSE             : Train 36.6291, Val 38.6768, Test 37.7952
Epoch 61: Loss:            : Train 0.0011, Val 0.0012, Test 0.0012
          R2_Score         : Train 0.9447, Val 0.9388, Test 0.9407
          RMSE             : Train 36.3567, Val 38.3476, Test 37.8892
Best:
          R2_Score         : Train 0.9447, Val 0.9388, Test 0.9407
          RMSE             : Train 36.3567, Val 38.3476, Test 37.8892
Epoch 62: Loss:            : Train 0.0011, Val 0.0012, Test 0.0012
          R2_Score         : Train 0.9448, Val 0.9389, Test 0.9406
          RMSE             : Train 36.3431, Val 38.3256, Test 37.9272
Best:
          R2_Score         : Train 0.9448, Val 0.9389, Test 0.9406
          RMSE             : Train 36.3431, Val 38.3256, Test 37.9272
Epoch 63: Loss:            : Train 0.0011, Val 0.0012, Test 0.0012
          R2_Score         : Train 0.9450, Val 0.9382, Test 0.9402
          RMSE             : Train 36.2457, Val 38.5382, Test 38.0702
Best:
          R2_Score         : Train 0.9448, Val 0.9389, Test 0.9406
          RMSE             : Train 36.3431, Val 38.3256, Test 37.9272
Epoch 64: Loss:            : Train 0.0011, Val 0.0012, Test 0.0012
          R2_Score         : Train 0.9449, Val 0.9390, Test 0.9411
          RMSE             : Train 36.2997, Val 38.2988, Test 37.7714
Best:
          R2_Score         : Train 0.9449, Val 0.9390, Test 0.9411
          RMSE             : Train 36.2997, Val 38.2988, Test 37.7714
Epoch 65: Loss:            : Train 0.0011, Val 0.0012, Test 0.0012
          R2_Score         : Train 0.9450, Val 0.9396, Test 0.9414
          RMSE             : Train 36.2666, Val 38.1243, Test 37.6822
Best:
          R2_Score         : Train 0.9450, Val 0.9396, Test 0.9414
          RMSE             : Train 36.2666, Val 38.1243, Test 37.6822
Epoch 66: Loss:            : Train 0.0011, Val 0.0012, Test 0.0012
          R2_Score         : Train 0.9452, Val 0.9372, Test 0.9398
          RMSE             : Train 36.1983, Val 38.8710, Test 38.1928
Best:
          R2_Score         : Train 0.9450, Val 0.9396, Test 0.9414
          RMSE             : Train 36.2666, Val 38.1243, Test 37.6822
Epoch 67: Loss:            : Train 0.0011, Val 0.0012, Test 0.0012
          R2_Score         : Train 0.9453, Val 0.9389, Test 0.9412
          RMSE             : Train 36.1475, Val 38.3223, Test 37.7508
Best:
          R2_Score         : Train 0.9450, Val 0.9396, Test 0.9414
          RMSE             : Train 36.2666, Val 38.1243, Test 37.6822
Epoch 68: Loss:            : Train 0.0011, Val 0.0012, Test 0.0012
          R2_Score         : Train 0.9458, Val 0.9382, Test 0.9394
          RMSE             : Train 35.9903, Val 38.5508, Test 38.2973
Best:
          R2_Score         : Train 0.9450, Val 0.9396, Test 0.9414
          RMSE             : Train 36.2666, Val 38.1243, Test 37.6822
Epoch 69: Loss:            : Train 0.0011, Val 0.0012, Test 0.0012
          R2_Score         : Train 0.9456, Val 0.9385, Test 0.9411
          RMSE             : Train 36.0653, Val 38.4403, Test 37.7538
Best:
          R2_Score         : Train 0.9450, Val 0.9396, Test 0.9414
          RMSE             : Train 36.2666, Val 38.1243, Test 37.6822
Epoch 70: Loss:            : Train 0.0011, Val 0.0012, Test 0.0011
          R2_Score         : Train 0.9456, Val 0.9401, Test 0.9423
          RMSE             : Train 36.0517, Val 37.9586, Test 37.3673
Best:
          R2_Score         : Train 0.9456, Val 0.9401, Test 0.9423
          RMSE             : Train 36.0517, Val 37.9586, Test 37.3673
Epoch 71: Loss:            : Train 0.0011, Val 0.0012, Test 0.0012
          R2_Score         : Train 0.9460, Val 0.9373, Test 0.9390
          RMSE             : Train 35.9303, Val 38.8301, Test 38.4284
Best:
          R2_Score         : Train 0.9456, Val 0.9401, Test 0.9423
          RMSE             : Train 36.0517, Val 37.9586, Test 37.3673
Epoch 72: Loss:            : Train 0.0010, Val 0.0012, Test 0.0012
          R2_Score         : Train 0.9461, Val 0.9367, Test 0.9389
          RMSE             : Train 35.8905, Val 39.0098, Test 38.4621
Best:
          R2_Score         : Train 0.9456, Val 0.9401, Test 0.9423
          RMSE             : Train 36.0517, Val 37.9586, Test 37.3673
Epoch 73: Loss:            : Train 0.0010, Val 0.0012, Test 0.0012
          R2_Score         : Train 0.9461, Val 0.9395, Test 0.9409
          RMSE             : Train 35.8861, Val 38.1516, Test 37.8348
Best:
          R2_Score         : Train 0.9456, Val 0.9401, Test 0.9423
          RMSE             : Train 36.0517, Val 37.9586, Test 37.3673
Epoch 74: Loss:            : Train 0.0010, Val 0.0012, Test 0.0012
          R2_Score         : Train 0.9463, Val 0.9393, Test 0.9404
          RMSE             : Train 35.8448, Val 38.2010, Test 38.0081
Best:
          R2_Score         : Train 0.9456, Val 0.9401, Test 0.9423
          RMSE             : Train 36.0517, Val 37.9586, Test 37.3673
Epoch 75: Loss:            : Train 0.0010, Val 0.0012, Test 0.0012
          R2_Score         : Train 0.9464, Val 0.9376, Test 0.9389
          RMSE             : Train 35.7809, Val 38.7404, Test 38.4760
Best:
          R2_Score         : Train 0.9456, Val 0.9401, Test 0.9423
          RMSE             : Train 36.0517, Val 37.9586, Test 37.3673
Epoch 76: Loss:            : Train 0.0010, Val 0.0012, Test 0.0011
          R2_Score         : Train 0.9463, Val 0.9400, Test 0.9422
          RMSE             : Train 35.8237, Val 37.9882, Test 37.4004
Best:
          R2_Score         : Train 0.9456, Val 0.9401, Test 0.9423
          RMSE             : Train 36.0517, Val 37.9586, Test 37.3673
Epoch 77: Loss:            : Train 0.0010, Val 0.0012, Test 0.0011
          R2_Score         : Train 0.9463, Val 0.9399, Test 0.9422
          RMSE             : Train 35.8273, Val 38.0070, Test 37.4305
Best:
          R2_Score         : Train 0.9456, Val 0.9401, Test 0.9423
          RMSE             : Train 36.0517, Val 37.9586, Test 37.3673
Epoch 78: Loss:            : Train 0.0010, Val 0.0012, Test 0.0012
          R2_Score         : Train 0.9465, Val 0.9388, Test 0.9413
          RMSE             : Train 35.7753, Val 38.3503, Test 37.7080
Best:
          R2_Score         : Train 0.9456, Val 0.9401, Test 0.9423
          RMSE             : Train 36.0517, Val 37.9586, Test 37.3673
Epoch 79: Loss:            : Train 0.0010, Val 0.0012, Test 0.0011
          R2_Score         : Train 0.9468, Val 0.9404, Test 0.9417
          RMSE             : Train 35.6487, Val 37.8617, Test 37.5734
Best:
          R2_Score         : Train 0.9468, Val 0.9404, Test 0.9417
          RMSE             : Train 35.6487, Val 37.8617, Test 37.5734
Epoch 80: Loss:            : Train 0.0010, Val 0.0012, Test 0.0011
          R2_Score         : Train 0.9468, Val 0.9410, Test 0.9425
          RMSE             : Train 35.6539, Val 37.6662, Test 37.3117
Best:
          R2_Score         : Train 0.9468, Val 0.9410, Test 0.9425
          RMSE             : Train 35.6539, Val 37.6662, Test 37.3117
Epoch 81: Loss:            : Train 0.0010, Val 0.0012, Test 0.0011
          R2_Score         : Train 0.9470, Val 0.9401, Test 0.9425
          RMSE             : Train 35.5990, Val 37.9471, Test 37.3335
Best:
          R2_Score         : Train 0.9468, Val 0.9410, Test 0.9425
          RMSE             : Train 35.6539, Val 37.6662, Test 37.3117
Epoch 82: Loss:            : Train 0.0010, Val 0.0012, Test 0.0012
          R2_Score         : Train 0.9468, Val 0.9392, Test 0.9414
          RMSE             : Train 35.6763, Val 38.2195, Test 37.6840
Best:
          R2_Score         : Train 0.9468, Val 0.9410, Test 0.9425
          RMSE             : Train 35.6539, Val 37.6662, Test 37.3117
Epoch 83: Loss:            : Train 0.0010, Val 0.0012, Test 0.0011
          R2_Score         : Train 0.9471, Val 0.9402, Test 0.9427
          RMSE             : Train 35.5719, Val 37.9081, Test 37.2493
Best:
          R2_Score         : Train 0.9468, Val 0.9410, Test 0.9425
          RMSE             : Train 35.6539, Val 37.6662, Test 37.3117
Epoch 84: Loss:            : Train 0.0010, Val 0.0012, Test 0.0012
          R2_Score         : Train 0.9471, Val 0.9401, Test 0.9406
          RMSE             : Train 35.5767, Val 37.9645, Test 37.9159
Best:
          R2_Score         : Train 0.9468, Val 0.9410, Test 0.9425
          RMSE             : Train 35.6539, Val 37.6662, Test 37.3117
Epoch 85: Loss:            : Train 0.0010, Val 0.0012, Test 0.0011
          R2_Score         : Train 0.9473, Val 0.9402, Test 0.9417
          RMSE             : Train 35.4877, Val 37.9288, Test 37.5632
Best:
          R2_Score         : Train 0.9468, Val 0.9410, Test 0.9425
          RMSE             : Train 35.6539, Val 37.6662, Test 37.3117
Epoch 86: Loss:            : Train 0.0010, Val 0.0012, Test 0.0012
          R2_Score         : Train 0.9473, Val 0.9398, Test 0.9412
          RMSE             : Train 35.5052, Val 38.0531, Test 37.7394
Best:
          R2_Score         : Train 0.9468, Val 0.9410, Test 0.9425
          RMSE             : Train 35.6539, Val 37.6662, Test 37.3117
Epoch 87: Loss:            : Train 0.0010, Val 0.0012, Test 0.0011
          R2_Score         : Train 0.9474, Val 0.9397, Test 0.9421
          RMSE             : Train 35.4599, Val 38.0819, Test 37.4419
Best:
          R2_Score         : Train 0.9468, Val 0.9410, Test 0.9425
          RMSE             : Train 35.6539, Val 37.6662, Test 37.3117
Epoch 88: Loss:            : Train 0.0010, Val 0.0012, Test 0.0011
          R2_Score         : Train 0.9474, Val 0.9411, Test 0.9431
          RMSE             : Train 35.4623, Val 37.6219, Test 37.1255
Best:
          R2_Score         : Train 0.9474, Val 0.9411, Test 0.9431
          RMSE             : Train 35.4623, Val 37.6219, Test 37.1255
Epoch 89: Loss:            : Train 0.0010, Val 0.0012, Test 0.0011
          R2_Score         : Train 0.9470, Val 0.9389, Test 0.9420
          RMSE             : Train 35.5935, Val 38.3322, Test 37.4753
Best:
          R2_Score         : Train 0.9474, Val 0.9411, Test 0.9431
          RMSE             : Train 35.4623, Val 37.6219, Test 37.1255
Epoch 90: Loss:            : Train 0.0010, Val 0.0012, Test 0.0012
          R2_Score         : Train 0.9470, Val 0.9400, Test 0.9417
          RMSE             : Train 35.5848, Val 37.9867, Test 37.5860
Best:
          R2_Score         : Train 0.9474, Val 0.9411, Test 0.9431
          RMSE             : Train 35.4623, Val 37.6219, Test 37.1255
Epoch 91: Loss:            : Train 0.0010, Val 0.0012, Test 0.0011
          R2_Score         : Train 0.9478, Val 0.9404, Test 0.9421
          RMSE             : Train 35.3329, Val 37.8533, Test 37.4508
Best:
          R2_Score         : Train 0.9474, Val 0.9411, Test 0.9431
          RMSE             : Train 35.4623, Val 37.6219, Test 37.1255
Epoch 92: Loss:            : Train 0.0010, Val 0.0012, Test 0.0011
          R2_Score         : Train 0.9477, Val 0.9407, Test 0.9422
          RMSE             : Train 35.3557, Val 37.7674, Test 37.4150
Best:
          R2_Score         : Train 0.9474, Val 0.9411, Test 0.9431
          RMSE             : Train 35.4623, Val 37.6219, Test 37.1255
Epoch 93: Loss:            : Train 0.0010, Val 0.0012, Test 0.0012
          R2_Score         : Train 0.9481, Val 0.9401, Test 0.9416
          RMSE             : Train 35.2403, Val 37.9545, Test 37.6194
Best:
          R2_Score         : Train 0.9474, Val 0.9411, Test 0.9431
          RMSE             : Train 35.4623, Val 37.6219, Test 37.1255
Epoch 94: Loss:            : Train 0.0010, Val 0.0012, Test 0.0011
          R2_Score         : Train 0.9478, Val 0.9397, Test 0.9419
          RMSE             : Train 35.3300, Val 38.0875, Test 37.5018
Best:
          R2_Score         : Train 0.9474, Val 0.9411, Test 0.9431
          RMSE             : Train 35.4623, Val 37.6219, Test 37.1255
Epoch 95: Loss:            : Train 0.0010, Val 0.0011, Test 0.0011
          R2_Score         : Train 0.9482, Val 0.9415, Test 0.9432
          RMSE             : Train 35.1788, Val 37.5053, Test 37.0843
Best:
          R2_Score         : Train 0.9482, Val 0.9415, Test 0.9432
          RMSE             : Train 35.1788, Val 37.5053, Test 37.0843
Epoch 96: Loss:            : Train 0.0010, Val 0.0012, Test 0.0012
          R2_Score         : Train 0.9480, Val 0.9388, Test 0.9404
          RMSE             : Train 35.2618, Val 38.3458, Test 38.0030
Best:
          R2_Score         : Train 0.9482, Val 0.9415, Test 0.9432
          RMSE             : Train 35.1788, Val 37.5053, Test 37.0843
Epoch 97: Loss:            : Train 0.0010, Val 0.0011, Test 0.0011
          R2_Score         : Train 0.9481, Val 0.9414, Test 0.9438
          RMSE             : Train 35.2195, Val 37.5319, Test 36.8960
Best:
          R2_Score         : Train 0.9482, Val 0.9415, Test 0.9432
          RMSE             : Train 35.1788, Val 37.5053, Test 37.0843
Epoch 98: Loss:            : Train 0.0010, Val 0.0012, Test 0.0011
          R2_Score         : Train 0.9484, Val 0.9402, Test 0.9424
          RMSE             : Train 35.1297, Val 37.9053, Test 37.3401
Best:
          R2_Score         : Train 0.9482, Val 0.9415, Test 0.9432
          RMSE             : Train 35.1788, Val 37.5053, Test 37.0843
Epoch 99: Loss:            : Train 0.0010, Val 0.0012, Test 0.0011
          R2_Score         : Train 0.9483, Val 0.9402, Test 0.9428
          RMSE             : Train 35.1715, Val 37.9134, Test 37.2111
Best:
          R2_Score         : Train 0.9482, Val 0.9415, Test 0.9432
          RMSE             : Train 35.1788, Val 37.5053, Test 37.0843
Epoch 100: Loss:            : Train 0.0010, Val 0.0011, Test 0.0011
          R2_Score         : Train 0.9483, Val 0.9414, Test 0.9431
          RMSE             : Train 35.1489, Val 37.5452, Test 37.1152
Best:
          R2_Score         : Train 0.9482, Val 0.9415, Test 0.9432
          RMSE             : Train 35.1788, Val 37.5053, Test 37.0843
Training time (sec): 651
