Loading house from data/hdb/hdb_clean.csv
Loading airbnb from data/hdb/school_clean.csv
Current hdb columns Index(['floor_area_sqm', 'lease_commence_year_before_2020', 'tn_BEDOK',
       'tn_BISHAN', 'tn_BUKIT BATOK', 'tn_BUKIT MERAH', 'tn_BUKIT PANJANG',
       'tn_BUKIT TIMAH', 'tn_CENTRAL AREA', 'tn_CHOA CHU KANG', 'tn_CLEMENTI',
       'tn_GEYLANG', 'tn_HOUGANG', 'tn_JURONG EAST', 'tn_JURONG WEST',
       'tn_KALLANG/WHAMPOA', 'tn_MARINE PARADE', 'tn_PASIR RIS', 'tn_PUNGGOL',
       'tn_QUEENSTOWN', 'tn_SEMBAWANG', 'tn_SENGKANG', 'tn_SERANGOON',
       'tn_TAMPINES', 'tn_TOA PAYOH', 'tn_WOODLANDS', 'tn_YISHUN', 'ft_2 ROOM',
       'ft_3 ROOM', 'ft_4 ROOM', 'ft_5 ROOM', 'ft_EXECUTIVE',
       'ft_MULTI-GENERATION', 'sr_04 TO 06', 'sr_07 TO 09', 'sr_10 TO 12',
       'sr_13 TO 15', 'sr_16 TO 18', 'sr_19 TO 21', 'sr_22 TO 24',
       'sr_25 TO 27', 'sr_28 TO 30', 'sr_31 TO 33', 'sr_34 TO 36',
       'sr_37 TO 39', 'sr_40 TO 42', 'sr_43 TO 45', 'sr_46 TO 48',
       'sr_49 TO 51', 'fm_Adjoined flat', 'fm_Apartment', 'fm_DBSS',
       'fm_Improved', 'fm_Improved-Maisonette', 'fm_Maisonette', 'fm_Model A',
       'fm_Model A-Maisonette', 'fm_Model A2', 'fm_Multi Generation',
       'fm_New Generation', 'fm_Premium Apartment',
       'fm_Premium Apartment Loft', 'fm_Premium Maisonette', 'fm_Simplified',
       'fm_Standard', 'fm_Terrace', 'fm_Type S1', 'fm_Type S2', 'lon', 'lat'],
      dtype='object')
Current airbnb columns Index(['lon', 'lat', 'n_places_0', 'vacancy_rate_0', 'n_places_1',
       'vacancy_rate_1', 'n_places_2', 'vacancy_rate_2', 'n_places_3',
       'vacancy_rate_3'],
      dtype='object')
Loading data from cache
Done
Calculating noise scale
Standard variance of sim_score: 670924.21
Adding noise of scale 0.011893161320054524 to sim_scores
Adding noise of scale 0.011893161320054524 to sim_scores
Adding noise of scale 0.011893161320054524 to sim_scores
Generating top1 dataset
Generating top1 dataset
Generating top1 dataset
Preparing time (sec): 3
Loading data
Prepare for training
Start training
================================================================================
                                    Kernel Shape Output Shape  Params  \
Layer                                                                   
0_local_models.0.fc_layers.Linear_0    [68, 200]  [4096, 200]   13800   
1_local_models.0.fc_layers.Linear_1   [200, 100]  [4096, 100]   20100   
2_local_models.1.fc_layers.Linear_0     [8, 200]  [4096, 200]    1800   
3_local_models.1.fc_layers.Linear_1   [200, 100]  [4096, 100]   20100   
4_agg_model.fc_layers.Linear_0        [200, 100]  [4096, 100]   20100   
5_agg_model.fc_layers.Linear_1          [100, 1]    [4096, 1]     101   

                                     Mult-Adds  
Layer                                           
0_local_models.0.fc_layers.Linear_0      13600  
1_local_models.0.fc_layers.Linear_1      20000  
2_local_models.1.fc_layers.Linear_0       1600  
3_local_models.1.fc_layers.Linear_1      20000  
4_agg_model.fc_layers.Linear_0           20000  
5_agg_model.fc_layers.Linear_1             100  
--------------------------------------------------------------------------------
                      Totals
Total params           76001
Trainable params       76001
Non-trainable params       0
Mult-Adds              75300
================================================================================
n_classes=2
task=regression
model_name=hdb_top1sim_2022-01-25-17-46-55
sche_threshold=0.0001
sche_patience=10
sche_factor=0.1
use_scheduler=False
num_workers=0
device=cuda:0
test_batch_size=4096
train_batch_size=4096
learning_rate=0.01
weight_decay=1e-05
num_epochs=200
model_save_path=ckp/hdb_top1sim_2022-01-25-17-46-55.pth
test_rate=0.2
val_rate=0.1
multiprocess_context=None
metrics=['r2_score', 'rmse']
metrics_f=[<metric.r2_score.R2Score object at 0x7f73c432bb50>, <metric.rmse.RMSE object at 0x7f73c432ba00>]
hidden_sizes=[200, 100]
model=SplitNN(
  (agg_model): MLP(
    (fc_layers): ModuleList(
      (0): Linear(in_features=200, out_features=100, bias=True)
      (1): Linear(in_features=100, out_features=1, bias=True)
    )
  )
  (local_models): ModuleList(
    (0): MLP(
      (fc_layers): ModuleList(
        (0): Linear(in_features=68, out_features=200, bias=True)
        (1): Linear(in_features=200, out_features=100, bias=True)
      )
    )
    (1): MLP(
      (fc_layers): ModuleList(
        (0): Linear(in_features=8, out_features=200, bias=True)
        (1): Linear(in_features=200, out_features=100, bias=True)
      )
    )
  )
)
writer=<torch.utils.tensorboard.writer.SummaryWriter object at 0x7f73c432b820>
dataset_type=real
drop_key=True
num_common_features=2
tree_radius=0.01
tree_leaf_size=1000
knn_k=20
grid_min=-10.0
grid_max=10.0
grid_width=1.5
sim_scaler=StandardScaler()
filter_top_k=None
link_n_jobs=-1
psig_p=7
sim_leak_p=5e-05
link_threshold_t=0.01
link_epsilon=0.005
n_hash_lsh=20
edit_distance_threshold=1
n_hash_func=10
collision_rate=0.05
qgram_q=2
link_delta=0.005
feature_wise_sim=False
blocking_method=knn_priv_float
center_threshold=0.5
n_clusters=100
local_hidden_sizes=[[200], [200]]
cut_dims=[100, 100]
agg_hidden_sizes=[100]
scale_analysis=<utils.privacy.SimNoiseScale object at 0x7f73c36ef190>
data1_shape=(92065, 70)
data2_shape=(165, 10)
Epoch 1: Loss:            : Train 0.0000, Val 0.0290, Test 0.0286
          R2_Score         : Train -1.1898, Val -0.3817, Test -0.4077
          RMSE             : Train 228.8009, Val 182.2689, Test 184.6422
Best:
          R2_Score         : Train -1.1898, Val -0.3817, Test -0.4077
          RMSE             : Train 228.8009, Val 182.2689, Test 184.6422
Epoch 2: Loss:            : Train 0.0000, Val 0.0068, Test 0.0064
          R2_Score         : Train 0.3258, Val 0.6745, Test 0.6845
          RMSE             : Train 126.9552, Val 88.4692, Test 87.4125
Best:
          R2_Score         : Train 0.3258, Val 0.6745, Test 0.6845
          RMSE             : Train 126.9552, Val 88.4692, Test 87.4125
Epoch 3: Loss:            : Train 0.0000, Val 0.0037, Test 0.0033
          R2_Score         : Train 0.7679, Val 0.8202, Test 0.8313
          RMSE             : Train 74.4961, Val 65.7469, Test 63.9127
Best:
          R2_Score         : Train 0.7679, Val 0.8202, Test 0.8313
          RMSE             : Train 74.4961, Val 65.7469, Test 63.9127
Epoch 4: Loss:            : Train 0.0000, Val 0.0022, Test 0.0021
          R2_Score         : Train 0.8697, Val 0.8916, Test 0.8959
          RMSE             : Train 55.8157, Val 51.0420, Test 50.2016
Best:
          R2_Score         : Train 0.8697, Val 0.8916, Test 0.8959
          RMSE             : Train 55.8157, Val 51.0420, Test 50.2016
Epoch 5: Loss:            : Train 0.0000, Val 0.0019, Test 0.0018
          R2_Score         : Train 0.9008, Val 0.9015, Test 0.9089
          RMSE             : Train 48.6932, Val 48.6734, Test 46.9820
Best:
          R2_Score         : Train 0.9008, Val 0.9015, Test 0.9089
          RMSE             : Train 48.6932, Val 48.6734, Test 46.9820
Epoch 6: Loss:            : Train 0.0000, Val 0.0016, Test 0.0015
          R2_Score         : Train 0.9157, Val 0.9172, Test 0.9217
          RMSE             : Train 44.8901, Val 44.6223, Test 43.5343
Best:
          R2_Score         : Train 0.9157, Val 0.9172, Test 0.9217
          RMSE             : Train 44.8901, Val 44.6223, Test 43.5343
Epoch 7: Loss:            : Train 0.0000, Val 0.0015, Test 0.0014
          R2_Score         : Train 0.9237, Val 0.9232, Test 0.9275
          RMSE             : Train 42.6952, Val 42.9822, Test 41.9156
Best:
          R2_Score         : Train 0.9237, Val 0.9232, Test 0.9275
          RMSE             : Train 42.6952, Val 42.9822, Test 41.9156
Epoch 8: Loss:            : Train 0.0000, Val 0.0014, Test 0.0014
          R2_Score         : Train 0.9289, Val 0.9257, Test 0.9283
          RMSE             : Train 41.2148, Val 42.2735, Test 41.6688
Best:
          R2_Score         : Train 0.9289, Val 0.9257, Test 0.9283
          RMSE             : Train 41.2148, Val 42.2735, Test 41.6688
Epoch 9: Loss:            : Train 0.0000, Val 0.0014, Test 0.0014
          R2_Score         : Train 0.9309, Val 0.9256, Test 0.9293
          RMSE             : Train 40.6430, Val 42.2882, Test 41.3895
Best:
          R2_Score         : Train 0.9289, Val 0.9257, Test 0.9283
          RMSE             : Train 41.2148, Val 42.2735, Test 41.6688
Epoch 10: Loss:            : Train 0.0000, Val 0.0014, Test 0.0013
          R2_Score         : Train 0.9334, Val 0.9321, Test 0.9361
          RMSE             : Train 39.8911, Val 40.3926, Test 39.3339
Best:
          R2_Score         : Train 0.9334, Val 0.9321, Test 0.9361
          RMSE             : Train 39.8911, Val 40.3926, Test 39.3339
Epoch 11: Loss:            : Train 0.0000, Val 0.0014, Test 0.0014
          R2_Score         : Train 0.9337, Val 0.9267, Test 0.9291
          RMSE             : Train 39.8253, Val 41.9899, Test 41.4415
Best:
          R2_Score         : Train 0.9334, Val 0.9321, Test 0.9361
          RMSE             : Train 39.8911, Val 40.3926, Test 39.3339
Epoch 12: Loss:            : Train 0.0000, Val 0.0014, Test 0.0013
          R2_Score         : Train 0.9323, Val 0.9271, Test 0.9312
          RMSE             : Train 40.2408, Val 41.8602, Test 40.8138
Best:
          R2_Score         : Train 0.9334, Val 0.9321, Test 0.9361
          RMSE             : Train 39.8911, Val 40.3926, Test 39.3339
Epoch 13: Loss:            : Train 0.0000, Val 0.0014, Test 0.0013
          R2_Score         : Train 0.9302, Val 0.9279, Test 0.9309
          RMSE             : Train 40.8517, Val 41.6232, Test 40.9170
Best:
          R2_Score         : Train 0.9334, Val 0.9321, Test 0.9361
          RMSE             : Train 39.8911, Val 40.3926, Test 39.3339
Epoch 14: Loss:            : Train 0.0000, Val 0.0016, Test 0.0017
          R2_Score         : Train 0.9314, Val 0.9115, Test 0.9143
          RMSE             : Train 40.5111, Val 46.1302, Test 45.5688
Best:
          R2_Score         : Train 0.9334, Val 0.9321, Test 0.9361
          RMSE             : Train 39.8911, Val 40.3926, Test 39.3339
Epoch 15: Loss:            : Train 0.0000, Val 0.0016, Test 0.0016
          R2_Score         : Train 0.9321, Val 0.9124, Test 0.9167
          RMSE             : Train 40.2763, Val 45.8910, Test 44.9096
Best:
          R2_Score         : Train 0.9334, Val 0.9321, Test 0.9361
          RMSE             : Train 39.8911, Val 40.3926, Test 39.3339
Epoch 16: Loss:            : Train 0.0000, Val 0.0014, Test 0.0014
          R2_Score         : Train 0.9337, Val 0.9255, Test 0.9291
          RMSE             : Train 39.8218, Val 42.3227, Test 41.4328
Best:
          R2_Score         : Train 0.9334, Val 0.9321, Test 0.9361
          RMSE             : Train 39.8911, Val 40.3926, Test 39.3339
Epoch 17: Loss:            : Train 0.0000, Val 0.0013, Test 0.0013
          R2_Score         : Train 0.9361, Val 0.9293, Test 0.9332
          RMSE             : Train 39.0842, Val 41.2448, Test 40.2109
Best:
          R2_Score         : Train 0.9334, Val 0.9321, Test 0.9361
          RMSE             : Train 39.8911, Val 40.3926, Test 39.3339
Epoch 18: Loss:            : Train 0.0000, Val 0.0012, Test 0.0012
          R2_Score         : Train 0.9390, Val 0.9381, Test 0.9416
          RMSE             : Train 38.1742, Val 38.5817, Test 37.6206
Best:
          R2_Score         : Train 0.9390, Val 0.9381, Test 0.9416
          RMSE             : Train 38.1742, Val 38.5817, Test 37.6206
Epoch 19: Loss:            : Train 0.0000, Val 0.0013, Test 0.0012
          R2_Score         : Train 0.9389, Val 0.9367, Test 0.9408
          RMSE             : Train 38.2230, Val 39.0009, Test 37.8768
Best:
          R2_Score         : Train 0.9390, Val 0.9381, Test 0.9416
          RMSE             : Train 38.1742, Val 38.5817, Test 37.6206
Epoch 20: Loss:            : Train 0.0000, Val 0.0013, Test 0.0012
          R2_Score         : Train 0.9397, Val 0.9328, Test 0.9374
          RMSE             : Train 37.9654, Val 40.1879, Test 38.9387
Best:
          R2_Score         : Train 0.9390, Val 0.9381, Test 0.9416
          RMSE             : Train 38.1742, Val 38.5817, Test 37.6206
Epoch 21: Loss:            : Train 0.0000, Val 0.0013, Test 0.0012
          R2_Score         : Train 0.9457, Val 0.9365, Test 0.9418
          RMSE             : Train 36.0223, Val 39.0640, Test 37.5603
Best:
          R2_Score         : Train 0.9390, Val 0.9381, Test 0.9416
          RMSE             : Train 38.1742, Val 38.5817, Test 37.6206
Epoch 22: Loss:            : Train 0.0000, Val 0.0012, Test 0.0012
          R2_Score         : Train 0.9453, Val 0.9361, Test 0.9380
          RMSE             : Train 36.1611, Val 39.2047, Test 38.7582
Best:
          R2_Score         : Train 0.9390, Val 0.9381, Test 0.9416
          RMSE             : Train 38.1742, Val 38.5817, Test 37.6206
Epoch 23: Loss:            : Train 0.0000, Val 0.0012, Test 0.0011
          R2_Score         : Train 0.9467, Val 0.9394, Test 0.9421
          RMSE             : Train 35.6975, Val 38.1816, Test 37.4462
Best:
          R2_Score         : Train 0.9467, Val 0.9394, Test 0.9421
          RMSE             : Train 35.6975, Val 38.1816, Test 37.4462
Epoch 24: Loss:            : Train 0.0000, Val 0.0011, Test 0.0010
          R2_Score         : Train 0.9466, Val 0.9447, Test 0.9473
          RMSE             : Train 35.7283, Val 36.4501, Test 35.7115
Best:
          R2_Score         : Train 0.9466, Val 0.9447, Test 0.9473
          RMSE             : Train 35.7283, Val 36.4501, Test 35.7115
Epoch 25: Loss:            : Train 0.0000, Val 0.0012, Test 0.0011
          R2_Score         : Train 0.9494, Val 0.9417, Test 0.9448
          RMSE             : Train 34.7939, Val 37.4247, Test 36.5518
Best:
          R2_Score         : Train 0.9466, Val 0.9447, Test 0.9473
          RMSE             : Train 35.7283, Val 36.4501, Test 35.7115
Epoch 26: Loss:            : Train 0.0000, Val 0.0011, Test 0.0010
          R2_Score         : Train 0.9500, Val 0.9464, Test 0.9493
          RMSE             : Train 34.5765, Val 35.8843, Test 35.0353
Best:
          R2_Score         : Train 0.9500, Val 0.9464, Test 0.9493
          RMSE             : Train 34.5765, Val 35.8843, Test 35.0353
Epoch 27: Loss:            : Train 0.0000, Val 0.0011, Test 0.0010
          R2_Score         : Train 0.9499, Val 0.9450, Test 0.9484
          RMSE             : Train 34.6140, Val 36.3690, Test 35.3531
Best:
          R2_Score         : Train 0.9500, Val 0.9464, Test 0.9493
          RMSE             : Train 34.5765, Val 35.8843, Test 35.0353
Epoch 28: Loss:            : Train 0.0000, Val 0.0012, Test 0.0011
          R2_Score         : Train 0.9506, Val 0.9443, Test 0.9470
          RMSE             : Train 34.3524, Val 36.6054, Test 35.8336
Best:
          R2_Score         : Train 0.9500, Val 0.9464, Test 0.9493
          RMSE             : Train 34.5765, Val 35.8843, Test 35.0353
Epoch 29: Loss:            : Train 0.0000, Val 0.0011, Test 0.0011
          R2_Score         : Train 0.9505, Val 0.9449, Test 0.9474
          RMSE             : Train 34.3960, Val 36.3851, Test 35.6823
Best:
          R2_Score         : Train 0.9500, Val 0.9464, Test 0.9493
          RMSE             : Train 34.5765, Val 35.8843, Test 35.0353
Epoch 30: Loss:            : Train 0.0000, Val 0.0011, Test 0.0010
          R2_Score         : Train 0.9519, Val 0.9450, Test 0.9482
          RMSE             : Train 33.9074, Val 36.3808, Test 35.4136
Best:
          R2_Score         : Train 0.9500, Val 0.9464, Test 0.9493
          RMSE             : Train 34.5765, Val 35.8843, Test 35.0353
Epoch 31: Loss:            : Train 0.0000, Val 0.0011, Test 0.0010
          R2_Score         : Train 0.9522, Val 0.9436, Test 0.9472
          RMSE             : Train 33.8078, Val 36.8340, Test 35.7508
Best:
          R2_Score         : Train 0.9500, Val 0.9464, Test 0.9493
          RMSE             : Train 34.5765, Val 35.8843, Test 35.0353
Epoch 32: Loss:            : Train 0.0000, Val 0.0011, Test 0.0010
          R2_Score         : Train 0.9529, Val 0.9449, Test 0.9498
          RMSE             : Train 33.5507, Val 36.4005, Test 34.8594
Best:
          R2_Score         : Train 0.9500, Val 0.9464, Test 0.9493
          RMSE             : Train 34.5765, Val 35.8843, Test 35.0353
Epoch 33: Loss:            : Train 0.0000, Val 0.0011, Test 0.0010
          R2_Score         : Train 0.9514, Val 0.9450, Test 0.9484
          RMSE             : Train 34.1009, Val 36.3768, Test 35.3370
Best:
          R2_Score         : Train 0.9500, Val 0.9464, Test 0.9493
          RMSE             : Train 34.5765, Val 35.8843, Test 35.0353
Epoch 34: Loss:            : Train 0.0000, Val 0.0011, Test 0.0010
          R2_Score         : Train 0.9517, Val 0.9475, Test 0.9505
          RMSE             : Train 33.9965, Val 35.5223, Test 34.6357
Best:
          R2_Score         : Train 0.9517, Val 0.9475, Test 0.9505
          RMSE             : Train 33.9965, Val 35.5223, Test 34.6357
Epoch 35: Loss:            : Train 0.0000, Val 0.0011, Test 0.0010
          R2_Score         : Train 0.9529, Val 0.9472, Test 0.9499
          RMSE             : Train 33.5682, Val 35.6212, Test 34.8311
Best:
          R2_Score         : Train 0.9517, Val 0.9475, Test 0.9505
          RMSE             : Train 33.9965, Val 35.5223, Test 34.6357
Epoch 36: Loss:            : Train 0.0000, Val 0.0010, Test 0.0010
          R2_Score         : Train 0.9522, Val 0.9469, Test 0.9512
          RMSE             : Train 33.7928, Val 35.7224, Test 34.3894
Best:
          R2_Score         : Train 0.9517, Val 0.9475, Test 0.9505
          RMSE             : Train 33.9965, Val 35.5223, Test 34.6357
Epoch 37: Loss:            : Train 0.0000, Val 0.0011, Test 0.0010
          R2_Score         : Train 0.9536, Val 0.9479, Test 0.9518
          RMSE             : Train 33.3026, Val 35.3983, Test 34.1523
Best:
          R2_Score         : Train 0.9536, Val 0.9479, Test 0.9518
          RMSE             : Train 33.3026, Val 35.3983, Test 34.1523
Epoch 38: Loss:            : Train 0.0000, Val 0.0011, Test 0.0011
          R2_Score         : Train 0.9540, Val 0.9429, Test 0.9456
          RMSE             : Train 33.1661, Val 37.0618, Test 36.2854
Best:
          R2_Score         : Train 0.9536, Val 0.9479, Test 0.9518
          RMSE             : Train 33.3026, Val 35.3983, Test 34.1523
Epoch 39: Loss:            : Train 0.0000, Val 0.0011, Test 0.0010
          R2_Score         : Train 0.9532, Val 0.9460, Test 0.9493
          RMSE             : Train 33.4339, Val 36.0192, Test 35.0287
Best:
          R2_Score         : Train 0.9536, Val 0.9479, Test 0.9518
          RMSE             : Train 33.3026, Val 35.3983, Test 34.1523
Epoch 40: Loss:            : Train 0.0000, Val 0.0011, Test 0.0010
          R2_Score         : Train 0.9546, Val 0.9438, Test 0.9474
          RMSE             : Train 32.9528, Val 36.7446, Test 35.6878
Best:
          R2_Score         : Train 0.9536, Val 0.9479, Test 0.9518
          RMSE             : Train 33.3026, Val 35.3983, Test 34.1523
Epoch 41: Loss:            : Train 0.0000, Val 0.0011, Test 0.0010
          R2_Score         : Train 0.9540, Val 0.9473, Test 0.9507
          RMSE             : Train 33.1642, Val 35.6010, Test 34.5396
Best:
          R2_Score         : Train 0.9536, Val 0.9479, Test 0.9518
          RMSE             : Train 33.3026, Val 35.3983, Test 34.1523
Epoch 42: Loss:            : Train 0.0000, Val 0.0010, Test 0.0010
          R2_Score         : Train 0.9546, Val 0.9479, Test 0.9508
          RMSE             : Train 32.9398, Val 35.4040, Test 34.5317
Best:
          R2_Score         : Train 0.9536, Val 0.9479, Test 0.9518
          RMSE             : Train 33.3026, Val 35.3983, Test 34.1523
Epoch 43: Loss:            : Train 0.0000, Val 0.0010, Test 0.0010
          R2_Score         : Train 0.9552, Val 0.9491, Test 0.9526
          RMSE             : Train 32.7118, Val 34.9699, Test 33.8771
Best:
          R2_Score         : Train 0.9552, Val 0.9491, Test 0.9526
          RMSE             : Train 32.7118, Val 34.9699, Test 33.8771
Epoch 44: Loss:            : Train 0.0000, Val 0.0011, Test 0.0010
          R2_Score         : Train 0.9552, Val 0.9445, Test 0.9477
          RMSE             : Train 32.7421, Val 36.5334, Test 35.5932
Best:
          R2_Score         : Train 0.9552, Val 0.9491, Test 0.9526
          RMSE             : Train 32.7118, Val 34.9699, Test 33.8771
Epoch 45: Loss:            : Train 0.0000, Val 0.0011, Test 0.0010
          R2_Score         : Train 0.9553, Val 0.9475, Test 0.9505
          RMSE             : Train 32.6983, Val 35.5305, Test 34.6414
Best:
          R2_Score         : Train 0.9552, Val 0.9491, Test 0.9526
          RMSE             : Train 32.7118, Val 34.9699, Test 33.8771
Epoch 46: Loss:            : Train 0.0000, Val 0.0012, Test 0.0011
          R2_Score         : Train 0.9555, Val 0.9444, Test 0.9481
          RMSE             : Train 32.6292, Val 36.5650, Test 35.4535
Best:
          R2_Score         : Train 0.9552, Val 0.9491, Test 0.9526
          RMSE             : Train 32.7118, Val 34.9699, Test 33.8771
Epoch 47: Loss:            : Train 0.0000, Val 0.0010, Test 0.0010
          R2_Score         : Train 0.9563, Val 0.9487, Test 0.9527
          RMSE             : Train 32.3230, Val 35.1087, Test 33.8525
Best:
          R2_Score         : Train 0.9552, Val 0.9491, Test 0.9526
          RMSE             : Train 32.7118, Val 34.9699, Test 33.8771
Epoch 48: Loss:            : Train 0.0000, Val 0.0012, Test 0.0011
          R2_Score         : Train 0.9562, Val 0.9443, Test 0.9486
          RMSE             : Train 32.3645, Val 36.6014, Test 35.2813
Best:
          R2_Score         : Train 0.9552, Val 0.9491, Test 0.9526
          RMSE             : Train 32.7118, Val 34.9699, Test 33.8771
Epoch 49: Loss:            : Train 0.0000, Val 0.0012, Test 0.0011
          R2_Score         : Train 0.9543, Val 0.9432, Test 0.9461
          RMSE             : Train 33.0487, Val 36.9474, Test 36.1199
Best:
          R2_Score         : Train 0.9552, Val 0.9491, Test 0.9526
          RMSE             : Train 32.7118, Val 34.9699, Test 33.8771
Epoch 50: Loss:            : Train 0.0000, Val 0.0010, Test 0.0009
          R2_Score         : Train 0.9546, Val 0.9502, Test 0.9534
          RMSE             : Train 32.9515, Val 34.5980, Test 33.5870
Best:
          R2_Score         : Train 0.9546, Val 0.9502, Test 0.9534
          RMSE             : Train 32.9515, Val 34.5980, Test 33.5870
Epoch 51: Loss:            : Train 0.0000, Val 0.0010, Test 0.0010
          R2_Score         : Train 0.9569, Val 0.9488, Test 0.9512
          RMSE             : Train 32.0925, Val 35.0979, Test 34.3720
Best:
          R2_Score         : Train 0.9546, Val 0.9502, Test 0.9534
          RMSE             : Train 32.9515, Val 34.5980, Test 33.5870
Epoch 52: Loss:            : Train 0.0000, Val 0.0010, Test 0.0009
          R2_Score         : Train 0.9569, Val 0.9505, Test 0.9536
          RMSE             : Train 32.1036, Val 34.4834, Test 33.5195
Best:
          R2_Score         : Train 0.9569, Val 0.9505, Test 0.9536
          RMSE             : Train 32.1036, Val 34.4834, Test 33.5195
Epoch 53: Loss:            : Train 0.0000, Val 0.0010, Test 0.0009
          R2_Score         : Train 0.9575, Val 0.9495, Test 0.9529
          RMSE             : Train 31.8591, Val 34.8568, Test 33.7642
Best:
          R2_Score         : Train 0.9569, Val 0.9505, Test 0.9536
          RMSE             : Train 32.1036, Val 34.4834, Test 33.5195
Epoch 54: Loss:            : Train 0.0000, Val 0.0010, Test 0.0010
          R2_Score         : Train 0.9582, Val 0.9494, Test 0.9516
          RMSE             : Train 31.6016, Val 34.8771, Test 34.2348
Best:
          R2_Score         : Train 0.9569, Val 0.9505, Test 0.9536
          RMSE             : Train 32.1036, Val 34.4834, Test 33.5195
Epoch 55: Loss:            : Train 0.0000, Val 0.0010, Test 0.0009
          R2_Score         : Train 0.9575, Val 0.9495, Test 0.9524
          RMSE             : Train 31.8905, Val 34.8494, Test 33.9420
Best:
          R2_Score         : Train 0.9569, Val 0.9505, Test 0.9536
          RMSE             : Train 32.1036, Val 34.4834, Test 33.5195
Epoch 56: Loss:            : Train 0.0000, Val 0.0010, Test 0.0009
          R2_Score         : Train 0.9584, Val 0.9494, Test 0.9530
          RMSE             : Train 31.5174, Val 34.8884, Test 33.7534
Best:
          R2_Score         : Train 0.9569, Val 0.9505, Test 0.9536
          RMSE             : Train 32.1036, Val 34.4834, Test 33.5195
Epoch 57: Loss:            : Train 0.0000, Val 0.0010, Test 0.0009
          R2_Score         : Train 0.9584, Val 0.9512, Test 0.9550
          RMSE             : Train 31.5240, Val 34.2492, Test 33.0189
Best:
          R2_Score         : Train 0.9584, Val 0.9512, Test 0.9550
          RMSE             : Train 31.5240, Val 34.2492, Test 33.0189
Epoch 58: Loss:            : Train 0.0000, Val 0.0010, Test 0.0010
          R2_Score         : Train 0.9575, Val 0.9456, Test 0.9469
          RMSE             : Train 31.8709, Val 36.1779, Test 35.8452
Best:
          R2_Score         : Train 0.9584, Val 0.9512, Test 0.9550
          RMSE             : Train 31.5240, Val 34.2492, Test 33.0189
Epoch 59: Loss:            : Train 0.0000, Val 0.0010, Test 0.0009
          R2_Score         : Train 0.9577, Val 0.9504, Test 0.9528
          RMSE             : Train 31.7838, Val 34.5385, Test 33.8190
Best:
          R2_Score         : Train 0.9584, Val 0.9512, Test 0.9550
          RMSE             : Train 31.5240, Val 34.2492, Test 33.0189
Epoch 60: Loss:            : Train 0.0000, Val 0.0010, Test 0.0009
          R2_Score         : Train 0.9583, Val 0.9498, Test 0.9517
          RMSE             : Train 31.5738, Val 34.7460, Test 34.2147
Best:
          R2_Score         : Train 0.9584, Val 0.9512, Test 0.9550
          RMSE             : Train 31.5240, Val 34.2492, Test 33.0189
Epoch 61: Loss:            : Train 0.0000, Val 0.0012, Test 0.0010
          R2_Score         : Train 0.9583, Val 0.9458, Test 0.9502
          RMSE             : Train 31.5657, Val 36.1158, Test 34.7424
Best:
          R2_Score         : Train 0.9584, Val 0.9512, Test 0.9550
          RMSE             : Train 31.5240, Val 34.2492, Test 33.0189
Epoch 62: Loss:            : Train 0.0000, Val 0.0009, Test 0.0009
          R2_Score         : Train 0.9561, Val 0.9518, Test 0.9551
          RMSE             : Train 32.3811, Val 34.0307, Test 32.9886
Best:
          R2_Score         : Train 0.9561, Val 0.9518, Test 0.9551
          RMSE             : Train 32.3811, Val 34.0307, Test 32.9886
Epoch 63: Loss:            : Train 0.0000, Val 0.0010, Test 0.0009
          R2_Score         : Train 0.9592, Val 0.9515, Test 0.9550
          RMSE             : Train 31.2431, Val 34.1325, Test 33.0081
Best:
          R2_Score         : Train 0.9561, Val 0.9518, Test 0.9551
          RMSE             : Train 32.3811, Val 34.0307, Test 32.9886
Epoch 64: Loss:            : Train 0.0000, Val 0.0011, Test 0.0010
          R2_Score         : Train 0.9603, Val 0.9499, Test 0.9530
          RMSE             : Train 30.8135, Val 34.7003, Test 33.7391
Best:
          R2_Score         : Train 0.9561, Val 0.9518, Test 0.9551
          RMSE             : Train 32.3811, Val 34.0307, Test 32.9886
Epoch 65: Loss:            : Train 0.0000, Val 0.0009, Test 0.0009
          R2_Score         : Train 0.9600, Val 0.9524, Test 0.9552
          RMSE             : Train 30.9117, Val 33.8451, Test 32.9425
Best:
          R2_Score         : Train 0.9600, Val 0.9524, Test 0.9552
          RMSE             : Train 30.9117, Val 33.8451, Test 32.9425
Epoch 66: Loss:            : Train 0.0000, Val 0.0010, Test 0.0009
          R2_Score         : Train 0.9605, Val 0.9520, Test 0.9547
          RMSE             : Train 30.7137, Val 33.9846, Test 33.1381
Best:
          R2_Score         : Train 0.9600, Val 0.9524, Test 0.9552
          RMSE             : Train 30.9117, Val 33.8451, Test 32.9425
Epoch 67: Loss:            : Train 0.0000, Val 0.0010, Test 0.0009
          R2_Score         : Train 0.9605, Val 0.9523, Test 0.9552
          RMSE             : Train 30.7361, Val 33.8559, Test 32.9258
Best:
          R2_Score         : Train 0.9600, Val 0.9524, Test 0.9552
          RMSE             : Train 30.9117, Val 33.8451, Test 32.9425
Epoch 68: Loss:            : Train 0.0000, Val 0.0010, Test 0.0009
          R2_Score         : Train 0.9603, Val 0.9515, Test 0.9538
          RMSE             : Train 30.8061, Val 34.1570, Test 33.4425
Best:
          R2_Score         : Train 0.9600, Val 0.9524, Test 0.9552
          RMSE             : Train 30.9117, Val 33.8451, Test 32.9425
Epoch 69: Loss:            : Train 0.0000, Val 0.0010, Test 0.0009
          R2_Score         : Train 0.9601, Val 0.9515, Test 0.9549
          RMSE             : Train 30.8830, Val 34.1469, Test 33.0583
Best:
          R2_Score         : Train 0.9600, Val 0.9524, Test 0.9552
          RMSE             : Train 30.9117, Val 33.8451, Test 32.9425
Epoch 70: Loss:            : Train 0.0000, Val 0.0009, Test 0.0009
          R2_Score         : Train 0.9608, Val 0.9500, Test 0.9526
          RMSE             : Train 30.6162, Val 34.6573, Test 33.8652
Best:
          R2_Score         : Train 0.9600, Val 0.9524, Test 0.9552
          RMSE             : Train 30.9117, Val 33.8451, Test 32.9425
Epoch 71: Loss:            : Train 0.0000, Val 0.0010, Test 0.0009
          R2_Score         : Train 0.9605, Val 0.9523, Test 0.9554
          RMSE             : Train 30.7138, Val 33.8688, Test 32.8521
Best:
          R2_Score         : Train 0.9600, Val 0.9524, Test 0.9552
          RMSE             : Train 30.9117, Val 33.8451, Test 32.9425
Epoch 72: Loss:            : Train 0.0000, Val 0.0009, Test 0.0009
          R2_Score         : Train 0.9606, Val 0.9515, Test 0.9546
          RMSE             : Train 30.6805, Val 34.1644, Test 33.1455
Best:
          R2_Score         : Train 0.9600, Val 0.9524, Test 0.9552
          RMSE             : Train 30.9117, Val 33.8451, Test 32.9425
Epoch 73: Loss:            : Train 0.0000, Val 0.0010, Test 0.0009
          R2_Score         : Train 0.9612, Val 0.9499, Test 0.9524
          RMSE             : Train 30.4697, Val 34.7036, Test 33.9489
Best:
          R2_Score         : Train 0.9600, Val 0.9524, Test 0.9552
          RMSE             : Train 30.9117, Val 33.8451, Test 32.9425
Epoch 74: Loss:            : Train 0.0000, Val 0.0010, Test 0.0009
          R2_Score         : Train 0.9604, Val 0.9510, Test 0.9545
          RMSE             : Train 30.7807, Val 34.3419, Test 33.1998
Best:
          R2_Score         : Train 0.9600, Val 0.9524, Test 0.9552
          RMSE             : Train 30.9117, Val 33.8451, Test 32.9425
Epoch 75: Loss:            : Train 0.0000, Val 0.0009, Test 0.0009
          R2_Score         : Train 0.9607, Val 0.9528, Test 0.9563
          RMSE             : Train 30.6632, Val 33.6908, Test 32.5350
Best:
          R2_Score         : Train 0.9607, Val 0.9528, Test 0.9563
          RMSE             : Train 30.6632, Val 33.6908, Test 32.5350
Epoch 76: Loss:            : Train 0.0000, Val 0.0009, Test 0.0009
          R2_Score         : Train 0.9609, Val 0.9529, Test 0.9561
          RMSE             : Train 30.5642, Val 33.6652, Test 32.5912
Best:
          R2_Score         : Train 0.9609, Val 0.9529, Test 0.9561
          RMSE             : Train 30.5642, Val 33.6652, Test 32.5912
Epoch 77: Loss:            : Train 0.0000, Val 0.0011, Test 0.0009
          R2_Score         : Train 0.9607, Val 0.9493, Test 0.9534
          RMSE             : Train 30.6402, Val 34.9021, Test 33.5917
Best:
          R2_Score         : Train 0.9609, Val 0.9529, Test 0.9561
          RMSE             : Train 30.5642, Val 33.6652, Test 32.5912
Epoch 78: Loss:            : Train 0.0000, Val 0.0011, Test 0.0009
          R2_Score         : Train 0.9600, Val 0.9501, Test 0.9538
          RMSE             : Train 30.9111, Val 34.6515, Test 33.4493
Best:
          R2_Score         : Train 0.9609, Val 0.9529, Test 0.9561
          RMSE             : Train 30.5642, Val 33.6652, Test 32.5912
Epoch 79: Loss:            : Train 0.0000, Val 0.0010, Test 0.0009
          R2_Score         : Train 0.9593, Val 0.9508, Test 0.9537
          RMSE             : Train 31.1992, Val 34.4103, Test 33.5038
Best:
          R2_Score         : Train 0.9609, Val 0.9529, Test 0.9561
          RMSE             : Train 30.5642, Val 33.6652, Test 32.5912
Epoch 80: Loss:            : Train 0.0000, Val 0.0010, Test 0.0009
          R2_Score         : Train 0.9609, Val 0.9530, Test 0.9564
          RMSE             : Train 30.5613, Val 33.6162, Test 32.4853
Best:
          R2_Score         : Train 0.9609, Val 0.9530, Test 0.9564
          RMSE             : Train 30.5613, Val 33.6162, Test 32.4853
Epoch 81: Loss:            : Train 0.0000, Val 0.0010, Test 0.0009
          R2_Score         : Train 0.9615, Val 0.9514, Test 0.9544
          RMSE             : Train 30.3565, Val 34.1932, Test 33.2489
Best:
          R2_Score         : Train 0.9609, Val 0.9530, Test 0.9564
          RMSE             : Train 30.5613, Val 33.6162, Test 32.4853
Epoch 82: Loss:            : Train 0.0000, Val 0.0010, Test 0.0009
          R2_Score         : Train 0.9604, Val 0.9501, Test 0.9528
          RMSE             : Train 30.7623, Val 34.6471, Test 33.8265
Best:
          R2_Score         : Train 0.9609, Val 0.9530, Test 0.9564
          RMSE             : Train 30.5613, Val 33.6162, Test 32.4853
Epoch 83: Loss:            : Train 0.0000, Val 0.0009, Test 0.0009
          R2_Score         : Train 0.9612, Val 0.9528, Test 0.9557
          RMSE             : Train 30.4748, Val 33.6906, Test 32.7574
Best:
          R2_Score         : Train 0.9609, Val 0.9530, Test 0.9564
          RMSE             : Train 30.5613, Val 33.6162, Test 32.4853
Epoch 84: Loss:            : Train 0.0000, Val 0.0010, Test 0.0009
          R2_Score         : Train 0.9618, Val 0.9526, Test 0.9552
          RMSE             : Train 30.2209, Val 33.7578, Test 32.9349
Best:
          R2_Score         : Train 0.9609, Val 0.9530, Test 0.9564
          RMSE             : Train 30.5613, Val 33.6162, Test 32.4853
Epoch 85: Loss:            : Train 0.0000, Val 0.0009, Test 0.0009
          R2_Score         : Train 0.9623, Val 0.9531, Test 0.9558
          RMSE             : Train 30.0048, Val 33.5946, Test 32.7250
Best:
          R2_Score         : Train 0.9623, Val 0.9531, Test 0.9558
          RMSE             : Train 30.0048, Val 33.5946, Test 32.7250
Epoch 86: Loss:            : Train 0.0000, Val 0.0009, Test 0.0009
          R2_Score         : Train 0.9622, Val 0.9540, Test 0.9564
          RMSE             : Train 30.0694, Val 33.2437, Test 32.5031
Best:
          R2_Score         : Train 0.9622, Val 0.9540, Test 0.9564
          RMSE             : Train 30.0694, Val 33.2437, Test 32.5031
Epoch 87: Loss:            : Train 0.0000, Val 0.0009, Test 0.0009
          R2_Score         : Train 0.9611, Val 0.9536, Test 0.9570
          RMSE             : Train 30.4974, Val 33.4042, Test 32.2539
Best:
          R2_Score         : Train 0.9622, Val 0.9540, Test 0.9564
          RMSE             : Train 30.0694, Val 33.2437, Test 32.5031
Epoch 88: Loss:            : Train 0.0000, Val 0.0009, Test 0.0009
          R2_Score         : Train 0.9620, Val 0.9531, Test 0.9555
          RMSE             : Train 30.1244, Val 33.5858, Test 32.8323
Best:
          R2_Score         : Train 0.9622, Val 0.9540, Test 0.9564
          RMSE             : Train 30.0694, Val 33.2437, Test 32.5031
Epoch 89: Loss:            : Train 0.0000, Val 0.0010, Test 0.0009
          R2_Score         : Train 0.9622, Val 0.9526, Test 0.9559
          RMSE             : Train 30.0655, Val 33.7606, Test 32.6769
Best:
          R2_Score         : Train 0.9622, Val 0.9540, Test 0.9564
          RMSE             : Train 30.0694, Val 33.2437, Test 32.5031
Epoch 90: Loss:            : Train 0.0000, Val 0.0009, Test 0.0009
          R2_Score         : Train 0.9621, Val 0.9538, Test 0.9566
          RMSE             : Train 30.0991, Val 33.3116, Test 32.4030
Best:
          R2_Score         : Train 0.9622, Val 0.9540, Test 0.9564
          RMSE             : Train 30.0694, Val 33.2437, Test 32.5031
Epoch 91: Loss:            : Train 0.0000, Val 0.0010, Test 0.0009
          R2_Score         : Train 0.9612, Val 0.9527, Test 0.9551
          RMSE             : Train 30.4624, Val 33.7408, Test 32.9724
Best:
          R2_Score         : Train 0.9622, Val 0.9540, Test 0.9564
          RMSE             : Train 30.0694, Val 33.2437, Test 32.5031
Epoch 92: Loss:            : Train 0.0000, Val 0.0010, Test 0.0009
          R2_Score         : Train 0.9622, Val 0.9526, Test 0.9554
          RMSE             : Train 30.0806, Val 33.7432, Test 32.8728
Best:
          R2_Score         : Train 0.9622, Val 0.9540, Test 0.9564
          RMSE             : Train 30.0694, Val 33.2437, Test 32.5031
Epoch 93: Loss:            : Train 0.0000, Val 0.0009, Test 0.0009
          R2_Score         : Train 0.9625, Val 0.9525, Test 0.9556
          RMSE             : Train 29.9373, Val 33.8124, Test 32.7898
Best:
          R2_Score         : Train 0.9622, Val 0.9540, Test 0.9564
          RMSE             : Train 30.0694, Val 33.2437, Test 32.5031
Epoch 94: Loss:            : Train 0.0000, Val 0.0009, Test 0.0009
          R2_Score         : Train 0.9628, Val 0.9535, Test 0.9564
          RMSE             : Train 29.8360, Val 33.4329, Test 32.4937
Best:
          R2_Score         : Train 0.9622, Val 0.9540, Test 0.9564
          RMSE             : Train 30.0694, Val 33.2437, Test 32.5031
Epoch 95: Loss:            : Train 0.0000, Val 0.0010, Test 0.0009
          R2_Score         : Train 0.9629, Val 0.9533, Test 0.9575
          RMSE             : Train 29.7707, Val 33.4997, Test 32.0700
Best:
          R2_Score         : Train 0.9622, Val 0.9540, Test 0.9564
          RMSE             : Train 30.0694, Val 33.2437, Test 32.5031
Epoch 96: Loss:            : Train 0.0000, Val 0.0009, Test 0.0009
          R2_Score         : Train 0.9627, Val 0.9541, Test 0.9567
          RMSE             : Train 29.8606, Val 33.2328, Test 32.3962
Best:
          R2_Score         : Train 0.9627, Val 0.9541, Test 0.9567
          RMSE             : Train 29.8606, Val 33.2328, Test 32.3962
Epoch 97: Loss:            : Train 0.0000, Val 0.0009, Test 0.0009
          R2_Score         : Train 0.9631, Val 0.9511, Test 0.9535
          RMSE             : Train 29.6943, Val 34.3037, Test 33.5507
Best:
          R2_Score         : Train 0.9627, Val 0.9541, Test 0.9567
          RMSE             : Train 29.8606, Val 33.2328, Test 32.3962
Epoch 98: Loss:            : Train 0.0000, Val 0.0009, Test 0.0008
          R2_Score         : Train 0.9624, Val 0.9542, Test 0.9578
          RMSE             : Train 29.9840, Val 33.1699, Test 31.9838
Best:
          R2_Score         : Train 0.9624, Val 0.9542, Test 0.9578
          RMSE             : Train 29.9840, Val 33.1699, Test 31.9838
Epoch 99: Loss:            : Train 0.0000, Val 0.0009, Test 0.0009
          R2_Score         : Train 0.9637, Val 0.9544, Test 0.9571
          RMSE             : Train 29.4416, Val 33.1183, Test 32.2316
Best:
          R2_Score         : Train 0.9637, Val 0.9544, Test 0.9571
          RMSE             : Train 29.4416, Val 33.1183, Test 32.2316
Epoch 100: Loss:            : Train 0.0000, Val 0.0009, Test 0.0009
          R2_Score         : Train 0.9632, Val 0.9536, Test 0.9572
          RMSE             : Train 29.6442, Val 33.4161, Test 32.2097
Best:
          R2_Score         : Train 0.9637, Val 0.9544, Test 0.9571
          RMSE             : Train 29.4416, Val 33.1183, Test 32.2316
Epoch 101: Loss:            : Train 0.0000, Val 0.0010, Test 0.0009
          R2_Score         : Train 0.9630, Val 0.9509, Test 0.9540
          RMSE             : Train 29.7592, Val 34.3721, Test 33.3888
Best:
          R2_Score         : Train 0.9637, Val 0.9544, Test 0.9571
          RMSE             : Train 29.4416, Val 33.1183, Test 32.2316
Epoch 102: Loss:            : Train 0.0000, Val 0.0009, Test 0.0009
          R2_Score         : Train 0.9634, Val 0.9547, Test 0.9574
          RMSE             : Train 29.5800, Val 33.0196, Test 32.1199
Best:
          R2_Score         : Train 0.9634, Val 0.9547, Test 0.9574
          RMSE             : Train 29.5800, Val 33.0196, Test 32.1199
Epoch 103: Loss:            : Train 0.0000, Val 0.0009, Test 0.0009
          R2_Score         : Train 0.9634, Val 0.9546, Test 0.9579
          RMSE             : Train 29.5861, Val 33.0309, Test 31.9256
Best:
          R2_Score         : Train 0.9634, Val 0.9547, Test 0.9574
          RMSE             : Train 29.5800, Val 33.0196, Test 32.1199
Epoch 104: Loss:            : Train 0.0000, Val 0.0009, Test 0.0009
          R2_Score         : Train 0.9636, Val 0.9537, Test 0.9568
          RMSE             : Train 29.4898, Val 33.3825, Test 32.3461
Best:
          R2_Score         : Train 0.9634, Val 0.9547, Test 0.9574
          RMSE             : Train 29.5800, Val 33.0196, Test 32.1199
Epoch 105: Loss:            : Train 0.0000, Val 0.0009, Test 0.0009
          R2_Score         : Train 0.9632, Val 0.9526, Test 0.9550
          RMSE             : Train 29.6676, Val 33.7515, Test 33.0240
Best:
          R2_Score         : Train 0.9634, Val 0.9547, Test 0.9574
          RMSE             : Train 29.5800, Val 33.0196, Test 32.1199
Epoch 106: Loss:            : Train 0.0000, Val 0.0009, Test 0.0009
          R2_Score         : Train 0.9638, Val 0.9537, Test 0.9568
          RMSE             : Train 29.4156, Val 33.3642, Test 32.3475
Best:
          R2_Score         : Train 0.9634, Val 0.9547, Test 0.9574
          RMSE             : Train 29.5800, Val 33.0196, Test 32.1199
Epoch 107: Loss:            : Train 0.0000, Val 0.0009, Test 0.0009
          R2_Score         : Train 0.9640, Val 0.9545, Test 0.9566
          RMSE             : Train 29.3435, Val 33.0859, Test 32.4222
Best:
          R2_Score         : Train 0.9634, Val 0.9547, Test 0.9574
          RMSE             : Train 29.5800, Val 33.0196, Test 32.1199
Epoch 108: Loss:            : Train 0.0000, Val 0.0009, Test 0.0009
          R2_Score         : Train 0.9638, Val 0.9549, Test 0.9572
          RMSE             : Train 29.4311, Val 32.9305, Test 32.2104
Best:
          R2_Score         : Train 0.9638, Val 0.9549, Test 0.9572
          RMSE             : Train 29.4311, Val 32.9305, Test 32.2104
Epoch 109: Loss:            : Train 0.0000, Val 0.0010, Test 0.0009
          R2_Score         : Train 0.9638, Val 0.9525, Test 0.9551
          RMSE             : Train 29.4201, Val 33.7932, Test 32.9654
Best:
          R2_Score         : Train 0.9638, Val 0.9549, Test 0.9572
          RMSE             : Train 29.4311, Val 32.9305, Test 32.2104
Epoch 110: Loss:            : Train 0.0000, Val 0.0009, Test 0.0009
          R2_Score         : Train 0.9637, Val 0.9543, Test 0.9569
          RMSE             : Train 29.4537, Val 33.1469, Test 32.2998
Best:
          R2_Score         : Train 0.9638, Val 0.9549, Test 0.9572
          RMSE             : Train 29.4311, Val 32.9305, Test 32.2104
Epoch 111: Loss:            : Train 0.0000, Val 0.0009, Test 0.0009
          R2_Score         : Train 0.9640, Val 0.9540, Test 0.9570
          RMSE             : Train 29.3534, Val 33.2457, Test 32.2897
Best:
          R2_Score         : Train 0.9638, Val 0.9549, Test 0.9572
          RMSE             : Train 29.4311, Val 32.9305, Test 32.2104
Epoch 112: Loss:            : Train 0.0000, Val 0.0009, Test 0.0009
          R2_Score         : Train 0.9638, Val 0.9545, Test 0.9574
          RMSE             : Train 29.4317, Val 33.0610, Test 32.1275
Best:
          R2_Score         : Train 0.9638, Val 0.9549, Test 0.9572
          RMSE             : Train 29.4311, Val 32.9305, Test 32.2104
Epoch 113: Loss:            : Train 0.0000, Val 0.0009, Test 0.0009
          R2_Score         : Train 0.9642, Val 0.9528, Test 0.9557
          RMSE             : Train 29.2393, Val 33.6839, Test 32.7605
Best:
          R2_Score         : Train 0.9638, Val 0.9549, Test 0.9572
          RMSE             : Train 29.4311, Val 32.9305, Test 32.2104
Epoch 114: Loss:            : Train 0.0000, Val 0.0009, Test 0.0008
          R2_Score         : Train 0.9639, Val 0.9544, Test 0.9577
          RMSE             : Train 29.3897, Val 33.1232, Test 32.0067
Best:
          R2_Score         : Train 0.9638, Val 0.9549, Test 0.9572
          RMSE             : Train 29.4311, Val 32.9305, Test 32.2104
Epoch 115: Loss:            : Train 0.0000, Val 0.0010, Test 0.0009
          R2_Score         : Train 0.9640, Val 0.9537, Test 0.9572
          RMSE             : Train 29.3533, Val 33.3509, Test 32.1982
Best:
          R2_Score         : Train 0.9638, Val 0.9549, Test 0.9572
          RMSE             : Train 29.4311, Val 32.9305, Test 32.2104
Epoch 116: Loss:            : Train 0.0000, Val 0.0009, Test 0.0009
          R2_Score         : Train 0.9639, Val 0.9539, Test 0.9561
          RMSE             : Train 29.3703, Val 33.3016, Test 32.6114
Best:
          R2_Score         : Train 0.9638, Val 0.9549, Test 0.9572
          RMSE             : Train 29.4311, Val 32.9305, Test 32.2104
Epoch 117: Loss:            : Train 0.0000, Val 0.0009, Test 0.0009
          R2_Score         : Train 0.9639, Val 0.9529, Test 0.9558
          RMSE             : Train 29.3611, Val 33.6561, Test 32.7367
Best:
          R2_Score         : Train 0.9638, Val 0.9549, Test 0.9572
          RMSE             : Train 29.4311, Val 32.9305, Test 32.2104
Epoch 118: Loss:            : Train 0.0000, Val 0.0009, Test 0.0009
          R2_Score         : Train 0.9640, Val 0.9527, Test 0.9558
          RMSE             : Train 29.3386, Val 33.7269, Test 32.7325
Best:
          R2_Score         : Train 0.9638, Val 0.9549, Test 0.9572
          RMSE             : Train 29.4311, Val 32.9305, Test 32.2104
Epoch 119: Loss:            : Train 0.0000, Val 0.0009, Test 0.0008
          R2_Score         : Train 0.9644, Val 0.9546, Test 0.9576
          RMSE             : Train 29.1884, Val 33.0250, Test 32.0532
Best:
          R2_Score         : Train 0.9638, Val 0.9549, Test 0.9572
          RMSE             : Train 29.4311, Val 32.9305, Test 32.2104
Epoch 120: Loss:            : Train 0.0000, Val 0.0009, Test 0.0008
          R2_Score         : Train 0.9646, Val 0.9550, Test 0.9577
          RMSE             : Train 29.0993, Val 32.8776, Test 32.0027
Best:
          R2_Score         : Train 0.9646, Val 0.9550, Test 0.9577
          RMSE             : Train 29.0993, Val 32.8776, Test 32.0027
Epoch 121: Loss:            : Train 0.0000, Val 0.0009, Test 0.0008
          R2_Score         : Train 0.9649, Val 0.9549, Test 0.9579
          RMSE             : Train 28.9625, Val 32.9171, Test 31.9203
Best:
          R2_Score         : Train 0.9646, Val 0.9550, Test 0.9577
          RMSE             : Train 29.0993, Val 32.8776, Test 32.0027
Epoch 122: Loss:            : Train 0.0000, Val 0.0009, Test 0.0009
          R2_Score         : Train 0.9651, Val 0.9545, Test 0.9573
          RMSE             : Train 28.8970, Val 33.0870, Test 32.1405
Best:
          R2_Score         : Train 0.9646, Val 0.9550, Test 0.9577
          RMSE             : Train 29.0993, Val 32.8776, Test 32.0027
Epoch 123: Loss:            : Train 0.0000, Val 0.0009, Test 0.0009
          R2_Score         : Train 0.9647, Val 0.9539, Test 0.9571
          RMSE             : Train 29.0334, Val 33.2998, Test 32.2200
Best:
          R2_Score         : Train 0.9646, Val 0.9550, Test 0.9577
          RMSE             : Train 29.0993, Val 32.8776, Test 32.0027
Epoch 124: Loss:            : Train 0.0000, Val 0.0009, Test 0.0009
          R2_Score         : Train 0.9648, Val 0.9537, Test 0.9557
          RMSE             : Train 29.0039, Val 33.3484, Test 32.7622
Best:
          R2_Score         : Train 0.9646, Val 0.9550, Test 0.9577
          RMSE             : Train 29.0993, Val 32.8776, Test 32.0027
Epoch 125: Loss:            : Train 0.0000, Val 0.0009, Test 0.0009
          R2_Score         : Train 0.9643, Val 0.9540, Test 0.9569
          RMSE             : Train 29.2065, Val 33.2675, Test 32.2959
Best:
          R2_Score         : Train 0.9646, Val 0.9550, Test 0.9577
          RMSE             : Train 29.0993, Val 32.8776, Test 32.0027
Epoch 126: Loss:            : Train 0.0000, Val 0.0009, Test 0.0008
          R2_Score         : Train 0.9647, Val 0.9549, Test 0.9577
          RMSE             : Train 29.0417, Val 32.9179, Test 31.9930
Best:
          R2_Score         : Train 0.9646, Val 0.9550, Test 0.9577
          RMSE             : Train 29.0993, Val 32.8776, Test 32.0027
Epoch 127: Loss:            : Train 0.0000, Val 0.0009, Test 0.0009
          R2_Score         : Train 0.9652, Val 0.9541, Test 0.9564
          RMSE             : Train 28.8308, Val 33.2278, Test 32.5040
Best:
          R2_Score         : Train 0.9646, Val 0.9550, Test 0.9577
          RMSE             : Train 29.0993, Val 32.8776, Test 32.0027
Epoch 128: Loss:            : Train 0.0000, Val 0.0010, Test 0.0009
          R2_Score         : Train 0.9643, Val 0.9539, Test 0.9569
          RMSE             : Train 29.2264, Val 33.2788, Test 32.2917
Best:
          R2_Score         : Train 0.9646, Val 0.9550, Test 0.9577
          RMSE             : Train 29.0993, Val 32.8776, Test 32.0027
Epoch 129: Loss:            : Train 0.0000, Val 0.0010, Test 0.0009
          R2_Score         : Train 0.9651, Val 0.9540, Test 0.9571
          RMSE             : Train 28.8853, Val 33.2588, Test 32.2418
Best:
          R2_Score         : Train 0.9646, Val 0.9550, Test 0.9577
          RMSE             : Train 29.0993, Val 32.8776, Test 32.0027
Epoch 130: Loss:            : Train 0.0000, Val 0.0009, Test 0.0009
          R2_Score         : Train 0.9648, Val 0.9543, Test 0.9575
          RMSE             : Train 29.0235, Val 33.1414, Test 32.0963
Best:
          R2_Score         : Train 0.9646, Val 0.9550, Test 0.9577
          RMSE             : Train 29.0993, Val 32.8776, Test 32.0027
Epoch 131: Loss:            : Train 0.0000, Val 0.0009, Test 0.0008
          R2_Score         : Train 0.9655, Val 0.9548, Test 0.9579
          RMSE             : Train 28.7337, Val 32.9763, Test 31.9229
Best:
          R2_Score         : Train 0.9646, Val 0.9550, Test 0.9577
          RMSE             : Train 29.0993, Val 32.8776, Test 32.0027
Epoch 132: Loss:            : Train 0.0000, Val 0.0009, Test 0.0009
          R2_Score         : Train 0.9655, Val 0.9543, Test 0.9573
          RMSE             : Train 28.7301, Val 33.1486, Test 32.1672
Best:
          R2_Score         : Train 0.9646, Val 0.9550, Test 0.9577
          RMSE             : Train 29.0993, Val 32.8776, Test 32.0027
Epoch 133: Loss:            : Train 0.0000, Val 0.0009, Test 0.0008
          R2_Score         : Train 0.9654, Val 0.9546, Test 0.9576
          RMSE             : Train 28.7482, Val 33.0344, Test 32.0578
Best:
          R2_Score         : Train 0.9646, Val 0.9550, Test 0.9577
          RMSE             : Train 29.0993, Val 32.8776, Test 32.0027
Epoch 134: Loss:            : Train 0.0000, Val 0.0010, Test 0.0009
          R2_Score         : Train 0.9654, Val 0.9533, Test 0.9565
          RMSE             : Train 28.7493, Val 33.4990, Test 32.4688
Best:
          R2_Score         : Train 0.9646, Val 0.9550, Test 0.9577
          RMSE             : Train 29.0993, Val 32.8776, Test 32.0027
Epoch 135: Loss:            : Train 0.0000, Val 0.0009, Test 0.0009
          R2_Score         : Train 0.9648, Val 0.9539, Test 0.9558
          RMSE             : Train 29.0213, Val 33.3032, Test 32.7162
Best:
          R2_Score         : Train 0.9646, Val 0.9550, Test 0.9577
          RMSE             : Train 29.0993, Val 32.8776, Test 32.0027
Epoch 136: Loss:            : Train 0.0000, Val 0.0009, Test 0.0009
          R2_Score         : Train 0.9648, Val 0.9535, Test 0.9564
          RMSE             : Train 29.0173, Val 33.4408, Test 32.5055
Best:
          R2_Score         : Train 0.9646, Val 0.9550, Test 0.9577
          RMSE             : Train 29.0993, Val 32.8776, Test 32.0027
Epoch 137: Loss:            : Train 0.0000, Val 0.0009, Test 0.0008
          R2_Score         : Train 0.9651, Val 0.9547, Test 0.9582
          RMSE             : Train 28.8839, Val 32.9858, Test 31.8272
Best:
          R2_Score         : Train 0.9646, Val 0.9550, Test 0.9577
          RMSE             : Train 29.0993, Val 32.8776, Test 32.0027
Epoch 138: Loss:            : Train 0.0000, Val 0.0009, Test 0.0008
          R2_Score         : Train 0.9656, Val 0.9558, Test 0.9585
          RMSE             : Train 28.6584, Val 32.5878, Test 31.6854
Best:
          R2_Score         : Train 0.9656, Val 0.9558, Test 0.9585
          RMSE             : Train 28.6584, Val 32.5878, Test 31.6854
Epoch 139: Loss:            : Train 0.0000, Val 0.0009, Test 0.0008
          R2_Score         : Train 0.9653, Val 0.9546, Test 0.9581
          RMSE             : Train 28.8094, Val 33.0393, Test 31.8608
Best:
          R2_Score         : Train 0.9656, Val 0.9558, Test 0.9585
          RMSE             : Train 28.6584, Val 32.5878, Test 31.6854
Epoch 140: Loss:            : Train 0.0000, Val 0.0009, Test 0.0008
          R2_Score         : Train 0.9656, Val 0.9555, Test 0.9584
          RMSE             : Train 28.6646, Val 32.6960, Test 31.7544
Best:
          R2_Score         : Train 0.9656, Val 0.9558, Test 0.9585
          RMSE             : Train 28.6584, Val 32.5878, Test 31.6854
Epoch 141: Loss:            : Train 0.0000, Val 0.0009, Test 0.0009
          R2_Score         : Train 0.9654, Val 0.9534, Test 0.9561
          RMSE             : Train 28.7443, Val 33.4560, Test 32.6016
Best:
          R2_Score         : Train 0.9656, Val 0.9558, Test 0.9585
          RMSE             : Train 28.6584, Val 32.5878, Test 31.6854
Epoch 142: Loss:            : Train 0.0000, Val 0.0010, Test 0.0009
          R2_Score         : Train 0.9655, Val 0.9543, Test 0.9575
          RMSE             : Train 28.7296, Val 33.1614, Test 32.0900
Best:
          R2_Score         : Train 0.9656, Val 0.9558, Test 0.9585
          RMSE             : Train 28.6584, Val 32.5878, Test 31.6854
Epoch 143: Loss:            : Train 0.0000, Val 0.0009, Test 0.0009
          R2_Score         : Train 0.9653, Val 0.9548, Test 0.9570
          RMSE             : Train 28.7913, Val 32.9777, Test 32.2812
Best:
          R2_Score         : Train 0.9656, Val 0.9558, Test 0.9585
          RMSE             : Train 28.6584, Val 32.5878, Test 31.6854
Epoch 144: Loss:            : Train 0.0000, Val 0.0009, Test 0.0009
          R2_Score         : Train 0.9654, Val 0.9549, Test 0.9574
          RMSE             : Train 28.7494, Val 32.9444, Test 32.1346
Best:
          R2_Score         : Train 0.9656, Val 0.9558, Test 0.9585
          RMSE             : Train 28.6584, Val 32.5878, Test 31.6854
Epoch 145: Loss:            : Train 0.0000, Val 0.0009, Test 0.0009
          R2_Score         : Train 0.9657, Val 0.9550, Test 0.9579
          RMSE             : Train 28.6278, Val 32.8994, Test 31.9264
Best:
          R2_Score         : Train 0.9656, Val 0.9558, Test 0.9585
          RMSE             : Train 28.6584, Val 32.5878, Test 31.6854
Epoch 146: Loss:            : Train 0.0000, Val 0.0009, Test 0.0009
          R2_Score         : Train 0.9656, Val 0.9540, Test 0.9562
          RMSE             : Train 28.6657, Val 33.2737, Test 32.5727
Best:
          R2_Score         : Train 0.9656, Val 0.9558, Test 0.9585
          RMSE             : Train 28.6584, Val 32.5878, Test 31.6854
Epoch 147: Loss:            : Train 0.0000, Val 0.0010, Test 0.0009
          R2_Score         : Train 0.9650, Val 0.9538, Test 0.9567
          RMSE             : Train 28.9107, Val 33.3261, Test 32.3694
Best:
          R2_Score         : Train 0.9656, Val 0.9558, Test 0.9585
          RMSE             : Train 28.6584, Val 32.5878, Test 31.6854
Epoch 148: Loss:            : Train 0.0000, Val 0.0009, Test 0.0009
          R2_Score         : Train 0.9657, Val 0.9545, Test 0.9577
          RMSE             : Train 28.6219, Val 33.0822, Test 32.0012
Best:
          R2_Score         : Train 0.9656, Val 0.9558, Test 0.9585
          RMSE             : Train 28.6584, Val 32.5878, Test 31.6854
Epoch 149: Loss:            : Train 0.0000, Val 0.0009, Test 0.0008
          R2_Score         : Train 0.9657, Val 0.9559, Test 0.9587
          RMSE             : Train 28.6485, Val 32.5741, Test 31.6267
Best:
          R2_Score         : Train 0.9657, Val 0.9559, Test 0.9587
          RMSE             : Train 28.6485, Val 32.5741, Test 31.6267
Epoch 150: Loss:            : Train 0.0000, Val 0.0010, Test 0.0009
          R2_Score         : Train 0.9658, Val 0.9548, Test 0.9578
          RMSE             : Train 28.5955, Val 32.9820, Test 31.9599
Best:
          R2_Score         : Train 0.9657, Val 0.9559, Test 0.9587
          RMSE             : Train 28.6485, Val 32.5741, Test 31.6267
Epoch 151: Loss:            : Train 0.0000, Val 0.0009, Test 0.0009
          R2_Score         : Train 0.9652, Val 0.9529, Test 0.9549
          RMSE             : Train 28.8448, Val 33.6523, Test 33.0624
Best:
          R2_Score         : Train 0.9657, Val 0.9559, Test 0.9587
          RMSE             : Train 28.6485, Val 32.5741, Test 31.6267
Epoch 152: Loss:            : Train 0.0000, Val 0.0010, Test 0.0009
          R2_Score         : Train 0.9655, Val 0.9541, Test 0.9570
          RMSE             : Train 28.7196, Val 33.2383, Test 32.2686
Best:
          R2_Score         : Train 0.9657, Val 0.9559, Test 0.9587
          RMSE             : Train 28.6485, Val 32.5741, Test 31.6267
Epoch 153: Loss:            : Train 0.0000, Val 0.0009, Test 0.0009
          R2_Score         : Train 0.9655, Val 0.9539, Test 0.9562
          RMSE             : Train 28.7397, Val 33.2959, Test 32.5780
Best:
          R2_Score         : Train 0.9657, Val 0.9559, Test 0.9587
          RMSE             : Train 28.6485, Val 32.5741, Test 31.6267
Epoch 154: Loss:            : Train 0.0000, Val 0.0009, Test 0.0008
          R2_Score         : Train 0.9656, Val 0.9555, Test 0.9582
          RMSE             : Train 28.6749, Val 32.7162, Test 31.8118
Best:
          R2_Score         : Train 0.9657, Val 0.9559, Test 0.9587
          RMSE             : Train 28.6485, Val 32.5741, Test 31.6267
Epoch 155: Loss:            : Train 0.0000, Val 0.0009, Test 0.0008
          R2_Score         : Train 0.9658, Val 0.9559, Test 0.9578
          RMSE             : Train 28.5822, Val 32.5745, Test 31.9760
Best:
          R2_Score         : Train 0.9657, Val 0.9559, Test 0.9587
          RMSE             : Train 28.6485, Val 32.5741, Test 31.6267
Epoch 156: Loss:            : Train 0.0000, Val 0.0009, Test 0.0009
          R2_Score         : Train 0.9659, Val 0.9542, Test 0.9566
          RMSE             : Train 28.5630, Val 33.2006, Test 32.4202
Best:
          R2_Score         : Train 0.9657, Val 0.9559, Test 0.9587
          RMSE             : Train 28.6485, Val 32.5741, Test 31.6267
Epoch 157: Loss:            : Train 0.0000, Val 0.0009, Test 0.0008
          R2_Score         : Train 0.9661, Val 0.9558, Test 0.9588
          RMSE             : Train 28.4553, Val 32.6161, Test 31.5783
Best:
          R2_Score         : Train 0.9657, Val 0.9559, Test 0.9587
          RMSE             : Train 28.6485, Val 32.5741, Test 31.6267
Epoch 158: Loss:            : Train 0.0000, Val 0.0009, Test 0.0008
          R2_Score         : Train 0.9661, Val 0.9552, Test 0.9571
          RMSE             : Train 28.4477, Val 32.8214, Test 32.2355
Best:
          R2_Score         : Train 0.9657, Val 0.9559, Test 0.9587
          RMSE             : Train 28.6485, Val 32.5741, Test 31.6267
Epoch 159: Loss:            : Train 0.0000, Val 0.0010, Test 0.0009
          R2_Score         : Train 0.9661, Val 0.9540, Test 0.9562
          RMSE             : Train 28.4731, Val 33.2563, Test 32.5760
Best:
          R2_Score         : Train 0.9657, Val 0.9559, Test 0.9587
          RMSE             : Train 28.6485, Val 32.5741, Test 31.6267
Epoch 160: Loss:            : Train 0.0000, Val 0.0009, Test 0.0008
          R2_Score         : Train 0.9661, Val 0.9552, Test 0.9586
          RMSE             : Train 28.4759, Val 32.8351, Test 31.6501
Best:
          R2_Score         : Train 0.9657, Val 0.9559, Test 0.9587
          RMSE             : Train 28.6485, Val 32.5741, Test 31.6267
Epoch 161: Loss:            : Train 0.0000, Val 0.0009, Test 0.0008
          R2_Score         : Train 0.9662, Val 0.9562, Test 0.9585
          RMSE             : Train 28.4429, Val 32.4675, Test 31.7008
Best:
          R2_Score         : Train 0.9662, Val 0.9562, Test 0.9585
          RMSE             : Train 28.4429, Val 32.4675, Test 31.7008
Epoch 162: Loss:            : Train 0.0000, Val 0.0010, Test 0.0009
          R2_Score         : Train 0.9659, Val 0.9535, Test 0.9560
          RMSE             : Train 28.5632, Val 33.4268, Test 32.6508
Best:
          R2_Score         : Train 0.9662, Val 0.9562, Test 0.9585
          RMSE             : Train 28.4429, Val 32.4675, Test 31.7008
Epoch 163: Loss:            : Train 0.0000, Val 0.0009, Test 0.0008
          R2_Score         : Train 0.9659, Val 0.9550, Test 0.9573
          RMSE             : Train 28.5693, Val 32.8767, Test 32.1522
Best:
          R2_Score         : Train 0.9662, Val 0.9562, Test 0.9585
          RMSE             : Train 28.4429, Val 32.4675, Test 31.7008
Epoch 164: Loss:            : Train 0.0000, Val 0.0009, Test 0.0009
          R2_Score         : Train 0.9666, Val 0.9540, Test 0.9564
          RMSE             : Train 28.2776, Val 33.2713, Test 32.5079
Best:
          R2_Score         : Train 0.9662, Val 0.9562, Test 0.9585
          RMSE             : Train 28.4429, Val 32.4675, Test 31.7008
Epoch 165: Loss:            : Train 0.0000, Val 0.0009, Test 0.0008
          R2_Score         : Train 0.9658, Val 0.9552, Test 0.9584
          RMSE             : Train 28.6058, Val 32.8146, Test 31.7306
Best:
          R2_Score         : Train 0.9662, Val 0.9562, Test 0.9585
          RMSE             : Train 28.4429, Val 32.4675, Test 31.7008
Epoch 166: Loss:            : Train 0.0000, Val 0.0009, Test 0.0008
          R2_Score         : Train 0.9657, Val 0.9559, Test 0.9579
          RMSE             : Train 28.6450, Val 32.5493, Test 31.9315
Best:
          R2_Score         : Train 0.9662, Val 0.9562, Test 0.9585
          RMSE             : Train 28.4429, Val 32.4675, Test 31.7008
Epoch 167: Loss:            : Train 0.0000, Val 0.0009, Test 0.0008
          R2_Score         : Train 0.9663, Val 0.9555, Test 0.9579
          RMSE             : Train 28.3885, Val 32.7106, Test 31.9425
Best:
          R2_Score         : Train 0.9662, Val 0.9562, Test 0.9585
          RMSE             : Train 28.4429, Val 32.4675, Test 31.7008
Epoch 168: Loss:            : Train 0.0000, Val 0.0009, Test 0.0009
          R2_Score         : Train 0.9666, Val 0.9546, Test 0.9581
          RMSE             : Train 28.2521, Val 33.0245, Test 31.8386
Best:
          R2_Score         : Train 0.9662, Val 0.9562, Test 0.9585
          RMSE             : Train 28.4429, Val 32.4675, Test 31.7008
Epoch 169: Loss:            : Train 0.0000, Val 0.0009, Test 0.0009
          R2_Score         : Train 0.9668, Val 0.9540, Test 0.9567
          RMSE             : Train 28.1583, Val 33.2521, Test 32.3732
Best:
          R2_Score         : Train 0.9662, Val 0.9562, Test 0.9585
          RMSE             : Train 28.4429, Val 32.4675, Test 31.7008
Epoch 170: Loss:            : Train 0.0000, Val 0.0009, Test 0.0008
          R2_Score         : Train 0.9660, Val 0.9565, Test 0.9588
          RMSE             : Train 28.5091, Val 32.3340, Test 31.5959
Best:
          R2_Score         : Train 0.9660, Val 0.9565, Test 0.9588
          RMSE             : Train 28.5091, Val 32.3340, Test 31.5959
Epoch 171: Loss:            : Train 0.0000, Val 0.0009, Test 0.0008
          R2_Score         : Train 0.9665, Val 0.9563, Test 0.9586
          RMSE             : Train 28.2889, Val 32.4223, Test 31.6586
Best:
          R2_Score         : Train 0.9660, Val 0.9565, Test 0.9588
          RMSE             : Train 28.5091, Val 32.3340, Test 31.5959
Epoch 172: Loss:            : Train 0.0000, Val 0.0009, Test 0.0009
          R2_Score         : Train 0.9669, Val 0.9550, Test 0.9571
          RMSE             : Train 28.1473, Val 32.8789, Test 32.2350
Best:
          R2_Score         : Train 0.9660, Val 0.9565, Test 0.9588
          RMSE             : Train 28.5091, Val 32.3340, Test 31.5959
Epoch 173: Loss:            : Train 0.0000, Val 0.0009, Test 0.0009
          R2_Score         : Train 0.9667, Val 0.9550, Test 0.9578
          RMSE             : Train 28.1956, Val 32.8869, Test 31.9669
Best:
          R2_Score         : Train 0.9660, Val 0.9565, Test 0.9588
          RMSE             : Train 28.5091, Val 32.3340, Test 31.5959
Epoch 174: Loss:            : Train 0.0000, Val 0.0009, Test 0.0008
          R2_Score         : Train 0.9666, Val 0.9547, Test 0.9576
          RMSE             : Train 28.2584, Val 33.0133, Test 32.0336
Best:
          R2_Score         : Train 0.9660, Val 0.9565, Test 0.9588
          RMSE             : Train 28.5091, Val 32.3340, Test 31.5959
Epoch 175: Loss:            : Train 0.0000, Val 0.0009, Test 0.0008
          R2_Score         : Train 0.9667, Val 0.9559, Test 0.9586
          RMSE             : Train 28.2094, Val 32.5732, Test 31.6754
Best:
          R2_Score         : Train 0.9660, Val 0.9565, Test 0.9588
          RMSE             : Train 28.5091, Val 32.3340, Test 31.5959
Epoch 176: Loss:            : Train 0.0000, Val 0.0009, Test 0.0008
          R2_Score         : Train 0.9670, Val 0.9558, Test 0.9585
          RMSE             : Train 28.0753, Val 32.6015, Test 31.7042
Best:
          R2_Score         : Train 0.9660, Val 0.9565, Test 0.9588
          RMSE             : Train 28.5091, Val 32.3340, Test 31.5959
Epoch 177: Loss:            : Train 0.0000, Val 0.0009, Test 0.0008
          R2_Score         : Train 0.9671, Val 0.9564, Test 0.9589
          RMSE             : Train 28.0242, Val 32.3638, Test 31.5581
Best:
          R2_Score         : Train 0.9660, Val 0.9565, Test 0.9588
          RMSE             : Train 28.5091, Val 32.3340, Test 31.5959
Epoch 178: Loss:            : Train 0.0000, Val 0.0009, Test 0.0009
          R2_Score         : Train 0.9671, Val 0.9546, Test 0.9566
          RMSE             : Train 28.0505, Val 33.0502, Test 32.4322
Best:
          R2_Score         : Train 0.9660, Val 0.9565, Test 0.9588
          RMSE             : Train 28.5091, Val 32.3340, Test 31.5959
Epoch 179: Loss:            : Train 0.0000, Val 0.0009, Test 0.0009
          R2_Score         : Train 0.9665, Val 0.9559, Test 0.9579
          RMSE             : Train 28.2908, Val 32.5482, Test 31.9439
Best:
          R2_Score         : Train 0.9660, Val 0.9565, Test 0.9588
          RMSE             : Train 28.5091, Val 32.3340, Test 31.5959
Epoch 180: Loss:            : Train 0.0000, Val 0.0009, Test 0.0008
          R2_Score         : Train 0.9668, Val 0.9546, Test 0.9574
          RMSE             : Train 28.1599, Val 33.0405, Test 32.1047
Best:
          R2_Score         : Train 0.9660, Val 0.9565, Test 0.9588
          RMSE             : Train 28.5091, Val 32.3340, Test 31.5959
Epoch 181: Loss:            : Train 0.0000, Val 0.0010, Test 0.0009
          R2_Score         : Train 0.9670, Val 0.9536, Test 0.9566
          RMSE             : Train 28.0972, Val 33.3925, Test 32.4242
Best:
          R2_Score         : Train 0.9660, Val 0.9565, Test 0.9588
          RMSE             : Train 28.5091, Val 32.3340, Test 31.5959
Epoch 182: Loss:            : Train 0.0000, Val 0.0009, Test 0.0008
          R2_Score         : Train 0.9668, Val 0.9554, Test 0.9582
          RMSE             : Train 28.1899, Val 32.7305, Test 31.8327
Best:
          R2_Score         : Train 0.9660, Val 0.9565, Test 0.9588
          RMSE             : Train 28.5091, Val 32.3340, Test 31.5959
Epoch 183: Loss:            : Train 0.0000, Val 0.0010, Test 0.0009
          R2_Score         : Train 0.9672, Val 0.9547, Test 0.9576
          RMSE             : Train 28.0181, Val 33.0188, Test 32.0534
Best:
          R2_Score         : Train 0.9660, Val 0.9565, Test 0.9588
          RMSE             : Train 28.5091, Val 32.3340, Test 31.5959
Epoch 184: Loss:            : Train 0.0000, Val 0.0009, Test 0.0009
          R2_Score         : Train 0.9667, Val 0.9533, Test 0.9562
          RMSE             : Train 28.2087, Val 33.4977, Test 32.5872
Best:
          R2_Score         : Train 0.9660, Val 0.9565, Test 0.9588
          RMSE             : Train 28.5091, Val 32.3340, Test 31.5959
Epoch 185: Loss:            : Train 0.0000, Val 0.0009, Test 0.0008
          R2_Score         : Train 0.9659, Val 0.9567, Test 0.9590
          RMSE             : Train 28.5515, Val 32.2492, Test 31.5309
Best:
          R2_Score         : Train 0.9659, Val 0.9567, Test 0.9590
          RMSE             : Train 28.5515, Val 32.2492, Test 31.5309
Epoch 186: Loss:            : Train 0.0000, Val 0.0009, Test 0.0008
          R2_Score         : Train 0.9663, Val 0.9560, Test 0.9585
          RMSE             : Train 28.3667, Val 32.5298, Test 31.7060
Best:
          R2_Score         : Train 0.9659, Val 0.9567, Test 0.9590
          RMSE             : Train 28.5515, Val 32.2492, Test 31.5309
Epoch 187: Loss:            : Train 0.0000, Val 0.0009, Test 0.0008
          R2_Score         : Train 0.9674, Val 0.9557, Test 0.9581
          RMSE             : Train 27.9343, Val 32.6281, Test 31.8555
Best:
          R2_Score         : Train 0.9659, Val 0.9567, Test 0.9590
          RMSE             : Train 28.5515, Val 32.2492, Test 31.5309
Epoch 188: Loss:            : Train 0.0000, Val 0.0009, Test 0.0008
          R2_Score         : Train 0.9670, Val 0.9553, Test 0.9577
          RMSE             : Train 28.0973, Val 32.7748, Test 31.9904
Best:
          R2_Score         : Train 0.9659, Val 0.9567, Test 0.9590
          RMSE             : Train 28.5515, Val 32.2492, Test 31.5309
Epoch 189: Loss:            : Train 0.0000, Val 0.0009, Test 0.0008
          R2_Score         : Train 0.9674, Val 0.9562, Test 0.9589
          RMSE             : Train 27.8961, Val 32.4692, Test 31.5391
Best:
          R2_Score         : Train 0.9659, Val 0.9567, Test 0.9590
          RMSE             : Train 28.5515, Val 32.2492, Test 31.5309
Epoch 190: Loss:            : Train 0.0000, Val 0.0009, Test 0.0008
          R2_Score         : Train 0.9671, Val 0.9567, Test 0.9589
          RMSE             : Train 28.0558, Val 32.2752, Test 31.5334
Best:
          R2_Score         : Train 0.9659, Val 0.9567, Test 0.9590
          RMSE             : Train 28.5515, Val 32.2492, Test 31.5309
Epoch 191: Loss:            : Train 0.0000, Val 0.0009, Test 0.0008
          R2_Score         : Train 0.9675, Val 0.9568, Test 0.9588
          RMSE             : Train 27.8678, Val 32.2181, Test 31.5789
Best:
          R2_Score         : Train 0.9675, Val 0.9568, Test 0.9588
          RMSE             : Train 27.8678, Val 32.2181, Test 31.5789
Epoch 192: Loss:            : Train 0.0000, Val 0.0009, Test 0.0008
          R2_Score         : Train 0.9676, Val 0.9559, Test 0.9587
          RMSE             : Train 27.8258, Val 32.5700, Test 31.6175
Best:
          R2_Score         : Train 0.9675, Val 0.9568, Test 0.9588
          RMSE             : Train 27.8678, Val 32.2181, Test 31.5789
Epoch 193: Loss:            : Train 0.0000, Val 0.0009, Test 0.0008
          R2_Score         : Train 0.9672, Val 0.9553, Test 0.9579
          RMSE             : Train 28.0069, Val 32.8007, Test 31.9160
Best:
          R2_Score         : Train 0.9675, Val 0.9568, Test 0.9588
          RMSE             : Train 27.8678, Val 32.2181, Test 31.5789
Epoch 194: Loss:            : Train 0.0000, Val 0.0009, Test 0.0008
          R2_Score         : Train 0.9674, Val 0.9553, Test 0.9582
          RMSE             : Train 27.9034, Val 32.7953, Test 31.8022
Best:
          R2_Score         : Train 0.9675, Val 0.9568, Test 0.9588
          RMSE             : Train 27.8678, Val 32.2181, Test 31.5789
Epoch 195: Loss:            : Train 0.0000, Val 0.0009, Test 0.0008
          R2_Score         : Train 0.9676, Val 0.9563, Test 0.9589
          RMSE             : Train 27.8124, Val 32.4065, Test 31.5475
Best:
          R2_Score         : Train 0.9675, Val 0.9568, Test 0.9588
          RMSE             : Train 27.8678, Val 32.2181, Test 31.5789
Epoch 196: Loss:            : Train 0.0000, Val 0.0009, Test 0.0008
          R2_Score         : Train 0.9669, Val 0.9562, Test 0.9593
          RMSE             : Train 28.1159, Val 32.4343, Test 31.4032
Best:
          R2_Score         : Train 0.9675, Val 0.9568, Test 0.9588
          RMSE             : Train 27.8678, Val 32.2181, Test 31.5789
Epoch 197: Loss:            : Train 0.0000, Val 0.0009, Test 0.0008
          R2_Score         : Train 0.9671, Val 0.9561, Test 0.9591
          RMSE             : Train 28.0408, Val 32.4969, Test 31.4826
Best:
          R2_Score         : Train 0.9675, Val 0.9568, Test 0.9588
          RMSE             : Train 27.8678, Val 32.2181, Test 31.5789
Epoch 198: Loss:            : Train 0.0000, Val 0.0009, Test 0.0008
          R2_Score         : Train 0.9672, Val 0.9558, Test 0.9584
          RMSE             : Train 27.9941, Val 32.6018, Test 31.7525
Best:
          R2_Score         : Train 0.9675, Val 0.9568, Test 0.9588
          RMSE             : Train 27.8678, Val 32.2181, Test 31.5789
Epoch 199: Loss:            : Train 0.0000, Val 0.0009, Test 0.0008
          R2_Score         : Train 0.9679, Val 0.9560, Test 0.9585
          RMSE             : Train 27.7175, Val 32.5353, Test 31.7203
Best:
          R2_Score         : Train 0.9675, Val 0.9568, Test 0.9588
          RMSE             : Train 27.8678, Val 32.2181, Test 31.5789
Epoch 200: Loss:            : Train 0.0000, Val 0.0009, Test 0.0008
          R2_Score         : Train 0.9672, Val 0.9559, Test 0.9588
          RMSE             : Train 27.9847, Val 32.5480, Test 31.6007
Best:
          R2_Score         : Train 0.9675, Val 0.9568, Test 0.9588
          RMSE             : Train 27.8678, Val 32.2181, Test 31.5789
Training time (sec): 184
