Loading house from data/hdb/hdb_clean.csv
Loading airbnb from data/hdb/school_clean.csv
Current hdb columns Index(['floor_area_sqm', 'lease_commence_year_before_2020', 'tn_BEDOK',
       'tn_BISHAN', 'tn_BUKIT BATOK', 'tn_BUKIT MERAH', 'tn_BUKIT PANJANG',
       'tn_BUKIT TIMAH', 'tn_CENTRAL AREA', 'tn_CHOA CHU KANG', 'tn_CLEMENTI',
       'tn_GEYLANG', 'tn_HOUGANG', 'tn_JURONG EAST', 'tn_JURONG WEST',
       'tn_KALLANG/WHAMPOA', 'tn_MARINE PARADE', 'tn_PASIR RIS', 'tn_PUNGGOL',
       'tn_QUEENSTOWN', 'tn_SEMBAWANG', 'tn_SENGKANG', 'tn_SERANGOON',
       'tn_TAMPINES', 'tn_TOA PAYOH', 'tn_WOODLANDS', 'tn_YISHUN', 'ft_2 ROOM',
       'ft_3 ROOM', 'ft_4 ROOM', 'ft_5 ROOM', 'ft_EXECUTIVE',
       'ft_MULTI-GENERATION', 'sr_04 TO 06', 'sr_07 TO 09', 'sr_10 TO 12',
       'sr_13 TO 15', 'sr_16 TO 18', 'sr_19 TO 21', 'sr_22 TO 24',
       'sr_25 TO 27', 'sr_28 TO 30', 'sr_31 TO 33', 'sr_34 TO 36',
       'sr_37 TO 39', 'sr_40 TO 42', 'sr_43 TO 45', 'sr_46 TO 48',
       'sr_49 TO 51', 'fm_Adjoined flat', 'fm_Apartment', 'fm_DBSS',
       'fm_Improved', 'fm_Improved-Maisonette', 'fm_Maisonette', 'fm_Model A',
       'fm_Model A-Maisonette', 'fm_Model A2', 'fm_Multi Generation',
       'fm_New Generation', 'fm_Premium Apartment',
       'fm_Premium Apartment Loft', 'fm_Premium Maisonette', 'fm_Simplified',
       'fm_Standard', 'fm_Terrace', 'fm_Type S1', 'fm_Type S2', 'lon', 'lat'],
      dtype='object')
Current airbnb columns Index(['lon', 'lat', 'n_places_0', 'vacancy_rate_0', 'n_places_1',
       'vacancy_rate_1', 'n_places_2', 'vacancy_rate_2', 'n_places_3',
       'vacancy_rate_3'],
      dtype='object')
Loading data from cache
Done
Calculating noise scale
Adding noise of scale 0.0 to sim_scores
Adding noise of scale 0.0 to sim_scores
Adding noise of scale 0.0 to sim_scores
Preparing time (sec): 2
Initializing dataloader
Done
Prepare for training
Start training
================================================================================
                                    Kernel Shape Output Shape  Params  \
Layer                                                                   
0_local_models.0.fc_layers.Linear_0    [69, 200]   [128, 200]   14000   
1_local_models.0.fc_layers.Linear_1   [200, 100]   [128, 100]   20100   
2_local_models.1.fc_layers.Linear_0     [8, 200]   [128, 200]    1800   
3_local_models.1.fc_layers.Linear_1   [200, 100]   [128, 100]   20100   
4_agg_model.fc_layers.Linear_0        [200, 100]   [128, 100]   20100   
5_agg_model.fc_layers.Linear_1          [100, 1]     [128, 1]     101   

                                     Mult-Adds  
Layer                                           
0_local_models.0.fc_layers.Linear_0      13800  
1_local_models.0.fc_layers.Linear_1      20000  
2_local_models.1.fc_layers.Linear_0       1600  
3_local_models.1.fc_layers.Linear_1      20000  
4_agg_model.fc_layers.Linear_0           20000  
5_agg_model.fc_layers.Linear_1             100  
--------------------------------------------------------------------------------
                      Totals
Total params           76201
Trainable params       76201
Non-trainable params       0
Mult-Adds              75500
================================================================================
n_classes=2
task=regression
model_name=hdb_featuresim_2022-01-25-16-15-24
sche_threshold=0.0001
sche_patience=10
sche_factor=0.1
use_scheduler=False
num_workers=4
device=cuda:0
test_batch_size=4096
train_batch_size=128
learning_rate=0.001
weight_decay=1e-05
num_epochs=100
model_save_path=ckp/hdb_featuresim_2022-01-25-16-15-24.pth
test_rate=0.2
val_rate=0.1
multiprocess_context=fork
metrics=['r2_score', 'rmse']
metrics_f=[<metric.r2_score.R2Score object at 0x7fb7129e8c40>, <metric.rmse.RMSE object at 0x7fb7129e8a60>]
hidden_sizes=[200, 100]
model=SplitNN(
  (agg_model): MLP(
    (fc_layers): ModuleList(
      (0): Linear(in_features=200, out_features=100, bias=True)
      (1): Linear(in_features=100, out_features=1, bias=True)
    )
  )
  (local_models): ModuleList(
    (0): MLP(
      (fc_layers): ModuleList(
        (0): Linear(in_features=69, out_features=200, bias=True)
        (1): Linear(in_features=200, out_features=100, bias=True)
      )
    )
    (1): MLP(
      (fc_layers): ModuleList(
        (0): Linear(in_features=8, out_features=200, bias=True)
        (1): Linear(in_features=200, out_features=100, bias=True)
      )
    )
  )
)
writer=<torch.utils.tensorboard.writer.SummaryWriter object at 0x7fb808e92250>
dataset_type=real
drop_key=True
num_common_features=2
tree_radius=0.01
tree_leaf_size=1000
knn_k=50
grid_min=-10.0
grid_max=10.0
grid_width=1.5
sim_scaler=StandardScaler()
filter_top_k=None
link_n_jobs=-1
psig_p=7
sim_leak_p=1.0
link_threshold_t=0.01
link_epsilon=0.005
n_hash_lsh=20
edit_distance_threshold=1
n_hash_func=10
collision_rate=0.05
qgram_q=2
link_delta=0.005
feature_wise_sim=False
blocking_method=knn_priv_float
center_threshold=0.5
n_clusters=100
local_hidden_sizes=[[200], [200]]
cut_dims=[100, 100]
agg_hidden_sizes=[100]
scale_analysis=None
data1_shape=(92065, 70)
data2_shape=(165, 10)
Epoch 1: Loss:            : Train 0.0097, Val 0.0021, Test 0.0020
          R2_Score         : Train 0.5015, Val 0.8948, Test 0.8995
          RMSE             : Train 109.1635, Val 50.2971, Test 49.3319
Best:
          R2_Score         : Train 0.5015, Val 0.8948, Test 0.8995
          RMSE             : Train 109.1635, Val 50.2971, Test 49.3319
Epoch 2: Loss:            : Train 0.0018, Val 0.0018, Test 0.0017
          R2_Score         : Train 0.9059, Val 0.9077, Test 0.9147
          RMSE             : Train 47.4312, Val 47.1019, Test 45.4634
Best:
          R2_Score         : Train 0.9059, Val 0.9077, Test 0.9147
          RMSE             : Train 47.4312, Val 47.1019, Test 45.4634
Epoch 3: Loss:            : Train 0.0017, Val 0.0018, Test 0.0017
          R2_Score         : Train 0.9152, Val 0.9097, Test 0.9159
          RMSE             : Train 45.0314, Val 46.6018, Test 45.1219
Best:
          R2_Score         : Train 0.9152, Val 0.9097, Test 0.9159
          RMSE             : Train 45.0314, Val 46.6018, Test 45.1219
Epoch 4: Loss:            : Train 0.0016, Val 0.0017, Test 0.0016
          R2_Score         : Train 0.9186, Val 0.9143, Test 0.9186
          RMSE             : Train 44.1049, Val 45.3962, Test 44.4078
Best:
          R2_Score         : Train 0.9186, Val 0.9143, Test 0.9186
          RMSE             : Train 44.1049, Val 45.3962, Test 44.4078
Epoch 5: Loss:            : Train 0.0015, Val 0.0016, Test 0.0016
          R2_Score         : Train 0.9213, Val 0.9176, Test 0.9206
          RMSE             : Train 43.3768, Val 44.5127, Test 43.8605
Best:
          R2_Score         : Train 0.9213, Val 0.9176, Test 0.9206
          RMSE             : Train 43.3768, Val 44.5127, Test 43.8605
Epoch 6: Loss:            : Train 0.0015, Val 0.0016, Test 0.0015
          R2_Score         : Train 0.9233, Val 0.9179, Test 0.9223
          RMSE             : Train 42.8263, Val 44.4380, Test 43.3808
Best:
          R2_Score         : Train 0.9233, Val 0.9179, Test 0.9223
          RMSE             : Train 42.8263, Val 44.4380, Test 43.3808
Epoch 7: Loss:            : Train 0.0015, Val 0.0015, Test 0.0015
          R2_Score         : Train 0.9243, Val 0.9211, Test 0.9246
          RMSE             : Train 42.5541, Val 43.5514, Test 42.7436
Best:
          R2_Score         : Train 0.9243, Val 0.9211, Test 0.9246
          RMSE             : Train 42.5541, Val 43.5514, Test 42.7436
Epoch 8: Loss:            : Train 0.0014, Val 0.0015, Test 0.0015
          R2_Score         : Train 0.9258, Val 0.9218, Test 0.9245
          RMSE             : Train 42.1170, Val 43.3510, Test 42.7544
Best:
          R2_Score         : Train 0.9258, Val 0.9218, Test 0.9245
          RMSE             : Train 42.1170, Val 43.3510, Test 42.7544
Epoch 9: Loss:            : Train 0.0014, Val 0.0015, Test 0.0015
          R2_Score         : Train 0.9263, Val 0.9222, Test 0.9261
          RMSE             : Train 41.9757, Val 43.2426, Test 42.2931
Best:
          R2_Score         : Train 0.9263, Val 0.9222, Test 0.9261
          RMSE             : Train 41.9757, Val 43.2426, Test 42.2931
Epoch 10: Loss:            : Train 0.0014, Val 0.0016, Test 0.0015
          R2_Score         : Train 0.9272, Val 0.9205, Test 0.9249
          RMSE             : Train 41.7227, Val 43.7131, Test 42.6587
Best:
          R2_Score         : Train 0.9263, Val 0.9222, Test 0.9261
          RMSE             : Train 41.9757, Val 43.2426, Test 42.2931
Epoch 11: Loss:            : Train 0.0014, Val 0.0015, Test 0.0014
          R2_Score         : Train 0.9278, Val 0.9243, Test 0.9286
          RMSE             : Train 41.5492, Val 42.6613, Test 41.5827
Best:
          R2_Score         : Train 0.9278, Val 0.9243, Test 0.9286
          RMSE             : Train 41.5492, Val 42.6613, Test 41.5827
Epoch 12: Loss:            : Train 0.0014, Val 0.0015, Test 0.0014
          R2_Score         : Train 0.9284, Val 0.9241, Test 0.9290
          RMSE             : Train 41.3743, Val 42.7079, Test 41.4759
Best:
          R2_Score         : Train 0.9278, Val 0.9243, Test 0.9286
          RMSE             : Train 41.5492, Val 42.6613, Test 41.5827
Epoch 13: Loss:            : Train 0.0014, Val 0.0015, Test 0.0014
          R2_Score         : Train 0.9293, Val 0.9252, Test 0.9298
          RMSE             : Train 41.1049, Val 42.4166, Test 41.2333
Best:
          R2_Score         : Train 0.9293, Val 0.9252, Test 0.9298
          RMSE             : Train 41.1049, Val 42.4166, Test 41.2333
Epoch 14: Loss:            : Train 0.0014, Val 0.0015, Test 0.0014
          R2_Score         : Train 0.9297, Val 0.9243, Test 0.9288
          RMSE             : Train 40.9842, Val 42.6562, Test 41.5264
Best:
          R2_Score         : Train 0.9293, Val 0.9252, Test 0.9298
          RMSE             : Train 41.1049, Val 42.4166, Test 41.2333
Epoch 15: Loss:            : Train 0.0014, Val 0.0014, Test 0.0014
          R2_Score         : Train 0.9304, Val 0.9260, Test 0.9286
          RMSE             : Train 40.7998, Val 42.1682, Test 41.5929
Best:
          R2_Score         : Train 0.9304, Val 0.9260, Test 0.9286
          RMSE             : Train 40.7998, Val 42.1682, Test 41.5929
Epoch 16: Loss:            : Train 0.0014, Val 0.0014, Test 0.0014
          R2_Score         : Train 0.9305, Val 0.9268, Test 0.9299
          RMSE             : Train 40.7508, Val 41.9591, Test 41.2092
Best:
          R2_Score         : Train 0.9305, Val 0.9268, Test 0.9299
          RMSE             : Train 40.7508, Val 41.9591, Test 41.2092
Epoch 17: Loss:            : Train 0.0013, Val 0.0015, Test 0.0014
          R2_Score         : Train 0.9309, Val 0.9246, Test 0.9293
          RMSE             : Train 40.6294, Val 42.5661, Test 41.3888
Best:
          R2_Score         : Train 0.9305, Val 0.9268, Test 0.9299
          RMSE             : Train 40.7508, Val 41.9591, Test 41.2092
Epoch 18: Loss:            : Train 0.0013, Val 0.0014, Test 0.0014
          R2_Score         : Train 0.9315, Val 0.9274, Test 0.9310
          RMSE             : Train 40.4543, Val 41.7718, Test 40.8765
Best:
          R2_Score         : Train 0.9315, Val 0.9274, Test 0.9310
          RMSE             : Train 40.4543, Val 41.7718, Test 40.8765
Epoch 19: Loss:            : Train 0.0013, Val 0.0014, Test 0.0014
          R2_Score         : Train 0.9319, Val 0.9269, Test 0.9307
          RMSE             : Train 40.3366, Val 41.9350, Test 40.9791
Best:
          R2_Score         : Train 0.9315, Val 0.9274, Test 0.9310
          RMSE             : Train 40.4543, Val 41.7718, Test 40.8765
Epoch 20: Loss:            : Train 0.0013, Val 0.0015, Test 0.0014
          R2_Score         : Train 0.9324, Val 0.9258, Test 0.9299
          RMSE             : Train 40.1951, Val 42.2451, Test 41.2121
Best:
          R2_Score         : Train 0.9315, Val 0.9274, Test 0.9310
          RMSE             : Train 40.4543, Val 41.7718, Test 40.8765
Epoch 21: Loss:            : Train 0.0013, Val 0.0014, Test 0.0014
          R2_Score         : Train 0.9329, Val 0.9269, Test 0.9306
          RMSE             : Train 40.0561, Val 41.9166, Test 41.0042
Best:
          R2_Score         : Train 0.9315, Val 0.9274, Test 0.9310
          RMSE             : Train 40.4543, Val 41.7718, Test 40.8765
Epoch 22: Loss:            : Train 0.0013, Val 0.0014, Test 0.0013
          R2_Score         : Train 0.9331, Val 0.9288, Test 0.9326
          RMSE             : Train 39.9852, Val 41.3651, Test 40.3963
Best:
          R2_Score         : Train 0.9331, Val 0.9288, Test 0.9326
          RMSE             : Train 39.9852, Val 41.3651, Test 40.3963
Epoch 23: Loss:            : Train 0.0013, Val 0.0015, Test 0.0014
          R2_Score         : Train 0.9336, Val 0.9240, Test 0.9273
          RMSE             : Train 39.8429, Val 42.7532, Test 41.9502
Best:
          R2_Score         : Train 0.9331, Val 0.9288, Test 0.9326
          RMSE             : Train 39.9852, Val 41.3651, Test 40.3963
Epoch 24: Loss:            : Train 0.0013, Val 0.0014, Test 0.0013
          R2_Score         : Train 0.9339, Val 0.9287, Test 0.9325
          RMSE             : Train 39.7385, Val 41.4193, Test 40.4183
Best:
          R2_Score         : Train 0.9331, Val 0.9288, Test 0.9326
          RMSE             : Train 39.9852, Val 41.3651, Test 40.3963
Epoch 25: Loss:            : Train 0.0013, Val 0.0014, Test 0.0014
          R2_Score         : Train 0.9345, Val 0.9261, Test 0.9303
          RMSE             : Train 39.5805, Val 42.1540, Test 41.0771
Best:
          R2_Score         : Train 0.9331, Val 0.9288, Test 0.9326
          RMSE             : Train 39.9852, Val 41.3651, Test 40.3963
Epoch 26: Loss:            : Train 0.0013, Val 0.0014, Test 0.0013
          R2_Score         : Train 0.9346, Val 0.9292, Test 0.9323
          RMSE             : Train 39.5381, Val 41.2461, Test 40.5009
Best:
          R2_Score         : Train 0.9346, Val 0.9292, Test 0.9323
          RMSE             : Train 39.5381, Val 41.2461, Test 40.5009
Epoch 27: Loss:            : Train 0.0013, Val 0.0014, Test 0.0013
          R2_Score         : Train 0.9351, Val 0.9287, Test 0.9326
          RMSE             : Train 39.3979, Val 41.3953, Test 40.4143
Best:
          R2_Score         : Train 0.9346, Val 0.9292, Test 0.9323
          RMSE             : Train 39.5381, Val 41.2461, Test 40.5009
Epoch 28: Loss:            : Train 0.0013, Val 0.0014, Test 0.0013
          R2_Score         : Train 0.9355, Val 0.9306, Test 0.9341
          RMSE             : Train 39.2643, Val 40.8514, Test 39.9541
Best:
          R2_Score         : Train 0.9355, Val 0.9306, Test 0.9341
          RMSE             : Train 39.2643, Val 40.8514, Test 39.9541
Epoch 29: Loss:            : Train 0.0012, Val 0.0014, Test 0.0013
          R2_Score         : Train 0.9358, Val 0.9283, Test 0.9330
          RMSE             : Train 39.1666, Val 41.5315, Test 40.2789
Best:
          R2_Score         : Train 0.9355, Val 0.9306, Test 0.9341
          RMSE             : Train 39.2643, Val 40.8514, Test 39.9541
Epoch 30: Loss:            : Train 0.0012, Val 0.0014, Test 0.0013
          R2_Score         : Train 0.9361, Val 0.9302, Test 0.9346
          RMSE             : Train 39.0865, Val 40.9616, Test 39.7965
Best:
          R2_Score         : Train 0.9355, Val 0.9306, Test 0.9341
          RMSE             : Train 39.2643, Val 40.8514, Test 39.9541
Epoch 31: Loss:            : Train 0.0012, Val 0.0014, Test 0.0013
          R2_Score         : Train 0.9364, Val 0.9289, Test 0.9331
          RMSE             : Train 38.9796, Val 41.3562, Test 40.2462
Best:
          R2_Score         : Train 0.9355, Val 0.9306, Test 0.9341
          RMSE             : Train 39.2643, Val 40.8514, Test 39.9541
Epoch 32: Loss:            : Train 0.0012, Val 0.0014, Test 0.0013
          R2_Score         : Train 0.9368, Val 0.9300, Test 0.9341
          RMSE             : Train 38.8640, Val 41.0167, Test 39.9551
Best:
          R2_Score         : Train 0.9355, Val 0.9306, Test 0.9341
          RMSE             : Train 39.2643, Val 40.8514, Test 39.9541
Epoch 33: Loss:            : Train 0.0012, Val 0.0014, Test 0.0013
          R2_Score         : Train 0.9370, Val 0.9298, Test 0.9336
          RMSE             : Train 38.8010, Val 41.0722, Test 40.1023
Best:
          R2_Score         : Train 0.9355, Val 0.9306, Test 0.9341
          RMSE             : Train 39.2643, Val 40.8514, Test 39.9541
Epoch 34: Loss:            : Train 0.0012, Val 0.0013, Test 0.0013
          R2_Score         : Train 0.9375, Val 0.9315, Test 0.9360
          RMSE             : Train 38.6473, Val 40.5867, Test 39.3628
Best:
          R2_Score         : Train 0.9375, Val 0.9315, Test 0.9360
          RMSE             : Train 38.6473, Val 40.5867, Test 39.3628
Epoch 35: Loss:            : Train 0.0012, Val 0.0013, Test 0.0013
          R2_Score         : Train 0.9377, Val 0.9319, Test 0.9348
          RMSE             : Train 38.5846, Val 40.4682, Test 39.7403
Best:
          R2_Score         : Train 0.9377, Val 0.9319, Test 0.9348
          RMSE             : Train 38.5846, Val 40.4682, Test 39.7403
Epoch 36: Loss:            : Train 0.0012, Val 0.0013, Test 0.0013
          R2_Score         : Train 0.9382, Val 0.9322, Test 0.9358
          RMSE             : Train 38.4380, Val 40.3861, Test 39.4187
Best:
          R2_Score         : Train 0.9382, Val 0.9322, Test 0.9358
          RMSE             : Train 38.4380, Val 40.3861, Test 39.4187
Epoch 37: Loss:            : Train 0.0012, Val 0.0013, Test 0.0013
          R2_Score         : Train 0.9384, Val 0.9316, Test 0.9346
          RMSE             : Train 38.3708, Val 40.5673, Test 39.8045
Best:
          R2_Score         : Train 0.9382, Val 0.9322, Test 0.9358
          RMSE             : Train 38.4380, Val 40.3861, Test 39.4187
Epoch 38: Loss:            : Train 0.0012, Val 0.0014, Test 0.0013
          R2_Score         : Train 0.9389, Val 0.9300, Test 0.9346
          RMSE             : Train 38.2285, Val 41.0167, Test 39.7994
Best:
          R2_Score         : Train 0.9382, Val 0.9322, Test 0.9358
          RMSE             : Train 38.4380, Val 40.3861, Test 39.4187
Epoch 39: Loss:            : Train 0.0012, Val 0.0013, Test 0.0013
          R2_Score         : Train 0.9393, Val 0.9317, Test 0.9349
          RMSE             : Train 38.0948, Val 40.5180, Test 39.7015
Best:
          R2_Score         : Train 0.9382, Val 0.9322, Test 0.9358
          RMSE             : Train 38.4380, Val 40.3861, Test 39.4187
Epoch 40: Loss:            : Train 0.0012, Val 0.0013, Test 0.0013
          R2_Score         : Train 0.9395, Val 0.9328, Test 0.9355
          RMSE             : Train 38.0191, Val 40.1822, Test 39.5095
Best:
          R2_Score         : Train 0.9395, Val 0.9328, Test 0.9355
          RMSE             : Train 38.0191, Val 40.1822, Test 39.5095
Epoch 41: Loss:            : Train 0.0012, Val 0.0013, Test 0.0013
          R2_Score         : Train 0.9398, Val 0.9327, Test 0.9359
          RMSE             : Train 37.9426, Val 40.2252, Test 39.4008
Best:
          R2_Score         : Train 0.9395, Val 0.9328, Test 0.9355
          RMSE             : Train 38.0191, Val 40.1822, Test 39.5095
Epoch 42: Loss:            : Train 0.0012, Val 0.0013, Test 0.0013
          R2_Score         : Train 0.9400, Val 0.9322, Test 0.9360
          RMSE             : Train 37.8651, Val 40.3656, Test 39.3687
Best:
          R2_Score         : Train 0.9395, Val 0.9328, Test 0.9355
          RMSE             : Train 38.0191, Val 40.1822, Test 39.5095
Epoch 43: Loss:            : Train 0.0012, Val 0.0013, Test 0.0012
          R2_Score         : Train 0.9406, Val 0.9344, Test 0.9379
          RMSE             : Train 37.6826, Val 39.7285, Test 38.7848
Best:
          R2_Score         : Train 0.9406, Val 0.9344, Test 0.9379
          RMSE             : Train 37.6826, Val 39.7285, Test 38.7848
Epoch 44: Loss:            : Train 0.0012, Val 0.0013, Test 0.0012
          R2_Score         : Train 0.9404, Val 0.9342, Test 0.9379
          RMSE             : Train 37.7422, Val 39.7753, Test 38.7726
Best:
          R2_Score         : Train 0.9406, Val 0.9344, Test 0.9379
          RMSE             : Train 37.6826, Val 39.7285, Test 38.7848
Epoch 45: Loss:            : Train 0.0011, Val 0.0013, Test 0.0013
          R2_Score         : Train 0.9410, Val 0.9332, Test 0.9366
          RMSE             : Train 37.5488, Val 40.0678, Test 39.1870
Best:
          R2_Score         : Train 0.9406, Val 0.9344, Test 0.9379
          RMSE             : Train 37.6826, Val 39.7285, Test 38.7848
Epoch 46: Loss:            : Train 0.0011, Val 0.0013, Test 0.0012
          R2_Score         : Train 0.9411, Val 0.9342, Test 0.9370
          RMSE             : Train 37.5210, Val 39.7693, Test 39.0618
Best:
          R2_Score         : Train 0.9406, Val 0.9344, Test 0.9379
          RMSE             : Train 37.6826, Val 39.7285, Test 38.7848
Epoch 47: Loss:            : Train 0.0011, Val 0.0013, Test 0.0012
          R2_Score         : Train 0.9413, Val 0.9339, Test 0.9372
          RMSE             : Train 37.4516, Val 39.8686, Test 39.0151
Best:
          R2_Score         : Train 0.9406, Val 0.9344, Test 0.9379
          RMSE             : Train 37.6826, Val 39.7285, Test 38.7848
Epoch 48: Loss:            : Train 0.0011, Val 0.0013, Test 0.0012
          R2_Score         : Train 0.9419, Val 0.9345, Test 0.9384
          RMSE             : Train 37.2667, Val 39.6754, Test 38.6181
Best:
          R2_Score         : Train 0.9419, Val 0.9345, Test 0.9384
          RMSE             : Train 37.2667, Val 39.6754, Test 38.6181
Epoch 49: Loss:            : Train 0.0011, Val 0.0013, Test 0.0012
          R2_Score         : Train 0.9421, Val 0.9350, Test 0.9376
          RMSE             : Train 37.1924, Val 39.5277, Test 38.8707
Best:
          R2_Score         : Train 0.9421, Val 0.9350, Test 0.9376
          RMSE             : Train 37.1924, Val 39.5277, Test 38.8707
Epoch 50: Loss:            : Train 0.0011, Val 0.0013, Test 0.0012
          R2_Score         : Train 0.9422, Val 0.9357, Test 0.9377
          RMSE             : Train 37.1701, Val 39.3145, Test 38.8576
Best:
          R2_Score         : Train 0.9422, Val 0.9357, Test 0.9377
          RMSE             : Train 37.1701, Val 39.3145, Test 38.8576
Epoch 51: Loss:            : Train 0.0011, Val 0.0013, Test 0.0012
          R2_Score         : Train 0.9421, Val 0.9343, Test 0.9373
          RMSE             : Train 37.1893, Val 39.7548, Test 38.9774
Best:
          R2_Score         : Train 0.9422, Val 0.9357, Test 0.9377
          RMSE             : Train 37.1701, Val 39.3145, Test 38.8576
Epoch 52: Loss:            : Train 0.0011, Val 0.0012, Test 0.0012
          R2_Score         : Train 0.9426, Val 0.9368, Test 0.9394
          RMSE             : Train 37.0306, Val 38.9879, Test 38.3047
Best:
          R2_Score         : Train 0.9426, Val 0.9368, Test 0.9394
          RMSE             : Train 37.0306, Val 38.9879, Test 38.3047
Epoch 53: Loss:            : Train 0.0011, Val 0.0013, Test 0.0012
          R2_Score         : Train 0.9427, Val 0.9344, Test 0.9376
          RMSE             : Train 37.0033, Val 39.7125, Test 38.8642
Best:
          R2_Score         : Train 0.9426, Val 0.9368, Test 0.9394
          RMSE             : Train 37.0306, Val 38.9879, Test 38.3047
Epoch 54: Loss:            : Train 0.0011, Val 0.0013, Test 0.0012
          R2_Score         : Train 0.9429, Val 0.9360, Test 0.9385
          RMSE             : Train 36.9459, Val 39.2319, Test 38.6024
Best:
          R2_Score         : Train 0.9426, Val 0.9368, Test 0.9394
          RMSE             : Train 37.0306, Val 38.9879, Test 38.3047
Epoch 55: Loss:            : Train 0.0011, Val 0.0013, Test 0.0012
          R2_Score         : Train 0.9430, Val 0.9353, Test 0.9394
          RMSE             : Train 36.9259, Val 39.4396, Test 38.3002
Best:
          R2_Score         : Train 0.9426, Val 0.9368, Test 0.9394
          RMSE             : Train 37.0306, Val 38.9879, Test 38.3047
Epoch 56: Loss:            : Train 0.0011, Val 0.0012, Test 0.0012
          R2_Score         : Train 0.9434, Val 0.9363, Test 0.9387
          RMSE             : Train 36.7689, Val 39.1220, Test 38.5402
Best:
          R2_Score         : Train 0.9426, Val 0.9368, Test 0.9394
          RMSE             : Train 37.0306, Val 38.9879, Test 38.3047
Epoch 57: Loss:            : Train 0.0011, Val 0.0012, Test 0.0012
          R2_Score         : Train 0.9435, Val 0.9366, Test 0.9401
          RMSE             : Train 36.7430, Val 39.0565, Test 38.0967
Best:
          R2_Score         : Train 0.9426, Val 0.9368, Test 0.9394
          RMSE             : Train 37.0306, Val 38.9879, Test 38.3047
Epoch 58: Loss:            : Train 0.0011, Val 0.0012, Test 0.0012
          R2_Score         : Train 0.9435, Val 0.9370, Test 0.9399
          RMSE             : Train 36.7427, Val 38.9129, Test 38.1411
Best:
          R2_Score         : Train 0.9435, Val 0.9370, Test 0.9399
          RMSE             : Train 36.7427, Val 38.9129, Test 38.1411
Epoch 59: Loss:            : Train 0.0011, Val 0.0012, Test 0.0012
          R2_Score         : Train 0.9438, Val 0.9369, Test 0.9392
          RMSE             : Train 36.6466, Val 38.9623, Test 38.3635
Best:
          R2_Score         : Train 0.9435, Val 0.9370, Test 0.9399
          RMSE             : Train 36.7427, Val 38.9129, Test 38.1411
Epoch 60: Loss:            : Train 0.0011, Val 0.0012, Test 0.0012
          R2_Score         : Train 0.9439, Val 0.9366, Test 0.9396
          RMSE             : Train 36.6374, Val 39.0340, Test 38.2324
Best:
          R2_Score         : Train 0.9435, Val 0.9370, Test 0.9399
          RMSE             : Train 36.7427, Val 38.9129, Test 38.1411
Epoch 61: Loss:            : Train 0.0011, Val 0.0012, Test 0.0012
          R2_Score         : Train 0.9441, Val 0.9380, Test 0.9403
          RMSE             : Train 36.5667, Val 38.6071, Test 38.0248
Best:
          R2_Score         : Train 0.9441, Val 0.9380, Test 0.9403
          RMSE             : Train 36.5667, Val 38.6071, Test 38.0248
Epoch 62: Loss:            : Train 0.0011, Val 0.0012, Test 0.0012
          R2_Score         : Train 0.9443, Val 0.9363, Test 0.9396
          RMSE             : Train 36.4756, Val 39.1398, Test 38.2542
Best:
          R2_Score         : Train 0.9441, Val 0.9380, Test 0.9403
          RMSE             : Train 36.5667, Val 38.6071, Test 38.0248
Epoch 63: Loss:            : Train 0.0011, Val 0.0012, Test 0.0012
          R2_Score         : Train 0.9444, Val 0.9368, Test 0.9401
          RMSE             : Train 36.4611, Val 38.9762, Test 38.0896
Best:
          R2_Score         : Train 0.9441, Val 0.9380, Test 0.9403
          RMSE             : Train 36.5667, Val 38.6071, Test 38.0248
Epoch 64: Loss:            : Train 0.0011, Val 0.0012, Test 0.0012
          R2_Score         : Train 0.9445, Val 0.9368, Test 0.9391
          RMSE             : Train 36.4214, Val 38.9961, Test 38.4076
Best:
          R2_Score         : Train 0.9441, Val 0.9380, Test 0.9403
          RMSE             : Train 36.5667, Val 38.6071, Test 38.0248
Epoch 65: Loss:            : Train 0.0011, Val 0.0012, Test 0.0012
          R2_Score         : Train 0.9448, Val 0.9379, Test 0.9405
          RMSE             : Train 36.3194, Val 38.6299, Test 37.9651
Best:
          R2_Score         : Train 0.9441, Val 0.9380, Test 0.9403
          RMSE             : Train 36.5667, Val 38.6071, Test 38.0248
Epoch 66: Loss:            : Train 0.0011, Val 0.0012, Test 0.0012
          R2_Score         : Train 0.9447, Val 0.9384, Test 0.9409
          RMSE             : Train 36.3474, Val 38.4770, Test 37.8414
Best:
          R2_Score         : Train 0.9447, Val 0.9384, Test 0.9409
          RMSE             : Train 36.3474, Val 38.4770, Test 37.8414
Epoch 67: Loss:            : Train 0.0011, Val 0.0012, Test 0.0012
          R2_Score         : Train 0.9451, Val 0.9384, Test 0.9408
          RMSE             : Train 36.2213, Val 38.4987, Test 37.8785
Best:
          R2_Score         : Train 0.9447, Val 0.9384, Test 0.9409
          RMSE             : Train 36.3474, Val 38.4770, Test 37.8414
Epoch 68: Loss:            : Train 0.0011, Val 0.0012, Test 0.0012
          R2_Score         : Train 0.9451, Val 0.9385, Test 0.9416
          RMSE             : Train 36.2244, Val 38.4675, Test 37.5987
Best:
          R2_Score         : Train 0.9451, Val 0.9385, Test 0.9416
          RMSE             : Train 36.2244, Val 38.4675, Test 37.5987
Epoch 69: Loss:            : Train 0.0011, Val 0.0012, Test 0.0012
          R2_Score         : Train 0.9452, Val 0.9371, Test 0.9393
          RMSE             : Train 36.1963, Val 38.8920, Test 38.3550
Best:
          R2_Score         : Train 0.9451, Val 0.9385, Test 0.9416
          RMSE             : Train 36.2244, Val 38.4675, Test 37.5987
Epoch 70: Loss:            : Train 0.0011, Val 0.0012, Test 0.0012
          R2_Score         : Train 0.9455, Val 0.9382, Test 0.9408
          RMSE             : Train 36.1006, Val 38.5486, Test 37.8764
Best:
          R2_Score         : Train 0.9451, Val 0.9385, Test 0.9416
          RMSE             : Train 36.2244, Val 38.4675, Test 37.5987
Epoch 71: Loss:            : Train 0.0011, Val 0.0012, Test 0.0012
          R2_Score         : Train 0.9455, Val 0.9375, Test 0.9402
          RMSE             : Train 36.0973, Val 38.7727, Test 38.0583
Best:
          R2_Score         : Train 0.9451, Val 0.9385, Test 0.9416
          RMSE             : Train 36.2244, Val 38.4675, Test 37.5987
Epoch 72: Loss:            : Train 0.0011, Val 0.0012, Test 0.0012
          R2_Score         : Train 0.9456, Val 0.9392, Test 0.9414
          RMSE             : Train 36.0503, Val 38.2247, Test 37.6800
Best:
          R2_Score         : Train 0.9456, Val 0.9392, Test 0.9414
          RMSE             : Train 36.0503, Val 38.2247, Test 37.6800
Epoch 73: Loss:            : Train 0.0011, Val 0.0012, Test 0.0011
          R2_Score         : Train 0.9459, Val 0.9391, Test 0.9418
          RMSE             : Train 35.9684, Val 38.2795, Test 37.5598
Best:
          R2_Score         : Train 0.9456, Val 0.9392, Test 0.9414
          RMSE             : Train 36.0503, Val 38.2247, Test 37.6800
Epoch 74: Loss:            : Train 0.0011, Val 0.0012, Test 0.0011
          R2_Score         : Train 0.9459, Val 0.9397, Test 0.9419
          RMSE             : Train 35.9733, Val 38.0666, Test 37.5060
Best:
          R2_Score         : Train 0.9459, Val 0.9397, Test 0.9419
          RMSE             : Train 35.9733, Val 38.0666, Test 37.5060
Epoch 75: Loss:            : Train 0.0011, Val 0.0012, Test 0.0012
          R2_Score         : Train 0.9460, Val 0.9387, Test 0.9401
          RMSE             : Train 35.9201, Val 38.4036, Test 38.0889
Best:
          R2_Score         : Train 0.9459, Val 0.9397, Test 0.9419
          RMSE             : Train 35.9733, Val 38.0666, Test 37.5060
Epoch 76: Loss:            : Train 0.0010, Val 0.0012, Test 0.0012
          R2_Score         : Train 0.9462, Val 0.9373, Test 0.9402
          RMSE             : Train 35.8566, Val 38.8333, Test 38.0562
Best:
          R2_Score         : Train 0.9459, Val 0.9397, Test 0.9419
          RMSE             : Train 35.9733, Val 38.0666, Test 37.5060
Epoch 77: Loss:            : Train 0.0010, Val 0.0012, Test 0.0012
          R2_Score         : Train 0.9463, Val 0.9382, Test 0.9415
          RMSE             : Train 35.8336, Val 38.5592, Test 37.6431
Best:
          R2_Score         : Train 0.9459, Val 0.9397, Test 0.9419
          RMSE             : Train 35.9733, Val 38.0666, Test 37.5060
Epoch 78: Loss:            : Train 0.0010, Val 0.0012, Test 0.0012
          R2_Score         : Train 0.9466, Val 0.9385, Test 0.9414
          RMSE             : Train 35.7384, Val 38.4531, Test 37.6677
Best:
          R2_Score         : Train 0.9459, Val 0.9397, Test 0.9419
          RMSE             : Train 35.9733, Val 38.0666, Test 37.5060
Epoch 79: Loss:            : Train 0.0010, Val 0.0012, Test 0.0011
          R2_Score         : Train 0.9465, Val 0.9395, Test 0.9421
          RMSE             : Train 35.7559, Val 38.1330, Test 37.4574
Best:
          R2_Score         : Train 0.9459, Val 0.9397, Test 0.9419
          RMSE             : Train 35.9733, Val 38.0666, Test 37.5060
Epoch 80: Loss:            : Train 0.0010, Val 0.0012, Test 0.0012
          R2_Score         : Train 0.9467, Val 0.9386, Test 0.9409
          RMSE             : Train 35.7028, Val 38.4203, Test 37.8431
Best:
          R2_Score         : Train 0.9459, Val 0.9397, Test 0.9419
          RMSE             : Train 35.9733, Val 38.0666, Test 37.5060
Epoch 81: Loss:            : Train 0.0010, Val 0.0012, Test 0.0012
          R2_Score         : Train 0.9469, Val 0.9381, Test 0.9413
          RMSE             : Train 35.6337, Val 38.5847, Test 37.7185
Best:
          R2_Score         : Train 0.9459, Val 0.9397, Test 0.9419
          RMSE             : Train 35.9733, Val 38.0666, Test 37.5060
Epoch 82: Loss:            : Train 0.0010, Val 0.0012, Test 0.0012
          R2_Score         : Train 0.9471, Val 0.9384, Test 0.9406
          RMSE             : Train 35.5672, Val 38.5011, Test 37.9248
Best:
          R2_Score         : Train 0.9459, Val 0.9397, Test 0.9419
          RMSE             : Train 35.9733, Val 38.0666, Test 37.5060
Epoch 83: Loss:            : Train 0.0010, Val 0.0012, Test 0.0012
          R2_Score         : Train 0.9471, Val 0.9387, Test 0.9409
          RMSE             : Train 35.5618, Val 38.4033, Test 37.8487
Best:
          R2_Score         : Train 0.9459, Val 0.9397, Test 0.9419
          RMSE             : Train 35.9733, Val 38.0666, Test 37.5060
Epoch 84: Loss:            : Train 0.0010, Val 0.0012, Test 0.0012
          R2_Score         : Train 0.9473, Val 0.9395, Test 0.9414
          RMSE             : Train 35.4857, Val 38.1483, Test 37.6629
Best:
          R2_Score         : Train 0.9459, Val 0.9397, Test 0.9419
          RMSE             : Train 35.9733, Val 38.0666, Test 37.5060
Epoch 85: Loss:            : Train 0.0010, Val 0.0012, Test 0.0012
          R2_Score         : Train 0.9474, Val 0.9363, Test 0.9398
          RMSE             : Train 35.4651, Val 39.1233, Test 38.1724
Best:
          R2_Score         : Train 0.9459, Val 0.9397, Test 0.9419
          RMSE             : Train 35.9733, Val 38.0666, Test 37.5060
Epoch 86: Loss:            : Train 0.0010, Val 0.0012, Test 0.0011
          R2_Score         : Train 0.9475, Val 0.9399, Test 0.9417
          RMSE             : Train 35.4301, Val 38.0224, Test 37.5618
Best:
          R2_Score         : Train 0.9475, Val 0.9399, Test 0.9417
          RMSE             : Train 35.4301, Val 38.0224, Test 37.5618
Epoch 87: Loss:            : Train 0.0010, Val 0.0012, Test 0.0011
          R2_Score         : Train 0.9474, Val 0.9395, Test 0.9425
          RMSE             : Train 35.4590, Val 38.1311, Test 37.3285
Best:
          R2_Score         : Train 0.9475, Val 0.9399, Test 0.9417
          RMSE             : Train 35.4301, Val 38.0224, Test 37.5618
Epoch 88: Loss:            : Train 0.0010, Val 0.0012, Test 0.0011
          R2_Score         : Train 0.9473, Val 0.9375, Test 0.9425
          RMSE             : Train 35.5040, Val 38.7638, Test 37.3322
Best:
          R2_Score         : Train 0.9475, Val 0.9399, Test 0.9417
          RMSE             : Train 35.4301, Val 38.0224, Test 37.5618
Epoch 89: Loss:            : Train 0.0010, Val 0.0012, Test 0.0011
          R2_Score         : Train 0.9472, Val 0.9391, Test 0.9429
          RMSE             : Train 35.5241, Val 38.2819, Test 37.1780
Best:
          R2_Score         : Train 0.9475, Val 0.9399, Test 0.9417
          RMSE             : Train 35.4301, Val 38.0224, Test 37.5618
Epoch 90: Loss:            : Train 0.0010, Val 0.0012, Test 0.0012
          R2_Score         : Train 0.9476, Val 0.9387, Test 0.9411
          RMSE             : Train 35.3980, Val 38.4052, Test 37.7714
Best:
          R2_Score         : Train 0.9475, Val 0.9399, Test 0.9417
          RMSE             : Train 35.4301, Val 38.0224, Test 37.5618
Epoch 91: Loss:            : Train 0.0010, Val 0.0012, Test 0.0011
          R2_Score         : Train 0.9480, Val 0.9384, Test 0.9421
          RMSE             : Train 35.2632, Val 38.4712, Test 37.4446
Best:
          R2_Score         : Train 0.9475, Val 0.9399, Test 0.9417
          RMSE             : Train 35.4301, Val 38.0224, Test 37.5618
Epoch 92: Loss:            : Train 0.0010, Val 0.0012, Test 0.0011
          R2_Score         : Train 0.9482, Val 0.9405, Test 0.9427
          RMSE             : Train 35.1860, Val 37.8201, Test 37.2595
Best:
          R2_Score         : Train 0.9482, Val 0.9405, Test 0.9427
          RMSE             : Train 35.1860, Val 37.8201, Test 37.2595
Epoch 93: Loss:            : Train 0.0010, Val 0.0012, Test 0.0012
          R2_Score         : Train 0.9482, Val 0.9390, Test 0.9413
          RMSE             : Train 35.1794, Val 38.3101, Test 37.7071
Best:
          R2_Score         : Train 0.9482, Val 0.9405, Test 0.9427
          RMSE             : Train 35.1860, Val 37.8201, Test 37.2595
Epoch 94: Loss:            : Train 0.0010, Val 0.0011, Test 0.0011
          R2_Score         : Train 0.9481, Val 0.9414, Test 0.9438
          RMSE             : Train 35.2295, Val 37.5413, Test 36.8930
Best:
          R2_Score         : Train 0.9481, Val 0.9414, Test 0.9438
          RMSE             : Train 35.2295, Val 37.5413, Test 36.8930
Epoch 95: Loss:            : Train 0.0010, Val 0.0012, Test 0.0011
          R2_Score         : Train 0.9485, Val 0.9396, Test 0.9426
          RMSE             : Train 35.0978, Val 38.0954, Test 37.2867
Best:
          R2_Score         : Train 0.9481, Val 0.9414, Test 0.9438
          RMSE             : Train 35.2295, Val 37.5413, Test 36.8930
Epoch 96: Loss:            : Train 0.0010, Val 0.0012, Test 0.0011
          R2_Score         : Train 0.9487, Val 0.9409, Test 0.9435
          RMSE             : Train 35.0352, Val 37.6958, Test 36.9876
Best:
          R2_Score         : Train 0.9481, Val 0.9414, Test 0.9438
          RMSE             : Train 35.2295, Val 37.5413, Test 36.8930
Epoch 97: Loss:            : Train 0.0010, Val 0.0012, Test 0.0011
          R2_Score         : Train 0.9485, Val 0.9404, Test 0.9432
          RMSE             : Train 35.1015, Val 37.8698, Test 37.0855
Best:
          R2_Score         : Train 0.9481, Val 0.9414, Test 0.9438
          RMSE             : Train 35.2295, Val 37.5413, Test 36.8930
Epoch 98: Loss:            : Train 0.0010, Val 0.0012, Test 0.0011
          R2_Score         : Train 0.9486, Val 0.9412, Test 0.9437
          RMSE             : Train 35.0699, Val 37.5909, Test 36.9129
Best:
          R2_Score         : Train 0.9481, Val 0.9414, Test 0.9438
          RMSE             : Train 35.2295, Val 37.5413, Test 36.8930
Epoch 99: Loss:            : Train 0.0010, Val 0.0012, Test 0.0012
          R2_Score         : Train 0.9486, Val 0.9395, Test 0.9411
          RMSE             : Train 35.0496, Val 38.1463, Test 37.7825
Best:
          R2_Score         : Train 0.9481, Val 0.9414, Test 0.9438
          RMSE             : Train 35.2295, Val 37.5413, Test 36.8930
Epoch 100: Loss:            : Train 0.0010, Val 0.0012, Test 0.0011
          R2_Score         : Train 0.9488, Val 0.9396, Test 0.9432
          RMSE             : Train 34.9939, Val 38.1107, Test 37.0848
Best:
          R2_Score         : Train 0.9481, Val 0.9414, Test 0.9438
          RMSE             : Train 35.2295, Val 37.5413, Test 36.8930
Training time (sec): 750
