Loading house from data/hdb/hdb_clean.csv
Loading airbnb from data/hdb/school_clean.csv
Current hdb columns Index(['floor_area_sqm', 'lease_commence_year_before_2020', 'tn_BEDOK',
       'tn_BISHAN', 'tn_BUKIT BATOK', 'tn_BUKIT MERAH', 'tn_BUKIT PANJANG',
       'tn_BUKIT TIMAH', 'tn_CENTRAL AREA', 'tn_CHOA CHU KANG', 'tn_CLEMENTI',
       'tn_GEYLANG', 'tn_HOUGANG', 'tn_JURONG EAST', 'tn_JURONG WEST',
       'tn_KALLANG/WHAMPOA', 'tn_MARINE PARADE', 'tn_PASIR RIS', 'tn_PUNGGOL',
       'tn_QUEENSTOWN', 'tn_SEMBAWANG', 'tn_SENGKANG', 'tn_SERANGOON',
       'tn_TAMPINES', 'tn_TOA PAYOH', 'tn_WOODLANDS', 'tn_YISHUN', 'ft_2 ROOM',
       'ft_3 ROOM', 'ft_4 ROOM', 'ft_5 ROOM', 'ft_EXECUTIVE',
       'ft_MULTI-GENERATION', 'sr_04 TO 06', 'sr_07 TO 09', 'sr_10 TO 12',
       'sr_13 TO 15', 'sr_16 TO 18', 'sr_19 TO 21', 'sr_22 TO 24',
       'sr_25 TO 27', 'sr_28 TO 30', 'sr_31 TO 33', 'sr_34 TO 36',
       'sr_37 TO 39', 'sr_40 TO 42', 'sr_43 TO 45', 'sr_46 TO 48',
       'sr_49 TO 51', 'fm_Adjoined flat', 'fm_Apartment', 'fm_DBSS',
       'fm_Improved', 'fm_Improved-Maisonette', 'fm_Maisonette', 'fm_Model A',
       'fm_Model A-Maisonette', 'fm_Model A2', 'fm_Multi Generation',
       'fm_New Generation', 'fm_Premium Apartment',
       'fm_Premium Apartment Loft', 'fm_Premium Maisonette', 'fm_Simplified',
       'fm_Standard', 'fm_Terrace', 'fm_Type S1', 'fm_Type S2', 'lon', 'lat'],
      dtype='object')
Current airbnb columns Index(['lon', 'lat', 'n_places_0', 'vacancy_rate_0', 'n_places_1',
       'vacancy_rate_1', 'n_places_2', 'vacancy_rate_2', 'n_places_3',
       'vacancy_rate_3'],
      dtype='object')
Loading data from cache
Done
Calculating noise scale
Standard variance of sim_score: 670924.21
Adding noise of scale 0.011893161320054524 to sim_scores
Adding noise of scale 0.011893161320054524 to sim_scores
Adding noise of scale 0.011893161320054524 to sim_scores
Preparing time (sec): 2
Initializing dataloader
Done
Prepare for training
Start training
================================================================================
                                    Kernel Shape Output Shape  Params  \
Layer                                                                   
0_local_models.0.fc_layers.Linear_0    [69, 200]   [128, 200]   14000   
1_local_models.0.fc_layers.Linear_1   [200, 100]   [128, 100]   20100   
2_local_models.1.fc_layers.Linear_0     [8, 200]   [128, 200]    1800   
3_local_models.1.fc_layers.Linear_1   [200, 100]   [128, 100]   20100   
4_agg_model.fc_layers.Linear_0        [200, 100]   [128, 100]   20100   
5_agg_model.fc_layers.Linear_1          [100, 1]     [128, 1]     101   

                                     Mult-Adds  
Layer                                           
0_local_models.0.fc_layers.Linear_0      13800  
1_local_models.0.fc_layers.Linear_1      20000  
2_local_models.1.fc_layers.Linear_0       1600  
3_local_models.1.fc_layers.Linear_1      20000  
4_agg_model.fc_layers.Linear_0           20000  
5_agg_model.fc_layers.Linear_1             100  
--------------------------------------------------------------------------------
                      Totals
Total params           76201
Trainable params       76201
Non-trainable params       0
Mult-Adds              75500
================================================================================
n_classes=2
task=regression
model_name=hdb_featuresim_2022-01-25-23-43-53
sche_threshold=0.0001
sche_patience=10
sche_factor=0.1
use_scheduler=False
num_workers=4
device=cuda:0
test_batch_size=4096
train_batch_size=128
learning_rate=0.001
weight_decay=1e-05
num_epochs=100
model_save_path=ckp/hdb_featuresim_2022-01-25-23-43-53.pth
test_rate=0.2
val_rate=0.1
multiprocess_context=fork
metrics=['r2_score', 'rmse']
metrics_f=[<metric.r2_score.R2Score object at 0x7f352906dcd0>, <metric.rmse.RMSE object at 0x7f352906d9a0>]
hidden_sizes=[200, 100]
model=SplitNN(
  (agg_model): MLP(
    (fc_layers): ModuleList(
      (0): Linear(in_features=200, out_features=100, bias=True)
      (1): Linear(in_features=100, out_features=1, bias=True)
    )
  )
  (local_models): ModuleList(
    (0): MLP(
      (fc_layers): ModuleList(
        (0): Linear(in_features=69, out_features=200, bias=True)
        (1): Linear(in_features=200, out_features=100, bias=True)
      )
    )
    (1): MLP(
      (fc_layers): ModuleList(
        (0): Linear(in_features=8, out_features=200, bias=True)
        (1): Linear(in_features=200, out_features=100, bias=True)
      )
    )
  )
)
writer=<torch.utils.tensorboard.writer.SummaryWriter object at 0x7f361f513250>
dataset_type=real
drop_key=True
num_common_features=2
tree_radius=0.01
tree_leaf_size=1000
knn_k=50
grid_min=-10.0
grid_max=10.0
grid_width=1.5
sim_scaler=StandardScaler()
filter_top_k=None
link_n_jobs=-1
psig_p=7
sim_leak_p=5e-05
link_threshold_t=0.01
link_epsilon=0.005
n_hash_lsh=20
edit_distance_threshold=1
n_hash_func=10
collision_rate=0.05
qgram_q=2
link_delta=0.005
feature_wise_sim=False
blocking_method=knn_priv_float
center_threshold=0.5
n_clusters=100
local_hidden_sizes=[[200], [200]]
cut_dims=[100, 100]
agg_hidden_sizes=[100]
scale_analysis=<utils.privacy.SimNoiseScale object at 0x7f352906dfa0>
data1_shape=(92065, 70)
data2_shape=(165, 10)
Epoch 1: Loss:            : Train 0.0109, Val 0.0020, Test 0.0020
          R2_Score         : Train 0.4417, Val 0.8969, Test 0.9000
          RMSE             : Train 115.5341, Val 49.7796, Test 49.2247
Best:
          R2_Score         : Train 0.4417, Val 0.8969, Test 0.9000
          RMSE             : Train 115.5341, Val 49.7796, Test 49.2247
Epoch 2: Loss:            : Train 0.0018, Val 0.0018, Test 0.0017
          R2_Score         : Train 0.9067, Val 0.9092, Test 0.9118
          RMSE             : Train 47.2174, Val 46.7139, Test 46.2270
Best:
          R2_Score         : Train 0.9067, Val 0.9092, Test 0.9118
          RMSE             : Train 47.2174, Val 46.7139, Test 46.2270
Epoch 3: Loss:            : Train 0.0016, Val 0.0017, Test 0.0016
          R2_Score         : Train 0.9158, Val 0.9140, Test 0.9176
          RMSE             : Train 44.8721, Val 45.4630, Test 44.6719
Best:
          R2_Score         : Train 0.9158, Val 0.9140, Test 0.9176
          RMSE             : Train 44.8721, Val 45.4630, Test 44.6719
Epoch 4: Loss:            : Train 0.0016, Val 0.0016, Test 0.0015
          R2_Score         : Train 0.9197, Val 0.9171, Test 0.9224
          RMSE             : Train 43.8183, Val 44.6339, Test 43.3641
Best:
          R2_Score         : Train 0.9197, Val 0.9171, Test 0.9224
          RMSE             : Train 43.8183, Val 44.6339, Test 43.3641
Epoch 5: Loss:            : Train 0.0015, Val 0.0016, Test 0.0015
          R2_Score         : Train 0.9215, Val 0.9178, Test 0.9218
          RMSE             : Train 43.3121, Val 44.4460, Test 43.5305
Best:
          R2_Score         : Train 0.9215, Val 0.9178, Test 0.9218
          RMSE             : Train 43.3121, Val 44.4460, Test 43.5305
Epoch 6: Loss:            : Train 0.0015, Val 0.0016, Test 0.0015
          R2_Score         : Train 0.9233, Val 0.9191, Test 0.9230
          RMSE             : Train 42.8104, Val 44.0931, Test 43.1793
Best:
          R2_Score         : Train 0.9233, Val 0.9191, Test 0.9230
          RMSE             : Train 42.8104, Val 44.0931, Test 43.1793
Epoch 7: Loss:            : Train 0.0015, Val 0.0016, Test 0.0015
          R2_Score         : Train 0.9247, Val 0.9204, Test 0.9243
          RMSE             : Train 42.4310, Val 43.7482, Test 42.8290
Best:
          R2_Score         : Train 0.9247, Val 0.9204, Test 0.9243
          RMSE             : Train 42.4310, Val 43.7482, Test 42.8290
Epoch 8: Loss:            : Train 0.0014, Val 0.0016, Test 0.0015
          R2_Score         : Train 0.9257, Val 0.9206, Test 0.9251
          RMSE             : Train 42.1460, Val 43.7062, Test 42.6038
Best:
          R2_Score         : Train 0.9257, Val 0.9206, Test 0.9251
          RMSE             : Train 42.1460, Val 43.7062, Test 42.6038
Epoch 9: Loss:            : Train 0.0014, Val 0.0015, Test 0.0014
          R2_Score         : Train 0.9266, Val 0.9222, Test 0.9268
          RMSE             : Train 41.8770, Val 43.2575, Test 42.0931
Best:
          R2_Score         : Train 0.9266, Val 0.9222, Test 0.9268
          RMSE             : Train 41.8770, Val 43.2575, Test 42.0931
Epoch 10: Loss:            : Train 0.0014, Val 0.0015, Test 0.0014
          R2_Score         : Train 0.9275, Val 0.9235, Test 0.9273
          RMSE             : Train 41.6189, Val 42.8972, Test 41.9673
Best:
          R2_Score         : Train 0.9275, Val 0.9235, Test 0.9273
          RMSE             : Train 41.6189, Val 42.8972, Test 41.9673
Epoch 11: Loss:            : Train 0.0014, Val 0.0015, Test 0.0015
          R2_Score         : Train 0.9284, Val 0.9234, Test 0.9256
          RMSE             : Train 41.3830, Val 42.9094, Test 42.4370
Best:
          R2_Score         : Train 0.9275, Val 0.9235, Test 0.9273
          RMSE             : Train 41.6189, Val 42.8972, Test 41.9673
Epoch 12: Loss:            : Train 0.0014, Val 0.0015, Test 0.0014
          R2_Score         : Train 0.9291, Val 0.9257, Test 0.9294
          RMSE             : Train 41.1790, Val 42.2765, Test 41.3529
Best:
          R2_Score         : Train 0.9291, Val 0.9257, Test 0.9294
          RMSE             : Train 41.1790, Val 42.2765, Test 41.3529
Epoch 13: Loss:            : Train 0.0014, Val 0.0015, Test 0.0014
          R2_Score         : Train 0.9296, Val 0.9247, Test 0.9290
          RMSE             : Train 41.0354, Val 42.5417, Test 41.4595
Best:
          R2_Score         : Train 0.9291, Val 0.9257, Test 0.9294
          RMSE             : Train 41.1790, Val 42.2765, Test 41.3529
Epoch 14: Loss:            : Train 0.0014, Val 0.0015, Test 0.0014
          R2_Score         : Train 0.9302, Val 0.9254, Test 0.9290
          RMSE             : Train 40.8625, Val 42.3639, Test 41.4668
Best:
          R2_Score         : Train 0.9291, Val 0.9257, Test 0.9294
          RMSE             : Train 41.1790, Val 42.2765, Test 41.3529
Epoch 15: Loss:            : Train 0.0013, Val 0.0015, Test 0.0014
          R2_Score         : Train 0.9307, Val 0.9259, Test 0.9288
          RMSE             : Train 40.6941, Val 42.1958, Test 41.5289
Best:
          R2_Score         : Train 0.9307, Val 0.9259, Test 0.9288
          RMSE             : Train 40.6941, Val 42.1958, Test 41.5289
Epoch 16: Loss:            : Train 0.0013, Val 0.0015, Test 0.0014
          R2_Score         : Train 0.9312, Val 0.9256, Test 0.9307
          RMSE             : Train 40.5450, Val 42.2880, Test 40.9825
Best:
          R2_Score         : Train 0.9307, Val 0.9259, Test 0.9288
          RMSE             : Train 40.6941, Val 42.1958, Test 41.5289
Epoch 17: Loss:            : Train 0.0013, Val 0.0014, Test 0.0014
          R2_Score         : Train 0.9317, Val 0.9273, Test 0.9307
          RMSE             : Train 40.4014, Val 41.8194, Test 40.9554
Best:
          R2_Score         : Train 0.9317, Val 0.9273, Test 0.9307
          RMSE             : Train 40.4014, Val 41.8194, Test 40.9554
Epoch 18: Loss:            : Train 0.0013, Val 0.0014, Test 0.0014
          R2_Score         : Train 0.9322, Val 0.9272, Test 0.9315
          RMSE             : Train 40.2681, Val 41.8405, Test 40.7271
Best:
          R2_Score         : Train 0.9317, Val 0.9273, Test 0.9307
          RMSE             : Train 40.4014, Val 41.8194, Test 40.9554
Epoch 19: Loss:            : Train 0.0013, Val 0.0015, Test 0.0014
          R2_Score         : Train 0.9326, Val 0.9256, Test 0.9296
          RMSE             : Train 40.1489, Val 42.2962, Test 41.3012
Best:
          R2_Score         : Train 0.9317, Val 0.9273, Test 0.9307
          RMSE             : Train 40.4014, Val 41.8194, Test 40.9554
Epoch 20: Loss:            : Train 0.0013, Val 0.0014, Test 0.0013
          R2_Score         : Train 0.9331, Val 0.9280, Test 0.9323
          RMSE             : Train 40.0043, Val 41.6166, Test 40.4999
Best:
          R2_Score         : Train 0.9331, Val 0.9280, Test 0.9323
          RMSE             : Train 40.0043, Val 41.6166, Test 40.4999
Epoch 21: Loss:            : Train 0.0013, Val 0.0014, Test 0.0013
          R2_Score         : Train 0.9335, Val 0.9280, Test 0.9324
          RMSE             : Train 39.8707, Val 41.6168, Test 40.4681
Best:
          R2_Score         : Train 0.9331, Val 0.9280, Test 0.9323
          RMSE             : Train 40.0043, Val 41.6166, Test 40.4999
Epoch 22: Loss:            : Train 0.0013, Val 0.0014, Test 0.0013
          R2_Score         : Train 0.9339, Val 0.9281, Test 0.9322
          RMSE             : Train 39.7531, Val 41.5697, Test 40.5155
Best:
          R2_Score         : Train 0.9339, Val 0.9281, Test 0.9322
          RMSE             : Train 39.7531, Val 41.5697, Test 40.5155
Epoch 23: Loss:            : Train 0.0013, Val 0.0014, Test 0.0013
          R2_Score         : Train 0.9346, Val 0.9283, Test 0.9325
          RMSE             : Train 39.5455, Val 41.5330, Test 40.4217
Best:
          R2_Score         : Train 0.9346, Val 0.9283, Test 0.9325
          RMSE             : Train 39.5455, Val 41.5330, Test 40.4217
Epoch 24: Loss:            : Train 0.0013, Val 0.0014, Test 0.0013
          R2_Score         : Train 0.9349, Val 0.9263, Test 0.9318
          RMSE             : Train 39.4650, Val 42.0928, Test 40.6411
Best:
          R2_Score         : Train 0.9346, Val 0.9283, Test 0.9325
          RMSE             : Train 39.5455, Val 41.5330, Test 40.4217
Epoch 25: Loss:            : Train 0.0013, Val 0.0014, Test 0.0013
          R2_Score         : Train 0.9353, Val 0.9299, Test 0.9338
          RMSE             : Train 39.3360, Val 41.0413, Test 40.0483
Best:
          R2_Score         : Train 0.9353, Val 0.9299, Test 0.9338
          RMSE             : Train 39.3360, Val 41.0413, Test 40.0483
Epoch 26: Loss:            : Train 0.0012, Val 0.0014, Test 0.0013
          R2_Score         : Train 0.9359, Val 0.9304, Test 0.9339
          RMSE             : Train 39.1523, Val 40.9062, Test 40.0059
Best:
          R2_Score         : Train 0.9359, Val 0.9304, Test 0.9339
          RMSE             : Train 39.1523, Val 40.9062, Test 40.0059
Epoch 27: Loss:            : Train 0.0012, Val 0.0014, Test 0.0013
          R2_Score         : Train 0.9363, Val 0.9303, Test 0.9339
          RMSE             : Train 39.0372, Val 40.9336, Test 40.0145
Best:
          R2_Score         : Train 0.9359, Val 0.9304, Test 0.9339
          RMSE             : Train 39.1523, Val 40.9062, Test 40.0059
Epoch 28: Loss:            : Train 0.0012, Val 0.0013, Test 0.0013
          R2_Score         : Train 0.9368, Val 0.9316, Test 0.9353
          RMSE             : Train 38.8641, Val 40.5600, Test 39.5966
Best:
          R2_Score         : Train 0.9368, Val 0.9316, Test 0.9353
          RMSE             : Train 38.8641, Val 40.5600, Test 39.5966
Epoch 29: Loss:            : Train 0.0012, Val 0.0013, Test 0.0013
          R2_Score         : Train 0.9372, Val 0.9314, Test 0.9340
          RMSE             : Train 38.7582, Val 40.6278, Test 39.9762
Best:
          R2_Score         : Train 0.9368, Val 0.9316, Test 0.9353
          RMSE             : Train 38.8641, Val 40.5600, Test 39.5966
Epoch 30: Loss:            : Train 0.0012, Val 0.0014, Test 0.0013
          R2_Score         : Train 0.9376, Val 0.9304, Test 0.9353
          RMSE             : Train 38.6241, Val 40.9129, Test 39.5807
Best:
          R2_Score         : Train 0.9368, Val 0.9316, Test 0.9353
          RMSE             : Train 38.8641, Val 40.5600, Test 39.5966
Epoch 31: Loss:            : Train 0.0012, Val 0.0013, Test 0.0013
          R2_Score         : Train 0.9381, Val 0.9326, Test 0.9361
          RMSE             : Train 38.4746, Val 40.2497, Test 39.3320
Best:
          R2_Score         : Train 0.9381, Val 0.9326, Test 0.9361
          RMSE             : Train 38.4746, Val 40.2497, Test 39.3320
Epoch 32: Loss:            : Train 0.0012, Val 0.0013, Test 0.0013
          R2_Score         : Train 0.9382, Val 0.9324, Test 0.9350
          RMSE             : Train 38.4456, Val 40.3291, Test 39.6690
Best:
          R2_Score         : Train 0.9381, Val 0.9326, Test 0.9361
          RMSE             : Train 38.4746, Val 40.2497, Test 39.3320
Epoch 33: Loss:            : Train 0.0012, Val 0.0013, Test 0.0012
          R2_Score         : Train 0.9385, Val 0.9321, Test 0.9367
          RMSE             : Train 38.3557, Val 40.4056, Test 39.1596
Best:
          R2_Score         : Train 0.9381, Val 0.9326, Test 0.9361
          RMSE             : Train 38.4746, Val 40.2497, Test 39.3320
Epoch 34: Loss:            : Train 0.0012, Val 0.0013, Test 0.0013
          R2_Score         : Train 0.9388, Val 0.9337, Test 0.9365
          RMSE             : Train 38.2611, Val 39.9403, Test 39.2180
Best:
          R2_Score         : Train 0.9388, Val 0.9337, Test 0.9365
          RMSE             : Train 38.2611, Val 39.9403, Test 39.2180
Epoch 35: Loss:            : Train 0.0012, Val 0.0013, Test 0.0012
          R2_Score         : Train 0.9393, Val 0.9339, Test 0.9373
          RMSE             : Train 38.0881, Val 39.8815, Test 38.9821
Best:
          R2_Score         : Train 0.9393, Val 0.9339, Test 0.9373
          RMSE             : Train 38.0881, Val 39.8815, Test 38.9821
Epoch 36: Loss:            : Train 0.0012, Val 0.0013, Test 0.0013
          R2_Score         : Train 0.9398, Val 0.9335, Test 0.9358
          RMSE             : Train 37.9510, Val 39.9724, Test 39.4311
Best:
          R2_Score         : Train 0.9393, Val 0.9339, Test 0.9373
          RMSE             : Train 38.0881, Val 39.8815, Test 38.9821
Epoch 37: Loss:            : Train 0.0012, Val 0.0013, Test 0.0013
          R2_Score         : Train 0.9397, Val 0.9335, Test 0.9365
          RMSE             : Train 37.9765, Val 39.9827, Test 39.2048
Best:
          R2_Score         : Train 0.9393, Val 0.9339, Test 0.9373
          RMSE             : Train 38.0881, Val 39.8815, Test 38.9821
Epoch 38: Loss:            : Train 0.0012, Val 0.0014, Test 0.0013
          R2_Score         : Train 0.9399, Val 0.9298, Test 0.9330
          RMSE             : Train 37.8907, Val 41.0741, Test 40.2747
Best:
          R2_Score         : Train 0.9393, Val 0.9339, Test 0.9373
          RMSE             : Train 38.0881, Val 39.8815, Test 38.9821
Epoch 39: Loss:            : Train 0.0012, Val 0.0013, Test 0.0012
          R2_Score         : Train 0.9405, Val 0.9338, Test 0.9371
          RMSE             : Train 37.7203, Val 39.8886, Test 39.0285
Best:
          R2_Score         : Train 0.9393, Val 0.9339, Test 0.9373
          RMSE             : Train 38.0881, Val 39.8815, Test 38.9821
Epoch 40: Loss:            : Train 0.0012, Val 0.0013, Test 0.0012
          R2_Score         : Train 0.9407, Val 0.9355, Test 0.9384
          RMSE             : Train 37.6602, Val 39.3744, Test 38.6221
Best:
          R2_Score         : Train 0.9407, Val 0.9355, Test 0.9384
          RMSE             : Train 37.6602, Val 39.3744, Test 38.6221
Epoch 41: Loss:            : Train 0.0011, Val 0.0013, Test 0.0012
          R2_Score         : Train 0.9410, Val 0.9345, Test 0.9378
          RMSE             : Train 37.5436, Val 39.6824, Test 38.8011
Best:
          R2_Score         : Train 0.9407, Val 0.9355, Test 0.9384
          RMSE             : Train 37.6602, Val 39.3744, Test 38.6221
Epoch 42: Loss:            : Train 0.0011, Val 0.0013, Test 0.0012
          R2_Score         : Train 0.9413, Val 0.9349, Test 0.9372
          RMSE             : Train 37.4640, Val 39.5606, Test 39.0043
Best:
          R2_Score         : Train 0.9407, Val 0.9355, Test 0.9384
          RMSE             : Train 37.6602, Val 39.3744, Test 38.6221
Epoch 43: Loss:            : Train 0.0011, Val 0.0013, Test 0.0012
          R2_Score         : Train 0.9414, Val 0.9348, Test 0.9369
          RMSE             : Train 37.4324, Val 39.5834, Test 39.1023
Best:
          R2_Score         : Train 0.9407, Val 0.9355, Test 0.9384
          RMSE             : Train 37.6602, Val 39.3744, Test 38.6221
Epoch 44: Loss:            : Train 0.0011, Val 0.0013, Test 0.0012
          R2_Score         : Train 0.9416, Val 0.9359, Test 0.9383
          RMSE             : Train 37.3745, Val 39.2649, Test 38.6518
Best:
          R2_Score         : Train 0.9416, Val 0.9359, Test 0.9383
          RMSE             : Train 37.3745, Val 39.2649, Test 38.6518
Epoch 45: Loss:            : Train 0.0011, Val 0.0013, Test 0.0012
          R2_Score         : Train 0.9419, Val 0.9360, Test 0.9390
          RMSE             : Train 37.2819, Val 39.2309, Test 38.4411
Best:
          R2_Score         : Train 0.9419, Val 0.9360, Test 0.9390
          RMSE             : Train 37.2819, Val 39.2309, Test 38.4411
Epoch 46: Loss:            : Train 0.0011, Val 0.0013, Test 0.0012
          R2_Score         : Train 0.9424, Val 0.9356, Test 0.9390
          RMSE             : Train 37.0937, Val 39.3372, Test 38.4430
Best:
          R2_Score         : Train 0.9419, Val 0.9360, Test 0.9390
          RMSE             : Train 37.2819, Val 39.2309, Test 38.4411
Epoch 47: Loss:            : Train 0.0011, Val 0.0012, Test 0.0012
          R2_Score         : Train 0.9426, Val 0.9364, Test 0.9383
          RMSE             : Train 37.0456, Val 39.1164, Test 38.6472
Best:
          R2_Score         : Train 0.9426, Val 0.9364, Test 0.9383
          RMSE             : Train 37.0456, Val 39.1164, Test 38.6472
Epoch 48: Loss:            : Train 0.0011, Val 0.0012, Test 0.0012
          R2_Score         : Train 0.9426, Val 0.9362, Test 0.9384
          RMSE             : Train 37.0587, Val 39.1705, Test 38.6263
Best:
          R2_Score         : Train 0.9426, Val 0.9364, Test 0.9383
          RMSE             : Train 37.0456, Val 39.1164, Test 38.6472
Epoch 49: Loss:            : Train 0.0011, Val 0.0012, Test 0.0012
          R2_Score         : Train 0.9430, Val 0.9371, Test 0.9393
          RMSE             : Train 36.9252, Val 38.9027, Test 38.3265
Best:
          R2_Score         : Train 0.9430, Val 0.9371, Test 0.9393
          RMSE             : Train 36.9252, Val 38.9027, Test 38.3265
Epoch 50: Loss:            : Train 0.0011, Val 0.0012, Test 0.0012
          R2_Score         : Train 0.9430, Val 0.9363, Test 0.9386
          RMSE             : Train 36.9295, Val 39.1434, Test 38.5720
Best:
          R2_Score         : Train 0.9430, Val 0.9371, Test 0.9393
          RMSE             : Train 36.9252, Val 38.9027, Test 38.3265
Epoch 51: Loss:            : Train 0.0011, Val 0.0012, Test 0.0012
          R2_Score         : Train 0.9431, Val 0.9368, Test 0.9390
          RMSE             : Train 36.8844, Val 38.9776, Test 38.4250
Best:
          R2_Score         : Train 0.9430, Val 0.9371, Test 0.9393
          RMSE             : Train 36.9252, Val 38.9027, Test 38.3265
Epoch 52: Loss:            : Train 0.0011, Val 0.0012, Test 0.0012
          R2_Score         : Train 0.9436, Val 0.9370, Test 0.9393
          RMSE             : Train 36.7195, Val 38.9236, Test 38.3475
Best:
          R2_Score         : Train 0.9430, Val 0.9371, Test 0.9393
          RMSE             : Train 36.9252, Val 38.9027, Test 38.3265
Epoch 53: Loss:            : Train 0.0011, Val 0.0013, Test 0.0012
          R2_Score         : Train 0.9435, Val 0.9347, Test 0.9387
          RMSE             : Train 36.7553, Val 39.6160, Test 38.5360
Best:
          R2_Score         : Train 0.9430, Val 0.9371, Test 0.9393
          RMSE             : Train 36.9252, Val 38.9027, Test 38.3265
Epoch 54: Loss:            : Train 0.0011, Val 0.0012, Test 0.0012
          R2_Score         : Train 0.9439, Val 0.9382, Test 0.9404
          RMSE             : Train 36.6160, Val 38.5562, Test 37.9840
Best:
          R2_Score         : Train 0.9439, Val 0.9382, Test 0.9404
          RMSE             : Train 36.6160, Val 38.5562, Test 37.9840
Epoch 55: Loss:            : Train 0.0011, Val 0.0012, Test 0.0012
          R2_Score         : Train 0.9441, Val 0.9369, Test 0.9392
          RMSE             : Train 36.5668, Val 38.9573, Test 38.3818
Best:
          R2_Score         : Train 0.9439, Val 0.9382, Test 0.9404
          RMSE             : Train 36.6160, Val 38.5562, Test 37.9840
Epoch 56: Loss:            : Train 0.0011, Val 0.0012, Test 0.0012
          R2_Score         : Train 0.9441, Val 0.9369, Test 0.9393
          RMSE             : Train 36.5638, Val 38.9648, Test 38.3455
Best:
          R2_Score         : Train 0.9439, Val 0.9382, Test 0.9404
          RMSE             : Train 36.6160, Val 38.5562, Test 37.9840
Epoch 57: Loss:            : Train 0.0011, Val 0.0012, Test 0.0012
          R2_Score         : Train 0.9443, Val 0.9377, Test 0.9404
          RMSE             : Train 36.4884, Val 38.7099, Test 37.9791
Best:
          R2_Score         : Train 0.9439, Val 0.9382, Test 0.9404
          RMSE             : Train 36.6160, Val 38.5562, Test 37.9840
Epoch 58: Loss:            : Train 0.0011, Val 0.0012, Test 0.0012
          R2_Score         : Train 0.9444, Val 0.9378, Test 0.9403
          RMSE             : Train 36.4682, Val 38.6594, Test 38.0230
Best:
          R2_Score         : Train 0.9439, Val 0.9382, Test 0.9404
          RMSE             : Train 36.6160, Val 38.5562, Test 37.9840
Epoch 59: Loss:            : Train 0.0011, Val 0.0012, Test 0.0012
          R2_Score         : Train 0.9446, Val 0.9378, Test 0.9402
          RMSE             : Train 36.4021, Val 38.6605, Test 38.0645
Best:
          R2_Score         : Train 0.9439, Val 0.9382, Test 0.9404
          RMSE             : Train 36.6160, Val 38.5562, Test 37.9840
Epoch 60: Loss:            : Train 0.0011, Val 0.0012, Test 0.0012
          R2_Score         : Train 0.9449, Val 0.9373, Test 0.9390
          RMSE             : Train 36.3080, Val 38.8131, Test 38.4288
Best:
          R2_Score         : Train 0.9439, Val 0.9382, Test 0.9404
          RMSE             : Train 36.6160, Val 38.5562, Test 37.9840
Epoch 61: Loss:            : Train 0.0011, Val 0.0012, Test 0.0012
          R2_Score         : Train 0.9450, Val 0.9386, Test 0.9405
          RMSE             : Train 36.2583, Val 38.4074, Test 37.9736
Best:
          R2_Score         : Train 0.9450, Val 0.9386, Test 0.9405
          RMSE             : Train 36.2583, Val 38.4074, Test 37.9736
Epoch 62: Loss:            : Train 0.0011, Val 0.0012, Test 0.0012
          R2_Score         : Train 0.9451, Val 0.9376, Test 0.9404
          RMSE             : Train 36.2405, Val 38.7488, Test 37.9993
Best:
          R2_Score         : Train 0.9450, Val 0.9386, Test 0.9405
          RMSE             : Train 36.2583, Val 38.4074, Test 37.9736
Epoch 63: Loss:            : Train 0.0011, Val 0.0012, Test 0.0012
          R2_Score         : Train 0.9452, Val 0.9381, Test 0.9413
          RMSE             : Train 36.1853, Val 38.5771, Test 37.6962
Best:
          R2_Score         : Train 0.9450, Val 0.9386, Test 0.9405
          RMSE             : Train 36.2583, Val 38.4074, Test 37.9736
Epoch 64: Loss:            : Train 0.0011, Val 0.0012, Test 0.0012
          R2_Score         : Train 0.9455, Val 0.9363, Test 0.9385
          RMSE             : Train 36.1017, Val 39.1493, Test 38.6090
Best:
          R2_Score         : Train 0.9450, Val 0.9386, Test 0.9405
          RMSE             : Train 36.2583, Val 38.4074, Test 37.9736
Epoch 65: Loss:            : Train 0.0011, Val 0.0012, Test 0.0012
          R2_Score         : Train 0.9455, Val 0.9374, Test 0.9394
          RMSE             : Train 36.1039, Val 38.7964, Test 38.3058
Best:
          R2_Score         : Train 0.9450, Val 0.9386, Test 0.9405
          RMSE             : Train 36.2583, Val 38.4074, Test 37.9736
Epoch 66: Loss:            : Train 0.0011, Val 0.0012, Test 0.0012
          R2_Score         : Train 0.9456, Val 0.9385, Test 0.9409
          RMSE             : Train 36.0640, Val 38.4460, Test 37.8315
Best:
          R2_Score         : Train 0.9450, Val 0.9386, Test 0.9405
          RMSE             : Train 36.2583, Val 38.4074, Test 37.9736
Epoch 67: Loss:            : Train 0.0011, Val 0.0012, Test 0.0012
          R2_Score         : Train 0.9456, Val 0.9382, Test 0.9406
          RMSE             : Train 36.0631, Val 38.5460, Test 37.9433
Best:
          R2_Score         : Train 0.9450, Val 0.9386, Test 0.9405
          RMSE             : Train 36.2583, Val 38.4074, Test 37.9736
Epoch 68: Loss:            : Train 0.0011, Val 0.0012, Test 0.0012
          R2_Score         : Train 0.9458, Val 0.9382, Test 0.9408
          RMSE             : Train 35.9907, Val 38.5531, Test 37.8589
Best:
          R2_Score         : Train 0.9450, Val 0.9386, Test 0.9405
          RMSE             : Train 36.2583, Val 38.4074, Test 37.9736
Epoch 69: Loss:            : Train 0.0011, Val 0.0012, Test 0.0012
          R2_Score         : Train 0.9459, Val 0.9384, Test 0.9407
          RMSE             : Train 35.9547, Val 38.4905, Test 37.8981
Best:
          R2_Score         : Train 0.9450, Val 0.9386, Test 0.9405
          RMSE             : Train 36.2583, Val 38.4074, Test 37.9736
Epoch 70: Loss:            : Train 0.0010, Val 0.0012, Test 0.0012
          R2_Score         : Train 0.9461, Val 0.9381, Test 0.9394
          RMSE             : Train 35.8828, Val 38.5875, Test 38.2989
Best:
          R2_Score         : Train 0.9450, Val 0.9386, Test 0.9405
          RMSE             : Train 36.2583, Val 38.4074, Test 37.9736
Epoch 71: Loss:            : Train 0.0010, Val 0.0012, Test 0.0012
          R2_Score         : Train 0.9465, Val 0.9391, Test 0.9416
          RMSE             : Train 35.7504, Val 38.2575, Test 37.6084
Best:
          R2_Score         : Train 0.9465, Val 0.9391, Test 0.9416
          RMSE             : Train 35.7504, Val 38.2575, Test 37.6084
Epoch 72: Loss:            : Train 0.0010, Val 0.0012, Test 0.0011
          R2_Score         : Train 0.9464, Val 0.9390, Test 0.9419
          RMSE             : Train 35.8038, Val 38.2927, Test 37.5275
Best:
          R2_Score         : Train 0.9465, Val 0.9391, Test 0.9416
          RMSE             : Train 35.7504, Val 38.2575, Test 37.6084
Epoch 73: Loss:            : Train 0.0010, Val 0.0012, Test 0.0012
          R2_Score         : Train 0.9465, Val 0.9390, Test 0.9406
          RMSE             : Train 35.7605, Val 38.3062, Test 37.9422
Best:
          R2_Score         : Train 0.9465, Val 0.9391, Test 0.9416
          RMSE             : Train 35.7504, Val 38.2575, Test 37.6084
Epoch 74: Loss:            : Train 0.0010, Val 0.0012, Test 0.0012
          R2_Score         : Train 0.9464, Val 0.9376, Test 0.9399
          RMSE             : Train 35.7896, Val 38.7203, Test 38.1475
Best:
          R2_Score         : Train 0.9465, Val 0.9391, Test 0.9416
          RMSE             : Train 35.7504, Val 38.2575, Test 37.6084
Epoch 75: Loss:            : Train 0.0010, Val 0.0012, Test 0.0012
          R2_Score         : Train 0.9466, Val 0.9396, Test 0.9413
          RMSE             : Train 35.7212, Val 38.1034, Test 37.7207
Best:
          R2_Score         : Train 0.9466, Val 0.9396, Test 0.9413
          RMSE             : Train 35.7212, Val 38.1034, Test 37.7207
Epoch 76: Loss:            : Train 0.0010, Val 0.0012, Test 0.0012
          R2_Score         : Train 0.9470, Val 0.9386, Test 0.9402
          RMSE             : Train 35.5984, Val 38.4176, Test 38.0645
Best:
          R2_Score         : Train 0.9466, Val 0.9396, Test 0.9413
          RMSE             : Train 35.7212, Val 38.1034, Test 37.7207
Epoch 77: Loss:            : Train 0.0010, Val 0.0012, Test 0.0012
          R2_Score         : Train 0.9471, Val 0.9395, Test 0.9403
          RMSE             : Train 35.5481, Val 38.1421, Test 38.0123
Best:
          R2_Score         : Train 0.9466, Val 0.9396, Test 0.9413
          RMSE             : Train 35.7212, Val 38.1034, Test 37.7207
Epoch 78: Loss:            : Train 0.0010, Val 0.0012, Test 0.0012
          R2_Score         : Train 0.9470, Val 0.9388, Test 0.9407
          RMSE             : Train 35.5887, Val 38.3511, Test 37.8855
Best:
          R2_Score         : Train 0.9466, Val 0.9396, Test 0.9413
          RMSE             : Train 35.7212, Val 38.1034, Test 37.7207
Epoch 79: Loss:            : Train 0.0010, Val 0.0012, Test 0.0012
          R2_Score         : Train 0.9471, Val 0.9386, Test 0.9411
          RMSE             : Train 35.5707, Val 38.4127, Test 37.7825
Best:
          R2_Score         : Train 0.9466, Val 0.9396, Test 0.9413
          RMSE             : Train 35.7212, Val 38.1034, Test 37.7207
Epoch 80: Loss:            : Train 0.0010, Val 0.0012, Test 0.0012
          R2_Score         : Train 0.9474, Val 0.9387, Test 0.9416
          RMSE             : Train 35.4617, Val 38.4052, Test 37.6086
Best:
          R2_Score         : Train 0.9466, Val 0.9396, Test 0.9413
          RMSE             : Train 35.7212, Val 38.1034, Test 37.7207
Epoch 81: Loss:            : Train 0.0010, Val 0.0012, Test 0.0012
          R2_Score         : Train 0.9474, Val 0.9397, Test 0.9416
          RMSE             : Train 35.4486, Val 38.0834, Test 37.5988
Best:
          R2_Score         : Train 0.9474, Val 0.9397, Test 0.9416
          RMSE             : Train 35.4486, Val 38.0834, Test 37.5988
Epoch 82: Loss:            : Train 0.0010, Val 0.0012, Test 0.0012
          R2_Score         : Train 0.9474, Val 0.9389, Test 0.9412
          RMSE             : Train 35.4635, Val 38.3352, Test 37.7419
Best:
          R2_Score         : Train 0.9474, Val 0.9397, Test 0.9416
          RMSE             : Train 35.4486, Val 38.0834, Test 37.5988
Epoch 83: Loss:            : Train 0.0010, Val 0.0012, Test 0.0011
          R2_Score         : Train 0.9475, Val 0.9396, Test 0.9423
          RMSE             : Train 35.4165, Val 38.1006, Test 37.3792
Best:
          R2_Score         : Train 0.9474, Val 0.9397, Test 0.9416
          RMSE             : Train 35.4486, Val 38.0834, Test 37.5988
Epoch 84: Loss:            : Train 0.0010, Val 0.0012, Test 0.0012
          R2_Score         : Train 0.9476, Val 0.9390, Test 0.9411
          RMSE             : Train 35.3784, Val 38.2953, Test 37.7801
Best:
          R2_Score         : Train 0.9474, Val 0.9397, Test 0.9416
          RMSE             : Train 35.4486, Val 38.0834, Test 37.5988
Epoch 85: Loss:            : Train 0.0010, Val 0.0012, Test 0.0011
          R2_Score         : Train 0.9478, Val 0.9396, Test 0.9425
          RMSE             : Train 35.3263, Val 38.0967, Test 37.3310
Best:
          R2_Score         : Train 0.9474, Val 0.9397, Test 0.9416
          RMSE             : Train 35.4486, Val 38.0834, Test 37.5988
Epoch 86: Loss:            : Train 0.0010, Val 0.0012, Test 0.0012
          R2_Score         : Train 0.9479, Val 0.9391, Test 0.9414
          RMSE             : Train 35.3020, Val 38.2721, Test 37.6730
Best:
          R2_Score         : Train 0.9474, Val 0.9397, Test 0.9416
          RMSE             : Train 35.4486, Val 38.0834, Test 37.5988
Epoch 87: Loss:            : Train 0.0010, Val 0.0012, Test 0.0012
          R2_Score         : Train 0.9478, Val 0.9375, Test 0.9390
          RMSE             : Train 35.3306, Val 38.7510, Test 38.4411
Best:
          R2_Score         : Train 0.9474, Val 0.9397, Test 0.9416
          RMSE             : Train 35.4486, Val 38.0834, Test 37.5988
Epoch 88: Loss:            : Train 0.0010, Val 0.0012, Test 0.0011
          R2_Score         : Train 0.9479, Val 0.9402, Test 0.9425
          RMSE             : Train 35.2952, Val 37.9116, Test 37.3260
Best:
          R2_Score         : Train 0.9479, Val 0.9402, Test 0.9425
          RMSE             : Train 35.2952, Val 37.9116, Test 37.3260
Epoch 89: Loss:            : Train 0.0010, Val 0.0012, Test 0.0011
          R2_Score         : Train 0.9482, Val 0.9399, Test 0.9419
          RMSE             : Train 35.2039, Val 38.0199, Test 37.5001
Best:
          R2_Score         : Train 0.9479, Val 0.9402, Test 0.9425
          RMSE             : Train 35.2952, Val 37.9116, Test 37.3260
Epoch 90: Loss:            : Train 0.0010, Val 0.0012, Test 0.0011
          R2_Score         : Train 0.9482, Val 0.9406, Test 0.9429
          RMSE             : Train 35.1790, Val 37.7787, Test 37.1995
Best:
          R2_Score         : Train 0.9482, Val 0.9406, Test 0.9429
          RMSE             : Train 35.1790, Val 37.7787, Test 37.1995
Epoch 91: Loss:            : Train 0.0010, Val 0.0012, Test 0.0012
          R2_Score         : Train 0.9483, Val 0.9398, Test 0.9417
          RMSE             : Train 35.1473, Val 38.0493, Test 37.5816
Best:
          R2_Score         : Train 0.9482, Val 0.9406, Test 0.9429
          RMSE             : Train 35.1790, Val 37.7787, Test 37.1995
Epoch 92: Loss:            : Train 0.0010, Val 0.0012, Test 0.0012
          R2_Score         : Train 0.9484, Val 0.9388, Test 0.9411
          RMSE             : Train 35.1283, Val 38.3494, Test 37.7813
Best:
          R2_Score         : Train 0.9482, Val 0.9406, Test 0.9429
          RMSE             : Train 35.1790, Val 37.7787, Test 37.1995
Epoch 93: Loss:            : Train 0.0010, Val 0.0012, Test 0.0012
          R2_Score         : Train 0.9485, Val 0.9394, Test 0.9415
          RMSE             : Train 35.1047, Val 38.1622, Test 37.6422
Best:
          R2_Score         : Train 0.9482, Val 0.9406, Test 0.9429
          RMSE             : Train 35.1790, Val 37.7787, Test 37.1995
Epoch 94: Loss:            : Train 0.0010, Val 0.0012, Test 0.0011
          R2_Score         : Train 0.9485, Val 0.9405, Test 0.9432
          RMSE             : Train 35.0788, Val 37.8298, Test 37.0837
Best:
          R2_Score         : Train 0.9482, Val 0.9406, Test 0.9429
          RMSE             : Train 35.1790, Val 37.7787, Test 37.1995
Epoch 95: Loss:            : Train 0.0010, Val 0.0012, Test 0.0011
          R2_Score         : Train 0.9488, Val 0.9407, Test 0.9434
          RMSE             : Train 34.9961, Val 37.7711, Test 37.0341
Best:
          R2_Score         : Train 0.9488, Val 0.9407, Test 0.9434
          RMSE             : Train 34.9961, Val 37.7711, Test 37.0341
Epoch 96: Loss:            : Train 0.0010, Val 0.0012, Test 0.0011
          R2_Score         : Train 0.9489, Val 0.9396, Test 0.9422
          RMSE             : Train 34.9584, Val 38.1095, Test 37.4065
Best:
          R2_Score         : Train 0.9488, Val 0.9407, Test 0.9434
          RMSE             : Train 34.9961, Val 37.7711, Test 37.0341
Epoch 97: Loss:            : Train 0.0010, Val 0.0012, Test 0.0011
          R2_Score         : Train 0.9488, Val 0.9404, Test 0.9424
          RMSE             : Train 34.9995, Val 37.8492, Test 37.3622
Best:
          R2_Score         : Train 0.9488, Val 0.9407, Test 0.9434
          RMSE             : Train 34.9961, Val 37.7711, Test 37.0341
Epoch 98: Loss:            : Train 0.0010, Val 0.0012, Test 0.0011
          R2_Score         : Train 0.9490, Val 0.9397, Test 0.9420
          RMSE             : Train 34.9271, Val 38.0755, Test 37.4808
Best:
          R2_Score         : Train 0.9488, Val 0.9407, Test 0.9434
          RMSE             : Train 34.9961, Val 37.7711, Test 37.0341
Epoch 99: Loss:            : Train 0.0010, Val 0.0012, Test 0.0011
          R2_Score         : Train 0.9489, Val 0.9406, Test 0.9425
          RMSE             : Train 34.9505, Val 37.8068, Test 37.3033
Best:
          R2_Score         : Train 0.9488, Val 0.9407, Test 0.9434
          RMSE             : Train 34.9961, Val 37.7711, Test 37.0341
Epoch 100: Loss:            : Train 0.0010, Val 0.0011, Test 0.0011
          R2_Score         : Train 0.9490, Val 0.9417, Test 0.9442
          RMSE             : Train 34.9154, Val 37.4391, Test 36.7739
Best:
          R2_Score         : Train 0.9490, Val 0.9417, Test 0.9442
          RMSE             : Train 34.9154, Val 37.4391, Test 36.7739
Training time (sec): 798
