Loading house from data/hdb/hdb_clean.csv
Loading airbnb from data/hdb/school_clean.csv
Current hdb columns Index(['floor_area_sqm', 'lease_commence_year_before_2020', 'tn_BEDOK',
       'tn_BISHAN', 'tn_BUKIT BATOK', 'tn_BUKIT MERAH', 'tn_BUKIT PANJANG',
       'tn_BUKIT TIMAH', 'tn_CENTRAL AREA', 'tn_CHOA CHU KANG', 'tn_CLEMENTI',
       'tn_GEYLANG', 'tn_HOUGANG', 'tn_JURONG EAST', 'tn_JURONG WEST',
       'tn_KALLANG/WHAMPOA', 'tn_MARINE PARADE', 'tn_PASIR RIS', 'tn_PUNGGOL',
       'tn_QUEENSTOWN', 'tn_SEMBAWANG', 'tn_SENGKANG', 'tn_SERANGOON',
       'tn_TAMPINES', 'tn_TOA PAYOH', 'tn_WOODLANDS', 'tn_YISHUN', 'ft_2 ROOM',
       'ft_3 ROOM', 'ft_4 ROOM', 'ft_5 ROOM', 'ft_EXECUTIVE',
       'ft_MULTI-GENERATION', 'sr_04 TO 06', 'sr_07 TO 09', 'sr_10 TO 12',
       'sr_13 TO 15', 'sr_16 TO 18', 'sr_19 TO 21', 'sr_22 TO 24',
       'sr_25 TO 27', 'sr_28 TO 30', 'sr_31 TO 33', 'sr_34 TO 36',
       'sr_37 TO 39', 'sr_40 TO 42', 'sr_43 TO 45', 'sr_46 TO 48',
       'sr_49 TO 51', 'fm_Adjoined flat', 'fm_Apartment', 'fm_DBSS',
       'fm_Improved', 'fm_Improved-Maisonette', 'fm_Maisonette', 'fm_Model A',
       'fm_Model A-Maisonette', 'fm_Model A2', 'fm_Multi Generation',
       'fm_New Generation', 'fm_Premium Apartment',
       'fm_Premium Apartment Loft', 'fm_Premium Maisonette', 'fm_Simplified',
       'fm_Standard', 'fm_Terrace', 'fm_Type S1', 'fm_Type S2', 'lon', 'lat'],
      dtype='object')
Current airbnb columns Index(['lon', 'lat', 'n_places_0', 'vacancy_rate_0', 'n_places_1',
       'vacancy_rate_1', 'n_places_2', 'vacancy_rate_2', 'n_places_3',
       'vacancy_rate_3'],
      dtype='object')
Loading data from cache
Done
Calculating noise scale
Adding noise of scale 0.0 to sim_scores
Adding noise of scale 0.0 to sim_scores
Adding noise of scale 0.0 to sim_scores
Preparing time (sec): 4
Initializing dataloader
Done
Prepare for training
Start training
SplitNN summary
==========================================================================================
Layer (type:depth-idx)                   Output Shape              Param #
==========================================================================================
SplitNN                                  --                        --
├─MLP: 1                                 --                        --
│    └─ModuleList: 2-1                   --                        --
├─ModuleList: 1-1                        --                        --
│    └─MLP: 2                            --                        --
│    │    └─ModuleList: 3-1              --                        33,900
│    └─MLP: 2                            --                        --
│    │    └─ModuleList: 3-2              --                        21,900
│    └─MLP: 2-2                          [128, 100]                --
│    └─MLP: 2-3                          [128, 100]                --
├─MLP: 1-2                               [128, 10]                 --
│    └─ModuleList: 2-1                   --                        --
│    │    └─Linear: 3-3                  [128, 100]                20,100
│    │    └─Linear: 3-4                  [128, 10]                 1,010
==========================================================================================
Total params: 76,910
Trainable params: 76,910
Non-trainable params: 0
Total mult-adds (M): 9.84
==========================================================================================
Input size (MB): 0.04
Forward/backward pass size (MB): 0.73
Params size (MB): 0.31
Estimated Total Size (MB): 1.07
==========================================================================================
Merge model summary
==========================================================================================
Layer (type:depth-idx)                   Output Shape              Param #
==========================================================================================
ConvModel                                --                        --
├─Conv2d: 1-1                            [1, 8, 56, 10]            64
├─Dropout: 1-2                           [1, 4480]                 --
├─Linear: 1-3                            [1, 400]                  1,792,400
├─Dropout: 1-4                           [1, 400]                  --
├─Linear: 1-5                            [1, 1]                    401
==========================================================================================
Total params: 1,792,865
Trainable params: 1,792,865
Non-trainable params: 0
Total mult-adds (M): 1.83
==========================================================================================
Input size (MB): 0.00
Forward/backward pass size (MB): 0.04
Params size (MB): 7.17
Estimated Total Size (MB): 7.21
==========================================================================================
Similarity model summary
==========================================================================================
Layer (type:depth-idx)                   Output Shape              Param #
==========================================================================================
MLP                                      --                        --
├─ModuleList: 1-1                        --                        --
│    └─Linear: 2-1                       [1, 10]                   20
│    └─Linear: 2-2                       [1, 1]                    11
==========================================================================================
Total params: 31
Trainable params: 31
Non-trainable params: 0
Total mult-adds (M): 0.00
==========================================================================================
Input size (MB): 0.00
Forward/backward pass size (MB): 0.00
Params size (MB): 0.00
Estimated Total Size (MB): 0.00
==========================================================================================
n_classes=2
task=regression
model_name=hdb_fedsim_2022-01-25-11-20-49
sche_threshold=0.0001
sche_patience=10
sche_factor=0.1
use_scheduler=False
num_workers=4
device=cuda:0
test_batch_size=4096
train_batch_size=128
learning_rate=0.001
weight_decay=0.0001
num_epochs=100
model_save_path=ckp/hdb_fedsim_2022-01-25-11-20-49.pth
test_rate=0.2
val_rate=0.1
multiprocess_context=fork
metrics=['r2_score', 'rmse']
metrics_f=[<metric.r2_score.R2Score object at 0x7fbdc3897ac0>, <metric.rmse.RMSE object at 0x7fbdc3897cd0>]
hidden_sizes=[200, 100]
model=SplitNN(
  (agg_model): MLP(
    (fc_layers): ModuleList(
      (0): Linear(in_features=200, out_features=100, bias=True)
      (1): Linear(in_features=100, out_features=10, bias=True)
    )
  )
  (local_models): ModuleList(
    (0): MLP(
      (fc_layers): ModuleList(
        (0): Linear(in_features=68, out_features=200, bias=True)
        (1): Linear(in_features=200, out_features=100, bias=True)
      )
    )
    (1): MLP(
      (fc_layers): ModuleList(
        (0): Linear(in_features=8, out_features=200, bias=True)
        (1): Linear(in_features=200, out_features=100, bias=True)
      )
    )
  )
)
writer=<torch.utils.tensorboard.writer.SummaryWriter object at 0x7fbdc3897460>
dataset_type=real
drop_key=True
num_common_features=2
tree_radius=0.01
tree_leaf_size=1000
knn_k=50
grid_min=-10.0
grid_max=10.0
grid_width=1.5
sim_scaler=StandardScaler()
filter_top_k=None
link_n_jobs=-1
psig_p=7
sim_leak_p=1.0
link_threshold_t=0.01
link_epsilon=0.005
n_hash_lsh=20
edit_distance_threshold=1
n_hash_func=10
collision_rate=0.05
qgram_q=2
link_delta=0.005
feature_wise_sim=False
blocking_method=knn_priv_float
center_threshold=0.5
n_clusters=100
local_hidden_sizes=[[200], [200]]
cut_dims=[100, 100]
agg_hidden_sizes=[100]
scale_analysis=None
mlp_merge=None
use_sim=True
use_conv=True
conv_kernel_v_size=7
conv_n_channels=8
merge_dropout_p=0.2
raw_output_dim=10
log_dir=log/hdb_fedsim_2022-01-25-11-20-49/
update_sim_freq=1
sim_model_save_path=ckp/hdb_fedsim_2022-01-25-11-20-49_sim.pth
merge_model_save_path=ckp/hdb_fedsim_2022-01-25-11-20-49_merge.pth
sim_batch_size=128
sim_weight_decay=1e-05
sim_learning_rate=0.001
merge_model=ConvModel(
  (conv1): Conv2d(1, 8, kernel_size=(7, 1), stride=(1, 1), padding=(6, 0))
  (fc1): Linear(in_features=4480, out_features=400, bias=True)
  (fc2): Linear(in_features=400, out_features=1, bias=True)
  (dropout1): Dropout(p=0.2, inplace=False)
  (dropout2): Dropout(p=0.2, inplace=False)
)
sim_model=MLP(
  (fc_layers): ModuleList(
    (0): Linear(in_features=1, out_features=10, bias=True)
    (1): Linear(in_features=10, out_features=1, bias=True)
  )
)
sim_hidden_sizes=[10]
merge_hidden_sizes=[400]
data1_shape=(92065, 70)
data2_shape=(165, 10)
Epoch 1: Loss:            : Train 0.0105, Val 0.0020, Test 0.0020
          R2_Score         : Train 0.4605, Val 0.8967, Test 0.8993
          RMSE             : Train 113.5657, Val 49.8401, Test 49.3864
Best:
          R2_Score         : Train 0.4605, Val 0.8967, Test 0.8993
          RMSE             : Train 113.5657, Val 49.8401, Test 49.3864
Epoch 2: Loss:            : Train 0.0019, Val 0.0017, Test 0.0016
          R2_Score         : Train 0.9014, Val 0.9145, Test 0.9185
          RMSE             : Train 48.5393, Val 45.3333, Test 44.4408
Best:
          R2_Score         : Train 0.9014, Val 0.9145, Test 0.9185
          RMSE             : Train 48.5393, Val 45.3333, Test 44.4408
Epoch 3: Loss:            : Train 0.0017, Val 0.0016, Test 0.0015
          R2_Score         : Train 0.9149, Val 0.9188, Test 0.9243
          RMSE             : Train 45.1052, Val 44.1995, Test 42.8081
Best:
          R2_Score         : Train 0.9149, Val 0.9188, Test 0.9243
          RMSE             : Train 45.1052, Val 44.1995, Test 42.8081
Epoch 4: Loss:            : Train 0.0016, Val 0.0015, Test 0.0014
          R2_Score         : Train 0.9204, Val 0.9231, Test 0.9278
          RMSE             : Train 43.6272, Val 42.9926, Test 41.8045
Best:
          R2_Score         : Train 0.9204, Val 0.9231, Test 0.9278
          RMSE             : Train 43.6272, Val 42.9926, Test 41.8045
Epoch 5: Loss:            : Train 0.0015, Val 0.0017, Test 0.0016
          R2_Score         : Train 0.9238, Val 0.9136, Test 0.9164
          RMSE             : Train 42.6859, Val 45.5783, Test 44.9975
Best:
          R2_Score         : Train 0.9204, Val 0.9231, Test 0.9278
          RMSE             : Train 43.6272, Val 42.9926, Test 41.8045
Epoch 6: Loss:            : Train 0.0014, Val 0.0015, Test 0.0014
          R2_Score         : Train 0.9274, Val 0.9256, Test 0.9311
          RMSE             : Train 41.6709, Val 42.3064, Test 40.8585
Best:
          R2_Score         : Train 0.9274, Val 0.9256, Test 0.9311
          RMSE             : Train 41.6709, Val 42.3064, Test 40.8585
Epoch 7: Loss:            : Train 0.0013, Val 0.0013, Test 0.0013
          R2_Score         : Train 0.9307, Val 0.9316, Test 0.9361
          RMSE             : Train 40.6966, Val 40.5453, Test 39.3373
Best:
          R2_Score         : Train 0.9307, Val 0.9316, Test 0.9361
          RMSE             : Train 40.6966, Val 40.5453, Test 39.3373
Epoch 8: Loss:            : Train 0.0013, Val 0.0013, Test 0.0013
          R2_Score         : Train 0.9335, Val 0.9313, Test 0.9360
          RMSE             : Train 39.8643, Val 40.6539, Test 39.3572
Best:
          R2_Score         : Train 0.9307, Val 0.9316, Test 0.9361
          RMSE             : Train 40.6966, Val 40.5453, Test 39.3373
Epoch 9: Loss:            : Train 0.0013, Val 0.0013, Test 0.0012
          R2_Score         : Train 0.9355, Val 0.9329, Test 0.9373
          RMSE             : Train 39.2672, Val 40.1593, Test 38.9612
Best:
          R2_Score         : Train 0.9355, Val 0.9329, Test 0.9373
          RMSE             : Train 39.2672, Val 40.1593, Test 38.9612
Epoch 10: Loss:            : Train 0.0012, Val 0.0012, Test 0.0011
          R2_Score         : Train 0.9384, Val 0.9401, Test 0.9426
          RMSE             : Train 38.3765, Val 37.9620, Test 37.2918
Best:
          R2_Score         : Train 0.9384, Val 0.9401, Test 0.9426
          RMSE             : Train 38.3765, Val 37.9620, Test 37.2918
Epoch 11: Loss:            : Train 0.0011, Val 0.0011, Test 0.0011
          R2_Score         : Train 0.9410, Val 0.9425, Test 0.9453
          RMSE             : Train 37.5551, Val 37.1748, Test 36.3994
Best:
          R2_Score         : Train 0.9410, Val 0.9425, Test 0.9453
          RMSE             : Train 37.5551, Val 37.1748, Test 36.3994
Epoch 12: Loss:            : Train 0.0011, Val 0.0011, Test 0.0010
          R2_Score         : Train 0.9443, Val 0.9445, Test 0.9485
          RMSE             : Train 36.4784, Val 36.5384, Test 35.3316
Best:
          R2_Score         : Train 0.9443, Val 0.9445, Test 0.9485
          RMSE             : Train 36.4784, Val 36.5384, Test 35.3316
Epoch 13: Loss:            : Train 0.0010, Val 0.0010, Test 0.0010
          R2_Score         : Train 0.9470, Val 0.9481, Test 0.9513
          RMSE             : Train 35.5888, Val 35.3259, Test 34.3517
Best:
          R2_Score         : Train 0.9470, Val 0.9481, Test 0.9513
          RMSE             : Train 35.5888, Val 35.3259, Test 34.3517
Epoch 14: Loss:            : Train 0.0010, Val 0.0010, Test 0.0010
          R2_Score         : Train 0.9499, Val 0.9466, Test 0.9495
          RMSE             : Train 34.6123, Val 35.8450, Test 34.9869
Best:
          R2_Score         : Train 0.9470, Val 0.9481, Test 0.9513
          RMSE             : Train 35.5888, Val 35.3259, Test 34.3517
Epoch 15: Loss:            : Train 0.0009, Val 0.0009, Test 0.0009
          R2_Score         : Train 0.9535, Val 0.9517, Test 0.9545
          RMSE             : Train 33.3577, Val 34.0764, Test 33.2139
Best:
          R2_Score         : Train 0.9535, Val 0.9517, Test 0.9545
          RMSE             : Train 33.3577, Val 34.0764, Test 33.2139
Epoch 16: Loss:            : Train 0.0009, Val 0.0009, Test 0.0009
          R2_Score         : Train 0.9549, Val 0.9529, Test 0.9554
          RMSE             : Train 32.8189, Val 33.6686, Test 32.8837
Best:
          R2_Score         : Train 0.9549, Val 0.9529, Test 0.9554
          RMSE             : Train 32.8189, Val 33.6686, Test 32.8837
Epoch 17: Loss:            : Train 0.0008, Val 0.0009, Test 0.0009
          R2_Score         : Train 0.9570, Val 0.9529, Test 0.9557
          RMSE             : Train 32.0639, Val 33.6662, Test 32.7528
Best:
          R2_Score         : Train 0.9570, Val 0.9529, Test 0.9557
          RMSE             : Train 32.0639, Val 33.6662, Test 32.7528
Epoch 18: Loss:            : Train 0.0008, Val 0.0010, Test 0.0009
          R2_Score         : Train 0.9587, Val 0.9512, Test 0.9541
          RMSE             : Train 31.4245, Val 34.2489, Test 33.3315
Best:
          R2_Score         : Train 0.9570, Val 0.9529, Test 0.9557
          RMSE             : Train 32.0639, Val 33.6662, Test 32.7528
Epoch 19: Loss:            : Train 0.0008, Val 0.0009, Test 0.0009
          R2_Score         : Train 0.9595, Val 0.9541, Test 0.9568
          RMSE             : Train 31.1298, Val 33.2190, Test 32.3341
Best:
          R2_Score         : Train 0.9595, Val 0.9541, Test 0.9568
          RMSE             : Train 31.1298, Val 33.2190, Test 32.3341
Epoch 20: Loss:            : Train 0.0008, Val 0.0009, Test 0.0008
          R2_Score         : Train 0.9607, Val 0.9558, Test 0.9580
          RMSE             : Train 30.6387, Val 32.5928, Test 31.8796
Best:
          R2_Score         : Train 0.9607, Val 0.9558, Test 0.9580
          RMSE             : Train 30.6387, Val 32.5928, Test 31.8796
Epoch 21: Loss:            : Train 0.0007, Val 0.0009, Test 0.0008
          R2_Score         : Train 0.9620, Val 0.9562, Test 0.9586
          RMSE             : Train 30.1374, Val 32.4500, Test 31.6513
Best:
          R2_Score         : Train 0.9620, Val 0.9562, Test 0.9586
          RMSE             : Train 30.1374, Val 32.4500, Test 31.6513
Epoch 22: Loss:            : Train 0.0007, Val 0.0009, Test 0.0009
          R2_Score         : Train 0.9626, Val 0.9539, Test 0.9564
          RMSE             : Train 29.8952, Val 33.3046, Test 32.4866
Best:
          R2_Score         : Train 0.9620, Val 0.9562, Test 0.9586
          RMSE             : Train 30.1374, Val 32.4500, Test 31.6513
Epoch 23: Loss:            : Train 0.0007, Val 0.0008, Test 0.0008
          R2_Score         : Train 0.9633, Val 0.9584, Test 0.9603
          RMSE             : Train 29.6027, Val 31.6445, Test 30.9985
Best:
          R2_Score         : Train 0.9633, Val 0.9584, Test 0.9603
          RMSE             : Train 29.6027, Val 31.6445, Test 30.9985
Epoch 24: Loss:            : Train 0.0007, Val 0.0009, Test 0.0008
          R2_Score         : Train 0.9635, Val 0.9558, Test 0.9590
          RMSE             : Train 29.5203, Val 32.6115, Test 31.5031
Best:
          R2_Score         : Train 0.9633, Val 0.9584, Test 0.9603
          RMSE             : Train 29.6027, Val 31.6445, Test 30.9985
Epoch 25: Loss:            : Train 0.0007, Val 0.0008, Test 0.0008
          R2_Score         : Train 0.9640, Val 0.9588, Test 0.9606
          RMSE             : Train 29.3302, Val 31.4691, Test 30.8956
Best:
          R2_Score         : Train 0.9640, Val 0.9588, Test 0.9606
          RMSE             : Train 29.3302, Val 31.4691, Test 30.8956
Epoch 26: Loss:            : Train 0.0007, Val 0.0009, Test 0.0009
          R2_Score         : Train 0.9646, Val 0.9542, Test 0.9562
          RMSE             : Train 29.0869, Val 33.1780, Test 32.5574
Best:
          R2_Score         : Train 0.9640, Val 0.9588, Test 0.9606
          RMSE             : Train 29.3302, Val 31.4691, Test 30.8956
Epoch 27: Loss:            : Train 0.0007, Val 0.0008, Test 0.0007
          R2_Score         : Train 0.9650, Val 0.9596, Test 0.9622
          RMSE             : Train 28.9094, Val 31.1653, Test 30.2705
Best:
          R2_Score         : Train 0.9650, Val 0.9596, Test 0.9622
          RMSE             : Train 28.9094, Val 31.1653, Test 30.2705
Epoch 28: Loss:            : Train 0.0007, Val 0.0008, Test 0.0008
          R2_Score         : Train 0.9660, Val 0.9586, Test 0.9612
          RMSE             : Train 28.4997, Val 31.5517, Test 30.6501
Best:
          R2_Score         : Train 0.9650, Val 0.9596, Test 0.9622
          RMSE             : Train 28.9094, Val 31.1653, Test 30.2705
Epoch 29: Loss:            : Train 0.0007, Val 0.0008, Test 0.0008
          R2_Score         : Train 0.9663, Val 0.9596, Test 0.9612
          RMSE             : Train 28.3668, Val 31.1539, Test 30.6584
Best:
          R2_Score         : Train 0.9663, Val 0.9596, Test 0.9612
          RMSE             : Train 28.3668, Val 31.1539, Test 30.6584
Epoch 30: Loss:            : Train 0.0007, Val 0.0008, Test 0.0008
          R2_Score         : Train 0.9666, Val 0.9587, Test 0.9612
          RMSE             : Train 28.2559, Val 31.5267, Test 30.6740
Best:
          R2_Score         : Train 0.9663, Val 0.9596, Test 0.9612
          RMSE             : Train 28.3668, Val 31.1539, Test 30.6584
Epoch 31: Loss:            : Train 0.0007, Val 0.0008, Test 0.0008
          R2_Score         : Train 0.9666, Val 0.9587, Test 0.9607
          RMSE             : Train 28.2693, Val 31.5207, Test 30.8362
Best:
          R2_Score         : Train 0.9663, Val 0.9596, Test 0.9612
          RMSE             : Train 28.3668, Val 31.1539, Test 30.6584
Epoch 32: Loss:            : Train 0.0006, Val 0.0008, Test 0.0008
          R2_Score         : Train 0.9667, Val 0.9595, Test 0.9619
          RMSE             : Train 28.2116, Val 31.2225, Test 30.3621
Best:
          R2_Score         : Train 0.9663, Val 0.9596, Test 0.9612
          RMSE             : Train 28.3668, Val 31.1539, Test 30.6584
Epoch 33: Loss:            : Train 0.0006, Val 0.0008, Test 0.0008
          R2_Score         : Train 0.9672, Val 0.9585, Test 0.9613
          RMSE             : Train 28.0150, Val 31.5993, Test 30.6022
Best:
          R2_Score         : Train 0.9663, Val 0.9596, Test 0.9612
          RMSE             : Train 28.3668, Val 31.1539, Test 30.6584
Epoch 34: Loss:            : Train 0.0006, Val 0.0008, Test 0.0008
          R2_Score         : Train 0.9679, Val 0.9597, Test 0.9619
          RMSE             : Train 27.7072, Val 31.1182, Test 30.3911
Best:
          R2_Score         : Train 0.9679, Val 0.9597, Test 0.9619
          RMSE             : Train 27.7072, Val 31.1182, Test 30.3911
Epoch 35: Loss:            : Train 0.0006, Val 0.0008, Test 0.0008
          R2_Score         : Train 0.9679, Val 0.9584, Test 0.9611
          RMSE             : Train 27.6922, Val 31.6280, Test 30.6916
Best:
          R2_Score         : Train 0.9679, Val 0.9597, Test 0.9619
          RMSE             : Train 27.7072, Val 31.1182, Test 30.3911
Epoch 36: Loss:            : Train 0.0006, Val 0.0008, Test 0.0007
          R2_Score         : Train 0.9677, Val 0.9602, Test 0.9629
          RMSE             : Train 27.7731, Val 30.9336, Test 29.9755
Best:
          R2_Score         : Train 0.9677, Val 0.9602, Test 0.9629
          RMSE             : Train 27.7731, Val 30.9336, Test 29.9755
Epoch 37: Loss:            : Train 0.0006, Val 0.0008, Test 0.0007
          R2_Score         : Train 0.9684, Val 0.9592, Test 0.9622
          RMSE             : Train 27.5034, Val 31.3180, Test 30.2625
Best:
          R2_Score         : Train 0.9677, Val 0.9602, Test 0.9629
          RMSE             : Train 27.7731, Val 30.9336, Test 29.9755
Epoch 38: Loss:            : Train 0.0006, Val 0.0008, Test 0.0008
          R2_Score         : Train 0.9687, Val 0.9570, Test 0.9606
          RMSE             : Train 27.3624, Val 32.1464, Test 30.8967
Best:
          R2_Score         : Train 0.9677, Val 0.9602, Test 0.9629
          RMSE             : Train 27.7731, Val 30.9336, Test 29.9755
Epoch 39: Loss:            : Train 0.0006, Val 0.0008, Test 0.0007
          R2_Score         : Train 0.9685, Val 0.9610, Test 0.9631
          RMSE             : Train 27.4262, Val 30.6285, Test 29.9107
Best:
          R2_Score         : Train 0.9685, Val 0.9610, Test 0.9631
          RMSE             : Train 27.4262, Val 30.6285, Test 29.9107
Epoch 40: Loss:            : Train 0.0006, Val 0.0008, Test 0.0007
          R2_Score         : Train 0.9694, Val 0.9602, Test 0.9629
          RMSE             : Train 27.0642, Val 30.9287, Test 29.9714
Best:
          R2_Score         : Train 0.9685, Val 0.9610, Test 0.9631
          RMSE             : Train 27.4262, Val 30.6285, Test 29.9107
Epoch 41: Loss:            : Train 0.0006, Val 0.0008, Test 0.0008
          R2_Score         : Train 0.9690, Val 0.9570, Test 0.9591
          RMSE             : Train 27.2243, Val 32.1685, Test 31.4774
Best:
          R2_Score         : Train 0.9685, Val 0.9610, Test 0.9631
          RMSE             : Train 27.4262, Val 30.6285, Test 29.9107
Epoch 42: Loss:            : Train 0.0006, Val 0.0008, Test 0.0008
          R2_Score         : Train 0.9692, Val 0.9596, Test 0.9611
          RMSE             : Train 27.1432, Val 31.1548, Test 30.6845
Best:
          R2_Score         : Train 0.9685, Val 0.9610, Test 0.9631
          RMSE             : Train 27.4262, Val 30.6285, Test 29.9107
Epoch 43: Loss:            : Train 0.0006, Val 0.0008, Test 0.0008
          R2_Score         : Train 0.9696, Val 0.9589, Test 0.9617
          RMSE             : Train 26.9755, Val 31.4457, Test 30.4763
Best:
          R2_Score         : Train 0.9685, Val 0.9610, Test 0.9631
          RMSE             : Train 27.4262, Val 30.6285, Test 29.9107
Epoch 44: Loss:            : Train 0.0006, Val 0.0008, Test 0.0008
          R2_Score         : Train 0.9697, Val 0.9568, Test 0.9596
          RMSE             : Train 26.9026, Val 32.2379, Test 31.2625
Best:
          R2_Score         : Train 0.9685, Val 0.9610, Test 0.9631
          RMSE             : Train 27.4262, Val 30.6285, Test 29.9107
Epoch 45: Loss:            : Train 0.0006, Val 0.0008, Test 0.0008
          R2_Score         : Train 0.9698, Val 0.9576, Test 0.9605
          RMSE             : Train 26.8691, Val 31.9110, Test 30.9480
Best:
          R2_Score         : Train 0.9685, Val 0.9610, Test 0.9631
          RMSE             : Train 27.4262, Val 30.6285, Test 29.9107
Epoch 46: Loss:            : Train 0.0006, Val 0.0008, Test 0.0007
          R2_Score         : Train 0.9701, Val 0.9603, Test 0.9626
          RMSE             : Train 26.7145, Val 30.9151, Test 30.0970
Best:
          R2_Score         : Train 0.9685, Val 0.9610, Test 0.9631
          RMSE             : Train 27.4262, Val 30.6285, Test 29.9107
Epoch 47: Loss:            : Train 0.0006, Val 0.0008, Test 0.0007
          R2_Score         : Train 0.9700, Val 0.9605, Test 0.9637
          RMSE             : Train 26.7723, Val 30.8034, Test 29.6618
Best:
          R2_Score         : Train 0.9685, Val 0.9610, Test 0.9631
          RMSE             : Train 27.4262, Val 30.6285, Test 29.9107
Epoch 48: Loss:            : Train 0.0006, Val 0.0008, Test 0.0007
          R2_Score         : Train 0.9699, Val 0.9609, Test 0.9638
          RMSE             : Train 26.8371, Val 30.6486, Test 29.5928
Best:
          R2_Score         : Train 0.9685, Val 0.9610, Test 0.9631
          RMSE             : Train 27.4262, Val 30.6285, Test 29.9107
Epoch 49: Loss:            : Train 0.0006, Val 0.0008, Test 0.0007
          R2_Score         : Train 0.9706, Val 0.9598, Test 0.9627
          RMSE             : Train 26.5332, Val 31.0738, Test 30.0608
Best:
          R2_Score         : Train 0.9685, Val 0.9610, Test 0.9631
          RMSE             : Train 27.4262, Val 30.6285, Test 29.9107
Epoch 50: Loss:            : Train 0.0006, Val 0.0008, Test 0.0008
          R2_Score         : Train 0.9705, Val 0.9579, Test 0.9611
          RMSE             : Train 26.5589, Val 31.8170, Test 30.7120
Best:
          R2_Score         : Train 0.9685, Val 0.9610, Test 0.9631
          RMSE             : Train 27.4262, Val 30.6285, Test 29.9107
Epoch 51: Loss:            : Train 0.0006, Val 0.0008, Test 0.0007
          R2_Score         : Train 0.9709, Val 0.9590, Test 0.9621
          RMSE             : Train 26.3598, Val 31.4141, Test 30.3098
Best:
          R2_Score         : Train 0.9685, Val 0.9610, Test 0.9631
          RMSE             : Train 27.4262, Val 30.6285, Test 29.9107
Epoch 52: Loss:            : Train 0.0006, Val 0.0008, Test 0.0007
          R2_Score         : Train 0.9708, Val 0.9605, Test 0.9635
          RMSE             : Train 26.4149, Val 30.7992, Test 29.7319
Best:
          R2_Score         : Train 0.9685, Val 0.9610, Test 0.9631
          RMSE             : Train 27.4262, Val 30.6285, Test 29.9107
Epoch 53: Loss:            : Train 0.0006, Val 0.0008, Test 0.0008
          R2_Score         : Train 0.9709, Val 0.9586, Test 0.9613
          RMSE             : Train 26.3738, Val 31.5384, Test 30.6338
Best:
          R2_Score         : Train 0.9685, Val 0.9610, Test 0.9631
          RMSE             : Train 27.4262, Val 30.6285, Test 29.9107
Epoch 54: Loss:            : Train 0.0006, Val 0.0008, Test 0.0007
          R2_Score         : Train 0.9711, Val 0.9606, Test 0.9630
          RMSE             : Train 26.2799, Val 30.7842, Test 29.9265
Best:
          R2_Score         : Train 0.9685, Val 0.9610, Test 0.9631
          RMSE             : Train 27.4262, Val 30.6285, Test 29.9107
Epoch 55: Loss:            : Train 0.0006, Val 0.0009, Test 0.0008
          R2_Score         : Train 0.9712, Val 0.9556, Test 0.9585
          RMSE             : Train 26.2268, Val 32.6908, Test 31.6878
Best:
          R2_Score         : Train 0.9685, Val 0.9610, Test 0.9631
          RMSE             : Train 27.4262, Val 30.6285, Test 29.9107
Epoch 56: Loss:            : Train 0.0006, Val 0.0008, Test 0.0008
          R2_Score         : Train 0.9709, Val 0.9573, Test 0.9610
          RMSE             : Train 26.3535, Val 32.0307, Test 30.7388
Best:
          R2_Score         : Train 0.9685, Val 0.9610, Test 0.9631
          RMSE             : Train 27.4262, Val 30.6285, Test 29.9107
Epoch 57: Loss:            : Train 0.0006, Val 0.0008, Test 0.0007
          R2_Score         : Train 0.9716, Val 0.9601, Test 0.9632
          RMSE             : Train 26.0734, Val 30.9601, Test 29.8493
Best:
          R2_Score         : Train 0.9685, Val 0.9610, Test 0.9631
          RMSE             : Train 27.4262, Val 30.6285, Test 29.9107
Epoch 58: Loss:            : Train 0.0006, Val 0.0008, Test 0.0007
          R2_Score         : Train 0.9716, Val 0.9605, Test 0.9638
          RMSE             : Train 26.0548, Val 30.8315, Test 29.6292
Best:
          R2_Score         : Train 0.9685, Val 0.9610, Test 0.9631
          RMSE             : Train 27.4262, Val 30.6285, Test 29.9107
Epoch 59: Loss:            : Train 0.0005, Val 0.0008, Test 0.0007
          R2_Score         : Train 0.9720, Val 0.9602, Test 0.9635
          RMSE             : Train 25.8952, Val 30.9438, Test 29.7452
Best:
          R2_Score         : Train 0.9685, Val 0.9610, Test 0.9631
          RMSE             : Train 27.4262, Val 30.6285, Test 29.9107
Epoch 60: Loss:            : Train 0.0005, Val 0.0008, Test 0.0007
          R2_Score         : Train 0.9718, Val 0.9606, Test 0.9633
          RMSE             : Train 25.9531, Val 30.7915, Test 29.8301
Best:
          R2_Score         : Train 0.9685, Val 0.9610, Test 0.9631
          RMSE             : Train 27.4262, Val 30.6285, Test 29.9107
Epoch 61: Loss:            : Train 0.0005, Val 0.0008, Test 0.0007
          R2_Score         : Train 0.9718, Val 0.9601, Test 0.9635
          RMSE             : Train 25.9443, Val 30.9603, Test 29.7363
Best:
          R2_Score         : Train 0.9685, Val 0.9610, Test 0.9631
          RMSE             : Train 27.4262, Val 30.6285, Test 29.9107
Epoch 62: Loss:            : Train 0.0005, Val 0.0008, Test 0.0007
          R2_Score         : Train 0.9722, Val 0.9602, Test 0.9626
          RMSE             : Train 25.7789, Val 30.9306, Test 30.1001
Best:
          R2_Score         : Train 0.9685, Val 0.9610, Test 0.9631
          RMSE             : Train 27.4262, Val 30.6285, Test 29.9107
Epoch 63: Loss:            : Train 0.0005, Val 0.0008, Test 0.0007
          R2_Score         : Train 0.9722, Val 0.9598, Test 0.9625
          RMSE             : Train 25.7899, Val 31.0886, Test 30.1379
Best:
          R2_Score         : Train 0.9685, Val 0.9610, Test 0.9631
          RMSE             : Train 27.4262, Val 30.6285, Test 29.9107
Epoch 64: Loss:            : Train 0.0005, Val 0.0008, Test 0.0007
          R2_Score         : Train 0.9719, Val 0.9596, Test 0.9623
          RMSE             : Train 25.9242, Val 31.1565, Test 30.2101
Best:
          R2_Score         : Train 0.9685, Val 0.9610, Test 0.9631
          RMSE             : Train 27.4262, Val 30.6285, Test 29.9107
Epoch 65: Loss:            : Train 0.0005, Val 0.0008, Test 0.0007
          R2_Score         : Train 0.9725, Val 0.9594, Test 0.9626
          RMSE             : Train 25.6525, Val 31.2554, Test 30.1107
Best:
          R2_Score         : Train 0.9685, Val 0.9610, Test 0.9631
          RMSE             : Train 27.4262, Val 30.6285, Test 29.9107
Epoch 66: Loss:            : Train 0.0005, Val 0.0008, Test 0.0007
          R2_Score         : Train 0.9728, Val 0.9585, Test 0.9622
          RMSE             : Train 25.5109, Val 31.6031, Test 30.2609
Best:
          R2_Score         : Train 0.9685, Val 0.9610, Test 0.9631
          RMSE             : Train 27.4262, Val 30.6285, Test 29.9107
Epoch 67: Loss:            : Train 0.0005, Val 0.0008, Test 0.0007
          R2_Score         : Train 0.9726, Val 0.9599, Test 0.9631
          RMSE             : Train 25.6055, Val 31.0381, Test 29.9062
Best:
          R2_Score         : Train 0.9685, Val 0.9610, Test 0.9631
          RMSE             : Train 27.4262, Val 30.6285, Test 29.9107
Epoch 68: Loss:            : Train 0.0005, Val 0.0008, Test 0.0007
          R2_Score         : Train 0.9726, Val 0.9601, Test 0.9636
          RMSE             : Train 25.6065, Val 30.9725, Test 29.7018
Best:
          R2_Score         : Train 0.9685, Val 0.9610, Test 0.9631
          RMSE             : Train 27.4262, Val 30.6285, Test 29.9107
Epoch 69: Loss:            : Train 0.0005, Val 0.0008, Test 0.0008
          R2_Score         : Train 0.9730, Val 0.9574, Test 0.9606
          RMSE             : Train 25.3929, Val 31.9933, Test 30.8829
Best:
          R2_Score         : Train 0.9685, Val 0.9610, Test 0.9631
          RMSE             : Train 27.4262, Val 30.6285, Test 29.9107
Epoch 70: Loss:            : Train 0.0005, Val 0.0008, Test 0.0007
          R2_Score         : Train 0.9731, Val 0.9603, Test 0.9630
          RMSE             : Train 25.3695, Val 30.9092, Test 29.9255
Best:
          R2_Score         : Train 0.9685, Val 0.9610, Test 0.9631
          RMSE             : Train 27.4262, Val 30.6285, Test 29.9107
Epoch 71: Loss:            : Train 0.0005, Val 0.0008, Test 0.0007
          R2_Score         : Train 0.9731, Val 0.9597, Test 0.9629
          RMSE             : Train 25.3716, Val 31.1476, Test 29.9637
Best:
          R2_Score         : Train 0.9685, Val 0.9610, Test 0.9631
          RMSE             : Train 27.4262, Val 30.6285, Test 29.9107
Epoch 72: Loss:            : Train 0.0005, Val 0.0008, Test 0.0008
          R2_Score         : Train 0.9731, Val 0.9591, Test 0.9615
          RMSE             : Train 25.3424, Val 31.3527, Test 30.5496
Best:
          R2_Score         : Train 0.9685, Val 0.9610, Test 0.9631
          RMSE             : Train 27.4262, Val 30.6285, Test 29.9107
Epoch 73: Loss:            : Train 0.0005, Val 0.0008, Test 0.0007
          R2_Score         : Train 0.9733, Val 0.9604, Test 0.9628
          RMSE             : Train 25.2860, Val 30.8377, Test 30.0172
Best:
          R2_Score         : Train 0.9685, Val 0.9610, Test 0.9631
          RMSE             : Train 27.4262, Val 30.6285, Test 29.9107
Epoch 74: Loss:            : Train 0.0005, Val 0.0008, Test 0.0007
          R2_Score         : Train 0.9734, Val 0.9605, Test 0.9632
          RMSE             : Train 25.2408, Val 30.8141, Test 29.8526
Best:
          R2_Score         : Train 0.9685, Val 0.9610, Test 0.9631
          RMSE             : Train 27.4262, Val 30.6285, Test 29.9107
Epoch 75: Loss:            : Train 0.0005, Val 0.0008, Test 0.0008
          R2_Score         : Train 0.9733, Val 0.9583, Test 0.9608
          RMSE             : Train 25.2454, Val 31.6835, Test 30.8201
Best:
          R2_Score         : Train 0.9685, Val 0.9610, Test 0.9631
          RMSE             : Train 27.4262, Val 30.6285, Test 29.9107
Epoch 76: Loss:            : Train 0.0005, Val 0.0008, Test 0.0008
          R2_Score         : Train 0.9737, Val 0.9572, Test 0.9604
          RMSE             : Train 25.0833, Val 32.0751, Test 30.9852
Best:
          R2_Score         : Train 0.9685, Val 0.9610, Test 0.9631
          RMSE             : Train 27.4262, Val 30.6285, Test 29.9107
Epoch 77: Loss:            : Train 0.0005, Val 0.0008, Test 0.0007
          R2_Score         : Train 0.9737, Val 0.9603, Test 0.9627
          RMSE             : Train 25.0912, Val 30.8936, Test 30.0654
Best:
          R2_Score         : Train 0.9685, Val 0.9610, Test 0.9631
          RMSE             : Train 27.4262, Val 30.6285, Test 29.9107
Epoch 78: Loss:            : Train 0.0005, Val 0.0008, Test 0.0007
          R2_Score         : Train 0.9738, Val 0.9609, Test 0.9630
          RMSE             : Train 25.0243, Val 30.6723, Test 29.9426
Best:
          R2_Score         : Train 0.9685, Val 0.9610, Test 0.9631
          RMSE             : Train 27.4262, Val 30.6285, Test 29.9107
Epoch 79: Loss:            : Train 0.0005, Val 0.0008, Test 0.0007
          R2_Score         : Train 0.9741, Val 0.9601, Test 0.9623
          RMSE             : Train 24.8710, Val 30.9789, Test 30.2000
Best:
          R2_Score         : Train 0.9685, Val 0.9610, Test 0.9631
          RMSE             : Train 27.4262, Val 30.6285, Test 29.9107
Epoch 80: Loss:            : Train 0.0005, Val 0.0008, Test 0.0007
          R2_Score         : Train 0.9740, Val 0.9602, Test 0.9628
          RMSE             : Train 24.9388, Val 30.9226, Test 30.0075
Best:
          R2_Score         : Train 0.9685, Val 0.9610, Test 0.9631
          RMSE             : Train 27.4262, Val 30.6285, Test 29.9107
Epoch 81: Loss:            : Train 0.0005, Val 0.0008, Test 0.0007
          R2_Score         : Train 0.9738, Val 0.9591, Test 0.9622
          RMSE             : Train 25.0085, Val 31.3599, Test 30.2718
Best:
          R2_Score         : Train 0.9685, Val 0.9610, Test 0.9631
          RMSE             : Train 27.4262, Val 30.6285, Test 29.9107
Epoch 82: Loss:            : Train 0.0005, Val 0.0008, Test 0.0008
          R2_Score         : Train 0.9741, Val 0.9591, Test 0.9620
          RMSE             : Train 24.8675, Val 31.3616, Test 30.3448
Best:
          R2_Score         : Train 0.9685, Val 0.9610, Test 0.9631
          RMSE             : Train 27.4262, Val 30.6285, Test 29.9107
Epoch 83: Loss:            : Train 0.0005, Val 0.0008, Test 0.0007
          R2_Score         : Train 0.9738, Val 0.9587, Test 0.9622
          RMSE             : Train 25.0099, Val 31.5114, Test 30.2569
Best:
          R2_Score         : Train 0.9685, Val 0.9610, Test 0.9631
          RMSE             : Train 27.4262, Val 30.6285, Test 29.9107
Epoch 84: Loss:            : Train 0.0005, Val 0.0008, Test 0.0007
          R2_Score         : Train 0.9739, Val 0.9594, Test 0.9630
          RMSE             : Train 24.9681, Val 31.2261, Test 29.9284
Best:
          R2_Score         : Train 0.9685, Val 0.9610, Test 0.9631
          RMSE             : Train 27.4262, Val 30.6285, Test 29.9107
Epoch 85: Loss:            : Train 0.0005, Val 0.0008, Test 0.0007
          R2_Score         : Train 0.9744, Val 0.9604, Test 0.9626
          RMSE             : Train 24.7439, Val 30.8658, Test 30.1149
Best:
          R2_Score         : Train 0.9685, Val 0.9610, Test 0.9631
          RMSE             : Train 27.4262, Val 30.6285, Test 29.9107
Epoch 86: Loss:            : Train 0.0005, Val 0.0008, Test 0.0007
          R2_Score         : Train 0.9745, Val 0.9593, Test 0.9621
          RMSE             : Train 24.6672, Val 31.2733, Test 30.2869
Best:
          R2_Score         : Train 0.9685, Val 0.9610, Test 0.9631
          RMSE             : Train 27.4262, Val 30.6285, Test 29.9107
Epoch 87: Loss:            : Train 0.0005, Val 0.0008, Test 0.0007
          R2_Score         : Train 0.9745, Val 0.9596, Test 0.9623
          RMSE             : Train 24.6951, Val 31.1819, Test 30.2210
Best:
          R2_Score         : Train 0.9685, Val 0.9610, Test 0.9631
          RMSE             : Train 27.4262, Val 30.6285, Test 29.9107
Epoch 88: Loss:            : Train 0.0005, Val 0.0008, Test 0.0008
          R2_Score         : Train 0.9745, Val 0.9570, Test 0.9603
          RMSE             : Train 24.6675, Val 32.1658, Test 31.0272
Best:
          R2_Score         : Train 0.9685, Val 0.9610, Test 0.9631
          RMSE             : Train 27.4262, Val 30.6285, Test 29.9107
Epoch 89: Loss:            : Train 0.0005, Val 0.0008, Test 0.0008
          R2_Score         : Train 0.9747, Val 0.9572, Test 0.9608
          RMSE             : Train 24.5782, Val 32.0911, Test 30.8016
Best:
          R2_Score         : Train 0.9685, Val 0.9610, Test 0.9631
          RMSE             : Train 27.4262, Val 30.6285, Test 29.9107
Epoch 90: Loss:            : Train 0.0005, Val 0.0008, Test 0.0008
          R2_Score         : Train 0.9748, Val 0.9588, Test 0.9619
          RMSE             : Train 24.5469, Val 31.4775, Test 30.3831
Best:
          R2_Score         : Train 0.9685, Val 0.9610, Test 0.9631
          RMSE             : Train 27.4262, Val 30.6285, Test 29.9107
Epoch 91: Loss:            : Train 0.0005, Val 0.0008, Test 0.0008
          R2_Score         : Train 0.9752, Val 0.9590, Test 0.9607
          RMSE             : Train 24.3509, Val 31.3816, Test 30.8594
Best:
          R2_Score         : Train 0.9685, Val 0.9610, Test 0.9631
          RMSE             : Train 27.4262, Val 30.6285, Test 29.9107
Epoch 92: Loss:            : Train 0.0005, Val 0.0008, Test 0.0008
          R2_Score         : Train 0.9751, Val 0.9591, Test 0.9620
          RMSE             : Train 24.4051, Val 31.3452, Test 30.3536
Best:
          R2_Score         : Train 0.9685, Val 0.9610, Test 0.9631
          RMSE             : Train 27.4262, Val 30.6285, Test 29.9107
Epoch 93: Loss:            : Train 0.0005, Val 0.0008, Test 0.0008
          R2_Score         : Train 0.9751, Val 0.9583, Test 0.9614
          RMSE             : Train 24.3852, Val 31.6553, Test 30.5654
Best:
          R2_Score         : Train 0.9685, Val 0.9610, Test 0.9631
          RMSE             : Train 27.4262, Val 30.6285, Test 29.9107
Epoch 94: Loss:            : Train 0.0005, Val 0.0009, Test 0.0008
          R2_Score         : Train 0.9752, Val 0.9564, Test 0.9592
          RMSE             : Train 24.3384, Val 32.3774, Test 31.4464
Best:
          R2_Score         : Train 0.9685, Val 0.9610, Test 0.9631
          RMSE             : Train 27.4262, Val 30.6285, Test 29.9107
Epoch 95: Loss:            : Train 0.0005, Val 0.0008, Test 0.0007
          R2_Score         : Train 0.9753, Val 0.9601, Test 0.9625
          RMSE             : Train 24.3095, Val 30.9827, Test 30.1501
Best:
          R2_Score         : Train 0.9685, Val 0.9610, Test 0.9631
          RMSE             : Train 27.4262, Val 30.6285, Test 29.9107
Epoch 96: Loss:            : Train 0.0005, Val 0.0008, Test 0.0008
          R2_Score         : Train 0.9753, Val 0.9600, Test 0.9616
          RMSE             : Train 24.3201, Val 31.0232, Test 30.4832
Best:
          R2_Score         : Train 0.9685, Val 0.9610, Test 0.9631
          RMSE             : Train 27.4262, Val 30.6285, Test 29.9107
Epoch 97: Loss:            : Train 0.0005, Val 0.0008, Test 0.0008
          R2_Score         : Train 0.9756, Val 0.9594, Test 0.9619
          RMSE             : Train 24.1708, Val 31.2314, Test 30.3728
Best:
          R2_Score         : Train 0.9685, Val 0.9610, Test 0.9631
          RMSE             : Train 27.4262, Val 30.6285, Test 29.9107
Epoch 98: Loss:            : Train 0.0005, Val 0.0008, Test 0.0008
          R2_Score         : Train 0.9754, Val 0.9587, Test 0.9615
          RMSE             : Train 24.2351, Val 31.5064, Test 30.5365
Best:
          R2_Score         : Train 0.9685, Val 0.9610, Test 0.9631
          RMSE             : Train 27.4262, Val 30.6285, Test 29.9107
Epoch 99: Loss:            : Train 0.0005, Val 0.0008, Test 0.0008
          R2_Score         : Train 0.9754, Val 0.9590, Test 0.9615
          RMSE             : Train 24.2439, Val 31.3802, Test 30.5198
Best:
          R2_Score         : Train 0.9685, Val 0.9610, Test 0.9631
          RMSE             : Train 27.4262, Val 30.6285, Test 29.9107
Epoch 100: Loss:            : Train 0.0005, Val 0.0008, Test 0.0008
          R2_Score         : Train 0.9756, Val 0.9578, Test 0.9602
          RMSE             : Train 24.1413, Val 31.8654, Test 31.0588
Best:
          R2_Score         : Train 0.9685, Val 0.9610, Test 0.9631
          RMSE             : Train 27.4262, Val 30.6285, Test 29.9107
Training time (sec): 997
