Loading house from data/hdb/hdb_clean.csv
Loading airbnb from data/hdb/school_clean.csv
Current hdb columns Index(['floor_area_sqm', 'lease_commence_year_before_2020', 'tn_BEDOK',
       'tn_BISHAN', 'tn_BUKIT BATOK', 'tn_BUKIT MERAH', 'tn_BUKIT PANJANG',
       'tn_BUKIT TIMAH', 'tn_CENTRAL AREA', 'tn_CHOA CHU KANG', 'tn_CLEMENTI',
       'tn_GEYLANG', 'tn_HOUGANG', 'tn_JURONG EAST', 'tn_JURONG WEST',
       'tn_KALLANG/WHAMPOA', 'tn_MARINE PARADE', 'tn_PASIR RIS', 'tn_PUNGGOL',
       'tn_QUEENSTOWN', 'tn_SEMBAWANG', 'tn_SENGKANG', 'tn_SERANGOON',
       'tn_TAMPINES', 'tn_TOA PAYOH', 'tn_WOODLANDS', 'tn_YISHUN', 'ft_2 ROOM',
       'ft_3 ROOM', 'ft_4 ROOM', 'ft_5 ROOM', 'ft_EXECUTIVE',
       'ft_MULTI-GENERATION', 'sr_04 TO 06', 'sr_07 TO 09', 'sr_10 TO 12',
       'sr_13 TO 15', 'sr_16 TO 18', 'sr_19 TO 21', 'sr_22 TO 24',
       'sr_25 TO 27', 'sr_28 TO 30', 'sr_31 TO 33', 'sr_34 TO 36',
       'sr_37 TO 39', 'sr_40 TO 42', 'sr_43 TO 45', 'sr_46 TO 48',
       'sr_49 TO 51', 'fm_Adjoined flat', 'fm_Apartment', 'fm_DBSS',
       'fm_Improved', 'fm_Improved-Maisonette', 'fm_Maisonette', 'fm_Model A',
       'fm_Model A-Maisonette', 'fm_Model A2', 'fm_Multi Generation',
       'fm_New Generation', 'fm_Premium Apartment',
       'fm_Premium Apartment Loft', 'fm_Premium Maisonette', 'fm_Simplified',
       'fm_Standard', 'fm_Terrace', 'fm_Type S1', 'fm_Type S2', 'lon', 'lat'],
      dtype='object')
Current airbnb columns Index(['lon', 'lat', 'n_places_0', 'vacancy_rate_0', 'n_places_1',
       'vacancy_rate_1', 'n_places_2', 'vacancy_rate_2', 'n_places_3',
       'vacancy_rate_3'],
      dtype='object')
Loading data from cache
Done
Calculating noise scale
Standard variance of sim_score: 670924.21
Adding noise of scale 5.9460045848996864e-05 to sim_scores
Adding noise of scale 5.9460045848996864e-05 to sim_scores
Adding noise of scale 5.9460045848996864e-05 to sim_scores
Preparing time (sec): 3
Initializing dataloader
Done
Prepare for training
Start training
SplitNN summary
==========================================================================================
Layer (type:depth-idx)                   Output Shape              Param #
==========================================================================================
SplitNN                                  --                        --
├─MLP: 1                                 --                        --
│    └─ModuleList: 2-1                   --                        --
├─ModuleList: 1-1                        --                        --
│    └─MLP: 2                            --                        --
│    │    └─ModuleList: 3-1              --                        33,900
│    └─MLP: 2                            --                        --
│    │    └─ModuleList: 3-2              --                        21,900
│    └─MLP: 2-2                          [128, 100]                --
│    └─MLP: 2-3                          [128, 100]                --
├─MLP: 1-2                               [128, 10]                 --
│    └─ModuleList: 2-1                   --                        --
│    │    └─Linear: 3-3                  [128, 100]                20,100
│    │    └─Linear: 3-4                  [128, 10]                 1,010
==========================================================================================
Total params: 76,910
Trainable params: 76,910
Non-trainable params: 0
Total mult-adds (M): 9.84
==========================================================================================
Input size (MB): 0.04
Forward/backward pass size (MB): 0.73
Params size (MB): 0.31
Estimated Total Size (MB): 1.07
==========================================================================================
Merge model summary
==========================================================================================
Layer (type:depth-idx)                   Output Shape              Param #
==========================================================================================
ConvModel                                --                        --
├─Conv2d: 1-1                            [1, 8, 56, 10]            64
├─Dropout: 1-2                           [1, 4480]                 --
├─Linear: 1-3                            [1, 400]                  1,792,400
├─Dropout: 1-4                           [1, 400]                  --
├─Linear: 1-5                            [1, 1]                    401
==========================================================================================
Total params: 1,792,865
Trainable params: 1,792,865
Non-trainable params: 0
Total mult-adds (M): 1.83
==========================================================================================
Input size (MB): 0.00
Forward/backward pass size (MB): 0.04
Params size (MB): 7.17
Estimated Total Size (MB): 7.21
==========================================================================================
Similarity model summary
==========================================================================================
Layer (type:depth-idx)                   Output Shape              Param #
==========================================================================================
MLP                                      --                        --
├─ModuleList: 1-1                        --                        --
│    └─Linear: 2-1                       [1, 10]                   20
│    └─Linear: 2-2                       [1, 1]                    11
==========================================================================================
Total params: 31
Trainable params: 31
Non-trainable params: 0
Total mult-adds (M): 0.00
==========================================================================================
Input size (MB): 0.00
Forward/backward pass size (MB): 0.00
Params size (MB): 0.00
Estimated Total Size (MB): 0.00
==========================================================================================
n_classes=2
task=regression
model_name=hdb_fedsim_2022-01-25-11-52-34
sche_threshold=0.0001
sche_patience=10
sche_factor=0.1
use_scheduler=False
num_workers=4
device=cuda:0
test_batch_size=4096
train_batch_size=128
learning_rate=0.001
weight_decay=0.0001
num_epochs=100
model_save_path=ckp/hdb_fedsim_2022-01-25-11-52-34.pth
test_rate=0.2
val_rate=0.1
multiprocess_context=fork
metrics=['r2_score', 'rmse']
metrics_f=[<metric.r2_score.R2Score object at 0x7f4b1fdffa30>, <metric.rmse.RMSE object at 0x7f4b1fdffe20>]
hidden_sizes=[200, 100]
model=SplitNN(
  (agg_model): MLP(
    (fc_layers): ModuleList(
      (0): Linear(in_features=200, out_features=100, bias=True)
      (1): Linear(in_features=100, out_features=10, bias=True)
    )
  )
  (local_models): ModuleList(
    (0): MLP(
      (fc_layers): ModuleList(
        (0): Linear(in_features=68, out_features=200, bias=True)
        (1): Linear(in_features=200, out_features=100, bias=True)
      )
    )
    (1): MLP(
      (fc_layers): ModuleList(
        (0): Linear(in_features=8, out_features=200, bias=True)
        (1): Linear(in_features=200, out_features=100, bias=True)
      )
    )
  )
)
writer=<torch.utils.tensorboard.writer.SummaryWriter object at 0x7f4b1fdffbb0>
dataset_type=real
drop_key=True
num_common_features=2
tree_radius=0.01
tree_leaf_size=1000
knn_k=50
grid_min=-10.0
grid_max=10.0
grid_width=1.5
sim_scaler=StandardScaler()
filter_top_k=None
link_n_jobs=-1
psig_p=7
sim_leak_p=0.01
link_threshold_t=0.01
link_epsilon=0.005
n_hash_lsh=20
edit_distance_threshold=1
n_hash_func=10
collision_rate=0.05
qgram_q=2
link_delta=0.005
feature_wise_sim=False
blocking_method=knn_priv_float
center_threshold=0.5
n_clusters=100
local_hidden_sizes=[[200], [200]]
cut_dims=[100, 100]
agg_hidden_sizes=[100]
scale_analysis=<utils.privacy.SimNoiseScale object at 0x7f4b1fe17250>
mlp_merge=None
use_sim=True
use_conv=True
conv_kernel_v_size=7
conv_n_channels=8
merge_dropout_p=0.2
raw_output_dim=10
log_dir=log/hdb_fedsim_2022-01-25-11-52-34/
update_sim_freq=1
sim_model_save_path=ckp/hdb_fedsim_2022-01-25-11-52-34_sim.pth
merge_model_save_path=ckp/hdb_fedsim_2022-01-25-11-52-34_merge.pth
sim_batch_size=128
sim_weight_decay=1e-05
sim_learning_rate=0.001
merge_model=ConvModel(
  (conv1): Conv2d(1, 8, kernel_size=(7, 1), stride=(1, 1), padding=(6, 0))
  (fc1): Linear(in_features=4480, out_features=400, bias=True)
  (fc2): Linear(in_features=400, out_features=1, bias=True)
  (dropout1): Dropout(p=0.2, inplace=False)
  (dropout2): Dropout(p=0.2, inplace=False)
)
sim_model=MLP(
  (fc_layers): ModuleList(
    (0): Linear(in_features=1, out_features=10, bias=True)
    (1): Linear(in_features=10, out_features=1, bias=True)
  )
)
sim_hidden_sizes=[10]
merge_hidden_sizes=[400]
data1_shape=(92065, 70)
data2_shape=(165, 10)
Epoch 1: Loss:            : Train 0.0099, Val 0.0022, Test 0.0021
          R2_Score         : Train 0.4937, Val 0.8897, Test 0.8927
          RMSE             : Train 110.0176, Val 51.4930, Test 50.9670
Best:
          R2_Score         : Train 0.4937, Val 0.8897, Test 0.8927
          RMSE             : Train 110.0176, Val 51.4930, Test 50.9670
Epoch 2: Loss:            : Train 0.0019, Val 0.0017, Test 0.0016
          R2_Score         : Train 0.9030, Val 0.9142, Test 0.9180
          RMSE             : Train 48.1488, Val 45.4226, Test 44.5530
Best:
          R2_Score         : Train 0.9030, Val 0.9142, Test 0.9180
          RMSE             : Train 48.1488, Val 45.4226, Test 44.5530
Epoch 3: Loss:            : Train 0.0016, Val 0.0015, Test 0.0015
          R2_Score         : Train 0.9159, Val 0.9219, Test 0.9262
          RMSE             : Train 44.8521, Val 43.3295, Test 42.2750
Best:
          R2_Score         : Train 0.9159, Val 0.9219, Test 0.9262
          RMSE             : Train 44.8521, Val 43.3295, Test 42.2750
Epoch 4: Loss:            : Train 0.0016, Val 0.0015, Test 0.0014
          R2_Score         : Train 0.9203, Val 0.9242, Test 0.9290
          RMSE             : Train 43.6603, Val 42.6944, Test 41.4824
Best:
          R2_Score         : Train 0.9203, Val 0.9242, Test 0.9290
          RMSE             : Train 43.6603, Val 42.6944, Test 41.4824
Epoch 5: Loss:            : Train 0.0015, Val 0.0014, Test 0.0013
          R2_Score         : Train 0.9239, Val 0.9273, Test 0.9322
          RMSE             : Train 42.6466, Val 41.8218, Test 40.5222
Best:
          R2_Score         : Train 0.9239, Val 0.9273, Test 0.9322
          RMSE             : Train 42.6466, Val 41.8218, Test 40.5222
Epoch 6: Loss:            : Train 0.0014, Val 0.0014, Test 0.0013
          R2_Score         : Train 0.9273, Val 0.9299, Test 0.9335
          RMSE             : Train 41.6763, Val 41.0634, Test 40.1249
Best:
          R2_Score         : Train 0.9273, Val 0.9299, Test 0.9335
          RMSE             : Train 41.6763, Val 41.0634, Test 40.1249
Epoch 7: Loss:            : Train 0.0014, Val 0.0014, Test 0.0013
          R2_Score         : Train 0.9299, Val 0.9295, Test 0.9342
          RMSE             : Train 40.9403, Val 41.1781, Test 39.9329
Best:
          R2_Score         : Train 0.9273, Val 0.9299, Test 0.9335
          RMSE             : Train 41.6763, Val 41.0634, Test 40.1249
Epoch 8: Loss:            : Train 0.0013, Val 0.0013, Test 0.0012
          R2_Score         : Train 0.9325, Val 0.9340, Test 0.9374
          RMSE             : Train 40.1679, Val 39.8308, Test 38.9328
Best:
          R2_Score         : Train 0.9325, Val 0.9340, Test 0.9374
          RMSE             : Train 40.1679, Val 39.8308, Test 38.9328
Epoch 9: Loss:            : Train 0.0013, Val 0.0012, Test 0.0012
          R2_Score         : Train 0.9353, Val 0.9363, Test 0.9402
          RMSE             : Train 39.3360, Val 39.1313, Test 38.0429
Best:
          R2_Score         : Train 0.9353, Val 0.9363, Test 0.9402
          RMSE             : Train 39.3360, Val 39.1313, Test 38.0429
Epoch 10: Loss:            : Train 0.0012, Val 0.0012, Test 0.0011
          R2_Score         : Train 0.9376, Val 0.9387, Test 0.9426
          RMSE             : Train 38.6094, Val 38.3862, Test 37.2954
Best:
          R2_Score         : Train 0.9376, Val 0.9387, Test 0.9426
          RMSE             : Train 38.6094, Val 38.3862, Test 37.2954
Epoch 11: Loss:            : Train 0.0012, Val 0.0012, Test 0.0011
          R2_Score         : Train 0.9400, Val 0.9402, Test 0.9440
          RMSE             : Train 37.8827, Val 37.9220, Test 36.8381
Best:
          R2_Score         : Train 0.9400, Val 0.9402, Test 0.9440
          RMSE             : Train 37.8827, Val 37.9220, Test 36.8381
Epoch 12: Loss:            : Train 0.0011, Val 0.0011, Test 0.0011
          R2_Score         : Train 0.9433, Val 0.9415, Test 0.9462
          RMSE             : Train 36.8311, Val 37.5079, Test 36.1120
Best:
          R2_Score         : Train 0.9433, Val 0.9415, Test 0.9462
          RMSE             : Train 36.8311, Val 37.5079, Test 36.1120
Epoch 13: Loss:            : Train 0.0011, Val 0.0011, Test 0.0010
          R2_Score         : Train 0.9454, Val 0.9454, Test 0.9501
          RMSE             : Train 36.1216, Val 36.2286, Test 34.7704
Best:
          R2_Score         : Train 0.9454, Val 0.9454, Test 0.9501
          RMSE             : Train 36.1216, Val 36.2286, Test 34.7704
Epoch 14: Loss:            : Train 0.0010, Val 0.0010, Test 0.0009
          R2_Score         : Train 0.9480, Val 0.9476, Test 0.9520
          RMSE             : Train 35.2586, Val 35.4866, Test 34.0824
Best:
          R2_Score         : Train 0.9480, Val 0.9476, Test 0.9520
          RMSE             : Train 35.2586, Val 35.4866, Test 34.0824
Epoch 15: Loss:            : Train 0.0010, Val 0.0010, Test 0.0009
          R2_Score         : Train 0.9503, Val 0.9494, Test 0.9537
          RMSE             : Train 34.4841, Val 34.8680, Test 33.5004
Best:
          R2_Score         : Train 0.9503, Val 0.9494, Test 0.9537
          RMSE             : Train 34.4841, Val 34.8680, Test 33.5004
Epoch 16: Loss:            : Train 0.0009, Val 0.0010, Test 0.0009
          R2_Score         : Train 0.9527, Val 0.9510, Test 0.9551
          RMSE             : Train 33.6228, Val 34.3092, Test 32.9638
Best:
          R2_Score         : Train 0.9527, Val 0.9510, Test 0.9551
          RMSE             : Train 33.6228, Val 34.3092, Test 32.9638
Epoch 17: Loss:            : Train 0.0009, Val 0.0009, Test 0.0009
          R2_Score         : Train 0.9550, Val 0.9527, Test 0.9564
          RMSE             : Train 32.8144, Val 33.7342, Test 32.4927
Best:
          R2_Score         : Train 0.9550, Val 0.9527, Test 0.9564
          RMSE             : Train 32.8144, Val 33.7342, Test 32.4927
Epoch 18: Loss:            : Train 0.0009, Val 0.0009, Test 0.0008
          R2_Score         : Train 0.9562, Val 0.9537, Test 0.9579
          RMSE             : Train 32.3644, Val 33.3696, Test 31.9343
Best:
          R2_Score         : Train 0.9562, Val 0.9537, Test 0.9579
          RMSE             : Train 32.3644, Val 33.3696, Test 31.9343
Epoch 19: Loss:            : Train 0.0008, Val 0.0009, Test 0.0008
          R2_Score         : Train 0.9580, Val 0.9538, Test 0.9581
          RMSE             : Train 31.6944, Val 33.3288, Test 31.8487
Best:
          R2_Score         : Train 0.9580, Val 0.9538, Test 0.9581
          RMSE             : Train 31.6944, Val 33.3288, Test 31.8487
Epoch 20: Loss:            : Train 0.0008, Val 0.0010, Test 0.0009
          R2_Score         : Train 0.9589, Val 0.9504, Test 0.9544
          RMSE             : Train 31.3367, Val 34.5316, Test 33.2233
Best:
          R2_Score         : Train 0.9580, Val 0.9538, Test 0.9581
          RMSE             : Train 31.6944, Val 33.3288, Test 31.8487
Epoch 21: Loss:            : Train 0.0008, Val 0.0008, Test 0.0008
          R2_Score         : Train 0.9603, Val 0.9567, Test 0.9606
          RMSE             : Train 30.8031, Val 32.2669, Test 30.8841
Best:
          R2_Score         : Train 0.9603, Val 0.9567, Test 0.9606
          RMSE             : Train 30.8031, Val 32.2669, Test 30.8841
Epoch 22: Loss:            : Train 0.0007, Val 0.0008, Test 0.0007
          R2_Score         : Train 0.9616, Val 0.9585, Test 0.9623
          RMSE             : Train 30.2971, Val 31.5787, Test 30.2108
Best:
          R2_Score         : Train 0.9616, Val 0.9585, Test 0.9623
          RMSE             : Train 30.2971, Val 31.5787, Test 30.2108
Epoch 23: Loss:            : Train 0.0007, Val 0.0008, Test 0.0007
          R2_Score         : Train 0.9620, Val 0.9585, Test 0.9623
          RMSE             : Train 30.1257, Val 31.5787, Test 30.2066
Best:
          R2_Score         : Train 0.9620, Val 0.9585, Test 0.9623
          RMSE             : Train 30.1257, Val 31.5787, Test 30.2066
Epoch 24: Loss:            : Train 0.0007, Val 0.0008, Test 0.0007
          R2_Score         : Train 0.9627, Val 0.9595, Test 0.9627
          RMSE             : Train 29.8461, Val 31.1933, Test 30.0556
Best:
          R2_Score         : Train 0.9627, Val 0.9595, Test 0.9627
          RMSE             : Train 29.8461, Val 31.1933, Test 30.0556
Epoch 25: Loss:            : Train 0.0007, Val 0.0008, Test 0.0007
          R2_Score         : Train 0.9639, Val 0.9592, Test 0.9631
          RMSE             : Train 29.3798, Val 31.3038, Test 29.9135
Best:
          R2_Score         : Train 0.9627, Val 0.9595, Test 0.9627
          RMSE             : Train 29.8461, Val 31.1933, Test 30.0556
Epoch 26: Loss:            : Train 0.0007, Val 0.0009, Test 0.0008
          R2_Score         : Train 0.9644, Val 0.9541, Test 0.9587
          RMSE             : Train 29.1576, Val 33.2064, Test 31.6130
Best:
          R2_Score         : Train 0.9627, Val 0.9595, Test 0.9627
          RMSE             : Train 29.8461, Val 31.1933, Test 30.0556
Epoch 27: Loss:            : Train 0.0007, Val 0.0008, Test 0.0007
          R2_Score         : Train 0.9647, Val 0.9603, Test 0.9639
          RMSE             : Train 29.0433, Val 30.8947, Test 29.5733
Best:
          R2_Score         : Train 0.9647, Val 0.9603, Test 0.9639
          RMSE             : Train 29.0433, Val 30.8947, Test 29.5733
Epoch 28: Loss:            : Train 0.0007, Val 0.0008, Test 0.0007
          R2_Score         : Train 0.9652, Val 0.9587, Test 0.9625
          RMSE             : Train 28.8336, Val 31.5071, Test 30.1517
Best:
          R2_Score         : Train 0.9647, Val 0.9603, Test 0.9639
          RMSE             : Train 29.0433, Val 30.8947, Test 29.5733
Epoch 29: Loss:            : Train 0.0007, Val 0.0008, Test 0.0007
          R2_Score         : Train 0.9659, Val 0.9606, Test 0.9648
          RMSE             : Train 28.5442, Val 30.7693, Test 29.2179
Best:
          R2_Score         : Train 0.9659, Val 0.9606, Test 0.9648
          RMSE             : Train 28.5442, Val 30.7693, Test 29.2179
Epoch 30: Loss:            : Train 0.0007, Val 0.0008, Test 0.0007
          R2_Score         : Train 0.9661, Val 0.9597, Test 0.9635
          RMSE             : Train 28.4765, Val 31.1190, Test 29.7449
Best:
          R2_Score         : Train 0.9659, Val 0.9606, Test 0.9648
          RMSE             : Train 28.5442, Val 30.7693, Test 29.2179
Epoch 31: Loss:            : Train 0.0006, Val 0.0009, Test 0.0008
          R2_Score         : Train 0.9668, Val 0.9543, Test 0.9586
          RMSE             : Train 28.1922, Val 33.1659, Test 31.6819
Best:
          R2_Score         : Train 0.9659, Val 0.9606, Test 0.9648
          RMSE             : Train 28.5442, Val 30.7693, Test 29.2179
Epoch 32: Loss:            : Train 0.0006, Val 0.0008, Test 0.0007
          R2_Score         : Train 0.9672, Val 0.9615, Test 0.9648
          RMSE             : Train 28.0120, Val 30.4154, Test 29.2102
Best:
          R2_Score         : Train 0.9672, Val 0.9615, Test 0.9648
          RMSE             : Train 28.0120, Val 30.4154, Test 29.2102
Epoch 33: Loss:            : Train 0.0006, Val 0.0008, Test 0.0007
          R2_Score         : Train 0.9677, Val 0.9608, Test 0.9647
          RMSE             : Train 27.7966, Val 30.6929, Test 29.2246
Best:
          R2_Score         : Train 0.9672, Val 0.9615, Test 0.9648
          RMSE             : Train 28.0120, Val 30.4154, Test 29.2102
Epoch 34: Loss:            : Train 0.0006, Val 0.0008, Test 0.0007
          R2_Score         : Train 0.9679, Val 0.9612, Test 0.9653
          RMSE             : Train 27.7182, Val 30.5525, Test 28.9745
Best:
          R2_Score         : Train 0.9672, Val 0.9615, Test 0.9648
          RMSE             : Train 28.0120, Val 30.4154, Test 29.2102
Epoch 35: Loss:            : Train 0.0006, Val 0.0008, Test 0.0007
          R2_Score         : Train 0.9683, Val 0.9610, Test 0.9648
          RMSE             : Train 27.5428, Val 30.6323, Test 29.2145
Best:
          R2_Score         : Train 0.9672, Val 0.9615, Test 0.9648
          RMSE             : Train 28.0120, Val 30.4154, Test 29.2102
Epoch 36: Loss:            : Train 0.0006, Val 0.0007, Test 0.0007
          R2_Score         : Train 0.9684, Val 0.9618, Test 0.9645
          RMSE             : Train 27.4926, Val 30.2901, Test 29.3271
Best:
          R2_Score         : Train 0.9684, Val 0.9618, Test 0.9645
          RMSE             : Train 27.4926, Val 30.2901, Test 29.3271
Epoch 37: Loss:            : Train 0.0006, Val 0.0007, Test 0.0007
          R2_Score         : Train 0.9686, Val 0.9618, Test 0.9656
          RMSE             : Train 27.3810, Val 30.3003, Test 28.8719
Best:
          R2_Score         : Train 0.9684, Val 0.9618, Test 0.9645
          RMSE             : Train 27.4926, Val 30.2901, Test 29.3271
Epoch 38: Loss:            : Train 0.0006, Val 0.0008, Test 0.0008
          R2_Score         : Train 0.9689, Val 0.9576, Test 0.9614
          RMSE             : Train 27.2773, Val 31.9415, Test 30.5721
Best:
          R2_Score         : Train 0.9684, Val 0.9618, Test 0.9645
          RMSE             : Train 27.4926, Val 30.2901, Test 29.3271
Epoch 39: Loss:            : Train 0.0006, Val 0.0008, Test 0.0007
          R2_Score         : Train 0.9692, Val 0.9592, Test 0.9623
          RMSE             : Train 27.1276, Val 31.3026, Test 30.1978
Best:
          R2_Score         : Train 0.9684, Val 0.9618, Test 0.9645
          RMSE             : Train 27.4926, Val 30.2901, Test 29.3271
Epoch 40: Loss:            : Train 0.0006, Val 0.0007, Test 0.0007
          R2_Score         : Train 0.9693, Val 0.9626, Test 0.9664
          RMSE             : Train 27.0964, Val 30.0015, Test 28.5077
Best:
          R2_Score         : Train 0.9693, Val 0.9626, Test 0.9664
          RMSE             : Train 27.0964, Val 30.0015, Test 28.5077
Epoch 41: Loss:            : Train 0.0006, Val 0.0008, Test 0.0007
          R2_Score         : Train 0.9696, Val 0.9604, Test 0.9642
          RMSE             : Train 26.9598, Val 30.8586, Test 29.4560
Best:
          R2_Score         : Train 0.9693, Val 0.9626, Test 0.9664
          RMSE             : Train 27.0964, Val 30.0015, Test 28.5077
Epoch 42: Loss:            : Train 0.0006, Val 0.0007, Test 0.0007
          R2_Score         : Train 0.9697, Val 0.9621, Test 0.9657
          RMSE             : Train 26.9032, Val 30.2039, Test 28.8169
Best:
          R2_Score         : Train 0.9693, Val 0.9626, Test 0.9664
          RMSE             : Train 27.0964, Val 30.0015, Test 28.5077
Epoch 43: Loss:            : Train 0.0006, Val 0.0008, Test 0.0007
          R2_Score         : Train 0.9701, Val 0.9610, Test 0.9646
          RMSE             : Train 26.7244, Val 30.6321, Test 29.2677
Best:
          R2_Score         : Train 0.9693, Val 0.9626, Test 0.9664
          RMSE             : Train 27.0964, Val 30.0015, Test 28.5077
Epoch 44: Loss:            : Train 0.0006, Val 0.0008, Test 0.0007
          R2_Score         : Train 0.9704, Val 0.9610, Test 0.9641
          RMSE             : Train 26.5876, Val 30.6312, Test 29.4865
Best:
          R2_Score         : Train 0.9693, Val 0.9626, Test 0.9664
          RMSE             : Train 27.0964, Val 30.0015, Test 28.5077
Epoch 45: Loss:            : Train 0.0006, Val 0.0007, Test 0.0007
          R2_Score         : Train 0.9708, Val 0.9622, Test 0.9659
          RMSE             : Train 26.4415, Val 30.1460, Test 28.7559
Best:
          R2_Score         : Train 0.9693, Val 0.9626, Test 0.9664
          RMSE             : Train 27.0964, Val 30.0015, Test 28.5077
Epoch 46: Loss:            : Train 0.0006, Val 0.0008, Test 0.0007
          R2_Score         : Train 0.9707, Val 0.9609, Test 0.9649
          RMSE             : Train 26.4446, Val 30.6636, Test 29.1712
Best:
          R2_Score         : Train 0.9693, Val 0.9626, Test 0.9664
          RMSE             : Train 27.0964, Val 30.0015, Test 28.5077
Epoch 47: Loss:            : Train 0.0006, Val 0.0007, Test 0.0007
          R2_Score         : Train 0.9711, Val 0.9622, Test 0.9659
          RMSE             : Train 26.2981, Val 30.1443, Test 28.7314
Best:
          R2_Score         : Train 0.9693, Val 0.9626, Test 0.9664
          RMSE             : Train 27.0964, Val 30.0015, Test 28.5077
Epoch 48: Loss:            : Train 0.0006, Val 0.0008, Test 0.0007
          R2_Score         : Train 0.9711, Val 0.9610, Test 0.9646
          RMSE             : Train 26.2911, Val 30.6087, Test 29.2816
Best:
          R2_Score         : Train 0.9693, Val 0.9626, Test 0.9664
          RMSE             : Train 27.0964, Val 30.0015, Test 28.5077
Epoch 49: Loss:            : Train 0.0006, Val 0.0007, Test 0.0007
          R2_Score         : Train 0.9712, Val 0.9625, Test 0.9663
          RMSE             : Train 26.2212, Val 30.0283, Test 28.5574
Best:
          R2_Score         : Train 0.9693, Val 0.9626, Test 0.9664
          RMSE             : Train 27.0964, Val 30.0015, Test 28.5077
Epoch 50: Loss:            : Train 0.0006, Val 0.0008, Test 0.0008
          R2_Score         : Train 0.9712, Val 0.9588, Test 0.9620
          RMSE             : Train 26.2369, Val 31.4871, Test 30.3547
Best:
          R2_Score         : Train 0.9693, Val 0.9626, Test 0.9664
          RMSE             : Train 27.0964, Val 30.0015, Test 28.5077
Epoch 51: Loss:            : Train 0.0006, Val 0.0008, Test 0.0007
          R2_Score         : Train 0.9714, Val 0.9598, Test 0.9628
          RMSE             : Train 26.1614, Val 31.0823, Test 30.0005
Best:
          R2_Score         : Train 0.9693, Val 0.9626, Test 0.9664
          RMSE             : Train 27.0964, Val 30.0015, Test 28.5077
Epoch 52: Loss:            : Train 0.0005, Val 0.0008, Test 0.0007
          R2_Score         : Train 0.9718, Val 0.9612, Test 0.9647
          RMSE             : Train 25.9631, Val 30.5568, Test 29.2575
Best:
          R2_Score         : Train 0.9693, Val 0.9626, Test 0.9664
          RMSE             : Train 27.0964, Val 30.0015, Test 28.5077
Epoch 53: Loss:            : Train 0.0005, Val 0.0007, Test 0.0007
          R2_Score         : Train 0.9720, Val 0.9622, Test 0.9657
          RMSE             : Train 25.8635, Val 30.1433, Test 28.8087
Best:
          R2_Score         : Train 0.9693, Val 0.9626, Test 0.9664
          RMSE             : Train 27.0964, Val 30.0015, Test 28.5077
Epoch 54: Loss:            : Train 0.0005, Val 0.0008, Test 0.0007
          R2_Score         : Train 0.9722, Val 0.9616, Test 0.9646
          RMSE             : Train 25.7686, Val 30.3905, Test 29.2978
Best:
          R2_Score         : Train 0.9693, Val 0.9626, Test 0.9664
          RMSE             : Train 27.0964, Val 30.0015, Test 28.5077
Epoch 55: Loss:            : Train 0.0005, Val 0.0008, Test 0.0007
          R2_Score         : Train 0.9719, Val 0.9608, Test 0.9636
          RMSE             : Train 25.8989, Val 30.6991, Test 29.6991
Best:
          R2_Score         : Train 0.9693, Val 0.9626, Test 0.9664
          RMSE             : Train 27.0964, Val 30.0015, Test 28.5077
Epoch 56: Loss:            : Train 0.0005, Val 0.0008, Test 0.0007
          R2_Score         : Train 0.9722, Val 0.9585, Test 0.9626
          RMSE             : Train 25.7812, Val 31.5841, Test 30.1008
Best:
          R2_Score         : Train 0.9693, Val 0.9626, Test 0.9664
          RMSE             : Train 27.0964, Val 30.0015, Test 28.5077
Epoch 57: Loss:            : Train 0.0005, Val 0.0007, Test 0.0007
          R2_Score         : Train 0.9722, Val 0.9619, Test 0.9650
          RMSE             : Train 25.7819, Val 30.2642, Test 29.0966
Best:
          R2_Score         : Train 0.9693, Val 0.9626, Test 0.9664
          RMSE             : Train 27.0964, Val 30.0015, Test 28.5077
Epoch 58: Loss:            : Train 0.0005, Val 0.0008, Test 0.0008
          R2_Score         : Train 0.9725, Val 0.9589, Test 0.9613
          RMSE             : Train 25.6471, Val 31.4471, Test 30.5978
Best:
          R2_Score         : Train 0.9693, Val 0.9626, Test 0.9664
          RMSE             : Train 27.0964, Val 30.0015, Test 28.5077
Epoch 59: Loss:            : Train 0.0005, Val 0.0007, Test 0.0007
          R2_Score         : Train 0.9725, Val 0.9629, Test 0.9657
          RMSE             : Train 25.6377, Val 29.8578, Test 28.8134
Best:
          R2_Score         : Train 0.9725, Val 0.9629, Test 0.9657
          RMSE             : Train 25.6377, Val 29.8578, Test 28.8134
Epoch 60: Loss:            : Train 0.0005, Val 0.0007, Test 0.0007
          R2_Score         : Train 0.9726, Val 0.9618, Test 0.9652
          RMSE             : Train 25.5737, Val 30.2910, Test 29.0507
Best:
          R2_Score         : Train 0.9725, Val 0.9629, Test 0.9657
          RMSE             : Train 25.6377, Val 29.8578, Test 28.8134
Epoch 61: Loss:            : Train 0.0005, Val 0.0007, Test 0.0007
          R2_Score         : Train 0.9729, Val 0.9630, Test 0.9663
          RMSE             : Train 25.4532, Val 29.8416, Test 28.5634
Best:
          R2_Score         : Train 0.9729, Val 0.9630, Test 0.9663
          RMSE             : Train 25.4532, Val 29.8416, Test 28.5634
Epoch 62: Loss:            : Train 0.0005, Val 0.0007, Test 0.0007
          R2_Score         : Train 0.9730, Val 0.9625, Test 0.9658
          RMSE             : Train 25.4219, Val 30.0469, Test 28.7614
Best:
          R2_Score         : Train 0.9729, Val 0.9630, Test 0.9663
          RMSE             : Train 25.4532, Val 29.8416, Test 28.5634
Epoch 63: Loss:            : Train 0.0005, Val 0.0007, Test 0.0007
          R2_Score         : Train 0.9733, Val 0.9623, Test 0.9659
          RMSE             : Train 25.2414, Val 30.1094, Test 28.7191
Best:
          R2_Score         : Train 0.9729, Val 0.9630, Test 0.9663
          RMSE             : Train 25.4532, Val 29.8416, Test 28.5634
Epoch 64: Loss:            : Train 0.0005, Val 0.0007, Test 0.0007
          R2_Score         : Train 0.9732, Val 0.9624, Test 0.9657
          RMSE             : Train 25.2892, Val 30.0505, Test 28.8179
Best:
          R2_Score         : Train 0.9729, Val 0.9630, Test 0.9663
          RMSE             : Train 25.4532, Val 29.8416, Test 28.5634
Epoch 65: Loss:            : Train 0.0005, Val 0.0008, Test 0.0007
          R2_Score         : Train 0.9734, Val 0.9616, Test 0.9651
          RMSE             : Train 25.2312, Val 30.3738, Test 29.0610
Best:
          R2_Score         : Train 0.9729, Val 0.9630, Test 0.9663
          RMSE             : Train 25.4532, Val 29.8416, Test 28.5634
Epoch 66: Loss:            : Train 0.0005, Val 0.0007, Test 0.0007
          R2_Score         : Train 0.9733, Val 0.9625, Test 0.9655
          RMSE             : Train 25.2462, Val 30.0123, Test 28.9261
Best:
          R2_Score         : Train 0.9729, Val 0.9630, Test 0.9663
          RMSE             : Train 25.4532, Val 29.8416, Test 28.5634
Epoch 67: Loss:            : Train 0.0005, Val 0.0007, Test 0.0007
          R2_Score         : Train 0.9739, Val 0.9624, Test 0.9655
          RMSE             : Train 24.9649, Val 30.0596, Test 28.8866
Best:
          R2_Score         : Train 0.9729, Val 0.9630, Test 0.9663
          RMSE             : Train 25.4532, Val 29.8416, Test 28.5634
Epoch 68: Loss:            : Train 0.0005, Val 0.0007, Test 0.0007
          R2_Score         : Train 0.9738, Val 0.9625, Test 0.9658
          RMSE             : Train 25.0100, Val 30.0292, Test 28.7896
Best:
          R2_Score         : Train 0.9729, Val 0.9630, Test 0.9663
          RMSE             : Train 25.4532, Val 29.8416, Test 28.5634
Epoch 69: Loss:            : Train 0.0005, Val 0.0007, Test 0.0007
          R2_Score         : Train 0.9738, Val 0.9622, Test 0.9654
          RMSE             : Train 25.0361, Val 30.1434, Test 28.9676
Best:
          R2_Score         : Train 0.9729, Val 0.9630, Test 0.9663
          RMSE             : Train 25.4532, Val 29.8416, Test 28.5634
Epoch 70: Loss:            : Train 0.0005, Val 0.0008, Test 0.0007
          R2_Score         : Train 0.9741, Val 0.9615, Test 0.9652
          RMSE             : Train 24.8915, Val 30.4213, Test 29.0501
Best:
          R2_Score         : Train 0.9729, Val 0.9630, Test 0.9663
          RMSE             : Train 25.4532, Val 29.8416, Test 28.5634
Epoch 71: Loss:            : Train 0.0005, Val 0.0008, Test 0.0007
          R2_Score         : Train 0.9741, Val 0.9610, Test 0.9649
          RMSE             : Train 24.9055, Val 30.6036, Test 29.1432
Best:
          R2_Score         : Train 0.9729, Val 0.9630, Test 0.9663
          RMSE             : Train 25.4532, Val 29.8416, Test 28.5634
Epoch 72: Loss:            : Train 0.0005, Val 0.0007, Test 0.0007
          R2_Score         : Train 0.9742, Val 0.9622, Test 0.9659
          RMSE             : Train 24.8299, Val 30.1404, Test 28.7529
Best:
          R2_Score         : Train 0.9729, Val 0.9630, Test 0.9663
          RMSE             : Train 25.4532, Val 29.8416, Test 28.5634
Epoch 73: Loss:            : Train 0.0005, Val 0.0007, Test 0.0007
          R2_Score         : Train 0.9745, Val 0.9622, Test 0.9655
          RMSE             : Train 24.6762, Val 30.1426, Test 28.8971
Best:
          R2_Score         : Train 0.9729, Val 0.9630, Test 0.9663
          RMSE             : Train 25.4532, Val 29.8416, Test 28.5634
Epoch 74: Loss:            : Train 0.0005, Val 0.0008, Test 0.0007
          R2_Score         : Train 0.9746, Val 0.9596, Test 0.9634
          RMSE             : Train 24.6436, Val 31.1595, Test 29.7757
Best:
          R2_Score         : Train 0.9729, Val 0.9630, Test 0.9663
          RMSE             : Train 25.4532, Val 29.8416, Test 28.5634
Epoch 75: Loss:            : Train 0.0005, Val 0.0007, Test 0.0007
          R2_Score         : Train 0.9747, Val 0.9621, Test 0.9652
          RMSE             : Train 24.6086, Val 30.1969, Test 29.0390
Best:
          R2_Score         : Train 0.9729, Val 0.9630, Test 0.9663
          RMSE             : Train 25.4532, Val 29.8416, Test 28.5634
Epoch 76: Loss:            : Train 0.0005, Val 0.0008, Test 0.0007
          R2_Score         : Train 0.9748, Val 0.9615, Test 0.9650
          RMSE             : Train 24.5280, Val 30.4226, Test 29.1339
Best:
          R2_Score         : Train 0.9729, Val 0.9630, Test 0.9663
          RMSE             : Train 25.4532, Val 29.8416, Test 28.5634
Epoch 77: Loss:            : Train 0.0005, Val 0.0008, Test 0.0007
          R2_Score         : Train 0.9746, Val 0.9605, Test 0.9646
          RMSE             : Train 24.6301, Val 30.8083, Test 29.2888
Best:
          R2_Score         : Train 0.9729, Val 0.9630, Test 0.9663
          RMSE             : Train 25.4532, Val 29.8416, Test 28.5634
Epoch 78: Loss:            : Train 0.0005, Val 0.0008, Test 0.0007
          R2_Score         : Train 0.9748, Val 0.9598, Test 0.9630
          RMSE             : Train 24.5504, Val 31.0835, Test 29.9455
Best:
          R2_Score         : Train 0.9729, Val 0.9630, Test 0.9663
          RMSE             : Train 25.4532, Val 29.8416, Test 28.5634
Epoch 79: Loss:            : Train 0.0005, Val 0.0008, Test 0.0007
          R2_Score         : Train 0.9750, Val 0.9615, Test 0.9652
          RMSE             : Train 24.4605, Val 30.4182, Test 29.0112
Best:
          R2_Score         : Train 0.9729, Val 0.9630, Test 0.9663
          RMSE             : Train 25.4532, Val 29.8416, Test 28.5634
Epoch 80: Loss:            : Train 0.0005, Val 0.0008, Test 0.0007
          R2_Score         : Train 0.9752, Val 0.9615, Test 0.9653
          RMSE             : Train 24.3673, Val 30.4077, Test 28.9735
Best:
          R2_Score         : Train 0.9729, Val 0.9630, Test 0.9663
          RMSE             : Train 25.4532, Val 29.8416, Test 28.5634
Epoch 81: Loss:            : Train 0.0005, Val 0.0008, Test 0.0007
          R2_Score         : Train 0.9751, Val 0.9601, Test 0.9643
          RMSE             : Train 24.4167, Val 30.9602, Test 29.4046
Best:
          R2_Score         : Train 0.9729, Val 0.9630, Test 0.9663
          RMSE             : Train 25.4532, Val 29.8416, Test 28.5634
Epoch 82: Loss:            : Train 0.0005, Val 0.0008, Test 0.0007
          R2_Score         : Train 0.9752, Val 0.9596, Test 0.9633
          RMSE             : Train 24.3403, Val 31.1524, Test 29.8121
Best:
          R2_Score         : Train 0.9729, Val 0.9630, Test 0.9663
          RMSE             : Train 25.4532, Val 29.8416, Test 28.5634
Epoch 83: Loss:            : Train 0.0005, Val 0.0008, Test 0.0007
          R2_Score         : Train 0.9754, Val 0.9613, Test 0.9650
          RMSE             : Train 24.2668, Val 30.4867, Test 29.1286
Best:
          R2_Score         : Train 0.9729, Val 0.9630, Test 0.9663
          RMSE             : Train 25.4532, Val 29.8416, Test 28.5634
Epoch 84: Loss:            : Train 0.0005, Val 0.0008, Test 0.0007
          R2_Score         : Train 0.9758, Val 0.9610, Test 0.9641
          RMSE             : Train 24.0479, Val 30.6225, Test 29.4678
Best:
          R2_Score         : Train 0.9729, Val 0.9630, Test 0.9663
          RMSE             : Train 25.4532, Val 29.8416, Test 28.5634
Epoch 85: Loss:            : Train 0.0005, Val 0.0008, Test 0.0007
          R2_Score         : Train 0.9756, Val 0.9614, Test 0.9646
          RMSE             : Train 24.1302, Val 30.4708, Test 29.2864
Best:
          R2_Score         : Train 0.9729, Val 0.9630, Test 0.9663
          RMSE             : Train 25.4532, Val 29.8416, Test 28.5634
Epoch 86: Loss:            : Train 0.0005, Val 0.0008, Test 0.0007
          R2_Score         : Train 0.9758, Val 0.9611, Test 0.9642
          RMSE             : Train 24.0508, Val 30.5962, Test 29.4328
Best:
          R2_Score         : Train 0.9729, Val 0.9630, Test 0.9663
          RMSE             : Train 25.4532, Val 29.8416, Test 28.5634
Epoch 87: Loss:            : Train 0.0005, Val 0.0008, Test 0.0007
          R2_Score         : Train 0.9758, Val 0.9614, Test 0.9646
          RMSE             : Train 24.0414, Val 30.4763, Test 29.2644
Best:
          R2_Score         : Train 0.9729, Val 0.9630, Test 0.9663
          RMSE             : Train 25.4532, Val 29.8416, Test 28.5634
Epoch 88: Loss:            : Train 0.0005, Val 0.0008, Test 0.0007
          R2_Score         : Train 0.9757, Val 0.9610, Test 0.9648
          RMSE             : Train 24.0855, Val 30.6250, Test 29.1958
Best:
          R2_Score         : Train 0.9729, Val 0.9630, Test 0.9663
          RMSE             : Train 25.4532, Val 29.8416, Test 28.5634
Epoch 89: Loss:            : Train 0.0005, Val 0.0008, Test 0.0008
          R2_Score         : Train 0.9759, Val 0.9577, Test 0.9615
          RMSE             : Train 24.0243, Val 31.8987, Test 30.5346
Best:
          R2_Score         : Train 0.9729, Val 0.9630, Test 0.9663
          RMSE             : Train 25.4532, Val 29.8416, Test 28.5634
Epoch 90: Loss:            : Train 0.0005, Val 0.0008, Test 0.0007
          R2_Score         : Train 0.9761, Val 0.9616, Test 0.9652
          RMSE             : Train 23.9189, Val 30.3898, Test 29.0240
Best:
          R2_Score         : Train 0.9729, Val 0.9630, Test 0.9663
          RMSE             : Train 25.4532, Val 29.8416, Test 28.5634
Epoch 91: Loss:            : Train 0.0005, Val 0.0008, Test 0.0007
          R2_Score         : Train 0.9763, Val 0.9604, Test 0.9639
          RMSE             : Train 23.8211, Val 30.8739, Test 29.5735
Best:
          R2_Score         : Train 0.9729, Val 0.9630, Test 0.9663
          RMSE             : Train 25.4532, Val 29.8416, Test 28.5634
Epoch 92: Loss:            : Train 0.0005, Val 0.0008, Test 0.0007
          R2_Score         : Train 0.9760, Val 0.9616, Test 0.9647
          RMSE             : Train 23.9301, Val 30.3786, Test 29.2243
Best:
          R2_Score         : Train 0.9729, Val 0.9630, Test 0.9663
          RMSE             : Train 25.4532, Val 29.8416, Test 28.5634
Epoch 93: Loss:            : Train 0.0005, Val 0.0008, Test 0.0007
          R2_Score         : Train 0.9763, Val 0.9613, Test 0.9647
          RMSE             : Train 23.7902, Val 30.5116, Test 29.2371
Best:
          R2_Score         : Train 0.9729, Val 0.9630, Test 0.9663
          RMSE             : Train 25.4532, Val 29.8416, Test 28.5634
Epoch 94: Loss:            : Train 0.0005, Val 0.0008, Test 0.0007
          R2_Score         : Train 0.9763, Val 0.9614, Test 0.9643
          RMSE             : Train 23.7855, Val 30.4815, Test 29.4170
Best:
          R2_Score         : Train 0.9729, Val 0.9630, Test 0.9663
          RMSE             : Train 25.4532, Val 29.8416, Test 28.5634
Epoch 95: Loss:            : Train 0.0005, Val 0.0008, Test 0.0007
          R2_Score         : Train 0.9767, Val 0.9603, Test 0.9639
          RMSE             : Train 23.5800, Val 30.8832, Test 29.5716
Best:
          R2_Score         : Train 0.9729, Val 0.9630, Test 0.9663
          RMSE             : Train 25.4532, Val 29.8416, Test 28.5634
Epoch 96: Loss:            : Train 0.0005, Val 0.0008, Test 0.0007
          R2_Score         : Train 0.9766, Val 0.9596, Test 0.9633
          RMSE             : Train 23.6525, Val 31.1747, Test 29.7994
Best:
          R2_Score         : Train 0.9729, Val 0.9630, Test 0.9663
          RMSE             : Train 25.4532, Val 29.8416, Test 28.5634
Epoch 97: Loss:            : Train 0.0004, Val 0.0008, Test 0.0007
          R2_Score         : Train 0.9769, Val 0.9608, Test 0.9643
          RMSE             : Train 23.5030, Val 30.7110, Test 29.4112
Best:
          R2_Score         : Train 0.9729, Val 0.9630, Test 0.9663
          RMSE             : Train 25.4532, Val 29.8416, Test 28.5634
Epoch 98: Loss:            : Train 0.0005, Val 0.0007, Test 0.0007
          R2_Score         : Train 0.9768, Val 0.9619, Test 0.9647
          RMSE             : Train 23.5451, Val 30.2848, Test 29.2448
Best:
          R2_Score         : Train 0.9729, Val 0.9630, Test 0.9663
          RMSE             : Train 25.4532, Val 29.8416, Test 28.5634
Epoch 99: Loss:            : Train 0.0004, Val 0.0008, Test 0.0007
          R2_Score         : Train 0.9771, Val 0.9599, Test 0.9643
          RMSE             : Train 23.3984, Val 31.0580, Test 29.4056
Best:
          R2_Score         : Train 0.9729, Val 0.9630, Test 0.9663
          RMSE             : Train 25.4532, Val 29.8416, Test 28.5634
Epoch 100: Loss:            : Train 0.0005, Val 0.0008, Test 0.0007
          R2_Score         : Train 0.9767, Val 0.9602, Test 0.9632
          RMSE             : Train 23.5784, Val 30.9471, Test 29.8646
Best:
          R2_Score         : Train 0.9729, Val 0.9630, Test 0.9663
          RMSE             : Train 25.4532, Val 29.8416, Test 28.5634
Training time (sec): 1009
