Loading rawg from data/game/rawg_clean.csv
Loading steam from data/game/steam_clean.csv
Current steam columns Index(['english', 'required_age', 'achievements', 'positive_ratings',
       'negative_ratings', 'average_playtime', 'median_playtime', 'price',
       'cat_Captions available', 'cat_Co-op', 'cat_Commentary available',
       'cat_Cross-Platform Multiplayer', 'cat_Full controller support',
       'cat_In-App Purchases', 'cat_Includes Source SDK',
       'cat_Includes level editor', 'cat_Local Co-op',
       'cat_Local Multi-Player', 'cat_MMO', 'cat_Mods',
       'cat_Mods (require HL2)', 'cat_Multi-player', 'cat_Online Co-op',
       'cat_Online Multi-Player', 'cat_Partial Controller Support',
       'cat_Shared/Split Screen', 'cat_Single-player', 'cat_Stats',
       'cat_Steam Achievements', 'cat_Steam Cloud', 'cat_Steam Leaderboards',
       'cat_Steam Trading Cards', 'cat_Steam Turn Notifications',
       'cat_Steam Workshop', 'cat_SteamVR Collectibles', 'cat_VR Support',
       'cat_Valve Anti-Cheat enabled', 'name'],
      dtype='object')
Current rawg columns Index(['name', 'rating', 'playtime', 'achievements_count', 'suggestions_count',
       'game_series_count', 'reviews_count', 'added_status_yet',
       'added_status_owned', 'added_status_beaten', 'added_status_toplay',
       'added_status_dropped', 'added_status_playing', 'has_website',
       'released_year_before_2020', 'updated_year_before_2020', '3DO',
       'Android', 'Apple II', 'Atari 2600', 'Atari 5200', 'Atari 7800',
       'Atari 8-bit', 'Atari Flashback', 'Atari Lynx', 'Atari ST',
       'Atari XEGS', 'Classic Macintosh', 'Commodore / Amiga', 'Dreamcast',
       'Game Boy', 'Game Boy Advance', 'Game Boy Color', 'Game Gear',
       'GameCube', 'Genesis', 'Jaguar', 'Linux', 'NES', 'Neo Geo',
       'Nintendo 3DS', 'Nintendo 64', 'Nintendo DS', 'Nintendo DSi',
       'Nintendo Switch', 'PC', 'PS Vita', 'PSP', 'PlayStation',
       'PlayStation 2', 'PlayStation 3', 'PlayStation 4', 'PlayStation 5',
       'SEGA 32X', 'SEGA CD', 'SEGA Master System', 'SEGA Saturn', 'SNES',
       'Web', 'Wii', 'Wii U', 'Xbox', 'Xbox 360', 'Xbox One',
       'Xbox Series S/X', 'iOS', 'macOS', 'Action', 'Adventure', 'Arcade',
       'Board Games', 'Card', 'Casual', 'Educational', 'Family', 'Fighting',
       'Indie', 'Massively Multiplayer', 'Platformer', 'Puzzle', 'RPG',
       'Racing', 'Shooter', 'Simulation', 'Sports', 'Strategy'],
      dtype='object')
Loading data from cache
Done
Calculating noise scale
Standard variance of sim_score: 377.60
Adding noise of scale 0.6221504651994386 to sim_scores
Adding noise of scale 0.6221504651994386 to sim_scores
Adding noise of scale 0.6221504651994386 to sim_scores
Preparing time (sec): 1
Initializing dataloader
Done
Prepare for training
Start training
================================================================================
                                    Kernel Shape Output Shape  Params  \
Layer                                                                   
0_local_models.0.fc_layers.Linear_0    [38, 100]   [128, 100]    3900   
1_local_models.0.fc_layers.Linear_1    [100, 50]    [128, 50]    5050   
2_local_models.1.fc_layers.Linear_0    [85, 100]   [128, 100]    8600   
3_local_models.1.fc_layers.Linear_1    [100, 50]    [128, 50]    5050   
4_agg_model.fc_layers.Linear_0        [100, 100]   [128, 100]   10100   
5_agg_model.fc_layers.Linear_1          [100, 1]     [128, 1]     101   

                                     Mult-Adds  
Layer                                           
0_local_models.0.fc_layers.Linear_0       3800  
1_local_models.0.fc_layers.Linear_1       5000  
2_local_models.1.fc_layers.Linear_0       8500  
3_local_models.1.fc_layers.Linear_1       5000  
4_agg_model.fc_layers.Linear_0           10000  
5_agg_model.fc_layers.Linear_1             100  
--------------------------------------------------------------------------------
                      Totals
Total params           32801
Trainable params       32801
Non-trainable params       0
Mult-Adds              32400
================================================================================
n_classes=2
task=binary_cls
model_name=game_featuresim_2022-01-30-22-48-50
sche_threshold=0.0001
sche_patience=10
sche_factor=0.1
use_scheduler=False
num_workers=4
device=cuda:1
test_batch_size=4096
train_batch_size=128
learning_rate=0.001
weight_decay=1e-05
num_epochs=100
model_save_path=ckp/game_featuresim_2022-01-30-22-48-50.pth
test_rate=0.2
val_rate=0.1
multiprocess_context=fork
metrics=['accuracy']
metrics_f=[<metric.accuracy.Accuracy object at 0x7f2d89cfff70>]
hidden_sizes=[200, 100]
model=SplitNN(
  (agg_model): MLP(
    (fc_layers): ModuleList(
      (0): Linear(in_features=100, out_features=100, bias=True)
      (1): Linear(in_features=100, out_features=1, bias=True)
    )
  )
  (local_models): ModuleList(
    (0): MLP(
      (fc_layers): ModuleList(
        (0): Linear(in_features=38, out_features=100, bias=True)
        (1): Linear(in_features=100, out_features=50, bias=True)
      )
    )
    (1): MLP(
      (fc_layers): ModuleList(
        (0): Linear(in_features=85, out_features=100, bias=True)
        (1): Linear(in_features=100, out_features=50, bias=True)
      )
    )
  )
)
writer=<torch.utils.tensorboard.writer.SummaryWriter object at 0x7f2d89cffd60>
dataset_type=real
drop_key=True
num_common_features=1
tree_radius=0.01
tree_leaf_size=1000
knn_k=50
grid_min=-10.0
grid_max=10.0
grid_width=1.5
sim_scaler=StandardScaler()
filter_top_k=None
link_n_jobs=1
psig_p=4
sim_leak_p=0.002
link_threshold_t=0.1
link_epsilon=0.1
n_hash_lsh=50
edit_distance_threshold=10
n_hash_func=50
collision_rate=0.01
qgram_q=4
link_delta=0.01
feature_wise_sim=False
blocking_method=knn_priv_str
center_threshold=0.5
n_clusters=100
local_hidden_sizes=[[100], [100]]
cut_dims=[50, 50]
agg_hidden_sizes=[100]
scale_analysis=<utils.privacy.SimNoiseScale object at 0x7f2d89cff7c0>
data1_shape=(26987, 38)
data2_shape=(439999, 86)
Epoch 1: Loss:            : Train 0.4791, Val 0.3931, Test 0.4600
          Accuracy         : Train 0.8607, Val 0.8956, Test 0.8951
Best:
          Accuracy         : Train 0.8607, Val 0.8956, Test 0.8951
Epoch 2: Loss:            : Train 0.3673, Val 0.3163, Test 0.3887
          Accuracy         : Train 0.8976, Val 0.8985, Test 0.8995
Best:
          Accuracy         : Train 0.8976, Val 0.8985, Test 0.8995
Epoch 3: Loss:            : Train 0.2923, Val 0.2819, Test 0.2480
          Accuracy         : Train 0.9023, Val 0.8993, Test 0.9005
Best:
          Accuracy         : Train 0.9023, Val 0.8993, Test 0.9005
Epoch 4: Loss:            : Train 0.3117, Val 0.2639, Test 0.2784
          Accuracy         : Train 0.9023, Val 0.9028, Test 0.9035
Best:
          Accuracy         : Train 0.9023, Val 0.9028, Test 0.9035
Epoch 5: Loss:            : Train 0.2945, Val 0.2834, Test 0.2587
          Accuracy         : Train 0.9015, Val 0.9018, Test 0.9004
Best:
          Accuracy         : Train 0.9023, Val 0.9028, Test 0.9035
Epoch 6: Loss:            : Train 0.2892, Val 0.2585, Test 0.3294
          Accuracy         : Train 0.9008, Val 0.9031, Test 0.9020
Best:
          Accuracy         : Train 0.9008, Val 0.9031, Test 0.9020
Epoch 7: Loss:            : Train 0.2649, Val 0.2787, Test 0.2487
          Accuracy         : Train 0.9053, Val 0.9051, Test 0.9040
Best:
          Accuracy         : Train 0.9053, Val 0.9051, Test 0.9040
Epoch 8: Loss:            : Train 0.2720, Val 0.2983, Test 0.2942
          Accuracy         : Train 0.9045, Val 0.9007, Test 0.9016
Best:
          Accuracy         : Train 0.9053, Val 0.9051, Test 0.9040
Epoch 9: Loss:            : Train 0.2949, Val 0.2658, Test 0.3475
          Accuracy         : Train 0.9052, Val 0.9057, Test 0.9023
Best:
          Accuracy         : Train 0.9052, Val 0.9057, Test 0.9023
Epoch 10: Loss:            : Train 0.2703, Val 0.2275, Test 0.2264
          Accuracy         : Train 0.9062, Val 0.9037, Test 0.9060
Best:
          Accuracy         : Train 0.9052, Val 0.9057, Test 0.9023
Epoch 11: Loss:            : Train 0.2454, Val 0.2252, Test 0.2293
          Accuracy         : Train 0.9061, Val 0.9044, Test 0.9053
Best:
          Accuracy         : Train 0.9052, Val 0.9057, Test 0.9023
Epoch 12: Loss:            : Train 0.2350, Val 0.2537, Test 0.2583
          Accuracy         : Train 0.9070, Val 0.9073, Test 0.9046
Best:
          Accuracy         : Train 0.9070, Val 0.9073, Test 0.9046
Epoch 13: Loss:            : Train 0.2446, Val 0.2887, Test 0.2373
          Accuracy         : Train 0.9072, Val 0.9047, Test 0.9068
Best:
          Accuracy         : Train 0.9070, Val 0.9073, Test 0.9046
Epoch 14: Loss:            : Train 0.2359, Val 0.2561, Test 0.2559
          Accuracy         : Train 0.9073, Val 0.9087, Test 0.9051
Best:
          Accuracy         : Train 0.9073, Val 0.9087, Test 0.9051
Epoch 15: Loss:            : Train 0.2689, Val 0.2620, Test 0.2360
          Accuracy         : Train 0.9069, Val 0.9081, Test 0.9051
Best:
          Accuracy         : Train 0.9073, Val 0.9087, Test 0.9051
Epoch 16: Loss:            : Train 0.2293, Val 0.2365, Test 0.2124
          Accuracy         : Train 0.9088, Val 0.9094, Test 0.9053
Best:
          Accuracy         : Train 0.9088, Val 0.9094, Test 0.9053
Epoch 17: Loss:            : Train 0.2363, Val 0.2495, Test 0.2690
          Accuracy         : Train 0.9094, Val 0.9048, Test 0.9043
Best:
          Accuracy         : Train 0.9088, Val 0.9094, Test 0.9053
Epoch 18: Loss:            : Train 0.2199, Val 0.2686, Test 0.2325
          Accuracy         : Train 0.9087, Val 0.9087, Test 0.9046
Best:
          Accuracy         : Train 0.9088, Val 0.9094, Test 0.9053
Epoch 19: Loss:            : Train 0.2253, Val 0.2381, Test 0.2096
          Accuracy         : Train 0.9074, Val 0.9114, Test 0.9070
Best:
          Accuracy         : Train 0.9074, Val 0.9114, Test 0.9070
Epoch 20: Loss:            : Train 0.2209, Val 0.2625, Test 0.2104
          Accuracy         : Train 0.9064, Val 0.9080, Test 0.9064
Best:
          Accuracy         : Train 0.9074, Val 0.9114, Test 0.9070
Epoch 21: Loss:            : Train 0.2225, Val 0.2328, Test 0.2181
          Accuracy         : Train 0.9095, Val 0.9129, Test 0.9071
Best:
          Accuracy         : Train 0.9095, Val 0.9129, Test 0.9071
Epoch 22: Loss:            : Train 0.2167, Val 0.2108, Test 0.2349
          Accuracy         : Train 0.9087, Val 0.9100, Test 0.9063
Best:
          Accuracy         : Train 0.9095, Val 0.9129, Test 0.9071
Epoch 23: Loss:            : Train 0.2175, Val 0.2423, Test 0.2117
          Accuracy         : Train 0.9086, Val 0.9094, Test 0.9060
Best:
          Accuracy         : Train 0.9095, Val 0.9129, Test 0.9071
Epoch 24: Loss:            : Train 0.2210, Val 0.2303, Test 0.2159
          Accuracy         : Train 0.9106, Val 0.9107, Test 0.9062
Best:
          Accuracy         : Train 0.9095, Val 0.9129, Test 0.9071
Epoch 25: Loss:            : Train 0.2178, Val 0.2669, Test 0.2424
          Accuracy         : Train 0.9092, Val 0.9081, Test 0.9052
Best:
          Accuracy         : Train 0.9095, Val 0.9129, Test 0.9071
Epoch 26: Loss:            : Train 0.2493, Val 0.2444, Test 0.2270
          Accuracy         : Train 0.9099, Val 0.9096, Test 0.9068
Best:
          Accuracy         : Train 0.9095, Val 0.9129, Test 0.9071
Epoch 27: Loss:            : Train 0.2245, Val 0.2255, Test 0.2173
          Accuracy         : Train 0.9101, Val 0.9081, Test 0.9064
Best:
          Accuracy         : Train 0.9095, Val 0.9129, Test 0.9071
Epoch 28: Loss:            : Train 0.2150, Val 0.2191, Test 0.2050
          Accuracy         : Train 0.9098, Val 0.9092, Test 0.9081
Best:
          Accuracy         : Train 0.9095, Val 0.9129, Test 0.9071
Epoch 29: Loss:            : Train 0.2268, Val 0.2307, Test 0.2104
          Accuracy         : Train 0.9098, Val 0.9064, Test 0.9041
Best:
          Accuracy         : Train 0.9095, Val 0.9129, Test 0.9071
Epoch 30: Loss:            : Train 0.2416, Val 0.2601, Test 0.2288
          Accuracy         : Train 0.9087, Val 0.9088, Test 0.9065
Best:
          Accuracy         : Train 0.9095, Val 0.9129, Test 0.9071
Epoch 31: Loss:            : Train 0.2157, Val 0.2257, Test 0.2119
          Accuracy         : Train 0.9100, Val 0.9108, Test 0.9075
Best:
          Accuracy         : Train 0.9095, Val 0.9129, Test 0.9071
Epoch 32: Loss:            : Train 0.2156, Val 0.2252, Test 0.2095
          Accuracy         : Train 0.9099, Val 0.9124, Test 0.9088
Best:
          Accuracy         : Train 0.9095, Val 0.9129, Test 0.9071
Epoch 33: Loss:            : Train 0.2106, Val 0.2436, Test 0.2111
          Accuracy         : Train 0.9105, Val 0.9086, Test 0.9085
Best:
          Accuracy         : Train 0.9095, Val 0.9129, Test 0.9071
Epoch 34: Loss:            : Train 0.2197, Val 0.2308, Test 0.2078
          Accuracy         : Train 0.9103, Val 0.9093, Test 0.9059
Best:
          Accuracy         : Train 0.9095, Val 0.9129, Test 0.9071
Epoch 35: Loss:            : Train 0.2154, Val 0.2143, Test 0.2146
          Accuracy         : Train 0.9115, Val 0.9136, Test 0.9068
Best:
          Accuracy         : Train 0.9115, Val 0.9136, Test 0.9068
Epoch 36: Loss:            : Train 0.2100, Val 0.2166, Test 0.2087
          Accuracy         : Train 0.9116, Val 0.9104, Test 0.9070
Best:
          Accuracy         : Train 0.9115, Val 0.9136, Test 0.9068
Epoch 37: Loss:            : Train 0.2088, Val 0.2542, Test 0.2134
          Accuracy         : Train 0.9115, Val 0.9073, Test 0.9057
Best:
          Accuracy         : Train 0.9115, Val 0.9136, Test 0.9068
Epoch 38: Loss:            : Train 0.2095, Val 0.2523, Test 0.2155
          Accuracy         : Train 0.9125, Val 0.9089, Test 0.9085
Best:
          Accuracy         : Train 0.9115, Val 0.9136, Test 0.9068
Epoch 39: Loss:            : Train 0.2117, Val 0.2089, Test 0.2070
          Accuracy         : Train 0.9106, Val 0.9104, Test 0.9086
Best:
          Accuracy         : Train 0.9115, Val 0.9136, Test 0.9068
Epoch 40: Loss:            : Train 0.2062, Val 0.2073, Test 0.2081
          Accuracy         : Train 0.9114, Val 0.9119, Test 0.9076
Best:
          Accuracy         : Train 0.9115, Val 0.9136, Test 0.9068
Epoch 41: Loss:            : Train 0.2045, Val 0.2154, Test 0.2101
          Accuracy         : Train 0.9128, Val 0.9107, Test 0.9091
Best:
          Accuracy         : Train 0.9115, Val 0.9136, Test 0.9068
Epoch 42: Loss:            : Train 0.2107, Val 0.2126, Test 0.2097
          Accuracy         : Train 0.9124, Val 0.9104, Test 0.9047
Best:
          Accuracy         : Train 0.9115, Val 0.9136, Test 0.9068
Epoch 43: Loss:            : Train 0.2176, Val 0.2139, Test 0.2082
          Accuracy         : Train 0.9124, Val 0.9063, Test 0.9060
Best:
          Accuracy         : Train 0.9115, Val 0.9136, Test 0.9068
Epoch 44: Loss:            : Train 0.2155, Val 0.2165, Test 0.2056
          Accuracy         : Train 0.9124, Val 0.9123, Test 0.9077
Best:
          Accuracy         : Train 0.9115, Val 0.9136, Test 0.9068
Epoch 45: Loss:            : Train 0.2079, Val 0.2409, Test 0.2082
          Accuracy         : Train 0.9126, Val 0.9125, Test 0.9077
Best:
          Accuracy         : Train 0.9115, Val 0.9136, Test 0.9068
Epoch 46: Loss:            : Train 0.2029, Val 0.2508, Test 0.2131
          Accuracy         : Train 0.9137, Val 0.9059, Test 0.9028
Best:
          Accuracy         : Train 0.9115, Val 0.9136, Test 0.9068
Epoch 47: Loss:            : Train 0.2178, Val 0.2477, Test 0.2201
          Accuracy         : Train 0.9131, Val 0.9105, Test 0.9080
Best:
          Accuracy         : Train 0.9115, Val 0.9136, Test 0.9068
Epoch 48: Loss:            : Train 0.2186, Val 0.2354, Test 0.2115
          Accuracy         : Train 0.9117, Val 0.9101, Test 0.9086
Best:
          Accuracy         : Train 0.9115, Val 0.9136, Test 0.9068
Epoch 49: Loss:            : Train 0.2203, Val 0.2102, Test 0.2039
          Accuracy         : Train 0.9125, Val 0.9139, Test 0.9098
Best:
          Accuracy         : Train 0.9125, Val 0.9139, Test 0.9098
Epoch 50: Loss:            : Train 0.2177, Val 0.2071, Test 0.2049
          Accuracy         : Train 0.9137, Val 0.9137, Test 0.9104
Best:
          Accuracy         : Train 0.9125, Val 0.9139, Test 0.9098
Epoch 51: Loss:            : Train 0.2090, Val 0.2150, Test 0.2168
          Accuracy         : Train 0.9148, Val 0.9101, Test 0.9081
Best:
          Accuracy         : Train 0.9125, Val 0.9139, Test 0.9098
Epoch 52: Loss:            : Train 0.2076, Val 0.2094, Test 0.2029
          Accuracy         : Train 0.9142, Val 0.9133, Test 0.9083
Best:
          Accuracy         : Train 0.9125, Val 0.9139, Test 0.9098
Epoch 53: Loss:            : Train 0.2023, Val 0.2131, Test 0.2083
          Accuracy         : Train 0.9145, Val 0.9061, Test 0.9079
Best:
          Accuracy         : Train 0.9125, Val 0.9139, Test 0.9098
Epoch 54: Loss:            : Train 0.2011, Val 0.2140, Test 0.2012
          Accuracy         : Train 0.9152, Val 0.9094, Test 0.9084
Best:
          Accuracy         : Train 0.9125, Val 0.9139, Test 0.9098
Epoch 55: Loss:            : Train 0.2036, Val 0.2366, Test 0.2085
          Accuracy         : Train 0.9153, Val 0.9086, Test 0.9079
Best:
          Accuracy         : Train 0.9125, Val 0.9139, Test 0.9098
Epoch 56: Loss:            : Train 0.2004, Val 0.2108, Test 0.2054
          Accuracy         : Train 0.9165, Val 0.9118, Test 0.9095
Best:
          Accuracy         : Train 0.9125, Val 0.9139, Test 0.9098
Epoch 57: Loss:            : Train 0.1983, Val 0.2188, Test 0.2046
          Accuracy         : Train 0.9161, Val 0.9090, Test 0.9090
Best:
          Accuracy         : Train 0.9125, Val 0.9139, Test 0.9098
Epoch 58: Loss:            : Train 0.1972, Val 0.2103, Test 0.2030
          Accuracy         : Train 0.9168, Val 0.9126, Test 0.9094
Best:
          Accuracy         : Train 0.9125, Val 0.9139, Test 0.9098
Epoch 59: Loss:            : Train 0.1965, Val 0.2066, Test 0.2095
          Accuracy         : Train 0.9162, Val 0.9117, Test 0.9090
Best:
          Accuracy         : Train 0.9125, Val 0.9139, Test 0.9098
Epoch 60: Loss:            : Train 0.2072, Val 0.2292, Test 0.2072
          Accuracy         : Train 0.9165, Val 0.9112, Test 0.9083
Best:
          Accuracy         : Train 0.9125, Val 0.9139, Test 0.9098
Epoch 61: Loss:            : Train 0.1954, Val 0.2162, Test 0.2076
          Accuracy         : Train 0.9176, Val 0.9122, Test 0.9099
Best:
          Accuracy         : Train 0.9125, Val 0.9139, Test 0.9098
Epoch 62: Loss:            : Train 0.1939, Val 0.2161, Test 0.2005
          Accuracy         : Train 0.9171, Val 0.9117, Test 0.9091
Best:
          Accuracy         : Train 0.9125, Val 0.9139, Test 0.9098
Epoch 63: Loss:            : Train 0.1943, Val 0.2239, Test 0.2070
          Accuracy         : Train 0.9172, Val 0.9108, Test 0.9097
Best:
          Accuracy         : Train 0.9125, Val 0.9139, Test 0.9098
Epoch 64: Loss:            : Train 0.1935, Val 0.2261, Test 0.2030
          Accuracy         : Train 0.9176, Val 0.9097, Test 0.9106
Best:
          Accuracy         : Train 0.9125, Val 0.9139, Test 0.9098
Epoch 65: Loss:            : Train 0.1931, Val 0.2249, Test 0.2014
          Accuracy         : Train 0.9170, Val 0.9081, Test 0.9101
Best:
          Accuracy         : Train 0.9125, Val 0.9139, Test 0.9098
Epoch 66: Loss:            : Train 0.2012, Val 0.2290, Test 0.2055
          Accuracy         : Train 0.9169, Val 0.9101, Test 0.9091
Best:
          Accuracy         : Train 0.9125, Val 0.9139, Test 0.9098
Epoch 67: Loss:            : Train 0.2015, Val 0.2136, Test 0.2069
          Accuracy         : Train 0.9181, Val 0.9134, Test 0.9107
Best:
          Accuracy         : Train 0.9125, Val 0.9139, Test 0.9098
Epoch 68: Loss:            : Train 0.1937, Val 0.2187, Test 0.2095
          Accuracy         : Train 0.9185, Val 0.9103, Test 0.9098
Best:
          Accuracy         : Train 0.9125, Val 0.9139, Test 0.9098
Epoch 69: Loss:            : Train 0.2006, Val 0.2114, Test 0.2070
          Accuracy         : Train 0.9179, Val 0.9107, Test 0.9112
Best:
          Accuracy         : Train 0.9125, Val 0.9139, Test 0.9098
Epoch 70: Loss:            : Train 0.2576, Val 0.2335, Test 0.2084
          Accuracy         : Train 0.9161, Val 0.9088, Test 0.9099
Best:
          Accuracy         : Train 0.9125, Val 0.9139, Test 0.9098
Epoch 71: Loss:            : Train 0.2105, Val 0.2311, Test 0.2050
          Accuracy         : Train 0.9175, Val 0.9096, Test 0.9084
Best:
          Accuracy         : Train 0.9125, Val 0.9139, Test 0.9098
Epoch 72: Loss:            : Train 0.2083, Val 0.2190, Test 0.2022
          Accuracy         : Train 0.9175, Val 0.9120, Test 0.9094
Best:
          Accuracy         : Train 0.9125, Val 0.9139, Test 0.9098
Epoch 73: Loss:            : Train 0.1957, Val 0.2233, Test 0.2038
          Accuracy         : Train 0.9189, Val 0.9114, Test 0.9084
Best:
          Accuracy         : Train 0.9125, Val 0.9139, Test 0.9098
Epoch 74: Loss:            : Train 0.1992, Val 0.2313, Test 0.2107
          Accuracy         : Train 0.9188, Val 0.9104, Test 0.9087
Best:
          Accuracy         : Train 0.9125, Val 0.9139, Test 0.9098
Epoch 75: Loss:            : Train 0.1921, Val 0.2416, Test 0.2022
          Accuracy         : Train 0.9187, Val 0.9128, Test 0.9122
Best:
          Accuracy         : Train 0.9125, Val 0.9139, Test 0.9098
Epoch 76: Loss:            : Train 0.1944, Val 0.2411, Test 0.2025
          Accuracy         : Train 0.9184, Val 0.9124, Test 0.9101
Best:
          Accuracy         : Train 0.9125, Val 0.9139, Test 0.9098
Epoch 77: Loss:            : Train 0.1892, Val 0.2435, Test 0.2038
          Accuracy         : Train 0.9191, Val 0.9133, Test 0.9113
Best:
          Accuracy         : Train 0.9125, Val 0.9139, Test 0.9098
Epoch 78: Loss:            : Train 0.1947, Val 0.2431, Test 0.2045
          Accuracy         : Train 0.9189, Val 0.9129, Test 0.9091
Best:
          Accuracy         : Train 0.9125, Val 0.9139, Test 0.9098
Epoch 79: Loss:            : Train 0.1914, Val 0.2679, Test 0.2159
          Accuracy         : Train 0.9202, Val 0.9161, Test 0.9093
Best:
          Accuracy         : Train 0.9202, Val 0.9161, Test 0.9093
Epoch 80: Loss:            : Train 0.1883, Val 0.2616, Test 0.2093
          Accuracy         : Train 0.9188, Val 0.9115, Test 0.9111
Best:
          Accuracy         : Train 0.9202, Val 0.9161, Test 0.9093
Epoch 81: Loss:            : Train 0.1928, Val 0.2933, Test 0.2168
          Accuracy         : Train 0.9201, Val 0.9086, Test 0.9064
Best:
          Accuracy         : Train 0.9202, Val 0.9161, Test 0.9093
Epoch 82: Loss:            : Train 0.1894, Val 0.2474, Test 0.2087
          Accuracy         : Train 0.9196, Val 0.9121, Test 0.9071
Best:
          Accuracy         : Train 0.9202, Val 0.9161, Test 0.9093
Epoch 83: Loss:            : Train 0.2002, Val 0.2402, Test 0.2068
          Accuracy         : Train 0.9189, Val 0.9126, Test 0.9105
Best:
          Accuracy         : Train 0.9202, Val 0.9161, Test 0.9093
Epoch 84: Loss:            : Train 0.1885, Val 0.2632, Test 0.2126
          Accuracy         : Train 0.9197, Val 0.9140, Test 0.9095
Best:
          Accuracy         : Train 0.9202, Val 0.9161, Test 0.9093
Epoch 85: Loss:            : Train 0.1879, Val 0.2460, Test 0.2213
          Accuracy         : Train 0.9202, Val 0.9127, Test 0.9094
Best:
          Accuracy         : Train 0.9202, Val 0.9161, Test 0.9093
Epoch 86: Loss:            : Train 0.1895, Val 0.2470, Test 0.2248
          Accuracy         : Train 0.9192, Val 0.9130, Test 0.9120
Best:
          Accuracy         : Train 0.9202, Val 0.9161, Test 0.9093
Epoch 87: Loss:            : Train 0.1859, Val 0.2492, Test 0.2262
          Accuracy         : Train 0.9197, Val 0.9127, Test 0.9093
Best:
          Accuracy         : Train 0.9202, Val 0.9161, Test 0.9093
Epoch 88: Loss:            : Train 0.1925, Val 0.2548, Test 0.2990
          Accuracy         : Train 0.9212, Val 0.9104, Test 0.9096
Best:
          Accuracy         : Train 0.9202, Val 0.9161, Test 0.9093
Epoch 89: Loss:            : Train 0.1844, Val 0.2440, Test 0.2205
          Accuracy         : Train 0.9204, Val 0.9135, Test 0.9109
Best:
          Accuracy         : Train 0.9202, Val 0.9161, Test 0.9093
Epoch 90: Loss:            : Train 0.1842, Val 0.2554, Test 0.2335
          Accuracy         : Train 0.9202, Val 0.9100, Test 0.9118
Best:
          Accuracy         : Train 0.9202, Val 0.9161, Test 0.9093
Epoch 91: Loss:            : Train 0.1837, Val 0.2379, Test 0.2176
          Accuracy         : Train 0.9204, Val 0.9162, Test 0.9144
Best:
          Accuracy         : Train 0.9204, Val 0.9162, Test 0.9144
Epoch 92: Loss:            : Train 0.1852, Val 0.2498, Test 0.2227
          Accuracy         : Train 0.9204, Val 0.9132, Test 0.9130
Best:
          Accuracy         : Train 0.9204, Val 0.9162, Test 0.9144
Epoch 93: Loss:            : Train 0.1839, Val 0.2450, Test 0.2223
          Accuracy         : Train 0.9213, Val 0.9124, Test 0.9089
Best:
          Accuracy         : Train 0.9204, Val 0.9162, Test 0.9144
Epoch 94: Loss:            : Train 0.1838, Val 0.2390, Test 0.2240
          Accuracy         : Train 0.9217, Val 0.9173, Test 0.9139
Best:
          Accuracy         : Train 0.9217, Val 0.9173, Test 0.9139
Epoch 95: Loss:            : Train 0.1820, Val 0.2399, Test 0.2233
          Accuracy         : Train 0.9223, Val 0.9151, Test 0.9124
Best:
          Accuracy         : Train 0.9217, Val 0.9173, Test 0.9139
Epoch 96: Loss:            : Train 0.1821, Val 0.2489, Test 0.2236
          Accuracy         : Train 0.9214, Val 0.9120, Test 0.9131
Best:
          Accuracy         : Train 0.9217, Val 0.9173, Test 0.9139
Epoch 97: Loss:            : Train 0.1819, Val 0.2453, Test 0.2191
          Accuracy         : Train 0.9223, Val 0.9124, Test 0.9108
Best:
          Accuracy         : Train 0.9217, Val 0.9173, Test 0.9139
Epoch 98: Loss:            : Train 0.1801, Val 0.2473, Test 0.2202
          Accuracy         : Train 0.9219, Val 0.9148, Test 0.9146
Best:
          Accuracy         : Train 0.9217, Val 0.9173, Test 0.9139
Epoch 99: Loss:            : Train 0.1843, Val 0.2508, Test 0.2471
          Accuracy         : Train 0.9214, Val 0.9146, Test 0.9123
Best:
          Accuracy         : Train 0.9217, Val 0.9173, Test 0.9139
Epoch 100: Loss:            : Train 0.1838, Val 0.2498, Test 0.2253
          Accuracy         : Train 0.9229, Val 0.9128, Test 0.9106
Best:
          Accuracy         : Train 0.9217, Val 0.9173, Test 0.9139
Training time (sec): 511
