Loading parties from cache
X got 38 dimensions
Splitting...
Loading data
Prepare for training
Start training
=================================================================
                     Kernel Shape Output Shape  Params  Mult-Adds
Layer                                                            
0_fc_layers.Linear_0    [38, 200]  [4096, 200]    7800       7600
1_fc_layers.Linear_1   [200, 100]  [4096, 100]   20100      20000
2_fc_layers.Linear_2    [100, 10]   [4096, 10]    1010       1000
-----------------------------------------------------------------
                      Totals
Total params           28910
Trainable params       28910
Non-trainable params       0
Mult-Adds              28600
=================================================================
n_classes=10
task=multi_cls
model_name=frog_all_noise_0.0_2022-02-07-22-17-14
sche_threshold=0.0001
sche_patience=10
sche_factor=0.1
use_scheduler=False
num_workers=4
device=cuda:2
test_batch_size=4096
train_batch_size=4096
learning_rate=0.03
weight_decay=0.001
num_epochs=200
model_save_path=ckp/frog_all_noise_0.0_2022-02-07-22-17-14.pth
test_rate=0.2
val_rate=0.2
multiprocess_context=fork
metrics=['accuracy']
metrics_f=[<metric.accuracy.Accuracy object at 0x7f4cd7143310>]
hidden_sizes=[200, 100]
model=MLP(
  (fc_layers): ModuleList(
    (0): Linear(in_features=38, out_features=200, bias=True)
    (1): Linear(in_features=200, out_features=100, bias=True)
    (2): Linear(in_features=100, out_features=10, bias=True)
  )
)
writer=<torch.utils.tensorboard.writer.SummaryWriter object at 0x7f4cd71435e0>
Epoch 1: Loss:            : Train 2.3022, Val 2.2314, Test 2.2322
          Accuracy         : Train 0.1547, Val 0.1681, Test 0.1612
Best:
          Accuracy         : Train 0.1547, Val 0.1681, Test 0.1612
Epoch 2: Loss:            : Train 2.2063, Val 2.1134, Test 2.1142
          Accuracy         : Train 0.2272, Val 0.6667, Test 0.6546
Best:
          Accuracy         : Train 0.2272, Val 0.6667, Test 0.6546
Epoch 3: Loss:            : Train 2.0764, Val 1.9409, Test 1.9423
          Accuracy         : Train 0.6463, Val 0.5528, Test 0.5407
Best:
          Accuracy         : Train 0.2272, Val 0.6667, Test 0.6546
Epoch 4: Loss:            : Train 1.8900, Val 1.7122, Test 1.7149
          Accuracy         : Train 0.5371, Val 0.5181, Test 0.5261
Best:
          Accuracy         : Train 0.2272, Val 0.6667, Test 0.6546
Epoch 5: Loss:            : Train 1.6583, Val 1.4555, Test 1.4604
          Accuracy         : Train 0.5272, Val 0.5722, Test 0.5657
Best:
          Accuracy         : Train 0.2272, Val 0.6667, Test 0.6546
Epoch 6: Loss:            : Train 1.4058, Val 1.2402, Test 1.2489
          Accuracy         : Train 0.5709, Val 0.5764, Test 0.5726
Best:
          Accuracy         : Train 0.2272, Val 0.6667, Test 0.6546
Epoch 7: Loss:            : Train 1.2248, Val 1.1156, Test 1.1283
          Accuracy         : Train 0.5689, Val 0.5750, Test 0.5747
Best:
          Accuracy         : Train 0.2272, Val 0.6667, Test 0.6546
Epoch 8: Loss:            : Train 1.0963, Val 1.0138, Test 1.0302
          Accuracy         : Train 0.5703, Val 0.5903, Test 0.5886
Best:
          Accuracy         : Train 0.2272, Val 0.6667, Test 0.6546
Epoch 9: Loss:            : Train 0.9911, Val 0.9058, Test 0.9253
          Accuracy         : Train 0.5878, Val 0.7708, Test 0.7735
Best:
          Accuracy         : Train 0.5878, Val 0.7708, Test 0.7735
Epoch 10: Loss:            : Train 0.9044, Val 0.8295, Test 0.8477
          Accuracy         : Train 0.7655, Val 0.8306, Test 0.8186
Best:
          Accuracy         : Train 0.7655, Val 0.8306, Test 0.8186
Epoch 11: Loss:            : Train 0.8288, Val 0.7644, Test 0.7746
          Accuracy         : Train 0.8165, Val 0.8319, Test 0.8284
Best:
          Accuracy         : Train 0.8165, Val 0.8319, Test 0.8284
Epoch 12: Loss:            : Train 0.7481, Val 0.6936, Test 0.6944
          Accuracy         : Train 0.8264, Val 0.8264, Test 0.8200
Best:
          Accuracy         : Train 0.8165, Val 0.8319, Test 0.8284
Epoch 13: Loss:            : Train 0.6834, Val 0.6231, Test 0.6171
          Accuracy         : Train 0.8233, Val 0.8431, Test 0.8325
Best:
          Accuracy         : Train 0.8233, Val 0.8431, Test 0.8325
Epoch 14: Loss:            : Train 0.6135, Val 0.5631, Test 0.5531
          Accuracy         : Train 0.8328, Val 0.8500, Test 0.8360
Best:
          Accuracy         : Train 0.8328, Val 0.8500, Test 0.8360
Epoch 15: Loss:            : Train 0.5514, Val 0.5063, Test 0.4939
          Accuracy         : Train 0.8372, Val 0.8569, Test 0.8436
Best:
          Accuracy         : Train 0.8372, Val 0.8569, Test 0.8436
Epoch 16: Loss:            : Train 0.4820, Val 0.4551, Test 0.4408
          Accuracy         : Train 0.8447, Val 0.8639, Test 0.8575
Best:
          Accuracy         : Train 0.8447, Val 0.8639, Test 0.8575
Epoch 17: Loss:            : Train 0.4277, Val 0.4238, Test 0.4083
          Accuracy         : Train 0.8570, Val 0.8778, Test 0.8673
Best:
          Accuracy         : Train 0.8570, Val 0.8778, Test 0.8673
Epoch 18: Loss:            : Train 0.3858, Val 0.3914, Test 0.3725
          Accuracy         : Train 0.8743, Val 0.8861, Test 0.8839
Best:
          Accuracy         : Train 0.8743, Val 0.8861, Test 0.8839
Epoch 19: Loss:            : Train 0.3539, Val 0.3598, Test 0.3334
          Accuracy         : Train 0.8912, Val 0.9042, Test 0.9041
Best:
          Accuracy         : Train 0.8912, Val 0.9042, Test 0.9041
Epoch 20: Loss:            : Train 0.3074, Val 0.3367, Test 0.3095
          Accuracy         : Train 0.9102, Val 0.9097, Test 0.9131
Best:
          Accuracy         : Train 0.9102, Val 0.9097, Test 0.9131
Epoch 21: Loss:            : Train 0.2853, Val 0.3104, Test 0.2843
          Accuracy         : Train 0.9228, Val 0.9139, Test 0.9187
Best:
          Accuracy         : Train 0.9228, Val 0.9139, Test 0.9187
Epoch 22: Loss:            : Train 0.2630, Val 0.3012, Test 0.2649
          Accuracy         : Train 0.9323, Val 0.9236, Test 0.9277
Best:
          Accuracy         : Train 0.9323, Val 0.9236, Test 0.9277
Epoch 23: Loss:            : Train 0.2200, Val 0.2788, Test 0.2447
          Accuracy         : Train 0.9406, Val 0.9306, Test 0.9368
Best:
          Accuracy         : Train 0.9406, Val 0.9306, Test 0.9368
Epoch 24: Loss:            : Train 0.2120, Val 0.2605, Test 0.2374
          Accuracy         : Train 0.9468, Val 0.9347, Test 0.9395
Best:
          Accuracy         : Train 0.9468, Val 0.9347, Test 0.9395
Epoch 25: Loss:            : Train 0.1926, Val 0.2537, Test 0.2259
          Accuracy         : Train 0.9525, Val 0.9375, Test 0.9472
Best:
          Accuracy         : Train 0.9525, Val 0.9375, Test 0.9472
Epoch 26: Loss:            : Train 0.1742, Val 0.2610, Test 0.2240
          Accuracy         : Train 0.9567, Val 0.9375, Test 0.9507
Best:
          Accuracy         : Train 0.9525, Val 0.9375, Test 0.9472
Epoch 27: Loss:            : Train 0.1822, Val 0.2409, Test 0.2189
          Accuracy         : Train 0.9605, Val 0.9389, Test 0.9458
Best:
          Accuracy         : Train 0.9605, Val 0.9389, Test 0.9458
Epoch 28: Loss:            : Train 0.1538, Val 0.2309, Test 0.2274
          Accuracy         : Train 0.9605, Val 0.9347, Test 0.9395
Best:
          Accuracy         : Train 0.9605, Val 0.9389, Test 0.9458
Epoch 29: Loss:            : Train 0.1382, Val 0.2211, Test 0.2122
          Accuracy         : Train 0.9607, Val 0.9403, Test 0.9486
Best:
          Accuracy         : Train 0.9607, Val 0.9403, Test 0.9486
Epoch 30: Loss:            : Train 0.1435, Val 0.2129, Test 0.2037
          Accuracy         : Train 0.9649, Val 0.9444, Test 0.9500
Best:
          Accuracy         : Train 0.9649, Val 0.9444, Test 0.9500
Epoch 31: Loss:            : Train 0.1312, Val 0.1940, Test 0.1881
          Accuracy         : Train 0.9654, Val 0.9486, Test 0.9527
Best:
          Accuracy         : Train 0.9654, Val 0.9486, Test 0.9527
Epoch 32: Loss:            : Train 0.1225, Val 0.1733, Test 0.1713
          Accuracy         : Train 0.9694, Val 0.9500, Test 0.9527
Best:
          Accuracy         : Train 0.9694, Val 0.9500, Test 0.9527
Epoch 33: Loss:            : Train 0.1147, Val 0.1802, Test 0.1762
          Accuracy         : Train 0.9676, Val 0.9486, Test 0.9541
Best:
          Accuracy         : Train 0.9694, Val 0.9500, Test 0.9527
Epoch 34: Loss:            : Train 0.1117, Val 0.1711, Test 0.1583
          Accuracy         : Train 0.9704, Val 0.9444, Test 0.9583
Best:
          Accuracy         : Train 0.9694, Val 0.9500, Test 0.9527
Epoch 35: Loss:            : Train 0.1023, Val 0.1615, Test 0.1595
          Accuracy         : Train 0.9734, Val 0.9542, Test 0.9548
Best:
          Accuracy         : Train 0.9734, Val 0.9542, Test 0.9548
Epoch 36: Loss:            : Train 0.0897, Val 0.1700, Test 0.1533
          Accuracy         : Train 0.9756, Val 0.9500, Test 0.9597
Best:
          Accuracy         : Train 0.9734, Val 0.9542, Test 0.9548
Epoch 37: Loss:            : Train 0.0875, Val 0.1523, Test 0.1408
          Accuracy         : Train 0.9762, Val 0.9556, Test 0.9639
Best:
          Accuracy         : Train 0.9762, Val 0.9556, Test 0.9639
Epoch 38: Loss:            : Train 0.0936, Val 0.1402, Test 0.1233
          Accuracy         : Train 0.9766, Val 0.9583, Test 0.9673
Best:
          Accuracy         : Train 0.9766, Val 0.9583, Test 0.9673
Epoch 39: Loss:            : Train 0.0688, Val 0.1337, Test 0.1215
          Accuracy         : Train 0.9792, Val 0.9597, Test 0.9632
Best:
          Accuracy         : Train 0.9792, Val 0.9597, Test 0.9632
Epoch 40: Loss:            : Train 0.0615, Val 0.1227, Test 0.1283
          Accuracy         : Train 0.9807, Val 0.9694, Test 0.9659
Best:
          Accuracy         : Train 0.9807, Val 0.9694, Test 0.9659
Epoch 41: Loss:            : Train 0.0703, Val 0.1230, Test 0.1120
          Accuracy         : Train 0.9823, Val 0.9583, Test 0.9715
Best:
          Accuracy         : Train 0.9807, Val 0.9694, Test 0.9659
Epoch 42: Loss:            : Train 0.0750, Val 0.1280, Test 0.1293
          Accuracy         : Train 0.9827, Val 0.9597, Test 0.9653
Best:
          Accuracy         : Train 0.9807, Val 0.9694, Test 0.9659
Epoch 43: Loss:            : Train 0.0865, Val 0.1367, Test 0.1679
          Accuracy         : Train 0.9782, Val 0.9667, Test 0.9632
Best:
          Accuracy         : Train 0.9807, Val 0.9694, Test 0.9659
Epoch 44: Loss:            : Train 0.0808, Val 0.1576, Test 0.1428
          Accuracy         : Train 0.9799, Val 0.9597, Test 0.9604
Best:
          Accuracy         : Train 0.9807, Val 0.9694, Test 0.9659
Epoch 45: Loss:            : Train 0.0820, Val 0.1299, Test 0.1130
          Accuracy         : Train 0.9776, Val 0.9556, Test 0.9722
Best:
          Accuracy         : Train 0.9807, Val 0.9694, Test 0.9659
Epoch 46: Loss:            : Train 0.0568, Val 0.1596, Test 0.1803
          Accuracy         : Train 0.9831, Val 0.9569, Test 0.9583
Best:
          Accuracy         : Train 0.9807, Val 0.9694, Test 0.9659
Epoch 47: Loss:            : Train 0.0889, Val 0.1202, Test 0.1270
          Accuracy         : Train 0.9778, Val 0.9639, Test 0.9687
Best:
          Accuracy         : Train 0.9807, Val 0.9694, Test 0.9659
Epoch 48: Loss:            : Train 0.0507, Val 0.1649, Test 0.1452
          Accuracy         : Train 0.9875, Val 0.9542, Test 0.9673
Best:
          Accuracy         : Train 0.9807, Val 0.9694, Test 0.9659
Epoch 49: Loss:            : Train 0.0615, Val 0.1277, Test 0.1163
          Accuracy         : Train 0.9807, Val 0.9653, Test 0.9646
Best:
          Accuracy         : Train 0.9807, Val 0.9694, Test 0.9659
Epoch 50: Loss:            : Train 0.0535, Val 0.1173, Test 0.1253
          Accuracy         : Train 0.9841, Val 0.9694, Test 0.9729
Best:
          Accuracy         : Train 0.9807, Val 0.9694, Test 0.9659
Epoch 51: Loss:            : Train 0.0463, Val 0.1059, Test 0.1061
          Accuracy         : Train 0.9865, Val 0.9667, Test 0.9743
Best:
          Accuracy         : Train 0.9807, Val 0.9694, Test 0.9659
Epoch 52: Loss:            : Train 0.0425, Val 0.1357, Test 0.1153
          Accuracy         : Train 0.9889, Val 0.9625, Test 0.9736
Best:
          Accuracy         : Train 0.9807, Val 0.9694, Test 0.9659
Epoch 53: Loss:            : Train 0.0477, Val 0.1056, Test 0.1040
          Accuracy         : Train 0.9881, Val 0.9694, Test 0.9750
Best:
          Accuracy         : Train 0.9807, Val 0.9694, Test 0.9659
Epoch 54: Loss:            : Train 0.0391, Val 0.1058, Test 0.1128
          Accuracy         : Train 0.9889, Val 0.9681, Test 0.9743
Best:
          Accuracy         : Train 0.9807, Val 0.9694, Test 0.9659
Epoch 55: Loss:            : Train 0.0359, Val 0.1214, Test 0.0944
          Accuracy         : Train 0.9885, Val 0.9722, Test 0.9750
Best:
          Accuracy         : Train 0.9885, Val 0.9722, Test 0.9750
Epoch 56: Loss:            : Train 0.0334, Val 0.1344, Test 0.1162
          Accuracy         : Train 0.9907, Val 0.9722, Test 0.9736
Best:
          Accuracy         : Train 0.9885, Val 0.9722, Test 0.9750
Epoch 57: Loss:            : Train 0.0213, Val 0.1107, Test 0.1138
          Accuracy         : Train 0.9934, Val 0.9736, Test 0.9736
Best:
          Accuracy         : Train 0.9934, Val 0.9736, Test 0.9736
Epoch 58: Loss:            : Train 0.0295, Val 0.1189, Test 0.1144
          Accuracy         : Train 0.9929, Val 0.9722, Test 0.9757
Best:
          Accuracy         : Train 0.9934, Val 0.9736, Test 0.9736
Epoch 59: Loss:            : Train 0.0168, Val 0.1362, Test 0.1097
          Accuracy         : Train 0.9948, Val 0.9667, Test 0.9750
Best:
          Accuracy         : Train 0.9934, Val 0.9736, Test 0.9736
Epoch 60: Loss:            : Train 0.0246, Val 0.1019, Test 0.0952
          Accuracy         : Train 0.9917, Val 0.9750, Test 0.9805
Best:
          Accuracy         : Train 0.9917, Val 0.9750, Test 0.9805
Epoch 61: Loss:            : Train 0.0183, Val 0.1311, Test 0.1353
          Accuracy         : Train 0.9966, Val 0.9681, Test 0.9785
Best:
          Accuracy         : Train 0.9917, Val 0.9750, Test 0.9805
Epoch 62: Loss:            : Train 0.0151, Val 0.1292, Test 0.0937
          Accuracy         : Train 0.9944, Val 0.9778, Test 0.9819
Best:
          Accuracy         : Train 0.9944, Val 0.9778, Test 0.9819
Epoch 63: Loss:            : Train 0.0112, Val 0.1457, Test 0.1095
          Accuracy         : Train 0.9960, Val 0.9694, Test 0.9771
Best:
          Accuracy         : Train 0.9944, Val 0.9778, Test 0.9819
Epoch 64: Loss:            : Train 0.0150, Val 0.1216, Test 0.1125
          Accuracy         : Train 0.9972, Val 0.9750, Test 0.9805
Best:
          Accuracy         : Train 0.9944, Val 0.9778, Test 0.9819
Epoch 65: Loss:            : Train 0.0101, Val 0.1261, Test 0.1308
          Accuracy         : Train 0.9976, Val 0.9694, Test 0.9771
Best:
          Accuracy         : Train 0.9944, Val 0.9778, Test 0.9819
Epoch 66: Loss:            : Train 0.0168, Val 0.1238, Test 0.1367
          Accuracy         : Train 0.9956, Val 0.9736, Test 0.9785
Best:
          Accuracy         : Train 0.9944, Val 0.9778, Test 0.9819
Epoch 67: Loss:            : Train 0.0158, Val 0.1530, Test 0.1296
          Accuracy         : Train 0.9942, Val 0.9778, Test 0.9778
Best:
          Accuracy         : Train 0.9944, Val 0.9778, Test 0.9819
Epoch 68: Loss:            : Train 0.0166, Val 0.1329, Test 0.1523
          Accuracy         : Train 0.9931, Val 0.9736, Test 0.9715
Best:
          Accuracy         : Train 0.9944, Val 0.9778, Test 0.9819
Epoch 69: Loss:            : Train 0.0234, Val 0.1401, Test 0.1196
          Accuracy         : Train 0.9913, Val 0.9736, Test 0.9778
Best:
          Accuracy         : Train 0.9944, Val 0.9778, Test 0.9819
Epoch 70: Loss:            : Train 0.0363, Val 0.1363, Test 0.1004
          Accuracy         : Train 0.9940, Val 0.9736, Test 0.9792
Best:
          Accuracy         : Train 0.9944, Val 0.9778, Test 0.9819
Epoch 71: Loss:            : Train 0.0244, Val 0.2079, Test 0.2181
          Accuracy         : Train 0.9960, Val 0.9653, Test 0.9632
Best:
          Accuracy         : Train 0.9944, Val 0.9778, Test 0.9819
Epoch 72: Loss:            : Train 0.0320, Val 0.2234, Test 0.1851
          Accuracy         : Train 0.9887, Val 0.9694, Test 0.9666
Best:
          Accuracy         : Train 0.9944, Val 0.9778, Test 0.9819
Epoch 73: Loss:            : Train 0.0300, Val 0.1911, Test 0.1143
          Accuracy         : Train 0.9875, Val 0.9694, Test 0.9778
Best:
          Accuracy         : Train 0.9944, Val 0.9778, Test 0.9819
Epoch 74: Loss:            : Train 0.0324, Val 0.1950, Test 0.1414
          Accuracy         : Train 0.9925, Val 0.9694, Test 0.9750
Best:
          Accuracy         : Train 0.9944, Val 0.9778, Test 0.9819
Epoch 75: Loss:            : Train 0.0196, Val 0.1824, Test 0.1554
          Accuracy         : Train 0.9934, Val 0.9722, Test 0.9701
Best:
          Accuracy         : Train 0.9944, Val 0.9778, Test 0.9819
Epoch 76: Loss:            : Train 0.0225, Val 0.1594, Test 0.1177
          Accuracy         : Train 0.9929, Val 0.9736, Test 0.9750
Best:
          Accuracy         : Train 0.9944, Val 0.9778, Test 0.9819
Epoch 77: Loss:            : Train 0.0166, Val 0.1005, Test 0.0874
          Accuracy         : Train 0.9946, Val 0.9764, Test 0.9798
Best:
          Accuracy         : Train 0.9944, Val 0.9778, Test 0.9819
Epoch 78: Loss:            : Train 0.0098, Val 0.0875, Test 0.1093
          Accuracy         : Train 0.9964, Val 0.9847, Test 0.9798
Best:
          Accuracy         : Train 0.9964, Val 0.9847, Test 0.9798
Epoch 79: Loss:            : Train 0.0125, Val 0.1031, Test 0.1219
          Accuracy         : Train 0.9946, Val 0.9806, Test 0.9798
Best:
          Accuracy         : Train 0.9964, Val 0.9847, Test 0.9798
Epoch 80: Loss:            : Train 0.0084, Val 0.1341, Test 0.1214
          Accuracy         : Train 0.9978, Val 0.9778, Test 0.9792
Best:
          Accuracy         : Train 0.9964, Val 0.9847, Test 0.9798
Epoch 81: Loss:            : Train 0.0065, Val 0.1727, Test 0.1204
          Accuracy         : Train 0.9992, Val 0.9750, Test 0.9812
Best:
          Accuracy         : Train 0.9964, Val 0.9847, Test 0.9798
Epoch 82: Loss:            : Train 0.0111, Val 0.1836, Test 0.1411
          Accuracy         : Train 0.9972, Val 0.9708, Test 0.9785
Best:
          Accuracy         : Train 0.9964, Val 0.9847, Test 0.9798
Epoch 83: Loss:            : Train 0.0063, Val 0.1859, Test 0.1396
          Accuracy         : Train 0.9986, Val 0.9736, Test 0.9805
Best:
          Accuracy         : Train 0.9964, Val 0.9847, Test 0.9798
Epoch 84: Loss:            : Train 0.0059, Val 0.1500, Test 0.1095
          Accuracy         : Train 0.9988, Val 0.9778, Test 0.9819
Best:
          Accuracy         : Train 0.9964, Val 0.9847, Test 0.9798
Epoch 85: Loss:            : Train 0.0058, Val 0.1362, Test 0.1301
          Accuracy         : Train 0.9986, Val 0.9722, Test 0.9798
Best:
          Accuracy         : Train 0.9964, Val 0.9847, Test 0.9798
Epoch 86: Loss:            : Train 0.0060, Val 0.1644, Test 0.1355
          Accuracy         : Train 0.9974, Val 0.9736, Test 0.9792
Best:
          Accuracy         : Train 0.9964, Val 0.9847, Test 0.9798
Epoch 87: Loss:            : Train 0.0126, Val 0.1991, Test 0.1654
          Accuracy         : Train 0.9960, Val 0.9694, Test 0.9722
Best:
          Accuracy         : Train 0.9964, Val 0.9847, Test 0.9798
Epoch 88: Loss:            : Train 0.0187, Val 0.1740, Test 0.1666
          Accuracy         : Train 0.9944, Val 0.9722, Test 0.9736
Best:
          Accuracy         : Train 0.9964, Val 0.9847, Test 0.9798
Epoch 89: Loss:            : Train 0.0276, Val 0.1827, Test 0.1488
          Accuracy         : Train 0.9936, Val 0.9722, Test 0.9736
Best:
          Accuracy         : Train 0.9964, Val 0.9847, Test 0.9798
Epoch 90: Loss:            : Train 0.0118, Val 0.1797, Test 0.1552
          Accuracy         : Train 0.9931, Val 0.9792, Test 0.9743
Best:
          Accuracy         : Train 0.9964, Val 0.9847, Test 0.9798
Epoch 91: Loss:            : Train 0.0296, Val 0.1948, Test 0.1295
          Accuracy         : Train 0.9962, Val 0.9819, Test 0.9798
Best:
          Accuracy         : Train 0.9964, Val 0.9847, Test 0.9798
Epoch 92: Loss:            : Train 0.0154, Val 0.1375, Test 0.0939
          Accuracy         : Train 0.9966, Val 0.9847, Test 0.9812
Best:
          Accuracy         : Train 0.9964, Val 0.9847, Test 0.9798
Epoch 93: Loss:            : Train 0.0092, Val 0.1206, Test 0.1379
          Accuracy         : Train 0.9984, Val 0.9792, Test 0.9757
Best:
          Accuracy         : Train 0.9964, Val 0.9847, Test 0.9798
Epoch 94: Loss:            : Train 0.0188, Val 0.1451, Test 0.1113
          Accuracy         : Train 0.9934, Val 0.9694, Test 0.9722
Best:
          Accuracy         : Train 0.9964, Val 0.9847, Test 0.9798
Epoch 95: Loss:            : Train 0.0126, Val 0.1478, Test 0.1115
          Accuracy         : Train 0.9934, Val 0.9792, Test 0.9778
Best:
          Accuracy         : Train 0.9964, Val 0.9847, Test 0.9798
Epoch 96: Loss:            : Train 0.0277, Val 0.1761, Test 0.1172
          Accuracy         : Train 0.9948, Val 0.9750, Test 0.9826
Best:
          Accuracy         : Train 0.9964, Val 0.9847, Test 0.9798
Epoch 97: Loss:            : Train 0.0073, Val 0.3110, Test 0.2419
          Accuracy         : Train 0.9980, Val 0.9486, Test 0.9597
Best:
          Accuracy         : Train 0.9964, Val 0.9847, Test 0.9798
Epoch 98: Loss:            : Train 0.0397, Val 0.1847, Test 0.1487
          Accuracy         : Train 0.9827, Val 0.9750, Test 0.9785
Best:
          Accuracy         : Train 0.9964, Val 0.9847, Test 0.9798
Epoch 99: Loss:            : Train 0.0447, Val 0.2407, Test 0.2422
          Accuracy         : Train 0.9952, Val 0.9694, Test 0.9653
Best:
          Accuracy         : Train 0.9964, Val 0.9847, Test 0.9798
Epoch 100: Loss:            : Train 0.0848, Val 0.1655, Test 0.1373
          Accuracy         : Train 0.9889, Val 0.9792, Test 0.9757
Best:
          Accuracy         : Train 0.9964, Val 0.9847, Test 0.9798
Epoch 101: Loss:            : Train 0.0234, Val 0.1583, Test 0.1391
          Accuracy         : Train 0.9934, Val 0.9792, Test 0.9778
Best:
          Accuracy         : Train 0.9964, Val 0.9847, Test 0.9798
Epoch 102: Loss:            : Train 0.0222, Val 0.2217, Test 0.1792
          Accuracy         : Train 0.9962, Val 0.9611, Test 0.9639
Best:
          Accuracy         : Train 0.9964, Val 0.9847, Test 0.9798
Epoch 103: Loss:            : Train 0.0246, Val 0.1452, Test 0.1208
          Accuracy         : Train 0.9907, Val 0.9708, Test 0.9792
Best:
          Accuracy         : Train 0.9964, Val 0.9847, Test 0.9798
Epoch 104: Loss:            : Train 0.0080, Val 0.1295, Test 0.1103
          Accuracy         : Train 0.9986, Val 0.9750, Test 0.9764
Best:
          Accuracy         : Train 0.9964, Val 0.9847, Test 0.9798
Epoch 105: Loss:            : Train 0.0112, Val 0.1461, Test 0.1140
          Accuracy         : Train 0.9954, Val 0.9722, Test 0.9750
Best:
          Accuracy         : Train 0.9964, Val 0.9847, Test 0.9798
Epoch 106: Loss:            : Train 0.0192, Val 0.1476, Test 0.1194
          Accuracy         : Train 0.9936, Val 0.9722, Test 0.9757
Best:
          Accuracy         : Train 0.9964, Val 0.9847, Test 0.9798
Epoch 107: Loss:            : Train 0.0076, Val 0.1758, Test 0.1419
          Accuracy         : Train 0.9976, Val 0.9764, Test 0.9757
Best:
          Accuracy         : Train 0.9964, Val 0.9847, Test 0.9798
Epoch 108: Loss:            : Train 0.0095, Val 0.1923, Test 0.1498
          Accuracy         : Train 0.9976, Val 0.9722, Test 0.9785
Best:
          Accuracy         : Train 0.9964, Val 0.9847, Test 0.9798
Epoch 109: Loss:            : Train 0.0056, Val 0.1791, Test 0.1380
          Accuracy         : Train 0.9978, Val 0.9764, Test 0.9798
Best:
          Accuracy         : Train 0.9964, Val 0.9847, Test 0.9798
Epoch 110: Loss:            : Train 0.0053, Val 0.1532, Test 0.1214
          Accuracy         : Train 0.9978, Val 0.9792, Test 0.9771
Best:
          Accuracy         : Train 0.9964, Val 0.9847, Test 0.9798
Epoch 111: Loss:            : Train 0.0073, Val 0.1412, Test 0.1143
          Accuracy         : Train 0.9978, Val 0.9750, Test 0.9819
Best:
          Accuracy         : Train 0.9964, Val 0.9847, Test 0.9798
Epoch 112: Loss:            : Train 0.0052, Val 0.1499, Test 0.1385
          Accuracy         : Train 0.9992, Val 0.9750, Test 0.9778
Best:
          Accuracy         : Train 0.9964, Val 0.9847, Test 0.9798
Epoch 113: Loss:            : Train 0.0030, Val 0.1608, Test 0.1637
          Accuracy         : Train 0.9988, Val 0.9792, Test 0.9785
Best:
          Accuracy         : Train 0.9964, Val 0.9847, Test 0.9798
Epoch 114: Loss:            : Train 0.0082, Val 0.1334, Test 0.1233
          Accuracy         : Train 0.9970, Val 0.9806, Test 0.9826
Best:
          Accuracy         : Train 0.9964, Val 0.9847, Test 0.9798
Epoch 115: Loss:            : Train 0.0036, Val 0.1631, Test 0.1652
          Accuracy         : Train 0.9988, Val 0.9778, Test 0.9798
Best:
          Accuracy         : Train 0.9964, Val 0.9847, Test 0.9798
Epoch 116: Loss:            : Train 0.0057, Val 0.1296, Test 0.1515
          Accuracy         : Train 0.9968, Val 0.9792, Test 0.9819
Best:
          Accuracy         : Train 0.9964, Val 0.9847, Test 0.9798
Epoch 117: Loss:            : Train 0.0130, Val 0.1391, Test 0.1420
          Accuracy         : Train 0.9974, Val 0.9764, Test 0.9812
Best:
          Accuracy         : Train 0.9964, Val 0.9847, Test 0.9798
Epoch 118: Loss:            : Train 0.0077, Val 0.2034, Test 0.2037
          Accuracy         : Train 0.9988, Val 0.9653, Test 0.9778
Best:
          Accuracy         : Train 0.9964, Val 0.9847, Test 0.9798
Epoch 119: Loss:            : Train 0.0155, Val 0.1399, Test 0.1254
          Accuracy         : Train 0.9958, Val 0.9806, Test 0.9819
Best:
          Accuracy         : Train 0.9964, Val 0.9847, Test 0.9798
Epoch 120: Loss:            : Train 0.0031, Val 0.1950, Test 0.1365
          Accuracy         : Train 0.9994, Val 0.9819, Test 0.9819
Best:
          Accuracy         : Train 0.9964, Val 0.9847, Test 0.9798
Epoch 121: Loss:            : Train 0.0207, Val 0.1821, Test 0.1033
          Accuracy         : Train 0.9925, Val 0.9819, Test 0.9819
Best:
          Accuracy         : Train 0.9964, Val 0.9847, Test 0.9798
Epoch 122: Loss:            : Train 0.0050, Val 0.2457, Test 0.1190
          Accuracy         : Train 0.9986, Val 0.9722, Test 0.9792
Best:
          Accuracy         : Train 0.9964, Val 0.9847, Test 0.9798
Epoch 123: Loss:            : Train 0.0060, Val 0.2195, Test 0.1292
          Accuracy         : Train 0.9970, Val 0.9708, Test 0.9798
Best:
          Accuracy         : Train 0.9964, Val 0.9847, Test 0.9798
Epoch 124: Loss:            : Train 0.0080, Val 0.2120, Test 0.1438
          Accuracy         : Train 0.9986, Val 0.9764, Test 0.9805
Best:
          Accuracy         : Train 0.9964, Val 0.9847, Test 0.9798
Epoch 125: Loss:            : Train 0.0069, Val 0.2218, Test 0.1798
          Accuracy         : Train 0.9986, Val 0.9833, Test 0.9805
Best:
          Accuracy         : Train 0.9964, Val 0.9847, Test 0.9798
Epoch 126: Loss:            : Train 0.0022, Val 0.1979, Test 0.1494
          Accuracy         : Train 0.9988, Val 0.9806, Test 0.9764
Best:
          Accuracy         : Train 0.9964, Val 0.9847, Test 0.9798
Epoch 127: Loss:            : Train 0.0065, Val 0.1956, Test 0.1469
          Accuracy         : Train 0.9974, Val 0.9778, Test 0.9840
Best:
          Accuracy         : Train 0.9964, Val 0.9847, Test 0.9798
Epoch 128: Loss:            : Train 0.0023, Val 0.1966, Test 0.1322
          Accuracy         : Train 0.9998, Val 0.9778, Test 0.9805
Best:
          Accuracy         : Train 0.9964, Val 0.9847, Test 0.9798
Epoch 129: Loss:            : Train 0.0016, Val 0.1829, Test 0.1175
          Accuracy         : Train 0.9994, Val 0.9764, Test 0.9833
Best:
          Accuracy         : Train 0.9964, Val 0.9847, Test 0.9798
Epoch 130: Loss:            : Train 0.0007, Val 0.1702, Test 0.1357
          Accuracy         : Train 0.9998, Val 0.9806, Test 0.9819
Best:
          Accuracy         : Train 0.9964, Val 0.9847, Test 0.9798
Epoch 131: Loss:            : Train 0.0041, Val 0.1639, Test 0.1318
          Accuracy         : Train 0.9990, Val 0.9750, Test 0.9833
Best:
          Accuracy         : Train 0.9964, Val 0.9847, Test 0.9798
Epoch 132: Loss:            : Train 0.0005, Val 0.2350, Test 0.1549
          Accuracy         : Train 1.0000, Val 0.9722, Test 0.9805
Best:
          Accuracy         : Train 0.9964, Val 0.9847, Test 0.9798
Epoch 133: Loss:            : Train 0.0052, Val 0.2097, Test 0.1861
          Accuracy         : Train 0.9988, Val 0.9722, Test 0.9812
Best:
          Accuracy         : Train 0.9964, Val 0.9847, Test 0.9798
Epoch 134: Loss:            : Train 0.0027, Val 0.1731, Test 0.1603
          Accuracy         : Train 0.9988, Val 0.9750, Test 0.9826
Best:
          Accuracy         : Train 0.9964, Val 0.9847, Test 0.9798
Epoch 135: Loss:            : Train 0.0022, Val 0.2091, Test 0.1432
          Accuracy         : Train 0.9994, Val 0.9778, Test 0.9840
Best:
          Accuracy         : Train 0.9964, Val 0.9847, Test 0.9798
Epoch 136: Loss:            : Train 0.0031, Val 0.2078, Test 0.1496
          Accuracy         : Train 0.9994, Val 0.9750, Test 0.9854
Best:
          Accuracy         : Train 0.9964, Val 0.9847, Test 0.9798
Epoch 137: Loss:            : Train 0.0005, Val 0.2353, Test 0.1719
          Accuracy         : Train 1.0000, Val 0.9750, Test 0.9805
Best:
          Accuracy         : Train 0.9964, Val 0.9847, Test 0.9798
Epoch 138: Loss:            : Train 0.0024, Val 0.2160, Test 0.1634
          Accuracy         : Train 0.9988, Val 0.9806, Test 0.9840
Best:
          Accuracy         : Train 0.9964, Val 0.9847, Test 0.9798
Epoch 139: Loss:            : Train 0.0015, Val 0.2083, Test 0.1745
          Accuracy         : Train 0.9996, Val 0.9819, Test 0.9819
Best:
          Accuracy         : Train 0.9964, Val 0.9847, Test 0.9798
Epoch 140: Loss:            : Train 0.0015, Val 0.1899, Test 0.1538
          Accuracy         : Train 0.9996, Val 0.9819, Test 0.9826
Best:
          Accuracy         : Train 0.9964, Val 0.9847, Test 0.9798
Epoch 141: Loss:            : Train 0.0010, Val 0.1783, Test 0.1435
          Accuracy         : Train 0.9996, Val 0.9806, Test 0.9826
Best:
          Accuracy         : Train 0.9964, Val 0.9847, Test 0.9798
Epoch 142: Loss:            : Train 0.0008, Val 0.1847, Test 0.1441
          Accuracy         : Train 1.0000, Val 0.9736, Test 0.9819
Best:
          Accuracy         : Train 0.9964, Val 0.9847, Test 0.9798
Epoch 143: Loss:            : Train 0.0003, Val 0.2068, Test 0.1408
          Accuracy         : Train 1.0000, Val 0.9750, Test 0.9819
Best:
          Accuracy         : Train 0.9964, Val 0.9847, Test 0.9798
Epoch 144: Loss:            : Train 0.0010, Val 0.2359, Test 0.1503
          Accuracy         : Train 0.9998, Val 0.9722, Test 0.9805
Best:
          Accuracy         : Train 0.9964, Val 0.9847, Test 0.9798
Epoch 145: Loss:            : Train 0.0021, Val 0.2176, Test 0.1454
          Accuracy         : Train 0.9994, Val 0.9736, Test 0.9840
Best:
          Accuracy         : Train 0.9964, Val 0.9847, Test 0.9798
Epoch 146: Loss:            : Train 0.0005, Val 0.2000, Test 0.1539
          Accuracy         : Train 1.0000, Val 0.9764, Test 0.9833
Best:
          Accuracy         : Train 0.9964, Val 0.9847, Test 0.9798
Epoch 147: Loss:            : Train 0.0039, Val 0.2119, Test 0.1471
          Accuracy         : Train 0.9982, Val 0.9736, Test 0.9826
Best:
          Accuracy         : Train 0.9964, Val 0.9847, Test 0.9798
Epoch 148: Loss:            : Train 0.0015, Val 0.2263, Test 0.1466
          Accuracy         : Train 0.9996, Val 0.9722, Test 0.9778
Best:
          Accuracy         : Train 0.9964, Val 0.9847, Test 0.9798
Epoch 149: Loss:            : Train 0.0021, Val 0.2184, Test 0.1332
          Accuracy         : Train 0.9986, Val 0.9778, Test 0.9798
Best:
          Accuracy         : Train 0.9964, Val 0.9847, Test 0.9798
Epoch 150: Loss:            : Train 0.0070, Val 0.2151, Test 0.1330
          Accuracy         : Train 0.9968, Val 0.9806, Test 0.9840
Best:
          Accuracy         : Train 0.9964, Val 0.9847, Test 0.9798
Epoch 151: Loss:            : Train 0.0099, Val 0.2323, Test 0.1312
          Accuracy         : Train 0.9988, Val 0.9792, Test 0.9833
Best:
          Accuracy         : Train 0.9964, Val 0.9847, Test 0.9798
Epoch 152: Loss:            : Train 0.0006, Val 0.2729, Test 0.2641
          Accuracy         : Train 0.9998, Val 0.9792, Test 0.9805
Best:
          Accuracy         : Train 0.9964, Val 0.9847, Test 0.9798
Epoch 153: Loss:            : Train 0.0384, Val 0.2556, Test 0.1668
          Accuracy         : Train 0.9960, Val 0.9778, Test 0.9805
Best:
          Accuracy         : Train 0.9964, Val 0.9847, Test 0.9798
Epoch 154: Loss:            : Train 0.0053, Val 0.2380, Test 0.1541
          Accuracy         : Train 0.9986, Val 0.9792, Test 0.9771
Best:
          Accuracy         : Train 0.9964, Val 0.9847, Test 0.9798
Epoch 155: Loss:            : Train 0.0187, Val 0.1955, Test 0.1784
          Accuracy         : Train 0.9952, Val 0.9778, Test 0.9764
Best:
          Accuracy         : Train 0.9964, Val 0.9847, Test 0.9798
Epoch 156: Loss:            : Train 0.0054, Val 0.1983, Test 0.1980
          Accuracy         : Train 0.9988, Val 0.9764, Test 0.9785
Best:
          Accuracy         : Train 0.9964, Val 0.9847, Test 0.9798
Epoch 157: Loss:            : Train 0.0106, Val 0.1911, Test 0.1510
          Accuracy         : Train 0.9960, Val 0.9847, Test 0.9840
Best:
          Accuracy         : Train 0.9964, Val 0.9847, Test 0.9798
Epoch 158: Loss:            : Train 0.0114, Val 0.1776, Test 0.1374
          Accuracy         : Train 0.9968, Val 0.9819, Test 0.9847
Best:
          Accuracy         : Train 0.9964, Val 0.9847, Test 0.9798
Epoch 159: Loss:            : Train 0.0093, Val 0.2011, Test 0.1455
          Accuracy         : Train 0.9986, Val 0.9778, Test 0.9826
Best:
          Accuracy         : Train 0.9964, Val 0.9847, Test 0.9798
Epoch 160: Loss:            : Train 0.0037, Val 0.2266, Test 0.1508
          Accuracy         : Train 0.9988, Val 0.9736, Test 0.9812
Best:
          Accuracy         : Train 0.9964, Val 0.9847, Test 0.9798
Epoch 161: Loss:            : Train 0.0020, Val 0.2463, Test 0.1780
          Accuracy         : Train 0.9994, Val 0.9736, Test 0.9764
Best:
          Accuracy         : Train 0.9964, Val 0.9847, Test 0.9798
Epoch 162: Loss:            : Train 0.0049, Val 0.2507, Test 0.1581
          Accuracy         : Train 0.9986, Val 0.9764, Test 0.9798
Best:
          Accuracy         : Train 0.9964, Val 0.9847, Test 0.9798
Epoch 163: Loss:            : Train 0.0122, Val 0.2055, Test 0.1286
          Accuracy         : Train 0.9990, Val 0.9764, Test 0.9826
Best:
          Accuracy         : Train 0.9964, Val 0.9847, Test 0.9798
Epoch 164: Loss:            : Train 0.0037, Val 0.1991, Test 0.1624
          Accuracy         : Train 0.9994, Val 0.9750, Test 0.9778
Best:
          Accuracy         : Train 0.9964, Val 0.9847, Test 0.9798
Epoch 165: Loss:            : Train 0.0032, Val 0.1941, Test 0.1224
          Accuracy         : Train 0.9982, Val 0.9819, Test 0.9840
Best:
          Accuracy         : Train 0.9964, Val 0.9847, Test 0.9798
Epoch 166: Loss:            : Train 0.0014, Val 0.2033, Test 0.1236
          Accuracy         : Train 0.9994, Val 0.9819, Test 0.9833
Best:
          Accuracy         : Train 0.9964, Val 0.9847, Test 0.9798
Epoch 167: Loss:            : Train 0.0039, Val 0.1990, Test 0.1230
          Accuracy         : Train 0.9988, Val 0.9833, Test 0.9854
Best:
          Accuracy         : Train 0.9964, Val 0.9847, Test 0.9798
Epoch 168: Loss:            : Train 0.0020, Val 0.1917, Test 0.1351
          Accuracy         : Train 0.9994, Val 0.9819, Test 0.9861
Best:
          Accuracy         : Train 0.9964, Val 0.9847, Test 0.9798
Epoch 169: Loss:            : Train 0.0004, Val 0.1968, Test 0.1623
          Accuracy         : Train 1.0000, Val 0.9778, Test 0.9798
Best:
          Accuracy         : Train 0.9964, Val 0.9847, Test 0.9798
Epoch 170: Loss:            : Train 0.0011, Val 0.2078, Test 0.1530
          Accuracy         : Train 0.9990, Val 0.9750, Test 0.9805
Best:
          Accuracy         : Train 0.9964, Val 0.9847, Test 0.9798
Epoch 171: Loss:            : Train 0.0009, Val 0.2308, Test 0.1583
          Accuracy         : Train 0.9994, Val 0.9750, Test 0.9819
Best:
          Accuracy         : Train 0.9964, Val 0.9847, Test 0.9798
Epoch 172: Loss:            : Train 0.0009, Val 0.2407, Test 0.1669
          Accuracy         : Train 1.0000, Val 0.9778, Test 0.9819
Best:
          Accuracy         : Train 0.9964, Val 0.9847, Test 0.9798
Epoch 173: Loss:            : Train 0.0006, Val 0.2365, Test 0.1669
          Accuracy         : Train 0.9998, Val 0.9806, Test 0.9833
Best:
          Accuracy         : Train 0.9964, Val 0.9847, Test 0.9798
Epoch 174: Loss:            : Train 0.0001, Val 0.2346, Test 0.1683
          Accuracy         : Train 1.0000, Val 0.9778, Test 0.9833
Best:
          Accuracy         : Train 0.9964, Val 0.9847, Test 0.9798
Epoch 175: Loss:            : Train 0.0015, Val 0.2291, Test 0.1617
          Accuracy         : Train 0.9996, Val 0.9806, Test 0.9833
Best:
          Accuracy         : Train 0.9964, Val 0.9847, Test 0.9798
Epoch 176: Loss:            : Train 0.0002, Val 0.2342, Test 0.1593
          Accuracy         : Train 1.0000, Val 0.9778, Test 0.9840
Best:
          Accuracy         : Train 0.9964, Val 0.9847, Test 0.9798
Epoch 177: Loss:            : Train 0.0008, Val 0.2466, Test 0.1669
          Accuracy         : Train 0.9998, Val 0.9778, Test 0.9798
Best:
          Accuracy         : Train 0.9964, Val 0.9847, Test 0.9798
Epoch 178: Loss:            : Train 0.0009, Val 0.2503, Test 0.1739
          Accuracy         : Train 0.9998, Val 0.9750, Test 0.9819
Best:
          Accuracy         : Train 0.9964, Val 0.9847, Test 0.9798
Epoch 179: Loss:            : Train 0.0006, Val 0.2550, Test 0.1849
          Accuracy         : Train 1.0000, Val 0.9806, Test 0.9819
Best:
          Accuracy         : Train 0.9964, Val 0.9847, Test 0.9798
Epoch 180: Loss:            : Train 0.0002, Val 0.2365, Test 0.1756
          Accuracy         : Train 1.0000, Val 0.9792, Test 0.9847
Best:
          Accuracy         : Train 0.9964, Val 0.9847, Test 0.9798
Epoch 181: Loss:            : Train 0.0008, Val 0.2408, Test 0.1774
          Accuracy         : Train 0.9994, Val 0.9792, Test 0.9847
Best:
          Accuracy         : Train 0.9964, Val 0.9847, Test 0.9798
Epoch 182: Loss:            : Train 0.0005, Val 0.2407, Test 0.1750
          Accuracy         : Train 1.0000, Val 0.9778, Test 0.9854
Best:
          Accuracy         : Train 0.9964, Val 0.9847, Test 0.9798
Epoch 183: Loss:            : Train 0.0007, Val 0.2009, Test 0.1696
          Accuracy         : Train 0.9998, Val 0.9833, Test 0.9854
Best:
          Accuracy         : Train 0.9964, Val 0.9847, Test 0.9798
Epoch 184: Loss:            : Train 0.0171, Val 0.2100, Test 0.1595
          Accuracy         : Train 0.9992, Val 0.9806, Test 0.9847
Best:
          Accuracy         : Train 0.9964, Val 0.9847, Test 0.9798
Epoch 185: Loss:            : Train 0.0012, Val 0.3114, Test 0.2150
          Accuracy         : Train 0.9998, Val 0.9750, Test 0.9785
Best:
          Accuracy         : Train 0.9964, Val 0.9847, Test 0.9798
Epoch 186: Loss:            : Train 0.0104, Val 0.2328, Test 0.1478
          Accuracy         : Train 0.9964, Val 0.9806, Test 0.9868
Best:
          Accuracy         : Train 0.9964, Val 0.9847, Test 0.9798
Epoch 187: Loss:            : Train 0.0067, Val 0.2360, Test 0.1746
          Accuracy         : Train 0.9992, Val 0.9847, Test 0.9854
Best:
          Accuracy         : Train 0.9964, Val 0.9847, Test 0.9798
Epoch 188: Loss:            : Train 0.0033, Val 0.2329, Test 0.1768
          Accuracy         : Train 0.9986, Val 0.9778, Test 0.9819
Best:
          Accuracy         : Train 0.9964, Val 0.9847, Test 0.9798
Epoch 189: Loss:            : Train 0.0002, Val 0.2911, Test 0.2382
          Accuracy         : Train 1.0000, Val 0.9708, Test 0.9805
Best:
          Accuracy         : Train 0.9964, Val 0.9847, Test 0.9798
Epoch 190: Loss:            : Train 0.0161, Val 0.2346, Test 0.1679
          Accuracy         : Train 0.9968, Val 0.9792, Test 0.9840
Best:
          Accuracy         : Train 0.9964, Val 0.9847, Test 0.9798
Epoch 191: Loss:            : Train 0.0004, Val 0.2484, Test 0.1773
          Accuracy         : Train 0.9998, Val 0.9833, Test 0.9854
Best:
          Accuracy         : Train 0.9964, Val 0.9847, Test 0.9798
Epoch 192: Loss:            : Train 0.0107, Val 0.2487, Test 0.1738
          Accuracy         : Train 0.9980, Val 0.9792, Test 0.9840
Best:
          Accuracy         : Train 0.9964, Val 0.9847, Test 0.9798
Epoch 193: Loss:            : Train 0.0038, Val 0.2531, Test 0.1659
          Accuracy         : Train 0.9982, Val 0.9778, Test 0.9826
Best:
          Accuracy         : Train 0.9964, Val 0.9847, Test 0.9798
Epoch 194: Loss:            : Train 0.0021, Val 0.2716, Test 0.1714
          Accuracy         : Train 0.9994, Val 0.9764, Test 0.9805
Best:
          Accuracy         : Train 0.9964, Val 0.9847, Test 0.9798
Epoch 195: Loss:            : Train 0.0025, Val 0.2667, Test 0.1653
          Accuracy         : Train 0.9990, Val 0.9764, Test 0.9805
Best:
          Accuracy         : Train 0.9964, Val 0.9847, Test 0.9798
Epoch 196: Loss:            : Train 0.0022, Val 0.2358, Test 0.1641
          Accuracy         : Train 0.9992, Val 0.9792, Test 0.9805
Best:
          Accuracy         : Train 0.9964, Val 0.9847, Test 0.9798
Epoch 197: Loss:            : Train 0.0017, Val 0.2270, Test 0.1728
          Accuracy         : Train 0.9998, Val 0.9792, Test 0.9778
Best:
          Accuracy         : Train 0.9964, Val 0.9847, Test 0.9798
Epoch 198: Loss:            : Train 0.0008, Val 0.2245, Test 0.1753
          Accuracy         : Train 0.9996, Val 0.9792, Test 0.9771
Best:
          Accuracy         : Train 0.9964, Val 0.9847, Test 0.9798
Epoch 199: Loss:            : Train 0.0020, Val 0.2301, Test 0.1755
          Accuracy         : Train 0.9998, Val 0.9792, Test 0.9743
Best:
          Accuracy         : Train 0.9964, Val 0.9847, Test 0.9798
Epoch 200: Loss:            : Train 0.0028, Val 0.2214, Test 0.1547
          Accuracy         : Train 0.9980, Val 0.9819, Test 0.9819
Best:
          Accuracy         : Train 0.9964, Val 0.9847, Test 0.9798
Training time (sec): 23
