Loading parties from cache
Loading data from cache
Done
Calculating noise scale
Adding noise of scale 0.0 to sim_scores
Adding noise of scale 0.0 to sim_scores
Adding noise of scale 0.0 to sim_scores
Generating top1 dataset
Generating top1 dataset
Generating top1 dataset
Preparing time (sec): 0
Loading data
Prepare for training
Start training
================================================================================
                                    Kernel Shape Output Shape  Params  \
Layer                                                                   
0_local_models.0.fc_layers.Linear_0     [3, 100]  [4096, 100]     400   
1_local_models.0.fc_layers.Linear_1    [100, 50]   [4096, 50]    5050   
2_local_models.1.fc_layers.Linear_0     [3, 100]  [4096, 100]     400   
3_local_models.1.fc_layers.Linear_1    [100, 50]   [4096, 50]    5050   
4_agg_model.fc_layers.Linear_0        [100, 100]  [4096, 100]   10100   
5_agg_model.fc_layers.Linear_1         [100, 10]   [4096, 10]    1010   

                                     Mult-Adds  
Layer                                           
0_local_models.0.fc_layers.Linear_0        300  
1_local_models.0.fc_layers.Linear_1       5000  
2_local_models.1.fc_layers.Linear_0        300  
3_local_models.1.fc_layers.Linear_1       5000  
4_agg_model.fc_layers.Linear_0           10000  
5_agg_model.fc_layers.Linear_1            1000  
--------------------------------------------------------------------------------
                      Totals
Total params           22010
Trainable params       22010
Non-trainable params       0
Mult-Adds              21600
================================================================================
n_classes=10
task=multi_cls
model_name=frog_top1sim_noise_0.2_2022-01-30-08-47-29
sche_threshold=0.0001
sche_patience=10
sche_factor=0.1
use_scheduler=False
num_workers=4
device=cuda:0
test_batch_size=4096
train_batch_size=4096
learning_rate=0.03
weight_decay=0.001
num_epochs=200
model_save_path=ckp/frog_top1sim_noise_0.2_2022-01-30-08-47-29.pth
test_rate=0.2
val_rate=0.2
multiprocess_context=fork
metrics=['accuracy']
metrics_f=[<metric.accuracy.Accuracy object at 0x7f0c413a2c70>]
hidden_sizes=[200, 100]
model=SplitNN(
  (agg_model): MLP(
    (fc_layers): ModuleList(
      (0): Linear(in_features=100, out_features=100, bias=True)
      (1): Linear(in_features=100, out_features=10, bias=True)
    )
  )
  (local_models): ModuleList(
    (0): MLP(
      (fc_layers): ModuleList(
        (0): Linear(in_features=3, out_features=100, bias=True)
        (1): Linear(in_features=100, out_features=50, bias=True)
      )
    )
    (1): MLP(
      (fc_layers): ModuleList(
        (0): Linear(in_features=3, out_features=100, bias=True)
        (1): Linear(in_features=100, out_features=50, bias=True)
      )
    )
  )
)
writer=<torch.utils.tensorboard.writer.SummaryWriter object at 0x7f0c413a2bb0>
dataset_type=syn
drop_key=True
num_common_features=16
tree_radius=2
tree_leaf_size=1000
knn_k=100
grid_min=-10.0
grid_max=10.0
grid_width=1.5
sim_scaler=StandardScaler()
filter_top_k=None
link_n_jobs=1
psig_p=7
sim_leak_p=1.0
link_threshold_t=0.1
link_epsilon=0.1
n_hash_lsh=20
edit_distance_threshold=1
n_hash_func=10
collision_rate=0.05
qgram_q=2
link_delta=0.1
feature_wise_sim=False
blocking_method=knn
center_threshold=0.5
n_clusters=100
local_hidden_sizes=[[100], [100]]
cut_dims=[50, 50]
agg_hidden_sizes=[100]
scale_analysis=None
data1_shape=(7195, 19)
data2_shape=(7195, 19)
Epoch 1: Loss:            : Train 0.0000, Val 2.1687, Test 2.1678
          Accuracy         : Train 0.0649, Val 0.4802, Test 0.4844
Best:
          Accuracy         : Train 0.0649, Val 0.4802, Test 0.4844
Epoch 2: Loss:            : Train 0.0000, Val 1.9525, Test 1.9508
          Accuracy         : Train 0.4853, Val 0.4802, Test 0.4837
Best:
          Accuracy         : Train 0.0649, Val 0.4802, Test 0.4844
Epoch 3: Loss:            : Train 0.0000, Val 1.7019, Test 1.7011
          Accuracy         : Train 0.4844, Val 0.4802, Test 0.4837
Best:
          Accuracy         : Train 0.0649, Val 0.4802, Test 0.4844
Epoch 4: Loss:            : Train 0.0000, Val 1.7078, Test 1.7140
          Accuracy         : Train 0.4844, Val 0.4802, Test 0.4837
Best:
          Accuracy         : Train 0.0649, Val 0.4802, Test 0.4844
Epoch 5: Loss:            : Train 0.0000, Val 1.6362, Test 1.6497
          Accuracy         : Train 0.4844, Val 0.4802, Test 0.4837
Best:
          Accuracy         : Train 0.0649, Val 0.4802, Test 0.4844
Epoch 6: Loss:            : Train 0.0000, Val 1.5538, Test 1.5611
          Accuracy         : Train 0.4844, Val 0.4809, Test 0.4837
Best:
          Accuracy         : Train 0.4844, Val 0.4809, Test 0.4837
Epoch 7: Loss:            : Train 0.0000, Val 1.5083, Test 1.5038
          Accuracy         : Train 0.4846, Val 0.4809, Test 0.4837
Best:
          Accuracy         : Train 0.4844, Val 0.4809, Test 0.4837
Epoch 8: Loss:            : Train 0.0000, Val 1.4087, Test 1.4069
          Accuracy         : Train 0.4855, Val 0.4816, Test 0.4837
Best:
          Accuracy         : Train 0.4855, Val 0.4816, Test 0.4837
Epoch 9: Loss:            : Train 0.0000, Val 1.2909, Test 1.2903
          Accuracy         : Train 0.4858, Val 0.4955, Test 0.4962
Best:
          Accuracy         : Train 0.4858, Val 0.4955, Test 0.4962
Epoch 10: Loss:            : Train 0.0000, Val 1.1834, Test 1.1686
          Accuracy         : Train 0.5115, Val 0.6991, Test 0.6692
Best:
          Accuracy         : Train 0.5115, Val 0.6991, Test 0.6692
Epoch 11: Loss:            : Train 0.0000, Val 1.0768, Test 1.0770
          Accuracy         : Train 0.6877, Val 0.7116, Test 0.6755
Best:
          Accuracy         : Train 0.6877, Val 0.7116, Test 0.6755
Epoch 12: Loss:            : Train 0.0000, Val 1.0144, Test 1.0370
          Accuracy         : Train 0.6938, Val 0.7151, Test 0.6963
Best:
          Accuracy         : Train 0.6938, Val 0.7151, Test 0.6963
Epoch 13: Loss:            : Train 0.0000, Val 0.9730, Test 0.9655
          Accuracy         : Train 0.7086, Val 0.7359, Test 0.7186
Best:
          Accuracy         : Train 0.7086, Val 0.7359, Test 0.7186
Epoch 14: Loss:            : Train 0.0000, Val 0.9392, Test 0.9282
          Accuracy         : Train 0.7308, Val 0.7186, Test 0.7415
Best:
          Accuracy         : Train 0.7086, Val 0.7359, Test 0.7186
Epoch 15: Loss:            : Train 0.0000, Val 0.9104, Test 0.9328
          Accuracy         : Train 0.7389, Val 0.7262, Test 0.7304
Best:
          Accuracy         : Train 0.7086, Val 0.7359, Test 0.7186
Epoch 16: Loss:            : Train 0.0000, Val 0.8962, Test 0.8475
          Accuracy         : Train 0.7461, Val 0.7283, Test 0.7547
Best:
          Accuracy         : Train 0.7086, Val 0.7359, Test 0.7186
Epoch 17: Loss:            : Train 0.0000, Val 0.9011, Test 0.8700
          Accuracy         : Train 0.7577, Val 0.7054, Test 0.7540
Best:
          Accuracy         : Train 0.7086, Val 0.7359, Test 0.7186
Epoch 18: Loss:            : Train 0.0000, Val 0.9339, Test 0.8809
          Accuracy         : Train 0.7533, Val 0.7047, Test 0.7644
Best:
          Accuracy         : Train 0.7086, Val 0.7359, Test 0.7186
Epoch 19: Loss:            : Train 0.0000, Val 0.9022, Test 0.8119
          Accuracy         : Train 0.7670, Val 0.7325, Test 0.7658
Best:
          Accuracy         : Train 0.7086, Val 0.7359, Test 0.7186
Epoch 20: Loss:            : Train 0.0000, Val 0.8823, Test 0.9252
          Accuracy         : Train 0.7596, Val 0.7512, Test 0.7165
Best:
          Accuracy         : Train 0.7596, Val 0.7512, Test 0.7165
Epoch 21: Loss:            : Train 0.0000, Val 0.8930, Test 0.8022
          Accuracy         : Train 0.7538, Val 0.7338, Test 0.7804
Best:
          Accuracy         : Train 0.7596, Val 0.7512, Test 0.7165
Epoch 22: Loss:            : Train 0.0000, Val 0.8903, Test 0.7900
          Accuracy         : Train 0.7809, Val 0.7387, Test 0.7818
Best:
          Accuracy         : Train 0.7596, Val 0.7512, Test 0.7165
Epoch 23: Loss:            : Train 0.0000, Val 0.8043, Test 0.7957
          Accuracy         : Train 0.7874, Val 0.7512, Test 0.7825
Best:
          Accuracy         : Train 0.7596, Val 0.7512, Test 0.7165
Epoch 24: Loss:            : Train 0.0000, Val 0.7949, Test 0.7608
          Accuracy         : Train 0.7804, Val 0.7637, Test 0.7992
Best:
          Accuracy         : Train 0.7804, Val 0.7637, Test 0.7992
Epoch 25: Loss:            : Train 0.0000, Val 0.7567, Test 0.7203
          Accuracy         : Train 0.7975, Val 0.7790, Test 0.8138
Best:
          Accuracy         : Train 0.7975, Val 0.7790, Test 0.8138
Epoch 26: Loss:            : Train 0.0000, Val 0.7475, Test 0.6845
          Accuracy         : Train 0.8107, Val 0.7741, Test 0.8068
Best:
          Accuracy         : Train 0.7975, Val 0.7790, Test 0.8138
Epoch 27: Loss:            : Train 0.0000, Val 0.6913, Test 0.6806
          Accuracy         : Train 0.8135, Val 0.7790, Test 0.7880
Best:
          Accuracy         : Train 0.7975, Val 0.7790, Test 0.8138
Epoch 28: Loss:            : Train 0.0000, Val 0.6782, Test 0.6678
          Accuracy         : Train 0.8205, Val 0.7922, Test 0.8151
Best:
          Accuracy         : Train 0.8205, Val 0.7922, Test 0.8151
Epoch 29: Loss:            : Train 0.0000, Val 0.7008, Test 0.6423
          Accuracy         : Train 0.8304, Val 0.7880, Test 0.8339
Best:
          Accuracy         : Train 0.8205, Val 0.7922, Test 0.8151
Epoch 30: Loss:            : Train 0.0000, Val 0.6680, Test 0.6594
          Accuracy         : Train 0.8360, Val 0.8019, Test 0.8214
Best:
          Accuracy         : Train 0.8360, Val 0.8019, Test 0.8214
Epoch 31: Loss:            : Train 0.0000, Val 0.6661, Test 0.6361
          Accuracy         : Train 0.8365, Val 0.7978, Test 0.8256
Best:
          Accuracy         : Train 0.8360, Val 0.8019, Test 0.8214
Epoch 32: Loss:            : Train 0.0000, Val 0.6427, Test 0.6483
          Accuracy         : Train 0.8429, Val 0.8068, Test 0.8193
Best:
          Accuracy         : Train 0.8429, Val 0.8068, Test 0.8193
Epoch 33: Loss:            : Train 0.0000, Val 0.6350, Test 0.6736
          Accuracy         : Train 0.8379, Val 0.8117, Test 0.8297
Best:
          Accuracy         : Train 0.8379, Val 0.8117, Test 0.8297
Epoch 34: Loss:            : Train 0.0000, Val 0.6964, Test 0.6257
          Accuracy         : Train 0.8318, Val 0.7964, Test 0.8332
Best:
          Accuracy         : Train 0.8379, Val 0.8117, Test 0.8297
Epoch 35: Loss:            : Train 0.0000, Val 0.6350, Test 0.6966
          Accuracy         : Train 0.8409, Val 0.8193, Test 0.8033
Best:
          Accuracy         : Train 0.8409, Val 0.8193, Test 0.8033
Epoch 36: Loss:            : Train 0.0000, Val 0.6637, Test 0.6142
          Accuracy         : Train 0.8457, Val 0.7992, Test 0.8381
Best:
          Accuracy         : Train 0.8409, Val 0.8193, Test 0.8033
Epoch 37: Loss:            : Train 0.0000, Val 0.6571, Test 0.6225
          Accuracy         : Train 0.8439, Val 0.8019, Test 0.8374
Best:
          Accuracy         : Train 0.8409, Val 0.8193, Test 0.8033
Epoch 38: Loss:            : Train 0.0000, Val 0.6355, Test 0.6240
          Accuracy         : Train 0.8441, Val 0.8124, Test 0.8207
Best:
          Accuracy         : Train 0.8409, Val 0.8193, Test 0.8033
Epoch 39: Loss:            : Train 0.0000, Val 0.6216, Test 0.6391
          Accuracy         : Train 0.8483, Val 0.8138, Test 0.8311
Best:
          Accuracy         : Train 0.8409, Val 0.8193, Test 0.8033
Epoch 40: Loss:            : Train 0.0000, Val 0.6504, Test 0.6585
          Accuracy         : Train 0.8564, Val 0.8145, Test 0.8353
Best:
          Accuracy         : Train 0.8409, Val 0.8193, Test 0.8033
Epoch 41: Loss:            : Train 0.0000, Val 0.7136, Test 0.6207
          Accuracy         : Train 0.8515, Val 0.7999, Test 0.8416
Best:
          Accuracy         : Train 0.8409, Val 0.8193, Test 0.8033
Epoch 42: Loss:            : Train 0.0000, Val 0.6462, Test 0.7079
          Accuracy         : Train 0.8585, Val 0.8235, Test 0.7887
Best:
          Accuracy         : Train 0.8585, Val 0.8235, Test 0.7887
Epoch 43: Loss:            : Train 0.0000, Val 0.6643, Test 0.6219
          Accuracy         : Train 0.8515, Val 0.8026, Test 0.8464
Best:
          Accuracy         : Train 0.8585, Val 0.8235, Test 0.7887
Epoch 44: Loss:            : Train 0.0000, Val 0.6606, Test 0.6152
          Accuracy         : Train 0.8575, Val 0.8040, Test 0.8450
Best:
          Accuracy         : Train 0.8585, Val 0.8235, Test 0.7887
Epoch 45: Loss:            : Train 0.0000, Val 0.6601, Test 0.6541
          Accuracy         : Train 0.8562, Val 0.8131, Test 0.8290
Best:
          Accuracy         : Train 0.8585, Val 0.8235, Test 0.7887
Epoch 46: Loss:            : Train 0.0000, Val 0.6736, Test 0.6196
          Accuracy         : Train 0.8568, Val 0.8019, Test 0.8402
Best:
          Accuracy         : Train 0.8585, Val 0.8235, Test 0.7887
Epoch 47: Loss:            : Train 0.0000, Val 0.6356, Test 0.6309
          Accuracy         : Train 0.8599, Val 0.8186, Test 0.8416
Best:
          Accuracy         : Train 0.8585, Val 0.8235, Test 0.7887
Epoch 48: Loss:            : Train 0.0000, Val 0.6380, Test 0.6278
          Accuracy         : Train 0.8643, Val 0.8047, Test 0.8374
Best:
          Accuracy         : Train 0.8585, Val 0.8235, Test 0.7887
Epoch 49: Loss:            : Train 0.0000, Val 0.5982, Test 0.6021
          Accuracy         : Train 0.8606, Val 0.8165, Test 0.8478
Best:
          Accuracy         : Train 0.8585, Val 0.8235, Test 0.7887
Epoch 50: Loss:            : Train 0.0000, Val 0.6742, Test 0.6458
          Accuracy         : Train 0.8594, Val 0.8033, Test 0.8263
Best:
          Accuracy         : Train 0.8585, Val 0.8235, Test 0.7887
Epoch 51: Loss:            : Train 0.0000, Val 0.6544, Test 0.6711
          Accuracy         : Train 0.8624, Val 0.7943, Test 0.8339
Best:
          Accuracy         : Train 0.8585, Val 0.8235, Test 0.7887
Epoch 52: Loss:            : Train 0.0000, Val 0.6824, Test 0.6568
          Accuracy         : Train 0.8534, Val 0.7950, Test 0.8277
Best:
          Accuracy         : Train 0.8585, Val 0.8235, Test 0.7887
Epoch 53: Loss:            : Train 0.0000, Val 0.6748, Test 0.7156
          Accuracy         : Train 0.8462, Val 0.7908, Test 0.8075
Best:
          Accuracy         : Train 0.8585, Val 0.8235, Test 0.7887
Epoch 54: Loss:            : Train 0.0000, Val 0.6906, Test 0.6660
          Accuracy         : Train 0.8476, Val 0.7867, Test 0.8235
Best:
          Accuracy         : Train 0.8585, Val 0.8235, Test 0.7887
Epoch 55: Loss:            : Train 0.0000, Val 0.6374, Test 0.6291
          Accuracy         : Train 0.8471, Val 0.8179, Test 0.8429
Best:
          Accuracy         : Train 0.8585, Val 0.8235, Test 0.7887
Epoch 56: Loss:            : Train 0.0000, Val 0.6824, Test 0.7164
          Accuracy         : Train 0.8659, Val 0.8395, Test 0.8346
Best:
          Accuracy         : Train 0.8659, Val 0.8395, Test 0.8346
Epoch 57: Loss:            : Train 0.0000, Val 0.6959, Test 0.6743
          Accuracy         : Train 0.8568, Val 0.7950, Test 0.8353
Best:
          Accuracy         : Train 0.8659, Val 0.8395, Test 0.8346
Epoch 58: Loss:            : Train 0.0000, Val 0.6532, Test 0.5812
          Accuracy         : Train 0.8476, Val 0.8019, Test 0.8429
Best:
          Accuracy         : Train 0.8659, Val 0.8395, Test 0.8346
Epoch 59: Loss:            : Train 0.0000, Val 0.6483, Test 0.5944
          Accuracy         : Train 0.8643, Val 0.8033, Test 0.8443
Best:
          Accuracy         : Train 0.8659, Val 0.8395, Test 0.8346
Epoch 60: Loss:            : Train 0.0000, Val 0.7283, Test 0.6045
          Accuracy         : Train 0.8571, Val 0.7700, Test 0.8381
Best:
          Accuracy         : Train 0.8659, Val 0.8395, Test 0.8346
Epoch 61: Loss:            : Train 0.0000, Val 0.7167, Test 0.6918
          Accuracy         : Train 0.8529, Val 0.7901, Test 0.7915
Best:
          Accuracy         : Train 0.8659, Val 0.8395, Test 0.8346
Epoch 62: Loss:            : Train 0.0000, Val 0.6549, Test 0.6193
          Accuracy         : Train 0.8534, Val 0.8047, Test 0.8297
Best:
          Accuracy         : Train 0.8659, Val 0.8395, Test 0.8346
Epoch 63: Loss:            : Train 0.0000, Val 0.5877, Test 0.5750
          Accuracy         : Train 0.8684, Val 0.8207, Test 0.8409
Best:
          Accuracy         : Train 0.8659, Val 0.8395, Test 0.8346
Epoch 64: Loss:            : Train 0.0000, Val 0.5865, Test 0.6105
          Accuracy         : Train 0.8638, Val 0.8290, Test 0.8367
Best:
          Accuracy         : Train 0.8659, Val 0.8395, Test 0.8346
Epoch 65: Loss:            : Train 0.0000, Val 0.6231, Test 0.5968
          Accuracy         : Train 0.8601, Val 0.7964, Test 0.8304
Best:
          Accuracy         : Train 0.8659, Val 0.8395, Test 0.8346
Epoch 66: Loss:            : Train 0.0000, Val 0.6346, Test 0.6052
          Accuracy         : Train 0.8631, Val 0.8040, Test 0.8374
Best:
          Accuracy         : Train 0.8659, Val 0.8395, Test 0.8346
Epoch 67: Loss:            : Train 0.0000, Val 0.6219, Test 0.6215
          Accuracy         : Train 0.8694, Val 0.8096, Test 0.8235
Best:
          Accuracy         : Train 0.8659, Val 0.8395, Test 0.8346
Epoch 68: Loss:            : Train 0.0000, Val 0.5947, Test 0.5519
          Accuracy         : Train 0.8659, Val 0.7999, Test 0.8513
Best:
          Accuracy         : Train 0.8659, Val 0.8395, Test 0.8346
Epoch 69: Loss:            : Train 0.0000, Val 0.5906, Test 0.5888
          Accuracy         : Train 0.8786, Val 0.8033, Test 0.8457
Best:
          Accuracy         : Train 0.8659, Val 0.8395, Test 0.8346
Epoch 70: Loss:            : Train 0.0000, Val 0.6134, Test 0.5478
          Accuracy         : Train 0.8601, Val 0.8054, Test 0.8534
Best:
          Accuracy         : Train 0.8659, Val 0.8395, Test 0.8346
Epoch 71: Loss:            : Train 0.0000, Val 0.6524, Test 0.6229
          Accuracy         : Train 0.8675, Val 0.7908, Test 0.8297
Best:
          Accuracy         : Train 0.8659, Val 0.8395, Test 0.8346
Epoch 72: Loss:            : Train 0.0000, Val 0.6080, Test 0.6041
          Accuracy         : Train 0.8684, Val 0.8138, Test 0.8395
Best:
          Accuracy         : Train 0.8659, Val 0.8395, Test 0.8346
Epoch 73: Loss:            : Train 0.0000, Val 0.7548, Test 0.6438
          Accuracy         : Train 0.8775, Val 0.7978, Test 0.8311
Best:
          Accuracy         : Train 0.8659, Val 0.8395, Test 0.8346
Epoch 74: Loss:            : Train 0.0000, Val 0.6977, Test 0.7961
          Accuracy         : Train 0.8666, Val 0.8193, Test 0.8061
Best:
          Accuracy         : Train 0.8659, Val 0.8395, Test 0.8346
Epoch 75: Loss:            : Train 0.0000, Val 0.7177, Test 0.6642
          Accuracy         : Train 0.8714, Val 0.7922, Test 0.8242
Best:
          Accuracy         : Train 0.8659, Val 0.8395, Test 0.8346
Epoch 76: Loss:            : Train 0.0000, Val 0.6528, Test 0.6205
          Accuracy         : Train 0.8622, Val 0.7985, Test 0.8506
Best:
          Accuracy         : Train 0.8659, Val 0.8395, Test 0.8346
Epoch 77: Loss:            : Train 0.0000, Val 0.6241, Test 0.5712
          Accuracy         : Train 0.8703, Val 0.7943, Test 0.8506
Best:
          Accuracy         : Train 0.8659, Val 0.8395, Test 0.8346
Epoch 78: Loss:            : Train 0.0000, Val 0.7189, Test 0.6502
          Accuracy         : Train 0.8798, Val 0.7762, Test 0.8325
Best:
          Accuracy         : Train 0.8659, Val 0.8395, Test 0.8346
Epoch 79: Loss:            : Train 0.0000, Val 0.5718, Test 0.5734
          Accuracy         : Train 0.8580, Val 0.8179, Test 0.8464
Best:
          Accuracy         : Train 0.8659, Val 0.8395, Test 0.8346
Epoch 80: Loss:            : Train 0.0000, Val 0.6049, Test 0.5719
          Accuracy         : Train 0.8846, Val 0.8235, Test 0.8423
Best:
          Accuracy         : Train 0.8659, Val 0.8395, Test 0.8346
Epoch 81: Loss:            : Train 0.0000, Val 0.6302, Test 0.5833
          Accuracy         : Train 0.8654, Val 0.7985, Test 0.8395
Best:
          Accuracy         : Train 0.8659, Val 0.8395, Test 0.8346
Epoch 82: Loss:            : Train 0.0000, Val 0.5732, Test 0.5281
          Accuracy         : Train 0.8548, Val 0.8124, Test 0.8450
Best:
          Accuracy         : Train 0.8659, Val 0.8395, Test 0.8346
Epoch 83: Loss:            : Train 0.0000, Val 0.6401, Test 0.5957
          Accuracy         : Train 0.8782, Val 0.7992, Test 0.8416
Best:
          Accuracy         : Train 0.8659, Val 0.8395, Test 0.8346
Epoch 84: Loss:            : Train 0.0000, Val 0.6176, Test 0.6429
          Accuracy         : Train 0.8629, Val 0.8054, Test 0.8214
Best:
          Accuracy         : Train 0.8659, Val 0.8395, Test 0.8346
Epoch 85: Loss:            : Train 0.0000, Val 0.6829, Test 0.6369
          Accuracy         : Train 0.8798, Val 0.7901, Test 0.8311
Best:
          Accuracy         : Train 0.8659, Val 0.8395, Test 0.8346
Epoch 86: Loss:            : Train 0.0000, Val 0.6127, Test 0.6358
          Accuracy         : Train 0.8758, Val 0.8096, Test 0.8277
Best:
          Accuracy         : Train 0.8659, Val 0.8395, Test 0.8346
Epoch 87: Loss:            : Train 0.0000, Val 0.6237, Test 0.5591
          Accuracy         : Train 0.8703, Val 0.8179, Test 0.8388
Best:
          Accuracy         : Train 0.8659, Val 0.8395, Test 0.8346
Epoch 88: Loss:            : Train 0.0000, Val 0.6916, Test 0.6526
          Accuracy         : Train 0.8758, Val 0.8131, Test 0.8339
Best:
          Accuracy         : Train 0.8659, Val 0.8395, Test 0.8346
Epoch 89: Loss:            : Train 0.0000, Val 0.6707, Test 0.5912
          Accuracy         : Train 0.8691, Val 0.7922, Test 0.8492
Best:
          Accuracy         : Train 0.8659, Val 0.8395, Test 0.8346
Epoch 90: Loss:            : Train 0.0000, Val 0.7198, Test 0.5856
          Accuracy         : Train 0.8758, Val 0.7853, Test 0.8429
Best:
          Accuracy         : Train 0.8659, Val 0.8395, Test 0.8346
Epoch 91: Loss:            : Train 0.0000, Val 0.6802, Test 0.5990
          Accuracy         : Train 0.8756, Val 0.7992, Test 0.8443
Best:
          Accuracy         : Train 0.8659, Val 0.8395, Test 0.8346
Epoch 92: Loss:            : Train 0.0000, Val 0.6852, Test 0.6084
          Accuracy         : Train 0.8798, Val 0.8103, Test 0.8568
Best:
          Accuracy         : Train 0.8659, Val 0.8395, Test 0.8346
Epoch 93: Loss:            : Train 0.0000, Val 0.6996, Test 0.6233
          Accuracy         : Train 0.8793, Val 0.7978, Test 0.8471
Best:
          Accuracy         : Train 0.8659, Val 0.8395, Test 0.8346
Epoch 94: Loss:            : Train 0.0000, Val 0.6813, Test 0.5553
          Accuracy         : Train 0.8826, Val 0.8047, Test 0.8555
Best:
          Accuracy         : Train 0.8659, Val 0.8395, Test 0.8346
Epoch 95: Loss:            : Train 0.0000, Val 0.6330, Test 0.5612
          Accuracy         : Train 0.8816, Val 0.8158, Test 0.8492
Best:
          Accuracy         : Train 0.8659, Val 0.8395, Test 0.8346
Epoch 96: Loss:            : Train 0.0000, Val 0.7187, Test 0.5889
          Accuracy         : Train 0.8821, Val 0.7936, Test 0.8429
Best:
          Accuracy         : Train 0.8659, Val 0.8395, Test 0.8346
Epoch 97: Loss:            : Train 0.0000, Val 0.6814, Test 0.6171
          Accuracy         : Train 0.8735, Val 0.8089, Test 0.8311
Best:
          Accuracy         : Train 0.8659, Val 0.8395, Test 0.8346
Epoch 98: Loss:            : Train 0.0000, Val 0.7026, Test 0.5719
          Accuracy         : Train 0.8761, Val 0.7825, Test 0.8360
Best:
          Accuracy         : Train 0.8659, Val 0.8395, Test 0.8346
Epoch 99: Loss:            : Train 0.0000, Val 0.6416, Test 0.5966
          Accuracy         : Train 0.8742, Val 0.8228, Test 0.8492
Best:
          Accuracy         : Train 0.8659, Val 0.8395, Test 0.8346
Epoch 100: Loss:            : Train 0.0000, Val 0.6324, Test 0.5813
          Accuracy         : Train 0.8895, Val 0.8179, Test 0.8527
Best:
          Accuracy         : Train 0.8659, Val 0.8395, Test 0.8346
Epoch 101: Loss:            : Train 0.0000, Val 0.6646, Test 0.6065
          Accuracy         : Train 0.8870, Val 0.8110, Test 0.8478
Best:
          Accuracy         : Train 0.8659, Val 0.8395, Test 0.8346
Epoch 102: Loss:            : Train 0.0000, Val 0.6297, Test 0.5970
          Accuracy         : Train 0.8807, Val 0.8089, Test 0.8527
Best:
          Accuracy         : Train 0.8659, Val 0.8395, Test 0.8346
Epoch 103: Loss:            : Train 0.0000, Val 0.6351, Test 0.6232
          Accuracy         : Train 0.8812, Val 0.8138, Test 0.8367
Best:
          Accuracy         : Train 0.8659, Val 0.8395, Test 0.8346
Epoch 104: Loss:            : Train 0.0000, Val 0.6604, Test 0.6754
          Accuracy         : Train 0.8863, Val 0.8124, Test 0.8249
Best:
          Accuracy         : Train 0.8659, Val 0.8395, Test 0.8346
Epoch 105: Loss:            : Train 0.0000, Val 0.7077, Test 0.5907
          Accuracy         : Train 0.8877, Val 0.7922, Test 0.8659
Best:
          Accuracy         : Train 0.8659, Val 0.8395, Test 0.8346
Epoch 106: Loss:            : Train 0.0000, Val 0.6617, Test 0.5760
          Accuracy         : Train 0.8763, Val 0.7964, Test 0.8589
Best:
          Accuracy         : Train 0.8659, Val 0.8395, Test 0.8346
Epoch 107: Loss:            : Train 0.0000, Val 0.7370, Test 0.8245
          Accuracy         : Train 0.8925, Val 0.8165, Test 0.7839
Best:
          Accuracy         : Train 0.8659, Val 0.8395, Test 0.8346
Epoch 108: Loss:            : Train 0.0000, Val 0.6695, Test 0.6093
          Accuracy         : Train 0.8751, Val 0.8013, Test 0.8381
Best:
          Accuracy         : Train 0.8659, Val 0.8395, Test 0.8346
Epoch 109: Loss:            : Train 0.0000, Val 0.5986, Test 0.5836
          Accuracy         : Train 0.8733, Val 0.8346, Test 0.8402
Best:
          Accuracy         : Train 0.8659, Val 0.8395, Test 0.8346
Epoch 110: Loss:            : Train 0.0000, Val 0.6494, Test 0.5878
          Accuracy         : Train 0.8789, Val 0.8047, Test 0.8395
Best:
          Accuracy         : Train 0.8659, Val 0.8395, Test 0.8346
Epoch 111: Loss:            : Train 0.0000, Val 0.6058, Test 0.6053
          Accuracy         : Train 0.8680, Val 0.8110, Test 0.8339
Best:
          Accuracy         : Train 0.8659, Val 0.8395, Test 0.8346
Epoch 112: Loss:            : Train 0.0000, Val 0.7063, Test 0.6330
          Accuracy         : Train 0.8805, Val 0.7943, Test 0.8277
Best:
          Accuracy         : Train 0.8659, Val 0.8395, Test 0.8346
Epoch 113: Loss:            : Train 0.0000, Val 0.7461, Test 0.7821
          Accuracy         : Train 0.8689, Val 0.7908, Test 0.7964
Best:
          Accuracy         : Train 0.8659, Val 0.8395, Test 0.8346
Epoch 114: Loss:            : Train 0.0000, Val 0.6464, Test 0.5981
          Accuracy         : Train 0.8772, Val 0.8061, Test 0.8339
Best:
          Accuracy         : Train 0.8659, Val 0.8395, Test 0.8346
Epoch 115: Loss:            : Train 0.0000, Val 0.6624, Test 0.6054
          Accuracy         : Train 0.8791, Val 0.8089, Test 0.8367
Best:
          Accuracy         : Train 0.8659, Val 0.8395, Test 0.8346
Epoch 116: Loss:            : Train 0.0000, Val 0.6489, Test 0.6421
          Accuracy         : Train 0.8714, Val 0.7992, Test 0.8235
Best:
          Accuracy         : Train 0.8659, Val 0.8395, Test 0.8346
Epoch 117: Loss:            : Train 0.0000, Val 0.6342, Test 0.5451
          Accuracy         : Train 0.8666, Val 0.8061, Test 0.8520
Best:
          Accuracy         : Train 0.8659, Val 0.8395, Test 0.8346
Epoch 118: Loss:            : Train 0.0000, Val 0.7023, Test 0.6047
          Accuracy         : Train 0.8807, Val 0.8110, Test 0.8367
Best:
          Accuracy         : Train 0.8659, Val 0.8395, Test 0.8346
Epoch 119: Loss:            : Train 0.0000, Val 0.6354, Test 0.6547
          Accuracy         : Train 0.8742, Val 0.8332, Test 0.8367
Best:
          Accuracy         : Train 0.8659, Val 0.8395, Test 0.8346
Epoch 120: Loss:            : Train 0.0000, Val 0.6190, Test 0.5802
          Accuracy         : Train 0.8717, Val 0.8103, Test 0.8402
Best:
          Accuracy         : Train 0.8659, Val 0.8395, Test 0.8346
Epoch 121: Loss:            : Train 0.0000, Val 0.7084, Test 0.7034
          Accuracy         : Train 0.8733, Val 0.8068, Test 0.8270
Best:
          Accuracy         : Train 0.8659, Val 0.8395, Test 0.8346
Epoch 122: Loss:            : Train 0.0000, Val 0.7943, Test 0.7720
          Accuracy         : Train 0.8638, Val 0.7811, Test 0.8075
Best:
          Accuracy         : Train 0.8659, Val 0.8395, Test 0.8346
Epoch 123: Loss:            : Train 0.0000, Val 0.7493, Test 0.7180
          Accuracy         : Train 0.8483, Val 0.8013, Test 0.8200
Best:
          Accuracy         : Train 0.8659, Val 0.8395, Test 0.8346
Epoch 124: Loss:            : Train 0.0000, Val 0.6765, Test 0.6686
          Accuracy         : Train 0.8758, Val 0.8145, Test 0.8277
Best:
          Accuracy         : Train 0.8659, Val 0.8395, Test 0.8346
Epoch 125: Loss:            : Train 0.0000, Val 0.6188, Test 0.5894
          Accuracy         : Train 0.8777, Val 0.8374, Test 0.8409
Best:
          Accuracy         : Train 0.8659, Val 0.8395, Test 0.8346
Epoch 126: Loss:            : Train 0.0000, Val 0.6289, Test 0.5266
          Accuracy         : Train 0.8870, Val 0.8089, Test 0.8534
Best:
          Accuracy         : Train 0.8659, Val 0.8395, Test 0.8346
Epoch 127: Loss:            : Train 0.0000, Val 0.6485, Test 0.6175
          Accuracy         : Train 0.8867, Val 0.8207, Test 0.8256
Best:
          Accuracy         : Train 0.8659, Val 0.8395, Test 0.8346
Epoch 128: Loss:            : Train 0.0000, Val 0.6253, Test 0.5296
          Accuracy         : Train 0.8791, Val 0.8249, Test 0.8534
Best:
          Accuracy         : Train 0.8659, Val 0.8395, Test 0.8346
Epoch 129: Loss:            : Train 0.0000, Val 0.6182, Test 0.5166
          Accuracy         : Train 0.8805, Val 0.8270, Test 0.8478
Best:
          Accuracy         : Train 0.8659, Val 0.8395, Test 0.8346
Epoch 130: Loss:            : Train 0.0000, Val 0.6361, Test 0.5215
          Accuracy         : Train 0.8795, Val 0.8193, Test 0.8562
Best:
          Accuracy         : Train 0.8659, Val 0.8395, Test 0.8346
Epoch 131: Loss:            : Train 0.0000, Val 0.7417, Test 0.5866
          Accuracy         : Train 0.8754, Val 0.8019, Test 0.8457
Best:
          Accuracy         : Train 0.8659, Val 0.8395, Test 0.8346
Epoch 132: Loss:            : Train 0.0000, Val 0.6939, Test 0.5638
          Accuracy         : Train 0.8738, Val 0.8186, Test 0.8520
Best:
          Accuracy         : Train 0.8659, Val 0.8395, Test 0.8346
Epoch 133: Loss:            : Train 0.0000, Val 0.7614, Test 0.6294
          Accuracy         : Train 0.8821, Val 0.8033, Test 0.8450
Best:
          Accuracy         : Train 0.8659, Val 0.8395, Test 0.8346
Epoch 134: Loss:            : Train 0.0000, Val 0.6728, Test 0.6002
          Accuracy         : Train 0.8798, Val 0.8228, Test 0.8464
Best:
          Accuracy         : Train 0.8659, Val 0.8395, Test 0.8346
Epoch 135: Loss:            : Train 0.0000, Val 0.7003, Test 0.5834
          Accuracy         : Train 0.8865, Val 0.7964, Test 0.8457
Best:
          Accuracy         : Train 0.8659, Val 0.8395, Test 0.8346
Epoch 136: Loss:            : Train 0.0000, Val 0.6735, Test 0.5920
          Accuracy         : Train 0.8849, Val 0.8061, Test 0.8492
Best:
          Accuracy         : Train 0.8659, Val 0.8395, Test 0.8346
Epoch 137: Loss:            : Train 0.0000, Val 0.6453, Test 0.5853
          Accuracy         : Train 0.8830, Val 0.8117, Test 0.8492
Best:
          Accuracy         : Train 0.8659, Val 0.8395, Test 0.8346
Epoch 138: Loss:            : Train 0.0000, Val 0.6867, Test 0.6552
          Accuracy         : Train 0.8897, Val 0.8165, Test 0.8443
Best:
          Accuracy         : Train 0.8659, Val 0.8395, Test 0.8346
Epoch 139: Loss:            : Train 0.0000, Val 0.6914, Test 0.5727
          Accuracy         : Train 0.8837, Val 0.8019, Test 0.8575
Best:
          Accuracy         : Train 0.8659, Val 0.8395, Test 0.8346
Epoch 140: Loss:            : Train 0.0000, Val 0.7570, Test 0.6247
          Accuracy         : Train 0.8886, Val 0.7832, Test 0.8548
Best:
          Accuracy         : Train 0.8659, Val 0.8395, Test 0.8346
Epoch 141: Loss:            : Train 0.0000, Val 0.6613, Test 0.5874
          Accuracy         : Train 0.8904, Val 0.8131, Test 0.8520
Best:
          Accuracy         : Train 0.8659, Val 0.8395, Test 0.8346
Epoch 142: Loss:            : Train 0.0000, Val 0.6803, Test 0.6475
          Accuracy         : Train 0.8907, Val 0.7908, Test 0.8311
Best:
          Accuracy         : Train 0.8659, Val 0.8395, Test 0.8346
Epoch 143: Loss:            : Train 0.0000, Val 0.6652, Test 0.6572
          Accuracy         : Train 0.8698, Val 0.8186, Test 0.8443
Best:
          Accuracy         : Train 0.8659, Val 0.8395, Test 0.8346
Epoch 144: Loss:            : Train 0.0000, Val 0.6768, Test 0.6348
          Accuracy         : Train 0.8835, Val 0.8110, Test 0.8374
Best:
          Accuracy         : Train 0.8659, Val 0.8395, Test 0.8346
Epoch 145: Loss:            : Train 0.0000, Val 0.7384, Test 0.6907
          Accuracy         : Train 0.8821, Val 0.7741, Test 0.8214
Best:
          Accuracy         : Train 0.8659, Val 0.8395, Test 0.8346
Epoch 146: Loss:            : Train 0.0000, Val 0.7794, Test 0.6688
          Accuracy         : Train 0.8758, Val 0.7776, Test 0.8242
Best:
          Accuracy         : Train 0.8659, Val 0.8395, Test 0.8346
Epoch 147: Loss:            : Train 0.0000, Val 0.8087, Test 0.6956
          Accuracy         : Train 0.8821, Val 0.7908, Test 0.8374
Best:
          Accuracy         : Train 0.8659, Val 0.8395, Test 0.8346
Epoch 148: Loss:            : Train 0.0000, Val 0.8487, Test 0.7276
          Accuracy         : Train 0.8858, Val 0.7547, Test 0.8110
Best:
          Accuracy         : Train 0.8659, Val 0.8395, Test 0.8346
Epoch 149: Loss:            : Train 0.0000, Val 0.7285, Test 0.6024
          Accuracy         : Train 0.8534, Val 0.7964, Test 0.8381
Best:
          Accuracy         : Train 0.8659, Val 0.8395, Test 0.8346
Epoch 150: Loss:            : Train 0.0000, Val 0.7792, Test 0.6855
          Accuracy         : Train 0.8747, Val 0.7790, Test 0.8297
Best:
          Accuracy         : Train 0.8659, Val 0.8395, Test 0.8346
Epoch 151: Loss:            : Train 0.0000, Val 0.6971, Test 0.6618
          Accuracy         : Train 0.8594, Val 0.8165, Test 0.8318
Best:
          Accuracy         : Train 0.8659, Val 0.8395, Test 0.8346
Epoch 152: Loss:            : Train 0.0000, Val 0.7490, Test 0.6484
          Accuracy         : Train 0.8897, Val 0.8040, Test 0.8332
Best:
          Accuracy         : Train 0.8659, Val 0.8395, Test 0.8346
Epoch 153: Loss:            : Train 0.0000, Val 0.8307, Test 0.6764
          Accuracy         : Train 0.8800, Val 0.7957, Test 0.8367
Best:
          Accuracy         : Train 0.8659, Val 0.8395, Test 0.8346
Epoch 154: Loss:            : Train 0.0000, Val 0.8213, Test 0.7202
          Accuracy         : Train 0.8640, Val 0.7860, Test 0.8249
Best:
          Accuracy         : Train 0.8659, Val 0.8395, Test 0.8346
Epoch 155: Loss:            : Train 0.0000, Val 0.7564, Test 0.7138
          Accuracy         : Train 0.8842, Val 0.7978, Test 0.8235
Best:
          Accuracy         : Train 0.8659, Val 0.8395, Test 0.8346
Epoch 156: Loss:            : Train 0.0000, Val 0.7318, Test 0.6871
          Accuracy         : Train 0.8784, Val 0.7686, Test 0.8242
Best:
          Accuracy         : Train 0.8659, Val 0.8395, Test 0.8346
Epoch 157: Loss:            : Train 0.0000, Val 0.7318, Test 0.6755
          Accuracy         : Train 0.8877, Val 0.7908, Test 0.8416
Best:
          Accuracy         : Train 0.8659, Val 0.8395, Test 0.8346
Epoch 158: Loss:            : Train 0.0000, Val 0.7285, Test 0.6749
          Accuracy         : Train 0.8819, Val 0.7748, Test 0.8485
Best:
          Accuracy         : Train 0.8659, Val 0.8395, Test 0.8346
Epoch 159: Loss:            : Train 0.0000, Val 0.7072, Test 0.7373
          Accuracy         : Train 0.8923, Val 0.8110, Test 0.8089
Best:
          Accuracy         : Train 0.8659, Val 0.8395, Test 0.8346
Epoch 160: Loss:            : Train 0.0000, Val 0.6582, Test 0.6341
          Accuracy         : Train 0.8652, Val 0.8214, Test 0.8346
Best:
          Accuracy         : Train 0.8659, Val 0.8395, Test 0.8346
Epoch 161: Loss:            : Train 0.0000, Val 0.6724, Test 0.6248
          Accuracy         : Train 0.8765, Val 0.8089, Test 0.8339
Best:
          Accuracy         : Train 0.8659, Val 0.8395, Test 0.8346
Epoch 162: Loss:            : Train 0.0000, Val 0.8162, Test 0.8721
          Accuracy         : Train 0.8719, Val 0.8145, Test 0.8110
Best:
          Accuracy         : Train 0.8659, Val 0.8395, Test 0.8346
Epoch 163: Loss:            : Train 0.0000, Val 0.6394, Test 0.5703
          Accuracy         : Train 0.8650, Val 0.8207, Test 0.8395
Best:
          Accuracy         : Train 0.8659, Val 0.8395, Test 0.8346
Epoch 164: Loss:            : Train 0.0000, Val 0.6977, Test 0.6140
          Accuracy         : Train 0.8779, Val 0.8117, Test 0.8304
Best:
          Accuracy         : Train 0.8659, Val 0.8395, Test 0.8346
Epoch 165: Loss:            : Train 0.0000, Val 0.7221, Test 0.6780
          Accuracy         : Train 0.8673, Val 0.8068, Test 0.8277
Best:
          Accuracy         : Train 0.8659, Val 0.8395, Test 0.8346
Epoch 166: Loss:            : Train 0.0000, Val 0.7525, Test 0.6613
          Accuracy         : Train 0.8631, Val 0.7790, Test 0.8353
Best:
          Accuracy         : Train 0.8659, Val 0.8395, Test 0.8346
Epoch 167: Loss:            : Train 0.0000, Val 0.7073, Test 0.6783
          Accuracy         : Train 0.8754, Val 0.8151, Test 0.8429
Best:
          Accuracy         : Train 0.8659, Val 0.8395, Test 0.8346
Epoch 168: Loss:            : Train 0.0000, Val 0.7267, Test 0.6996
          Accuracy         : Train 0.8668, Val 0.7811, Test 0.8145
Best:
          Accuracy         : Train 0.8659, Val 0.8395, Test 0.8346
Epoch 169: Loss:            : Train 0.0000, Val 0.6966, Test 0.6770
          Accuracy         : Train 0.8536, Val 0.8158, Test 0.8346
Best:
          Accuracy         : Train 0.8659, Val 0.8395, Test 0.8346
Epoch 170: Loss:            : Train 0.0000, Val 0.7041, Test 0.5712
          Accuracy         : Train 0.8700, Val 0.8047, Test 0.8353
Best:
          Accuracy         : Train 0.8659, Val 0.8395, Test 0.8346
Epoch 171: Loss:            : Train 0.0000, Val 0.8486, Test 0.7081
          Accuracy         : Train 0.8726, Val 0.7811, Test 0.8235
Best:
          Accuracy         : Train 0.8659, Val 0.8395, Test 0.8346
Epoch 172: Loss:            : Train 0.0000, Val 0.8128, Test 0.6889
          Accuracy         : Train 0.8677, Val 0.7825, Test 0.8353
Best:
          Accuracy         : Train 0.8659, Val 0.8395, Test 0.8346
Epoch 173: Loss:            : Train 0.0000, Val 0.6785, Test 0.5979
          Accuracy         : Train 0.8645, Val 0.8103, Test 0.8423
Best:
          Accuracy         : Train 0.8659, Val 0.8395, Test 0.8346
Epoch 174: Loss:            : Train 0.0000, Val 0.6576, Test 0.5815
          Accuracy         : Train 0.8668, Val 0.8145, Test 0.8478
Best:
          Accuracy         : Train 0.8659, Val 0.8395, Test 0.8346
Epoch 175: Loss:            : Train 0.0000, Val 0.6607, Test 0.6264
          Accuracy         : Train 0.8751, Val 0.8110, Test 0.8520
Best:
          Accuracy         : Train 0.8659, Val 0.8395, Test 0.8346
Epoch 176: Loss:            : Train 0.0000, Val 0.7795, Test 0.6915
          Accuracy         : Train 0.8823, Val 0.8026, Test 0.8374
Best:
          Accuracy         : Train 0.8659, Val 0.8395, Test 0.8346
Epoch 177: Loss:            : Train 0.0000, Val 0.8138, Test 0.6313
          Accuracy         : Train 0.8733, Val 0.7929, Test 0.8464
Best:
          Accuracy         : Train 0.8659, Val 0.8395, Test 0.8346
Epoch 178: Loss:            : Train 0.0000, Val 0.7494, Test 0.6194
          Accuracy         : Train 0.8814, Val 0.7957, Test 0.8200
Best:
          Accuracy         : Train 0.8659, Val 0.8395, Test 0.8346
Epoch 179: Loss:            : Train 0.0000, Val 0.8319, Test 0.7751
          Accuracy         : Train 0.8640, Val 0.7880, Test 0.7825
Best:
          Accuracy         : Train 0.8659, Val 0.8395, Test 0.8346
Epoch 180: Loss:            : Train 0.0000, Val 0.6968, Test 0.6507
          Accuracy         : Train 0.8524, Val 0.8124, Test 0.8346
Best:
          Accuracy         : Train 0.8659, Val 0.8395, Test 0.8346
Epoch 181: Loss:            : Train 0.0000, Val 0.7314, Test 0.5973
          Accuracy         : Train 0.8851, Val 0.7860, Test 0.8388
Best:
          Accuracy         : Train 0.8659, Val 0.8395, Test 0.8346
Epoch 182: Loss:            : Train 0.0000, Val 0.6933, Test 0.5809
          Accuracy         : Train 0.8765, Val 0.7825, Test 0.8499
Best:
          Accuracy         : Train 0.8659, Val 0.8395, Test 0.8346
Epoch 183: Loss:            : Train 0.0000, Val 0.7570, Test 0.5828
          Accuracy         : Train 0.8772, Val 0.7950, Test 0.8575
Best:
          Accuracy         : Train 0.8659, Val 0.8395, Test 0.8346
Epoch 184: Loss:            : Train 0.0000, Val 0.8258, Test 0.6348
          Accuracy         : Train 0.8819, Val 0.7818, Test 0.8402
Best:
          Accuracy         : Train 0.8659, Val 0.8395, Test 0.8346
Epoch 185: Loss:            : Train 0.0000, Val 0.5874, Test 0.5606
          Accuracy         : Train 0.8622, Val 0.8228, Test 0.8416
Best:
          Accuracy         : Train 0.8659, Val 0.8395, Test 0.8346
Epoch 186: Loss:            : Train 0.0000, Val 0.6929, Test 0.6095
          Accuracy         : Train 0.8754, Val 0.7936, Test 0.8297
Best:
          Accuracy         : Train 0.8659, Val 0.8395, Test 0.8346
Epoch 187: Loss:            : Train 0.0000, Val 0.6953, Test 0.6758
          Accuracy         : Train 0.8629, Val 0.8019, Test 0.8138
Best:
          Accuracy         : Train 0.8659, Val 0.8395, Test 0.8346
Epoch 188: Loss:            : Train 0.0000, Val 0.6992, Test 0.5869
          Accuracy         : Train 0.8724, Val 0.8075, Test 0.8499
Best:
          Accuracy         : Train 0.8659, Val 0.8395, Test 0.8346
Epoch 189: Loss:            : Train 0.0000, Val 0.7667, Test 0.5517
          Accuracy         : Train 0.8768, Val 0.7957, Test 0.8492
Best:
          Accuracy         : Train 0.8659, Val 0.8395, Test 0.8346
Epoch 190: Loss:            : Train 0.0000, Val 0.6726, Test 0.5537
          Accuracy         : Train 0.8721, Val 0.8228, Test 0.8513
Best:
          Accuracy         : Train 0.8659, Val 0.8395, Test 0.8346
Epoch 191: Loss:            : Train 0.0000, Val 0.7312, Test 0.6013
          Accuracy         : Train 0.8784, Val 0.7839, Test 0.8506
Best:
          Accuracy         : Train 0.8659, Val 0.8395, Test 0.8346
Epoch 192: Loss:            : Train 0.0000, Val 0.7962, Test 0.6926
          Accuracy         : Train 0.8786, Val 0.7887, Test 0.8242
Best:
          Accuracy         : Train 0.8659, Val 0.8395, Test 0.8346
Epoch 193: Loss:            : Train 0.0000, Val 0.6669, Test 0.6921
          Accuracy         : Train 0.8517, Val 0.8249, Test 0.8270
Best:
          Accuracy         : Train 0.8659, Val 0.8395, Test 0.8346
Epoch 194: Loss:            : Train 0.0000, Val 0.7011, Test 0.6170
          Accuracy         : Train 0.8707, Val 0.7922, Test 0.8381
Best:
          Accuracy         : Train 0.8659, Val 0.8395, Test 0.8346
Epoch 195: Loss:            : Train 0.0000, Val 0.7693, Test 0.7479
          Accuracy         : Train 0.8573, Val 0.8103, Test 0.8256
Best:
          Accuracy         : Train 0.8659, Val 0.8395, Test 0.8346
Epoch 196: Loss:            : Train 0.0000, Val 0.7653, Test 0.6453
          Accuracy         : Train 0.8522, Val 0.8096, Test 0.8277
Best:
          Accuracy         : Train 0.8659, Val 0.8395, Test 0.8346
Epoch 197: Loss:            : Train 0.0000, Val 0.7435, Test 0.6206
          Accuracy         : Train 0.8784, Val 0.7887, Test 0.8270
Best:
          Accuracy         : Train 0.8659, Val 0.8395, Test 0.8346
Epoch 198: Loss:            : Train 0.0000, Val 0.6948, Test 0.6746
          Accuracy         : Train 0.8687, Val 0.8138, Test 0.8284
Best:
          Accuracy         : Train 0.8659, Val 0.8395, Test 0.8346
Epoch 199: Loss:            : Train 0.0000, Val 0.7026, Test 0.6214
          Accuracy         : Train 0.8659, Val 0.8131, Test 0.8339
Best:
          Accuracy         : Train 0.8659, Val 0.8395, Test 0.8346
Epoch 200: Loss:            : Train 0.0000, Val 0.6929, Test 0.6179
          Accuracy         : Train 0.8666, Val 0.8145, Test 0.8325
Best:
          Accuracy         : Train 0.8659, Val 0.8395, Test 0.8346
Training time (sec): 24
