Loading parties from cache
Loading data from cache
Done
Calculating noise scale
Adding noise of scale 0.0 to sim_scores
Adding noise of scale 0.0 to sim_scores
Adding noise of scale 0.0 to sim_scores
Generating top1 dataset
Generating top1 dataset
Generating top1 dataset
Preparing time (sec): 0
Loading data
Prepare for training
Start training
================================================================================
                                    Kernel Shape Output Shape  Params  \
Layer                                                                   
0_local_models.0.fc_layers.Linear_0     [3, 100]  [4096, 100]     400   
1_local_models.0.fc_layers.Linear_1    [100, 50]   [4096, 50]    5050   
2_local_models.1.fc_layers.Linear_0     [3, 100]  [4096, 100]     400   
3_local_models.1.fc_layers.Linear_1    [100, 50]   [4096, 50]    5050   
4_agg_model.fc_layers.Linear_0        [100, 100]  [4096, 100]   10100   
5_agg_model.fc_layers.Linear_1         [100, 10]   [4096, 10]    1010   

                                     Mult-Adds  
Layer                                           
0_local_models.0.fc_layers.Linear_0        300  
1_local_models.0.fc_layers.Linear_1       5000  
2_local_models.1.fc_layers.Linear_0        300  
3_local_models.1.fc_layers.Linear_1       5000  
4_agg_model.fc_layers.Linear_0           10000  
5_agg_model.fc_layers.Linear_1            1000  
--------------------------------------------------------------------------------
                      Totals
Total params           22010
Trainable params       22010
Non-trainable params       0
Mult-Adds              21600
================================================================================
n_classes=10
task=multi_cls
model_name=frog_top1sim_noise_0.0_2022-01-30-10-06-01
sche_threshold=0.0001
sche_patience=10
sche_factor=0.1
use_scheduler=False
num_workers=4
device=cuda:0
test_batch_size=4096
train_batch_size=4096
learning_rate=0.03
weight_decay=0.001
num_epochs=200
model_save_path=ckp/frog_top1sim_noise_0.0_2022-01-30-10-06-01.pth
test_rate=0.2
val_rate=0.2
multiprocess_context=fork
metrics=['accuracy']
metrics_f=[<metric.accuracy.Accuracy object at 0x7f05c2ef1dc0>]
hidden_sizes=[200, 100]
model=SplitNN(
  (agg_model): MLP(
    (fc_layers): ModuleList(
      (0): Linear(in_features=100, out_features=100, bias=True)
      (1): Linear(in_features=100, out_features=10, bias=True)
    )
  )
  (local_models): ModuleList(
    (0): MLP(
      (fc_layers): ModuleList(
        (0): Linear(in_features=3, out_features=100, bias=True)
        (1): Linear(in_features=100, out_features=50, bias=True)
      )
    )
    (1): MLP(
      (fc_layers): ModuleList(
        (0): Linear(in_features=3, out_features=100, bias=True)
        (1): Linear(in_features=100, out_features=50, bias=True)
      )
    )
  )
)
writer=<torch.utils.tensorboard.writer.SummaryWriter object at 0x7f05c2ef1d00>
dataset_type=syn
drop_key=True
num_common_features=16
tree_radius=2
tree_leaf_size=1000
knn_k=100
grid_min=-10.0
grid_max=10.0
grid_width=1.5
sim_scaler=StandardScaler()
filter_top_k=None
link_n_jobs=1
psig_p=7
sim_leak_p=1.0
link_threshold_t=0.1
link_epsilon=0.1
n_hash_lsh=20
edit_distance_threshold=1
n_hash_func=10
collision_rate=0.05
qgram_q=2
link_delta=0.1
feature_wise_sim=False
blocking_method=knn
center_threshold=0.5
n_clusters=100
local_hidden_sizes=[[100], [100]]
cut_dims=[50, 50]
agg_hidden_sizes=[100]
scale_analysis=None
data1_shape=(7195, 19)
data2_shape=(7195, 19)
Epoch 1: Loss:            : Train 0.0000, Val 2.1400, Test 2.1383
          Accuracy         : Train 0.0639, Val 0.4802, Test 0.4837
Best:
          Accuracy         : Train 0.0639, Val 0.4802, Test 0.4837
Epoch 2: Loss:            : Train 0.0000, Val 1.9050, Test 1.9044
          Accuracy         : Train 0.4844, Val 0.4802, Test 0.4837
Best:
          Accuracy         : Train 0.0639, Val 0.4802, Test 0.4837
Epoch 3: Loss:            : Train 0.0000, Val 1.6835, Test 1.6855
          Accuracy         : Train 0.4844, Val 0.4802, Test 0.4837
Best:
          Accuracy         : Train 0.0639, Val 0.4802, Test 0.4837
Epoch 4: Loss:            : Train 0.0000, Val 1.7429, Test 1.7507
          Accuracy         : Train 0.4844, Val 0.4802, Test 0.4837
Best:
          Accuracy         : Train 0.0639, Val 0.4802, Test 0.4837
Epoch 5: Loss:            : Train 0.0000, Val 1.5803, Test 1.5911
          Accuracy         : Train 0.4844, Val 0.4802, Test 0.4837
Best:
          Accuracy         : Train 0.0639, Val 0.4802, Test 0.4837
Epoch 6: Loss:            : Train 0.0000, Val 1.5960, Test 1.6024
          Accuracy         : Train 0.4844, Val 0.4802, Test 0.4837
Best:
          Accuracy         : Train 0.0639, Val 0.4802, Test 0.4837
Epoch 7: Loss:            : Train 0.0000, Val 1.5239, Test 1.5253
          Accuracy         : Train 0.4844, Val 0.4802, Test 0.4837
Best:
          Accuracy         : Train 0.0639, Val 0.4802, Test 0.4837
Epoch 8: Loss:            : Train 0.0000, Val 1.4319, Test 1.4300
          Accuracy         : Train 0.4844, Val 0.4802, Test 0.4837
Best:
          Accuracy         : Train 0.0639, Val 0.4802, Test 0.4837
Epoch 9: Loss:            : Train 0.0000, Val 1.3383, Test 1.3343
          Accuracy         : Train 0.4844, Val 0.4878, Test 0.4962
Best:
          Accuracy         : Train 0.4844, Val 0.4878, Test 0.4962
Epoch 10: Loss:            : Train 0.0000, Val 1.2250, Test 1.2200
          Accuracy         : Train 0.4911, Val 0.6511, Test 0.6546
Best:
          Accuracy         : Train 0.4911, Val 0.6511, Test 0.6546
Epoch 11: Loss:            : Train 0.0000, Val 1.1057, Test 1.1031
          Accuracy         : Train 0.6493, Val 0.7172, Test 0.7130
Best:
          Accuracy         : Train 0.6493, Val 0.7172, Test 0.7130
Epoch 12: Loss:            : Train 0.0000, Val 1.0333, Test 1.0390
          Accuracy         : Train 0.6979, Val 0.7074, Test 0.6949
Best:
          Accuracy         : Train 0.6493, Val 0.7172, Test 0.7130
Epoch 13: Loss:            : Train 0.0000, Val 0.9367, Test 0.9469
          Accuracy         : Train 0.6833, Val 0.7352, Test 0.7276
Best:
          Accuracy         : Train 0.6833, Val 0.7352, Test 0.7276
Epoch 14: Loss:            : Train 0.0000, Val 0.9060, Test 0.9235
          Accuracy         : Train 0.7213, Val 0.7596, Test 0.7443
Best:
          Accuracy         : Train 0.7213, Val 0.7596, Test 0.7443
Epoch 15: Loss:            : Train 0.0000, Val 0.8441, Test 0.8634
          Accuracy         : Train 0.7461, Val 0.7470, Test 0.7408
Best:
          Accuracy         : Train 0.7213, Val 0.7596, Test 0.7443
Epoch 16: Loss:            : Train 0.0000, Val 0.7752, Test 0.7950
          Accuracy         : Train 0.7359, Val 0.7790, Test 0.7658
Best:
          Accuracy         : Train 0.7359, Val 0.7790, Test 0.7658
Epoch 17: Loss:            : Train 0.0000, Val 0.7303, Test 0.7553
          Accuracy         : Train 0.7649, Val 0.7908, Test 0.7783
Best:
          Accuracy         : Train 0.7649, Val 0.7908, Test 0.7783
Epoch 18: Loss:            : Train 0.0000, Val 0.6882, Test 0.7125
          Accuracy         : Train 0.7776, Val 0.7943, Test 0.7790
Best:
          Accuracy         : Train 0.7776, Val 0.7943, Test 0.7790
Epoch 19: Loss:            : Train 0.0000, Val 0.6643, Test 0.6953
          Accuracy         : Train 0.7781, Val 0.7922, Test 0.7929
Best:
          Accuracy         : Train 0.7776, Val 0.7943, Test 0.7790
Epoch 20: Loss:            : Train 0.0000, Val 0.6339, Test 0.6887
          Accuracy         : Train 0.7804, Val 0.7978, Test 0.7839
Best:
          Accuracy         : Train 0.7804, Val 0.7978, Test 0.7839
Epoch 21: Loss:            : Train 0.0000, Val 0.6237, Test 0.6531
          Accuracy         : Train 0.7811, Val 0.8151, Test 0.7936
Best:
          Accuracy         : Train 0.7811, Val 0.8151, Test 0.7936
Epoch 22: Loss:            : Train 0.0000, Val 0.5783, Test 0.6213
          Accuracy         : Train 0.7948, Val 0.8304, Test 0.8110
Best:
          Accuracy         : Train 0.7948, Val 0.8304, Test 0.8110
Epoch 23: Loss:            : Train 0.0000, Val 0.5484, Test 0.6000
          Accuracy         : Train 0.8184, Val 0.8457, Test 0.8228
Best:
          Accuracy         : Train 0.8184, Val 0.8457, Test 0.8228
Epoch 24: Loss:            : Train 0.0000, Val 0.5123, Test 0.5563
          Accuracy         : Train 0.8246, Val 0.8714, Test 0.8499
Best:
          Accuracy         : Train 0.8246, Val 0.8714, Test 0.8499
Epoch 25: Loss:            : Train 0.0000, Val 0.4871, Test 0.5387
          Accuracy         : Train 0.8506, Val 0.8721, Test 0.8450
Best:
          Accuracy         : Train 0.8506, Val 0.8721, Test 0.8450
Epoch 26: Loss:            : Train 0.0000, Val 0.4907, Test 0.5447
          Accuracy         : Train 0.8490, Val 0.8659, Test 0.8485
Best:
          Accuracy         : Train 0.8506, Val 0.8721, Test 0.8450
Epoch 27: Loss:            : Train 0.0000, Val 0.4766, Test 0.5412
          Accuracy         : Train 0.8480, Val 0.8791, Test 0.8541
Best:
          Accuracy         : Train 0.8480, Val 0.8791, Test 0.8541
Epoch 28: Loss:            : Train 0.0000, Val 0.4765, Test 0.5209
          Accuracy         : Train 0.8608, Val 0.8819, Test 0.8617
Best:
          Accuracy         : Train 0.8608, Val 0.8819, Test 0.8617
Epoch 29: Loss:            : Train 0.0000, Val 0.5399, Test 0.5719
          Accuracy         : Train 0.8656, Val 0.8527, Test 0.8360
Best:
          Accuracy         : Train 0.8608, Val 0.8819, Test 0.8617
Epoch 30: Loss:            : Train 0.0000, Val 0.4731, Test 0.4973
          Accuracy         : Train 0.8402, Val 0.8812, Test 0.8673
Best:
          Accuracy         : Train 0.8608, Val 0.8819, Test 0.8617
Epoch 31: Loss:            : Train 0.0000, Val 0.4553, Test 0.5382
          Accuracy         : Train 0.8728, Val 0.8770, Test 0.8624
Best:
          Accuracy         : Train 0.8608, Val 0.8819, Test 0.8617
Epoch 32: Loss:            : Train 0.0000, Val 0.4332, Test 0.4840
          Accuracy         : Train 0.8751, Val 0.8888, Test 0.8652
Best:
          Accuracy         : Train 0.8751, Val 0.8888, Test 0.8652
Epoch 33: Loss:            : Train 0.0000, Val 0.4657, Test 0.5245
          Accuracy         : Train 0.8791, Val 0.8749, Test 0.8582
Best:
          Accuracy         : Train 0.8751, Val 0.8888, Test 0.8652
Epoch 34: Loss:            : Train 0.0000, Val 0.3831, Test 0.4541
          Accuracy         : Train 0.8687, Val 0.9006, Test 0.8833
Best:
          Accuracy         : Train 0.8687, Val 0.9006, Test 0.8833
Epoch 35: Loss:            : Train 0.0000, Val 0.3796, Test 0.4195
          Accuracy         : Train 0.8904, Val 0.8944, Test 0.8812
Best:
          Accuracy         : Train 0.8687, Val 0.9006, Test 0.8833
Epoch 36: Loss:            : Train 0.0000, Val 0.4129, Test 0.4358
          Accuracy         : Train 0.8900, Val 0.8860, Test 0.8714
Best:
          Accuracy         : Train 0.8687, Val 0.9006, Test 0.8833
Epoch 37: Loss:            : Train 0.0000, Val 0.4001, Test 0.4546
          Accuracy         : Train 0.8828, Val 0.8930, Test 0.8735
Best:
          Accuracy         : Train 0.8687, Val 0.9006, Test 0.8833
Epoch 38: Loss:            : Train 0.0000, Val 0.3796, Test 0.4302
          Accuracy         : Train 0.8826, Val 0.8923, Test 0.8888
Best:
          Accuracy         : Train 0.8687, Val 0.9006, Test 0.8833
Epoch 39: Loss:            : Train 0.0000, Val 0.3516, Test 0.3736
          Accuracy         : Train 0.8972, Val 0.9104, Test 0.9041
Best:
          Accuracy         : Train 0.8972, Val 0.9104, Test 0.9041
Epoch 40: Loss:            : Train 0.0000, Val 0.3498, Test 0.4039
          Accuracy         : Train 0.9050, Val 0.9104, Test 0.9013
Best:
          Accuracy         : Train 0.8972, Val 0.9104, Test 0.9041
Epoch 41: Loss:            : Train 0.0000, Val 0.3682, Test 0.4207
          Accuracy         : Train 0.9043, Val 0.9006, Test 0.8958
Best:
          Accuracy         : Train 0.8972, Val 0.9104, Test 0.9041
Epoch 42: Loss:            : Train 0.0000, Val 0.3877, Test 0.4022
          Accuracy         : Train 0.9009, Val 0.9006, Test 0.8944
Best:
          Accuracy         : Train 0.8972, Val 0.9104, Test 0.9041
Epoch 43: Loss:            : Train 0.0000, Val 0.3430, Test 0.3737
          Accuracy         : Train 0.8985, Val 0.9055, Test 0.8965
Best:
          Accuracy         : Train 0.8972, Val 0.9104, Test 0.9041
Epoch 44: Loss:            : Train 0.0000, Val 0.3433, Test 0.3901
          Accuracy         : Train 0.9053, Val 0.9131, Test 0.9027
Best:
          Accuracy         : Train 0.9053, Val 0.9131, Test 0.9027
Epoch 45: Loss:            : Train 0.0000, Val 0.3448, Test 0.3588
          Accuracy         : Train 0.9078, Val 0.9020, Test 0.8999
Best:
          Accuracy         : Train 0.9053, Val 0.9131, Test 0.9027
Epoch 46: Loss:            : Train 0.0000, Val 0.3426, Test 0.3838
          Accuracy         : Train 0.9069, Val 0.9020, Test 0.8916
Best:
          Accuracy         : Train 0.9053, Val 0.9131, Test 0.9027
Epoch 47: Loss:            : Train 0.0000, Val 0.3590, Test 0.4022
          Accuracy         : Train 0.9046, Val 0.9055, Test 0.8881
Best:
          Accuracy         : Train 0.9053, Val 0.9131, Test 0.9027
Epoch 48: Loss:            : Train 0.0000, Val 0.3624, Test 0.3904
          Accuracy         : Train 0.9053, Val 0.9097, Test 0.9027
Best:
          Accuracy         : Train 0.9053, Val 0.9131, Test 0.9027
Epoch 49: Loss:            : Train 0.0000, Val 0.3090, Test 0.3434
          Accuracy         : Train 0.9022, Val 0.9215, Test 0.9117
Best:
          Accuracy         : Train 0.9022, Val 0.9215, Test 0.9117
Epoch 50: Loss:            : Train 0.0000, Val 0.3570, Test 0.3912
          Accuracy         : Train 0.9210, Val 0.9090, Test 0.9027
Best:
          Accuracy         : Train 0.9022, Val 0.9215, Test 0.9117
Epoch 51: Loss:            : Train 0.0000, Val 0.3236, Test 0.3518
          Accuracy         : Train 0.9101, Val 0.9173, Test 0.9117
Best:
          Accuracy         : Train 0.9022, Val 0.9215, Test 0.9117
Epoch 52: Loss:            : Train 0.0000, Val 0.3233, Test 0.3596
          Accuracy         : Train 0.9161, Val 0.9069, Test 0.9062
Best:
          Accuracy         : Train 0.9022, Val 0.9215, Test 0.9117
Epoch 53: Loss:            : Train 0.0000, Val 0.3179, Test 0.3166
          Accuracy         : Train 0.9127, Val 0.9173, Test 0.9222
Best:
          Accuracy         : Train 0.9022, Val 0.9215, Test 0.9117
Epoch 54: Loss:            : Train 0.0000, Val 0.3431, Test 0.3512
          Accuracy         : Train 0.9210, Val 0.9145, Test 0.9076
Best:
          Accuracy         : Train 0.9022, Val 0.9215, Test 0.9117
Epoch 55: Loss:            : Train 0.0000, Val 0.3484, Test 0.3453
          Accuracy         : Train 0.9143, Val 0.9131, Test 0.9097
Best:
          Accuracy         : Train 0.9022, Val 0.9215, Test 0.9117
Epoch 56: Loss:            : Train 0.0000, Val 0.3078, Test 0.3561
          Accuracy         : Train 0.9164, Val 0.9152, Test 0.9055
Best:
          Accuracy         : Train 0.9022, Val 0.9215, Test 0.9117
Epoch 57: Loss:            : Train 0.0000, Val 0.3615, Test 0.4440
          Accuracy         : Train 0.9194, Val 0.9041, Test 0.8909
Best:
          Accuracy         : Train 0.9022, Val 0.9215, Test 0.9117
Epoch 58: Loss:            : Train 0.0000, Val 0.3391, Test 0.3281
          Accuracy         : Train 0.9076, Val 0.9034, Test 0.9097
Best:
          Accuracy         : Train 0.9022, Val 0.9215, Test 0.9117
Epoch 59: Loss:            : Train 0.0000, Val 0.4298, Test 0.4020
          Accuracy         : Train 0.9171, Val 0.8812, Test 0.8798
Best:
          Accuracy         : Train 0.9022, Val 0.9215, Test 0.9117
Epoch 60: Loss:            : Train 0.0000, Val 0.4344, Test 0.4273
          Accuracy         : Train 0.8874, Val 0.8777, Test 0.8860
Best:
          Accuracy         : Train 0.9022, Val 0.9215, Test 0.9117
Epoch 61: Loss:            : Train 0.0000, Val 0.3472, Test 0.3754
          Accuracy         : Train 0.8941, Val 0.8999, Test 0.8930
Best:
          Accuracy         : Train 0.9022, Val 0.9215, Test 0.9117
Epoch 62: Loss:            : Train 0.0000, Val 0.3422, Test 0.3506
          Accuracy         : Train 0.9050, Val 0.9083, Test 0.9117
Best:
          Accuracy         : Train 0.9022, Val 0.9215, Test 0.9117
Epoch 63: Loss:            : Train 0.0000, Val 0.3559, Test 0.3568
          Accuracy         : Train 0.9175, Val 0.9062, Test 0.9076
Best:
          Accuracy         : Train 0.9022, Val 0.9215, Test 0.9117
Epoch 64: Loss:            : Train 0.0000, Val 0.4071, Test 0.4651
          Accuracy         : Train 0.9090, Val 0.8909, Test 0.8728
Best:
          Accuracy         : Train 0.9022, Val 0.9215, Test 0.9117
Epoch 65: Loss:            : Train 0.0000, Val 0.3481, Test 0.3529
          Accuracy         : Train 0.8992, Val 0.9069, Test 0.9090
Best:
          Accuracy         : Train 0.9022, Val 0.9215, Test 0.9117
Epoch 66: Loss:            : Train 0.0000, Val 0.3239, Test 0.3521
          Accuracy         : Train 0.9178, Val 0.9215, Test 0.9048
Best:
          Accuracy         : Train 0.9022, Val 0.9215, Test 0.9117
Epoch 67: Loss:            : Train 0.0000, Val 0.3061, Test 0.3384
          Accuracy         : Train 0.9173, Val 0.9284, Test 0.9180
Best:
          Accuracy         : Train 0.9173, Val 0.9284, Test 0.9180
Epoch 68: Loss:            : Train 0.0000, Val 0.4063, Test 0.4056
          Accuracy         : Train 0.9215, Val 0.8881, Test 0.8972
Best:
          Accuracy         : Train 0.9173, Val 0.9284, Test 0.9180
Epoch 69: Loss:            : Train 0.0000, Val 0.3553, Test 0.3573
          Accuracy         : Train 0.8886, Val 0.9034, Test 0.8951
Best:
          Accuracy         : Train 0.9173, Val 0.9284, Test 0.9180
Epoch 70: Loss:            : Train 0.0000, Val 0.3037, Test 0.2997
          Accuracy         : Train 0.9009, Val 0.9117, Test 0.9152
Best:
          Accuracy         : Train 0.9173, Val 0.9284, Test 0.9180
Epoch 71: Loss:            : Train 0.0000, Val 0.3861, Test 0.3652
          Accuracy         : Train 0.9215, Val 0.9034, Test 0.9041
Best:
          Accuracy         : Train 0.9173, Val 0.9284, Test 0.9180
Epoch 72: Loss:            : Train 0.0000, Val 0.3180, Test 0.3255
          Accuracy         : Train 0.9101, Val 0.9048, Test 0.9090
Best:
          Accuracy         : Train 0.9173, Val 0.9284, Test 0.9180
Epoch 73: Loss:            : Train 0.0000, Val 0.3945, Test 0.4175
          Accuracy         : Train 0.9166, Val 0.8881, Test 0.8895
Best:
          Accuracy         : Train 0.9173, Val 0.9284, Test 0.9180
Epoch 74: Loss:            : Train 0.0000, Val 0.3775, Test 0.3976
          Accuracy         : Train 0.8918, Val 0.8965, Test 0.8944
Best:
          Accuracy         : Train 0.9173, Val 0.9284, Test 0.9180
Epoch 75: Loss:            : Train 0.0000, Val 0.3550, Test 0.3482
          Accuracy         : Train 0.9066, Val 0.8951, Test 0.9055
Best:
          Accuracy         : Train 0.9173, Val 0.9284, Test 0.9180
Epoch 76: Loss:            : Train 0.0000, Val 0.3025, Test 0.3160
          Accuracy         : Train 0.9060, Val 0.9173, Test 0.9194
Best:
          Accuracy         : Train 0.9173, Val 0.9284, Test 0.9180
Epoch 77: Loss:            : Train 0.0000, Val 0.3022, Test 0.3424
          Accuracy         : Train 0.9224, Val 0.9263, Test 0.9187
Best:
          Accuracy         : Train 0.9173, Val 0.9284, Test 0.9180
Epoch 78: Loss:            : Train 0.0000, Val 0.3023, Test 0.3502
          Accuracy         : Train 0.9249, Val 0.9284, Test 0.9201
Best:
          Accuracy         : Train 0.9173, Val 0.9284, Test 0.9180
Epoch 79: Loss:            : Train 0.0000, Val 0.3986, Test 0.3793
          Accuracy         : Train 0.9268, Val 0.8909, Test 0.8992
Best:
          Accuracy         : Train 0.9173, Val 0.9284, Test 0.9180
Epoch 80: Loss:            : Train 0.0000, Val 0.4092, Test 0.4228
          Accuracy         : Train 0.9055, Val 0.8937, Test 0.8895
Best:
          Accuracy         : Train 0.9173, Val 0.9284, Test 0.9180
Epoch 81: Loss:            : Train 0.0000, Val 0.3434, Test 0.3251
          Accuracy         : Train 0.8927, Val 0.9110, Test 0.9187
Best:
          Accuracy         : Train 0.9173, Val 0.9284, Test 0.9180
Epoch 82: Loss:            : Train 0.0000, Val 0.3238, Test 0.3293
          Accuracy         : Train 0.9247, Val 0.9208, Test 0.9110
Best:
          Accuracy         : Train 0.9173, Val 0.9284, Test 0.9180
Epoch 83: Loss:            : Train 0.0000, Val 0.3375, Test 0.3638
          Accuracy         : Train 0.9238, Val 0.9236, Test 0.9117
Best:
          Accuracy         : Train 0.9173, Val 0.9284, Test 0.9180
Epoch 84: Loss:            : Train 0.0000, Val 0.3229, Test 0.3061
          Accuracy         : Train 0.9282, Val 0.9201, Test 0.9263
Best:
          Accuracy         : Train 0.9173, Val 0.9284, Test 0.9180
Epoch 85: Loss:            : Train 0.0000, Val 0.3225, Test 0.3239
          Accuracy         : Train 0.9226, Val 0.9110, Test 0.9083
Best:
          Accuracy         : Train 0.9173, Val 0.9284, Test 0.9180
Epoch 86: Loss:            : Train 0.0000, Val 0.3267, Test 0.3195
          Accuracy         : Train 0.9129, Val 0.9194, Test 0.9208
Best:
          Accuracy         : Train 0.9173, Val 0.9284, Test 0.9180
Epoch 87: Loss:            : Train 0.0000, Val 0.3393, Test 0.3012
          Accuracy         : Train 0.9280, Val 0.9222, Test 0.9222
Best:
          Accuracy         : Train 0.9173, Val 0.9284, Test 0.9180
Epoch 88: Loss:            : Train 0.0000, Val 0.3264, Test 0.3050
          Accuracy         : Train 0.9270, Val 0.9187, Test 0.9201
Best:
          Accuracy         : Train 0.9173, Val 0.9284, Test 0.9180
Epoch 89: Loss:            : Train 0.0000, Val 0.3348, Test 0.3507
          Accuracy         : Train 0.9226, Val 0.9131, Test 0.9131
Best:
          Accuracy         : Train 0.9173, Val 0.9284, Test 0.9180
Epoch 90: Loss:            : Train 0.0000, Val 0.3112, Test 0.3671
          Accuracy         : Train 0.9224, Val 0.9145, Test 0.9020
Best:
          Accuracy         : Train 0.9173, Val 0.9284, Test 0.9180
Epoch 91: Loss:            : Train 0.0000, Val 0.3303, Test 0.3511
          Accuracy         : Train 0.9210, Val 0.9145, Test 0.9145
Best:
          Accuracy         : Train 0.9173, Val 0.9284, Test 0.9180
Epoch 92: Loss:            : Train 0.0000, Val 0.3004, Test 0.3059
          Accuracy         : Train 0.9245, Val 0.9180, Test 0.9131
Best:
          Accuracy         : Train 0.9173, Val 0.9284, Test 0.9180
Epoch 93: Loss:            : Train 0.0000, Val 0.4446, Test 0.4400
          Accuracy         : Train 0.9280, Val 0.8881, Test 0.8944
Best:
          Accuracy         : Train 0.9173, Val 0.9284, Test 0.9180
Epoch 94: Loss:            : Train 0.0000, Val 0.4186, Test 0.3861
          Accuracy         : Train 0.9080, Val 0.8888, Test 0.9048
Best:
          Accuracy         : Train 0.9173, Val 0.9284, Test 0.9180
Epoch 95: Loss:            : Train 0.0000, Val 0.3451, Test 0.3100
          Accuracy         : Train 0.9117, Val 0.9117, Test 0.9215
Best:
          Accuracy         : Train 0.9173, Val 0.9284, Test 0.9180
Epoch 96: Loss:            : Train 0.0000, Val 0.3484, Test 0.3612
          Accuracy         : Train 0.9317, Val 0.9097, Test 0.9041
Best:
          Accuracy         : Train 0.9173, Val 0.9284, Test 0.9180
Epoch 97: Loss:            : Train 0.0000, Val 0.3950, Test 0.3564
          Accuracy         : Train 0.9159, Val 0.9097, Test 0.9166
Best:
          Accuracy         : Train 0.9173, Val 0.9284, Test 0.9180
Epoch 98: Loss:            : Train 0.0000, Val 0.3762, Test 0.3353
          Accuracy         : Train 0.9296, Val 0.9034, Test 0.9208
Best:
          Accuracy         : Train 0.9173, Val 0.9284, Test 0.9180
Epoch 99: Loss:            : Train 0.0000, Val 0.3923, Test 0.3671
          Accuracy         : Train 0.9229, Val 0.8895, Test 0.8937
Best:
          Accuracy         : Train 0.9173, Val 0.9284, Test 0.9180
Epoch 100: Loss:            : Train 0.0000, Val 0.4325, Test 0.4596
          Accuracy         : Train 0.9009, Val 0.8909, Test 0.8874
Best:
          Accuracy         : Train 0.9173, Val 0.9284, Test 0.9180
Epoch 101: Loss:            : Train 0.0000, Val 0.3488, Test 0.3481
          Accuracy         : Train 0.9029, Val 0.9020, Test 0.8992
Best:
          Accuracy         : Train 0.9173, Val 0.9284, Test 0.9180
Epoch 102: Loss:            : Train 0.0000, Val 0.3532, Test 0.3408
          Accuracy         : Train 0.9134, Val 0.9097, Test 0.9083
Best:
          Accuracy         : Train 0.9173, Val 0.9284, Test 0.9180
Epoch 103: Loss:            : Train 0.0000, Val 0.3916, Test 0.4022
          Accuracy         : Train 0.9233, Val 0.9110, Test 0.9110
Best:
          Accuracy         : Train 0.9173, Val 0.9284, Test 0.9180
Epoch 104: Loss:            : Train 0.0000, Val 0.4258, Test 0.4431
          Accuracy         : Train 0.9199, Val 0.8965, Test 0.8819
Best:
          Accuracy         : Train 0.9173, Val 0.9284, Test 0.9180
Epoch 105: Loss:            : Train 0.0000, Val 0.3877, Test 0.4012
          Accuracy         : Train 0.9069, Val 0.8909, Test 0.8985
Best:
          Accuracy         : Train 0.9173, Val 0.9284, Test 0.9180
Epoch 106: Loss:            : Train 0.0000, Val 0.3309, Test 0.3116
          Accuracy         : Train 0.9078, Val 0.9104, Test 0.9110
Best:
          Accuracy         : Train 0.9173, Val 0.9284, Test 0.9180
Epoch 107: Loss:            : Train 0.0000, Val 0.3221, Test 0.3128
          Accuracy         : Train 0.9171, Val 0.9166, Test 0.9138
Best:
          Accuracy         : Train 0.9173, Val 0.9284, Test 0.9180
Epoch 108: Loss:            : Train 0.0000, Val 0.3604, Test 0.3685
          Accuracy         : Train 0.9240, Val 0.9062, Test 0.9034
Best:
          Accuracy         : Train 0.9173, Val 0.9284, Test 0.9180
Epoch 109: Loss:            : Train 0.0000, Val 0.3486, Test 0.3190
          Accuracy         : Train 0.9113, Val 0.9131, Test 0.9201
Best:
          Accuracy         : Train 0.9173, Val 0.9284, Test 0.9180
Epoch 110: Loss:            : Train 0.0000, Val 0.3324, Test 0.3249
          Accuracy         : Train 0.9247, Val 0.9076, Test 0.9124
Best:
          Accuracy         : Train 0.9173, Val 0.9284, Test 0.9180
Epoch 111: Loss:            : Train 0.0000, Val 0.3231, Test 0.3545
          Accuracy         : Train 0.9175, Val 0.9138, Test 0.9097
Best:
          Accuracy         : Train 0.9173, Val 0.9284, Test 0.9180
Epoch 112: Loss:            : Train 0.0000, Val 0.3807, Test 0.4349
          Accuracy         : Train 0.9168, Val 0.9076, Test 0.9062
Best:
          Accuracy         : Train 0.9173, Val 0.9284, Test 0.9180
Epoch 113: Loss:            : Train 0.0000, Val 0.3165, Test 0.3567
          Accuracy         : Train 0.9127, Val 0.9180, Test 0.9110
Best:
          Accuracy         : Train 0.9173, Val 0.9284, Test 0.9180
Epoch 114: Loss:            : Train 0.0000, Val 0.3189, Test 0.3371
          Accuracy         : Train 0.9254, Val 0.9222, Test 0.9187
Best:
          Accuracy         : Train 0.9173, Val 0.9284, Test 0.9180
Epoch 115: Loss:            : Train 0.0000, Val 0.3436, Test 0.3104
          Accuracy         : Train 0.9291, Val 0.9131, Test 0.9138
Best:
          Accuracy         : Train 0.9173, Val 0.9284, Test 0.9180
Epoch 116: Loss:            : Train 0.0000, Val 0.3365, Test 0.3002
          Accuracy         : Train 0.9268, Val 0.9083, Test 0.9062
Best:
          Accuracy         : Train 0.9173, Val 0.9284, Test 0.9180
Epoch 117: Loss:            : Train 0.0000, Val 0.3435, Test 0.3480
          Accuracy         : Train 0.9187, Val 0.9083, Test 0.9048
Best:
          Accuracy         : Train 0.9173, Val 0.9284, Test 0.9180
Epoch 118: Loss:            : Train 0.0000, Val 0.4175, Test 0.4146
          Accuracy         : Train 0.9180, Val 0.8958, Test 0.8944
Best:
          Accuracy         : Train 0.9173, Val 0.9284, Test 0.9180
Epoch 119: Loss:            : Train 0.0000, Val 0.2934, Test 0.2875
          Accuracy         : Train 0.9073, Val 0.9159, Test 0.9201
Best:
          Accuracy         : Train 0.9173, Val 0.9284, Test 0.9180
Epoch 120: Loss:            : Train 0.0000, Val 0.3129, Test 0.3254
          Accuracy         : Train 0.9238, Val 0.9090, Test 0.9104
Best:
          Accuracy         : Train 0.9173, Val 0.9284, Test 0.9180
Epoch 121: Loss:            : Train 0.0000, Val 0.3665, Test 0.3451
          Accuracy         : Train 0.9212, Val 0.9041, Test 0.8944
Best:
          Accuracy         : Train 0.9173, Val 0.9284, Test 0.9180
Epoch 122: Loss:            : Train 0.0000, Val 0.3877, Test 0.3454
          Accuracy         : Train 0.9159, Val 0.9117, Test 0.9062
Best:
          Accuracy         : Train 0.9173, Val 0.9284, Test 0.9180
Epoch 123: Loss:            : Train 0.0000, Val 0.3499, Test 0.3266
          Accuracy         : Train 0.9196, Val 0.9131, Test 0.9180
Best:
          Accuracy         : Train 0.9173, Val 0.9284, Test 0.9180
Epoch 124: Loss:            : Train 0.0000, Val 0.3015, Test 0.2703
          Accuracy         : Train 0.9259, Val 0.9236, Test 0.9298
Best:
          Accuracy         : Train 0.9173, Val 0.9284, Test 0.9180
Epoch 125: Loss:            : Train 0.0000, Val 0.3234, Test 0.2889
          Accuracy         : Train 0.9293, Val 0.9124, Test 0.9159
Best:
          Accuracy         : Train 0.9173, Val 0.9284, Test 0.9180
Epoch 126: Loss:            : Train 0.0000, Val 0.3250, Test 0.2911
          Accuracy         : Train 0.9185, Val 0.9173, Test 0.9291
Best:
          Accuracy         : Train 0.9173, Val 0.9284, Test 0.9180
Epoch 127: Loss:            : Train 0.0000, Val 0.3284, Test 0.3022
          Accuracy         : Train 0.9305, Val 0.9236, Test 0.9236
Best:
          Accuracy         : Train 0.9173, Val 0.9284, Test 0.9180
Epoch 128: Loss:            : Train 0.0000, Val 0.3449, Test 0.3145
          Accuracy         : Train 0.9344, Val 0.9055, Test 0.9159
Best:
          Accuracy         : Train 0.9173, Val 0.9284, Test 0.9180
Epoch 129: Loss:            : Train 0.0000, Val 0.3789, Test 0.3884
          Accuracy         : Train 0.9199, Val 0.9222, Test 0.9173
Best:
          Accuracy         : Train 0.9173, Val 0.9284, Test 0.9180
Epoch 130: Loss:            : Train 0.0000, Val 0.3838, Test 0.3930
          Accuracy         : Train 0.9266, Val 0.9256, Test 0.9222
Best:
          Accuracy         : Train 0.9173, Val 0.9284, Test 0.9180
Epoch 131: Loss:            : Train 0.0000, Val 0.3322, Test 0.3329
          Accuracy         : Train 0.9368, Val 0.9152, Test 0.9138
Best:
          Accuracy         : Train 0.9173, Val 0.9284, Test 0.9180
Epoch 132: Loss:            : Train 0.0000, Val 0.4073, Test 0.3529
          Accuracy         : Train 0.9259, Val 0.9104, Test 0.9076
Best:
          Accuracy         : Train 0.9173, Val 0.9284, Test 0.9180
Epoch 133: Loss:            : Train 0.0000, Val 0.4630, Test 0.4935
          Accuracy         : Train 0.9159, Val 0.8659, Test 0.8735
Best:
          Accuracy         : Train 0.9173, Val 0.9284, Test 0.9180
Epoch 134: Loss:            : Train 0.0000, Val 0.3952, Test 0.3495
          Accuracy         : Train 0.8877, Val 0.8972, Test 0.8985
Best:
          Accuracy         : Train 0.9173, Val 0.9284, Test 0.9180
Epoch 135: Loss:            : Train 0.0000, Val 0.4017, Test 0.3472
          Accuracy         : Train 0.9131, Val 0.9145, Test 0.9110
Best:
          Accuracy         : Train 0.9173, Val 0.9284, Test 0.9180
Epoch 136: Loss:            : Train 0.0000, Val 0.3713, Test 0.3322
          Accuracy         : Train 0.9203, Val 0.9152, Test 0.9222
Best:
          Accuracy         : Train 0.9173, Val 0.9284, Test 0.9180
Epoch 137: Loss:            : Train 0.0000, Val 0.3539, Test 0.3613
          Accuracy         : Train 0.9270, Val 0.9187, Test 0.9110
Best:
          Accuracy         : Train 0.9173, Val 0.9284, Test 0.9180
Epoch 138: Loss:            : Train 0.0000, Val 0.4179, Test 0.4308
          Accuracy         : Train 0.9291, Val 0.9131, Test 0.9090
Best:
          Accuracy         : Train 0.9173, Val 0.9284, Test 0.9180
Epoch 139: Loss:            : Train 0.0000, Val 0.3873, Test 0.3736
          Accuracy         : Train 0.9171, Val 0.9069, Test 0.9159
Best:
          Accuracy         : Train 0.9173, Val 0.9284, Test 0.9180
Epoch 140: Loss:            : Train 0.0000, Val 0.3357, Test 0.3191
          Accuracy         : Train 0.9273, Val 0.9194, Test 0.9249
Best:
          Accuracy         : Train 0.9173, Val 0.9284, Test 0.9180
Epoch 141: Loss:            : Train 0.0000, Val 0.3405, Test 0.3300
          Accuracy         : Train 0.9319, Val 0.9145, Test 0.9180
Best:
          Accuracy         : Train 0.9173, Val 0.9284, Test 0.9180
Epoch 142: Loss:            : Train 0.0000, Val 0.3517, Test 0.3290
          Accuracy         : Train 0.9287, Val 0.9131, Test 0.9110
Best:
          Accuracy         : Train 0.9173, Val 0.9284, Test 0.9180
Epoch 143: Loss:            : Train 0.0000, Val 0.4284, Test 0.3710
          Accuracy         : Train 0.9319, Val 0.8867, Test 0.8930
Best:
          Accuracy         : Train 0.9173, Val 0.9284, Test 0.9180
Epoch 144: Loss:            : Train 0.0000, Val 0.4862, Test 0.4343
          Accuracy         : Train 0.9041, Val 0.8798, Test 0.8881
Best:
          Accuracy         : Train 0.9173, Val 0.9284, Test 0.9180
Epoch 145: Loss:            : Train 0.0000, Val 0.3610, Test 0.3338
          Accuracy         : Train 0.8918, Val 0.9159, Test 0.9152
Best:
          Accuracy         : Train 0.9173, Val 0.9284, Test 0.9180
Epoch 146: Loss:            : Train 0.0000, Val 0.3850, Test 0.3433
          Accuracy         : Train 0.9129, Val 0.9124, Test 0.9180
Best:
          Accuracy         : Train 0.9173, Val 0.9284, Test 0.9180
Epoch 147: Loss:            : Train 0.0000, Val 0.3651, Test 0.3699
          Accuracy         : Train 0.9185, Val 0.9055, Test 0.9097
Best:
          Accuracy         : Train 0.9173, Val 0.9284, Test 0.9180
Epoch 148: Loss:            : Train 0.0000, Val 0.3339, Test 0.3324
          Accuracy         : Train 0.9196, Val 0.9110, Test 0.9117
Best:
          Accuracy         : Train 0.9173, Val 0.9284, Test 0.9180
Epoch 149: Loss:            : Train 0.0000, Val 0.4785, Test 0.4659
          Accuracy         : Train 0.9192, Val 0.8874, Test 0.8860
Best:
          Accuracy         : Train 0.9173, Val 0.9284, Test 0.9180
Epoch 150: Loss:            : Train 0.0000, Val 0.3663, Test 0.3733
          Accuracy         : Train 0.9066, Val 0.9069, Test 0.8972
Best:
          Accuracy         : Train 0.9173, Val 0.9284, Test 0.9180
Epoch 151: Loss:            : Train 0.0000, Val 0.3669, Test 0.3749
          Accuracy         : Train 0.9152, Val 0.9076, Test 0.9041
Best:
          Accuracy         : Train 0.9173, Val 0.9284, Test 0.9180
Epoch 152: Loss:            : Train 0.0000, Val 0.3784, Test 0.3820
          Accuracy         : Train 0.9168, Val 0.9062, Test 0.8958
Best:
          Accuracy         : Train 0.9173, Val 0.9284, Test 0.9180
Epoch 153: Loss:            : Train 0.0000, Val 0.3936, Test 0.3760
          Accuracy         : Train 0.9115, Val 0.9048, Test 0.9013
Best:
          Accuracy         : Train 0.9173, Val 0.9284, Test 0.9180
Epoch 154: Loss:            : Train 0.0000, Val 0.3262, Test 0.3194
          Accuracy         : Train 0.9094, Val 0.9124, Test 0.9097
Best:
          Accuracy         : Train 0.9173, Val 0.9284, Test 0.9180
Epoch 155: Loss:            : Train 0.0000, Val 0.3899, Test 0.3675
          Accuracy         : Train 0.9205, Val 0.9020, Test 0.9069
Best:
          Accuracy         : Train 0.9173, Val 0.9284, Test 0.9180
Epoch 156: Loss:            : Train 0.0000, Val 0.3345, Test 0.3482
          Accuracy         : Train 0.9219, Val 0.9020, Test 0.8992
Best:
          Accuracy         : Train 0.9173, Val 0.9284, Test 0.9180
Epoch 157: Loss:            : Train 0.0000, Val 0.3518, Test 0.3656
          Accuracy         : Train 0.9152, Val 0.9187, Test 0.9048
Best:
          Accuracy         : Train 0.9173, Val 0.9284, Test 0.9180
Epoch 158: Loss:            : Train 0.0000, Val 0.3455, Test 0.3538
          Accuracy         : Train 0.9145, Val 0.9131, Test 0.9090
Best:
          Accuracy         : Train 0.9173, Val 0.9284, Test 0.9180
Epoch 159: Loss:            : Train 0.0000, Val 0.3778, Test 0.3700
          Accuracy         : Train 0.9219, Val 0.9124, Test 0.9104
Best:
          Accuracy         : Train 0.9173, Val 0.9284, Test 0.9180
Epoch 160: Loss:            : Train 0.0000, Val 0.3080, Test 0.2924
          Accuracy         : Train 0.9247, Val 0.9222, Test 0.9236
Best:
          Accuracy         : Train 0.9173, Val 0.9284, Test 0.9180
Epoch 161: Loss:            : Train 0.0000, Val 0.3571, Test 0.3490
          Accuracy         : Train 0.9300, Val 0.9097, Test 0.9097
Best:
          Accuracy         : Train 0.9173, Val 0.9284, Test 0.9180
Epoch 162: Loss:            : Train 0.0000, Val 0.4456, Test 0.4024
          Accuracy         : Train 0.9238, Val 0.8985, Test 0.9013
Best:
          Accuracy         : Train 0.9173, Val 0.9284, Test 0.9180
Epoch 163: Loss:            : Train 0.0000, Val 0.3371, Test 0.3147
          Accuracy         : Train 0.9185, Val 0.9117, Test 0.9187
Best:
          Accuracy         : Train 0.9173, Val 0.9284, Test 0.9180
Epoch 164: Loss:            : Train 0.0000, Val 0.3438, Test 0.3522
          Accuracy         : Train 0.9287, Val 0.9215, Test 0.9124
Best:
          Accuracy         : Train 0.9173, Val 0.9284, Test 0.9180
Epoch 165: Loss:            : Train 0.0000, Val 0.4426, Test 0.3886
          Accuracy         : Train 0.9303, Val 0.9006, Test 0.9041
Best:
          Accuracy         : Train 0.9173, Val 0.9284, Test 0.9180
Epoch 166: Loss:            : Train 0.0000, Val 0.4800, Test 0.4645
          Accuracy         : Train 0.9189, Val 0.8860, Test 0.8826
Best:
          Accuracy         : Train 0.9173, Val 0.9284, Test 0.9180
Epoch 167: Loss:            : Train 0.0000, Val 0.4245, Test 0.4037
          Accuracy         : Train 0.8939, Val 0.8999, Test 0.8999
Best:
          Accuracy         : Train 0.9173, Val 0.9284, Test 0.9180
Epoch 168: Loss:            : Train 0.0000, Val 0.4386, Test 0.4204
          Accuracy         : Train 0.9152, Val 0.9097, Test 0.9145
Best:
          Accuracy         : Train 0.9173, Val 0.9284, Test 0.9180
Epoch 169: Loss:            : Train 0.0000, Val 0.3925, Test 0.3855
          Accuracy         : Train 0.9254, Val 0.9131, Test 0.9117
Best:
          Accuracy         : Train 0.9173, Val 0.9284, Test 0.9180
Epoch 170: Loss:            : Train 0.0000, Val 0.3941, Test 0.4163
          Accuracy         : Train 0.9270, Val 0.8958, Test 0.8881
Best:
          Accuracy         : Train 0.9173, Val 0.9284, Test 0.9180
Epoch 171: Loss:            : Train 0.0000, Val 0.3678, Test 0.3426
          Accuracy         : Train 0.9020, Val 0.9006, Test 0.9145
Best:
          Accuracy         : Train 0.9173, Val 0.9284, Test 0.9180
Epoch 172: Loss:            : Train 0.0000, Val 0.3487, Test 0.3328
          Accuracy         : Train 0.9166, Val 0.9124, Test 0.9173
Best:
          Accuracy         : Train 0.9173, Val 0.9284, Test 0.9180
Epoch 173: Loss:            : Train 0.0000, Val 0.4562, Test 0.4730
          Accuracy         : Train 0.9270, Val 0.8902, Test 0.8812
Best:
          Accuracy         : Train 0.9173, Val 0.9284, Test 0.9180
Epoch 174: Loss:            : Train 0.0000, Val 0.3229, Test 0.3133
          Accuracy         : Train 0.8953, Val 0.9117, Test 0.9194
Best:
          Accuracy         : Train 0.9173, Val 0.9284, Test 0.9180
Epoch 175: Loss:            : Train 0.0000, Val 0.3952, Test 0.3600
          Accuracy         : Train 0.9270, Val 0.9145, Test 0.9152
Best:
          Accuracy         : Train 0.9173, Val 0.9284, Test 0.9180
Epoch 176: Loss:            : Train 0.0000, Val 0.4102, Test 0.4085
          Accuracy         : Train 0.9168, Val 0.8735, Test 0.8860
Best:
          Accuracy         : Train 0.9173, Val 0.9284, Test 0.9180
Epoch 177: Loss:            : Train 0.0000, Val 0.4268, Test 0.4345
          Accuracy         : Train 0.8911, Val 0.9117, Test 0.9076
Best:
          Accuracy         : Train 0.9173, Val 0.9284, Test 0.9180
Epoch 178: Loss:            : Train 0.0000, Val 0.4589, Test 0.4333
          Accuracy         : Train 0.9157, Val 0.8867, Test 0.8881
Best:
          Accuracy         : Train 0.9173, Val 0.9284, Test 0.9180
Epoch 179: Loss:            : Train 0.0000, Val 0.3886, Test 0.3429
          Accuracy         : Train 0.8990, Val 0.9020, Test 0.9104
Best:
          Accuracy         : Train 0.9173, Val 0.9284, Test 0.9180
Epoch 180: Loss:            : Train 0.0000, Val 0.4992, Test 0.3954
          Accuracy         : Train 0.9115, Val 0.8937, Test 0.9145
Best:
          Accuracy         : Train 0.9173, Val 0.9284, Test 0.9180
Epoch 181: Loss:            : Train 0.0000, Val 0.3455, Test 0.2996
          Accuracy         : Train 0.9085, Val 0.9104, Test 0.9256
Best:
          Accuracy         : Train 0.9173, Val 0.9284, Test 0.9180
Epoch 182: Loss:            : Train 0.0000, Val 0.4508, Test 0.4584
          Accuracy         : Train 0.9224, Val 0.8937, Test 0.8923
Best:
          Accuracy         : Train 0.9173, Val 0.9284, Test 0.9180
Epoch 183: Loss:            : Train 0.0000, Val 0.4469, Test 0.3783
          Accuracy         : Train 0.9013, Val 0.9034, Test 0.9097
Best:
          Accuracy         : Train 0.9173, Val 0.9284, Test 0.9180
Epoch 184: Loss:            : Train 0.0000, Val 0.4379, Test 0.3905
          Accuracy         : Train 0.9138, Val 0.9124, Test 0.9090
Best:
          Accuracy         : Train 0.9173, Val 0.9284, Test 0.9180
Epoch 185: Loss:            : Train 0.0000, Val 0.3799, Test 0.3674
          Accuracy         : Train 0.9245, Val 0.9048, Test 0.9090
Best:
          Accuracy         : Train 0.9173, Val 0.9284, Test 0.9180
Epoch 186: Loss:            : Train 0.0000, Val 0.3543, Test 0.3872
          Accuracy         : Train 0.9113, Val 0.9013, Test 0.8972
Best:
          Accuracy         : Train 0.9173, Val 0.9284, Test 0.9180
Epoch 187: Loss:            : Train 0.0000, Val 0.3719, Test 0.3710
          Accuracy         : Train 0.9152, Val 0.9083, Test 0.9076
Best:
          Accuracy         : Train 0.9173, Val 0.9284, Test 0.9180
Epoch 188: Loss:            : Train 0.0000, Val 0.3139, Test 0.3669
          Accuracy         : Train 0.9131, Val 0.9243, Test 0.9263
Best:
          Accuracy         : Train 0.9173, Val 0.9284, Test 0.9180
Epoch 189: Loss:            : Train 0.0000, Val 0.4081, Test 0.4497
          Accuracy         : Train 0.9326, Val 0.9104, Test 0.9041
Best:
          Accuracy         : Train 0.9173, Val 0.9284, Test 0.9180
Epoch 190: Loss:            : Train 0.0000, Val 0.4141, Test 0.4606
          Accuracy         : Train 0.9199, Val 0.9090, Test 0.9097
Best:
          Accuracy         : Train 0.9173, Val 0.9284, Test 0.9180
Epoch 191: Loss:            : Train 0.0000, Val 0.3988, Test 0.4013
          Accuracy         : Train 0.9148, Val 0.9097, Test 0.9166
Best:
          Accuracy         : Train 0.9173, Val 0.9284, Test 0.9180
Epoch 192: Loss:            : Train 0.0000, Val 0.4391, Test 0.4444
          Accuracy         : Train 0.9194, Val 0.8846, Test 0.8874
Best:
          Accuracy         : Train 0.9173, Val 0.9284, Test 0.9180
Epoch 193: Loss:            : Train 0.0000, Val 0.4927, Test 0.5507
          Accuracy         : Train 0.8902, Val 0.8784, Test 0.8763
Best:
          Accuracy         : Train 0.9173, Val 0.9284, Test 0.9180
Epoch 194: Loss:            : Train 0.0000, Val 0.3732, Test 0.3597
          Accuracy         : Train 0.8939, Val 0.9104, Test 0.9201
Best:
          Accuracy         : Train 0.9173, Val 0.9284, Test 0.9180
Epoch 195: Loss:            : Train 0.0000, Val 0.3707, Test 0.3502
          Accuracy         : Train 0.9205, Val 0.9041, Test 0.9041
Best:
          Accuracy         : Train 0.9173, Val 0.9284, Test 0.9180
Epoch 196: Loss:            : Train 0.0000, Val 0.3306, Test 0.3149
          Accuracy         : Train 0.9161, Val 0.9013, Test 0.9076
Best:
          Accuracy         : Train 0.9173, Val 0.9284, Test 0.9180
Epoch 197: Loss:            : Train 0.0000, Val 0.4026, Test 0.3715
          Accuracy         : Train 0.9117, Val 0.8853, Test 0.8881
Best:
          Accuracy         : Train 0.9173, Val 0.9284, Test 0.9180
Epoch 198: Loss:            : Train 0.0000, Val 0.3217, Test 0.3429
          Accuracy         : Train 0.9029, Val 0.9110, Test 0.9097
Best:
          Accuracy         : Train 0.9173, Val 0.9284, Test 0.9180
Epoch 199: Loss:            : Train 0.0000, Val 0.3445, Test 0.3434
          Accuracy         : Train 0.9117, Val 0.9215, Test 0.9187
Best:
          Accuracy         : Train 0.9173, Val 0.9284, Test 0.9180
Epoch 200: Loss:            : Train 0.0000, Val 0.4762, Test 0.4484
          Accuracy         : Train 0.9215, Val 0.8742, Test 0.8860
Best:
          Accuracy         : Train 0.9173, Val 0.9284, Test 0.9180
Training time (sec): 22
