Loading parties from cache
X got 38 dimensions
Splitting...
Loading data
Prepare for training
Start training
=================================================================
                     Kernel Shape Output Shape  Params  Mult-Adds
Layer                                                            
0_fc_layers.Linear_0    [38, 200]  [4096, 200]    7800       7600
1_fc_layers.Linear_1   [200, 100]  [4096, 100]   20100      20000
2_fc_layers.Linear_2    [100, 10]   [4096, 10]    1010       1000
-----------------------------------------------------------------
                      Totals
Total params           28910
Trainable params       28910
Non-trainable params       0
Mult-Adds              28600
=================================================================
n_classes=10
task=multi_cls
model_name=frog_all_noise_0.0_2022-02-07-22-16-12
sche_threshold=0.0001
sche_patience=10
sche_factor=0.1
use_scheduler=False
num_workers=4
device=cuda:2
test_batch_size=4096
train_batch_size=4096
learning_rate=0.03
weight_decay=0.001
num_epochs=200
model_save_path=ckp/frog_all_noise_0.0_2022-02-07-22-16-12.pth
test_rate=0.2
val_rate=0.2
multiprocess_context=fork
metrics=['accuracy']
metrics_f=[<metric.accuracy.Accuracy object at 0x7fdebdc25310>]
hidden_sizes=[200, 100]
model=MLP(
  (fc_layers): ModuleList(
    (0): Linear(in_features=38, out_features=200, bias=True)
    (1): Linear(in_features=200, out_features=100, bias=True)
    (2): Linear(in_features=100, out_features=10, bias=True)
  )
)
writer=<torch.utils.tensorboard.writer.SummaryWriter object at 0x7fdebdc255e0>
Epoch 1: Loss:            : Train 2.2827, Val 2.2146, Test 2.2139
          Accuracy         : Train 0.1110, Val 0.5306, Test 0.5177
Best:
          Accuracy         : Train 0.1110, Val 0.5306, Test 0.5177
Epoch 2: Loss:            : Train 2.1874, Val 2.0969, Test 2.0965
          Accuracy         : Train 0.5177, Val 0.4958, Test 0.4920
Best:
          Accuracy         : Train 0.1110, Val 0.5306, Test 0.5177
Epoch 3: Loss:            : Train 2.0603, Val 1.9311, Test 1.9312
          Accuracy         : Train 0.4925, Val 0.4861, Test 0.4837
Best:
          Accuracy         : Train 0.1110, Val 0.5306, Test 0.5177
Epoch 4: Loss:            : Train 1.8862, Val 1.7101, Test 1.7112
          Accuracy         : Train 0.4831, Val 0.4861, Test 0.4837
Best:
          Accuracy         : Train 0.1110, Val 0.5306, Test 0.5177
Epoch 5: Loss:            : Train 1.6536, Val 1.4715, Test 1.4742
          Accuracy         : Train 0.4831, Val 0.4861, Test 0.4837
Best:
          Accuracy         : Train 0.1110, Val 0.5306, Test 0.5177
Epoch 6: Loss:            : Train 1.4460, Val 1.2890, Test 1.2937
          Accuracy         : Train 0.4831, Val 0.4889, Test 0.4837
Best:
          Accuracy         : Train 0.1110, Val 0.5306, Test 0.5177
Epoch 7: Loss:            : Train 1.2763, Val 1.1887, Test 1.1959
          Accuracy         : Train 0.4841, Val 0.5208, Test 0.5226
Best:
          Accuracy         : Train 0.1110, Val 0.5306, Test 0.5177
Epoch 8: Loss:            : Train 1.1760, Val 1.0806, Test 1.0918
          Accuracy         : Train 0.5195, Val 0.5736, Test 0.5719
Best:
          Accuracy         : Train 0.5195, Val 0.5736, Test 0.5719
Epoch 9: Loss:            : Train 1.0604, Val 0.9544, Test 0.9702
          Accuracy         : Train 0.5639, Val 0.7097, Test 0.7060
Best:
          Accuracy         : Train 0.5639, Val 0.7097, Test 0.7060
Epoch 10: Loss:            : Train 0.9544, Val 0.8713, Test 0.8890
          Accuracy         : Train 0.7004, Val 0.8069, Test 0.7915
Best:
          Accuracy         : Train 0.7004, Val 0.8069, Test 0.7915
Epoch 11: Loss:            : Train 0.8707, Val 0.8086, Test 0.8224
          Accuracy         : Train 0.7873, Val 0.8319, Test 0.8158
Best:
          Accuracy         : Train 0.7873, Val 0.8319, Test 0.8158
Epoch 12: Loss:            : Train 0.8159, Val 0.7348, Test 0.7415
          Accuracy         : Train 0.8110, Val 0.8361, Test 0.8270
Best:
          Accuracy         : Train 0.8110, Val 0.8361, Test 0.8270
Epoch 13: Loss:            : Train 0.7063, Val 0.6626, Test 0.6641
          Accuracy         : Train 0.8249, Val 0.8403, Test 0.8179
Best:
          Accuracy         : Train 0.8249, Val 0.8403, Test 0.8179
Epoch 14: Loss:            : Train 0.6508, Val 0.5994, Test 0.5967
          Accuracy         : Train 0.8261, Val 0.8417, Test 0.8235
Best:
          Accuracy         : Train 0.8261, Val 0.8417, Test 0.8235
Epoch 15: Loss:            : Train 0.5747, Val 0.5368, Test 0.5284
          Accuracy         : Train 0.8304, Val 0.8556, Test 0.8304
Best:
          Accuracy         : Train 0.8304, Val 0.8556, Test 0.8304
Epoch 16: Loss:            : Train 0.5106, Val 0.4831, Test 0.4683
          Accuracy         : Train 0.8425, Val 0.8667, Test 0.8575
Best:
          Accuracy         : Train 0.8425, Val 0.8667, Test 0.8575
Epoch 17: Loss:            : Train 0.4529, Val 0.4420, Test 0.4248
          Accuracy         : Train 0.8630, Val 0.8708, Test 0.8735
Best:
          Accuracy         : Train 0.8630, Val 0.8708, Test 0.8735
Epoch 18: Loss:            : Train 0.4182, Val 0.4077, Test 0.3934
          Accuracy         : Train 0.8735, Val 0.8833, Test 0.8812
Best:
          Accuracy         : Train 0.8735, Val 0.8833, Test 0.8812
Epoch 19: Loss:            : Train 0.3508, Val 0.3746, Test 0.3631
          Accuracy         : Train 0.8916, Val 0.9083, Test 0.8881
Best:
          Accuracy         : Train 0.8916, Val 0.9083, Test 0.8881
Epoch 20: Loss:            : Train 0.3327, Val 0.3413, Test 0.3269
          Accuracy         : Train 0.9095, Val 0.9208, Test 0.9062
Best:
          Accuracy         : Train 0.9095, Val 0.9208, Test 0.9062
Epoch 21: Loss:            : Train 0.2894, Val 0.3172, Test 0.2955
          Accuracy         : Train 0.9212, Val 0.9181, Test 0.9145
Best:
          Accuracy         : Train 0.9095, Val 0.9208, Test 0.9062
Epoch 22: Loss:            : Train 0.2490, Val 0.2969, Test 0.2744
          Accuracy         : Train 0.9287, Val 0.9250, Test 0.9298
Best:
          Accuracy         : Train 0.9287, Val 0.9250, Test 0.9298
Epoch 23: Loss:            : Train 0.2192, Val 0.2774, Test 0.2570
          Accuracy         : Train 0.9398, Val 0.9306, Test 0.9277
Best:
          Accuracy         : Train 0.9398, Val 0.9306, Test 0.9277
Epoch 24: Loss:            : Train 0.2084, Val 0.2656, Test 0.2410
          Accuracy         : Train 0.9422, Val 0.9333, Test 0.9402
Best:
          Accuracy         : Train 0.9422, Val 0.9333, Test 0.9402
Epoch 25: Loss:            : Train 0.1989, Val 0.2561, Test 0.2317
          Accuracy         : Train 0.9494, Val 0.9403, Test 0.9451
Best:
          Accuracy         : Train 0.9494, Val 0.9403, Test 0.9451
Epoch 26: Loss:            : Train 0.1727, Val 0.2421, Test 0.2239
          Accuracy         : Train 0.9563, Val 0.9417, Test 0.9486
Best:
          Accuracy         : Train 0.9563, Val 0.9417, Test 0.9486
Epoch 27: Loss:            : Train 0.1676, Val 0.2398, Test 0.2242
          Accuracy         : Train 0.9601, Val 0.9472, Test 0.9472
Best:
          Accuracy         : Train 0.9601, Val 0.9472, Test 0.9472
Epoch 28: Loss:            : Train 0.1679, Val 0.2322, Test 0.2170
          Accuracy         : Train 0.9583, Val 0.9444, Test 0.9500
Best:
          Accuracy         : Train 0.9601, Val 0.9472, Test 0.9472
Epoch 29: Loss:            : Train 0.1414, Val 0.2249, Test 0.2252
          Accuracy         : Train 0.9629, Val 0.9417, Test 0.9444
Best:
          Accuracy         : Train 0.9601, Val 0.9472, Test 0.9472
Epoch 30: Loss:            : Train 0.1304, Val 0.2108, Test 0.2099
          Accuracy         : Train 0.9664, Val 0.9528, Test 0.9465
Best:
          Accuracy         : Train 0.9664, Val 0.9528, Test 0.9465
Epoch 31: Loss:            : Train 0.1306, Val 0.2120, Test 0.1975
          Accuracy         : Train 0.9666, Val 0.9500, Test 0.9548
Best:
          Accuracy         : Train 0.9664, Val 0.9528, Test 0.9465
Epoch 32: Loss:            : Train 0.1234, Val 0.2198, Test 0.2144
          Accuracy         : Train 0.9694, Val 0.9444, Test 0.9472
Best:
          Accuracy         : Train 0.9664, Val 0.9528, Test 0.9465
Epoch 33: Loss:            : Train 0.1104, Val 0.1827, Test 0.1851
          Accuracy         : Train 0.9692, Val 0.9542, Test 0.9527
Best:
          Accuracy         : Train 0.9692, Val 0.9542, Test 0.9527
Epoch 34: Loss:            : Train 0.1188, Val 0.1809, Test 0.1721
          Accuracy         : Train 0.9696, Val 0.9528, Test 0.9590
Best:
          Accuracy         : Train 0.9692, Val 0.9542, Test 0.9527
Epoch 35: Loss:            : Train 0.1113, Val 0.2145, Test 0.2098
          Accuracy         : Train 0.9718, Val 0.9444, Test 0.9458
Best:
          Accuracy         : Train 0.9692, Val 0.9542, Test 0.9527
Epoch 36: Loss:            : Train 0.1053, Val 0.1788, Test 0.1869
          Accuracy         : Train 0.9676, Val 0.9514, Test 0.9534
Best:
          Accuracy         : Train 0.9692, Val 0.9542, Test 0.9527
Epoch 37: Loss:            : Train 0.1084, Val 0.1686, Test 0.1608
          Accuracy         : Train 0.9696, Val 0.9542, Test 0.9576
Best:
          Accuracy         : Train 0.9692, Val 0.9542, Test 0.9527
Epoch 38: Loss:            : Train 0.0837, Val 0.2362, Test 0.2199
          Accuracy         : Train 0.9760, Val 0.9375, Test 0.9340
Best:
          Accuracy         : Train 0.9692, Val 0.9542, Test 0.9527
Epoch 39: Loss:            : Train 0.1068, Val 0.1986, Test 0.2089
          Accuracy         : Train 0.9603, Val 0.9486, Test 0.9555
Best:
          Accuracy         : Train 0.9692, Val 0.9542, Test 0.9527
Epoch 40: Loss:            : Train 0.1470, Val 0.2161, Test 0.2348
          Accuracy         : Train 0.9700, Val 0.9417, Test 0.9458
Best:
          Accuracy         : Train 0.9692, Val 0.9542, Test 0.9527
Epoch 41: Loss:            : Train 0.1341, Val 0.1558, Test 0.1478
          Accuracy         : Train 0.9678, Val 0.9514, Test 0.9555
Best:
          Accuracy         : Train 0.9692, Val 0.9542, Test 0.9527
Epoch 42: Loss:            : Train 0.0830, Val 0.2043, Test 0.1824
          Accuracy         : Train 0.9736, Val 0.9431, Test 0.9569
Best:
          Accuracy         : Train 0.9692, Val 0.9542, Test 0.9527
Epoch 43: Loss:            : Train 0.0954, Val 0.1404, Test 0.1288
          Accuracy         : Train 0.9670, Val 0.9611, Test 0.9715
Best:
          Accuracy         : Train 0.9670, Val 0.9611, Test 0.9715
Epoch 44: Loss:            : Train 0.0757, Val 0.1517, Test 0.1327
          Accuracy         : Train 0.9797, Val 0.9556, Test 0.9673
Best:
          Accuracy         : Train 0.9670, Val 0.9611, Test 0.9715
Epoch 45: Loss:            : Train 0.0762, Val 0.1388, Test 0.1322
          Accuracy         : Train 0.9797, Val 0.9653, Test 0.9625
Best:
          Accuracy         : Train 0.9797, Val 0.9653, Test 0.9625
Epoch 46: Loss:            : Train 0.0573, Val 0.1143, Test 0.1044
          Accuracy         : Train 0.9817, Val 0.9653, Test 0.9736
Best:
          Accuracy         : Train 0.9797, Val 0.9653, Test 0.9625
Epoch 47: Loss:            : Train 0.0496, Val 0.1206, Test 0.1080
          Accuracy         : Train 0.9853, Val 0.9722, Test 0.9757
Best:
          Accuracy         : Train 0.9853, Val 0.9722, Test 0.9757
Epoch 48: Loss:            : Train 0.0524, Val 0.1162, Test 0.1175
          Accuracy         : Train 0.9835, Val 0.9611, Test 0.9708
Best:
          Accuracy         : Train 0.9853, Val 0.9722, Test 0.9757
Epoch 49: Loss:            : Train 0.0469, Val 0.1188, Test 0.1265
          Accuracy         : Train 0.9867, Val 0.9667, Test 0.9701
Best:
          Accuracy         : Train 0.9853, Val 0.9722, Test 0.9757
Epoch 50: Loss:            : Train 0.0409, Val 0.1100, Test 0.1051
          Accuracy         : Train 0.9879, Val 0.9736, Test 0.9757
Best:
          Accuracy         : Train 0.9879, Val 0.9736, Test 0.9757
Epoch 51: Loss:            : Train 0.0374, Val 0.1090, Test 0.1063
          Accuracy         : Train 0.9901, Val 0.9667, Test 0.9743
Best:
          Accuracy         : Train 0.9879, Val 0.9736, Test 0.9757
Epoch 52: Loss:            : Train 0.0331, Val 0.1068, Test 0.1027
          Accuracy         : Train 0.9911, Val 0.9667, Test 0.9764
Best:
          Accuracy         : Train 0.9879, Val 0.9736, Test 0.9757
Epoch 53: Loss:            : Train 0.0300, Val 0.1117, Test 0.1011
          Accuracy         : Train 0.9909, Val 0.9750, Test 0.9757
Best:
          Accuracy         : Train 0.9909, Val 0.9750, Test 0.9757
Epoch 54: Loss:            : Train 0.0283, Val 0.1046, Test 0.0993
          Accuracy         : Train 0.9915, Val 0.9722, Test 0.9750
Best:
          Accuracy         : Train 0.9909, Val 0.9750, Test 0.9757
Epoch 55: Loss:            : Train 0.0275, Val 0.1129, Test 0.1048
          Accuracy         : Train 0.9913, Val 0.9736, Test 0.9757
Best:
          Accuracy         : Train 0.9909, Val 0.9750, Test 0.9757
Epoch 56: Loss:            : Train 0.0216, Val 0.1007, Test 0.0963
          Accuracy         : Train 0.9925, Val 0.9792, Test 0.9798
Best:
          Accuracy         : Train 0.9925, Val 0.9792, Test 0.9798
Epoch 57: Loss:            : Train 0.0242, Val 0.1169, Test 0.0994
          Accuracy         : Train 0.9929, Val 0.9708, Test 0.9778
Best:
          Accuracy         : Train 0.9925, Val 0.9792, Test 0.9798
Epoch 58: Loss:            : Train 0.0275, Val 0.1083, Test 0.1048
          Accuracy         : Train 0.9931, Val 0.9694, Test 0.9757
Best:
          Accuracy         : Train 0.9925, Val 0.9792, Test 0.9798
Epoch 59: Loss:            : Train 0.0289, Val 0.1075, Test 0.0956
          Accuracy         : Train 0.9923, Val 0.9750, Test 0.9792
Best:
          Accuracy         : Train 0.9925, Val 0.9792, Test 0.9798
Epoch 60: Loss:            : Train 0.0228, Val 0.1707, Test 0.1512
          Accuracy         : Train 0.9911, Val 0.9639, Test 0.9743
Best:
          Accuracy         : Train 0.9925, Val 0.9792, Test 0.9798
Epoch 61: Loss:            : Train 0.0396, Val 0.1353, Test 0.1201
          Accuracy         : Train 0.9893, Val 0.9694, Test 0.9771
Best:
          Accuracy         : Train 0.9925, Val 0.9792, Test 0.9798
Epoch 62: Loss:            : Train 0.0291, Val 0.1166, Test 0.0980
          Accuracy         : Train 0.9915, Val 0.9722, Test 0.9750
Best:
          Accuracy         : Train 0.9925, Val 0.9792, Test 0.9798
Epoch 63: Loss:            : Train 0.0274, Val 0.1260, Test 0.1114
          Accuracy         : Train 0.9921, Val 0.9694, Test 0.9778
Best:
          Accuracy         : Train 0.9925, Val 0.9792, Test 0.9798
Epoch 64: Loss:            : Train 0.0265, Val 0.1076, Test 0.1052
          Accuracy         : Train 0.9919, Val 0.9764, Test 0.9798
Best:
          Accuracy         : Train 0.9925, Val 0.9792, Test 0.9798
Epoch 65: Loss:            : Train 0.0338, Val 0.1056, Test 0.1058
          Accuracy         : Train 0.9905, Val 0.9833, Test 0.9812
Best:
          Accuracy         : Train 0.9905, Val 0.9833, Test 0.9812
Epoch 66: Loss:            : Train 0.0320, Val 0.1362, Test 0.1326
          Accuracy         : Train 0.9948, Val 0.9764, Test 0.9750
Best:
          Accuracy         : Train 0.9905, Val 0.9833, Test 0.9812
Epoch 67: Loss:            : Train 0.0281, Val 0.1161, Test 0.1031
          Accuracy         : Train 0.9911, Val 0.9750, Test 0.9757
Best:
          Accuracy         : Train 0.9905, Val 0.9833, Test 0.9812
Epoch 68: Loss:            : Train 0.0188, Val 0.1232, Test 0.1100
          Accuracy         : Train 0.9936, Val 0.9694, Test 0.9715
Best:
          Accuracy         : Train 0.9905, Val 0.9833, Test 0.9812
Epoch 69: Loss:            : Train 0.0162, Val 0.1173, Test 0.1027
          Accuracy         : Train 0.9950, Val 0.9694, Test 0.9785
Best:
          Accuracy         : Train 0.9905, Val 0.9833, Test 0.9812
Epoch 70: Loss:            : Train 0.0135, Val 0.1151, Test 0.0935
          Accuracy         : Train 0.9942, Val 0.9722, Test 0.9792
Best:
          Accuracy         : Train 0.9905, Val 0.9833, Test 0.9812
Epoch 71: Loss:            : Train 0.0160, Val 0.1558, Test 0.1294
          Accuracy         : Train 0.9944, Val 0.9764, Test 0.9757
Best:
          Accuracy         : Train 0.9905, Val 0.9833, Test 0.9812
Epoch 72: Loss:            : Train 0.0212, Val 0.1388, Test 0.1123
          Accuracy         : Train 0.9929, Val 0.9722, Test 0.9792
Best:
          Accuracy         : Train 0.9905, Val 0.9833, Test 0.9812
Epoch 73: Loss:            : Train 0.0151, Val 0.1703, Test 0.1264
          Accuracy         : Train 0.9954, Val 0.9681, Test 0.9722
Best:
          Accuracy         : Train 0.9905, Val 0.9833, Test 0.9812
Epoch 74: Loss:            : Train 0.0346, Val 0.1627, Test 0.1536
          Accuracy         : Train 0.9889, Val 0.9694, Test 0.9680
Best:
          Accuracy         : Train 0.9905, Val 0.9833, Test 0.9812
Epoch 75: Loss:            : Train 0.0455, Val 0.1518, Test 0.1119
          Accuracy         : Train 0.9919, Val 0.9722, Test 0.9778
Best:
          Accuracy         : Train 0.9905, Val 0.9833, Test 0.9812
Epoch 76: Loss:            : Train 0.0202, Val 0.1803, Test 0.1209
          Accuracy         : Train 0.9942, Val 0.9681, Test 0.9771
Best:
          Accuracy         : Train 0.9905, Val 0.9833, Test 0.9812
Epoch 77: Loss:            : Train 0.0218, Val 0.1439, Test 0.1070
          Accuracy         : Train 0.9931, Val 0.9722, Test 0.9778
Best:
          Accuracy         : Train 0.9905, Val 0.9833, Test 0.9812
Epoch 78: Loss:            : Train 0.0173, Val 0.1223, Test 0.1057
          Accuracy         : Train 0.9952, Val 0.9833, Test 0.9785
Best:
          Accuracy         : Train 0.9905, Val 0.9833, Test 0.9812
Epoch 79: Loss:            : Train 0.0134, Val 0.1446, Test 0.1052
          Accuracy         : Train 0.9956, Val 0.9750, Test 0.9798
Best:
          Accuracy         : Train 0.9905, Val 0.9833, Test 0.9812
Epoch 80: Loss:            : Train 0.0171, Val 0.1172, Test 0.0976
          Accuracy         : Train 0.9913, Val 0.9833, Test 0.9798
Best:
          Accuracy         : Train 0.9905, Val 0.9833, Test 0.9812
Epoch 81: Loss:            : Train 0.0181, Val 0.1478, Test 0.1197
          Accuracy         : Train 0.9960, Val 0.9778, Test 0.9764
Best:
          Accuracy         : Train 0.9905, Val 0.9833, Test 0.9812
Epoch 82: Loss:            : Train 0.0172, Val 0.1298, Test 0.1051
          Accuracy         : Train 0.9944, Val 0.9764, Test 0.9819
Best:
          Accuracy         : Train 0.9905, Val 0.9833, Test 0.9812
Epoch 83: Loss:            : Train 0.0091, Val 0.1099, Test 0.0989
          Accuracy         : Train 0.9982, Val 0.9861, Test 0.9819
Best:
          Accuracy         : Train 0.9982, Val 0.9861, Test 0.9819
Epoch 84: Loss:            : Train 0.0132, Val 0.1124, Test 0.0965
          Accuracy         : Train 0.9974, Val 0.9847, Test 0.9833
Best:
          Accuracy         : Train 0.9982, Val 0.9861, Test 0.9819
Epoch 85: Loss:            : Train 0.0089, Val 0.1467, Test 0.1268
          Accuracy         : Train 0.9978, Val 0.9764, Test 0.9771
Best:
          Accuracy         : Train 0.9982, Val 0.9861, Test 0.9819
Epoch 86: Loss:            : Train 0.0149, Val 0.1437, Test 0.1154
          Accuracy         : Train 0.9976, Val 0.9819, Test 0.9792
Best:
          Accuracy         : Train 0.9982, Val 0.9861, Test 0.9819
Epoch 87: Loss:            : Train 0.0136, Val 0.1631, Test 0.1352
          Accuracy         : Train 0.9978, Val 0.9778, Test 0.9785
Best:
          Accuracy         : Train 0.9982, Val 0.9861, Test 0.9819
Epoch 88: Loss:            : Train 0.0172, Val 0.1499, Test 0.1141
          Accuracy         : Train 0.9952, Val 0.9778, Test 0.9805
Best:
          Accuracy         : Train 0.9982, Val 0.9861, Test 0.9819
Epoch 89: Loss:            : Train 0.0190, Val 0.1481, Test 0.1160
          Accuracy         : Train 0.9972, Val 0.9792, Test 0.9812
Best:
          Accuracy         : Train 0.9982, Val 0.9861, Test 0.9819
Epoch 90: Loss:            : Train 0.0087, Val 0.2057, Test 0.1724
          Accuracy         : Train 0.9976, Val 0.9708, Test 0.9722
Best:
          Accuracy         : Train 0.9982, Val 0.9861, Test 0.9819
Epoch 91: Loss:            : Train 0.0384, Val 0.1518, Test 0.1178
          Accuracy         : Train 0.9923, Val 0.9764, Test 0.9785
Best:
          Accuracy         : Train 0.9982, Val 0.9861, Test 0.9819
Epoch 92: Loss:            : Train 0.0047, Val 0.2534, Test 0.1946
          Accuracy         : Train 0.9982, Val 0.9681, Test 0.9715
Best:
          Accuracy         : Train 0.9982, Val 0.9861, Test 0.9819
Epoch 93: Loss:            : Train 0.0333, Val 0.1851, Test 0.1173
          Accuracy         : Train 0.9871, Val 0.9708, Test 0.9785
Best:
          Accuracy         : Train 0.9982, Val 0.9861, Test 0.9819
Epoch 94: Loss:            : Train 0.0134, Val 0.2292, Test 0.1499
          Accuracy         : Train 0.9984, Val 0.9681, Test 0.9764
Best:
          Accuracy         : Train 0.9982, Val 0.9861, Test 0.9819
Epoch 95: Loss:            : Train 0.0291, Val 0.2064, Test 0.1533
          Accuracy         : Train 0.9923, Val 0.9736, Test 0.9757
Best:
          Accuracy         : Train 0.9982, Val 0.9861, Test 0.9819
Epoch 96: Loss:            : Train 0.0238, Val 0.1609, Test 0.1010
          Accuracy         : Train 0.9940, Val 0.9722, Test 0.9819
Best:
          Accuracy         : Train 0.9982, Val 0.9861, Test 0.9819
Epoch 97: Loss:            : Train 0.0091, Val 0.1601, Test 0.1099
          Accuracy         : Train 0.9976, Val 0.9667, Test 0.9771
Best:
          Accuracy         : Train 0.9982, Val 0.9861, Test 0.9819
Epoch 98: Loss:            : Train 0.0193, Val 0.1631, Test 0.1077
          Accuracy         : Train 0.9946, Val 0.9694, Test 0.9785
Best:
          Accuracy         : Train 0.9982, Val 0.9861, Test 0.9819
Epoch 99: Loss:            : Train 0.0076, Val 0.1546, Test 0.1126
          Accuracy         : Train 0.9968, Val 0.9764, Test 0.9812
Best:
          Accuracy         : Train 0.9982, Val 0.9861, Test 0.9819
Epoch 100: Loss:            : Train 0.0127, Val 0.1725, Test 0.0977
          Accuracy         : Train 0.9968, Val 0.9806, Test 0.9826
Best:
          Accuracy         : Train 0.9982, Val 0.9861, Test 0.9819
Epoch 101: Loss:            : Train 0.0072, Val 0.1835, Test 0.0827
          Accuracy         : Train 0.9978, Val 0.9750, Test 0.9833
Best:
          Accuracy         : Train 0.9982, Val 0.9861, Test 0.9819
Epoch 102: Loss:            : Train 0.0063, Val 0.1802, Test 0.0895
          Accuracy         : Train 0.9976, Val 0.9764, Test 0.9805
Best:
          Accuracy         : Train 0.9982, Val 0.9861, Test 0.9819
Epoch 103: Loss:            : Train 0.0081, Val 0.1724, Test 0.1119
          Accuracy         : Train 0.9974, Val 0.9764, Test 0.9778
Best:
          Accuracy         : Train 0.9982, Val 0.9861, Test 0.9819
Epoch 104: Loss:            : Train 0.0084, Val 0.1715, Test 0.1066
          Accuracy         : Train 0.9980, Val 0.9792, Test 0.9819
Best:
          Accuracy         : Train 0.9982, Val 0.9861, Test 0.9819
Epoch 105: Loss:            : Train 0.0062, Val 0.1588, Test 0.0973
          Accuracy         : Train 0.9986, Val 0.9861, Test 0.9840
Best:
          Accuracy         : Train 0.9982, Val 0.9861, Test 0.9819
Epoch 106: Loss:            : Train 0.0046, Val 0.1575, Test 0.1044
          Accuracy         : Train 0.9992, Val 0.9833, Test 0.9847
Best:
          Accuracy         : Train 0.9982, Val 0.9861, Test 0.9819
Epoch 107: Loss:            : Train 0.0072, Val 0.1810, Test 0.1283
          Accuracy         : Train 0.9970, Val 0.9792, Test 0.9792
Best:
          Accuracy         : Train 0.9982, Val 0.9861, Test 0.9819
Epoch 108: Loss:            : Train 0.0048, Val 0.1895, Test 0.1149
          Accuracy         : Train 0.9994, Val 0.9792, Test 0.9798
Best:
          Accuracy         : Train 0.9982, Val 0.9861, Test 0.9819
Epoch 109: Loss:            : Train 0.0052, Val 0.1803, Test 0.0999
          Accuracy         : Train 0.9990, Val 0.9806, Test 0.9833
Best:
          Accuracy         : Train 0.9982, Val 0.9861, Test 0.9819
Epoch 110: Loss:            : Train 0.0024, Val 0.1789, Test 0.1015
          Accuracy         : Train 1.0000, Val 0.9819, Test 0.9833
Best:
          Accuracy         : Train 0.9982, Val 0.9861, Test 0.9819
Epoch 111: Loss:            : Train 0.0011, Val 0.1840, Test 0.1096
          Accuracy         : Train 0.9998, Val 0.9819, Test 0.9819
Best:
          Accuracy         : Train 0.9982, Val 0.9861, Test 0.9819
Epoch 112: Loss:            : Train 0.0021, Val 0.2011, Test 0.1260
          Accuracy         : Train 0.9988, Val 0.9778, Test 0.9819
Best:
          Accuracy         : Train 0.9982, Val 0.9861, Test 0.9819
Epoch 113: Loss:            : Train 0.0030, Val 0.2031, Test 0.1234
          Accuracy         : Train 0.9994, Val 0.9806, Test 0.9812
Best:
          Accuracy         : Train 0.9982, Val 0.9861, Test 0.9819
Epoch 114: Loss:            : Train 0.0020, Val 0.1986, Test 0.1180
          Accuracy         : Train 0.9994, Val 0.9806, Test 0.9819
Best:
          Accuracy         : Train 0.9982, Val 0.9861, Test 0.9819
Epoch 115: Loss:            : Train 0.0024, Val 0.2359, Test 0.1511
          Accuracy         : Train 0.9984, Val 0.9708, Test 0.9778
Best:
          Accuracy         : Train 0.9982, Val 0.9861, Test 0.9819
Epoch 116: Loss:            : Train 0.0121, Val 0.2236, Test 0.1708
          Accuracy         : Train 0.9934, Val 0.9736, Test 0.9757
Best:
          Accuracy         : Train 0.9982, Val 0.9861, Test 0.9819
Epoch 117: Loss:            : Train 0.0445, Val 0.2131, Test 0.1375
          Accuracy         : Train 0.9931, Val 0.9806, Test 0.9826
Best:
          Accuracy         : Train 0.9982, Val 0.9861, Test 0.9819
Epoch 118: Loss:            : Train 0.0039, Val 0.4163, Test 0.3212
          Accuracy         : Train 0.9988, Val 0.9292, Test 0.9354
Best:
          Accuracy         : Train 0.9982, Val 0.9861, Test 0.9819
Epoch 119: Loss:            : Train 0.0812, Val 0.2096, Test 0.1372
          Accuracy         : Train 0.9643, Val 0.9792, Test 0.9792
Best:
          Accuracy         : Train 0.9982, Val 0.9861, Test 0.9819
Epoch 120: Loss:            : Train 0.0203, Val 0.2995, Test 0.2779
          Accuracy         : Train 0.9966, Val 0.9681, Test 0.9659
Best:
          Accuracy         : Train 0.9982, Val 0.9861, Test 0.9819
Epoch 121: Loss:            : Train 0.1455, Val 0.2930, Test 0.2750
          Accuracy         : Train 0.9869, Val 0.9667, Test 0.9673
Best:
          Accuracy         : Train 0.9982, Val 0.9861, Test 0.9819
Epoch 122: Loss:            : Train 0.1159, Val 0.2137, Test 0.1701
          Accuracy         : Train 0.9877, Val 0.9736, Test 0.9729
Best:
          Accuracy         : Train 0.9982, Val 0.9861, Test 0.9819
Epoch 123: Loss:            : Train 0.0424, Val 0.2285, Test 0.1584
          Accuracy         : Train 0.9911, Val 0.9694, Test 0.9750
Best:
          Accuracy         : Train 0.9982, Val 0.9861, Test 0.9819
Epoch 124: Loss:            : Train 0.0240, Val 0.2727, Test 0.1727
          Accuracy         : Train 0.9938, Val 0.9625, Test 0.9708
Best:
          Accuracy         : Train 0.9982, Val 0.9861, Test 0.9819
Epoch 125: Loss:            : Train 0.0341, Val 0.2054, Test 0.1148
          Accuracy         : Train 0.9905, Val 0.9653, Test 0.9812
Best:
          Accuracy         : Train 0.9982, Val 0.9861, Test 0.9819
Epoch 126: Loss:            : Train 0.0154, Val 0.1755, Test 0.1076
          Accuracy         : Train 0.9952, Val 0.9764, Test 0.9805
Best:
          Accuracy         : Train 0.9982, Val 0.9861, Test 0.9819
Epoch 127: Loss:            : Train 0.0120, Val 0.1827, Test 0.1321
          Accuracy         : Train 0.9956, Val 0.9792, Test 0.9792
Best:
          Accuracy         : Train 0.9982, Val 0.9861, Test 0.9819
Epoch 128: Loss:            : Train 0.0140, Val 0.1899, Test 0.1589
          Accuracy         : Train 0.9946, Val 0.9819, Test 0.9785
Best:
          Accuracy         : Train 0.9982, Val 0.9861, Test 0.9819
Epoch 129: Loss:            : Train 0.0122, Val 0.1860, Test 0.1477
          Accuracy         : Train 0.9946, Val 0.9778, Test 0.9792
Best:
          Accuracy         : Train 0.9982, Val 0.9861, Test 0.9819
Epoch 130: Loss:            : Train 0.0089, Val 0.1985, Test 0.1316
          Accuracy         : Train 0.9966, Val 0.9792, Test 0.9805
Best:
          Accuracy         : Train 0.9982, Val 0.9861, Test 0.9819
Epoch 131: Loss:            : Train 0.0053, Val 0.2116, Test 0.1281
          Accuracy         : Train 0.9984, Val 0.9792, Test 0.9798
Best:
          Accuracy         : Train 0.9982, Val 0.9861, Test 0.9819
Epoch 132: Loss:            : Train 0.0096, Val 0.1964, Test 0.1431
          Accuracy         : Train 0.9964, Val 0.9764, Test 0.9778
Best:
          Accuracy         : Train 0.9982, Val 0.9861, Test 0.9819
Epoch 133: Loss:            : Train 0.0055, Val 0.1966, Test 0.1594
          Accuracy         : Train 0.9978, Val 0.9764, Test 0.9771
Best:
          Accuracy         : Train 0.9982, Val 0.9861, Test 0.9819
Epoch 134: Loss:            : Train 0.0099, Val 0.1984, Test 0.1347
          Accuracy         : Train 0.9980, Val 0.9819, Test 0.9819
Best:
          Accuracy         : Train 0.9982, Val 0.9861, Test 0.9819
Epoch 135: Loss:            : Train 0.0076, Val 0.2120, Test 0.1240
          Accuracy         : Train 0.9982, Val 0.9806, Test 0.9805
Best:
          Accuracy         : Train 0.9982, Val 0.9861, Test 0.9819
Epoch 136: Loss:            : Train 0.0074, Val 0.1950, Test 0.1190
          Accuracy         : Train 0.9968, Val 0.9806, Test 0.9840
Best:
          Accuracy         : Train 0.9982, Val 0.9861, Test 0.9819
Epoch 137: Loss:            : Train 0.0042, Val 0.2032, Test 0.1352
          Accuracy         : Train 0.9984, Val 0.9806, Test 0.9847
Best:
          Accuracy         : Train 0.9982, Val 0.9861, Test 0.9819
Epoch 138: Loss:            : Train 0.0076, Val 0.2112, Test 0.1525
          Accuracy         : Train 0.9982, Val 0.9806, Test 0.9833
Best:
          Accuracy         : Train 0.9982, Val 0.9861, Test 0.9819
Epoch 139: Loss:            : Train 0.0043, Val 0.2017, Test 0.1362
          Accuracy         : Train 0.9990, Val 0.9833, Test 0.9868
Best:
          Accuracy         : Train 0.9982, Val 0.9861, Test 0.9819
Epoch 140: Loss:            : Train 0.0033, Val 0.2067, Test 0.1318
          Accuracy         : Train 0.9996, Val 0.9819, Test 0.9882
Best:
          Accuracy         : Train 0.9982, Val 0.9861, Test 0.9819
Epoch 141: Loss:            : Train 0.0060, Val 0.2217, Test 0.1614
          Accuracy         : Train 0.9990, Val 0.9764, Test 0.9840
Best:
          Accuracy         : Train 0.9982, Val 0.9861, Test 0.9819
Epoch 142: Loss:            : Train 0.0129, Val 0.2084, Test 0.1598
          Accuracy         : Train 0.9984, Val 0.9806, Test 0.9847
Best:
          Accuracy         : Train 0.9982, Val 0.9861, Test 0.9819
Epoch 143: Loss:            : Train 0.0040, Val 0.2380, Test 0.1806
          Accuracy         : Train 0.9990, Val 0.9792, Test 0.9819
Best:
          Accuracy         : Train 0.9982, Val 0.9861, Test 0.9819
Epoch 144: Loss:            : Train 0.0191, Val 0.1989, Test 0.1541
          Accuracy         : Train 0.9927, Val 0.9806, Test 0.9868
Best:
          Accuracy         : Train 0.9982, Val 0.9861, Test 0.9819
Epoch 145: Loss:            : Train 0.0040, Val 0.2340, Test 0.2305
          Accuracy         : Train 0.9998, Val 0.9736, Test 0.9778
Best:
          Accuracy         : Train 0.9982, Val 0.9861, Test 0.9819
Epoch 146: Loss:            : Train 0.0114, Val 0.2063, Test 0.1640
          Accuracy         : Train 0.9964, Val 0.9750, Test 0.9840
Best:
          Accuracy         : Train 0.9982, Val 0.9861, Test 0.9819
Epoch 147: Loss:            : Train 0.0034, Val 0.2119, Test 0.1578
          Accuracy         : Train 0.9990, Val 0.9778, Test 0.9847
Best:
          Accuracy         : Train 0.9982, Val 0.9861, Test 0.9819
Epoch 148: Loss:            : Train 0.0101, Val 0.2168, Test 0.1441
          Accuracy         : Train 0.9976, Val 0.9806, Test 0.9868
Best:
          Accuracy         : Train 0.9982, Val 0.9861, Test 0.9819
Epoch 149: Loss:            : Train 0.0140, Val 0.2192, Test 0.1723
          Accuracy         : Train 0.9984, Val 0.9750, Test 0.9798
Best:
          Accuracy         : Train 0.9982, Val 0.9861, Test 0.9819
Epoch 150: Loss:            : Train 0.0036, Val 0.1969, Test 0.1994
          Accuracy         : Train 0.9980, Val 0.9750, Test 0.9743
Best:
          Accuracy         : Train 0.9982, Val 0.9861, Test 0.9819
Epoch 151: Loss:            : Train 0.0067, Val 0.1706, Test 0.1416
          Accuracy         : Train 0.9976, Val 0.9750, Test 0.9805
Best:
          Accuracy         : Train 0.9982, Val 0.9861, Test 0.9819
Epoch 152: Loss:            : Train 0.0033, Val 0.1564, Test 0.1264
          Accuracy         : Train 0.9988, Val 0.9792, Test 0.9798
Best:
          Accuracy         : Train 0.9982, Val 0.9861, Test 0.9819
Epoch 153: Loss:            : Train 0.0079, Val 0.1506, Test 0.1286
          Accuracy         : Train 0.9978, Val 0.9792, Test 0.9868
Best:
          Accuracy         : Train 0.9982, Val 0.9861, Test 0.9819
Epoch 154: Loss:            : Train 0.0041, Val 0.1614, Test 0.1530
          Accuracy         : Train 0.9986, Val 0.9792, Test 0.9840
Best:
          Accuracy         : Train 0.9982, Val 0.9861, Test 0.9819
Epoch 155: Loss:            : Train 0.0016, Val 0.2242, Test 0.1841
          Accuracy         : Train 0.9992, Val 0.9722, Test 0.9785
Best:
          Accuracy         : Train 0.9982, Val 0.9861, Test 0.9819
Epoch 156: Loss:            : Train 0.0075, Val 0.1883, Test 0.1341
          Accuracy         : Train 0.9972, Val 0.9778, Test 0.9847
Best:
          Accuracy         : Train 0.9982, Val 0.9861, Test 0.9819
Epoch 157: Loss:            : Train 0.0021, Val 0.1972, Test 0.1266
          Accuracy         : Train 0.9994, Val 0.9778, Test 0.9812
Best:
          Accuracy         : Train 0.9982, Val 0.9861, Test 0.9819
Epoch 158: Loss:            : Train 0.0059, Val 0.1677, Test 0.1213
          Accuracy         : Train 0.9988, Val 0.9806, Test 0.9805
Best:
          Accuracy         : Train 0.9982, Val 0.9861, Test 0.9819
Epoch 159: Loss:            : Train 0.0013, Val 0.1765, Test 0.1167
          Accuracy         : Train 0.9992, Val 0.9847, Test 0.9868
Best:
          Accuracy         : Train 0.9982, Val 0.9861, Test 0.9819
Epoch 160: Loss:            : Train 0.0019, Val 0.1951, Test 0.1128
          Accuracy         : Train 0.9992, Val 0.9764, Test 0.9847
Best:
          Accuracy         : Train 0.9982, Val 0.9861, Test 0.9819
Epoch 161: Loss:            : Train 0.0034, Val 0.1920, Test 0.1169
          Accuracy         : Train 0.9986, Val 0.9806, Test 0.9847
Best:
          Accuracy         : Train 0.9982, Val 0.9861, Test 0.9819
Epoch 162: Loss:            : Train 0.0011, Val 0.2310, Test 0.1635
          Accuracy         : Train 1.0000, Val 0.9764, Test 0.9757
Best:
          Accuracy         : Train 0.9982, Val 0.9861, Test 0.9819
Epoch 163: Loss:            : Train 0.0080, Val 0.2126, Test 0.1037
          Accuracy         : Train 0.9972, Val 0.9778, Test 0.9840
Best:
          Accuracy         : Train 0.9982, Val 0.9861, Test 0.9819
Epoch 164: Loss:            : Train 0.0024, Val 0.2326, Test 0.1061
          Accuracy         : Train 0.9992, Val 0.9736, Test 0.9847
Best:
          Accuracy         : Train 0.9982, Val 0.9861, Test 0.9819
Epoch 165: Loss:            : Train 0.0052, Val 0.2122, Test 0.1278
          Accuracy         : Train 0.9984, Val 0.9806, Test 0.9854
Best:
          Accuracy         : Train 0.9982, Val 0.9861, Test 0.9819
Epoch 166: Loss:            : Train 0.0045, Val 0.2223, Test 0.1667
          Accuracy         : Train 0.9990, Val 0.9833, Test 0.9847
Best:
          Accuracy         : Train 0.9982, Val 0.9861, Test 0.9819
Epoch 167: Loss:            : Train 0.0037, Val 0.1962, Test 0.1572
          Accuracy         : Train 0.9990, Val 0.9819, Test 0.9826
Best:
          Accuracy         : Train 0.9982, Val 0.9861, Test 0.9819
Epoch 168: Loss:            : Train 0.0064, Val 0.1968, Test 0.1366
          Accuracy         : Train 0.9986, Val 0.9847, Test 0.9833
Best:
          Accuracy         : Train 0.9982, Val 0.9861, Test 0.9819
Epoch 169: Loss:            : Train 0.0009, Val 0.2165, Test 0.1308
          Accuracy         : Train 0.9998, Val 0.9806, Test 0.9833
Best:
          Accuracy         : Train 0.9982, Val 0.9861, Test 0.9819
Epoch 170: Loss:            : Train 0.0033, Val 0.2408, Test 0.1410
          Accuracy         : Train 0.9994, Val 0.9792, Test 0.9819
Best:
          Accuracy         : Train 0.9982, Val 0.9861, Test 0.9819
Epoch 171: Loss:            : Train 0.0041, Val 0.2188, Test 0.1505
          Accuracy         : Train 0.9988, Val 0.9819, Test 0.9805
Best:
          Accuracy         : Train 0.9982, Val 0.9861, Test 0.9819
Epoch 172: Loss:            : Train 0.0022, Val 0.1975, Test 0.1504
          Accuracy         : Train 0.9992, Val 0.9847, Test 0.9826
Best:
          Accuracy         : Train 0.9982, Val 0.9861, Test 0.9819
Epoch 173: Loss:            : Train 0.0007, Val 0.1936, Test 0.1489
          Accuracy         : Train 1.0000, Val 0.9847, Test 0.9840
Best:
          Accuracy         : Train 0.9982, Val 0.9861, Test 0.9819
Epoch 174: Loss:            : Train 0.0013, Val 0.1794, Test 0.1405
          Accuracy         : Train 0.9996, Val 0.9861, Test 0.9833
Best:
          Accuracy         : Train 0.9982, Val 0.9861, Test 0.9819
Epoch 175: Loss:            : Train 0.0012, Val 0.1817, Test 0.1372
          Accuracy         : Train 0.9998, Val 0.9833, Test 0.9826
Best:
          Accuracy         : Train 0.9982, Val 0.9861, Test 0.9819
Epoch 176: Loss:            : Train 0.0006, Val 0.1832, Test 0.1355
          Accuracy         : Train 0.9998, Val 0.9847, Test 0.9840
Best:
          Accuracy         : Train 0.9982, Val 0.9861, Test 0.9819
Epoch 177: Loss:            : Train 0.0005, Val 0.1981, Test 0.1439
          Accuracy         : Train 0.9998, Val 0.9819, Test 0.9847
Best:
          Accuracy         : Train 0.9982, Val 0.9861, Test 0.9819
Epoch 178: Loss:            : Train 0.0006, Val 0.2173, Test 0.1588
          Accuracy         : Train 0.9998, Val 0.9819, Test 0.9833
Best:
          Accuracy         : Train 0.9982, Val 0.9861, Test 0.9819
Epoch 179: Loss:            : Train 0.0006, Val 0.2052, Test 0.1518
          Accuracy         : Train 0.9998, Val 0.9778, Test 0.9833
Best:
          Accuracy         : Train 0.9982, Val 0.9861, Test 0.9819
Epoch 180: Loss:            : Train 0.0004, Val 0.2157, Test 0.1492
          Accuracy         : Train 1.0000, Val 0.9819, Test 0.9833
Best:
          Accuracy         : Train 0.9982, Val 0.9861, Test 0.9819
Epoch 181: Loss:            : Train 0.0009, Val 0.2432, Test 0.1616
          Accuracy         : Train 0.9994, Val 0.9819, Test 0.9819
Best:
          Accuracy         : Train 0.9982, Val 0.9861, Test 0.9819
Epoch 182: Loss:            : Train 0.0014, Val 0.2270, Test 0.1520
          Accuracy         : Train 0.9996, Val 0.9833, Test 0.9847
Best:
          Accuracy         : Train 0.9982, Val 0.9861, Test 0.9819
Epoch 183: Loss:            : Train 0.0004, Val 0.2437, Test 0.1689
          Accuracy         : Train 1.0000, Val 0.9833, Test 0.9826
Best:
          Accuracy         : Train 0.9982, Val 0.9861, Test 0.9819
Epoch 184: Loss:            : Train 0.0100, Val 0.2716, Test 0.1998
          Accuracy         : Train 0.9964, Val 0.9806, Test 0.9826
Best:
          Accuracy         : Train 0.9982, Val 0.9861, Test 0.9819
Epoch 185: Loss:            : Train 0.0073, Val 0.2468, Test 0.1801
          Accuracy         : Train 0.9974, Val 0.9819, Test 0.9840
Best:
          Accuracy         : Train 0.9982, Val 0.9861, Test 0.9819
Epoch 186: Loss:            : Train 0.0017, Val 0.2370, Test 0.1655
          Accuracy         : Train 0.9992, Val 0.9806, Test 0.9840
Best:
          Accuracy         : Train 0.9982, Val 0.9861, Test 0.9819
Epoch 187: Loss:            : Train 0.0097, Val 0.2223, Test 0.1503
          Accuracy         : Train 0.9984, Val 0.9861, Test 0.9847
Best:
          Accuracy         : Train 0.9982, Val 0.9861, Test 0.9819
Epoch 188: Loss:            : Train 0.0111, Val 0.2488, Test 0.1777
          Accuracy         : Train 0.9990, Val 0.9819, Test 0.9792
Best:
          Accuracy         : Train 0.9982, Val 0.9861, Test 0.9819
Epoch 189: Loss:            : Train 0.0073, Val 0.2331, Test 0.1415
          Accuracy         : Train 0.9980, Val 0.9847, Test 0.9847
Best:
          Accuracy         : Train 0.9982, Val 0.9861, Test 0.9819
Epoch 190: Loss:            : Train 0.0009, Val 0.2445, Test 0.1373
          Accuracy         : Train 0.9994, Val 0.9875, Test 0.9854
Best:
          Accuracy         : Train 0.9994, Val 0.9875, Test 0.9854
Epoch 191: Loss:            : Train 0.0007, Val 0.2562, Test 0.1379
          Accuracy         : Train 0.9998, Val 0.9861, Test 0.9840
Best:
          Accuracy         : Train 0.9994, Val 0.9875, Test 0.9854
Epoch 192: Loss:            : Train 0.0051, Val 0.2493, Test 0.1394
          Accuracy         : Train 0.9982, Val 0.9819, Test 0.9854
Best:
          Accuracy         : Train 0.9994, Val 0.9875, Test 0.9854
Epoch 193: Loss:            : Train 0.0024, Val 0.2388, Test 0.1404
          Accuracy         : Train 0.9994, Val 0.9819, Test 0.9854
Best:
          Accuracy         : Train 0.9994, Val 0.9875, Test 0.9854
Epoch 194: Loss:            : Train 0.0020, Val 0.2195, Test 0.1423
          Accuracy         : Train 0.9994, Val 0.9833, Test 0.9868
Best:
          Accuracy         : Train 0.9994, Val 0.9875, Test 0.9854
Epoch 195: Loss:            : Train 0.0037, Val 0.2313, Test 0.1536
          Accuracy         : Train 0.9994, Val 0.9792, Test 0.9826
Best:
          Accuracy         : Train 0.9994, Val 0.9875, Test 0.9854
Epoch 196: Loss:            : Train 0.0011, Val 0.2552, Test 0.1552
          Accuracy         : Train 0.9994, Val 0.9819, Test 0.9805
Best:
          Accuracy         : Train 0.9994, Val 0.9875, Test 0.9854
Epoch 197: Loss:            : Train 0.0017, Val 0.2787, Test 0.1580
          Accuracy         : Train 0.9994, Val 0.9833, Test 0.9854
Best:
          Accuracy         : Train 0.9994, Val 0.9875, Test 0.9854
Epoch 198: Loss:            : Train 0.0023, Val 0.2788, Test 0.1519
          Accuracy         : Train 0.9994, Val 0.9833, Test 0.9854
Best:
          Accuracy         : Train 0.9994, Val 0.9875, Test 0.9854
Epoch 199: Loss:            : Train 0.0010, Val 0.2689, Test 0.1410
          Accuracy         : Train 0.9994, Val 0.9861, Test 0.9847
Best:
          Accuracy         : Train 0.9994, Val 0.9875, Test 0.9854
Epoch 200: Loss:            : Train 0.0007, Val 0.2489, Test 0.1540
          Accuracy         : Train 0.9996, Val 0.9861, Test 0.9819
Best:
          Accuracy         : Train 0.9994, Val 0.9875, Test 0.9854
Training time (sec): 29
