Loading parties from cache
X got 38 dimensions
Splitting...
Loading data
Prepare for training
Start training
=================================================================
                     Kernel Shape Output Shape  Params  Mult-Adds
Layer                                                            
0_fc_layers.Linear_0    [38, 200]  [4096, 200]    7800       7600
1_fc_layers.Linear_1   [200, 100]  [4096, 100]   20100      20000
2_fc_layers.Linear_2    [100, 10]   [4096, 10]    1010       1000
-----------------------------------------------------------------
                      Totals
Total params           28910
Trainable params       28910
Non-trainable params       0
Mult-Adds              28600
=================================================================
n_classes=10
task=multi_cls
model_name=frog_all_noise_0.0_2022-02-07-22-17-46
sche_threshold=0.0001
sche_patience=10
sche_factor=0.1
use_scheduler=False
num_workers=4
device=cuda:2
test_batch_size=4096
train_batch_size=4096
learning_rate=0.03
weight_decay=0.001
num_epochs=200
model_save_path=ckp/frog_all_noise_0.0_2022-02-07-22-17-46.pth
test_rate=0.2
val_rate=0.2
multiprocess_context=fork
metrics=['accuracy']
metrics_f=[<metric.accuracy.Accuracy object at 0x7fe158d43310>]
hidden_sizes=[200, 100]
model=MLP(
  (fc_layers): ModuleList(
    (0): Linear(in_features=38, out_features=200, bias=True)
    (1): Linear(in_features=200, out_features=100, bias=True)
    (2): Linear(in_features=100, out_features=10, bias=True)
  )
)
writer=<torch.utils.tensorboard.writer.SummaryWriter object at 0x7fe158d435e0>
Epoch 1: Loss:            : Train 2.2780, Val 2.1949, Test 2.1968
          Accuracy         : Train 0.1255, Val 0.5347, Test 0.5219
Best:
          Accuracy         : Train 0.1255, Val 0.5347, Test 0.5219
Epoch 2: Loss:            : Train 2.1692, Val 2.0678, Test 2.0714
          Accuracy         : Train 0.5260, Val 0.4861, Test 0.4837
Best:
          Accuracy         : Train 0.1255, Val 0.5347, Test 0.5219
Epoch 3: Loss:            : Train 2.0268, Val 1.8895, Test 1.8956
          Accuracy         : Train 0.4829, Val 0.4861, Test 0.4837
Best:
          Accuracy         : Train 0.1255, Val 0.5347, Test 0.5219
Epoch 4: Loss:            : Train 1.8418, Val 1.6617, Test 1.6716
          Accuracy         : Train 0.4829, Val 0.4861, Test 0.4837
Best:
          Accuracy         : Train 0.1255, Val 0.5347, Test 0.5219
Epoch 5: Loss:            : Train 1.6274, Val 1.4331, Test 1.4479
          Accuracy         : Train 0.4829, Val 0.4861, Test 0.4837
Best:
          Accuracy         : Train 0.1255, Val 0.5347, Test 0.5219
Epoch 6: Loss:            : Train 1.4102, Val 1.2770, Test 1.2969
          Accuracy         : Train 0.4829, Val 0.4861, Test 0.4837
Best:
          Accuracy         : Train 0.1255, Val 0.5347, Test 0.5219
Epoch 7: Loss:            : Train 1.2794, Val 1.1951, Test 1.2173
          Accuracy         : Train 0.4829, Val 0.4958, Test 0.4906
Best:
          Accuracy         : Train 0.1255, Val 0.5347, Test 0.5219
Epoch 8: Loss:            : Train 1.2235, Val 1.0862, Test 1.1079
          Accuracy         : Train 0.4966, Val 0.5792, Test 0.5685
Best:
          Accuracy         : Train 0.4966, Val 0.5792, Test 0.5685
Epoch 9: Loss:            : Train 1.0824, Val 0.9613, Test 0.9823
          Accuracy         : Train 0.5776, Val 0.6625, Test 0.6685
Best:
          Accuracy         : Train 0.5776, Val 0.6625, Test 0.6685
Epoch 10: Loss:            : Train 0.9578, Val 0.8805, Test 0.8997
          Accuracy         : Train 0.6839, Val 0.8278, Test 0.8158
Best:
          Accuracy         : Train 0.6839, Val 0.8278, Test 0.8158
Epoch 11: Loss:            : Train 0.8898, Val 0.8117, Test 0.8258
          Accuracy         : Train 0.8163, Val 0.8375, Test 0.8297
Best:
          Accuracy         : Train 0.8163, Val 0.8375, Test 0.8297
Epoch 12: Loss:            : Train 0.8095, Val 0.7352, Test 0.7427
          Accuracy         : Train 0.8264, Val 0.8375, Test 0.8263
Best:
          Accuracy         : Train 0.8163, Val 0.8375, Test 0.8297
Epoch 13: Loss:            : Train 0.7269, Val 0.6636, Test 0.6661
          Accuracy         : Train 0.8276, Val 0.8292, Test 0.8131
Best:
          Accuracy         : Train 0.8163, Val 0.8375, Test 0.8297
Epoch 14: Loss:            : Train 0.6644, Val 0.5964, Test 0.5964
          Accuracy         : Train 0.8203, Val 0.8389, Test 0.8256
Best:
          Accuracy         : Train 0.8203, Val 0.8389, Test 0.8256
Epoch 15: Loss:            : Train 0.5845, Val 0.5334, Test 0.5301
          Accuracy         : Train 0.8282, Val 0.8542, Test 0.8443
Best:
          Accuracy         : Train 0.8282, Val 0.8542, Test 0.8443
Epoch 16: Loss:            : Train 0.4936, Val 0.4784, Test 0.4708
          Accuracy         : Train 0.8457, Val 0.8653, Test 0.8541
Best:
          Accuracy         : Train 0.8457, Val 0.8653, Test 0.8541
Epoch 17: Loss:            : Train 0.4638, Val 0.4345, Test 0.4245
          Accuracy         : Train 0.8523, Val 0.8736, Test 0.8694
Best:
          Accuracy         : Train 0.8523, Val 0.8736, Test 0.8694
Epoch 18: Loss:            : Train 0.4018, Val 0.3969, Test 0.3894
          Accuracy         : Train 0.8709, Val 0.8986, Test 0.8895
Best:
          Accuracy         : Train 0.8709, Val 0.8986, Test 0.8895
Epoch 19: Loss:            : Train 0.3528, Val 0.3579, Test 0.3509
          Accuracy         : Train 0.9027, Val 0.9083, Test 0.8972
Best:
          Accuracy         : Train 0.9027, Val 0.9083, Test 0.8972
Epoch 20: Loss:            : Train 0.3294, Val 0.3275, Test 0.3141
          Accuracy         : Train 0.9134, Val 0.9181, Test 0.9131
Best:
          Accuracy         : Train 0.9134, Val 0.9181, Test 0.9131
Epoch 21: Loss:            : Train 0.2762, Val 0.3026, Test 0.2864
          Accuracy         : Train 0.9237, Val 0.9236, Test 0.9145
Best:
          Accuracy         : Train 0.9237, Val 0.9236, Test 0.9145
Epoch 22: Loss:            : Train 0.2418, Val 0.2877, Test 0.2716
          Accuracy         : Train 0.9333, Val 0.9236, Test 0.9236
Best:
          Accuracy         : Train 0.9237, Val 0.9236, Test 0.9145
Epoch 23: Loss:            : Train 0.2388, Val 0.2795, Test 0.2555
          Accuracy         : Train 0.9396, Val 0.9292, Test 0.9361
Best:
          Accuracy         : Train 0.9396, Val 0.9292, Test 0.9361
Epoch 24: Loss:            : Train 0.1953, Val 0.2692, Test 0.2425
          Accuracy         : Train 0.9446, Val 0.9347, Test 0.9465
Best:
          Accuracy         : Train 0.9446, Val 0.9347, Test 0.9465
Epoch 25: Loss:            : Train 0.1942, Val 0.2535, Test 0.2368
          Accuracy         : Train 0.9565, Val 0.9361, Test 0.9458
Best:
          Accuracy         : Train 0.9565, Val 0.9361, Test 0.9458
Epoch 26: Loss:            : Train 0.1669, Val 0.2443, Test 0.2395
          Accuracy         : Train 0.9569, Val 0.9403, Test 0.9395
Best:
          Accuracy         : Train 0.9569, Val 0.9403, Test 0.9395
Epoch 27: Loss:            : Train 0.1703, Val 0.2387, Test 0.2305
          Accuracy         : Train 0.9565, Val 0.9375, Test 0.9465
Best:
          Accuracy         : Train 0.9569, Val 0.9403, Test 0.9395
Epoch 28: Loss:            : Train 0.1585, Val 0.2277, Test 0.2182
          Accuracy         : Train 0.9605, Val 0.9444, Test 0.9507
Best:
          Accuracy         : Train 0.9605, Val 0.9444, Test 0.9507
Epoch 29: Loss:            : Train 0.1456, Val 0.2218, Test 0.2159
          Accuracy         : Train 0.9607, Val 0.9403, Test 0.9507
Best:
          Accuracy         : Train 0.9605, Val 0.9444, Test 0.9507
Epoch 30: Loss:            : Train 0.1511, Val 0.2222, Test 0.2146
          Accuracy         : Train 0.9633, Val 0.9417, Test 0.9465
Best:
          Accuracy         : Train 0.9605, Val 0.9444, Test 0.9507
Epoch 31: Loss:            : Train 0.1419, Val 0.2199, Test 0.2165
          Accuracy         : Train 0.9654, Val 0.9458, Test 0.9423
Best:
          Accuracy         : Train 0.9654, Val 0.9458, Test 0.9423
Epoch 32: Loss:            : Train 0.1229, Val 0.1930, Test 0.1851
          Accuracy         : Train 0.9674, Val 0.9444, Test 0.9541
Best:
          Accuracy         : Train 0.9654, Val 0.9458, Test 0.9423
Epoch 33: Loss:            : Train 0.1140, Val 0.1837, Test 0.1754
          Accuracy         : Train 0.9680, Val 0.9556, Test 0.9534
Best:
          Accuracy         : Train 0.9680, Val 0.9556, Test 0.9534
Epoch 34: Loss:            : Train 0.1116, Val 0.1747, Test 0.1695
          Accuracy         : Train 0.9716, Val 0.9472, Test 0.9548
Best:
          Accuracy         : Train 0.9680, Val 0.9556, Test 0.9534
Epoch 35: Loss:            : Train 0.0961, Val 0.1693, Test 0.1638
          Accuracy         : Train 0.9716, Val 0.9569, Test 0.9576
Best:
          Accuracy         : Train 0.9716, Val 0.9569, Test 0.9576
Epoch 36: Loss:            : Train 0.0944, Val 0.1561, Test 0.1522
          Accuracy         : Train 0.9726, Val 0.9611, Test 0.9569
Best:
          Accuracy         : Train 0.9726, Val 0.9611, Test 0.9569
Epoch 37: Loss:            : Train 0.0813, Val 0.1495, Test 0.1290
          Accuracy         : Train 0.9744, Val 0.9597, Test 0.9659
Best:
          Accuracy         : Train 0.9726, Val 0.9611, Test 0.9569
Epoch 38: Loss:            : Train 0.0748, Val 0.1421, Test 0.1317
          Accuracy         : Train 0.9782, Val 0.9611, Test 0.9659
Best:
          Accuracy         : Train 0.9726, Val 0.9611, Test 0.9569
Epoch 39: Loss:            : Train 0.0715, Val 0.1336, Test 0.1286
          Accuracy         : Train 0.9795, Val 0.9639, Test 0.9611
Best:
          Accuracy         : Train 0.9795, Val 0.9639, Test 0.9611
Epoch 40: Loss:            : Train 0.0698, Val 0.1225, Test 0.1111
          Accuracy         : Train 0.9807, Val 0.9625, Test 0.9694
Best:
          Accuracy         : Train 0.9795, Val 0.9639, Test 0.9611
Epoch 41: Loss:            : Train 0.0698, Val 0.1283, Test 0.1162
          Accuracy         : Train 0.9843, Val 0.9681, Test 0.9694
Best:
          Accuracy         : Train 0.9843, Val 0.9681, Test 0.9694
Epoch 42: Loss:            : Train 0.0521, Val 0.1071, Test 0.1097
          Accuracy         : Train 0.9853, Val 0.9681, Test 0.9715
Best:
          Accuracy         : Train 0.9843, Val 0.9681, Test 0.9694
Epoch 43: Loss:            : Train 0.0596, Val 0.1676, Test 0.1601
          Accuracy         : Train 0.9847, Val 0.9556, Test 0.9618
Best:
          Accuracy         : Train 0.9843, Val 0.9681, Test 0.9694
Epoch 44: Loss:            : Train 0.0791, Val 0.1359, Test 0.1615
          Accuracy         : Train 0.9784, Val 0.9667, Test 0.9632
Best:
          Accuracy         : Train 0.9843, Val 0.9681, Test 0.9694
Epoch 45: Loss:            : Train 0.0789, Val 0.1201, Test 0.1052
          Accuracy         : Train 0.9799, Val 0.9708, Test 0.9750
Best:
          Accuracy         : Train 0.9799, Val 0.9708, Test 0.9750
Epoch 46: Loss:            : Train 0.1115, Val 0.1031, Test 0.0979
          Accuracy         : Train 0.9772, Val 0.9708, Test 0.9715
Best:
          Accuracy         : Train 0.9799, Val 0.9708, Test 0.9750
Epoch 47: Loss:            : Train 0.1039, Val 0.2600, Test 0.3286
          Accuracy         : Train 0.9857, Val 0.9458, Test 0.9493
Best:
          Accuracy         : Train 0.9799, Val 0.9708, Test 0.9750
Epoch 48: Loss:            : Train 0.2421, Val 0.2027, Test 0.2434
          Accuracy         : Train 0.9660, Val 0.9528, Test 0.9569
Best:
          Accuracy         : Train 0.9799, Val 0.9708, Test 0.9750
Epoch 49: Loss:            : Train 0.1299, Val 0.1147, Test 0.1113
          Accuracy         : Train 0.9772, Val 0.9681, Test 0.9701
Best:
          Accuracy         : Train 0.9799, Val 0.9708, Test 0.9750
Epoch 50: Loss:            : Train 0.0645, Val 0.1795, Test 0.1500
          Accuracy         : Train 0.9829, Val 0.9639, Test 0.9625
Best:
          Accuracy         : Train 0.9799, Val 0.9708, Test 0.9750
Epoch 51: Loss:            : Train 0.1002, Val 0.1437, Test 0.1287
          Accuracy         : Train 0.9734, Val 0.9639, Test 0.9729
Best:
          Accuracy         : Train 0.9799, Val 0.9708, Test 0.9750
Epoch 52: Loss:            : Train 0.0628, Val 0.1325, Test 0.1316
          Accuracy         : Train 0.9843, Val 0.9597, Test 0.9715
Best:
          Accuracy         : Train 0.9799, Val 0.9708, Test 0.9750
Epoch 53: Loss:            : Train 0.0597, Val 0.1504, Test 0.1392
          Accuracy         : Train 0.9841, Val 0.9639, Test 0.9659
Best:
          Accuracy         : Train 0.9799, Val 0.9708, Test 0.9750
Epoch 54: Loss:            : Train 0.0566, Val 0.1304, Test 0.1227
          Accuracy         : Train 0.9853, Val 0.9708, Test 0.9708
Best:
          Accuracy         : Train 0.9799, Val 0.9708, Test 0.9750
Epoch 55: Loss:            : Train 0.0496, Val 0.1121, Test 0.0973
          Accuracy         : Train 0.9863, Val 0.9778, Test 0.9792
Best:
          Accuracy         : Train 0.9863, Val 0.9778, Test 0.9792
Epoch 56: Loss:            : Train 0.0414, Val 0.1308, Test 0.1080
          Accuracy         : Train 0.9901, Val 0.9708, Test 0.9743
Best:
          Accuracy         : Train 0.9863, Val 0.9778, Test 0.9792
Epoch 57: Loss:            : Train 0.0358, Val 0.1268, Test 0.1102
          Accuracy         : Train 0.9885, Val 0.9708, Test 0.9715
Best:
          Accuracy         : Train 0.9863, Val 0.9778, Test 0.9792
Epoch 58: Loss:            : Train 0.0476, Val 0.1038, Test 0.1084
          Accuracy         : Train 0.9887, Val 0.9778, Test 0.9708
Best:
          Accuracy         : Train 0.9863, Val 0.9778, Test 0.9792
Epoch 59: Loss:            : Train 0.0333, Val 0.0893, Test 0.0974
          Accuracy         : Train 0.9881, Val 0.9792, Test 0.9729
Best:
          Accuracy         : Train 0.9881, Val 0.9792, Test 0.9729
Epoch 60: Loss:            : Train 0.0367, Val 0.1045, Test 0.0964
          Accuracy         : Train 0.9887, Val 0.9750, Test 0.9743
Best:
          Accuracy         : Train 0.9881, Val 0.9792, Test 0.9729
Epoch 61: Loss:            : Train 0.0319, Val 0.1184, Test 0.1160
          Accuracy         : Train 0.9921, Val 0.9722, Test 0.9764
Best:
          Accuracy         : Train 0.9881, Val 0.9792, Test 0.9729
Epoch 62: Loss:            : Train 0.0285, Val 0.1037, Test 0.0972
          Accuracy         : Train 0.9907, Val 0.9792, Test 0.9778
Best:
          Accuracy         : Train 0.9881, Val 0.9792, Test 0.9729
Epoch 63: Loss:            : Train 0.0216, Val 0.1003, Test 0.0911
          Accuracy         : Train 0.9927, Val 0.9792, Test 0.9778
Best:
          Accuracy         : Train 0.9881, Val 0.9792, Test 0.9729
Epoch 64: Loss:            : Train 0.0263, Val 0.0931, Test 0.0855
          Accuracy         : Train 0.9915, Val 0.9819, Test 0.9757
Best:
          Accuracy         : Train 0.9915, Val 0.9819, Test 0.9757
Epoch 65: Loss:            : Train 0.0187, Val 0.1333, Test 0.1233
          Accuracy         : Train 0.9950, Val 0.9708, Test 0.9715
Best:
          Accuracy         : Train 0.9915, Val 0.9819, Test 0.9757
Epoch 66: Loss:            : Train 0.0221, Val 0.1107, Test 0.1145
          Accuracy         : Train 0.9934, Val 0.9736, Test 0.9736
Best:
          Accuracy         : Train 0.9915, Val 0.9819, Test 0.9757
Epoch 67: Loss:            : Train 0.0179, Val 0.0852, Test 0.0752
          Accuracy         : Train 0.9936, Val 0.9792, Test 0.9805
Best:
          Accuracy         : Train 0.9915, Val 0.9819, Test 0.9757
Epoch 68: Loss:            : Train 0.0128, Val 0.0947, Test 0.0819
          Accuracy         : Train 0.9954, Val 0.9792, Test 0.9819
Best:
          Accuracy         : Train 0.9915, Val 0.9819, Test 0.9757
Epoch 69: Loss:            : Train 0.0121, Val 0.1076, Test 0.0939
          Accuracy         : Train 0.9966, Val 0.9792, Test 0.9764
Best:
          Accuracy         : Train 0.9915, Val 0.9819, Test 0.9757
Epoch 70: Loss:            : Train 0.0139, Val 0.1461, Test 0.1165
          Accuracy         : Train 0.9954, Val 0.9750, Test 0.9778
Best:
          Accuracy         : Train 0.9915, Val 0.9819, Test 0.9757
Epoch 71: Loss:            : Train 0.0105, Val 0.1118, Test 0.1057
          Accuracy         : Train 0.9970, Val 0.9750, Test 0.9764
Best:
          Accuracy         : Train 0.9915, Val 0.9819, Test 0.9757
Epoch 72: Loss:            : Train 0.0104, Val 0.1371, Test 0.1294
          Accuracy         : Train 0.9956, Val 0.9722, Test 0.9778
Best:
          Accuracy         : Train 0.9915, Val 0.9819, Test 0.9757
Epoch 73: Loss:            : Train 0.0185, Val 0.1361, Test 0.1430
          Accuracy         : Train 0.9923, Val 0.9722, Test 0.9750
Best:
          Accuracy         : Train 0.9915, Val 0.9819, Test 0.9757
Epoch 74: Loss:            : Train 0.0135, Val 0.1583, Test 0.1437
          Accuracy         : Train 0.9946, Val 0.9722, Test 0.9750
Best:
          Accuracy         : Train 0.9915, Val 0.9819, Test 0.9757
Epoch 75: Loss:            : Train 0.0125, Val 0.1176, Test 0.1190
          Accuracy         : Train 0.9958, Val 0.9847, Test 0.9750
Best:
          Accuracy         : Train 0.9958, Val 0.9847, Test 0.9750
Epoch 76: Loss:            : Train 0.0097, Val 0.1245, Test 0.1085
          Accuracy         : Train 0.9964, Val 0.9792, Test 0.9771
Best:
          Accuracy         : Train 0.9958, Val 0.9847, Test 0.9750
Epoch 77: Loss:            : Train 0.0130, Val 0.1224, Test 0.1067
          Accuracy         : Train 0.9952, Val 0.9806, Test 0.9798
Best:
          Accuracy         : Train 0.9958, Val 0.9847, Test 0.9750
Epoch 78: Loss:            : Train 0.0123, Val 0.1545, Test 0.1427
          Accuracy         : Train 0.9956, Val 0.9736, Test 0.9764
Best:
          Accuracy         : Train 0.9958, Val 0.9847, Test 0.9750
Epoch 79: Loss:            : Train 0.0142, Val 0.1370, Test 0.1412
          Accuracy         : Train 0.9964, Val 0.9778, Test 0.9743
Best:
          Accuracy         : Train 0.9958, Val 0.9847, Test 0.9750
Epoch 80: Loss:            : Train 0.0069, Val 0.1481, Test 0.1202
          Accuracy         : Train 0.9972, Val 0.9736, Test 0.9757
Best:
          Accuracy         : Train 0.9958, Val 0.9847, Test 0.9750
Epoch 81: Loss:            : Train 0.0144, Val 0.1196, Test 0.0987
          Accuracy         : Train 0.9940, Val 0.9722, Test 0.9757
Best:
          Accuracy         : Train 0.9958, Val 0.9847, Test 0.9750
Epoch 82: Loss:            : Train 0.0111, Val 0.1500, Test 0.1255
          Accuracy         : Train 0.9960, Val 0.9778, Test 0.9778
Best:
          Accuracy         : Train 0.9958, Val 0.9847, Test 0.9750
Epoch 83: Loss:            : Train 0.0115, Val 0.1429, Test 0.1337
          Accuracy         : Train 0.9964, Val 0.9778, Test 0.9750
Best:
          Accuracy         : Train 0.9958, Val 0.9847, Test 0.9750
Epoch 84: Loss:            : Train 0.0079, Val 0.1113, Test 0.0856
          Accuracy         : Train 0.9956, Val 0.9792, Test 0.9819
Best:
          Accuracy         : Train 0.9958, Val 0.9847, Test 0.9750
Epoch 85: Loss:            : Train 0.0147, Val 0.1324, Test 0.0825
          Accuracy         : Train 0.9956, Val 0.9778, Test 0.9819
Best:
          Accuracy         : Train 0.9958, Val 0.9847, Test 0.9750
Epoch 86: Loss:            : Train 0.0058, Val 0.1736, Test 0.1842
          Accuracy         : Train 0.9986, Val 0.9750, Test 0.9736
Best:
          Accuracy         : Train 0.9958, Val 0.9847, Test 0.9750
Epoch 87: Loss:            : Train 0.0177, Val 0.1328, Test 0.0894
          Accuracy         : Train 0.9932, Val 0.9792, Test 0.9847
Best:
          Accuracy         : Train 0.9958, Val 0.9847, Test 0.9750
Epoch 88: Loss:            : Train 0.0137, Val 0.1337, Test 0.0989
          Accuracy         : Train 0.9968, Val 0.9764, Test 0.9812
Best:
          Accuracy         : Train 0.9958, Val 0.9847, Test 0.9750
Epoch 89: Loss:            : Train 0.0074, Val 0.1673, Test 0.1429
          Accuracy         : Train 0.9976, Val 0.9736, Test 0.9764
Best:
          Accuracy         : Train 0.9958, Val 0.9847, Test 0.9750
Epoch 90: Loss:            : Train 0.0116, Val 0.1261, Test 0.1065
          Accuracy         : Train 0.9958, Val 0.9778, Test 0.9792
Best:
          Accuracy         : Train 0.9958, Val 0.9847, Test 0.9750
Epoch 91: Loss:            : Train 0.0081, Val 0.1336, Test 0.0997
          Accuracy         : Train 0.9984, Val 0.9833, Test 0.9840
Best:
          Accuracy         : Train 0.9958, Val 0.9847, Test 0.9750
Epoch 92: Loss:            : Train 0.0076, Val 0.1428, Test 0.1150
          Accuracy         : Train 0.9978, Val 0.9736, Test 0.9792
Best:
          Accuracy         : Train 0.9958, Val 0.9847, Test 0.9750
Epoch 93: Loss:            : Train 0.0052, Val 0.1625, Test 0.1210
          Accuracy         : Train 0.9976, Val 0.9750, Test 0.9792
Best:
          Accuracy         : Train 0.9958, Val 0.9847, Test 0.9750
Epoch 94: Loss:            : Train 0.0059, Val 0.1653, Test 0.1137
          Accuracy         : Train 0.9964, Val 0.9778, Test 0.9819
Best:
          Accuracy         : Train 0.9958, Val 0.9847, Test 0.9750
Epoch 95: Loss:            : Train 0.0074, Val 0.1483, Test 0.1021
          Accuracy         : Train 0.9986, Val 0.9819, Test 0.9840
Best:
          Accuracy         : Train 0.9958, Val 0.9847, Test 0.9750
Epoch 96: Loss:            : Train 0.0037, Val 0.1265, Test 0.0891
          Accuracy         : Train 0.9992, Val 0.9792, Test 0.9840
Best:
          Accuracy         : Train 0.9958, Val 0.9847, Test 0.9750
Epoch 97: Loss:            : Train 0.0046, Val 0.1390, Test 0.1114
          Accuracy         : Train 0.9984, Val 0.9792, Test 0.9805
Best:
          Accuracy         : Train 0.9958, Val 0.9847, Test 0.9750
Epoch 98: Loss:            : Train 0.0053, Val 0.1240, Test 0.1109
          Accuracy         : Train 0.9986, Val 0.9806, Test 0.9778
Best:
          Accuracy         : Train 0.9958, Val 0.9847, Test 0.9750
Epoch 99: Loss:            : Train 0.0018, Val 0.1047, Test 0.1116
          Accuracy         : Train 0.9996, Val 0.9819, Test 0.9805
Best:
          Accuracy         : Train 0.9958, Val 0.9847, Test 0.9750
Epoch 100: Loss:            : Train 0.0052, Val 0.1357, Test 0.1055
          Accuracy         : Train 0.9976, Val 0.9861, Test 0.9833
Best:
          Accuracy         : Train 0.9976, Val 0.9861, Test 0.9833
Epoch 101: Loss:            : Train 0.0042, Val 0.1695, Test 0.1135
          Accuracy         : Train 0.9992, Val 0.9819, Test 0.9798
Best:
          Accuracy         : Train 0.9976, Val 0.9861, Test 0.9833
Epoch 102: Loss:            : Train 0.0051, Val 0.1842, Test 0.1298
          Accuracy         : Train 0.9992, Val 0.9778, Test 0.9792
Best:
          Accuracy         : Train 0.9976, Val 0.9861, Test 0.9833
Epoch 103: Loss:            : Train 0.0128, Val 0.1863, Test 0.1231
          Accuracy         : Train 0.9984, Val 0.9806, Test 0.9798
Best:
          Accuracy         : Train 0.9976, Val 0.9861, Test 0.9833
Epoch 104: Loss:            : Train 0.0093, Val 0.1725, Test 0.1214
          Accuracy         : Train 0.9992, Val 0.9792, Test 0.9812
Best:
          Accuracy         : Train 0.9976, Val 0.9861, Test 0.9833
Epoch 105: Loss:            : Train 0.0049, Val 0.1507, Test 0.1151
          Accuracy         : Train 0.9978, Val 0.9806, Test 0.9819
Best:
          Accuracy         : Train 0.9976, Val 0.9861, Test 0.9833
Epoch 106: Loss:            : Train 0.0130, Val 0.1436, Test 0.1088
          Accuracy         : Train 0.9952, Val 0.9819, Test 0.9826
Best:
          Accuracy         : Train 0.9976, Val 0.9861, Test 0.9833
Epoch 107: Loss:            : Train 0.0017, Val 0.2270, Test 0.1765
          Accuracy         : Train 0.9996, Val 0.9722, Test 0.9722
Best:
          Accuracy         : Train 0.9976, Val 0.9861, Test 0.9833
Epoch 108: Loss:            : Train 0.0089, Val 0.1775, Test 0.1122
          Accuracy         : Train 0.9950, Val 0.9806, Test 0.9819
Best:
          Accuracy         : Train 0.9976, Val 0.9861, Test 0.9833
Epoch 109: Loss:            : Train 0.0089, Val 0.1854, Test 0.0993
          Accuracy         : Train 0.9976, Val 0.9819, Test 0.9833
Best:
          Accuracy         : Train 0.9976, Val 0.9861, Test 0.9833
Epoch 110: Loss:            : Train 0.0099, Val 0.1741, Test 0.0987
          Accuracy         : Train 0.9986, Val 0.9806, Test 0.9819
Best:
          Accuracy         : Train 0.9976, Val 0.9861, Test 0.9833
Epoch 111: Loss:            : Train 0.0140, Val 0.1602, Test 0.1068
          Accuracy         : Train 0.9994, Val 0.9778, Test 0.9826
Best:
          Accuracy         : Train 0.9976, Val 0.9861, Test 0.9833
Epoch 112: Loss:            : Train 0.0062, Val 0.1673, Test 0.1205
          Accuracy         : Train 0.9988, Val 0.9736, Test 0.9792
Best:
          Accuracy         : Train 0.9976, Val 0.9861, Test 0.9833
Epoch 113: Loss:            : Train 0.0047, Val 0.1478, Test 0.0803
          Accuracy         : Train 0.9978, Val 0.9806, Test 0.9833
Best:
          Accuracy         : Train 0.9976, Val 0.9861, Test 0.9833
Epoch 114: Loss:            : Train 0.0107, Val 0.1516, Test 0.0829
          Accuracy         : Train 0.9982, Val 0.9806, Test 0.9826
Best:
          Accuracy         : Train 0.9976, Val 0.9861, Test 0.9833
Epoch 115: Loss:            : Train 0.0055, Val 0.1507, Test 0.1020
          Accuracy         : Train 0.9994, Val 0.9764, Test 0.9833
Best:
          Accuracy         : Train 0.9976, Val 0.9861, Test 0.9833
Epoch 116: Loss:            : Train 0.0023, Val 0.1709, Test 0.1292
          Accuracy         : Train 0.9998, Val 0.9778, Test 0.9778
Best:
          Accuracy         : Train 0.9976, Val 0.9861, Test 0.9833
Epoch 117: Loss:            : Train 0.0088, Val 0.2077, Test 0.1297
          Accuracy         : Train 0.9966, Val 0.9750, Test 0.9792
Best:
          Accuracy         : Train 0.9976, Val 0.9861, Test 0.9833
Epoch 118: Loss:            : Train 0.0071, Val 0.1576, Test 0.1130
          Accuracy         : Train 0.9972, Val 0.9819, Test 0.9812
Best:
          Accuracy         : Train 0.9976, Val 0.9861, Test 0.9833
Epoch 119: Loss:            : Train 0.0143, Val 0.1533, Test 0.1013
          Accuracy         : Train 0.9964, Val 0.9792, Test 0.9798
Best:
          Accuracy         : Train 0.9976, Val 0.9861, Test 0.9833
Epoch 120: Loss:            : Train 0.0095, Val 0.1633, Test 0.1168
          Accuracy         : Train 0.9990, Val 0.9750, Test 0.9792
Best:
          Accuracy         : Train 0.9976, Val 0.9861, Test 0.9833
Epoch 121: Loss:            : Train 0.0041, Val 0.1342, Test 0.0940
          Accuracy         : Train 0.9992, Val 0.9778, Test 0.9798
Best:
          Accuracy         : Train 0.9976, Val 0.9861, Test 0.9833
Epoch 122: Loss:            : Train 0.0051, Val 0.1453, Test 0.0907
          Accuracy         : Train 0.9978, Val 0.9806, Test 0.9840
Best:
          Accuracy         : Train 0.9976, Val 0.9861, Test 0.9833
Epoch 123: Loss:            : Train 0.0037, Val 0.1353, Test 0.0908
          Accuracy         : Train 0.9996, Val 0.9861, Test 0.9854
Best:
          Accuracy         : Train 0.9976, Val 0.9861, Test 0.9833
Epoch 124: Loss:            : Train 0.0027, Val 0.1152, Test 0.0728
          Accuracy         : Train 0.9992, Val 0.9875, Test 0.9847
Best:
          Accuracy         : Train 0.9992, Val 0.9875, Test 0.9847
Epoch 125: Loss:            : Train 0.0058, Val 0.1210, Test 0.0857
          Accuracy         : Train 0.9988, Val 0.9847, Test 0.9868
Best:
          Accuracy         : Train 0.9992, Val 0.9875, Test 0.9847
Epoch 126: Loss:            : Train 0.0047, Val 0.1574, Test 0.1149
          Accuracy         : Train 0.9994, Val 0.9847, Test 0.9833
Best:
          Accuracy         : Train 0.9992, Val 0.9875, Test 0.9847
Epoch 127: Loss:            : Train 0.0026, Val 0.1878, Test 0.0924
          Accuracy         : Train 0.9994, Val 0.9806, Test 0.9847
Best:
          Accuracy         : Train 0.9992, Val 0.9875, Test 0.9847
Epoch 128: Loss:            : Train 0.0033, Val 0.1719, Test 0.0961
          Accuracy         : Train 0.9988, Val 0.9778, Test 0.9840
Best:
          Accuracy         : Train 0.9992, Val 0.9875, Test 0.9847
Epoch 129: Loss:            : Train 0.0046, Val 0.1725, Test 0.1023
          Accuracy         : Train 0.9990, Val 0.9792, Test 0.9840
Best:
          Accuracy         : Train 0.9992, Val 0.9875, Test 0.9847
Epoch 130: Loss:            : Train 0.0007, Val 0.2605, Test 0.1520
          Accuracy         : Train 0.9996, Val 0.9694, Test 0.9722
Best:
          Accuracy         : Train 0.9992, Val 0.9875, Test 0.9847
Epoch 131: Loss:            : Train 0.0090, Val 0.1852, Test 0.1231
          Accuracy         : Train 0.9966, Val 0.9792, Test 0.9826
Best:
          Accuracy         : Train 0.9992, Val 0.9875, Test 0.9847
Epoch 132: Loss:            : Train 0.0154, Val 0.1974, Test 0.1178
          Accuracy         : Train 0.9978, Val 0.9792, Test 0.9812
Best:
          Accuracy         : Train 0.9992, Val 0.9875, Test 0.9847
Epoch 133: Loss:            : Train 0.0026, Val 0.1965, Test 0.1076
          Accuracy         : Train 0.9988, Val 0.9778, Test 0.9798
Best:
          Accuracy         : Train 0.9992, Val 0.9875, Test 0.9847
Epoch 134: Loss:            : Train 0.0183, Val 0.2014, Test 0.1045
          Accuracy         : Train 0.9972, Val 0.9764, Test 0.9805
Best:
          Accuracy         : Train 0.9992, Val 0.9875, Test 0.9847
Epoch 135: Loss:            : Train 0.0037, Val 0.1911, Test 0.1089
          Accuracy         : Train 0.9984, Val 0.9806, Test 0.9812
Best:
          Accuracy         : Train 0.9992, Val 0.9875, Test 0.9847
Epoch 136: Loss:            : Train 0.0026, Val 0.2291, Test 0.1540
          Accuracy         : Train 0.9998, Val 0.9778, Test 0.9778
Best:
          Accuracy         : Train 0.9992, Val 0.9875, Test 0.9847
Epoch 137: Loss:            : Train 0.0068, Val 0.2258, Test 0.1537
          Accuracy         : Train 0.9976, Val 0.9764, Test 0.9785
Best:
          Accuracy         : Train 0.9992, Val 0.9875, Test 0.9847
Epoch 138: Loss:            : Train 0.0048, Val 0.2084, Test 0.1183
          Accuracy         : Train 0.9984, Val 0.9764, Test 0.9812
Best:
          Accuracy         : Train 0.9992, Val 0.9875, Test 0.9847
Epoch 139: Loss:            : Train 0.0044, Val 0.2111, Test 0.1184
          Accuracy         : Train 0.9990, Val 0.9764, Test 0.9812
Best:
          Accuracy         : Train 0.9992, Val 0.9875, Test 0.9847
Epoch 140: Loss:            : Train 0.0034, Val 0.2250, Test 0.1316
          Accuracy         : Train 0.9996, Val 0.9764, Test 0.9819
Best:
          Accuracy         : Train 0.9992, Val 0.9875, Test 0.9847
Epoch 141: Loss:            : Train 0.0023, Val 0.2209, Test 0.1351
          Accuracy         : Train 0.9996, Val 0.9778, Test 0.9812
Best:
          Accuracy         : Train 0.9992, Val 0.9875, Test 0.9847
Epoch 142: Loss:            : Train 0.0042, Val 0.2037, Test 0.1161
          Accuracy         : Train 0.9982, Val 0.9819, Test 0.9854
Best:
          Accuracy         : Train 0.9992, Val 0.9875, Test 0.9847
Epoch 143: Loss:            : Train 0.0024, Val 0.2203, Test 0.1282
          Accuracy         : Train 0.9996, Val 0.9819, Test 0.9826
Best:
          Accuracy         : Train 0.9992, Val 0.9875, Test 0.9847
Epoch 144: Loss:            : Train 0.0045, Val 0.2213, Test 0.1195
          Accuracy         : Train 0.9978, Val 0.9764, Test 0.9847
Best:
          Accuracy         : Train 0.9992, Val 0.9875, Test 0.9847
Epoch 145: Loss:            : Train 0.0010, Val 0.2604, Test 0.1517
          Accuracy         : Train 0.9998, Val 0.9792, Test 0.9819
Best:
          Accuracy         : Train 0.9992, Val 0.9875, Test 0.9847
Epoch 146: Loss:            : Train 0.0058, Val 0.2350, Test 0.1591
          Accuracy         : Train 0.9978, Val 0.9736, Test 0.9778
Best:
          Accuracy         : Train 0.9992, Val 0.9875, Test 0.9847
Epoch 147: Loss:            : Train 0.0135, Val 0.1957, Test 0.1100
          Accuracy         : Train 0.9976, Val 0.9819, Test 0.9847
Best:
          Accuracy         : Train 0.9992, Val 0.9875, Test 0.9847
Epoch 148: Loss:            : Train 0.0068, Val 0.2446, Test 0.1476
          Accuracy         : Train 0.9996, Val 0.9722, Test 0.9778
Best:
          Accuracy         : Train 0.9992, Val 0.9875, Test 0.9847
Epoch 149: Loss:            : Train 0.0130, Val 0.2346, Test 0.1501
          Accuracy         : Train 0.9962, Val 0.9750, Test 0.9778
Best:
          Accuracy         : Train 0.9992, Val 0.9875, Test 0.9847
Epoch 150: Loss:            : Train 0.0043, Val 0.2190, Test 0.1350
          Accuracy         : Train 0.9984, Val 0.9764, Test 0.9798
Best:
          Accuracy         : Train 0.9992, Val 0.9875, Test 0.9847
Epoch 151: Loss:            : Train 0.0017, Val 0.2138, Test 0.0976
          Accuracy         : Train 0.9990, Val 0.9778, Test 0.9847
Best:
          Accuracy         : Train 0.9992, Val 0.9875, Test 0.9847
Epoch 152: Loss:            : Train 0.0055, Val 0.2318, Test 0.0968
          Accuracy         : Train 0.9986, Val 0.9778, Test 0.9833
Best:
          Accuracy         : Train 0.9992, Val 0.9875, Test 0.9847
Epoch 153: Loss:            : Train 0.0034, Val 0.2424, Test 0.1180
          Accuracy         : Train 0.9994, Val 0.9764, Test 0.9819
Best:
          Accuracy         : Train 0.9992, Val 0.9875, Test 0.9847
Epoch 154: Loss:            : Train 0.0019, Val 0.2122, Test 0.1115
          Accuracy         : Train 0.9992, Val 0.9764, Test 0.9819
Best:
          Accuracy         : Train 0.9992, Val 0.9875, Test 0.9847
Epoch 155: Loss:            : Train 0.0022, Val 0.2092, Test 0.1281
          Accuracy         : Train 0.9996, Val 0.9778, Test 0.9819
Best:
          Accuracy         : Train 0.9992, Val 0.9875, Test 0.9847
Epoch 156: Loss:            : Train 0.0015, Val 0.2217, Test 0.1450
          Accuracy         : Train 0.9996, Val 0.9792, Test 0.9819
Best:
          Accuracy         : Train 0.9992, Val 0.9875, Test 0.9847
Epoch 157: Loss:            : Train 0.0009, Val 0.2290, Test 0.1394
          Accuracy         : Train 0.9996, Val 0.9764, Test 0.9833
Best:
          Accuracy         : Train 0.9992, Val 0.9875, Test 0.9847
Epoch 158: Loss:            : Train 0.0009, Val 0.2207, Test 0.1427
          Accuracy         : Train 0.9998, Val 0.9792, Test 0.9812
Best:
          Accuracy         : Train 0.9992, Val 0.9875, Test 0.9847
Epoch 159: Loss:            : Train 0.0012, Val 0.2037, Test 0.1291
          Accuracy         : Train 0.9994, Val 0.9806, Test 0.9819
Best:
          Accuracy         : Train 0.9992, Val 0.9875, Test 0.9847
Epoch 160: Loss:            : Train 0.0015, Val 0.2107, Test 0.1274
          Accuracy         : Train 0.9996, Val 0.9819, Test 0.9805
Best:
          Accuracy         : Train 0.9992, Val 0.9875, Test 0.9847
Epoch 161: Loss:            : Train 0.0009, Val 0.2440, Test 0.1376
          Accuracy         : Train 0.9998, Val 0.9778, Test 0.9812
Best:
          Accuracy         : Train 0.9992, Val 0.9875, Test 0.9847
Epoch 162: Loss:            : Train 0.0006, Val 0.2685, Test 0.1313
          Accuracy         : Train 1.0000, Val 0.9764, Test 0.9798
Best:
          Accuracy         : Train 0.9992, Val 0.9875, Test 0.9847
Epoch 163: Loss:            : Train 0.0008, Val 0.2761, Test 0.1164
          Accuracy         : Train 0.9996, Val 0.9736, Test 0.9805
Best:
          Accuracy         : Train 0.9992, Val 0.9875, Test 0.9847
Epoch 164: Loss:            : Train 0.0005, Val 0.2869, Test 0.1272
          Accuracy         : Train 1.0000, Val 0.9736, Test 0.9826
Best:
          Accuracy         : Train 0.9992, Val 0.9875, Test 0.9847
Epoch 165: Loss:            : Train 0.0005, Val 0.2654, Test 0.1215
          Accuracy         : Train 1.0000, Val 0.9806, Test 0.9833
Best:
          Accuracy         : Train 0.9992, Val 0.9875, Test 0.9847
Epoch 166: Loss:            : Train 0.0003, Val 0.2612, Test 0.1236
          Accuracy         : Train 0.9998, Val 0.9806, Test 0.9826
Best:
          Accuracy         : Train 0.9992, Val 0.9875, Test 0.9847
Epoch 167: Loss:            : Train 0.0008, Val 0.2579, Test 0.1318
          Accuracy         : Train 1.0000, Val 0.9778, Test 0.9840
Best:
          Accuracy         : Train 0.9992, Val 0.9875, Test 0.9847
Epoch 168: Loss:            : Train 0.0008, Val 0.2685, Test 0.1582
          Accuracy         : Train 0.9996, Val 0.9764, Test 0.9819
Best:
          Accuracy         : Train 0.9992, Val 0.9875, Test 0.9847
Epoch 169: Loss:            : Train 0.0004, Val 0.2763, Test 0.1519
          Accuracy         : Train 0.9996, Val 0.9806, Test 0.9861
Best:
          Accuracy         : Train 0.9992, Val 0.9875, Test 0.9847
Epoch 170: Loss:            : Train 0.0005, Val 0.2841, Test 0.1693
          Accuracy         : Train 1.0000, Val 0.9792, Test 0.9840
Best:
          Accuracy         : Train 0.9992, Val 0.9875, Test 0.9847
Epoch 171: Loss:            : Train 0.0016, Val 0.2925, Test 0.1776
          Accuracy         : Train 0.9992, Val 0.9750, Test 0.9840
Best:
          Accuracy         : Train 0.9992, Val 0.9875, Test 0.9847
Epoch 172: Loss:            : Train 0.0033, Val 0.2684, Test 0.1628
          Accuracy         : Train 0.9992, Val 0.9778, Test 0.9847
Best:
          Accuracy         : Train 0.9992, Val 0.9875, Test 0.9847
Epoch 173: Loss:            : Train 0.0002, Val 0.2519, Test 0.1532
          Accuracy         : Train 1.0000, Val 0.9833, Test 0.9854
Best:
          Accuracy         : Train 0.9992, Val 0.9875, Test 0.9847
Epoch 174: Loss:            : Train 0.0019, Val 0.2538, Test 0.1358
          Accuracy         : Train 0.9992, Val 0.9792, Test 0.9854
Best:
          Accuracy         : Train 0.9992, Val 0.9875, Test 0.9847
Epoch 175: Loss:            : Train 0.0001, Val 0.3347, Test 0.1894
          Accuracy         : Train 1.0000, Val 0.9736, Test 0.9785
Best:
          Accuracy         : Train 0.9992, Val 0.9875, Test 0.9847
Epoch 176: Loss:            : Train 0.0057, Val 0.2640, Test 0.1203
          Accuracy         : Train 0.9978, Val 0.9778, Test 0.9861
Best:
          Accuracy         : Train 0.9992, Val 0.9875, Test 0.9847
Epoch 177: Loss:            : Train 0.0009, Val 0.2974, Test 0.1702
          Accuracy         : Train 1.0000, Val 0.9806, Test 0.9826
Best:
          Accuracy         : Train 0.9992, Val 0.9875, Test 0.9847
Epoch 178: Loss:            : Train 0.0107, Val 0.2621, Test 0.1418
          Accuracy         : Train 0.9962, Val 0.9778, Test 0.9826
Best:
          Accuracy         : Train 0.9992, Val 0.9875, Test 0.9847
Epoch 179: Loss:            : Train 0.0067, Val 0.2852, Test 0.1868
          Accuracy         : Train 0.9990, Val 0.9736, Test 0.9792
Best:
          Accuracy         : Train 0.9992, Val 0.9875, Test 0.9847
Epoch 180: Loss:            : Train 0.0043, Val 0.2459, Test 0.1184
          Accuracy         : Train 0.9980, Val 0.9806, Test 0.9833
Best:
          Accuracy         : Train 0.9992, Val 0.9875, Test 0.9847
Epoch 181: Loss:            : Train 0.0067, Val 0.2723, Test 0.1436
          Accuracy         : Train 0.9992, Val 0.9806, Test 0.9840
Best:
          Accuracy         : Train 0.9992, Val 0.9875, Test 0.9847
Epoch 182: Loss:            : Train 0.0045, Val 0.3008, Test 0.1679
          Accuracy         : Train 0.9992, Val 0.9792, Test 0.9840
Best:
          Accuracy         : Train 0.9992, Val 0.9875, Test 0.9847
Epoch 183: Loss:            : Train 0.0072, Val 0.2827, Test 0.1858
          Accuracy         : Train 0.9988, Val 0.9764, Test 0.9792
Best:
          Accuracy         : Train 0.9992, Val 0.9875, Test 0.9847
Epoch 184: Loss:            : Train 0.0027, Val 0.2577, Test 0.1846
          Accuracy         : Train 0.9990, Val 0.9750, Test 0.9778
Best:
          Accuracy         : Train 0.9992, Val 0.9875, Test 0.9847
Epoch 185: Loss:            : Train 0.0055, Val 0.2165, Test 0.1573
          Accuracy         : Train 0.9982, Val 0.9806, Test 0.9812
Best:
          Accuracy         : Train 0.9992, Val 0.9875, Test 0.9847
Epoch 186: Loss:            : Train 0.0023, Val 0.2249, Test 0.1432
          Accuracy         : Train 0.9992, Val 0.9778, Test 0.9833
Best:
          Accuracy         : Train 0.9992, Val 0.9875, Test 0.9847
Epoch 187: Loss:            : Train 0.0018, Val 0.2494, Test 0.1432
          Accuracy         : Train 0.9998, Val 0.9819, Test 0.9868
Best:
          Accuracy         : Train 0.9992, Val 0.9875, Test 0.9847
Epoch 188: Loss:            : Train 0.0007, Val 0.2668, Test 0.1591
          Accuracy         : Train 1.0000, Val 0.9778, Test 0.9847
Best:
          Accuracy         : Train 0.9992, Val 0.9875, Test 0.9847
Epoch 189: Loss:            : Train 0.0010, Val 0.2666, Test 0.1448
          Accuracy         : Train 0.9994, Val 0.9750, Test 0.9819
Best:
          Accuracy         : Train 0.9992, Val 0.9875, Test 0.9847
Epoch 190: Loss:            : Train 0.0043, Val 0.2495, Test 0.1375
          Accuracy         : Train 0.9996, Val 0.9750, Test 0.9833
Best:
          Accuracy         : Train 0.9992, Val 0.9875, Test 0.9847
Epoch 191: Loss:            : Train 0.0003, Val 0.2342, Test 0.1483
          Accuracy         : Train 1.0000, Val 0.9778, Test 0.9847
Best:
          Accuracy         : Train 0.9992, Val 0.9875, Test 0.9847
Epoch 192: Loss:            : Train 0.0019, Val 0.2291, Test 0.1497
          Accuracy         : Train 0.9994, Val 0.9806, Test 0.9847
Best:
          Accuracy         : Train 0.9992, Val 0.9875, Test 0.9847
Epoch 193: Loss:            : Train 0.0005, Val 0.2372, Test 0.1437
          Accuracy         : Train 0.9998, Val 0.9819, Test 0.9854
Best:
          Accuracy         : Train 0.9992, Val 0.9875, Test 0.9847
Epoch 194: Loss:            : Train 0.0013, Val 0.2505, Test 0.1363
          Accuracy         : Train 0.9998, Val 0.9792, Test 0.9854
Best:
          Accuracy         : Train 0.9992, Val 0.9875, Test 0.9847
Epoch 195: Loss:            : Train 0.0012, Val 0.2469, Test 0.1480
          Accuracy         : Train 0.9996, Val 0.9806, Test 0.9833
Best:
          Accuracy         : Train 0.9992, Val 0.9875, Test 0.9847
Epoch 196: Loss:            : Train 0.0004, Val 0.2563, Test 0.1842
          Accuracy         : Train 1.0000, Val 0.9792, Test 0.9812
Best:
          Accuracy         : Train 0.9992, Val 0.9875, Test 0.9847
Epoch 197: Loss:            : Train 0.0017, Val 0.2815, Test 0.1633
          Accuracy         : Train 0.9992, Val 0.9778, Test 0.9819
Best:
          Accuracy         : Train 0.9992, Val 0.9875, Test 0.9847
Epoch 198: Loss:            : Train 0.0006, Val 0.2996, Test 0.1569
          Accuracy         : Train 0.9998, Val 0.9778, Test 0.9826
Best:
          Accuracy         : Train 0.9992, Val 0.9875, Test 0.9847
Epoch 199: Loss:            : Train 0.0004, Val 0.2836, Test 0.1384
          Accuracy         : Train 0.9998, Val 0.9764, Test 0.9840
Best:
          Accuracy         : Train 0.9992, Val 0.9875, Test 0.9847
Epoch 200: Loss:            : Train 0.0008, Val 0.2716, Test 0.1468
          Accuracy         : Train 0.9998, Val 0.9806, Test 0.9847
Best:
          Accuracy         : Train 0.9992, Val 0.9875, Test 0.9847
Training time (sec): 27
