Loading parties from cache
X got 38 dimensions
Splitting...
Loading data
Prepare for training
Start training
=================================================================
                     Kernel Shape Output Shape  Params  Mult-Adds
Layer                                                            
0_fc_layers.Linear_0    [38, 200]  [4096, 200]    7800       7600
1_fc_layers.Linear_1   [200, 100]  [4096, 100]   20100      20000
2_fc_layers.Linear_2    [100, 10]   [4096, 10]    1010       1000
-----------------------------------------------------------------
                      Totals
Total params           28910
Trainable params       28910
Non-trainable params       0
Mult-Adds              28600
=================================================================
n_classes=10
task=multi_cls
model_name=frog_all_noise_0.0_2022-02-07-22-18-20
sche_threshold=0.0001
sche_patience=10
sche_factor=0.1
use_scheduler=False
num_workers=4
device=cuda:2
test_batch_size=4096
train_batch_size=4096
learning_rate=0.03
weight_decay=0.001
num_epochs=200
model_save_path=ckp/frog_all_noise_0.0_2022-02-07-22-18-20.pth
test_rate=0.2
val_rate=0.2
multiprocess_context=fork
metrics=['accuracy']
metrics_f=[<metric.accuracy.Accuracy object at 0x7f463eae5310>]
hidden_sizes=[200, 100]
model=MLP(
  (fc_layers): ModuleList(
    (0): Linear(in_features=38, out_features=200, bias=True)
    (1): Linear(in_features=200, out_features=100, bias=True)
    (2): Linear(in_features=100, out_features=10, bias=True)
  )
)
writer=<torch.utils.tensorboard.writer.SummaryWriter object at 0x7f463eae55e0>
Epoch 1: Loss:            : Train 2.2668, Val 2.1625, Test 2.1650
          Accuracy         : Train 0.1412, Val 0.4944, Test 0.4927
Best:
          Accuracy         : Train 0.1412, Val 0.4944, Test 0.4927
Epoch 2: Loss:            : Train 2.1276, Val 1.9985, Test 2.0023
          Accuracy         : Train 0.4871, Val 0.4875, Test 0.4844
Best:
          Accuracy         : Train 0.1412, Val 0.4944, Test 0.4927
Epoch 3: Loss:            : Train 1.9476, Val 1.7866, Test 1.7921
          Accuracy         : Train 0.4827, Val 0.4861, Test 0.4837
Best:
          Accuracy         : Train 0.1412, Val 0.4944, Test 0.4927
Epoch 4: Loss:            : Train 1.7334, Val 1.5450, Test 1.5528
          Accuracy         : Train 0.4829, Val 0.4861, Test 0.4837
Best:
          Accuracy         : Train 0.1412, Val 0.4944, Test 0.4927
Epoch 5: Loss:            : Train 1.5243, Val 1.3465, Test 1.3583
          Accuracy         : Train 0.4829, Val 0.4861, Test 0.4837
Best:
          Accuracy         : Train 0.1412, Val 0.4944, Test 0.4927
Epoch 6: Loss:            : Train 1.3547, Val 1.2376, Test 1.2547
          Accuracy         : Train 0.4829, Val 0.4875, Test 0.4851
Best:
          Accuracy         : Train 0.1412, Val 0.4944, Test 0.4927
Epoch 7: Loss:            : Train 1.2284, Val 1.1367, Test 1.1585
          Accuracy         : Train 0.4853, Val 0.5333, Test 0.5351
Best:
          Accuracy         : Train 0.4853, Val 0.5333, Test 0.5351
Epoch 8: Loss:            : Train 1.1316, Val 1.0114, Test 1.0357
          Accuracy         : Train 0.5296, Val 0.7000, Test 0.6935
Best:
          Accuracy         : Train 0.5296, Val 0.7000, Test 0.6935
Epoch 9: Loss:            : Train 1.0075, Val 0.9116, Test 0.9327
          Accuracy         : Train 0.6875, Val 0.7833, Test 0.7748
Best:
          Accuracy         : Train 0.6875, Val 0.7833, Test 0.7748
Epoch 10: Loss:            : Train 0.8914, Val 0.8437, Test 0.8561
          Accuracy         : Train 0.7667, Val 0.8111, Test 0.8026
Best:
          Accuracy         : Train 0.7667, Val 0.8111, Test 0.8026
Epoch 11: Loss:            : Train 0.8401, Val 0.7836, Test 0.7872
          Accuracy         : Train 0.7967, Val 0.8181, Test 0.8096
Best:
          Accuracy         : Train 0.7967, Val 0.8181, Test 0.8096
Epoch 12: Loss:            : Train 0.7713, Val 0.7098, Test 0.7093
          Accuracy         : Train 0.8064, Val 0.8250, Test 0.8193
Best:
          Accuracy         : Train 0.8064, Val 0.8250, Test 0.8193
Epoch 13: Loss:            : Train 0.6967, Val 0.6311, Test 0.6305
          Accuracy         : Train 0.8225, Val 0.8403, Test 0.8339
Best:
          Accuracy         : Train 0.8225, Val 0.8403, Test 0.8339
Epoch 14: Loss:            : Train 0.6183, Val 0.5670, Test 0.5674
          Accuracy         : Train 0.8288, Val 0.8486, Test 0.8318
Best:
          Accuracy         : Train 0.8288, Val 0.8486, Test 0.8318
Epoch 15: Loss:            : Train 0.5612, Val 0.5125, Test 0.5121
          Accuracy         : Train 0.8344, Val 0.8542, Test 0.8395
Best:
          Accuracy         : Train 0.8344, Val 0.8542, Test 0.8395
Epoch 16: Loss:            : Train 0.5108, Val 0.4635, Test 0.4588
          Accuracy         : Train 0.8396, Val 0.8542, Test 0.8492
Best:
          Accuracy         : Train 0.8344, Val 0.8542, Test 0.8395
Epoch 17: Loss:            : Train 0.4504, Val 0.4290, Test 0.4203
          Accuracy         : Train 0.8467, Val 0.8750, Test 0.8610
Best:
          Accuracy         : Train 0.8467, Val 0.8750, Test 0.8610
Epoch 18: Loss:            : Train 0.3992, Val 0.3922, Test 0.3812
          Accuracy         : Train 0.8664, Val 0.8903, Test 0.8826
Best:
          Accuracy         : Train 0.8664, Val 0.8903, Test 0.8826
Epoch 19: Loss:            : Train 0.3682, Val 0.3594, Test 0.3448
          Accuracy         : Train 0.8910, Val 0.8986, Test 0.8978
Best:
          Accuracy         : Train 0.8910, Val 0.8986, Test 0.8978
Epoch 20: Loss:            : Train 0.3311, Val 0.3290, Test 0.3090
          Accuracy         : Train 0.9035, Val 0.9069, Test 0.9083
Best:
          Accuracy         : Train 0.9035, Val 0.9069, Test 0.9083
Epoch 21: Loss:            : Train 0.2943, Val 0.3080, Test 0.2874
          Accuracy         : Train 0.9150, Val 0.9208, Test 0.9236
Best:
          Accuracy         : Train 0.9150, Val 0.9208, Test 0.9236
Epoch 22: Loss:            : Train 0.2786, Val 0.2951, Test 0.2677
          Accuracy         : Train 0.9367, Val 0.9236, Test 0.9326
Best:
          Accuracy         : Train 0.9367, Val 0.9236, Test 0.9326
Epoch 23: Loss:            : Train 0.2280, Val 0.2906, Test 0.2516
          Accuracy         : Train 0.9422, Val 0.9361, Test 0.9361
Best:
          Accuracy         : Train 0.9422, Val 0.9361, Test 0.9361
Epoch 24: Loss:            : Train 0.2199, Val 0.2685, Test 0.2335
          Accuracy         : Train 0.9458, Val 0.9333, Test 0.9395
Best:
          Accuracy         : Train 0.9422, Val 0.9361, Test 0.9361
Epoch 25: Loss:            : Train 0.1831, Val 0.2586, Test 0.2288
          Accuracy         : Train 0.9515, Val 0.9361, Test 0.9444
Best:
          Accuracy         : Train 0.9422, Val 0.9361, Test 0.9361
Epoch 26: Loss:            : Train 0.1718, Val 0.2537, Test 0.2168
          Accuracy         : Train 0.9563, Val 0.9333, Test 0.9451
Best:
          Accuracy         : Train 0.9422, Val 0.9361, Test 0.9361
Epoch 27: Loss:            : Train 0.1692, Val 0.2475, Test 0.2128
          Accuracy         : Train 0.9553, Val 0.9389, Test 0.9500
Best:
          Accuracy         : Train 0.9553, Val 0.9389, Test 0.9500
Epoch 28: Loss:            : Train 0.1589, Val 0.2420, Test 0.2140
          Accuracy         : Train 0.9609, Val 0.9389, Test 0.9479
Best:
          Accuracy         : Train 0.9553, Val 0.9389, Test 0.9500
Epoch 29: Loss:            : Train 0.1384, Val 0.2240, Test 0.1932
          Accuracy         : Train 0.9617, Val 0.9472, Test 0.9514
Best:
          Accuracy         : Train 0.9617, Val 0.9472, Test 0.9514
Epoch 30: Loss:            : Train 0.1306, Val 0.2154, Test 0.1975
          Accuracy         : Train 0.9635, Val 0.9472, Test 0.9493
Best:
          Accuracy         : Train 0.9617, Val 0.9472, Test 0.9514
Epoch 31: Loss:            : Train 0.1260, Val 0.2008, Test 0.1835
          Accuracy         : Train 0.9660, Val 0.9486, Test 0.9548
Best:
          Accuracy         : Train 0.9660, Val 0.9486, Test 0.9548
Epoch 32: Loss:            : Train 0.1076, Val 0.1939, Test 0.1773
          Accuracy         : Train 0.9696, Val 0.9444, Test 0.9521
Best:
          Accuracy         : Train 0.9660, Val 0.9486, Test 0.9548
Epoch 33: Loss:            : Train 0.1141, Val 0.2068, Test 0.1916
          Accuracy         : Train 0.9692, Val 0.9375, Test 0.9465
Best:
          Accuracy         : Train 0.9660, Val 0.9486, Test 0.9548
Epoch 34: Loss:            : Train 0.0972, Val 0.1819, Test 0.1733
          Accuracy         : Train 0.9718, Val 0.9472, Test 0.9527
Best:
          Accuracy         : Train 0.9660, Val 0.9486, Test 0.9548
Epoch 35: Loss:            : Train 0.0983, Val 0.1977, Test 0.1779
          Accuracy         : Train 0.9706, Val 0.9486, Test 0.9500
Best:
          Accuracy         : Train 0.9660, Val 0.9486, Test 0.9548
Epoch 36: Loss:            : Train 0.1047, Val 0.1666, Test 0.1647
          Accuracy         : Train 0.9732, Val 0.9500, Test 0.9534
Best:
          Accuracy         : Train 0.9732, Val 0.9500, Test 0.9534
Epoch 37: Loss:            : Train 0.0761, Val 0.1424, Test 0.1320
          Accuracy         : Train 0.9740, Val 0.9528, Test 0.9646
Best:
          Accuracy         : Train 0.9740, Val 0.9528, Test 0.9646
Epoch 38: Loss:            : Train 0.0781, Val 0.1351, Test 0.1352
          Accuracy         : Train 0.9766, Val 0.9597, Test 0.9569
Best:
          Accuracy         : Train 0.9766, Val 0.9597, Test 0.9569
Epoch 39: Loss:            : Train 0.0603, Val 0.1310, Test 0.1239
          Accuracy         : Train 0.9815, Val 0.9583, Test 0.9618
Best:
          Accuracy         : Train 0.9766, Val 0.9597, Test 0.9569
Epoch 40: Loss:            : Train 0.0600, Val 0.1231, Test 0.1153
          Accuracy         : Train 0.9823, Val 0.9611, Test 0.9694
Best:
          Accuracy         : Train 0.9823, Val 0.9611, Test 0.9694
Epoch 41: Loss:            : Train 0.0609, Val 0.1453, Test 0.1321
          Accuracy         : Train 0.9843, Val 0.9597, Test 0.9659
Best:
          Accuracy         : Train 0.9823, Val 0.9611, Test 0.9694
Epoch 42: Loss:            : Train 0.0688, Val 0.1228, Test 0.1295
          Accuracy         : Train 0.9803, Val 0.9597, Test 0.9666
Best:
          Accuracy         : Train 0.9823, Val 0.9611, Test 0.9694
Epoch 43: Loss:            : Train 0.0526, Val 0.1387, Test 0.1249
          Accuracy         : Train 0.9807, Val 0.9708, Test 0.9708
Best:
          Accuracy         : Train 0.9807, Val 0.9708, Test 0.9708
Epoch 44: Loss:            : Train 0.0503, Val 0.1357, Test 0.1493
          Accuracy         : Train 0.9813, Val 0.9667, Test 0.9597
Best:
          Accuracy         : Train 0.9807, Val 0.9708, Test 0.9708
Epoch 45: Loss:            : Train 0.0603, Val 0.1411, Test 0.1432
          Accuracy         : Train 0.9835, Val 0.9653, Test 0.9680
Best:
          Accuracy         : Train 0.9807, Val 0.9708, Test 0.9708
Epoch 46: Loss:            : Train 0.0492, Val 0.1097, Test 0.1019
          Accuracy         : Train 0.9837, Val 0.9708, Test 0.9764
Best:
          Accuracy         : Train 0.9807, Val 0.9708, Test 0.9708
Epoch 47: Loss:            : Train 0.0429, Val 0.1036, Test 0.0993
          Accuracy         : Train 0.9885, Val 0.9722, Test 0.9708
Best:
          Accuracy         : Train 0.9885, Val 0.9722, Test 0.9708
Epoch 48: Loss:            : Train 0.0344, Val 0.1336, Test 0.1222
          Accuracy         : Train 0.9889, Val 0.9653, Test 0.9743
Best:
          Accuracy         : Train 0.9885, Val 0.9722, Test 0.9708
Epoch 49: Loss:            : Train 0.0303, Val 0.1097, Test 0.1039
          Accuracy         : Train 0.9899, Val 0.9750, Test 0.9750
Best:
          Accuracy         : Train 0.9899, Val 0.9750, Test 0.9750
Epoch 50: Loss:            : Train 0.0275, Val 0.1625, Test 0.1500
          Accuracy         : Train 0.9903, Val 0.9514, Test 0.9632
Best:
          Accuracy         : Train 0.9899, Val 0.9750, Test 0.9750
Epoch 51: Loss:            : Train 0.0516, Val 0.1655, Test 0.1887
          Accuracy         : Train 0.9801, Val 0.9667, Test 0.9666
Best:
          Accuracy         : Train 0.9899, Val 0.9750, Test 0.9750
Epoch 52: Loss:            : Train 0.0946, Val 0.1556, Test 0.1477
          Accuracy         : Train 0.9835, Val 0.9639, Test 0.9694
Best:
          Accuracy         : Train 0.9899, Val 0.9750, Test 0.9750
Epoch 53: Loss:            : Train 0.0589, Val 0.1569, Test 0.1246
          Accuracy         : Train 0.9859, Val 0.9667, Test 0.9736
Best:
          Accuracy         : Train 0.9899, Val 0.9750, Test 0.9750
Epoch 54: Loss:            : Train 0.0412, Val 0.1207, Test 0.1174
          Accuracy         : Train 0.9867, Val 0.9722, Test 0.9757
Best:
          Accuracy         : Train 0.9899, Val 0.9750, Test 0.9750
Epoch 55: Loss:            : Train 0.0439, Val 0.1340, Test 0.1248
          Accuracy         : Train 0.9885, Val 0.9708, Test 0.9750
Best:
          Accuracy         : Train 0.9899, Val 0.9750, Test 0.9750
Epoch 56: Loss:            : Train 0.0370, Val 0.1582, Test 0.1249
          Accuracy         : Train 0.9887, Val 0.9597, Test 0.9715
Best:
          Accuracy         : Train 0.9899, Val 0.9750, Test 0.9750
Epoch 57: Loss:            : Train 0.0344, Val 0.1097, Test 0.1007
          Accuracy         : Train 0.9881, Val 0.9792, Test 0.9708
Best:
          Accuracy         : Train 0.9881, Val 0.9792, Test 0.9708
Epoch 58: Loss:            : Train 0.0452, Val 0.1505, Test 0.1298
          Accuracy         : Train 0.9895, Val 0.9667, Test 0.9715
Best:
          Accuracy         : Train 0.9881, Val 0.9792, Test 0.9708
Epoch 59: Loss:            : Train 0.0334, Val 0.1396, Test 0.1087
          Accuracy         : Train 0.9895, Val 0.9694, Test 0.9771
Best:
          Accuracy         : Train 0.9881, Val 0.9792, Test 0.9708
Epoch 60: Loss:            : Train 0.0258, Val 0.1502, Test 0.1243
          Accuracy         : Train 0.9948, Val 0.9708, Test 0.9757
Best:
          Accuracy         : Train 0.9881, Val 0.9792, Test 0.9708
Epoch 61: Loss:            : Train 0.0291, Val 0.1334, Test 0.1227
          Accuracy         : Train 0.9917, Val 0.9750, Test 0.9805
Best:
          Accuracy         : Train 0.9881, Val 0.9792, Test 0.9708
Epoch 62: Loss:            : Train 0.0284, Val 0.1368, Test 0.1190
          Accuracy         : Train 0.9917, Val 0.9736, Test 0.9764
Best:
          Accuracy         : Train 0.9881, Val 0.9792, Test 0.9708
Epoch 63: Loss:            : Train 0.0157, Val 0.1618, Test 0.1415
          Accuracy         : Train 0.9936, Val 0.9708, Test 0.9729
Best:
          Accuracy         : Train 0.9881, Val 0.9792, Test 0.9708
Epoch 64: Loss:            : Train 0.0258, Val 0.1627, Test 0.1054
          Accuracy         : Train 0.9905, Val 0.9750, Test 0.9778
Best:
          Accuracy         : Train 0.9881, Val 0.9792, Test 0.9708
Epoch 65: Loss:            : Train 0.0202, Val 0.1468, Test 0.1291
          Accuracy         : Train 0.9921, Val 0.9722, Test 0.9764
Best:
          Accuracy         : Train 0.9881, Val 0.9792, Test 0.9708
Epoch 66: Loss:            : Train 0.0156, Val 0.1529, Test 0.1096
          Accuracy         : Train 0.9940, Val 0.9764, Test 0.9798
Best:
          Accuracy         : Train 0.9881, Val 0.9792, Test 0.9708
Epoch 67: Loss:            : Train 0.0201, Val 0.1497, Test 0.1075
          Accuracy         : Train 0.9948, Val 0.9750, Test 0.9812
Best:
          Accuracy         : Train 0.9881, Val 0.9792, Test 0.9708
Epoch 68: Loss:            : Train 0.0159, Val 0.1357, Test 0.1200
          Accuracy         : Train 0.9964, Val 0.9736, Test 0.9771
Best:
          Accuracy         : Train 0.9881, Val 0.9792, Test 0.9708
Epoch 69: Loss:            : Train 0.0203, Val 0.1507, Test 0.1219
          Accuracy         : Train 0.9950, Val 0.9708, Test 0.9764
Best:
          Accuracy         : Train 0.9881, Val 0.9792, Test 0.9708
Epoch 70: Loss:            : Train 0.0178, Val 0.1772, Test 0.1201
          Accuracy         : Train 0.9948, Val 0.9722, Test 0.9771
Best:
          Accuracy         : Train 0.9881, Val 0.9792, Test 0.9708
Epoch 71: Loss:            : Train 0.0109, Val 0.1733, Test 0.1190
          Accuracy         : Train 0.9970, Val 0.9722, Test 0.9757
Best:
          Accuracy         : Train 0.9881, Val 0.9792, Test 0.9708
Epoch 72: Loss:            : Train 0.0140, Val 0.1521, Test 0.1039
          Accuracy         : Train 0.9970, Val 0.9736, Test 0.9771
Best:
          Accuracy         : Train 0.9881, Val 0.9792, Test 0.9708
Epoch 73: Loss:            : Train 0.0115, Val 0.1699, Test 0.1143
          Accuracy         : Train 0.9970, Val 0.9736, Test 0.9785
Best:
          Accuracy         : Train 0.9881, Val 0.9792, Test 0.9708
Epoch 74: Loss:            : Train 0.0087, Val 0.1650, Test 0.0933
          Accuracy         : Train 0.9978, Val 0.9750, Test 0.9819
Best:
          Accuracy         : Train 0.9881, Val 0.9792, Test 0.9708
Epoch 75: Loss:            : Train 0.0073, Val 0.1542, Test 0.0912
          Accuracy         : Train 0.9992, Val 0.9764, Test 0.9812
Best:
          Accuracy         : Train 0.9881, Val 0.9792, Test 0.9708
Epoch 76: Loss:            : Train 0.0053, Val 0.1627, Test 0.1045
          Accuracy         : Train 0.9980, Val 0.9750, Test 0.9792
Best:
          Accuracy         : Train 0.9881, Val 0.9792, Test 0.9708
Epoch 77: Loss:            : Train 0.0062, Val 0.1552, Test 0.1060
          Accuracy         : Train 0.9984, Val 0.9764, Test 0.9812
Best:
          Accuracy         : Train 0.9881, Val 0.9792, Test 0.9708
Epoch 78: Loss:            : Train 0.0046, Val 0.1453, Test 0.1048
          Accuracy         : Train 0.9984, Val 0.9764, Test 0.9798
Best:
          Accuracy         : Train 0.9881, Val 0.9792, Test 0.9708
Epoch 79: Loss:            : Train 0.0061, Val 0.1593, Test 0.1178
          Accuracy         : Train 0.9980, Val 0.9722, Test 0.9785
Best:
          Accuracy         : Train 0.9881, Val 0.9792, Test 0.9708
Epoch 80: Loss:            : Train 0.0049, Val 0.1604, Test 0.0970
          Accuracy         : Train 0.9992, Val 0.9750, Test 0.9847
Best:
          Accuracy         : Train 0.9881, Val 0.9792, Test 0.9708
Epoch 81: Loss:            : Train 0.0031, Val 0.1710, Test 0.1093
          Accuracy         : Train 0.9994, Val 0.9764, Test 0.9833
Best:
          Accuracy         : Train 0.9881, Val 0.9792, Test 0.9708
Epoch 82: Loss:            : Train 0.0045, Val 0.1709, Test 0.1154
          Accuracy         : Train 0.9980, Val 0.9764, Test 0.9812
Best:
          Accuracy         : Train 0.9881, Val 0.9792, Test 0.9708
Epoch 83: Loss:            : Train 0.0043, Val 0.1598, Test 0.1039
          Accuracy         : Train 0.9990, Val 0.9778, Test 0.9833
Best:
          Accuracy         : Train 0.9881, Val 0.9792, Test 0.9708
Epoch 84: Loss:            : Train 0.0028, Val 0.1459, Test 0.1255
          Accuracy         : Train 0.9990, Val 0.9750, Test 0.9798
Best:
          Accuracy         : Train 0.9881, Val 0.9792, Test 0.9708
Epoch 85: Loss:            : Train 0.0038, Val 0.1753, Test 0.1283
          Accuracy         : Train 0.9978, Val 0.9736, Test 0.9819
Best:
          Accuracy         : Train 0.9881, Val 0.9792, Test 0.9708
Epoch 86: Loss:            : Train 0.0021, Val 0.1907, Test 0.1345
          Accuracy         : Train 0.9996, Val 0.9792, Test 0.9785
Best:
          Accuracy         : Train 0.9881, Val 0.9792, Test 0.9708
Epoch 87: Loss:            : Train 0.0032, Val 0.1702, Test 0.1034
          Accuracy         : Train 0.9988, Val 0.9750, Test 0.9819
Best:
          Accuracy         : Train 0.9881, Val 0.9792, Test 0.9708
Epoch 88: Loss:            : Train 0.0035, Val 0.1829, Test 0.1355
          Accuracy         : Train 0.9994, Val 0.9694, Test 0.9812
Best:
          Accuracy         : Train 0.9881, Val 0.9792, Test 0.9708
Epoch 89: Loss:            : Train 0.0023, Val 0.1953, Test 0.1324
          Accuracy         : Train 0.9994, Val 0.9708, Test 0.9819
Best:
          Accuracy         : Train 0.9881, Val 0.9792, Test 0.9708
Epoch 90: Loss:            : Train 0.0038, Val 0.1969, Test 0.1311
          Accuracy         : Train 0.9984, Val 0.9708, Test 0.9812
Best:
          Accuracy         : Train 0.9881, Val 0.9792, Test 0.9708
Epoch 91: Loss:            : Train 0.0074, Val 0.1896, Test 0.1115
          Accuracy         : Train 0.9982, Val 0.9722, Test 0.9833
Best:
          Accuracy         : Train 0.9881, Val 0.9792, Test 0.9708
Epoch 92: Loss:            : Train 0.0030, Val 0.2191, Test 0.1546
          Accuracy         : Train 0.9992, Val 0.9694, Test 0.9798
Best:
          Accuracy         : Train 0.9881, Val 0.9792, Test 0.9708
Epoch 93: Loss:            : Train 0.0078, Val 0.2097, Test 0.1365
          Accuracy         : Train 0.9976, Val 0.9764, Test 0.9833
Best:
          Accuracy         : Train 0.9881, Val 0.9792, Test 0.9708
Epoch 94: Loss:            : Train 0.0072, Val 0.1886, Test 0.1238
          Accuracy         : Train 0.9982, Val 0.9778, Test 0.9812
Best:
          Accuracy         : Train 0.9881, Val 0.9792, Test 0.9708
Epoch 95: Loss:            : Train 0.0159, Val 0.1767, Test 0.0997
          Accuracy         : Train 0.9968, Val 0.9750, Test 0.9826
Best:
          Accuracy         : Train 0.9881, Val 0.9792, Test 0.9708
Epoch 96: Loss:            : Train 0.0058, Val 0.2307, Test 0.1559
          Accuracy         : Train 0.9988, Val 0.9722, Test 0.9743
Best:
          Accuracy         : Train 0.9881, Val 0.9792, Test 0.9708
Epoch 97: Loss:            : Train 0.0197, Val 0.1747, Test 0.0943
          Accuracy         : Train 0.9944, Val 0.9764, Test 0.9826
Best:
          Accuracy         : Train 0.9881, Val 0.9792, Test 0.9708
Epoch 98: Loss:            : Train 0.0050, Val 0.2031, Test 0.1479
          Accuracy         : Train 0.9986, Val 0.9764, Test 0.9798
Best:
          Accuracy         : Train 0.9881, Val 0.9792, Test 0.9708
Epoch 99: Loss:            : Train 0.0105, Val 0.2120, Test 0.0958
          Accuracy         : Train 0.9948, Val 0.9778, Test 0.9854
Best:
          Accuracy         : Train 0.9881, Val 0.9792, Test 0.9708
Epoch 100: Loss:            : Train 0.0072, Val 0.1940, Test 0.0863
          Accuracy         : Train 0.9982, Val 0.9806, Test 0.9840
Best:
          Accuracy         : Train 0.9982, Val 0.9806, Test 0.9840
Epoch 101: Loss:            : Train 0.0031, Val 0.2302, Test 0.1288
          Accuracy         : Train 0.9992, Val 0.9764, Test 0.9771
Best:
          Accuracy         : Train 0.9982, Val 0.9806, Test 0.9840
Epoch 102: Loss:            : Train 0.0104, Val 0.2177, Test 0.1017
          Accuracy         : Train 0.9954, Val 0.9736, Test 0.9819
Best:
          Accuracy         : Train 0.9982, Val 0.9806, Test 0.9840
Epoch 103: Loss:            : Train 0.0118, Val 0.2453, Test 0.1328
          Accuracy         : Train 0.9984, Val 0.9694, Test 0.9771
Best:
          Accuracy         : Train 0.9982, Val 0.9806, Test 0.9840
Epoch 104: Loss:            : Train 0.0084, Val 0.2220, Test 0.1303
          Accuracy         : Train 0.9972, Val 0.9708, Test 0.9778
Best:
          Accuracy         : Train 0.9982, Val 0.9806, Test 0.9840
Epoch 105: Loss:            : Train 0.0180, Val 0.2302, Test 0.1119
          Accuracy         : Train 0.9958, Val 0.9792, Test 0.9812
Best:
          Accuracy         : Train 0.9982, Val 0.9806, Test 0.9840
Epoch 106: Loss:            : Train 0.0300, Val 0.2238, Test 0.1076
          Accuracy         : Train 0.9948, Val 0.9819, Test 0.9819
Best:
          Accuracy         : Train 0.9948, Val 0.9819, Test 0.9819
Epoch 107: Loss:            : Train 0.0471, Val 0.3954, Test 0.3613
          Accuracy         : Train 0.9966, Val 0.9694, Test 0.9625
Best:
          Accuracy         : Train 0.9948, Val 0.9819, Test 0.9819
Epoch 108: Loss:            : Train 0.1597, Val 0.2538, Test 0.1651
          Accuracy         : Train 0.9885, Val 0.9750, Test 0.9764
Best:
          Accuracy         : Train 0.9948, Val 0.9819, Test 0.9819
Epoch 109: Loss:            : Train 0.0299, Val 0.2950, Test 0.1581
          Accuracy         : Train 0.9954, Val 0.9722, Test 0.9785
Best:
          Accuracy         : Train 0.9948, Val 0.9819, Test 0.9819
Epoch 110: Loss:            : Train 0.1363, Val 0.2527, Test 0.1281
          Accuracy         : Train 0.9865, Val 0.9764, Test 0.9805
Best:
          Accuracy         : Train 0.9948, Val 0.9819, Test 0.9819
Epoch 111: Loss:            : Train 0.0136, Val 0.2040, Test 0.1245
          Accuracy         : Train 0.9970, Val 0.9792, Test 0.9757
Best:
          Accuracy         : Train 0.9948, Val 0.9819, Test 0.9819
Epoch 112: Loss:            : Train 0.0393, Val 0.2498, Test 0.2168
          Accuracy         : Train 0.9936, Val 0.9722, Test 0.9666
Best:
          Accuracy         : Train 0.9948, Val 0.9819, Test 0.9819
Epoch 113: Loss:            : Train 0.1083, Val 0.2275, Test 0.1837
          Accuracy         : Train 0.9863, Val 0.9764, Test 0.9708
Best:
          Accuracy         : Train 0.9948, Val 0.9819, Test 0.9819
Epoch 114: Loss:            : Train 0.0965, Val 0.1968, Test 0.1156
          Accuracy         : Train 0.9903, Val 0.9722, Test 0.9729
Best:
          Accuracy         : Train 0.9948, Val 0.9819, Test 0.9819
Epoch 115: Loss:            : Train 0.0296, Val 0.2262, Test 0.1276
          Accuracy         : Train 0.9936, Val 0.9653, Test 0.9771
Best:
          Accuracy         : Train 0.9948, Val 0.9819, Test 0.9819
Epoch 116: Loss:            : Train 0.0256, Val 0.2394, Test 0.1290
          Accuracy         : Train 0.9921, Val 0.9667, Test 0.9715
Best:
          Accuracy         : Train 0.9948, Val 0.9819, Test 0.9819
Epoch 117: Loss:            : Train 0.0262, Val 0.1942, Test 0.0996
          Accuracy         : Train 0.9891, Val 0.9778, Test 0.9826
Best:
          Accuracy         : Train 0.9948, Val 0.9819, Test 0.9819
Epoch 118: Loss:            : Train 0.0080, Val 0.1725, Test 0.1096
          Accuracy         : Train 0.9974, Val 0.9750, Test 0.9785
Best:
          Accuracy         : Train 0.9948, Val 0.9819, Test 0.9819
Epoch 119: Loss:            : Train 0.0123, Val 0.1747, Test 0.1275
          Accuracy         : Train 0.9956, Val 0.9764, Test 0.9757
Best:
          Accuracy         : Train 0.9948, Val 0.9819, Test 0.9819
Epoch 120: Loss:            : Train 0.0141, Val 0.1811, Test 0.1336
          Accuracy         : Train 0.9948, Val 0.9764, Test 0.9771
Best:
          Accuracy         : Train 0.9948, Val 0.9819, Test 0.9819
Epoch 121: Loss:            : Train 0.0125, Val 0.1935, Test 0.1300
          Accuracy         : Train 0.9950, Val 0.9750, Test 0.9785
Best:
          Accuracy         : Train 0.9948, Val 0.9819, Test 0.9819
Epoch 122: Loss:            : Train 0.0088, Val 0.2031, Test 0.1255
          Accuracy         : Train 0.9972, Val 0.9764, Test 0.9792
Best:
          Accuracy         : Train 0.9948, Val 0.9819, Test 0.9819
Epoch 123: Loss:            : Train 0.0070, Val 0.2019, Test 0.1192
          Accuracy         : Train 0.9976, Val 0.9750, Test 0.9785
Best:
          Accuracy         : Train 0.9948, Val 0.9819, Test 0.9819
Epoch 124: Loss:            : Train 0.0051, Val 0.2008, Test 0.1128
          Accuracy         : Train 0.9986, Val 0.9778, Test 0.9819
Best:
          Accuracy         : Train 0.9948, Val 0.9819, Test 0.9819
Epoch 125: Loss:            : Train 0.0059, Val 0.1970, Test 0.0975
          Accuracy         : Train 0.9980, Val 0.9764, Test 0.9826
Best:
          Accuracy         : Train 0.9948, Val 0.9819, Test 0.9819
Epoch 126: Loss:            : Train 0.0038, Val 0.2044, Test 0.1024
          Accuracy         : Train 0.9990, Val 0.9819, Test 0.9840
Best:
          Accuracy         : Train 0.9948, Val 0.9819, Test 0.9819
Epoch 127: Loss:            : Train 0.0050, Val 0.1798, Test 0.1083
          Accuracy         : Train 0.9984, Val 0.9806, Test 0.9833
Best:
          Accuracy         : Train 0.9948, Val 0.9819, Test 0.9819
Epoch 128: Loss:            : Train 0.0056, Val 0.1729, Test 0.1189
          Accuracy         : Train 0.9988, Val 0.9792, Test 0.9833
Best:
          Accuracy         : Train 0.9948, Val 0.9819, Test 0.9819
Epoch 129: Loss:            : Train 0.0035, Val 0.1963, Test 0.1165
          Accuracy         : Train 0.9988, Val 0.9819, Test 0.9812
Best:
          Accuracy         : Train 0.9948, Val 0.9819, Test 0.9819
Epoch 130: Loss:            : Train 0.0052, Val 0.2277, Test 0.0973
          Accuracy         : Train 0.9986, Val 0.9806, Test 0.9812
Best:
          Accuracy         : Train 0.9948, Val 0.9819, Test 0.9819
Epoch 131: Loss:            : Train 0.0040, Val 0.2313, Test 0.0874
          Accuracy         : Train 0.9988, Val 0.9806, Test 0.9840
Best:
          Accuracy         : Train 0.9948, Val 0.9819, Test 0.9819
Epoch 132: Loss:            : Train 0.0014, Val 0.2476, Test 0.0869
          Accuracy         : Train 0.9998, Val 0.9806, Test 0.9833
Best:
          Accuracy         : Train 0.9948, Val 0.9819, Test 0.9819
Epoch 133: Loss:            : Train 0.0040, Val 0.2735, Test 0.1142
          Accuracy         : Train 0.9982, Val 0.9792, Test 0.9826
Best:
          Accuracy         : Train 0.9948, Val 0.9819, Test 0.9819
Epoch 134: Loss:            : Train 0.0058, Val 0.2584, Test 0.1481
          Accuracy         : Train 0.9994, Val 0.9750, Test 0.9819
Best:
          Accuracy         : Train 0.9948, Val 0.9819, Test 0.9819
Epoch 135: Loss:            : Train 0.0021, Val 0.2549, Test 0.1221
          Accuracy         : Train 0.9990, Val 0.9750, Test 0.9812
Best:
          Accuracy         : Train 0.9948, Val 0.9819, Test 0.9819
Epoch 136: Loss:            : Train 0.0095, Val 0.2597, Test 0.1212
          Accuracy         : Train 0.9956, Val 0.9764, Test 0.9854
Best:
          Accuracy         : Train 0.9948, Val 0.9819, Test 0.9819
Epoch 137: Loss:            : Train 0.0041, Val 0.2962, Test 0.1415
          Accuracy         : Train 0.9980, Val 0.9750, Test 0.9792
Best:
          Accuracy         : Train 0.9948, Val 0.9819, Test 0.9819
Epoch 138: Loss:            : Train 0.0086, Val 0.2806, Test 0.1147
          Accuracy         : Train 0.9980, Val 0.9750, Test 0.9826
Best:
          Accuracy         : Train 0.9948, Val 0.9819, Test 0.9819
Epoch 139: Loss:            : Train 0.0019, Val 0.2930, Test 0.1041
          Accuracy         : Train 0.9992, Val 0.9764, Test 0.9812
Best:
          Accuracy         : Train 0.9948, Val 0.9819, Test 0.9819
Epoch 140: Loss:            : Train 0.0039, Val 0.2702, Test 0.1154
          Accuracy         : Train 0.9980, Val 0.9708, Test 0.9792
Best:
          Accuracy         : Train 0.9948, Val 0.9819, Test 0.9819
Epoch 141: Loss:            : Train 0.0041, Val 0.2547, Test 0.1116
          Accuracy         : Train 0.9986, Val 0.9764, Test 0.9840
Best:
          Accuracy         : Train 0.9948, Val 0.9819, Test 0.9819
Epoch 142: Loss:            : Train 0.0029, Val 0.2703, Test 0.1082
          Accuracy         : Train 0.9994, Val 0.9750, Test 0.9819
Best:
          Accuracy         : Train 0.9948, Val 0.9819, Test 0.9819
Epoch 143: Loss:            : Train 0.0042, Val 0.3308, Test 0.1895
          Accuracy         : Train 0.9994, Val 0.9736, Test 0.9771
Best:
          Accuracy         : Train 0.9948, Val 0.9819, Test 0.9819
Epoch 144: Loss:            : Train 0.0057, Val 0.2994, Test 0.1393
          Accuracy         : Train 0.9980, Val 0.9750, Test 0.9826
Best:
          Accuracy         : Train 0.9948, Val 0.9819, Test 0.9819
Epoch 145: Loss:            : Train 0.0106, Val 0.3112, Test 0.1473
          Accuracy         : Train 0.9982, Val 0.9750, Test 0.9805
Best:
          Accuracy         : Train 0.9948, Val 0.9819, Test 0.9819
Epoch 146: Loss:            : Train 0.0034, Val 0.3701, Test 0.2026
          Accuracy         : Train 0.9994, Val 0.9722, Test 0.9778
Best:
          Accuracy         : Train 0.9948, Val 0.9819, Test 0.9819
Epoch 147: Loss:            : Train 0.0064, Val 0.2743, Test 0.1170
          Accuracy         : Train 0.9976, Val 0.9750, Test 0.9833
Best:
          Accuracy         : Train 0.9948, Val 0.9819, Test 0.9819
Epoch 148: Loss:            : Train 0.0063, Val 0.2546, Test 0.1288
          Accuracy         : Train 0.9976, Val 0.9750, Test 0.9805
Best:
          Accuracy         : Train 0.9948, Val 0.9819, Test 0.9819
Epoch 149: Loss:            : Train 0.0080, Val 0.2857, Test 0.1764
          Accuracy         : Train 0.9970, Val 0.9722, Test 0.9778
Best:
          Accuracy         : Train 0.9948, Val 0.9819, Test 0.9819
Epoch 150: Loss:            : Train 0.0074, Val 0.3040, Test 0.1867
          Accuracy         : Train 0.9980, Val 0.9722, Test 0.9771
Best:
          Accuracy         : Train 0.9948, Val 0.9819, Test 0.9819
Epoch 151: Loss:            : Train 0.0078, Val 0.2517, Test 0.1260
          Accuracy         : Train 0.9986, Val 0.9764, Test 0.9819
Best:
          Accuracy         : Train 0.9948, Val 0.9819, Test 0.9819
Epoch 152: Loss:            : Train 0.0081, Val 0.2585, Test 0.1072
          Accuracy         : Train 0.9976, Val 0.9778, Test 0.9833
Best:
          Accuracy         : Train 0.9948, Val 0.9819, Test 0.9819
Epoch 153: Loss:            : Train 0.0064, Val 0.2327, Test 0.0920
          Accuracy         : Train 0.9972, Val 0.9764, Test 0.9840
Best:
          Accuracy         : Train 0.9948, Val 0.9819, Test 0.9819
Epoch 154: Loss:            : Train 0.0027, Val 0.2472, Test 0.1152
          Accuracy         : Train 0.9996, Val 0.9778, Test 0.9812
Best:
          Accuracy         : Train 0.9948, Val 0.9819, Test 0.9819
Epoch 155: Loss:            : Train 0.0016, Val 0.2536, Test 0.1514
          Accuracy         : Train 0.9992, Val 0.9806, Test 0.9805
Best:
          Accuracy         : Train 0.9948, Val 0.9819, Test 0.9819
Epoch 156: Loss:            : Train 0.0028, Val 0.2570, Test 0.1823
          Accuracy         : Train 0.9994, Val 0.9778, Test 0.9812
Best:
          Accuracy         : Train 0.9948, Val 0.9819, Test 0.9819
Epoch 157: Loss:            : Train 0.0051, Val 0.2286, Test 0.1153
          Accuracy         : Train 0.9980, Val 0.9833, Test 0.9833
Best:
          Accuracy         : Train 0.9980, Val 0.9833, Test 0.9833
Epoch 158: Loss:            : Train 0.0041, Val 0.2579, Test 0.1211
          Accuracy         : Train 0.9986, Val 0.9778, Test 0.9826
Best:
          Accuracy         : Train 0.9980, Val 0.9833, Test 0.9833
Epoch 159: Loss:            : Train 0.0034, Val 0.2896, Test 0.1366
          Accuracy         : Train 0.9996, Val 0.9778, Test 0.9833
Best:
          Accuracy         : Train 0.9980, Val 0.9833, Test 0.9833
Epoch 160: Loss:            : Train 0.0019, Val 0.2434, Test 0.1142
          Accuracy         : Train 0.9994, Val 0.9833, Test 0.9812
Best:
          Accuracy         : Train 0.9980, Val 0.9833, Test 0.9833
Epoch 161: Loss:            : Train 0.0044, Val 0.2364, Test 0.1203
          Accuracy         : Train 0.9988, Val 0.9778, Test 0.9840
Best:
          Accuracy         : Train 0.9980, Val 0.9833, Test 0.9833
Epoch 162: Loss:            : Train 0.0056, Val 0.2648, Test 0.1523
          Accuracy         : Train 0.9994, Val 0.9764, Test 0.9854
Best:
          Accuracy         : Train 0.9980, Val 0.9833, Test 0.9833
Epoch 163: Loss:            : Train 0.0043, Val 0.2272, Test 0.1206
          Accuracy         : Train 0.9978, Val 0.9806, Test 0.9833
Best:
          Accuracy         : Train 0.9980, Val 0.9833, Test 0.9833
Epoch 164: Loss:            : Train 0.0136, Val 0.2116, Test 0.1018
          Accuracy         : Train 0.9978, Val 0.9806, Test 0.9861
Best:
          Accuracy         : Train 0.9980, Val 0.9833, Test 0.9833
Epoch 165: Loss:            : Train 0.0012, Val 0.2657, Test 0.1518
          Accuracy         : Train 0.9996, Val 0.9736, Test 0.9812
Best:
          Accuracy         : Train 0.9980, Val 0.9833, Test 0.9833
Epoch 166: Loss:            : Train 0.0184, Val 0.2307, Test 0.1012
          Accuracy         : Train 0.9968, Val 0.9792, Test 0.9868
Best:
          Accuracy         : Train 0.9980, Val 0.9833, Test 0.9833
Epoch 167: Loss:            : Train 0.0006, Val 0.2332, Test 0.1362
          Accuracy         : Train 0.9996, Val 0.9819, Test 0.9764
Best:
          Accuracy         : Train 0.9980, Val 0.9833, Test 0.9833
Epoch 168: Loss:            : Train 0.0199, Val 0.2230, Test 0.1045
          Accuracy         : Train 0.9960, Val 0.9819, Test 0.9868
Best:
          Accuracy         : Train 0.9980, Val 0.9833, Test 0.9833
Epoch 169: Loss:            : Train 0.0057, Val 0.2486, Test 0.1224
          Accuracy         : Train 0.9988, Val 0.9778, Test 0.9826
Best:
          Accuracy         : Train 0.9980, Val 0.9833, Test 0.9833
Epoch 170: Loss:            : Train 0.0123, Val 0.2169, Test 0.0808
          Accuracy         : Train 0.9950, Val 0.9806, Test 0.9889
Best:
          Accuracy         : Train 0.9980, Val 0.9833, Test 0.9833
Epoch 171: Loss:            : Train 0.0012, Val 0.2057, Test 0.0901
          Accuracy         : Train 0.9998, Val 0.9833, Test 0.9847
Best:
          Accuracy         : Train 0.9980, Val 0.9833, Test 0.9833
Epoch 172: Loss:            : Train 0.0075, Val 0.1967, Test 0.0866
          Accuracy         : Train 0.9990, Val 0.9847, Test 0.9861
Best:
          Accuracy         : Train 0.9990, Val 0.9847, Test 0.9861
Epoch 173: Loss:            : Train 0.0019, Val 0.1998, Test 0.0901
          Accuracy         : Train 0.9994, Val 0.9792, Test 0.9847
Best:
          Accuracy         : Train 0.9990, Val 0.9847, Test 0.9861
Epoch 174: Loss:            : Train 0.0007, Val 0.2094, Test 0.1018
          Accuracy         : Train 0.9998, Val 0.9778, Test 0.9833
Best:
          Accuracy         : Train 0.9990, Val 0.9847, Test 0.9861
Epoch 175: Loss:            : Train 0.0030, Val 0.2027, Test 0.0911
          Accuracy         : Train 0.9992, Val 0.9764, Test 0.9847
Best:
          Accuracy         : Train 0.9990, Val 0.9847, Test 0.9861
Epoch 176: Loss:            : Train 0.0038, Val 0.1970, Test 0.0854
          Accuracy         : Train 0.9988, Val 0.9778, Test 0.9861
Best:
          Accuracy         : Train 0.9990, Val 0.9847, Test 0.9861
Epoch 177: Loss:            : Train 0.0007, Val 0.2274, Test 0.1053
          Accuracy         : Train 0.9996, Val 0.9708, Test 0.9826
Best:
          Accuracy         : Train 0.9990, Val 0.9847, Test 0.9861
Epoch 178: Loss:            : Train 0.0037, Val 0.1960, Test 0.0917
          Accuracy         : Train 0.9988, Val 0.9750, Test 0.9868
Best:
          Accuracy         : Train 0.9990, Val 0.9847, Test 0.9861
Epoch 179: Loss:            : Train 0.0028, Val 0.1950, Test 0.1039
          Accuracy         : Train 0.9996, Val 0.9806, Test 0.9868
Best:
          Accuracy         : Train 0.9990, Val 0.9847, Test 0.9861
Epoch 180: Loss:            : Train 0.0023, Val 0.2281, Test 0.1160
          Accuracy         : Train 0.9994, Val 0.9806, Test 0.9868
Best:
          Accuracy         : Train 0.9990, Val 0.9847, Test 0.9861
Epoch 181: Loss:            : Train 0.0040, Val 0.1933, Test 0.1067
          Accuracy         : Train 0.9984, Val 0.9819, Test 0.9861
Best:
          Accuracy         : Train 0.9990, Val 0.9847, Test 0.9861
Epoch 182: Loss:            : Train 0.0036, Val 0.2200, Test 0.1229
          Accuracy         : Train 0.9986, Val 0.9806, Test 0.9854
Best:
          Accuracy         : Train 0.9990, Val 0.9847, Test 0.9861
Epoch 183: Loss:            : Train 0.0014, Val 0.2461, Test 0.1452
          Accuracy         : Train 0.9994, Val 0.9750, Test 0.9812
Best:
          Accuracy         : Train 0.9990, Val 0.9847, Test 0.9861
Epoch 184: Loss:            : Train 0.0031, Val 0.2155, Test 0.1286
          Accuracy         : Train 0.9978, Val 0.9764, Test 0.9847
Best:
          Accuracy         : Train 0.9990, Val 0.9847, Test 0.9861
Epoch 185: Loss:            : Train 0.0044, Val 0.2072, Test 0.1055
          Accuracy         : Train 0.9980, Val 0.9833, Test 0.9847
Best:
          Accuracy         : Train 0.9990, Val 0.9847, Test 0.9861
Epoch 186: Loss:            : Train 0.0007, Val 0.2324, Test 0.1085
          Accuracy         : Train 0.9996, Val 0.9833, Test 0.9805
Best:
          Accuracy         : Train 0.9990, Val 0.9847, Test 0.9861
Epoch 187: Loss:            : Train 0.0027, Val 0.1972, Test 0.1045
          Accuracy         : Train 0.9980, Val 0.9819, Test 0.9840
Best:
          Accuracy         : Train 0.9990, Val 0.9847, Test 0.9861
Epoch 188: Loss:            : Train 0.0071, Val 0.2136, Test 0.1186
          Accuracy         : Train 0.9992, Val 0.9819, Test 0.9854
Best:
          Accuracy         : Train 0.9990, Val 0.9847, Test 0.9861
Epoch 189: Loss:            : Train 0.0004, Val 0.2632, Test 0.1569
          Accuracy         : Train 1.0000, Val 0.9750, Test 0.9798
Best:
          Accuracy         : Train 0.9990, Val 0.9847, Test 0.9861
Epoch 190: Loss:            : Train 0.0054, Val 0.2850, Test 0.1536
          Accuracy         : Train 0.9988, Val 0.9750, Test 0.9805
Best:
          Accuracy         : Train 0.9990, Val 0.9847, Test 0.9861
Epoch 191: Loss:            : Train 0.0016, Val 0.2772, Test 0.1391
          Accuracy         : Train 0.9996, Val 0.9764, Test 0.9812
Best:
          Accuracy         : Train 0.9990, Val 0.9847, Test 0.9861
Epoch 192: Loss:            : Train 0.0053, Val 0.2631, Test 0.1309
          Accuracy         : Train 0.9986, Val 0.9778, Test 0.9812
Best:
          Accuracy         : Train 0.9990, Val 0.9847, Test 0.9861
Epoch 193: Loss:            : Train 0.0015, Val 0.2661, Test 0.1326
          Accuracy         : Train 0.9994, Val 0.9806, Test 0.9819
Best:
          Accuracy         : Train 0.9990, Val 0.9847, Test 0.9861
Epoch 194: Loss:            : Train 0.0020, Val 0.3019, Test 0.1720
          Accuracy         : Train 0.9994, Val 0.9806, Test 0.9826
Best:
          Accuracy         : Train 0.9990, Val 0.9847, Test 0.9861
Epoch 195: Loss:            : Train 0.0035, Val 0.2271, Test 0.1329
          Accuracy         : Train 0.9980, Val 0.9806, Test 0.9854
Best:
          Accuracy         : Train 0.9990, Val 0.9847, Test 0.9861
Epoch 196: Loss:            : Train 0.0018, Val 0.2377, Test 0.1474
          Accuracy         : Train 0.9998, Val 0.9792, Test 0.9854
Best:
          Accuracy         : Train 0.9990, Val 0.9847, Test 0.9861
Epoch 197: Loss:            : Train 0.0059, Val 0.2663, Test 0.1664
          Accuracy         : Train 0.9980, Val 0.9778, Test 0.9792
Best:
          Accuracy         : Train 0.9990, Val 0.9847, Test 0.9861
Epoch 198: Loss:            : Train 0.0034, Val 0.2914, Test 0.1694
          Accuracy         : Train 0.9988, Val 0.9806, Test 0.9812
Best:
          Accuracy         : Train 0.9990, Val 0.9847, Test 0.9861
Epoch 199: Loss:            : Train 0.0026, Val 0.2546, Test 0.1200
          Accuracy         : Train 0.9988, Val 0.9806, Test 0.9847
Best:
          Accuracy         : Train 0.9990, Val 0.9847, Test 0.9861
Epoch 200: Loss:            : Train 0.0016, Val 0.2725, Test 0.1117
          Accuracy         : Train 0.9996, Val 0.9806, Test 0.9854
Best:
          Accuracy         : Train 0.9990, Val 0.9847, Test 0.9861
Training time (sec): 26
