Loading data from cache
Done
Calculating noise scale
Adding noise of scale 0.0 to sim_scores
Adding noise of scale 0.0 to sim_scores
Adding noise of scale 0.0 to sim_scores
Filter dataset to top 20
Generating top 20 dataset
Generating top 20 dataset
Generating top 20 dataset
Preparing time (sec): 6
Initializing dataloader
Done
Prepare for training
Start training
================================================================================
                                    Kernel Shape Output Shape  Params  \
Layer                                                                   
0_local_models.0.fc_layers.Linear_0    [46, 100]    [32, 100]    4700   
1_local_models.0.fc_layers.Linear_1    [100, 50]     [32, 50]    5050   
2_local_models.1.fc_layers.Linear_0    [45, 100]    [32, 100]    4600   
3_local_models.1.fc_layers.Linear_1    [100, 50]     [32, 50]    5050   
4_agg_model.fc_layers.Linear_0        [100, 100]    [32, 100]   10100   
5_agg_model.fc_layers.Linear_1          [100, 1]      [32, 1]     101   

                                     Mult-Adds  
Layer                                           
0_local_models.0.fc_layers.Linear_0       4600  
1_local_models.0.fc_layers.Linear_1       5000  
2_local_models.1.fc_layers.Linear_0       4500  
3_local_models.1.fc_layers.Linear_1       5000  
4_agg_model.fc_layers.Linear_0           10000  
5_agg_model.fc_layers.Linear_1             100  
--------------------------------------------------------------------------------
                      Totals
Total params           29601
Trainable params       29601
Non-trainable params       0
Mult-Adds              29200
================================================================================
n_classes=2
task=binary_cls
model_name=syn_featuresim_noise_0.2_2022-01-30-07-56-25
sche_threshold=0.0001
sche_patience=10
sche_factor=0.1
use_scheduler=False
num_workers=4
device=cuda:2
test_batch_size=4096
train_batch_size=32
learning_rate=0.001
weight_decay=0.0001
num_epochs=50
model_save_path=ckp/syn_featuresim_noise_0.2_2022-01-30-07-56-25.pth
test_rate=0.2
val_rate=0.1
multiprocess_context=fork
metrics=['accuracy']
metrics_f=[<metric.accuracy.Accuracy object at 0x7f9c3a2e6e80>]
hidden_sizes=[100, 100]
model=SplitNN(
  (agg_model): MLP(
    (fc_layers): ModuleList(
      (0): Linear(in_features=100, out_features=100, bias=True)
      (1): Linear(in_features=100, out_features=1, bias=True)
    )
  )
  (local_models): ModuleList(
    (0): MLP(
      (fc_layers): ModuleList(
        (0): Linear(in_features=46, out_features=100, bias=True)
        (1): Linear(in_features=100, out_features=50, bias=True)
      )
    )
    (1): MLP(
      (fc_layers): ModuleList(
        (0): Linear(in_features=45, out_features=100, bias=True)
        (1): Linear(in_features=100, out_features=50, bias=True)
      )
    )
  )
)
writer=<torch.utils.tensorboard.writer.SummaryWriter object at 0x7f9c3a2e6eb0>
dataset_type=syn
drop_key=True
num_common_features=5
tree_radius=2
tree_leaf_size=1000
knn_k=20
grid_min=-10.0
grid_max=10.0
grid_width=1.5
sim_scaler=StandardScaler()
filter_top_k=20
link_n_jobs=1
psig_p=7
sim_leak_p=1.0
link_threshold_t=0.1
link_epsilon=0.1
n_hash_lsh=20
edit_distance_threshold=1
n_hash_func=10
collision_rate=0.05
qgram_q=2
link_delta=0.1
feature_wise_sim=False
blocking_method=knn
center_threshold=0.5
n_clusters=100
local_hidden_sizes=[[100], [100]]
cut_dims=[50, 50]
agg_hidden_sizes=[100]
scale_analysis=None
data1_shape=(60000, 50)
data2_shape=(60000, 50)
Epoch 1: Loss:            : Train 0.6566, Val 0.6440, Test 0.6408
          Accuracy         : Train 0.5964, Val 0.6159, Test 0.6203
Best:
          Accuracy         : Train 0.5964, Val 0.6159, Test 0.6203
Epoch 2: Loss:            : Train 0.6357, Val 0.6415, Test 0.6396
          Accuracy         : Train 0.6296, Val 0.6157, Test 0.6192
Best:
          Accuracy         : Train 0.5964, Val 0.6159, Test 0.6203
Epoch 3: Loss:            : Train 0.6280, Val 0.6384, Test 0.6353
          Accuracy         : Train 0.6363, Val 0.6216, Test 0.6254
Best:
          Accuracy         : Train 0.6363, Val 0.6216, Test 0.6254
Epoch 4: Loss:            : Train 0.6229, Val 0.6387, Test 0.6337
          Accuracy         : Train 0.6440, Val 0.6209, Test 0.6267
Best:
          Accuracy         : Train 0.6363, Val 0.6216, Test 0.6254
Epoch 5: Loss:            : Train 0.6171, Val 0.6387, Test 0.6342
          Accuracy         : Train 0.6491, Val 0.6250, Test 0.6272
Best:
          Accuracy         : Train 0.6491, Val 0.6250, Test 0.6272
Epoch 6: Loss:            : Train 0.6130, Val 0.6404, Test 0.6355
          Accuracy         : Train 0.6546, Val 0.6248, Test 0.6283
Best:
          Accuracy         : Train 0.6491, Val 0.6250, Test 0.6272
Epoch 7: Loss:            : Train 0.6079, Val 0.6368, Test 0.6319
          Accuracy         : Train 0.6587, Val 0.6294, Test 0.6282
Best:
          Accuracy         : Train 0.6587, Val 0.6294, Test 0.6282
Epoch 8: Loss:            : Train 0.6037, Val 0.6402, Test 0.6330
          Accuracy         : Train 0.6641, Val 0.6225, Test 0.6301
Best:
          Accuracy         : Train 0.6587, Val 0.6294, Test 0.6282
Epoch 9: Loss:            : Train 0.5990, Val 0.6382, Test 0.6321
          Accuracy         : Train 0.6689, Val 0.6292, Test 0.6319
Best:
          Accuracy         : Train 0.6587, Val 0.6294, Test 0.6282
Epoch 10: Loss:            : Train 0.5948, Val 0.6478, Test 0.6423
          Accuracy         : Train 0.6716, Val 0.6254, Test 0.6258
Best:
          Accuracy         : Train 0.6587, Val 0.6294, Test 0.6282
Epoch 11: Loss:            : Train 0.5912, Val 0.6427, Test 0.6351
          Accuracy         : Train 0.6751, Val 0.6254, Test 0.6309
Best:
          Accuracy         : Train 0.6587, Val 0.6294, Test 0.6282
Epoch 12: Loss:            : Train 0.5869, Val 0.6427, Test 0.6375
          Accuracy         : Train 0.6782, Val 0.6282, Test 0.6309
Best:
          Accuracy         : Train 0.6587, Val 0.6294, Test 0.6282
Epoch 13: Loss:            : Train 0.5834, Val 0.6505, Test 0.6416
          Accuracy         : Train 0.6822, Val 0.6251, Test 0.6288
Best:
          Accuracy         : Train 0.6587, Val 0.6294, Test 0.6282
Epoch 14: Loss:            : Train 0.5805, Val 0.6486, Test 0.6390
          Accuracy         : Train 0.6850, Val 0.6274, Test 0.6322
Best:
          Accuracy         : Train 0.6587, Val 0.6294, Test 0.6282
Epoch 15: Loss:            : Train 0.5770, Val 0.6535, Test 0.6440
          Accuracy         : Train 0.6891, Val 0.6164, Test 0.6217
Best:
          Accuracy         : Train 0.6587, Val 0.6294, Test 0.6282
Epoch 16: Loss:            : Train 0.5737, Val 0.6504, Test 0.6408
          Accuracy         : Train 0.6916, Val 0.6282, Test 0.6304
Best:
          Accuracy         : Train 0.6587, Val 0.6294, Test 0.6282
Epoch 17: Loss:            : Train 0.5706, Val 0.6719, Test 0.6570
          Accuracy         : Train 0.6950, Val 0.6175, Test 0.6266
Best:
          Accuracy         : Train 0.6587, Val 0.6294, Test 0.6282
Epoch 18: Loss:            : Train 0.5676, Val 0.6592, Test 0.6488
          Accuracy         : Train 0.6959, Val 0.6218, Test 0.6288
Best:
          Accuracy         : Train 0.6587, Val 0.6294, Test 0.6282
Epoch 19: Loss:            : Train 0.5646, Val 0.6607, Test 0.6470
          Accuracy         : Train 0.6992, Val 0.6208, Test 0.6278
Best:
          Accuracy         : Train 0.6587, Val 0.6294, Test 0.6282
Epoch 20: Loss:            : Train 0.5610, Val 0.6610, Test 0.6503
          Accuracy         : Train 0.7017, Val 0.6186, Test 0.6271
Best:
          Accuracy         : Train 0.6587, Val 0.6294, Test 0.6282
Epoch 21: Loss:            : Train 0.5582, Val 0.6598, Test 0.6484
          Accuracy         : Train 0.7042, Val 0.6205, Test 0.6304
Best:
          Accuracy         : Train 0.6587, Val 0.6294, Test 0.6282
Epoch 22: Loss:            : Train 0.5565, Val 0.6670, Test 0.6533
          Accuracy         : Train 0.7061, Val 0.6186, Test 0.6298
Best:
          Accuracy         : Train 0.6587, Val 0.6294, Test 0.6282
Epoch 23: Loss:            : Train 0.5528, Val 0.6731, Test 0.6597
          Accuracy         : Train 0.7085, Val 0.6219, Test 0.6288
Best:
          Accuracy         : Train 0.6587, Val 0.6294, Test 0.6282
Epoch 24: Loss:            : Train 0.5499, Val 0.6842, Test 0.6663
          Accuracy         : Train 0.7108, Val 0.6110, Test 0.6276
Best:
          Accuracy         : Train 0.6587, Val 0.6294, Test 0.6282
Epoch 25: Loss:            : Train 0.5471, Val 0.6738, Test 0.6597
          Accuracy         : Train 0.7133, Val 0.6169, Test 0.6256
Best:
          Accuracy         : Train 0.6587, Val 0.6294, Test 0.6282
Epoch 26: Loss:            : Train 0.5450, Val 0.6841, Test 0.6694
          Accuracy         : Train 0.7158, Val 0.6141, Test 0.6234
Best:
          Accuracy         : Train 0.6587, Val 0.6294, Test 0.6282
Epoch 27: Loss:            : Train 0.5421, Val 0.6938, Test 0.6773
          Accuracy         : Train 0.7162, Val 0.6150, Test 0.6254
Best:
          Accuracy         : Train 0.6587, Val 0.6294, Test 0.6282
Epoch 28: Loss:            : Train 0.5388, Val 0.6934, Test 0.6755
          Accuracy         : Train 0.7205, Val 0.6144, Test 0.6233
Best:
          Accuracy         : Train 0.6587, Val 0.6294, Test 0.6282
Epoch 29: Loss:            : Train 0.5357, Val 0.7049, Test 0.6855
          Accuracy         : Train 0.7218, Val 0.6152, Test 0.6250
Best:
          Accuracy         : Train 0.6587, Val 0.6294, Test 0.6282
Epoch 30: Loss:            : Train 0.5330, Val 0.6959, Test 0.6781
          Accuracy         : Train 0.7247, Val 0.6145, Test 0.6284
Best:
          Accuracy         : Train 0.6587, Val 0.6294, Test 0.6282
Epoch 31: Loss:            : Train 0.5310, Val 0.7017, Test 0.6815
          Accuracy         : Train 0.7251, Val 0.6129, Test 0.6246
Best:
          Accuracy         : Train 0.6587, Val 0.6294, Test 0.6282
Epoch 32: Loss:            : Train 0.5292, Val 0.7064, Test 0.6897
          Accuracy         : Train 0.7276, Val 0.6093, Test 0.6218
Best:
          Accuracy         : Train 0.6587, Val 0.6294, Test 0.6282
Epoch 33: Loss:            : Train 0.5262, Val 0.7154, Test 0.6966
          Accuracy         : Train 0.7297, Val 0.6089, Test 0.6251
Best:
          Accuracy         : Train 0.6587, Val 0.6294, Test 0.6282
Epoch 34: Loss:            : Train 0.5231, Val 0.7057, Test 0.6850
          Accuracy         : Train 0.7322, Val 0.6069, Test 0.6199
Best:
          Accuracy         : Train 0.6587, Val 0.6294, Test 0.6282
Epoch 35: Loss:            : Train 0.5211, Val 0.7244, Test 0.6989
          Accuracy         : Train 0.7342, Val 0.6045, Test 0.6206
Best:
          Accuracy         : Train 0.6587, Val 0.6294, Test 0.6282
Epoch 36: Loss:            : Train 0.5175, Val 0.7198, Test 0.7006
          Accuracy         : Train 0.7368, Val 0.6076, Test 0.6179
Best:
          Accuracy         : Train 0.6587, Val 0.6294, Test 0.6282
Epoch 37: Loss:            : Train 0.5153, Val 0.7215, Test 0.7009
          Accuracy         : Train 0.7382, Val 0.6047, Test 0.6179
Best:
          Accuracy         : Train 0.6587, Val 0.6294, Test 0.6282
Epoch 38: Loss:            : Train 0.5121, Val 0.7242, Test 0.7088
          Accuracy         : Train 0.7410, Val 0.6045, Test 0.6197
Best:
          Accuracy         : Train 0.6587, Val 0.6294, Test 0.6282
Epoch 39: Loss:            : Train 0.5091, Val 0.7277, Test 0.7119
          Accuracy         : Train 0.7433, Val 0.6058, Test 0.6165
Best:
          Accuracy         : Train 0.6587, Val 0.6294, Test 0.6282
Epoch 40: Loss:            : Train 0.5067, Val 0.7395, Test 0.7205
          Accuracy         : Train 0.7443, Val 0.6014, Test 0.6166
Best:
          Accuracy         : Train 0.6587, Val 0.6294, Test 0.6282
Epoch 41: Loss:            : Train 0.5044, Val 0.7392, Test 0.7250
          Accuracy         : Train 0.7456, Val 0.6014, Test 0.6122
Best:
          Accuracy         : Train 0.6587, Val 0.6294, Test 0.6282
Epoch 42: Loss:            : Train 0.5002, Val 0.7573, Test 0.7440
          Accuracy         : Train 0.7497, Val 0.6052, Test 0.6200
Best:
          Accuracy         : Train 0.6587, Val 0.6294, Test 0.6282
Epoch 43: Loss:            : Train 0.4985, Val 0.7531, Test 0.7362
          Accuracy         : Train 0.7500, Val 0.6007, Test 0.6137
Best:
          Accuracy         : Train 0.6587, Val 0.6294, Test 0.6282
Epoch 44: Loss:            : Train 0.4941, Val 0.7663, Test 0.7477
          Accuracy         : Train 0.7541, Val 0.5993, Test 0.6137
Best:
          Accuracy         : Train 0.6587, Val 0.6294, Test 0.6282
Epoch 45: Loss:            : Train 0.4915, Val 0.7729, Test 0.7530
          Accuracy         : Train 0.7555, Val 0.5983, Test 0.6136
Best:
          Accuracy         : Train 0.6587, Val 0.6294, Test 0.6282
Epoch 46: Loss:            : Train 0.4884, Val 0.7652, Test 0.7490
          Accuracy         : Train 0.7588, Val 0.5999, Test 0.6099
Best:
          Accuracy         : Train 0.6587, Val 0.6294, Test 0.6282
Epoch 47: Loss:            : Train 0.4849, Val 0.7808, Test 0.7704
          Accuracy         : Train 0.7617, Val 0.6015, Test 0.6087
Best:
          Accuracy         : Train 0.6587, Val 0.6294, Test 0.6282
Epoch 48: Loss:            : Train 0.4810, Val 0.7872, Test 0.7739
          Accuracy         : Train 0.7633, Val 0.6032, Test 0.6116
Best:
          Accuracy         : Train 0.6587, Val 0.6294, Test 0.6282
Epoch 49: Loss:            : Train 0.4783, Val 0.7963, Test 0.7826
          Accuracy         : Train 0.7656, Val 0.5891, Test 0.5990
Best:
          Accuracy         : Train 0.6587, Val 0.6294, Test 0.6282
Epoch 50: Loss:            : Train 0.4761, Val 0.7953, Test 0.7788
          Accuracy         : Train 0.7673, Val 0.5978, Test 0.6060
Best:
          Accuracy         : Train 0.6587, Val 0.6294, Test 0.6282
Training time (sec): 1560
