Loading data from cache
Done
Calculating noise scale
Adding noise of scale 0.0 to sim_scores
Adding noise of scale 0.0 to sim_scores
Adding noise of scale 0.0 to sim_scores
Filter dataset to top 40
Generating top 40 dataset
Generating top 40 dataset
Generating top 40 dataset
Generating top1 dataset
Generating top1 dataset
Generating top1 dataset
Preparing time (sec): 92
Loading data
Prepare for training
Start training
================================================================================
                                    Kernel Shape Output Shape  Params  \
Layer                                                                   
0_local_models.0.fc_layers.Linear_0    [45, 100]  [4096, 100]    4600   
1_local_models.0.fc_layers.Linear_1    [100, 50]   [4096, 50]    5050   
2_local_models.1.fc_layers.Linear_0    [45, 100]  [4096, 100]    4600   
3_local_models.1.fc_layers.Linear_1    [100, 50]   [4096, 50]    5050   
4_agg_model.fc_layers.Linear_0        [100, 100]  [4096, 100]   10100   
5_agg_model.fc_layers.Linear_1          [100, 1]    [4096, 1]     101   

                                     Mult-Adds  
Layer                                           
0_local_models.0.fc_layers.Linear_0       4500  
1_local_models.0.fc_layers.Linear_1       5000  
2_local_models.1.fc_layers.Linear_0       4500  
3_local_models.1.fc_layers.Linear_1       5000  
4_agg_model.fc_layers.Linear_0           10000  
5_agg_model.fc_layers.Linear_1             100  
--------------------------------------------------------------------------------
                      Totals
Total params           29501
Trainable params       29501
Non-trainable params       0
Mult-Adds              29100
================================================================================
n_classes=2
task=binary_cls
model_name=syn_top1sim_noise_0.20_2022-01-30-08-25-48
sche_threshold=0.0001
sche_patience=10
sche_factor=0.1
use_scheduler=False
num_workers=0
device=cuda:2
test_batch_size=4096
train_batch_size=4096
learning_rate=0.003
weight_decay=0.0001
num_epochs=100
model_save_path=ckp/syn_top1sim_noise_0.20_2022-01-30-08-25-48.pth
test_rate=0.2
val_rate=0.1
multiprocess_context=None
metrics=['accuracy']
metrics_f=[<metric.accuracy.Accuracy object at 0x7fa1f1f5baf0>]
hidden_sizes=[100, 100]
model=SplitNN(
  (agg_model): MLP(
    (fc_layers): ModuleList(
      (0): Linear(in_features=100, out_features=100, bias=True)
      (1): Linear(in_features=100, out_features=1, bias=True)
    )
  )
  (local_models): ModuleList(
    (0): MLP(
      (fc_layers): ModuleList(
        (0): Linear(in_features=45, out_features=100, bias=True)
        (1): Linear(in_features=100, out_features=50, bias=True)
      )
    )
    (1): MLP(
      (fc_layers): ModuleList(
        (0): Linear(in_features=45, out_features=100, bias=True)
        (1): Linear(in_features=100, out_features=50, bias=True)
      )
    )
  )
)
writer=<torch.utils.tensorboard.writer.SummaryWriter object at 0x7fa1f1f5bb20>
dataset_type=syn
drop_key=True
num_common_features=5
tree_radius=0.1
tree_leaf_size=40
knn_k=40
grid_min=-10.0
grid_max=10.0
grid_width=1.5
sim_scaler=StandardScaler()
filter_top_k=40
link_n_jobs=1
psig_p=7
sim_leak_p=1.0
link_threshold_t=0.1
link_epsilon=0.1
n_hash_lsh=20
edit_distance_threshold=1
n_hash_func=10
collision_rate=0.05
qgram_q=2
link_delta=0.1
feature_wise_sim=False
blocking_method=knn
center_threshold=0.5
n_clusters=100
local_hidden_sizes=[[100], [100]]
cut_dims=[50, 50]
agg_hidden_sizes=[100]
scale_analysis=None
data1_shape=(60000, 50)
data2_shape=(60000, 50)
Epoch 1: Loss:            : Train 0.0000, Val 0.6849, Test 0.6849
          Accuracy         : Train 0.5446, Val 0.5800, Test 0.5849
Best:
          Accuracy         : Train 0.5446, Val 0.5800, Test 0.5849
Epoch 2: Loss:            : Train 0.0000, Val 0.6752, Test 0.6755
          Accuracy         : Train 0.5835, Val 0.6073, Test 0.6029
Best:
          Accuracy         : Train 0.5835, Val 0.6073, Test 0.6029
Epoch 3: Loss:            : Train 0.0000, Val 0.6640, Test 0.6642
          Accuracy         : Train 0.5951, Val 0.6177, Test 0.6138
Best:
          Accuracy         : Train 0.5951, Val 0.6177, Test 0.6138
Epoch 4: Loss:            : Train 0.0000, Val 0.6515, Test 0.6516
          Accuracy         : Train 0.6040, Val 0.6288, Test 0.6275
Best:
          Accuracy         : Train 0.6040, Val 0.6288, Test 0.6275
Epoch 5: Loss:            : Train 0.0000, Val 0.6381, Test 0.6383
          Accuracy         : Train 0.6132, Val 0.6373, Test 0.6395
Best:
          Accuracy         : Train 0.6132, Val 0.6373, Test 0.6395
Epoch 6: Loss:            : Train 0.0000, Val 0.6229, Test 0.6241
          Accuracy         : Train 0.6276, Val 0.6575, Test 0.6532
Best:
          Accuracy         : Train 0.6276, Val 0.6575, Test 0.6532
Epoch 7: Loss:            : Train 0.0000, Val 0.6059, Test 0.6094
          Accuracy         : Train 0.6417, Val 0.6743, Test 0.6732
Best:
          Accuracy         : Train 0.6417, Val 0.6743, Test 0.6732
Epoch 8: Loss:            : Train 0.0000, Val 0.5885, Test 0.5946
          Accuracy         : Train 0.6570, Val 0.6927, Test 0.6897
Best:
          Accuracy         : Train 0.6570, Val 0.6927, Test 0.6897
Epoch 9: Loss:            : Train 0.0000, Val 0.5728, Test 0.5816
          Accuracy         : Train 0.6696, Val 0.7105, Test 0.7003
Best:
          Accuracy         : Train 0.6696, Val 0.7105, Test 0.7003
Epoch 10: Loss:            : Train 0.0000, Val 0.5609, Test 0.5710
          Accuracy         : Train 0.6780, Val 0.7195, Test 0.7054
Best:
          Accuracy         : Train 0.6780, Val 0.7195, Test 0.7054
Epoch 11: Loss:            : Train 0.0000, Val 0.5518, Test 0.5639
          Accuracy         : Train 0.6856, Val 0.7277, Test 0.7120
Best:
          Accuracy         : Train 0.6856, Val 0.7277, Test 0.7120
Epoch 12: Loss:            : Train 0.0000, Val 0.5461, Test 0.5581
          Accuracy         : Train 0.6916, Val 0.7338, Test 0.7144
Best:
          Accuracy         : Train 0.6916, Val 0.7338, Test 0.7144
Epoch 13: Loss:            : Train 0.0000, Val 0.5401, Test 0.5531
          Accuracy         : Train 0.6975, Val 0.7352, Test 0.7217
Best:
          Accuracy         : Train 0.6975, Val 0.7352, Test 0.7217
Epoch 14: Loss:            : Train 0.0000, Val 0.5335, Test 0.5473
          Accuracy         : Train 0.7007, Val 0.7413, Test 0.7274
Best:
          Accuracy         : Train 0.7007, Val 0.7413, Test 0.7274
Epoch 15: Loss:            : Train 0.0000, Val 0.5296, Test 0.5434
          Accuracy         : Train 0.7044, Val 0.7417, Test 0.7267
Best:
          Accuracy         : Train 0.7044, Val 0.7417, Test 0.7267
Epoch 16: Loss:            : Train 0.0000, Val 0.5255, Test 0.5409
          Accuracy         : Train 0.7073, Val 0.7452, Test 0.7292
Best:
          Accuracy         : Train 0.7073, Val 0.7452, Test 0.7292
Epoch 17: Loss:            : Train 0.0000, Val 0.5217, Test 0.5383
          Accuracy         : Train 0.7095, Val 0.7493, Test 0.7332
Best:
          Accuracy         : Train 0.7095, Val 0.7493, Test 0.7332
Epoch 18: Loss:            : Train 0.0000, Val 0.5191, Test 0.5348
          Accuracy         : Train 0.7148, Val 0.7518, Test 0.7339
Best:
          Accuracy         : Train 0.7148, Val 0.7518, Test 0.7339
Epoch 19: Loss:            : Train 0.0000, Val 0.5162, Test 0.5336
          Accuracy         : Train 0.7153, Val 0.7510, Test 0.7359
Best:
          Accuracy         : Train 0.7148, Val 0.7518, Test 0.7339
Epoch 20: Loss:            : Train 0.0000, Val 0.5132, Test 0.5301
          Accuracy         : Train 0.7205, Val 0.7537, Test 0.7374
Best:
          Accuracy         : Train 0.7205, Val 0.7537, Test 0.7374
Epoch 21: Loss:            : Train 0.0000, Val 0.5117, Test 0.5294
          Accuracy         : Train 0.7213, Val 0.7505, Test 0.7338
Best:
          Accuracy         : Train 0.7205, Val 0.7537, Test 0.7374
Epoch 22: Loss:            : Train 0.0000, Val 0.5069, Test 0.5247
          Accuracy         : Train 0.7247, Val 0.7592, Test 0.7392
Best:
          Accuracy         : Train 0.7247, Val 0.7592, Test 0.7392
Epoch 23: Loss:            : Train 0.0000, Val 0.5049, Test 0.5247
          Accuracy         : Train 0.7274, Val 0.7615, Test 0.7387
Best:
          Accuracy         : Train 0.7274, Val 0.7615, Test 0.7387
Epoch 24: Loss:            : Train 0.0000, Val 0.5010, Test 0.5219
          Accuracy         : Train 0.7278, Val 0.7648, Test 0.7419
Best:
          Accuracy         : Train 0.7278, Val 0.7648, Test 0.7419
Epoch 25: Loss:            : Train 0.0000, Val 0.4999, Test 0.5222
          Accuracy         : Train 0.7315, Val 0.7642, Test 0.7433
Best:
          Accuracy         : Train 0.7278, Val 0.7648, Test 0.7419
Epoch 26: Loss:            : Train 0.0000, Val 0.4970, Test 0.5193
          Accuracy         : Train 0.7349, Val 0.7632, Test 0.7416
Best:
          Accuracy         : Train 0.7278, Val 0.7648, Test 0.7419
Epoch 27: Loss:            : Train 0.0000, Val 0.4998, Test 0.5210
          Accuracy         : Train 0.7360, Val 0.7638, Test 0.7384
Best:
          Accuracy         : Train 0.7278, Val 0.7648, Test 0.7419
Epoch 28: Loss:            : Train 0.0000, Val 0.4961, Test 0.5192
          Accuracy         : Train 0.7373, Val 0.7670, Test 0.7435
Best:
          Accuracy         : Train 0.7373, Val 0.7670, Test 0.7435
Epoch 29: Loss:            : Train 0.0000, Val 0.4985, Test 0.5213
          Accuracy         : Train 0.7406, Val 0.7612, Test 0.7365
Best:
          Accuracy         : Train 0.7373, Val 0.7670, Test 0.7435
Epoch 30: Loss:            : Train 0.0000, Val 0.4946, Test 0.5173
          Accuracy         : Train 0.7412, Val 0.7693, Test 0.7451
Best:
          Accuracy         : Train 0.7412, Val 0.7693, Test 0.7451
Epoch 31: Loss:            : Train 0.0000, Val 0.4949, Test 0.5187
          Accuracy         : Train 0.7439, Val 0.7697, Test 0.7435
Best:
          Accuracy         : Train 0.7439, Val 0.7697, Test 0.7435
Epoch 32: Loss:            : Train 0.0000, Val 0.4937, Test 0.5171
          Accuracy         : Train 0.7465, Val 0.7700, Test 0.7408
Best:
          Accuracy         : Train 0.7465, Val 0.7700, Test 0.7408
Epoch 33: Loss:            : Train 0.0000, Val 0.4966, Test 0.5200
          Accuracy         : Train 0.7497, Val 0.7660, Test 0.7393
Best:
          Accuracy         : Train 0.7465, Val 0.7700, Test 0.7408
Epoch 34: Loss:            : Train 0.0000, Val 0.4932, Test 0.5169
          Accuracy         : Train 0.7504, Val 0.7700, Test 0.7418
Best:
          Accuracy         : Train 0.7465, Val 0.7700, Test 0.7408
Epoch 35: Loss:            : Train 0.0000, Val 0.4927, Test 0.5178
          Accuracy         : Train 0.7517, Val 0.7697, Test 0.7409
Best:
          Accuracy         : Train 0.7465, Val 0.7700, Test 0.7408
Epoch 36: Loss:            : Train 0.0000, Val 0.4924, Test 0.5183
          Accuracy         : Train 0.7540, Val 0.7703, Test 0.7404
Best:
          Accuracy         : Train 0.7540, Val 0.7703, Test 0.7404
Epoch 37: Loss:            : Train 0.0000, Val 0.4947, Test 0.5173
          Accuracy         : Train 0.7570, Val 0.7668, Test 0.7386
Best:
          Accuracy         : Train 0.7540, Val 0.7703, Test 0.7404
Epoch 38: Loss:            : Train 0.0000, Val 0.4951, Test 0.5189
          Accuracy         : Train 0.7567, Val 0.7642, Test 0.7365
Best:
          Accuracy         : Train 0.7540, Val 0.7703, Test 0.7404
Epoch 39: Loss:            : Train 0.0000, Val 0.4970, Test 0.5199
          Accuracy         : Train 0.7600, Val 0.7613, Test 0.7373
Best:
          Accuracy         : Train 0.7540, Val 0.7703, Test 0.7404
Epoch 40: Loss:            : Train 0.0000, Val 0.4956, Test 0.5192
          Accuracy         : Train 0.7619, Val 0.7630, Test 0.7399
Best:
          Accuracy         : Train 0.7540, Val 0.7703, Test 0.7404
Epoch 41: Loss:            : Train 0.0000, Val 0.4952, Test 0.5230
          Accuracy         : Train 0.7646, Val 0.7678, Test 0.7395
Best:
          Accuracy         : Train 0.7540, Val 0.7703, Test 0.7404
Epoch 42: Loss:            : Train 0.0000, Val 0.4966, Test 0.5204
          Accuracy         : Train 0.7650, Val 0.7628, Test 0.7364
Best:
          Accuracy         : Train 0.7540, Val 0.7703, Test 0.7404
Epoch 43: Loss:            : Train 0.0000, Val 0.5041, Test 0.5265
          Accuracy         : Train 0.7676, Val 0.7573, Test 0.7340
Best:
          Accuracy         : Train 0.7540, Val 0.7703, Test 0.7404
Epoch 44: Loss:            : Train 0.0000, Val 0.4979, Test 0.5246
          Accuracy         : Train 0.7699, Val 0.7645, Test 0.7378
Best:
          Accuracy         : Train 0.7540, Val 0.7703, Test 0.7404
Epoch 45: Loss:            : Train 0.0000, Val 0.5018, Test 0.5271
          Accuracy         : Train 0.7709, Val 0.7645, Test 0.7347
Best:
          Accuracy         : Train 0.7540, Val 0.7703, Test 0.7404
Epoch 46: Loss:            : Train 0.0000, Val 0.5004, Test 0.5259
          Accuracy         : Train 0.7725, Val 0.7590, Test 0.7363
Best:
          Accuracy         : Train 0.7540, Val 0.7703, Test 0.7404
Epoch 47: Loss:            : Train 0.0000, Val 0.5039, Test 0.5286
          Accuracy         : Train 0.7733, Val 0.7557, Test 0.7375
Best:
          Accuracy         : Train 0.7540, Val 0.7703, Test 0.7404
Epoch 48: Loss:            : Train 0.0000, Val 0.5060, Test 0.5297
          Accuracy         : Train 0.7743, Val 0.7562, Test 0.7344
Best:
          Accuracy         : Train 0.7540, Val 0.7703, Test 0.7404
Epoch 49: Loss:            : Train 0.0000, Val 0.5048, Test 0.5305
          Accuracy         : Train 0.7770, Val 0.7602, Test 0.7337
Best:
          Accuracy         : Train 0.7540, Val 0.7703, Test 0.7404
Epoch 50: Loss:            : Train 0.0000, Val 0.5069, Test 0.5318
          Accuracy         : Train 0.7789, Val 0.7563, Test 0.7352
Best:
          Accuracy         : Train 0.7540, Val 0.7703, Test 0.7404
Epoch 51: Loss:            : Train 0.0000, Val 0.5064, Test 0.5338
          Accuracy         : Train 0.7796, Val 0.7590, Test 0.7338
Best:
          Accuracy         : Train 0.7540, Val 0.7703, Test 0.7404
Epoch 52: Loss:            : Train 0.0000, Val 0.5064, Test 0.5326
          Accuracy         : Train 0.7794, Val 0.7583, Test 0.7324
Best:
          Accuracy         : Train 0.7540, Val 0.7703, Test 0.7404
Epoch 53: Loss:            : Train 0.0000, Val 0.5107, Test 0.5375
          Accuracy         : Train 0.7823, Val 0.7562, Test 0.7328
Best:
          Accuracy         : Train 0.7540, Val 0.7703, Test 0.7404
Epoch 54: Loss:            : Train 0.0000, Val 0.5117, Test 0.5397
          Accuracy         : Train 0.7851, Val 0.7542, Test 0.7352
Best:
          Accuracy         : Train 0.7540, Val 0.7703, Test 0.7404
Epoch 55: Loss:            : Train 0.0000, Val 0.5156, Test 0.5409
          Accuracy         : Train 0.7865, Val 0.7540, Test 0.7331
Best:
          Accuracy         : Train 0.7540, Val 0.7703, Test 0.7404
Epoch 56: Loss:            : Train 0.0000, Val 0.5140, Test 0.5428
          Accuracy         : Train 0.7893, Val 0.7563, Test 0.7321
Best:
          Accuracy         : Train 0.7540, Val 0.7703, Test 0.7404
Epoch 57: Loss:            : Train 0.0000, Val 0.5186, Test 0.5451
          Accuracy         : Train 0.7890, Val 0.7533, Test 0.7298
Best:
          Accuracy         : Train 0.7540, Val 0.7703, Test 0.7404
Epoch 58: Loss:            : Train 0.0000, Val 0.5137, Test 0.5438
          Accuracy         : Train 0.7902, Val 0.7583, Test 0.7288
Best:
          Accuracy         : Train 0.7540, Val 0.7703, Test 0.7404
Epoch 59: Loss:            : Train 0.0000, Val 0.5160, Test 0.5483
          Accuracy         : Train 0.7941, Val 0.7565, Test 0.7290
Best:
          Accuracy         : Train 0.7540, Val 0.7703, Test 0.7404
Epoch 60: Loss:            : Train 0.0000, Val 0.5175, Test 0.5465
          Accuracy         : Train 0.7927, Val 0.7557, Test 0.7301
Best:
          Accuracy         : Train 0.7540, Val 0.7703, Test 0.7404
Epoch 61: Loss:            : Train 0.0000, Val 0.5261, Test 0.5615
          Accuracy         : Train 0.7940, Val 0.7518, Test 0.7273
Best:
          Accuracy         : Train 0.7540, Val 0.7703, Test 0.7404
Epoch 62: Loss:            : Train 0.0000, Val 0.5209, Test 0.5514
          Accuracy         : Train 0.7972, Val 0.7527, Test 0.7292
Best:
          Accuracy         : Train 0.7540, Val 0.7703, Test 0.7404
Epoch 63: Loss:            : Train 0.0000, Val 0.5246, Test 0.5517
          Accuracy         : Train 0.7995, Val 0.7562, Test 0.7308
Best:
          Accuracy         : Train 0.7540, Val 0.7703, Test 0.7404
Epoch 64: Loss:            : Train 0.0000, Val 0.5406, Test 0.5769
          Accuracy         : Train 0.8015, Val 0.7495, Test 0.7245
Best:
          Accuracy         : Train 0.7540, Val 0.7703, Test 0.7404
Epoch 65: Loss:            : Train 0.0000, Val 0.5280, Test 0.5598
          Accuracy         : Train 0.8000, Val 0.7537, Test 0.7265
Best:
          Accuracy         : Train 0.7540, Val 0.7703, Test 0.7404
Epoch 66: Loss:            : Train 0.0000, Val 0.5288, Test 0.5627
          Accuracy         : Train 0.8036, Val 0.7542, Test 0.7291
Best:
          Accuracy         : Train 0.7540, Val 0.7703, Test 0.7404
Epoch 67: Loss:            : Train 0.0000, Val 0.5302, Test 0.5616
          Accuracy         : Train 0.8051, Val 0.7508, Test 0.7268
Best:
          Accuracy         : Train 0.7540, Val 0.7703, Test 0.7404
Epoch 68: Loss:            : Train 0.0000, Val 0.5367, Test 0.5679
          Accuracy         : Train 0.8060, Val 0.7492, Test 0.7258
Best:
          Accuracy         : Train 0.7540, Val 0.7703, Test 0.7404
Epoch 69: Loss:            : Train 0.0000, Val 0.5437, Test 0.5721
          Accuracy         : Train 0.8048, Val 0.7402, Test 0.7207
Best:
          Accuracy         : Train 0.7540, Val 0.7703, Test 0.7404
Epoch 70: Loss:            : Train 0.0000, Val 0.5378, Test 0.5713
          Accuracy         : Train 0.8088, Val 0.7470, Test 0.7256
Best:
          Accuracy         : Train 0.7540, Val 0.7703, Test 0.7404
Epoch 71: Loss:            : Train 0.0000, Val 0.5422, Test 0.5759
          Accuracy         : Train 0.8108, Val 0.7477, Test 0.7248
Best:
          Accuracy         : Train 0.7540, Val 0.7703, Test 0.7404
Epoch 72: Loss:            : Train 0.0000, Val 0.5452, Test 0.5787
          Accuracy         : Train 0.8121, Val 0.7498, Test 0.7252
Best:
          Accuracy         : Train 0.7540, Val 0.7703, Test 0.7404
Epoch 73: Loss:            : Train 0.0000, Val 0.5556, Test 0.5925
          Accuracy         : Train 0.8134, Val 0.7440, Test 0.7212
Best:
          Accuracy         : Train 0.7540, Val 0.7703, Test 0.7404
Epoch 74: Loss:            : Train 0.0000, Val 0.5494, Test 0.5821
          Accuracy         : Train 0.8149, Val 0.7463, Test 0.7254
Best:
          Accuracy         : Train 0.7540, Val 0.7703, Test 0.7404
Epoch 75: Loss:            : Train 0.0000, Val 0.5594, Test 0.5925
          Accuracy         : Train 0.8163, Val 0.7437, Test 0.7189
Best:
          Accuracy         : Train 0.7540, Val 0.7703, Test 0.7404
Epoch 76: Loss:            : Train 0.0000, Val 0.5545, Test 0.5886
          Accuracy         : Train 0.8169, Val 0.7453, Test 0.7200
Best:
          Accuracy         : Train 0.7540, Val 0.7703, Test 0.7404
Epoch 77: Loss:            : Train 0.0000, Val 0.5665, Test 0.6051
          Accuracy         : Train 0.8188, Val 0.7470, Test 0.7184
Best:
          Accuracy         : Train 0.7540, Val 0.7703, Test 0.7404
Epoch 78: Loss:            : Train 0.0000, Val 0.5759, Test 0.6085
          Accuracy         : Train 0.8194, Val 0.7363, Test 0.7113
Best:
          Accuracy         : Train 0.7540, Val 0.7703, Test 0.7404
Epoch 79: Loss:            : Train 0.0000, Val 0.5638, Test 0.5986
          Accuracy         : Train 0.8175, Val 0.7415, Test 0.7214
Best:
          Accuracy         : Train 0.7540, Val 0.7703, Test 0.7404
Epoch 80: Loss:            : Train 0.0000, Val 0.5627, Test 0.5968
          Accuracy         : Train 0.8176, Val 0.7430, Test 0.7229
Best:
          Accuracy         : Train 0.7540, Val 0.7703, Test 0.7404
Epoch 81: Loss:            : Train 0.0000, Val 0.5660, Test 0.6023
          Accuracy         : Train 0.8217, Val 0.7370, Test 0.7153
Best:
          Accuracy         : Train 0.7540, Val 0.7703, Test 0.7404
Epoch 82: Loss:            : Train 0.0000, Val 0.5738, Test 0.6064
          Accuracy         : Train 0.8247, Val 0.7420, Test 0.7198
Best:
          Accuracy         : Train 0.7540, Val 0.7703, Test 0.7404
Epoch 83: Loss:            : Train 0.0000, Val 0.5869, Test 0.6160
          Accuracy         : Train 0.8240, Val 0.7317, Test 0.7125
Best:
          Accuracy         : Train 0.7540, Val 0.7703, Test 0.7404
Epoch 84: Loss:            : Train 0.0000, Val 0.5782, Test 0.6151
          Accuracy         : Train 0.8240, Val 0.7405, Test 0.7141
Best:
          Accuracy         : Train 0.7540, Val 0.7703, Test 0.7404
Epoch 85: Loss:            : Train 0.0000, Val 0.5801, Test 0.6118
          Accuracy         : Train 0.8269, Val 0.7400, Test 0.7167
Best:
          Accuracy         : Train 0.7540, Val 0.7703, Test 0.7404
Epoch 86: Loss:            : Train 0.0000, Val 0.5888, Test 0.6221
          Accuracy         : Train 0.8273, Val 0.7323, Test 0.7129
Best:
          Accuracy         : Train 0.7540, Val 0.7703, Test 0.7404
Epoch 87: Loss:            : Train 0.0000, Val 0.5884, Test 0.6241
          Accuracy         : Train 0.8271, Val 0.7375, Test 0.7173
Best:
          Accuracy         : Train 0.7540, Val 0.7703, Test 0.7404
Epoch 88: Loss:            : Train 0.0000, Val 0.5873, Test 0.6169
          Accuracy         : Train 0.8300, Val 0.7395, Test 0.7188
Best:
          Accuracy         : Train 0.7540, Val 0.7703, Test 0.7404
Epoch 89: Loss:            : Train 0.0000, Val 0.5924, Test 0.6279
          Accuracy         : Train 0.8284, Val 0.7315, Test 0.7096
Best:
          Accuracy         : Train 0.7540, Val 0.7703, Test 0.7404
Epoch 90: Loss:            : Train 0.0000, Val 0.5899, Test 0.6278
          Accuracy         : Train 0.8346, Val 0.7367, Test 0.7133
Best:
          Accuracy         : Train 0.7540, Val 0.7703, Test 0.7404
Epoch 91: Loss:            : Train 0.0000, Val 0.6087, Test 0.6408
          Accuracy         : Train 0.8322, Val 0.7295, Test 0.7088
Best:
          Accuracy         : Train 0.7540, Val 0.7703, Test 0.7404
Epoch 92: Loss:            : Train 0.0000, Val 0.6120, Test 0.6483
          Accuracy         : Train 0.8332, Val 0.7333, Test 0.7123
Best:
          Accuracy         : Train 0.7540, Val 0.7703, Test 0.7404
Epoch 93: Loss:            : Train 0.0000, Val 0.5986, Test 0.6360
          Accuracy         : Train 0.8391, Val 0.7337, Test 0.7122
Best:
          Accuracy         : Train 0.7540, Val 0.7703, Test 0.7404
Epoch 94: Loss:            : Train 0.0000, Val 0.6043, Test 0.6454
          Accuracy         : Train 0.8395, Val 0.7330, Test 0.7110
Best:
          Accuracy         : Train 0.7540, Val 0.7703, Test 0.7404
Epoch 95: Loss:            : Train 0.0000, Val 0.6140, Test 0.6519
          Accuracy         : Train 0.8404, Val 0.7337, Test 0.7110
Best:
          Accuracy         : Train 0.7540, Val 0.7703, Test 0.7404
Epoch 96: Loss:            : Train 0.0000, Val 0.6297, Test 0.6620
          Accuracy         : Train 0.8379, Val 0.7218, Test 0.7023
Best:
          Accuracy         : Train 0.7540, Val 0.7703, Test 0.7404
Epoch 97: Loss:            : Train 0.0000, Val 0.6143, Test 0.6516
          Accuracy         : Train 0.8383, Val 0.7293, Test 0.7084
Best:
          Accuracy         : Train 0.7540, Val 0.7703, Test 0.7404
Epoch 98: Loss:            : Train 0.0000, Val 0.6180, Test 0.6618
          Accuracy         : Train 0.8442, Val 0.7300, Test 0.7082
Best:
          Accuracy         : Train 0.7540, Val 0.7703, Test 0.7404
Epoch 99: Loss:            : Train 0.0000, Val 0.6353, Test 0.6719
          Accuracy         : Train 0.8461, Val 0.7243, Test 0.7064
Best:
          Accuracy         : Train 0.7540, Val 0.7703, Test 0.7404
Epoch 100: Loss:            : Train 0.0000, Val 0.6240, Test 0.6648
          Accuracy         : Train 0.8429, Val 0.7277, Test 0.7078
Best:
          Accuracy         : Train 0.7540, Val 0.7703, Test 0.7404
Training time (sec): 87
