Loading data from cache
Done
Calculating noise scale
Adding noise of scale 0.0 to sim_scores
Adding noise of scale 0.0 to sim_scores
Adding noise of scale 0.0 to sim_scores
Filter dataset to top 60
Generating top 60 dataset
Generating top 60 dataset
Generating top 60 dataset
Preparing time (sec): 37
Initializing dataloader
Done
Prepare for training
Start training
================================================================================
                                    Kernel Shape Output Shape  Params  \
Layer                                                                   
0_local_models.0.fc_layers.Linear_0    [46, 100]    [32, 100]    4700   
1_local_models.0.fc_layers.Linear_1    [100, 50]     [32, 50]    5050   
2_local_models.1.fc_layers.Linear_0    [45, 100]    [32, 100]    4600   
3_local_models.1.fc_layers.Linear_1    [100, 50]     [32, 50]    5050   
4_agg_model.fc_layers.Linear_0        [100, 100]    [32, 100]   10100   
5_agg_model.fc_layers.Linear_1          [100, 1]      [32, 1]     101   

                                     Mult-Adds  
Layer                                           
0_local_models.0.fc_layers.Linear_0       4600  
1_local_models.0.fc_layers.Linear_1       5000  
2_local_models.1.fc_layers.Linear_0       4500  
3_local_models.1.fc_layers.Linear_1       5000  
4_agg_model.fc_layers.Linear_0           10000  
5_agg_model.fc_layers.Linear_1             100  
--------------------------------------------------------------------------------
                      Totals
Total params           29601
Trainable params       29601
Non-trainable params       0
Mult-Adds              29200
================================================================================
n_classes=2
task=binary_cls
model_name=syn_featuresim_noise_0.2_2022-01-30-14-48-27
sche_threshold=0.0001
sche_patience=10
sche_factor=0.1
use_scheduler=False
num_workers=4
device=cuda:2
test_batch_size=4096
train_batch_size=32
learning_rate=0.001
weight_decay=0.0001
num_epochs=50
model_save_path=ckp/syn_featuresim_noise_0.2_2022-01-30-14-48-27.pth
test_rate=0.2
val_rate=0.1
multiprocess_context=fork
metrics=['accuracy']
metrics_f=[<metric.accuracy.Accuracy object at 0x7fb769fe7d00>]
hidden_sizes=[100, 100]
model=SplitNN(
  (agg_model): MLP(
    (fc_layers): ModuleList(
      (0): Linear(in_features=100, out_features=100, bias=True)
      (1): Linear(in_features=100, out_features=1, bias=True)
    )
  )
  (local_models): ModuleList(
    (0): MLP(
      (fc_layers): ModuleList(
        (0): Linear(in_features=46, out_features=100, bias=True)
        (1): Linear(in_features=100, out_features=50, bias=True)
      )
    )
    (1): MLP(
      (fc_layers): ModuleList(
        (0): Linear(in_features=45, out_features=100, bias=True)
        (1): Linear(in_features=100, out_features=50, bias=True)
      )
    )
  )
)
writer=<torch.utils.tensorboard.writer.SummaryWriter object at 0x7fb769fe7d30>
dataset_type=syn
drop_key=True
num_common_features=5
tree_radius=2
tree_leaf_size=1000
knn_k=60
grid_min=-10.0
grid_max=10.0
grid_width=1.5
sim_scaler=StandardScaler()
filter_top_k=60
link_n_jobs=1
psig_p=7
sim_leak_p=1.0
link_threshold_t=0.1
link_epsilon=0.1
n_hash_lsh=20
edit_distance_threshold=1
n_hash_func=10
collision_rate=0.05
qgram_q=2
link_delta=0.1
feature_wise_sim=False
blocking_method=knn
center_threshold=0.5
n_clusters=100
local_hidden_sizes=[[100], [100]]
cut_dims=[50, 50]
agg_hidden_sizes=[100]
scale_analysis=None
data1_shape=(60000, 50)
data2_shape=(60000, 50)
Epoch 1: Loss:            : Train 0.6575, Val 0.6488, Test 0.6433
          Accuracy         : Train 0.5958, Val 0.6077, Test 0.6132
Best:
          Accuracy         : Train 0.5958, Val 0.6077, Test 0.6132
Epoch 2: Loss:            : Train 0.6361, Val 0.6451, Test 0.6380
          Accuracy         : Train 0.6286, Val 0.6147, Test 0.6222
Best:
          Accuracy         : Train 0.6286, Val 0.6147, Test 0.6222
Epoch 3: Loss:            : Train 0.6298, Val 0.6422, Test 0.6355
          Accuracy         : Train 0.6364, Val 0.6161, Test 0.6234
Best:
          Accuracy         : Train 0.6364, Val 0.6161, Test 0.6234
Epoch 4: Loss:            : Train 0.6245, Val 0.6407, Test 0.6351
          Accuracy         : Train 0.6419, Val 0.6195, Test 0.6256
Best:
          Accuracy         : Train 0.6419, Val 0.6195, Test 0.6256
Epoch 5: Loss:            : Train 0.6198, Val 0.6413, Test 0.6338
          Accuracy         : Train 0.6483, Val 0.6190, Test 0.6280
Best:
          Accuracy         : Train 0.6419, Val 0.6195, Test 0.6256
Epoch 6: Loss:            : Train 0.6144, Val 0.6360, Test 0.6306
          Accuracy         : Train 0.6544, Val 0.6227, Test 0.6286
Best:
          Accuracy         : Train 0.6544, Val 0.6227, Test 0.6286
Epoch 7: Loss:            : Train 0.6089, Val 0.6391, Test 0.6305
          Accuracy         : Train 0.6594, Val 0.6235, Test 0.6324
Best:
          Accuracy         : Train 0.6594, Val 0.6235, Test 0.6324
Epoch 8: Loss:            : Train 0.6038, Val 0.6424, Test 0.6307
          Accuracy         : Train 0.6642, Val 0.6237, Test 0.6317
Best:
          Accuracy         : Train 0.6642, Val 0.6237, Test 0.6317
Epoch 9: Loss:            : Train 0.5989, Val 0.6416, Test 0.6296
          Accuracy         : Train 0.6694, Val 0.6228, Test 0.6309
Best:
          Accuracy         : Train 0.6642, Val 0.6237, Test 0.6317
Epoch 10: Loss:            : Train 0.5944, Val 0.6430, Test 0.6316
          Accuracy         : Train 0.6749, Val 0.6291, Test 0.6361
Best:
          Accuracy         : Train 0.6749, Val 0.6291, Test 0.6361
Epoch 11: Loss:            : Train 0.5904, Val 0.6437, Test 0.6303
          Accuracy         : Train 0.6773, Val 0.6260, Test 0.6349
Best:
          Accuracy         : Train 0.6749, Val 0.6291, Test 0.6361
Epoch 12: Loss:            : Train 0.5860, Val 0.6475, Test 0.6363
          Accuracy         : Train 0.6810, Val 0.6221, Test 0.6273
Best:
          Accuracy         : Train 0.6749, Val 0.6291, Test 0.6361
Epoch 13: Loss:            : Train 0.5823, Val 0.6512, Test 0.6368
          Accuracy         : Train 0.6839, Val 0.6223, Test 0.6325
Best:
          Accuracy         : Train 0.6749, Val 0.6291, Test 0.6361
Epoch 14: Loss:            : Train 0.5788, Val 0.6474, Test 0.6379
          Accuracy         : Train 0.6872, Val 0.6202, Test 0.6297
Best:
          Accuracy         : Train 0.6749, Val 0.6291, Test 0.6361
Epoch 15: Loss:            : Train 0.5754, Val 0.6561, Test 0.6391
          Accuracy         : Train 0.6901, Val 0.6202, Test 0.6277
Best:
          Accuracy         : Train 0.6749, Val 0.6291, Test 0.6361
Epoch 16: Loss:            : Train 0.5724, Val 0.6565, Test 0.6419
          Accuracy         : Train 0.6924, Val 0.6197, Test 0.6319
Best:
          Accuracy         : Train 0.6749, Val 0.6291, Test 0.6361
Epoch 17: Loss:            : Train 0.5689, Val 0.6671, Test 0.6541
          Accuracy         : Train 0.6950, Val 0.6176, Test 0.6273
Best:
          Accuracy         : Train 0.6749, Val 0.6291, Test 0.6361
Epoch 18: Loss:            : Train 0.5659, Val 0.6614, Test 0.6439
          Accuracy         : Train 0.6993, Val 0.6213, Test 0.6334
Best:
          Accuracy         : Train 0.6749, Val 0.6291, Test 0.6361
Epoch 19: Loss:            : Train 0.5631, Val 0.6675, Test 0.6493
          Accuracy         : Train 0.7003, Val 0.6185, Test 0.6292
Best:
          Accuracy         : Train 0.6749, Val 0.6291, Test 0.6361
Epoch 20: Loss:            : Train 0.5591, Val 0.6630, Test 0.6479
          Accuracy         : Train 0.7035, Val 0.6196, Test 0.6276
Best:
          Accuracy         : Train 0.6749, Val 0.6291, Test 0.6361
Epoch 21: Loss:            : Train 0.5571, Val 0.6639, Test 0.6473
          Accuracy         : Train 0.7065, Val 0.6148, Test 0.6259
Best:
          Accuracy         : Train 0.6749, Val 0.6291, Test 0.6361
Epoch 22: Loss:            : Train 0.5548, Val 0.6687, Test 0.6494
          Accuracy         : Train 0.7081, Val 0.6097, Test 0.6249
Best:
          Accuracy         : Train 0.6749, Val 0.6291, Test 0.6361
Epoch 23: Loss:            : Train 0.5513, Val 0.6778, Test 0.6608
          Accuracy         : Train 0.7130, Val 0.6159, Test 0.6286
Best:
          Accuracy         : Train 0.6749, Val 0.6291, Test 0.6361
Epoch 24: Loss:            : Train 0.5487, Val 0.6826, Test 0.6626
          Accuracy         : Train 0.7121, Val 0.6137, Test 0.6251
Best:
          Accuracy         : Train 0.6749, Val 0.6291, Test 0.6361
Epoch 25: Loss:            : Train 0.5464, Val 0.6780, Test 0.6591
          Accuracy         : Train 0.7168, Val 0.6107, Test 0.6216
Best:
          Accuracy         : Train 0.6749, Val 0.6291, Test 0.6361
Epoch 26: Loss:            : Train 0.5427, Val 0.6964, Test 0.6772
          Accuracy         : Train 0.7191, Val 0.6116, Test 0.6255
Best:
          Accuracy         : Train 0.6749, Val 0.6291, Test 0.6361
Epoch 27: Loss:            : Train 0.5406, Val 0.6877, Test 0.6699
          Accuracy         : Train 0.7192, Val 0.6120, Test 0.6196
Best:
          Accuracy         : Train 0.6749, Val 0.6291, Test 0.6361
Epoch 28: Loss:            : Train 0.5380, Val 0.6944, Test 0.6746
          Accuracy         : Train 0.7217, Val 0.6138, Test 0.6245
Best:
          Accuracy         : Train 0.6749, Val 0.6291, Test 0.6361
Epoch 29: Loss:            : Train 0.5356, Val 0.6883, Test 0.6715
          Accuracy         : Train 0.7236, Val 0.6174, Test 0.6242
Best:
          Accuracy         : Train 0.6749, Val 0.6291, Test 0.6361
Epoch 30: Loss:            : Train 0.5337, Val 0.6921, Test 0.6715
          Accuracy         : Train 0.7255, Val 0.6091, Test 0.6248
Best:
          Accuracy         : Train 0.6749, Val 0.6291, Test 0.6361
Epoch 31: Loss:            : Train 0.5312, Val 0.7065, Test 0.6821
          Accuracy         : Train 0.7270, Val 0.6093, Test 0.6200
Best:
          Accuracy         : Train 0.6749, Val 0.6291, Test 0.6361
Epoch 32: Loss:            : Train 0.5293, Val 0.6976, Test 0.6732
          Accuracy         : Train 0.7275, Val 0.6110, Test 0.6232
Best:
          Accuracy         : Train 0.6749, Val 0.6291, Test 0.6361
Epoch 33: Loss:            : Train 0.5259, Val 0.7227, Test 0.6944
          Accuracy         : Train 0.7311, Val 0.5995, Test 0.6150
Best:
          Accuracy         : Train 0.6749, Val 0.6291, Test 0.6361
Epoch 34: Loss:            : Train 0.5236, Val 0.7091, Test 0.6847
          Accuracy         : Train 0.7329, Val 0.6061, Test 0.6208
Best:
          Accuracy         : Train 0.6749, Val 0.6291, Test 0.6361
Epoch 35: Loss:            : Train 0.5209, Val 0.7341, Test 0.7037
          Accuracy         : Train 0.7319, Val 0.6043, Test 0.6190
Best:
          Accuracy         : Train 0.6749, Val 0.6291, Test 0.6361
Epoch 36: Loss:            : Train 0.5192, Val 0.7200, Test 0.6955
          Accuracy         : Train 0.7351, Val 0.6014, Test 0.6177
Best:
          Accuracy         : Train 0.6749, Val 0.6291, Test 0.6361
Epoch 37: Loss:            : Train 0.5159, Val 0.7329, Test 0.7071
          Accuracy         : Train 0.7371, Val 0.6001, Test 0.6153
Best:
          Accuracy         : Train 0.6749, Val 0.6291, Test 0.6361
Epoch 38: Loss:            : Train 0.5134, Val 0.7291, Test 0.7038
          Accuracy         : Train 0.7388, Val 0.6030, Test 0.6160
Best:
          Accuracy         : Train 0.6749, Val 0.6291, Test 0.6361
Epoch 39: Loss:            : Train 0.5101, Val 0.7459, Test 0.7142
          Accuracy         : Train 0.7418, Val 0.6053, Test 0.6159
Best:
          Accuracy         : Train 0.6749, Val 0.6291, Test 0.6361
Epoch 40: Loss:            : Train 0.5075, Val 0.7518, Test 0.7196
          Accuracy         : Train 0.7436, Val 0.6007, Test 0.6193
Best:
          Accuracy         : Train 0.6749, Val 0.6291, Test 0.6361
Epoch 41: Loss:            : Train 0.5046, Val 0.7723, Test 0.7356
          Accuracy         : Train 0.7476, Val 0.5973, Test 0.6112
Best:
          Accuracy         : Train 0.6749, Val 0.6291, Test 0.6361
Epoch 42: Loss:            : Train 0.5013, Val 0.7530, Test 0.7254
          Accuracy         : Train 0.7498, Val 0.5979, Test 0.6123
Best:
          Accuracy         : Train 0.6749, Val 0.6291, Test 0.6361
Epoch 43: Loss:            : Train 0.4986, Val 0.7650, Test 0.7387
          Accuracy         : Train 0.7507, Val 0.6058, Test 0.6177
Best:
          Accuracy         : Train 0.6749, Val 0.6291, Test 0.6361
Epoch 44: Loss:            : Train 0.4946, Val 0.7654, Test 0.7380
          Accuracy         : Train 0.7532, Val 0.5947, Test 0.6114
Best:
          Accuracy         : Train 0.6749, Val 0.6291, Test 0.6361
Epoch 45: Loss:            : Train 0.4932, Val 0.7632, Test 0.7420
          Accuracy         : Train 0.7555, Val 0.5992, Test 0.6102
Best:
          Accuracy         : Train 0.6749, Val 0.6291, Test 0.6361
Epoch 46: Loss:            : Train 0.4897, Val 0.7711, Test 0.7506
          Accuracy         : Train 0.7580, Val 0.5986, Test 0.6066
Best:
          Accuracy         : Train 0.6749, Val 0.6291, Test 0.6361
Epoch 47: Loss:            : Train 0.4877, Val 0.7800, Test 0.7552
          Accuracy         : Train 0.7583, Val 0.6003, Test 0.6045
Best:
          Accuracy         : Train 0.6749, Val 0.6291, Test 0.6361
Epoch 48: Loss:            : Train 0.4850, Val 0.7953, Test 0.7657
          Accuracy         : Train 0.7620, Val 0.6053, Test 0.6117
Best:
          Accuracy         : Train 0.6749, Val 0.6291, Test 0.6361
Epoch 49: Loss:            : Train 0.4815, Val 0.8307, Test 0.7951
          Accuracy         : Train 0.7632, Val 0.5929, Test 0.6055
Best:
          Accuracy         : Train 0.6749, Val 0.6291, Test 0.6361
Epoch 50: Loss:            : Train 0.4790, Val 0.7926, Test 0.7646
          Accuracy         : Train 0.7655, Val 0.5898, Test 0.6005
Best:
          Accuracy         : Train 0.6749, Val 0.6291, Test 0.6361
Training time (sec): 1660
