Loading data from cache
Done
Calculating noise scale
Adding noise of scale 0.0 to sim_scores
Adding noise of scale 0.0 to sim_scores
Adding noise of scale 0.0 to sim_scores
Filter dataset to top 100
Generating top 100 dataset
Generating top 100 dataset
Generating top 100 dataset
Preparing time (sec): 13
Initializing dataloader
Done
Prepare for training
Start training
================================================================================
                                    Kernel Shape Output Shape  Params  \
Layer                                                                   
0_local_models.0.fc_layers.Linear_0    [45, 100]    [32, 100]    4600   
1_local_models.0.fc_layers.Linear_1    [100, 50]     [32, 50]    5050   
2_local_models.1.fc_layers.Linear_0    [45, 100]    [32, 100]    4600   
3_local_models.1.fc_layers.Linear_1    [100, 50]     [32, 50]    5050   
4_agg_model.fc_layers.Linear_0        [100, 100]    [32, 100]   10100   
5_agg_model.fc_layers.Linear_1          [100, 1]      [32, 1]     101   

                                     Mult-Adds  
Layer                                           
0_local_models.0.fc_layers.Linear_0       4500  
1_local_models.0.fc_layers.Linear_1       5000  
2_local_models.1.fc_layers.Linear_0       4500  
3_local_models.1.fc_layers.Linear_1       5000  
4_agg_model.fc_layers.Linear_0           10000  
5_agg_model.fc_layers.Linear_1             100  
--------------------------------------------------------------------------------
                      Totals
Total params           29501
Trainable params       29501
Non-trainable params       0
Mult-Adds              29100
================================================================================
n_classes=2
task=binary_cls
model_name=syn_avgsim_noise_0.2_2022-01-28-22-30-28
sche_threshold=0.0001
sche_patience=10
sche_factor=0.1
use_scheduler=False
num_workers=4
device=cuda:1
test_batch_size=4096
train_batch_size=32
learning_rate=0.001
weight_decay=0.0001
num_epochs=50
model_save_path=ckp/syn_avgsim_noise_0.2_2022-01-28-22-30-28.pth
test_rate=0.2
val_rate=0.1
multiprocess_context=fork
metrics=['accuracy']
metrics_f=[<metric.accuracy.Accuracy object at 0x7eff634b72e0>]
hidden_sizes=[100, 100]
model=SplitNN(
  (agg_model): MLP(
    (fc_layers): ModuleList(
      (0): Linear(in_features=100, out_features=100, bias=True)
      (1): Linear(in_features=100, out_features=1, bias=True)
    )
  )
  (local_models): ModuleList(
    (0): MLP(
      (fc_layers): ModuleList(
        (0): Linear(in_features=45, out_features=100, bias=True)
        (1): Linear(in_features=100, out_features=50, bias=True)
      )
    )
    (1): MLP(
      (fc_layers): ModuleList(
        (0): Linear(in_features=45, out_features=100, bias=True)
        (1): Linear(in_features=100, out_features=50, bias=True)
      )
    )
  )
)
writer=<torch.utils.tensorboard.writer.SummaryWriter object at 0x7eff634b7310>
dataset_type=syn
drop_key=True
num_common_features=5
tree_radius=2
tree_leaf_size=1000
knn_k=100
grid_min=-10.0
grid_max=10.0
grid_width=1.5
sim_scaler=StandardScaler()
filter_top_k=100
link_n_jobs=1
psig_p=7
sim_leak_p=1.0
link_threshold_t=0.1
link_epsilon=0.1
n_hash_lsh=20
edit_distance_threshold=1
n_hash_func=10
collision_rate=0.05
qgram_q=2
link_delta=0.1
feature_wise_sim=False
blocking_method=knn
center_threshold=0.5
n_clusters=100
local_hidden_sizes=[[100], [100]]
cut_dims=[50, 50]
agg_hidden_sizes=[100]
scale_analysis=None
log_dir=log/syn_avgsim_noise_0.2_2022-01-28-22-30-28/
update_sim_freq=1
sim_model_save_path=ckp/syn_avgsim_noise_0.2_2022-01-28-22-30-28_sim.pth
sim_batch_size=4096
sim_weight_decay=0.0001
sim_learning_rate=0.001
merge_mode=avg
sim_model=None
sim_hidden_sizes=[10]
data1_shape=(60000, 50)
data2_shape=(60000, 50)
Epoch 1: Loss:            : Train 0.6573, Val 0.6354, Test 0.6364
          Accuracy         : Train 0.5942, Val 0.6202, Test 0.6217
Best:
          Accuracy         : Train 0.5942, Val 0.6202, Test 0.6217
Epoch 2: Loss:            : Train 0.6274, Val 0.6315, Test 0.6296
          Accuracy         : Train 0.6388, Val 0.6295, Test 0.6316
Best:
          Accuracy         : Train 0.6388, Val 0.6295, Test 0.6316
Epoch 3: Loss:            : Train 0.6192, Val 0.6285, Test 0.6281
          Accuracy         : Train 0.6498, Val 0.6322, Test 0.6355
Best:
          Accuracy         : Train 0.6498, Val 0.6322, Test 0.6355
Epoch 4: Loss:            : Train 0.6139, Val 0.6244, Test 0.6244
          Accuracy         : Train 0.6578, Val 0.6363, Test 0.6403
Best:
          Accuracy         : Train 0.6578, Val 0.6363, Test 0.6403
Epoch 5: Loss:            : Train 0.6087, Val 0.6223, Test 0.6221
          Accuracy         : Train 0.6627, Val 0.6362, Test 0.6396
Best:
          Accuracy         : Train 0.6578, Val 0.6363, Test 0.6403
Epoch 6: Loss:            : Train 0.6039, Val 0.6223, Test 0.6198
          Accuracy         : Train 0.6685, Val 0.6402, Test 0.6435
Best:
          Accuracy         : Train 0.6685, Val 0.6402, Test 0.6435
Epoch 7: Loss:            : Train 0.5986, Val 0.6228, Test 0.6201
          Accuracy         : Train 0.6729, Val 0.6405, Test 0.6440
Best:
          Accuracy         : Train 0.6729, Val 0.6405, Test 0.6440
Epoch 8: Loss:            : Train 0.5934, Val 0.6258, Test 0.6237
          Accuracy         : Train 0.6754, Val 0.6412, Test 0.6423
Best:
          Accuracy         : Train 0.6754, Val 0.6412, Test 0.6423
Epoch 9: Loss:            : Train 0.5891, Val 0.6230, Test 0.6168
          Accuracy         : Train 0.6820, Val 0.6420, Test 0.6492
Best:
          Accuracy         : Train 0.6820, Val 0.6420, Test 0.6492
Epoch 10: Loss:            : Train 0.5852, Val 0.6252, Test 0.6185
          Accuracy         : Train 0.6833, Val 0.6405, Test 0.6440
Best:
          Accuracy         : Train 0.6820, Val 0.6420, Test 0.6492
Epoch 11: Loss:            : Train 0.5808, Val 0.6226, Test 0.6165
          Accuracy         : Train 0.6853, Val 0.6383, Test 0.6476
Best:
          Accuracy         : Train 0.6820, Val 0.6420, Test 0.6492
Epoch 12: Loss:            : Train 0.5768, Val 0.6279, Test 0.6213
          Accuracy         : Train 0.6905, Val 0.6317, Test 0.6415
Best:
          Accuracy         : Train 0.6820, Val 0.6420, Test 0.6492
Epoch 13: Loss:            : Train 0.5737, Val 0.6340, Test 0.6263
          Accuracy         : Train 0.6941, Val 0.6372, Test 0.6408
Best:
          Accuracy         : Train 0.6820, Val 0.6420, Test 0.6492
Epoch 14: Loss:            : Train 0.5687, Val 0.6340, Test 0.6278
          Accuracy         : Train 0.6973, Val 0.6360, Test 0.6417
Best:
          Accuracy         : Train 0.6820, Val 0.6420, Test 0.6492
Epoch 15: Loss:            : Train 0.5654, Val 0.6375, Test 0.6278
          Accuracy         : Train 0.6997, Val 0.6333, Test 0.6448
Best:
          Accuracy         : Train 0.6820, Val 0.6420, Test 0.6492
Epoch 16: Loss:            : Train 0.5621, Val 0.6415, Test 0.6303
          Accuracy         : Train 0.7021, Val 0.6363, Test 0.6413
Best:
          Accuracy         : Train 0.6820, Val 0.6420, Test 0.6492
Epoch 17: Loss:            : Train 0.5589, Val 0.6477, Test 0.6340
          Accuracy         : Train 0.7049, Val 0.6288, Test 0.6404
Best:
          Accuracy         : Train 0.6820, Val 0.6420, Test 0.6492
Epoch 18: Loss:            : Train 0.5554, Val 0.6444, Test 0.6357
          Accuracy         : Train 0.7074, Val 0.6327, Test 0.6417
Best:
          Accuracy         : Train 0.6820, Val 0.6420, Test 0.6492
Epoch 19: Loss:            : Train 0.5522, Val 0.6460, Test 0.6385
          Accuracy         : Train 0.7107, Val 0.6275, Test 0.6388
Best:
          Accuracy         : Train 0.6820, Val 0.6420, Test 0.6492
Epoch 20: Loss:            : Train 0.5490, Val 0.6443, Test 0.6364
          Accuracy         : Train 0.7149, Val 0.6330, Test 0.6332
Best:
          Accuracy         : Train 0.6820, Val 0.6420, Test 0.6492
Epoch 21: Loss:            : Train 0.5464, Val 0.6417, Test 0.6361
          Accuracy         : Train 0.7170, Val 0.6350, Test 0.6409
Best:
          Accuracy         : Train 0.6820, Val 0.6420, Test 0.6492
Epoch 22: Loss:            : Train 0.5436, Val 0.6531, Test 0.6432
          Accuracy         : Train 0.7172, Val 0.6312, Test 0.6370
Best:
          Accuracy         : Train 0.6820, Val 0.6420, Test 0.6492
Epoch 23: Loss:            : Train 0.5407, Val 0.6629, Test 0.6523
          Accuracy         : Train 0.7187, Val 0.6275, Test 0.6361
Best:
          Accuracy         : Train 0.6820, Val 0.6420, Test 0.6492
Epoch 24: Loss:            : Train 0.5386, Val 0.6617, Test 0.6494
          Accuracy         : Train 0.7193, Val 0.6280, Test 0.6385
Best:
          Accuracy         : Train 0.6820, Val 0.6420, Test 0.6492
Epoch 25: Loss:            : Train 0.5352, Val 0.6657, Test 0.6580
          Accuracy         : Train 0.7246, Val 0.6277, Test 0.6339
Best:
          Accuracy         : Train 0.6820, Val 0.6420, Test 0.6492
Epoch 26: Loss:            : Train 0.5325, Val 0.6505, Test 0.6460
          Accuracy         : Train 0.7256, Val 0.6353, Test 0.6359
Best:
          Accuracy         : Train 0.6820, Val 0.6420, Test 0.6492
Epoch 27: Loss:            : Train 0.5304, Val 0.6518, Test 0.6478
          Accuracy         : Train 0.7277, Val 0.6343, Test 0.6365
Best:
          Accuracy         : Train 0.6820, Val 0.6420, Test 0.6492
Epoch 28: Loss:            : Train 0.5286, Val 0.6637, Test 0.6551
          Accuracy         : Train 0.7299, Val 0.6243, Test 0.6342
Best:
          Accuracy         : Train 0.6820, Val 0.6420, Test 0.6492
Epoch 29: Loss:            : Train 0.5259, Val 0.6704, Test 0.6642
          Accuracy         : Train 0.7307, Val 0.6247, Test 0.6262
Best:
          Accuracy         : Train 0.6820, Val 0.6420, Test 0.6492
Epoch 30: Loss:            : Train 0.5228, Val 0.6814, Test 0.6702
          Accuracy         : Train 0.7334, Val 0.6257, Test 0.6329
Best:
          Accuracy         : Train 0.6820, Val 0.6420, Test 0.6492
Epoch 31: Loss:            : Train 0.5207, Val 0.6749, Test 0.6704
          Accuracy         : Train 0.7327, Val 0.6345, Test 0.6338
Best:
          Accuracy         : Train 0.6820, Val 0.6420, Test 0.6492
Epoch 32: Loss:            : Train 0.5189, Val 0.6750, Test 0.6692
          Accuracy         : Train 0.7362, Val 0.6302, Test 0.6296
Best:
          Accuracy         : Train 0.6820, Val 0.6420, Test 0.6492
Epoch 33: Loss:            : Train 0.5170, Val 0.6779, Test 0.6738
          Accuracy         : Train 0.7399, Val 0.6297, Test 0.6298
Best:
          Accuracy         : Train 0.6820, Val 0.6420, Test 0.6492
Epoch 34: Loss:            : Train 0.5153, Val 0.6962, Test 0.6977
          Accuracy         : Train 0.7399, Val 0.6272, Test 0.6280
Best:
          Accuracy         : Train 0.6820, Val 0.6420, Test 0.6492
Epoch 35: Loss:            : Train 0.5130, Val 0.7014, Test 0.6860
          Accuracy         : Train 0.7426, Val 0.6300, Test 0.6318
Best:
          Accuracy         : Train 0.6820, Val 0.6420, Test 0.6492
Epoch 36: Loss:            : Train 0.5102, Val 0.6807, Test 0.6715
          Accuracy         : Train 0.7445, Val 0.6280, Test 0.6297
Best:
          Accuracy         : Train 0.6820, Val 0.6420, Test 0.6492
Epoch 37: Loss:            : Train 0.5081, Val 0.6780, Test 0.6677
          Accuracy         : Train 0.7442, Val 0.6302, Test 0.6307
Best:
          Accuracy         : Train 0.6820, Val 0.6420, Test 0.6492
Epoch 38: Loss:            : Train 0.5065, Val 0.7050, Test 0.6924
          Accuracy         : Train 0.7467, Val 0.6235, Test 0.6300
Best:
          Accuracy         : Train 0.6820, Val 0.6420, Test 0.6492
Epoch 39: Loss:            : Train 0.5033, Val 0.6858, Test 0.6836
          Accuracy         : Train 0.7470, Val 0.6213, Test 0.6250
Best:
          Accuracy         : Train 0.6820, Val 0.6420, Test 0.6492
Epoch 40: Loss:            : Train 0.5021, Val 0.6971, Test 0.6896
          Accuracy         : Train 0.7495, Val 0.6272, Test 0.6284
Best:
          Accuracy         : Train 0.6820, Val 0.6420, Test 0.6492
Epoch 41: Loss:            : Train 0.4998, Val 0.7229, Test 0.7021
          Accuracy         : Train 0.7507, Val 0.6190, Test 0.6272
Best:
          Accuracy         : Train 0.6820, Val 0.6420, Test 0.6492
Epoch 42: Loss:            : Train 0.4977, Val 0.7230, Test 0.7027
          Accuracy         : Train 0.7516, Val 0.6173, Test 0.6271
Best:
          Accuracy         : Train 0.6820, Val 0.6420, Test 0.6492
Epoch 43: Loss:            : Train 0.4944, Val 0.6900, Test 0.6847
          Accuracy         : Train 0.7533, Val 0.6242, Test 0.6242
Best:
          Accuracy         : Train 0.6820, Val 0.6420, Test 0.6492
Epoch 44: Loss:            : Train 0.4928, Val 0.7362, Test 0.7238
          Accuracy         : Train 0.7566, Val 0.6188, Test 0.6256
Best:
          Accuracy         : Train 0.6820, Val 0.6420, Test 0.6492
Epoch 45: Loss:            : Train 0.4890, Val 0.7265, Test 0.7248
          Accuracy         : Train 0.7599, Val 0.6162, Test 0.6237
Best:
          Accuracy         : Train 0.6820, Val 0.6420, Test 0.6492
Epoch 46: Loss:            : Train 0.4885, Val 0.7115, Test 0.7163
          Accuracy         : Train 0.7589, Val 0.6182, Test 0.6205
Best:
          Accuracy         : Train 0.6820, Val 0.6420, Test 0.6492
Epoch 47: Loss:            : Train 0.4843, Val 0.7416, Test 0.7272
          Accuracy         : Train 0.7611, Val 0.6227, Test 0.6200
Best:
          Accuracy         : Train 0.6820, Val 0.6420, Test 0.6492
Epoch 48: Loss:            : Train 0.4818, Val 0.7380, Test 0.7268
          Accuracy         : Train 0.7661, Val 0.6175, Test 0.6218
Best:
          Accuracy         : Train 0.6820, Val 0.6420, Test 0.6492
Epoch 49: Loss:            : Train 0.4804, Val 0.7716, Test 0.7586
          Accuracy         : Train 0.7632, Val 0.6107, Test 0.6207
Best:
          Accuracy         : Train 0.6820, Val 0.6420, Test 0.6492
Epoch 50: Loss:            : Train 0.4768, Val 0.7497, Test 0.7362
          Accuracy         : Train 0.7673, Val 0.6187, Test 0.6256
Best:
          Accuracy         : Train 0.6820, Val 0.6420, Test 0.6492
Training time (sec): 3279
