Loading data from cache
Done
Calculating noise scale
Adding noise of scale 0.0 to sim_scores
Adding noise of scale 0.0 to sim_scores
Adding noise of scale 0.0 to sim_scores
Filter dataset to top 80
Generating top 80 dataset
Generating top 80 dataset
Generating top 80 dataset
Preparing time (sec): 37
Initializing dataloader
Done
Prepare for training
Start training
SplitNN summary
==========================================================================================
Layer (type:depth-idx)                   Output Shape              Param #
==========================================================================================
SplitNN                                  --                        --
├─MLP: 1                                 --                        --
│    └─ModuleList: 2-1                   --                        --
├─ModuleList: 1-1                        --                        --
│    └─MLP: 2                            --                        --
│    │    └─ModuleList: 3-1              --                        9,650
│    └─MLP: 2                            --                        --
│    │    └─ModuleList: 3-2              --                        9,650
│    └─MLP: 2-2                          [32, 50]                  --
│    └─MLP: 2-3                          [32, 50]                  --
├─MLP: 1-2                               [32, 1]                   --
│    └─ModuleList: 2-1                   --                        --
│    │    └─Linear: 3-3                  [32, 100]                 10,100
│    │    └─Linear: 3-4                  [32, 1]                   101
==========================================================================================
Total params: 29,501
Trainable params: 29,501
Non-trainable params: 0
Total mult-adds (M): 0.94
==========================================================================================
Input size (MB): 0.01
Forward/backward pass size (MB): 0.10
Params size (MB): 0.12
Estimated Total Size (MB): 0.23
==========================================================================================
Similarity model summary
==========================================================================================
Layer (type:depth-idx)                   Output Shape              Param #
==========================================================================================
MLP                                      --                        --
├─ModuleList: 1-1                        --                        --
│    └─Linear: 2-1                       [1, 10]                   20
│    └─Linear: 2-2                       [1, 10]                   110
│    └─Linear: 2-3                       [1, 1]                    11
==========================================================================================
Total params: 141
Trainable params: 141
Non-trainable params: 0
Total mult-adds (M): 0.00
==========================================================================================
Input size (MB): 0.00
Forward/backward pass size (MB): 0.00
Params size (MB): 0.00
Estimated Total Size (MB): 0.00
==========================================================================================
n_classes=2
task=binary_cls
model_name=syn_fedsim_noise_0.2_2022-01-30-03-33-48
sche_threshold=0.0001
sche_patience=10
sche_factor=0.1
use_scheduler=False
num_workers=4
device=cuda:2
test_batch_size=4096
train_batch_size=32
learning_rate=0.001
weight_decay=0.0001
num_epochs=50
model_save_path=ckp/syn_fedsim_noise_0.2_2022-01-30-03-33-48.pth
test_rate=0.2
val_rate=0.1
multiprocess_context=fork
metrics=['accuracy']
metrics_f=[<metric.accuracy.Accuracy object at 0x7f8aa53a6dc0>]
hidden_sizes=[100, 100]
model=SplitNN(
  (agg_model): MLP(
    (fc_layers): ModuleList(
      (0): Linear(in_features=100, out_features=100, bias=True)
      (1): Linear(in_features=100, out_features=1, bias=True)
    )
  )
  (local_models): ModuleList(
    (0): MLP(
      (fc_layers): ModuleList(
        (0): Linear(in_features=45, out_features=100, bias=True)
        (1): Linear(in_features=100, out_features=50, bias=True)
      )
    )
    (1): MLP(
      (fc_layers): ModuleList(
        (0): Linear(in_features=45, out_features=100, bias=True)
        (1): Linear(in_features=100, out_features=50, bias=True)
      )
    )
  )
)
writer=<torch.utils.tensorboard.writer.SummaryWriter object at 0x7f8aa53a6df0>
dataset_type=syn
drop_key=True
num_common_features=5
tree_radius=2
tree_leaf_size=1000
knn_k=80
grid_min=-10.0
grid_max=10.0
grid_width=1.5
sim_scaler=StandardScaler()
filter_top_k=80
link_n_jobs=1
psig_p=7
sim_leak_p=1.0
link_threshold_t=0.1
link_epsilon=0.1
n_hash_lsh=20
edit_distance_threshold=1
n_hash_func=10
collision_rate=0.05
qgram_q=2
link_delta=0.1
feature_wise_sim=False
blocking_method=knn
center_threshold=0.5
n_clusters=100
local_hidden_sizes=[[100], [100]]
cut_dims=[50, 50]
agg_hidden_sizes=[100]
scale_analysis=None
mlp_merge=None
use_sim=True
use_conv=False
conv_kernel_v_size=7
conv_n_channels=4
merge_dropout_p=0.8
raw_output_dim=1
log_dir=log/syn_fedsim_noise_0.2_2022-01-30-03-33-48/
update_sim_freq=1
sim_model_save_path=ckp/syn_fedsim_noise_0.2_2022-01-30-03-33-48_sim.pth
merge_model_save_path=ckp/syn_fedsim_noise_0.2_2022-01-30-03-33-48_merge.pth
sim_batch_size=128
sim_weight_decay=0.0001
sim_learning_rate=0.001
merge_model=AvgSumModel()
sim_model=MLP(
  (fc_layers): ModuleList(
    (0): Linear(in_features=1, out_features=10, bias=True)
    (1): Linear(in_features=10, out_features=10, bias=True)
    (2): Linear(in_features=10, out_features=1, bias=True)
  )
)
sim_hidden_sizes=[10, 10]
merge_hidden_sizes=[400]
data1_shape=(60000, 50)
data2_shape=(60000, 50)
Epoch 1: Loss:            : Train 0.6564, Val 0.6253, Test 0.6259
          Accuracy         : Train 0.5944, Val 0.6408, Test 0.6391
Best:
          Accuracy         : Train 0.5944, Val 0.6408, Test 0.6391
Epoch 2: Loss:            : Train 0.5848, Val 0.4887, Test 0.5098
          Accuracy         : Train 0.6822, Val 0.7568, Test 0.7410
Best:
          Accuracy         : Train 0.6822, Val 0.7568, Test 0.7410
Epoch 3: Loss:            : Train 0.5419, Val 0.4665, Test 0.4900
          Accuracy         : Train 0.7156, Val 0.7710, Test 0.7552
Best:
          Accuracy         : Train 0.7156, Val 0.7710, Test 0.7552
Epoch 4: Loss:            : Train 0.5280, Val 0.4558, Test 0.4781
          Accuracy         : Train 0.7266, Val 0.7762, Test 0.7634
Best:
          Accuracy         : Train 0.7266, Val 0.7762, Test 0.7634
Epoch 5: Loss:            : Train 0.5159, Val 0.4432, Test 0.4718
          Accuracy         : Train 0.7356, Val 0.7845, Test 0.7691
Best:
          Accuracy         : Train 0.7356, Val 0.7845, Test 0.7691
Epoch 6: Loss:            : Train 0.5064, Val 0.4380, Test 0.4693
          Accuracy         : Train 0.7412, Val 0.7913, Test 0.7666
Best:
          Accuracy         : Train 0.7412, Val 0.7913, Test 0.7666
Epoch 7: Loss:            : Train 0.4968, Val 0.4286, Test 0.4622
          Accuracy         : Train 0.7510, Val 0.7968, Test 0.7728
Best:
          Accuracy         : Train 0.7510, Val 0.7968, Test 0.7728
Epoch 8: Loss:            : Train 0.4879, Val 0.4307, Test 0.4629
          Accuracy         : Train 0.7550, Val 0.7920, Test 0.7742
Best:
          Accuracy         : Train 0.7510, Val 0.7968, Test 0.7728
Epoch 9: Loss:            : Train 0.4804, Val 0.4259, Test 0.4594
          Accuracy         : Train 0.7605, Val 0.7977, Test 0.7749
Best:
          Accuracy         : Train 0.7605, Val 0.7977, Test 0.7749
Epoch 10: Loss:            : Train 0.4727, Val 0.4387, Test 0.4698
          Accuracy         : Train 0.7667, Val 0.7967, Test 0.7705
Best:
          Accuracy         : Train 0.7605, Val 0.7977, Test 0.7749
Epoch 11: Loss:            : Train 0.4653, Val 0.4473, Test 0.4760
          Accuracy         : Train 0.7708, Val 0.7893, Test 0.7714
Best:
          Accuracy         : Train 0.7605, Val 0.7977, Test 0.7749
Epoch 12: Loss:            : Train 0.4583, Val 0.4677, Test 0.4951
          Accuracy         : Train 0.7739, Val 0.7845, Test 0.7654
Best:
          Accuracy         : Train 0.7605, Val 0.7977, Test 0.7749
Epoch 13: Loss:            : Train 0.4529, Val 0.4499, Test 0.4754
          Accuracy         : Train 0.7795, Val 0.7908, Test 0.7732
Best:
          Accuracy         : Train 0.7605, Val 0.7977, Test 0.7749
Epoch 14: Loss:            : Train 0.4457, Val 0.4517, Test 0.4719
          Accuracy         : Train 0.7825, Val 0.7905, Test 0.7741
Best:
          Accuracy         : Train 0.7605, Val 0.7977, Test 0.7749
Epoch 15: Loss:            : Train 0.4407, Val 0.4757, Test 0.4902
          Accuracy         : Train 0.7839, Val 0.7898, Test 0.7698
Best:
          Accuracy         : Train 0.7605, Val 0.7977, Test 0.7749
Epoch 16: Loss:            : Train 0.4358, Val 0.4752, Test 0.4984
          Accuracy         : Train 0.7870, Val 0.7892, Test 0.7722
Best:
          Accuracy         : Train 0.7605, Val 0.7977, Test 0.7749
Epoch 17: Loss:            : Train 0.4297, Val 0.4858, Test 0.5140
          Accuracy         : Train 0.7910, Val 0.7853, Test 0.7642
Best:
          Accuracy         : Train 0.7605, Val 0.7977, Test 0.7749
Epoch 18: Loss:            : Train 0.4246, Val 0.4900, Test 0.5073
          Accuracy         : Train 0.7944, Val 0.7883, Test 0.7728
Best:
          Accuracy         : Train 0.7605, Val 0.7977, Test 0.7749
Epoch 19: Loss:            : Train 0.4191, Val 0.5067, Test 0.5170
          Accuracy         : Train 0.7976, Val 0.7853, Test 0.7693
Best:
          Accuracy         : Train 0.7605, Val 0.7977, Test 0.7749
Epoch 20: Loss:            : Train 0.4149, Val 0.5085, Test 0.5220
          Accuracy         : Train 0.7997, Val 0.7883, Test 0.7688
Best:
          Accuracy         : Train 0.7605, Val 0.7977, Test 0.7749
Epoch 21: Loss:            : Train 0.4108, Val 0.5255, Test 0.5418
          Accuracy         : Train 0.8014, Val 0.7872, Test 0.7623
Best:
          Accuracy         : Train 0.7605, Val 0.7977, Test 0.7749
Epoch 22: Loss:            : Train 0.4064, Val 0.5338, Test 0.5445
          Accuracy         : Train 0.8061, Val 0.7843, Test 0.7672
Best:
          Accuracy         : Train 0.7605, Val 0.7977, Test 0.7749
Epoch 23: Loss:            : Train 0.4019, Val 0.5363, Test 0.5462
          Accuracy         : Train 0.8075, Val 0.7890, Test 0.7642
Best:
          Accuracy         : Train 0.7605, Val 0.7977, Test 0.7749
Epoch 24: Loss:            : Train 0.3989, Val 0.5454, Test 0.5550
          Accuracy         : Train 0.8086, Val 0.7852, Test 0.7633
Best:
          Accuracy         : Train 0.7605, Val 0.7977, Test 0.7749
Epoch 25: Loss:            : Train 0.3929, Val 0.5658, Test 0.5598
          Accuracy         : Train 0.8121, Val 0.7798, Test 0.7634
Best:
          Accuracy         : Train 0.7605, Val 0.7977, Test 0.7749
Epoch 26: Loss:            : Train 0.3913, Val 0.5858, Test 0.5749
          Accuracy         : Train 0.8130, Val 0.7807, Test 0.7635
Best:
          Accuracy         : Train 0.7605, Val 0.7977, Test 0.7749
Epoch 27: Loss:            : Train 0.3869, Val 0.5885, Test 0.5855
          Accuracy         : Train 0.8150, Val 0.7798, Test 0.7646
Best:
          Accuracy         : Train 0.7605, Val 0.7977, Test 0.7749
Epoch 28: Loss:            : Train 0.3855, Val 0.6256, Test 0.6171
          Accuracy         : Train 0.8152, Val 0.7783, Test 0.7603
Best:
          Accuracy         : Train 0.7605, Val 0.7977, Test 0.7749
Epoch 29: Loss:            : Train 0.3828, Val 0.6214, Test 0.6119
          Accuracy         : Train 0.8175, Val 0.7780, Test 0.7635
Best:
          Accuracy         : Train 0.7605, Val 0.7977, Test 0.7749
Epoch 30: Loss:            : Train 0.3795, Val 0.6309, Test 0.6179
          Accuracy         : Train 0.8200, Val 0.7758, Test 0.7584
Best:
          Accuracy         : Train 0.7605, Val 0.7977, Test 0.7749
Epoch 31: Loss:            : Train 0.3779, Val 0.6243, Test 0.6202
          Accuracy         : Train 0.8207, Val 0.7795, Test 0.7592
Best:
          Accuracy         : Train 0.7605, Val 0.7977, Test 0.7749
Epoch 32: Loss:            : Train 0.3748, Val 0.6198, Test 0.6183
          Accuracy         : Train 0.8234, Val 0.7850, Test 0.7613
Best:
          Accuracy         : Train 0.7605, Val 0.7977, Test 0.7749
Epoch 33: Loss:            : Train 0.3731, Val 0.6670, Test 0.6563
          Accuracy         : Train 0.8233, Val 0.7787, Test 0.7543
Best:
          Accuracy         : Train 0.7605, Val 0.7977, Test 0.7749
Epoch 34: Loss:            : Train 0.3699, Val 0.6390, Test 0.6282
          Accuracy         : Train 0.8254, Val 0.7767, Test 0.7592
Best:
          Accuracy         : Train 0.7605, Val 0.7977, Test 0.7749
Epoch 35: Loss:            : Train 0.3703, Val 0.6437, Test 0.6311
          Accuracy         : Train 0.8255, Val 0.7807, Test 0.7607
Best:
          Accuracy         : Train 0.7605, Val 0.7977, Test 0.7749
Epoch 36: Loss:            : Train 0.3680, Val 0.6486, Test 0.6571
          Accuracy         : Train 0.8274, Val 0.7798, Test 0.7537
Best:
          Accuracy         : Train 0.7605, Val 0.7977, Test 0.7749
Epoch 37: Loss:            : Train 0.3673, Val 0.6665, Test 0.6563
          Accuracy         : Train 0.8262, Val 0.7787, Test 0.7608
Best:
          Accuracy         : Train 0.7605, Val 0.7977, Test 0.7749
Epoch 38: Loss:            : Train 0.3665, Val 0.6873, Test 0.6599
          Accuracy         : Train 0.8274, Val 0.7762, Test 0.7563
Best:
          Accuracy         : Train 0.7605, Val 0.7977, Test 0.7749
Epoch 39: Loss:            : Train 0.3637, Val 0.7005, Test 0.6811
          Accuracy         : Train 0.8296, Val 0.7750, Test 0.7533
Best:
          Accuracy         : Train 0.7605, Val 0.7977, Test 0.7749
Epoch 40: Loss:            : Train 0.3635, Val 0.7077, Test 0.6934
          Accuracy         : Train 0.8300, Val 0.7737, Test 0.7542
Best:
          Accuracy         : Train 0.7605, Val 0.7977, Test 0.7749
Epoch 41: Loss:            : Train 0.3627, Val 0.7099, Test 0.6957
          Accuracy         : Train 0.8300, Val 0.7768, Test 0.7544
Best:
          Accuracy         : Train 0.7605, Val 0.7977, Test 0.7749
Epoch 42: Loss:            : Train 0.3583, Val 0.7197, Test 0.7082
          Accuracy         : Train 0.8331, Val 0.7722, Test 0.7503
Best:
          Accuracy         : Train 0.7605, Val 0.7977, Test 0.7749
Epoch 43: Loss:            : Train 0.3582, Val 0.7056, Test 0.6786
          Accuracy         : Train 0.8327, Val 0.7735, Test 0.7568
Best:
          Accuracy         : Train 0.7605, Val 0.7977, Test 0.7749
Epoch 44: Loss:            : Train 0.3562, Val 0.7260, Test 0.7107
          Accuracy         : Train 0.8351, Val 0.7775, Test 0.7525
Best:
          Accuracy         : Train 0.7605, Val 0.7977, Test 0.7749
Epoch 45: Loss:            : Train 0.3544, Val 0.7636, Test 0.7188
          Accuracy         : Train 0.8353, Val 0.7677, Test 0.7514
Best:
          Accuracy         : Train 0.7605, Val 0.7977, Test 0.7749
Epoch 46: Loss:            : Train 0.3538, Val 0.7402, Test 0.7086
          Accuracy         : Train 0.8339, Val 0.7732, Test 0.7542
Best:
          Accuracy         : Train 0.7605, Val 0.7977, Test 0.7749
Epoch 47: Loss:            : Train 0.3532, Val 0.7914, Test 0.7759
          Accuracy         : Train 0.8356, Val 0.7700, Test 0.7459
Best:
          Accuracy         : Train 0.7605, Val 0.7977, Test 0.7749
Epoch 48: Loss:            : Train 0.3489, Val 0.7950, Test 0.7746
          Accuracy         : Train 0.8376, Val 0.7735, Test 0.7488
Best:
          Accuracy         : Train 0.7605, Val 0.7977, Test 0.7749
Epoch 49: Loss:            : Train 0.3503, Val 0.7794, Test 0.7572
          Accuracy         : Train 0.8380, Val 0.7693, Test 0.7507
Best:
          Accuracy         : Train 0.7605, Val 0.7977, Test 0.7749
Epoch 50: Loss:            : Train 0.3485, Val 0.7466, Test 0.7260
          Accuracy         : Train 0.8385, Val 0.7697, Test 0.7482
Best:
          Accuracy         : Train 0.7605, Val 0.7977, Test 0.7749
Training time (sec): 1764
