Loading MSD from data/song/msd_clean.csv
Loading FMA from data/song/fma_clean.csv
Current MSD columns Index(['0', '1', '2', '3', '4', '5', '6', '7', '8', '9', '10', '11', '12',
       '13', '14', '15', '16', '17', '18', '19', '20', '21', '22', '23', '24',
       '25', '26', '27', '28', '29', '30', '31', '32', '33', '34', '35', '36',
       '37', '38', '39', '40', '41', '42', '43', '44', '45', '46', '47', '48',
       '49', '50', '51', '52', '53', '54', '55', '56', '57', '58', '59', '60',
       '61', '62', '63', '64', '65', '66', '67', '68', '69', '70', '71', '72',
       '73', '74', '75', '76', '77', '78', '79', '80', '81', '82', '83', '84',
       '85', '86', '87', '88', '89', 'title'],
      dtype='object')
Current FMA columns Index(['title', '0', '1', '2', '3', '4', '5', '6', '7', '8',
       ...
       '508', '509', '510', '511', '512', '513', '514', '515', '516', '517'],
      dtype='object', length=519)
Loading data from cache
Done
Calculating noise scale
Adding noise of scale 0.0 to sim_scores
Adding noise of scale 0.0 to sim_scores
Adding noise of scale 0.0 to sim_scores
Filter dataset to top 50
Generating top 50 dataset
Generating top 50 dataset
Generating top 50 dataset
Preparing time (sec): 254
Initializing dataloader
Done
Prepare for training
Start training
SplitNN summary
==========================================================================================
Layer (type:depth-idx)                   Output Shape              Param #
==========================================================================================
SplitNN                                  --                        --
├─MLP: 1                                 --                        --
│    └─ModuleList: 2-1                   --                        --
├─ModuleList: 1-1                        --                        --
│    └─MLP: 2                            --                        --
│    │    └─ModuleList: 3-1              --                        14,150
│    └─MLP: 2                            --                        --
│    │    └─ModuleList: 3-2              --                        56,950
│    └─MLP: 2-2                          [128, 50]                 --
│    └─MLP: 2-3                          [128, 50]                 --
├─MLP: 1-2                               [128, 10]                 --
│    └─ModuleList: 2-1                   --                        --
│    │    └─Linear: 3-3                  [128, 100]                10,100
│    │    └─Linear: 3-4                  [128, 10]                 1,010
==========================================================================================
Total params: 82,210
Trainable params: 82,210
Non-trainable params: 0
Total mult-adds (M): 10.52
==========================================================================================
Input size (MB): 0.31
Forward/backward pass size (MB): 0.42
Params size (MB): 0.33
Estimated Total Size (MB): 1.06
==========================================================================================
Merge model summary
==========================================================================================
Layer (type:depth-idx)                   Output Shape              Param #
==========================================================================================
ConvModel                                --                        --
├─Conv2d: 1-1                            [1, 8, 54, 10]            48
├─Dropout: 1-2                           [1, 4320]                 --
├─Linear: 1-3                            [1, 400]                  1,728,400
├─Dropout: 1-4                           [1, 400]                  --
├─Linear: 1-5                            [1, 1]                    401
==========================================================================================
Total params: 1,728,849
Trainable params: 1,728,849
Non-trainable params: 0
Total mult-adds (M): 1.75
==========================================================================================
Input size (MB): 0.00
Forward/backward pass size (MB): 0.04
Params size (MB): 6.92
Estimated Total Size (MB): 6.96
==========================================================================================
Similarity model summary
==========================================================================================
Layer (type:depth-idx)                   Output Shape              Param #
==========================================================================================
MLP                                      --                        --
├─ModuleList: 1-1                        --                        --
│    └─Linear: 2-1                       [1, 10]                   20
│    └─Linear: 2-2                       [1, 1]                    11
==========================================================================================
Total params: 31
Trainable params: 31
Non-trainable params: 0
Total mult-adds (M): 0.00
==========================================================================================
Input size (MB): 0.00
Forward/backward pass size (MB): 0.00
Params size (MB): 0.00
Estimated Total Size (MB): 0.00
==========================================================================================
n_classes=2
task=regression
model_name=song_fedsim_2022-01-24-12-03-12
sche_threshold=0.0001
sche_patience=10
sche_factor=0.1
use_scheduler=False
num_workers=4
device=cuda:3
test_batch_size=4096
train_batch_size=128
learning_rate=0.001
weight_decay=1e-05
num_epochs=20
model_save_path=ckp/song_fedsim_2022-01-24-12-03-12.pth
test_rate=0.2
val_rate=0.1
multiprocess_context=fork
metrics=['r2_score', 'rmse', 'mae']
metrics_f=[<metric.r2_score.R2Score object at 0x7f9896125af0>, <metric.rmse.RMSE object at 0x7f9896125d60>, <metric.mae.MAE object at 0x7f9896125fd0>]
hidden_sizes=[50, 50]
model=SplitNN(
  (agg_model): MLP(
    (fc_layers): ModuleList(
      (0): Linear(in_features=100, out_features=100, bias=True)
      (1): Linear(in_features=100, out_features=10, bias=True)
    )
  )
  (local_models): ModuleList(
    (0): MLP(
      (fc_layers): ModuleList(
        (0): Linear(in_features=90, out_features=100, bias=True)
        (1): Linear(in_features=100, out_features=50, bias=True)
      )
    )
    (1): MLP(
      (fc_layers): ModuleList(
        (0): Linear(in_features=518, out_features=100, bias=True)
        (1): Linear(in_features=100, out_features=50, bias=True)
      )
    )
  )
)
writer=<torch.utils.tensorboard.writer.SummaryWriter object at 0x7f9896125c40>
dataset_type=real
drop_key=True
num_common_features=1
tree_radius=0.01
tree_leaf_size=1000
knn_k=50
grid_min=-10.0
grid_max=10.0
grid_width=1.5
sim_scaler=StandardScaler()
filter_top_k=50
link_n_jobs=1
psig_p=7
sim_leak_p=1.0
link_threshold_t=0.1
link_epsilon=0.1
n_hash_lsh=20
edit_distance_threshold=1
n_hash_func=10
collision_rate=0.05
qgram_q=2
link_delta=0.1
feature_wise_sim=False
blocking_method=knn_str
center_threshold=0.5
n_clusters=100
local_hidden_sizes=[[100], [100]]
cut_dims=[50, 50]
agg_hidden_sizes=[100]
scale_analysis=None
mlp_merge=None
use_sim=True
use_conv=True
conv_kernel_v_size=5
conv_n_channels=8
merge_dropout_p=0.3
raw_output_dim=10
log_dir=log/song_fedsim_2022-01-24-12-03-12/
update_sim_freq=1
sim_model_save_path=ckp/song_fedsim_2022-01-24-12-03-12_sim.pth
merge_model_save_path=ckp/song_fedsim_2022-01-24-12-03-12_merge.pth
sim_batch_size=128
sim_weight_decay=1e-05
sim_learning_rate=0.001
merge_model=ConvModel(
  (conv1): Conv2d(1, 8, kernel_size=(5, 1), stride=(1, 1), padding=(4, 0))
  (fc1): Linear(in_features=4320, out_features=400, bias=True)
  (fc2): Linear(in_features=400, out_features=1, bias=True)
  (dropout1): Dropout(p=0.3, inplace=False)
  (dropout2): Dropout(p=0.3, inplace=False)
)
sim_model=MLP(
  (fc_layers): ModuleList(
    (0): Linear(in_features=1, out_features=10, bias=True)
    (1): Linear(in_features=10, out_features=1, bias=True)
  )
)
sim_hidden_sizes=[10]
merge_hidden_sizes=[400]
data1_shape=(349270, 91)
data2_shape=(63147, 519)
Epoch 1: Loss:            : Train 0.0112, Val 0.0088, Test 0.0084
          R2_Score         : Train 0.1325, Val 0.3165, Test 0.3264
          RMSE             : Train 9.4044, Val 8.3614, Test 8.1512
          MAE              : Train 6.5485, Val 5.7619, Test 5.6766
Best:
          R2_Score         : Train 0.1325, Val 0.3165, Test 0.3264
          RMSE             : Train 9.4044, Val 8.3614, Test 8.1512
          MAE              : Train 6.5485, Val 5.7619, Test 5.6766
Epoch 2: Loss:            : Train 0.0087, Val 0.0087, Test 0.0082
          R2_Score         : Train 0.3225, Val 0.3296, Test 0.3386
          RMSE             : Train 8.3112, Val 8.2805, Test 8.0773
          MAE              : Train 5.7684, Val 5.7711, Test 5.6841
Best:
          R2_Score         : Train 0.3225, Val 0.3296, Test 0.3386
          RMSE             : Train 8.3112, Val 8.2805, Test 8.0773
          MAE              : Train 5.7684, Val 5.7711, Test 5.6841
Epoch 3: Loss:            : Train 0.0085, Val 0.0086, Test 0.0082
          R2_Score         : Train 0.3396, Val 0.3373, Test 0.3451
          RMSE             : Train 8.2054, Val 8.2327, Test 8.0372
          MAE              : Train 5.6844, Val 5.5793, Test 5.5045
Best:
          R2_Score         : Train 0.3396, Val 0.3373, Test 0.3451
          RMSE             : Train 8.2054, Val 8.2327, Test 8.0372
          MAE              : Train 5.6844, Val 5.5793, Test 5.5045
Epoch 4: Loss:            : Train 0.0084, Val 0.0085, Test 0.0081
          R2_Score         : Train 0.3502, Val 0.3427, Test 0.3470
          RMSE             : Train 8.1396, Val 8.1992, Test 8.0255
          MAE              : Train 5.6357, Val 5.6152, Test 5.5404
Best:
          R2_Score         : Train 0.3502, Val 0.3427, Test 0.3470
          RMSE             : Train 8.1396, Val 8.1992, Test 8.0255
          MAE              : Train 5.6357, Val 5.6152, Test 5.5404
Epoch 5: Loss:            : Train 0.0082, Val 0.0085, Test 0.0081
          R2_Score         : Train 0.3593, Val 0.3419, Test 0.3467
          RMSE             : Train 8.0825, Val 8.2043, Test 8.0277
          MAE              : Train 5.5990, Val 5.5601, Test 5.4861
Best:
          R2_Score         : Train 0.3502, Val 0.3427, Test 0.3470
          RMSE             : Train 8.1396, Val 8.1992, Test 8.0255
          MAE              : Train 5.6357, Val 5.6152, Test 5.5404
Epoch 6: Loss:            : Train 0.0081, Val 0.0084, Test 0.0080
          R2_Score         : Train 0.3677, Val 0.3505, Test 0.3545
          RMSE             : Train 8.0294, Val 8.1505, Test 7.9798
          MAE              : Train 5.5659, Val 5.5693, Test 5.4950
Best:
          R2_Score         : Train 0.3677, Val 0.3505, Test 0.3545
          RMSE             : Train 8.0294, Val 8.1505, Test 7.9798
          MAE              : Train 5.5659, Val 5.5693, Test 5.4950
Epoch 7: Loss:            : Train 0.0080, Val 0.0084, Test 0.0081
          R2_Score         : Train 0.3751, Val 0.3464, Test 0.3462
          RMSE             : Train 7.9819, Val 8.1759, Test 8.0305
          MAE              : Train 5.5329, Val 5.6801, Test 5.6140
Best:
          R2_Score         : Train 0.3677, Val 0.3505, Test 0.3545
          RMSE             : Train 8.0294, Val 8.1505, Test 7.9798
          MAE              : Train 5.5659, Val 5.5693, Test 5.4950
Epoch 8: Loss:            : Train 0.0080, Val 0.0084, Test 0.0081
          R2_Score         : Train 0.3817, Val 0.3459, Test 0.3506
          RMSE             : Train 7.9396, Val 8.1794, Test 8.0034
          MAE              : Train 5.5064, Val 5.6052, Test 5.5217
Best:
          R2_Score         : Train 0.3677, Val 0.3505, Test 0.3545
          RMSE             : Train 8.0294, Val 8.1505, Test 7.9798
          MAE              : Train 5.5659, Val 5.5693, Test 5.4950
Epoch 9: Loss:            : Train 0.0079, Val 0.0085, Test 0.0082
          R2_Score         : Train 0.3898, Val 0.3395, Test 0.3424
          RMSE             : Train 7.8874, Val 8.2194, Test 8.0542
          MAE              : Train 5.4720, Val 5.5346, Test 5.4552
Best:
          R2_Score         : Train 0.3677, Val 0.3505, Test 0.3545
          RMSE             : Train 8.0294, Val 8.1505, Test 7.9798
          MAE              : Train 5.5659, Val 5.5693, Test 5.4950
Epoch 10: Loss:            : Train 0.0078, Val 0.0085, Test 0.0081
          R2_Score         : Train 0.3964, Val 0.3436, Test 0.3490
          RMSE             : Train 7.8450, Val 8.1935, Test 8.0133
          MAE              : Train 5.4468, Val 5.6199, Test 5.5349
Best:
          R2_Score         : Train 0.3677, Val 0.3505, Test 0.3545
          RMSE             : Train 8.0294, Val 8.1505, Test 7.9798
          MAE              : Train 5.5659, Val 5.5693, Test 5.4950
Epoch 11: Loss:            : Train 0.0077, Val 0.0086, Test 0.0082
          R2_Score         : Train 0.4024, Val 0.3341, Test 0.3397
          RMSE             : Train 7.8060, Val 8.2530, Test 8.0706
          MAE              : Train 5.4250, Val 5.5560, Test 5.4727
Best:
          R2_Score         : Train 0.3677, Val 0.3505, Test 0.3545
          RMSE             : Train 8.0294, Val 8.1505, Test 7.9798
          MAE              : Train 5.5659, Val 5.5693, Test 5.4950
Epoch 12: Loss:            : Train 0.0076, Val 0.0085, Test 0.0082
          R2_Score         : Train 0.4089, Val 0.3423, Test 0.3452
          RMSE             : Train 7.7630, Val 8.2020, Test 8.0370
          MAE              : Train 5.3971, Val 5.5493, Test 5.4741
Best:
          R2_Score         : Train 0.3677, Val 0.3505, Test 0.3545
          RMSE             : Train 8.0294, Val 8.1505, Test 7.9798
          MAE              : Train 5.5659, Val 5.5693, Test 5.4950
Epoch 13: Loss:            : Train 0.0075, Val 0.0087, Test 0.0083
          R2_Score         : Train 0.4155, Val 0.3286, Test 0.3323
          RMSE             : Train 7.7194, Val 8.2867, Test 8.1155
          MAE              : Train 5.3706, Val 5.6771, Test 5.5913
Best:
          R2_Score         : Train 0.3677, Val 0.3505, Test 0.3545
          RMSE             : Train 8.0294, Val 8.1505, Test 7.9798
          MAE              : Train 5.5659, Val 5.5693, Test 5.4950
Epoch 14: Loss:            : Train 0.0075, Val 0.0086, Test 0.0083
          R2_Score         : Train 0.4191, Val 0.3318, Test 0.3315
          RMSE             : Train 7.6956, Val 8.2668, Test 8.1204
          MAE              : Train 5.3542, Val 5.5606, Test 5.4984
Best:
          R2_Score         : Train 0.3677, Val 0.3505, Test 0.3545
          RMSE             : Train 8.0294, Val 8.1505, Test 7.9798
          MAE              : Train 5.5659, Val 5.5693, Test 5.4950
Epoch 15: Loss:            : Train 0.0074, Val 0.0087, Test 0.0083
          R2_Score         : Train 0.4263, Val 0.3297, Test 0.3353
          RMSE             : Train 7.6480, Val 8.2799, Test 8.0973
          MAE              : Train 5.3269, Val 5.6474, Test 5.5639
Best:
          R2_Score         : Train 0.3677, Val 0.3505, Test 0.3545
          RMSE             : Train 8.0294, Val 8.1505, Test 7.9798
          MAE              : Train 5.5659, Val 5.5693, Test 5.4950
Epoch 16: Loss:            : Train 0.0073, Val 0.0089, Test 0.0086
          R2_Score         : Train 0.4309, Val 0.3107, Test 0.3105
          RMSE             : Train 7.6175, Val 8.3964, Test 8.2472
          MAE              : Train 5.3104, Val 5.5832, Test 5.5190
Best:
          R2_Score         : Train 0.3677, Val 0.3505, Test 0.3545
          RMSE             : Train 8.0294, Val 8.1505, Test 7.9798
          MAE              : Train 5.5659, Val 5.5693, Test 5.4950
Epoch 17: Loss:            : Train 0.0072, Val 0.0087, Test 0.0085
          R2_Score         : Train 0.4371, Val 0.3293, Test 0.3213
          RMSE             : Train 7.5759, Val 8.2827, Test 8.1823
          MAE              : Train 5.2845, Val 5.5425, Test 5.5002
Best:
          R2_Score         : Train 0.3677, Val 0.3505, Test 0.3545
          RMSE             : Train 8.0294, Val 8.1505, Test 7.9798
          MAE              : Train 5.5659, Val 5.5693, Test 5.4950
Epoch 18: Loss:            : Train 0.0072, Val 0.0091, Test 0.0087
          R2_Score         : Train 0.4422, Val 0.2989, Test 0.2978
          RMSE             : Train 7.5416, Val 8.4680, Test 8.3224
          MAE              : Train 5.2639, Val 5.5965, Test 5.5352
Best:
          R2_Score         : Train 0.3677, Val 0.3505, Test 0.3545
          RMSE             : Train 8.0294, Val 8.1505, Test 7.9798
          MAE              : Train 5.5659, Val 5.5693, Test 5.4950
Epoch 19: Loss:            : Train 0.0071, Val 0.0089, Test 0.0086
          R2_Score         : Train 0.4450, Val 0.3121, Test 0.3091
          RMSE             : Train 7.5226, Val 8.3880, Test 8.2554
          MAE              : Train 5.2497, Val 5.6390, Test 5.5735
Best:
          R2_Score         : Train 0.3677, Val 0.3505, Test 0.3545
          RMSE             : Train 8.0294, Val 8.1505, Test 7.9798
          MAE              : Train 5.5659, Val 5.5693, Test 5.4950
Epoch 20: Loss:            : Train 0.0071, Val 0.0088, Test 0.0085
          R2_Score         : Train 0.4503, Val 0.3206, Test 0.3193
          RMSE             : Train 7.4861, Val 8.3361, Test 8.1942
          MAE              : Train 5.2281, Val 5.6286, Test 5.5690
Best:
          R2_Score         : Train 0.3677, Val 0.3505, Test 0.3545
          RMSE             : Train 8.0294, Val 8.1505, Test 7.9798
          MAE              : Train 5.5659, Val 5.5693, Test 5.4950
Training time (sec): 1382
