Loading data from cache
Done
Calculating noise scale
Standard variance of sim_score: 518.95
Adding noise of scale 0.07710057984435292 to sim_scores
Adding noise of scale 0.07710057984435292 to sim_scores
Adding noise of scale 0.07710057984435292 to sim_scores
Preparing time (sec): 4
Initializing dataloader
Done
Prepare for training
Start training
================================================================================
                                    Kernel Shape Output Shape  Params  \
Layer                                                                   
0_local_models.0.fc_layers.Linear_0    [46, 100]    [32, 100]    4700   
1_local_models.0.fc_layers.Linear_1    [100, 50]     [32, 50]    5050   
2_local_models.1.fc_layers.Linear_0    [45, 100]    [32, 100]    4600   
3_local_models.1.fc_layers.Linear_1    [100, 50]     [32, 50]    5050   
4_agg_model.fc_layers.Linear_0        [100, 100]    [32, 100]   10100   
5_agg_model.fc_layers.Linear_1          [100, 1]      [32, 1]     101   

                                     Mult-Adds  
Layer                                           
0_local_models.0.fc_layers.Linear_0       4600  
1_local_models.0.fc_layers.Linear_1       5000  
2_local_models.1.fc_layers.Linear_0       4500  
3_local_models.1.fc_layers.Linear_1       5000  
4_agg_model.fc_layers.Linear_0           10000  
5_agg_model.fc_layers.Linear_1             100  
--------------------------------------------------------------------------------
                      Totals
Total params           29601
Trainable params       29601
Non-trainable params       0
Mult-Adds              29200
================================================================================
n_classes=2
task=binary_cls
model_name=syn_featuresim_noise_0.2_2022-01-23-18-01-05
sche_threshold=0.0001
sche_patience=10
sche_factor=0.1
use_scheduler=False
num_workers=4
device=cuda:0
test_batch_size=4096
train_batch_size=32
learning_rate=0.001
weight_decay=0.0001
num_epochs=50
model_save_path=ckp/syn_featuresim_noise_0.2_2022-01-23-18-01-05.pth
test_rate=0.2
val_rate=0.1
multiprocess_context=fork
metrics=['accuracy']
metrics_f=[<metric.accuracy.Accuracy object at 0x7f331a315c40>]
hidden_sizes=[100, 100]
model=SplitNN(
  (agg_model): MLP(
    (fc_layers): ModuleList(
      (0): Linear(in_features=100, out_features=100, bias=True)
      (1): Linear(in_features=100, out_features=1, bias=True)
    )
  )
  (local_models): ModuleList(
    (0): MLP(
      (fc_layers): ModuleList(
        (0): Linear(in_features=46, out_features=100, bias=True)
        (1): Linear(in_features=100, out_features=50, bias=True)
      )
    )
    (1): MLP(
      (fc_layers): ModuleList(
        (0): Linear(in_features=45, out_features=100, bias=True)
        (1): Linear(in_features=100, out_features=50, bias=True)
      )
    )
  )
)
writer=<torch.utils.tensorboard.writer.SummaryWriter object at 0x7f331a315c70>
dataset_type=syn
drop_key=True
num_common_features=5
tree_radius=2
tree_leaf_size=1000
knn_k=100
grid_min=-10.0
grid_max=10.0
grid_width=1.5
sim_scaler=StandardScaler()
filter_top_k=None
link_n_jobs=1
psig_p=7
sim_leak_p=0.01
link_threshold_t=0.1
link_epsilon=0.1
n_hash_lsh=20
edit_distance_threshold=1
n_hash_func=10
collision_rate=0.05
qgram_q=2
link_delta=0.1
feature_wise_sim=False
blocking_method=knn_priv_str
center_threshold=0.5
n_clusters=100
local_hidden_sizes=[[100], [100]]
cut_dims=[50, 50]
agg_hidden_sizes=[100]
scale_analysis=<utils.privacy.SimNoiseScale object at 0x7f34204ab3a0>
data1_shape=(60000, 50)
data2_shape=(60000, 50)
Epoch 1: Loss:            : Train 0.6600, Val 0.6442, Test 0.6430
          Accuracy         : Train 0.5919, Val 0.6198, Test 0.6135
Best:
          Accuracy         : Train 0.5919, Val 0.6198, Test 0.6135
Epoch 2: Loss:            : Train 0.6371, Val 0.6432, Test 0.6415
          Accuracy         : Train 0.6269, Val 0.6166, Test 0.6171
Best:
          Accuracy         : Train 0.5919, Val 0.6198, Test 0.6135
Epoch 3: Loss:            : Train 0.6301, Val 0.6362, Test 0.6365
          Accuracy         : Train 0.6347, Val 0.6252, Test 0.6236
Best:
          Accuracy         : Train 0.6347, Val 0.6252, Test 0.6236
Epoch 4: Loss:            : Train 0.6245, Val 0.6354, Test 0.6337
          Accuracy         : Train 0.6424, Val 0.6292, Test 0.6269
Best:
          Accuracy         : Train 0.6424, Val 0.6292, Test 0.6269
Epoch 5: Loss:            : Train 0.6185, Val 0.6362, Test 0.6326
          Accuracy         : Train 0.6482, Val 0.6283, Test 0.6264
Best:
          Accuracy         : Train 0.6424, Val 0.6292, Test 0.6269
Epoch 6: Loss:            : Train 0.6135, Val 0.6328, Test 0.6309
          Accuracy         : Train 0.6530, Val 0.6339, Test 0.6343
Best:
          Accuracy         : Train 0.6530, Val 0.6339, Test 0.6343
Epoch 7: Loss:            : Train 0.6093, Val 0.6338, Test 0.6310
          Accuracy         : Train 0.6584, Val 0.6354, Test 0.6348
Best:
          Accuracy         : Train 0.6584, Val 0.6354, Test 0.6348
Epoch 8: Loss:            : Train 0.6048, Val 0.6356, Test 0.6307
          Accuracy         : Train 0.6627, Val 0.6301, Test 0.6314
Best:
          Accuracy         : Train 0.6584, Val 0.6354, Test 0.6348
Epoch 9: Loss:            : Train 0.6008, Val 0.6400, Test 0.6344
          Accuracy         : Train 0.6675, Val 0.6267, Test 0.6317
Best:
          Accuracy         : Train 0.6584, Val 0.6354, Test 0.6348
Epoch 10: Loss:            : Train 0.5966, Val 0.6417, Test 0.6373
          Accuracy         : Train 0.6706, Val 0.6238, Test 0.6276
Best:
          Accuracy         : Train 0.6584, Val 0.6354, Test 0.6348
Epoch 11: Loss:            : Train 0.5929, Val 0.6447, Test 0.6387
          Accuracy         : Train 0.6761, Val 0.6247, Test 0.6267
Best:
          Accuracy         : Train 0.6584, Val 0.6354, Test 0.6348
Epoch 12: Loss:            : Train 0.5895, Val 0.6434, Test 0.6396
          Accuracy         : Train 0.6790, Val 0.6304, Test 0.6272
Best:
          Accuracy         : Train 0.6584, Val 0.6354, Test 0.6348
Epoch 13: Loss:            : Train 0.5861, Val 0.6477, Test 0.6450
          Accuracy         : Train 0.6805, Val 0.6293, Test 0.6282
Best:
          Accuracy         : Train 0.6584, Val 0.6354, Test 0.6348
Epoch 14: Loss:            : Train 0.5827, Val 0.6548, Test 0.6518
          Accuracy         : Train 0.6843, Val 0.6279, Test 0.6245
Best:
          Accuracy         : Train 0.6584, Val 0.6354, Test 0.6348
Epoch 15: Loss:            : Train 0.5796, Val 0.6587, Test 0.6553
          Accuracy         : Train 0.6871, Val 0.6212, Test 0.6204
Best:
          Accuracy         : Train 0.6584, Val 0.6354, Test 0.6348
Epoch 16: Loss:            : Train 0.5757, Val 0.6543, Test 0.6500
          Accuracy         : Train 0.6914, Val 0.6224, Test 0.6253
Best:
          Accuracy         : Train 0.6584, Val 0.6354, Test 0.6348
Epoch 17: Loss:            : Train 0.5742, Val 0.6591, Test 0.6542
          Accuracy         : Train 0.6913, Val 0.6208, Test 0.6205
Best:
          Accuracy         : Train 0.6584, Val 0.6354, Test 0.6348
Epoch 18: Loss:            : Train 0.5703, Val 0.6563, Test 0.6539
          Accuracy         : Train 0.6947, Val 0.6199, Test 0.6182
Best:
          Accuracy         : Train 0.6584, Val 0.6354, Test 0.6348
Epoch 19: Loss:            : Train 0.5674, Val 0.6708, Test 0.6660
          Accuracy         : Train 0.6963, Val 0.6137, Test 0.6174
Best:
          Accuracy         : Train 0.6584, Val 0.6354, Test 0.6348
Epoch 20: Loss:            : Train 0.5638, Val 0.6684, Test 0.6642
          Accuracy         : Train 0.6996, Val 0.6187, Test 0.6184
Best:
          Accuracy         : Train 0.6584, Val 0.6354, Test 0.6348
Epoch 21: Loss:            : Train 0.5606, Val 0.6725, Test 0.6663
          Accuracy         : Train 0.7034, Val 0.6159, Test 0.6122
Best:
          Accuracy         : Train 0.6584, Val 0.6354, Test 0.6348
Epoch 22: Loss:            : Train 0.5574, Val 0.6650, Test 0.6631
          Accuracy         : Train 0.7069, Val 0.6174, Test 0.6167
Best:
          Accuracy         : Train 0.6584, Val 0.6354, Test 0.6348
Epoch 23: Loss:            : Train 0.5559, Val 0.6709, Test 0.6704
          Accuracy         : Train 0.7079, Val 0.6162, Test 0.6159
Best:
          Accuracy         : Train 0.6584, Val 0.6354, Test 0.6348
Epoch 24: Loss:            : Train 0.5525, Val 0.6762, Test 0.6701
          Accuracy         : Train 0.7109, Val 0.6134, Test 0.6159
Best:
          Accuracy         : Train 0.6584, Val 0.6354, Test 0.6348
Epoch 25: Loss:            : Train 0.5488, Val 0.6909, Test 0.6785
          Accuracy         : Train 0.7150, Val 0.6074, Test 0.6148
Best:
          Accuracy         : Train 0.6584, Val 0.6354, Test 0.6348
Epoch 26: Loss:            : Train 0.5464, Val 0.6804, Test 0.6751
          Accuracy         : Train 0.7154, Val 0.6130, Test 0.6117
Best:
          Accuracy         : Train 0.6584, Val 0.6354, Test 0.6348
Epoch 27: Loss:            : Train 0.5430, Val 0.6944, Test 0.6887
          Accuracy         : Train 0.7187, Val 0.6133, Test 0.6128
Best:
          Accuracy         : Train 0.6584, Val 0.6354, Test 0.6348
Epoch 28: Loss:            : Train 0.5400, Val 0.6990, Test 0.6889
          Accuracy         : Train 0.7211, Val 0.6063, Test 0.6062
Best:
          Accuracy         : Train 0.6584, Val 0.6354, Test 0.6348
Epoch 29: Loss:            : Train 0.5379, Val 0.6982, Test 0.6972
          Accuracy         : Train 0.7205, Val 0.6124, Test 0.6049
Best:
          Accuracy         : Train 0.6584, Val 0.6354, Test 0.6348
Epoch 30: Loss:            : Train 0.5358, Val 0.7118, Test 0.7062
          Accuracy         : Train 0.7233, Val 0.6121, Test 0.6147
Best:
          Accuracy         : Train 0.6584, Val 0.6354, Test 0.6348
Epoch 31: Loss:            : Train 0.5320, Val 0.7149, Test 0.7083
          Accuracy         : Train 0.7254, Val 0.6065, Test 0.6075
Best:
          Accuracy         : Train 0.6584, Val 0.6354, Test 0.6348
Epoch 32: Loss:            : Train 0.5289, Val 0.7193, Test 0.7082
          Accuracy         : Train 0.7296, Val 0.6083, Test 0.6149
Best:
          Accuracy         : Train 0.6584, Val 0.6354, Test 0.6348
Epoch 33: Loss:            : Train 0.5262, Val 0.7206, Test 0.7148
          Accuracy         : Train 0.7327, Val 0.6010, Test 0.6055
Best:
          Accuracy         : Train 0.6584, Val 0.6354, Test 0.6348
Epoch 34: Loss:            : Train 0.5241, Val 0.7263, Test 0.7230
          Accuracy         : Train 0.7339, Val 0.6035, Test 0.6081
Best:
          Accuracy         : Train 0.6584, Val 0.6354, Test 0.6348
Epoch 35: Loss:            : Train 0.5217, Val 0.7159, Test 0.7065
          Accuracy         : Train 0.7340, Val 0.6042, Test 0.6010
Best:
          Accuracy         : Train 0.6584, Val 0.6354, Test 0.6348
Epoch 36: Loss:            : Train 0.5188, Val 0.7184, Test 0.7159
          Accuracy         : Train 0.7360, Val 0.6030, Test 0.6035
Best:
          Accuracy         : Train 0.6584, Val 0.6354, Test 0.6348
Epoch 37: Loss:            : Train 0.5166, Val 0.7460, Test 0.7325
          Accuracy         : Train 0.7374, Val 0.6041, Test 0.6049
Best:
          Accuracy         : Train 0.6584, Val 0.6354, Test 0.6348
Epoch 38: Loss:            : Train 0.5132, Val 0.7418, Test 0.7353
          Accuracy         : Train 0.7399, Val 0.6007, Test 0.6040
Best:
          Accuracy         : Train 0.6584, Val 0.6354, Test 0.6348
Epoch 39: Loss:            : Train 0.5113, Val 0.7377, Test 0.7329
          Accuracy         : Train 0.7429, Val 0.6040, Test 0.6034
Best:
          Accuracy         : Train 0.6584, Val 0.6354, Test 0.6348
Epoch 40: Loss:            : Train 0.5073, Val 0.7366, Test 0.7280
          Accuracy         : Train 0.7454, Val 0.6028, Test 0.6044
Best:
          Accuracy         : Train 0.6584, Val 0.6354, Test 0.6348
Epoch 41: Loss:            : Train 0.5055, Val 0.7538, Test 0.7435
          Accuracy         : Train 0.7460, Val 0.5913, Test 0.5938
Best:
          Accuracy         : Train 0.6584, Val 0.6354, Test 0.6348
Epoch 42: Loss:            : Train 0.5025, Val 0.7546, Test 0.7432
          Accuracy         : Train 0.7493, Val 0.5973, Test 0.6014
Best:
          Accuracy         : Train 0.6584, Val 0.6354, Test 0.6348
Epoch 43: Loss:            : Train 0.4994, Val 0.7594, Test 0.7519
          Accuracy         : Train 0.7505, Val 0.6003, Test 0.5979
Best:
          Accuracy         : Train 0.6584, Val 0.6354, Test 0.6348
Epoch 44: Loss:            : Train 0.4962, Val 0.7710, Test 0.7565
          Accuracy         : Train 0.7544, Val 0.5906, Test 0.5955
Best:
          Accuracy         : Train 0.6584, Val 0.6354, Test 0.6348
Epoch 45: Loss:            : Train 0.4944, Val 0.7850, Test 0.7795
          Accuracy         : Train 0.7541, Val 0.5947, Test 0.5973
Best:
          Accuracy         : Train 0.6584, Val 0.6354, Test 0.6348
Epoch 46: Loss:            : Train 0.4906, Val 0.7651, Test 0.7627
          Accuracy         : Train 0.7560, Val 0.5938, Test 0.5994
Best:
          Accuracy         : Train 0.6584, Val 0.6354, Test 0.6348
Epoch 47: Loss:            : Train 0.4890, Val 0.7798, Test 0.7693
          Accuracy         : Train 0.7588, Val 0.5943, Test 0.5998
Best:
          Accuracy         : Train 0.6584, Val 0.6354, Test 0.6348
Epoch 48: Loss:            : Train 0.4862, Val 0.7962, Test 0.7873
          Accuracy         : Train 0.7596, Val 0.5944, Test 0.5977
Best:
          Accuracy         : Train 0.6584, Val 0.6354, Test 0.6348
Epoch 49: Loss:            : Train 0.4829, Val 0.7821, Test 0.7739
          Accuracy         : Train 0.7631, Val 0.5875, Test 0.5930
Best:
          Accuracy         : Train 0.6584, Val 0.6354, Test 0.6348
Epoch 50: Loss:            : Train 0.4815, Val 0.7921, Test 0.7846
          Accuracy         : Train 0.7650, Val 0.5922, Test 0.5965
Best:
          Accuracy         : Train 0.6584, Val 0.6354, Test 0.6348
Training time (sec): 756
