Loading data from cache
Done
Calculating noise scale
Adding noise of scale 0.0 to sim_scores
Adding noise of scale 0.0 to sim_scores
Adding noise of scale 0.0 to sim_scores
Filter dataset to top 60
Generating top 60 dataset
Generating top 60 dataset
Generating top 60 dataset
Preparing time (sec): 74
Initializing dataloader
Done
Prepare for training
Start training
SplitNN summary
==========================================================================================
Layer (type:depth-idx)                   Output Shape              Param #
==========================================================================================
SplitNN                                  --                        --
├─MLP: 1                                 --                        --
│    └─ModuleList: 2-1                   --                        --
├─ModuleList: 1-1                        --                        --
│    └─MLP: 2                            --                        --
│    │    └─ModuleList: 3-1              --                        9,650
│    └─MLP: 2                            --                        --
│    │    └─ModuleList: 3-2              --                        9,650
│    └─MLP: 2-2                          [32, 50]                  --
│    └─MLP: 2-3                          [32, 50]                  --
├─MLP: 1-2                               [32, 1]                   --
│    └─ModuleList: 2-1                   --                        --
│    │    └─Linear: 3-3                  [32, 100]                 10,100
│    │    └─Linear: 3-4                  [32, 1]                   101
==========================================================================================
Total params: 29,501
Trainable params: 29,501
Non-trainable params: 0
Total mult-adds (M): 0.94
==========================================================================================
Input size (MB): 0.01
Forward/backward pass size (MB): 0.10
Params size (MB): 0.12
Estimated Total Size (MB): 0.23
==========================================================================================
Similarity model summary
==========================================================================================
Layer (type:depth-idx)                   Output Shape              Param #
==========================================================================================
MLP                                      --                        --
├─ModuleList: 1-1                        --                        --
│    └─Linear: 2-1                       [1, 10]                   20
│    └─Linear: 2-2                       [1, 1]                    11
==========================================================================================
Total params: 31
Trainable params: 31
Non-trainable params: 0
Total mult-adds (M): 0.00
==========================================================================================
Input size (MB): 0.00
Forward/backward pass size (MB): 0.00
Params size (MB): 0.00
Estimated Total Size (MB): 0.00
==========================================================================================
n_classes=2
task=binary_cls
model_name=syn_fedsim_noise_0.2_2022-01-27-16-16-38
sche_threshold=0.0001
sche_patience=10
sche_factor=0.1
use_scheduler=False
num_workers=4
device=cuda:2
test_batch_size=4096
train_batch_size=32
learning_rate=0.001
weight_decay=0.0001
num_epochs=50
model_save_path=ckp/syn_fedsim_noise_0.2_2022-01-27-16-16-38.pth
test_rate=0.2
val_rate=0.1
multiprocess_context=fork
metrics=['accuracy']
metrics_f=[<metric.accuracy.Accuracy object at 0x7f7e69611b50>]
hidden_sizes=[100, 100]
model=SplitNN(
  (agg_model): MLP(
    (fc_layers): ModuleList(
      (0): Linear(in_features=100, out_features=100, bias=True)
      (1): Linear(in_features=100, out_features=1, bias=True)
    )
  )
  (local_models): ModuleList(
    (0): MLP(
      (fc_layers): ModuleList(
        (0): Linear(in_features=45, out_features=100, bias=True)
        (1): Linear(in_features=100, out_features=50, bias=True)
      )
    )
    (1): MLP(
      (fc_layers): ModuleList(
        (0): Linear(in_features=45, out_features=100, bias=True)
        (1): Linear(in_features=100, out_features=50, bias=True)
      )
    )
  )
)
writer=<torch.utils.tensorboard.writer.SummaryWriter object at 0x7f7e69611b80>
dataset_type=syn
drop_key=True
num_common_features=5
tree_radius=2
tree_leaf_size=1000
knn_k=60
grid_min=-10.0
grid_max=10.0
grid_width=1.5
sim_scaler=StandardScaler()
filter_top_k=60
link_n_jobs=1
psig_p=7
sim_leak_p=1.0
link_threshold_t=0.1
link_epsilon=0.1
n_hash_lsh=20
edit_distance_threshold=1
n_hash_func=10
collision_rate=0.05
qgram_q=2
link_delta=0.1
feature_wise_sim=False
blocking_method=knn
center_threshold=0.5
n_clusters=100
local_hidden_sizes=[[100], [100]]
cut_dims=[50, 50]
agg_hidden_sizes=[100]
scale_analysis=None
mlp_merge=None
use_sim=True
use_conv=False
conv_kernel_v_size=7
conv_n_channels=4
merge_dropout_p=0.8
raw_output_dim=1
log_dir=log/syn_fedsim_noise_0.2_2022-01-27-16-16-38/
update_sim_freq=1
sim_model_save_path=ckp/syn_fedsim_noise_0.2_2022-01-27-16-16-38_sim.pth
merge_model_save_path=ckp/syn_fedsim_noise_0.2_2022-01-27-16-16-38_merge.pth
sim_batch_size=128
sim_weight_decay=0.0001
sim_learning_rate=0.001
merge_model=AvgSumModel()
sim_model=MLP(
  (fc_layers): ModuleList(
    (0): Linear(in_features=1, out_features=10, bias=True)
    (1): Linear(in_features=10, out_features=1, bias=True)
  )
)
sim_hidden_sizes=[10]
merge_hidden_sizes=[400]
data1_shape=(60000, 50)
data2_shape=(60000, 50)
Epoch 1: Loss:            : Train 0.6557, Val 0.6368, Test 0.6373
          Accuracy         : Train 0.5977, Val 0.6245, Test 0.6198
Best:
          Accuracy         : Train 0.5977, Val 0.6245, Test 0.6198
Epoch 2: Loss:            : Train 0.6166, Val 0.6017, Test 0.5893
          Accuracy         : Train 0.6511, Val 0.6683, Test 0.6741
Best:
          Accuracy         : Train 0.6511, Val 0.6683, Test 0.6741
Epoch 3: Loss:            : Train 0.5776, Val 0.5921, Test 0.5695
          Accuracy         : Train 0.6926, Val 0.6757, Test 0.6953
Best:
          Accuracy         : Train 0.6926, Val 0.6757, Test 0.6953
Epoch 4: Loss:            : Train 0.5617, Val 0.5844, Test 0.5626
          Accuracy         : Train 0.7038, Val 0.6822, Test 0.7023
Best:
          Accuracy         : Train 0.7038, Val 0.6822, Test 0.7023
Epoch 5: Loss:            : Train 0.5508, Val 0.5768, Test 0.5551
          Accuracy         : Train 0.7121, Val 0.6883, Test 0.7080
Best:
          Accuracy         : Train 0.7121, Val 0.6883, Test 0.7080
Epoch 6: Loss:            : Train 0.5420, Val 0.5820, Test 0.5602
          Accuracy         : Train 0.7206, Val 0.6838, Test 0.7026
Best:
          Accuracy         : Train 0.7121, Val 0.6883, Test 0.7080
Epoch 7: Loss:            : Train 0.5342, Val 0.5751, Test 0.5516
          Accuracy         : Train 0.7247, Val 0.6918, Test 0.7074
Best:
          Accuracy         : Train 0.7247, Val 0.6918, Test 0.7074
Epoch 8: Loss:            : Train 0.5260, Val 0.5751, Test 0.5521
          Accuracy         : Train 0.7323, Val 0.6942, Test 0.7103
Best:
          Accuracy         : Train 0.7323, Val 0.6942, Test 0.7103
Epoch 9: Loss:            : Train 0.5185, Val 0.5766, Test 0.5538
          Accuracy         : Train 0.7370, Val 0.6937, Test 0.7097
Best:
          Accuracy         : Train 0.7323, Val 0.6942, Test 0.7103
Epoch 10: Loss:            : Train 0.5116, Val 0.5750, Test 0.5505
          Accuracy         : Train 0.7415, Val 0.6900, Test 0.7092
Best:
          Accuracy         : Train 0.7323, Val 0.6942, Test 0.7103
Epoch 11: Loss:            : Train 0.5054, Val 0.5759, Test 0.5500
          Accuracy         : Train 0.7463, Val 0.6932, Test 0.7106
Best:
          Accuracy         : Train 0.7323, Val 0.6942, Test 0.7103
Epoch 12: Loss:            : Train 0.4988, Val 0.5836, Test 0.5615
          Accuracy         : Train 0.7510, Val 0.6883, Test 0.7128
Best:
          Accuracy         : Train 0.7323, Val 0.6942, Test 0.7103
Epoch 13: Loss:            : Train 0.4922, Val 0.5769, Test 0.5542
          Accuracy         : Train 0.7531, Val 0.6883, Test 0.7108
Best:
          Accuracy         : Train 0.7323, Val 0.6942, Test 0.7103
Epoch 14: Loss:            : Train 0.4862, Val 0.5966, Test 0.5739
          Accuracy         : Train 0.7581, Val 0.6852, Test 0.7099
Best:
          Accuracy         : Train 0.7323, Val 0.6942, Test 0.7103
Epoch 15: Loss:            : Train 0.4812, Val 0.5869, Test 0.5659
          Accuracy         : Train 0.7618, Val 0.6895, Test 0.7063
Best:
          Accuracy         : Train 0.7323, Val 0.6942, Test 0.7103
Epoch 16: Loss:            : Train 0.4739, Val 0.5943, Test 0.5751
          Accuracy         : Train 0.7672, Val 0.6835, Test 0.7061
Best:
          Accuracy         : Train 0.7323, Val 0.6942, Test 0.7103
Epoch 17: Loss:            : Train 0.4685, Val 0.5923, Test 0.5682
          Accuracy         : Train 0.7687, Val 0.6820, Test 0.7067
Best:
          Accuracy         : Train 0.7323, Val 0.6942, Test 0.7103
Epoch 18: Loss:            : Train 0.4628, Val 0.6007, Test 0.5831
          Accuracy         : Train 0.7741, Val 0.6832, Test 0.7050
Best:
          Accuracy         : Train 0.7323, Val 0.6942, Test 0.7103
Epoch 19: Loss:            : Train 0.4579, Val 0.6036, Test 0.5851
          Accuracy         : Train 0.7763, Val 0.6832, Test 0.7062
Best:
          Accuracy         : Train 0.7323, Val 0.6942, Test 0.7103
Epoch 20: Loss:            : Train 0.4526, Val 0.6219, Test 0.6045
          Accuracy         : Train 0.7790, Val 0.6713, Test 0.6977
Best:
          Accuracy         : Train 0.7323, Val 0.6942, Test 0.7103
Epoch 21: Loss:            : Train 0.4487, Val 0.6109, Test 0.6002
          Accuracy         : Train 0.7818, Val 0.6823, Test 0.7028
Best:
          Accuracy         : Train 0.7323, Val 0.6942, Test 0.7103
Epoch 22: Loss:            : Train 0.4439, Val 0.6053, Test 0.5918
          Accuracy         : Train 0.7840, Val 0.6890, Test 0.7022
Best:
          Accuracy         : Train 0.7323, Val 0.6942, Test 0.7103
Epoch 23: Loss:            : Train 0.4388, Val 0.6121, Test 0.6002
          Accuracy         : Train 0.7872, Val 0.6842, Test 0.7047
Best:
          Accuracy         : Train 0.7323, Val 0.6942, Test 0.7103
Epoch 24: Loss:            : Train 0.4330, Val 0.6154, Test 0.6054
          Accuracy         : Train 0.7926, Val 0.6815, Test 0.6986
Best:
          Accuracy         : Train 0.7323, Val 0.6942, Test 0.7103
Epoch 25: Loss:            : Train 0.4304, Val 0.6202, Test 0.6178
          Accuracy         : Train 0.7917, Val 0.6765, Test 0.6918
Best:
          Accuracy         : Train 0.7323, Val 0.6942, Test 0.7103
Epoch 26: Loss:            : Train 0.4265, Val 0.6236, Test 0.6226
          Accuracy         : Train 0.7944, Val 0.6868, Test 0.6979
Best:
          Accuracy         : Train 0.7323, Val 0.6942, Test 0.7103
Epoch 27: Loss:            : Train 0.4223, Val 0.6394, Test 0.6422
          Accuracy         : Train 0.7955, Val 0.6825, Test 0.6936
Best:
          Accuracy         : Train 0.7323, Val 0.6942, Test 0.7103
Epoch 28: Loss:            : Train 0.4194, Val 0.6467, Test 0.6562
          Accuracy         : Train 0.7982, Val 0.6820, Test 0.6984
Best:
          Accuracy         : Train 0.7323, Val 0.6942, Test 0.7103
Epoch 29: Loss:            : Train 0.4162, Val 0.6527, Test 0.6549
          Accuracy         : Train 0.8008, Val 0.6807, Test 0.6982
Best:
          Accuracy         : Train 0.7323, Val 0.6942, Test 0.7103
Epoch 30: Loss:            : Train 0.4109, Val 0.6466, Test 0.6426
          Accuracy         : Train 0.8046, Val 0.6772, Test 0.6947
Best:
          Accuracy         : Train 0.7323, Val 0.6942, Test 0.7103
Epoch 31: Loss:            : Train 0.4096, Val 0.6347, Test 0.6297
          Accuracy         : Train 0.8044, Val 0.6777, Test 0.7014
Best:
          Accuracy         : Train 0.7323, Val 0.6942, Test 0.7103
Epoch 32: Loss:            : Train 0.4075, Val 0.6574, Test 0.6602
          Accuracy         : Train 0.8070, Val 0.6773, Test 0.6962
Best:
          Accuracy         : Train 0.7323, Val 0.6942, Test 0.7103
Epoch 33: Loss:            : Train 0.4053, Val 0.6657, Test 0.6685
          Accuracy         : Train 0.8065, Val 0.6750, Test 0.6955
Best:
          Accuracy         : Train 0.7323, Val 0.6942, Test 0.7103
Epoch 34: Loss:            : Train 0.4042, Val 0.6573, Test 0.6596
          Accuracy         : Train 0.8093, Val 0.6763, Test 0.6976
Best:
          Accuracy         : Train 0.7323, Val 0.6942, Test 0.7103
Epoch 35: Loss:            : Train 0.4000, Val 0.6666, Test 0.6774
          Accuracy         : Train 0.8117, Val 0.6752, Test 0.6918
Best:
          Accuracy         : Train 0.7323, Val 0.6942, Test 0.7103
Epoch 36: Loss:            : Train 0.3975, Val 0.6645, Test 0.6708
          Accuracy         : Train 0.8113, Val 0.6758, Test 0.6951
Best:
          Accuracy         : Train 0.7323, Val 0.6942, Test 0.7103
Epoch 37: Loss:            : Train 0.3967, Val 0.6767, Test 0.6799
          Accuracy         : Train 0.8123, Val 0.6753, Test 0.6937
Best:
          Accuracy         : Train 0.7323, Val 0.6942, Test 0.7103
Epoch 38: Loss:            : Train 0.3931, Val 0.6728, Test 0.6732
          Accuracy         : Train 0.8146, Val 0.6722, Test 0.6928
Best:
          Accuracy         : Train 0.7323, Val 0.6942, Test 0.7103
Epoch 39: Loss:            : Train 0.3929, Val 0.6824, Test 0.6815
          Accuracy         : Train 0.8145, Val 0.6732, Test 0.6947
Best:
          Accuracy         : Train 0.7323, Val 0.6942, Test 0.7103
Epoch 40: Loss:            : Train 0.3901, Val 0.6740, Test 0.6737
          Accuracy         : Train 0.8152, Val 0.6737, Test 0.6912
Best:
          Accuracy         : Train 0.7323, Val 0.6942, Test 0.7103
Epoch 41: Loss:            : Train 0.3867, Val 0.6923, Test 0.7041
          Accuracy         : Train 0.8189, Val 0.6782, Test 0.6886
Best:
          Accuracy         : Train 0.7323, Val 0.6942, Test 0.7103
Epoch 42: Loss:            : Train 0.3866, Val 0.6580, Test 0.6746
          Accuracy         : Train 0.8179, Val 0.6782, Test 0.6913
Best:
          Accuracy         : Train 0.7323, Val 0.6942, Test 0.7103
Epoch 43: Loss:            : Train 0.3834, Val 0.6970, Test 0.7138
          Accuracy         : Train 0.8209, Val 0.6707, Test 0.6917
Best:
          Accuracy         : Train 0.7323, Val 0.6942, Test 0.7103
Epoch 44: Loss:            : Train 0.3804, Val 0.7009, Test 0.7191
          Accuracy         : Train 0.8210, Val 0.6765, Test 0.6908
Best:
          Accuracy         : Train 0.7323, Val 0.6942, Test 0.7103
Epoch 45: Loss:            : Train 0.3802, Val 0.6891, Test 0.7126
          Accuracy         : Train 0.8215, Val 0.6748, Test 0.6887
Best:
          Accuracy         : Train 0.7323, Val 0.6942, Test 0.7103
Epoch 46: Loss:            : Train 0.3803, Val 0.6836, Test 0.6873
          Accuracy         : Train 0.8230, Val 0.6762, Test 0.6939
Best:
          Accuracy         : Train 0.7323, Val 0.6942, Test 0.7103
Epoch 47: Loss:            : Train 0.3781, Val 0.6937, Test 0.6990
          Accuracy         : Train 0.8237, Val 0.6708, Test 0.6947
Best:
          Accuracy         : Train 0.7323, Val 0.6942, Test 0.7103
Epoch 48: Loss:            : Train 0.3768, Val 0.7094, Test 0.7250
          Accuracy         : Train 0.8249, Val 0.6713, Test 0.6891
Best:
          Accuracy         : Train 0.7323, Val 0.6942, Test 0.7103
Epoch 49: Loss:            : Train 0.3736, Val 0.6949, Test 0.7126
          Accuracy         : Train 0.8278, Val 0.6727, Test 0.6907
Best:
          Accuracy         : Train 0.7323, Val 0.6942, Test 0.7103
Epoch 50: Loss:            : Train 0.3711, Val 0.7115, Test 0.7267
          Accuracy         : Train 0.8268, Val 0.6747, Test 0.6936
Best:
          Accuracy         : Train 0.7323, Val 0.6942, Test 0.7103
Training time (sec): 3172
