Loading data from cache
Done
Calculating noise scale
Adding noise of scale 0.0 to sim_scores
Adding noise of scale 0.0 to sim_scores
Adding noise of scale 0.0 to sim_scores
Filter dataset to top 10
Generating top 10 dataset
Generating top 10 dataset
Generating top 10 dataset
Preparing time (sec): 7
Initializing dataloader
Done
Prepare for training
Start training
SplitNN summary
==========================================================================================
Layer (type:depth-idx)                   Output Shape              Param #
==========================================================================================
SplitNN                                  --                        --
├─MLP: 1                                 --                        --
│    └─ModuleList: 2-1                   --                        --
├─ModuleList: 1-1                        --                        --
│    └─MLP: 2                            --                        --
│    │    └─ModuleList: 3-1              --                        9,650
│    └─MLP: 2                            --                        --
│    │    └─ModuleList: 3-2              --                        9,650
│    └─MLP: 2-2                          [32, 50]                  --
│    └─MLP: 2-3                          [32, 50]                  --
├─MLP: 1-2                               [32, 1]                   --
│    └─ModuleList: 2-1                   --                        --
│    │    └─Linear: 3-3                  [32, 100]                 10,100
│    │    └─Linear: 3-4                  [32, 1]                   101
==========================================================================================
Total params: 29,501
Trainable params: 29,501
Non-trainable params: 0
Total mult-adds (M): 0.94
==========================================================================================
Input size (MB): 0.01
Forward/backward pass size (MB): 0.10
Params size (MB): 0.12
Estimated Total Size (MB): 0.23
==========================================================================================
Similarity model summary
==========================================================================================
Layer (type:depth-idx)                   Output Shape              Param #
==========================================================================================
MLP                                      --                        --
├─ModuleList: 1-1                        --                        --
│    └─Linear: 2-1                       [1, 10]                   20
│    └─Linear: 2-2                       [1, 1]                    11
==========================================================================================
Total params: 31
Trainable params: 31
Non-trainable params: 0
Total mult-adds (M): 0.00
==========================================================================================
Input size (MB): 0.00
Forward/backward pass size (MB): 0.00
Params size (MB): 0.00
Estimated Total Size (MB): 0.00
==========================================================================================
n_classes=2
task=binary_cls
model_name=syn_fedsim_noise_0.2_2022-01-27-18-38-21
sche_threshold=0.0001
sche_patience=10
sche_factor=0.1
use_scheduler=False
num_workers=4
device=cuda:2
test_batch_size=4096
train_batch_size=32
learning_rate=0.001
weight_decay=0.0001
num_epochs=50
model_save_path=ckp/syn_fedsim_noise_0.2_2022-01-27-18-38-21.pth
test_rate=0.2
val_rate=0.1
multiprocess_context=fork
metrics=['accuracy']
metrics_f=[<metric.accuracy.Accuracy object at 0x7fc62d0ebbb0>]
hidden_sizes=[100, 100]
model=SplitNN(
  (agg_model): MLP(
    (fc_layers): ModuleList(
      (0): Linear(in_features=100, out_features=100, bias=True)
      (1): Linear(in_features=100, out_features=1, bias=True)
    )
  )
  (local_models): ModuleList(
    (0): MLP(
      (fc_layers): ModuleList(
        (0): Linear(in_features=45, out_features=100, bias=True)
        (1): Linear(in_features=100, out_features=50, bias=True)
      )
    )
    (1): MLP(
      (fc_layers): ModuleList(
        (0): Linear(in_features=45, out_features=100, bias=True)
        (1): Linear(in_features=100, out_features=50, bias=True)
      )
    )
  )
)
writer=<torch.utils.tensorboard.writer.SummaryWriter object at 0x7fc62d0ebbe0>
dataset_type=syn
drop_key=True
num_common_features=5
tree_radius=2
tree_leaf_size=1000
knn_k=10
grid_min=-10.0
grid_max=10.0
grid_width=1.5
sim_scaler=StandardScaler()
filter_top_k=10
link_n_jobs=1
psig_p=7
sim_leak_p=1.0
link_threshold_t=0.1
link_epsilon=0.1
n_hash_lsh=20
edit_distance_threshold=1
n_hash_func=10
collision_rate=0.05
qgram_q=2
link_delta=0.1
feature_wise_sim=False
blocking_method=knn
center_threshold=0.5
n_clusters=100
local_hidden_sizes=[[100], [100]]
cut_dims=[50, 50]
agg_hidden_sizes=[100]
scale_analysis=None
mlp_merge=None
use_sim=True
use_conv=False
conv_kernel_v_size=7
conv_n_channels=4
merge_dropout_p=0.8
raw_output_dim=1
log_dir=log/syn_fedsim_noise_0.2_2022-01-27-18-38-21/
update_sim_freq=1
sim_model_save_path=ckp/syn_fedsim_noise_0.2_2022-01-27-18-38-21_sim.pth
merge_model_save_path=ckp/syn_fedsim_noise_0.2_2022-01-27-18-38-21_merge.pth
sim_batch_size=128
sim_weight_decay=0.0001
sim_learning_rate=0.001
merge_model=AvgSumModel()
sim_model=MLP(
  (fc_layers): ModuleList(
    (0): Linear(in_features=1, out_features=10, bias=True)
    (1): Linear(in_features=10, out_features=1, bias=True)
  )
)
sim_hidden_sizes=[10]
merge_hidden_sizes=[400]
data1_shape=(60000, 50)
data2_shape=(60000, 50)
Epoch 1: Loss:            : Train 0.6514, Val 0.6096, Test 0.6138
          Accuracy         : Train 0.6014, Val 0.6665, Test 0.6598
Best:
          Accuracy         : Train 0.6014, Val 0.6665, Test 0.6598
Epoch 2: Loss:            : Train 0.5707, Val 0.4997, Test 0.5123
          Accuracy         : Train 0.6961, Val 0.7492, Test 0.7414
Best:
          Accuracy         : Train 0.6961, Val 0.7492, Test 0.7414
Epoch 3: Loss:            : Train 0.5407, Val 0.4886, Test 0.5025
          Accuracy         : Train 0.7197, Val 0.7592, Test 0.7467
Best:
          Accuracy         : Train 0.7197, Val 0.7592, Test 0.7467
Epoch 4: Loss:            : Train 0.5282, Val 0.4826, Test 0.4956
          Accuracy         : Train 0.7270, Val 0.7658, Test 0.7538
Best:
          Accuracy         : Train 0.7270, Val 0.7658, Test 0.7538
Epoch 5: Loss:            : Train 0.5194, Val 0.4826, Test 0.4937
          Accuracy         : Train 0.7343, Val 0.7632, Test 0.7542
Best:
          Accuracy         : Train 0.7270, Val 0.7658, Test 0.7538
Epoch 6: Loss:            : Train 0.5092, Val 0.4716, Test 0.4865
          Accuracy         : Train 0.7422, Val 0.7732, Test 0.7574
Best:
          Accuracy         : Train 0.7422, Val 0.7732, Test 0.7574
Epoch 7: Loss:            : Train 0.5006, Val 0.4736, Test 0.4851
          Accuracy         : Train 0.7480, Val 0.7667, Test 0.7608
Best:
          Accuracy         : Train 0.7422, Val 0.7732, Test 0.7574
Epoch 8: Loss:            : Train 0.4916, Val 0.4757, Test 0.4935
          Accuracy         : Train 0.7550, Val 0.7705, Test 0.7558
Best:
          Accuracy         : Train 0.7422, Val 0.7732, Test 0.7574
Epoch 9: Loss:            : Train 0.4829, Val 0.4710, Test 0.4876
          Accuracy         : Train 0.7603, Val 0.7743, Test 0.7572
Best:
          Accuracy         : Train 0.7603, Val 0.7743, Test 0.7572
Epoch 10: Loss:            : Train 0.4747, Val 0.4763, Test 0.4933
          Accuracy         : Train 0.7651, Val 0.7695, Test 0.7590
Best:
          Accuracy         : Train 0.7603, Val 0.7743, Test 0.7572
Epoch 11: Loss:            : Train 0.4686, Val 0.4767, Test 0.4928
          Accuracy         : Train 0.7696, Val 0.7725, Test 0.7597
Best:
          Accuracy         : Train 0.7603, Val 0.7743, Test 0.7572
Epoch 12: Loss:            : Train 0.4613, Val 0.4797, Test 0.4956
          Accuracy         : Train 0.7749, Val 0.7705, Test 0.7600
Best:
          Accuracy         : Train 0.7603, Val 0.7743, Test 0.7572
Epoch 13: Loss:            : Train 0.4542, Val 0.4873, Test 0.5065
          Accuracy         : Train 0.7792, Val 0.7687, Test 0.7593
Best:
          Accuracy         : Train 0.7603, Val 0.7743, Test 0.7572
Epoch 14: Loss:            : Train 0.4493, Val 0.4902, Test 0.5082
          Accuracy         : Train 0.7814, Val 0.7702, Test 0.7619
Best:
          Accuracy         : Train 0.7603, Val 0.7743, Test 0.7572
Epoch 15: Loss:            : Train 0.4436, Val 0.5071, Test 0.5228
          Accuracy         : Train 0.7858, Val 0.7618, Test 0.7547
Best:
          Accuracy         : Train 0.7603, Val 0.7743, Test 0.7572
Epoch 16: Loss:            : Train 0.4367, Val 0.5163, Test 0.5276
          Accuracy         : Train 0.7902, Val 0.7605, Test 0.7512
Best:
          Accuracy         : Train 0.7603, Val 0.7743, Test 0.7572
Epoch 17: Loss:            : Train 0.4329, Val 0.5132, Test 0.5297
          Accuracy         : Train 0.7908, Val 0.7642, Test 0.7552
Best:
          Accuracy         : Train 0.7603, Val 0.7743, Test 0.7572
Epoch 18: Loss:            : Train 0.4274, Val 0.5156, Test 0.5307
          Accuracy         : Train 0.7955, Val 0.7648, Test 0.7546
Best:
          Accuracy         : Train 0.7603, Val 0.7743, Test 0.7572
Epoch 19: Loss:            : Train 0.4219, Val 0.5291, Test 0.5427
          Accuracy         : Train 0.7981, Val 0.7617, Test 0.7518
Best:
          Accuracy         : Train 0.7603, Val 0.7743, Test 0.7572
Epoch 20: Loss:            : Train 0.4185, Val 0.5362, Test 0.5559
          Accuracy         : Train 0.7999, Val 0.7565, Test 0.7469
Best:
          Accuracy         : Train 0.7603, Val 0.7743, Test 0.7572
Epoch 21: Loss:            : Train 0.4133, Val 0.5337, Test 0.5511
          Accuracy         : Train 0.8025, Val 0.7632, Test 0.7560
Best:
          Accuracy         : Train 0.7603, Val 0.7743, Test 0.7572
Epoch 22: Loss:            : Train 0.4076, Val 0.5579, Test 0.5665
          Accuracy         : Train 0.8063, Val 0.7603, Test 0.7493
Best:
          Accuracy         : Train 0.7603, Val 0.7743, Test 0.7572
Epoch 23: Loss:            : Train 0.4033, Val 0.5843, Test 0.5984
          Accuracy         : Train 0.8078, Val 0.7535, Test 0.7424
Best:
          Accuracy         : Train 0.7603, Val 0.7743, Test 0.7572
Epoch 24: Loss:            : Train 0.3997, Val 0.5828, Test 0.5972
          Accuracy         : Train 0.8102, Val 0.7532, Test 0.7480
Best:
          Accuracy         : Train 0.7603, Val 0.7743, Test 0.7572
Epoch 25: Loss:            : Train 0.3955, Val 0.5828, Test 0.5966
          Accuracy         : Train 0.8133, Val 0.7600, Test 0.7431
Best:
          Accuracy         : Train 0.7603, Val 0.7743, Test 0.7572
Epoch 26: Loss:            : Train 0.3922, Val 0.5964, Test 0.6035
          Accuracy         : Train 0.8136, Val 0.7572, Test 0.7435
Best:
          Accuracy         : Train 0.7603, Val 0.7743, Test 0.7572
Epoch 27: Loss:            : Train 0.3906, Val 0.6024, Test 0.6172
          Accuracy         : Train 0.8144, Val 0.7555, Test 0.7435
Best:
          Accuracy         : Train 0.7603, Val 0.7743, Test 0.7572
Epoch 28: Loss:            : Train 0.3846, Val 0.6177, Test 0.6230
          Accuracy         : Train 0.8183, Val 0.7502, Test 0.7381
Best:
          Accuracy         : Train 0.7603, Val 0.7743, Test 0.7572
Epoch 29: Loss:            : Train 0.3828, Val 0.6029, Test 0.6014
          Accuracy         : Train 0.8185, Val 0.7525, Test 0.7422
Best:
          Accuracy         : Train 0.7603, Val 0.7743, Test 0.7572
Epoch 30: Loss:            : Train 0.3794, Val 0.6147, Test 0.6225
          Accuracy         : Train 0.8210, Val 0.7502, Test 0.7420
Best:
          Accuracy         : Train 0.7603, Val 0.7743, Test 0.7572
Epoch 31: Loss:            : Train 0.3769, Val 0.6271, Test 0.6427
          Accuracy         : Train 0.8228, Val 0.7515, Test 0.7381
Best:
          Accuracy         : Train 0.7603, Val 0.7743, Test 0.7572
Epoch 32: Loss:            : Train 0.3744, Val 0.6401, Test 0.6509
          Accuracy         : Train 0.8245, Val 0.7462, Test 0.7374
Best:
          Accuracy         : Train 0.7603, Val 0.7743, Test 0.7572
Epoch 33: Loss:            : Train 0.3693, Val 0.6593, Test 0.6629
          Accuracy         : Train 0.8246, Val 0.7467, Test 0.7353
Best:
          Accuracy         : Train 0.7603, Val 0.7743, Test 0.7572
Epoch 34: Loss:            : Train 0.3706, Val 0.6470, Test 0.6402
          Accuracy         : Train 0.8251, Val 0.7475, Test 0.7378
Best:
          Accuracy         : Train 0.7603, Val 0.7743, Test 0.7572
Epoch 35: Loss:            : Train 0.3684, Val 0.6823, Test 0.6890
          Accuracy         : Train 0.8280, Val 0.7478, Test 0.7369
Best:
          Accuracy         : Train 0.7603, Val 0.7743, Test 0.7572
Epoch 36: Loss:            : Train 0.3675, Val 0.6662, Test 0.6693
          Accuracy         : Train 0.8287, Val 0.7453, Test 0.7408
Best:
          Accuracy         : Train 0.7603, Val 0.7743, Test 0.7572
Epoch 37: Loss:            : Train 0.3665, Val 0.6581, Test 0.6789
          Accuracy         : Train 0.8283, Val 0.7515, Test 0.7384
Best:
          Accuracy         : Train 0.7603, Val 0.7743, Test 0.7572
Epoch 38: Loss:            : Train 0.3609, Val 0.6856, Test 0.7085
          Accuracy         : Train 0.8328, Val 0.7557, Test 0.7346
Best:
          Accuracy         : Train 0.7603, Val 0.7743, Test 0.7572
Epoch 39: Loss:            : Train 0.3633, Val 0.6764, Test 0.6917
          Accuracy         : Train 0.8321, Val 0.7447, Test 0.7344
Best:
          Accuracy         : Train 0.7603, Val 0.7743, Test 0.7572
Epoch 40: Loss:            : Train 0.3605, Val 0.6964, Test 0.7115
          Accuracy         : Train 0.8315, Val 0.7558, Test 0.7323
Best:
          Accuracy         : Train 0.7603, Val 0.7743, Test 0.7572
Epoch 41: Loss:            : Train 0.3588, Val 0.6793, Test 0.6724
          Accuracy         : Train 0.8327, Val 0.7452, Test 0.7352
Best:
          Accuracy         : Train 0.7603, Val 0.7743, Test 0.7572
Epoch 42: Loss:            : Train 0.3566, Val 0.6908, Test 0.7226
          Accuracy         : Train 0.8344, Val 0.7472, Test 0.7322
Best:
          Accuracy         : Train 0.7603, Val 0.7743, Test 0.7572
Epoch 43: Loss:            : Train 0.3544, Val 0.6853, Test 0.7155
          Accuracy         : Train 0.8357, Val 0.7497, Test 0.7329
Best:
          Accuracy         : Train 0.7603, Val 0.7743, Test 0.7572
Epoch 44: Loss:            : Train 0.3543, Val 0.7213, Test 0.7388
          Accuracy         : Train 0.8367, Val 0.7470, Test 0.7349
Best:
          Accuracy         : Train 0.7603, Val 0.7743, Test 0.7572
Epoch 45: Loss:            : Train 0.3514, Val 0.7325, Test 0.7584
          Accuracy         : Train 0.8381, Val 0.7465, Test 0.7302
Best:
          Accuracy         : Train 0.7603, Val 0.7743, Test 0.7572
Epoch 46: Loss:            : Train 0.3504, Val 0.6917, Test 0.7200
          Accuracy         : Train 0.8376, Val 0.7450, Test 0.7313
Best:
          Accuracy         : Train 0.7603, Val 0.7743, Test 0.7572
Epoch 47: Loss:            : Train 0.3477, Val 0.7182, Test 0.7260
          Accuracy         : Train 0.8408, Val 0.7482, Test 0.7350
Best:
          Accuracy         : Train 0.7603, Val 0.7743, Test 0.7572
Epoch 48: Loss:            : Train 0.3473, Val 0.7238, Test 0.7206
          Accuracy         : Train 0.8400, Val 0.7465, Test 0.7362
Best:
          Accuracy         : Train 0.7603, Val 0.7743, Test 0.7572
Epoch 49: Loss:            : Train 0.3473, Val 0.6966, Test 0.7192
          Accuracy         : Train 0.8412, Val 0.7467, Test 0.7312
Best:
          Accuracy         : Train 0.7603, Val 0.7743, Test 0.7572
Epoch 50: Loss:            : Train 0.3440, Val 0.7104, Test 0.7316
          Accuracy         : Train 0.8417, Val 0.7473, Test 0.7298
Best:
          Accuracy         : Train 0.7603, Val 0.7743, Test 0.7572
Training time (sec): 3149
