Loading data from cache
Done
Calculating noise scale
Adding noise of scale 0.0 to sim_scores
Adding noise of scale 0.0 to sim_scores
Adding noise of scale 0.0 to sim_scores
Filter dataset to top 10
Generating top 10 dataset
Generating top 10 dataset
Generating top 10 dataset
Preparing time (sec): 9
Initializing dataloader
Done
Prepare for training
Start training
================================================================================
                                    Kernel Shape Output Shape  Params  \
Layer                                                                   
0_local_models.0.fc_layers.Linear_0    [45, 100]    [32, 100]    4600   
1_local_models.0.fc_layers.Linear_1    [100, 50]     [32, 50]    5050   
2_local_models.1.fc_layers.Linear_0    [45, 100]    [32, 100]    4600   
3_local_models.1.fc_layers.Linear_1    [100, 50]     [32, 50]    5050   
4_agg_model.fc_layers.Linear_0        [100, 100]    [32, 100]   10100   
5_agg_model.fc_layers.Linear_1          [100, 1]      [32, 1]     101   

                                     Mult-Adds  
Layer                                           
0_local_models.0.fc_layers.Linear_0       4500  
1_local_models.0.fc_layers.Linear_1       5000  
2_local_models.1.fc_layers.Linear_0       4500  
3_local_models.1.fc_layers.Linear_1       5000  
4_agg_model.fc_layers.Linear_0           10000  
5_agg_model.fc_layers.Linear_1             100  
--------------------------------------------------------------------------------
                      Totals
Total params           29501
Trainable params       29501
Non-trainable params       0
Mult-Adds              29100
================================================================================
n_classes=2
task=binary_cls
model_name=syn_avgsim_noise_0.2_2022-01-27-14-48-55
sche_threshold=0.0001
sche_patience=10
sche_factor=0.1
use_scheduler=False
num_workers=4
device=cuda:2
test_batch_size=4096
train_batch_size=32
learning_rate=0.001
weight_decay=0.0001
num_epochs=50
model_save_path=ckp/syn_avgsim_noise_0.2_2022-01-27-14-48-55.pth
test_rate=0.2
val_rate=0.1
multiprocess_context=fork
metrics=['accuracy']
metrics_f=[<metric.accuracy.Accuracy object at 0x7fe86ed86b20>]
hidden_sizes=[100, 100]
model=SplitNN(
  (agg_model): MLP(
    (fc_layers): ModuleList(
      (0): Linear(in_features=100, out_features=100, bias=True)
      (1): Linear(in_features=100, out_features=1, bias=True)
    )
  )
  (local_models): ModuleList(
    (0): MLP(
      (fc_layers): ModuleList(
        (0): Linear(in_features=45, out_features=100, bias=True)
        (1): Linear(in_features=100, out_features=50, bias=True)
      )
    )
    (1): MLP(
      (fc_layers): ModuleList(
        (0): Linear(in_features=45, out_features=100, bias=True)
        (1): Linear(in_features=100, out_features=50, bias=True)
      )
    )
  )
)
writer=<torch.utils.tensorboard.writer.SummaryWriter object at 0x7fe86ed86b50>
dataset_type=syn
drop_key=True
num_common_features=5
tree_radius=2
tree_leaf_size=1000
knn_k=10
grid_min=-10.0
grid_max=10.0
grid_width=1.5
sim_scaler=StandardScaler()
filter_top_k=10
link_n_jobs=1
psig_p=7
sim_leak_p=1.0
link_threshold_t=0.1
link_epsilon=0.1
n_hash_lsh=20
edit_distance_threshold=1
n_hash_func=10
collision_rate=0.05
qgram_q=2
link_delta=0.1
feature_wise_sim=False
blocking_method=knn
center_threshold=0.5
n_clusters=100
local_hidden_sizes=[[100], [100]]
cut_dims=[50, 50]
agg_hidden_sizes=[100]
scale_analysis=None
log_dir=log/syn_avgsim_noise_0.2_2022-01-27-14-48-55/
update_sim_freq=1
sim_model_save_path=ckp/syn_avgsim_noise_0.2_2022-01-27-14-48-55_sim.pth
sim_batch_size=4096
sim_weight_decay=0.0001
sim_learning_rate=0.001
merge_mode=avg
sim_model=None
sim_hidden_sizes=[10]
data1_shape=(60000, 50)
data2_shape=(60000, 50)
Epoch 1: Loss:            : Train 0.6538, Val 0.6314, Test 0.6286
          Accuracy         : Train 0.5996, Val 0.6385, Test 0.6383
Best:
          Accuracy         : Train 0.5996, Val 0.6385, Test 0.6383
Epoch 2: Loss:            : Train 0.6163, Val 0.6191, Test 0.6144
          Accuracy         : Train 0.6510, Val 0.6553, Test 0.6564
Best:
          Accuracy         : Train 0.6510, Val 0.6553, Test 0.6564
Epoch 3: Loss:            : Train 0.6036, Val 0.6126, Test 0.6074
          Accuracy         : Train 0.6668, Val 0.6597, Test 0.6605
Best:
          Accuracy         : Train 0.6668, Val 0.6597, Test 0.6605
Epoch 4: Loss:            : Train 0.5947, Val 0.6094, Test 0.6052
          Accuracy         : Train 0.6750, Val 0.6638, Test 0.6647
Best:
          Accuracy         : Train 0.6750, Val 0.6638, Test 0.6647
Epoch 5: Loss:            : Train 0.5875, Val 0.6118, Test 0.6090
          Accuracy         : Train 0.6836, Val 0.6562, Test 0.6576
Best:
          Accuracy         : Train 0.6750, Val 0.6638, Test 0.6647
Epoch 6: Loss:            : Train 0.5810, Val 0.6061, Test 0.6008
          Accuracy         : Train 0.6889, Val 0.6687, Test 0.6632
Best:
          Accuracy         : Train 0.6889, Val 0.6687, Test 0.6632
Epoch 7: Loss:            : Train 0.5742, Val 0.6184, Test 0.6099
          Accuracy         : Train 0.6938, Val 0.6588, Test 0.6589
Best:
          Accuracy         : Train 0.6889, Val 0.6687, Test 0.6632
Epoch 8: Loss:            : Train 0.5672, Val 0.6084, Test 0.6013
          Accuracy         : Train 0.6985, Val 0.6672, Test 0.6672
Best:
          Accuracy         : Train 0.6889, Val 0.6687, Test 0.6632
Epoch 9: Loss:            : Train 0.5615, Val 0.6078, Test 0.6010
          Accuracy         : Train 0.7011, Val 0.6645, Test 0.6678
Best:
          Accuracy         : Train 0.6889, Val 0.6687, Test 0.6632
Epoch 10: Loss:            : Train 0.5548, Val 0.6109, Test 0.6035
          Accuracy         : Train 0.7082, Val 0.6577, Test 0.6657
Best:
          Accuracy         : Train 0.6889, Val 0.6687, Test 0.6632
Epoch 11: Loss:            : Train 0.5484, Val 0.6187, Test 0.6170
          Accuracy         : Train 0.7128, Val 0.6593, Test 0.6586
Best:
          Accuracy         : Train 0.6889, Val 0.6687, Test 0.6632
Epoch 12: Loss:            : Train 0.5435, Val 0.6169, Test 0.6120
          Accuracy         : Train 0.7157, Val 0.6588, Test 0.6599
Best:
          Accuracy         : Train 0.6889, Val 0.6687, Test 0.6632
Epoch 13: Loss:            : Train 0.5372, Val 0.6198, Test 0.6136
          Accuracy         : Train 0.7198, Val 0.6563, Test 0.6606
Best:
          Accuracy         : Train 0.6889, Val 0.6687, Test 0.6632
Epoch 14: Loss:            : Train 0.5324, Val 0.6241, Test 0.6164
          Accuracy         : Train 0.7240, Val 0.6552, Test 0.6583
Best:
          Accuracy         : Train 0.6889, Val 0.6687, Test 0.6632
Epoch 15: Loss:            : Train 0.5273, Val 0.6296, Test 0.6184
          Accuracy         : Train 0.7273, Val 0.6520, Test 0.6608
Best:
          Accuracy         : Train 0.6889, Val 0.6687, Test 0.6632
Epoch 16: Loss:            : Train 0.5239, Val 0.6290, Test 0.6220
          Accuracy         : Train 0.7285, Val 0.6480, Test 0.6658
Best:
          Accuracy         : Train 0.6889, Val 0.6687, Test 0.6632
Epoch 17: Loss:            : Train 0.5182, Val 0.6340, Test 0.6306
          Accuracy         : Train 0.7327, Val 0.6580, Test 0.6583
Best:
          Accuracy         : Train 0.6889, Val 0.6687, Test 0.6632
Epoch 18: Loss:            : Train 0.5142, Val 0.6319, Test 0.6257
          Accuracy         : Train 0.7373, Val 0.6502, Test 0.6615
Best:
          Accuracy         : Train 0.6889, Val 0.6687, Test 0.6632
Epoch 19: Loss:            : Train 0.5100, Val 0.6487, Test 0.6478
          Accuracy         : Train 0.7384, Val 0.6480, Test 0.6554
Best:
          Accuracy         : Train 0.6889, Val 0.6687, Test 0.6632
Epoch 20: Loss:            : Train 0.5074, Val 0.6386, Test 0.6319
          Accuracy         : Train 0.7402, Val 0.6482, Test 0.6555
Best:
          Accuracy         : Train 0.6889, Val 0.6687, Test 0.6632
Epoch 21: Loss:            : Train 0.5043, Val 0.6397, Test 0.6375
          Accuracy         : Train 0.7438, Val 0.6442, Test 0.6573
Best:
          Accuracy         : Train 0.6889, Val 0.6687, Test 0.6632
Epoch 22: Loss:            : Train 0.5006, Val 0.6632, Test 0.6596
          Accuracy         : Train 0.7454, Val 0.6442, Test 0.6512
Best:
          Accuracy         : Train 0.6889, Val 0.6687, Test 0.6632
Epoch 23: Loss:            : Train 0.4978, Val 0.6630, Test 0.6471
          Accuracy         : Train 0.7452, Val 0.6415, Test 0.6522
Best:
          Accuracy         : Train 0.6889, Val 0.6687, Test 0.6632
Epoch 24: Loss:            : Train 0.4956, Val 0.6598, Test 0.6534
          Accuracy         : Train 0.7502, Val 0.6517, Test 0.6564
Best:
          Accuracy         : Train 0.6889, Val 0.6687, Test 0.6632
Epoch 25: Loss:            : Train 0.4925, Val 0.6621, Test 0.6613
          Accuracy         : Train 0.7503, Val 0.6497, Test 0.6522
Best:
          Accuracy         : Train 0.6889, Val 0.6687, Test 0.6632
Epoch 26: Loss:            : Train 0.4920, Val 0.6561, Test 0.6472
          Accuracy         : Train 0.7520, Val 0.6442, Test 0.6564
Best:
          Accuracy         : Train 0.6889, Val 0.6687, Test 0.6632
Epoch 27: Loss:            : Train 0.4893, Val 0.6888, Test 0.6715
          Accuracy         : Train 0.7566, Val 0.6450, Test 0.6533
Best:
          Accuracy         : Train 0.6889, Val 0.6687, Test 0.6632
Epoch 28: Loss:            : Train 0.4871, Val 0.6606, Test 0.6517
          Accuracy         : Train 0.7556, Val 0.6443, Test 0.6540
Best:
          Accuracy         : Train 0.6889, Val 0.6687, Test 0.6632
Epoch 29: Loss:            : Train 0.4857, Val 0.6809, Test 0.6878
          Accuracy         : Train 0.7564, Val 0.6418, Test 0.6508
Best:
          Accuracy         : Train 0.6889, Val 0.6687, Test 0.6632
Epoch 30: Loss:            : Train 0.4827, Val 0.6825, Test 0.6837
          Accuracy         : Train 0.7571, Val 0.6425, Test 0.6462
Best:
          Accuracy         : Train 0.6889, Val 0.6687, Test 0.6632
Epoch 31: Loss:            : Train 0.4835, Val 0.6679, Test 0.6750
          Accuracy         : Train 0.7583, Val 0.6460, Test 0.6544
Best:
          Accuracy         : Train 0.6889, Val 0.6687, Test 0.6632
Epoch 32: Loss:            : Train 0.4810, Val 0.7001, Test 0.6950
          Accuracy         : Train 0.7590, Val 0.6463, Test 0.6498
Best:
          Accuracy         : Train 0.6889, Val 0.6687, Test 0.6632
Epoch 33: Loss:            : Train 0.4789, Val 0.6787, Test 0.6890
          Accuracy         : Train 0.7608, Val 0.6483, Test 0.6521
Best:
          Accuracy         : Train 0.6889, Val 0.6687, Test 0.6632
Epoch 34: Loss:            : Train 0.4762, Val 0.7175, Test 0.7305
          Accuracy         : Train 0.7625, Val 0.6442, Test 0.6543
Best:
          Accuracy         : Train 0.6889, Val 0.6687, Test 0.6632
Epoch 35: Loss:            : Train 0.4762, Val 0.6947, Test 0.6894
          Accuracy         : Train 0.7633, Val 0.6425, Test 0.6519
Best:
          Accuracy         : Train 0.6889, Val 0.6687, Test 0.6632
Epoch 36: Loss:            : Train 0.4757, Val 0.7022, Test 0.7061
          Accuracy         : Train 0.7628, Val 0.6428, Test 0.6445
Best:
          Accuracy         : Train 0.6889, Val 0.6687, Test 0.6632
Epoch 37: Loss:            : Train 0.4742, Val 0.7102, Test 0.6905
          Accuracy         : Train 0.7645, Val 0.6460, Test 0.6552
Best:
          Accuracy         : Train 0.6889, Val 0.6687, Test 0.6632
Epoch 38: Loss:            : Train 0.4738, Val 0.7013, Test 0.7107
          Accuracy         : Train 0.7647, Val 0.6433, Test 0.6468
Best:
          Accuracy         : Train 0.6889, Val 0.6687, Test 0.6632
Epoch 39: Loss:            : Train 0.4721, Val 0.7064, Test 0.7097
          Accuracy         : Train 0.7660, Val 0.6422, Test 0.6474
Best:
          Accuracy         : Train 0.6889, Val 0.6687, Test 0.6632
Epoch 40: Loss:            : Train 0.4686, Val 0.7398, Test 0.7809
          Accuracy         : Train 0.7690, Val 0.6437, Test 0.6527
Best:
          Accuracy         : Train 0.6889, Val 0.6687, Test 0.6632
Epoch 41: Loss:            : Train 0.4672, Val 0.7901, Test 0.7448
          Accuracy         : Train 0.7685, Val 0.6437, Test 0.6519
Best:
          Accuracy         : Train 0.6889, Val 0.6687, Test 0.6632
Epoch 42: Loss:            : Train 0.4691, Val 0.7183, Test 0.7393
          Accuracy         : Train 0.7700, Val 0.6443, Test 0.6481
Best:
          Accuracy         : Train 0.6889, Val 0.6687, Test 0.6632
Epoch 43: Loss:            : Train 0.4664, Val 0.7255, Test 0.7839
          Accuracy         : Train 0.7710, Val 0.6415, Test 0.6464
Best:
          Accuracy         : Train 0.6889, Val 0.6687, Test 0.6632
Epoch 44: Loss:            : Train 0.4650, Val 0.7532, Test 0.7630
          Accuracy         : Train 0.7726, Val 0.6380, Test 0.6481
Best:
          Accuracy         : Train 0.6889, Val 0.6687, Test 0.6632
Epoch 45: Loss:            : Train 0.4623, Val 0.7808, Test 0.7529
          Accuracy         : Train 0.7751, Val 0.6352, Test 0.6454
Best:
          Accuracy         : Train 0.6889, Val 0.6687, Test 0.6632
Epoch 46: Loss:            : Train 0.4629, Val 0.8362, Test 0.8230
          Accuracy         : Train 0.7710, Val 0.6420, Test 0.6486
Best:
          Accuracy         : Train 0.6889, Val 0.6687, Test 0.6632
Epoch 47: Loss:            : Train 0.4619, Val 0.7675, Test 0.7568
          Accuracy         : Train 0.7728, Val 0.6400, Test 0.6465
Best:
          Accuracy         : Train 0.6889, Val 0.6687, Test 0.6632
Epoch 48: Loss:            : Train 0.4605, Val 0.7171, Test 0.7776
          Accuracy         : Train 0.7737, Val 0.6435, Test 0.6493
Best:
          Accuracy         : Train 0.6889, Val 0.6687, Test 0.6632
Epoch 49: Loss:            : Train 0.4598, Val 0.7892, Test 0.8223
          Accuracy         : Train 0.7750, Val 0.6450, Test 0.6441
Best:
          Accuracy         : Train 0.6889, Val 0.6687, Test 0.6632
Epoch 50: Loss:            : Train 0.4586, Val 0.8057, Test 0.7797
          Accuracy         : Train 0.7768, Val 0.6420, Test 0.6487
Best:
          Accuracy         : Train 0.6889, Val 0.6687, Test 0.6632
Training time (sec): 2427
