Loading data from cache
Done
Calculating noise scale
Adding noise of scale 0.0 to sim_scores
Adding noise of scale 0.0 to sim_scores
Adding noise of scale 0.0 to sim_scores
Filter dataset to top 80
Generating top 80 dataset
Generating top 80 dataset
Generating top 80 dataset
Preparing time (sec): 32
Initializing dataloader
Done
Prepare for training
Start training
SplitNN summary
==========================================================================================
Layer (type:depth-idx)                   Output Shape              Param #
==========================================================================================
SplitNN                                  --                        --
├─MLP: 1                                 --                        --
│    └─ModuleList: 2-1                   --                        --
├─ModuleList: 1-1                        --                        --
│    └─MLP: 2                            --                        --
│    │    └─ModuleList: 3-1              --                        9,650
│    └─MLP: 2                            --                        --
│    │    └─ModuleList: 3-2              --                        9,650
│    └─MLP: 2-2                          [32, 50]                  --
│    └─MLP: 2-3                          [32, 50]                  --
├─MLP: 1-2                               [32, 1]                   --
│    └─ModuleList: 2-1                   --                        --
│    │    └─Linear: 3-3                  [32, 100]                 10,100
│    │    └─Linear: 3-4                  [32, 1]                   101
==========================================================================================
Total params: 29,501
Trainable params: 29,501
Non-trainable params: 0
Total mult-adds (M): 0.94
==========================================================================================
Input size (MB): 0.01
Forward/backward pass size (MB): 0.10
Params size (MB): 0.12
Estimated Total Size (MB): 0.23
==========================================================================================
Similarity model summary
==========================================================================================
Layer (type:depth-idx)                   Output Shape              Param #
==========================================================================================
MLP                                      --                        --
├─ModuleList: 1-1                        --                        --
│    └─Linear: 2-1                       [1, 10]                   20
│    └─Linear: 2-2                       [1, 1]                    11
==========================================================================================
Total params: 31
Trainable params: 31
Non-trainable params: 0
Total mult-adds (M): 0.00
==========================================================================================
Input size (MB): 0.00
Forward/backward pass size (MB): 0.00
Params size (MB): 0.00
Estimated Total Size (MB): 0.00
==========================================================================================
n_classes=2
task=binary_cls
model_name=syn_fedsim_noise_0.2_2022-01-27-13-54-21
sche_threshold=0.0001
sche_patience=10
sche_factor=0.1
use_scheduler=False
num_workers=4
device=cuda:2
test_batch_size=4096
train_batch_size=32
learning_rate=0.001
weight_decay=0.0001
num_epochs=50
model_save_path=ckp/syn_fedsim_noise_0.2_2022-01-27-13-54-21.pth
test_rate=0.2
val_rate=0.1
multiprocess_context=fork
metrics=['accuracy']
metrics_f=[<metric.accuracy.Accuracy object at 0x7f52f8a499a0>]
hidden_sizes=[100, 100]
model=SplitNN(
  (agg_model): MLP(
    (fc_layers): ModuleList(
      (0): Linear(in_features=100, out_features=100, bias=True)
      (1): Linear(in_features=100, out_features=1, bias=True)
    )
  )
  (local_models): ModuleList(
    (0): MLP(
      (fc_layers): ModuleList(
        (0): Linear(in_features=45, out_features=100, bias=True)
        (1): Linear(in_features=100, out_features=50, bias=True)
      )
    )
    (1): MLP(
      (fc_layers): ModuleList(
        (0): Linear(in_features=45, out_features=100, bias=True)
        (1): Linear(in_features=100, out_features=50, bias=True)
      )
    )
  )
)
writer=<torch.utils.tensorboard.writer.SummaryWriter object at 0x7f52f8a499d0>
dataset_type=syn
drop_key=True
num_common_features=5
tree_radius=2
tree_leaf_size=1000
knn_k=80
grid_min=-10.0
grid_max=10.0
grid_width=1.5
sim_scaler=StandardScaler()
filter_top_k=80
link_n_jobs=1
psig_p=7
sim_leak_p=1.0
link_threshold_t=0.1
link_epsilon=0.1
n_hash_lsh=20
edit_distance_threshold=1
n_hash_func=10
collision_rate=0.05
qgram_q=2
link_delta=0.1
feature_wise_sim=False
blocking_method=knn
center_threshold=0.5
n_clusters=100
local_hidden_sizes=[[100], [100]]
cut_dims=[50, 50]
agg_hidden_sizes=[100]
scale_analysis=None
mlp_merge=None
use_sim=True
use_conv=False
conv_kernel_v_size=7
conv_n_channels=4
merge_dropout_p=0.8
raw_output_dim=1
log_dir=log/syn_fedsim_noise_0.2_2022-01-27-13-54-21/
update_sim_freq=1
sim_model_save_path=ckp/syn_fedsim_noise_0.2_2022-01-27-13-54-21_sim.pth
merge_model_save_path=ckp/syn_fedsim_noise_0.2_2022-01-27-13-54-21_merge.pth
sim_batch_size=128
sim_weight_decay=0.0001
sim_learning_rate=0.001
merge_model=AvgSumModel()
sim_model=MLP(
  (fc_layers): ModuleList(
    (0): Linear(in_features=1, out_features=10, bias=True)
    (1): Linear(in_features=10, out_features=1, bias=True)
  )
)
sim_hidden_sizes=[10]
merge_hidden_sizes=[400]
data1_shape=(60000, 50)
data2_shape=(60000, 50)
Epoch 1: Loss:            : Train 0.6536, Val 0.6389, Test 0.6374
          Accuracy         : Train 0.6028, Val 0.6208, Test 0.6278
Best:
          Accuracy         : Train 0.6028, Val 0.6208, Test 0.6278
Epoch 2: Loss:            : Train 0.6230, Val 0.6185, Test 0.6104
          Accuracy         : Train 0.6443, Val 0.6495, Test 0.6576
Best:
          Accuracy         : Train 0.6443, Val 0.6495, Test 0.6576
Epoch 3: Loss:            : Train 0.5892, Val 0.6008, Test 0.5798
          Accuracy         : Train 0.6806, Val 0.6648, Test 0.6862
Best:
          Accuracy         : Train 0.6806, Val 0.6648, Test 0.6862
Epoch 4: Loss:            : Train 0.5707, Val 0.5981, Test 0.5784
          Accuracy         : Train 0.6966, Val 0.6652, Test 0.6878
Best:
          Accuracy         : Train 0.6966, Val 0.6652, Test 0.6878
Epoch 5: Loss:            : Train 0.5596, Val 0.5981, Test 0.5766
          Accuracy         : Train 0.7078, Val 0.6650, Test 0.6878
Best:
          Accuracy         : Train 0.6966, Val 0.6652, Test 0.6878
Epoch 6: Loss:            : Train 0.5508, Val 0.5918, Test 0.5711
          Accuracy         : Train 0.7151, Val 0.6717, Test 0.6925
Best:
          Accuracy         : Train 0.7151, Val 0.6717, Test 0.6925
Epoch 7: Loss:            : Train 0.5425, Val 0.5935, Test 0.5710
          Accuracy         : Train 0.7198, Val 0.6723, Test 0.6903
Best:
          Accuracy         : Train 0.7198, Val 0.6723, Test 0.6903
Epoch 8: Loss:            : Train 0.5341, Val 0.5899, Test 0.5714
          Accuracy         : Train 0.7252, Val 0.6762, Test 0.6927
Best:
          Accuracy         : Train 0.7252, Val 0.6762, Test 0.6927
Epoch 9: Loss:            : Train 0.5258, Val 0.5874, Test 0.5684
          Accuracy         : Train 0.7326, Val 0.6800, Test 0.6953
Best:
          Accuracy         : Train 0.7326, Val 0.6800, Test 0.6953
Epoch 10: Loss:            : Train 0.5175, Val 0.5926, Test 0.5759
          Accuracy         : Train 0.7405, Val 0.6808, Test 0.6933
Best:
          Accuracy         : Train 0.7405, Val 0.6808, Test 0.6933
Epoch 11: Loss:            : Train 0.5099, Val 0.5900, Test 0.5718
          Accuracy         : Train 0.7448, Val 0.6815, Test 0.6973
Best:
          Accuracy         : Train 0.7448, Val 0.6815, Test 0.6973
Epoch 12: Loss:            : Train 0.5025, Val 0.5982, Test 0.5848
          Accuracy         : Train 0.7491, Val 0.6737, Test 0.6903
Best:
          Accuracy         : Train 0.7448, Val 0.6815, Test 0.6973
Epoch 13: Loss:            : Train 0.4960, Val 0.5884, Test 0.5775
          Accuracy         : Train 0.7519, Val 0.6785, Test 0.6906
Best:
          Accuracy         : Train 0.7448, Val 0.6815, Test 0.6973
Epoch 14: Loss:            : Train 0.4884, Val 0.5949, Test 0.5851
          Accuracy         : Train 0.7592, Val 0.6785, Test 0.6856
Best:
          Accuracy         : Train 0.7448, Val 0.6815, Test 0.6973
Epoch 15: Loss:            : Train 0.4820, Val 0.6071, Test 0.5987
          Accuracy         : Train 0.7618, Val 0.6668, Test 0.6852
Best:
          Accuracy         : Train 0.7448, Val 0.6815, Test 0.6973
Epoch 16: Loss:            : Train 0.4772, Val 0.5995, Test 0.5924
          Accuracy         : Train 0.7656, Val 0.6790, Test 0.6898
Best:
          Accuracy         : Train 0.7448, Val 0.6815, Test 0.6973
Epoch 17: Loss:            : Train 0.4700, Val 0.6010, Test 0.6002
          Accuracy         : Train 0.7694, Val 0.6782, Test 0.6885
Best:
          Accuracy         : Train 0.7448, Val 0.6815, Test 0.6973
Epoch 18: Loss:            : Train 0.4650, Val 0.6081, Test 0.6098
          Accuracy         : Train 0.7727, Val 0.6802, Test 0.6810
Best:
          Accuracy         : Train 0.7448, Val 0.6815, Test 0.6973
Epoch 19: Loss:            : Train 0.4578, Val 0.6136, Test 0.6175
          Accuracy         : Train 0.7769, Val 0.6673, Test 0.6843
Best:
          Accuracy         : Train 0.7448, Val 0.6815, Test 0.6973
Epoch 20: Loss:            : Train 0.4538, Val 0.6206, Test 0.6237
          Accuracy         : Train 0.7798, Val 0.6707, Test 0.6836
Best:
          Accuracy         : Train 0.7448, Val 0.6815, Test 0.6973
Epoch 21: Loss:            : Train 0.4477, Val 0.6194, Test 0.6351
          Accuracy         : Train 0.7845, Val 0.6783, Test 0.6827
Best:
          Accuracy         : Train 0.7448, Val 0.6815, Test 0.6973
Epoch 22: Loss:            : Train 0.4431, Val 0.6198, Test 0.6328
          Accuracy         : Train 0.7863, Val 0.6705, Test 0.6800
Best:
          Accuracy         : Train 0.7448, Val 0.6815, Test 0.6973
Epoch 23: Loss:            : Train 0.4375, Val 0.6214, Test 0.6378
          Accuracy         : Train 0.7900, Val 0.6700, Test 0.6800
Best:
          Accuracy         : Train 0.7448, Val 0.6815, Test 0.6973
Epoch 24: Loss:            : Train 0.4329, Val 0.6375, Test 0.6555
          Accuracy         : Train 0.7932, Val 0.6672, Test 0.6800
Best:
          Accuracy         : Train 0.7448, Val 0.6815, Test 0.6973
Epoch 25: Loss:            : Train 0.4281, Val 0.6265, Test 0.6542
          Accuracy         : Train 0.7956, Val 0.6698, Test 0.6791
Best:
          Accuracy         : Train 0.7448, Val 0.6815, Test 0.6973
Epoch 26: Loss:            : Train 0.4247, Val 0.6323, Test 0.6542
          Accuracy         : Train 0.7968, Val 0.6693, Test 0.6787
Best:
          Accuracy         : Train 0.7448, Val 0.6815, Test 0.6973
Epoch 27: Loss:            : Train 0.4210, Val 0.6382, Test 0.6591
          Accuracy         : Train 0.7993, Val 0.6670, Test 0.6823
Best:
          Accuracy         : Train 0.7448, Val 0.6815, Test 0.6973
Epoch 28: Loss:            : Train 0.4183, Val 0.6316, Test 0.6602
          Accuracy         : Train 0.8005, Val 0.6735, Test 0.6822
Best:
          Accuracy         : Train 0.7448, Val 0.6815, Test 0.6973
Epoch 29: Loss:            : Train 0.4144, Val 0.6435, Test 0.6736
          Accuracy         : Train 0.8042, Val 0.6763, Test 0.6808
Best:
          Accuracy         : Train 0.7448, Val 0.6815, Test 0.6973
Epoch 30: Loss:            : Train 0.4121, Val 0.6714, Test 0.7049
          Accuracy         : Train 0.8045, Val 0.6653, Test 0.6761
Best:
          Accuracy         : Train 0.7448, Val 0.6815, Test 0.6973
Epoch 31: Loss:            : Train 0.4079, Val 0.6596, Test 0.6920
          Accuracy         : Train 0.8073, Val 0.6645, Test 0.6779
Best:
          Accuracy         : Train 0.7448, Val 0.6815, Test 0.6973
Epoch 32: Loss:            : Train 0.4041, Val 0.6550, Test 0.6835
          Accuracy         : Train 0.8091, Val 0.6630, Test 0.6804
Best:
          Accuracy         : Train 0.7448, Val 0.6815, Test 0.6973
Epoch 33: Loss:            : Train 0.4015, Val 0.6619, Test 0.6959
          Accuracy         : Train 0.8094, Val 0.6673, Test 0.6790
Best:
          Accuracy         : Train 0.7448, Val 0.6815, Test 0.6973
Epoch 34: Loss:            : Train 0.4004, Val 0.6583, Test 0.6929
          Accuracy         : Train 0.8116, Val 0.6690, Test 0.6798
Best:
          Accuracy         : Train 0.7448, Val 0.6815, Test 0.6973
Epoch 35: Loss:            : Train 0.3973, Val 0.6642, Test 0.7137
          Accuracy         : Train 0.8134, Val 0.6670, Test 0.6743
Best:
          Accuracy         : Train 0.7448, Val 0.6815, Test 0.6973
Epoch 36: Loss:            : Train 0.3961, Val 0.6712, Test 0.7154
          Accuracy         : Train 0.8124, Val 0.6653, Test 0.6738
Best:
          Accuracy         : Train 0.7448, Val 0.6815, Test 0.6973
Epoch 37: Loss:            : Train 0.3948, Val 0.6566, Test 0.7039
          Accuracy         : Train 0.8131, Val 0.6655, Test 0.6737
Best:
          Accuracy         : Train 0.7448, Val 0.6815, Test 0.6973
Epoch 38: Loss:            : Train 0.3927, Val 0.6739, Test 0.7243
          Accuracy         : Train 0.8140, Val 0.6647, Test 0.6728
Best:
          Accuracy         : Train 0.7448, Val 0.6815, Test 0.6973
Epoch 39: Loss:            : Train 0.3914, Val 0.6664, Test 0.7124
          Accuracy         : Train 0.8169, Val 0.6685, Test 0.6745
Best:
          Accuracy         : Train 0.7448, Val 0.6815, Test 0.6973
Epoch 40: Loss:            : Train 0.3870, Val 0.6652, Test 0.7110
          Accuracy         : Train 0.8190, Val 0.6678, Test 0.6756
Best:
          Accuracy         : Train 0.7448, Val 0.6815, Test 0.6973
Epoch 41: Loss:            : Train 0.3854, Val 0.6809, Test 0.7262
          Accuracy         : Train 0.8174, Val 0.6723, Test 0.6780
Best:
          Accuracy         : Train 0.7448, Val 0.6815, Test 0.6973
Epoch 42: Loss:            : Train 0.3841, Val 0.6897, Test 0.7374
          Accuracy         : Train 0.8192, Val 0.6625, Test 0.6727
Best:
          Accuracy         : Train 0.7448, Val 0.6815, Test 0.6973
Epoch 43: Loss:            : Train 0.3813, Val 0.6991, Test 0.7516
          Accuracy         : Train 0.8205, Val 0.6598, Test 0.6724
Best:
          Accuracy         : Train 0.7448, Val 0.6815, Test 0.6973
Epoch 44: Loss:            : Train 0.3810, Val 0.6760, Test 0.7374
          Accuracy         : Train 0.8198, Val 0.6678, Test 0.6784
Best:
          Accuracy         : Train 0.7448, Val 0.6815, Test 0.6973
Epoch 45: Loss:            : Train 0.3775, Val 0.6802, Test 0.7362
          Accuracy         : Train 0.8243, Val 0.6668, Test 0.6747
Best:
          Accuracy         : Train 0.7448, Val 0.6815, Test 0.6973
Epoch 46: Loss:            : Train 0.3782, Val 0.6969, Test 0.7601
          Accuracy         : Train 0.8234, Val 0.6663, Test 0.6744
Best:
          Accuracy         : Train 0.7448, Val 0.6815, Test 0.6973
Epoch 47: Loss:            : Train 0.3769, Val 0.6955, Test 0.7497
          Accuracy         : Train 0.8236, Val 0.6577, Test 0.6718
Best:
          Accuracy         : Train 0.7448, Val 0.6815, Test 0.6973
Epoch 48: Loss:            : Train 0.3765, Val 0.6946, Test 0.7496
          Accuracy         : Train 0.8231, Val 0.6593, Test 0.6776
Best:
          Accuracy         : Train 0.7448, Val 0.6815, Test 0.6973
Epoch 49: Loss:            : Train 0.3744, Val 0.6851, Test 0.7395
          Accuracy         : Train 0.8239, Val 0.6635, Test 0.6722
Best:
          Accuracy         : Train 0.7448, Val 0.6815, Test 0.6973
Epoch 50: Loss:            : Train 0.3726, Val 0.6933, Test 0.7613
          Accuracy         : Train 0.8271, Val 0.6695, Test 0.6731
Best:
          Accuracy         : Train 0.7448, Val 0.6815, Test 0.6973
Training time (sec): 3239
