Loading house from data/beijing/house_clean.csv
Loading airbnb from data/beijing/airbnb_clean.csv
Current house columns Index(['cid', 'DOM', 'followers', 'square', 'livingRoom', 'drawingRoom',
       'kitchen', 'bathRoom', 'floor', 'constructionTime', 'ladderRatio',
       'elevator', 'fiveYearsProperty', 'subway', 'did_2', 'did_3', 'did_4',
       'did_5', 'did_6', 'did_7', 'did_8', 'did_9', 'did_10', 'did_11',
       'did_12', 'did_13', 'bt_2', 'bt_3', 'bt_4', 'rc_2', 'rc_3', 'rc_4',
       'bs_2', 'bs_3', 'bs_4', 'bs_5', 'bs_6', 'ty_2014', 'ty_2015', 'ty_2016',
       'ty_2017', 'ty_2018', 'tm_2', 'tm_3', 'tm_4', 'tm_5', 'tm_6', 'tm_7',
       'tm_8', 'tm_9', 'tm_10', 'tm_11', 'tm_12', 'lon', 'lat'],
      dtype='object')
Current airbnb columns Index(['lon', 'lat', 'price', 'minimum_nights', 'number_of_reviews',
       'reviews_per_month', 'calculated_host_listings_count',
       'availability_365', 'nbr_丰台区 ', 'nbr_大兴区 ', 'nbr_密云县 ', 'nbr_平谷区 ',
       'nbr_延庆县 ', 'nbr_怀柔区 ', 'nbr_房山区', 'nbr_昌平区', 'nbr_朝阳区 ', 'nbr_海淀区',
       'nbr_石景山区', 'nbr_西城区', 'nbr_通州区 ', 'nbr_门头沟区 ', 'nbr_顺义区 ',
       'rt_Private room', 'rt_Shared room'],
      dtype='object')
Loading data from cache
Done
Calculating noise scale
Adding noise of scale 0.0 to sim_scores
Adding noise of scale 0.0 to sim_scores
Adding noise of scale 0.0 to sim_scores
Filter dataset to top 20
Generating top 20 dataset
Generating top 20 dataset
Generating top 20 dataset
Preparing time (sec): 12
Initializing dataloader
Done
Prepare for training
Start training
================================================================================
                                    Kernel Shape Output Shape  Params  \
Layer                                                                   
0_local_models.0.fc_layers.Linear_0    [54, 200]   [128, 200]   11000   
1_local_models.0.fc_layers.Linear_1   [200, 100]   [128, 100]   20100   
2_local_models.1.fc_layers.Linear_0    [23, 200]   [128, 200]    4800   
3_local_models.1.fc_layers.Linear_1   [200, 100]   [128, 100]   20100   
4_agg_model.fc_layers.Linear_0        [200, 100]   [128, 100]   20100   
5_agg_model.fc_layers.Linear_1          [100, 1]     [128, 1]     101   

                                     Mult-Adds  
Layer                                           
0_local_models.0.fc_layers.Linear_0      10800  
1_local_models.0.fc_layers.Linear_1      20000  
2_local_models.1.fc_layers.Linear_0       4600  
3_local_models.1.fc_layers.Linear_1      20000  
4_agg_model.fc_layers.Linear_0           20000  
5_agg_model.fc_layers.Linear_1             100  
--------------------------------------------------------------------------------
                      Totals
Total params           76201
Trainable params       76201
Non-trainable params       0
Mult-Adds              75500
================================================================================
n_classes=2
task=regression
model_name=beijing_featuresim_p_1E+00_2022-01-30-18-36-56
sche_threshold=0.0001
sche_patience=10
sche_factor=0.1
use_scheduler=False
num_workers=4
device=cuda:3
test_batch_size=4096
train_batch_size=128
learning_rate=0.003
weight_decay=1e-05
num_epochs=100
model_save_path=ckp/beijing_featuresim_p_1E+00_2022-01-30-18-36-56.pth
test_rate=0.2
val_rate=0.1
multiprocess_context=fork
metrics=['r2_score', 'rmse']
metrics_f=[<metric.r2_score.R2Score object at 0x7f4e8c6845b0>, <metric.rmse.RMSE object at 0x7f4e8c684ac0>]
hidden_sizes=[200, 100]
model=SplitNN(
  (agg_model): MLP(
    (fc_layers): ModuleList(
      (0): Linear(in_features=200, out_features=100, bias=True)
      (1): Linear(in_features=100, out_features=1, bias=True)
    )
  )
  (local_models): ModuleList(
    (0): MLP(
      (fc_layers): ModuleList(
        (0): Linear(in_features=54, out_features=200, bias=True)
        (1): Linear(in_features=200, out_features=100, bias=True)
      )
    )
    (1): MLP(
      (fc_layers): ModuleList(
        (0): Linear(in_features=23, out_features=200, bias=True)
        (1): Linear(in_features=200, out_features=100, bias=True)
      )
    )
  )
)
writer=<torch.utils.tensorboard.writer.SummaryWriter object at 0x7f4f92897a30>
dataset_type=real
drop_key=True
num_common_features=2
tree_radius=0.01
tree_leaf_size=1000
knn_k=20
grid_min=-10.0
grid_max=10.0
grid_width=1.5
sim_scaler=StandardScaler()
filter_top_k=20
link_n_jobs=-1
psig_p=7
sim_leak_p=1.0
link_threshold_t=0.01
link_epsilon=0.03
n_hash_lsh=20
edit_distance_threshold=1
n_hash_func=10
collision_rate=0.05
qgram_q=2
link_delta=0.03
feature_wise_sim=False
blocking_method=knn
center_threshold=0.5
n_clusters=100
local_hidden_sizes=[[200], [200]]
cut_dims=[100, 100]
agg_hidden_sizes=[100]
scale_analysis=None
data1_shape=(141050, 55)
data2_shape=(27827, 25)
Epoch 1: Loss:            : Train 0.0087, Val 0.0061, Test 0.0060
          R2_Score         : Train 0.7443, Val 0.8255, Test 0.8261
          RMSE             : Train 92.4943, Val 77.2409, Test 76.4819
Best:
          R2_Score         : Train 0.7443, Val 0.8255, Test 0.8261
          RMSE             : Train 92.4943, Val 77.2409, Test 76.4819
Epoch 2: Loss:            : Train 0.0059, Val 0.0058, Test 0.0057
          R2_Score         : Train 0.8285, Val 0.8352, Test 0.8344
          RMSE             : Train 75.7474, Val 75.0692, Test 74.6388
Best:
          R2_Score         : Train 0.8285, Val 0.8352, Test 0.8344
          RMSE             : Train 75.7474, Val 75.0692, Test 74.6388
Epoch 3: Loss:            : Train 0.0055, Val 0.0056, Test 0.0056
          R2_Score         : Train 0.8392, Val 0.8385, Test 0.8381
          RMSE             : Train 73.3570, Val 74.3049, Test 73.7906
Best:
          R2_Score         : Train 0.8392, Val 0.8385, Test 0.8381
          RMSE             : Train 73.3570, Val 74.3049, Test 73.7906
Epoch 4: Loss:            : Train 0.0053, Val 0.0054, Test 0.0053
          R2_Score         : Train 0.8458, Val 0.8460, Test 0.8457
          RMSE             : Train 71.8236, Val 72.5660, Test 72.0283
Best:
          R2_Score         : Train 0.8458, Val 0.8460, Test 0.8457
          RMSE             : Train 71.8236, Val 72.5660, Test 72.0283
Epoch 5: Loss:            : Train 0.0051, Val 0.0053, Test 0.0051
          R2_Score         : Train 0.8509, Val 0.8492, Test 0.8509
          RMSE             : Train 70.6266, Val 71.7916, Test 70.8176
Best:
          R2_Score         : Train 0.8509, Val 0.8492, Test 0.8509
          RMSE             : Train 70.6266, Val 71.7916, Test 70.8176
Epoch 6: Loss:            : Train 0.0049, Val 0.0053, Test 0.0051
          R2_Score         : Train 0.8566, Val 0.8487, Test 0.8500
          RMSE             : Train 69.2536, Val 71.9192, Test 71.0377
Best:
          R2_Score         : Train 0.8509, Val 0.8492, Test 0.8509
          RMSE             : Train 70.6266, Val 71.7916, Test 70.8176
Epoch 7: Loss:            : Train 0.0048, Val 0.0051, Test 0.0050
          R2_Score         : Train 0.8595, Val 0.8552, Test 0.8549
          RMSE             : Train 68.5677, Val 70.3679, Test 69.8506
Best:
          R2_Score         : Train 0.8595, Val 0.8552, Test 0.8549
          RMSE             : Train 68.5677, Val 70.3679, Test 69.8506
Epoch 8: Loss:            : Train 0.0047, Val 0.0050, Test 0.0050
          R2_Score         : Train 0.8631, Val 0.8551, Test 0.8549
          RMSE             : Train 67.6758, Val 70.3755, Test 69.8519
Best:
          R2_Score         : Train 0.8595, Val 0.8552, Test 0.8549
          RMSE             : Train 68.5677, Val 70.3679, Test 69.8506
Epoch 9: Loss:            : Train 0.0045, Val 0.0049, Test 0.0049
          R2_Score         : Train 0.8671, Val 0.8583, Test 0.8586
          RMSE             : Train 66.6924, Val 69.5931, Test 68.9690
Best:
          R2_Score         : Train 0.8671, Val 0.8583, Test 0.8586
          RMSE             : Train 66.6924, Val 69.5931, Test 68.9690
Epoch 10: Loss:            : Train 0.0045, Val 0.0048, Test 0.0048
          R2_Score         : Train 0.8695, Val 0.8623, Test 0.8593
          RMSE             : Train 66.0795, Val 68.6019, Test 68.7850
Best:
          R2_Score         : Train 0.8695, Val 0.8623, Test 0.8593
          RMSE             : Train 66.0795, Val 68.6019, Test 68.7850
Epoch 11: Loss:            : Train 0.0043, Val 0.0047, Test 0.0047
          R2_Score         : Train 0.8727, Val 0.8645, Test 0.8636
          RMSE             : Train 65.2517, Val 68.0610, Test 67.7370
Best:
          R2_Score         : Train 0.8727, Val 0.8645, Test 0.8636
          RMSE             : Train 65.2517, Val 68.0610, Test 67.7370
Epoch 12: Loss:            : Train 0.0042, Val 0.0049, Test 0.0047
          R2_Score         : Train 0.8760, Val 0.8613, Test 0.8626
          RMSE             : Train 64.3974, Val 68.8702, Test 67.9855
Best:
          R2_Score         : Train 0.8727, Val 0.8645, Test 0.8636
          RMSE             : Train 65.2517, Val 68.0610, Test 67.7370
Epoch 13: Loss:            : Train 0.0042, Val 0.0048, Test 0.0047
          R2_Score         : Train 0.8781, Val 0.8631, Test 0.8645
          RMSE             : Train 63.8531, Val 68.4061, Test 67.4956
Best:
          R2_Score         : Train 0.8727, Val 0.8645, Test 0.8636
          RMSE             : Train 65.2517, Val 68.0610, Test 67.7370
Epoch 14: Loss:            : Train 0.0041, Val 0.0047, Test 0.0046
          R2_Score         : Train 0.8802, Val 0.8644, Test 0.8647
          RMSE             : Train 63.3094, Val 68.0906, Test 67.4608
Best:
          R2_Score         : Train 0.8727, Val 0.8645, Test 0.8636
          RMSE             : Train 65.2517, Val 68.0610, Test 67.7370
Epoch 15: Loss:            : Train 0.0040, Val 0.0046, Test 0.0045
          R2_Score         : Train 0.8829, Val 0.8679, Test 0.8688
          RMSE             : Train 62.5893, Val 67.1968, Test 66.4325
Best:
          R2_Score         : Train 0.8829, Val 0.8679, Test 0.8688
          RMSE             : Train 62.5893, Val 67.1968, Test 66.4325
Epoch 16: Loss:            : Train 0.0039, Val 0.0047, Test 0.0045
          R2_Score         : Train 0.8848, Val 0.8661, Test 0.8678
          RMSE             : Train 62.0748, Val 67.6606, Test 66.6777
Best:
          R2_Score         : Train 0.8829, Val 0.8679, Test 0.8688
          RMSE             : Train 62.5893, Val 67.1968, Test 66.4325
Epoch 17: Loss:            : Train 0.0039, Val 0.0045, Test 0.0044
          R2_Score         : Train 0.8866, Val 0.8718, Test 0.8734
          RMSE             : Train 61.5826, Val 66.2009, Test 65.2519
Best:
          R2_Score         : Train 0.8866, Val 0.8718, Test 0.8734
          RMSE             : Train 61.5826, Val 66.2009, Test 65.2519
Epoch 18: Loss:            : Train 0.0038, Val 0.0046, Test 0.0044
          R2_Score         : Train 0.8890, Val 0.8699, Test 0.8723
          RMSE             : Train 60.9293, Val 66.6962, Test 65.5286
Best:
          R2_Score         : Train 0.8866, Val 0.8718, Test 0.8734
          RMSE             : Train 61.5826, Val 66.2009, Test 65.2519
Epoch 19: Loss:            : Train 0.0037, Val 0.0046, Test 0.0044
          R2_Score         : Train 0.8905, Val 0.8682, Test 0.8715
          RMSE             : Train 60.5361, Val 67.1170, Test 65.7500
Best:
          R2_Score         : Train 0.8866, Val 0.8718, Test 0.8734
          RMSE             : Train 61.5826, Val 66.2009, Test 65.2519
Epoch 20: Loss:            : Train 0.0037, Val 0.0044, Test 0.0043
          R2_Score         : Train 0.8924, Val 0.8734, Test 0.8759
          RMSE             : Train 60.0007, Val 65.7881, Test 64.5948
Best:
          R2_Score         : Train 0.8924, Val 0.8734, Test 0.8759
          RMSE             : Train 60.0007, Val 65.7881, Test 64.5948
Epoch 21: Loss:            : Train 0.0036, Val 0.0046, Test 0.0045
          R2_Score         : Train 0.8939, Val 0.8677, Test 0.8683
          RMSE             : Train 59.5871, Val 67.2550, Test 66.5444
Best:
          R2_Score         : Train 0.8924, Val 0.8734, Test 0.8759
          RMSE             : Train 60.0007, Val 65.7881, Test 64.5948
Epoch 22: Loss:            : Train 0.0036, Val 0.0044, Test 0.0044
          R2_Score         : Train 0.8951, Val 0.8736, Test 0.8728
          RMSE             : Train 59.2353, Val 65.7393, Test 65.4032
Best:
          R2_Score         : Train 0.8951, Val 0.8736, Test 0.8728
          RMSE             : Train 59.2353, Val 65.7393, Test 65.4032
Epoch 23: Loss:            : Train 0.0035, Val 0.0044, Test 0.0043
          R2_Score         : Train 0.8963, Val 0.8730, Test 0.8739
          RMSE             : Train 58.9077, Val 65.8877, Test 65.1244
Best:
          R2_Score         : Train 0.8951, Val 0.8736, Test 0.8728
          RMSE             : Train 59.2353, Val 65.7393, Test 65.4032
Epoch 24: Loss:            : Train 0.0035, Val 0.0046, Test 0.0045
          R2_Score         : Train 0.8980, Val 0.8695, Test 0.8691
          RMSE             : Train 58.4240, Val 66.7910, Test 66.3557
Best:
          R2_Score         : Train 0.8951, Val 0.8736, Test 0.8728
          RMSE             : Train 59.2353, Val 65.7393, Test 65.4032
Epoch 25: Loss:            : Train 0.0035, Val 0.0044, Test 0.0043
          R2_Score         : Train 0.8988, Val 0.8723, Test 0.8751
          RMSE             : Train 58.1908, Val 66.0762, Test 64.8052
Best:
          R2_Score         : Train 0.8951, Val 0.8736, Test 0.8728
          RMSE             : Train 59.2353, Val 65.7393, Test 65.4032
Epoch 26: Loss:            : Train 0.0034, Val 0.0045, Test 0.0044
          R2_Score         : Train 0.8999, Val 0.8704, Test 0.8729
          RMSE             : Train 57.8841, Val 66.5511, Test 65.3690
Best:
          R2_Score         : Train 0.8951, Val 0.8736, Test 0.8728
          RMSE             : Train 59.2353, Val 65.7393, Test 65.4032
Epoch 27: Loss:            : Train 0.0034, Val 0.0045, Test 0.0044
          R2_Score         : Train 0.9009, Val 0.8706, Test 0.8729
          RMSE             : Train 57.5895, Val 66.5159, Test 65.3910
Best:
          R2_Score         : Train 0.8951, Val 0.8736, Test 0.8728
          RMSE             : Train 59.2353, Val 65.7393, Test 65.4032
Epoch 28: Loss:            : Train 0.0033, Val 0.0043, Test 0.0042
          R2_Score         : Train 0.9024, Val 0.8772, Test 0.8781
          RMSE             : Train 57.1301, Val 64.7981, Test 64.0424
Best:
          R2_Score         : Train 0.9024, Val 0.8772, Test 0.8781
          RMSE             : Train 57.1301, Val 64.7981, Test 64.0424
Epoch 29: Loss:            : Train 0.0033, Val 0.0045, Test 0.0044
          R2_Score         : Train 0.9030, Val 0.8702, Test 0.8706
          RMSE             : Train 56.9593, Val 66.6107, Test 65.9644
Best:
          R2_Score         : Train 0.9024, Val 0.8772, Test 0.8781
          RMSE             : Train 57.1301, Val 64.7981, Test 64.0424
Epoch 30: Loss:            : Train 0.0033, Val 0.0043, Test 0.0042
          R2_Score         : Train 0.9046, Val 0.8771, Test 0.8790
          RMSE             : Train 56.4954, Val 64.8122, Test 63.7979
Best:
          R2_Score         : Train 0.9024, Val 0.8772, Test 0.8781
          RMSE             : Train 57.1301, Val 64.7981, Test 64.0424
Epoch 31: Loss:            : Train 0.0032, Val 0.0043, Test 0.0042
          R2_Score         : Train 0.9049, Val 0.8769, Test 0.8780
          RMSE             : Train 56.3916, Val 64.8677, Test 64.0591
Best:
          R2_Score         : Train 0.9024, Val 0.8772, Test 0.8781
          RMSE             : Train 57.1301, Val 64.7981, Test 64.0424
Epoch 32: Loss:            : Train 0.0032, Val 0.0043, Test 0.0042
          R2_Score         : Train 0.9060, Val 0.8759, Test 0.8786
          RMSE             : Train 56.0807, Val 65.1294, Test 63.9076
Best:
          R2_Score         : Train 0.9024, Val 0.8772, Test 0.8781
          RMSE             : Train 57.1301, Val 64.7981, Test 64.0424
Epoch 33: Loss:            : Train 0.0032, Val 0.0043, Test 0.0042
          R2_Score         : Train 0.9072, Val 0.8769, Test 0.8786
          RMSE             : Train 55.7069, Val 64.8789, Test 63.9005
Best:
          R2_Score         : Train 0.9024, Val 0.8772, Test 0.8781
          RMSE             : Train 57.1301, Val 64.7981, Test 64.0424
Epoch 34: Loss:            : Train 0.0031, Val 0.0043, Test 0.0042
          R2_Score         : Train 0.9078, Val 0.8752, Test 0.8776
          RMSE             : Train 55.5310, Val 65.3048, Test 64.1696
Best:
          R2_Score         : Train 0.9024, Val 0.8772, Test 0.8781
          RMSE             : Train 57.1301, Val 64.7981, Test 64.0424
Epoch 35: Loss:            : Train 0.0031, Val 0.0043, Test 0.0042
          R2_Score         : Train 0.9090, Val 0.8763, Test 0.8787
          RMSE             : Train 55.1752, Val 65.0211, Test 63.8599
Best:
          R2_Score         : Train 0.9024, Val 0.8772, Test 0.8781
          RMSE             : Train 57.1301, Val 64.7981, Test 64.0424
Epoch 36: Loss:            : Train 0.0031, Val 0.0043, Test 0.0042
          R2_Score         : Train 0.9094, Val 0.8756, Test 0.8776
          RMSE             : Train 55.0633, Val 65.2007, Test 64.1652
Best:
          R2_Score         : Train 0.9024, Val 0.8772, Test 0.8781
          RMSE             : Train 57.1301, Val 64.7981, Test 64.0424
Epoch 37: Loss:            : Train 0.0031, Val 0.0043, Test 0.0041
          R2_Score         : Train 0.9103, Val 0.8772, Test 0.8793
          RMSE             : Train 54.7725, Val 64.7802, Test 63.7174
Best:
          R2_Score         : Train 0.9103, Val 0.8772, Test 0.8793
          RMSE             : Train 54.7725, Val 64.7802, Test 63.7174
Epoch 38: Loss:            : Train 0.0030, Val 0.0044, Test 0.0042
          R2_Score         : Train 0.9113, Val 0.8746, Test 0.8768
          RMSE             : Train 54.4812, Val 65.4709, Test 64.3742
Best:
          R2_Score         : Train 0.9103, Val 0.8772, Test 0.8793
          RMSE             : Train 54.7725, Val 64.7802, Test 63.7174
Epoch 39: Loss:            : Train 0.0030, Val 0.0044, Test 0.0042
          R2_Score         : Train 0.9124, Val 0.8754, Test 0.8790
          RMSE             : Train 54.1418, Val 65.2718, Test 63.7895
Best:
          R2_Score         : Train 0.9103, Val 0.8772, Test 0.8793
          RMSE             : Train 54.7725, Val 64.7802, Test 63.7174
Epoch 40: Loss:            : Train 0.0030, Val 0.0042, Test 0.0041
          R2_Score         : Train 0.9125, Val 0.8788, Test 0.8806
          RMSE             : Train 54.1002, Val 64.3667, Test 63.3620
Best:
          R2_Score         : Train 0.9125, Val 0.8788, Test 0.8806
          RMSE             : Train 54.1002, Val 64.3667, Test 63.3620
Epoch 41: Loss:            : Train 0.0029, Val 0.0043, Test 0.0042
          R2_Score         : Train 0.9136, Val 0.8753, Test 0.8781
          RMSE             : Train 53.7539, Val 65.2801, Test 64.0234
Best:
          R2_Score         : Train 0.9125, Val 0.8788, Test 0.8806
          RMSE             : Train 54.1002, Val 64.3667, Test 63.3620
Epoch 42: Loss:            : Train 0.0029, Val 0.0043, Test 0.0042
          R2_Score         : Train 0.9144, Val 0.8759, Test 0.8780
          RMSE             : Train 53.5017, Val 65.1426, Test 64.0668
Best:
          R2_Score         : Train 0.9125, Val 0.8788, Test 0.8806
          RMSE             : Train 54.1002, Val 64.3667, Test 63.3620
Epoch 43: Loss:            : Train 0.0029, Val 0.0043, Test 0.0042
          R2_Score         : Train 0.9153, Val 0.8759, Test 0.8774
          RMSE             : Train 53.2406, Val 65.1276, Test 64.2041
Best:
          R2_Score         : Train 0.9125, Val 0.8788, Test 0.8806
          RMSE             : Train 54.1002, Val 64.3667, Test 63.3620
Epoch 44: Loss:            : Train 0.0029, Val 0.0043, Test 0.0041
          R2_Score         : Train 0.9156, Val 0.8756, Test 0.8793
          RMSE             : Train 53.1326, Val 65.2022, Test 63.7109
Best:
          R2_Score         : Train 0.9125, Val 0.8788, Test 0.8806
          RMSE             : Train 54.1002, Val 64.3667, Test 63.3620
Epoch 45: Loss:            : Train 0.0029, Val 0.0043, Test 0.0042
          R2_Score         : Train 0.9161, Val 0.8773, Test 0.8777
          RMSE             : Train 52.9679, Val 64.7683, Test 64.1270
Best:
          R2_Score         : Train 0.9125, Val 0.8788, Test 0.8806
          RMSE             : Train 54.1002, Val 64.3667, Test 63.3620
Epoch 46: Loss:            : Train 0.0028, Val 0.0044, Test 0.0043
          R2_Score         : Train 0.9168, Val 0.8745, Test 0.8761
          RMSE             : Train 52.7702, Val 65.5000, Test 64.5401
Best:
          R2_Score         : Train 0.9125, Val 0.8788, Test 0.8806
          RMSE             : Train 54.1002, Val 64.3667, Test 63.3620
Epoch 47: Loss:            : Train 0.0028, Val 0.0043, Test 0.0042
          R2_Score         : Train 0.9177, Val 0.8764, Test 0.8779
          RMSE             : Train 52.4633, Val 65.0110, Test 64.0888
Best:
          R2_Score         : Train 0.9125, Val 0.8788, Test 0.8806
          RMSE             : Train 54.1002, Val 64.3667, Test 63.3620
Epoch 48: Loss:            : Train 0.0028, Val 0.0043, Test 0.0042
          R2_Score         : Train 0.9183, Val 0.8762, Test 0.8766
          RMSE             : Train 52.2853, Val 65.0608, Test 64.4348
Best:
          R2_Score         : Train 0.9125, Val 0.8788, Test 0.8806
          RMSE             : Train 54.1002, Val 64.3667, Test 63.3620
Epoch 49: Loss:            : Train 0.0028, Val 0.0043, Test 0.0041
          R2_Score         : Train 0.9187, Val 0.8777, Test 0.8798
          RMSE             : Train 52.1393, Val 64.6592, Test 63.5738
Best:
          R2_Score         : Train 0.9125, Val 0.8788, Test 0.8806
          RMSE             : Train 54.1002, Val 64.3667, Test 63.3620
Epoch 50: Loss:            : Train 0.0028, Val 0.0042, Test 0.0041
          R2_Score         : Train 0.9191, Val 0.8783, Test 0.8793
          RMSE             : Train 52.0243, Val 64.5137, Test 63.7261
Best:
          R2_Score         : Train 0.9125, Val 0.8788, Test 0.8806
          RMSE             : Train 54.1002, Val 64.3667, Test 63.3620
Epoch 51: Loss:            : Train 0.0027, Val 0.0043, Test 0.0042
          R2_Score         : Train 0.9200, Val 0.8775, Test 0.8784
          RMSE             : Train 51.7268, Val 64.7079, Test 63.9468
Best:
          R2_Score         : Train 0.9125, Val 0.8788, Test 0.8806
          RMSE             : Train 54.1002, Val 64.3667, Test 63.3620
Epoch 52: Loss:            : Train 0.0027, Val 0.0043, Test 0.0042
          R2_Score         : Train 0.9207, Val 0.8755, Test 0.8779
          RMSE             : Train 51.5173, Val 65.2508, Test 64.0783
Best:
          R2_Score         : Train 0.9125, Val 0.8788, Test 0.8806
          RMSE             : Train 54.1002, Val 64.3667, Test 63.3620
Epoch 53: Loss:            : Train 0.0027, Val 0.0044, Test 0.0042
          R2_Score         : Train 0.9211, Val 0.8748, Test 0.8767
          RMSE             : Train 51.3718, Val 65.4201, Test 64.3955
Best:
          R2_Score         : Train 0.9125, Val 0.8788, Test 0.8806
          RMSE             : Train 54.1002, Val 64.3667, Test 63.3620
Epoch 54: Loss:            : Train 0.0027, Val 0.0043, Test 0.0042
          R2_Score         : Train 0.9215, Val 0.8767, Test 0.8770
          RMSE             : Train 51.2351, Val 64.9300, Test 64.3081
Best:
          R2_Score         : Train 0.9125, Val 0.8788, Test 0.8806
          RMSE             : Train 54.1002, Val 64.3667, Test 63.3620
Epoch 55: Loss:            : Train 0.0027, Val 0.0043, Test 0.0042
          R2_Score         : Train 0.9223, Val 0.8762, Test 0.8778
          RMSE             : Train 50.9803, Val 65.0449, Test 64.1174
Best:
          R2_Score         : Train 0.9125, Val 0.8788, Test 0.8806
          RMSE             : Train 54.1002, Val 64.3667, Test 63.3620
Epoch 56: Loss:            : Train 0.0026, Val 0.0043, Test 0.0042
          R2_Score         : Train 0.9229, Val 0.8762, Test 0.8786
          RMSE             : Train 50.7941, Val 65.0641, Test 63.9010
Best:
          R2_Score         : Train 0.9125, Val 0.8788, Test 0.8806
          RMSE             : Train 54.1002, Val 64.3667, Test 63.3620
Epoch 57: Loss:            : Train 0.0027, Val 0.0043, Test 0.0041
          R2_Score         : Train 0.9214, Val 0.8777, Test 0.8793
          RMSE             : Train 51.2928, Val 64.6716, Test 63.7199
Best:
          R2_Score         : Train 0.9125, Val 0.8788, Test 0.8806
          RMSE             : Train 54.1002, Val 64.3667, Test 63.3620
Epoch 58: Loss:            : Train 0.0026, Val 0.0043, Test 0.0042
          R2_Score         : Train 0.9232, Val 0.8767, Test 0.8785
          RMSE             : Train 50.6781, Val 64.9217, Test 63.9120
Best:
          R2_Score         : Train 0.9125, Val 0.8788, Test 0.8806
          RMSE             : Train 54.1002, Val 64.3667, Test 63.3620
Epoch 59: Loss:            : Train 0.0026, Val 0.0043, Test 0.0042
          R2_Score         : Train 0.9241, Val 0.8759, Test 0.8764
          RMSE             : Train 50.3769, Val 65.1432, Test 64.4655
Best:
          R2_Score         : Train 0.9125, Val 0.8788, Test 0.8806
          RMSE             : Train 54.1002, Val 64.3667, Test 63.3620
Epoch 60: Loss:            : Train 0.0026, Val 0.0042, Test 0.0041
          R2_Score         : Train 0.9244, Val 0.8785, Test 0.8804
          RMSE             : Train 50.2970, Val 64.4372, Test 63.4211
Best:
          R2_Score         : Train 0.9125, Val 0.8788, Test 0.8806
          RMSE             : Train 54.1002, Val 64.3667, Test 63.3620
Epoch 61: Loss:            : Train 0.0026, Val 0.0043, Test 0.0041
          R2_Score         : Train 0.9251, Val 0.8770, Test 0.8805
          RMSE             : Train 50.0749, Val 64.8500, Test 63.3876
Best:
          R2_Score         : Train 0.9125, Val 0.8788, Test 0.8806
          RMSE             : Train 54.1002, Val 64.3667, Test 63.3620
Epoch 62: Loss:            : Train 0.0026, Val 0.0043, Test 0.0041
          R2_Score         : Train 0.9252, Val 0.8770, Test 0.8806
          RMSE             : Train 50.0258, Val 64.8387, Test 63.3695
Best:
          R2_Score         : Train 0.9125, Val 0.8788, Test 0.8806
          RMSE             : Train 54.1002, Val 64.3667, Test 63.3620
Epoch 63: Loss:            : Train 0.0025, Val 0.0043, Test 0.0042
          R2_Score         : Train 0.9258, Val 0.8764, Test 0.8778
          RMSE             : Train 49.8096, Val 65.0065, Test 64.1077
Best:
          R2_Score         : Train 0.9125, Val 0.8788, Test 0.8806
          RMSE             : Train 54.1002, Val 64.3667, Test 63.3620
Epoch 64: Loss:            : Train 0.0025, Val 0.0044, Test 0.0043
          R2_Score         : Train 0.9260, Val 0.8727, Test 0.8756
          RMSE             : Train 49.7454, Val 65.9747, Test 64.6950
Best:
          R2_Score         : Train 0.9125, Val 0.8788, Test 0.8806
          RMSE             : Train 54.1002, Val 64.3667, Test 63.3620
Epoch 65: Loss:            : Train 0.0025, Val 0.0042, Test 0.0041
          R2_Score         : Train 0.9266, Val 0.8791, Test 0.8804
          RMSE             : Train 49.5414, Val 64.2947, Test 63.4269
Best:
          R2_Score         : Train 0.9266, Val 0.8791, Test 0.8804
          RMSE             : Train 49.5414, Val 64.2947, Test 63.4269
Epoch 66: Loss:            : Train 0.0025, Val 0.0043, Test 0.0042
          R2_Score         : Train 0.9267, Val 0.8756, Test 0.8779
          RMSE             : Train 49.5361, Val 65.2235, Test 64.0820
Best:
          R2_Score         : Train 0.9266, Val 0.8791, Test 0.8804
          RMSE             : Train 49.5414, Val 64.2947, Test 63.4269
Epoch 67: Loss:            : Train 0.0025, Val 0.0043, Test 0.0042
          R2_Score         : Train 0.9270, Val 0.8771, Test 0.8789
          RMSE             : Train 49.4067, Val 64.8292, Test 63.8195
Best:
          R2_Score         : Train 0.9266, Val 0.8791, Test 0.8804
          RMSE             : Train 49.5414, Val 64.2947, Test 63.4269
Epoch 68: Loss:            : Train 0.0025, Val 0.0043, Test 0.0042
          R2_Score         : Train 0.9276, Val 0.8752, Test 0.8769
          RMSE             : Train 49.2312, Val 65.3177, Test 64.3498
Best:
          R2_Score         : Train 0.9266, Val 0.8791, Test 0.8804
          RMSE             : Train 49.5414, Val 64.2947, Test 63.4269
Epoch 69: Loss:            : Train 0.0025, Val 0.0044, Test 0.0043
          R2_Score         : Train 0.9279, Val 0.8745, Test 0.8747
          RMSE             : Train 49.1131, Val 65.5056, Test 64.9152
Best:
          R2_Score         : Train 0.9266, Val 0.8791, Test 0.8804
          RMSE             : Train 49.5414, Val 64.2947, Test 63.4269
Epoch 70: Loss:            : Train 0.0024, Val 0.0044, Test 0.0043
          R2_Score         : Train 0.9284, Val 0.8735, Test 0.8756
          RMSE             : Train 48.9486, Val 65.7645, Test 64.6957
Best:
          R2_Score         : Train 0.9266, Val 0.8791, Test 0.8804
          RMSE             : Train 49.5414, Val 64.2947, Test 63.4269
Epoch 71: Loss:            : Train 0.0024, Val 0.0043, Test 0.0042
          R2_Score         : Train 0.9289, Val 0.8763, Test 0.8786
          RMSE             : Train 48.7800, Val 65.0216, Test 63.9096
Best:
          R2_Score         : Train 0.9266, Val 0.8791, Test 0.8804
          RMSE             : Train 49.5414, Val 64.2947, Test 63.4269
Epoch 72: Loss:            : Train 0.0024, Val 0.0043, Test 0.0042
          R2_Score         : Train 0.9290, Val 0.8765, Test 0.8779
          RMSE             : Train 48.7427, Val 64.9786, Test 64.0787
Best:
          R2_Score         : Train 0.9266, Val 0.8791, Test 0.8804
          RMSE             : Train 49.5414, Val 64.2947, Test 63.4269
Epoch 73: Loss:            : Train 0.0024, Val 0.0042, Test 0.0042
          R2_Score         : Train 0.9294, Val 0.8791, Test 0.8784
          RMSE             : Train 48.5921, Val 64.2831, Test 63.9549
Best:
          R2_Score         : Train 0.9294, Val 0.8791, Test 0.8784
          RMSE             : Train 48.5921, Val 64.2831, Test 63.9549
Epoch 74: Loss:            : Train 0.0024, Val 0.0042, Test 0.0041
          R2_Score         : Train 0.9299, Val 0.8791, Test 0.8813
          RMSE             : Train 48.4243, Val 64.2857, Test 63.1877
Best:
          R2_Score         : Train 0.9294, Val 0.8791, Test 0.8784
          RMSE             : Train 48.5921, Val 64.2831, Test 63.9549
Epoch 75: Loss:            : Train 0.0025, Val 0.0044, Test 0.0043
          R2_Score         : Train 0.9279, Val 0.8746, Test 0.8747
          RMSE             : Train 49.1230, Val 65.4718, Test 64.9088
Best:
          R2_Score         : Train 0.9294, Val 0.8791, Test 0.8784
          RMSE             : Train 48.5921, Val 64.2831, Test 63.9549
Epoch 76: Loss:            : Train 0.0024, Val 0.0042, Test 0.0042
          R2_Score         : Train 0.9297, Val 0.8789, Test 0.8791
          RMSE             : Train 48.4972, Val 64.3453, Test 63.7760
Best:
          R2_Score         : Train 0.9294, Val 0.8791, Test 0.8784
          RMSE             : Train 48.5921, Val 64.2831, Test 63.9549
Epoch 77: Loss:            : Train 0.0024, Val 0.0043, Test 0.0042
          R2_Score         : Train 0.9305, Val 0.8764, Test 0.8771
          RMSE             : Train 48.2158, Val 65.0124, Test 64.2814
Best:
          R2_Score         : Train 0.9294, Val 0.8791, Test 0.8784
          RMSE             : Train 48.5921, Val 64.2831, Test 63.9549
Epoch 78: Loss:            : Train 0.0024, Val 0.0043, Test 0.0042
          R2_Score         : Train 0.9310, Val 0.8767, Test 0.8779
          RMSE             : Train 48.0488, Val 64.9309, Test 64.0704
Best:
          R2_Score         : Train 0.9294, Val 0.8791, Test 0.8784
          RMSE             : Train 48.5921, Val 64.2831, Test 63.9549
Epoch 79: Loss:            : Train 0.0024, Val 0.0045, Test 0.0043
          R2_Score         : Train 0.9311, Val 0.8725, Test 0.8753
          RMSE             : Train 47.9973, Val 66.0310, Test 64.7633
Best:
          R2_Score         : Train 0.9294, Val 0.8791, Test 0.8784
          RMSE             : Train 48.5921, Val 64.2831, Test 63.9549
Epoch 80: Loss:            : Train 0.0023, Val 0.0043, Test 0.0042
          R2_Score         : Train 0.9318, Val 0.8760, Test 0.8780
          RMSE             : Train 47.7584, Val 65.0956, Test 64.0632
Best:
          R2_Score         : Train 0.9294, Val 0.8791, Test 0.8784
          RMSE             : Train 48.5921, Val 64.2831, Test 63.9549
Epoch 81: Loss:            : Train 0.0023, Val 0.0043, Test 0.0042
          R2_Score         : Train 0.9317, Val 0.8770, Test 0.8765
          RMSE             : Train 47.8112, Val 64.8488, Test 64.4476
Best:
          R2_Score         : Train 0.9294, Val 0.8791, Test 0.8784
          RMSE             : Train 48.5921, Val 64.2831, Test 63.9549
Epoch 82: Loss:            : Train 0.0023, Val 0.0044, Test 0.0042
          R2_Score         : Train 0.9323, Val 0.8751, Test 0.8773
          RMSE             : Train 47.5912, Val 65.3352, Test 64.2315
Best:
          R2_Score         : Train 0.9294, Val 0.8791, Test 0.8784
          RMSE             : Train 48.5921, Val 64.2831, Test 63.9549
Epoch 83: Loss:            : Train 0.0023, Val 0.0043, Test 0.0042
          R2_Score         : Train 0.9323, Val 0.8767, Test 0.8768
          RMSE             : Train 47.5785, Val 64.9160, Test 64.3747
Best:
          R2_Score         : Train 0.9294, Val 0.8791, Test 0.8784
          RMSE             : Train 48.5921, Val 64.2831, Test 63.9549
Epoch 84: Loss:            : Train 0.0023, Val 0.0043, Test 0.0043
          R2_Score         : Train 0.9329, Val 0.8761, Test 0.8761
          RMSE             : Train 47.3818, Val 65.0864, Test 64.5467
Best:
          R2_Score         : Train 0.9294, Val 0.8791, Test 0.8784
          RMSE             : Train 48.5921, Val 64.2831, Test 63.9549
Epoch 85: Loss:            : Train 0.0023, Val 0.0042, Test 0.0041
          R2_Score         : Train 0.9329, Val 0.8791, Test 0.8795
          RMSE             : Train 47.3800, Val 64.2977, Test 63.6640
Best:
          R2_Score         : Train 0.9294, Val 0.8791, Test 0.8784
          RMSE             : Train 48.5921, Val 64.2831, Test 63.9549
Epoch 86: Loss:            : Train 0.0023, Val 0.0043, Test 0.0042
          R2_Score         : Train 0.9334, Val 0.8763, Test 0.8769
          RMSE             : Train 47.1868, Val 65.0355, Test 64.3490
Best:
          R2_Score         : Train 0.9294, Val 0.8791, Test 0.8784
          RMSE             : Train 48.5921, Val 64.2831, Test 63.9549
Epoch 87: Loss:            : Train 0.0023, Val 0.0042, Test 0.0042
          R2_Score         : Train 0.9335, Val 0.8785, Test 0.8782
          RMSE             : Train 47.1797, Val 64.4478, Test 63.9992
Best:
          R2_Score         : Train 0.9294, Val 0.8791, Test 0.8784
          RMSE             : Train 48.5921, Val 64.2831, Test 63.9549
Epoch 88: Loss:            : Train 0.0023, Val 0.0043, Test 0.0042
          R2_Score         : Train 0.9325, Val 0.8764, Test 0.8772
          RMSE             : Train 47.5159, Val 65.0081, Test 64.2551
Best:
          R2_Score         : Train 0.9294, Val 0.8791, Test 0.8784
          RMSE             : Train 48.5921, Val 64.2831, Test 63.9549
Epoch 89: Loss:            : Train 0.0023, Val 0.0043, Test 0.0042
          R2_Score         : Train 0.9338, Val 0.8774, Test 0.8785
          RMSE             : Train 47.0534, Val 64.7282, Test 63.9252
Best:
          R2_Score         : Train 0.9294, Val 0.8791, Test 0.8784
          RMSE             : Train 48.5921, Val 64.2831, Test 63.9549
Epoch 90: Loss:            : Train 0.0022, Val 0.0043, Test 0.0042
          R2_Score         : Train 0.9345, Val 0.8754, Test 0.8779
          RMSE             : Train 46.8070, Val 65.2699, Test 64.0786
Best:
          R2_Score         : Train 0.9294, Val 0.8791, Test 0.8784
          RMSE             : Train 48.5921, Val 64.2831, Test 63.9549
Epoch 91: Loss:            : Train 0.0022, Val 0.0044, Test 0.0043
          R2_Score         : Train 0.9345, Val 0.8751, Test 0.8762
          RMSE             : Train 46.8121, Val 65.3506, Test 64.5187
Best:
          R2_Score         : Train 0.9294, Val 0.8791, Test 0.8784
          RMSE             : Train 48.5921, Val 64.2831, Test 63.9549
Epoch 92: Loss:            : Train 0.0022, Val 0.0043, Test 0.0043
          R2_Score         : Train 0.9343, Val 0.8761, Test 0.8758
          RMSE             : Train 46.8797, Val 65.0850, Test 64.6345
Best:
          R2_Score         : Train 0.9294, Val 0.8791, Test 0.8784
          RMSE             : Train 48.5921, Val 64.2831, Test 63.9549
Epoch 93: Loss:            : Train 0.0022, Val 0.0043, Test 0.0042
          R2_Score         : Train 0.9352, Val 0.8765, Test 0.8773
          RMSE             : Train 46.5669, Val 64.9811, Test 64.2472
Best:
          R2_Score         : Train 0.9294, Val 0.8791, Test 0.8784
          RMSE             : Train 48.5921, Val 64.2831, Test 63.9549
Epoch 94: Loss:            : Train 0.0022, Val 0.0043, Test 0.0042
          R2_Score         : Train 0.9356, Val 0.8759, Test 0.8781
          RMSE             : Train 46.4204, Val 65.1453, Test 64.0309
Best:
          R2_Score         : Train 0.9294, Val 0.8791, Test 0.8784
          RMSE             : Train 48.5921, Val 64.2831, Test 63.9549
Epoch 95: Loss:            : Train 0.0022, Val 0.0043, Test 0.0042
          R2_Score         : Train 0.9357, Val 0.8755, Test 0.8777
          RMSE             : Train 46.3634, Val 65.2351, Test 64.1367
Best:
          R2_Score         : Train 0.9294, Val 0.8791, Test 0.8784
          RMSE             : Train 48.5921, Val 64.2831, Test 63.9549
Epoch 96: Loss:            : Train 0.0022, Val 0.0044, Test 0.0043
          R2_Score         : Train 0.9358, Val 0.8728, Test 0.8750
          RMSE             : Train 46.3527, Val 65.9476, Test 64.8304
Best:
          R2_Score         : Train 0.9294, Val 0.8791, Test 0.8784
          RMSE             : Train 48.5921, Val 64.2831, Test 63.9549
Epoch 97: Loss:            : Train 0.0022, Val 0.0044, Test 0.0043
          R2_Score         : Train 0.9359, Val 0.8734, Test 0.8745
          RMSE             : Train 46.2962, Val 65.7960, Test 64.9603
Best:
          R2_Score         : Train 0.9294, Val 0.8791, Test 0.8784
          RMSE             : Train 48.5921, Val 64.2831, Test 63.9549
Epoch 98: Loss:            : Train 0.0022, Val 0.0043, Test 0.0042
          R2_Score         : Train 0.9360, Val 0.8763, Test 0.8772
          RMSE             : Train 46.2669, Val 65.0420, Test 64.2703
Best:
          R2_Score         : Train 0.9294, Val 0.8791, Test 0.8784
          RMSE             : Train 48.5921, Val 64.2831, Test 63.9549
Epoch 99: Loss:            : Train 0.0022, Val 0.0045, Test 0.0043
          R2_Score         : Train 0.9364, Val 0.8722, Test 0.8735
          RMSE             : Train 46.1443, Val 66.0874, Test 65.2201
Best:
          R2_Score         : Train 0.9294, Val 0.8791, Test 0.8784
          RMSE             : Train 48.5921, Val 64.2831, Test 63.9549
Epoch 100: Loss:            : Train 0.0022, Val 0.0043, Test 0.0042
          R2_Score         : Train 0.9365, Val 0.8757, Test 0.8770
          RMSE             : Train 46.0916, Val 65.1823, Test 64.3133
Best:
          R2_Score         : Train 0.9294, Val 0.8791, Test 0.8784
          RMSE             : Train 48.5921, Val 64.2831, Test 63.9549
Training time (sec): 1992
