Loading house from data/beijing/house_clean.csv
Loading airbnb from data/beijing/airbnb_clean.csv
Current house columns Index(['cid', 'DOM', 'followers', 'square', 'livingRoom', 'drawingRoom',
       'kitchen', 'bathRoom', 'floor', 'constructionTime', 'ladderRatio',
       'elevator', 'fiveYearsProperty', 'subway', 'did_2', 'did_3', 'did_4',
       'did_5', 'did_6', 'did_7', 'did_8', 'did_9', 'did_10', 'did_11',
       'did_12', 'did_13', 'bt_2', 'bt_3', 'bt_4', 'rc_2', 'rc_3', 'rc_4',
       'bs_2', 'bs_3', 'bs_4', 'bs_5', 'bs_6', 'ty_2014', 'ty_2015', 'ty_2016',
       'ty_2017', 'ty_2018', 'tm_2', 'tm_3', 'tm_4', 'tm_5', 'tm_6', 'tm_7',
       'tm_8', 'tm_9', 'tm_10', 'tm_11', 'tm_12', 'lon', 'lat'],
      dtype='object')
Current airbnb columns Index(['lon', 'lat', 'price', 'minimum_nights', 'number_of_reviews',
       'reviews_per_month', 'calculated_host_listings_count',
       'availability_365', 'nbr_丰台区 ', 'nbr_大兴区 ', 'nbr_密云县 ', 'nbr_平谷区 ',
       'nbr_延庆县 ', 'nbr_怀柔区 ', 'nbr_房山区', 'nbr_昌平区', 'nbr_朝阳区 ', 'nbr_海淀区',
       'nbr_石景山区', 'nbr_西城区', 'nbr_通州区 ', 'nbr_门头沟区 ', 'nbr_顺义区 ',
       'rt_Private room', 'rt_Shared room'],
      dtype='object')
Loading data from cache
Done
Calculating noise scale
Adding noise of scale 0.0 to sim_scores
Adding noise of scale 0.0 to sim_scores
Adding noise of scale 0.0 to sim_scores
Filter dataset to top 10
Generating top 10 dataset
Generating top 10 dataset
Generating top 10 dataset
Preparing time (sec): 11
Initializing dataloader
Done
Prepare for training
Start training
================================================================================
                                    Kernel Shape Output Shape  Params  \
Layer                                                                   
0_local_models.0.fc_layers.Linear_0    [53, 200]   [128, 200]   10800   
1_local_models.0.fc_layers.Linear_1   [200, 100]   [128, 100]   20100   
2_local_models.1.fc_layers.Linear_0    [23, 200]   [128, 200]    4800   
3_local_models.1.fc_layers.Linear_1   [200, 100]   [128, 100]   20100   
4_agg_model.fc_layers.Linear_0        [200, 100]   [128, 100]   20100   
5_agg_model.fc_layers.Linear_1          [100, 1]     [128, 1]     101   

                                     Mult-Adds  
Layer                                           
0_local_models.0.fc_layers.Linear_0      10600  
1_local_models.0.fc_layers.Linear_1      20000  
2_local_models.1.fc_layers.Linear_0       4600  
3_local_models.1.fc_layers.Linear_1      20000  
4_agg_model.fc_layers.Linear_0           20000  
5_agg_model.fc_layers.Linear_1             100  
--------------------------------------------------------------------------------
                      Totals
Total params           76001
Trainable params       76001
Non-trainable params       0
Mult-Adds              75300
================================================================================
n_classes=2
task=regression
model_name=beijing_avgsim_p_1E+00_2022-01-30-17-57-33
sche_threshold=0.0001
sche_patience=10
sche_factor=0.1
use_scheduler=False
num_workers=4
device=cuda:3
test_batch_size=4096
train_batch_size=128
learning_rate=0.003
weight_decay=1e-05
num_epochs=100
model_save_path=ckp/beijing_avgsim_p_1E+00_2022-01-30-17-57-33.pth
test_rate=0.2
val_rate=0.1
multiprocess_context=fork
metrics=['r2_score', 'rmse']
metrics_f=[<metric.r2_score.R2Score object at 0x7f07b7ba5dc0>, <metric.rmse.RMSE object at 0x7f07b7ba5fd0>]
hidden_sizes=[200, 100]
model=SplitNN(
  (agg_model): MLP(
    (fc_layers): ModuleList(
      (0): Linear(in_features=200, out_features=100, bias=True)
      (1): Linear(in_features=100, out_features=1, bias=True)
    )
  )
  (local_models): ModuleList(
    (0): MLP(
      (fc_layers): ModuleList(
        (0): Linear(in_features=53, out_features=200, bias=True)
        (1): Linear(in_features=200, out_features=100, bias=True)
      )
    )
    (1): MLP(
      (fc_layers): ModuleList(
        (0): Linear(in_features=23, out_features=200, bias=True)
        (1): Linear(in_features=200, out_features=100, bias=True)
      )
    )
  )
)
writer=<torch.utils.tensorboard.writer.SummaryWriter object at 0x7f07b7ba5ac0>
dataset_type=real
drop_key=True
num_common_features=2
tree_radius=0.01
tree_leaf_size=1000
knn_k=10
grid_min=-10.0
grid_max=10.0
grid_width=1.5
sim_scaler=StandardScaler()
filter_top_k=10
link_n_jobs=-1
psig_p=7
sim_leak_p=1.0
link_threshold_t=0.01
link_epsilon=0.03
n_hash_lsh=20
edit_distance_threshold=1
n_hash_func=10
collision_rate=0.05
qgram_q=2
link_delta=0.03
feature_wise_sim=False
blocking_method=knn
center_threshold=0.5
n_clusters=100
local_hidden_sizes=[[200], [200]]
cut_dims=[100, 100]
agg_hidden_sizes=[100]
scale_analysis=None
log_dir=log/beijing_avgsim_p_1E+00_2022-01-30-17-57-33/
update_sim_freq=1
sim_model_save_path=ckp/beijing_avgsim_p_1E+00_2022-01-30-17-57-33_sim.pth
sim_batch_size=4096
sim_weight_decay=1e-05
sim_learning_rate=0.003
merge_mode=avg
sim_model=None
sim_hidden_sizes=[10, 10]
data1_shape=(141050, 55)
data2_shape=(27827, 25)
Epoch 1: Loss:            : Train 0.0082, Val 0.0057, Test 0.0056
          R2_Score         : Train 0.7611, Val 0.8370, Test 0.8384
          RMSE             : Train 89.3959, Val 74.6397, Test 73.7297
Best:
          R2_Score         : Train 0.7611, Val 0.8370, Test 0.8384
          RMSE             : Train 89.3959, Val 74.6397, Test 73.7297
Epoch 2: Loss:            : Train 0.0050, Val 0.0049, Test 0.0048
          R2_Score         : Train 0.8539, Val 0.8592, Test 0.8594
          RMSE             : Train 69.9240, Val 69.3842, Test 68.7605
Best:
          R2_Score         : Train 0.8539, Val 0.8592, Test 0.8594
          RMSE             : Train 69.9240, Val 69.3842, Test 68.7605
Epoch 3: Loss:            : Train 0.0044, Val 0.0043, Test 0.0042
          R2_Score         : Train 0.8697, Val 0.8771, Test 0.8781
          RMSE             : Train 66.0172, Val 64.8233, Test 64.0298
Best:
          R2_Score         : Train 0.8697, Val 0.8771, Test 0.8781
          RMSE             : Train 66.0172, Val 64.8233, Test 64.0298
Epoch 4: Loss:            : Train 0.0041, Val 0.0041, Test 0.0041
          R2_Score         : Train 0.8805, Val 0.8827, Test 0.8815
          RMSE             : Train 63.2259, Val 63.3301, Test 63.1335
Best:
          R2_Score         : Train 0.8805, Val 0.8827, Test 0.8815
          RMSE             : Train 63.2259, Val 63.3301, Test 63.1335
Epoch 5: Loss:            : Train 0.0038, Val 0.0043, Test 0.0041
          R2_Score         : Train 0.8884, Val 0.8786, Test 0.8793
          RMSE             : Train 61.1058, Val 64.4342, Test 63.7047
Best:
          R2_Score         : Train 0.8805, Val 0.8827, Test 0.8815
          RMSE             : Train 63.2259, Val 63.3301, Test 63.1335
Epoch 6: Loss:            : Train 0.0036, Val 0.0040, Test 0.0039
          R2_Score         : Train 0.8955, Val 0.8856, Test 0.8874
          RMSE             : Train 59.1389, Val 62.5359, Test 61.5363
Best:
          R2_Score         : Train 0.8955, Val 0.8856, Test 0.8874
          RMSE             : Train 59.1389, Val 62.5359, Test 61.5363
Epoch 7: Loss:            : Train 0.0034, Val 0.0036, Test 0.0036
          R2_Score         : Train 0.9012, Val 0.8950, Test 0.8954
          RMSE             : Train 57.4962, Val 59.9032, Test 59.3043
Best:
          R2_Score         : Train 0.9012, Val 0.8950, Test 0.8954
          RMSE             : Train 57.4962, Val 59.9032, Test 59.3043
Epoch 8: Loss:            : Train 0.0032, Val 0.0034, Test 0.0034
          R2_Score         : Train 0.9062, Val 0.9024, Test 0.9008
          RMSE             : Train 56.0151, Val 57.7528, Test 57.7497
Best:
          R2_Score         : Train 0.9062, Val 0.9024, Test 0.9008
          RMSE             : Train 56.0151, Val 57.7528, Test 57.7497
Epoch 9: Loss:            : Train 0.0031, Val 0.0034, Test 0.0033
          R2_Score         : Train 0.9099, Val 0.9037, Test 0.9046
          RMSE             : Train 54.9046, Val 57.3657, Test 56.6353
Best:
          R2_Score         : Train 0.9099, Val 0.9037, Test 0.9046
          RMSE             : Train 54.9046, Val 57.3657, Test 56.6353
Epoch 10: Loss:            : Train 0.0029, Val 0.0032, Test 0.0032
          R2_Score         : Train 0.9140, Val 0.9084, Test 0.9079
          RMSE             : Train 53.6287, Val 55.9546, Test 55.6499
Best:
          R2_Score         : Train 0.9140, Val 0.9084, Test 0.9079
          RMSE             : Train 53.6287, Val 55.9546, Test 55.6499
Epoch 11: Loss:            : Train 0.0028, Val 0.0033, Test 0.0033
          R2_Score         : Train 0.9171, Val 0.9050, Test 0.9053
          RMSE             : Train 52.6698, Val 56.9904, Test 56.4434
Best:
          R2_Score         : Train 0.9140, Val 0.9084, Test 0.9079
          RMSE             : Train 53.6287, Val 55.9546, Test 55.6499
Epoch 12: Loss:            : Train 0.0027, Val 0.0031, Test 0.0030
          R2_Score         : Train 0.9198, Val 0.9109, Test 0.9115
          RMSE             : Train 51.8050, Val 55.1788, Test 54.5699
Best:
          R2_Score         : Train 0.9198, Val 0.9109, Test 0.9115
          RMSE             : Train 51.8050, Val 55.1788, Test 54.5699
Epoch 13: Loss:            : Train 0.0026, Val 0.0031, Test 0.0031
          R2_Score         : Train 0.9224, Val 0.9109, Test 0.9103
          RMSE             : Train 50.9468, Val 55.2011, Test 54.9325
Best:
          R2_Score         : Train 0.9198, Val 0.9109, Test 0.9115
          RMSE             : Train 51.8050, Val 55.1788, Test 54.5699
Epoch 14: Loss:            : Train 0.0026, Val 0.0033, Test 0.0033
          R2_Score         : Train 0.9244, Val 0.9052, Test 0.9047
          RMSE             : Train 50.3043, Val 56.9160, Test 56.6108
Best:
          R2_Score         : Train 0.9198, Val 0.9109, Test 0.9115
          RMSE             : Train 51.8050, Val 55.1788, Test 54.5699
Epoch 15: Loss:            : Train 0.0025, Val 0.0031, Test 0.0030
          R2_Score         : Train 0.9268, Val 0.9122, Test 0.9129
          RMSE             : Train 49.4851, Val 54.7916, Test 54.1304
Best:
          R2_Score         : Train 0.9268, Val 0.9122, Test 0.9129
          RMSE             : Train 49.4851, Val 54.7916, Test 54.1304
Epoch 16: Loss:            : Train 0.0024, Val 0.0030, Test 0.0031
          R2_Score         : Train 0.9287, Val 0.9128, Test 0.9106
          RMSE             : Train 48.8349, Val 54.5897, Test 54.8329
Best:
          R2_Score         : Train 0.9287, Val 0.9128, Test 0.9106
          RMSE             : Train 48.8349, Val 54.5897, Test 54.8329
Epoch 17: Loss:            : Train 0.0024, Val 0.0031, Test 0.0031
          R2_Score         : Train 0.9302, Val 0.9103, Test 0.9097
          RMSE             : Train 48.3110, Val 55.3797, Test 55.1068
Best:
          R2_Score         : Train 0.9287, Val 0.9128, Test 0.9106
          RMSE             : Train 48.8349, Val 54.5897, Test 54.8329
Epoch 18: Loss:            : Train 0.0023, Val 0.0029, Test 0.0028
          R2_Score         : Train 0.9322, Val 0.9172, Test 0.9184
          RMSE             : Train 47.6341, Val 53.1949, Test 52.3975
Best:
          R2_Score         : Train 0.9322, Val 0.9172, Test 0.9184
          RMSE             : Train 47.6341, Val 53.1949, Test 52.3975
Epoch 19: Loss:            : Train 0.0022, Val 0.0028, Test 0.0027
          R2_Score         : Train 0.9343, Val 0.9201, Test 0.9204
          RMSE             : Train 46.8904, Val 52.2507, Test 51.7383
Best:
          R2_Score         : Train 0.9343, Val 0.9201, Test 0.9204
          RMSE             : Train 46.8904, Val 52.2507, Test 51.7383
Epoch 20: Loss:            : Train 0.0022, Val 0.0029, Test 0.0029
          R2_Score         : Train 0.9352, Val 0.9161, Test 0.9156
          RMSE             : Train 46.5568, Val 53.5520, Test 53.2884
Best:
          R2_Score         : Train 0.9343, Val 0.9201, Test 0.9204
          RMSE             : Train 46.8904, Val 52.2507, Test 51.7383
Epoch 21: Loss:            : Train 0.0022, Val 0.0030, Test 0.0028
          R2_Score         : Train 0.9361, Val 0.9162, Test 0.9174
          RMSE             : Train 46.2186, Val 53.5179, Test 52.7030
Best:
          R2_Score         : Train 0.9343, Val 0.9201, Test 0.9204
          RMSE             : Train 46.8904, Val 52.2507, Test 51.7383
Epoch 22: Loss:            : Train 0.0021, Val 0.0027, Test 0.0027
          R2_Score         : Train 0.9380, Val 0.9231, Test 0.9225
          RMSE             : Train 45.5606, Val 51.2806, Test 51.0607
Best:
          R2_Score         : Train 0.9380, Val 0.9231, Test 0.9225
          RMSE             : Train 45.5606, Val 51.2806, Test 51.0607
Epoch 23: Loss:            : Train 0.0021, Val 0.0028, Test 0.0028
          R2_Score         : Train 0.9388, Val 0.9199, Test 0.9196
          RMSE             : Train 45.2481, Val 52.3314, Test 51.9994
Best:
          R2_Score         : Train 0.9380, Val 0.9231, Test 0.9225
          RMSE             : Train 45.5606, Val 51.2806, Test 51.0607
Epoch 24: Loss:            : Train 0.0021, Val 0.0029, Test 0.0028
          R2_Score         : Train 0.9391, Val 0.9165, Test 0.9174
          RMSE             : Train 45.1347, Val 53.4186, Test 52.6927
Best:
          R2_Score         : Train 0.9380, Val 0.9231, Test 0.9225
          RMSE             : Train 45.5606, Val 51.2806, Test 51.0607
Epoch 25: Loss:            : Train 0.0020, Val 0.0028, Test 0.0028
          R2_Score         : Train 0.9410, Val 0.9203, Test 0.9195
          RMSE             : Train 44.4440, Val 52.1828, Test 52.0434
Best:
          R2_Score         : Train 0.9380, Val 0.9231, Test 0.9225
          RMSE             : Train 45.5606, Val 51.2806, Test 51.0607
Epoch 26: Loss:            : Train 0.0020, Val 0.0027, Test 0.0027
          R2_Score         : Train 0.9418, Val 0.9211, Test 0.9204
          RMSE             : Train 44.1212, Val 51.9439, Test 51.7289
Best:
          R2_Score         : Train 0.9380, Val 0.9231, Test 0.9225
          RMSE             : Train 45.5606, Val 51.2806, Test 51.0607
Epoch 27: Loss:            : Train 0.0019, Val 0.0027, Test 0.0026
          R2_Score         : Train 0.9433, Val 0.9227, Test 0.9234
          RMSE             : Train 43.5511, Val 51.4176, Test 50.7725
Best:
          R2_Score         : Train 0.9380, Val 0.9231, Test 0.9225
          RMSE             : Train 45.5606, Val 51.2806, Test 51.0607
Epoch 28: Loss:            : Train 0.0019, Val 0.0027, Test 0.0027
          R2_Score         : Train 0.9443, Val 0.9220, Test 0.9225
          RMSE             : Train 43.1739, Val 51.6356, Test 51.0687
Best:
          R2_Score         : Train 0.9380, Val 0.9231, Test 0.9225
          RMSE             : Train 45.5606, Val 51.2806, Test 51.0607
Epoch 29: Loss:            : Train 0.0019, Val 0.0026, Test 0.0026
          R2_Score         : Train 0.9447, Val 0.9242, Test 0.9244
          RMSE             : Train 43.0005, Val 50.9048, Test 50.4132
Best:
          R2_Score         : Train 0.9447, Val 0.9242, Test 0.9244
          RMSE             : Train 43.0005, Val 50.9048, Test 50.4132
Epoch 30: Loss:            : Train 0.0019, Val 0.0029, Test 0.0029
          R2_Score         : Train 0.9457, Val 0.9169, Test 0.9166
          RMSE             : Train 42.6084, Val 53.2992, Test 52.9595
Best:
          R2_Score         : Train 0.9447, Val 0.9242, Test 0.9244
          RMSE             : Train 43.0005, Val 50.9048, Test 50.4132
Epoch 31: Loss:            : Train 0.0018, Val 0.0026, Test 0.0026
          R2_Score         : Train 0.9467, Val 0.9240, Test 0.9242
          RMSE             : Train 42.2308, Val 50.9869, Test 50.4930
Best:
          R2_Score         : Train 0.9447, Val 0.9242, Test 0.9244
          RMSE             : Train 43.0005, Val 50.9048, Test 50.4132
Epoch 32: Loss:            : Train 0.0018, Val 0.0026, Test 0.0026
          R2_Score         : Train 0.9470, Val 0.9248, Test 0.9252
          RMSE             : Train 42.1173, Val 50.6957, Test 50.1736
Best:
          R2_Score         : Train 0.9470, Val 0.9248, Test 0.9252
          RMSE             : Train 42.1173, Val 50.6957, Test 50.1736
Epoch 33: Loss:            : Train 0.0018, Val 0.0027, Test 0.0027
          R2_Score         : Train 0.9476, Val 0.9229, Test 0.9212
          RMSE             : Train 41.8608, Val 51.3270, Test 51.4669
Best:
          R2_Score         : Train 0.9470, Val 0.9248, Test 0.9252
          RMSE             : Train 42.1173, Val 50.6957, Test 50.1736
Epoch 34: Loss:            : Train 0.0018, Val 0.0027, Test 0.0026
          R2_Score         : Train 0.9484, Val 0.9240, Test 0.9237
          RMSE             : Train 41.5323, Val 50.9717, Test 50.6466
Best:
          R2_Score         : Train 0.9470, Val 0.9248, Test 0.9252
          RMSE             : Train 42.1173, Val 50.6957, Test 50.1736
Epoch 35: Loss:            : Train 0.0017, Val 0.0027, Test 0.0026
          R2_Score         : Train 0.9494, Val 0.9226, Test 0.9232
          RMSE             : Train 41.1282, Val 51.4278, Test 50.8397
Best:
          R2_Score         : Train 0.9470, Val 0.9248, Test 0.9252
          RMSE             : Train 42.1173, Val 50.6957, Test 50.1736
Epoch 36: Loss:            : Train 0.0017, Val 0.0026, Test 0.0026
          R2_Score         : Train 0.9500, Val 0.9262, Test 0.9249
          RMSE             : Train 40.8795, Val 50.2171, Test 50.2418
Best:
          R2_Score         : Train 0.9500, Val 0.9262, Test 0.9249
          RMSE             : Train 40.8795, Val 50.2171, Test 50.2418
Epoch 37: Loss:            : Train 0.0017, Val 0.0027, Test 0.0026
          R2_Score         : Train 0.9506, Val 0.9237, Test 0.9230
          RMSE             : Train 40.6603, Val 51.0801, Test 50.8874
Best:
          R2_Score         : Train 0.9500, Val 0.9262, Test 0.9249
          RMSE             : Train 40.8795, Val 50.2171, Test 50.2418
Epoch 38: Loss:            : Train 0.0017, Val 0.0026, Test 0.0027
          R2_Score         : Train 0.9513, Val 0.9253, Test 0.9223
          RMSE             : Train 40.3515, Val 50.5461, Test 51.1285
Best:
          R2_Score         : Train 0.9500, Val 0.9262, Test 0.9249
          RMSE             : Train 40.8795, Val 50.2171, Test 50.2418
Epoch 39: Loss:            : Train 0.0016, Val 0.0027, Test 0.0026
          R2_Score         : Train 0.9519, Val 0.9236, Test 0.9235
          RMSE             : Train 40.1019, Val 51.1135, Test 50.7344
Best:
          R2_Score         : Train 0.9500, Val 0.9262, Test 0.9249
          RMSE             : Train 40.8795, Val 50.2171, Test 50.2418
Epoch 40: Loss:            : Train 0.0016, Val 0.0026, Test 0.0026
          R2_Score         : Train 0.9526, Val 0.9265, Test 0.9232
          RMSE             : Train 39.8177, Val 50.1325, Test 50.8320
Best:
          R2_Score         : Train 0.9526, Val 0.9265, Test 0.9232
          RMSE             : Train 39.8177, Val 50.1325, Test 50.8320
Epoch 41: Loss:            : Train 0.0016, Val 0.0026, Test 0.0026
          R2_Score         : Train 0.9525, Val 0.9262, Test 0.9254
          RMSE             : Train 39.8569, Val 50.2436, Test 50.0846
Best:
          R2_Score         : Train 0.9526, Val 0.9265, Test 0.9232
          RMSE             : Train 39.8177, Val 50.1325, Test 50.8320
Epoch 42: Loss:            : Train 0.0016, Val 0.0026, Test 0.0026
          R2_Score         : Train 0.9537, Val 0.9242, Test 0.9231
          RMSE             : Train 39.3477, Val 50.8968, Test 50.8592
Best:
          R2_Score         : Train 0.9526, Val 0.9265, Test 0.9232
          RMSE             : Train 39.8177, Val 50.1325, Test 50.8320
Epoch 43: Loss:            : Train 0.0016, Val 0.0026, Test 0.0026
          R2_Score         : Train 0.9546, Val 0.9249, Test 0.9240
          RMSE             : Train 38.9842, Val 50.6658, Test 50.5493
Best:
          R2_Score         : Train 0.9526, Val 0.9265, Test 0.9232
          RMSE             : Train 39.8177, Val 50.1325, Test 50.8320
Epoch 44: Loss:            : Train 0.0015, Val 0.0027, Test 0.0027
          R2_Score         : Train 0.9547, Val 0.9233, Test 0.9223
          RMSE             : Train 38.9103, Val 51.1985, Test 51.1155
Best:
          R2_Score         : Train 0.9526, Val 0.9265, Test 0.9232
          RMSE             : Train 39.8177, Val 50.1325, Test 50.8320
Epoch 45: Loss:            : Train 0.0015, Val 0.0027, Test 0.0026
          R2_Score         : Train 0.9552, Val 0.9236, Test 0.9238
          RMSE             : Train 38.7072, Val 51.1187, Test 50.6209
Best:
          R2_Score         : Train 0.9526, Val 0.9265, Test 0.9232
          RMSE             : Train 39.8177, Val 50.1325, Test 50.8320
Epoch 46: Loss:            : Train 0.0015, Val 0.0026, Test 0.0025
          R2_Score         : Train 0.9555, Val 0.9265, Test 0.9261
          RMSE             : Train 38.5814, Val 50.1420, Test 49.8439
Best:
          R2_Score         : Train 0.9526, Val 0.9265, Test 0.9232
          RMSE             : Train 39.8177, Val 50.1325, Test 50.8320
Epoch 47: Loss:            : Train 0.0015, Val 0.0025, Test 0.0025
          R2_Score         : Train 0.9557, Val 0.9279, Test 0.9262
          RMSE             : Train 38.4978, Val 49.6530, Test 49.8366
Best:
          R2_Score         : Train 0.9557, Val 0.9279, Test 0.9262
          RMSE             : Train 38.4978, Val 49.6530, Test 49.8366
Epoch 48: Loss:            : Train 0.0015, Val 0.0025, Test 0.0026
          R2_Score         : Train 0.9565, Val 0.9267, Test 0.9243
          RMSE             : Train 38.1281, Val 50.0420, Test 50.4623
Best:
          R2_Score         : Train 0.9557, Val 0.9279, Test 0.9262
          RMSE             : Train 38.4978, Val 49.6530, Test 49.8366
Epoch 49: Loss:            : Train 0.0015, Val 0.0026, Test 0.0025
          R2_Score         : Train 0.9568, Val 0.9273, Test 0.9271
          RMSE             : Train 38.0066, Val 49.8635, Test 49.5077
Best:
          R2_Score         : Train 0.9557, Val 0.9279, Test 0.9262
          RMSE             : Train 38.4978, Val 49.6530, Test 49.8366
Epoch 50: Loss:            : Train 0.0015, Val 0.0026, Test 0.0026
          R2_Score         : Train 0.9570, Val 0.9261, Test 0.9242
          RMSE             : Train 37.9230, Val 50.2758, Test 50.4906
Best:
          R2_Score         : Train 0.9557, Val 0.9279, Test 0.9262
          RMSE             : Train 38.4978, Val 49.6530, Test 49.8366
Epoch 51: Loss:            : Train 0.0015, Val 0.0026, Test 0.0025
          R2_Score         : Train 0.9574, Val 0.9272, Test 0.9261
          RMSE             : Train 37.7555, Val 49.8786, Test 49.8399
Best:
          R2_Score         : Train 0.9557, Val 0.9279, Test 0.9262
          RMSE             : Train 38.4978, Val 49.6530, Test 49.8366
Epoch 52: Loss:            : Train 0.0014, Val 0.0025, Test 0.0025
          R2_Score         : Train 0.9577, Val 0.9281, Test 0.9266
          RMSE             : Train 37.6323, Val 49.5760, Test 49.6902
Best:
          R2_Score         : Train 0.9577, Val 0.9281, Test 0.9266
          RMSE             : Train 37.6323, Val 49.5760, Test 49.6902
Epoch 53: Loss:            : Train 0.0014, Val 0.0025, Test 0.0025
          R2_Score         : Train 0.9584, Val 0.9281, Test 0.9266
          RMSE             : Train 37.2922, Val 49.5822, Test 49.6740
Best:
          R2_Score         : Train 0.9577, Val 0.9281, Test 0.9266
          RMSE             : Train 37.6323, Val 49.5760, Test 49.6902
Epoch 54: Loss:            : Train 0.0014, Val 0.0025, Test 0.0026
          R2_Score         : Train 0.9586, Val 0.9290, Test 0.9256
          RMSE             : Train 37.2244, Val 49.2711, Test 50.0073
Best:
          R2_Score         : Train 0.9586, Val 0.9290, Test 0.9256
          RMSE             : Train 37.2244, Val 49.2711, Test 50.0073
Epoch 55: Loss:            : Train 0.0014, Val 0.0025, Test 0.0025
          R2_Score         : Train 0.9590, Val 0.9272, Test 0.9274
          RMSE             : Train 37.0587, Val 49.8909, Test 49.3997
Best:
          R2_Score         : Train 0.9586, Val 0.9290, Test 0.9256
          RMSE             : Train 37.2244, Val 49.2711, Test 50.0073
Epoch 56: Loss:            : Train 0.0014, Val 0.0026, Test 0.0026
          R2_Score         : Train 0.9595, Val 0.9254, Test 0.9232
          RMSE             : Train 36.8264, Val 50.5144, Test 50.8152
Best:
          R2_Score         : Train 0.9586, Val 0.9290, Test 0.9256
          RMSE             : Train 37.2244, Val 49.2711, Test 50.0073
Epoch 57: Loss:            : Train 0.0014, Val 0.0024, Test 0.0024
          R2_Score         : Train 0.9594, Val 0.9300, Test 0.9288
          RMSE             : Train 36.8661, Val 48.9171, Test 48.9390
Best:
          R2_Score         : Train 0.9594, Val 0.9300, Test 0.9288
          RMSE             : Train 36.8661, Val 48.9171, Test 48.9390
Epoch 58: Loss:            : Train 0.0014, Val 0.0025, Test 0.0026
          R2_Score         : Train 0.9600, Val 0.9273, Test 0.9243
          RMSE             : Train 36.5620, Val 49.8557, Test 50.4582
Best:
          R2_Score         : Train 0.9594, Val 0.9300, Test 0.9288
          RMSE             : Train 36.8661, Val 48.9171, Test 48.9390
Epoch 59: Loss:            : Train 0.0014, Val 0.0026, Test 0.0026
          R2_Score         : Train 0.9603, Val 0.9258, Test 0.9248
          RMSE             : Train 36.4615, Val 50.3560, Test 50.2776
Best:
          R2_Score         : Train 0.9594, Val 0.9300, Test 0.9288
          RMSE             : Train 36.8661, Val 48.9171, Test 48.9390
Epoch 60: Loss:            : Train 0.0014, Val 0.0026, Test 0.0026
          R2_Score         : Train 0.9602, Val 0.9260, Test 0.9244
          RMSE             : Train 36.4818, Val 50.2832, Test 50.4165
Best:
          R2_Score         : Train 0.9594, Val 0.9300, Test 0.9288
          RMSE             : Train 36.8661, Val 48.9171, Test 48.9390
Epoch 61: Loss:            : Train 0.0013, Val 0.0026, Test 0.0026
          R2_Score         : Train 0.9608, Val 0.9261, Test 0.9256
          RMSE             : Train 36.2297, Val 50.2744, Test 50.0186
Best:
          R2_Score         : Train 0.9594, Val 0.9300, Test 0.9288
          RMSE             : Train 36.8661, Val 48.9171, Test 48.9390
Epoch 62: Loss:            : Train 0.0013, Val 0.0025, Test 0.0025
          R2_Score         : Train 0.9609, Val 0.9274, Test 0.9257
          RMSE             : Train 36.1589, Val 49.8055, Test 49.9724
Best:
          R2_Score         : Train 0.9594, Val 0.9300, Test 0.9288
          RMSE             : Train 36.8661, Val 48.9171, Test 48.9390
Epoch 63: Loss:            : Train 0.0013, Val 0.0026, Test 0.0026
          R2_Score         : Train 0.9614, Val 0.9252, Test 0.9234
          RMSE             : Train 35.9170, Val 50.5620, Test 50.7465
Best:
          R2_Score         : Train 0.9594, Val 0.9300, Test 0.9288
          RMSE             : Train 36.8661, Val 48.9171, Test 48.9390
Epoch 64: Loss:            : Train 0.0013, Val 0.0025, Test 0.0025
          R2_Score         : Train 0.9619, Val 0.9285, Test 0.9264
          RMSE             : Train 35.7213, Val 49.4446, Test 49.7371
Best:
          R2_Score         : Train 0.9594, Val 0.9300, Test 0.9288
          RMSE             : Train 36.8661, Val 48.9171, Test 48.9390
Epoch 65: Loss:            : Train 0.0013, Val 0.0026, Test 0.0026
          R2_Score         : Train 0.9619, Val 0.9267, Test 0.9256
          RMSE             : Train 35.7201, Val 50.0708, Test 50.0275
Best:
          R2_Score         : Train 0.9594, Val 0.9300, Test 0.9288
          RMSE             : Train 36.8661, Val 48.9171, Test 48.9390
Epoch 66: Loss:            : Train 0.0013, Val 0.0025, Test 0.0025
          R2_Score         : Train 0.9621, Val 0.9278, Test 0.9265
          RMSE             : Train 35.6163, Val 49.6940, Test 49.7124
Best:
          R2_Score         : Train 0.9594, Val 0.9300, Test 0.9288
          RMSE             : Train 36.8661, Val 48.9171, Test 48.9390
Epoch 67: Loss:            : Train 0.0013, Val 0.0026, Test 0.0026
          R2_Score         : Train 0.9627, Val 0.9251, Test 0.9239
          RMSE             : Train 35.3308, Val 50.6021, Test 50.5854
Best:
          R2_Score         : Train 0.9594, Val 0.9300, Test 0.9288
          RMSE             : Train 36.8661, Val 48.9171, Test 48.9390
Epoch 68: Loss:            : Train 0.0013, Val 0.0025, Test 0.0026
          R2_Score         : Train 0.9625, Val 0.9288, Test 0.9246
          RMSE             : Train 35.4425, Val 49.3408, Test 50.3723
Best:
          R2_Score         : Train 0.9594, Val 0.9300, Test 0.9288
          RMSE             : Train 36.8661, Val 48.9171, Test 48.9390
Epoch 69: Loss:            : Train 0.0013, Val 0.0026, Test 0.0025
          R2_Score         : Train 0.9620, Val 0.9252, Test 0.9260
          RMSE             : Train 35.6732, Val 50.5689, Test 49.9035
Best:
          R2_Score         : Train 0.9594, Val 0.9300, Test 0.9288
          RMSE             : Train 36.8661, Val 48.9171, Test 48.9390
Epoch 70: Loss:            : Train 0.0013, Val 0.0026, Test 0.0027
          R2_Score         : Train 0.9631, Val 0.9243, Test 0.9225
          RMSE             : Train 35.1331, Val 50.8675, Test 51.0483
Best:
          R2_Score         : Train 0.9594, Val 0.9300, Test 0.9288
          RMSE             : Train 36.8661, Val 48.9171, Test 48.9390
Epoch 71: Loss:            : Train 0.0012, Val 0.0025, Test 0.0025
          R2_Score         : Train 0.9636, Val 0.9267, Test 0.9262
          RMSE             : Train 34.9102, Val 50.0653, Test 49.8214
Best:
          R2_Score         : Train 0.9594, Val 0.9300, Test 0.9288
          RMSE             : Train 36.8661, Val 48.9171, Test 48.9390
Epoch 72: Loss:            : Train 0.0012, Val 0.0026, Test 0.0026
          R2_Score         : Train 0.9635, Val 0.9261, Test 0.9243
          RMSE             : Train 34.9540, Val 50.2667, Test 50.4589
Best:
          R2_Score         : Train 0.9594, Val 0.9300, Test 0.9288
          RMSE             : Train 36.8661, Val 48.9171, Test 48.9390
Epoch 73: Loss:            : Train 0.0012, Val 0.0025, Test 0.0025
          R2_Score         : Train 0.9636, Val 0.9274, Test 0.9261
          RMSE             : Train 34.8786, Val 49.8090, Test 49.8578
Best:
          R2_Score         : Train 0.9594, Val 0.9300, Test 0.9288
          RMSE             : Train 36.8661, Val 48.9171, Test 48.9390
Epoch 74: Loss:            : Train 0.0012, Val 0.0026, Test 0.0027
          R2_Score         : Train 0.9641, Val 0.9255, Test 0.9226
          RMSE             : Train 34.6706, Val 50.4570, Test 51.0059
Best:
          R2_Score         : Train 0.9594, Val 0.9300, Test 0.9288
          RMSE             : Train 36.8661, Val 48.9171, Test 48.9390
Epoch 75: Loss:            : Train 0.0012, Val 0.0025, Test 0.0025
          R2_Score         : Train 0.9640, Val 0.9291, Test 0.9278
          RMSE             : Train 34.7232, Val 49.2182, Test 49.2775
Best:
          R2_Score         : Train 0.9594, Val 0.9300, Test 0.9288
          RMSE             : Train 36.8661, Val 48.9171, Test 48.9390
Epoch 76: Loss:            : Train 0.0012, Val 0.0026, Test 0.0026
          R2_Score         : Train 0.9646, Val 0.9253, Test 0.9236
          RMSE             : Train 34.4308, Val 50.5367, Test 50.6794
Best:
          R2_Score         : Train 0.9594, Val 0.9300, Test 0.9288
          RMSE             : Train 36.8661, Val 48.9171, Test 48.9390
Epoch 77: Loss:            : Train 0.0012, Val 0.0026, Test 0.0026
          R2_Score         : Train 0.9644, Val 0.9254, Test 0.9235
          RMSE             : Train 34.5098, Val 50.5085, Test 50.7148
Best:
          R2_Score         : Train 0.9594, Val 0.9300, Test 0.9288
          RMSE             : Train 36.8661, Val 48.9171, Test 48.9390
Epoch 78: Loss:            : Train 0.0012, Val 0.0025, Test 0.0026
          R2_Score         : Train 0.9652, Val 0.9284, Test 0.9254
          RMSE             : Train 34.1077, Val 49.4735, Test 50.1065
Best:
          R2_Score         : Train 0.9594, Val 0.9300, Test 0.9288
          RMSE             : Train 36.8661, Val 48.9171, Test 48.9390
Epoch 79: Loss:            : Train 0.0012, Val 0.0025, Test 0.0025
          R2_Score         : Train 0.9653, Val 0.9285, Test 0.9282
          RMSE             : Train 34.0569, Val 49.4470, Test 49.1476
Best:
          R2_Score         : Train 0.9594, Val 0.9300, Test 0.9288
          RMSE             : Train 36.8661, Val 48.9171, Test 48.9390
Epoch 80: Loss:            : Train 0.0012, Val 0.0027, Test 0.0027
          R2_Score         : Train 0.9653, Val 0.9235, Test 0.9226
          RMSE             : Train 34.0656, Val 51.1545, Test 51.0115
Best:
          R2_Score         : Train 0.9594, Val 0.9300, Test 0.9288
          RMSE             : Train 36.8661, Val 48.9171, Test 48.9390
Epoch 81: Loss:            : Train 0.0012, Val 0.0025, Test 0.0025
          R2_Score         : Train 0.9654, Val 0.9290, Test 0.9273
          RMSE             : Train 34.0077, Val 49.2657, Test 49.4401
Best:
          R2_Score         : Train 0.9594, Val 0.9300, Test 0.9288
          RMSE             : Train 36.8661, Val 48.9171, Test 48.9390
Epoch 82: Loss:            : Train 0.0012, Val 0.0026, Test 0.0025
          R2_Score         : Train 0.9659, Val 0.9269, Test 0.9258
          RMSE             : Train 33.7909, Val 49.9892, Test 49.9457
Best:
          R2_Score         : Train 0.9594, Val 0.9300, Test 0.9288
          RMSE             : Train 36.8661, Val 48.9171, Test 48.9390
Epoch 83: Loss:            : Train 0.0012, Val 0.0026, Test 0.0026
          R2_Score         : Train 0.9658, Val 0.9252, Test 0.9233
          RMSE             : Train 33.8123, Val 50.5687, Test 50.7752
Best:
          R2_Score         : Train 0.9594, Val 0.9300, Test 0.9288
          RMSE             : Train 36.8661, Val 48.9171, Test 48.9390
Epoch 84: Loss:            : Train 0.0012, Val 0.0026, Test 0.0026
          R2_Score         : Train 0.9660, Val 0.9260, Test 0.9249
          RMSE             : Train 33.7118, Val 50.3119, Test 50.2715
Best:
          R2_Score         : Train 0.9594, Val 0.9300, Test 0.9288
          RMSE             : Train 36.8661, Val 48.9171, Test 48.9390
Epoch 85: Loss:            : Train 0.0012, Val 0.0025, Test 0.0025
          R2_Score         : Train 0.9663, Val 0.9283, Test 0.9273
          RMSE             : Train 33.5718, Val 49.5246, Test 49.4576
Best:
          R2_Score         : Train 0.9594, Val 0.9300, Test 0.9288
          RMSE             : Train 36.8661, Val 48.9171, Test 48.9390
Epoch 86: Loss:            : Train 0.0011, Val 0.0025, Test 0.0025
          R2_Score         : Train 0.9666, Val 0.9286, Test 0.9260
          RMSE             : Train 33.4248, Val 49.4044, Test 49.8917
Best:
          R2_Score         : Train 0.9594, Val 0.9300, Test 0.9288
          RMSE             : Train 36.8661, Val 48.9171, Test 48.9390
Epoch 87: Loss:            : Train 0.0011, Val 0.0025, Test 0.0025
          R2_Score         : Train 0.9668, Val 0.9279, Test 0.9261
          RMSE             : Train 33.3184, Val 49.6355, Test 49.8582
Best:
          R2_Score         : Train 0.9594, Val 0.9300, Test 0.9288
          RMSE             : Train 36.8661, Val 48.9171, Test 48.9390
Epoch 88: Loss:            : Train 0.0011, Val 0.0026, Test 0.0026
          R2_Score         : Train 0.9669, Val 0.9256, Test 0.9241
          RMSE             : Train 33.2701, Val 50.4372, Test 50.5321
Best:
          R2_Score         : Train 0.9594, Val 0.9300, Test 0.9288
          RMSE             : Train 36.8661, Val 48.9171, Test 48.9390
Epoch 89: Loss:            : Train 0.0011, Val 0.0025, Test 0.0026
          R2_Score         : Train 0.9670, Val 0.9278, Test 0.9257
          RMSE             : Train 33.2169, Val 49.6959, Test 49.9968
Best:
          R2_Score         : Train 0.9594, Val 0.9300, Test 0.9288
          RMSE             : Train 36.8661, Val 48.9171, Test 48.9390
Epoch 90: Loss:            : Train 0.0011, Val 0.0026, Test 0.0027
          R2_Score         : Train 0.9665, Val 0.9254, Test 0.9205
          RMSE             : Train 33.4993, Val 50.5088, Test 51.7019
Best:
          R2_Score         : Train 0.9594, Val 0.9300, Test 0.9288
          RMSE             : Train 36.8661, Val 48.9171, Test 48.9390
Epoch 91: Loss:            : Train 0.0011, Val 0.0026, Test 0.0026
          R2_Score         : Train 0.9675, Val 0.9265, Test 0.9256
          RMSE             : Train 32.9554, Val 50.1287, Test 50.0228
Best:
          R2_Score         : Train 0.9594, Val 0.9300, Test 0.9288
          RMSE             : Train 36.8661, Val 48.9171, Test 48.9390
Epoch 92: Loss:            : Train 0.0011, Val 0.0026, Test 0.0026
          R2_Score         : Train 0.9678, Val 0.9263, Test 0.9251
          RMSE             : Train 32.8117, Val 50.1793, Test 50.1825
Best:
          R2_Score         : Train 0.9594, Val 0.9300, Test 0.9288
          RMSE             : Train 36.8661, Val 48.9171, Test 48.9390
Epoch 93: Loss:            : Train 0.0011, Val 0.0025, Test 0.0026
          R2_Score         : Train 0.9678, Val 0.9291, Test 0.9256
          RMSE             : Train 32.8306, Val 49.2416, Test 50.0279
Best:
          R2_Score         : Train 0.9594, Val 0.9300, Test 0.9288
          RMSE             : Train 36.8661, Val 48.9171, Test 48.9390
Epoch 94: Loss:            : Train 0.0011, Val 0.0026, Test 0.0026
          R2_Score         : Train 0.9675, Val 0.9262, Test 0.9256
          RMSE             : Train 32.9929, Val 50.2431, Test 50.0214
Best:
          R2_Score         : Train 0.9594, Val 0.9300, Test 0.9288
          RMSE             : Train 36.8661, Val 48.9171, Test 48.9390
Epoch 95: Loss:            : Train 0.0011, Val 0.0025, Test 0.0025
          R2_Score         : Train 0.9674, Val 0.9291, Test 0.9258
          RMSE             : Train 33.0099, Val 49.2201, Test 49.9659
Best:
          R2_Score         : Train 0.9594, Val 0.9300, Test 0.9288
          RMSE             : Train 36.8661, Val 48.9171, Test 48.9390
Epoch 96: Loss:            : Train 0.0011, Val 0.0025, Test 0.0026
          R2_Score         : Train 0.9682, Val 0.9268, Test 0.9251
          RMSE             : Train 32.6286, Val 50.0210, Test 50.1937
Best:
          R2_Score         : Train 0.9594, Val 0.9300, Test 0.9288
          RMSE             : Train 36.8661, Val 48.9171, Test 48.9390
Epoch 97: Loss:            : Train 0.0011, Val 0.0025, Test 0.0026
          R2_Score         : Train 0.9676, Val 0.9276, Test 0.9249
          RMSE             : Train 32.8985, Val 49.7442, Test 50.2416
Best:
          R2_Score         : Train 0.9594, Val 0.9300, Test 0.9288
          RMSE             : Train 36.8661, Val 48.9171, Test 48.9390
Epoch 98: Loss:            : Train 0.0011, Val 0.0025, Test 0.0025
          R2_Score         : Train 0.9683, Val 0.9278, Test 0.9267
          RMSE             : Train 32.5905, Val 49.6670, Test 49.6402
Best:
          R2_Score         : Train 0.9594, Val 0.9300, Test 0.9288
          RMSE             : Train 36.8661, Val 48.9171, Test 48.9390
Epoch 99: Loss:            : Train 0.0011, Val 0.0026, Test 0.0026
          R2_Score         : Train 0.9684, Val 0.9265, Test 0.9250
          RMSE             : Train 32.5178, Val 50.1163, Test 50.2109
Best:
          R2_Score         : Train 0.9594, Val 0.9300, Test 0.9288
          RMSE             : Train 36.8661, Val 48.9171, Test 48.9390
Epoch 100: Loss:            : Train 0.0011, Val 0.0026, Test 0.0026
          R2_Score         : Train 0.9686, Val 0.9263, Test 0.9253
          RMSE             : Train 32.4178, Val 50.2063, Test 50.1205
Best:
          R2_Score         : Train 0.9594, Val 0.9300, Test 0.9288
          RMSE             : Train 36.8661, Val 48.9171, Test 48.9390
Training time (sec): 1891
