Loading house from data/beijing/house_clean.csv
Loading airbnb from data/beijing/airbnb_clean.csv
Current house columns Index(['cid', 'DOM', 'followers', 'square', 'livingRoom', 'drawingRoom',
       'kitchen', 'bathRoom', 'floor', 'constructionTime', 'ladderRatio',
       'elevator', 'fiveYearsProperty', 'subway', 'did_2', 'did_3', 'did_4',
       'did_5', 'did_6', 'did_7', 'did_8', 'did_9', 'did_10', 'did_11',
       'did_12', 'did_13', 'bt_2', 'bt_3', 'bt_4', 'rc_2', 'rc_3', 'rc_4',
       'bs_2', 'bs_3', 'bs_4', 'bs_5', 'bs_6', 'ty_2014', 'ty_2015', 'ty_2016',
       'ty_2017', 'ty_2018', 'tm_2', 'tm_3', 'tm_4', 'tm_5', 'tm_6', 'tm_7',
       'tm_8', 'tm_9', 'tm_10', 'tm_11', 'tm_12', 'lon', 'lat'],
      dtype='object')
Current airbnb columns Index(['lon', 'lat', 'price', 'minimum_nights', 'number_of_reviews',
       'reviews_per_month', 'calculated_host_listings_count',
       'availability_365', 'nbr_丰台区 ', 'nbr_大兴区 ', 'nbr_密云县 ', 'nbr_平谷区 ',
       'nbr_延庆县 ', 'nbr_怀柔区 ', 'nbr_房山区', 'nbr_昌平区', 'nbr_朝阳区 ', 'nbr_海淀区',
       'nbr_石景山区', 'nbr_西城区', 'nbr_通州区 ', 'nbr_门头沟区 ', 'nbr_顺义区 ',
       'rt_Private room', 'rt_Shared room'],
      dtype='object')
Loading data from cache
Done
Calculating noise scale
Adding noise of scale 0.0 to sim_scores
Adding noise of scale 0.0 to sim_scores
Adding noise of scale 0.0 to sim_scores
Filter dataset to top 40
Generating top 40 dataset
Generating top 40 dataset
Generating top 40 dataset
Generating top1 dataset
Generating top1 dataset
Generating top1 dataset
Preparing time (sec): 112
Loading data
Prepare for training
Start training
================================================================================
                                    Kernel Shape Output Shape  Params  \
Layer                                                                   
0_local_models.0.fc_layers.Linear_0    [53, 200]  [4096, 200]   10800   
1_local_models.0.fc_layers.Linear_1   [200, 100]  [4096, 100]   20100   
2_local_models.1.fc_layers.Linear_0    [23, 200]  [4096, 200]    4800   
3_local_models.1.fc_layers.Linear_1   [200, 100]  [4096, 100]   20100   
4_agg_model.fc_layers.Linear_0        [200, 100]  [4096, 100]   20100   
5_agg_model.fc_layers.Linear_1          [100, 1]    [4096, 1]     101   

                                     Mult-Adds  
Layer                                           
0_local_models.0.fc_layers.Linear_0      10600  
1_local_models.0.fc_layers.Linear_1      20000  
2_local_models.1.fc_layers.Linear_0       4600  
3_local_models.1.fc_layers.Linear_1      20000  
4_agg_model.fc_layers.Linear_0           20000  
5_agg_model.fc_layers.Linear_1             100  
--------------------------------------------------------------------------------
                      Totals
Total params           76001
Trainable params       76001
Non-trainable params       0
Mult-Adds              75300
================================================================================
n_classes=2
task=regression
model_name=beijing_top1sim_p_1E+00_2022-01-27-04-45-34
sche_threshold=0.0001
sche_patience=10
sche_factor=0.1
use_scheduler=False
num_workers=4
device=cuda:2
test_batch_size=4096
train_batch_size=4096
learning_rate=0.003
weight_decay=1e-05
num_epochs=50
model_save_path=ckp/beijing_top1sim_p_1E+00_2022-01-27-04-45-34.pth
test_rate=0.2
val_rate=0.1
multiprocess_context=fork
metrics=['r2_score', 'rmse']
metrics_f=[<metric.r2_score.R2Score object at 0x7f7d3030bdc0>, <metric.rmse.RMSE object at 0x7f7d3030beb0>]
hidden_sizes=[200, 100]
model=SplitNN(
  (agg_model): MLP(
    (fc_layers): ModuleList(
      (0): Linear(in_features=200, out_features=100, bias=True)
      (1): Linear(in_features=100, out_features=1, bias=True)
    )
  )
  (local_models): ModuleList(
    (0): MLP(
      (fc_layers): ModuleList(
        (0): Linear(in_features=53, out_features=200, bias=True)
        (1): Linear(in_features=200, out_features=100, bias=True)
      )
    )
    (1): MLP(
      (fc_layers): ModuleList(
        (0): Linear(in_features=23, out_features=200, bias=True)
        (1): Linear(in_features=200, out_features=100, bias=True)
      )
    )
  )
)
writer=<torch.utils.tensorboard.writer.SummaryWriter object at 0x7f7d3030ba00>
dataset_type=real
drop_key=True
num_common_features=2
tree_radius=0.01
tree_leaf_size=1000
knn_k=40
grid_min=-10.0
grid_max=10.0
grid_width=1.5
sim_scaler=StandardScaler()
filter_top_k=40
link_n_jobs=-1
psig_p=7
sim_leak_p=1.0
link_threshold_t=0.01
link_epsilon=0.03
n_hash_lsh=20
edit_distance_threshold=1
n_hash_func=10
collision_rate=0.05
qgram_q=2
link_delta=0.03
feature_wise_sim=False
blocking_method=knn
center_threshold=0.5
n_clusters=100
local_hidden_sizes=[[200], [200]]
cut_dims=[100, 100]
agg_hidden_sizes=[100]
scale_analysis=None
data1_shape=(141050, 55)
data2_shape=(27827, 25)
Epoch 1: Loss:            : Train 0.0000, Val 0.0281, Test 0.0286
          R2_Score         : Train -0.1026, Val 0.1639, Test 0.1625
          RMSE             : Train 192.0639, Val 169.0619, Test 167.8275
Best:
          R2_Score         : Train -0.1026, Val 0.1639, Test 0.1625
          RMSE             : Train 192.0639, Val 169.0619, Test 167.8275
Epoch 2: Loss:            : Train 0.0000, Val 0.0169, Test 0.0170
          R2_Score         : Train 0.3148, Val 0.5083, Test 0.5051
          RMSE             : Train 151.4060, Val 129.6464, Test 129.0160
Best:
          R2_Score         : Train 0.3148, Val 0.5083, Test 0.5051
          RMSE             : Train 151.4060, Val 129.6464, Test 129.0160
Epoch 3: Loss:            : Train 0.0000, Val 0.0110, Test 0.0108
          R2_Score         : Train 0.6137, Val 0.6866, Test 0.6848
          RMSE             : Train 113.6806, Val 103.5016, Test 102.9570
Best:
          R2_Score         : Train 0.6137, Val 0.6866, Test 0.6848
          RMSE             : Train 113.6806, Val 103.5016, Test 102.9570
Epoch 4: Loss:            : Train 0.0000, Val 0.0085, Test 0.0084
          R2_Score         : Train 0.7269, Val 0.7580, Test 0.7562
          RMSE             : Train 95.5869, Val 90.9486, Test 90.5494
Best:
          R2_Score         : Train 0.7269, Val 0.7580, Test 0.7562
          RMSE             : Train 95.5869, Val 90.9486, Test 90.5494
Epoch 5: Loss:            : Train 0.0000, Val 0.0073, Test 0.0071
          R2_Score         : Train 0.7766, Val 0.7953, Test 0.7935
          RMSE             : Train 86.4451, Val 83.6622, Test 83.3306
Best:
          R2_Score         : Train 0.7766, Val 0.7953, Test 0.7935
          RMSE             : Train 86.4451, Val 83.6622, Test 83.3306
Epoch 6: Loss:            : Train 0.0000, Val 0.0066, Test 0.0065
          R2_Score         : Train 0.8047, Val 0.8138, Test 0.8117
          RMSE             : Train 80.8240, Val 79.7750, Test 79.5819
Best:
          R2_Score         : Train 0.8047, Val 0.8138, Test 0.8117
          RMSE             : Train 80.8240, Val 79.7750, Test 79.5819
Epoch 7: Loss:            : Train 0.0000, Val 0.0062, Test 0.0061
          R2_Score         : Train 0.8212, Val 0.8230, Test 0.8234
          RMSE             : Train 77.3438, Val 77.7798, Test 77.0741
Best:
          R2_Score         : Train 0.8212, Val 0.8230, Test 0.8234
          RMSE             : Train 77.3438, Val 77.7798, Test 77.0741
Epoch 8: Loss:            : Train 0.0000, Val 0.0059, Test 0.0057
          R2_Score         : Train 0.8324, Val 0.8325, Test 0.8332
          RMSE             : Train 74.8812, Val 75.6666, Test 74.8952
Best:
          R2_Score         : Train 0.8324, Val 0.8325, Test 0.8332
          RMSE             : Train 74.8812, Val 75.6666, Test 74.8952
Epoch 9: Loss:            : Train 0.0000, Val 0.0058, Test 0.0056
          R2_Score         : Train 0.8396, Val 0.8343, Test 0.8356
          RMSE             : Train 73.2453, Val 75.2586, Test 74.3490
Best:
          R2_Score         : Train 0.8396, Val 0.8343, Test 0.8356
          RMSE             : Train 73.2453, Val 75.2586, Test 74.3490
Epoch 10: Loss:            : Train 0.0000, Val 0.0055, Test 0.0053
          R2_Score         : Train 0.8442, Val 0.8435, Test 0.8446
          RMSE             : Train 72.2058, Val 73.1387, Test 72.2846
Best:
          R2_Score         : Train 0.8442, Val 0.8435, Test 0.8446
          RMSE             : Train 72.2058, Val 73.1387, Test 72.2846
Epoch 11: Loss:            : Train 0.0000, Val 0.0054, Test 0.0053
          R2_Score         : Train 0.8505, Val 0.8454, Test 0.8461
          RMSE             : Train 70.7217, Val 72.7063, Test 71.9423
Best:
          R2_Score         : Train 0.8505, Val 0.8454, Test 0.8461
          RMSE             : Train 70.7217, Val 72.7063, Test 71.9423
Epoch 12: Loss:            : Train 0.0000, Val 0.0054, Test 0.0052
          R2_Score         : Train 0.8542, Val 0.8477, Test 0.8491
          RMSE             : Train 69.8506, Val 72.1526, Test 71.2326
Best:
          R2_Score         : Train 0.8542, Val 0.8477, Test 0.8491
          RMSE             : Train 69.8506, Val 72.1526, Test 71.2326
Epoch 13: Loss:            : Train 0.0000, Val 0.0053, Test 0.0051
          R2_Score         : Train 0.8566, Val 0.8510, Test 0.8518
          RMSE             : Train 69.2564, Val 71.3683, Test 70.6060
Best:
          R2_Score         : Train 0.8566, Val 0.8510, Test 0.8518
          RMSE             : Train 69.2564, Val 71.3683, Test 70.6060
Epoch 14: Loss:            : Train 0.0000, Val 0.0053, Test 0.0051
          R2_Score         : Train 0.8615, Val 0.8498, Test 0.8516
          RMSE             : Train 68.0624, Val 71.6510, Test 70.6421
Best:
          R2_Score         : Train 0.8566, Val 0.8510, Test 0.8518
          RMSE             : Train 69.2564, Val 71.3683, Test 70.6060
Epoch 15: Loss:            : Train 0.0000, Val 0.0049, Test 0.0047
          R2_Score         : Train 0.8647, Val 0.8622, Test 0.8630
          RMSE             : Train 67.2682, Val 68.6335, Test 67.8871
Best:
          R2_Score         : Train 0.8647, Val 0.8622, Test 0.8630
          RMSE             : Train 67.2682, Val 68.6335, Test 67.8871
Epoch 16: Loss:            : Train 0.0000, Val 0.0048, Test 0.0046
          R2_Score         : Train 0.8697, Val 0.8642, Test 0.8651
          RMSE             : Train 66.0350, Val 68.1472, Test 67.3536
Best:
          R2_Score         : Train 0.8697, Val 0.8642, Test 0.8651
          RMSE             : Train 66.0350, Val 68.1472, Test 67.3536
Epoch 17: Loss:            : Train 0.0000, Val 0.0050, Test 0.0048
          R2_Score         : Train 0.8699, Val 0.8595, Test 0.8599
          RMSE             : Train 65.9757, Val 69.2961, Test 68.6494
Best:
          R2_Score         : Train 0.8697, Val 0.8642, Test 0.8651
          RMSE             : Train 66.0350, Val 68.1472, Test 67.3536
Epoch 18: Loss:            : Train 0.0000, Val 0.0047, Test 0.0045
          R2_Score         : Train 0.8736, Val 0.8669, Test 0.8679
          RMSE             : Train 65.0335, Val 67.4463, Test 66.6605
Best:
          R2_Score         : Train 0.8736, Val 0.8669, Test 0.8679
          RMSE             : Train 65.0335, Val 67.4463, Test 66.6605
Epoch 19: Loss:            : Train 0.0000, Val 0.0048, Test 0.0046
          R2_Score         : Train 0.8785, Val 0.8646, Test 0.8660
          RMSE             : Train 63.7446, Val 68.0396, Test 67.1272
Best:
          R2_Score         : Train 0.8736, Val 0.8669, Test 0.8679
          RMSE             : Train 65.0335, Val 67.4463, Test 66.6605
Epoch 20: Loss:            : Train 0.0000, Val 0.0046, Test 0.0044
          R2_Score         : Train 0.8777, Val 0.8703, Test 0.8706
          RMSE             : Train 63.9673, Val 66.5820, Test 65.9734
Best:
          R2_Score         : Train 0.8777, Val 0.8703, Test 0.8706
          RMSE             : Train 63.9673, Val 66.5820, Test 65.9734
Epoch 21: Loss:            : Train 0.0000, Val 0.0045, Test 0.0043
          R2_Score         : Train 0.8803, Val 0.8721, Test 0.8738
          RMSE             : Train 63.2695, Val 66.1318, Test 65.1387
Best:
          R2_Score         : Train 0.8803, Val 0.8721, Test 0.8738
          RMSE             : Train 63.2695, Val 66.1318, Test 65.1387
Epoch 22: Loss:            : Train 0.0000, Val 0.0045, Test 0.0044
          R2_Score         : Train 0.8825, Val 0.8709, Test 0.8721
          RMSE             : Train 62.6898, Val 66.4221, Test 65.5817
Best:
          R2_Score         : Train 0.8803, Val 0.8721, Test 0.8738
          RMSE             : Train 63.2695, Val 66.1318, Test 65.1387
Epoch 23: Loss:            : Train 0.0000, Val 0.0045, Test 0.0043
          R2_Score         : Train 0.8862, Val 0.8725, Test 0.8741
          RMSE             : Train 61.6920, Val 66.0271, Test 65.0756
Best:
          R2_Score         : Train 0.8862, Val 0.8725, Test 0.8741
          RMSE             : Train 61.6920, Val 66.0271, Test 65.0756
Epoch 24: Loss:            : Train 0.0000, Val 0.0043, Test 0.0041
          R2_Score         : Train 0.8892, Val 0.8775, Test 0.8792
          RMSE             : Train 60.8845, Val 64.7196, Test 63.7355
Best:
          R2_Score         : Train 0.8892, Val 0.8775, Test 0.8792
          RMSE             : Train 60.8845, Val 64.7196, Test 63.7355
Epoch 25: Loss:            : Train 0.0000, Val 0.0048, Test 0.0046
          R2_Score         : Train 0.8903, Val 0.8647, Test 0.8645
          RMSE             : Train 60.5751, Val 68.0212, Test 67.5141
Best:
          R2_Score         : Train 0.8892, Val 0.8775, Test 0.8792
          RMSE             : Train 60.8845, Val 64.7196, Test 63.7355
Epoch 26: Loss:            : Train 0.0000, Val 0.0043, Test 0.0042
          R2_Score         : Train 0.8925, Val 0.8771, Test 0.8785
          RMSE             : Train 59.9626, Val 64.8244, Test 63.9328
Best:
          R2_Score         : Train 0.8892, Val 0.8775, Test 0.8792
          RMSE             : Train 60.8845, Val 64.7196, Test 63.7355
Epoch 27: Loss:            : Train 0.0000, Val 0.0042, Test 0.0040
          R2_Score         : Train 0.8908, Val 0.8809, Test 0.8825
          RMSE             : Train 60.4527, Val 63.8097, Test 62.8524
Best:
          R2_Score         : Train 0.8908, Val 0.8809, Test 0.8825
          RMSE             : Train 60.4527, Val 63.8097, Test 62.8524
Epoch 28: Loss:            : Train 0.0000, Val 0.0044, Test 0.0042
          R2_Score         : Train 0.8917, Val 0.8758, Test 0.8781
          RMSE             : Train 60.2003, Val 65.1592, Test 64.0195
Best:
          R2_Score         : Train 0.8908, Val 0.8809, Test 0.8825
          RMSE             : Train 60.4527, Val 63.8097, Test 62.8524
Epoch 29: Loss:            : Train 0.0000, Val 0.0042, Test 0.0039
          R2_Score         : Train 0.8971, Val 0.8827, Test 0.8855
          RMSE             : Train 58.6758, Val 63.3295, Test 62.0641
Best:
          R2_Score         : Train 0.8971, Val 0.8827, Test 0.8855
          RMSE             : Train 58.6758, Val 63.3295, Test 62.0641
Epoch 30: Loss:            : Train 0.0000, Val 0.0041, Test 0.0039
          R2_Score         : Train 0.8994, Val 0.8854, Test 0.8864
          RMSE             : Train 58.0271, Val 62.5968, Test 61.8016
Best:
          R2_Score         : Train 0.8994, Val 0.8854, Test 0.8864
          RMSE             : Train 58.0271, Val 62.5968, Test 61.8016
Epoch 31: Loss:            : Train 0.0000, Val 0.0046, Test 0.0044
          R2_Score         : Train 0.9007, Val 0.8708, Test 0.8727
          RMSE             : Train 57.6481, Val 66.4573, Test 65.4439
Best:
          R2_Score         : Train 0.8994, Val 0.8854, Test 0.8864
          RMSE             : Train 58.0271, Val 62.5968, Test 61.8016
Epoch 32: Loss:            : Train 0.0000, Val 0.0041, Test 0.0039
          R2_Score         : Train 0.8968, Val 0.8828, Test 0.8852
          RMSE             : Train 58.7671, Val 63.2840, Test 62.1367
Best:
          R2_Score         : Train 0.8994, Val 0.8854, Test 0.8864
          RMSE             : Train 58.0271, Val 62.5968, Test 61.8016
Epoch 33: Loss:            : Train 0.0000, Val 0.0042, Test 0.0040
          R2_Score         : Train 0.9027, Val 0.8817, Test 0.8844
          RMSE             : Train 57.0621, Val 63.5835, Test 62.3641
Best:
          R2_Score         : Train 0.8994, Val 0.8854, Test 0.8864
          RMSE             : Train 58.0271, Val 62.5968, Test 61.8016
Epoch 34: Loss:            : Train 0.0000, Val 0.0040, Test 0.0038
          R2_Score         : Train 0.9014, Val 0.8878, Test 0.8893
          RMSE             : Train 57.4367, Val 61.9242, Test 61.0104
Best:
          R2_Score         : Train 0.9014, Val 0.8878, Test 0.8893
          RMSE             : Train 57.4367, Val 61.9242, Test 61.0104
Epoch 35: Loss:            : Train 0.0000, Val 0.0039, Test 0.0038
          R2_Score         : Train 0.9051, Val 0.8887, Test 0.8903
          RMSE             : Train 56.3508, Val 61.6848, Test 60.7521
Best:
          R2_Score         : Train 0.9051, Val 0.8887, Test 0.8903
          RMSE             : Train 56.3508, Val 61.6848, Test 60.7521
Epoch 36: Loss:            : Train 0.0000, Val 0.0040, Test 0.0038
          R2_Score         : Train 0.9078, Val 0.8867, Test 0.8882
          RMSE             : Train 55.5312, Val 62.2323, Test 61.3127
Best:
          R2_Score         : Train 0.9051, Val 0.8887, Test 0.8903
          RMSE             : Train 56.3508, Val 61.6848, Test 60.7521
Epoch 37: Loss:            : Train 0.0000, Val 0.0040, Test 0.0038
          R2_Score         : Train 0.9090, Val 0.8858, Test 0.8877
          RMSE             : Train 55.1696, Val 62.4842, Test 61.4540
Best:
          R2_Score         : Train 0.9051, Val 0.8887, Test 0.8903
          RMSE             : Train 56.3508, Val 61.6848, Test 60.7521
Epoch 38: Loss:            : Train 0.0000, Val 0.0039, Test 0.0037
          R2_Score         : Train 0.9038, Val 0.8894, Test 0.8907
          RMSE             : Train 56.7212, Val 61.4919, Test 60.6330
Best:
          R2_Score         : Train 0.9038, Val 0.8894, Test 0.8907
          RMSE             : Train 56.7212, Val 61.4919, Test 60.6330
Epoch 39: Loss:            : Train 0.0000, Val 0.0039, Test 0.0038
          R2_Score         : Train 0.9095, Val 0.8881, Test 0.8888
          RMSE             : Train 55.0321, Val 61.8410, Test 61.1663
Best:
          R2_Score         : Train 0.9038, Val 0.8894, Test 0.8907
          RMSE             : Train 56.7212, Val 61.4919, Test 60.6330
Epoch 40: Loss:            : Train 0.0000, Val 0.0038, Test 0.0036
          R2_Score         : Train 0.9062, Val 0.8926, Test 0.8946
          RMSE             : Train 56.0127, Val 60.5860, Test 59.5368
Best:
          R2_Score         : Train 0.9062, Val 0.8926, Test 0.8946
          RMSE             : Train 56.0127, Val 60.5860, Test 59.5368
Epoch 41: Loss:            : Train 0.0000, Val 0.0038, Test 0.0036
          R2_Score         : Train 0.9079, Val 0.8938, Test 0.8954
          RMSE             : Train 55.5052, Val 60.2577, Test 59.3065
Best:
          R2_Score         : Train 0.9079, Val 0.8938, Test 0.8954
          RMSE             : Train 55.5052, Val 60.2577, Test 59.3065
Epoch 42: Loss:            : Train 0.0000, Val 0.0039, Test 0.0037
          R2_Score         : Train 0.9127, Val 0.8903, Test 0.8924
          RMSE             : Train 54.0570, Val 61.2374, Test 60.1531
Best:
          R2_Score         : Train 0.9079, Val 0.8938, Test 0.8954
          RMSE             : Train 55.5052, Val 60.2577, Test 59.3065
Epoch 43: Loss:            : Train 0.0000, Val 0.0038, Test 0.0036
          R2_Score         : Train 0.9139, Val 0.8917, Test 0.8940
          RMSE             : Train 53.6788, Val 60.8356, Test 59.6950
Best:
          R2_Score         : Train 0.9079, Val 0.8938, Test 0.8954
          RMSE             : Train 55.5052, Val 60.2577, Test 59.3065
Epoch 44: Loss:            : Train 0.0000, Val 0.0038, Test 0.0036
          R2_Score         : Train 0.9130, Val 0.8918, Test 0.8938
          RMSE             : Train 53.9364, Val 60.8084, Test 59.7731
Best:
          R2_Score         : Train 0.9079, Val 0.8938, Test 0.8954
          RMSE             : Train 55.5052, Val 60.2577, Test 59.3065
Epoch 45: Loss:            : Train 0.0000, Val 0.0039, Test 0.0037
          R2_Score         : Train 0.9152, Val 0.8910, Test 0.8918
          RMSE             : Train 53.2627, Val 61.0366, Test 60.3200
Best:
          R2_Score         : Train 0.9079, Val 0.8938, Test 0.8954
          RMSE             : Train 55.5052, Val 60.2577, Test 59.3065
Epoch 46: Loss:            : Train 0.0000, Val 0.0037, Test 0.0035
          R2_Score         : Train 0.9125, Val 0.8961, Test 0.8987
          RMSE             : Train 54.1144, Val 59.6106, Test 58.3835
Best:
          R2_Score         : Train 0.9125, Val 0.8961, Test 0.8987
          RMSE             : Train 54.1144, Val 59.6106, Test 58.3835
Epoch 47: Loss:            : Train 0.0000, Val 0.0037, Test 0.0035
          R2_Score         : Train 0.9172, Val 0.8964, Test 0.8973
          RMSE             : Train 52.6434, Val 59.5105, Test 58.7618
Best:
          R2_Score         : Train 0.9172, Val 0.8964, Test 0.8973
          RMSE             : Train 52.6434, Val 59.5105, Test 58.7618
Epoch 48: Loss:            : Train 0.0000, Val 0.0037, Test 0.0035
          R2_Score         : Train 0.9188, Val 0.8951, Test 0.8971
          RMSE             : Train 52.1336, Val 59.8742, Test 58.8350
Best:
          R2_Score         : Train 0.9172, Val 0.8964, Test 0.8973
          RMSE             : Train 52.6434, Val 59.5105, Test 58.7618
Epoch 49: Loss:            : Train 0.0000, Val 0.0037, Test 0.0035
          R2_Score         : Train 0.9185, Val 0.8964, Test 0.8986
          RMSE             : Train 52.2062, Val 59.5174, Test 58.4103
Best:
          R2_Score         : Train 0.9172, Val 0.8964, Test 0.8973
          RMSE             : Train 52.6434, Val 59.5105, Test 58.7618
Epoch 50: Loss:            : Train 0.0000, Val 0.0039, Test 0.0037
          R2_Score         : Train 0.9197, Val 0.8908, Test 0.8919
          RMSE             : Train 51.8281, Val 61.1080, Test 60.2976
Best:
          R2_Score         : Train 0.9172, Val 0.8964, Test 0.8973
          RMSE             : Train 52.6434, Val 59.5105, Test 58.7618
Training time (sec): 92
