Loading house from data/beijing/house_clean.csv
Loading airbnb from data/beijing/airbnb_clean.csv
Current house columns Index(['cid', 'DOM', 'followers', 'square', 'livingRoom', 'drawingRoom',
       'kitchen', 'bathRoom', 'floor', 'constructionTime', 'ladderRatio',
       'elevator', 'fiveYearsProperty', 'subway', 'did_2', 'did_3', 'did_4',
       'did_5', 'did_6', 'did_7', 'did_8', 'did_9', 'did_10', 'did_11',
       'did_12', 'did_13', 'bt_2', 'bt_3', 'bt_4', 'rc_2', 'rc_3', 'rc_4',
       'bs_2', 'bs_3', 'bs_4', 'bs_5', 'bs_6', 'ty_2014', 'ty_2015', 'ty_2016',
       'ty_2017', 'ty_2018', 'tm_2', 'tm_3', 'tm_4', 'tm_5', 'tm_6', 'tm_7',
       'tm_8', 'tm_9', 'tm_10', 'tm_11', 'tm_12', 'lon', 'lat'],
      dtype='object')
Current airbnb columns Index(['lon', 'lat', 'price', 'minimum_nights', 'number_of_reviews',
       'reviews_per_month', 'calculated_host_listings_count',
       'availability_365', 'nbr_丰台区 ', 'nbr_大兴区 ', 'nbr_密云县 ', 'nbr_平谷区 ',
       'nbr_延庆县 ', 'nbr_怀柔区 ', 'nbr_房山区', 'nbr_昌平区', 'nbr_朝阳区 ', 'nbr_海淀区',
       'nbr_石景山区', 'nbr_西城区', 'nbr_通州区 ', 'nbr_门头沟区 ', 'nbr_顺义区 ',
       'rt_Private room', 'rt_Shared room'],
      dtype='object')
Loading data from cache
Done
Calculating noise scale
Adding noise of scale 0.0 to sim_scores
Adding noise of scale 0.0 to sim_scores
Adding noise of scale 0.0 to sim_scores
Filter dataset to top 80
Generating top 80 dataset
Generating top 80 dataset
Generating top 80 dataset
Generating top1 dataset
Generating top1 dataset
Generating top1 dataset
Preparing time (sec): 75
Loading data
Prepare for training
Start training
================================================================================
                                    Kernel Shape Output Shape  Params  \
Layer                                                                   
0_local_models.0.fc_layers.Linear_0    [53, 200]  [4096, 200]   10800   
1_local_models.0.fc_layers.Linear_1   [200, 100]  [4096, 100]   20100   
2_local_models.1.fc_layers.Linear_0    [23, 200]  [4096, 200]    4800   
3_local_models.1.fc_layers.Linear_1   [200, 100]  [4096, 100]   20100   
4_agg_model.fc_layers.Linear_0        [200, 100]  [4096, 100]   20100   
5_agg_model.fc_layers.Linear_1          [100, 1]    [4096, 1]     101   

                                     Mult-Adds  
Layer                                           
0_local_models.0.fc_layers.Linear_0      10600  
1_local_models.0.fc_layers.Linear_1      20000  
2_local_models.1.fc_layers.Linear_0       4600  
3_local_models.1.fc_layers.Linear_1      20000  
4_agg_model.fc_layers.Linear_0           20000  
5_agg_model.fc_layers.Linear_1             100  
--------------------------------------------------------------------------------
                      Totals
Total params           76001
Trainable params       76001
Non-trainable params       0
Mult-Adds              75300
================================================================================
n_classes=2
task=regression
model_name=beijing_top1sim_p_1E+00_2022-01-30-12-27-31
sche_threshold=0.0001
sche_patience=10
sche_factor=0.1
use_scheduler=False
num_workers=4
device=cuda:3
test_batch_size=4096
train_batch_size=4096
learning_rate=0.003
weight_decay=1e-05
num_epochs=50
model_save_path=ckp/beijing_top1sim_p_1E+00_2022-01-30-12-27-31.pth
test_rate=0.2
val_rate=0.1
multiprocess_context=fork
metrics=['r2_score', 'rmse']
metrics_f=[<metric.r2_score.R2Score object at 0x7f1c206dc910>, <metric.rmse.RMSE object at 0x7f1c206dcd90>]
hidden_sizes=[200, 100]
model=SplitNN(
  (agg_model): MLP(
    (fc_layers): ModuleList(
      (0): Linear(in_features=200, out_features=100, bias=True)
      (1): Linear(in_features=100, out_features=1, bias=True)
    )
  )
  (local_models): ModuleList(
    (0): MLP(
      (fc_layers): ModuleList(
        (0): Linear(in_features=53, out_features=200, bias=True)
        (1): Linear(in_features=200, out_features=100, bias=True)
      )
    )
    (1): MLP(
      (fc_layers): ModuleList(
        (0): Linear(in_features=23, out_features=200, bias=True)
        (1): Linear(in_features=200, out_features=100, bias=True)
      )
    )
  )
)
writer=<torch.utils.tensorboard.writer.SummaryWriter object at 0x7f1c206dc820>
dataset_type=real
drop_key=True
num_common_features=2
tree_radius=0.01
tree_leaf_size=1000
knn_k=80
grid_min=-10.0
grid_max=10.0
grid_width=1.5
sim_scaler=StandardScaler()
filter_top_k=80
link_n_jobs=-1
psig_p=7
sim_leak_p=1.0
link_threshold_t=0.01
link_epsilon=0.03
n_hash_lsh=20
edit_distance_threshold=1
n_hash_func=10
collision_rate=0.05
qgram_q=2
link_delta=0.03
feature_wise_sim=False
blocking_method=knn
center_threshold=0.5
n_clusters=100
local_hidden_sizes=[[200], [200]]
cut_dims=[100, 100]
agg_hidden_sizes=[100]
scale_analysis=None
data1_shape=(141050, 55)
data2_shape=(27827, 25)
Epoch 1: Loss:            : Train 0.0000, Val 0.0299, Test 0.0302
          R2_Score         : Train -0.1877, Val 0.1208, Test 0.1171
          RMSE             : Train 199.3377, Val 173.3710, Test 172.3223
Best:
          R2_Score         : Train -0.1877, Val 0.1208, Test 0.1171
          RMSE             : Train 199.3377, Val 173.3710, Test 172.3223
Epoch 2: Loss:            : Train 0.0000, Val 0.0196, Test 0.0197
          R2_Score         : Train 0.2457, Val 0.4278, Test 0.4265
          RMSE             : Train 158.8577, Val 139.8637, Test 138.8835
Best:
          R2_Score         : Train 0.2457, Val 0.4278, Test 0.4265
          RMSE             : Train 158.8577, Val 139.8637, Test 138.8835
Epoch 3: Loss:            : Train 0.0000, Val 0.0120, Test 0.0118
          R2_Score         : Train 0.5626, Val 0.6564, Test 0.6550
          RMSE             : Train 120.9685, Val 108.3818, Test 107.7259
Best:
          R2_Score         : Train 0.5626, Val 0.6564, Test 0.6550
          RMSE             : Train 120.9685, Val 108.3818, Test 107.7259
Epoch 4: Loss:            : Train 0.0000, Val 0.0090, Test 0.0089
          R2_Score         : Train 0.7048, Val 0.7450, Test 0.7422
          RMSE             : Train 99.3830, Val 93.3644, Test 93.1191
Best:
          R2_Score         : Train 0.7048, Val 0.7450, Test 0.7422
          RMSE             : Train 99.3830, Val 93.3644, Test 93.1191
Epoch 5: Loss:            : Train 0.0000, Val 0.0075, Test 0.0074
          R2_Score         : Train 0.7682, Val 0.7873, Test 0.7852
          RMSE             : Train 88.0615, Val 85.2696, Test 84.9897
Best:
          R2_Score         : Train 0.7682, Val 0.7873, Test 0.7852
          RMSE             : Train 88.0615, Val 85.2696, Test 84.9897
Epoch 6: Loss:            : Train 0.0000, Val 0.0067, Test 0.0066
          R2_Score         : Train 0.8024, Val 0.8093, Test 0.8091
          RMSE             : Train 81.3098, Val 80.7358, Test 80.1280
Best:
          R2_Score         : Train 0.8024, Val 0.8093, Test 0.8091
          RMSE             : Train 81.3098, Val 80.7358, Test 80.1280
Epoch 7: Loss:            : Train 0.0000, Val 0.0063, Test 0.0061
          R2_Score         : Train 0.8173, Val 0.8218, Test 0.8221
          RMSE             : Train 78.1855, Val 78.0402, Test 77.3612
Best:
          R2_Score         : Train 0.8173, Val 0.8218, Test 0.8221
          RMSE             : Train 78.1855, Val 78.0402, Test 77.3612
Epoch 8: Loss:            : Train 0.0000, Val 0.0061, Test 0.0059
          R2_Score         : Train 0.8280, Val 0.8269, Test 0.8286
          RMSE             : Train 75.8644, Val 76.9146, Test 75.9191
Best:
          R2_Score         : Train 0.8280, Val 0.8269, Test 0.8286
          RMSE             : Train 75.8644, Val 76.9146, Test 75.9191
Epoch 9: Loss:            : Train 0.0000, Val 0.0059, Test 0.0057
          R2_Score         : Train 0.8363, Val 0.8319, Test 0.8334
          RMSE             : Train 74.0064, Val 75.8102, Test 74.8633
Best:
          R2_Score         : Train 0.8363, Val 0.8319, Test 0.8334
          RMSE             : Train 74.0064, Val 75.8102, Test 74.8633
Epoch 10: Loss:            : Train 0.0000, Val 0.0058, Test 0.0056
          R2_Score         : Train 0.8401, Val 0.8353, Test 0.8375
          RMSE             : Train 73.1338, Val 75.0320, Test 73.9263
Best:
          R2_Score         : Train 0.8401, Val 0.8353, Test 0.8375
          RMSE             : Train 73.1338, Val 75.0320, Test 73.9263
Epoch 11: Loss:            : Train 0.0000, Val 0.0055, Test 0.0053
          R2_Score         : Train 0.8458, Val 0.8441, Test 0.8457
          RMSE             : Train 71.8271, Val 72.9936, Test 72.0416
Best:
          R2_Score         : Train 0.8458, Val 0.8441, Test 0.8457
          RMSE             : Train 71.8271, Val 72.9936, Test 72.0416
Epoch 12: Loss:            : Train 0.0000, Val 0.0056, Test 0.0054
          R2_Score         : Train 0.8504, Val 0.8402, Test 0.8425
          RMSE             : Train 70.7454, Val 73.9131, Test 72.7854
Best:
          R2_Score         : Train 0.8458, Val 0.8441, Test 0.8457
          RMSE             : Train 71.8271, Val 72.9936, Test 72.0416
Epoch 13: Loss:            : Train 0.0000, Val 0.0052, Test 0.0051
          R2_Score         : Train 0.8549, Val 0.8518, Test 0.8524
          RMSE             : Train 69.6718, Val 71.1870, Test 70.4548
Best:
          R2_Score         : Train 0.8549, Val 0.8518, Test 0.8524
          RMSE             : Train 69.6718, Val 71.1870, Test 70.4548
Epoch 14: Loss:            : Train 0.0000, Val 0.0053, Test 0.0052
          R2_Score         : Train 0.8586, Val 0.8486, Test 0.8493
          RMSE             : Train 68.7695, Val 71.9534, Test 71.1914
Best:
          R2_Score         : Train 0.8549, Val 0.8518, Test 0.8524
          RMSE             : Train 69.6718, Val 71.1870, Test 70.4548
Epoch 15: Loss:            : Train 0.0000, Val 0.0052, Test 0.0050
          R2_Score         : Train 0.8612, Val 0.8528, Test 0.8539
          RMSE             : Train 68.1472, Val 70.9384, Test 70.0985
Best:
          R2_Score         : Train 0.8612, Val 0.8528, Test 0.8539
          RMSE             : Train 68.1472, Val 70.9384, Test 70.0985
Epoch 16: Loss:            : Train 0.0000, Val 0.0049, Test 0.0048
          R2_Score         : Train 0.8645, Val 0.8605, Test 0.8613
          RMSE             : Train 67.3315, Val 69.0611, Test 68.2993
Best:
          R2_Score         : Train 0.8645, Val 0.8605, Test 0.8613
          RMSE             : Train 67.3315, Val 69.0611, Test 68.2993
Epoch 17: Loss:            : Train 0.0000, Val 0.0049, Test 0.0047
          R2_Score         : Train 0.8699, Val 0.8594, Test 0.8626
          RMSE             : Train 65.9732, Val 69.3247, Test 67.9840
Best:
          R2_Score         : Train 0.8645, Val 0.8605, Test 0.8613
          RMSE             : Train 67.3315, Val 69.0611, Test 68.2993
Epoch 18: Loss:            : Train 0.0000, Val 0.0049, Test 0.0047
          R2_Score         : Train 0.8726, Val 0.8628, Test 0.8642
          RMSE             : Train 65.2858, Val 68.4854, Test 67.5781
Best:
          R2_Score         : Train 0.8726, Val 0.8628, Test 0.8642
          RMSE             : Train 65.2858, Val 68.4854, Test 67.5781
Epoch 19: Loss:            : Train 0.0000, Val 0.0047, Test 0.0045
          R2_Score         : Train 0.8758, Val 0.8684, Test 0.8700
          RMSE             : Train 64.4711, Val 67.0856, Test 66.1243
Best:
          R2_Score         : Train 0.8758, Val 0.8684, Test 0.8700
          RMSE             : Train 64.4711, Val 67.0856, Test 66.1243
Epoch 20: Loss:            : Train 0.0000, Val 0.0047, Test 0.0045
          R2_Score         : Train 0.8787, Val 0.8676, Test 0.8698
          RMSE             : Train 63.7124, Val 67.2734, Test 66.1755
Best:
          R2_Score         : Train 0.8758, Val 0.8684, Test 0.8700
          RMSE             : Train 64.4711, Val 67.0856, Test 66.1243
Epoch 21: Loss:            : Train 0.0000, Val 0.0046, Test 0.0044
          R2_Score         : Train 0.8817, Val 0.8695, Test 0.8716
          RMSE             : Train 62.9231, Val 66.7894, Test 65.7035
Best:
          R2_Score         : Train 0.8817, Val 0.8695, Test 0.8716
          RMSE             : Train 62.9231, Val 66.7894, Test 65.7035
Epoch 22: Loss:            : Train 0.0000, Val 0.0045, Test 0.0043
          R2_Score         : Train 0.8834, Val 0.8740, Test 0.8750
          RMSE             : Train 62.4549, Val 65.6298, Test 64.8447
Best:
          R2_Score         : Train 0.8834, Val 0.8740, Test 0.8750
          RMSE             : Train 62.4549, Val 65.6298, Test 64.8447
Epoch 23: Loss:            : Train 0.0000, Val 0.0046, Test 0.0044
          R2_Score         : Train 0.8854, Val 0.8695, Test 0.8717
          RMSE             : Train 61.9073, Val 66.7920, Test 65.7003
Best:
          R2_Score         : Train 0.8834, Val 0.8740, Test 0.8750
          RMSE             : Train 62.4549, Val 65.6298, Test 64.8447
Epoch 24: Loss:            : Train 0.0000, Val 0.0044, Test 0.0042
          R2_Score         : Train 0.8835, Val 0.8759, Test 0.8769
          RMSE             : Train 62.4332, Val 65.1449, Test 64.3327
Best:
          R2_Score         : Train 0.8835, Val 0.8759, Test 0.8769
          RMSE             : Train 62.4332, Val 65.1449, Test 64.3327
Epoch 25: Loss:            : Train 0.0000, Val 0.0048, Test 0.0045
          R2_Score         : Train 0.8849, Val 0.8658, Test 0.8674
          RMSE             : Train 62.0559, Val 67.7207, Test 66.7715
Best:
          R2_Score         : Train 0.8835, Val 0.8759, Test 0.8769
          RMSE             : Train 62.4332, Val 65.1449, Test 64.3327
Epoch 26: Loss:            : Train 0.0000, Val 0.0043, Test 0.0041
          R2_Score         : Train 0.8896, Val 0.8791, Test 0.8803
          RMSE             : Train 60.7811, Val 64.2761, Test 63.4383
Best:
          R2_Score         : Train 0.8896, Val 0.8791, Test 0.8803
          RMSE             : Train 60.7811, Val 64.2761, Test 63.4383
Epoch 27: Loss:            : Train 0.0000, Val 0.0046, Test 0.0044
          R2_Score         : Train 0.8921, Val 0.8710, Test 0.8731
          RMSE             : Train 60.0953, Val 66.4042, Test 65.3198
Best:
          R2_Score         : Train 0.8896, Val 0.8791, Test 0.8803
          RMSE             : Train 60.7811, Val 64.2761, Test 63.4383
Epoch 28: Loss:            : Train 0.0000, Val 0.0042, Test 0.0040
          R2_Score         : Train 0.8897, Val 0.8807, Test 0.8821
          RMSE             : Train 60.7426, Val 63.8696, Test 62.9767
Best:
          R2_Score         : Train 0.8897, Val 0.8807, Test 0.8821
          RMSE             : Train 60.7426, Val 63.8696, Test 62.9767
Epoch 29: Loss:            : Train 0.0000, Val 0.0042, Test 0.0040
          R2_Score         : Train 0.8949, Val 0.8808, Test 0.8832
          RMSE             : Train 59.2983, Val 63.8238, Test 62.6826
Best:
          R2_Score         : Train 0.8949, Val 0.8808, Test 0.8832
          RMSE             : Train 59.2983, Val 63.8238, Test 62.6826
Epoch 30: Loss:            : Train 0.0000, Val 0.0042, Test 0.0040
          R2_Score         : Train 0.8961, Val 0.8824, Test 0.8848
          RMSE             : Train 58.9555, Val 63.4187, Test 62.2482
Best:
          R2_Score         : Train 0.8961, Val 0.8824, Test 0.8848
          RMSE             : Train 58.9555, Val 63.4187, Test 62.2482
Epoch 31: Loss:            : Train 0.0000, Val 0.0041, Test 0.0038
          R2_Score         : Train 0.8993, Val 0.8849, Test 0.8879
          RMSE             : Train 58.0565, Val 62.7191, Test 61.4112
Best:
          R2_Score         : Train 0.8993, Val 0.8849, Test 0.8879
          RMSE             : Train 58.0565, Val 62.7191, Test 61.4112
Epoch 32: Loss:            : Train 0.0000, Val 0.0043, Test 0.0041
          R2_Score         : Train 0.8960, Val 0.8795, Test 0.8820
          RMSE             : Train 58.9765, Val 64.1951, Test 62.9988
Best:
          R2_Score         : Train 0.8993, Val 0.8849, Test 0.8879
          RMSE             : Train 58.0565, Val 62.7191, Test 61.4112
Epoch 33: Loss:            : Train 0.0000, Val 0.0044, Test 0.0042
          R2_Score         : Train 0.8972, Val 0.8743, Test 0.8764
          RMSE             : Train 58.6586, Val 65.5589, Test 64.4750
Best:
          R2_Score         : Train 0.8993, Val 0.8849, Test 0.8879
          RMSE             : Train 58.0565, Val 62.7191, Test 61.4112
Epoch 34: Loss:            : Train 0.0000, Val 0.0040, Test 0.0038
          R2_Score         : Train 0.8995, Val 0.8883, Test 0.8903
          RMSE             : Train 57.9856, Val 61.7839, Test 60.7365
Best:
          R2_Score         : Train 0.8995, Val 0.8883, Test 0.8903
          RMSE             : Train 57.9856, Val 61.7839, Test 60.7365
Epoch 35: Loss:            : Train 0.0000, Val 0.0040, Test 0.0038
          R2_Score         : Train 0.9009, Val 0.8860, Test 0.8886
          RMSE             : Train 57.5776, Val 62.4241, Test 61.2193
Best:
          R2_Score         : Train 0.8995, Val 0.8883, Test 0.8903
          RMSE             : Train 57.9856, Val 61.7839, Test 60.7365
Epoch 36: Loss:            : Train 0.0000, Val 0.0045, Test 0.0042
          R2_Score         : Train 0.9037, Val 0.8745, Test 0.8775
          RMSE             : Train 56.7627, Val 65.5099, Test 64.1862
Best:
          R2_Score         : Train 0.8995, Val 0.8883, Test 0.8903
          RMSE             : Train 57.9856, Val 61.7839, Test 60.7365
Epoch 37: Loss:            : Train 0.0000, Val 0.0039, Test 0.0037
          R2_Score         : Train 0.9061, Val 0.8887, Test 0.8908
          RMSE             : Train 56.0442, Val 61.6882, Test 60.6145
Best:
          R2_Score         : Train 0.9061, Val 0.8887, Test 0.8908
          RMSE             : Train 56.0442, Val 61.6882, Test 60.6145
Epoch 38: Loss:            : Train 0.0000, Val 0.0043, Test 0.0040
          R2_Score         : Train 0.9070, Val 0.8800, Test 0.8826
          RMSE             : Train 55.7853, Val 64.0616, Test 62.8455
Best:
          R2_Score         : Train 0.9061, Val 0.8887, Test 0.8908
          RMSE             : Train 56.0442, Val 61.6882, Test 60.6145
Epoch 39: Loss:            : Train 0.0000, Val 0.0039, Test 0.0037
          R2_Score         : Train 0.9042, Val 0.8893, Test 0.8933
          RMSE             : Train 56.6257, Val 61.5196, Test 59.9002
Best:
          R2_Score         : Train 0.9042, Val 0.8893, Test 0.8933
          RMSE             : Train 56.6257, Val 61.5196, Test 59.9002
Epoch 40: Loss:            : Train 0.0000, Val 0.0039, Test 0.0037
          R2_Score         : Train 0.9089, Val 0.8898, Test 0.8926
          RMSE             : Train 55.2020, Val 61.3816, Test 60.1151
Best:
          R2_Score         : Train 0.9089, Val 0.8898, Test 0.8926
          RMSE             : Train 55.2020, Val 61.3816, Test 60.1151
Epoch 41: Loss:            : Train 0.0000, Val 0.0039, Test 0.0037
          R2_Score         : Train 0.9108, Val 0.8901, Test 0.8924
          RMSE             : Train 54.6249, Val 61.3034, Test 60.1664
Best:
          R2_Score         : Train 0.9108, Val 0.8901, Test 0.8924
          RMSE             : Train 54.6249, Val 61.3034, Test 60.1664
Epoch 42: Loss:            : Train 0.0000, Val 0.0039, Test 0.0036
          R2_Score         : Train 0.9118, Val 0.8908, Test 0.8944
          RMSE             : Train 54.3357, Val 61.0982, Test 59.5900
Best:
          R2_Score         : Train 0.9118, Val 0.8908, Test 0.8944
          RMSE             : Train 54.3357, Val 61.0982, Test 59.5900
Epoch 43: Loss:            : Train 0.0000, Val 0.0038, Test 0.0036
          R2_Score         : Train 0.9126, Val 0.8925, Test 0.8948
          RMSE             : Train 54.0746, Val 60.6156, Test 59.4889
Best:
          R2_Score         : Train 0.9126, Val 0.8925, Test 0.8948
          RMSE             : Train 54.0746, Val 60.6156, Test 59.4889
Epoch 44: Loss:            : Train 0.0000, Val 0.0038, Test 0.0036
          R2_Score         : Train 0.9141, Val 0.8939, Test 0.8958
          RMSE             : Train 53.5955, Val 60.2202, Test 59.1938
Best:
          R2_Score         : Train 0.9141, Val 0.8939, Test 0.8958
          RMSE             : Train 53.5955, Val 60.2202, Test 59.1938
Epoch 45: Loss:            : Train 0.0000, Val 0.0040, Test 0.0037
          R2_Score         : Train 0.9120, Val 0.8868, Test 0.8907
          RMSE             : Train 54.2741, Val 62.2093, Test 60.6244
Best:
          R2_Score         : Train 0.9141, Val 0.8939, Test 0.8958
          RMSE             : Train 53.5955, Val 60.2202, Test 59.1938
Epoch 46: Loss:            : Train 0.0000, Val 0.0038, Test 0.0036
          R2_Score         : Train 0.9099, Val 0.8932, Test 0.8963
          RMSE             : Train 54.8926, Val 60.4225, Test 59.0436
Best:
          R2_Score         : Train 0.9141, Val 0.8939, Test 0.8958
          RMSE             : Train 53.5955, Val 60.2202, Test 59.1938
Epoch 47: Loss:            : Train 0.0000, Val 0.0039, Test 0.0037
          R2_Score         : Train 0.9135, Val 0.8905, Test 0.8930
          RMSE             : Train 53.7909, Val 61.1946, Test 59.9808
Best:
          R2_Score         : Train 0.9141, Val 0.8939, Test 0.8958
          RMSE             : Train 53.5955, Val 60.2202, Test 59.1938
Epoch 48: Loss:            : Train 0.0000, Val 0.0037, Test 0.0035
          R2_Score         : Train 0.9135, Val 0.8953, Test 0.8970
          RMSE             : Train 53.7847, Val 59.8128, Test 58.8691
Best:
          R2_Score         : Train 0.9135, Val 0.8953, Test 0.8970
          RMSE             : Train 53.7847, Val 59.8128, Test 58.8691
Epoch 49: Loss:            : Train 0.0000, Val 0.0039, Test 0.0037
          R2_Score         : Train 0.9134, Val 0.8915, Test 0.8931
          RMSE             : Train 53.8339, Val 60.8891, Test 59.9679
Best:
          R2_Score         : Train 0.9135, Val 0.8953, Test 0.8970
          RMSE             : Train 53.7847, Val 59.8128, Test 58.8691
Epoch 50: Loss:            : Train 0.0000, Val 0.0037, Test 0.0034
          R2_Score         : Train 0.9179, Val 0.8975, Test 0.9003
          RMSE             : Train 52.4078, Val 59.2034, Test 57.9208
Best:
          R2_Score         : Train 0.9179, Val 0.8975, Test 0.9003
          RMSE             : Train 52.4078, Val 59.2034, Test 57.9208
Training time (sec): 95
