Loading house from data/beijing/house_clean.csv
Loading airbnb from data/beijing/airbnb_clean.csv
Current house columns Index(['cid', 'DOM', 'followers', 'square', 'livingRoom', 'drawingRoom',
       'kitchen', 'bathRoom', 'floor', 'constructionTime', 'ladderRatio',
       'elevator', 'fiveYearsProperty', 'subway', 'did_2', 'did_3', 'did_4',
       'did_5', 'did_6', 'did_7', 'did_8', 'did_9', 'did_10', 'did_11',
       'did_12', 'did_13', 'bt_2', 'bt_3', 'bt_4', 'rc_2', 'rc_3', 'rc_4',
       'bs_2', 'bs_3', 'bs_4', 'bs_5', 'bs_6', 'ty_2014', 'ty_2015', 'ty_2016',
       'ty_2017', 'ty_2018', 'tm_2', 'tm_3', 'tm_4', 'tm_5', 'tm_6', 'tm_7',
       'tm_8', 'tm_9', 'tm_10', 'tm_11', 'tm_12', 'lon', 'lat'],
      dtype='object')
Current airbnb columns Index(['lon', 'lat', 'price', 'minimum_nights', 'number_of_reviews',
       'reviews_per_month', 'calculated_host_listings_count',
       'availability_365', 'nbr_丰台区 ', 'nbr_大兴区 ', 'nbr_密云县 ', 'nbr_平谷区 ',
       'nbr_延庆县 ', 'nbr_怀柔区 ', 'nbr_房山区', 'nbr_昌平区', 'nbr_朝阳区 ', 'nbr_海淀区',
       'nbr_石景山区', 'nbr_西城区', 'nbr_通州区 ', 'nbr_门头沟区 ', 'nbr_顺义区 ',
       'rt_Private room', 'rt_Shared room'],
      dtype='object')
Loading data from cache
Done
Calculating noise scale
Adding noise of scale 0.0 to sim_scores
Adding noise of scale 0.0 to sim_scores
Adding noise of scale 0.0 to sim_scores
Filter dataset to top 40
Generating top 40 dataset
Generating top 40 dataset
Generating top 40 dataset
Preparing time (sec): 104
Initializing dataloader
Done
Prepare for training
Start training
SplitNN summary
==========================================================================================
Layer (type:depth-idx)                   Output Shape              Param #
==========================================================================================
SplitNN                                  --                        --
├─MLP: 1                                 --                        --
│    └─ModuleList: 2-1                   --                        --
├─ModuleList: 1-1                        --                        --
│    └─MLP: 2                            --                        --
│    │    └─ModuleList: 3-1              --                        30,900
│    └─MLP: 2                            --                        --
│    │    └─ModuleList: 3-2              --                        24,900
│    └─MLP: 2-2                          [128, 100]                --
│    └─MLP: 2-3                          [128, 100]                --
├─MLP: 1-2                               [128, 10]                 --
│    └─ModuleList: 2-1                   --                        --
│    │    └─Linear: 3-3                  [128, 100]                20,100
│    │    └─Linear: 3-4                  [128, 10]                 1,010
==========================================================================================
Total params: 76,910
Trainable params: 76,910
Non-trainable params: 0
Total mult-adds (M): 9.84
==========================================================================================
Input size (MB): 0.04
Forward/backward pass size (MB): 0.73
Params size (MB): 0.31
Estimated Total Size (MB): 1.07
==========================================================================================
Merge model summary
==========================================================================================
Layer (type:depth-idx)                   Output Shape              Param #
==========================================================================================
ConvModel                                --                        --
├─Conv2d: 1-1                            [1, 8, 46, 10]            64
├─Dropout: 1-2                           [1, 3680]                 --
├─Linear: 1-3                            [1, 400]                  1,472,400
├─Dropout: 1-4                           [1, 400]                  --
├─Linear: 1-5                            [1, 1]                    401
==========================================================================================
Total params: 1,472,865
Trainable params: 1,472,865
Non-trainable params: 0
Total mult-adds (M): 1.50
==========================================================================================
Input size (MB): 0.00
Forward/backward pass size (MB): 0.03
Params size (MB): 5.89
Estimated Total Size (MB): 5.93
==========================================================================================
Similarity model summary
==========================================================================================
Layer (type:depth-idx)                   Output Shape              Param #
==========================================================================================
MLP                                      --                        --
├─ModuleList: 1-1                        --                        --
│    └─Linear: 2-1                       [1, 10]                   20
│    └─Linear: 2-2                       [1, 1]                    11
==========================================================================================
Total params: 31
Trainable params: 31
Non-trainable params: 0
Total mult-adds (M): 0.00
==========================================================================================
Input size (MB): 0.00
Forward/backward pass size (MB): 0.00
Params size (MB): 0.00
Estimated Total Size (MB): 0.00
==========================================================================================
n_classes=2
task=regression
model_name=beijing_fedsim_p_1E+00_2022-01-30-15-04-37
sche_threshold=0.0001
sche_patience=10
sche_factor=0.1
use_scheduler=False
num_workers=4
device=cuda:3
test_batch_size=4096
train_batch_size=128
learning_rate=0.001
weight_decay=1e-05
num_epochs=100
model_save_path=ckp/beijing_fedsim_p_1E+00_2022-01-30-15-04-37.pth
test_rate=0.2
val_rate=0.1
multiprocess_context=fork
metrics=['r2_score', 'rmse']
metrics_f=[<metric.r2_score.R2Score object at 0x7f2a11cc4b80>, <metric.rmse.RMSE object at 0x7f2a11cc4940>]
hidden_sizes=[200, 100]
model=SplitNN(
  (agg_model): MLP(
    (fc_layers): ModuleList(
      (0): Linear(in_features=200, out_features=100, bias=True)
      (1): Linear(in_features=100, out_features=10, bias=True)
    )
  )
  (local_models): ModuleList(
    (0): MLP(
      (fc_layers): ModuleList(
        (0): Linear(in_features=53, out_features=200, bias=True)
        (1): Linear(in_features=200, out_features=100, bias=True)
      )
    )
    (1): MLP(
      (fc_layers): ModuleList(
        (0): Linear(in_features=23, out_features=200, bias=True)
        (1): Linear(in_features=200, out_features=100, bias=True)
      )
    )
  )
)
writer=<torch.utils.tensorboard.writer.SummaryWriter object at 0x7f2a11cc4cd0>
dataset_type=real
drop_key=True
num_common_features=2
tree_radius=0.01
tree_leaf_size=100
knn_k=40
grid_min=(115.5, 39)
grid_max=(116.5, 40)
grid_width=(0.1, 0.1)
sim_scaler=StandardScaler()
filter_top_k=40
link_n_jobs=-1
psig_p=7
sim_leak_p=1
link_threshold_t=0.01
link_epsilon=0.03
n_hash_lsh=20
edit_distance_threshold=1
n_hash_func=10
collision_rate=0.05
qgram_q=2
link_delta=0.03
feature_wise_sim=False
blocking_method=knn
center_threshold=0.5
n_clusters=100
local_hidden_sizes=[[200], [200]]
cut_dims=[100, 100]
agg_hidden_sizes=[100]
scale_analysis=None
mlp_merge=None
use_sim=True
use_conv=True
conv_kernel_v_size=7
conv_n_channels=8
merge_dropout_p=0.3
raw_output_dim=10
log_dir=log/beijing_fedsim_p_1E+00_2022-01-30-15-04-37/
update_sim_freq=1
sim_model_save_path=ckp/beijing_fedsim_p_1E+00_2022-01-30-15-04-37_sim.pth
merge_model_save_path=ckp/beijing_fedsim_p_1E+00_2022-01-30-15-04-37_merge.pth
sim_batch_size=128
sim_weight_decay=1e-05
sim_learning_rate=0.001
merge_model=ConvModel(
  (conv1): Conv2d(1, 8, kernel_size=(7, 1), stride=(1, 1), padding=(6, 0))
  (fc1): Linear(in_features=3680, out_features=400, bias=True)
  (fc2): Linear(in_features=400, out_features=1, bias=True)
  (dropout1): Dropout(p=0.3, inplace=False)
  (dropout2): Dropout(p=0.3, inplace=False)
)
sim_model=MLP(
  (fc_layers): ModuleList(
    (0): Linear(in_features=1, out_features=10, bias=True)
    (1): Linear(in_features=10, out_features=1, bias=True)
  )
)
sim_hidden_sizes=[10]
merge_hidden_sizes=[400]
data1_shape=(141050, 55)
data2_shape=(27827, 25)
Epoch 1: Loss:            : Train 0.0129, Val 0.0060, Test 0.0060
          R2_Score         : Train 0.6222, Val 0.8274, Test 0.8242
          RMSE             : Train 112.4238, Val 76.8237, Test 76.8955
Best:
          R2_Score         : Train 0.6222, Val 0.8274, Test 0.8242
          RMSE             : Train 112.4238, Val 76.8237, Test 76.8955
Epoch 2: Loss:            : Train 0.0054, Val 0.0050, Test 0.0049
          R2_Score         : Train 0.8421, Val 0.8571, Test 0.8560
          RMSE             : Train 72.6720, Val 69.8901, Test 69.5994
Best:
          R2_Score         : Train 0.8421, Val 0.8571, Test 0.8560
          RMSE             : Train 72.6720, Val 69.8901, Test 69.5994
Epoch 3: Loss:            : Train 0.0048, Val 0.0046, Test 0.0047
          R2_Score         : Train 0.8594, Val 0.8670, Test 0.8646
          RMSE             : Train 68.5809, Val 67.4300, Test 67.4883
Best:
          R2_Score         : Train 0.8594, Val 0.8670, Test 0.8646
          RMSE             : Train 68.5809, Val 67.4300, Test 67.4883
Epoch 4: Loss:            : Train 0.0044, Val 0.0043, Test 0.0043
          R2_Score         : Train 0.8708, Val 0.8760, Test 0.8746
          RMSE             : Train 65.7438, Val 65.0970, Test 64.9377
Best:
          R2_Score         : Train 0.8708, Val 0.8760, Test 0.8746
          RMSE             : Train 65.7438, Val 65.0970, Test 64.9377
Epoch 5: Loss:            : Train 0.0042, Val 0.0041, Test 0.0041
          R2_Score         : Train 0.8782, Val 0.8810, Test 0.8803
          RMSE             : Train 63.8413, Val 63.7789, Test 63.4397
Best:
          R2_Score         : Train 0.8782, Val 0.8810, Test 0.8803
          RMSE             : Train 63.8413, Val 63.7789, Test 63.4397
Epoch 6: Loss:            : Train 0.0039, Val 0.0042, Test 0.0041
          R2_Score         : Train 0.8847, Val 0.8800, Test 0.8791
          RMSE             : Train 62.1139, Val 64.0462, Test 63.7574
Best:
          R2_Score         : Train 0.8782, Val 0.8810, Test 0.8803
          RMSE             : Train 63.8413, Val 63.7789, Test 63.4397
Epoch 7: Loss:            : Train 0.0038, Val 0.0037, Test 0.0037
          R2_Score         : Train 0.8899, Val 0.8950, Test 0.8930
          RMSE             : Train 60.6918, Val 59.9007, Test 59.9865
Best:
          R2_Score         : Train 0.8899, Val 0.8950, Test 0.8930
          RMSE             : Train 60.6918, Val 59.9007, Test 59.9865
Epoch 8: Loss:            : Train 0.0036, Val 0.0040, Test 0.0040
          R2_Score         : Train 0.8957, Val 0.8850, Test 0.8845
          RMSE             : Train 59.0836, Val 62.7081, Test 62.3329
Best:
          R2_Score         : Train 0.8899, Val 0.8950, Test 0.8930
          RMSE             : Train 60.6918, Val 59.9007, Test 59.9865
Epoch 9: Loss:            : Train 0.0034, Val 0.0034, Test 0.0034
          R2_Score         : Train 0.9009, Val 0.9015, Test 0.8995
          RMSE             : Train 57.5813, Val 58.0303, Test 58.1291
Best:
          R2_Score         : Train 0.9009, Val 0.9015, Test 0.8995
          RMSE             : Train 57.5813, Val 58.0303, Test 58.1291
Epoch 10: Loss:            : Train 0.0032, Val 0.0033, Test 0.0033
          R2_Score         : Train 0.9056, Val 0.9053, Test 0.9031
          RMSE             : Train 56.1958, Val 56.8992, Test 57.0816
Best:
          R2_Score         : Train 0.9056, Val 0.9053, Test 0.9031
          RMSE             : Train 56.1958, Val 56.8992, Test 57.0816
Epoch 11: Loss:            : Train 0.0031, Val 0.0033, Test 0.0033
          R2_Score         : Train 0.9101, Val 0.9044, Test 0.9032
          RMSE             : Train 54.8512, Val 57.1651, Test 57.0655
Best:
          R2_Score         : Train 0.9056, Val 0.9053, Test 0.9031
          RMSE             : Train 56.1958, Val 56.8992, Test 57.0816
Epoch 12: Loss:            : Train 0.0029, Val 0.0029, Test 0.0029
          R2_Score         : Train 0.9138, Val 0.9179, Test 0.9162
          RMSE             : Train 53.7005, Val 52.9809, Test 53.0960
Best:
          R2_Score         : Train 0.9138, Val 0.9179, Test 0.9162
          RMSE             : Train 53.7005, Val 52.9809, Test 53.0960
Epoch 13: Loss:            : Train 0.0028, Val 0.0028, Test 0.0028
          R2_Score         : Train 0.9177, Val 0.9201, Test 0.9197
          RMSE             : Train 52.4888, Val 52.2665, Test 51.9669
Best:
          R2_Score         : Train 0.9177, Val 0.9201, Test 0.9197
          RMSE             : Train 52.4888, Val 52.2665, Test 51.9669
Epoch 14: Loss:            : Train 0.0027, Val 0.0029, Test 0.0029
          R2_Score         : Train 0.9215, Val 0.9168, Test 0.9167
          RMSE             : Train 51.2570, Val 53.3304, Test 52.9369
Best:
          R2_Score         : Train 0.9177, Val 0.9201, Test 0.9197
          RMSE             : Train 52.4888, Val 52.2665, Test 51.9669
Epoch 15: Loss:            : Train 0.0026, Val 0.0026, Test 0.0026
          R2_Score         : Train 0.9241, Val 0.9248, Test 0.9247
          RMSE             : Train 50.3888, Val 50.7116, Test 50.3319
Best:
          R2_Score         : Train 0.9241, Val 0.9248, Test 0.9247
          RMSE             : Train 50.3888, Val 50.7116, Test 50.3319
Epoch 16: Loss:            : Train 0.0025, Val 0.0025, Test 0.0025
          R2_Score         : Train 0.9274, Val 0.9274, Test 0.9264
          RMSE             : Train 49.2925, Val 49.8210, Test 49.7563
Best:
          R2_Score         : Train 0.9274, Val 0.9274, Test 0.9264
          RMSE             : Train 49.2925, Val 49.8210, Test 49.7563
Epoch 17: Loss:            : Train 0.0024, Val 0.0026, Test 0.0026
          R2_Score         : Train 0.9301, Val 0.9264, Test 0.9243
          RMSE             : Train 48.3674, Val 50.1467, Test 50.4721
Best:
          R2_Score         : Train 0.9274, Val 0.9274, Test 0.9264
          RMSE             : Train 49.2925, Val 49.8210, Test 49.7563
Epoch 18: Loss:            : Train 0.0023, Val 0.0024, Test 0.0024
          R2_Score         : Train 0.9324, Val 0.9319, Test 0.9309
          RMSE             : Train 47.5467, Val 48.2633, Test 48.2236
Best:
          R2_Score         : Train 0.9324, Val 0.9319, Test 0.9309
          RMSE             : Train 47.5467, Val 48.2633, Test 48.2236
Epoch 19: Loss:            : Train 0.0022, Val 0.0023, Test 0.0023
          R2_Score         : Train 0.9348, Val 0.9346, Test 0.9340
          RMSE             : Train 46.7201, Val 47.2968, Test 47.1147
Best:
          R2_Score         : Train 0.9348, Val 0.9346, Test 0.9340
          RMSE             : Train 46.7201, Val 47.2968, Test 47.1147
Epoch 20: Loss:            : Train 0.0022, Val 0.0023, Test 0.0023
          R2_Score         : Train 0.9364, Val 0.9335, Test 0.9321
          RMSE             : Train 46.1370, Val 47.6791, Test 47.7754
Best:
          R2_Score         : Train 0.9348, Val 0.9346, Test 0.9340
          RMSE             : Train 46.7201, Val 47.2968, Test 47.1147
Epoch 21: Loss:            : Train 0.0021, Val 0.0022, Test 0.0022
          R2_Score         : Train 0.9378, Val 0.9380, Test 0.9361
          RMSE             : Train 45.6042, Val 46.0488, Test 46.3526
Best:
          R2_Score         : Train 0.9378, Val 0.9380, Test 0.9361
          RMSE             : Train 45.6042, Val 46.0488, Test 46.3526
Epoch 22: Loss:            : Train 0.0021, Val 0.0023, Test 0.0023
          R2_Score         : Train 0.9394, Val 0.9344, Test 0.9320
          RMSE             : Train 45.0362, Val 47.3623, Test 47.8139
Best:
          R2_Score         : Train 0.9378, Val 0.9380, Test 0.9361
          RMSE             : Train 45.6042, Val 46.0488, Test 46.3526
Epoch 23: Loss:            : Train 0.0020, Val 0.0023, Test 0.0023
          R2_Score         : Train 0.9407, Val 0.9351, Test 0.9336
          RMSE             : Train 44.5592, Val 47.0906, Test 47.2722
Best:
          R2_Score         : Train 0.9378, Val 0.9380, Test 0.9361
          RMSE             : Train 45.6042, Val 46.0488, Test 46.3526
Epoch 24: Loss:            : Train 0.0020, Val 0.0022, Test 0.0022
          R2_Score         : Train 0.9420, Val 0.9369, Test 0.9349
          RMSE             : Train 44.0677, Val 46.4618, Test 46.7942
Best:
          R2_Score         : Train 0.9378, Val 0.9380, Test 0.9361
          RMSE             : Train 45.6042, Val 46.0488, Test 46.3526
Epoch 25: Loss:            : Train 0.0020, Val 0.0021, Test 0.0022
          R2_Score         : Train 0.9427, Val 0.9392, Test 0.9368
          RMSE             : Train 43.7987, Val 45.5719, Test 46.1199
Best:
          R2_Score         : Train 0.9427, Val 0.9392, Test 0.9368
          RMSE             : Train 43.7987, Val 45.5719, Test 46.1199
Epoch 26: Loss:            : Train 0.0019, Val 0.0021, Test 0.0021
          R2_Score         : Train 0.9435, Val 0.9402, Test 0.9394
          RMSE             : Train 43.4960, Val 45.1951, Test 45.1454
Best:
          R2_Score         : Train 0.9435, Val 0.9402, Test 0.9394
          RMSE             : Train 43.4960, Val 45.1951, Test 45.1454
Epoch 27: Loss:            : Train 0.0019, Val 0.0021, Test 0.0022
          R2_Score         : Train 0.9449, Val 0.9392, Test 0.9371
          RMSE             : Train 42.9419, Val 45.6085, Test 45.9947
Best:
          R2_Score         : Train 0.9435, Val 0.9402, Test 0.9394
          RMSE             : Train 43.4960, Val 45.1951, Test 45.1454
Epoch 28: Loss:            : Train 0.0018, Val 0.0021, Test 0.0021
          R2_Score         : Train 0.9460, Val 0.9396, Test 0.9386
          RMSE             : Train 42.4954, Val 45.4537, Test 45.4262
Best:
          R2_Score         : Train 0.9435, Val 0.9402, Test 0.9394
          RMSE             : Train 43.4960, Val 45.1951, Test 45.1454
Epoch 29: Loss:            : Train 0.0018, Val 0.0020, Test 0.0020
          R2_Score         : Train 0.9465, Val 0.9427, Test 0.9407
          RMSE             : Train 42.2931, Val 44.2548, Test 44.6679
Best:
          R2_Score         : Train 0.9465, Val 0.9427, Test 0.9407
          RMSE             : Train 42.2931, Val 44.2548, Test 44.6679
Epoch 30: Loss:            : Train 0.0018, Val 0.0021, Test 0.0021
          R2_Score         : Train 0.9474, Val 0.9403, Test 0.9388
          RMSE             : Train 41.9386, Val 45.1838, Test 45.3847
Best:
          R2_Score         : Train 0.9465, Val 0.9427, Test 0.9407
          RMSE             : Train 42.2931, Val 44.2548, Test 44.6679
Epoch 31: Loss:            : Train 0.0018, Val 0.0020, Test 0.0020
          R2_Score         : Train 0.9480, Val 0.9433, Test 0.9406
          RMSE             : Train 41.7202, Val 44.0419, Test 44.6970
Best:
          R2_Score         : Train 0.9480, Val 0.9433, Test 0.9406
          RMSE             : Train 41.7202, Val 44.0419, Test 44.6970
Epoch 32: Loss:            : Train 0.0017, Val 0.0020, Test 0.0020
          R2_Score         : Train 0.9488, Val 0.9431, Test 0.9416
          RMSE             : Train 41.3822, Val 44.0851, Test 44.3323
Best:
          R2_Score         : Train 0.9480, Val 0.9433, Test 0.9406
          RMSE             : Train 41.7202, Val 44.0419, Test 44.6970
Epoch 33: Loss:            : Train 0.0017, Val 0.0021, Test 0.0021
          R2_Score         : Train 0.9495, Val 0.9410, Test 0.9401
          RMSE             : Train 41.0916, Val 44.9180, Test 44.8759
Best:
          R2_Score         : Train 0.9480, Val 0.9433, Test 0.9406
          RMSE             : Train 41.7202, Val 44.0419, Test 44.6970
Epoch 34: Loss:            : Train 0.0017, Val 0.0020, Test 0.0020
          R2_Score         : Train 0.9500, Val 0.9425, Test 0.9412
          RMSE             : Train 40.9113, Val 44.3519, Test 44.4693
Best:
          R2_Score         : Train 0.9480, Val 0.9433, Test 0.9406
          RMSE             : Train 41.7202, Val 44.0419, Test 44.6970
Epoch 35: Loss:            : Train 0.0017, Val 0.0020, Test 0.0020
          R2_Score         : Train 0.9511, Val 0.9422, Test 0.9418
          RMSE             : Train 40.4559, Val 44.4646, Test 44.2418
Best:
          R2_Score         : Train 0.9480, Val 0.9433, Test 0.9406
          RMSE             : Train 41.7202, Val 44.0419, Test 44.6970
Epoch 36: Loss:            : Train 0.0017, Val 0.0020, Test 0.0020
          R2_Score         : Train 0.9509, Val 0.9443, Test 0.9425
          RMSE             : Train 40.5313, Val 43.6552, Test 43.9871
Best:
          R2_Score         : Train 0.9509, Val 0.9443, Test 0.9425
          RMSE             : Train 40.5313, Val 43.6552, Test 43.9871
Epoch 37: Loss:            : Train 0.0016, Val 0.0022, Test 0.0022
          R2_Score         : Train 0.9521, Val 0.9378, Test 0.9369
          RMSE             : Train 40.0511, Val 46.1042, Test 46.0757
Best:
          R2_Score         : Train 0.9509, Val 0.9443, Test 0.9425
          RMSE             : Train 40.5313, Val 43.6552, Test 43.9871
Epoch 38: Loss:            : Train 0.0016, Val 0.0019, Test 0.0020
          R2_Score         : Train 0.9526, Val 0.9445, Test 0.9431
          RMSE             : Train 39.8152, Val 43.5659, Test 43.7633
Best:
          R2_Score         : Train 0.9526, Val 0.9445, Test 0.9431
          RMSE             : Train 39.8152, Val 43.5659, Test 43.7633
Epoch 39: Loss:            : Train 0.0016, Val 0.0021, Test 0.0020
          R2_Score         : Train 0.9532, Val 0.9405, Test 0.9406
          RMSE             : Train 39.5839, Val 45.0924, Test 44.6927
Best:
          R2_Score         : Train 0.9526, Val 0.9445, Test 0.9431
          RMSE             : Train 39.8152, Val 43.5659, Test 43.7633
Epoch 40: Loss:            : Train 0.0016, Val 0.0021, Test 0.0021
          R2_Score         : Train 0.9530, Val 0.9409, Test 0.9396
          RMSE             : Train 39.6569, Val 44.9391, Test 45.0660
Best:
          R2_Score         : Train 0.9526, Val 0.9445, Test 0.9431
          RMSE             : Train 39.8152, Val 43.5659, Test 43.7633
Epoch 41: Loss:            : Train 0.0016, Val 0.0022, Test 0.0022
          R2_Score         : Train 0.9540, Val 0.9375, Test 0.9357
          RMSE             : Train 39.2489, Val 46.2122, Test 46.4887
Best:
          R2_Score         : Train 0.9526, Val 0.9445, Test 0.9431
          RMSE             : Train 39.8152, Val 43.5659, Test 43.7633
Epoch 42: Loss:            : Train 0.0016, Val 0.0019, Test 0.0020
          R2_Score         : Train 0.9542, Val 0.9444, Test 0.9423
          RMSE             : Train 39.1516, Val 43.5989, Test 44.0571
Best:
          R2_Score         : Train 0.9526, Val 0.9445, Test 0.9431
          RMSE             : Train 39.8152, Val 43.5659, Test 43.7633
Epoch 43: Loss:            : Train 0.0015, Val 0.0019, Test 0.0020
          R2_Score         : Train 0.9547, Val 0.9445, Test 0.9429
          RMSE             : Train 38.9212, Val 43.5565, Test 43.8161
Best:
          R2_Score         : Train 0.9547, Val 0.9445, Test 0.9429
          RMSE             : Train 38.9212, Val 43.5565, Test 43.8161
Epoch 44: Loss:            : Train 0.0015, Val 0.0019, Test 0.0019
          R2_Score         : Train 0.9550, Val 0.9452, Test 0.9437
          RMSE             : Train 38.7982, Val 43.2849, Test 43.5134
Best:
          R2_Score         : Train 0.9550, Val 0.9452, Test 0.9437
          RMSE             : Train 38.7982, Val 43.2849, Test 43.5134
Epoch 45: Loss:            : Train 0.0015, Val 0.0019, Test 0.0019
          R2_Score         : Train 0.9558, Val 0.9463, Test 0.9445
          RMSE             : Train 38.4626, Val 42.8397, Test 43.1898
Best:
          R2_Score         : Train 0.9558, Val 0.9463, Test 0.9445
          RMSE             : Train 38.4626, Val 42.8397, Test 43.1898
Epoch 46: Loss:            : Train 0.0015, Val 0.0019, Test 0.0019
          R2_Score         : Train 0.9558, Val 0.9450, Test 0.9434
          RMSE             : Train 38.4744, Val 43.3733, Test 43.6242
Best:
          R2_Score         : Train 0.9558, Val 0.9463, Test 0.9445
          RMSE             : Train 38.4626, Val 42.8397, Test 43.1898
Epoch 47: Loss:            : Train 0.0015, Val 0.0019, Test 0.0019
          R2_Score         : Train 0.9566, Val 0.9453, Test 0.9433
          RMSE             : Train 38.1046, Val 43.2333, Test 43.6588
Best:
          R2_Score         : Train 0.9558, Val 0.9463, Test 0.9445
          RMSE             : Train 38.4626, Val 42.8397, Test 43.1898
Epoch 48: Loss:            : Train 0.0015, Val 0.0019, Test 0.0020
          R2_Score         : Train 0.9568, Val 0.9442, Test 0.9423
          RMSE             : Train 37.9990, Val 43.6681, Test 44.0634
Best:
          R2_Score         : Train 0.9558, Val 0.9463, Test 0.9445
          RMSE             : Train 38.4626, Val 42.8397, Test 43.1898
Epoch 49: Loss:            : Train 0.0015, Val 0.0019, Test 0.0020
          R2_Score         : Train 0.9574, Val 0.9447, Test 0.9421
          RMSE             : Train 37.7362, Val 43.4923, Test 44.1182
Best:
          R2_Score         : Train 0.9558, Val 0.9463, Test 0.9445
          RMSE             : Train 38.4626, Val 42.8397, Test 43.1898
Epoch 50: Loss:            : Train 0.0015, Val 0.0020, Test 0.0020
          R2_Score         : Train 0.9574, Val 0.9432, Test 0.9419
          RMSE             : Train 37.7649, Val 44.0582, Test 44.1997
Best:
          R2_Score         : Train 0.9558, Val 0.9463, Test 0.9445
          RMSE             : Train 38.4626, Val 42.8397, Test 43.1898
Epoch 51: Loss:            : Train 0.0014, Val 0.0020, Test 0.0020
          R2_Score         : Train 0.9581, Val 0.9437, Test 0.9414
          RMSE             : Train 37.4413, Val 43.8528, Test 44.3898
Best:
          R2_Score         : Train 0.9558, Val 0.9463, Test 0.9445
          RMSE             : Train 38.4626, Val 42.8397, Test 43.1898
Epoch 52: Loss:            : Train 0.0014, Val 0.0019, Test 0.0020
          R2_Score         : Train 0.9581, Val 0.9442, Test 0.9430
          RMSE             : Train 37.4326, Val 43.6581, Test 43.7831
Best:
          R2_Score         : Train 0.9558, Val 0.9463, Test 0.9445
          RMSE             : Train 38.4626, Val 42.8397, Test 43.1898
Epoch 53: Loss:            : Train 0.0014, Val 0.0019, Test 0.0020
          R2_Score         : Train 0.9586, Val 0.9443, Test 0.9430
          RMSE             : Train 37.1951, Val 43.6332, Test 43.7811
Best:
          R2_Score         : Train 0.9558, Val 0.9463, Test 0.9445
          RMSE             : Train 38.4626, Val 42.8397, Test 43.1898
Epoch 54: Loss:            : Train 0.0014, Val 0.0019, Test 0.0019
          R2_Score         : Train 0.9590, Val 0.9455, Test 0.9437
          RMSE             : Train 37.0386, Val 43.1655, Test 43.5150
Best:
          R2_Score         : Train 0.9558, Val 0.9463, Test 0.9445
          RMSE             : Train 38.4626, Val 42.8397, Test 43.1898
Epoch 55: Loss:            : Train 0.0014, Val 0.0021, Test 0.0021
          R2_Score         : Train 0.9593, Val 0.9398, Test 0.9389
          RMSE             : Train 36.8854, Val 45.3687, Test 45.3474
Best:
          R2_Score         : Train 0.9558, Val 0.9463, Test 0.9445
          RMSE             : Train 38.4626, Val 42.8397, Test 43.1898
Epoch 56: Loss:            : Train 0.0014, Val 0.0020, Test 0.0020
          R2_Score         : Train 0.9599, Val 0.9433, Test 0.9419
          RMSE             : Train 36.6373, Val 44.0187, Test 44.1998
Best:
          R2_Score         : Train 0.9558, Val 0.9463, Test 0.9445
          RMSE             : Train 38.4626, Val 42.8397, Test 43.1898
Epoch 57: Loss:            : Train 0.0014, Val 0.0020, Test 0.0019
          R2_Score         : Train 0.9599, Val 0.9440, Test 0.9433
          RMSE             : Train 36.6281, Val 43.7347, Test 43.6813
Best:
          R2_Score         : Train 0.9558, Val 0.9463, Test 0.9445
          RMSE             : Train 38.4626, Val 42.8397, Test 43.1898
Epoch 58: Loss:            : Train 0.0014, Val 0.0022, Test 0.0022
          R2_Score         : Train 0.9603, Val 0.9369, Test 0.9353
          RMSE             : Train 36.4290, Val 46.4449, Test 46.6417
Best:
          R2_Score         : Train 0.9558, Val 0.9463, Test 0.9445
          RMSE             : Train 38.4626, Val 42.8397, Test 43.1898
Epoch 59: Loss:            : Train 0.0014, Val 0.0019, Test 0.0019
          R2_Score         : Train 0.9603, Val 0.9451, Test 0.9432
          RMSE             : Train 36.4394, Val 43.3351, Test 43.6941
Best:
          R2_Score         : Train 0.9558, Val 0.9463, Test 0.9445
          RMSE             : Train 38.4626, Val 42.8397, Test 43.1898
Epoch 60: Loss:            : Train 0.0013, Val 0.0020, Test 0.0019
          R2_Score         : Train 0.9608, Val 0.9441, Test 0.9434
          RMSE             : Train 36.2210, Val 43.7321, Test 43.6258
Best:
          R2_Score         : Train 0.9558, Val 0.9463, Test 0.9445
          RMSE             : Train 38.4626, Val 42.8397, Test 43.1898
Epoch 61: Loss:            : Train 0.0013, Val 0.0019, Test 0.0019
          R2_Score         : Train 0.9615, Val 0.9451, Test 0.9432
          RMSE             : Train 35.9120, Val 43.3031, Test 43.7130
Best:
          R2_Score         : Train 0.9558, Val 0.9463, Test 0.9445
          RMSE             : Train 38.4626, Val 42.8397, Test 43.1898
Epoch 62: Loss:            : Train 0.0013, Val 0.0019, Test 0.0019
          R2_Score         : Train 0.9616, Val 0.9466, Test 0.9446
          RMSE             : Train 35.8201, Val 42.7070, Test 43.1505
Best:
          R2_Score         : Train 0.9616, Val 0.9466, Test 0.9446
          RMSE             : Train 35.8201, Val 42.7070, Test 43.1505
Epoch 63: Loss:            : Train 0.0013, Val 0.0019, Test 0.0019
          R2_Score         : Train 0.9619, Val 0.9465, Test 0.9445
          RMSE             : Train 35.7070, Val 42.7528, Test 43.2007
Best:
          R2_Score         : Train 0.9616, Val 0.9466, Test 0.9446
          RMSE             : Train 35.8201, Val 42.7070, Test 43.1505
Epoch 64: Loss:            : Train 0.0013, Val 0.0019, Test 0.0019
          R2_Score         : Train 0.9623, Val 0.9453, Test 0.9433
          RMSE             : Train 35.4924, Val 43.2507, Test 43.6776
Best:
          R2_Score         : Train 0.9616, Val 0.9466, Test 0.9446
          RMSE             : Train 35.8201, Val 42.7070, Test 43.1505
Epoch 65: Loss:            : Train 0.0013, Val 0.0019, Test 0.0019
          R2_Score         : Train 0.9623, Val 0.9442, Test 0.9435
          RMSE             : Train 35.5199, Val 43.6597, Test 43.5783
Best:
          R2_Score         : Train 0.9616, Val 0.9466, Test 0.9446
          RMSE             : Train 35.8201, Val 42.7070, Test 43.1505
Epoch 66: Loss:            : Train 0.0013, Val 0.0020, Test 0.0020
          R2_Score         : Train 0.9630, Val 0.9434, Test 0.9423
          RMSE             : Train 35.1796, Val 43.9721, Test 44.0667
Best:
          R2_Score         : Train 0.9616, Val 0.9466, Test 0.9446
          RMSE             : Train 35.8201, Val 42.7070, Test 43.1505
Epoch 67: Loss:            : Train 0.0013, Val 0.0019, Test 0.0019
          R2_Score         : Train 0.9633, Val 0.9442, Test 0.9433
          RMSE             : Train 35.0343, Val 43.6835, Test 43.6597
Best:
          R2_Score         : Train 0.9616, Val 0.9466, Test 0.9446
          RMSE             : Train 35.8201, Val 42.7070, Test 43.1505
Epoch 68: Loss:            : Train 0.0013, Val 0.0020, Test 0.0020
          R2_Score         : Train 0.9633, Val 0.9418, Test 0.9416
          RMSE             : Train 35.0319, Val 44.6180, Test 44.3258
Best:
          R2_Score         : Train 0.9616, Val 0.9466, Test 0.9446
          RMSE             : Train 35.8201, Val 42.7070, Test 43.1505
Epoch 69: Loss:            : Train 0.0013, Val 0.0020, Test 0.0020
          R2_Score         : Train 0.9634, Val 0.9435, Test 0.9427
          RMSE             : Train 35.0036, Val 43.9524, Test 43.8908
Best:
          R2_Score         : Train 0.9616, Val 0.9466, Test 0.9446
          RMSE             : Train 35.8201, Val 42.7070, Test 43.1505
Epoch 70: Loss:            : Train 0.0012, Val 0.0020, Test 0.0020
          R2_Score         : Train 0.9636, Val 0.9432, Test 0.9420
          RMSE             : Train 34.8896, Val 44.0491, Test 44.1657
Best:
          R2_Score         : Train 0.9616, Val 0.9466, Test 0.9446
          RMSE             : Train 35.8201, Val 42.7070, Test 43.1505
Epoch 71: Loss:            : Train 0.0012, Val 0.0019, Test 0.0020
          R2_Score         : Train 0.9643, Val 0.9456, Test 0.9430
          RMSE             : Train 34.5694, Val 43.1408, Test 43.7996
Best:
          R2_Score         : Train 0.9616, Val 0.9466, Test 0.9446
          RMSE             : Train 35.8201, Val 42.7070, Test 43.1505
Epoch 72: Loss:            : Train 0.0012, Val 0.0019, Test 0.0020
          R2_Score         : Train 0.9643, Val 0.9447, Test 0.9429
          RMSE             : Train 34.5656, Val 43.4731, Test 43.8135
Best:
          R2_Score         : Train 0.9616, Val 0.9466, Test 0.9446
          RMSE             : Train 35.8201, Val 42.7070, Test 43.1505
Epoch 73: Loss:            : Train 0.0012, Val 0.0019, Test 0.0019
          R2_Score         : Train 0.9646, Val 0.9446, Test 0.9435
          RMSE             : Train 34.3985, Val 43.5181, Test 43.5784
Best:
          R2_Score         : Train 0.9616, Val 0.9466, Test 0.9446
          RMSE             : Train 35.8201, Val 42.7070, Test 43.1505
Epoch 74: Loss:            : Train 0.0012, Val 0.0019, Test 0.0019
          R2_Score         : Train 0.9648, Val 0.9454, Test 0.9440
          RMSE             : Train 34.3025, Val 43.2098, Test 43.3794
Best:
          R2_Score         : Train 0.9616, Val 0.9466, Test 0.9446
          RMSE             : Train 35.8201, Val 42.7070, Test 43.1505
Epoch 75: Loss:            : Train 0.0012, Val 0.0020, Test 0.0020
          R2_Score         : Train 0.9651, Val 0.9436, Test 0.9428
          RMSE             : Train 34.1646, Val 43.9077, Test 43.8602
Best:
          R2_Score         : Train 0.9616, Val 0.9466, Test 0.9446
          RMSE             : Train 35.8201, Val 42.7070, Test 43.1505
Epoch 76: Loss:            : Train 0.0012, Val 0.0020, Test 0.0020
          R2_Score         : Train 0.9654, Val 0.9436, Test 0.9422
          RMSE             : Train 34.0470, Val 43.9166, Test 44.0901
Best:
          R2_Score         : Train 0.9616, Val 0.9466, Test 0.9446
          RMSE             : Train 35.8201, Val 42.7070, Test 43.1505
Epoch 77: Loss:            : Train 0.0012, Val 0.0021, Test 0.0021
          R2_Score         : Train 0.9655, Val 0.9397, Test 0.9389
          RMSE             : Train 33.9884, Val 45.4019, Test 45.3200
Best:
          R2_Score         : Train 0.9616, Val 0.9466, Test 0.9446
          RMSE             : Train 35.8201, Val 42.7070, Test 43.1505
Epoch 78: Loss:            : Train 0.0012, Val 0.0019, Test 0.0020
          R2_Score         : Train 0.9657, Val 0.9450, Test 0.9430
          RMSE             : Train 33.8616, Val 43.3803, Test 43.7698
Best:
          R2_Score         : Train 0.9616, Val 0.9466, Test 0.9446
          RMSE             : Train 35.8201, Val 42.7070, Test 43.1505
Epoch 79: Loss:            : Train 0.0012, Val 0.0020, Test 0.0020
          R2_Score         : Train 0.9659, Val 0.9441, Test 0.9424
          RMSE             : Train 33.7649, Val 43.6972, Test 44.0134
Best:
          R2_Score         : Train 0.9616, Val 0.9466, Test 0.9446
          RMSE             : Train 35.8201, Val 42.7070, Test 43.1505
Epoch 80: Loss:            : Train 0.0012, Val 0.0020, Test 0.0020
          R2_Score         : Train 0.9659, Val 0.9432, Test 0.9420
          RMSE             : Train 33.8002, Val 44.0500, Test 44.1624
Best:
          R2_Score         : Train 0.9616, Val 0.9466, Test 0.9446
          RMSE             : Train 35.8201, Val 42.7070, Test 43.1505
Epoch 81: Loss:            : Train 0.0011, Val 0.0020, Test 0.0020
          R2_Score         : Train 0.9666, Val 0.9423, Test 0.9418
          RMSE             : Train 33.4444, Val 44.4040, Test 44.2601
Best:
          R2_Score         : Train 0.9616, Val 0.9466, Test 0.9446
          RMSE             : Train 35.8201, Val 42.7070, Test 43.1505
Epoch 82: Loss:            : Train 0.0011, Val 0.0019, Test 0.0020
          R2_Score         : Train 0.9666, Val 0.9443, Test 0.9429
          RMSE             : Train 33.4434, Val 43.6262, Test 43.8226
Best:
          R2_Score         : Train 0.9616, Val 0.9466, Test 0.9446
          RMSE             : Train 35.8201, Val 42.7070, Test 43.1505
Epoch 83: Loss:            : Train 0.0011, Val 0.0020, Test 0.0020
          R2_Score         : Train 0.9670, Val 0.9437, Test 0.9429
          RMSE             : Train 33.2229, Val 43.8765, Test 43.8358
Best:
          R2_Score         : Train 0.9616, Val 0.9466, Test 0.9446
          RMSE             : Train 35.8201, Val 42.7070, Test 43.1505
Epoch 84: Loss:            : Train 0.0011, Val 0.0020, Test 0.0020
          R2_Score         : Train 0.9670, Val 0.9429, Test 0.9409
          RMSE             : Train 33.2325, Val 44.1739, Test 44.5961
Best:
          R2_Score         : Train 0.9616, Val 0.9466, Test 0.9446
          RMSE             : Train 35.8201, Val 42.7070, Test 43.1505
Epoch 85: Loss:            : Train 0.0011, Val 0.0020, Test 0.0020
          R2_Score         : Train 0.9673, Val 0.9415, Test 0.9405
          RMSE             : Train 33.0665, Val 44.7252, Test 44.7315
Best:
          R2_Score         : Train 0.9616, Val 0.9466, Test 0.9446
          RMSE             : Train 35.8201, Val 42.7070, Test 43.1505
Epoch 86: Loss:            : Train 0.0011, Val 0.0019, Test 0.0019
          R2_Score         : Train 0.9675, Val 0.9447, Test 0.9434
          RMSE             : Train 32.9737, Val 43.4792, Test 43.6209
Best:
          R2_Score         : Train 0.9616, Val 0.9466, Test 0.9446
          RMSE             : Train 35.8201, Val 42.7070, Test 43.1505
Epoch 87: Loss:            : Train 0.0011, Val 0.0020, Test 0.0020
          R2_Score         : Train 0.9675, Val 0.9428, Test 0.9416
          RMSE             : Train 32.9799, Val 44.2140, Test 44.3145
Best:
          R2_Score         : Train 0.9616, Val 0.9466, Test 0.9446
          RMSE             : Train 35.8201, Val 42.7070, Test 43.1505
Epoch 88: Loss:            : Train 0.0011, Val 0.0019, Test 0.0019
          R2_Score         : Train 0.9678, Val 0.9455, Test 0.9443
          RMSE             : Train 32.8096, Val 43.1661, Test 43.2832
Best:
          R2_Score         : Train 0.9616, Val 0.9466, Test 0.9446
          RMSE             : Train 35.8201, Val 42.7070, Test 43.1505
Epoch 89: Loss:            : Train 0.0011, Val 0.0020, Test 0.0020
          R2_Score         : Train 0.9679, Val 0.9417, Test 0.9409
          RMSE             : Train 32.7630, Val 44.6546, Test 44.5915
Best:
          R2_Score         : Train 0.9616, Val 0.9466, Test 0.9446
          RMSE             : Train 35.8201, Val 42.7070, Test 43.1505
Epoch 90: Loss:            : Train 0.0011, Val 0.0020, Test 0.0020
          R2_Score         : Train 0.9681, Val 0.9438, Test 0.9433
          RMSE             : Train 32.6586, Val 43.8459, Test 43.6840
Best:
          R2_Score         : Train 0.9616, Val 0.9466, Test 0.9446
          RMSE             : Train 35.8201, Val 42.7070, Test 43.1505
Epoch 91: Loss:            : Train 0.0011, Val 0.0019, Test 0.0020
          R2_Score         : Train 0.9683, Val 0.9447, Test 0.9429
          RMSE             : Train 32.5775, Val 43.4945, Test 43.8268
Best:
          R2_Score         : Train 0.9616, Val 0.9466, Test 0.9446
          RMSE             : Train 35.8201, Val 42.7070, Test 43.1505
Epoch 92: Loss:            : Train 0.0011, Val 0.0020, Test 0.0020
          R2_Score         : Train 0.9684, Val 0.9423, Test 0.9404
          RMSE             : Train 32.5326, Val 44.4305, Test 44.7553
Best:
          R2_Score         : Train 0.9616, Val 0.9466, Test 0.9446
          RMSE             : Train 35.8201, Val 42.7070, Test 43.1505
Epoch 93: Loss:            : Train 0.0011, Val 0.0020, Test 0.0020
          R2_Score         : Train 0.9686, Val 0.9435, Test 0.9426
          RMSE             : Train 32.4007, Val 43.9342, Test 43.9194
Best:
          R2_Score         : Train 0.9616, Val 0.9466, Test 0.9446
          RMSE             : Train 35.8201, Val 42.7070, Test 43.1505
Epoch 94: Loss:            : Train 0.0011, Val 0.0019, Test 0.0019
          R2_Score         : Train 0.9684, Val 0.9449, Test 0.9433
          RMSE             : Train 32.5042, Val 43.4122, Test 43.6695
Best:
          R2_Score         : Train 0.9616, Val 0.9466, Test 0.9446
          RMSE             : Train 35.8201, Val 42.7070, Test 43.1505
Epoch 95: Loss:            : Train 0.0011, Val 0.0019, Test 0.0020
          R2_Score         : Train 0.9689, Val 0.9441, Test 0.9425
          RMSE             : Train 32.2763, Val 43.7071, Test 43.9934
Best:
          R2_Score         : Train 0.9616, Val 0.9466, Test 0.9446
          RMSE             : Train 35.8201, Val 42.7070, Test 43.1505
Epoch 96: Loss:            : Train 0.0011, Val 0.0019, Test 0.0020
          R2_Score         : Train 0.9692, Val 0.9440, Test 0.9430
          RMSE             : Train 32.0953, Val 43.7594, Test 43.7763
Best:
          R2_Score         : Train 0.9616, Val 0.9466, Test 0.9446
          RMSE             : Train 35.8201, Val 42.7070, Test 43.1505
Epoch 97: Loss:            : Train 0.0010, Val 0.0019, Test 0.0019
          R2_Score         : Train 0.9693, Val 0.9446, Test 0.9432
          RMSE             : Train 32.0248, Val 43.5264, Test 43.6941
Best:
          R2_Score         : Train 0.9616, Val 0.9466, Test 0.9446
          RMSE             : Train 35.8201, Val 42.7070, Test 43.1505
Epoch 98: Loss:            : Train 0.0010, Val 0.0019, Test 0.0019
          R2_Score         : Train 0.9696, Val 0.9449, Test 0.9435
          RMSE             : Train 31.9000, Val 43.3856, Test 43.5812
Best:
          R2_Score         : Train 0.9616, Val 0.9466, Test 0.9446
          RMSE             : Train 35.8201, Val 42.7070, Test 43.1505
Epoch 99: Loss:            : Train 0.0010, Val 0.0019, Test 0.0019
          R2_Score         : Train 0.9696, Val 0.9450, Test 0.9443
          RMSE             : Train 31.9142, Val 43.3627, Test 43.2711
Best:
          R2_Score         : Train 0.9616, Val 0.9466, Test 0.9446
          RMSE             : Train 35.8201, Val 42.7070, Test 43.1505
Epoch 100: Loss:            : Train 0.0010, Val 0.0020, Test 0.0020
          R2_Score         : Train 0.9698, Val 0.9438, Test 0.9428
          RMSE             : Train 31.7972, Val 43.8484, Test 43.8621
Best:
          R2_Score         : Train 0.9616, Val 0.9466, Test 0.9446
          RMSE             : Train 35.8201, Val 42.7070, Test 43.1505
Training time (sec): 2360
