Loading house from data/beijing/house_clean.csv
Loading airbnb from data/beijing/airbnb_clean.csv
Current house columns Index(['cid', 'DOM', 'followers', 'square', 'livingRoom', 'drawingRoom',
       'kitchen', 'bathRoom', 'floor', 'constructionTime', 'ladderRatio',
       'elevator', 'fiveYearsProperty', 'subway', 'did_2', 'did_3', 'did_4',
       'did_5', 'did_6', 'did_7', 'did_8', 'did_9', 'did_10', 'did_11',
       'did_12', 'did_13', 'bt_2', 'bt_3', 'bt_4', 'rc_2', 'rc_3', 'rc_4',
       'bs_2', 'bs_3', 'bs_4', 'bs_5', 'bs_6', 'ty_2014', 'ty_2015', 'ty_2016',
       'ty_2017', 'ty_2018', 'tm_2', 'tm_3', 'tm_4', 'tm_5', 'tm_6', 'tm_7',
       'tm_8', 'tm_9', 'tm_10', 'tm_11', 'tm_12', 'lon', 'lat'],
      dtype='object')
Current airbnb columns Index(['lon', 'lat', 'price', 'minimum_nights', 'number_of_reviews',
       'reviews_per_month', 'calculated_host_listings_count',
       'availability_365', 'nbr_丰台区 ', 'nbr_大兴区 ', 'nbr_密云县 ', 'nbr_平谷区 ',
       'nbr_延庆县 ', 'nbr_怀柔区 ', 'nbr_房山区', 'nbr_昌平区', 'nbr_朝阳区 ', 'nbr_海淀区',
       'nbr_石景山区', 'nbr_西城区', 'nbr_通州区 ', 'nbr_门头沟区 ', 'nbr_顺义区 ',
       'rt_Private room', 'rt_Shared room'],
      dtype='object')
Loading data from cache
Done
Calculating noise scale
Standard variance of sim_score: 21178.86
Adding noise of scale 0.03770039820547777 to sim_scores
Adding noise of scale 0.03770039820547777 to sim_scores
Adding noise of scale 0.03770039820547777 to sim_scores
Preparing time (sec): 20
Initializing dataloader
Done
Prepare for training
Start training
================================================================================
                                    Kernel Shape Output Shape  Params  \
Layer                                                                   
0_local_models.0.fc_layers.Linear_0    [54, 200]   [128, 200]   11000   
1_local_models.0.fc_layers.Linear_1   [200, 100]   [128, 100]   20100   
2_local_models.1.fc_layers.Linear_0    [23, 200]   [128, 200]    4800   
3_local_models.1.fc_layers.Linear_1   [200, 100]   [128, 100]   20100   
4_agg_model.fc_layers.Linear_0        [200, 100]   [128, 100]   20100   
5_agg_model.fc_layers.Linear_1          [100, 1]     [128, 1]     101   

                                     Mult-Adds  
Layer                                           
0_local_models.0.fc_layers.Linear_0      10800  
1_local_models.0.fc_layers.Linear_1      20000  
2_local_models.1.fc_layers.Linear_0       4600  
3_local_models.1.fc_layers.Linear_1      20000  
4_agg_model.fc_layers.Linear_0           20000  
5_agg_model.fc_layers.Linear_1             100  
--------------------------------------------------------------------------------
                      Totals
Total params           76201
Trainable params       76201
Non-trainable params       0
Mult-Adds              75500
================================================================================
n_classes=2
task=regression
model_name=beijing_featuresim_p_5E-04_2022-02-01-07-44-57
sche_threshold=0.0001
sche_patience=10
sche_factor=0.1
use_scheduler=False
num_workers=4
device=cuda:6
test_batch_size=4096
train_batch_size=128
learning_rate=0.003
weight_decay=1e-05
num_epochs=100
model_save_path=ckp/beijing_featuresim_p_5E-04_2022-02-01-07-44-57.pth
test_rate=0.2
val_rate=0.1
multiprocess_context=fork
metrics=['r2_score', 'rmse']
metrics_f=[<metric.r2_score.R2Score object at 0x7f10fd4c4f40>, <metric.rmse.RMSE object at 0x7f10fd4c4f10>]
hidden_sizes=[200, 100]
model=SplitNN(
  (agg_model): MLP(
    (fc_layers): ModuleList(
      (0): Linear(in_features=200, out_features=100, bias=True)
      (1): Linear(in_features=100, out_features=1, bias=True)
    )
  )
  (local_models): ModuleList(
    (0): MLP(
      (fc_layers): ModuleList(
        (0): Linear(in_features=54, out_features=200, bias=True)
        (1): Linear(in_features=200, out_features=100, bias=True)
      )
    )
    (1): MLP(
      (fc_layers): ModuleList(
        (0): Linear(in_features=23, out_features=200, bias=True)
        (1): Linear(in_features=200, out_features=100, bias=True)
      )
    )
  )
)
writer=<torch.utils.tensorboard.writer.SummaryWriter object at 0x7f10fd4c4a00>
dataset_type=real
drop_key=True
num_common_features=2
tree_radius=0.01
tree_leaf_size=1000
knn_k=100
grid_min=-10.0
grid_max=10.0
grid_width=1.5
sim_scaler=StandardScaler()
filter_top_k=None
link_n_jobs=-1
psig_p=7
sim_leak_p=0.0005
link_threshold_t=0.01
link_epsilon=0.03
n_hash_lsh=20
edit_distance_threshold=1
n_hash_func=10
collision_rate=0.05
qgram_q=2
link_delta=0.03
feature_wise_sim=False
blocking_method=knn_priv_float
center_threshold=0.5
n_clusters=100
local_hidden_sizes=[[200], [200]]
cut_dims=[100, 100]
agg_hidden_sizes=[100]
scale_analysis=<utils.privacy.SimNoiseScale object at 0x7f10fd45a6a0>
data1_shape=(141050, 55)
data2_shape=(27827, 25)
Epoch 1: Loss:            : Train 0.0087, Val 0.0064, Test 0.0063
          R2_Score         : Train 0.7440, Val 0.8160, Test 0.8172
          RMSE             : Train 92.5539, Val 79.3086, Test 78.4130
Best:
          R2_Score         : Train 0.7440, Val 0.8160, Test 0.8172
          RMSE             : Train 92.5539, Val 79.3086, Test 78.4130
Epoch 2: Loss:            : Train 0.0058, Val 0.0059, Test 0.0058
          R2_Score         : Train 0.8294, Val 0.8307, Test 0.8318
          RMSE             : Train 75.5528, Val 76.0823, Test 75.2196
Best:
          R2_Score         : Train 0.8294, Val 0.8307, Test 0.8318
          RMSE             : Train 75.5528, Val 76.0823, Test 75.2196
Epoch 3: Loss:            : Train 0.0054, Val 0.0056, Test 0.0055
          R2_Score         : Train 0.8405, Val 0.8404, Test 0.8391
          RMSE             : Train 73.0489, Val 73.8636, Test 73.5574
Best:
          R2_Score         : Train 0.8405, Val 0.8404, Test 0.8391
          RMSE             : Train 73.0489, Val 73.8636, Test 73.5574
Epoch 4: Loss:            : Train 0.0052, Val 0.0053, Test 0.0053
          R2_Score         : Train 0.8467, Val 0.8471, Test 0.8469
          RMSE             : Train 71.6071, Val 72.3004, Test 71.7572
Best:
          R2_Score         : Train 0.8467, Val 0.8471, Test 0.8469
          RMSE             : Train 71.6071, Val 72.3004, Test 71.7572
Epoch 5: Loss:            : Train 0.0051, Val 0.0052, Test 0.0052
          R2_Score         : Train 0.8518, Val 0.8504, Test 0.8496
          RMSE             : Train 70.4089, Val 71.5208, Test 71.1296
Best:
          R2_Score         : Train 0.8518, Val 0.8504, Test 0.8496
          RMSE             : Train 70.4089, Val 71.5208, Test 71.1296
Epoch 6: Loss:            : Train 0.0050, Val 0.0052, Test 0.0052
          R2_Score         : Train 0.8550, Val 0.8498, Test 0.8491
          RMSE             : Train 69.6402, Val 71.6645, Test 71.2298
Best:
          R2_Score         : Train 0.8518, Val 0.8504, Test 0.8496
          RMSE             : Train 70.4089, Val 71.5208, Test 71.1296
Epoch 7: Loss:            : Train 0.0048, Val 0.0051, Test 0.0051
          R2_Score         : Train 0.8592, Val 0.8530, Test 0.8517
          RMSE             : Train 68.6446, Val 70.8968, Test 70.6333
Best:
          R2_Score         : Train 0.8592, Val 0.8530, Test 0.8517
          RMSE             : Train 68.6446, Val 70.8968, Test 70.6333
Epoch 8: Loss:            : Train 0.0047, Val 0.0052, Test 0.0051
          R2_Score         : Train 0.8618, Val 0.8519, Test 0.8509
          RMSE             : Train 68.0042, Val 71.1513, Test 70.8178
Best:
          R2_Score         : Train 0.8592, Val 0.8530, Test 0.8517
          RMSE             : Train 68.6446, Val 70.8968, Test 70.6333
Epoch 9: Loss:            : Train 0.0046, Val 0.0051, Test 0.0051
          R2_Score         : Train 0.8645, Val 0.8528, Test 0.8503
          RMSE             : Train 67.3340, Val 70.9255, Test 70.9509
Best:
          R2_Score         : Train 0.8592, Val 0.8530, Test 0.8517
          RMSE             : Train 68.6446, Val 70.8968, Test 70.6333
Epoch 10: Loss:            : Train 0.0046, Val 0.0049, Test 0.0048
          R2_Score         : Train 0.8660, Val 0.8597, Test 0.8590
          RMSE             : Train 66.9477, Val 69.2431, Test 68.8528
Best:
          R2_Score         : Train 0.8660, Val 0.8597, Test 0.8590
          RMSE             : Train 66.9477, Val 69.2431, Test 68.8528
Epoch 11: Loss:            : Train 0.0045, Val 0.0049, Test 0.0048
          R2_Score         : Train 0.8688, Val 0.8604, Test 0.8611
          RMSE             : Train 66.2555, Val 69.0896, Test 68.3432
Best:
          R2_Score         : Train 0.8688, Val 0.8604, Test 0.8611
          RMSE             : Train 66.2555, Val 69.0896, Test 68.3432
Epoch 12: Loss:            : Train 0.0044, Val 0.0049, Test 0.0048
          R2_Score         : Train 0.8720, Val 0.8600, Test 0.8608
          RMSE             : Train 65.4440, Val 69.1831, Test 68.4319
Best:
          R2_Score         : Train 0.8688, Val 0.8604, Test 0.8611
          RMSE             : Train 66.2555, Val 69.0896, Test 68.3432
Epoch 13: Loss:            : Train 0.0043, Val 0.0049, Test 0.0049
          R2_Score         : Train 0.8739, Val 0.8581, Test 0.8575
          RMSE             : Train 64.9540, Val 69.6512, Test 69.2213
Best:
          R2_Score         : Train 0.8688, Val 0.8604, Test 0.8611
          RMSE             : Train 66.2555, Val 69.0896, Test 68.3432
Epoch 14: Loss:            : Train 0.0042, Val 0.0048, Test 0.0047
          R2_Score         : Train 0.8762, Val 0.8625, Test 0.8621
          RMSE             : Train 64.3681, Val 68.5567, Test 68.0978
Best:
          R2_Score         : Train 0.8762, Val 0.8625, Test 0.8621
          RMSE             : Train 64.3681, Val 68.5567, Test 68.0978
Epoch 15: Loss:            : Train 0.0042, Val 0.0048, Test 0.0047
          R2_Score         : Train 0.8779, Val 0.8609, Test 0.8620
          RMSE             : Train 63.9024, Val 68.9551, Test 68.1267
Best:
          R2_Score         : Train 0.8762, Val 0.8625, Test 0.8621
          RMSE             : Train 64.3681, Val 68.5567, Test 68.0978
Epoch 16: Loss:            : Train 0.0041, Val 0.0047, Test 0.0046
          R2_Score         : Train 0.8791, Val 0.8658, Test 0.8648
          RMSE             : Train 63.6016, Val 67.7293, Test 67.4347
Best:
          R2_Score         : Train 0.8791, Val 0.8658, Test 0.8648
          RMSE             : Train 63.6016, Val 67.7293, Test 67.4347
Epoch 17: Loss:            : Train 0.0041, Val 0.0047, Test 0.0046
          R2_Score         : Train 0.8809, Val 0.8658, Test 0.8662
          RMSE             : Train 63.1231, Val 67.7445, Test 67.0771
Best:
          R2_Score         : Train 0.8791, Val 0.8658, Test 0.8648
          RMSE             : Train 63.6016, Val 67.7293, Test 67.4347
Epoch 18: Loss:            : Train 0.0040, Val 0.0047, Test 0.0046
          R2_Score         : Train 0.8822, Val 0.8642, Test 0.8656
          RMSE             : Train 62.7894, Val 68.1451, Test 67.2360
Best:
          R2_Score         : Train 0.8791, Val 0.8658, Test 0.8648
          RMSE             : Train 63.6016, Val 67.7293, Test 67.4347
Epoch 19: Loss:            : Train 0.0040, Val 0.0047, Test 0.0047
          R2_Score         : Train 0.8833, Val 0.8642, Test 0.8628
          RMSE             : Train 62.4720, Val 68.1371, Test 67.9358
Best:
          R2_Score         : Train 0.8791, Val 0.8658, Test 0.8648
          RMSE             : Train 63.6016, Val 67.7293, Test 67.4347
Epoch 20: Loss:            : Train 0.0039, Val 0.0048, Test 0.0048
          R2_Score         : Train 0.8852, Val 0.8615, Test 0.8604
          RMSE             : Train 61.9714, Val 68.8015, Test 68.5118
Best:
          R2_Score         : Train 0.8791, Val 0.8658, Test 0.8648
          RMSE             : Train 63.6016, Val 67.7293, Test 67.4347
Epoch 21: Loss:            : Train 0.0039, Val 0.0047, Test 0.0047
          R2_Score         : Train 0.8866, Val 0.8648, Test 0.8636
          RMSE             : Train 61.5898, Val 67.9945, Test 67.7282
Best:
          R2_Score         : Train 0.8791, Val 0.8658, Test 0.8648
          RMSE             : Train 63.6016, Val 67.7293, Test 67.4347
Epoch 22: Loss:            : Train 0.0038, Val 0.0047, Test 0.0047
          R2_Score         : Train 0.8877, Val 0.8642, Test 0.8644
          RMSE             : Train 61.2975, Val 68.1291, Test 67.5386
Best:
          R2_Score         : Train 0.8791, Val 0.8658, Test 0.8648
          RMSE             : Train 63.6016, Val 67.7293, Test 67.4347
Epoch 23: Loss:            : Train 0.0038, Val 0.0047, Test 0.0046
          R2_Score         : Train 0.8886, Val 0.8653, Test 0.8646
          RMSE             : Train 61.0410, Val 67.8486, Test 67.4714
Best:
          R2_Score         : Train 0.8791, Val 0.8658, Test 0.8648
          RMSE             : Train 63.6016, Val 67.7293, Test 67.4347
Epoch 24: Loss:            : Train 0.0038, Val 0.0047, Test 0.0046
          R2_Score         : Train 0.8900, Val 0.8659, Test 0.8653
          RMSE             : Train 60.6548, Val 67.7162, Test 67.3192
Best:
          R2_Score         : Train 0.8900, Val 0.8659, Test 0.8653
          RMSE             : Train 60.6548, Val 67.7162, Test 67.3192
Epoch 25: Loss:            : Train 0.0037, Val 0.0047, Test 0.0045
          R2_Score         : Train 0.8916, Val 0.8664, Test 0.8678
          RMSE             : Train 60.2150, Val 67.5883, Test 66.6819
Best:
          R2_Score         : Train 0.8916, Val 0.8664, Test 0.8678
          RMSE             : Train 60.2150, Val 67.5883, Test 66.6819
Epoch 26: Loss:            : Train 0.0037, Val 0.0047, Test 0.0046
          R2_Score         : Train 0.8920, Val 0.8678, Test 0.8671
          RMSE             : Train 60.1068, Val 67.2160, Test 66.8596
Best:
          R2_Score         : Train 0.8920, Val 0.8678, Test 0.8671
          RMSE             : Train 60.1068, Val 67.2160, Test 66.8596
Epoch 27: Loss:            : Train 0.0037, Val 0.0046, Test 0.0045
          R2_Score         : Train 0.8931, Val 0.8689, Test 0.8684
          RMSE             : Train 59.8063, Val 66.9496, Test 66.5276
Best:
          R2_Score         : Train 0.8931, Val 0.8689, Test 0.8684
          RMSE             : Train 59.8063, Val 66.9496, Test 66.5276
Epoch 28: Loss:            : Train 0.0036, Val 0.0047, Test 0.0046
          R2_Score         : Train 0.8945, Val 0.8653, Test 0.8657
          RMSE             : Train 59.4147, Val 67.8595, Test 67.2135
Best:
          R2_Score         : Train 0.8931, Val 0.8689, Test 0.8684
          RMSE             : Train 59.8063, Val 66.9496, Test 66.5276
Epoch 29: Loss:            : Train 0.0036, Val 0.0046, Test 0.0046
          R2_Score         : Train 0.8954, Val 0.8682, Test 0.8672
          RMSE             : Train 59.1443, Val 67.1349, Test 66.8281
Best:
          R2_Score         : Train 0.8931, Val 0.8689, Test 0.8684
          RMSE             : Train 59.8063, Val 66.9496, Test 66.5276
Epoch 30: Loss:            : Train 0.0035, Val 0.0048, Test 0.0048
          R2_Score         : Train 0.8962, Val 0.8619, Test 0.8615
          RMSE             : Train 58.9270, Val 68.7114, Test 68.2614
Best:
          R2_Score         : Train 0.8931, Val 0.8689, Test 0.8684
          RMSE             : Train 59.8063, Val 66.9496, Test 66.5276
Epoch 31: Loss:            : Train 0.0035, Val 0.0046, Test 0.0046
          R2_Score         : Train 0.8971, Val 0.8681, Test 0.8662
          RMSE             : Train 58.6841, Val 67.1384, Test 67.0893
Best:
          R2_Score         : Train 0.8931, Val 0.8689, Test 0.8684
          RMSE             : Train 59.8063, Val 66.9496, Test 66.5276
Epoch 32: Loss:            : Train 0.0035, Val 0.0047, Test 0.0046
          R2_Score         : Train 0.8978, Val 0.8664, Test 0.8667
          RMSE             : Train 58.4612, Val 67.5897, Test 66.9639
Best:
          R2_Score         : Train 0.8931, Val 0.8689, Test 0.8684
          RMSE             : Train 59.8063, Val 66.9496, Test 66.5276
Epoch 33: Loss:            : Train 0.0035, Val 0.0047, Test 0.0046
          R2_Score         : Train 0.8988, Val 0.8666, Test 0.8659
          RMSE             : Train 58.1955, Val 67.5278, Test 67.1464
Best:
          R2_Score         : Train 0.8931, Val 0.8689, Test 0.8684
          RMSE             : Train 59.8063, Val 66.9496, Test 66.5276
Epoch 34: Loss:            : Train 0.0034, Val 0.0047, Test 0.0047
          R2_Score         : Train 0.8996, Val 0.8640, Test 0.8635
          RMSE             : Train 57.9567, Val 68.1790, Test 67.7654
Best:
          R2_Score         : Train 0.8931, Val 0.8689, Test 0.8684
          RMSE             : Train 59.8063, Val 66.9496, Test 66.5276
Epoch 35: Loss:            : Train 0.0034, Val 0.0046, Test 0.0046
          R2_Score         : Train 0.9010, Val 0.8682, Test 0.8666
          RMSE             : Train 57.5489, Val 67.1147, Test 66.9822
Best:
          R2_Score         : Train 0.8931, Val 0.8689, Test 0.8684
          RMSE             : Train 59.8063, Val 66.9496, Test 66.5276
Epoch 36: Loss:            : Train 0.0034, Val 0.0047, Test 0.0046
          R2_Score         : Train 0.9017, Val 0.8660, Test 0.8660
          RMSE             : Train 57.3595, Val 67.6846, Test 67.1414
Best:
          R2_Score         : Train 0.8931, Val 0.8689, Test 0.8684
          RMSE             : Train 59.8063, Val 66.9496, Test 66.5276
Epoch 37: Loss:            : Train 0.0033, Val 0.0046, Test 0.0046
          R2_Score         : Train 0.9022, Val 0.8684, Test 0.8657
          RMSE             : Train 57.1998, Val 67.0822, Test 67.2130
Best:
          R2_Score         : Train 0.8931, Val 0.8689, Test 0.8684
          RMSE             : Train 59.8063, Val 66.9496, Test 66.5276
Epoch 38: Loss:            : Train 0.0033, Val 0.0046, Test 0.0045
          R2_Score         : Train 0.9029, Val 0.8683, Test 0.8675
          RMSE             : Train 57.0087, Val 67.1112, Test 66.7656
Best:
          R2_Score         : Train 0.8931, Val 0.8689, Test 0.8684
          RMSE             : Train 59.8063, Val 66.9496, Test 66.5276
Epoch 39: Loss:            : Train 0.0033, Val 0.0047, Test 0.0046
          R2_Score         : Train 0.9040, Val 0.8669, Test 0.8655
          RMSE             : Train 56.6738, Val 67.4488, Test 67.2511
Best:
          R2_Score         : Train 0.8931, Val 0.8689, Test 0.8684
          RMSE             : Train 59.8063, Val 66.9496, Test 66.5276
Epoch 40: Loss:            : Train 0.0033, Val 0.0046, Test 0.0046
          R2_Score         : Train 0.9037, Val 0.8687, Test 0.8660
          RMSE             : Train 56.7627, Val 67.0008, Test 67.1247
Best:
          R2_Score         : Train 0.8931, Val 0.8689, Test 0.8684
          RMSE             : Train 59.8063, Val 66.9496, Test 66.5276
Epoch 41: Loss:            : Train 0.0032, Val 0.0048, Test 0.0047
          R2_Score         : Train 0.9051, Val 0.8631, Test 0.8626
          RMSE             : Train 56.3464, Val 68.4056, Test 67.9866
Best:
          R2_Score         : Train 0.8931, Val 0.8689, Test 0.8684
          RMSE             : Train 59.8063, Val 66.9496, Test 66.5276
Epoch 42: Loss:            : Train 0.0032, Val 0.0047, Test 0.0047
          R2_Score         : Train 0.9057, Val 0.8654, Test 0.8637
          RMSE             : Train 56.1749, Val 67.8285, Test 67.7079
Best:
          R2_Score         : Train 0.8931, Val 0.8689, Test 0.8684
          RMSE             : Train 59.8063, Val 66.9496, Test 66.5276
Epoch 43: Loss:            : Train 0.0032, Val 0.0047, Test 0.0047
          R2_Score         : Train 0.9059, Val 0.8641, Test 0.8638
          RMSE             : Train 56.1025, Val 68.1639, Test 67.6781
Best:
          R2_Score         : Train 0.8931, Val 0.8689, Test 0.8684
          RMSE             : Train 59.8063, Val 66.9496, Test 66.5276
Epoch 44: Loss:            : Train 0.0032, Val 0.0047, Test 0.0046
          R2_Score         : Train 0.9069, Val 0.8661, Test 0.8658
          RMSE             : Train 55.8165, Val 67.6664, Test 67.1837
Best:
          R2_Score         : Train 0.8931, Val 0.8689, Test 0.8684
          RMSE             : Train 59.8063, Val 66.9496, Test 66.5276
Epoch 45: Loss:            : Train 0.0032, Val 0.0046, Test 0.0047
          R2_Score         : Train 0.9073, Val 0.8663, Test 0.8638
          RMSE             : Train 55.6849, Val 67.6085, Test 67.6779
Best:
          R2_Score         : Train 0.8931, Val 0.8689, Test 0.8684
          RMSE             : Train 59.8063, Val 66.9496, Test 66.5276
Epoch 46: Loss:            : Train 0.0031, Val 0.0050, Test 0.0049
          R2_Score         : Train 0.9083, Val 0.8573, Test 0.8580
          RMSE             : Train 55.3980, Val 69.8371, Test 69.1172
Best:
          R2_Score         : Train 0.8931, Val 0.8689, Test 0.8684
          RMSE             : Train 59.8063, Val 66.9496, Test 66.5276
Epoch 47: Loss:            : Train 0.0031, Val 0.0047, Test 0.0047
          R2_Score         : Train 0.9084, Val 0.8652, Test 0.8639
          RMSE             : Train 55.3549, Val 67.8895, Test 67.6655
Best:
          R2_Score         : Train 0.8931, Val 0.8689, Test 0.8684
          RMSE             : Train 59.8063, Val 66.9496, Test 66.5276
Epoch 48: Loss:            : Train 0.0031, Val 0.0047, Test 0.0046
          R2_Score         : Train 0.9091, Val 0.8641, Test 0.8645
          RMSE             : Train 55.1576, Val 68.1609, Test 67.5055
Best:
          R2_Score         : Train 0.8931, Val 0.8689, Test 0.8684
          RMSE             : Train 59.8063, Val 66.9496, Test 66.5276
Epoch 49: Loss:            : Train 0.0031, Val 0.0047, Test 0.0046
          R2_Score         : Train 0.9100, Val 0.8666, Test 0.8659
          RMSE             : Train 54.8704, Val 67.5263, Test 67.1509
Best:
          R2_Score         : Train 0.8931, Val 0.8689, Test 0.8684
          RMSE             : Train 59.8063, Val 66.9496, Test 66.5276
Epoch 50: Loss:            : Train 0.0031, Val 0.0048, Test 0.0047
          R2_Score         : Train 0.9104, Val 0.8616, Test 0.8630
          RMSE             : Train 54.7588, Val 68.7728, Test 67.8898
Best:
          R2_Score         : Train 0.8931, Val 0.8689, Test 0.8684
          RMSE             : Train 59.8063, Val 66.9496, Test 66.5276
Epoch 51: Loss:            : Train 0.0031, Val 0.0046, Test 0.0045
          R2_Score         : Train 0.9105, Val 0.8672, Test 0.8677
          RMSE             : Train 54.7345, Val 67.3718, Test 66.7013
Best:
          R2_Score         : Train 0.8931, Val 0.8689, Test 0.8684
          RMSE             : Train 59.8063, Val 66.9496, Test 66.5276
Epoch 52: Loss:            : Train 0.0030, Val 0.0048, Test 0.0046
          R2_Score         : Train 0.9110, Val 0.8634, Test 0.8649
          RMSE             : Train 54.5605, Val 68.3389, Test 67.3979
Best:
          R2_Score         : Train 0.8931, Val 0.8689, Test 0.8684
          RMSE             : Train 59.8063, Val 66.9496, Test 66.5276
Epoch 53: Loss:            : Train 0.0030, Val 0.0048, Test 0.0048
          R2_Score         : Train 0.9116, Val 0.8626, Test 0.8614
          RMSE             : Train 54.3728, Val 68.5450, Test 68.2813
Best:
          R2_Score         : Train 0.8931, Val 0.8689, Test 0.8684
          RMSE             : Train 59.8063, Val 66.9496, Test 66.5276
Epoch 54: Loss:            : Train 0.0030, Val 0.0047, Test 0.0046
          R2_Score         : Train 0.9123, Val 0.8647, Test 0.8651
          RMSE             : Train 54.1727, Val 68.0142, Test 67.3680
Best:
          R2_Score         : Train 0.8931, Val 0.8689, Test 0.8684
          RMSE             : Train 59.8063, Val 66.9496, Test 66.5276
Epoch 55: Loss:            : Train 0.0030, Val 0.0048, Test 0.0047
          R2_Score         : Train 0.9128, Val 0.8624, Test 0.8638
          RMSE             : Train 54.0127, Val 68.5952, Test 67.6693
Best:
          R2_Score         : Train 0.8931, Val 0.8689, Test 0.8684
          RMSE             : Train 59.8063, Val 66.9496, Test 66.5276
Epoch 56: Loss:            : Train 0.0030, Val 0.0048, Test 0.0047
          R2_Score         : Train 0.9131, Val 0.8614, Test 0.8621
          RMSE             : Train 53.9294, Val 68.8282, Test 68.0907
Best:
          R2_Score         : Train 0.8931, Val 0.8689, Test 0.8684
          RMSE             : Train 59.8063, Val 66.9496, Test 66.5276
Epoch 57: Loss:            : Train 0.0029, Val 0.0048, Test 0.0047
          R2_Score         : Train 0.9141, Val 0.8629, Test 0.8622
          RMSE             : Train 53.6029, Val 68.4525, Test 68.0672
Best:
          R2_Score         : Train 0.8931, Val 0.8689, Test 0.8684
          RMSE             : Train 59.8063, Val 66.9496, Test 66.5276
Epoch 58: Loss:            : Train 0.0029, Val 0.0047, Test 0.0047
          R2_Score         : Train 0.9146, Val 0.8643, Test 0.8641
          RMSE             : Train 53.4668, Val 68.1226, Test 67.6032
Best:
          R2_Score         : Train 0.8931, Val 0.8689, Test 0.8684
          RMSE             : Train 59.8063, Val 66.9496, Test 66.5276
Epoch 59: Loss:            : Train 0.0029, Val 0.0048, Test 0.0047
          R2_Score         : Train 0.9150, Val 0.8629, Test 0.8617
          RMSE             : Train 53.3324, Val 68.4704, Test 68.2015
Best:
          R2_Score         : Train 0.8931, Val 0.8689, Test 0.8684
          RMSE             : Train 59.8063, Val 66.9496, Test 66.5276
Epoch 60: Loss:            : Train 0.0029, Val 0.0048, Test 0.0047
          R2_Score         : Train 0.9151, Val 0.8624, Test 0.8626
          RMSE             : Train 53.2899, Val 68.5912, Test 67.9913
Best:
          R2_Score         : Train 0.8931, Val 0.8689, Test 0.8684
          RMSE             : Train 59.8063, Val 66.9496, Test 66.5276
Epoch 61: Loss:            : Train 0.0029, Val 0.0049, Test 0.0048
          R2_Score         : Train 0.9157, Val 0.8607, Test 0.8598
          RMSE             : Train 53.0985, Val 69.0166, Test 68.6781
Best:
          R2_Score         : Train 0.8931, Val 0.8689, Test 0.8684
          RMSE             : Train 59.8063, Val 66.9496, Test 66.5276
Epoch 62: Loss:            : Train 0.0029, Val 0.0047, Test 0.0046
          R2_Score         : Train 0.9157, Val 0.8655, Test 0.8658
          RMSE             : Train 53.1184, Val 67.8019, Test 67.1753
Best:
          R2_Score         : Train 0.8931, Val 0.8689, Test 0.8684
          RMSE             : Train 59.8063, Val 66.9496, Test 66.5276
Epoch 63: Loss:            : Train 0.0028, Val 0.0049, Test 0.0049
          R2_Score         : Train 0.9166, Val 0.8585, Test 0.8584
          RMSE             : Train 52.8377, Val 69.5618, Test 69.0172
Best:
          R2_Score         : Train 0.8931, Val 0.8689, Test 0.8684
          RMSE             : Train 59.8063, Val 66.9496, Test 66.5276
Epoch 64: Loss:            : Train 0.0028, Val 0.0049, Test 0.0048
          R2_Score         : Train 0.9171, Val 0.8601, Test 0.8612
          RMSE             : Train 52.6688, Val 69.1512, Test 68.3281
Best:
          R2_Score         : Train 0.8931, Val 0.8689, Test 0.8684
          RMSE             : Train 59.8063, Val 66.9496, Test 66.5276
Epoch 65: Loss:            : Train 0.0028, Val 0.0049, Test 0.0048
          R2_Score         : Train 0.9174, Val 0.8603, Test 0.8619
          RMSE             : Train 52.5742, Val 69.0947, Test 68.1524
Best:
          R2_Score         : Train 0.8931, Val 0.8689, Test 0.8684
          RMSE             : Train 59.8063, Val 66.9496, Test 66.5276
Epoch 66: Loss:            : Train 0.0028, Val 0.0050, Test 0.0048
          R2_Score         : Train 0.9179, Val 0.8561, Test 0.8595
          RMSE             : Train 52.4047, Val 70.1475, Test 68.7368
Best:
          R2_Score         : Train 0.8931, Val 0.8689, Test 0.8684
          RMSE             : Train 59.8063, Val 66.9496, Test 66.5276
Epoch 67: Loss:            : Train 0.0028, Val 0.0049, Test 0.0047
          R2_Score         : Train 0.9179, Val 0.8604, Test 0.8627
          RMSE             : Train 52.4213, Val 69.0920, Test 67.9652
Best:
          R2_Score         : Train 0.8931, Val 0.8689, Test 0.8684
          RMSE             : Train 59.8063, Val 66.9496, Test 66.5276
Epoch 68: Loss:            : Train 0.0028, Val 0.0048, Test 0.0047
          R2_Score         : Train 0.9184, Val 0.8606, Test 0.8620
          RMSE             : Train 52.2608, Val 69.0210, Test 68.1168
Best:
          R2_Score         : Train 0.8931, Val 0.8689, Test 0.8684
          RMSE             : Train 59.8063, Val 66.9496, Test 66.5276
Epoch 69: Loss:            : Train 0.0028, Val 0.0049, Test 0.0048
          R2_Score         : Train 0.9189, Val 0.8586, Test 0.8601
          RMSE             : Train 52.0817, Val 69.5361, Test 68.5913
Best:
          R2_Score         : Train 0.8931, Val 0.8689, Test 0.8684
          RMSE             : Train 59.8063, Val 66.9496, Test 66.5276
Epoch 70: Loss:            : Train 0.0028, Val 0.0048, Test 0.0047
          R2_Score         : Train 0.9194, Val 0.8621, Test 0.8620
          RMSE             : Train 51.9421, Val 68.6698, Test 68.1216
Best:
          R2_Score         : Train 0.8931, Val 0.8689, Test 0.8684
          RMSE             : Train 59.8063, Val 66.9496, Test 66.5276
Epoch 71: Loss:            : Train 0.0027, Val 0.0048, Test 0.0048
          R2_Score         : Train 0.9196, Val 0.8628, Test 0.8615
          RMSE             : Train 51.8478, Val 68.4841, Test 68.2592
Best:
          R2_Score         : Train 0.8931, Val 0.8689, Test 0.8684
          RMSE             : Train 59.8063, Val 66.9496, Test 66.5276
Epoch 72: Loss:            : Train 0.0027, Val 0.0048, Test 0.0047
          R2_Score         : Train 0.9201, Val 0.8612, Test 0.8620
          RMSE             : Train 51.6998, Val 68.8853, Test 68.1214
Best:
          R2_Score         : Train 0.8931, Val 0.8689, Test 0.8684
          RMSE             : Train 59.8063, Val 66.9496, Test 66.5276
Epoch 73: Loss:            : Train 0.0027, Val 0.0049, Test 0.0048
          R2_Score         : Train 0.9206, Val 0.8596, Test 0.8611
          RMSE             : Train 51.5500, Val 69.2705, Test 68.3446
Best:
          R2_Score         : Train 0.8931, Val 0.8689, Test 0.8684
          RMSE             : Train 59.8063, Val 66.9496, Test 66.5276
Epoch 74: Loss:            : Train 0.0027, Val 0.0049, Test 0.0048
          R2_Score         : Train 0.9205, Val 0.8606, Test 0.8615
          RMSE             : Train 51.5567, Val 69.0358, Test 68.2595
Best:
          R2_Score         : Train 0.8931, Val 0.8689, Test 0.8684
          RMSE             : Train 59.8063, Val 66.9496, Test 66.5276
Epoch 75: Loss:            : Train 0.0027, Val 0.0049, Test 0.0047
          R2_Score         : Train 0.9211, Val 0.8595, Test 0.8620
          RMSE             : Train 51.3729, Val 69.3150, Test 68.1350
Best:
          R2_Score         : Train 0.8931, Val 0.8689, Test 0.8684
          RMSE             : Train 59.8063, Val 66.9496, Test 66.5276
Epoch 76: Loss:            : Train 0.0027, Val 0.0048, Test 0.0047
          R2_Score         : Train 0.9211, Val 0.8616, Test 0.8618
          RMSE             : Train 51.3741, Val 68.7761, Test 68.1848
Best:
          R2_Score         : Train 0.8931, Val 0.8689, Test 0.8684
          RMSE             : Train 59.8063, Val 66.9496, Test 66.5276
Epoch 77: Loss:            : Train 0.0027, Val 0.0049, Test 0.0048
          R2_Score         : Train 0.9217, Val 0.8588, Test 0.8597
          RMSE             : Train 51.1710, Val 69.4812, Test 68.6949
Best:
          R2_Score         : Train 0.8931, Val 0.8689, Test 0.8684
          RMSE             : Train 59.8063, Val 66.9496, Test 66.5276
Epoch 78: Loss:            : Train 0.0027, Val 0.0049, Test 0.0048
          R2_Score         : Train 0.9222, Val 0.8578, Test 0.8589
          RMSE             : Train 51.0173, Val 69.7325, Test 68.8872
Best:
          R2_Score         : Train 0.8931, Val 0.8689, Test 0.8684
          RMSE             : Train 59.8063, Val 66.9496, Test 66.5276
Epoch 79: Loss:            : Train 0.0027, Val 0.0050, Test 0.0048
          R2_Score         : Train 0.9223, Val 0.8587, Test 0.8597
          RMSE             : Train 50.9752, Val 69.5057, Test 68.6910
Best:
          R2_Score         : Train 0.8931, Val 0.8689, Test 0.8684
          RMSE             : Train 59.8063, Val 66.9496, Test 66.5276
Epoch 80: Loss:            : Train 0.0027, Val 0.0050, Test 0.0049
          R2_Score         : Train 0.9224, Val 0.8562, Test 0.8561
          RMSE             : Train 50.9395, Val 70.1023, Test 69.5649
Best:
          R2_Score         : Train 0.8931, Val 0.8689, Test 0.8684
          RMSE             : Train 59.8063, Val 66.9496, Test 66.5276
Epoch 81: Loss:            : Train 0.0026, Val 0.0049, Test 0.0049
          R2_Score         : Train 0.9228, Val 0.8594, Test 0.8589
          RMSE             : Train 50.8300, Val 69.3196, Test 68.8879
Best:
          R2_Score         : Train 0.8931, Val 0.8689, Test 0.8684
          RMSE             : Train 59.8063, Val 66.9496, Test 66.5276
Epoch 82: Loss:            : Train 0.0026, Val 0.0050, Test 0.0049
          R2_Score         : Train 0.9232, Val 0.8576, Test 0.8584
          RMSE             : Train 50.7057, Val 69.7768, Test 69.0155
Best:
          R2_Score         : Train 0.8931, Val 0.8689, Test 0.8684
          RMSE             : Train 59.8063, Val 66.9496, Test 66.5276
Epoch 83: Loss:            : Train 0.0026, Val 0.0050, Test 0.0049
          R2_Score         : Train 0.9233, Val 0.8566, Test 0.8566
          RMSE             : Train 50.6567, Val 70.0125, Test 69.4396
Best:
          R2_Score         : Train 0.8931, Val 0.8689, Test 0.8684
          RMSE             : Train 59.8063, Val 66.9496, Test 66.5276
Epoch 84: Loss:            : Train 0.0026, Val 0.0050, Test 0.0049
          R2_Score         : Train 0.9234, Val 0.8572, Test 0.8576
          RMSE             : Train 50.6224, Val 69.8690, Test 69.1946
Best:
          R2_Score         : Train 0.8931, Val 0.8689, Test 0.8684
          RMSE             : Train 59.8063, Val 66.9496, Test 66.5276
Epoch 85: Loss:            : Train 0.0026, Val 0.0050, Test 0.0049
          R2_Score         : Train 0.9240, Val 0.8576, Test 0.8586
          RMSE             : Train 50.4188, Val 69.7647, Test 68.9643
Best:
          R2_Score         : Train 0.8931, Val 0.8689, Test 0.8684
          RMSE             : Train 59.8063, Val 66.9496, Test 66.5276
Epoch 86: Loss:            : Train 0.0026, Val 0.0050, Test 0.0049
          R2_Score         : Train 0.9243, Val 0.8570, Test 0.8583
          RMSE             : Train 50.3300, Val 69.9167, Test 69.0295
Best:
          R2_Score         : Train 0.8931, Val 0.8689, Test 0.8684
          RMSE             : Train 59.8063, Val 66.9496, Test 66.5276
Epoch 87: Loss:            : Train 0.0026, Val 0.0050, Test 0.0049
          R2_Score         : Train 0.9246, Val 0.8566, Test 0.8587
          RMSE             : Train 50.2096, Val 70.0264, Test 68.9446
Best:
          R2_Score         : Train 0.8931, Val 0.8689, Test 0.8684
          RMSE             : Train 59.8063, Val 66.9496, Test 66.5276
Epoch 88: Loss:            : Train 0.0026, Val 0.0049, Test 0.0049
          R2_Score         : Train 0.9249, Val 0.8592, Test 0.8579
          RMSE             : Train 50.1119, Val 69.3821, Test 69.1400
Best:
          R2_Score         : Train 0.8931, Val 0.8689, Test 0.8684
          RMSE             : Train 59.8063, Val 66.9496, Test 66.5276
Epoch 89: Loss:            : Train 0.0026, Val 0.0049, Test 0.0048
          R2_Score         : Train 0.9250, Val 0.8588, Test 0.8600
          RMSE             : Train 50.0754, Val 69.4763, Test 68.6208
Best:
          R2_Score         : Train 0.8931, Val 0.8689, Test 0.8684
          RMSE             : Train 59.8063, Val 66.9496, Test 66.5276
Epoch 90: Loss:            : Train 0.0025, Val 0.0050, Test 0.0049
          R2_Score         : Train 0.9255, Val 0.8569, Test 0.8570
          RMSE             : Train 49.9113, Val 69.9463, Test 69.3449
Best:
          R2_Score         : Train 0.8931, Val 0.8689, Test 0.8684
          RMSE             : Train 59.8063, Val 66.9496, Test 66.5276
Epoch 91: Loss:            : Train 0.0025, Val 0.0051, Test 0.0050
          R2_Score         : Train 0.9255, Val 0.8550, Test 0.8550
          RMSE             : Train 49.9102, Val 70.4083, Test 69.8341
Best:
          R2_Score         : Train 0.8931, Val 0.8689, Test 0.8684
          RMSE             : Train 59.8063, Val 66.9496, Test 66.5276
Epoch 92: Loss:            : Train 0.0025, Val 0.0049, Test 0.0048
          R2_Score         : Train 0.9256, Val 0.8606, Test 0.8600
          RMSE             : Train 49.8788, Val 69.0376, Test 68.6132
Best:
          R2_Score         : Train 0.8931, Val 0.8689, Test 0.8684
          RMSE             : Train 59.8063, Val 66.9496, Test 66.5276
Epoch 93: Loss:            : Train 0.0025, Val 0.0051, Test 0.0049
          R2_Score         : Train 0.9261, Val 0.8546, Test 0.8564
          RMSE             : Train 49.7344, Val 70.5128, Test 69.4892
Best:
          R2_Score         : Train 0.8931, Val 0.8689, Test 0.8684
          RMSE             : Train 59.8063, Val 66.9496, Test 66.5276
Epoch 94: Loss:            : Train 0.0025, Val 0.0050, Test 0.0049
          R2_Score         : Train 0.9264, Val 0.8567, Test 0.8571
          RMSE             : Train 49.6360, Val 69.9979, Test 69.3340
Best:
          R2_Score         : Train 0.8931, Val 0.8689, Test 0.8684
          RMSE             : Train 59.8063, Val 66.9496, Test 66.5276
Epoch 95: Loss:            : Train 0.0025, Val 0.0050, Test 0.0049
          R2_Score         : Train 0.9267, Val 0.8565, Test 0.8559
          RMSE             : Train 49.5183, Val 70.0504, Test 69.6051
Best:
          R2_Score         : Train 0.8931, Val 0.8689, Test 0.8684
          RMSE             : Train 59.8063, Val 66.9496, Test 66.5276
Epoch 96: Loss:            : Train 0.0025, Val 0.0049, Test 0.0049
          R2_Score         : Train 0.9265, Val 0.8585, Test 0.8576
          RMSE             : Train 49.5879, Val 69.5550, Test 69.2165
Best:
          R2_Score         : Train 0.8931, Val 0.8689, Test 0.8684
          RMSE             : Train 59.8063, Val 66.9496, Test 66.5276
Epoch 97: Loss:            : Train 0.0025, Val 0.0050, Test 0.0049
          R2_Score         : Train 0.9269, Val 0.8561, Test 0.8579
          RMSE             : Train 49.4635, Val 70.1468, Test 69.1352
Best:
          R2_Score         : Train 0.8931, Val 0.8689, Test 0.8684
          RMSE             : Train 59.8063, Val 66.9496, Test 66.5276
Epoch 98: Loss:            : Train 0.0025, Val 0.0050, Test 0.0050
          R2_Score         : Train 0.9275, Val 0.8569, Test 0.8558
          RMSE             : Train 49.2475, Val 69.9338, Test 69.6433
Best:
          R2_Score         : Train 0.8931, Val 0.8689, Test 0.8684
          RMSE             : Train 59.8063, Val 66.9496, Test 66.5276
Epoch 99: Loss:            : Train 0.0025, Val 0.0050, Test 0.0049
          R2_Score         : Train 0.9275, Val 0.8557, Test 0.8565
          RMSE             : Train 49.2497, Val 70.2412, Test 69.4820
Best:
          R2_Score         : Train 0.8931, Val 0.8689, Test 0.8684
          RMSE             : Train 59.8063, Val 66.9496, Test 66.5276
Epoch 100: Loss:            : Train 0.0025, Val 0.0050, Test 0.0049
          R2_Score         : Train 0.9277, Val 0.8556, Test 0.8570
          RMSE             : Train 49.1709, Val 70.2673, Test 69.3502
Best:
          R2_Score         : Train 0.8931, Val 0.8689, Test 0.8684
          RMSE             : Train 59.8063, Val 66.9496, Test 66.5276
Training time (sec): 5022
