Loading house from data/beijing/house_clean.csv
Loading airbnb from data/beijing/airbnb_clean.csv
Current house columns Index(['cid', 'DOM', 'followers', 'square', 'livingRoom', 'drawingRoom',
       'kitchen', 'bathRoom', 'floor', 'constructionTime', 'ladderRatio',
       'elevator', 'fiveYearsProperty', 'subway', 'did_2', 'did_3', 'did_4',
       'did_5', 'did_6', 'did_7', 'did_8', 'did_9', 'did_10', 'did_11',
       'did_12', 'did_13', 'bt_2', 'bt_3', 'bt_4', 'rc_2', 'rc_3', 'rc_4',
       'bs_2', 'bs_3', 'bs_4', 'bs_5', 'bs_6', 'ty_2014', 'ty_2015', 'ty_2016',
       'ty_2017', 'ty_2018', 'tm_2', 'tm_3', 'tm_4', 'tm_5', 'tm_6', 'tm_7',
       'tm_8', 'tm_9', 'tm_10', 'tm_11', 'tm_12', 'lon', 'lat'],
      dtype='object')
Current airbnb columns Index(['lon', 'lat', 'price', 'minimum_nights', 'number_of_reviews',
       'reviews_per_month', 'calculated_host_listings_count',
       'availability_365', 'nbr_丰台区 ', 'nbr_大兴区 ', 'nbr_密云县 ', 'nbr_平谷区 ',
       'nbr_延庆县 ', 'nbr_怀柔区 ', 'nbr_房山区', 'nbr_昌平区', 'nbr_朝阳区 ', 'nbr_海淀区',
       'nbr_石景山区', 'nbr_西城区', 'nbr_通州区 ', 'nbr_门头沟区 ', 'nbr_顺义区 ',
       'rt_Private room', 'rt_Shared room'],
      dtype='object')
Loading data from cache
Done
Calculating noise scale
Standard variance of sim_score: 21178.86
Adding noise of scale 0.40670195850934815 to sim_scores
Adding noise of scale 0.40670195850934815 to sim_scores
Adding noise of scale 0.40670195850934815 to sim_scores
Generating top1 dataset
Generating top1 dataset
Generating top1 dataset
Preparing time (sec): 10
Loading data
Prepare for training
Start training
================================================================================
                                    Kernel Shape Output Shape  Params  \
Layer                                                                   
0_local_models.0.fc_layers.Linear_0    [53, 200]  [4096, 200]   10800   
1_local_models.0.fc_layers.Linear_1   [200, 100]  [4096, 100]   20100   
2_local_models.1.fc_layers.Linear_0    [23, 200]  [4096, 200]    4800   
3_local_models.1.fc_layers.Linear_1   [200, 100]  [4096, 100]   20100   
4_agg_model.fc_layers.Linear_0        [200, 100]  [4096, 100]   20100   
5_agg_model.fc_layers.Linear_1          [100, 1]    [4096, 1]     101   

                                     Mult-Adds  
Layer                                           
0_local_models.0.fc_layers.Linear_0      10600  
1_local_models.0.fc_layers.Linear_1      20000  
2_local_models.1.fc_layers.Linear_0       4600  
3_local_models.1.fc_layers.Linear_1      20000  
4_agg_model.fc_layers.Linear_0           20000  
5_agg_model.fc_layers.Linear_1             100  
--------------------------------------------------------------------------------
                      Totals
Total params           76001
Trainable params       76001
Non-trainable params       0
Mult-Adds              75300
================================================================================
n_classes=2
task=regression
model_name=beijing_top1sim_p_5E-05_2022-01-25-06-02-32
sche_threshold=0.0001
sche_patience=10
sche_factor=0.1
use_scheduler=False
num_workers=4
device=cuda:0
test_batch_size=4096
train_batch_size=4096
learning_rate=0.003
weight_decay=1e-05
num_epochs=50
model_save_path=ckp/beijing_top1sim_p_5E-05_2022-01-25-06-02-32.pth
test_rate=0.2
val_rate=0.1
multiprocess_context=fork
metrics=['r2_score', 'rmse']
metrics_f=[<metric.r2_score.R2Score object at 0x7f9a3d9a1f70>, <metric.rmse.RMSE object at 0x7f9a3d9a1c70>]
hidden_sizes=[200, 100]
model=SplitNN(
  (agg_model): MLP(
    (fc_layers): ModuleList(
      (0): Linear(in_features=200, out_features=100, bias=True)
      (1): Linear(in_features=100, out_features=1, bias=True)
    )
  )
  (local_models): ModuleList(
    (0): MLP(
      (fc_layers): ModuleList(
        (0): Linear(in_features=53, out_features=200, bias=True)
        (1): Linear(in_features=200, out_features=100, bias=True)
      )
    )
    (1): MLP(
      (fc_layers): ModuleList(
        (0): Linear(in_features=23, out_features=200, bias=True)
        (1): Linear(in_features=200, out_features=100, bias=True)
      )
    )
  )
)
writer=<torch.utils.tensorboard.writer.SummaryWriter object at 0x7f9a3d9a17f0>
dataset_type=real
drop_key=True
num_common_features=2
tree_radius=0.01
tree_leaf_size=1000
knn_k=100
grid_min=-10.0
grid_max=10.0
grid_width=1.5
sim_scaler=StandardScaler()
filter_top_k=None
link_n_jobs=-1
psig_p=7
sim_leak_p=5e-05
link_threshold_t=0.01
link_epsilon=0.03
n_hash_lsh=20
edit_distance_threshold=1
n_hash_func=10
collision_rate=0.05
qgram_q=2
link_delta=0.03
feature_wise_sim=False
blocking_method=knn_priv_float
center_threshold=0.5
n_clusters=100
local_hidden_sizes=[[200], [200]]
cut_dims=[100, 100]
agg_hidden_sizes=[100]
scale_analysis=<utils.privacy.SimNoiseScale object at 0x7f9a3cd700a0>
data1_shape=(141050, 55)
data2_shape=(27827, 25)
Epoch 1: Loss:            : Train 0.0000, Val 0.0255, Test 0.0260
          R2_Score         : Train 0.0184, Val 0.2422, Test 0.2406
          RMSE             : Train 181.2235, Val 160.9547, Test 159.8152
Best:
          R2_Score         : Train 0.0184, Val 0.2422, Test 0.2406
          RMSE             : Train 181.2235, Val 160.9547, Test 159.8152
Epoch 2: Loss:            : Train 0.0000, Val 0.0140, Test 0.0140
          R2_Score         : Train 0.4168, Val 0.5917, Test 0.5920
          RMSE             : Train 139.6829, Val 118.1422, Test 117.1446
Best:
          R2_Score         : Train 0.4168, Val 0.5917, Test 0.5920
          RMSE             : Train 139.6829, Val 118.1422, Test 117.1446
Epoch 3: Loss:            : Train 0.0000, Val 0.0100, Test 0.0098
          R2_Score         : Train 0.6609, Val 0.7162, Test 0.7146
          RMSE             : Train 106.5132, Val 98.4962, Test 97.9701
Best:
          R2_Score         : Train 0.6609, Val 0.7162, Test 0.7146
          RMSE             : Train 106.5132, Val 98.4962, Test 97.9701
Epoch 4: Loss:            : Train 0.0000, Val 0.0080, Test 0.0079
          R2_Score         : Train 0.7456, Val 0.7725, Test 0.7701
          RMSE             : Train 92.2525, Val 88.1945, Test 87.9269
Best:
          R2_Score         : Train 0.7456, Val 0.7725, Test 0.7701
          RMSE             : Train 92.2525, Val 88.1945, Test 87.9269
Epoch 5: Loss:            : Train 0.0000, Val 0.0073, Test 0.0071
          R2_Score         : Train 0.7876, Val 0.7953, Test 0.7927
          RMSE             : Train 84.2925, Val 83.6500, Test 83.4992
Best:
          R2_Score         : Train 0.7876, Val 0.7953, Test 0.7927
          RMSE             : Train 84.2925, Val 83.6500, Test 83.4992
Epoch 6: Loss:            : Train 0.0000, Val 0.0066, Test 0.0065
          R2_Score         : Train 0.8072, Val 0.8121, Test 0.8117
          RMSE             : Train 80.3041, Val 80.1541, Test 79.5780
Best:
          R2_Score         : Train 0.8072, Val 0.8121, Test 0.8117
          RMSE             : Train 80.3041, Val 80.1541, Test 79.5780
Epoch 7: Loss:            : Train 0.0000, Val 0.0063, Test 0.0062
          R2_Score         : Train 0.8185, Val 0.8201, Test 0.8187
          RMSE             : Train 77.9243, Val 78.4290, Test 78.0879
Best:
          R2_Score         : Train 0.8185, Val 0.8201, Test 0.8187
          RMSE             : Train 77.9243, Val 78.4290, Test 78.0879
Epoch 8: Loss:            : Train 0.0000, Val 0.0063, Test 0.0061
          R2_Score         : Train 0.8243, Val 0.8225, Test 0.8218
          RMSE             : Train 76.6621, Val 77.8980, Test 77.4143
Best:
          R2_Score         : Train 0.8243, Val 0.8225, Test 0.8218
          RMSE             : Train 76.6621, Val 77.8980, Test 77.4143
Epoch 9: Loss:            : Train 0.0000, Val 0.0061, Test 0.0059
          R2_Score         : Train 0.8279, Val 0.8272, Test 0.8281
          RMSE             : Train 75.8819, Val 76.8487, Test 76.0377
Best:
          R2_Score         : Train 0.8279, Val 0.8272, Test 0.8281
          RMSE             : Train 75.8819, Val 76.8487, Test 76.0377
Epoch 10: Loss:            : Train 0.0000, Val 0.0060, Test 0.0058
          R2_Score         : Train 0.8334, Val 0.8291, Test 0.8302
          RMSE             : Train 74.6513, Val 76.4259, Test 75.5668
Best:
          R2_Score         : Train 0.8334, Val 0.8291, Test 0.8302
          RMSE             : Train 74.6513, Val 76.4259, Test 75.5668
Epoch 11: Loss:            : Train 0.0000, Val 0.0060, Test 0.0058
          R2_Score         : Train 0.8366, Val 0.8303, Test 0.8309
          RMSE             : Train 73.9439, Val 76.1681, Test 75.4173
Best:
          R2_Score         : Train 0.8366, Val 0.8303, Test 0.8309
          RMSE             : Train 73.9439, Val 76.1681, Test 75.4173
Epoch 12: Loss:            : Train 0.0000, Val 0.0057, Test 0.0056
          R2_Score         : Train 0.8397, Val 0.8375, Test 0.8376
          RMSE             : Train 73.2244, Val 74.5313, Test 73.9056
Best:
          R2_Score         : Train 0.8397, Val 0.8375, Test 0.8376
          RMSE             : Train 73.2244, Val 74.5313, Test 73.9056
Epoch 13: Loss:            : Train 0.0000, Val 0.0058, Test 0.0056
          R2_Score         : Train 0.8441, Val 0.8346, Test 0.8371
          RMSE             : Train 72.2165, Val 75.1849, Test 74.0256
Best:
          R2_Score         : Train 0.8397, Val 0.8375, Test 0.8376
          RMSE             : Train 73.2244, Val 74.5313, Test 73.9056
Epoch 14: Loss:            : Train 0.0000, Val 0.0057, Test 0.0055
          R2_Score         : Train 0.8459, Val 0.8382, Test 0.8395
          RMSE             : Train 71.7935, Val 74.3815, Test 73.4798
Best:
          R2_Score         : Train 0.8459, Val 0.8382, Test 0.8395
          RMSE             : Train 71.7935, Val 74.3815, Test 73.4798
Epoch 15: Loss:            : Train 0.0000, Val 0.0061, Test 0.0060
          R2_Score         : Train 0.8455, Val 0.8261, Test 0.8259
          RMSE             : Train 71.8851, Val 77.1133, Test 76.5122
Best:
          R2_Score         : Train 0.8459, Val 0.8382, Test 0.8395
          RMSE             : Train 71.7935, Val 74.3815, Test 73.4798
Epoch 16: Loss:            : Train 0.0000, Val 0.0056, Test 0.0055
          R2_Score         : Train 0.8456, Val 0.8404, Test 0.8407
          RMSE             : Train 71.8801, Val 73.8552, Test 73.1927
Best:
          R2_Score         : Train 0.8456, Val 0.8404, Test 0.8407
          RMSE             : Train 71.8801, Val 73.8552, Test 73.1927
Epoch 17: Loss:            : Train 0.0000, Val 0.0056, Test 0.0054
          R2_Score         : Train 0.8505, Val 0.8423, Test 0.8440
          RMSE             : Train 70.7153, Val 73.4161, Test 72.4426
Best:
          R2_Score         : Train 0.8505, Val 0.8423, Test 0.8440
          RMSE             : Train 70.7153, Val 73.4161, Test 72.4426
Epoch 18: Loss:            : Train 0.0000, Val 0.0055, Test 0.0053
          R2_Score         : Train 0.8540, Val 0.8435, Test 0.8453
          RMSE             : Train 69.8890, Val 73.1347, Test 72.1265
Best:
          R2_Score         : Train 0.8540, Val 0.8435, Test 0.8453
          RMSE             : Train 69.8890, Val 73.1347, Test 72.1265
Epoch 19: Loss:            : Train 0.0000, Val 0.0054, Test 0.0053
          R2_Score         : Train 0.8558, Val 0.8460, Test 0.8465
          RMSE             : Train 69.4495, Val 72.5578, Test 71.8481
Best:
          R2_Score         : Train 0.8558, Val 0.8460, Test 0.8465
          RMSE             : Train 69.4495, Val 72.5578, Test 71.8481
Epoch 20: Loss:            : Train 0.0000, Val 0.0054, Test 0.0052
          R2_Score         : Train 0.8581, Val 0.8457, Test 0.8475
          RMSE             : Train 68.9134, Val 72.6397, Test 71.6286
Best:
          R2_Score         : Train 0.8558, Val 0.8460, Test 0.8465
          RMSE             : Train 69.4495, Val 72.5578, Test 71.8481
Epoch 21: Loss:            : Train 0.0000, Val 0.0055, Test 0.0054
          R2_Score         : Train 0.8604, Val 0.8425, Test 0.8438
          RMSE             : Train 68.3411, Val 73.3801, Test 72.4831
Best:
          R2_Score         : Train 0.8558, Val 0.8460, Test 0.8465
          RMSE             : Train 69.4495, Val 72.5578, Test 71.8481
Epoch 22: Loss:            : Train 0.0000, Val 0.0055, Test 0.0054
          R2_Score         : Train 0.8595, Val 0.8430, Test 0.8437
          RMSE             : Train 68.5682, Val 73.2515, Test 72.4960
Best:
          R2_Score         : Train 0.8558, Val 0.8460, Test 0.8465
          RMSE             : Train 69.4495, Val 72.5578, Test 71.8481
Epoch 23: Loss:            : Train 0.0000, Val 0.0054, Test 0.0052
          R2_Score         : Train 0.8598, Val 0.8452, Test 0.8475
          RMSE             : Train 68.4988, Val 72.7530, Test 71.6104
Best:
          R2_Score         : Train 0.8558, Val 0.8460, Test 0.8465
          RMSE             : Train 69.4495, Val 72.5578, Test 71.8481
Epoch 24: Loss:            : Train 0.0000, Val 0.0054, Test 0.0053
          R2_Score         : Train 0.8619, Val 0.8453, Test 0.8470
          RMSE             : Train 67.9651, Val 72.7187, Test 71.7247
Best:
          R2_Score         : Train 0.8558, Val 0.8460, Test 0.8465
          RMSE             : Train 69.4495, Val 72.5578, Test 71.8481
Epoch 25: Loss:            : Train 0.0000, Val 0.0053, Test 0.0052
          R2_Score         : Train 0.8643, Val 0.8478, Test 0.8485
          RMSE             : Train 67.3878, Val 72.1216, Test 71.3839
Best:
          R2_Score         : Train 0.8643, Val 0.8478, Test 0.8485
          RMSE             : Train 67.3878, Val 72.1216, Test 71.3839
Epoch 26: Loss:            : Train 0.0000, Val 0.0053, Test 0.0052
          R2_Score         : Train 0.8661, Val 0.8472, Test 0.8487
          RMSE             : Train 66.9404, Val 72.2723, Test 71.3293
Best:
          R2_Score         : Train 0.8643, Val 0.8478, Test 0.8485
          RMSE             : Train 67.3878, Val 72.1216, Test 71.3839
Epoch 27: Loss:            : Train 0.0000, Val 0.0054, Test 0.0053
          R2_Score         : Train 0.8672, Val 0.8457, Test 0.8469
          RMSE             : Train 66.6649, Val 72.6305, Test 71.7576
Best:
          R2_Score         : Train 0.8643, Val 0.8478, Test 0.8485
          RMSE             : Train 67.3878, Val 72.1216, Test 71.3839
Epoch 28: Loss:            : Train 0.0000, Val 0.0053, Test 0.0052
          R2_Score         : Train 0.8676, Val 0.8491, Test 0.8496
          RMSE             : Train 66.5536, Val 71.8174, Test 71.1239
Best:
          R2_Score         : Train 0.8676, Val 0.8491, Test 0.8496
          RMSE             : Train 66.5536, Val 71.8174, Test 71.1239
Epoch 29: Loss:            : Train 0.0000, Val 0.0053, Test 0.0052
          R2_Score         : Train 0.8697, Val 0.8471, Test 0.8478
          RMSE             : Train 66.0354, Val 72.3082, Test 71.5484
Best:
          R2_Score         : Train 0.8676, Val 0.8491, Test 0.8496
          RMSE             : Train 66.5536, Val 71.8174, Test 71.1239
Epoch 30: Loss:            : Train 0.0000, Val 0.0053, Test 0.0052
          R2_Score         : Train 0.8704, Val 0.8481, Test 0.8498
          RMSE             : Train 65.8436, Val 72.0678, Test 71.0839
Best:
          R2_Score         : Train 0.8676, Val 0.8491, Test 0.8496
          RMSE             : Train 66.5536, Val 71.8174, Test 71.1239
Epoch 31: Loss:            : Train 0.0000, Val 0.0052, Test 0.0050
          R2_Score         : Train 0.8726, Val 0.8529, Test 0.8545
          RMSE             : Train 65.2886, Val 70.9246, Test 69.9574
Best:
          R2_Score         : Train 0.8726, Val 0.8529, Test 0.8545
          RMSE             : Train 65.2886, Val 70.9246, Test 69.9574
Epoch 32: Loss:            : Train 0.0000, Val 0.0051, Test 0.0049
          R2_Score         : Train 0.8754, Val 0.8541, Test 0.8559
          RMSE             : Train 64.5730, Val 70.6146, Test 69.6145
Best:
          R2_Score         : Train 0.8754, Val 0.8541, Test 0.8559
          RMSE             : Train 64.5730, Val 70.6146, Test 69.6145
Epoch 33: Loss:            : Train 0.0000, Val 0.0051, Test 0.0049
          R2_Score         : Train 0.8752, Val 0.8536, Test 0.8561
          RMSE             : Train 64.6246, Val 70.7342, Test 69.5741
Best:
          R2_Score         : Train 0.8754, Val 0.8541, Test 0.8559
          RMSE             : Train 64.5730, Val 70.6146, Test 69.6145
Epoch 34: Loss:            : Train 0.0000, Val 0.0052, Test 0.0051
          R2_Score         : Train 0.8764, Val 0.8498, Test 0.8520
          RMSE             : Train 64.2961, Val 71.6498, Test 70.5499
Best:
          R2_Score         : Train 0.8754, Val 0.8541, Test 0.8559
          RMSE             : Train 64.5730, Val 70.6146, Test 69.6145
Epoch 35: Loss:            : Train 0.0000, Val 0.0051, Test 0.0049
          R2_Score         : Train 0.8756, Val 0.8534, Test 0.8568
          RMSE             : Train 64.5235, Val 70.7980, Test 69.4100
Best:
          R2_Score         : Train 0.8754, Val 0.8541, Test 0.8559
          RMSE             : Train 64.5730, Val 70.6146, Test 69.6145
Epoch 36: Loss:            : Train 0.0000, Val 0.0051, Test 0.0050
          R2_Score         : Train 0.8775, Val 0.8543, Test 0.8553
          RMSE             : Train 64.0212, Val 70.5758, Test 69.7566
Best:
          R2_Score         : Train 0.8775, Val 0.8543, Test 0.8553
          RMSE             : Train 64.0212, Val 70.5758, Test 69.7566
Epoch 37: Loss:            : Train 0.0000, Val 0.0051, Test 0.0049
          R2_Score         : Train 0.8792, Val 0.8543, Test 0.8567
          RMSE             : Train 63.5699, Val 70.5854, Test 69.4114
Best:
          R2_Score         : Train 0.8775, Val 0.8543, Test 0.8553
          RMSE             : Train 64.0212, Val 70.5758, Test 69.7566
Epoch 38: Loss:            : Train 0.0000, Val 0.0051, Test 0.0049
          R2_Score         : Train 0.8800, Val 0.8555, Test 0.8581
          RMSE             : Train 63.3700, Val 70.2891, Test 69.0867
Best:
          R2_Score         : Train 0.8800, Val 0.8555, Test 0.8581
          RMSE             : Train 63.3700, Val 70.2891, Test 69.0867
Epoch 39: Loss:            : Train 0.0000, Val 0.0052, Test 0.0050
          R2_Score         : Train 0.8789, Val 0.8506, Test 0.8530
          RMSE             : Train 63.6568, Val 71.4628, Test 70.3206
Best:
          R2_Score         : Train 0.8800, Val 0.8555, Test 0.8581
          RMSE             : Train 63.3700, Val 70.2891, Test 69.0867
Epoch 40: Loss:            : Train 0.0000, Val 0.0051, Test 0.0049
          R2_Score         : Train 0.8802, Val 0.8558, Test 0.8575
          RMSE             : Train 63.2986, Val 70.2043, Test 69.2328
Best:
          R2_Score         : Train 0.8802, Val 0.8558, Test 0.8575
          RMSE             : Train 63.2986, Val 70.2043, Test 69.2328
Epoch 41: Loss:            : Train 0.0000, Val 0.0051, Test 0.0050
          R2_Score         : Train 0.8825, Val 0.8541, Test 0.8557
          RMSE             : Train 62.6987, Val 70.6251, Test 69.6702
Best:
          R2_Score         : Train 0.8802, Val 0.8558, Test 0.8575
          RMSE             : Train 63.2986, Val 70.2043, Test 69.2328
Epoch 42: Loss:            : Train 0.0000, Val 0.0050, Test 0.0048
          R2_Score         : Train 0.8820, Val 0.8576, Test 0.8591
          RMSE             : Train 62.8258, Val 69.7611, Test 68.8487
Best:
          R2_Score         : Train 0.8820, Val 0.8576, Test 0.8591
          RMSE             : Train 62.8258, Val 69.7611, Test 68.8487
Epoch 43: Loss:            : Train 0.0000, Val 0.0052, Test 0.0050
          R2_Score         : Train 0.8825, Val 0.8526, Test 0.8541
          RMSE             : Train 62.6939, Val 70.9813, Test 70.0404
Best:
          R2_Score         : Train 0.8820, Val 0.8576, Test 0.8591
          RMSE             : Train 62.8258, Val 69.7611, Test 68.8487
Epoch 44: Loss:            : Train 0.0000, Val 0.0050, Test 0.0048
          R2_Score         : Train 0.8835, Val 0.8583, Test 0.8592
          RMSE             : Train 62.4357, Val 69.6078, Test 68.8101
Best:
          R2_Score         : Train 0.8835, Val 0.8583, Test 0.8592
          RMSE             : Train 62.4357, Val 69.6078, Test 68.8101
Epoch 45: Loss:            : Train 0.0000, Val 0.0050, Test 0.0048
          R2_Score         : Train 0.8846, Val 0.8579, Test 0.8596
          RMSE             : Train 62.1389, Val 69.6943, Test 68.7143
Best:
          R2_Score         : Train 0.8835, Val 0.8583, Test 0.8592
          RMSE             : Train 62.4357, Val 69.6078, Test 68.8101
Epoch 46: Loss:            : Train 0.0000, Val 0.0050, Test 0.0049
          R2_Score         : Train 0.8851, Val 0.8577, Test 0.8585
          RMSE             : Train 61.9960, Val 69.7515, Test 68.9940
Best:
          R2_Score         : Train 0.8835, Val 0.8583, Test 0.8592
          RMSE             : Train 62.4357, Val 69.6078, Test 68.8101
Epoch 47: Loss:            : Train 0.0000, Val 0.0050, Test 0.0049
          R2_Score         : Train 0.8874, Val 0.8570, Test 0.8585
          RMSE             : Train 61.3876, Val 69.9208, Test 68.9876
Best:
          R2_Score         : Train 0.8835, Val 0.8583, Test 0.8592
          RMSE             : Train 62.4357, Val 69.6078, Test 68.8101
Epoch 48: Loss:            : Train 0.0000, Val 0.0051, Test 0.0049
          R2_Score         : Train 0.8878, Val 0.8553, Test 0.8580
          RMSE             : Train 61.2547, Val 70.3326, Test 69.1179
Best:
          R2_Score         : Train 0.8835, Val 0.8583, Test 0.8592
          RMSE             : Train 62.4357, Val 69.6078, Test 68.8101
Epoch 49: Loss:            : Train 0.0000, Val 0.0050, Test 0.0048
          R2_Score         : Train 0.8875, Val 0.8571, Test 0.8604
          RMSE             : Train 61.3398, Val 69.8936, Test 68.5174
Best:
          R2_Score         : Train 0.8835, Val 0.8583, Test 0.8592
          RMSE             : Train 62.4357, Val 69.6078, Test 68.8101
Epoch 50: Loss:            : Train 0.0000, Val 0.0050, Test 0.0049
          R2_Score         : Train 0.8893, Val 0.8563, Test 0.8582
          RMSE             : Train 60.8694, Val 70.0923, Test 69.0630
Best:
          R2_Score         : Train 0.8835, Val 0.8583, Test 0.8592
          RMSE             : Train 62.4357, Val 69.6078, Test 68.8101
Training time (sec): 66
