Loading house from data/beijing/house_clean.csv
Loading airbnb from data/beijing/airbnb_clean.csv
Current house columns Index(['cid', 'DOM', 'followers', 'square', 'livingRoom', 'drawingRoom',
       'kitchen', 'bathRoom', 'floor', 'constructionTime', 'ladderRatio',
       'elevator', 'fiveYearsProperty', 'subway', 'did_2', 'did_3', 'did_4',
       'did_5', 'did_6', 'did_7', 'did_8', 'did_9', 'did_10', 'did_11',
       'did_12', 'did_13', 'bt_2', 'bt_3', 'bt_4', 'rc_2', 'rc_3', 'rc_4',
       'bs_2', 'bs_3', 'bs_4', 'bs_5', 'bs_6', 'ty_2014', 'ty_2015', 'ty_2016',
       'ty_2017', 'ty_2018', 'tm_2', 'tm_3', 'tm_4', 'tm_5', 'tm_6', 'tm_7',
       'tm_8', 'tm_9', 'tm_10', 'tm_11', 'tm_12', 'lon', 'lat'],
      dtype='object')
Current airbnb columns Index(['lon', 'lat', 'price', 'minimum_nights', 'number_of_reviews',
       'reviews_per_month', 'calculated_host_listings_count',
       'availability_365', 'nbr_丰台区 ', 'nbr_大兴区 ', 'nbr_密云县 ', 'nbr_平谷区 ',
       'nbr_延庆县 ', 'nbr_怀柔区 ', 'nbr_房山区', 'nbr_昌平区', 'nbr_朝阳区 ', 'nbr_海淀区',
       'nbr_石景山区', 'nbr_西城区', 'nbr_通州区 ', 'nbr_门头沟区 ', 'nbr_顺义区 ',
       'rt_Private room', 'rt_Shared room'],
      dtype='object')
Loading data from cache
Done
Calculating noise scale
Adding noise of scale 0.0 to sim_scores
Adding noise of scale 0.0 to sim_scores
Adding noise of scale 0.0 to sim_scores
Preparing time (sec): 22
Initializing dataloader
Done
Prepare for training
Start training
================================================================================
                                    Kernel Shape Output Shape  Params  \
Layer                                                                   
0_local_models.0.fc_layers.Linear_0    [54, 200]   [128, 200]   11000   
1_local_models.0.fc_layers.Linear_1   [200, 100]   [128, 100]   20100   
2_local_models.1.fc_layers.Linear_0    [23, 200]   [128, 200]    4800   
3_local_models.1.fc_layers.Linear_1   [200, 100]   [128, 100]   20100   
4_agg_model.fc_layers.Linear_0        [200, 100]   [128, 100]   20100   
5_agg_model.fc_layers.Linear_1          [100, 1]     [128, 1]     101   

                                     Mult-Adds  
Layer                                           
0_local_models.0.fc_layers.Linear_0      10800  
1_local_models.0.fc_layers.Linear_1      20000  
2_local_models.1.fc_layers.Linear_0       4600  
3_local_models.1.fc_layers.Linear_1      20000  
4_agg_model.fc_layers.Linear_0           20000  
5_agg_model.fc_layers.Linear_1             100  
--------------------------------------------------------------------------------
                      Totals
Total params           76201
Trainable params       76201
Non-trainable params       0
Mult-Adds              75500
================================================================================
n_classes=2
task=regression
model_name=beijing_featuresim_p_1E+00_2022-01-31-12-01-27
sche_threshold=0.0001
sche_patience=10
sche_factor=0.1
use_scheduler=False
num_workers=4
device=cuda:6
test_batch_size=4096
train_batch_size=128
learning_rate=0.003
weight_decay=1e-05
num_epochs=100
model_save_path=ckp/beijing_featuresim_p_1E+00_2022-01-31-12-01-27.pth
test_rate=0.2
val_rate=0.1
multiprocess_context=fork
metrics=['r2_score', 'rmse']
metrics_f=[<metric.r2_score.R2Score object at 0x7f21693d0f40>, <metric.rmse.RMSE object at 0x7f21693d0f10>]
hidden_sizes=[200, 100]
model=SplitNN(
  (agg_model): MLP(
    (fc_layers): ModuleList(
      (0): Linear(in_features=200, out_features=100, bias=True)
      (1): Linear(in_features=100, out_features=1, bias=True)
    )
  )
  (local_models): ModuleList(
    (0): MLP(
      (fc_layers): ModuleList(
        (0): Linear(in_features=54, out_features=200, bias=True)
        (1): Linear(in_features=200, out_features=100, bias=True)
      )
    )
    (1): MLP(
      (fc_layers): ModuleList(
        (0): Linear(in_features=23, out_features=200, bias=True)
        (1): Linear(in_features=200, out_features=100, bias=True)
      )
    )
  )
)
writer=<torch.utils.tensorboard.writer.SummaryWriter object at 0x7f21693d0a00>
dataset_type=real
drop_key=True
num_common_features=2
tree_radius=0.01
tree_leaf_size=1000
knn_k=100
grid_min=-10.0
grid_max=10.0
grid_width=1.5
sim_scaler=StandardScaler()
filter_top_k=None
link_n_jobs=-1
psig_p=7
sim_leak_p=1.0
link_threshold_t=0.01
link_epsilon=0.03
n_hash_lsh=20
edit_distance_threshold=1
n_hash_func=10
collision_rate=0.05
qgram_q=2
link_delta=0.03
feature_wise_sim=False
blocking_method=knn_priv_float
center_threshold=0.5
n_clusters=100
local_hidden_sizes=[[200], [200]]
cut_dims=[100, 100]
agg_hidden_sizes=[100]
scale_analysis=None
data1_shape=(141050, 55)
data2_shape=(27827, 25)
Epoch 1: Loss:            : Train 0.0081, Val 0.0061, Test 0.0061
          R2_Score         : Train 0.7619, Val 0.8246, Test 0.8221
          RMSE             : Train 89.2542, Val 77.4317, Test 77.3536
Best:
          R2_Score         : Train 0.7619, Val 0.8246, Test 0.8221
          RMSE             : Train 89.2542, Val 77.4317, Test 77.3536
Epoch 2: Loss:            : Train 0.0058, Val 0.0059, Test 0.0057
          R2_Score         : Train 0.8313, Val 0.8307, Test 0.8331
          RMSE             : Train 75.1376, Val 76.0662, Test 74.9320
Best:
          R2_Score         : Train 0.8313, Val 0.8307, Test 0.8331
          RMSE             : Train 75.1376, Val 76.0662, Test 74.9320
Epoch 3: Loss:            : Train 0.0054, Val 0.0054, Test 0.0054
          R2_Score         : Train 0.8414, Val 0.8442, Test 0.8420
          RMSE             : Train 72.8356, Val 72.9758, Test 72.9057
Best:
          R2_Score         : Train 0.8414, Val 0.8442, Test 0.8420
          RMSE             : Train 72.8356, Val 72.9758, Test 72.9057
Epoch 4: Loss:            : Train 0.0052, Val 0.0054, Test 0.0053
          R2_Score         : Train 0.8476, Val 0.8460, Test 0.8455
          RMSE             : Train 71.3940, Val 72.5458, Test 72.0894
Best:
          R2_Score         : Train 0.8476, Val 0.8460, Test 0.8455
          RMSE             : Train 71.3940, Val 72.5458, Test 72.0894
Epoch 5: Loss:            : Train 0.0050, Val 0.0053, Test 0.0052
          R2_Score         : Train 0.8522, Val 0.8484, Test 0.8489
          RMSE             : Train 70.3123, Val 72.0003, Test 71.2783
Best:
          R2_Score         : Train 0.8522, Val 0.8484, Test 0.8489
          RMSE             : Train 70.3123, Val 72.0003, Test 71.2783
Epoch 6: Loss:            : Train 0.0049, Val 0.0051, Test 0.0050
          R2_Score         : Train 0.8571, Val 0.8540, Test 0.8534
          RMSE             : Train 69.1342, Val 70.6487, Test 70.2083
Best:
          R2_Score         : Train 0.8571, Val 0.8540, Test 0.8534
          RMSE             : Train 69.1342, Val 70.6487, Test 70.2083
Epoch 7: Loss:            : Train 0.0048, Val 0.0050, Test 0.0050
          R2_Score         : Train 0.8603, Val 0.8553, Test 0.8546
          RMSE             : Train 68.3673, Val 70.3268, Test 69.9392
Best:
          R2_Score         : Train 0.8603, Val 0.8553, Test 0.8546
          RMSE             : Train 68.3673, Val 70.3268, Test 69.9392
Epoch 8: Loss:            : Train 0.0047, Val 0.0050, Test 0.0049
          R2_Score         : Train 0.8629, Val 0.8569, Test 0.8584
          RMSE             : Train 67.7374, Val 69.9402, Test 69.0070
Best:
          R2_Score         : Train 0.8629, Val 0.8569, Test 0.8584
          RMSE             : Train 67.7374, Val 69.9402, Test 69.0070
Epoch 9: Loss:            : Train 0.0046, Val 0.0050, Test 0.0049
          R2_Score         : Train 0.8653, Val 0.8577, Test 0.8563
          RMSE             : Train 67.1194, Val 69.7565, Test 69.5243
Best:
          R2_Score         : Train 0.8653, Val 0.8577, Test 0.8563
          RMSE             : Train 67.1194, Val 69.7565, Test 69.5243
Epoch 10: Loss:            : Train 0.0045, Val 0.0048, Test 0.0048
          R2_Score         : Train 0.8674, Val 0.8612, Test 0.8617
          RMSE             : Train 66.6075, Val 68.8811, Test 68.2039
Best:
          R2_Score         : Train 0.8674, Val 0.8612, Test 0.8617
          RMSE             : Train 66.6075, Val 68.8811, Test 68.2039
Epoch 11: Loss:            : Train 0.0044, Val 0.0049, Test 0.0049
          R2_Score         : Train 0.8703, Val 0.8595, Test 0.8564
          RMSE             : Train 65.8641, Val 69.3158, Test 69.4894
Best:
          R2_Score         : Train 0.8674, Val 0.8612, Test 0.8617
          RMSE             : Train 66.6075, Val 68.8811, Test 68.2039
Epoch 12: Loss:            : Train 0.0044, Val 0.0049, Test 0.0047
          R2_Score         : Train 0.8713, Val 0.8605, Test 0.8621
          RMSE             : Train 65.6151, Val 69.0661, Test 68.1086
Best:
          R2_Score         : Train 0.8674, Val 0.8612, Test 0.8617
          RMSE             : Train 66.6075, Val 68.8811, Test 68.2039
Epoch 13: Loss:            : Train 0.0043, Val 0.0049, Test 0.0047
          R2_Score         : Train 0.8745, Val 0.8604, Test 0.8618
          RMSE             : Train 64.7914, Val 69.0908, Test 68.1717
Best:
          R2_Score         : Train 0.8674, Val 0.8612, Test 0.8617
          RMSE             : Train 66.6075, Val 68.8811, Test 68.2039
Epoch 14: Loss:            : Train 0.0042, Val 0.0047, Test 0.0046
          R2_Score         : Train 0.8759, Val 0.8650, Test 0.8659
          RMSE             : Train 64.4345, Val 67.9441, Test 67.1580
Best:
          R2_Score         : Train 0.8759, Val 0.8650, Test 0.8659
          RMSE             : Train 64.4345, Val 67.9441, Test 67.1580
Epoch 15: Loss:            : Train 0.0042, Val 0.0049, Test 0.0047
          R2_Score         : Train 0.8779, Val 0.8601, Test 0.8618
          RMSE             : Train 63.9159, Val 69.1471, Test 68.1887
Best:
          R2_Score         : Train 0.8759, Val 0.8650, Test 0.8659
          RMSE             : Train 64.4345, Val 67.9441, Test 67.1580
Epoch 16: Loss:            : Train 0.0041, Val 0.0049, Test 0.0048
          R2_Score         : Train 0.8800, Val 0.8596, Test 0.8593
          RMSE             : Train 63.3660, Val 69.2681, Test 68.7985
Best:
          R2_Score         : Train 0.8759, Val 0.8650, Test 0.8659
          RMSE             : Train 64.4345, Val 67.9441, Test 67.1580
Epoch 17: Loss:            : Train 0.0041, Val 0.0048, Test 0.0047
          R2_Score         : Train 0.8808, Val 0.8624, Test 0.8633
          RMSE             : Train 63.1575, Val 68.5735, Test 67.8086
Best:
          R2_Score         : Train 0.8759, Val 0.8650, Test 0.8659
          RMSE             : Train 64.4345, Val 67.9441, Test 67.1580
Epoch 18: Loss:            : Train 0.0040, Val 0.0046, Test 0.0046
          R2_Score         : Train 0.8831, Val 0.8681, Test 0.8666
          RMSE             : Train 62.5318, Val 67.1585, Test 66.9771
Best:
          R2_Score         : Train 0.8831, Val 0.8681, Test 0.8666
          RMSE             : Train 62.5318, Val 67.1585, Test 66.9771
Epoch 19: Loss:            : Train 0.0040, Val 0.0047, Test 0.0046
          R2_Score         : Train 0.8840, Val 0.8665, Test 0.8673
          RMSE             : Train 62.2866, Val 67.5568, Test 66.8183
Best:
          R2_Score         : Train 0.8831, Val 0.8681, Test 0.8666
          RMSE             : Train 62.5318, Val 67.1585, Test 66.9771
Epoch 20: Loss:            : Train 0.0039, Val 0.0047, Test 0.0046
          R2_Score         : Train 0.8857, Val 0.8664, Test 0.8660
          RMSE             : Train 61.8332, Val 67.5766, Test 67.1380
Best:
          R2_Score         : Train 0.8831, Val 0.8681, Test 0.8666
          RMSE             : Train 62.5318, Val 67.1585, Test 66.9771
Epoch 21: Loss:            : Train 0.0039, Val 0.0047, Test 0.0046
          R2_Score         : Train 0.8872, Val 0.8661, Test 0.8662
          RMSE             : Train 61.4357, Val 67.6660, Test 67.0715
Best:
          R2_Score         : Train 0.8831, Val 0.8681, Test 0.8666
          RMSE             : Train 62.5318, Val 67.1585, Test 66.9771
Epoch 22: Loss:            : Train 0.0038, Val 0.0047, Test 0.0046
          R2_Score         : Train 0.8881, Val 0.8674, Test 0.8664
          RMSE             : Train 61.1743, Val 67.3325, Test 67.0210
Best:
          R2_Score         : Train 0.8831, Val 0.8681, Test 0.8666
          RMSE             : Train 62.5318, Val 67.1585, Test 66.9771
Epoch 23: Loss:            : Train 0.0038, Val 0.0047, Test 0.0046
          R2_Score         : Train 0.8896, Val 0.8653, Test 0.8664
          RMSE             : Train 60.7628, Val 67.8662, Test 67.0224
Best:
          R2_Score         : Train 0.8831, Val 0.8681, Test 0.8666
          RMSE             : Train 62.5318, Val 67.1585, Test 66.9771
Epoch 24: Loss:            : Train 0.0037, Val 0.0046, Test 0.0046
          R2_Score         : Train 0.8905, Val 0.8672, Test 0.8652
          RMSE             : Train 60.5180, Val 67.3876, Test 67.3207
Best:
          R2_Score         : Train 0.8831, Val 0.8681, Test 0.8666
          RMSE             : Train 62.5318, Val 67.1585, Test 66.9771
Epoch 25: Loss:            : Train 0.0037, Val 0.0046, Test 0.0045
          R2_Score         : Train 0.8915, Val 0.8691, Test 0.8698
          RMSE             : Train 60.2476, Val 66.9067, Test 66.1716
Best:
          R2_Score         : Train 0.8915, Val 0.8691, Test 0.8698
          RMSE             : Train 60.2476, Val 66.9067, Test 66.1716
Epoch 26: Loss:            : Train 0.0037, Val 0.0046, Test 0.0045
          R2_Score         : Train 0.8926, Val 0.8694, Test 0.8700
          RMSE             : Train 59.9304, Val 66.8147, Test 66.1240
Best:
          R2_Score         : Train 0.8926, Val 0.8694, Test 0.8700
          RMSE             : Train 59.9304, Val 66.8147, Test 66.1240
Epoch 27: Loss:            : Train 0.0036, Val 0.0048, Test 0.0047
          R2_Score         : Train 0.8937, Val 0.8647, Test 0.8630
          RMSE             : Train 59.6292, Val 68.0068, Test 67.8860
Best:
          R2_Score         : Train 0.8926, Val 0.8694, Test 0.8700
          RMSE             : Train 59.9304, Val 66.8147, Test 66.1240
Epoch 28: Loss:            : Train 0.0036, Val 0.0046, Test 0.0045
          R2_Score         : Train 0.8948, Val 0.8680, Test 0.8685
          RMSE             : Train 59.3370, Val 67.1772, Test 66.4946
Best:
          R2_Score         : Train 0.8926, Val 0.8694, Test 0.8700
          RMSE             : Train 59.9304, Val 66.8147, Test 66.1240
Epoch 29: Loss:            : Train 0.0036, Val 0.0046, Test 0.0045
          R2_Score         : Train 0.8956, Val 0.8664, Test 0.8676
          RMSE             : Train 59.0909, Val 67.5792, Test 66.7427
Best:
          R2_Score         : Train 0.8926, Val 0.8694, Test 0.8700
          RMSE             : Train 59.9304, Val 66.8147, Test 66.1240
Epoch 30: Loss:            : Train 0.0035, Val 0.0046, Test 0.0045
          R2_Score         : Train 0.8967, Val 0.8687, Test 0.8690
          RMSE             : Train 58.7905, Val 67.0029, Test 66.3675
Best:
          R2_Score         : Train 0.8926, Val 0.8694, Test 0.8700
          RMSE             : Train 59.9304, Val 66.8147, Test 66.1240
Epoch 31: Loss:            : Train 0.0035, Val 0.0047, Test 0.0046
          R2_Score         : Train 0.8974, Val 0.8657, Test 0.8666
          RMSE             : Train 58.5775, Val 67.7575, Test 66.9869
Best:
          R2_Score         : Train 0.8926, Val 0.8694, Test 0.8700
          RMSE             : Train 59.9304, Val 66.8147, Test 66.1240
Epoch 32: Loss:            : Train 0.0035, Val 0.0047, Test 0.0046
          R2_Score         : Train 0.8985, Val 0.8653, Test 0.8672
          RMSE             : Train 58.2825, Val 67.8654, Test 66.8318
Best:
          R2_Score         : Train 0.8926, Val 0.8694, Test 0.8700
          RMSE             : Train 59.9304, Val 66.8147, Test 66.1240
Epoch 33: Loss:            : Train 0.0035, Val 0.0045, Test 0.0045
          R2_Score         : Train 0.8989, Val 0.8705, Test 0.8700
          RMSE             : Train 58.1659, Val 66.5448, Test 66.1254
Best:
          R2_Score         : Train 0.8989, Val 0.8705, Test 0.8700
          RMSE             : Train 58.1659, Val 66.5448, Test 66.1254
Epoch 34: Loss:            : Train 0.0034, Val 0.0046, Test 0.0046
          R2_Score         : Train 0.9000, Val 0.8677, Test 0.8673
          RMSE             : Train 57.8405, Val 67.2426, Test 66.8111
Best:
          R2_Score         : Train 0.8989, Val 0.8705, Test 0.8700
          RMSE             : Train 58.1659, Val 66.5448, Test 66.1254
Epoch 35: Loss:            : Train 0.0034, Val 0.0045, Test 0.0045
          R2_Score         : Train 0.9008, Val 0.8692, Test 0.8688
          RMSE             : Train 57.5975, Val 66.8595, Test 66.4203
Best:
          R2_Score         : Train 0.8989, Val 0.8705, Test 0.8700
          RMSE             : Train 58.1659, Val 66.5448, Test 66.1254
Epoch 36: Loss:            : Train 0.0034, Val 0.0045, Test 0.0045
          R2_Score         : Train 0.9013, Val 0.8699, Test 0.8686
          RMSE             : Train 57.4497, Val 66.7017, Test 66.4844
Best:
          R2_Score         : Train 0.8989, Val 0.8705, Test 0.8700
          RMSE             : Train 58.1659, Val 66.5448, Test 66.1254
Epoch 37: Loss:            : Train 0.0033, Val 0.0047, Test 0.0046
          R2_Score         : Train 0.9024, Val 0.8662, Test 0.8661
          RMSE             : Train 57.1526, Val 67.6357, Test 67.1086
Best:
          R2_Score         : Train 0.8989, Val 0.8705, Test 0.8700
          RMSE             : Train 58.1659, Val 66.5448, Test 66.1254
Epoch 38: Loss:            : Train 0.0033, Val 0.0046, Test 0.0045
          R2_Score         : Train 0.9030, Val 0.8672, Test 0.8681
          RMSE             : Train 56.9662, Val 67.3910, Test 66.6104
Best:
          R2_Score         : Train 0.8989, Val 0.8705, Test 0.8700
          RMSE             : Train 58.1659, Val 66.5448, Test 66.1254
Epoch 39: Loss:            : Train 0.0033, Val 0.0047, Test 0.0046
          R2_Score         : Train 0.9037, Val 0.8661, Test 0.8673
          RMSE             : Train 56.7498, Val 67.6588, Test 66.8141
Best:
          R2_Score         : Train 0.8989, Val 0.8705, Test 0.8700
          RMSE             : Train 58.1659, Val 66.5448, Test 66.1254
Epoch 40: Loss:            : Train 0.0033, Val 0.0046, Test 0.0045
          R2_Score         : Train 0.9043, Val 0.8681, Test 0.8685
          RMSE             : Train 56.5735, Val 67.1528, Test 66.4922
Best:
          R2_Score         : Train 0.8989, Val 0.8705, Test 0.8700
          RMSE             : Train 58.1659, Val 66.5448, Test 66.1254
Epoch 41: Loss:            : Train 0.0032, Val 0.0047, Test 0.0046
          R2_Score         : Train 0.9051, Val 0.8656, Test 0.8667
          RMSE             : Train 56.3571, Val 67.7809, Test 66.9538
Best:
          R2_Score         : Train 0.8989, Val 0.8705, Test 0.8700
          RMSE             : Train 58.1659, Val 66.5448, Test 66.1254
Epoch 42: Loss:            : Train 0.0032, Val 0.0046, Test 0.0045
          R2_Score         : Train 0.9058, Val 0.8671, Test 0.8687
          RMSE             : Train 56.1298, Val 67.3918, Test 66.4640
Best:
          R2_Score         : Train 0.8989, Val 0.8705, Test 0.8700
          RMSE             : Train 58.1659, Val 66.5448, Test 66.1254
Epoch 43: Loss:            : Train 0.0032, Val 0.0046, Test 0.0045
          R2_Score         : Train 0.9063, Val 0.8672, Test 0.8698
          RMSE             : Train 55.9778, Val 67.3707, Test 66.1738
Best:
          R2_Score         : Train 0.8989, Val 0.8705, Test 0.8700
          RMSE             : Train 58.1659, Val 66.5448, Test 66.1254
Epoch 44: Loss:            : Train 0.0032, Val 0.0046, Test 0.0045
          R2_Score         : Train 0.9066, Val 0.8675, Test 0.8677
          RMSE             : Train 55.9042, Val 67.3001, Test 66.7163
Best:
          R2_Score         : Train 0.8989, Val 0.8705, Test 0.8700
          RMSE             : Train 58.1659, Val 66.5448, Test 66.1254
Epoch 45: Loss:            : Train 0.0032, Val 0.0046, Test 0.0045
          R2_Score         : Train 0.9077, Val 0.8670, Test 0.8682
          RMSE             : Train 55.5638, Val 67.4324, Test 66.5880
Best:
          R2_Score         : Train 0.8989, Val 0.8705, Test 0.8700
          RMSE             : Train 58.1659, Val 66.5448, Test 66.1254
Epoch 46: Loss:            : Train 0.0031, Val 0.0047, Test 0.0046
          R2_Score         : Train 0.9083, Val 0.8641, Test 0.8660
          RMSE             : Train 55.3888, Val 68.1593, Test 67.1314
Best:
          R2_Score         : Train 0.8989, Val 0.8705, Test 0.8700
          RMSE             : Train 58.1659, Val 66.5448, Test 66.1254
Epoch 47: Loss:            : Train 0.0031, Val 0.0047, Test 0.0045
          R2_Score         : Train 0.9089, Val 0.8644, Test 0.8681
          RMSE             : Train 55.1986, Val 68.0901, Test 66.6080
Best:
          R2_Score         : Train 0.8989, Val 0.8705, Test 0.8700
          RMSE             : Train 58.1659, Val 66.5448, Test 66.1254
Epoch 48: Loss:            : Train 0.0031, Val 0.0048, Test 0.0046
          R2_Score         : Train 0.9096, Val 0.8633, Test 0.8665
          RMSE             : Train 55.0071, Val 68.3502, Test 67.0195
Best:
          R2_Score         : Train 0.8989, Val 0.8705, Test 0.8700
          RMSE             : Train 58.1659, Val 66.5448, Test 66.1254
Epoch 49: Loss:            : Train 0.0031, Val 0.0047, Test 0.0045
          R2_Score         : Train 0.9103, Val 0.8646, Test 0.8679
          RMSE             : Train 54.7726, Val 68.0425, Test 66.6632
Best:
          R2_Score         : Train 0.8989, Val 0.8705, Test 0.8700
          RMSE             : Train 58.1659, Val 66.5448, Test 66.1254
Epoch 50: Loss:            : Train 0.0031, Val 0.0047, Test 0.0046
          R2_Score         : Train 0.9102, Val 0.8648, Test 0.8664
          RMSE             : Train 54.8081, Val 67.9883, Test 67.0312
Best:
          R2_Score         : Train 0.8989, Val 0.8705, Test 0.8700
          RMSE             : Train 58.1659, Val 66.5448, Test 66.1254
Epoch 51: Loss:            : Train 0.0030, Val 0.0048, Test 0.0047
          R2_Score         : Train 0.9110, Val 0.8633, Test 0.8636
          RMSE             : Train 54.5692, Val 68.3651, Test 67.7277
Best:
          R2_Score         : Train 0.8989, Val 0.8705, Test 0.8700
          RMSE             : Train 58.1659, Val 66.5448, Test 66.1254
Epoch 52: Loss:            : Train 0.0030, Val 0.0047, Test 0.0045
          R2_Score         : Train 0.9116, Val 0.8649, Test 0.8676
          RMSE             : Train 54.3717, Val 67.9479, Test 66.7231
Best:
          R2_Score         : Train 0.8989, Val 0.8705, Test 0.8700
          RMSE             : Train 58.1659, Val 66.5448, Test 66.1254
Epoch 53: Loss:            : Train 0.0030, Val 0.0047, Test 0.0046
          R2_Score         : Train 0.9122, Val 0.8643, Test 0.8663
          RMSE             : Train 54.1880, Val 68.1003, Test 67.0501
Best:
          R2_Score         : Train 0.8989, Val 0.8705, Test 0.8700
          RMSE             : Train 58.1659, Val 66.5448, Test 66.1254
Epoch 54: Loss:            : Train 0.0030, Val 0.0047, Test 0.0045
          R2_Score         : Train 0.9127, Val 0.8654, Test 0.8681
          RMSE             : Train 54.0440, Val 67.8273, Test 66.6084
Best:
          R2_Score         : Train 0.8989, Val 0.8705, Test 0.8700
          RMSE             : Train 58.1659, Val 66.5448, Test 66.1254
Epoch 55: Loss:            : Train 0.0030, Val 0.0047, Test 0.0046
          R2_Score         : Train 0.9129, Val 0.8642, Test 0.8656
          RMSE             : Train 53.9802, Val 68.1302, Test 67.2275
Best:
          R2_Score         : Train 0.8989, Val 0.8705, Test 0.8700
          RMSE             : Train 58.1659, Val 66.5448, Test 66.1254
Epoch 56: Loss:            : Train 0.0030, Val 0.0047, Test 0.0046
          R2_Score         : Train 0.9129, Val 0.8648, Test 0.8665
          RMSE             : Train 53.9672, Val 67.9774, Test 67.0183
Best:
          R2_Score         : Train 0.8989, Val 0.8705, Test 0.8700
          RMSE             : Train 58.1659, Val 66.5448, Test 66.1254
Epoch 57: Loss:            : Train 0.0029, Val 0.0048, Test 0.0046
          R2_Score         : Train 0.9142, Val 0.8634, Test 0.8652
          RMSE             : Train 53.5709, Val 68.3402, Test 67.3453
Best:
          R2_Score         : Train 0.8989, Val 0.8705, Test 0.8700
          RMSE             : Train 58.1659, Val 66.5448, Test 66.1254
Epoch 58: Loss:            : Train 0.0029, Val 0.0046, Test 0.0046
          R2_Score         : Train 0.9143, Val 0.8668, Test 0.8674
          RMSE             : Train 53.5373, Val 67.4875, Test 66.7704
Best:
          R2_Score         : Train 0.8989, Val 0.8705, Test 0.8700
          RMSE             : Train 58.1659, Val 66.5448, Test 66.1254
Epoch 59: Loss:            : Train 0.0029, Val 0.0048, Test 0.0046
          R2_Score         : Train 0.9151, Val 0.8625, Test 0.8665
          RMSE             : Train 53.2979, Val 68.5639, Test 66.9977
Best:
          R2_Score         : Train 0.8989, Val 0.8705, Test 0.8700
          RMSE             : Train 58.1659, Val 66.5448, Test 66.1254
Epoch 60: Loss:            : Train 0.0029, Val 0.0047, Test 0.0046
          R2_Score         : Train 0.9159, Val 0.8642, Test 0.8655
          RMSE             : Train 53.0426, Val 68.1340, Test 67.2512
Best:
          R2_Score         : Train 0.8989, Val 0.8705, Test 0.8700
          RMSE             : Train 58.1659, Val 66.5448, Test 66.1254
Epoch 61: Loss:            : Train 0.0029, Val 0.0048, Test 0.0047
          R2_Score         : Train 0.9156, Val 0.8618, Test 0.8645
          RMSE             : Train 53.1390, Val 68.7357, Test 67.5033
Best:
          R2_Score         : Train 0.8989, Val 0.8705, Test 0.8700
          RMSE             : Train 58.1659, Val 66.5448, Test 66.1254
Epoch 62: Loss:            : Train 0.0029, Val 0.0048, Test 0.0048
          R2_Score         : Train 0.9160, Val 0.8617, Test 0.8604
          RMSE             : Train 53.0120, Val 68.7704, Test 68.5229
Best:
          R2_Score         : Train 0.8989, Val 0.8705, Test 0.8700
          RMSE             : Train 58.1659, Val 66.5448, Test 66.1254
Epoch 63: Loss:            : Train 0.0029, Val 0.0048, Test 0.0046
          R2_Score         : Train 0.9161, Val 0.8638, Test 0.8674
          RMSE             : Train 52.9898, Val 68.2454, Test 66.7818
Best:
          R2_Score         : Train 0.8989, Val 0.8705, Test 0.8700
          RMSE             : Train 58.1659, Val 66.5448, Test 66.1254
Epoch 64: Loss:            : Train 0.0028, Val 0.0047, Test 0.0047
          R2_Score         : Train 0.9171, Val 0.8635, Test 0.8642
          RMSE             : Train 52.6649, Val 68.3090, Test 67.5865
Best:
          R2_Score         : Train 0.8989, Val 0.8705, Test 0.8700
          RMSE             : Train 58.1659, Val 66.5448, Test 66.1254
Epoch 65: Loss:            : Train 0.0028, Val 0.0047, Test 0.0047
          R2_Score         : Train 0.9174, Val 0.8633, Test 0.8631
          RMSE             : Train 52.5712, Val 68.3615, Test 67.8630
Best:
          R2_Score         : Train 0.8989, Val 0.8705, Test 0.8700
          RMSE             : Train 58.1659, Val 66.5448, Test 66.1254
Epoch 66: Loss:            : Train 0.0028, Val 0.0049, Test 0.0046
          R2_Score         : Train 0.9178, Val 0.8612, Test 0.8647
          RMSE             : Train 52.4546, Val 68.8954, Test 67.4547
Best:
          R2_Score         : Train 0.8989, Val 0.8705, Test 0.8700
          RMSE             : Train 58.1659, Val 66.5448, Test 66.1254
Epoch 67: Loss:            : Train 0.0028, Val 0.0047, Test 0.0047
          R2_Score         : Train 0.9183, Val 0.8633, Test 0.8644
          RMSE             : Train 52.2873, Val 68.3518, Test 67.5210
Best:
          R2_Score         : Train 0.8989, Val 0.8705, Test 0.8700
          RMSE             : Train 58.1659, Val 66.5448, Test 66.1254
Epoch 68: Loss:            : Train 0.0028, Val 0.0048, Test 0.0046
          R2_Score         : Train 0.9188, Val 0.8625, Test 0.8647
          RMSE             : Train 52.1133, Val 68.5673, Test 67.4528
Best:
          R2_Score         : Train 0.8989, Val 0.8705, Test 0.8700
          RMSE             : Train 58.1659, Val 66.5448, Test 66.1254
Epoch 69: Loss:            : Train 0.0028, Val 0.0049, Test 0.0047
          R2_Score         : Train 0.9194, Val 0.8601, Test 0.8621
          RMSE             : Train 51.9383, Val 69.1478, Test 68.0963
Best:
          R2_Score         : Train 0.8989, Val 0.8705, Test 0.8700
          RMSE             : Train 58.1659, Val 66.5448, Test 66.1254
Epoch 70: Loss:            : Train 0.0027, Val 0.0048, Test 0.0047
          R2_Score         : Train 0.9198, Val 0.8610, Test 0.8634
          RMSE             : Train 51.8054, Val 68.9237, Test 67.7842
Best:
          R2_Score         : Train 0.8989, Val 0.8705, Test 0.8700
          RMSE             : Train 58.1659, Val 66.5448, Test 66.1254
Epoch 71: Loss:            : Train 0.0027, Val 0.0048, Test 0.0047
          R2_Score         : Train 0.9200, Val 0.8629, Test 0.8642
          RMSE             : Train 51.7272, Val 68.4582, Test 67.5721
Best:
          R2_Score         : Train 0.8989, Val 0.8705, Test 0.8700
          RMSE             : Train 58.1659, Val 66.5448, Test 66.1254
Epoch 72: Loss:            : Train 0.0027, Val 0.0049, Test 0.0047
          R2_Score         : Train 0.9202, Val 0.8594, Test 0.8627
          RMSE             : Train 51.6842, Val 69.3247, Test 67.9453
Best:
          R2_Score         : Train 0.8989, Val 0.8705, Test 0.8700
          RMSE             : Train 58.1659, Val 66.5448, Test 66.1254
Epoch 73: Loss:            : Train 0.0027, Val 0.0048, Test 0.0046
          R2_Score         : Train 0.9206, Val 0.8638, Test 0.8645
          RMSE             : Train 51.5397, Val 68.2295, Test 67.4983
Best:
          R2_Score         : Train 0.8989, Val 0.8705, Test 0.8700
          RMSE             : Train 58.1659, Val 66.5448, Test 66.1254
Epoch 74: Loss:            : Train 0.0027, Val 0.0049, Test 0.0047
          R2_Score         : Train 0.9210, Val 0.8602, Test 0.8631
          RMSE             : Train 51.4179, Val 69.1411, Test 67.8562
Best:
          R2_Score         : Train 0.8989, Val 0.8705, Test 0.8700
          RMSE             : Train 58.1659, Val 66.5448, Test 66.1254
Epoch 75: Loss:            : Train 0.0027, Val 0.0050, Test 0.0048
          R2_Score         : Train 0.9210, Val 0.8571, Test 0.8615
          RMSE             : Train 51.4011, Val 69.9024, Test 68.2571
Best:
          R2_Score         : Train 0.8989, Val 0.8705, Test 0.8700
          RMSE             : Train 58.1659, Val 66.5448, Test 66.1254
Epoch 76: Loss:            : Train 0.0027, Val 0.0049, Test 0.0048
          R2_Score         : Train 0.9214, Val 0.8595, Test 0.8613
          RMSE             : Train 51.2811, Val 69.3010, Test 68.3065
Best:
          R2_Score         : Train 0.8989, Val 0.8705, Test 0.8700
          RMSE             : Train 58.1659, Val 66.5448, Test 66.1254
Epoch 77: Loss:            : Train 0.0027, Val 0.0049, Test 0.0047
          R2_Score         : Train 0.9219, Val 0.8605, Test 0.8635
          RMSE             : Train 51.1078, Val 69.0694, Test 67.7680
Best:
          R2_Score         : Train 0.8989, Val 0.8705, Test 0.8700
          RMSE             : Train 58.1659, Val 66.5448, Test 66.1254
Epoch 78: Loss:            : Train 0.0027, Val 0.0049, Test 0.0047
          R2_Score         : Train 0.9224, Val 0.8611, Test 0.8631
          RMSE             : Train 50.9677, Val 68.9139, Test 67.8656
Best:
          R2_Score         : Train 0.8989, Val 0.8705, Test 0.8700
          RMSE             : Train 58.1659, Val 66.5448, Test 66.1254
Epoch 79: Loss:            : Train 0.0026, Val 0.0049, Test 0.0049
          R2_Score         : Train 0.9224, Val 0.8589, Test 0.8583
          RMSE             : Train 50.9414, Val 69.4612, Test 69.0298
Best:
          R2_Score         : Train 0.8989, Val 0.8705, Test 0.8700
          RMSE             : Train 58.1659, Val 66.5448, Test 66.1254
Epoch 80: Loss:            : Train 0.0026, Val 0.0050, Test 0.0048
          R2_Score         : Train 0.9231, Val 0.8568, Test 0.8614
          RMSE             : Train 50.7302, Val 69.9609, Test 68.2665
Best:
          R2_Score         : Train 0.8989, Val 0.8705, Test 0.8700
          RMSE             : Train 58.1659, Val 66.5448, Test 66.1254
Epoch 81: Loss:            : Train 0.0026, Val 0.0049, Test 0.0048
          R2_Score         : Train 0.9234, Val 0.8602, Test 0.8612
          RMSE             : Train 50.6383, Val 69.1322, Test 68.3221
Best:
          R2_Score         : Train 0.8989, Val 0.8705, Test 0.8700
          RMSE             : Train 58.1659, Val 66.5448, Test 66.1254
Epoch 82: Loss:            : Train 0.0026, Val 0.0049, Test 0.0047
          R2_Score         : Train 0.9234, Val 0.8604, Test 0.8624
          RMSE             : Train 50.6341, Val 69.0933, Test 68.0398
Best:
          R2_Score         : Train 0.8989, Val 0.8705, Test 0.8700
          RMSE             : Train 58.1659, Val 66.5448, Test 66.1254
Epoch 83: Loss:            : Train 0.0026, Val 0.0050, Test 0.0048
          R2_Score         : Train 0.9238, Val 0.8571, Test 0.8592
          RMSE             : Train 50.4954, Val 69.9055, Test 68.8138
Best:
          R2_Score         : Train 0.8989, Val 0.8705, Test 0.8700
          RMSE             : Train 58.1659, Val 66.5448, Test 66.1254
Epoch 84: Loss:            : Train 0.0026, Val 0.0049, Test 0.0048
          R2_Score         : Train 0.9241, Val 0.8589, Test 0.8608
          RMSE             : Train 50.3826, Val 69.4522, Test 68.4295
Best:
          R2_Score         : Train 0.8989, Val 0.8705, Test 0.8700
          RMSE             : Train 58.1659, Val 66.5448, Test 66.1254
Epoch 85: Loss:            : Train 0.0026, Val 0.0049, Test 0.0047
          R2_Score         : Train 0.9247, Val 0.8594, Test 0.8617
          RMSE             : Train 50.1949, Val 69.3381, Test 68.1975
Best:
          R2_Score         : Train 0.8989, Val 0.8705, Test 0.8700
          RMSE             : Train 58.1659, Val 66.5448, Test 66.1254
Epoch 86: Loss:            : Train 0.0026, Val 0.0049, Test 0.0048
          R2_Score         : Train 0.9251, Val 0.8599, Test 0.8615
          RMSE             : Train 50.0621, Val 69.2072, Test 68.2524
Best:
          R2_Score         : Train 0.8989, Val 0.8705, Test 0.8700
          RMSE             : Train 58.1659, Val 66.5448, Test 66.1254
Epoch 87: Loss:            : Train 0.0026, Val 0.0050, Test 0.0049
          R2_Score         : Train 0.9248, Val 0.8569, Test 0.8581
          RMSE             : Train 50.1642, Val 69.9446, Test 69.0768
Best:
          R2_Score         : Train 0.8989, Val 0.8705, Test 0.8700
          RMSE             : Train 58.1659, Val 66.5448, Test 66.1254
Epoch 88: Loss:            : Train 0.0026, Val 0.0050, Test 0.0048
          R2_Score         : Train 0.9251, Val 0.8584, Test 0.8609
          RMSE             : Train 50.0490, Val 69.5733, Test 68.3867
Best:
          R2_Score         : Train 0.8989, Val 0.8705, Test 0.8700
          RMSE             : Train 58.1659, Val 66.5448, Test 66.1254
Epoch 89: Loss:            : Train 0.0026, Val 0.0050, Test 0.0048
          R2_Score         : Train 0.9253, Val 0.8578, Test 0.8608
          RMSE             : Train 49.9851, Val 69.7128, Test 68.4247
Best:
          R2_Score         : Train 0.8989, Val 0.8705, Test 0.8700
          RMSE             : Train 58.1659, Val 66.5448, Test 66.1254
Epoch 90: Loss:            : Train 0.0025, Val 0.0049, Test 0.0047
          R2_Score         : Train 0.9257, Val 0.8581, Test 0.8625
          RMSE             : Train 49.8563, Val 69.6454, Test 68.0076
Best:
          R2_Score         : Train 0.8989, Val 0.8705, Test 0.8700
          RMSE             : Train 58.1659, Val 66.5448, Test 66.1254
Epoch 91: Loss:            : Train 0.0025, Val 0.0049, Test 0.0048
          R2_Score         : Train 0.9261, Val 0.8597, Test 0.8615
          RMSE             : Train 49.7359, Val 69.2551, Test 68.2597
Best:
          R2_Score         : Train 0.8989, Val 0.8705, Test 0.8700
          RMSE             : Train 58.1659, Val 66.5448, Test 66.1254
Epoch 92: Loss:            : Train 0.0025, Val 0.0049, Test 0.0048
          R2_Score         : Train 0.9258, Val 0.8591, Test 0.8588
          RMSE             : Train 49.8105, Val 69.4107, Test 68.9011
Best:
          R2_Score         : Train 0.8989, Val 0.8705, Test 0.8700
          RMSE             : Train 58.1659, Val 66.5448, Test 66.1254
Epoch 93: Loss:            : Train 0.0025, Val 0.0049, Test 0.0049
          R2_Score         : Train 0.9264, Val 0.8580, Test 0.8575
          RMSE             : Train 49.6330, Val 69.6804, Test 69.2174
Best:
          R2_Score         : Train 0.8989, Val 0.8705, Test 0.8700
          RMSE             : Train 58.1659, Val 66.5448, Test 66.1254
Epoch 94: Loss:            : Train 0.0025, Val 0.0051, Test 0.0048
          R2_Score         : Train 0.9262, Val 0.8548, Test 0.8602
          RMSE             : Train 49.6862, Val 70.4538, Test 68.5807
Best:
          R2_Score         : Train 0.8989, Val 0.8705, Test 0.8700
          RMSE             : Train 58.1659, Val 66.5448, Test 66.1254
Epoch 95: Loss:            : Train 0.0025, Val 0.0050, Test 0.0048
          R2_Score         : Train 0.9268, Val 0.8567, Test 0.8614
          RMSE             : Train 49.4909, Val 69.9815, Test 68.2756
Best:
          R2_Score         : Train 0.8989, Val 0.8705, Test 0.8700
          RMSE             : Train 58.1659, Val 66.5448, Test 66.1254
Epoch 96: Loss:            : Train 0.0025, Val 0.0051, Test 0.0049
          R2_Score         : Train 0.9273, Val 0.8539, Test 0.8579
          RMSE             : Train 49.3124, Val 70.6600, Test 69.1281
Best:
          R2_Score         : Train 0.8989, Val 0.8705, Test 0.8700
          RMSE             : Train 58.1659, Val 66.5448, Test 66.1254
Epoch 97: Loss:            : Train 0.0025, Val 0.0049, Test 0.0048
          R2_Score         : Train 0.9274, Val 0.8587, Test 0.8615
          RMSE             : Train 49.2827, Val 69.5032, Test 68.2538
Best:
          R2_Score         : Train 0.8989, Val 0.8705, Test 0.8700
          RMSE             : Train 58.1659, Val 66.5448, Test 66.1254
Epoch 98: Loss:            : Train 0.0025, Val 0.0051, Test 0.0048
          R2_Score         : Train 0.9279, Val 0.8558, Test 0.8598
          RMSE             : Train 49.1204, Val 70.2207, Test 68.6633
Best:
          R2_Score         : Train 0.8989, Val 0.8705, Test 0.8700
          RMSE             : Train 58.1659, Val 66.5448, Test 66.1254
Epoch 99: Loss:            : Train 0.0025, Val 0.0053, Test 0.0050
          R2_Score         : Train 0.9279, Val 0.8488, Test 0.8538
          RMSE             : Train 49.1217, Val 71.8861, Test 70.1242
Best:
          R2_Score         : Train 0.8989, Val 0.8705, Test 0.8700
          RMSE             : Train 58.1659, Val 66.5448, Test 66.1254
Epoch 100: Loss:            : Train 0.0024, Val 0.0049, Test 0.0048
          R2_Score         : Train 0.9283, Val 0.8594, Test 0.8609
          RMSE             : Train 48.9927, Val 69.3201, Test 68.3918
Best:
          R2_Score         : Train 0.8989, Val 0.8705, Test 0.8700
          RMSE             : Train 58.1659, Val 66.5448, Test 66.1254
Training time (sec): 6720
