Loading house from data/beijing/house_clean.csv
Loading airbnb from data/beijing/airbnb_clean.csv
Current house columns Index(['cid', 'DOM', 'followers', 'square', 'livingRoom', 'drawingRoom',
       'kitchen', 'bathRoom', 'floor', 'constructionTime', 'ladderRatio',
       'elevator', 'fiveYearsProperty', 'subway', 'did_2', 'did_3', 'did_4',
       'did_5', 'did_6', 'did_7', 'did_8', 'did_9', 'did_10', 'did_11',
       'did_12', 'did_13', 'bt_2', 'bt_3', 'bt_4', 'rc_2', 'rc_3', 'rc_4',
       'bs_2', 'bs_3', 'bs_4', 'bs_5', 'bs_6', 'ty_2014', 'ty_2015', 'ty_2016',
       'ty_2017', 'ty_2018', 'tm_2', 'tm_3', 'tm_4', 'tm_5', 'tm_6', 'tm_7',
       'tm_8', 'tm_9', 'tm_10', 'tm_11', 'tm_12', 'lon', 'lat'],
      dtype='object')
Current airbnb columns Index(['lon', 'lat', 'price', 'minimum_nights', 'number_of_reviews',
       'reviews_per_month', 'calculated_host_listings_count',
       'availability_365', 'nbr_丰台区 ', 'nbr_大兴区 ', 'nbr_密云县 ', 'nbr_平谷区 ',
       'nbr_延庆县 ', 'nbr_怀柔区 ', 'nbr_房山区', 'nbr_昌平区', 'nbr_朝阳区 ', 'nbr_海淀区',
       'nbr_石景山区', 'nbr_西城区', 'nbr_通州区 ', 'nbr_门头沟区 ', 'nbr_顺义区 ',
       'rt_Private room', 'rt_Shared room'],
      dtype='object')
Loading data from cache
Done
Calculating noise scale
Standard variance of sim_score: 21178.86
Adding noise of scale 0.03770039820547777 to sim_scores
Adding noise of scale 0.03770039820547777 to sim_scores
Adding noise of scale 0.03770039820547777 to sim_scores
Preparing time (sec): 15
Initializing dataloader
Done
Prepare for training
Start training
================================================================================
                                    Kernel Shape Output Shape  Params  \
Layer                                                                   
0_local_models.0.fc_layers.Linear_0    [53, 200]   [128, 200]   10800   
1_local_models.0.fc_layers.Linear_1   [200, 100]   [128, 100]   20100   
2_local_models.1.fc_layers.Linear_0    [23, 200]   [128, 200]    4800   
3_local_models.1.fc_layers.Linear_1   [200, 100]   [128, 100]   20100   
4_agg_model.fc_layers.Linear_0        [200, 100]   [128, 100]   20100   
5_agg_model.fc_layers.Linear_1          [100, 1]     [128, 1]     101   

                                     Mult-Adds  
Layer                                           
0_local_models.0.fc_layers.Linear_0      10600  
1_local_models.0.fc_layers.Linear_1      20000  
2_local_models.1.fc_layers.Linear_0       4600  
3_local_models.1.fc_layers.Linear_1      20000  
4_agg_model.fc_layers.Linear_0           20000  
5_agg_model.fc_layers.Linear_1             100  
--------------------------------------------------------------------------------
                      Totals
Total params           76001
Trainable params       76001
Non-trainable params       0
Mult-Adds              75300
================================================================================
n_classes=2
task=regression
model_name=beijing_avgsim_p_5E-04_2022-02-01-12-30-56
sche_threshold=0.0001
sche_patience=10
sche_factor=0.1
use_scheduler=False
num_workers=4
device=cuda:6
test_batch_size=4096
train_batch_size=128
learning_rate=0.003
weight_decay=1e-05
num_epochs=100
model_save_path=ckp/beijing_avgsim_p_5E-04_2022-02-01-12-30-56.pth
test_rate=0.2
val_rate=0.1
multiprocess_context=fork
metrics=['r2_score', 'rmse']
metrics_f=[<metric.r2_score.R2Score object at 0x7f0e53023be0>, <metric.rmse.RMSE object at 0x7f0e53023940>]
hidden_sizes=[200, 100]
model=SplitNN(
  (agg_model): MLP(
    (fc_layers): ModuleList(
      (0): Linear(in_features=200, out_features=100, bias=True)
      (1): Linear(in_features=100, out_features=1, bias=True)
    )
  )
  (local_models): ModuleList(
    (0): MLP(
      (fc_layers): ModuleList(
        (0): Linear(in_features=53, out_features=200, bias=True)
        (1): Linear(in_features=200, out_features=100, bias=True)
      )
    )
    (1): MLP(
      (fc_layers): ModuleList(
        (0): Linear(in_features=23, out_features=200, bias=True)
        (1): Linear(in_features=200, out_features=100, bias=True)
      )
    )
  )
)
writer=<torch.utils.tensorboard.writer.SummaryWriter object at 0x7f0e53023d30>
dataset_type=real
drop_key=True
num_common_features=2
tree_radius=0.01
tree_leaf_size=1000
knn_k=100
grid_min=-10.0
grid_max=10.0
grid_width=1.5
sim_scaler=StandardScaler()
filter_top_k=None
link_n_jobs=-1
psig_p=7
sim_leak_p=0.0005
link_threshold_t=0.01
link_epsilon=0.03
n_hash_lsh=20
edit_distance_threshold=1
n_hash_func=10
collision_rate=0.05
qgram_q=2
link_delta=0.03
feature_wise_sim=False
blocking_method=knn_priv_float
center_threshold=0.5
n_clusters=100
local_hidden_sizes=[[200], [200]]
cut_dims=[100, 100]
agg_hidden_sizes=[100]
scale_analysis=<utils.privacy.SimNoiseScale object at 0x7f0e52fd1460>
log_dir=log/beijing_avgsim_p_5E-04_2022-02-01-12-30-56/
update_sim_freq=1
sim_model_save_path=ckp/beijing_avgsim_p_5E-04_2022-02-01-12-30-56_sim.pth
sim_batch_size=4096
sim_weight_decay=1e-05
sim_learning_rate=0.003
merge_mode=avg
sim_model=None
sim_hidden_sizes=[10, 10]
data1_shape=(141050, 55)
data2_shape=(27827, 25)
Epoch 1: Loss:            : Train 0.0076, Val 0.0049, Test 0.0047
          R2_Score         : Train 0.7778, Val 0.8594, Test 0.8625
          RMSE             : Train 86.2262, Val 69.3396, Test 68.0116
Best:
          R2_Score         : Train 0.7778, Val 0.8594, Test 0.8625
          RMSE             : Train 86.2262, Val 69.3396, Test 68.0116
Epoch 2: Loss:            : Train 0.0045, Val 0.0043, Test 0.0042
          R2_Score         : Train 0.8683, Val 0.8760, Test 0.8768
          RMSE             : Train 66.3873, Val 65.1100, Test 64.3679
Best:
          R2_Score         : Train 0.8683, Val 0.8760, Test 0.8768
          RMSE             : Train 66.3873, Val 65.1100, Test 64.3679
Epoch 3: Loss:            : Train 0.0041, Val 0.0041, Test 0.0040
          R2_Score         : Train 0.8810, Val 0.8841, Test 0.8836
          RMSE             : Train 63.0918, Val 62.9588, Test 62.5661
Best:
          R2_Score         : Train 0.8810, Val 0.8841, Test 0.8836
          RMSE             : Train 63.0918, Val 62.9588, Test 62.5661
Epoch 4: Loss:            : Train 0.0038, Val 0.0039, Test 0.0038
          R2_Score         : Train 0.8891, Val 0.8874, Test 0.8888
          RMSE             : Train 60.9112, Val 62.0398, Test 61.1475
Best:
          R2_Score         : Train 0.8891, Val 0.8874, Test 0.8888
          RMSE             : Train 60.9112, Val 62.0398, Test 61.1475
Epoch 5: Loss:            : Train 0.0036, Val 0.0040, Test 0.0039
          R2_Score         : Train 0.8950, Val 0.8849, Test 0.8857
          RMSE             : Train 59.2682, Val 62.7172, Test 61.9992
Best:
          R2_Score         : Train 0.8891, Val 0.8874, Test 0.8888
          RMSE             : Train 60.9112, Val 62.0398, Test 61.1475
Epoch 6: Loss:            : Train 0.0034, Val 0.0037, Test 0.0036
          R2_Score         : Train 0.9000, Val 0.8948, Test 0.8951
          RMSE             : Train 57.8496, Val 59.9680, Test 59.3848
Best:
          R2_Score         : Train 0.9000, Val 0.8948, Test 0.8951
          RMSE             : Train 57.8496, Val 59.9680, Test 59.3848
Epoch 7: Loss:            : Train 0.0033, Val 0.0036, Test 0.0036
          R2_Score         : Train 0.9040, Val 0.8958, Test 0.8964
          RMSE             : Train 56.6653, Val 59.6808, Test 59.0341
Best:
          R2_Score         : Train 0.9040, Val 0.8958, Test 0.8964
          RMSE             : Train 56.6653, Val 59.6808, Test 59.0341
Epoch 8: Loss:            : Train 0.0032, Val 0.0038, Test 0.0037
          R2_Score         : Train 0.9074, Val 0.8920, Test 0.8916
          RMSE             : Train 55.6677, Val 60.7684, Test 60.3919
Best:
          R2_Score         : Train 0.9040, Val 0.8958, Test 0.8964
          RMSE             : Train 56.6653, Val 59.6808, Test 59.0341
Epoch 9: Loss:            : Train 0.0030, Val 0.0036, Test 0.0034
          R2_Score         : Train 0.9108, Val 0.8989, Test 0.8997
          RMSE             : Train 54.6391, Val 58.7756, Test 58.0685
Best:
          R2_Score         : Train 0.9108, Val 0.8989, Test 0.8997
          RMSE             : Train 54.6391, Val 58.7756, Test 58.0685
Epoch 10: Loss:            : Train 0.0030, Val 0.0034, Test 0.0033
          R2_Score         : Train 0.9133, Val 0.9035, Test 0.9038
          RMSE             : Train 53.8605, Val 57.4426, Test 56.8686
Best:
          R2_Score         : Train 0.9133, Val 0.9035, Test 0.9038
          RMSE             : Train 53.8605, Val 57.4426, Test 56.8686
Epoch 11: Loss:            : Train 0.0029, Val 0.0032, Test 0.0032
          R2_Score         : Train 0.9162, Val 0.9084, Test 0.9073
          RMSE             : Train 52.9372, Val 55.9646, Test 55.8275
Best:
          R2_Score         : Train 0.9162, Val 0.9084, Test 0.9073
          RMSE             : Train 52.9372, Val 55.9646, Test 55.8275
Epoch 12: Loss:            : Train 0.0028, Val 0.0033, Test 0.0032
          R2_Score         : Train 0.9179, Val 0.9062, Test 0.9069
          RMSE             : Train 52.4115, Val 56.6379, Test 55.9664
Best:
          R2_Score         : Train 0.9162, Val 0.9084, Test 0.9073
          RMSE             : Train 52.9372, Val 55.9646, Test 55.8275
Epoch 13: Loss:            : Train 0.0027, Val 0.0031, Test 0.0030
          R2_Score         : Train 0.9205, Val 0.9106, Test 0.9112
          RMSE             : Train 51.5568, Val 55.2687, Test 54.6410
Best:
          R2_Score         : Train 0.9205, Val 0.9106, Test 0.9112
          RMSE             : Train 51.5568, Val 55.2687, Test 54.6410
Epoch 14: Loss:            : Train 0.0026, Val 0.0031, Test 0.0030
          R2_Score         : Train 0.9227, Val 0.9109, Test 0.9118
          RMSE             : Train 50.8505, Val 55.1810, Test 54.4621
Best:
          R2_Score         : Train 0.9227, Val 0.9109, Test 0.9118
          RMSE             : Train 50.8505, Val 55.1810, Test 54.4621
Epoch 15: Loss:            : Train 0.0026, Val 0.0031, Test 0.0031
          R2_Score         : Train 0.9247, Val 0.9117, Test 0.9109
          RMSE             : Train 50.1845, Val 54.9282, Test 54.7468
Best:
          R2_Score         : Train 0.9247, Val 0.9117, Test 0.9109
          RMSE             : Train 50.1845, Val 54.9282, Test 54.7468
Epoch 16: Loss:            : Train 0.0025, Val 0.0031, Test 0.0031
          R2_Score         : Train 0.9262, Val 0.9111, Test 0.9106
          RMSE             : Train 49.7006, Val 55.1394, Test 54.8284
Best:
          R2_Score         : Train 0.9247, Val 0.9117, Test 0.9109
          RMSE             : Train 50.1845, Val 54.9282, Test 54.7468
Epoch 17: Loss:            : Train 0.0025, Val 0.0031, Test 0.0030
          R2_Score         : Train 0.9280, Val 0.9115, Test 0.9137
          RMSE             : Train 49.0938, Val 54.9886, Test 53.8786
Best:
          R2_Score         : Train 0.9247, Val 0.9117, Test 0.9109
          RMSE             : Train 50.1845, Val 54.9282, Test 54.7468
Epoch 18: Loss:            : Train 0.0024, Val 0.0030, Test 0.0030
          R2_Score         : Train 0.9291, Val 0.9135, Test 0.9138
          RMSE             : Train 48.7195, Val 54.3654, Test 53.8394
Best:
          R2_Score         : Train 0.9291, Val 0.9135, Test 0.9138
          RMSE             : Train 48.7195, Val 54.3654, Test 53.8394
Epoch 19: Loss:            : Train 0.0024, Val 0.0030, Test 0.0030
          R2_Score         : Train 0.9300, Val 0.9125, Test 0.9134
          RMSE             : Train 48.4056, Val 54.6973, Test 53.9780
Best:
          R2_Score         : Train 0.9291, Val 0.9135, Test 0.9138
          RMSE             : Train 48.7195, Val 54.3654, Test 53.8394
Epoch 20: Loss:            : Train 0.0023, Val 0.0031, Test 0.0031
          R2_Score         : Train 0.9319, Val 0.9107, Test 0.9102
          RMSE             : Train 47.7481, Val 55.2367, Test 54.9434
Best:
          R2_Score         : Train 0.9291, Val 0.9135, Test 0.9138
          RMSE             : Train 48.7195, Val 54.3654, Test 53.8394
Epoch 21: Loss:            : Train 0.0023, Val 0.0030, Test 0.0030
          R2_Score         : Train 0.9328, Val 0.9138, Test 0.9131
          RMSE             : Train 47.4119, Val 54.2871, Test 54.0520
Best:
          R2_Score         : Train 0.9328, Val 0.9138, Test 0.9131
          RMSE             : Train 47.4119, Val 54.2871, Test 54.0520
Epoch 22: Loss:            : Train 0.0022, Val 0.0033, Test 0.0032
          R2_Score         : Train 0.9344, Val 0.9067, Test 0.9078
          RMSE             : Train 46.8526, Val 56.4661, Test 55.6864
Best:
          R2_Score         : Train 0.9328, Val 0.9138, Test 0.9131
          RMSE             : Train 47.4119, Val 54.2871, Test 54.0520
Epoch 23: Loss:            : Train 0.0022, Val 0.0030, Test 0.0029
          R2_Score         : Train 0.9348, Val 0.9142, Test 0.9148
          RMSE             : Train 46.6973, Val 54.1549, Test 53.5259
Best:
          R2_Score         : Train 0.9348, Val 0.9142, Test 0.9148
          RMSE             : Train 46.6973, Val 54.1549, Test 53.5259
Epoch 24: Loss:            : Train 0.0022, Val 0.0029, Test 0.0028
          R2_Score         : Train 0.9363, Val 0.9200, Test 0.9199
          RMSE             : Train 46.1804, Val 52.2935, Test 51.8877
Best:
          R2_Score         : Train 0.9363, Val 0.9200, Test 0.9199
          RMSE             : Train 46.1804, Val 52.2935, Test 51.8877
Epoch 25: Loss:            : Train 0.0021, Val 0.0030, Test 0.0029
          R2_Score         : Train 0.9375, Val 0.9133, Test 0.9146
          RMSE             : Train 45.7259, Val 54.4454, Test 53.6051
Best:
          R2_Score         : Train 0.9363, Val 0.9200, Test 0.9199
          RMSE             : Train 46.1804, Val 52.2935, Test 51.8877
Epoch 26: Loss:            : Train 0.0021, Val 0.0029, Test 0.0028
          R2_Score         : Train 0.9384, Val 0.9171, Test 0.9175
          RMSE             : Train 45.3978, Val 53.2385, Test 52.6757
Best:
          R2_Score         : Train 0.9363, Val 0.9200, Test 0.9199
          RMSE             : Train 46.1804, Val 52.2935, Test 51.8877
Epoch 27: Loss:            : Train 0.0021, Val 0.0030, Test 0.0029
          R2_Score         : Train 0.9393, Val 0.9153, Test 0.9166
          RMSE             : Train 45.0787, Val 53.8200, Test 52.9712
Best:
          R2_Score         : Train 0.9363, Val 0.9200, Test 0.9199
          RMSE             : Train 46.1804, Val 52.2935, Test 51.8877
Epoch 28: Loss:            : Train 0.0021, Val 0.0028, Test 0.0028
          R2_Score         : Train 0.9399, Val 0.9194, Test 0.9184
          RMSE             : Train 44.8266, Val 52.4918, Test 52.3873
Best:
          R2_Score         : Train 0.9363, Val 0.9200, Test 0.9199
          RMSE             : Train 46.1804, Val 52.2935, Test 51.8877
Epoch 29: Loss:            : Train 0.0020, Val 0.0028, Test 0.0028
          R2_Score         : Train 0.9409, Val 0.9196, Test 0.9197
          RMSE             : Train 44.4739, Val 52.4144, Test 51.9834
Best:
          R2_Score         : Train 0.9363, Val 0.9200, Test 0.9199
          RMSE             : Train 46.1804, Val 52.2935, Test 51.8877
Epoch 30: Loss:            : Train 0.0020, Val 0.0030, Test 0.0029
          R2_Score         : Train 0.9414, Val 0.9129, Test 0.9151
          RMSE             : Train 44.2895, Val 54.5670, Test 53.4289
Best:
          R2_Score         : Train 0.9363, Val 0.9200, Test 0.9199
          RMSE             : Train 46.1804, Val 52.2935, Test 51.8877
Epoch 31: Loss:            : Train 0.0020, Val 0.0029, Test 0.0028
          R2_Score         : Train 0.9422, Val 0.9174, Test 0.9171
          RMSE             : Train 43.9616, Val 53.1312, Test 52.7913
Best:
          R2_Score         : Train 0.9363, Val 0.9200, Test 0.9199
          RMSE             : Train 46.1804, Val 52.2935, Test 51.8877
Epoch 32: Loss:            : Train 0.0019, Val 0.0028, Test 0.0028
          R2_Score         : Train 0.9430, Val 0.9199, Test 0.9187
          RMSE             : Train 43.6794, Val 52.3407, Test 52.2933
Best:
          R2_Score         : Train 0.9363, Val 0.9200, Test 0.9199
          RMSE             : Train 46.1804, Val 52.2935, Test 51.8877
Epoch 33: Loss:            : Train 0.0019, Val 0.0029, Test 0.0028
          R2_Score         : Train 0.9438, Val 0.9183, Test 0.9191
          RMSE             : Train 43.3633, Val 52.8382, Test 52.1608
Best:
          R2_Score         : Train 0.9363, Val 0.9200, Test 0.9199
          RMSE             : Train 46.1804, Val 52.2935, Test 51.8877
Epoch 34: Loss:            : Train 0.0019, Val 0.0028, Test 0.0028
          R2_Score         : Train 0.9445, Val 0.9190, Test 0.9196
          RMSE             : Train 43.0981, Val 52.6304, Test 51.9894
Best:
          R2_Score         : Train 0.9363, Val 0.9200, Test 0.9199
          RMSE             : Train 46.1804, Val 52.2935, Test 51.8877
Epoch 35: Loss:            : Train 0.0019, Val 0.0030, Test 0.0029
          R2_Score         : Train 0.9448, Val 0.9149, Test 0.9146
          RMSE             : Train 42.9586, Val 53.9291, Test 53.6038
Best:
          R2_Score         : Train 0.9363, Val 0.9200, Test 0.9199
          RMSE             : Train 46.1804, Val 52.2935, Test 51.8877
Epoch 36: Loss:            : Train 0.0019, Val 0.0028, Test 0.0028
          R2_Score         : Train 0.9453, Val 0.9202, Test 0.9190
          RMSE             : Train 42.7862, Val 52.2275, Test 52.1961
Best:
          R2_Score         : Train 0.9453, Val 0.9202, Test 0.9190
          RMSE             : Train 42.7862, Val 52.2275, Test 52.1961
Epoch 37: Loss:            : Train 0.0018, Val 0.0029, Test 0.0028
          R2_Score         : Train 0.9460, Val 0.9161, Test 0.9186
          RMSE             : Train 42.4875, Val 53.5694, Test 52.3308
Best:
          R2_Score         : Train 0.9453, Val 0.9202, Test 0.9190
          RMSE             : Train 42.7862, Val 52.2275, Test 52.1961
Epoch 38: Loss:            : Train 0.0018, Val 0.0029, Test 0.0029
          R2_Score         : Train 0.9463, Val 0.9165, Test 0.9169
          RMSE             : Train 42.3922, Val 53.4209, Test 52.8685
Best:
          R2_Score         : Train 0.9453, Val 0.9202, Test 0.9190
          RMSE             : Train 42.7862, Val 52.2275, Test 52.1961
Epoch 39: Loss:            : Train 0.0018, Val 0.0029, Test 0.0028
          R2_Score         : Train 0.9466, Val 0.9172, Test 0.9191
          RMSE             : Train 42.2853, Val 53.2070, Test 52.1697
Best:
          R2_Score         : Train 0.9453, Val 0.9202, Test 0.9190
          RMSE             : Train 42.7862, Val 52.2275, Test 52.1961
Epoch 40: Loss:            : Train 0.0018, Val 0.0029, Test 0.0028
          R2_Score         : Train 0.9474, Val 0.9165, Test 0.9184
          RMSE             : Train 41.9455, Val 53.4338, Test 52.3936
Best:
          R2_Score         : Train 0.9453, Val 0.9202, Test 0.9190
          RMSE             : Train 42.7862, Val 52.2275, Test 52.1961
Epoch 41: Loss:            : Train 0.0018, Val 0.0029, Test 0.0028
          R2_Score         : Train 0.9482, Val 0.9175, Test 0.9186
          RMSE             : Train 41.6338, Val 53.0926, Test 52.3101
Best:
          R2_Score         : Train 0.9453, Val 0.9202, Test 0.9190
          RMSE             : Train 42.7862, Val 52.2275, Test 52.1961
Epoch 42: Loss:            : Train 0.0018, Val 0.0029, Test 0.0029
          R2_Score         : Train 0.9486, Val 0.9157, Test 0.9166
          RMSE             : Train 41.4747, Val 53.6766, Test 52.9551
Best:
          R2_Score         : Train 0.9453, Val 0.9202, Test 0.9190
          RMSE             : Train 42.7862, Val 52.2275, Test 52.1961
Epoch 43: Loss:            : Train 0.0017, Val 0.0028, Test 0.0028
          R2_Score         : Train 0.9488, Val 0.9189, Test 0.9188
          RMSE             : Train 41.3715, Val 52.6645, Test 52.2628
Best:
          R2_Score         : Train 0.9453, Val 0.9202, Test 0.9190
          RMSE             : Train 42.7862, Val 52.2275, Test 52.1961
Epoch 44: Loss:            : Train 0.0017, Val 0.0029, Test 0.0028
          R2_Score         : Train 0.9491, Val 0.9160, Test 0.9182
          RMSE             : Train 41.2817, Val 53.5814, Test 52.4455
Best:
          R2_Score         : Train 0.9453, Val 0.9202, Test 0.9190
          RMSE             : Train 42.7862, Val 52.2275, Test 52.1961
Epoch 45: Loss:            : Train 0.0017, Val 0.0029, Test 0.0028
          R2_Score         : Train 0.9497, Val 0.9159, Test 0.9181
          RMSE             : Train 41.0096, Val 53.6113, Test 52.4680
Best:
          R2_Score         : Train 0.9453, Val 0.9202, Test 0.9190
          RMSE             : Train 42.7862, Val 52.2275, Test 52.1961
Epoch 46: Loss:            : Train 0.0017, Val 0.0029, Test 0.0027
          R2_Score         : Train 0.9501, Val 0.9184, Test 0.9201
          RMSE             : Train 40.8399, Val 52.8290, Test 51.8533
Best:
          R2_Score         : Train 0.9453, Val 0.9202, Test 0.9190
          RMSE             : Train 42.7862, Val 52.2275, Test 52.1961
Epoch 47: Loss:            : Train 0.0017, Val 0.0027, Test 0.0027
          R2_Score         : Train 0.9509, Val 0.9214, Test 0.9219
          RMSE             : Train 40.5147, Val 51.8520, Test 51.2388
Best:
          R2_Score         : Train 0.9509, Val 0.9214, Test 0.9219
          RMSE             : Train 40.5147, Val 51.8520, Test 51.2388
Epoch 48: Loss:            : Train 0.0017, Val 0.0030, Test 0.0029
          R2_Score         : Train 0.9508, Val 0.9135, Test 0.9148
          RMSE             : Train 40.5741, Val 54.3854, Test 53.5235
Best:
          R2_Score         : Train 0.9509, Val 0.9214, Test 0.9219
          RMSE             : Train 40.5147, Val 51.8520, Test 51.2388
Epoch 49: Loss:            : Train 0.0017, Val 0.0029, Test 0.0028
          R2_Score         : Train 0.9513, Val 0.9178, Test 0.9198
          RMSE             : Train 40.3443, Val 53.0007, Test 51.9345
Best:
          R2_Score         : Train 0.9509, Val 0.9214, Test 0.9219
          RMSE             : Train 40.5147, Val 51.8520, Test 51.2388
Epoch 50: Loss:            : Train 0.0017, Val 0.0028, Test 0.0028
          R2_Score         : Train 0.9515, Val 0.9203, Test 0.9190
          RMSE             : Train 40.2827, Val 52.2101, Test 52.1863
Best:
          R2_Score         : Train 0.9509, Val 0.9214, Test 0.9219
          RMSE             : Train 40.5147, Val 51.8520, Test 51.2388
Epoch 51: Loss:            : Train 0.0016, Val 0.0028, Test 0.0028
          R2_Score         : Train 0.9523, Val 0.9191, Test 0.9184
          RMSE             : Train 39.9312, Val 52.5983, Test 52.3752
Best:
          R2_Score         : Train 0.9509, Val 0.9214, Test 0.9219
          RMSE             : Train 40.5147, Val 51.8520, Test 51.2388
Epoch 52: Loss:            : Train 0.0016, Val 0.0028, Test 0.0027
          R2_Score         : Train 0.9520, Val 0.9184, Test 0.9205
          RMSE             : Train 40.0837, Val 52.8062, Test 51.7205
Best:
          R2_Score         : Train 0.9509, Val 0.9214, Test 0.9219
          RMSE             : Train 40.5147, Val 51.8520, Test 51.2388
Epoch 53: Loss:            : Train 0.0016, Val 0.0030, Test 0.0029
          R2_Score         : Train 0.9528, Val 0.9148, Test 0.9168
          RMSE             : Train 39.7287, Val 53.9672, Test 52.8827
Best:
          R2_Score         : Train 0.9509, Val 0.9214, Test 0.9219
          RMSE             : Train 40.5147, Val 51.8520, Test 51.2388
Epoch 54: Loss:            : Train 0.0016, Val 0.0029, Test 0.0028
          R2_Score         : Train 0.9531, Val 0.9167, Test 0.9193
          RMSE             : Train 39.6106, Val 53.3543, Test 52.0879
Best:
          R2_Score         : Train 0.9509, Val 0.9214, Test 0.9219
          RMSE             : Train 40.5147, Val 51.8520, Test 51.2388
Epoch 55: Loss:            : Train 0.0016, Val 0.0029, Test 0.0028
          R2_Score         : Train 0.9536, Val 0.9173, Test 0.9194
          RMSE             : Train 39.3871, Val 53.1602, Test 52.0533
Best:
          R2_Score         : Train 0.9509, Val 0.9214, Test 0.9219
          RMSE             : Train 40.5147, Val 51.8520, Test 51.2388
Epoch 56: Loss:            : Train 0.0016, Val 0.0029, Test 0.0028
          R2_Score         : Train 0.9535, Val 0.9166, Test 0.9183
          RMSE             : Train 39.4362, Val 53.3999, Test 52.4287
Best:
          R2_Score         : Train 0.9509, Val 0.9214, Test 0.9219
          RMSE             : Train 40.5147, Val 51.8520, Test 51.2388
Epoch 57: Loss:            : Train 0.0016, Val 0.0029, Test 0.0028
          R2_Score         : Train 0.9539, Val 0.9158, Test 0.9188
          RMSE             : Train 39.2737, Val 53.6585, Test 52.2694
Best:
          R2_Score         : Train 0.9509, Val 0.9214, Test 0.9219
          RMSE             : Train 40.5147, Val 51.8520, Test 51.2388
Epoch 58: Loss:            : Train 0.0016, Val 0.0029, Test 0.0027
          R2_Score         : Train 0.9537, Val 0.9176, Test 0.9206
          RMSE             : Train 39.3519, Val 53.0811, Test 51.6884
Best:
          R2_Score         : Train 0.9509, Val 0.9214, Test 0.9219
          RMSE             : Train 40.5147, Val 51.8520, Test 51.2388
Epoch 59: Loss:            : Train 0.0016, Val 0.0029, Test 0.0028
          R2_Score         : Train 0.9542, Val 0.9178, Test 0.9187
          RMSE             : Train 39.1247, Val 53.0245, Test 52.2771
Best:
          R2_Score         : Train 0.9509, Val 0.9214, Test 0.9219
          RMSE             : Train 40.5147, Val 51.8520, Test 51.2388
Epoch 60: Loss:            : Train 0.0016, Val 0.0031, Test 0.0028
          R2_Score         : Train 0.9546, Val 0.9133, Test 0.9176
          RMSE             : Train 38.9704, Val 54.4509, Test 52.6314
Best:
          R2_Score         : Train 0.9509, Val 0.9214, Test 0.9219
          RMSE             : Train 40.5147, Val 51.8520, Test 51.2388
Epoch 61: Loss:            : Train 0.0016, Val 0.0028, Test 0.0027
          R2_Score         : Train 0.9544, Val 0.9205, Test 0.9216
          RMSE             : Train 39.0391, Val 52.1203, Test 51.3651
Best:
          R2_Score         : Train 0.9509, Val 0.9214, Test 0.9219
          RMSE             : Train 40.5147, Val 51.8520, Test 51.2388
Epoch 62: Loss:            : Train 0.0015, Val 0.0028, Test 0.0027
          R2_Score         : Train 0.9546, Val 0.9185, Test 0.9204
          RMSE             : Train 38.9554, Val 52.7775, Test 51.7291
Best:
          R2_Score         : Train 0.9509, Val 0.9214, Test 0.9219
          RMSE             : Train 40.5147, Val 51.8520, Test 51.2388
Epoch 63: Loss:            : Train 0.0015, Val 0.0029, Test 0.0027
          R2_Score         : Train 0.9551, Val 0.9183, Test 0.9217
          RMSE             : Train 38.7370, Val 52.8511, Test 51.3099
Best:
          R2_Score         : Train 0.9509, Val 0.9214, Test 0.9219
          RMSE             : Train 40.5147, Val 51.8520, Test 51.2388
Epoch 64: Loss:            : Train 0.0015, Val 0.0029, Test 0.0028
          R2_Score         : Train 0.9562, Val 0.9153, Test 0.9190
          RMSE             : Train 38.2957, Val 53.8154, Test 52.1822
Best:
          R2_Score         : Train 0.9509, Val 0.9214, Test 0.9219
          RMSE             : Train 40.5147, Val 51.8520, Test 51.2388
Epoch 65: Loss:            : Train 0.0015, Val 0.0028, Test 0.0028
          R2_Score         : Train 0.9563, Val 0.9184, Test 0.9196
          RMSE             : Train 38.2377, Val 52.8048, Test 52.0135
Best:
          R2_Score         : Train 0.9509, Val 0.9214, Test 0.9219
          RMSE             : Train 40.5147, Val 51.8520, Test 51.2388
Epoch 66: Loss:            : Train 0.0015, Val 0.0029, Test 0.0028
          R2_Score         : Train 0.9557, Val 0.9175, Test 0.9176
          RMSE             : Train 38.4805, Val 53.0964, Test 52.6449
Best:
          R2_Score         : Train 0.9509, Val 0.9214, Test 0.9219
          RMSE             : Train 40.5147, Val 51.8520, Test 51.2388
Epoch 67: Loss:            : Train 0.0015, Val 0.0028, Test 0.0027
          R2_Score         : Train 0.9571, Val 0.9184, Test 0.9201
          RMSE             : Train 37.8653, Val 52.8109, Test 51.8396
Best:
          R2_Score         : Train 0.9509, Val 0.9214, Test 0.9219
          RMSE             : Train 40.5147, Val 51.8520, Test 51.2388
Epoch 68: Loss:            : Train 0.0015, Val 0.0028, Test 0.0027
          R2_Score         : Train 0.9568, Val 0.9200, Test 0.9204
          RMSE             : Train 38.0138, Val 52.3046, Test 51.7380
Best:
          R2_Score         : Train 0.9509, Val 0.9214, Test 0.9219
          RMSE             : Train 40.5147, Val 51.8520, Test 51.2388
Epoch 69: Loss:            : Train 0.0015, Val 0.0029, Test 0.0028
          R2_Score         : Train 0.9573, Val 0.9169, Test 0.9187
          RMSE             : Train 37.8065, Val 53.2849, Test 52.3068
Best:
          R2_Score         : Train 0.9509, Val 0.9214, Test 0.9219
          RMSE             : Train 40.5147, Val 51.8520, Test 51.2388
Epoch 70: Loss:            : Train 0.0014, Val 0.0030, Test 0.0028
          R2_Score         : Train 0.9577, Val 0.9146, Test 0.9181
          RMSE             : Train 37.6142, Val 54.0322, Test 52.4698
Best:
          R2_Score         : Train 0.9509, Val 0.9214, Test 0.9219
          RMSE             : Train 40.5147, Val 51.8520, Test 51.2388
Epoch 71: Loss:            : Train 0.0015, Val 0.0029, Test 0.0027
          R2_Score         : Train 0.9575, Val 0.9177, Test 0.9209
          RMSE             : Train 37.7092, Val 53.0277, Test 51.5932
Best:
          R2_Score         : Train 0.9509, Val 0.9214, Test 0.9219
          RMSE             : Train 40.5147, Val 51.8520, Test 51.2388
Epoch 72: Loss:            : Train 0.0015, Val 0.0028, Test 0.0027
          R2_Score         : Train 0.9575, Val 0.9192, Test 0.9211
          RMSE             : Train 37.6976, Val 52.5476, Test 51.5235
Best:
          R2_Score         : Train 0.9509, Val 0.9214, Test 0.9219
          RMSE             : Train 40.5147, Val 51.8520, Test 51.2388
Epoch 73: Loss:            : Train 0.0014, Val 0.0029, Test 0.0028
          R2_Score         : Train 0.9578, Val 0.9169, Test 0.9191
          RMSE             : Train 37.5691, Val 53.3116, Test 52.1747
Best:
          R2_Score         : Train 0.9509, Val 0.9214, Test 0.9219
          RMSE             : Train 40.5147, Val 51.8520, Test 51.2388
Epoch 74: Loss:            : Train 0.0014, Val 0.0028, Test 0.0028
          R2_Score         : Train 0.9579, Val 0.9197, Test 0.9197
          RMSE             : Train 37.5147, Val 52.3871, Test 51.9645
Best:
          R2_Score         : Train 0.9509, Val 0.9214, Test 0.9219
          RMSE             : Train 40.5147, Val 51.8520, Test 51.2388
Epoch 75: Loss:            : Train 0.0014, Val 0.0029, Test 0.0027
          R2_Score         : Train 0.9583, Val 0.9174, Test 0.9203
          RMSE             : Train 37.3612, Val 53.1296, Test 51.7764
Best:
          R2_Score         : Train 0.9509, Val 0.9214, Test 0.9219
          RMSE             : Train 40.5147, Val 51.8520, Test 51.2388
Epoch 76: Loss:            : Train 0.0014, Val 0.0029, Test 0.0028
          R2_Score         : Train 0.9587, Val 0.9179, Test 0.9194
          RMSE             : Train 37.1508, Val 52.9677, Test 52.0762
Best:
          R2_Score         : Train 0.9509, Val 0.9214, Test 0.9219
          RMSE             : Train 40.5147, Val 51.8520, Test 51.2388
Epoch 77: Loss:            : Train 0.0014, Val 0.0029, Test 0.0028
          R2_Score         : Train 0.9585, Val 0.9178, Test 0.9193
          RMSE             : Train 37.2448, Val 52.9981, Test 52.0923
Best:
          R2_Score         : Train 0.9509, Val 0.9214, Test 0.9219
          RMSE             : Train 40.5147, Val 51.8520, Test 51.2388
Epoch 78: Loss:            : Train 0.0014, Val 0.0028, Test 0.0027
          R2_Score         : Train 0.9591, Val 0.9183, Test 0.9207
          RMSE             : Train 36.9756, Val 52.8505, Test 51.6297
Best:
          R2_Score         : Train 0.9509, Val 0.9214, Test 0.9219
          RMSE             : Train 40.5147, Val 51.8520, Test 51.2388
Epoch 79: Loss:            : Train 0.0014, Val 0.0029, Test 0.0028
          R2_Score         : Train 0.9592, Val 0.9156, Test 0.9184
          RMSE             : Train 36.9362, Val 53.6998, Test 52.3800
Best:
          R2_Score         : Train 0.9509, Val 0.9214, Test 0.9219
          RMSE             : Train 40.5147, Val 51.8520, Test 51.2388
Epoch 80: Loss:            : Train 0.0014, Val 0.0028, Test 0.0027
          R2_Score         : Train 0.9596, Val 0.9202, Test 0.9204
          RMSE             : Train 36.7636, Val 52.2205, Test 51.7523
Best:
          R2_Score         : Train 0.9509, Val 0.9214, Test 0.9219
          RMSE             : Train 40.5147, Val 51.8520, Test 51.2388
Epoch 81: Loss:            : Train 0.0014, Val 0.0030, Test 0.0028
          R2_Score         : Train 0.9590, Val 0.9139, Test 0.9171
          RMSE             : Train 37.0144, Val 54.2430, Test 52.8164
Best:
          R2_Score         : Train 0.9509, Val 0.9214, Test 0.9219
          RMSE             : Train 40.5147, Val 51.8520, Test 51.2388
Epoch 82: Loss:            : Train 0.0014, Val 0.0029, Test 0.0027
          R2_Score         : Train 0.9596, Val 0.9182, Test 0.9216
          RMSE             : Train 36.7840, Val 52.8661, Test 51.3643
Best:
          R2_Score         : Train 0.9509, Val 0.9214, Test 0.9219
          RMSE             : Train 40.5147, Val 51.8520, Test 51.2388
Epoch 83: Loss:            : Train 0.0014, Val 0.0029, Test 0.0029
          R2_Score         : Train 0.9600, Val 0.9169, Test 0.9168
          RMSE             : Train 36.5997, Val 53.2965, Test 52.8973
Best:
          R2_Score         : Train 0.9509, Val 0.9214, Test 0.9219
          RMSE             : Train 40.5147, Val 51.8520, Test 51.2388
Epoch 84: Loss:            : Train 0.0014, Val 0.0029, Test 0.0028
          R2_Score         : Train 0.9599, Val 0.9159, Test 0.9175
          RMSE             : Train 36.6498, Val 53.6259, Test 52.6633
Best:
          R2_Score         : Train 0.9509, Val 0.9214, Test 0.9219
          RMSE             : Train 40.5147, Val 51.8520, Test 51.2388
Epoch 85: Loss:            : Train 0.0014, Val 0.0029, Test 0.0028
          R2_Score         : Train 0.9601, Val 0.9162, Test 0.9177
          RMSE             : Train 36.5393, Val 53.5095, Test 52.5967
Best:
          R2_Score         : Train 0.9509, Val 0.9214, Test 0.9219
          RMSE             : Train 40.5147, Val 51.8520, Test 51.2388
Epoch 86: Loss:            : Train 0.0014, Val 0.0029, Test 0.0028
          R2_Score         : Train 0.9602, Val 0.9164, Test 0.9195
          RMSE             : Train 36.4858, Val 53.4497, Test 52.0184
Best:
          R2_Score         : Train 0.9509, Val 0.9214, Test 0.9219
          RMSE             : Train 40.5147, Val 51.8520, Test 51.2388
Epoch 87: Loss:            : Train 0.0014, Val 0.0029, Test 0.0028
          R2_Score         : Train 0.9604, Val 0.9175, Test 0.9190
          RMSE             : Train 36.4193, Val 53.1083, Test 52.1939
Best:
          R2_Score         : Train 0.9509, Val 0.9214, Test 0.9219
          RMSE             : Train 40.5147, Val 51.8520, Test 51.2388
Epoch 88: Loss:            : Train 0.0013, Val 0.0028, Test 0.0028
          R2_Score         : Train 0.9606, Val 0.9187, Test 0.9194
          RMSE             : Train 36.3081, Val 52.7071, Test 52.0548
Best:
          R2_Score         : Train 0.9509, Val 0.9214, Test 0.9219
          RMSE             : Train 40.5147, Val 51.8520, Test 51.2388
Epoch 89: Loss:            : Train 0.0013, Val 0.0028, Test 0.0027
          R2_Score         : Train 0.9608, Val 0.9194, Test 0.9216
          RMSE             : Train 36.2227, Val 52.4893, Test 51.3634
Best:
          R2_Score         : Train 0.9509, Val 0.9214, Test 0.9219
          RMSE             : Train 40.5147, Val 51.8520, Test 51.2388
Epoch 90: Loss:            : Train 0.0013, Val 0.0030, Test 0.0029
          R2_Score         : Train 0.9613, Val 0.9146, Test 0.9168
          RMSE             : Train 35.9956, Val 54.0242, Test 52.8868
Best:
          R2_Score         : Train 0.9509, Val 0.9214, Test 0.9219
          RMSE             : Train 40.5147, Val 51.8520, Test 51.2388
Epoch 91: Loss:            : Train 0.0013, Val 0.0029, Test 0.0027
          R2_Score         : Train 0.9609, Val 0.9175, Test 0.9200
          RMSE             : Train 36.1723, Val 53.1086, Test 51.8679
Best:
          R2_Score         : Train 0.9509, Val 0.9214, Test 0.9219
          RMSE             : Train 40.5147, Val 51.8520, Test 51.2388
Epoch 92: Loss:            : Train 0.0013, Val 0.0028, Test 0.0028
          R2_Score         : Train 0.9609, Val 0.9189, Test 0.9196
          RMSE             : Train 36.1701, Val 52.6577, Test 52.0000
Best:
          R2_Score         : Train 0.9509, Val 0.9214, Test 0.9219
          RMSE             : Train 40.5147, Val 51.8520, Test 51.2388
Epoch 93: Loss:            : Train 0.0013, Val 0.0029, Test 0.0028
          R2_Score         : Train 0.9612, Val 0.9184, Test 0.9198
          RMSE             : Train 36.0415, Val 52.8282, Test 51.9486
Best:
          R2_Score         : Train 0.9509, Val 0.9214, Test 0.9219
          RMSE             : Train 40.5147, Val 51.8520, Test 51.2388
Epoch 94: Loss:            : Train 0.0013, Val 0.0029, Test 0.0027
          R2_Score         : Train 0.9614, Val 0.9177, Test 0.9205
          RMSE             : Train 35.9298, Val 53.0537, Test 51.7009
Best:
          R2_Score         : Train 0.9509, Val 0.9214, Test 0.9219
          RMSE             : Train 40.5147, Val 51.8520, Test 51.2388
Epoch 95: Loss:            : Train 0.0013, Val 0.0029, Test 0.0027
          R2_Score         : Train 0.9617, Val 0.9164, Test 0.9200
          RMSE             : Train 35.7894, Val 53.4615, Test 51.8739
Best:
          R2_Score         : Train 0.9509, Val 0.9214, Test 0.9219
          RMSE             : Train 40.5147, Val 51.8520, Test 51.2388
Epoch 96: Loss:            : Train 0.0013, Val 0.0028, Test 0.0028
          R2_Score         : Train 0.9620, Val 0.9194, Test 0.9193
          RMSE             : Train 35.6768, Val 52.4832, Test 52.1100
Best:
          R2_Score         : Train 0.9509, Val 0.9214, Test 0.9219
          RMSE             : Train 40.5147, Val 51.8520, Test 51.2388
Epoch 97: Loss:            : Train 0.0013, Val 0.0029, Test 0.0028
          R2_Score         : Train 0.9620, Val 0.9167, Test 0.9195
          RMSE             : Train 35.6767, Val 53.3607, Test 52.0214
Best:
          R2_Score         : Train 0.9509, Val 0.9214, Test 0.9219
          RMSE             : Train 40.5147, Val 51.8520, Test 51.2388
Epoch 98: Loss:            : Train 0.0013, Val 0.0028, Test 0.0027
          R2_Score         : Train 0.9621, Val 0.9197, Test 0.9212
          RMSE             : Train 35.5915, Val 52.3825, Test 51.4755
Best:
          R2_Score         : Train 0.9509, Val 0.9214, Test 0.9219
          RMSE             : Train 40.5147, Val 51.8520, Test 51.2388
Epoch 99: Loss:            : Train 0.0013, Val 0.0029, Test 0.0027
          R2_Score         : Train 0.9621, Val 0.9168, Test 0.9205
          RMSE             : Train 35.5999, Val 53.3411, Test 51.7214
Best:
          R2_Score         : Train 0.9509, Val 0.9214, Test 0.9219
          RMSE             : Train 40.5147, Val 51.8520, Test 51.2388
Epoch 100: Loss:            : Train 0.0013, Val 0.0029, Test 0.0028
          R2_Score         : Train 0.9622, Val 0.9161, Test 0.9198
          RMSE             : Train 35.5620, Val 53.5607, Test 51.9298
Best:
          R2_Score         : Train 0.9509, Val 0.9214, Test 0.9219
          RMSE             : Train 40.5147, Val 51.8520, Test 51.2388
Training time (sec): 2835
