Loading house from data/beijing/house_clean.csv
Loading airbnb from data/beijing/airbnb_clean.csv
Current house columns Index(['cid', 'DOM', 'followers', 'square', 'livingRoom', 'drawingRoom',
       'kitchen', 'bathRoom', 'floor', 'constructionTime', 'ladderRatio',
       'elevator', 'fiveYearsProperty', 'subway', 'did_2', 'did_3', 'did_4',
       'did_5', 'did_6', 'did_7', 'did_8', 'did_9', 'did_10', 'did_11',
       'did_12', 'did_13', 'bt_2', 'bt_3', 'bt_4', 'rc_2', 'rc_3', 'rc_4',
       'bs_2', 'bs_3', 'bs_4', 'bs_5', 'bs_6', 'ty_2014', 'ty_2015', 'ty_2016',
       'ty_2017', 'ty_2018', 'tm_2', 'tm_3', 'tm_4', 'tm_5', 'tm_6', 'tm_7',
       'tm_8', 'tm_9', 'tm_10', 'tm_11', 'tm_12', 'lon', 'lat'],
      dtype='object')
Current airbnb columns Index(['lon', 'lat', 'price', 'minimum_nights', 'number_of_reviews',
       'reviews_per_month', 'calculated_host_listings_count',
       'availability_365', 'nbr_丰台区 ', 'nbr_大兴区 ', 'nbr_密云县 ', 'nbr_平谷区 ',
       'nbr_延庆县 ', 'nbr_怀柔区 ', 'nbr_房山区', 'nbr_昌平区', 'nbr_朝阳区 ', 'nbr_海淀区',
       'nbr_石景山区', 'nbr_西城区', 'nbr_通州区 ', 'nbr_门头沟区 ', 'nbr_顺义区 ',
       'rt_Private room', 'rt_Shared room'],
      dtype='object')
Loading data from cache
Done
Calculating noise scale
Standard variance of sim_score: 21178.86
Adding noise of scale 0.0018836358782094835 to sim_scores
Adding noise of scale 0.0018836358782094835 to sim_scores
Adding noise of scale 0.0018836358782094835 to sim_scores
Preparing time (sec): 6
Initializing dataloader
Done
Prepare for training
Start training
================================================================================
                                    Kernel Shape Output Shape  Params  \
Layer                                                                   
0_local_models.0.fc_layers.Linear_0    [54, 200]   [128, 200]   11000   
1_local_models.0.fc_layers.Linear_1   [200, 100]   [128, 100]   20100   
2_local_models.1.fc_layers.Linear_0    [23, 200]   [128, 200]    4800   
3_local_models.1.fc_layers.Linear_1   [200, 100]   [128, 100]   20100   
4_agg_model.fc_layers.Linear_0        [200, 100]   [128, 100]   20100   
5_agg_model.fc_layers.Linear_1          [100, 1]     [128, 1]     101   

                                     Mult-Adds  
Layer                                           
0_local_models.0.fc_layers.Linear_0      10800  
1_local_models.0.fc_layers.Linear_1      20000  
2_local_models.1.fc_layers.Linear_0       4600  
3_local_models.1.fc_layers.Linear_1      20000  
4_agg_model.fc_layers.Linear_0           20000  
5_agg_model.fc_layers.Linear_1             100  
--------------------------------------------------------------------------------
                      Totals
Total params           76201
Trainable params       76201
Non-trainable params       0
Mult-Adds              75500
================================================================================
n_classes=2
task=regression
model_name=beijing_featuresim_p_1E-02_2022-01-24-22-27-37
sche_threshold=0.0001
sche_patience=10
sche_factor=0.1
use_scheduler=False
num_workers=4
device=cuda:0
test_batch_size=4096
train_batch_size=128
learning_rate=0.003
weight_decay=1e-05
num_epochs=100
model_save_path=ckp/beijing_featuresim_p_1E-02_2022-01-24-22-27-37.pth
test_rate=0.2
val_rate=0.1
multiprocess_context=fork
metrics=['r2_score', 'rmse']
metrics_f=[<metric.r2_score.R2Score object at 0x7f53b7cceeb0>, <metric.rmse.RMSE object at 0x7f53b7cce610>]
hidden_sizes=[200, 100]
model=SplitNN(
  (agg_model): MLP(
    (fc_layers): ModuleList(
      (0): Linear(in_features=200, out_features=100, bias=True)
      (1): Linear(in_features=100, out_features=1, bias=True)
    )
  )
  (local_models): ModuleList(
    (0): MLP(
      (fc_layers): ModuleList(
        (0): Linear(in_features=54, out_features=200, bias=True)
        (1): Linear(in_features=200, out_features=100, bias=True)
      )
    )
    (1): MLP(
      (fc_layers): ModuleList(
        (0): Linear(in_features=23, out_features=200, bias=True)
        (1): Linear(in_features=200, out_features=100, bias=True)
      )
    )
  )
)
writer=<torch.utils.tensorboard.writer.SummaryWriter object at 0x7f54bde6c3a0>
dataset_type=real
drop_key=True
num_common_features=2
tree_radius=0.01
tree_leaf_size=1000
knn_k=100
grid_min=-10.0
grid_max=10.0
grid_width=1.5
sim_scaler=StandardScaler()
filter_top_k=None
link_n_jobs=-1
psig_p=7
sim_leak_p=0.01
link_threshold_t=0.01
link_epsilon=0.03
n_hash_lsh=20
edit_distance_threshold=1
n_hash_func=10
collision_rate=0.05
qgram_q=2
link_delta=0.03
feature_wise_sim=False
blocking_method=knn_priv_float
center_threshold=0.5
n_clusters=100
local_hidden_sizes=[[200], [200]]
cut_dims=[100, 100]
agg_hidden_sizes=[100]
scale_analysis=<utils.privacy.SimNoiseScale object at 0x7f53b7c942b0>
data1_shape=(141050, 55)
data2_shape=(27827, 25)
Epoch 1: Loss:            : Train 0.0084, Val 0.0061, Test 0.0061
          R2_Score         : Train 0.7534, Val 0.8246, Test 0.8234
          RMSE             : Train 90.8301, Val 77.4247, Test 77.0650
Best:
          R2_Score         : Train 0.7534, Val 0.8246, Test 0.8234
          RMSE             : Train 90.8301, Val 77.4247, Test 77.0650
Epoch 2: Loss:            : Train 0.0058, Val 0.0058, Test 0.0058
          R2_Score         : Train 0.8302, Val 0.8322, Test 0.8301
          RMSE             : Train 75.3638, Val 75.7386, Test 75.5952
Best:
          R2_Score         : Train 0.8302, Val 0.8322, Test 0.8301
          RMSE             : Train 75.3638, Val 75.7386, Test 75.5952
Epoch 3: Loss:            : Train 0.0054, Val 0.0054, Test 0.0054
          R2_Score         : Train 0.8409, Val 0.8447, Test 0.8441
          RMSE             : Train 72.9679, Val 72.8710, Test 72.4191
Best:
          R2_Score         : Train 0.8409, Val 0.8447, Test 0.8441
          RMSE             : Train 72.9679, Val 72.8710, Test 72.4191
Epoch 4: Loss:            : Train 0.0052, Val 0.0053, Test 0.0053
          R2_Score         : Train 0.8474, Val 0.8463, Test 0.8463
          RMSE             : Train 71.4443, Val 72.4858, Test 71.8949
Best:
          R2_Score         : Train 0.8474, Val 0.8463, Test 0.8463
          RMSE             : Train 71.4443, Val 72.4858, Test 71.8949
Epoch 5: Loss:            : Train 0.0050, Val 0.0054, Test 0.0054
          R2_Score         : Train 0.8524, Val 0.8441, Test 0.8434
          RMSE             : Train 70.2811, Val 72.9971, Test 72.5838
Best:
          R2_Score         : Train 0.8474, Val 0.8463, Test 0.8463
          RMSE             : Train 71.4443, Val 72.4858, Test 71.8949
Epoch 6: Loss:            : Train 0.0049, Val 0.0052, Test 0.0052
          R2_Score         : Train 0.8566, Val 0.8508, Test 0.8496
          RMSE             : Train 69.2703, Val 71.4134, Test 71.1204
Best:
          R2_Score         : Train 0.8566, Val 0.8508, Test 0.8496
          RMSE             : Train 69.2703, Val 71.4134, Test 71.1204
Epoch 7: Loss:            : Train 0.0048, Val 0.0051, Test 0.0051
          R2_Score         : Train 0.8598, Val 0.8531, Test 0.8519
          RMSE             : Train 68.4757, Val 70.8605, Test 70.5858
Best:
          R2_Score         : Train 0.8598, Val 0.8531, Test 0.8519
          RMSE             : Train 68.4757, Val 70.8605, Test 70.5858
Epoch 8: Loss:            : Train 0.0047, Val 0.0052, Test 0.0050
          R2_Score         : Train 0.8627, Val 0.8517, Test 0.8533
          RMSE             : Train 67.7850, Val 71.1993, Test 70.2524
Best:
          R2_Score         : Train 0.8598, Val 0.8531, Test 0.8519
          RMSE             : Train 68.4757, Val 70.8605, Test 70.5858
Epoch 9: Loss:            : Train 0.0046, Val 0.0049, Test 0.0048
          R2_Score         : Train 0.8652, Val 0.8606, Test 0.8598
          RMSE             : Train 67.1515, Val 69.0379, Test 68.6602
Best:
          R2_Score         : Train 0.8652, Val 0.8606, Test 0.8598
          RMSE             : Train 67.1515, Val 69.0379, Test 68.6602
Epoch 10: Loss:            : Train 0.0045, Val 0.0049, Test 0.0049
          R2_Score         : Train 0.8673, Val 0.8593, Test 0.8566
          RMSE             : Train 66.6344, Val 69.3575, Test 69.4461
Best:
          R2_Score         : Train 0.8652, Val 0.8606, Test 0.8598
          RMSE             : Train 67.1515, Val 69.0379, Test 68.6602
Epoch 11: Loss:            : Train 0.0045, Val 0.0050, Test 0.0049
          R2_Score         : Train 0.8697, Val 0.8587, Test 0.8573
          RMSE             : Train 66.0331, Val 69.5009, Test 69.2827
Best:
          R2_Score         : Train 0.8652, Val 0.8606, Test 0.8598
          RMSE             : Train 67.1515, Val 69.0379, Test 68.6602
Epoch 12: Loss:            : Train 0.0044, Val 0.0049, Test 0.0048
          R2_Score         : Train 0.8719, Val 0.8606, Test 0.8605
          RMSE             : Train 65.4686, Val 69.0434, Test 68.5026
Best:
          R2_Score         : Train 0.8652, Val 0.8606, Test 0.8598
          RMSE             : Train 67.1515, Val 69.0379, Test 68.6602
Epoch 13: Loss:            : Train 0.0043, Val 0.0047, Test 0.0047
          R2_Score         : Train 0.8745, Val 0.8643, Test 0.8626
          RMSE             : Train 64.8036, Val 68.1038, Test 67.9775
Best:
          R2_Score         : Train 0.8745, Val 0.8643, Test 0.8626
          RMSE             : Train 64.8036, Val 68.1038, Test 67.9775
Epoch 14: Loss:            : Train 0.0042, Val 0.0048, Test 0.0048
          R2_Score         : Train 0.8763, Val 0.8623, Test 0.8602
          RMSE             : Train 64.3416, Val 68.6136, Test 68.5602
Best:
          R2_Score         : Train 0.8745, Val 0.8643, Test 0.8626
          RMSE             : Train 64.8036, Val 68.1038, Test 67.9775
Epoch 15: Loss:            : Train 0.0042, Val 0.0047, Test 0.0047
          R2_Score         : Train 0.8782, Val 0.8645, Test 0.8638
          RMSE             : Train 63.8261, Val 68.0501, Test 67.6939
Best:
          R2_Score         : Train 0.8782, Val 0.8645, Test 0.8638
          RMSE             : Train 63.8261, Val 68.0501, Test 67.6939
Epoch 16: Loss:            : Train 0.0041, Val 0.0048, Test 0.0047
          R2_Score         : Train 0.8794, Val 0.8635, Test 0.8627
          RMSE             : Train 63.5302, Val 68.3110, Test 67.9445
Best:
          R2_Score         : Train 0.8782, Val 0.8645, Test 0.8638
          RMSE             : Train 63.8261, Val 68.0501, Test 67.6939
Epoch 17: Loss:            : Train 0.0040, Val 0.0048, Test 0.0047
          R2_Score         : Train 0.8815, Val 0.8631, Test 0.8629
          RMSE             : Train 62.9755, Val 68.4119, Test 67.8964
Best:
          R2_Score         : Train 0.8782, Val 0.8645, Test 0.8638
          RMSE             : Train 63.8261, Val 68.0501, Test 67.6939
Epoch 18: Loss:            : Train 0.0040, Val 0.0047, Test 0.0046
          R2_Score         : Train 0.8825, Val 0.8644, Test 0.8650
          RMSE             : Train 62.7102, Val 68.0917, Test 67.3861
Best:
          R2_Score         : Train 0.8782, Val 0.8645, Test 0.8638
          RMSE             : Train 63.8261, Val 68.0501, Test 67.6939
Epoch 19: Loss:            : Train 0.0040, Val 0.0046, Test 0.0046
          R2_Score         : Train 0.8842, Val 0.8677, Test 0.8649
          RMSE             : Train 62.2434, Val 67.2449, Test 67.4071
Best:
          R2_Score         : Train 0.8842, Val 0.8677, Test 0.8649
          RMSE             : Train 62.2434, Val 67.2449, Test 67.4071
Epoch 20: Loss:            : Train 0.0039, Val 0.0047, Test 0.0046
          R2_Score         : Train 0.8851, Val 0.8662, Test 0.8654
          RMSE             : Train 62.0006, Val 67.6211, Test 67.2877
Best:
          R2_Score         : Train 0.8842, Val 0.8677, Test 0.8649
          RMSE             : Train 62.2434, Val 67.2449, Test 67.4071
Epoch 21: Loss:            : Train 0.0039, Val 0.0048, Test 0.0047
          R2_Score         : Train 0.8863, Val 0.8624, Test 0.8623
          RMSE             : Train 61.6856, Val 68.5740, Test 68.0415
Best:
          R2_Score         : Train 0.8842, Val 0.8677, Test 0.8649
          RMSE             : Train 62.2434, Val 67.2449, Test 67.4071
Epoch 22: Loss:            : Train 0.0038, Val 0.0049, Test 0.0048
          R2_Score         : Train 0.8881, Val 0.8602, Test 0.8594
          RMSE             : Train 61.1960, Val 69.1287, Test 68.7554
Best:
          R2_Score         : Train 0.8842, Val 0.8677, Test 0.8649
          RMSE             : Train 62.2434, Val 67.2449, Test 67.4071
Epoch 23: Loss:            : Train 0.0038, Val 0.0047, Test 0.0047
          R2_Score         : Train 0.8887, Val 0.8650, Test 0.8634
          RMSE             : Train 61.0206, Val 67.9384, Test 67.7791
Best:
          R2_Score         : Train 0.8842, Val 0.8677, Test 0.8649
          RMSE             : Train 62.2434, Val 67.2449, Test 67.4071
Epoch 24: Loss:            : Train 0.0038, Val 0.0047, Test 0.0046
          R2_Score         : Train 0.8900, Val 0.8671, Test 0.8654
          RMSE             : Train 60.6524, Val 67.4098, Test 67.2899
Best:
          R2_Score         : Train 0.8842, Val 0.8677, Test 0.8649
          RMSE             : Train 62.2434, Val 67.2449, Test 67.4071
Epoch 25: Loss:            : Train 0.0037, Val 0.0047, Test 0.0048
          R2_Score         : Train 0.8912, Val 0.8636, Test 0.8614
          RMSE             : Train 60.3200, Val 68.2880, Test 68.2801
Best:
          R2_Score         : Train 0.8842, Val 0.8677, Test 0.8649
          RMSE             : Train 62.2434, Val 67.2449, Test 67.4071
Epoch 26: Loss:            : Train 0.0037, Val 0.0046, Test 0.0045
          R2_Score         : Train 0.8922, Val 0.8673, Test 0.8676
          RMSE             : Train 60.0570, Val 67.3509, Test 66.7216
Best:
          R2_Score         : Train 0.8842, Val 0.8677, Test 0.8649
          RMSE             : Train 62.2434, Val 67.2449, Test 67.4071
Epoch 27: Loss:            : Train 0.0036, Val 0.0047, Test 0.0046
          R2_Score         : Train 0.8934, Val 0.8653, Test 0.8666
          RMSE             : Train 59.7122, Val 67.8630, Test 66.9806
Best:
          R2_Score         : Train 0.8842, Val 0.8677, Test 0.8649
          RMSE             : Train 62.2434, Val 67.2449, Test 67.4071
Epoch 28: Loss:            : Train 0.0036, Val 0.0047, Test 0.0047
          R2_Score         : Train 0.8945, Val 0.8635, Test 0.8628
          RMSE             : Train 59.3995, Val 68.3067, Test 67.9341
Best:
          R2_Score         : Train 0.8842, Val 0.8677, Test 0.8649
          RMSE             : Train 62.2434, Val 67.2449, Test 67.4071
Epoch 29: Loss:            : Train 0.0036, Val 0.0048, Test 0.0046
          R2_Score         : Train 0.8949, Val 0.8638, Test 0.8662
          RMSE             : Train 59.3041, Val 68.2466, Test 67.0901
Best:
          R2_Score         : Train 0.8842, Val 0.8677, Test 0.8649
          RMSE             : Train 62.2434, Val 67.2449, Test 67.4071
Epoch 30: Loss:            : Train 0.0036, Val 0.0047, Test 0.0047
          R2_Score         : Train 0.8956, Val 0.8643, Test 0.8644
          RMSE             : Train 59.0896, Val 68.1113, Test 67.5299
Best:
          R2_Score         : Train 0.8842, Val 0.8677, Test 0.8649
          RMSE             : Train 62.2434, Val 67.2449, Test 67.4071
Epoch 31: Loss:            : Train 0.0035, Val 0.0048, Test 0.0047
          R2_Score         : Train 0.8970, Val 0.8620, Test 0.8620
          RMSE             : Train 58.6913, Val 68.6799, Test 68.1152
Best:
          R2_Score         : Train 0.8842, Val 0.8677, Test 0.8649
          RMSE             : Train 62.2434, Val 67.2449, Test 67.4071
Epoch 32: Loss:            : Train 0.0035, Val 0.0046, Test 0.0045
          R2_Score         : Train 0.8979, Val 0.8672, Test 0.8677
          RMSE             : Train 58.4369, Val 67.3755, Test 66.6961
Best:
          R2_Score         : Train 0.8842, Val 0.8677, Test 0.8649
          RMSE             : Train 62.2434, Val 67.2449, Test 67.4071
Epoch 33: Loss:            : Train 0.0035, Val 0.0048, Test 0.0046
          R2_Score         : Train 0.8988, Val 0.8631, Test 0.8646
          RMSE             : Train 58.1897, Val 68.4061, Test 67.4769
Best:
          R2_Score         : Train 0.8842, Val 0.8677, Test 0.8649
          RMSE             : Train 62.2434, Val 67.2449, Test 67.4071
Epoch 34: Loss:            : Train 0.0034, Val 0.0048, Test 0.0047
          R2_Score         : Train 0.8996, Val 0.8616, Test 0.8635
          RMSE             : Train 57.9448, Val 68.7848, Test 67.7461
Best:
          R2_Score         : Train 0.8842, Val 0.8677, Test 0.8649
          RMSE             : Train 62.2434, Val 67.2449, Test 67.4071
Epoch 35: Loss:            : Train 0.0034, Val 0.0048, Test 0.0047
          R2_Score         : Train 0.9004, Val 0.8630, Test 0.8636
          RMSE             : Train 57.7126, Val 68.4285, Test 67.7425
Best:
          R2_Score         : Train 0.8842, Val 0.8677, Test 0.8649
          RMSE             : Train 62.2434, Val 67.2449, Test 67.4071
Epoch 36: Loss:            : Train 0.0034, Val 0.0047, Test 0.0046
          R2_Score         : Train 0.9012, Val 0.8662, Test 0.8680
          RMSE             : Train 57.4993, Val 67.6273, Test 66.6219
Best:
          R2_Score         : Train 0.8842, Val 0.8677, Test 0.8649
          RMSE             : Train 62.2434, Val 67.2449, Test 67.4071
Epoch 37: Loss:            : Train 0.0033, Val 0.0046, Test 0.0045
          R2_Score         : Train 0.9019, Val 0.8691, Test 0.8681
          RMSE             : Train 57.2765, Val 66.8951, Test 66.6100
Best:
          R2_Score         : Train 0.9019, Val 0.8691, Test 0.8681
          RMSE             : Train 57.2765, Val 66.8951, Test 66.6100
Epoch 38: Loss:            : Train 0.0033, Val 0.0046, Test 0.0045
          R2_Score         : Train 0.9030, Val 0.8675, Test 0.8680
          RMSE             : Train 56.9764, Val 67.3029, Test 66.6343
Best:
          R2_Score         : Train 0.9019, Val 0.8691, Test 0.8681
          RMSE             : Train 57.2765, Val 66.8951, Test 66.6100
Epoch 39: Loss:            : Train 0.0033, Val 0.0047, Test 0.0046
          R2_Score         : Train 0.9031, Val 0.8650, Test 0.8648
          RMSE             : Train 56.9311, Val 67.9306, Test 67.4252
Best:
          R2_Score         : Train 0.9019, Val 0.8691, Test 0.8681
          RMSE             : Train 57.2765, Val 66.8951, Test 66.6100
Epoch 40: Loss:            : Train 0.0033, Val 0.0048, Test 0.0047
          R2_Score         : Train 0.9044, Val 0.8637, Test 0.8638
          RMSE             : Train 56.5559, Val 68.2582, Test 67.6775
Best:
          R2_Score         : Train 0.9019, Val 0.8691, Test 0.8681
          RMSE             : Train 57.2765, Val 66.8951, Test 66.6100
Epoch 41: Loss:            : Train 0.0032, Val 0.0047, Test 0.0046
          R2_Score         : Train 0.9049, Val 0.8653, Test 0.8648
          RMSE             : Train 56.4167, Val 67.8519, Test 67.4389
Best:
          R2_Score         : Train 0.9019, Val 0.8691, Test 0.8681
          RMSE             : Train 57.2765, Val 66.8951, Test 66.6100
Epoch 42: Loss:            : Train 0.0032, Val 0.0046, Test 0.0046
          R2_Score         : Train 0.9058, Val 0.8668, Test 0.8670
          RMSE             : Train 56.1425, Val 67.4731, Test 66.8735
Best:
          R2_Score         : Train 0.9019, Val 0.8691, Test 0.8681
          RMSE             : Train 57.2765, Val 66.8951, Test 66.6100
Epoch 43: Loss:            : Train 0.0032, Val 0.0048, Test 0.0047
          R2_Score         : Train 0.9059, Val 0.8634, Test 0.8629
          RMSE             : Train 56.0989, Val 68.3302, Test 67.8927
Best:
          R2_Score         : Train 0.9019, Val 0.8691, Test 0.8681
          RMSE             : Train 57.2765, Val 66.8951, Test 66.6100
Epoch 44: Loss:            : Train 0.0032, Val 0.0049, Test 0.0048
          R2_Score         : Train 0.9061, Val 0.8600, Test 0.8608
          RMSE             : Train 56.0374, Val 69.1888, Test 68.4133
Best:
          R2_Score         : Train 0.9019, Val 0.8691, Test 0.8681
          RMSE             : Train 57.2765, Val 66.8951, Test 66.6100
Epoch 45: Loss:            : Train 0.0032, Val 0.0047, Test 0.0047
          R2_Score         : Train 0.9074, Val 0.8648, Test 0.8638
          RMSE             : Train 55.6714, Val 67.9831, Test 67.6727
Best:
          R2_Score         : Train 0.9019, Val 0.8691, Test 0.8681
          RMSE             : Train 57.2765, Val 66.8951, Test 66.6100
Epoch 46: Loss:            : Train 0.0032, Val 0.0047, Test 0.0046
          R2_Score         : Train 0.9078, Val 0.8664, Test 0.8659
          RMSE             : Train 55.5469, Val 67.5900, Test 67.1592
Best:
          R2_Score         : Train 0.9019, Val 0.8691, Test 0.8681
          RMSE             : Train 57.2765, Val 66.8951, Test 66.6100
Epoch 47: Loss:            : Train 0.0031, Val 0.0048, Test 0.0048
          R2_Score         : Train 0.9084, Val 0.8624, Test 0.8612
          RMSE             : Train 55.3610, Val 68.5757, Test 68.3262
Best:
          R2_Score         : Train 0.9019, Val 0.8691, Test 0.8681
          RMSE             : Train 57.2765, Val 66.8951, Test 66.6100
Epoch 48: Loss:            : Train 0.0031, Val 0.0048, Test 0.0047
          R2_Score         : Train 0.9091, Val 0.8634, Test 0.8627
          RMSE             : Train 55.1426, Val 68.3237, Test 67.9651
Best:
          R2_Score         : Train 0.9019, Val 0.8691, Test 0.8681
          RMSE             : Train 57.2765, Val 66.8951, Test 66.6100
Epoch 49: Loss:            : Train 0.0031, Val 0.0047, Test 0.0047
          R2_Score         : Train 0.9090, Val 0.8635, Test 0.8634
          RMSE             : Train 55.1723, Val 68.3161, Test 67.7736
Best:
          R2_Score         : Train 0.9019, Val 0.8691, Test 0.8681
          RMSE             : Train 57.2765, Val 66.8951, Test 66.6100
Epoch 50: Loss:            : Train 0.0031, Val 0.0047, Test 0.0046
          R2_Score         : Train 0.9098, Val 0.8652, Test 0.8668
          RMSE             : Train 54.9457, Val 67.8856, Test 66.9413
Best:
          R2_Score         : Train 0.9019, Val 0.8691, Test 0.8681
          RMSE             : Train 57.2765, Val 66.8951, Test 66.6100
Epoch 51: Loss:            : Train 0.0031, Val 0.0048, Test 0.0048
          R2_Score         : Train 0.9104, Val 0.8612, Test 0.8616
          RMSE             : Train 54.7528, Val 68.8763, Test 68.2158
Best:
          R2_Score         : Train 0.9019, Val 0.8691, Test 0.8681
          RMSE             : Train 57.2765, Val 66.8951, Test 66.6100
Epoch 52: Loss:            : Train 0.0030, Val 0.0048, Test 0.0047
          R2_Score         : Train 0.9112, Val 0.8626, Test 0.8640
          RMSE             : Train 54.5146, Val 68.5346, Test 67.6200
Best:
          R2_Score         : Train 0.9019, Val 0.8691, Test 0.8681
          RMSE             : Train 57.2765, Val 66.8951, Test 66.6100
Epoch 53: Loss:            : Train 0.0030, Val 0.0048, Test 0.0046
          R2_Score         : Train 0.9117, Val 0.8631, Test 0.8649
          RMSE             : Train 54.3525, Val 68.4006, Test 67.3965
Best:
          R2_Score         : Train 0.9019, Val 0.8691, Test 0.8681
          RMSE             : Train 57.2765, Val 66.8951, Test 66.6100
Epoch 54: Loss:            : Train 0.0030, Val 0.0048, Test 0.0047
          R2_Score         : Train 0.9120, Val 0.8612, Test 0.8622
          RMSE             : Train 54.2533, Val 68.8755, Test 68.0812
Best:
          R2_Score         : Train 0.9019, Val 0.8691, Test 0.8681
          RMSE             : Train 57.2765, Val 66.8951, Test 66.6100
Epoch 55: Loss:            : Train 0.0030, Val 0.0049, Test 0.0048
          R2_Score         : Train 0.9129, Val 0.8588, Test 0.8610
          RMSE             : Train 53.9740, Val 69.4776, Test 68.3764
Best:
          R2_Score         : Train 0.9019, Val 0.8691, Test 0.8681
          RMSE             : Train 57.2765, Val 66.8951, Test 66.6100
Epoch 56: Loss:            : Train 0.0030, Val 0.0048, Test 0.0047
          R2_Score         : Train 0.9131, Val 0.8632, Test 0.8630
          RMSE             : Train 53.9144, Val 68.3950, Test 67.8895
Best:
          R2_Score         : Train 0.9019, Val 0.8691, Test 0.8681
          RMSE             : Train 57.2765, Val 66.8951, Test 66.6100
Epoch 57: Loss:            : Train 0.0030, Val 0.0049, Test 0.0047
          R2_Score         : Train 0.9135, Val 0.8602, Test 0.8626
          RMSE             : Train 53.7933, Val 69.1288, Test 67.9894
Best:
          R2_Score         : Train 0.9019, Val 0.8691, Test 0.8681
          RMSE             : Train 57.2765, Val 66.8951, Test 66.6100
Epoch 58: Loss:            : Train 0.0029, Val 0.0048, Test 0.0046
          R2_Score         : Train 0.9140, Val 0.8613, Test 0.8662
          RMSE             : Train 53.6524, Val 68.8567, Test 67.0720
Best:
          R2_Score         : Train 0.9019, Val 0.8691, Test 0.8681
          RMSE             : Train 57.2765, Val 66.8951, Test 66.6100
Epoch 59: Loss:            : Train 0.0029, Val 0.0048, Test 0.0046
          R2_Score         : Train 0.9145, Val 0.8634, Test 0.8652
          RMSE             : Train 53.4766, Val 68.3368, Test 67.3389
Best:
          R2_Score         : Train 0.9019, Val 0.8691, Test 0.8681
          RMSE             : Train 57.2765, Val 66.8951, Test 66.6100
Epoch 60: Loss:            : Train 0.0029, Val 0.0049, Test 0.0047
          R2_Score         : Train 0.9151, Val 0.8608, Test 0.8625
          RMSE             : Train 53.2822, Val 68.9758, Test 68.0103
Best:
          R2_Score         : Train 0.9019, Val 0.8691, Test 0.8681
          RMSE             : Train 57.2765, Val 66.8951, Test 66.6100
Epoch 61: Loss:            : Train 0.0029, Val 0.0049, Test 0.0047
          R2_Score         : Train 0.9152, Val 0.8619, Test 0.8623
          RMSE             : Train 53.2786, Val 68.7222, Test 68.0423
Best:
          R2_Score         : Train 0.9019, Val 0.8691, Test 0.8681
          RMSE             : Train 57.2765, Val 66.8951, Test 66.6100
Epoch 62: Loss:            : Train 0.0029, Val 0.0048, Test 0.0047
          R2_Score         : Train 0.9156, Val 0.8617, Test 0.8632
          RMSE             : Train 53.1462, Val 68.7560, Test 67.8392
Best:
          R2_Score         : Train 0.9019, Val 0.8691, Test 0.8681
          RMSE             : Train 57.2765, Val 66.8951, Test 66.6100
Epoch 63: Loss:            : Train 0.0029, Val 0.0049, Test 0.0048
          R2_Score         : Train 0.9160, Val 0.8600, Test 0.8615
          RMSE             : Train 53.0068, Val 69.1852, Test 68.2471
Best:
          R2_Score         : Train 0.9019, Val 0.8691, Test 0.8681
          RMSE             : Train 57.2765, Val 66.8951, Test 66.6100
Epoch 64: Loss:            : Train 0.0029, Val 0.0050, Test 0.0048
          R2_Score         : Train 0.9164, Val 0.8578, Test 0.8613
          RMSE             : Train 52.8819, Val 69.7227, Test 68.2970
Best:
          R2_Score         : Train 0.9019, Val 0.8691, Test 0.8681
          RMSE             : Train 57.2765, Val 66.8951, Test 66.6100
Epoch 65: Loss:            : Train 0.0028, Val 0.0048, Test 0.0047
          R2_Score         : Train 0.9170, Val 0.8630, Test 0.8641
          RMSE             : Train 52.7012, Val 68.4242, Test 67.6115
Best:
          R2_Score         : Train 0.9019, Val 0.8691, Test 0.8681
          RMSE             : Train 57.2765, Val 66.8951, Test 66.6100
Epoch 66: Loss:            : Train 0.0028, Val 0.0048, Test 0.0047
          R2_Score         : Train 0.9175, Val 0.8628, Test 0.8628
          RMSE             : Train 52.5333, Val 68.4903, Test 67.9277
Best:
          R2_Score         : Train 0.9019, Val 0.8691, Test 0.8681
          RMSE             : Train 57.2765, Val 66.8951, Test 66.6100
Epoch 67: Loss:            : Train 0.0028, Val 0.0050, Test 0.0048
          R2_Score         : Train 0.9175, Val 0.8565, Test 0.8602
          RMSE             : Train 52.5364, Val 70.0366, Test 68.5765
Best:
          R2_Score         : Train 0.9019, Val 0.8691, Test 0.8681
          RMSE             : Train 57.2765, Val 66.8951, Test 66.6100
Epoch 68: Loss:            : Train 0.0028, Val 0.0050, Test 0.0047
          R2_Score         : Train 0.9181, Val 0.8583, Test 0.8627
          RMSE             : Train 52.3417, Val 69.6090, Test 67.9457
Best:
          R2_Score         : Train 0.9019, Val 0.8691, Test 0.8681
          RMSE             : Train 57.2765, Val 66.8951, Test 66.6100
Epoch 69: Loss:            : Train 0.0028, Val 0.0050, Test 0.0049
          R2_Score         : Train 0.9182, Val 0.8556, Test 0.8563
          RMSE             : Train 52.3200, Val 70.2695, Test 69.5312
Best:
          R2_Score         : Train 0.9019, Val 0.8691, Test 0.8681
          RMSE             : Train 57.2765, Val 66.8951, Test 66.6100
Epoch 70: Loss:            : Train 0.0028, Val 0.0049, Test 0.0048
          R2_Score         : Train 0.9188, Val 0.8590, Test 0.8609
          RMSE             : Train 52.1364, Val 69.4281, Test 68.3968
Best:
          R2_Score         : Train 0.9019, Val 0.8691, Test 0.8681
          RMSE             : Train 57.2765, Val 66.8951, Test 66.6100
Epoch 71: Loss:            : Train 0.0028, Val 0.0048, Test 0.0047
          R2_Score         : Train 0.9191, Val 0.8605, Test 0.8618
          RMSE             : Train 52.0180, Val 69.0519, Test 68.1751
Best:
          R2_Score         : Train 0.9019, Val 0.8691, Test 0.8681
          RMSE             : Train 57.2765, Val 66.8951, Test 66.6100
Epoch 72: Loss:            : Train 0.0028, Val 0.0050, Test 0.0048
          R2_Score         : Train 0.9194, Val 0.8555, Test 0.8594
          RMSE             : Train 51.9164, Val 70.2933, Test 68.7560
Best:
          R2_Score         : Train 0.9019, Val 0.8691, Test 0.8681
          RMSE             : Train 57.2765, Val 66.8951, Test 66.6100
Epoch 73: Loss:            : Train 0.0027, Val 0.0049, Test 0.0047
          R2_Score         : Train 0.9200, Val 0.8600, Test 0.8631
          RMSE             : Train 51.7406, Val 69.1848, Test 67.8453
Best:
          R2_Score         : Train 0.9019, Val 0.8691, Test 0.8681
          RMSE             : Train 57.2765, Val 66.8951, Test 66.6100
Epoch 74: Loss:            : Train 0.0027, Val 0.0049, Test 0.0047
          R2_Score         : Train 0.9199, Val 0.8588, Test 0.8626
          RMSE             : Train 51.7668, Val 69.4691, Test 67.9821
Best:
          R2_Score         : Train 0.9019, Val 0.8691, Test 0.8681
          RMSE             : Train 57.2765, Val 66.8951, Test 66.6100
Epoch 75: Loss:            : Train 0.0027, Val 0.0050, Test 0.0048
          R2_Score         : Train 0.9203, Val 0.8580, Test 0.8596
          RMSE             : Train 51.6383, Val 69.6688, Test 68.7107
Best:
          R2_Score         : Train 0.9019, Val 0.8691, Test 0.8681
          RMSE             : Train 57.2765, Val 66.8951, Test 66.6100
Epoch 76: Loss:            : Train 0.0027, Val 0.0049, Test 0.0048
          R2_Score         : Train 0.9206, Val 0.8577, Test 0.8605
          RMSE             : Train 51.5443, Val 69.7581, Test 68.4997
Best:
          R2_Score         : Train 0.9019, Val 0.8691, Test 0.8681
          RMSE             : Train 57.2765, Val 66.8951, Test 66.6100
Epoch 77: Loss:            : Train 0.0027, Val 0.0050, Test 0.0049
          R2_Score         : Train 0.9210, Val 0.8560, Test 0.8586
          RMSE             : Train 51.4072, Val 70.1522, Test 68.9646
Best:
          R2_Score         : Train 0.9019, Val 0.8691, Test 0.8681
          RMSE             : Train 57.2765, Val 66.8951, Test 66.6100
Epoch 78: Loss:            : Train 0.0027, Val 0.0049, Test 0.0048
          R2_Score         : Train 0.9215, Val 0.8588, Test 0.8611
          RMSE             : Train 51.2428, Val 69.4849, Test 68.3544
Best:
          R2_Score         : Train 0.9019, Val 0.8691, Test 0.8681
          RMSE             : Train 57.2765, Val 66.8951, Test 66.6100
Epoch 79: Loss:            : Train 0.0027, Val 0.0049, Test 0.0048
          R2_Score         : Train 0.9216, Val 0.8602, Test 0.8612
          RMSE             : Train 51.2168, Val 69.1379, Test 68.3252
Best:
          R2_Score         : Train 0.9019, Val 0.8691, Test 0.8681
          RMSE             : Train 57.2765, Val 66.8951, Test 66.6100
Epoch 80: Loss:            : Train 0.0027, Val 0.0049, Test 0.0048
          R2_Score         : Train 0.9218, Val 0.8595, Test 0.8601
          RMSE             : Train 51.1423, Val 69.3057, Test 68.5857
Best:
          R2_Score         : Train 0.9019, Val 0.8691, Test 0.8681
          RMSE             : Train 57.2765, Val 66.8951, Test 66.6100
Epoch 81: Loss:            : Train 0.0027, Val 0.0049, Test 0.0047
          R2_Score         : Train 0.9224, Val 0.8604, Test 0.8638
          RMSE             : Train 50.9652, Val 69.0925, Test 67.6887
Best:
          R2_Score         : Train 0.9019, Val 0.8691, Test 0.8681
          RMSE             : Train 57.2765, Val 66.8951, Test 66.6100
Epoch 82: Loss:            : Train 0.0026, Val 0.0049, Test 0.0047
          R2_Score         : Train 0.9226, Val 0.8597, Test 0.8620
          RMSE             : Train 50.8878, Val 69.2623, Test 68.1300
Best:
          R2_Score         : Train 0.9019, Val 0.8691, Test 0.8681
          RMSE             : Train 57.2765, Val 66.8951, Test 66.6100
Epoch 83: Loss:            : Train 0.0026, Val 0.0049, Test 0.0047
          R2_Score         : Train 0.9230, Val 0.8596, Test 0.8639
          RMSE             : Train 50.7391, Val 69.2728, Test 67.6660
Best:
          R2_Score         : Train 0.9019, Val 0.8691, Test 0.8681
          RMSE             : Train 57.2765, Val 66.8951, Test 66.6100
Epoch 84: Loss:            : Train 0.0026, Val 0.0051, Test 0.0049
          R2_Score         : Train 0.9235, Val 0.8539, Test 0.8558
          RMSE             : Train 50.5787, Val 70.6694, Test 69.6429
Best:
          R2_Score         : Train 0.9019, Val 0.8691, Test 0.8681
          RMSE             : Train 57.2765, Val 66.8951, Test 66.6100
Epoch 85: Loss:            : Train 0.0026, Val 0.0051, Test 0.0049
          R2_Score         : Train 0.9235, Val 0.8531, Test 0.8577
          RMSE             : Train 50.5869, Val 70.8634, Test 69.1839
Best:
          R2_Score         : Train 0.9019, Val 0.8691, Test 0.8681
          RMSE             : Train 57.2765, Val 66.8951, Test 66.6100
Epoch 86: Loss:            : Train 0.0026, Val 0.0050, Test 0.0048
          R2_Score         : Train 0.9236, Val 0.8571, Test 0.8605
          RMSE             : Train 50.5630, Val 69.8867, Test 68.5063
Best:
          R2_Score         : Train 0.9019, Val 0.8691, Test 0.8681
          RMSE             : Train 57.2765, Val 66.8951, Test 66.6100
Epoch 87: Loss:            : Train 0.0026, Val 0.0050, Test 0.0048
          R2_Score         : Train 0.9235, Val 0.8557, Test 0.8586
          RMSE             : Train 50.6019, Val 70.2402, Test 68.9703
Best:
          R2_Score         : Train 0.9019, Val 0.8691, Test 0.8681
          RMSE             : Train 57.2765, Val 66.8951, Test 66.6100
Epoch 88: Loss:            : Train 0.0026, Val 0.0051, Test 0.0049
          R2_Score         : Train 0.9243, Val 0.8548, Test 0.8575
          RMSE             : Train 50.3117, Val 70.4477, Test 69.2301
Best:
          R2_Score         : Train 0.9019, Val 0.8691, Test 0.8681
          RMSE             : Train 57.2765, Val 66.8951, Test 66.6100
Epoch 89: Loss:            : Train 0.0026, Val 0.0052, Test 0.0050
          R2_Score         : Train 0.9242, Val 0.8520, Test 0.8555
          RMSE             : Train 50.3649, Val 71.1299, Test 69.7087
Best:
          R2_Score         : Train 0.9019, Val 0.8691, Test 0.8681
          RMSE             : Train 57.2765, Val 66.8951, Test 66.6100
Epoch 90: Loss:            : Train 0.0026, Val 0.0050, Test 0.0048
          R2_Score         : Train 0.9247, Val 0.8568, Test 0.8606
          RMSE             : Train 50.1802, Val 69.9661, Test 68.4683
Best:
          R2_Score         : Train 0.9019, Val 0.8691, Test 0.8681
          RMSE             : Train 57.2765, Val 66.8951, Test 66.6100
Epoch 91: Loss:            : Train 0.0026, Val 0.0050, Test 0.0048
          R2_Score         : Train 0.9248, Val 0.8580, Test 0.8609
          RMSE             : Train 50.1421, Val 69.6818, Test 68.4068
Best:
          R2_Score         : Train 0.9019, Val 0.8691, Test 0.8681
          RMSE             : Train 57.2765, Val 66.8951, Test 66.6100
Epoch 92: Loss:            : Train 0.0026, Val 0.0051, Test 0.0049
          R2_Score         : Train 0.9252, Val 0.8548, Test 0.8563
          RMSE             : Train 50.0144, Val 70.4659, Test 69.5170
Best:
          R2_Score         : Train 0.9019, Val 0.8691, Test 0.8681
          RMSE             : Train 57.2765, Val 66.8951, Test 66.6100
Epoch 93: Loss:            : Train 0.0025, Val 0.0050, Test 0.0048
          R2_Score         : Train 0.9256, Val 0.8565, Test 0.8602
          RMSE             : Train 49.9003, Val 70.0283, Test 68.5701
Best:
          R2_Score         : Train 0.9019, Val 0.8691, Test 0.8681
          RMSE             : Train 57.2765, Val 66.8951, Test 66.6100
Epoch 94: Loss:            : Train 0.0025, Val 0.0050, Test 0.0049
          R2_Score         : Train 0.9257, Val 0.8548, Test 0.8584
          RMSE             : Train 49.8479, Val 70.4525, Test 68.9994
Best:
          R2_Score         : Train 0.9019, Val 0.8691, Test 0.8681
          RMSE             : Train 57.2765, Val 66.8951, Test 66.6100
Epoch 95: Loss:            : Train 0.0025, Val 0.0050, Test 0.0048
          R2_Score         : Train 0.9258, Val 0.8575, Test 0.8608
          RMSE             : Train 49.8192, Val 69.7958, Test 68.4204
Best:
          R2_Score         : Train 0.9019, Val 0.8691, Test 0.8681
          RMSE             : Train 57.2765, Val 66.8951, Test 66.6100
Epoch 96: Loss:            : Train 0.0025, Val 0.0050, Test 0.0049
          R2_Score         : Train 0.9264, Val 0.8555, Test 0.8579
          RMSE             : Train 49.6304, Val 70.2801, Test 69.1387
Best:
          R2_Score         : Train 0.9019, Val 0.8691, Test 0.8681
          RMSE             : Train 57.2765, Val 66.8951, Test 66.6100
Epoch 97: Loss:            : Train 0.0025, Val 0.0051, Test 0.0049
          R2_Score         : Train 0.9263, Val 0.8537, Test 0.8584
          RMSE             : Train 49.6455, Val 70.7200, Test 69.0138
Best:
          R2_Score         : Train 0.9019, Val 0.8691, Test 0.8681
          RMSE             : Train 57.2765, Val 66.8951, Test 66.6100
Epoch 98: Loss:            : Train 0.0025, Val 0.0051, Test 0.0049
          R2_Score         : Train 0.9269, Val 0.8538, Test 0.8558
          RMSE             : Train 49.4635, Val 70.6877, Test 69.6377
Best:
          R2_Score         : Train 0.9019, Val 0.8691, Test 0.8681
          RMSE             : Train 57.2765, Val 66.8951, Test 66.6100
Epoch 99: Loss:            : Train 0.0025, Val 0.0051, Test 0.0049
          R2_Score         : Train 0.9269, Val 0.8524, Test 0.8563
          RMSE             : Train 49.4601, Val 71.0246, Test 69.5187
Best:
          R2_Score         : Train 0.9019, Val 0.8691, Test 0.8681
          RMSE             : Train 57.2765, Val 66.8951, Test 66.6100
Epoch 100: Loss:            : Train 0.0025, Val 0.0052, Test 0.0050
          R2_Score         : Train 0.9269, Val 0.8520, Test 0.8554
          RMSE             : Train 49.4391, Val 71.1307, Test 69.7339
Best:
          R2_Score         : Train 0.9019, Val 0.8691, Test 0.8681
          RMSE             : Train 57.2765, Val 66.8951, Test 66.6100
Training time (sec): 1907
