Loading house from data/beijing/house_clean.csv
Loading airbnb from data/beijing/airbnb_clean.csv
Current house columns Index(['cid', 'DOM', 'followers', 'square', 'livingRoom', 'drawingRoom',
       'kitchen', 'bathRoom', 'floor', 'constructionTime', 'ladderRatio',
       'elevator', 'fiveYearsProperty', 'subway', 'did_2', 'did_3', 'did_4',
       'did_5', 'did_6', 'did_7', 'did_8', 'did_9', 'did_10', 'did_11',
       'did_12', 'did_13', 'bt_2', 'bt_3', 'bt_4', 'rc_2', 'rc_3', 'rc_4',
       'bs_2', 'bs_3', 'bs_4', 'bs_5', 'bs_6', 'ty_2014', 'ty_2015', 'ty_2016',
       'ty_2017', 'ty_2018', 'tm_2', 'tm_3', 'tm_4', 'tm_5', 'tm_6', 'tm_7',
       'tm_8', 'tm_9', 'tm_10', 'tm_11', 'tm_12', 'lon', 'lat'],
      dtype='object')
Current airbnb columns Index(['lon', 'lat', 'price', 'minimum_nights', 'number_of_reviews',
       'reviews_per_month', 'calculated_host_listings_count',
       'availability_365', 'nbr_丰台区 ', 'nbr_大兴区 ', 'nbr_密云县 ', 'nbr_平谷区 ',
       'nbr_延庆县 ', 'nbr_怀柔区 ', 'nbr_房山区', 'nbr_昌平区', 'nbr_朝阳区 ', 'nbr_海淀区',
       'nbr_石景山区', 'nbr_西城区', 'nbr_通州区 ', 'nbr_门头沟区 ', 'nbr_顺义区 ',
       'rt_Private room', 'rt_Shared room'],
      dtype='object')
Loading data from cache
Done
Calculating noise scale
Standard variance of sim_score: 21178.86
Adding noise of scale 0.40670195850934815 to sim_scores
Adding noise of scale 0.40670195850934815 to sim_scores
Adding noise of scale 0.40670195850934815 to sim_scores
Preparing time (sec): 18
Initializing dataloader
Done
Prepare for training
Start training
================================================================================
                                    Kernel Shape Output Shape  Params  \
Layer                                                                   
0_local_models.0.fc_layers.Linear_0    [53, 200]   [128, 200]   10800   
1_local_models.0.fc_layers.Linear_1   [200, 100]   [128, 100]   20100   
2_local_models.1.fc_layers.Linear_0    [23, 200]   [128, 200]    4800   
3_local_models.1.fc_layers.Linear_1   [200, 100]   [128, 100]   20100   
4_agg_model.fc_layers.Linear_0        [200, 100]   [128, 100]   20100   
5_agg_model.fc_layers.Linear_1          [100, 1]     [128, 1]     101   

                                     Mult-Adds  
Layer                                           
0_local_models.0.fc_layers.Linear_0      10600  
1_local_models.0.fc_layers.Linear_1      20000  
2_local_models.1.fc_layers.Linear_0       4600  
3_local_models.1.fc_layers.Linear_1      20000  
4_agg_model.fc_layers.Linear_0           20000  
5_agg_model.fc_layers.Linear_1             100  
--------------------------------------------------------------------------------
                      Totals
Total params           76001
Trainable params       76001
Non-trainable params       0
Mult-Adds              75300
================================================================================
n_classes=2
task=regression
model_name=beijing_avgsim_p_5E-05_2022-02-01-18-54-31
sche_threshold=0.0001
sche_patience=10
sche_factor=0.1
use_scheduler=False
num_workers=4
device=cuda:6
test_batch_size=4096
train_batch_size=128
learning_rate=0.003
weight_decay=1e-05
num_epochs=100
model_save_path=ckp/beijing_avgsim_p_5E-05_2022-02-01-18-54-31.pth
test_rate=0.2
val_rate=0.1
multiprocess_context=fork
metrics=['r2_score', 'rmse']
metrics_f=[<metric.r2_score.R2Score object at 0x7efbf204aaf0>, <metric.rmse.RMSE object at 0x7efbf204ac70>]
hidden_sizes=[200, 100]
model=SplitNN(
  (agg_model): MLP(
    (fc_layers): ModuleList(
      (0): Linear(in_features=200, out_features=100, bias=True)
      (1): Linear(in_features=100, out_features=1, bias=True)
    )
  )
  (local_models): ModuleList(
    (0): MLP(
      (fc_layers): ModuleList(
        (0): Linear(in_features=53, out_features=200, bias=True)
        (1): Linear(in_features=200, out_features=100, bias=True)
      )
    )
    (1): MLP(
      (fc_layers): ModuleList(
        (0): Linear(in_features=23, out_features=200, bias=True)
        (1): Linear(in_features=200, out_features=100, bias=True)
      )
    )
  )
)
writer=<torch.utils.tensorboard.writer.SummaryWriter object at 0x7efbf204ae50>
dataset_type=real
drop_key=True
num_common_features=2
tree_radius=0.01
tree_leaf_size=1000
knn_k=100
grid_min=-10.0
grid_max=10.0
grid_width=1.5
sim_scaler=StandardScaler()
filter_top_k=None
link_n_jobs=-1
psig_p=7
sim_leak_p=5e-05
link_threshold_t=0.01
link_epsilon=0.03
n_hash_lsh=20
edit_distance_threshold=1
n_hash_func=10
collision_rate=0.05
qgram_q=2
link_delta=0.03
feature_wise_sim=False
blocking_method=knn_priv_float
center_threshold=0.5
n_clusters=100
local_hidden_sizes=[[200], [200]]
cut_dims=[100, 100]
agg_hidden_sizes=[100]
scale_analysis=<utils.privacy.SimNoiseScale object at 0x7efbf1fda790>
log_dir=log/beijing_avgsim_p_5E-05_2022-02-01-18-54-31/
update_sim_freq=1
sim_model_save_path=ckp/beijing_avgsim_p_5E-05_2022-02-01-18-54-31_sim.pth
sim_batch_size=4096
sim_weight_decay=1e-05
sim_learning_rate=0.003
merge_mode=avg
sim_model=None
sim_hidden_sizes=[10, 10]
data1_shape=(141050, 55)
data2_shape=(27827, 25)
Epoch 1: Loss:            : Train 0.0076, Val 0.0052, Test 0.0051
          R2_Score         : Train 0.7788, Val 0.8515, Test 0.8516
          RMSE             : Train 86.0243, Val 71.2407, Test 70.6572
Best:
          R2_Score         : Train 0.7788, Val 0.8515, Test 0.8516
          RMSE             : Train 86.0243, Val 71.2407, Test 70.6572
Epoch 2: Loss:            : Train 0.0046, Val 0.0044, Test 0.0044
          R2_Score         : Train 0.8665, Val 0.8732, Test 0.8724
          RMSE             : Train 66.8251, Val 65.8463, Test 65.5064
Best:
          R2_Score         : Train 0.8665, Val 0.8732, Test 0.8724
          RMSE             : Train 66.8251, Val 65.8463, Test 65.5064
Epoch 3: Loss:            : Train 0.0041, Val 0.0040, Test 0.0039
          R2_Score         : Train 0.8802, Val 0.8862, Test 0.8859
          RMSE             : Train 63.3114, Val 62.3654, Test 61.9532
Best:
          R2_Score         : Train 0.8802, Val 0.8862, Test 0.8859
          RMSE             : Train 63.3114, Val 62.3654, Test 61.9532
Epoch 4: Loss:            : Train 0.0038, Val 0.0039, Test 0.0039
          R2_Score         : Train 0.8890, Val 0.8879, Test 0.8877
          RMSE             : Train 60.9269, Val 61.9147, Test 61.4535
Best:
          R2_Score         : Train 0.8890, Val 0.8879, Test 0.8877
          RMSE             : Train 60.9269, Val 61.9147, Test 61.4535
Epoch 5: Loss:            : Train 0.0036, Val 0.0039, Test 0.0038
          R2_Score         : Train 0.8950, Val 0.8878, Test 0.8893
          RMSE             : Train 59.2811, Val 61.9427, Test 61.0183
Best:
          R2_Score         : Train 0.8890, Val 0.8879, Test 0.8877
          RMSE             : Train 60.9269, Val 61.9147, Test 61.4535
Epoch 6: Loss:            : Train 0.0034, Val 0.0035, Test 0.0034
          R2_Score         : Train 0.9000, Val 0.8994, Test 0.8995
          RMSE             : Train 57.8284, Val 58.6324, Test 58.1512
Best:
          R2_Score         : Train 0.9000, Val 0.8994, Test 0.8995
          RMSE             : Train 57.8284, Val 58.6324, Test 58.1512
Epoch 7: Loss:            : Train 0.0033, Val 0.0037, Test 0.0036
          R2_Score         : Train 0.9040, Val 0.8933, Test 0.8958
          RMSE             : Train 56.6622, Val 60.4014, Test 59.2052
Best:
          R2_Score         : Train 0.9000, Val 0.8994, Test 0.8995
          RMSE             : Train 57.8284, Val 58.6324, Test 58.1512
Epoch 8: Loss:            : Train 0.0032, Val 0.0034, Test 0.0033
          R2_Score         : Train 0.9076, Val 0.9039, Test 0.9039
          RMSE             : Train 55.5910, Val 57.3060, Test 56.8393
Best:
          R2_Score         : Train 0.9076, Val 0.9039, Test 0.9039
          RMSE             : Train 55.5910, Val 57.3060, Test 56.8393
Epoch 9: Loss:            : Train 0.0030, Val 0.0037, Test 0.0036
          R2_Score         : Train 0.9114, Val 0.8944, Test 0.8941
          RMSE             : Train 54.4496, Val 60.0928, Test 59.6894
Best:
          R2_Score         : Train 0.9076, Val 0.9039, Test 0.9039
          RMSE             : Train 55.5910, Val 57.3060, Test 56.8393
Epoch 10: Loss:            : Train 0.0029, Val 0.0037, Test 0.0036
          R2_Score         : Train 0.9142, Val 0.8942, Test 0.8947
          RMSE             : Train 53.5627, Val 60.1353, Test 59.5162
Best:
          R2_Score         : Train 0.9076, Val 0.9039, Test 0.9039
          RMSE             : Train 55.5910, Val 57.3060, Test 56.8393
Epoch 11: Loss:            : Train 0.0029, Val 0.0034, Test 0.0033
          R2_Score         : Train 0.9160, Val 0.9043, Test 0.9046
          RMSE             : Train 53.0082, Val 57.1837, Test 56.6574
Best:
          R2_Score         : Train 0.9160, Val 0.9043, Test 0.9046
          RMSE             : Train 53.0082, Val 57.1837, Test 56.6574
Epoch 12: Loss:            : Train 0.0028, Val 0.0032, Test 0.0032
          R2_Score         : Train 0.9194, Val 0.9070, Test 0.9077
          RMSE             : Train 51.9192, Val 56.3847, Test 55.7177
Best:
          R2_Score         : Train 0.9194, Val 0.9070, Test 0.9077
          RMSE             : Train 51.9192, Val 56.3847, Test 55.7177
Epoch 13: Loss:            : Train 0.0027, Val 0.0032, Test 0.0032
          R2_Score         : Train 0.9218, Val 0.9079, Test 0.9077
          RMSE             : Train 51.1568, Val 56.1077, Test 55.7279
Best:
          R2_Score         : Train 0.9218, Val 0.9079, Test 0.9077
          RMSE             : Train 51.1568, Val 56.1077, Test 55.7279
Epoch 14: Loss:            : Train 0.0026, Val 0.0032, Test 0.0031
          R2_Score         : Train 0.9233, Val 0.9074, Test 0.9099
          RMSE             : Train 50.6660, Val 56.2626, Test 55.0389
Best:
          R2_Score         : Train 0.9218, Val 0.9079, Test 0.9077
          RMSE             : Train 51.1568, Val 56.1077, Test 55.7279
Epoch 15: Loss:            : Train 0.0026, Val 0.0032, Test 0.0031
          R2_Score         : Train 0.9248, Val 0.9088, Test 0.9092
          RMSE             : Train 50.1724, Val 55.8242, Test 55.2669
Best:
          R2_Score         : Train 0.9248, Val 0.9088, Test 0.9092
          RMSE             : Train 50.1724, Val 55.8242, Test 55.2669
Epoch 16: Loss:            : Train 0.0025, Val 0.0031, Test 0.0030
          R2_Score         : Train 0.9267, Val 0.9117, Test 0.9133
          RMSE             : Train 49.5192, Val 54.9452, Test 54.0011
Best:
          R2_Score         : Train 0.9267, Val 0.9117, Test 0.9133
          RMSE             : Train 49.5192, Val 54.9452, Test 54.0011
Epoch 17: Loss:            : Train 0.0025, Val 0.0030, Test 0.0029
          R2_Score         : Train 0.9282, Val 0.9132, Test 0.9142
          RMSE             : Train 49.0143, Val 54.4705, Test 53.7260
Best:
          R2_Score         : Train 0.9282, Val 0.9132, Test 0.9142
          RMSE             : Train 49.0143, Val 54.4705, Test 53.7260
Epoch 18: Loss:            : Train 0.0024, Val 0.0030, Test 0.0029
          R2_Score         : Train 0.9295, Val 0.9127, Test 0.9147
          RMSE             : Train 48.5617, Val 54.6299, Test 53.5520
Best:
          R2_Score         : Train 0.9282, Val 0.9132, Test 0.9142
          RMSE             : Train 49.0143, Val 54.4705, Test 53.7260
Epoch 19: Loss:            : Train 0.0024, Val 0.0031, Test 0.0030
          R2_Score         : Train 0.9313, Val 0.9110, Test 0.9130
          RMSE             : Train 47.9586, Val 55.1554, Test 54.1059
Best:
          R2_Score         : Train 0.9282, Val 0.9132, Test 0.9142
          RMSE             : Train 49.0143, Val 54.4705, Test 53.7260
Epoch 20: Loss:            : Train 0.0023, Val 0.0030, Test 0.0028
          R2_Score         : Train 0.9313, Val 0.9153, Test 0.9172
          RMSE             : Train 47.9373, Val 53.8232, Test 52.7639
Best:
          R2_Score         : Train 0.9313, Val 0.9153, Test 0.9172
          RMSE             : Train 47.9373, Val 53.8232, Test 52.7639
Epoch 21: Loss:            : Train 0.0023, Val 0.0030, Test 0.0030
          R2_Score         : Train 0.9336, Val 0.9139, Test 0.9136
          RMSE             : Train 47.1365, Val 54.2476, Test 53.9198
Best:
          R2_Score         : Train 0.9313, Val 0.9153, Test 0.9172
          RMSE             : Train 47.9373, Val 53.8232, Test 52.7639
Epoch 22: Loss:            : Train 0.0023, Val 0.0030, Test 0.0029
          R2_Score         : Train 0.9341, Val 0.9145, Test 0.9148
          RMSE             : Train 46.9686, Val 54.0608, Test 53.5394
Best:
          R2_Score         : Train 0.9313, Val 0.9153, Test 0.9172
          RMSE             : Train 47.9373, Val 53.8232, Test 52.7639
Epoch 23: Loss:            : Train 0.0022, Val 0.0032, Test 0.0032
          R2_Score         : Train 0.9351, Val 0.9075, Test 0.9075
          RMSE             : Train 46.5985, Val 56.2440, Test 55.7803
Best:
          R2_Score         : Train 0.9313, Val 0.9153, Test 0.9172
          RMSE             : Train 47.9373, Val 53.8232, Test 52.7639
Epoch 24: Loss:            : Train 0.0022, Val 0.0029, Test 0.0029
          R2_Score         : Train 0.9357, Val 0.9155, Test 0.9164
          RMSE             : Train 46.3855, Val 53.7601, Test 53.0357
Best:
          R2_Score         : Train 0.9357, Val 0.9155, Test 0.9164
          RMSE             : Train 46.3855, Val 53.7601, Test 53.0357
Epoch 25: Loss:            : Train 0.0022, Val 0.0030, Test 0.0029
          R2_Score         : Train 0.9369, Val 0.9141, Test 0.9152
          RMSE             : Train 45.9485, Val 54.1920, Test 53.4036
Best:
          R2_Score         : Train 0.9357, Val 0.9155, Test 0.9164
          RMSE             : Train 46.3855, Val 53.7601, Test 53.0357
Epoch 26: Loss:            : Train 0.0021, Val 0.0029, Test 0.0028
          R2_Score         : Train 0.9382, Val 0.9164, Test 0.9188
          RMSE             : Train 45.4841, Val 53.4597, Test 52.2637
Best:
          R2_Score         : Train 0.9382, Val 0.9164, Test 0.9188
          RMSE             : Train 45.4841, Val 53.4597, Test 52.2637
Epoch 27: Loss:            : Train 0.0021, Val 0.0030, Test 0.0029
          R2_Score         : Train 0.9391, Val 0.9126, Test 0.9143
          RMSE             : Train 45.1275, Val 54.6632, Test 53.6930
Best:
          R2_Score         : Train 0.9382, Val 0.9164, Test 0.9188
          RMSE             : Train 45.4841, Val 53.4597, Test 52.2637
Epoch 28: Loss:            : Train 0.0021, Val 0.0029, Test 0.0028
          R2_Score         : Train 0.9399, Val 0.9180, Test 0.9187
          RMSE             : Train 44.8481, Val 52.9435, Test 52.2996
Best:
          R2_Score         : Train 0.9399, Val 0.9180, Test 0.9187
          RMSE             : Train 44.8481, Val 52.9435, Test 52.2996
Epoch 29: Loss:            : Train 0.0020, Val 0.0029, Test 0.0028
          R2_Score         : Train 0.9407, Val 0.9174, Test 0.9178
          RMSE             : Train 44.5251, Val 53.1545, Test 52.5788
Best:
          R2_Score         : Train 0.9399, Val 0.9180, Test 0.9187
          RMSE             : Train 44.8481, Val 52.9435, Test 52.2996
Epoch 30: Loss:            : Train 0.0020, Val 0.0030, Test 0.0029
          R2_Score         : Train 0.9417, Val 0.9148, Test 0.9152
          RMSE             : Train 44.1584, Val 53.9634, Test 53.3937
Best:
          R2_Score         : Train 0.9399, Val 0.9180, Test 0.9187
          RMSE             : Train 44.8481, Val 52.9435, Test 52.2996
Epoch 31: Loss:            : Train 0.0020, Val 0.0029, Test 0.0028
          R2_Score         : Train 0.9427, Val 0.9178, Test 0.9196
          RMSE             : Train 43.7839, Val 53.0035, Test 51.9941
Best:
          R2_Score         : Train 0.9399, Val 0.9180, Test 0.9187
          RMSE             : Train 44.8481, Val 52.9435, Test 52.2996
Epoch 32: Loss:            : Train 0.0019, Val 0.0029, Test 0.0028
          R2_Score         : Train 0.9430, Val 0.9173, Test 0.9181
          RMSE             : Train 43.6778, Val 53.1633, Test 52.4858
Best:
          R2_Score         : Train 0.9399, Val 0.9180, Test 0.9187
          RMSE             : Train 44.8481, Val 52.9435, Test 52.2996
Epoch 33: Loss:            : Train 0.0019, Val 0.0029, Test 0.0028
          R2_Score         : Train 0.9434, Val 0.9159, Test 0.9171
          RMSE             : Train 43.5317, Val 53.6162, Test 52.8060
Best:
          R2_Score         : Train 0.9399, Val 0.9180, Test 0.9187
          RMSE             : Train 44.8481, Val 52.9435, Test 52.2996
Epoch 34: Loss:            : Train 0.0019, Val 0.0030, Test 0.0029
          R2_Score         : Train 0.9443, Val 0.9144, Test 0.9163
          RMSE             : Train 43.1603, Val 54.1092, Test 53.0491
Best:
          R2_Score         : Train 0.9399, Val 0.9180, Test 0.9187
          RMSE             : Train 44.8481, Val 52.9435, Test 52.2996
Epoch 35: Loss:            : Train 0.0019, Val 0.0029, Test 0.0028
          R2_Score         : Train 0.9449, Val 0.9163, Test 0.9186
          RMSE             : Train 42.9348, Val 53.5065, Test 52.3231
Best:
          R2_Score         : Train 0.9399, Val 0.9180, Test 0.9187
          RMSE             : Train 44.8481, Val 52.9435, Test 52.2996
Epoch 36: Loss:            : Train 0.0019, Val 0.0029, Test 0.0028
          R2_Score         : Train 0.9453, Val 0.9164, Test 0.9175
          RMSE             : Train 42.7684, Val 53.4483, Test 52.6677
Best:
          R2_Score         : Train 0.9399, Val 0.9180, Test 0.9187
          RMSE             : Train 44.8481, Val 52.9435, Test 52.2996
Epoch 37: Loss:            : Train 0.0019, Val 0.0030, Test 0.0029
          R2_Score         : Train 0.9458, Val 0.9157, Test 0.9142
          RMSE             : Train 42.5937, Val 53.6751, Test 53.7134
Best:
          R2_Score         : Train 0.9399, Val 0.9180, Test 0.9187
          RMSE             : Train 44.8481, Val 52.9435, Test 52.2996
Epoch 38: Loss:            : Train 0.0018, Val 0.0030, Test 0.0029
          R2_Score         : Train 0.9465, Val 0.9149, Test 0.9159
          RMSE             : Train 42.3255, Val 53.9237, Test 53.1924
Best:
          R2_Score         : Train 0.9399, Val 0.9180, Test 0.9187
          RMSE             : Train 44.8481, Val 52.9435, Test 52.2996
Epoch 39: Loss:            : Train 0.0019, Val 0.0029, Test 0.0029
          R2_Score         : Train 0.9452, Val 0.9158, Test 0.9173
          RMSE             : Train 42.8175, Val 53.6651, Test 52.7355
Best:
          R2_Score         : Train 0.9399, Val 0.9180, Test 0.9187
          RMSE             : Train 44.8481, Val 52.9435, Test 52.2996
Epoch 40: Loss:            : Train 0.0018, Val 0.0028, Test 0.0027
          R2_Score         : Train 0.9462, Val 0.9192, Test 0.9209
          RMSE             : Train 42.4446, Val 52.5691, Test 51.5859
Best:
          R2_Score         : Train 0.9462, Val 0.9192, Test 0.9209
          RMSE             : Train 42.4446, Val 52.5691, Test 51.5859
Epoch 41: Loss:            : Train 0.0018, Val 0.0030, Test 0.0028
          R2_Score         : Train 0.9476, Val 0.9144, Test 0.9174
          RMSE             : Train 41.8839, Val 54.0936, Test 52.7148
Best:
          R2_Score         : Train 0.9462, Val 0.9192, Test 0.9209
          RMSE             : Train 42.4446, Val 52.5691, Test 51.5859
Epoch 42: Loss:            : Train 0.0018, Val 0.0029, Test 0.0028
          R2_Score         : Train 0.9478, Val 0.9183, Test 0.9182
          RMSE             : Train 41.7915, Val 52.8589, Test 52.4645
Best:
          R2_Score         : Train 0.9462, Val 0.9192, Test 0.9209
          RMSE             : Train 42.4446, Val 52.5691, Test 51.5859
Epoch 43: Loss:            : Train 0.0018, Val 0.0029, Test 0.0028
          R2_Score         : Train 0.9481, Val 0.9159, Test 0.9187
          RMSE             : Train 41.6743, Val 53.6053, Test 52.2965
Best:
          R2_Score         : Train 0.9462, Val 0.9192, Test 0.9209
          RMSE             : Train 42.4446, Val 52.5691, Test 51.5859
Epoch 44: Loss:            : Train 0.0018, Val 0.0030, Test 0.0030
          R2_Score         : Train 0.9484, Val 0.9127, Test 0.9135
          RMSE             : Train 41.5433, Val 54.6404, Test 53.9295
Best:
          R2_Score         : Train 0.9462, Val 0.9192, Test 0.9209
          RMSE             : Train 42.4446, Val 52.5691, Test 51.5859
Epoch 45: Loss:            : Train 0.0017, Val 0.0029, Test 0.0028
          R2_Score         : Train 0.9490, Val 0.9173, Test 0.9182
          RMSE             : Train 41.2958, Val 53.1855, Test 52.4608
Best:
          R2_Score         : Train 0.9462, Val 0.9192, Test 0.9209
          RMSE             : Train 42.4446, Val 52.5691, Test 51.5859
Epoch 46: Loss:            : Train 0.0017, Val 0.0028, Test 0.0028
          R2_Score         : Train 0.9489, Val 0.9194, Test 0.9197
          RMSE             : Train 41.3293, Val 52.4821, Test 51.9540
Best:
          R2_Score         : Train 0.9489, Val 0.9194, Test 0.9197
          RMSE             : Train 41.3293, Val 52.4821, Test 51.9540
Epoch 47: Loss:            : Train 0.0018, Val 0.0029, Test 0.0029
          R2_Score         : Train 0.9481, Val 0.9171, Test 0.9163
          RMSE             : Train 41.6823, Val 53.2478, Test 53.0516
Best:
          R2_Score         : Train 0.9489, Val 0.9194, Test 0.9197
          RMSE             : Train 41.3293, Val 52.4821, Test 51.9540
Epoch 48: Loss:            : Train 0.0018, Val 0.0031, Test 0.0030
          R2_Score         : Train 0.9487, Val 0.9119, Test 0.9121
          RMSE             : Train 41.4167, Val 54.8826, Test 54.3763
Best:
          R2_Score         : Train 0.9489, Val 0.9194, Test 0.9197
          RMSE             : Train 41.3293, Val 52.4821, Test 51.9540
Epoch 49: Loss:            : Train 0.0017, Val 0.0028, Test 0.0027
          R2_Score         : Train 0.9499, Val 0.9183, Test 0.9204
          RMSE             : Train 40.9284, Val 52.8397, Test 51.7572
Best:
          R2_Score         : Train 0.9489, Val 0.9194, Test 0.9197
          RMSE             : Train 41.3293, Val 52.4821, Test 51.9540
Epoch 50: Loss:            : Train 0.0017, Val 0.0029, Test 0.0028
          R2_Score         : Train 0.9511, Val 0.9166, Test 0.9180
          RMSE             : Train 40.4490, Val 53.3908, Test 52.5127
Best:
          R2_Score         : Train 0.9489, Val 0.9194, Test 0.9197
          RMSE             : Train 41.3293, Val 52.4821, Test 51.9540
Epoch 51: Loss:            : Train 0.0017, Val 0.0029, Test 0.0028
          R2_Score         : Train 0.9516, Val 0.9178, Test 0.9196
          RMSE             : Train 40.2445, Val 53.0113, Test 52.0149
Best:
          R2_Score         : Train 0.9489, Val 0.9194, Test 0.9197
          RMSE             : Train 41.3293, Val 52.4821, Test 51.9540
Epoch 52: Loss:            : Train 0.0016, Val 0.0030, Test 0.0028
          R2_Score         : Train 0.9521, Val 0.9150, Test 0.9176
          RMSE             : Train 40.0140, Val 53.9180, Test 52.6289
Best:
          R2_Score         : Train 0.9489, Val 0.9194, Test 0.9197
          RMSE             : Train 41.3293, Val 52.4821, Test 51.9540
Epoch 53: Loss:            : Train 0.0016, Val 0.0028, Test 0.0028
          R2_Score         : Train 0.9523, Val 0.9201, Test 0.9190
          RMSE             : Train 39.9674, Val 52.2513, Test 52.2096
Best:
          R2_Score         : Train 0.9523, Val 0.9201, Test 0.9190
          RMSE             : Train 39.9674, Val 52.2513, Test 52.2096
Epoch 54: Loss:            : Train 0.0016, Val 0.0028, Test 0.0028
          R2_Score         : Train 0.9525, Val 0.9196, Test 0.9197
          RMSE             : Train 39.8507, Val 52.4266, Test 51.9534
Best:
          R2_Score         : Train 0.9523, Val 0.9201, Test 0.9190
          RMSE             : Train 39.9674, Val 52.2513, Test 52.2096
Epoch 55: Loss:            : Train 0.0016, Val 0.0028, Test 0.0028
          R2_Score         : Train 0.9527, Val 0.9186, Test 0.9192
          RMSE             : Train 39.7769, Val 52.7360, Test 52.1312
Best:
          R2_Score         : Train 0.9523, Val 0.9201, Test 0.9190
          RMSE             : Train 39.9674, Val 52.2513, Test 52.2096
Epoch 56: Loss:            : Train 0.0016, Val 0.0028, Test 0.0027
          R2_Score         : Train 0.9534, Val 0.9197, Test 0.9213
          RMSE             : Train 39.4887, Val 52.3921, Test 51.4572
Best:
          R2_Score         : Train 0.9523, Val 0.9201, Test 0.9190
          RMSE             : Train 39.9674, Val 52.2513, Test 52.2096
Epoch 57: Loss:            : Train 0.0016, Val 0.0028, Test 0.0027
          R2_Score         : Train 0.9535, Val 0.9198, Test 0.9200
          RMSE             : Train 39.4347, Val 52.3602, Test 51.8794
Best:
          R2_Score         : Train 0.9523, Val 0.9201, Test 0.9190
          RMSE             : Train 39.9674, Val 52.2513, Test 52.2096
Epoch 58: Loss:            : Train 0.0016, Val 0.0029, Test 0.0028
          R2_Score         : Train 0.9539, Val 0.9169, Test 0.9180
          RMSE             : Train 39.2581, Val 53.3109, Test 52.5094
Best:
          R2_Score         : Train 0.9523, Val 0.9201, Test 0.9190
          RMSE             : Train 39.9674, Val 52.2513, Test 52.2096
Epoch 59: Loss:            : Train 0.0016, Val 0.0028, Test 0.0027
          R2_Score         : Train 0.9540, Val 0.9196, Test 0.9204
          RMSE             : Train 39.2306, Val 52.4295, Test 51.7341
Best:
          R2_Score         : Train 0.9523, Val 0.9201, Test 0.9190
          RMSE             : Train 39.9674, Val 52.2513, Test 52.2096
Epoch 60: Loss:            : Train 0.0016, Val 0.0027, Test 0.0027
          R2_Score         : Train 0.9540, Val 0.9209, Test 0.9211
          RMSE             : Train 39.2249, Val 51.9861, Test 51.5011
Best:
          R2_Score         : Train 0.9540, Val 0.9209, Test 0.9211
          RMSE             : Train 39.2249, Val 51.9861, Test 51.5011
Epoch 61: Loss:            : Train 0.0015, Val 0.0029, Test 0.0028
          R2_Score         : Train 0.9551, Val 0.9181, Test 0.9188
          RMSE             : Train 38.7580, Val 52.9283, Test 52.2491
Best:
          R2_Score         : Train 0.9540, Val 0.9209, Test 0.9211
          RMSE             : Train 39.2249, Val 51.9861, Test 51.5011
Epoch 62: Loss:            : Train 0.0016, Val 0.0029, Test 0.0028
          R2_Score         : Train 0.9544, Val 0.9184, Test 0.9192
          RMSE             : Train 39.0607, Val 52.8011, Test 52.1307
Best:
          R2_Score         : Train 0.9540, Val 0.9209, Test 0.9211
          RMSE             : Train 39.2249, Val 51.9861, Test 51.5011
Epoch 63: Loss:            : Train 0.0016, Val 0.0028, Test 0.0027
          R2_Score         : Train 0.9545, Val 0.9199, Test 0.9203
          RMSE             : Train 39.0249, Val 52.3198, Test 51.7650
Best:
          R2_Score         : Train 0.9540, Val 0.9209, Test 0.9211
          RMSE             : Train 39.2249, Val 51.9861, Test 51.5011
Epoch 64: Loss:            : Train 0.0015, Val 0.0028, Test 0.0028
          R2_Score         : Train 0.9549, Val 0.9197, Test 0.9198
          RMSE             : Train 38.8592, Val 52.3944, Test 51.9386
Best:
          R2_Score         : Train 0.9540, Val 0.9209, Test 0.9211
          RMSE             : Train 39.2249, Val 51.9861, Test 51.5011
Epoch 65: Loss:            : Train 0.0015, Val 0.0029, Test 0.0028
          R2_Score         : Train 0.9554, Val 0.9181, Test 0.9178
          RMSE             : Train 38.6204, Val 52.9166, Test 52.5852
Best:
          R2_Score         : Train 0.9540, Val 0.9209, Test 0.9211
          RMSE             : Train 39.2249, Val 51.9861, Test 51.5011
Epoch 66: Loss:            : Train 0.0015, Val 0.0027, Test 0.0027
          R2_Score         : Train 0.9557, Val 0.9211, Test 0.9216
          RMSE             : Train 38.4980, Val 51.9323, Test 51.3404
Best:
          R2_Score         : Train 0.9557, Val 0.9211, Test 0.9216
          RMSE             : Train 38.4980, Val 51.9323, Test 51.3404
Epoch 67: Loss:            : Train 0.0015, Val 0.0029, Test 0.0029
          R2_Score         : Train 0.9559, Val 0.9166, Test 0.9162
          RMSE             : Train 38.4326, Val 53.4015, Test 53.0908
Best:
          R2_Score         : Train 0.9557, Val 0.9211, Test 0.9216
          RMSE             : Train 38.4980, Val 51.9323, Test 51.3404
Epoch 68: Loss:            : Train 0.0015, Val 0.0027, Test 0.0027
          R2_Score         : Train 0.9561, Val 0.9214, Test 0.9214
          RMSE             : Train 38.3336, Val 51.8349, Test 51.4034
Best:
          R2_Score         : Train 0.9561, Val 0.9214, Test 0.9214
          RMSE             : Train 38.3336, Val 51.8349, Test 51.4034
Epoch 69: Loss:            : Train 0.0015, Val 0.0029, Test 0.0028
          R2_Score         : Train 0.9562, Val 0.9182, Test 0.9176
          RMSE             : Train 38.2626, Val 52.8789, Test 52.6355
Best:
          R2_Score         : Train 0.9561, Val 0.9214, Test 0.9214
          RMSE             : Train 38.3336, Val 51.8349, Test 51.4034
Epoch 70: Loss:            : Train 0.0015, Val 0.0029, Test 0.0028
          R2_Score         : Train 0.9563, Val 0.9171, Test 0.9187
          RMSE             : Train 38.2361, Val 53.2303, Test 52.3012
Best:
          R2_Score         : Train 0.9561, Val 0.9214, Test 0.9214
          RMSE             : Train 38.3336, Val 51.8349, Test 51.4034
Epoch 71: Loss:            : Train 0.0015, Val 0.0028, Test 0.0028
          R2_Score         : Train 0.9568, Val 0.9199, Test 0.9196
          RMSE             : Train 38.0342, Val 52.3257, Test 52.0153
Best:
          R2_Score         : Train 0.9561, Val 0.9214, Test 0.9214
          RMSE             : Train 38.3336, Val 51.8349, Test 51.4034
Epoch 72: Loss:            : Train 0.0015, Val 0.0028, Test 0.0027
          R2_Score         : Train 0.9568, Val 0.9198, Test 0.9207
          RMSE             : Train 38.0080, Val 52.3533, Test 51.6392
Best:
          R2_Score         : Train 0.9561, Val 0.9214, Test 0.9214
          RMSE             : Train 38.3336, Val 51.8349, Test 51.4034
Epoch 73: Loss:            : Train 0.0015, Val 0.0029, Test 0.0028
          R2_Score         : Train 0.9574, Val 0.9182, Test 0.9176
          RMSE             : Train 37.7616, Val 52.8672, Test 52.6584
Best:
          R2_Score         : Train 0.9561, Val 0.9214, Test 0.9214
          RMSE             : Train 38.3336, Val 51.8349, Test 51.4034
Epoch 74: Loss:            : Train 0.0015, Val 0.0028, Test 0.0027
          R2_Score         : Train 0.9574, Val 0.9190, Test 0.9200
          RMSE             : Train 37.7497, Val 52.6201, Test 51.8870
Best:
          R2_Score         : Train 0.9561, Val 0.9214, Test 0.9214
          RMSE             : Train 38.3336, Val 51.8349, Test 51.4034
Epoch 75: Loss:            : Train 0.0014, Val 0.0028, Test 0.0027
          R2_Score         : Train 0.9578, Val 0.9187, Test 0.9198
          RMSE             : Train 37.5906, Val 52.7206, Test 51.9302
Best:
          R2_Score         : Train 0.9561, Val 0.9214, Test 0.9214
          RMSE             : Train 38.3336, Val 51.8349, Test 51.4034
Epoch 76: Loss:            : Train 0.0014, Val 0.0030, Test 0.0029
          R2_Score         : Train 0.9576, Val 0.9132, Test 0.9147
          RMSE             : Train 37.6746, Val 54.4739, Test 53.5553
Best:
          R2_Score         : Train 0.9561, Val 0.9214, Test 0.9214
          RMSE             : Train 38.3336, Val 51.8349, Test 51.4034
Epoch 77: Loss:            : Train 0.0014, Val 0.0028, Test 0.0028
          R2_Score         : Train 0.9579, Val 0.9204, Test 0.9187
          RMSE             : Train 37.5487, Val 52.1716, Test 52.2771
Best:
          R2_Score         : Train 0.9561, Val 0.9214, Test 0.9214
          RMSE             : Train 38.3336, Val 51.8349, Test 51.4034
Epoch 78: Loss:            : Train 0.0014, Val 0.0028, Test 0.0027
          R2_Score         : Train 0.9583, Val 0.9198, Test 0.9200
          RMSE             : Train 37.3678, Val 52.3488, Test 51.8853
Best:
          R2_Score         : Train 0.9561, Val 0.9214, Test 0.9214
          RMSE             : Train 38.3336, Val 51.8349, Test 51.4034
Epoch 79: Loss:            : Train 0.0014, Val 0.0029, Test 0.0029
          R2_Score         : Train 0.9581, Val 0.9167, Test 0.9169
          RMSE             : Train 37.4371, Val 53.3731, Test 52.8702
Best:
          R2_Score         : Train 0.9561, Val 0.9214, Test 0.9214
          RMSE             : Train 38.3336, Val 51.8349, Test 51.4034
Epoch 80: Loss:            : Train 0.0014, Val 0.0030, Test 0.0029
          R2_Score         : Train 0.9581, Val 0.9157, Test 0.9167
          RMSE             : Train 37.4385, Val 53.6954, Test 52.9230
Best:
          R2_Score         : Train 0.9561, Val 0.9214, Test 0.9214
          RMSE             : Train 38.3336, Val 51.8349, Test 51.4034
Epoch 81: Loss:            : Train 0.0014, Val 0.0029, Test 0.0028
          R2_Score         : Train 0.9577, Val 0.9183, Test 0.9183
          RMSE             : Train 37.6251, Val 52.8627, Test 52.4268
Best:
          R2_Score         : Train 0.9561, Val 0.9214, Test 0.9214
          RMSE             : Train 38.3336, Val 51.8349, Test 51.4034
Epoch 82: Loss:            : Train 0.0014, Val 0.0029, Test 0.0028
          R2_Score         : Train 0.9587, Val 0.9177, Test 0.9184
          RMSE             : Train 37.1652, Val 53.0298, Test 52.4022
Best:
          R2_Score         : Train 0.9561, Val 0.9214, Test 0.9214
          RMSE             : Train 38.3336, Val 51.8349, Test 51.4034
Epoch 83: Loss:            : Train 0.0014, Val 0.0027, Test 0.0027
          R2_Score         : Train 0.9589, Val 0.9210, Test 0.9207
          RMSE             : Train 37.1023, Val 51.9820, Test 51.6569
Best:
          R2_Score         : Train 0.9561, Val 0.9214, Test 0.9214
          RMSE             : Train 38.3336, Val 51.8349, Test 51.4034
Epoch 84: Loss:            : Train 0.0014, Val 0.0028, Test 0.0028
          R2_Score         : Train 0.9588, Val 0.9203, Test 0.9191
          RMSE             : Train 37.1352, Val 52.2108, Test 52.1768
Best:
          R2_Score         : Train 0.9561, Val 0.9214, Test 0.9214
          RMSE             : Train 38.3336, Val 51.8349, Test 51.4034
Epoch 85: Loss:            : Train 0.0014, Val 0.0028, Test 0.0028
          R2_Score         : Train 0.9584, Val 0.9197, Test 0.9190
          RMSE             : Train 37.2924, Val 52.3929, Test 52.1841
Best:
          R2_Score         : Train 0.9561, Val 0.9214, Test 0.9214
          RMSE             : Train 38.3336, Val 51.8349, Test 51.4034
Epoch 86: Loss:            : Train 0.0014, Val 0.0029, Test 0.0028
          R2_Score         : Train 0.9588, Val 0.9171, Test 0.9177
          RMSE             : Train 37.1237, Val 53.2326, Test 52.6143
Best:
          R2_Score         : Train 0.9561, Val 0.9214, Test 0.9214
          RMSE             : Train 38.3336, Val 51.8349, Test 51.4034
Epoch 87: Loss:            : Train 0.0014, Val 0.0028, Test 0.0028
          R2_Score         : Train 0.9591, Val 0.9208, Test 0.9195
          RMSE             : Train 37.0046, Val 52.0223, Test 52.0321
Best:
          R2_Score         : Train 0.9561, Val 0.9214, Test 0.9214
          RMSE             : Train 38.3336, Val 51.8349, Test 51.4034
Epoch 88: Loss:            : Train 0.0014, Val 0.0027, Test 0.0028
          R2_Score         : Train 0.9594, Val 0.9215, Test 0.9188
          RMSE             : Train 36.8748, Val 51.7940, Test 52.2658
Best:
          R2_Score         : Train 0.9594, Val 0.9215, Test 0.9188
          RMSE             : Train 36.8748, Val 51.7940, Test 52.2658
Epoch 89: Loss:            : Train 0.0014, Val 0.0028, Test 0.0028
          R2_Score         : Train 0.9597, Val 0.9193, Test 0.9185
          RMSE             : Train 36.7171, Val 52.5111, Test 52.3543
Best:
          R2_Score         : Train 0.9594, Val 0.9215, Test 0.9188
          RMSE             : Train 36.8748, Val 51.7940, Test 52.2658
Epoch 90: Loss:            : Train 0.0014, Val 0.0028, Test 0.0028
          R2_Score         : Train 0.9599, Val 0.9188, Test 0.9178
          RMSE             : Train 36.6478, Val 52.6908, Test 52.5736
Best:
          R2_Score         : Train 0.9594, Val 0.9215, Test 0.9188
          RMSE             : Train 36.8748, Val 51.7940, Test 52.2658
Epoch 91: Loss:            : Train 0.0014, Val 0.0028, Test 0.0028
          R2_Score         : Train 0.9598, Val 0.9202, Test 0.9193
          RMSE             : Train 36.6801, Val 52.2338, Test 52.1028
Best:
          R2_Score         : Train 0.9594, Val 0.9215, Test 0.9188
          RMSE             : Train 36.8748, Val 51.7940, Test 52.2658
Epoch 92: Loss:            : Train 0.0014, Val 0.0028, Test 0.0028
          R2_Score         : Train 0.9596, Val 0.9199, Test 0.9198
          RMSE             : Train 36.7478, Val 52.3383, Test 51.9497
Best:
          R2_Score         : Train 0.9594, Val 0.9215, Test 0.9188
          RMSE             : Train 36.8748, Val 51.7940, Test 52.2658
Epoch 93: Loss:            : Train 0.0014, Val 0.0028, Test 0.0028
          R2_Score         : Train 0.9598, Val 0.9200, Test 0.9181
          RMSE             : Train 36.6627, Val 52.2849, Test 52.4816
Best:
          R2_Score         : Train 0.9594, Val 0.9215, Test 0.9188
          RMSE             : Train 36.8748, Val 51.7940, Test 52.2658
Epoch 94: Loss:            : Train 0.0014, Val 0.0028, Test 0.0028
          R2_Score         : Train 0.9601, Val 0.9189, Test 0.9184
          RMSE             : Train 36.5278, Val 52.6495, Test 52.4024
Best:
          R2_Score         : Train 0.9594, Val 0.9215, Test 0.9188
          RMSE             : Train 36.8748, Val 51.7940, Test 52.2658
Epoch 95: Loss:            : Train 0.0014, Val 0.0028, Test 0.0028
          R2_Score         : Train 0.9598, Val 0.9199, Test 0.9194
          RMSE             : Train 36.6684, Val 52.3365, Test 52.0546
Best:
          R2_Score         : Train 0.9594, Val 0.9215, Test 0.9188
          RMSE             : Train 36.8748, Val 51.7940, Test 52.2658
Epoch 96: Loss:            : Train 0.0013, Val 0.0028, Test 0.0028
          R2_Score         : Train 0.9606, Val 0.9191, Test 0.9184
          RMSE             : Train 36.3071, Val 52.6005, Test 52.4004
Best:
          R2_Score         : Train 0.9594, Val 0.9215, Test 0.9188
          RMSE             : Train 36.8748, Val 51.7940, Test 52.2658
Epoch 97: Loss:            : Train 0.0013, Val 0.0028, Test 0.0028
          R2_Score         : Train 0.9606, Val 0.9204, Test 0.9191
          RMSE             : Train 36.3021, Val 52.1737, Test 52.1771
Best:
          R2_Score         : Train 0.9594, Val 0.9215, Test 0.9188
          RMSE             : Train 36.8748, Val 51.7940, Test 52.2658
Epoch 98: Loss:            : Train 0.0013, Val 0.0028, Test 0.0028
          R2_Score         : Train 0.9607, Val 0.9189, Test 0.9190
          RMSE             : Train 36.2834, Val 52.6439, Test 52.2002
Best:
          R2_Score         : Train 0.9594, Val 0.9215, Test 0.9188
          RMSE             : Train 36.8748, Val 51.7940, Test 52.2658
Epoch 99: Loss:            : Train 0.0013, Val 0.0029, Test 0.0029
          R2_Score         : Train 0.9609, Val 0.9164, Test 0.9167
          RMSE             : Train 36.1887, Val 53.4752, Test 52.9457
Best:
          R2_Score         : Train 0.9594, Val 0.9215, Test 0.9188
          RMSE             : Train 36.8748, Val 51.7940, Test 52.2658
Epoch 100: Loss:            : Train 0.0013, Val 0.0028, Test 0.0028
          R2_Score         : Train 0.9609, Val 0.9200, Test 0.9192
          RMSE             : Train 36.1474, Val 52.2957, Test 52.1182
Best:
          R2_Score         : Train 0.9594, Val 0.9215, Test 0.9188
          RMSE             : Train 36.8748, Val 51.7940, Test 52.2658
Training time (sec): 2744
