Loading parties from cache
Loading data from cache
Done
Calculating noise scale
Adding noise of scale 0.0 to sim_scores
Adding noise of scale 0.0 to sim_scores
Adding noise of scale 0.0 to sim_scores
Preparing time (sec): 2
Initializing dataloader
Done
Prepare for training
Start training
SplitNN summary
==========================================================================================
Layer (type:depth-idx)                   Output Shape              Param #
==========================================================================================
SplitNN                                  --                        --
├─MLP: 1                                 --                        --
│    └─ModuleList: 2-1                   --                        --
├─ModuleList: 1-1                        --                        --
│    └─MLP: 2                            --                        --
│    │    └─ModuleList: 3-1              --                        6,150
│    └─MLP: 2                            --                        --
│    │    └─ModuleList: 3-2              --                        6,150
│    └─MLP: 2-2                          [64, 50]                  --
│    └─MLP: 2-3                          [64, 50]                  --
├─MLP: 1-2                               [64, 3]                   --
│    └─ModuleList: 2-1                   --                        --
│    │    └─Linear: 3-3                  [64, 100]                 10,100
│    │    └─Linear: 3-4                  [64, 3]                   303
==========================================================================================
Total params: 22,703
Trainable params: 22,703
Non-trainable params: 0
Total mult-adds (M): 1.45
==========================================================================================
Input size (MB): 0.01
Forward/backward pass size (MB): 0.21
Params size (MB): 0.09
Estimated Total Size (MB): 0.30
==========================================================================================
Merge model summary
==========================================================================================
Layer (type:depth-idx)                   Output Shape              Param #
==========================================================================================
ConvModel                                --                        --
├─Conv2d: 1-1                            [1, 4, 106, 3]            32
├─Dropout: 1-2                           [1, 1272]                 --
├─Linear: 1-3                            [1, 400]                  509,200
├─Dropout: 1-4                           [1, 400]                  --
├─Linear: 1-5                            [1, 1]                    401
==========================================================================================
Total params: 509,633
Trainable params: 509,633
Non-trainable params: 0
Total mult-adds (M): 0.52
==========================================================================================
Input size (MB): 0.00
Forward/backward pass size (MB): 0.01
Params size (MB): 2.04
Estimated Total Size (MB): 2.05
==========================================================================================
Similarity model summary
==========================================================================================
Layer (type:depth-idx)                   Output Shape              Param #
==========================================================================================
MLP                                      --                        --
├─ModuleList: 1-1                        --                        --
│    └─Linear: 2-1                       [1, 10]                   20
│    └─Linear: 2-2                       [1, 1]                    11
==========================================================================================
Total params: 31
Trainable params: 31
Non-trainable params: 0
Total mult-adds (M): 0.00
==========================================================================================
Input size (MB): 0.00
Forward/backward pass size (MB): 0.00
Params size (MB): 0.00
Estimated Total Size (MB): 0.00
==========================================================================================
n_classes=2
task=binary_cls
model_name=boone_fedsim_noise_0.2_2022-01-30-14-24-11
sche_threshold=0.0001
sche_patience=10
sche_factor=0.1
use_scheduler=False
num_workers=4
device=cuda:0
test_batch_size=4096
train_batch_size=64
learning_rate=0.001
weight_decay=1e-05
num_epochs=50
model_save_path=ckp/boone_fedsim_noise_0.2_2022-01-30-14-24-11.pth
test_rate=0.2
val_rate=0.1
multiprocess_context=fork
metrics=['accuracy']
metrics_f=[<metric.accuracy.Accuracy object at 0x7fe940aabbb0>]
hidden_sizes=[100, 100]
model=SplitNN(
  (agg_model): MLP(
    (fc_layers): ModuleList(
      (0): Linear(in_features=100, out_features=100, bias=True)
      (1): Linear(in_features=100, out_features=3, bias=True)
    )
  )
  (local_models): ModuleList(
    (0): MLP(
      (fc_layers): ModuleList(
        (0): Linear(in_features=10, out_features=100, bias=True)
        (1): Linear(in_features=100, out_features=50, bias=True)
      )
    )
    (1): MLP(
      (fc_layers): ModuleList(
        (0): Linear(in_features=10, out_features=100, bias=True)
        (1): Linear(in_features=100, out_features=50, bias=True)
      )
    )
  )
)
writer=<torch.utils.tensorboard.writer.SummaryWriter object at 0x7fe940aabc40>
dataset_type=syn
drop_key=True
num_common_features=30
tree_radius=2
tree_leaf_size=1000
knn_k=100
grid_min=-10.0
grid_max=10.0
grid_width=1.5
sim_scaler=StandardScaler()
filter_top_k=None
link_n_jobs=1
psig_p=7
sim_leak_p=1.0
link_threshold_t=0.1
link_epsilon=0.1
n_hash_lsh=20
edit_distance_threshold=1
n_hash_func=10
collision_rate=0.05
qgram_q=2
link_delta=0.1
feature_wise_sim=False
blocking_method=knn
center_threshold=0.5
n_clusters=100
local_hidden_sizes=[[100], [100]]
cut_dims=[50, 50]
agg_hidden_sizes=[100]
scale_analysis=None
mlp_merge=None
use_sim=True
use_conv=True
conv_kernel_v_size=7
conv_n_channels=4
merge_dropout_p=0.7
raw_output_dim=3
log_dir=log/boone_fedsim_noise_0.2_2022-01-30-14-24-11/
update_sim_freq=1
sim_model_save_path=ckp/boone_fedsim_noise_0.2_2022-01-30-14-24-11_sim.pth
merge_model_save_path=ckp/boone_fedsim_noise_0.2_2022-01-30-14-24-11_merge.pth
sim_batch_size=128
sim_weight_decay=1e-05
sim_learning_rate=0.001
merge_model=ConvModel(
  (conv1): Conv2d(1, 4, kernel_size=(7, 1), stride=(1, 1), padding=(6, 0))
  (fc1): Linear(in_features=1272, out_features=400, bias=True)
  (fc2): Linear(in_features=400, out_features=1, bias=True)
  (dropout1): Dropout(p=0.7, inplace=False)
  (dropout2): Dropout(p=0.7, inplace=False)
)
sim_model=MLP(
  (fc_layers): ModuleList(
    (0): Linear(in_features=1, out_features=10, bias=True)
    (1): Linear(in_features=10, out_features=1, bias=True)
  )
)
sim_hidden_sizes=[10]
merge_hidden_sizes=[400]
data1_shape=(130064, 40)
data2_shape=(130064, 40)
Epoch 1: Loss:            : Train 0.3648, Val 0.2795, Test 0.2696
          Accuracy         : Train 0.8375, Val 0.8887, Test 0.8906
Best:
          Accuracy         : Train 0.8375, Val 0.8887, Test 0.8906
Epoch 2: Loss:            : Train 0.2565, Val 0.2489, Test 0.2400
          Accuracy         : Train 0.8959, Val 0.8981, Test 0.8998
Best:
          Accuracy         : Train 0.8959, Val 0.8981, Test 0.8998
Epoch 3: Loss:            : Train 0.2410, Val 0.2545, Test 0.2401
          Accuracy         : Train 0.9020, Val 0.8953, Test 0.9000
Best:
          Accuracy         : Train 0.8959, Val 0.8981, Test 0.8998
Epoch 4: Loss:            : Train 0.2345, Val 0.2348, Test 0.2217
          Accuracy         : Train 0.9047, Val 0.9050, Test 0.9061
Best:
          Accuracy         : Train 0.9047, Val 0.9050, Test 0.9061
Epoch 5: Loss:            : Train 0.2263, Val 0.2304, Test 0.2137
          Accuracy         : Train 0.9082, Val 0.9088, Test 0.9120
Best:
          Accuracy         : Train 0.9082, Val 0.9088, Test 0.9120
Epoch 6: Loss:            : Train 0.2184, Val 0.2329, Test 0.2198
          Accuracy         : Train 0.9115, Val 0.9054, Test 0.9073
Best:
          Accuracy         : Train 0.9082, Val 0.9088, Test 0.9120
Epoch 7: Loss:            : Train 0.2134, Val 0.2494, Test 0.2216
          Accuracy         : Train 0.9136, Val 0.9060, Test 0.9104
Best:
          Accuracy         : Train 0.9082, Val 0.9088, Test 0.9120
Epoch 8: Loss:            : Train 0.2092, Val 0.2374, Test 0.2091
          Accuracy         : Train 0.9162, Val 0.9098, Test 0.9160
Best:
          Accuracy         : Train 0.9162, Val 0.9098, Test 0.9160
Epoch 9: Loss:            : Train 0.2069, Val 0.2392, Test 0.2102
          Accuracy         : Train 0.9170, Val 0.9096, Test 0.9145
Best:
          Accuracy         : Train 0.9162, Val 0.9098, Test 0.9160
Epoch 10: Loss:            : Train 0.2038, Val 0.2245, Test 0.1991
          Accuracy         : Train 0.9182, Val 0.9154, Test 0.9207
Best:
          Accuracy         : Train 0.9182, Val 0.9154, Test 0.9207
Epoch 11: Loss:            : Train 0.2025, Val 0.2499, Test 0.2134
          Accuracy         : Train 0.9193, Val 0.9070, Test 0.9125
Best:
          Accuracy         : Train 0.9182, Val 0.9154, Test 0.9207
Epoch 12: Loss:            : Train 0.2014, Val 0.2246, Test 0.2008
          Accuracy         : Train 0.9190, Val 0.9150, Test 0.9181
Best:
          Accuracy         : Train 0.9182, Val 0.9154, Test 0.9207
Epoch 13: Loss:            : Train 0.1983, Val 0.2185, Test 0.1961
          Accuracy         : Train 0.9204, Val 0.9175, Test 0.9215
Best:
          Accuracy         : Train 0.9204, Val 0.9175, Test 0.9215
Epoch 14: Loss:            : Train 0.1983, Val 0.2153, Test 0.1925
          Accuracy         : Train 0.9202, Val 0.9161, Test 0.9227
Best:
          Accuracy         : Train 0.9204, Val 0.9175, Test 0.9215
Epoch 15: Loss:            : Train 0.1969, Val 0.2190, Test 0.1953
          Accuracy         : Train 0.9207, Val 0.9176, Test 0.9216
Best:
          Accuracy         : Train 0.9207, Val 0.9176, Test 0.9216
Epoch 16: Loss:            : Train 0.1950, Val 0.1997, Test 0.1949
          Accuracy         : Train 0.9230, Val 0.9205, Test 0.9182
Best:
          Accuracy         : Train 0.9230, Val 0.9205, Test 0.9182
Epoch 17: Loss:            : Train 0.1932, Val 0.2039, Test 0.1954
          Accuracy         : Train 0.9225, Val 0.9160, Test 0.9199
Best:
          Accuracy         : Train 0.9230, Val 0.9205, Test 0.9182
Epoch 18: Loss:            : Train 0.1932, Val 0.2080, Test 0.1960
          Accuracy         : Train 0.9220, Val 0.9138, Test 0.9195
Best:
          Accuracy         : Train 0.9230, Val 0.9205, Test 0.9182
Epoch 19: Loss:            : Train 0.1923, Val 0.2052, Test 0.1955
          Accuracy         : Train 0.9225, Val 0.9140, Test 0.9215
Best:
          Accuracy         : Train 0.9230, Val 0.9205, Test 0.9182
Epoch 20: Loss:            : Train 0.1907, Val 0.2293, Test 0.2115
          Accuracy         : Train 0.9231, Val 0.9068, Test 0.9120
Best:
          Accuracy         : Train 0.9230, Val 0.9205, Test 0.9182
Epoch 21: Loss:            : Train 0.1891, Val 0.2111, Test 0.1981
          Accuracy         : Train 0.9238, Val 0.9140, Test 0.9206
Best:
          Accuracy         : Train 0.9230, Val 0.9205, Test 0.9182
Epoch 22: Loss:            : Train 0.1882, Val 0.1915, Test 0.1905
          Accuracy         : Train 0.9246, Val 0.9225, Test 0.9231
Best:
          Accuracy         : Train 0.9246, Val 0.9225, Test 0.9231
Epoch 23: Loss:            : Train 0.1886, Val 0.1969, Test 0.1894
          Accuracy         : Train 0.9238, Val 0.9194, Test 0.9233
Best:
          Accuracy         : Train 0.9246, Val 0.9225, Test 0.9231
Epoch 24: Loss:            : Train 0.1867, Val 0.1968, Test 0.1905
          Accuracy         : Train 0.9242, Val 0.9207, Test 0.9239
Best:
          Accuracy         : Train 0.9246, Val 0.9225, Test 0.9231
Epoch 25: Loss:            : Train 0.1866, Val 0.1922, Test 0.1854
          Accuracy         : Train 0.9248, Val 0.9209, Test 0.9234
Best:
          Accuracy         : Train 0.9246, Val 0.9225, Test 0.9231
Epoch 26: Loss:            : Train 0.1857, Val 0.1928, Test 0.1864
          Accuracy         : Train 0.9259, Val 0.9223, Test 0.9235
Best:
          Accuracy         : Train 0.9246, Val 0.9225, Test 0.9231
Epoch 27: Loss:            : Train 0.1856, Val 0.2445, Test 0.2233
          Accuracy         : Train 0.9254, Val 0.8994, Test 0.9066
Best:
          Accuracy         : Train 0.9246, Val 0.9225, Test 0.9231
Epoch 28: Loss:            : Train 0.1851, Val 0.2195, Test 0.2048
          Accuracy         : Train 0.9259, Val 0.9102, Test 0.9146
Best:
          Accuracy         : Train 0.9246, Val 0.9225, Test 0.9231
Epoch 29: Loss:            : Train 0.1840, Val 0.1992, Test 0.1886
          Accuracy         : Train 0.9269, Val 0.9194, Test 0.9226
Best:
          Accuracy         : Train 0.9246, Val 0.9225, Test 0.9231
Epoch 30: Loss:            : Train 0.1831, Val 0.1944, Test 0.1878
          Accuracy         : Train 0.9263, Val 0.9216, Test 0.9244
Best:
          Accuracy         : Train 0.9246, Val 0.9225, Test 0.9231
Epoch 31: Loss:            : Train 0.1827, Val 0.2129, Test 0.1982
          Accuracy         : Train 0.9268, Val 0.9140, Test 0.9197
Best:
          Accuracy         : Train 0.9246, Val 0.9225, Test 0.9231
Epoch 32: Loss:            : Train 0.1827, Val 0.2022, Test 0.1927
          Accuracy         : Train 0.9268, Val 0.9190, Test 0.9203
Best:
          Accuracy         : Train 0.9246, Val 0.9225, Test 0.9231
Epoch 33: Loss:            : Train 0.1825, Val 0.1910, Test 0.1848
          Accuracy         : Train 0.9272, Val 0.9243, Test 0.9255
Best:
          Accuracy         : Train 0.9272, Val 0.9243, Test 0.9255
Epoch 34: Loss:            : Train 0.1824, Val 0.1970, Test 0.1868
          Accuracy         : Train 0.9269, Val 0.9175, Test 0.9228
Best:
          Accuracy         : Train 0.9272, Val 0.9243, Test 0.9255
Epoch 35: Loss:            : Train 0.1806, Val 0.2004, Test 0.1891
          Accuracy         : Train 0.9272, Val 0.9194, Test 0.9220
Best:
          Accuracy         : Train 0.9272, Val 0.9243, Test 0.9255
Epoch 36: Loss:            : Train 0.1812, Val 0.2091, Test 0.1967
          Accuracy         : Train 0.9276, Val 0.9161, Test 0.9206
Best:
          Accuracy         : Train 0.9272, Val 0.9243, Test 0.9255
Epoch 37: Loss:            : Train 0.1797, Val 0.1922, Test 0.1877
          Accuracy         : Train 0.9269, Val 0.9227, Test 0.9220
Best:
          Accuracy         : Train 0.9272, Val 0.9243, Test 0.9255
Epoch 38: Loss:            : Train 0.1812, Val 0.1920, Test 0.1901
          Accuracy         : Train 0.9272, Val 0.9223, Test 0.9228
Best:
          Accuracy         : Train 0.9272, Val 0.9243, Test 0.9255
Epoch 39: Loss:            : Train 0.1799, Val 0.1906, Test 0.1829
          Accuracy         : Train 0.9283, Val 0.9230, Test 0.9258
Best:
          Accuracy         : Train 0.9272, Val 0.9243, Test 0.9255
Epoch 40: Loss:            : Train 0.1799, Val 0.2038, Test 0.1917
          Accuracy         : Train 0.9281, Val 0.9152, Test 0.9220
Best:
          Accuracy         : Train 0.9272, Val 0.9243, Test 0.9255
Epoch 41: Loss:            : Train 0.1788, Val 0.1878, Test 0.1861
          Accuracy         : Train 0.9285, Val 0.9233, Test 0.9233
Best:
          Accuracy         : Train 0.9272, Val 0.9243, Test 0.9255
Epoch 42: Loss:            : Train 0.1800, Val 0.1910, Test 0.1826
          Accuracy         : Train 0.9276, Val 0.9233, Test 0.9267
Best:
          Accuracy         : Train 0.9272, Val 0.9243, Test 0.9255
Epoch 43: Loss:            : Train 0.1779, Val 0.1911, Test 0.1865
          Accuracy         : Train 0.9284, Val 0.9220, Test 0.9240
Best:
          Accuracy         : Train 0.9272, Val 0.9243, Test 0.9255
Epoch 44: Loss:            : Train 0.1779, Val 0.1882, Test 0.1823
          Accuracy         : Train 0.9286, Val 0.9247, Test 0.9259
Best:
          Accuracy         : Train 0.9286, Val 0.9247, Test 0.9259
Epoch 45: Loss:            : Train 0.1776, Val 0.1915, Test 0.1831
          Accuracy         : Train 0.9283, Val 0.9233, Test 0.9266
Best:
          Accuracy         : Train 0.9286, Val 0.9247, Test 0.9259
Epoch 46: Loss:            : Train 0.1787, Val 0.1866, Test 0.1853
          Accuracy         : Train 0.9280, Val 0.9255, Test 0.9241
Best:
          Accuracy         : Train 0.9280, Val 0.9255, Test 0.9241
Epoch 47: Loss:            : Train 0.1763, Val 0.1889, Test 0.1890
          Accuracy         : Train 0.9294, Val 0.9246, Test 0.9235
Best:
          Accuracy         : Train 0.9280, Val 0.9255, Test 0.9241
Epoch 48: Loss:            : Train 0.1767, Val 0.1846, Test 0.1795
          Accuracy         : Train 0.9292, Val 0.9273, Test 0.9280
Best:
          Accuracy         : Train 0.9292, Val 0.9273, Test 0.9280
Epoch 49: Loss:            : Train 0.1765, Val 0.2017, Test 0.1913
          Accuracy         : Train 0.9294, Val 0.9178, Test 0.9216
Best:
          Accuracy         : Train 0.9292, Val 0.9273, Test 0.9280
Epoch 50: Loss:            : Train 0.1760, Val 0.1873, Test 0.1797
          Accuracy         : Train 0.9296, Val 0.9245, Test 0.9279
Best:
          Accuracy         : Train 0.9292, Val 0.9273, Test 0.9280
Training time (sec): 2280
