Loading parties from cache
Loading data from cache
Done
Calculating noise scale
Adding noise of scale 0.0 to sim_scores
Adding noise of scale 0.0 to sim_scores
Adding noise of scale 0.0 to sim_scores
Filter dataset to top 40
Generating top 40 dataset
Generating top 40 dataset
Generating top 40 dataset
Preparing time (sec): 7
Initializing dataloader
Done
Prepare for training
Start training
================================================================================
                                    Kernel Shape Output Shape  Params  \
Layer                                                                   
0_local_models.0.fc_layers.Linear_0    [11, 100]    [64, 100]    1200   
1_local_models.0.fc_layers.Linear_1    [100, 50]     [64, 50]    5050   
2_local_models.1.fc_layers.Linear_0    [10, 100]    [64, 100]    1100   
3_local_models.1.fc_layers.Linear_1    [100, 50]     [64, 50]    5050   
4_agg_model.fc_layers.Linear_0        [100, 100]    [64, 100]   10100   
5_agg_model.fc_layers.Linear_1          [100, 1]      [64, 1]     101   

                                     Mult-Adds  
Layer                                           
0_local_models.0.fc_layers.Linear_0       1100  
1_local_models.0.fc_layers.Linear_1       5000  
2_local_models.1.fc_layers.Linear_0       1000  
3_local_models.1.fc_layers.Linear_1       5000  
4_agg_model.fc_layers.Linear_0           10000  
5_agg_model.fc_layers.Linear_1             100  
--------------------------------------------------------------------------------
                      Totals
Total params           22601
Trainable params       22601
Non-trainable params       0
Mult-Adds              22200
================================================================================
n_classes=2
task=binary_cls
model_name=boone_featuresim_noise_0.2_2022-01-31-02-23-47
sche_threshold=0.0001
sche_patience=10
sche_factor=0.1
use_scheduler=False
num_workers=4
device=cuda:2
test_batch_size=4096
train_batch_size=64
learning_rate=0.001
weight_decay=1e-05
num_epochs=50
model_save_path=ckp/boone_featuresim_noise_0.2_2022-01-31-02-23-47.pth
test_rate=0.2
val_rate=0.1
multiprocess_context=fork
metrics=['accuracy']
metrics_f=[<metric.accuracy.Accuracy object at 0x7f0fff7376a0>]
hidden_sizes=[100, 100]
model=SplitNN(
  (agg_model): MLP(
    (fc_layers): ModuleList(
      (0): Linear(in_features=100, out_features=100, bias=True)
      (1): Linear(in_features=100, out_features=1, bias=True)
    )
  )
  (local_models): ModuleList(
    (0): MLP(
      (fc_layers): ModuleList(
        (0): Linear(in_features=11, out_features=100, bias=True)
        (1): Linear(in_features=100, out_features=50, bias=True)
      )
    )
    (1): MLP(
      (fc_layers): ModuleList(
        (0): Linear(in_features=10, out_features=100, bias=True)
        (1): Linear(in_features=100, out_features=50, bias=True)
      )
    )
  )
)
writer=<torch.utils.tensorboard.writer.SummaryWriter object at 0x7f0fff7376d0>
dataset_type=syn
drop_key=True
num_common_features=30
tree_radius=2
tree_leaf_size=1000
knn_k=40
grid_min=-10.0
grid_max=10.0
grid_width=1.5
sim_scaler=StandardScaler()
filter_top_k=40
link_n_jobs=1
psig_p=7
sim_leak_p=1.0
link_threshold_t=0.1
link_epsilon=0.1
n_hash_lsh=20
edit_distance_threshold=1
n_hash_func=10
collision_rate=0.05
qgram_q=2
link_delta=0.1
feature_wise_sim=False
blocking_method=knn
center_threshold=0.5
n_clusters=100
local_hidden_sizes=[[100], [100]]
cut_dims=[50, 50]
agg_hidden_sizes=[100]
scale_analysis=None
data1_shape=(130064, 40)
data2_shape=(130064, 40)
Epoch 1: Loss:            : Train 0.4090, Val 0.3149, Test 0.3083
          Accuracy         : Train 0.8226, Val 0.8666, Test 0.8639
Best:
          Accuracy         : Train 0.8226, Val 0.8666, Test 0.8639
Epoch 2: Loss:            : Train 0.3002, Val 0.3093, Test 0.2962
          Accuracy         : Train 0.8747, Val 0.8697, Test 0.8730
Best:
          Accuracy         : Train 0.8747, Val 0.8697, Test 0.8730
Epoch 3: Loss:            : Train 0.2866, Val 0.2828, Test 0.2752
          Accuracy         : Train 0.8806, Val 0.8802, Test 0.8815
Best:
          Accuracy         : Train 0.8806, Val 0.8802, Test 0.8815
Epoch 4: Loss:            : Train 0.2805, Val 0.2899, Test 0.2787
          Accuracy         : Train 0.8845, Val 0.8790, Test 0.8810
Best:
          Accuracy         : Train 0.8806, Val 0.8802, Test 0.8815
Epoch 5: Loss:            : Train 0.2768, Val 0.2713, Test 0.2626
          Accuracy         : Train 0.8864, Val 0.8862, Test 0.8871
Best:
          Accuracy         : Train 0.8864, Val 0.8862, Test 0.8871
Epoch 6: Loss:            : Train 0.2704, Val 0.2845, Test 0.2743
          Accuracy         : Train 0.8896, Val 0.8797, Test 0.8823
Best:
          Accuracy         : Train 0.8864, Val 0.8862, Test 0.8871
Epoch 7: Loss:            : Train 0.2665, Val 0.2654, Test 0.2553
          Accuracy         : Train 0.8914, Val 0.8902, Test 0.8918
Best:
          Accuracy         : Train 0.8914, Val 0.8902, Test 0.8918
Epoch 8: Loss:            : Train 0.2623, Val 0.2657, Test 0.2566
          Accuracy         : Train 0.8933, Val 0.8916, Test 0.8912
Best:
          Accuracy         : Train 0.8933, Val 0.8916, Test 0.8912
Epoch 9: Loss:            : Train 0.2594, Val 0.2862, Test 0.2733
          Accuracy         : Train 0.8947, Val 0.8821, Test 0.8843
Best:
          Accuracy         : Train 0.8933, Val 0.8916, Test 0.8912
Epoch 10: Loss:            : Train 0.2567, Val 0.2889, Test 0.2767
          Accuracy         : Train 0.8960, Val 0.8791, Test 0.8818
Best:
          Accuracy         : Train 0.8933, Val 0.8916, Test 0.8912
Epoch 11: Loss:            : Train 0.2546, Val 0.2558, Test 0.2461
          Accuracy         : Train 0.8965, Val 0.8944, Test 0.8955
Best:
          Accuracy         : Train 0.8965, Val 0.8944, Test 0.8955
Epoch 12: Loss:            : Train 0.2522, Val 0.2658, Test 0.2541
          Accuracy         : Train 0.8976, Val 0.8892, Test 0.8909
Best:
          Accuracy         : Train 0.8965, Val 0.8944, Test 0.8955
Epoch 13: Loss:            : Train 0.2521, Val 0.2574, Test 0.2464
          Accuracy         : Train 0.8976, Val 0.8947, Test 0.8960
Best:
          Accuracy         : Train 0.8976, Val 0.8947, Test 0.8960
Epoch 14: Loss:            : Train 0.2508, Val 0.2619, Test 0.2521
          Accuracy         : Train 0.8981, Val 0.8920, Test 0.8931
Best:
          Accuracy         : Train 0.8976, Val 0.8947, Test 0.8960
Epoch 15: Loss:            : Train 0.2485, Val 0.2738, Test 0.2598
          Accuracy         : Train 0.8993, Val 0.8888, Test 0.8914
Best:
          Accuracy         : Train 0.8976, Val 0.8947, Test 0.8960
Epoch 16: Loss:            : Train 0.2486, Val 0.2628, Test 0.2553
          Accuracy         : Train 0.8992, Val 0.8929, Test 0.8943
Best:
          Accuracy         : Train 0.8976, Val 0.8947, Test 0.8960
Epoch 17: Loss:            : Train 0.2471, Val 0.2786, Test 0.2636
          Accuracy         : Train 0.9000, Val 0.8890, Test 0.8910
Best:
          Accuracy         : Train 0.8976, Val 0.8947, Test 0.8960
Epoch 18: Loss:            : Train 0.2473, Val 0.2600, Test 0.2480
          Accuracy         : Train 0.9001, Val 0.8937, Test 0.8956
Best:
          Accuracy         : Train 0.8976, Val 0.8947, Test 0.8960
Epoch 19: Loss:            : Train 0.2461, Val 0.2526, Test 0.2439
          Accuracy         : Train 0.9005, Val 0.8940, Test 0.8965
Best:
          Accuracy         : Train 0.8976, Val 0.8947, Test 0.8960
Epoch 20: Loss:            : Train 0.2454, Val 0.2529, Test 0.2401
          Accuracy         : Train 0.9003, Val 0.8970, Test 0.8989
Best:
          Accuracy         : Train 0.9003, Val 0.8970, Test 0.8989
Epoch 21: Loss:            : Train 0.2448, Val 0.2545, Test 0.2438
          Accuracy         : Train 0.9007, Val 0.8955, Test 0.8976
Best:
          Accuracy         : Train 0.9003, Val 0.8970, Test 0.8989
Epoch 22: Loss:            : Train 0.2443, Val 0.2456, Test 0.2355
          Accuracy         : Train 0.9014, Val 0.8987, Test 0.9010
Best:
          Accuracy         : Train 0.9014, Val 0.8987, Test 0.9010
Epoch 23: Loss:            : Train 0.2430, Val 0.2505, Test 0.2390
          Accuracy         : Train 0.9014, Val 0.8981, Test 0.8992
Best:
          Accuracy         : Train 0.9014, Val 0.8987, Test 0.9010
Epoch 24: Loss:            : Train 0.2435, Val 0.2488, Test 0.2376
          Accuracy         : Train 0.9020, Val 0.8976, Test 0.8997
Best:
          Accuracy         : Train 0.9014, Val 0.8987, Test 0.9010
Epoch 25: Loss:            : Train 0.2418, Val 0.2547, Test 0.2431
          Accuracy         : Train 0.9022, Val 0.8973, Test 0.8981
Best:
          Accuracy         : Train 0.9014, Val 0.8987, Test 0.9010
Epoch 26: Loss:            : Train 0.2413, Val 0.2506, Test 0.2409
          Accuracy         : Train 0.9026, Val 0.8978, Test 0.8996
Best:
          Accuracy         : Train 0.9014, Val 0.8987, Test 0.9010
Epoch 27: Loss:            : Train 0.2406, Val 0.2483, Test 0.2374
          Accuracy         : Train 0.9027, Val 0.8981, Test 0.9008
Best:
          Accuracy         : Train 0.9014, Val 0.8987, Test 0.9010
Epoch 28: Loss:            : Train 0.2401, Val 0.2469, Test 0.2361
          Accuracy         : Train 0.9030, Val 0.8983, Test 0.9007
Best:
          Accuracy         : Train 0.9014, Val 0.8987, Test 0.9010
Epoch 29: Loss:            : Train 0.2392, Val 0.2467, Test 0.2374
          Accuracy         : Train 0.9033, Val 0.8976, Test 0.8992
Best:
          Accuracy         : Train 0.9014, Val 0.8987, Test 0.9010
Epoch 30: Loss:            : Train 0.2384, Val 0.2440, Test 0.2334
          Accuracy         : Train 0.9036, Val 0.8998, Test 0.9018
Best:
          Accuracy         : Train 0.9036, Val 0.8998, Test 0.9018
Epoch 31: Loss:            : Train 0.2370, Val 0.2495, Test 0.2367
          Accuracy         : Train 0.9047, Val 0.8965, Test 0.9003
Best:
          Accuracy         : Train 0.9036, Val 0.8998, Test 0.9018
Epoch 32: Loss:            : Train 0.2375, Val 0.2486, Test 0.2378
          Accuracy         : Train 0.9041, Val 0.8970, Test 0.8991
Best:
          Accuracy         : Train 0.9036, Val 0.8998, Test 0.9018
Epoch 33: Loss:            : Train 0.2371, Val 0.2543, Test 0.2443
          Accuracy         : Train 0.9042, Val 0.8928, Test 0.8957
Best:
          Accuracy         : Train 0.9036, Val 0.8998, Test 0.9018
Epoch 34: Loss:            : Train 0.2368, Val 0.2434, Test 0.2308
          Accuracy         : Train 0.9044, Val 0.9005, Test 0.9034
Best:
          Accuracy         : Train 0.9044, Val 0.9005, Test 0.9034
Epoch 35: Loss:            : Train 0.2351, Val 0.2522, Test 0.2412
          Accuracy         : Train 0.9056, Val 0.8964, Test 0.8978
Best:
          Accuracy         : Train 0.9044, Val 0.9005, Test 0.9034
Epoch 36: Loss:            : Train 0.2354, Val 0.2464, Test 0.2357
          Accuracy         : Train 0.9057, Val 0.8995, Test 0.9002
Best:
          Accuracy         : Train 0.9044, Val 0.9005, Test 0.9034
Epoch 37: Loss:            : Train 0.2337, Val 0.2527, Test 0.2378
          Accuracy         : Train 0.9058, Val 0.8967, Test 0.9000
Best:
          Accuracy         : Train 0.9044, Val 0.9005, Test 0.9034
Epoch 38: Loss:            : Train 0.2345, Val 0.2573, Test 0.2431
          Accuracy         : Train 0.9059, Val 0.8971, Test 0.8995
Best:
          Accuracy         : Train 0.9044, Val 0.9005, Test 0.9034
Epoch 39: Loss:            : Train 0.2329, Val 0.2518, Test 0.2368
          Accuracy         : Train 0.9067, Val 0.8955, Test 0.9010
Best:
          Accuracy         : Train 0.9044, Val 0.9005, Test 0.9034
Epoch 40: Loss:            : Train 0.2335, Val 0.2402, Test 0.2267
          Accuracy         : Train 0.9066, Val 0.9015, Test 0.9052
Best:
          Accuracy         : Train 0.9066, Val 0.9015, Test 0.9052
Epoch 41: Loss:            : Train 0.2324, Val 0.2491, Test 0.2336
          Accuracy         : Train 0.9067, Val 0.9003, Test 0.9040
Best:
          Accuracy         : Train 0.9066, Val 0.9015, Test 0.9052
Epoch 42: Loss:            : Train 0.2324, Val 0.2421, Test 0.2306
          Accuracy         : Train 0.9067, Val 0.9004, Test 0.9022
Best:
          Accuracy         : Train 0.9066, Val 0.9015, Test 0.9052
Epoch 43: Loss:            : Train 0.2323, Val 0.2426, Test 0.2301
          Accuracy         : Train 0.9067, Val 0.9019, Test 0.9048
Best:
          Accuracy         : Train 0.9067, Val 0.9019, Test 0.9048
Epoch 44: Loss:            : Train 0.2316, Val 0.2541, Test 0.2388
          Accuracy         : Train 0.9066, Val 0.8941, Test 0.8988
Best:
          Accuracy         : Train 0.9067, Val 0.9019, Test 0.9048
Epoch 45: Loss:            : Train 0.2319, Val 0.2388, Test 0.2255
          Accuracy         : Train 0.9073, Val 0.9022, Test 0.9061
Best:
          Accuracy         : Train 0.9073, Val 0.9022, Test 0.9061
Epoch 46: Loss:            : Train 0.2319, Val 0.2504, Test 0.2384
          Accuracy         : Train 0.9068, Val 0.8983, Test 0.9006
Best:
          Accuracy         : Train 0.9073, Val 0.9022, Test 0.9061
Epoch 47: Loss:            : Train 0.2306, Val 0.2401, Test 0.2270
          Accuracy         : Train 0.9077, Val 0.9020, Test 0.9052
Best:
          Accuracy         : Train 0.9073, Val 0.9022, Test 0.9061
Epoch 48: Loss:            : Train 0.2306, Val 0.2449, Test 0.2341
          Accuracy         : Train 0.9078, Val 0.9009, Test 0.9013
Best:
          Accuracy         : Train 0.9073, Val 0.9022, Test 0.9061
Epoch 49: Loss:            : Train 0.2298, Val 0.2514, Test 0.2366
          Accuracy         : Train 0.9080, Val 0.8958, Test 0.9005
Best:
          Accuracy         : Train 0.9073, Val 0.9022, Test 0.9061
Epoch 50: Loss:            : Train 0.2303, Val 0.2404, Test 0.2289
          Accuracy         : Train 0.9075, Val 0.9016, Test 0.9037
Best:
          Accuracy         : Train 0.9073, Val 0.9022, Test 0.9061
Training time (sec): 1940
