Loading parties from cache
Loading data from cache
Done
Calculating noise scale
Adding noise of scale 0.0 to sim_scores
Adding noise of scale 0.0 to sim_scores
Adding noise of scale 0.0 to sim_scores
Filter dataset to top 20
Generating top 20 dataset
Generating top 20 dataset
Generating top 20 dataset
Preparing time (sec): 6
Initializing dataloader
Done
Prepare for training
Start training
SplitNN summary
==========================================================================================
Layer (type:depth-idx)                   Output Shape              Param #
==========================================================================================
SplitNN                                  --                        --
├─MLP: 1                                 --                        --
│    └─ModuleList: 2-1                   --                        --
├─ModuleList: 1-1                        --                        --
│    └─MLP: 2                            --                        --
│    │    └─ModuleList: 3-1              --                        6,150
│    └─MLP: 2                            --                        --
│    │    └─ModuleList: 3-2              --                        6,150
│    └─MLP: 2-2                          [64, 50]                  --
│    └─MLP: 2-3                          [64, 50]                  --
├─MLP: 1-2                               [64, 3]                   --
│    └─ModuleList: 2-1                   --                        --
│    │    └─Linear: 3-3                  [64, 100]                 10,100
│    │    └─Linear: 3-4                  [64, 3]                   303
==========================================================================================
Total params: 22,703
Trainable params: 22,703
Non-trainable params: 0
Total mult-adds (M): 1.45
==========================================================================================
Input size (MB): 0.01
Forward/backward pass size (MB): 0.21
Params size (MB): 0.09
Estimated Total Size (MB): 0.30
==========================================================================================
Merge model summary
==========================================================================================
Layer (type:depth-idx)                   Output Shape              Param #
==========================================================================================
ConvModel                                --                        --
├─Conv2d: 1-1                            [1, 4, 26, 3]             32
├─Dropout: 1-2                           [1, 312]                  --
├─Linear: 1-3                            [1, 400]                  125,200
├─Dropout: 1-4                           [1, 400]                  --
├─Linear: 1-5                            [1, 1]                    401
==========================================================================================
Total params: 125,633
Trainable params: 125,633
Non-trainable params: 0
Total mult-adds (M): 0.13
==========================================================================================
Input size (MB): 0.00
Forward/backward pass size (MB): 0.01
Params size (MB): 0.50
Estimated Total Size (MB): 0.51
==========================================================================================
Similarity model summary
==========================================================================================
Layer (type:depth-idx)                   Output Shape              Param #
==========================================================================================
MLP                                      --                        --
├─ModuleList: 1-1                        --                        --
│    └─Linear: 2-1                       [1, 10]                   20
│    └─Linear: 2-2                       [1, 1]                    11
==========================================================================================
Total params: 31
Trainable params: 31
Non-trainable params: 0
Total mult-adds (M): 0.00
==========================================================================================
Input size (MB): 0.00
Forward/backward pass size (MB): 0.00
Params size (MB): 0.00
Estimated Total Size (MB): 0.00
==========================================================================================
n_classes=2
task=binary_cls
model_name=boone_fedsim_noise_0.2_2022-01-31-06-02-06
sche_threshold=0.0001
sche_patience=10
sche_factor=0.1
use_scheduler=False
num_workers=4
device=cuda:2
test_batch_size=4096
train_batch_size=64
learning_rate=0.001
weight_decay=1e-05
num_epochs=50
model_save_path=ckp/boone_fedsim_noise_0.2_2022-01-31-06-02-06.pth
test_rate=0.2
val_rate=0.1
multiprocess_context=fork
metrics=['accuracy']
metrics_f=[<metric.accuracy.Accuracy object at 0x7fac74d48cd0>]
hidden_sizes=[100, 100]
model=SplitNN(
  (agg_model): MLP(
    (fc_layers): ModuleList(
      (0): Linear(in_features=100, out_features=100, bias=True)
      (1): Linear(in_features=100, out_features=3, bias=True)
    )
  )
  (local_models): ModuleList(
    (0): MLP(
      (fc_layers): ModuleList(
        (0): Linear(in_features=10, out_features=100, bias=True)
        (1): Linear(in_features=100, out_features=50, bias=True)
      )
    )
    (1): MLP(
      (fc_layers): ModuleList(
        (0): Linear(in_features=10, out_features=100, bias=True)
        (1): Linear(in_features=100, out_features=50, bias=True)
      )
    )
  )
)
writer=<torch.utils.tensorboard.writer.SummaryWriter object at 0x7fac74d48d00>
dataset_type=syn
drop_key=True
num_common_features=30
tree_radius=2
tree_leaf_size=1000
knn_k=20
grid_min=-10.0
grid_max=10.0
grid_width=1.5
sim_scaler=StandardScaler()
filter_top_k=20
link_n_jobs=1
psig_p=7
sim_leak_p=1.0
link_threshold_t=0.1
link_epsilon=0.1
n_hash_lsh=20
edit_distance_threshold=1
n_hash_func=10
collision_rate=0.05
qgram_q=2
link_delta=0.1
feature_wise_sim=False
blocking_method=knn
center_threshold=0.5
n_clusters=100
local_hidden_sizes=[[100], [100]]
cut_dims=[50, 50]
agg_hidden_sizes=[100]
scale_analysis=None
mlp_merge=None
use_sim=True
use_conv=True
conv_kernel_v_size=7
conv_n_channels=4
merge_dropout_p=0.7
raw_output_dim=3
log_dir=log/boone_fedsim_noise_0.2_2022-01-31-06-02-06/
update_sim_freq=1
sim_model_save_path=ckp/boone_fedsim_noise_0.2_2022-01-31-06-02-06_sim.pth
merge_model_save_path=ckp/boone_fedsim_noise_0.2_2022-01-31-06-02-06_merge.pth
sim_batch_size=128
sim_weight_decay=1e-05
sim_learning_rate=0.001
merge_model=ConvModel(
  (conv1): Conv2d(1, 4, kernel_size=(7, 1), stride=(1, 1), padding=(6, 0))
  (fc1): Linear(in_features=312, out_features=400, bias=True)
  (fc2): Linear(in_features=400, out_features=1, bias=True)
  (dropout1): Dropout(p=0.7, inplace=False)
  (dropout2): Dropout(p=0.7, inplace=False)
)
sim_model=MLP(
  (fc_layers): ModuleList(
    (0): Linear(in_features=1, out_features=10, bias=True)
    (1): Linear(in_features=10, out_features=1, bias=True)
  )
)
sim_hidden_sizes=[10]
merge_hidden_sizes=[400]
data1_shape=(130064, 40)
data2_shape=(130064, 40)
Epoch 1: Loss:            : Train 0.4216, Val 0.3409, Test 0.3184
          Accuracy         : Train 0.8076, Val 0.8479, Test 0.8611
Best:
          Accuracy         : Train 0.8076, Val 0.8479, Test 0.8611
Epoch 2: Loss:            : Train 0.2751, Val 0.2704, Test 0.2573
          Accuracy         : Train 0.8893, Val 0.8864, Test 0.8922
Best:
          Accuracy         : Train 0.8893, Val 0.8864, Test 0.8922
Epoch 3: Loss:            : Train 0.2541, Val 0.2517, Test 0.2432
          Accuracy         : Train 0.8971, Val 0.8964, Test 0.8986
Best:
          Accuracy         : Train 0.8971, Val 0.8964, Test 0.8986
Epoch 4: Loss:            : Train 0.2444, Val 0.2393, Test 0.2312
          Accuracy         : Train 0.9017, Val 0.9018, Test 0.9030
Best:
          Accuracy         : Train 0.9017, Val 0.9018, Test 0.9030
Epoch 5: Loss:            : Train 0.2342, Val 0.2300, Test 0.2276
          Accuracy         : Train 0.9058, Val 0.9064, Test 0.9069
Best:
          Accuracy         : Train 0.9058, Val 0.9064, Test 0.9069
Epoch 6: Loss:            : Train 0.2257, Val 0.2163, Test 0.2107
          Accuracy         : Train 0.9091, Val 0.9123, Test 0.9137
Best:
          Accuracy         : Train 0.9091, Val 0.9123, Test 0.9137
Epoch 7: Loss:            : Train 0.2174, Val 0.2168, Test 0.2143
          Accuracy         : Train 0.9130, Val 0.9109, Test 0.9105
Best:
          Accuracy         : Train 0.9091, Val 0.9123, Test 0.9137
Epoch 8: Loss:            : Train 0.2186, Val 0.2157, Test 0.2105
          Accuracy         : Train 0.9114, Val 0.9123, Test 0.9128
Best:
          Accuracy         : Train 0.9091, Val 0.9123, Test 0.9137
Epoch 9: Loss:            : Train 0.2130, Val 0.2086, Test 0.2023
          Accuracy         : Train 0.9150, Val 0.9160, Test 0.9162
Best:
          Accuracy         : Train 0.9150, Val 0.9160, Test 0.9162
Epoch 10: Loss:            : Train 0.2109, Val 0.2207, Test 0.2089
          Accuracy         : Train 0.9147, Val 0.9094, Test 0.9147
Best:
          Accuracy         : Train 0.9150, Val 0.9160, Test 0.9162
Epoch 11: Loss:            : Train 0.2078, Val 0.2162, Test 0.2054
          Accuracy         : Train 0.9175, Val 0.9137, Test 0.9158
Best:
          Accuracy         : Train 0.9150, Val 0.9160, Test 0.9162
Epoch 12: Loss:            : Train 0.2060, Val 0.2212, Test 0.2102
          Accuracy         : Train 0.9178, Val 0.9101, Test 0.9134
Best:
          Accuracy         : Train 0.9150, Val 0.9160, Test 0.9162
Epoch 13: Loss:            : Train 0.2068, Val 0.2031, Test 0.1999
          Accuracy         : Train 0.9165, Val 0.9163, Test 0.9162
Best:
          Accuracy         : Train 0.9165, Val 0.9163, Test 0.9162
Epoch 14: Loss:            : Train 0.2095, Val 0.2542, Test 0.2396
          Accuracy         : Train 0.9165, Val 0.8904, Test 0.8964
Best:
          Accuracy         : Train 0.9165, Val 0.9163, Test 0.9162
Epoch 15: Loss:            : Train 0.2059, Val 0.2020, Test 0.1955
          Accuracy         : Train 0.9171, Val 0.9164, Test 0.9195
Best:
          Accuracy         : Train 0.9171, Val 0.9164, Test 0.9195
Epoch 16: Loss:            : Train 0.2021, Val 0.1967, Test 0.1908
          Accuracy         : Train 0.9186, Val 0.9217, Test 0.9215
Best:
          Accuracy         : Train 0.9186, Val 0.9217, Test 0.9215
Epoch 17: Loss:            : Train 0.2021, Val 0.2013, Test 0.1936
          Accuracy         : Train 0.9189, Val 0.9164, Test 0.9206
Best:
          Accuracy         : Train 0.9186, Val 0.9217, Test 0.9215
Epoch 18: Loss:            : Train 0.1997, Val 0.2000, Test 0.1950
          Accuracy         : Train 0.9194, Val 0.9174, Test 0.9203
Best:
          Accuracy         : Train 0.9186, Val 0.9217, Test 0.9215
Epoch 19: Loss:            : Train 0.1985, Val 0.1991, Test 0.1923
          Accuracy         : Train 0.9205, Val 0.9186, Test 0.9202
Best:
          Accuracy         : Train 0.9186, Val 0.9217, Test 0.9215
Epoch 20: Loss:            : Train 0.1977, Val 0.2050, Test 0.1968
          Accuracy         : Train 0.9203, Val 0.9170, Test 0.9184
Best:
          Accuracy         : Train 0.9186, Val 0.9217, Test 0.9215
Epoch 21: Loss:            : Train 0.1967, Val 0.1988, Test 0.1935
          Accuracy         : Train 0.9209, Val 0.9194, Test 0.9209
Best:
          Accuracy         : Train 0.9186, Val 0.9217, Test 0.9215
Epoch 22: Loss:            : Train 0.1943, Val 0.1993, Test 0.1922
          Accuracy         : Train 0.9226, Val 0.9204, Test 0.9219
Best:
          Accuracy         : Train 0.9186, Val 0.9217, Test 0.9215
Epoch 23: Loss:            : Train 0.1947, Val 0.1928, Test 0.1888
          Accuracy         : Train 0.9222, Val 0.9220, Test 0.9220
Best:
          Accuracy         : Train 0.9222, Val 0.9220, Test 0.9220
Epoch 24: Loss:            : Train 0.1923, Val 0.2024, Test 0.1943
          Accuracy         : Train 0.9227, Val 0.9181, Test 0.9191
Best:
          Accuracy         : Train 0.9222, Val 0.9220, Test 0.9220
Epoch 25: Loss:            : Train 0.1914, Val 0.1959, Test 0.1886
          Accuracy         : Train 0.9233, Val 0.9214, Test 0.9231
Best:
          Accuracy         : Train 0.9222, Val 0.9220, Test 0.9220
Epoch 26: Loss:            : Train 0.1923, Val 0.2097, Test 0.1974
          Accuracy         : Train 0.9233, Val 0.9139, Test 0.9180
Best:
          Accuracy         : Train 0.9222, Val 0.9220, Test 0.9220
Epoch 27: Loss:            : Train 0.1938, Val 0.1960, Test 0.1865
          Accuracy         : Train 0.9235, Val 0.9215, Test 0.9234
Best:
          Accuracy         : Train 0.9222, Val 0.9220, Test 0.9220
Epoch 28: Loss:            : Train 0.1923, Val 0.2193, Test 0.2053
          Accuracy         : Train 0.9240, Val 0.9111, Test 0.9149
Best:
          Accuracy         : Train 0.9222, Val 0.9220, Test 0.9220
Epoch 29: Loss:            : Train 0.1917, Val 0.2019, Test 0.1915
          Accuracy         : Train 0.9246, Val 0.9194, Test 0.9215
Best:
          Accuracy         : Train 0.9222, Val 0.9220, Test 0.9220
Epoch 30: Loss:            : Train 0.1902, Val 0.2104, Test 0.2014
          Accuracy         : Train 0.9246, Val 0.9150, Test 0.9163
Best:
          Accuracy         : Train 0.9222, Val 0.9220, Test 0.9220
Epoch 31: Loss:            : Train 0.1901, Val 0.2083, Test 0.1993
          Accuracy         : Train 0.9241, Val 0.9183, Test 0.9191
Best:
          Accuracy         : Train 0.9222, Val 0.9220, Test 0.9220
Epoch 32: Loss:            : Train 0.1883, Val 0.1997, Test 0.1927
          Accuracy         : Train 0.9250, Val 0.9195, Test 0.9203
Best:
          Accuracy         : Train 0.9222, Val 0.9220, Test 0.9220
Epoch 33: Loss:            : Train 0.1884, Val 0.1936, Test 0.1844
          Accuracy         : Train 0.9251, Val 0.9243, Test 0.9249
Best:
          Accuracy         : Train 0.9251, Val 0.9243, Test 0.9249
Epoch 34: Loss:            : Train 0.1894, Val 0.1886, Test 0.1808
          Accuracy         : Train 0.9253, Val 0.9248, Test 0.9258
Best:
          Accuracy         : Train 0.9253, Val 0.9248, Test 0.9258
Epoch 35: Loss:            : Train 0.1865, Val 0.1936, Test 0.1862
          Accuracy         : Train 0.9262, Val 0.9231, Test 0.9247
Best:
          Accuracy         : Train 0.9253, Val 0.9248, Test 0.9258
Epoch 36: Loss:            : Train 0.1869, Val 0.1918, Test 0.1819
          Accuracy         : Train 0.9257, Val 0.9240, Test 0.9267
Best:
          Accuracy         : Train 0.9253, Val 0.9248, Test 0.9258
Epoch 37: Loss:            : Train 0.1865, Val 0.2196, Test 0.2071
          Accuracy         : Train 0.9266, Val 0.9081, Test 0.9132
Best:
          Accuracy         : Train 0.9253, Val 0.9248, Test 0.9258
Epoch 38: Loss:            : Train 0.1856, Val 0.1943, Test 0.1886
          Accuracy         : Train 0.9261, Val 0.9227, Test 0.9256
Best:
          Accuracy         : Train 0.9253, Val 0.9248, Test 0.9258
Epoch 39: Loss:            : Train 0.1866, Val 0.1880, Test 0.1825
          Accuracy         : Train 0.9259, Val 0.9251, Test 0.9252
Best:
          Accuracy         : Train 0.9259, Val 0.9251, Test 0.9252
Epoch 40: Loss:            : Train 0.1852, Val 0.2045, Test 0.1942
          Accuracy         : Train 0.9268, Val 0.9176, Test 0.9211
Best:
          Accuracy         : Train 0.9259, Val 0.9251, Test 0.9252
Epoch 41: Loss:            : Train 0.1834, Val 0.1916, Test 0.1832
          Accuracy         : Train 0.9271, Val 0.9239, Test 0.9259
Best:
          Accuracy         : Train 0.9259, Val 0.9251, Test 0.9252
Epoch 42: Loss:            : Train 0.1839, Val 0.1875, Test 0.1791
          Accuracy         : Train 0.9274, Val 0.9255, Test 0.9262
Best:
          Accuracy         : Train 0.9274, Val 0.9255, Test 0.9262
Epoch 43: Loss:            : Train 0.1837, Val 0.1921, Test 0.1831
          Accuracy         : Train 0.9277, Val 0.9233, Test 0.9258
Best:
          Accuracy         : Train 0.9274, Val 0.9255, Test 0.9262
Epoch 44: Loss:            : Train 0.1828, Val 0.1891, Test 0.1811
          Accuracy         : Train 0.9272, Val 0.9237, Test 0.9253
Best:
          Accuracy         : Train 0.9274, Val 0.9255, Test 0.9262
Epoch 45: Loss:            : Train 0.1826, Val 0.2014, Test 0.1896
          Accuracy         : Train 0.9270, Val 0.9190, Test 0.9210
Best:
          Accuracy         : Train 0.9274, Val 0.9255, Test 0.9262
Epoch 46: Loss:            : Train 0.1824, Val 0.1975, Test 0.1878
          Accuracy         : Train 0.9266, Val 0.9211, Test 0.9242
Best:
          Accuracy         : Train 0.9274, Val 0.9255, Test 0.9262
Epoch 47: Loss:            : Train 0.1802, Val 0.2032, Test 0.1902
          Accuracy         : Train 0.9285, Val 0.9180, Test 0.9216
Best:
          Accuracy         : Train 0.9274, Val 0.9255, Test 0.9262
Epoch 48: Loss:            : Train 0.1817, Val 0.2025, Test 0.1902
          Accuracy         : Train 0.9278, Val 0.9161, Test 0.9207
Best:
          Accuracy         : Train 0.9274, Val 0.9255, Test 0.9262
Epoch 49: Loss:            : Train 0.1808, Val 0.1847, Test 0.1775
          Accuracy         : Train 0.9277, Val 0.9278, Test 0.9276
Best:
          Accuracy         : Train 0.9277, Val 0.9278, Test 0.9276
Epoch 50: Loss:            : Train 0.1806, Val 0.1880, Test 0.1781
          Accuracy         : Train 0.9275, Val 0.9247, Test 0.9272
Best:
          Accuracy         : Train 0.9277, Val 0.9278, Test 0.9276
Training time (sec): 2321
