Loading parties from cache
Loading data from cache
Done
Calculating noise scale
Adding noise of scale 0.0 to sim_scores
Adding noise of scale 0.0 to sim_scores
Adding noise of scale 0.0 to sim_scores
Filter dataset to top 20
Generating top 20 dataset
Generating top 20 dataset
Generating top 20 dataset
Generating top1 dataset
Generating top1 dataset
Generating top1 dataset
Preparing time (sec): 8
Loading data
Prepare for training
Start training
================================================================================
                                    Kernel Shape Output Shape  Params  \
Layer                                                                   
0_local_models.0.fc_layers.Linear_0    [10, 100]  [4096, 100]    1100   
1_local_models.0.fc_layers.Linear_1    [100, 50]   [4096, 50]    5050   
2_local_models.1.fc_layers.Linear_0    [10, 100]  [4096, 100]    1100   
3_local_models.1.fc_layers.Linear_1    [100, 50]   [4096, 50]    5050   
4_agg_model.fc_layers.Linear_0        [100, 100]  [4096, 100]   10100   
5_agg_model.fc_layers.Linear_1          [100, 1]    [4096, 1]     101   

                                     Mult-Adds  
Layer                                           
0_local_models.0.fc_layers.Linear_0       1000  
1_local_models.0.fc_layers.Linear_1       5000  
2_local_models.1.fc_layers.Linear_0       1000  
3_local_models.1.fc_layers.Linear_1       5000  
4_agg_model.fc_layers.Linear_0           10000  
5_agg_model.fc_layers.Linear_1             100  
--------------------------------------------------------------------------------
                      Totals
Total params           22501
Trainable params       22501
Non-trainable params       0
Mult-Adds              22100
================================================================================
n_classes=2
task=binary_cls
model_name=boone_top1sim_noise_0.2_2022-01-31-06-02-06
sche_threshold=0.0001
sche_patience=10
sche_factor=0.1
use_scheduler=False
num_workers=4
device=cuda:2
test_batch_size=4096
train_batch_size=4096
learning_rate=0.005
weight_decay=1e-05
num_epochs=200
model_save_path=ckp/boone_top1sim_noise_0.2_2022-01-31-06-02-06.pth
test_rate=0.2
val_rate=0.1
multiprocess_context=fork
metrics=['accuracy']
metrics_f=[<metric.accuracy.Accuracy object at 0x7f0bc08a8c70>]
hidden_sizes=[200, 100]
model=SplitNN(
  (agg_model): MLP(
    (fc_layers): ModuleList(
      (0): Linear(in_features=100, out_features=100, bias=True)
      (1): Linear(in_features=100, out_features=1, bias=True)
    )
  )
  (local_models): ModuleList(
    (0): MLP(
      (fc_layers): ModuleList(
        (0): Linear(in_features=10, out_features=100, bias=True)
        (1): Linear(in_features=100, out_features=50, bias=True)
      )
    )
    (1): MLP(
      (fc_layers): ModuleList(
        (0): Linear(in_features=10, out_features=100, bias=True)
        (1): Linear(in_features=100, out_features=50, bias=True)
      )
    )
  )
)
writer=<torch.utils.tensorboard.writer.SummaryWriter object at 0x7f0bc08a8ca0>
dataset_type=syn
drop_key=True
num_common_features=30
tree_radius=2
tree_leaf_size=1000
knn_k=20
grid_min=-10.0
grid_max=10.0
grid_width=1.5
sim_scaler=StandardScaler()
filter_top_k=20
link_n_jobs=1
psig_p=7
sim_leak_p=1.0
link_threshold_t=0.1
link_epsilon=0.1
n_hash_lsh=20
edit_distance_threshold=1
n_hash_func=10
collision_rate=0.05
qgram_q=2
link_delta=0.1
feature_wise_sim=False
blocking_method=knn
center_threshold=0.5
n_clusters=100
local_hidden_sizes=[[100], [100]]
cut_dims=[50, 50]
agg_hidden_sizes=[100]
scale_analysis=None
data1_shape=(130064, 40)
data2_shape=(130064, 40)
Epoch 1: Loss:            : Train 0.0000, Val 0.4944, Test 0.4863
          Accuracy         : Train 0.7115, Val 0.7872, Test 0.7855
Best:
          Accuracy         : Train 0.7115, Val 0.7872, Test 0.7855
Epoch 2: Loss:            : Train 0.0000, Val 0.3854, Test 0.3805
          Accuracy         : Train 0.7979, Val 0.8264, Test 0.8264
Best:
          Accuracy         : Train 0.7979, Val 0.8264, Test 0.8264
Epoch 3: Loss:            : Train 0.0000, Val 0.3456, Test 0.3421
          Accuracy         : Train 0.8360, Val 0.8443, Test 0.8485
Best:
          Accuracy         : Train 0.8360, Val 0.8443, Test 0.8485
Epoch 4: Loss:            : Train 0.0000, Val 0.3283, Test 0.3234
          Accuracy         : Train 0.8486, Val 0.8544, Test 0.8574
Best:
          Accuracy         : Train 0.8486, Val 0.8544, Test 0.8574
Epoch 5: Loss:            : Train 0.0000, Val 0.3269, Test 0.3240
          Accuracy         : Train 0.8589, Val 0.8555, Test 0.8603
Best:
          Accuracy         : Train 0.8589, Val 0.8555, Test 0.8603
Epoch 6: Loss:            : Train 0.0000, Val 0.2951, Test 0.2923
          Accuracy         : Train 0.8669, Val 0.8718, Test 0.8764
Best:
          Accuracy         : Train 0.8669, Val 0.8718, Test 0.8764
Epoch 7: Loss:            : Train 0.0000, Val 0.2970, Test 0.2943
          Accuracy         : Train 0.8681, Val 0.8715, Test 0.8723
Best:
          Accuracy         : Train 0.8669, Val 0.8718, Test 0.8764
Epoch 8: Loss:            : Train 0.0000, Val 0.3036, Test 0.3017
          Accuracy         : Train 0.8721, Val 0.8707, Test 0.8742
Best:
          Accuracy         : Train 0.8669, Val 0.8718, Test 0.8764
Epoch 9: Loss:            : Train 0.0000, Val 0.3288, Test 0.3253
          Accuracy         : Train 0.8818, Val 0.8624, Test 0.8635
Best:
          Accuracy         : Train 0.8669, Val 0.8718, Test 0.8764
Epoch 10: Loss:            : Train 0.0000, Val 0.2797, Test 0.2758
          Accuracy         : Train 0.8736, Val 0.8816, Test 0.8810
Best:
          Accuracy         : Train 0.8736, Val 0.8816, Test 0.8810
Epoch 11: Loss:            : Train 0.0000, Val 0.2519, Test 0.2482
          Accuracy         : Train 0.8911, Val 0.8951, Test 0.8969
Best:
          Accuracy         : Train 0.8911, Val 0.8951, Test 0.8969
Epoch 12: Loss:            : Train 0.0000, Val 0.2557, Test 0.2492
          Accuracy         : Train 0.8907, Val 0.8938, Test 0.8951
Best:
          Accuracy         : Train 0.8911, Val 0.8951, Test 0.8969
Epoch 13: Loss:            : Train 0.0000, Val 0.2562, Test 0.2510
          Accuracy         : Train 0.8967, Val 0.8929, Test 0.8945
Best:
          Accuracy         : Train 0.8911, Val 0.8951, Test 0.8969
Epoch 14: Loss:            : Train 0.0000, Val 0.2469, Test 0.2410
          Accuracy         : Train 0.8943, Val 0.8992, Test 0.8997
Best:
          Accuracy         : Train 0.8943, Val 0.8992, Test 0.8997
Epoch 15: Loss:            : Train 0.0000, Val 0.2421, Test 0.2382
          Accuracy         : Train 0.9025, Val 0.9012, Test 0.9027
Best:
          Accuracy         : Train 0.9025, Val 0.9012, Test 0.9027
Epoch 16: Loss:            : Train 0.0000, Val 0.2441, Test 0.2394
          Accuracy         : Train 0.9019, Val 0.9011, Test 0.9009
Best:
          Accuracy         : Train 0.9025, Val 0.9012, Test 0.9027
Epoch 17: Loss:            : Train 0.0000, Val 0.2660, Test 0.2608
          Accuracy         : Train 0.8954, Val 0.8901, Test 0.8914
Best:
          Accuracy         : Train 0.9025, Val 0.9012, Test 0.9027
Epoch 18: Loss:            : Train 0.0000, Val 0.2479, Test 0.2427
          Accuracy         : Train 0.8985, Val 0.8968, Test 0.8986
Best:
          Accuracy         : Train 0.9025, Val 0.9012, Test 0.9027
Epoch 19: Loss:            : Train 0.0000, Val 0.2550, Test 0.2480
          Accuracy         : Train 0.9009, Val 0.8951, Test 0.8951
Best:
          Accuracy         : Train 0.9025, Val 0.9012, Test 0.9027
Epoch 20: Loss:            : Train 0.0000, Val 0.3466, Test 0.3394
          Accuracy         : Train 0.8881, Val 0.8555, Test 0.8518
Best:
          Accuracy         : Train 0.9025, Val 0.9012, Test 0.9027
Epoch 21: Loss:            : Train 0.0000, Val 0.2652, Test 0.2584
          Accuracy         : Train 0.8897, Val 0.8939, Test 0.8931
Best:
          Accuracy         : Train 0.9025, Val 0.9012, Test 0.9027
Epoch 22: Loss:            : Train 0.0000, Val 0.2432, Test 0.2366
          Accuracy         : Train 0.9017, Val 0.8995, Test 0.9015
Best:
          Accuracy         : Train 0.9025, Val 0.9012, Test 0.9027
Epoch 23: Loss:            : Train 0.0000, Val 0.2350, Test 0.2319
          Accuracy         : Train 0.9047, Val 0.9060, Test 0.9052
Best:
          Accuracy         : Train 0.9047, Val 0.9060, Test 0.9052
Epoch 24: Loss:            : Train 0.0000, Val 0.2427, Test 0.2365
          Accuracy         : Train 0.9064, Val 0.9011, Test 0.9027
Best:
          Accuracy         : Train 0.9047, Val 0.9060, Test 0.9052
Epoch 25: Loss:            : Train 0.0000, Val 0.2286, Test 0.2234
          Accuracy         : Train 0.9040, Val 0.9064, Test 0.9072
Best:
          Accuracy         : Train 0.9040, Val 0.9064, Test 0.9072
Epoch 26: Loss:            : Train 0.0000, Val 0.2526, Test 0.2442
          Accuracy         : Train 0.9084, Val 0.8955, Test 0.8976
Best:
          Accuracy         : Train 0.9040, Val 0.9064, Test 0.9072
Epoch 27: Loss:            : Train 0.0000, Val 0.2327, Test 0.2273
          Accuracy         : Train 0.9061, Val 0.9058, Test 0.9045
Best:
          Accuracy         : Train 0.9040, Val 0.9064, Test 0.9072
Epoch 28: Loss:            : Train 0.0000, Val 0.2369, Test 0.2320
          Accuracy         : Train 0.9029, Val 0.9026, Test 0.9024
Best:
          Accuracy         : Train 0.9040, Val 0.9064, Test 0.9072
Epoch 29: Loss:            : Train 0.0000, Val 0.2293, Test 0.2223
          Accuracy         : Train 0.9082, Val 0.9071, Test 0.9070
Best:
          Accuracy         : Train 0.9082, Val 0.9071, Test 0.9070
Epoch 30: Loss:            : Train 0.0000, Val 0.2285, Test 0.2236
          Accuracy         : Train 0.9105, Val 0.9073, Test 0.9063
Best:
          Accuracy         : Train 0.9105, Val 0.9073, Test 0.9063
Epoch 31: Loss:            : Train 0.0000, Val 0.2403, Test 0.2339
          Accuracy         : Train 0.9082, Val 0.9026, Test 0.9023
Best:
          Accuracy         : Train 0.9105, Val 0.9073, Test 0.9063
Epoch 32: Loss:            : Train 0.0000, Val 0.2275, Test 0.2230
          Accuracy         : Train 0.9081, Val 0.9074, Test 0.9067
Best:
          Accuracy         : Train 0.9081, Val 0.9074, Test 0.9067
Epoch 33: Loss:            : Train 0.0000, Val 0.2565, Test 0.2509
          Accuracy         : Train 0.9087, Val 0.8944, Test 0.8944
Best:
          Accuracy         : Train 0.9081, Val 0.9074, Test 0.9067
Epoch 34: Loss:            : Train 0.0000, Val 0.2186, Test 0.2148
          Accuracy         : Train 0.9094, Val 0.9124, Test 0.9110
Best:
          Accuracy         : Train 0.9094, Val 0.9124, Test 0.9110
Epoch 35: Loss:            : Train 0.0000, Val 0.2329, Test 0.2275
          Accuracy         : Train 0.9143, Val 0.9044, Test 0.9046
Best:
          Accuracy         : Train 0.9094, Val 0.9124, Test 0.9110
Epoch 36: Loss:            : Train 0.0000, Val 0.2137, Test 0.2082
          Accuracy         : Train 0.9121, Val 0.9127, Test 0.9135
Best:
          Accuracy         : Train 0.9121, Val 0.9127, Test 0.9135
Epoch 37: Loss:            : Train 0.0000, Val 0.2181, Test 0.2139
          Accuracy         : Train 0.9119, Val 0.9098, Test 0.9114
Best:
          Accuracy         : Train 0.9121, Val 0.9127, Test 0.9135
Epoch 38: Loss:            : Train 0.0000, Val 0.2215, Test 0.2166
          Accuracy         : Train 0.9127, Val 0.9110, Test 0.9107
Best:
          Accuracy         : Train 0.9121, Val 0.9127, Test 0.9135
Epoch 39: Loss:            : Train 0.0000, Val 0.2117, Test 0.2063
          Accuracy         : Train 0.9109, Val 0.9154, Test 0.9157
Best:
          Accuracy         : Train 0.9109, Val 0.9154, Test 0.9157
Epoch 40: Loss:            : Train 0.0000, Val 0.2135, Test 0.2066
          Accuracy         : Train 0.9149, Val 0.9145, Test 0.9151
Best:
          Accuracy         : Train 0.9109, Val 0.9154, Test 0.9157
Epoch 41: Loss:            : Train 0.0000, Val 0.2244, Test 0.2214
          Accuracy         : Train 0.9140, Val 0.9082, Test 0.9081
Best:
          Accuracy         : Train 0.9109, Val 0.9154, Test 0.9157
Epoch 42: Loss:            : Train 0.0000, Val 0.2171, Test 0.2115
          Accuracy         : Train 0.9156, Val 0.9119, Test 0.9141
Best:
          Accuracy         : Train 0.9109, Val 0.9154, Test 0.9157
Epoch 43: Loss:            : Train 0.0000, Val 0.2077, Test 0.2015
          Accuracy         : Train 0.9173, Val 0.9162, Test 0.9166
Best:
          Accuracy         : Train 0.9173, Val 0.9162, Test 0.9166
Epoch 44: Loss:            : Train 0.0000, Val 0.2205, Test 0.2161
          Accuracy         : Train 0.9168, Val 0.9120, Test 0.9101
Best:
          Accuracy         : Train 0.9173, Val 0.9162, Test 0.9166
Epoch 45: Loss:            : Train 0.0000, Val 0.2418, Test 0.2352
          Accuracy         : Train 0.9179, Val 0.8987, Test 0.9023
Best:
          Accuracy         : Train 0.9173, Val 0.9162, Test 0.9166
Epoch 46: Loss:            : Train 0.0000, Val 0.2162, Test 0.2113
          Accuracy         : Train 0.9112, Val 0.9134, Test 0.9137
Best:
          Accuracy         : Train 0.9173, Val 0.9162, Test 0.9166
Epoch 47: Loss:            : Train 0.0000, Val 0.2198, Test 0.2120
          Accuracy         : Train 0.9168, Val 0.9127, Test 0.9141
Best:
          Accuracy         : Train 0.9173, Val 0.9162, Test 0.9166
Epoch 48: Loss:            : Train 0.0000, Val 0.2112, Test 0.2043
          Accuracy         : Train 0.9175, Val 0.9149, Test 0.9160
Best:
          Accuracy         : Train 0.9173, Val 0.9162, Test 0.9166
Epoch 49: Loss:            : Train 0.0000, Val 0.2066, Test 0.2005
          Accuracy         : Train 0.9168, Val 0.9170, Test 0.9178
Best:
          Accuracy         : Train 0.9168, Val 0.9170, Test 0.9178
Epoch 50: Loss:            : Train 0.0000, Val 0.2090, Test 0.2038
          Accuracy         : Train 0.9183, Val 0.9169, Test 0.9158
Best:
          Accuracy         : Train 0.9168, Val 0.9170, Test 0.9178
Epoch 51: Loss:            : Train 0.0000, Val 0.2040, Test 0.1982
          Accuracy         : Train 0.9189, Val 0.9179, Test 0.9192
Best:
          Accuracy         : Train 0.9189, Val 0.9179, Test 0.9192
Epoch 52: Loss:            : Train 0.0000, Val 0.2160, Test 0.2104
          Accuracy         : Train 0.9195, Val 0.9107, Test 0.9134
Best:
          Accuracy         : Train 0.9189, Val 0.9179, Test 0.9192
Epoch 53: Loss:            : Train 0.0000, Val 0.2076, Test 0.2005
          Accuracy         : Train 0.9174, Val 0.9180, Test 0.9185
Best:
          Accuracy         : Train 0.9174, Val 0.9180, Test 0.9185
Epoch 54: Loss:            : Train 0.0000, Val 0.2148, Test 0.2103
          Accuracy         : Train 0.9204, Val 0.9117, Test 0.9121
Best:
          Accuracy         : Train 0.9174, Val 0.9180, Test 0.9185
Epoch 55: Loss:            : Train 0.0000, Val 0.2174, Test 0.2110
          Accuracy         : Train 0.9200, Val 0.9106, Test 0.9120
Best:
          Accuracy         : Train 0.9174, Val 0.9180, Test 0.9185
Epoch 56: Loss:            : Train 0.0000, Val 0.2177, Test 0.2107
          Accuracy         : Train 0.9212, Val 0.9132, Test 0.9155
Best:
          Accuracy         : Train 0.9174, Val 0.9180, Test 0.9185
Epoch 57: Loss:            : Train 0.0000, Val 0.2094, Test 0.2044
          Accuracy         : Train 0.9195, Val 0.9165, Test 0.9174
Best:
          Accuracy         : Train 0.9174, Val 0.9180, Test 0.9185
Epoch 58: Loss:            : Train 0.0000, Val 0.1999, Test 0.1928
          Accuracy         : Train 0.9211, Val 0.9220, Test 0.9224
Best:
          Accuracy         : Train 0.9211, Val 0.9220, Test 0.9224
Epoch 59: Loss:            : Train 0.0000, Val 0.2110, Test 0.2069
          Accuracy         : Train 0.9164, Val 0.9142, Test 0.9154
Best:
          Accuracy         : Train 0.9211, Val 0.9220, Test 0.9224
Epoch 60: Loss:            : Train 0.0000, Val 0.2222, Test 0.2135
          Accuracy         : Train 0.9178, Val 0.9099, Test 0.9111
Best:
          Accuracy         : Train 0.9211, Val 0.9220, Test 0.9224
Epoch 61: Loss:            : Train 0.0000, Val 0.2085, Test 0.2007
          Accuracy         : Train 0.9207, Val 0.9168, Test 0.9190
Best:
          Accuracy         : Train 0.9211, Val 0.9220, Test 0.9224
Epoch 62: Loss:            : Train 0.0000, Val 0.2050, Test 0.1979
          Accuracy         : Train 0.9191, Val 0.9210, Test 0.9198
Best:
          Accuracy         : Train 0.9211, Val 0.9220, Test 0.9224
Epoch 63: Loss:            : Train 0.0000, Val 0.2161, Test 0.2092
          Accuracy         : Train 0.9181, Val 0.9117, Test 0.9137
Best:
          Accuracy         : Train 0.9211, Val 0.9220, Test 0.9224
Epoch 64: Loss:            : Train 0.0000, Val 0.2021, Test 0.1943
          Accuracy         : Train 0.9191, Val 0.9204, Test 0.9222
Best:
          Accuracy         : Train 0.9211, Val 0.9220, Test 0.9224
Epoch 65: Loss:            : Train 0.0000, Val 0.2028, Test 0.1958
          Accuracy         : Train 0.9233, Val 0.9211, Test 0.9209
Best:
          Accuracy         : Train 0.9211, Val 0.9220, Test 0.9224
Epoch 66: Loss:            : Train 0.0000, Val 0.2044, Test 0.1965
          Accuracy         : Train 0.9234, Val 0.9188, Test 0.9197
Best:
          Accuracy         : Train 0.9211, Val 0.9220, Test 0.9224
Epoch 67: Loss:            : Train 0.0000, Val 0.2033, Test 0.1952
          Accuracy         : Train 0.9228, Val 0.9202, Test 0.9211
Best:
          Accuracy         : Train 0.9211, Val 0.9220, Test 0.9224
Epoch 68: Loss:            : Train 0.0000, Val 0.2028, Test 0.1953
          Accuracy         : Train 0.9221, Val 0.9197, Test 0.9209
Best:
          Accuracy         : Train 0.9211, Val 0.9220, Test 0.9224
Epoch 69: Loss:            : Train 0.0000, Val 0.1992, Test 0.1912
          Accuracy         : Train 0.9229, Val 0.9217, Test 0.9216
Best:
          Accuracy         : Train 0.9211, Val 0.9220, Test 0.9224
Epoch 70: Loss:            : Train 0.0000, Val 0.1991, Test 0.1905
          Accuracy         : Train 0.9209, Val 0.9229, Test 0.9225
Best:
          Accuracy         : Train 0.9209, Val 0.9229, Test 0.9225
Epoch 71: Loss:            : Train 0.0000, Val 0.2025, Test 0.1956
          Accuracy         : Train 0.9226, Val 0.9199, Test 0.9190
Best:
          Accuracy         : Train 0.9209, Val 0.9229, Test 0.9225
Epoch 72: Loss:            : Train 0.0000, Val 0.2008, Test 0.1929
          Accuracy         : Train 0.9214, Val 0.9235, Test 0.9218
Best:
          Accuracy         : Train 0.9214, Val 0.9235, Test 0.9218
Epoch 73: Loss:            : Train 0.0000, Val 0.1990, Test 0.1913
          Accuracy         : Train 0.9220, Val 0.9229, Test 0.9224
Best:
          Accuracy         : Train 0.9214, Val 0.9235, Test 0.9218
Epoch 74: Loss:            : Train 0.0000, Val 0.2333, Test 0.2300
          Accuracy         : Train 0.9207, Val 0.9059, Test 0.9067
Best:
          Accuracy         : Train 0.9214, Val 0.9235, Test 0.9218
Epoch 75: Loss:            : Train 0.0000, Val 0.2075, Test 0.2052
          Accuracy         : Train 0.9200, Val 0.9178, Test 0.9181
Best:
          Accuracy         : Train 0.9214, Val 0.9235, Test 0.9218
Epoch 76: Loss:            : Train 0.0000, Val 0.2061, Test 0.2026
          Accuracy         : Train 0.9223, Val 0.9170, Test 0.9197
Best:
          Accuracy         : Train 0.9214, Val 0.9235, Test 0.9218
Epoch 77: Loss:            : Train 0.0000, Val 0.2053, Test 0.2050
          Accuracy         : Train 0.9219, Val 0.9176, Test 0.9175
Best:
          Accuracy         : Train 0.9214, Val 0.9235, Test 0.9218
Epoch 78: Loss:            : Train 0.0000, Val 0.1970, Test 0.1938
          Accuracy         : Train 0.9236, Val 0.9238, Test 0.9243
Best:
          Accuracy         : Train 0.9236, Val 0.9238, Test 0.9243
Epoch 79: Loss:            : Train 0.0000, Val 0.2065, Test 0.2014
          Accuracy         : Train 0.9241, Val 0.9198, Test 0.9206
Best:
          Accuracy         : Train 0.9236, Val 0.9238, Test 0.9243
Epoch 80: Loss:            : Train 0.0000, Val 0.2028, Test 0.1999
          Accuracy         : Train 0.9236, Val 0.9208, Test 0.9200
Best:
          Accuracy         : Train 0.9236, Val 0.9238, Test 0.9243
Epoch 81: Loss:            : Train 0.0000, Val 0.2037, Test 0.2002
          Accuracy         : Train 0.9243, Val 0.9210, Test 0.9182
Best:
          Accuracy         : Train 0.9236, Val 0.9238, Test 0.9243
Epoch 82: Loss:            : Train 0.0000, Val 0.2169, Test 0.2104
          Accuracy         : Train 0.9210, Val 0.9143, Test 0.9166
Best:
          Accuracy         : Train 0.9236, Val 0.9238, Test 0.9243
Epoch 83: Loss:            : Train 0.0000, Val 0.2056, Test 0.2044
          Accuracy         : Train 0.9240, Val 0.9176, Test 0.9183
Best:
          Accuracy         : Train 0.9236, Val 0.9238, Test 0.9243
Epoch 84: Loss:            : Train 0.0000, Val 0.1977, Test 0.1923
          Accuracy         : Train 0.9255, Val 0.9225, Test 0.9225
Best:
          Accuracy         : Train 0.9236, Val 0.9238, Test 0.9243
Epoch 85: Loss:            : Train 0.0000, Val 0.1958, Test 0.1922
          Accuracy         : Train 0.9238, Val 0.9241, Test 0.9239
Best:
          Accuracy         : Train 0.9238, Val 0.9241, Test 0.9239
Epoch 86: Loss:            : Train 0.0000, Val 0.2067, Test 0.2046
          Accuracy         : Train 0.9252, Val 0.9188, Test 0.9197
Best:
          Accuracy         : Train 0.9238, Val 0.9241, Test 0.9239
Epoch 87: Loss:            : Train 0.0000, Val 0.2046, Test 0.2011
          Accuracy         : Train 0.9250, Val 0.9197, Test 0.9193
Best:
          Accuracy         : Train 0.9238, Val 0.9241, Test 0.9239
Epoch 88: Loss:            : Train 0.0000, Val 0.2138, Test 0.2088
          Accuracy         : Train 0.9258, Val 0.9174, Test 0.9180
Best:
          Accuracy         : Train 0.9238, Val 0.9241, Test 0.9239
Epoch 89: Loss:            : Train 0.0000, Val 0.2061, Test 0.2033
          Accuracy         : Train 0.9231, Val 0.9198, Test 0.9183
Best:
          Accuracy         : Train 0.9238, Val 0.9241, Test 0.9239
Epoch 90: Loss:            : Train 0.0000, Val 0.2017, Test 0.1985
          Accuracy         : Train 0.9253, Val 0.9227, Test 0.9211
Best:
          Accuracy         : Train 0.9238, Val 0.9241, Test 0.9239
Epoch 91: Loss:            : Train 0.0000, Val 0.1951, Test 0.1911
          Accuracy         : Train 0.9257, Val 0.9237, Test 0.9243
Best:
          Accuracy         : Train 0.9238, Val 0.9241, Test 0.9239
Epoch 92: Loss:            : Train 0.0000, Val 0.1911, Test 0.1885
          Accuracy         : Train 0.9260, Val 0.9254, Test 0.9263
Best:
          Accuracy         : Train 0.9260, Val 0.9254, Test 0.9263
Epoch 93: Loss:            : Train 0.0000, Val 0.2090, Test 0.2033
          Accuracy         : Train 0.9261, Val 0.9167, Test 0.9202
Best:
          Accuracy         : Train 0.9260, Val 0.9254, Test 0.9263
Epoch 94: Loss:            : Train 0.0000, Val 0.2178, Test 0.2149
          Accuracy         : Train 0.9250, Val 0.9140, Test 0.9134
Best:
          Accuracy         : Train 0.9260, Val 0.9254, Test 0.9263
Epoch 95: Loss:            : Train 0.0000, Val 0.2049, Test 0.1979
          Accuracy         : Train 0.9229, Val 0.9197, Test 0.9227
Best:
          Accuracy         : Train 0.9260, Val 0.9254, Test 0.9263
Epoch 96: Loss:            : Train 0.0000, Val 0.2001, Test 0.1962
          Accuracy         : Train 0.9253, Val 0.9217, Test 0.9224
Best:
          Accuracy         : Train 0.9260, Val 0.9254, Test 0.9263
Epoch 97: Loss:            : Train 0.0000, Val 0.1993, Test 0.1945
          Accuracy         : Train 0.9235, Val 0.9238, Test 0.9246
Best:
          Accuracy         : Train 0.9260, Val 0.9254, Test 0.9263
Epoch 98: Loss:            : Train 0.0000, Val 0.1925, Test 0.1890
          Accuracy         : Train 0.9263, Val 0.9239, Test 0.9257
Best:
          Accuracy         : Train 0.9260, Val 0.9254, Test 0.9263
Epoch 99: Loss:            : Train 0.0000, Val 0.2005, Test 0.1990
          Accuracy         : Train 0.9265, Val 0.9190, Test 0.9216
Best:
          Accuracy         : Train 0.9260, Val 0.9254, Test 0.9263
Epoch 100: Loss:            : Train 0.0000, Val 0.1965, Test 0.1905
          Accuracy         : Train 0.9257, Val 0.9247, Test 0.9257
Best:
          Accuracy         : Train 0.9260, Val 0.9254, Test 0.9263
Epoch 101: Loss:            : Train 0.0000, Val 0.2143, Test 0.2103
          Accuracy         : Train 0.9254, Val 0.9159, Test 0.9155
Best:
          Accuracy         : Train 0.9260, Val 0.9254, Test 0.9263
Epoch 102: Loss:            : Train 0.0000, Val 0.1979, Test 0.1944
          Accuracy         : Train 0.9263, Val 0.9240, Test 0.9234
Best:
          Accuracy         : Train 0.9260, Val 0.9254, Test 0.9263
Epoch 103: Loss:            : Train 0.0000, Val 0.1939, Test 0.1926
          Accuracy         : Train 0.9275, Val 0.9232, Test 0.9242
Best:
          Accuracy         : Train 0.9260, Val 0.9254, Test 0.9263
Epoch 104: Loss:            : Train 0.0000, Val 0.2144, Test 0.2090
          Accuracy         : Train 0.9254, Val 0.9157, Test 0.9186
Best:
          Accuracy         : Train 0.9260, Val 0.9254, Test 0.9263
Epoch 105: Loss:            : Train 0.0000, Val 0.1980, Test 0.1922
          Accuracy         : Train 0.9269, Val 0.9247, Test 0.9247
Best:
          Accuracy         : Train 0.9260, Val 0.9254, Test 0.9263
Epoch 106: Loss:            : Train 0.0000, Val 0.1978, Test 0.1967
          Accuracy         : Train 0.9285, Val 0.9212, Test 0.9224
Best:
          Accuracy         : Train 0.9260, Val 0.9254, Test 0.9263
Epoch 107: Loss:            : Train 0.0000, Val 0.1923, Test 0.1872
          Accuracy         : Train 0.9259, Val 0.9247, Test 0.9257
Best:
          Accuracy         : Train 0.9260, Val 0.9254, Test 0.9263
Epoch 108: Loss:            : Train 0.0000, Val 0.1925, Test 0.1884
          Accuracy         : Train 0.9260, Val 0.9258, Test 0.9251
Best:
          Accuracy         : Train 0.9260, Val 0.9258, Test 0.9251
Epoch 109: Loss:            : Train 0.0000, Val 0.2039, Test 0.1987
          Accuracy         : Train 0.9276, Val 0.9190, Test 0.9208
Best:
          Accuracy         : Train 0.9260, Val 0.9258, Test 0.9251
Epoch 110: Loss:            : Train 0.0000, Val 0.2104, Test 0.2078
          Accuracy         : Train 0.9261, Val 0.9158, Test 0.9178
Best:
          Accuracy         : Train 0.9260, Val 0.9258, Test 0.9251
Epoch 111: Loss:            : Train 0.0000, Val 0.1965, Test 0.1926
          Accuracy         : Train 0.9251, Val 0.9227, Test 0.9223
Best:
          Accuracy         : Train 0.9260, Val 0.9258, Test 0.9251
Epoch 112: Loss:            : Train 0.0000, Val 0.1968, Test 0.1952
          Accuracy         : Train 0.9254, Val 0.9252, Test 0.9233
Best:
          Accuracy         : Train 0.9260, Val 0.9258, Test 0.9251
Epoch 113: Loss:            : Train 0.0000, Val 0.1900, Test 0.1862
          Accuracy         : Train 0.9268, Val 0.9265, Test 0.9248
Best:
          Accuracy         : Train 0.9268, Val 0.9265, Test 0.9248
Epoch 114: Loss:            : Train 0.0000, Val 0.1956, Test 0.1932
          Accuracy         : Train 0.9272, Val 0.9254, Test 0.9249
Best:
          Accuracy         : Train 0.9268, Val 0.9265, Test 0.9248
Epoch 115: Loss:            : Train 0.0000, Val 0.1894, Test 0.1875
          Accuracy         : Train 0.9270, Val 0.9260, Test 0.9259
Best:
          Accuracy         : Train 0.9268, Val 0.9265, Test 0.9248
Epoch 116: Loss:            : Train 0.0000, Val 0.1865, Test 0.1874
          Accuracy         : Train 0.9282, Val 0.9274, Test 0.9273
Best:
          Accuracy         : Train 0.9282, Val 0.9274, Test 0.9273
Epoch 117: Loss:            : Train 0.0000, Val 0.1869, Test 0.1850
          Accuracy         : Train 0.9286, Val 0.9273, Test 0.9261
Best:
          Accuracy         : Train 0.9282, Val 0.9274, Test 0.9273
Epoch 118: Loss:            : Train 0.0000, Val 0.1891, Test 0.1892
          Accuracy         : Train 0.9282, Val 0.9261, Test 0.9254
Best:
          Accuracy         : Train 0.9282, Val 0.9274, Test 0.9273
Epoch 119: Loss:            : Train 0.0000, Val 0.1891, Test 0.1876
          Accuracy         : Train 0.9284, Val 0.9274, Test 0.9257
Best:
          Accuracy         : Train 0.9282, Val 0.9274, Test 0.9273
Epoch 120: Loss:            : Train 0.0000, Val 0.1967, Test 0.1937
          Accuracy         : Train 0.9295, Val 0.9252, Test 0.9238
Best:
          Accuracy         : Train 0.9282, Val 0.9274, Test 0.9273
Epoch 121: Loss:            : Train 0.0000, Val 0.1899, Test 0.1877
          Accuracy         : Train 0.9295, Val 0.9277, Test 0.9268
Best:
          Accuracy         : Train 0.9295, Val 0.9277, Test 0.9268
Epoch 122: Loss:            : Train 0.0000, Val 0.1910, Test 0.1886
          Accuracy         : Train 0.9271, Val 0.9260, Test 0.9260
Best:
          Accuracy         : Train 0.9295, Val 0.9277, Test 0.9268
Epoch 123: Loss:            : Train 0.0000, Val 0.1943, Test 0.1895
          Accuracy         : Train 0.9291, Val 0.9234, Test 0.9247
Best:
          Accuracy         : Train 0.9295, Val 0.9277, Test 0.9268
Epoch 124: Loss:            : Train 0.0000, Val 0.1939, Test 0.1927
          Accuracy         : Train 0.9287, Val 0.9220, Test 0.9244
Best:
          Accuracy         : Train 0.9295, Val 0.9277, Test 0.9268
Epoch 125: Loss:            : Train 0.0000, Val 0.1867, Test 0.1852
          Accuracy         : Train 0.9281, Val 0.9269, Test 0.9263
Best:
          Accuracy         : Train 0.9295, Val 0.9277, Test 0.9268
Epoch 126: Loss:            : Train 0.0000, Val 0.1926, Test 0.1904
          Accuracy         : Train 0.9297, Val 0.9247, Test 0.9242
Best:
          Accuracy         : Train 0.9295, Val 0.9277, Test 0.9268
Epoch 127: Loss:            : Train 0.0000, Val 0.1980, Test 0.1960
          Accuracy         : Train 0.9305, Val 0.9213, Test 0.9233
Best:
          Accuracy         : Train 0.9295, Val 0.9277, Test 0.9268
Epoch 128: Loss:            : Train 0.0000, Val 0.1963, Test 0.1948
          Accuracy         : Train 0.9291, Val 0.9222, Test 0.9238
Best:
          Accuracy         : Train 0.9295, Val 0.9277, Test 0.9268
Epoch 129: Loss:            : Train 0.0000, Val 0.1928, Test 0.1889
          Accuracy         : Train 0.9298, Val 0.9255, Test 0.9256
Best:
          Accuracy         : Train 0.9295, Val 0.9277, Test 0.9268
Epoch 130: Loss:            : Train 0.0000, Val 0.1993, Test 0.1947
          Accuracy         : Train 0.9296, Val 0.9238, Test 0.9218
Best:
          Accuracy         : Train 0.9295, Val 0.9277, Test 0.9268
Epoch 131: Loss:            : Train 0.0000, Val 0.1926, Test 0.1886
          Accuracy         : Train 0.9294, Val 0.9229, Test 0.9261
Best:
          Accuracy         : Train 0.9295, Val 0.9277, Test 0.9268
Epoch 132: Loss:            : Train 0.0000, Val 0.2030, Test 0.2033
          Accuracy         : Train 0.9306, Val 0.9190, Test 0.9192
Best:
          Accuracy         : Train 0.9295, Val 0.9277, Test 0.9268
Epoch 133: Loss:            : Train 0.0000, Val 0.1878, Test 0.1864
          Accuracy         : Train 0.9293, Val 0.9252, Test 0.9269
Best:
          Accuracy         : Train 0.9295, Val 0.9277, Test 0.9268
Epoch 134: Loss:            : Train 0.0000, Val 0.1891, Test 0.1879
          Accuracy         : Train 0.9306, Val 0.9254, Test 0.9258
Best:
          Accuracy         : Train 0.9295, Val 0.9277, Test 0.9268
Epoch 135: Loss:            : Train 0.0000, Val 0.1910, Test 0.1887
          Accuracy         : Train 0.9299, Val 0.9262, Test 0.9257
Best:
          Accuracy         : Train 0.9295, Val 0.9277, Test 0.9268
Epoch 136: Loss:            : Train 0.0000, Val 0.1911, Test 0.1879
          Accuracy         : Train 0.9294, Val 0.9246, Test 0.9243
Best:
          Accuracy         : Train 0.9295, Val 0.9277, Test 0.9268
Epoch 137: Loss:            : Train 0.0000, Val 0.1911, Test 0.1903
          Accuracy         : Train 0.9305, Val 0.9265, Test 0.9239
Best:
          Accuracy         : Train 0.9295, Val 0.9277, Test 0.9268
Epoch 138: Loss:            : Train 0.0000, Val 0.1894, Test 0.1877
          Accuracy         : Train 0.9305, Val 0.9270, Test 0.9254
Best:
          Accuracy         : Train 0.9295, Val 0.9277, Test 0.9268
Epoch 139: Loss:            : Train 0.0000, Val 0.1997, Test 0.1965
          Accuracy         : Train 0.9299, Val 0.9190, Test 0.9194
Best:
          Accuracy         : Train 0.9295, Val 0.9277, Test 0.9268
Epoch 140: Loss:            : Train 0.0000, Val 0.2023, Test 0.2052
          Accuracy         : Train 0.9287, Val 0.9192, Test 0.9173
Best:
          Accuracy         : Train 0.9295, Val 0.9277, Test 0.9268
Epoch 141: Loss:            : Train 0.0000, Val 0.2003, Test 0.2016
          Accuracy         : Train 0.9268, Val 0.9190, Test 0.9198
Best:
          Accuracy         : Train 0.9295, Val 0.9277, Test 0.9268
Epoch 142: Loss:            : Train 0.0000, Val 0.1900, Test 0.1910
          Accuracy         : Train 0.9284, Val 0.9239, Test 0.9236
Best:
          Accuracy         : Train 0.9295, Val 0.9277, Test 0.9268
Epoch 143: Loss:            : Train 0.0000, Val 0.1918, Test 0.1895
          Accuracy         : Train 0.9302, Val 0.9257, Test 0.9258
Best:
          Accuracy         : Train 0.9295, Val 0.9277, Test 0.9268
Epoch 144: Loss:            : Train 0.0000, Val 0.1925, Test 0.1925
          Accuracy         : Train 0.9288, Val 0.9225, Test 0.9224
Best:
          Accuracy         : Train 0.9295, Val 0.9277, Test 0.9268
Epoch 145: Loss:            : Train 0.0000, Val 0.5230, Test 0.5932
          Accuracy         : Train 0.9300, Val 0.9213, Test 0.9196
Best:
          Accuracy         : Train 0.9295, Val 0.9277, Test 0.9268
Epoch 146: Loss:            : Train 0.0000, Val 0.1891, Test 0.1851
          Accuracy         : Train 0.9297, Val 0.9254, Test 0.9270
Best:
          Accuracy         : Train 0.9295, Val 0.9277, Test 0.9268
Epoch 147: Loss:            : Train 0.0000, Val 0.1896, Test 0.1904
          Accuracy         : Train 0.9287, Val 0.9269, Test 0.9258
Best:
          Accuracy         : Train 0.9295, Val 0.9277, Test 0.9268
Epoch 148: Loss:            : Train 0.0000, Val 0.1869, Test 0.1866
          Accuracy         : Train 0.9308, Val 0.9258, Test 0.9260
Best:
          Accuracy         : Train 0.9295, Val 0.9277, Test 0.9268
Epoch 149: Loss:            : Train 0.0000, Val 0.2020, Test 0.1986
          Accuracy         : Train 0.9301, Val 0.9244, Test 0.9217
Best:
          Accuracy         : Train 0.9295, Val 0.9277, Test 0.9268
Epoch 150: Loss:            : Train 0.0000, Val 0.1859, Test 0.1842
          Accuracy         : Train 0.9293, Val 0.9252, Test 0.9274
Best:
          Accuracy         : Train 0.9295, Val 0.9277, Test 0.9268
Epoch 151: Loss:            : Train 0.0000, Val 0.1926, Test 0.1911
          Accuracy         : Train 0.9324, Val 0.9257, Test 0.9255
Best:
          Accuracy         : Train 0.9295, Val 0.9277, Test 0.9268
Epoch 152: Loss:            : Train 0.0000, Val 0.1982, Test 0.1977
          Accuracy         : Train 0.9307, Val 0.9231, Test 0.9219
Best:
          Accuracy         : Train 0.9295, Val 0.9277, Test 0.9268
Epoch 153: Loss:            : Train 0.0000, Val 0.1881, Test 0.1855
          Accuracy         : Train 0.9299, Val 0.9270, Test 0.9285
Best:
          Accuracy         : Train 0.9295, Val 0.9277, Test 0.9268
Epoch 154: Loss:            : Train 0.0000, Val 0.1874, Test 0.1854
          Accuracy         : Train 0.9311, Val 0.9261, Test 0.9268
Best:
          Accuracy         : Train 0.9295, Val 0.9277, Test 0.9268
Epoch 155: Loss:            : Train 0.0000, Val 0.1907, Test 0.1886
          Accuracy         : Train 0.9314, Val 0.9267, Test 0.9267
Best:
          Accuracy         : Train 0.9295, Val 0.9277, Test 0.9268
Epoch 156: Loss:            : Train 0.0000, Val 0.1886, Test 0.1840
          Accuracy         : Train 0.9312, Val 0.9273, Test 0.9265
Best:
          Accuracy         : Train 0.9295, Val 0.9277, Test 0.9268
Epoch 157: Loss:            : Train 0.0000, Val 0.2133, Test 0.2124
          Accuracy         : Train 0.9306, Val 0.9190, Test 0.9158
Best:
          Accuracy         : Train 0.9295, Val 0.9277, Test 0.9268
Epoch 158: Loss:            : Train 0.0000, Val 0.1929, Test 0.1908
          Accuracy         : Train 0.9269, Val 0.9236, Test 0.9237
Best:
          Accuracy         : Train 0.9295, Val 0.9277, Test 0.9268
Epoch 159: Loss:            : Train 0.0000, Val 0.1877, Test 0.1842
          Accuracy         : Train 0.9294, Val 0.9267, Test 0.9274
Best:
          Accuracy         : Train 0.9295, Val 0.9277, Test 0.9268
Epoch 160: Loss:            : Train 0.0000, Val 0.1918, Test 0.1893
          Accuracy         : Train 0.9320, Val 0.9247, Test 0.9259
Best:
          Accuracy         : Train 0.9295, Val 0.9277, Test 0.9268
Epoch 161: Loss:            : Train 0.0000, Val 0.1850, Test 0.1827
          Accuracy         : Train 0.9316, Val 0.9272, Test 0.9289
Best:
          Accuracy         : Train 0.9295, Val 0.9277, Test 0.9268
Epoch 162: Loss:            : Train 0.0000, Val 0.1925, Test 0.1896
          Accuracy         : Train 0.9329, Val 0.9273, Test 0.9252
Best:
          Accuracy         : Train 0.9295, Val 0.9277, Test 0.9268
Epoch 163: Loss:            : Train 0.0000, Val 0.1873, Test 0.1855
          Accuracy         : Train 0.9316, Val 0.9255, Test 0.9275
Best:
          Accuracy         : Train 0.9295, Val 0.9277, Test 0.9268
Epoch 164: Loss:            : Train 0.0000, Val 0.1947, Test 0.1904
          Accuracy         : Train 0.9318, Val 0.9226, Test 0.9227
Best:
          Accuracy         : Train 0.9295, Val 0.9277, Test 0.9268
Epoch 165: Loss:            : Train 0.0000, Val 0.1888, Test 0.1862
          Accuracy         : Train 0.9310, Val 0.9270, Test 0.9273
Best:
          Accuracy         : Train 0.9295, Val 0.9277, Test 0.9268
Epoch 166: Loss:            : Train 0.0000, Val 0.1928, Test 0.1905
          Accuracy         : Train 0.9328, Val 0.9263, Test 0.9263
Best:
          Accuracy         : Train 0.9295, Val 0.9277, Test 0.9268
Epoch 167: Loss:            : Train 0.0000, Val 0.1861, Test 0.1822
          Accuracy         : Train 0.9324, Val 0.9267, Test 0.9276
Best:
          Accuracy         : Train 0.9295, Val 0.9277, Test 0.9268
Epoch 168: Loss:            : Train 0.0000, Val 0.1869, Test 0.1827
          Accuracy         : Train 0.9323, Val 0.9249, Test 0.9273
Best:
          Accuracy         : Train 0.9295, Val 0.9277, Test 0.9268
Epoch 169: Loss:            : Train 0.0000, Val 0.1892, Test 0.1841
          Accuracy         : Train 0.9328, Val 0.9233, Test 0.9267
Best:
          Accuracy         : Train 0.9295, Val 0.9277, Test 0.9268
Epoch 170: Loss:            : Train 0.0000, Val 0.1935, Test 0.1917
          Accuracy         : Train 0.9331, Val 0.9272, Test 0.9257
Best:
          Accuracy         : Train 0.9295, Val 0.9277, Test 0.9268
Epoch 171: Loss:            : Train 0.0000, Val 0.1902, Test 0.1868
          Accuracy         : Train 0.9321, Val 0.9270, Test 0.9245
Best:
          Accuracy         : Train 0.9295, Val 0.9277, Test 0.9268
Epoch 172: Loss:            : Train 0.0000, Val 0.1961, Test 0.1921
          Accuracy         : Train 0.9323, Val 0.9226, Test 0.9225
Best:
          Accuracy         : Train 0.9295, Val 0.9277, Test 0.9268
Epoch 173: Loss:            : Train 0.0000, Val 0.1941, Test 0.1880
          Accuracy         : Train 0.9318, Val 0.9256, Test 0.9245
Best:
          Accuracy         : Train 0.9295, Val 0.9277, Test 0.9268
Epoch 174: Loss:            : Train 0.0000, Val 0.1908, Test 0.1849
          Accuracy         : Train 0.9315, Val 0.9248, Test 0.9256
Best:
          Accuracy         : Train 0.9295, Val 0.9277, Test 0.9268
Epoch 175: Loss:            : Train 0.0000, Val 0.1884, Test 0.1817
          Accuracy         : Train 0.9320, Val 0.9248, Test 0.9282
Best:
          Accuracy         : Train 0.9295, Val 0.9277, Test 0.9268
Epoch 176: Loss:            : Train 0.0000, Val 0.1888, Test 0.1837
          Accuracy         : Train 0.9329, Val 0.9257, Test 0.9250
Best:
          Accuracy         : Train 0.9295, Val 0.9277, Test 0.9268
Epoch 177: Loss:            : Train 0.0000, Val 0.1929, Test 0.1850
          Accuracy         : Train 0.9316, Val 0.9246, Test 0.9267
Best:
          Accuracy         : Train 0.9295, Val 0.9277, Test 0.9268
Epoch 178: Loss:            : Train 0.0000, Val 0.2001, Test 0.1942
          Accuracy         : Train 0.9328, Val 0.9223, Test 0.9225
Best:
          Accuracy         : Train 0.9295, Val 0.9277, Test 0.9268
Epoch 179: Loss:            : Train 0.0000, Val 0.1940, Test 0.1895
          Accuracy         : Train 0.9326, Val 0.9256, Test 0.9245
Best:
          Accuracy         : Train 0.9295, Val 0.9277, Test 0.9268
Epoch 180: Loss:            : Train 0.0000, Val 0.1850, Test 0.1853
          Accuracy         : Train 0.9319, Val 0.9293, Test 0.9265
Best:
          Accuracy         : Train 0.9319, Val 0.9293, Test 0.9265
Epoch 181: Loss:            : Train 0.0000, Val 0.1867, Test 0.1836
          Accuracy         : Train 0.9327, Val 0.9286, Test 0.9293
Best:
          Accuracy         : Train 0.9319, Val 0.9293, Test 0.9265
Epoch 182: Loss:            : Train 0.0000, Val 0.1849, Test 0.1793
          Accuracy         : Train 0.9316, Val 0.9264, Test 0.9290
Best:
          Accuracy         : Train 0.9319, Val 0.9293, Test 0.9265
Epoch 183: Loss:            : Train 0.0000, Val 0.1907, Test 0.1870
          Accuracy         : Train 0.9339, Val 0.9244, Test 0.9253
Best:
          Accuracy         : Train 0.9319, Val 0.9293, Test 0.9265
Epoch 184: Loss:            : Train 0.0000, Val 0.1930, Test 0.1882
          Accuracy         : Train 0.9317, Val 0.9249, Test 0.9243
Best:
          Accuracy         : Train 0.9319, Val 0.9293, Test 0.9265
Epoch 185: Loss:            : Train 0.0000, Val 0.2029, Test 0.1932
          Accuracy         : Train 0.9322, Val 0.9221, Test 0.9200
Best:
          Accuracy         : Train 0.9319, Val 0.9293, Test 0.9265
Epoch 186: Loss:            : Train 0.0000, Val 0.1916, Test 0.1826
          Accuracy         : Train 0.9325, Val 0.9270, Test 0.9284
Best:
          Accuracy         : Train 0.9319, Val 0.9293, Test 0.9265
Epoch 187: Loss:            : Train 0.0000, Val 0.1943, Test 0.1869
          Accuracy         : Train 0.9306, Val 0.9226, Test 0.9248
Best:
          Accuracy         : Train 0.9319, Val 0.9293, Test 0.9265
Epoch 188: Loss:            : Train 0.0000, Val 0.1908, Test 0.1812
          Accuracy         : Train 0.9318, Val 0.9273, Test 0.9279
Best:
          Accuracy         : Train 0.9319, Val 0.9293, Test 0.9265
Epoch 189: Loss:            : Train 0.0000, Val 0.1932, Test 0.1852
          Accuracy         : Train 0.9330, Val 0.9250, Test 0.9268
Best:
          Accuracy         : Train 0.9319, Val 0.9293, Test 0.9265
Epoch 190: Loss:            : Train 0.0000, Val 0.1975, Test 0.1907
          Accuracy         : Train 0.9322, Val 0.9235, Test 0.9236
Best:
          Accuracy         : Train 0.9319, Val 0.9293, Test 0.9265
Epoch 191: Loss:            : Train 0.0000, Val 0.1888, Test 0.1833
          Accuracy         : Train 0.9324, Val 0.9252, Test 0.9270
Best:
          Accuracy         : Train 0.9319, Val 0.9293, Test 0.9265
Epoch 192: Loss:            : Train 0.0000, Val 0.1901, Test 0.1841
          Accuracy         : Train 0.9323, Val 0.9276, Test 0.9278
Best:
          Accuracy         : Train 0.9319, Val 0.9293, Test 0.9265
Epoch 193: Loss:            : Train 0.0000, Val 0.1927, Test 0.1833
          Accuracy         : Train 0.9331, Val 0.9257, Test 0.9275
Best:
          Accuracy         : Train 0.9319, Val 0.9293, Test 0.9265
Epoch 194: Loss:            : Train 0.0000, Val 0.1919, Test 0.1839
          Accuracy         : Train 0.9326, Val 0.9255, Test 0.9262
Best:
          Accuracy         : Train 0.9319, Val 0.9293, Test 0.9265
Epoch 195: Loss:            : Train 0.0000, Val 0.1883, Test 0.1820
          Accuracy         : Train 0.9332, Val 0.9280, Test 0.9277
Best:
          Accuracy         : Train 0.9319, Val 0.9293, Test 0.9265
Epoch 196: Loss:            : Train 0.0000, Val 0.1924, Test 0.1841
          Accuracy         : Train 0.9330, Val 0.9243, Test 0.9254
Best:
          Accuracy         : Train 0.9319, Val 0.9293, Test 0.9265
Epoch 197: Loss:            : Train 0.0000, Val 0.1993, Test 0.1929
          Accuracy         : Train 0.9337, Val 0.9225, Test 0.9240
Best:
          Accuracy         : Train 0.9319, Val 0.9293, Test 0.9265
Epoch 198: Loss:            : Train 0.0000, Val 0.1922, Test 0.1842
          Accuracy         : Train 0.9339, Val 0.9273, Test 0.9285
Best:
          Accuracy         : Train 0.9319, Val 0.9293, Test 0.9265
Epoch 199: Loss:            : Train 0.0000, Val 0.1902, Test 0.1847
          Accuracy         : Train 0.9336, Val 0.9273, Test 0.9260
Best:
          Accuracy         : Train 0.9319, Val 0.9293, Test 0.9265
Epoch 200: Loss:            : Train 0.0000, Val 0.1906, Test 0.1822
          Accuracy         : Train 0.9333, Val 0.9277, Test 0.9284
Best:
          Accuracy         : Train 0.9319, Val 0.9293, Test 0.9265
Training time (sec): 351
