Loading parties from cache
Loading data from cache
Done
Calculating noise scale
Adding noise of scale 0.0 to sim_scores
Adding noise of scale 0.0 to sim_scores
Adding noise of scale 0.0 to sim_scores
Filter dataset to top 10
Generating top 10 dataset
Generating top 10 dataset
Generating top 10 dataset
Preparing time (sec): 6
Initializing dataloader
Done
Prepare for training
Start training
================================================================================
                                    Kernel Shape Output Shape  Params  \
Layer                                                                   
0_local_models.0.fc_layers.Linear_0    [11, 100]    [64, 100]    1200   
1_local_models.0.fc_layers.Linear_1    [100, 50]     [64, 50]    5050   
2_local_models.1.fc_layers.Linear_0    [10, 100]    [64, 100]    1100   
3_local_models.1.fc_layers.Linear_1    [100, 50]     [64, 50]    5050   
4_agg_model.fc_layers.Linear_0        [100, 100]    [64, 100]   10100   
5_agg_model.fc_layers.Linear_1          [100, 1]      [64, 1]     101   

                                     Mult-Adds  
Layer                                           
0_local_models.0.fc_layers.Linear_0       1100  
1_local_models.0.fc_layers.Linear_1       5000  
2_local_models.1.fc_layers.Linear_0       1000  
3_local_models.1.fc_layers.Linear_1       5000  
4_agg_model.fc_layers.Linear_0           10000  
5_agg_model.fc_layers.Linear_1             100  
--------------------------------------------------------------------------------
                      Totals
Total params           22601
Trainable params       22601
Non-trainable params       0
Mult-Adds              22200
================================================================================
n_classes=2
task=binary_cls
model_name=boone_featuresim_noise_0.2_2022-01-31-14-01-18
sche_threshold=0.0001
sche_patience=10
sche_factor=0.1
use_scheduler=False
num_workers=4
device=cuda:2
test_batch_size=4096
train_batch_size=64
learning_rate=0.001
weight_decay=1e-05
num_epochs=50
model_save_path=ckp/boone_featuresim_noise_0.2_2022-01-31-14-01-18.pth
test_rate=0.2
val_rate=0.1
multiprocess_context=fork
metrics=['accuracy']
metrics_f=[<metric.accuracy.Accuracy object at 0x7f7397264d90>]
hidden_sizes=[100, 100]
model=SplitNN(
  (agg_model): MLP(
    (fc_layers): ModuleList(
      (0): Linear(in_features=100, out_features=100, bias=True)
      (1): Linear(in_features=100, out_features=1, bias=True)
    )
  )
  (local_models): ModuleList(
    (0): MLP(
      (fc_layers): ModuleList(
        (0): Linear(in_features=11, out_features=100, bias=True)
        (1): Linear(in_features=100, out_features=50, bias=True)
      )
    )
    (1): MLP(
      (fc_layers): ModuleList(
        (0): Linear(in_features=10, out_features=100, bias=True)
        (1): Linear(in_features=100, out_features=50, bias=True)
      )
    )
  )
)
writer=<torch.utils.tensorboard.writer.SummaryWriter object at 0x7f7397264dc0>
dataset_type=syn
drop_key=True
num_common_features=30
tree_radius=2
tree_leaf_size=1000
knn_k=10
grid_min=-10.0
grid_max=10.0
grid_width=1.5
sim_scaler=StandardScaler()
filter_top_k=10
link_n_jobs=1
psig_p=7
sim_leak_p=1.0
link_threshold_t=0.1
link_epsilon=0.1
n_hash_lsh=20
edit_distance_threshold=1
n_hash_func=10
collision_rate=0.05
qgram_q=2
link_delta=0.1
feature_wise_sim=False
blocking_method=knn
center_threshold=0.5
n_clusters=100
local_hidden_sizes=[[100], [100]]
cut_dims=[50, 50]
agg_hidden_sizes=[100]
scale_analysis=None
data1_shape=(130064, 40)
data2_shape=(130064, 40)
Epoch 1: Loss:            : Train 0.4048, Val 0.3224, Test 0.3071
          Accuracy         : Train 0.8188, Val 0.8652, Test 0.8695
Best:
          Accuracy         : Train 0.8188, Val 0.8652, Test 0.8695
Epoch 2: Loss:            : Train 0.3016, Val 0.2878, Test 0.2831
          Accuracy         : Train 0.8752, Val 0.8788, Test 0.8784
Best:
          Accuracy         : Train 0.8752, Val 0.8788, Test 0.8784
Epoch 3: Loss:            : Train 0.2899, Val 0.2782, Test 0.2721
          Accuracy         : Train 0.8808, Val 0.8838, Test 0.8845
Best:
          Accuracy         : Train 0.8808, Val 0.8838, Test 0.8845
Epoch 4: Loss:            : Train 0.2830, Val 0.2891, Test 0.2799
          Accuracy         : Train 0.8835, Val 0.8801, Test 0.8816
Best:
          Accuracy         : Train 0.8808, Val 0.8838, Test 0.8845
Epoch 5: Loss:            : Train 0.2758, Val 0.2901, Test 0.2834
          Accuracy         : Train 0.8863, Val 0.8770, Test 0.8787
Best:
          Accuracy         : Train 0.8808, Val 0.8838, Test 0.8845
Epoch 6: Loss:            : Train 0.2681, Val 0.2695, Test 0.2619
          Accuracy         : Train 0.8904, Val 0.8881, Test 0.8890
Best:
          Accuracy         : Train 0.8904, Val 0.8881, Test 0.8890
Epoch 7: Loss:            : Train 0.2631, Val 0.2667, Test 0.2594
          Accuracy         : Train 0.8925, Val 0.8891, Test 0.8897
Best:
          Accuracy         : Train 0.8925, Val 0.8891, Test 0.8897
Epoch 8: Loss:            : Train 0.2607, Val 0.2732, Test 0.2650
          Accuracy         : Train 0.8937, Val 0.8854, Test 0.8876
Best:
          Accuracy         : Train 0.8925, Val 0.8891, Test 0.8897
Epoch 9: Loss:            : Train 0.2562, Val 0.2612, Test 0.2499
          Accuracy         : Train 0.8962, Val 0.8917, Test 0.8945
Best:
          Accuracy         : Train 0.8962, Val 0.8917, Test 0.8945
Epoch 10: Loss:            : Train 0.2541, Val 0.2511, Test 0.2445
          Accuracy         : Train 0.8971, Val 0.8968, Test 0.8954
Best:
          Accuracy         : Train 0.8971, Val 0.8968, Test 0.8954
Epoch 11: Loss:            : Train 0.2517, Val 0.2520, Test 0.2421
          Accuracy         : Train 0.8987, Val 0.8951, Test 0.8977
Best:
          Accuracy         : Train 0.8971, Val 0.8968, Test 0.8954
Epoch 12: Loss:            : Train 0.2496, Val 0.2468, Test 0.2389
          Accuracy         : Train 0.8993, Val 0.8976, Test 0.8993
Best:
          Accuracy         : Train 0.8993, Val 0.8976, Test 0.8993
Epoch 13: Loss:            : Train 0.2484, Val 0.2655, Test 0.2578
          Accuracy         : Train 0.8998, Val 0.8902, Test 0.8908
Best:
          Accuracy         : Train 0.8993, Val 0.8976, Test 0.8993
Epoch 14: Loss:            : Train 0.2473, Val 0.2495, Test 0.2424
          Accuracy         : Train 0.8998, Val 0.8972, Test 0.8986
Best:
          Accuracy         : Train 0.8993, Val 0.8976, Test 0.8993
Epoch 15: Loss:            : Train 0.2476, Val 0.2515, Test 0.2450
          Accuracy         : Train 0.9000, Val 0.8953, Test 0.8966
Best:
          Accuracy         : Train 0.8993, Val 0.8976, Test 0.8993
Epoch 16: Loss:            : Train 0.2450, Val 0.2536, Test 0.2448
          Accuracy         : Train 0.9014, Val 0.8965, Test 0.8976
Best:
          Accuracy         : Train 0.8993, Val 0.8976, Test 0.8993
Epoch 17: Loss:            : Train 0.2439, Val 0.2457, Test 0.2385
          Accuracy         : Train 0.9024, Val 0.8997, Test 0.8993
Best:
          Accuracy         : Train 0.9024, Val 0.8997, Test 0.8993
Epoch 18: Loss:            : Train 0.2429, Val 0.2578, Test 0.2503
          Accuracy         : Train 0.9026, Val 0.8913, Test 0.8930
Best:
          Accuracy         : Train 0.9024, Val 0.8997, Test 0.8993
Epoch 19: Loss:            : Train 0.2422, Val 0.2465, Test 0.2363
          Accuracy         : Train 0.9031, Val 0.9006, Test 0.9014
Best:
          Accuracy         : Train 0.9031, Val 0.9006, Test 0.9014
Epoch 20: Loss:            : Train 0.2411, Val 0.2465, Test 0.2371
          Accuracy         : Train 0.9032, Val 0.8985, Test 0.9009
Best:
          Accuracy         : Train 0.9031, Val 0.9006, Test 0.9014
Epoch 21: Loss:            : Train 0.2412, Val 0.2444, Test 0.2336
          Accuracy         : Train 0.9034, Val 0.9016, Test 0.9024
Best:
          Accuracy         : Train 0.9034, Val 0.9016, Test 0.9024
Epoch 22: Loss:            : Train 0.2392, Val 0.2431, Test 0.2328
          Accuracy         : Train 0.9045, Val 0.8996, Test 0.9025
Best:
          Accuracy         : Train 0.9034, Val 0.9016, Test 0.9024
Epoch 23: Loss:            : Train 0.2390, Val 0.2464, Test 0.2343
          Accuracy         : Train 0.9044, Val 0.9004, Test 0.9033
Best:
          Accuracy         : Train 0.9034, Val 0.9016, Test 0.9024
Epoch 24: Loss:            : Train 0.2377, Val 0.2419, Test 0.2334
          Accuracy         : Train 0.9047, Val 0.9011, Test 0.9028
Best:
          Accuracy         : Train 0.9034, Val 0.9016, Test 0.9024
Epoch 25: Loss:            : Train 0.2367, Val 0.2495, Test 0.2401
          Accuracy         : Train 0.9051, Val 0.8982, Test 0.8985
Best:
          Accuracy         : Train 0.9034, Val 0.9016, Test 0.9024
Epoch 26: Loss:            : Train 0.2359, Val 0.2443, Test 0.2336
          Accuracy         : Train 0.9061, Val 0.8981, Test 0.9022
Best:
          Accuracy         : Train 0.9034, Val 0.9016, Test 0.9024
Epoch 27: Loss:            : Train 0.2365, Val 0.2388, Test 0.2295
          Accuracy         : Train 0.9059, Val 0.9035, Test 0.9053
Best:
          Accuracy         : Train 0.9059, Val 0.9035, Test 0.9053
Epoch 28: Loss:            : Train 0.2350, Val 0.2411, Test 0.2296
          Accuracy         : Train 0.9061, Val 0.9034, Test 0.9054
Best:
          Accuracy         : Train 0.9059, Val 0.9035, Test 0.9053
Epoch 29: Loss:            : Train 0.2342, Val 0.2472, Test 0.2360
          Accuracy         : Train 0.9065, Val 0.9012, Test 0.9030
Best:
          Accuracy         : Train 0.9059, Val 0.9035, Test 0.9053
Epoch 30: Loss:            : Train 0.2339, Val 0.2404, Test 0.2291
          Accuracy         : Train 0.9066, Val 0.9044, Test 0.9057
Best:
          Accuracy         : Train 0.9066, Val 0.9044, Test 0.9057
Epoch 31: Loss:            : Train 0.2341, Val 0.2417, Test 0.2298
          Accuracy         : Train 0.9067, Val 0.9036, Test 0.9049
Best:
          Accuracy         : Train 0.9066, Val 0.9044, Test 0.9057
Epoch 32: Loss:            : Train 0.2336, Val 0.2351, Test 0.2267
          Accuracy         : Train 0.9068, Val 0.9035, Test 0.9057
Best:
          Accuracy         : Train 0.9066, Val 0.9044, Test 0.9057
Epoch 33: Loss:            : Train 0.2326, Val 0.2478, Test 0.2340
          Accuracy         : Train 0.9074, Val 0.8981, Test 0.9026
Best:
          Accuracy         : Train 0.9066, Val 0.9044, Test 0.9057
Epoch 34: Loss:            : Train 0.2329, Val 0.2520, Test 0.2389
          Accuracy         : Train 0.9070, Val 0.8995, Test 0.9017
Best:
          Accuracy         : Train 0.9066, Val 0.9044, Test 0.9057
Epoch 35: Loss:            : Train 0.2318, Val 0.2354, Test 0.2277
          Accuracy         : Train 0.9074, Val 0.9053, Test 0.9052
Best:
          Accuracy         : Train 0.9074, Val 0.9053, Test 0.9052
Epoch 36: Loss:            : Train 0.2307, Val 0.2467, Test 0.2323
          Accuracy         : Train 0.9086, Val 0.9003, Test 0.9035
Best:
          Accuracy         : Train 0.9074, Val 0.9053, Test 0.9052
Epoch 37: Loss:            : Train 0.2304, Val 0.2376, Test 0.2269
          Accuracy         : Train 0.9079, Val 0.9030, Test 0.9044
Best:
          Accuracy         : Train 0.9074, Val 0.9053, Test 0.9052
Epoch 38: Loss:            : Train 0.2294, Val 0.2329, Test 0.2228
          Accuracy         : Train 0.9086, Val 0.9052, Test 0.9071
Best:
          Accuracy         : Train 0.9074, Val 0.9053, Test 0.9052
Epoch 39: Loss:            : Train 0.2294, Val 0.2443, Test 0.2311
          Accuracy         : Train 0.9082, Val 0.9030, Test 0.9045
Best:
          Accuracy         : Train 0.9074, Val 0.9053, Test 0.9052
Epoch 40: Loss:            : Train 0.2288, Val 0.2418, Test 0.2275
          Accuracy         : Train 0.9082, Val 0.9000, Test 0.9043
Best:
          Accuracy         : Train 0.9074, Val 0.9053, Test 0.9052
Epoch 41: Loss:            : Train 0.2285, Val 0.2369, Test 0.2253
          Accuracy         : Train 0.9088, Val 0.9046, Test 0.9061
Best:
          Accuracy         : Train 0.9074, Val 0.9053, Test 0.9052
Epoch 42: Loss:            : Train 0.2275, Val 0.2386, Test 0.2246
          Accuracy         : Train 0.9092, Val 0.9031, Test 0.9060
Best:
          Accuracy         : Train 0.9074, Val 0.9053, Test 0.9052
Epoch 43: Loss:            : Train 0.2274, Val 0.2406, Test 0.2286
          Accuracy         : Train 0.9092, Val 0.8997, Test 0.9033
Best:
          Accuracy         : Train 0.9074, Val 0.9053, Test 0.9052
Epoch 44: Loss:            : Train 0.2272, Val 0.2356, Test 0.2239
          Accuracy         : Train 0.9097, Val 0.9038, Test 0.9070
Best:
          Accuracy         : Train 0.9074, Val 0.9053, Test 0.9052
Epoch 45: Loss:            : Train 0.2268, Val 0.2428, Test 0.2295
          Accuracy         : Train 0.9090, Val 0.9020, Test 0.9041
Best:
          Accuracy         : Train 0.9074, Val 0.9053, Test 0.9052
Epoch 46: Loss:            : Train 0.2266, Val 0.2356, Test 0.2226
          Accuracy         : Train 0.9099, Val 0.9041, Test 0.9069
Best:
          Accuracy         : Train 0.9074, Val 0.9053, Test 0.9052
Epoch 47: Loss:            : Train 0.2268, Val 0.2322, Test 0.2227
          Accuracy         : Train 0.9096, Val 0.9063, Test 0.9070
Best:
          Accuracy         : Train 0.9096, Val 0.9063, Test 0.9070
Epoch 48: Loss:            : Train 0.2264, Val 0.2372, Test 0.2253
          Accuracy         : Train 0.9096, Val 0.9029, Test 0.9062
Best:
          Accuracy         : Train 0.9096, Val 0.9063, Test 0.9070
Epoch 49: Loss:            : Train 0.2254, Val 0.2430, Test 0.2313
          Accuracy         : Train 0.9100, Val 0.8976, Test 0.9015
Best:
          Accuracy         : Train 0.9096, Val 0.9063, Test 0.9070
Epoch 50: Loss:            : Train 0.2252, Val 0.2359, Test 0.2278
          Accuracy         : Train 0.9098, Val 0.9051, Test 0.9055
Best:
          Accuracy         : Train 0.9096, Val 0.9063, Test 0.9070
Training time (sec): 1855
