Loading parties from cache
Loading data from cache
Done
Calculating noise scale
Adding noise of scale 0.0 to sim_scores
Adding noise of scale 0.0 to sim_scores
Adding noise of scale 0.0 to sim_scores
Filter dataset to top 5
Generating top 5 dataset
Generating top 5 dataset
Generating top 5 dataset
Generating top1 dataset
Generating top1 dataset
Generating top1 dataset
Preparing time (sec): 7
Loading data
Prepare for training
Start training
================================================================================
                                    Kernel Shape Output Shape  Params  \
Layer                                                                   
0_local_models.0.fc_layers.Linear_0    [10, 100]  [4096, 100]    1100   
1_local_models.0.fc_layers.Linear_1    [100, 50]   [4096, 50]    5050   
2_local_models.1.fc_layers.Linear_0    [10, 100]  [4096, 100]    1100   
3_local_models.1.fc_layers.Linear_1    [100, 50]   [4096, 50]    5050   
4_agg_model.fc_layers.Linear_0        [100, 100]  [4096, 100]   10100   
5_agg_model.fc_layers.Linear_1          [100, 1]    [4096, 1]     101   

                                     Mult-Adds  
Layer                                           
0_local_models.0.fc_layers.Linear_0       1000  
1_local_models.0.fc_layers.Linear_1       5000  
2_local_models.1.fc_layers.Linear_0       1000  
3_local_models.1.fc_layers.Linear_1       5000  
4_agg_model.fc_layers.Linear_0           10000  
5_agg_model.fc_layers.Linear_1             100  
--------------------------------------------------------------------------------
                      Totals
Total params           22501
Trainable params       22501
Non-trainable params       0
Mult-Adds              22100
================================================================================
n_classes=2
task=binary_cls
model_name=boone_top1sim_noise_0.2_2022-01-31-13-17-24
sche_threshold=0.0001
sche_patience=10
sche_factor=0.1
use_scheduler=False
num_workers=4
device=cuda:2
test_batch_size=4096
train_batch_size=4096
learning_rate=0.005
weight_decay=1e-05
num_epochs=200
model_save_path=ckp/boone_top1sim_noise_0.2_2022-01-31-13-17-24.pth
test_rate=0.2
val_rate=0.1
multiprocess_context=fork
metrics=['accuracy']
metrics_f=[<metric.accuracy.Accuracy object at 0x7fd61a222ca0>]
hidden_sizes=[200, 100]
model=SplitNN(
  (agg_model): MLP(
    (fc_layers): ModuleList(
      (0): Linear(in_features=100, out_features=100, bias=True)
      (1): Linear(in_features=100, out_features=1, bias=True)
    )
  )
  (local_models): ModuleList(
    (0): MLP(
      (fc_layers): ModuleList(
        (0): Linear(in_features=10, out_features=100, bias=True)
        (1): Linear(in_features=100, out_features=50, bias=True)
      )
    )
    (1): MLP(
      (fc_layers): ModuleList(
        (0): Linear(in_features=10, out_features=100, bias=True)
        (1): Linear(in_features=100, out_features=50, bias=True)
      )
    )
  )
)
writer=<torch.utils.tensorboard.writer.SummaryWriter object at 0x7fd61a222cd0>
dataset_type=syn
drop_key=True
num_common_features=30
tree_radius=2
tree_leaf_size=1000
knn_k=5
grid_min=-10.0
grid_max=10.0
grid_width=1.5
sim_scaler=StandardScaler()
filter_top_k=5
link_n_jobs=1
psig_p=7
sim_leak_p=1.0
link_threshold_t=0.1
link_epsilon=0.1
n_hash_lsh=20
edit_distance_threshold=1
n_hash_func=10
collision_rate=0.05
qgram_q=2
link_delta=0.1
feature_wise_sim=False
blocking_method=knn
center_threshold=0.5
n_clusters=100
local_hidden_sizes=[[100], [100]]
cut_dims=[50, 50]
agg_hidden_sizes=[100]
scale_analysis=None
data1_shape=(130064, 40)
data2_shape=(130064, 40)
Epoch 1: Loss:            : Train 0.0000, Val 0.5125, Test 0.5034
          Accuracy         : Train 0.7104, Val 0.7371, Test 0.7396
Best:
          Accuracy         : Train 0.7104, Val 0.7371, Test 0.7396
Epoch 2: Loss:            : Train 0.0000, Val 0.4010, Test 0.3955
          Accuracy         : Train 0.7810, Val 0.8193, Test 0.8171
Best:
          Accuracy         : Train 0.7810, Val 0.8193, Test 0.8171
Epoch 3: Loss:            : Train 0.0000, Val 0.3501, Test 0.3467
          Accuracy         : Train 0.8326, Val 0.8432, Test 0.8456
Best:
          Accuracy         : Train 0.8326, Val 0.8432, Test 0.8456
Epoch 4: Loss:            : Train 0.0000, Val 0.3258, Test 0.3221
          Accuracy         : Train 0.8502, Val 0.8561, Test 0.8602
Best:
          Accuracy         : Train 0.8502, Val 0.8561, Test 0.8602
Epoch 5: Loss:            : Train 0.0000, Val 0.3126, Test 0.3088
          Accuracy         : Train 0.8587, Val 0.8656, Test 0.8665
Best:
          Accuracy         : Train 0.8587, Val 0.8656, Test 0.8665
Epoch 6: Loss:            : Train 0.0000, Val 0.3163, Test 0.3117
          Accuracy         : Train 0.8668, Val 0.8621, Test 0.8626
Best:
          Accuracy         : Train 0.8587, Val 0.8656, Test 0.8665
Epoch 7: Loss:            : Train 0.0000, Val 0.3338, Test 0.3278
          Accuracy         : Train 0.8712, Val 0.8502, Test 0.8502
Best:
          Accuracy         : Train 0.8587, Val 0.8656, Test 0.8665
Epoch 8: Loss:            : Train 0.0000, Val 0.3004, Test 0.2959
          Accuracy         : Train 0.8788, Val 0.8694, Test 0.8717
Best:
          Accuracy         : Train 0.8788, Val 0.8694, Test 0.8717
Epoch 9: Loss:            : Train 0.0000, Val 0.2848, Test 0.2820
          Accuracy         : Train 0.8855, Val 0.8821, Test 0.8849
Best:
          Accuracy         : Train 0.8855, Val 0.8821, Test 0.8849
Epoch 10: Loss:            : Train 0.0000, Val 0.2796, Test 0.2763
          Accuracy         : Train 0.8758, Val 0.8849, Test 0.8875
Best:
          Accuracy         : Train 0.8758, Val 0.8849, Test 0.8875
Epoch 11: Loss:            : Train 0.0000, Val 0.2922, Test 0.2874
          Accuracy         : Train 0.8712, Val 0.8759, Test 0.8802
Best:
          Accuracy         : Train 0.8758, Val 0.8849, Test 0.8875
Epoch 12: Loss:            : Train 0.0000, Val 0.3006, Test 0.2939
          Accuracy         : Train 0.8932, Val 0.8698, Test 0.8702
Best:
          Accuracy         : Train 0.8758, Val 0.8849, Test 0.8875
Epoch 13: Loss:            : Train 0.0000, Val 0.2550, Test 0.2524
          Accuracy         : Train 0.8945, Val 0.8953, Test 0.8956
Best:
          Accuracy         : Train 0.8945, Val 0.8953, Test 0.8956
Epoch 14: Loss:            : Train 0.0000, Val 0.2877, Test 0.2847
          Accuracy         : Train 0.8857, Val 0.8787, Test 0.8806
Best:
          Accuracy         : Train 0.8945, Val 0.8953, Test 0.8956
Epoch 15: Loss:            : Train 0.0000, Val 0.2550, Test 0.2505
          Accuracy         : Train 0.8870, Val 0.8948, Test 0.8967
Best:
          Accuracy         : Train 0.8945, Val 0.8953, Test 0.8956
Epoch 16: Loss:            : Train 0.0000, Val 0.2522, Test 0.2455
          Accuracy         : Train 0.8910, Val 0.8968, Test 0.8983
Best:
          Accuracy         : Train 0.8910, Val 0.8968, Test 0.8983
Epoch 17: Loss:            : Train 0.0000, Val 0.2439, Test 0.2386
          Accuracy         : Train 0.9006, Val 0.9009, Test 0.9025
Best:
          Accuracy         : Train 0.9006, Val 0.9009, Test 0.9025
Epoch 18: Loss:            : Train 0.0000, Val 0.2730, Test 0.2709
          Accuracy         : Train 0.8977, Val 0.8852, Test 0.8866
Best:
          Accuracy         : Train 0.9006, Val 0.9009, Test 0.9025
Epoch 19: Loss:            : Train 0.0000, Val 0.2366, Test 0.2320
          Accuracy         : Train 0.9029, Val 0.9048, Test 0.9052
Best:
          Accuracy         : Train 0.9029, Val 0.9048, Test 0.9052
Epoch 20: Loss:            : Train 0.0000, Val 0.2350, Test 0.2311
          Accuracy         : Train 0.9054, Val 0.9044, Test 0.9056
Best:
          Accuracy         : Train 0.9029, Val 0.9048, Test 0.9052
Epoch 21: Loss:            : Train 0.0000, Val 0.2361, Test 0.2296
          Accuracy         : Train 0.9065, Val 0.9037, Test 0.9057
Best:
          Accuracy         : Train 0.9029, Val 0.9048, Test 0.9052
Epoch 22: Loss:            : Train 0.0000, Val 0.2406, Test 0.2376
          Accuracy         : Train 0.9018, Val 0.9014, Test 0.9013
Best:
          Accuracy         : Train 0.9029, Val 0.9048, Test 0.9052
Epoch 23: Loss:            : Train 0.0000, Val 0.2382, Test 0.2343
          Accuracy         : Train 0.9028, Val 0.9047, Test 0.9032
Best:
          Accuracy         : Train 0.9029, Val 0.9048, Test 0.9052
Epoch 24: Loss:            : Train 0.0000, Val 0.2324, Test 0.2279
          Accuracy         : Train 0.9036, Val 0.9070, Test 0.9074
Best:
          Accuracy         : Train 0.9036, Val 0.9070, Test 0.9074
Epoch 25: Loss:            : Train 0.0000, Val 0.2653, Test 0.2578
          Accuracy         : Train 0.9004, Val 0.8908, Test 0.8912
Best:
          Accuracy         : Train 0.9036, Val 0.9070, Test 0.9074
Epoch 26: Loss:            : Train 0.0000, Val 0.2361, Test 0.2301
          Accuracy         : Train 0.9025, Val 0.9055, Test 0.9044
Best:
          Accuracy         : Train 0.9036, Val 0.9070, Test 0.9074
Epoch 27: Loss:            : Train 0.0000, Val 0.2570, Test 0.2497
          Accuracy         : Train 0.9069, Val 0.8977, Test 0.8972
Best:
          Accuracy         : Train 0.9036, Val 0.9070, Test 0.9074
Epoch 28: Loss:            : Train 0.0000, Val 0.2326, Test 0.2270
          Accuracy         : Train 0.9089, Val 0.9059, Test 0.9069
Best:
          Accuracy         : Train 0.9036, Val 0.9070, Test 0.9074
Epoch 29: Loss:            : Train 0.0000, Val 0.2239, Test 0.2180
          Accuracy         : Train 0.9111, Val 0.9094, Test 0.9109
Best:
          Accuracy         : Train 0.9111, Val 0.9094, Test 0.9109
Epoch 30: Loss:            : Train 0.0000, Val 0.2218, Test 0.2141
          Accuracy         : Train 0.9125, Val 0.9101, Test 0.9118
Best:
          Accuracy         : Train 0.9125, Val 0.9101, Test 0.9118
Epoch 31: Loss:            : Train 0.0000, Val 0.2241, Test 0.2191
          Accuracy         : Train 0.9126, Val 0.9123, Test 0.9103
Best:
          Accuracy         : Train 0.9126, Val 0.9123, Test 0.9103
Epoch 32: Loss:            : Train 0.0000, Val 0.2242, Test 0.2188
          Accuracy         : Train 0.9150, Val 0.9104, Test 0.9096
Best:
          Accuracy         : Train 0.9126, Val 0.9123, Test 0.9103
Epoch 33: Loss:            : Train 0.0000, Val 0.2259, Test 0.2184
          Accuracy         : Train 0.9145, Val 0.9082, Test 0.9099
Best:
          Accuracy         : Train 0.9126, Val 0.9123, Test 0.9103
Epoch 34: Loss:            : Train 0.0000, Val 0.2162, Test 0.2098
          Accuracy         : Train 0.9119, Val 0.9138, Test 0.9149
Best:
          Accuracy         : Train 0.9119, Val 0.9138, Test 0.9149
Epoch 35: Loss:            : Train 0.0000, Val 0.2174, Test 0.2117
          Accuracy         : Train 0.9140, Val 0.9144, Test 0.9138
Best:
          Accuracy         : Train 0.9140, Val 0.9144, Test 0.9138
Epoch 36: Loss:            : Train 0.0000, Val 0.2182, Test 0.2119
          Accuracy         : Train 0.9131, Val 0.9137, Test 0.9136
Best:
          Accuracy         : Train 0.9140, Val 0.9144, Test 0.9138
Epoch 37: Loss:            : Train 0.0000, Val 0.2323, Test 0.2248
          Accuracy         : Train 0.9129, Val 0.9058, Test 0.9061
Best:
          Accuracy         : Train 0.9140, Val 0.9144, Test 0.9138
Epoch 38: Loss:            : Train 0.0000, Val 0.2119, Test 0.2035
          Accuracy         : Train 0.9146, Val 0.9137, Test 0.9162
Best:
          Accuracy         : Train 0.9140, Val 0.9144, Test 0.9138
Epoch 39: Loss:            : Train 0.0000, Val 0.2207, Test 0.2144
          Accuracy         : Train 0.9185, Val 0.9134, Test 0.9126
Best:
          Accuracy         : Train 0.9140, Val 0.9144, Test 0.9138
Epoch 40: Loss:            : Train 0.0000, Val 0.2180, Test 0.2137
          Accuracy         : Train 0.9182, Val 0.9123, Test 0.9117
Best:
          Accuracy         : Train 0.9140, Val 0.9144, Test 0.9138
Epoch 41: Loss:            : Train 0.0000, Val 0.2149, Test 0.2067
          Accuracy         : Train 0.9166, Val 0.9137, Test 0.9164
Best:
          Accuracy         : Train 0.9140, Val 0.9144, Test 0.9138
Epoch 42: Loss:            : Train 0.0000, Val 0.2097, Test 0.2038
          Accuracy         : Train 0.9169, Val 0.9175, Test 0.9161
Best:
          Accuracy         : Train 0.9169, Val 0.9175, Test 0.9161
Epoch 43: Loss:            : Train 0.0000, Val 0.2097, Test 0.2041
          Accuracy         : Train 0.9170, Val 0.9155, Test 0.9159
Best:
          Accuracy         : Train 0.9169, Val 0.9175, Test 0.9161
Epoch 44: Loss:            : Train 0.0000, Val 0.2129, Test 0.2056
          Accuracy         : Train 0.9174, Val 0.9137, Test 0.9154
Best:
          Accuracy         : Train 0.9169, Val 0.9175, Test 0.9161
Epoch 45: Loss:            : Train 0.0000, Val 0.2061, Test 0.2000
          Accuracy         : Train 0.9179, Val 0.9164, Test 0.9190
Best:
          Accuracy         : Train 0.9169, Val 0.9175, Test 0.9161
Epoch 46: Loss:            : Train 0.0000, Val 0.2207, Test 0.2134
          Accuracy         : Train 0.9191, Val 0.9111, Test 0.9124
Best:
          Accuracy         : Train 0.9169, Val 0.9175, Test 0.9161
Epoch 47: Loss:            : Train 0.0000, Val 0.2040, Test 0.1960
          Accuracy         : Train 0.9187, Val 0.9180, Test 0.9200
Best:
          Accuracy         : Train 0.9187, Val 0.9180, Test 0.9200
Epoch 48: Loss:            : Train 0.0000, Val 0.2146, Test 0.2077
          Accuracy         : Train 0.9192, Val 0.9138, Test 0.9162
Best:
          Accuracy         : Train 0.9187, Val 0.9180, Test 0.9200
Epoch 49: Loss:            : Train 0.0000, Val 0.2155, Test 0.2114
          Accuracy         : Train 0.9181, Val 0.9124, Test 0.9116
Best:
          Accuracy         : Train 0.9187, Val 0.9180, Test 0.9200
Epoch 50: Loss:            : Train 0.0000, Val 0.2123, Test 0.2088
          Accuracy         : Train 0.9164, Val 0.9157, Test 0.9165
Best:
          Accuracy         : Train 0.9187, Val 0.9180, Test 0.9200
Epoch 51: Loss:            : Train 0.0000, Val 0.2072, Test 0.2040
          Accuracy         : Train 0.9196, Val 0.9171, Test 0.9183
Best:
          Accuracy         : Train 0.9187, Val 0.9180, Test 0.9200
Epoch 52: Loss:            : Train 0.0000, Val 0.2155, Test 0.2137
          Accuracy         : Train 0.9209, Val 0.9113, Test 0.9134
Best:
          Accuracy         : Train 0.9187, Val 0.9180, Test 0.9200
Epoch 53: Loss:            : Train 0.0000, Val 0.2077, Test 0.2026
          Accuracy         : Train 0.9175, Val 0.9158, Test 0.9167
Best:
          Accuracy         : Train 0.9187, Val 0.9180, Test 0.9200
Epoch 54: Loss:            : Train 0.0000, Val 0.2194, Test 0.2135
          Accuracy         : Train 0.9180, Val 0.9102, Test 0.9135
Best:
          Accuracy         : Train 0.9187, Val 0.9180, Test 0.9200
Epoch 55: Loss:            : Train 0.0000, Val 0.2058, Test 0.1999
          Accuracy         : Train 0.9198, Val 0.9178, Test 0.9211
Best:
          Accuracy         : Train 0.9187, Val 0.9180, Test 0.9200
Epoch 56: Loss:            : Train 0.0000, Val 0.2012, Test 0.1953
          Accuracy         : Train 0.9209, Val 0.9210, Test 0.9205
Best:
          Accuracy         : Train 0.9209, Val 0.9210, Test 0.9205
Epoch 57: Loss:            : Train 0.0000, Val 0.2022, Test 0.1985
          Accuracy         : Train 0.9209, Val 0.9199, Test 0.9203
Best:
          Accuracy         : Train 0.9209, Val 0.9210, Test 0.9205
Epoch 58: Loss:            : Train 0.0000, Val 0.2058, Test 0.2016
          Accuracy         : Train 0.9224, Val 0.9196, Test 0.9210
Best:
          Accuracy         : Train 0.9209, Val 0.9210, Test 0.9205
Epoch 59: Loss:            : Train 0.0000, Val 0.2068, Test 0.2007
          Accuracy         : Train 0.9231, Val 0.9181, Test 0.9215
Best:
          Accuracy         : Train 0.9209, Val 0.9210, Test 0.9205
Epoch 60: Loss:            : Train 0.0000, Val 0.2167, Test 0.2118
          Accuracy         : Train 0.9230, Val 0.9151, Test 0.9154
Best:
          Accuracy         : Train 0.9209, Val 0.9210, Test 0.9205
Epoch 61: Loss:            : Train 0.0000, Val 0.2026, Test 0.1977
          Accuracy         : Train 0.9224, Val 0.9214, Test 0.9228
Best:
          Accuracy         : Train 0.9224, Val 0.9214, Test 0.9228
Epoch 62: Loss:            : Train 0.0000, Val 0.2170, Test 0.2109
          Accuracy         : Train 0.9210, Val 0.9159, Test 0.9170
Best:
          Accuracy         : Train 0.9224, Val 0.9214, Test 0.9228
Epoch 63: Loss:            : Train 0.0000, Val 0.2038, Test 0.1980
          Accuracy         : Train 0.9174, Val 0.9178, Test 0.9215
Best:
          Accuracy         : Train 0.9224, Val 0.9214, Test 0.9228
Epoch 64: Loss:            : Train 0.0000, Val 0.1977, Test 0.1930
          Accuracy         : Train 0.9208, Val 0.9205, Test 0.9235
Best:
          Accuracy         : Train 0.9224, Val 0.9214, Test 0.9228
Epoch 65: Loss:            : Train 0.0000, Val 0.2054, Test 0.2005
          Accuracy         : Train 0.9212, Val 0.9184, Test 0.9213
Best:
          Accuracy         : Train 0.9224, Val 0.9214, Test 0.9228
Epoch 66: Loss:            : Train 0.0000, Val 0.2092, Test 0.2034
          Accuracy         : Train 0.9216, Val 0.9165, Test 0.9185
Best:
          Accuracy         : Train 0.9224, Val 0.9214, Test 0.9228
Epoch 67: Loss:            : Train 0.0000, Val 0.1985, Test 0.1953
          Accuracy         : Train 0.9228, Val 0.9214, Test 0.9220
Best:
          Accuracy         : Train 0.9228, Val 0.9214, Test 0.9220
Epoch 68: Loss:            : Train 0.0000, Val 0.2093, Test 0.2074
          Accuracy         : Train 0.9236, Val 0.9156, Test 0.9159
Best:
          Accuracy         : Train 0.9228, Val 0.9214, Test 0.9220
Epoch 69: Loss:            : Train 0.0000, Val 0.2041, Test 0.2001
          Accuracy         : Train 0.9228, Val 0.9194, Test 0.9218
Best:
          Accuracy         : Train 0.9228, Val 0.9214, Test 0.9220
Epoch 70: Loss:            : Train 0.0000, Val 0.2014, Test 0.1979
          Accuracy         : Train 0.9241, Val 0.9194, Test 0.9209
Best:
          Accuracy         : Train 0.9228, Val 0.9214, Test 0.9220
Epoch 71: Loss:            : Train 0.0000, Val 0.2046, Test 0.2022
          Accuracy         : Train 0.9229, Val 0.9170, Test 0.9176
Best:
          Accuracy         : Train 0.9228, Val 0.9214, Test 0.9220
Epoch 72: Loss:            : Train 0.0000, Val 0.2111, Test 0.2046
          Accuracy         : Train 0.9236, Val 0.9167, Test 0.9180
Best:
          Accuracy         : Train 0.9228, Val 0.9214, Test 0.9220
Epoch 73: Loss:            : Train 0.0000, Val 0.2051, Test 0.2005
          Accuracy         : Train 0.9196, Val 0.9221, Test 0.9214
Best:
          Accuracy         : Train 0.9196, Val 0.9221, Test 0.9214
Epoch 74: Loss:            : Train 0.0000, Val 0.1958, Test 0.1918
          Accuracy         : Train 0.9238, Val 0.9229, Test 0.9235
Best:
          Accuracy         : Train 0.9238, Val 0.9229, Test 0.9235
Epoch 75: Loss:            : Train 0.0000, Val 0.2044, Test 0.1986
          Accuracy         : Train 0.9238, Val 0.9192, Test 0.9213
Best:
          Accuracy         : Train 0.9238, Val 0.9229, Test 0.9235
Epoch 76: Loss:            : Train 0.0000, Val 0.2008, Test 0.1967
          Accuracy         : Train 0.9238, Val 0.9190, Test 0.9206
Best:
          Accuracy         : Train 0.9238, Val 0.9229, Test 0.9235
Epoch 77: Loss:            : Train 0.0000, Val 0.1946, Test 0.1904
          Accuracy         : Train 0.9243, Val 0.9228, Test 0.9240
Best:
          Accuracy         : Train 0.9238, Val 0.9229, Test 0.9235
Epoch 78: Loss:            : Train 0.0000, Val 0.1993, Test 0.1959
          Accuracy         : Train 0.9244, Val 0.9218, Test 0.9251
Best:
          Accuracy         : Train 0.9238, Val 0.9229, Test 0.9235
Epoch 79: Loss:            : Train 0.0000, Val 0.1953, Test 0.1904
          Accuracy         : Train 0.9256, Val 0.9233, Test 0.9247
Best:
          Accuracy         : Train 0.9256, Val 0.9233, Test 0.9247
Epoch 80: Loss:            : Train 0.0000, Val 0.2097, Test 0.2065
          Accuracy         : Train 0.9255, Val 0.9178, Test 0.9168
Best:
          Accuracy         : Train 0.9256, Val 0.9233, Test 0.9247
Epoch 81: Loss:            : Train 0.0000, Val 0.1965, Test 0.1937
          Accuracy         : Train 0.9242, Val 0.9221, Test 0.9223
Best:
          Accuracy         : Train 0.9256, Val 0.9233, Test 0.9247
Epoch 82: Loss:            : Train 0.0000, Val 0.1964, Test 0.1917
          Accuracy         : Train 0.9256, Val 0.9227, Test 0.9243
Best:
          Accuracy         : Train 0.9256, Val 0.9233, Test 0.9247
Epoch 83: Loss:            : Train 0.0000, Val 0.1943, Test 0.1914
          Accuracy         : Train 0.9266, Val 0.9213, Test 0.9245
Best:
          Accuracy         : Train 0.9256, Val 0.9233, Test 0.9247
Epoch 84: Loss:            : Train 0.0000, Val 0.1975, Test 0.1907
          Accuracy         : Train 0.9249, Val 0.9221, Test 0.9248
Best:
          Accuracy         : Train 0.9256, Val 0.9233, Test 0.9247
Epoch 85: Loss:            : Train 0.0000, Val 0.2015, Test 0.1982
          Accuracy         : Train 0.9245, Val 0.9201, Test 0.9202
Best:
          Accuracy         : Train 0.9256, Val 0.9233, Test 0.9247
Epoch 86: Loss:            : Train 0.0000, Val 0.1986, Test 0.1923
          Accuracy         : Train 0.9267, Val 0.9213, Test 0.9243
Best:
          Accuracy         : Train 0.9256, Val 0.9233, Test 0.9247
Epoch 87: Loss:            : Train 0.0000, Val 0.2160, Test 0.2103
          Accuracy         : Train 0.9257, Val 0.9170, Test 0.9183
Best:
          Accuracy         : Train 0.9256, Val 0.9233, Test 0.9247
Epoch 88: Loss:            : Train 0.0000, Val 0.1962, Test 0.1895
          Accuracy         : Train 0.9259, Val 0.9233, Test 0.9242
Best:
          Accuracy         : Train 0.9256, Val 0.9233, Test 0.9247
Epoch 89: Loss:            : Train 0.0000, Val 0.1974, Test 0.1941
          Accuracy         : Train 0.9260, Val 0.9233, Test 0.9238
Best:
          Accuracy         : Train 0.9256, Val 0.9233, Test 0.9247
Epoch 90: Loss:            : Train 0.0000, Val 0.2009, Test 0.1954
          Accuracy         : Train 0.9267, Val 0.9210, Test 0.9232
Best:
          Accuracy         : Train 0.9256, Val 0.9233, Test 0.9247
Epoch 91: Loss:            : Train 0.0000, Val 0.1937, Test 0.1872
          Accuracy         : Train 0.9273, Val 0.9240, Test 0.9245
Best:
          Accuracy         : Train 0.9273, Val 0.9240, Test 0.9245
Epoch 92: Loss:            : Train 0.0000, Val 0.1965, Test 0.1908
          Accuracy         : Train 0.9277, Val 0.9225, Test 0.9243
Best:
          Accuracy         : Train 0.9273, Val 0.9240, Test 0.9245
Epoch 93: Loss:            : Train 0.0000, Val 0.2014, Test 0.1947
          Accuracy         : Train 0.9235, Val 0.9204, Test 0.9213
Best:
          Accuracy         : Train 0.9273, Val 0.9240, Test 0.9245
Epoch 94: Loss:            : Train 0.0000, Val 0.2055, Test 0.2042
          Accuracy         : Train 0.9271, Val 0.9191, Test 0.9175
Best:
          Accuracy         : Train 0.9273, Val 0.9240, Test 0.9245
Epoch 95: Loss:            : Train 0.0000, Val 0.5311, Test 0.5959
          Accuracy         : Train 0.9238, Val 0.9184, Test 0.9188
Best:
          Accuracy         : Train 0.9273, Val 0.9240, Test 0.9245
Epoch 96: Loss:            : Train 0.0000, Val 0.1930, Test 0.1895
          Accuracy         : Train 0.9236, Val 0.9257, Test 0.9247
Best:
          Accuracy         : Train 0.9236, Val 0.9257, Test 0.9247
Epoch 97: Loss:            : Train 0.0000, Val 0.1906, Test 0.1872
          Accuracy         : Train 0.9269, Val 0.9264, Test 0.9248
Best:
          Accuracy         : Train 0.9269, Val 0.9264, Test 0.9248
Epoch 98: Loss:            : Train 0.0000, Val 0.5326, Test 0.6022
          Accuracy         : Train 0.9254, Val 0.9160, Test 0.9155
Best:
          Accuracy         : Train 0.9269, Val 0.9264, Test 0.9248
Epoch 99: Loss:            : Train 0.0000, Val 0.1958, Test 0.1911
          Accuracy         : Train 0.9244, Val 0.9238, Test 0.9252
Best:
          Accuracy         : Train 0.9269, Val 0.9264, Test 0.9248
Epoch 100: Loss:            : Train 0.0000, Val 0.1986, Test 0.1965
          Accuracy         : Train 0.9251, Val 0.9215, Test 0.9223
Best:
          Accuracy         : Train 0.9269, Val 0.9264, Test 0.9248
Epoch 101: Loss:            : Train 0.0000, Val 0.1923, Test 0.1898
          Accuracy         : Train 0.9273, Val 0.9255, Test 0.9238
Best:
          Accuracy         : Train 0.9269, Val 0.9264, Test 0.9248
Epoch 102: Loss:            : Train 0.0000, Val 0.1974, Test 0.1876
          Accuracy         : Train 0.9274, Val 0.9228, Test 0.9248
Best:
          Accuracy         : Train 0.9269, Val 0.9264, Test 0.9248
Epoch 103: Loss:            : Train 0.0000, Val 0.5256, Test 0.5905
          Accuracy         : Train 0.9253, Val 0.9220, Test 0.9228
Best:
          Accuracy         : Train 0.9269, Val 0.9264, Test 0.9248
Epoch 104: Loss:            : Train 0.0000, Val 0.1966, Test 0.1918
          Accuracy         : Train 0.9243, Val 0.9220, Test 0.9232
Best:
          Accuracy         : Train 0.9269, Val 0.9264, Test 0.9248
Epoch 105: Loss:            : Train 0.0000, Val 0.5228, Test 0.5898
          Accuracy         : Train 0.9273, Val 0.9213, Test 0.9212
Best:
          Accuracy         : Train 0.9269, Val 0.9264, Test 0.9248
Epoch 106: Loss:            : Train 0.0000, Val 0.1921, Test 0.1834
          Accuracy         : Train 0.9277, Val 0.9249, Test 0.9262
Best:
          Accuracy         : Train 0.9269, Val 0.9264, Test 0.9248
Epoch 107: Loss:            : Train 0.0000, Val 0.1967, Test 0.1862
          Accuracy         : Train 0.9292, Val 0.9234, Test 0.9248
Best:
          Accuracy         : Train 0.9269, Val 0.9264, Test 0.9248
Epoch 108: Loss:            : Train 0.0000, Val 0.2039, Test 0.1967
          Accuracy         : Train 0.9274, Val 0.9187, Test 0.9180
Best:
          Accuracy         : Train 0.9269, Val 0.9264, Test 0.9248
Epoch 109: Loss:            : Train 0.0000, Val 0.2181, Test 0.2057
          Accuracy         : Train 0.9278, Val 0.9177, Test 0.9189
Best:
          Accuracy         : Train 0.9269, Val 0.9264, Test 0.9248
Epoch 110: Loss:            : Train 0.0000, Val 0.1987, Test 0.1909
          Accuracy         : Train 0.9270, Val 0.9240, Test 0.9218
Best:
          Accuracy         : Train 0.9269, Val 0.9264, Test 0.9248
Epoch 111: Loss:            : Train 0.0000, Val 0.1968, Test 0.1864
          Accuracy         : Train 0.9274, Val 0.9264, Test 0.9263
Best:
          Accuracy         : Train 0.9269, Val 0.9264, Test 0.9248
Epoch 112: Loss:            : Train 0.0000, Val 0.1885, Test 0.1809
          Accuracy         : Train 0.9304, Val 0.9278, Test 0.9280
Best:
          Accuracy         : Train 0.9304, Val 0.9278, Test 0.9280
Epoch 113: Loss:            : Train 0.0000, Val 0.1980, Test 0.1942
          Accuracy         : Train 0.9290, Val 0.9223, Test 0.9203
Best:
          Accuracy         : Train 0.9304, Val 0.9278, Test 0.9280
Epoch 114: Loss:            : Train 0.0000, Val 0.5254, Test 0.5910
          Accuracy         : Train 0.9271, Val 0.9214, Test 0.9205
Best:
          Accuracy         : Train 0.9304, Val 0.9278, Test 0.9280
Epoch 115: Loss:            : Train 0.0000, Val 0.2043, Test 0.1957
          Accuracy         : Train 0.9254, Val 0.9190, Test 0.9208
Best:
          Accuracy         : Train 0.9304, Val 0.9278, Test 0.9280
Epoch 116: Loss:            : Train 0.0000, Val 0.1905, Test 0.1804
          Accuracy         : Train 0.9278, Val 0.9262, Test 0.9291
Best:
          Accuracy         : Train 0.9304, Val 0.9278, Test 0.9280
Epoch 117: Loss:            : Train 0.0000, Val 0.1901, Test 0.1823
          Accuracy         : Train 0.9291, Val 0.9254, Test 0.9266
Best:
          Accuracy         : Train 0.9304, Val 0.9278, Test 0.9280
Epoch 118: Loss:            : Train 0.0000, Val 0.1923, Test 0.1863
          Accuracy         : Train 0.9304, Val 0.9242, Test 0.9248
Best:
          Accuracy         : Train 0.9304, Val 0.9278, Test 0.9280
Epoch 119: Loss:            : Train 0.0000, Val 0.1927, Test 0.1833
          Accuracy         : Train 0.9294, Val 0.9244, Test 0.9252
Best:
          Accuracy         : Train 0.9304, Val 0.9278, Test 0.9280
Epoch 120: Loss:            : Train 0.0000, Val 0.1901, Test 0.1821
          Accuracy         : Train 0.9298, Val 0.9267, Test 0.9270
Best:
          Accuracy         : Train 0.9304, Val 0.9278, Test 0.9280
Epoch 121: Loss:            : Train 0.0000, Val 0.5258, Test 0.5926
          Accuracy         : Train 0.9273, Val 0.9198, Test 0.9200
Best:
          Accuracy         : Train 0.9304, Val 0.9278, Test 0.9280
Epoch 122: Loss:            : Train 0.0000, Val 0.5288, Test 0.5915
          Accuracy         : Train 0.9257, Val 0.9197, Test 0.9228
Best:
          Accuracy         : Train 0.9304, Val 0.9278, Test 0.9280
Epoch 123: Loss:            : Train 0.0000, Val 0.5288, Test 0.5940
          Accuracy         : Train 0.9239, Val 0.9185, Test 0.9191
Best:
          Accuracy         : Train 0.9304, Val 0.9278, Test 0.9280
Epoch 124: Loss:            : Train 0.0000, Val 0.5328, Test 0.5961
          Accuracy         : Train 0.9260, Val 0.9191, Test 0.9200
Best:
          Accuracy         : Train 0.9304, Val 0.9278, Test 0.9280
Epoch 125: Loss:            : Train 0.0000, Val 0.5623, Test 0.6273
          Accuracy         : Train 0.9230, Val 0.9041, Test 0.9068
Best:
          Accuracy         : Train 0.9304, Val 0.9278, Test 0.9280
Epoch 126: Loss:            : Train 0.0000, Val 0.5401, Test 0.6114
          Accuracy         : Train 0.9180, Val 0.9107, Test 0.9107
Best:
          Accuracy         : Train 0.9304, Val 0.9278, Test 0.9280
Epoch 127: Loss:            : Train 0.0000, Val 0.5304, Test 0.5983
          Accuracy         : Train 0.9235, Val 0.9195, Test 0.9192
Best:
          Accuracy         : Train 0.9304, Val 0.9278, Test 0.9280
Epoch 128: Loss:            : Train 0.0000, Val 0.5273, Test 0.5922
          Accuracy         : Train 0.9239, Val 0.9196, Test 0.9202
Best:
          Accuracy         : Train 0.9304, Val 0.9278, Test 0.9280
Epoch 129: Loss:            : Train 0.0000, Val 0.5319, Test 0.5995
          Accuracy         : Train 0.9231, Val 0.9164, Test 0.9168
Best:
          Accuracy         : Train 0.9304, Val 0.9278, Test 0.9280
Epoch 130: Loss:            : Train 0.0000, Val 0.5226, Test 0.5891
          Accuracy         : Train 0.9249, Val 0.9219, Test 0.9241
Best:
          Accuracy         : Train 0.9304, Val 0.9278, Test 0.9280
Epoch 131: Loss:            : Train 0.0000, Val 0.5322, Test 0.5998
          Accuracy         : Train 0.9237, Val 0.9179, Test 0.9182
Best:
          Accuracy         : Train 0.9304, Val 0.9278, Test 0.9280
Epoch 132: Loss:            : Train 0.0000, Val 0.5236, Test 0.5913
          Accuracy         : Train 0.9245, Val 0.9224, Test 0.9217
Best:
          Accuracy         : Train 0.9304, Val 0.9278, Test 0.9280
Epoch 133: Loss:            : Train 0.0000, Val 0.5425, Test 0.6042
          Accuracy         : Train 0.9257, Val 0.9197, Test 0.9197
Best:
          Accuracy         : Train 0.9304, Val 0.9278, Test 0.9280
Epoch 134: Loss:            : Train 0.0000, Val 0.5328, Test 0.5993
          Accuracy         : Train 0.9246, Val 0.9174, Test 0.9165
Best:
          Accuracy         : Train 0.9304, Val 0.9278, Test 0.9280
Epoch 135: Loss:            : Train 0.0000, Val 0.5349, Test 0.6056
          Accuracy         : Train 0.9235, Val 0.9166, Test 0.9155
Best:
          Accuracy         : Train 0.9304, Val 0.9278, Test 0.9280
Epoch 136: Loss:            : Train 0.0000, Val 0.5216, Test 0.5881
          Accuracy         : Train 0.9219, Val 0.9226, Test 0.9226
Best:
          Accuracy         : Train 0.9304, Val 0.9278, Test 0.9280
Epoch 137: Loss:            : Train 0.0000, Val 0.5283, Test 0.5938
          Accuracy         : Train 0.9263, Val 0.9174, Test 0.9185
Best:
          Accuracy         : Train 0.9304, Val 0.9278, Test 0.9280
Epoch 138: Loss:            : Train 0.0000, Val 0.5319, Test 0.5971
          Accuracy         : Train 0.9257, Val 0.9166, Test 0.9189
Best:
          Accuracy         : Train 0.9304, Val 0.9278, Test 0.9280
Epoch 139: Loss:            : Train 0.0000, Val 0.5271, Test 0.5947
          Accuracy         : Train 0.9250, Val 0.9206, Test 0.9197
Best:
          Accuracy         : Train 0.9304, Val 0.9278, Test 0.9280
Epoch 140: Loss:            : Train 0.0000, Val 0.5321, Test 0.6000
          Accuracy         : Train 0.9265, Val 0.9192, Test 0.9183
Best:
          Accuracy         : Train 0.9304, Val 0.9278, Test 0.9280
Epoch 141: Loss:            : Train 0.0000, Val 0.5258, Test 0.5908
          Accuracy         : Train 0.9264, Val 0.9205, Test 0.9224
Best:
          Accuracy         : Train 0.9304, Val 0.9278, Test 0.9280
Epoch 142: Loss:            : Train 0.0000, Val 0.5222, Test 0.5910
          Accuracy         : Train 0.9254, Val 0.9199, Test 0.9225
Best:
          Accuracy         : Train 0.9304, Val 0.9278, Test 0.9280
Epoch 143: Loss:            : Train 0.0000, Val 0.5530, Test 0.6163
          Accuracy         : Train 0.9253, Val 0.9104, Test 0.9109
Best:
          Accuracy         : Train 0.9304, Val 0.9278, Test 0.9280
Epoch 144: Loss:            : Train 0.0000, Val 0.5244, Test 0.5902
          Accuracy         : Train 0.9223, Val 0.9216, Test 0.9229
Best:
          Accuracy         : Train 0.9304, Val 0.9278, Test 0.9280
Epoch 145: Loss:            : Train 0.0000, Val 0.5224, Test 0.5904
          Accuracy         : Train 0.9258, Val 0.9231, Test 0.9216
Best:
          Accuracy         : Train 0.9304, Val 0.9278, Test 0.9280
Epoch 146: Loss:            : Train 0.0000, Val 0.5239, Test 0.5902
          Accuracy         : Train 0.9255, Val 0.9217, Test 0.9231
Best:
          Accuracy         : Train 0.9304, Val 0.9278, Test 0.9280
Epoch 147: Loss:            : Train 0.0000, Val 0.5309, Test 0.5952
          Accuracy         : Train 0.9255, Val 0.9203, Test 0.9210
Best:
          Accuracy         : Train 0.9304, Val 0.9278, Test 0.9280
Epoch 148: Loss:            : Train 0.0000, Val 0.5239, Test 0.5910
          Accuracy         : Train 0.9258, Val 0.9204, Test 0.9210
Best:
          Accuracy         : Train 0.9304, Val 0.9278, Test 0.9280
Epoch 149: Loss:            : Train 0.0000, Val 0.5303, Test 0.5943
          Accuracy         : Train 0.9259, Val 0.9208, Test 0.9206
Best:
          Accuracy         : Train 0.9304, Val 0.9278, Test 0.9280
Epoch 150: Loss:            : Train 0.0000, Val 0.5276, Test 0.5947
          Accuracy         : Train 0.9261, Val 0.9205, Test 0.9175
Best:
          Accuracy         : Train 0.9304, Val 0.9278, Test 0.9280
Epoch 151: Loss:            : Train 0.0000, Val 0.5223, Test 0.5874
          Accuracy         : Train 0.9269, Val 0.9224, Test 0.9225
Best:
          Accuracy         : Train 0.9304, Val 0.9278, Test 0.9280
Epoch 152: Loss:            : Train 0.0000, Val 0.5329, Test 0.5973
          Accuracy         : Train 0.9257, Val 0.9172, Test 0.9174
Best:
          Accuracy         : Train 0.9304, Val 0.9278, Test 0.9280
Epoch 153: Loss:            : Train 0.0000, Val 0.5223, Test 0.5874
          Accuracy         : Train 0.9254, Val 0.9214, Test 0.9221
Best:
          Accuracy         : Train 0.9304, Val 0.9278, Test 0.9280
Epoch 154: Loss:            : Train 0.0000, Val 0.5257, Test 0.5903
          Accuracy         : Train 0.9252, Val 0.9224, Test 0.9224
Best:
          Accuracy         : Train 0.9304, Val 0.9278, Test 0.9280
Epoch 155: Loss:            : Train 0.0000, Val 0.5316, Test 0.5961
          Accuracy         : Train 0.9265, Val 0.9187, Test 0.9222
Best:
          Accuracy         : Train 0.9304, Val 0.9278, Test 0.9280
Epoch 156: Loss:            : Train 0.0000, Val 0.5243, Test 0.5928
          Accuracy         : Train 0.9244, Val 0.9224, Test 0.9213
Best:
          Accuracy         : Train 0.9304, Val 0.9278, Test 0.9280
Epoch 157: Loss:            : Train 0.0000, Val 0.5288, Test 0.5920
          Accuracy         : Train 0.9263, Val 0.9213, Test 0.9207
Best:
          Accuracy         : Train 0.9304, Val 0.9278, Test 0.9280
Epoch 158: Loss:            : Train 0.0000, Val 0.5326, Test 0.6006
          Accuracy         : Train 0.9266, Val 0.9158, Test 0.9164
Best:
          Accuracy         : Train 0.9304, Val 0.9278, Test 0.9280
Epoch 159: Loss:            : Train 0.0000, Val 0.5402, Test 0.6092
          Accuracy         : Train 0.9215, Val 0.9084, Test 0.9123
Best:
          Accuracy         : Train 0.9304, Val 0.9278, Test 0.9280
Epoch 160: Loss:            : Train 0.0000, Val 0.5209, Test 0.5859
          Accuracy         : Train 0.9220, Val 0.9209, Test 0.9236
Best:
          Accuracy         : Train 0.9304, Val 0.9278, Test 0.9280
Epoch 161: Loss:            : Train 0.0000, Val 0.5255, Test 0.5933
          Accuracy         : Train 0.9251, Val 0.9197, Test 0.9207
Best:
          Accuracy         : Train 0.9304, Val 0.9278, Test 0.9280
Epoch 162: Loss:            : Train 0.0000, Val 0.5264, Test 0.5936
          Accuracy         : Train 0.9264, Val 0.9200, Test 0.9199
Best:
          Accuracy         : Train 0.9304, Val 0.9278, Test 0.9280
Epoch 163: Loss:            : Train 0.0000, Val 0.5215, Test 0.5881
          Accuracy         : Train 0.9259, Val 0.9215, Test 0.9224
Best:
          Accuracy         : Train 0.9304, Val 0.9278, Test 0.9280
Epoch 164: Loss:            : Train 0.0000, Val 0.5233, Test 0.5861
          Accuracy         : Train 0.9262, Val 0.9222, Test 0.9249
Best:
          Accuracy         : Train 0.9304, Val 0.9278, Test 0.9280
Epoch 165: Loss:            : Train 0.0000, Val 0.5238, Test 0.5896
          Accuracy         : Train 0.9281, Val 0.9218, Test 0.9216
Best:
          Accuracy         : Train 0.9304, Val 0.9278, Test 0.9280
Epoch 166: Loss:            : Train 0.0000, Val 0.5258, Test 0.5897
          Accuracy         : Train 0.9268, Val 0.9210, Test 0.9215
Best:
          Accuracy         : Train 0.9304, Val 0.9278, Test 0.9280
Epoch 167: Loss:            : Train 0.0000, Val 0.5254, Test 0.5909
          Accuracy         : Train 0.9274, Val 0.9211, Test 0.9224
Best:
          Accuracy         : Train 0.9304, Val 0.9278, Test 0.9280
Epoch 168: Loss:            : Train 0.0000, Val 0.5246, Test 0.5884
          Accuracy         : Train 0.9278, Val 0.9207, Test 0.9230
Best:
          Accuracy         : Train 0.9304, Val 0.9278, Test 0.9280
Epoch 169: Loss:            : Train 0.0000, Val 0.5233, Test 0.5907
          Accuracy         : Train 0.9270, Val 0.9197, Test 0.9202
Best:
          Accuracy         : Train 0.9304, Val 0.9278, Test 0.9280
Epoch 170: Loss:            : Train 0.0000, Val 0.5205, Test 0.5896
          Accuracy         : Train 0.9262, Val 0.9232, Test 0.9232
Best:
          Accuracy         : Train 0.9304, Val 0.9278, Test 0.9280
Epoch 171: Loss:            : Train 0.0000, Val 0.5264, Test 0.5928
          Accuracy         : Train 0.9286, Val 0.9210, Test 0.9209
Best:
          Accuracy         : Train 0.9304, Val 0.9278, Test 0.9280
Epoch 172: Loss:            : Train 0.0000, Val 0.5248, Test 0.5907
          Accuracy         : Train 0.9283, Val 0.9185, Test 0.9211
Best:
          Accuracy         : Train 0.9304, Val 0.9278, Test 0.9280
Epoch 173: Loss:            : Train 0.0000, Val 0.5389, Test 0.6090
          Accuracy         : Train 0.9259, Val 0.9114, Test 0.9127
Best:
          Accuracy         : Train 0.9304, Val 0.9278, Test 0.9280
Epoch 174: Loss:            : Train 0.0000, Val 0.5500, Test 0.6158
          Accuracy         : Train 0.9257, Val 0.9121, Test 0.9128
Best:
          Accuracy         : Train 0.9304, Val 0.9278, Test 0.9280
Epoch 175: Loss:            : Train 0.0000, Val 0.5273, Test 0.5932
          Accuracy         : Train 0.9242, Val 0.9192, Test 0.9221
Best:
          Accuracy         : Train 0.9304, Val 0.9278, Test 0.9280
Epoch 176: Loss:            : Train 0.0000, Val 0.5153, Test 0.5834
          Accuracy         : Train 0.9263, Val 0.9240, Test 0.9253
Best:
          Accuracy         : Train 0.9304, Val 0.9278, Test 0.9280
Epoch 177: Loss:            : Train 0.0000, Val 0.5170, Test 0.5848
          Accuracy         : Train 0.9269, Val 0.9211, Test 0.9238
Best:
          Accuracy         : Train 0.9304, Val 0.9278, Test 0.9280
Epoch 178: Loss:            : Train 0.0000, Val 0.5212, Test 0.5878
          Accuracy         : Train 0.9277, Val 0.9237, Test 0.9246
Best:
          Accuracy         : Train 0.9304, Val 0.9278, Test 0.9280
Epoch 179: Loss:            : Train 0.0000, Val 0.5238, Test 0.5897
          Accuracy         : Train 0.9285, Val 0.9212, Test 0.9217
Best:
          Accuracy         : Train 0.9304, Val 0.9278, Test 0.9280
Epoch 180: Loss:            : Train 0.0000, Val 0.5164, Test 0.5845
          Accuracy         : Train 0.9282, Val 0.9253, Test 0.9245
Best:
          Accuracy         : Train 0.9304, Val 0.9278, Test 0.9280
Epoch 181: Loss:            : Train 0.0000, Val 0.5215, Test 0.5901
          Accuracy         : Train 0.9281, Val 0.9205, Test 0.9214
Best:
          Accuracy         : Train 0.9304, Val 0.9278, Test 0.9280
Epoch 182: Loss:            : Train 0.0000, Val 0.5244, Test 0.5918
          Accuracy         : Train 0.9266, Val 0.9214, Test 0.9215
Best:
          Accuracy         : Train 0.9304, Val 0.9278, Test 0.9280
Epoch 183: Loss:            : Train 0.0000, Val 0.5177, Test 0.5843
          Accuracy         : Train 0.9280, Val 0.9256, Test 0.9251
Best:
          Accuracy         : Train 0.9304, Val 0.9278, Test 0.9280
Epoch 184: Loss:            : Train 0.0000, Val 0.5187, Test 0.5846
          Accuracy         : Train 0.9285, Val 0.9259, Test 0.9245
Best:
          Accuracy         : Train 0.9304, Val 0.9278, Test 0.9280
Epoch 185: Loss:            : Train 0.0000, Val 0.5278, Test 0.5927
          Accuracy         : Train 0.9286, Val 0.9223, Test 0.9208
Best:
          Accuracy         : Train 0.9304, Val 0.9278, Test 0.9280
Epoch 186: Loss:            : Train 0.0000, Val 0.5232, Test 0.5921
          Accuracy         : Train 0.9290, Val 0.9227, Test 0.9218
Best:
          Accuracy         : Train 0.9304, Val 0.9278, Test 0.9280
Epoch 187: Loss:            : Train 0.0000, Val 0.5239, Test 0.5888
          Accuracy         : Train 0.9292, Val 0.9205, Test 0.9223
Best:
          Accuracy         : Train 0.9304, Val 0.9278, Test 0.9280
Epoch 188: Loss:            : Train 0.0000, Val 0.5239, Test 0.5902
          Accuracy         : Train 0.9281, Val 0.9207, Test 0.9212
Best:
          Accuracy         : Train 0.9304, Val 0.9278, Test 0.9280
Epoch 189: Loss:            : Train 0.0000, Val 0.5218, Test 0.5851
          Accuracy         : Train 0.9298, Val 0.9227, Test 0.9241
Best:
          Accuracy         : Train 0.9304, Val 0.9278, Test 0.9280
Epoch 190: Loss:            : Train 0.0000, Val 0.5254, Test 0.5916
          Accuracy         : Train 0.9297, Val 0.9220, Test 0.9217
Best:
          Accuracy         : Train 0.9304, Val 0.9278, Test 0.9280
Epoch 191: Loss:            : Train 0.0000, Val 0.5296, Test 0.5951
          Accuracy         : Train 0.9285, Val 0.9210, Test 0.9219
Best:
          Accuracy         : Train 0.9304, Val 0.9278, Test 0.9280
Epoch 192: Loss:            : Train 0.0000, Val 0.5209, Test 0.5858
          Accuracy         : Train 0.9288, Val 0.9227, Test 0.9243
Best:
          Accuracy         : Train 0.9304, Val 0.9278, Test 0.9280
Epoch 193: Loss:            : Train 0.0000, Val 0.5202, Test 0.5882
          Accuracy         : Train 0.9274, Val 0.9247, Test 0.9237
Best:
          Accuracy         : Train 0.9304, Val 0.9278, Test 0.9280
Epoch 194: Loss:            : Train 0.0000, Val 0.5225, Test 0.5884
          Accuracy         : Train 0.9263, Val 0.9226, Test 0.9229
Best:
          Accuracy         : Train 0.9304, Val 0.9278, Test 0.9280
Epoch 195: Loss:            : Train 0.0000, Val 0.5228, Test 0.5872
          Accuracy         : Train 0.9285, Val 0.9230, Test 0.9232
Best:
          Accuracy         : Train 0.9304, Val 0.9278, Test 0.9280
Epoch 196: Loss:            : Train 0.0000, Val 0.5284, Test 0.5962
          Accuracy         : Train 0.9296, Val 0.9168, Test 0.9169
Best:
          Accuracy         : Train 0.9304, Val 0.9278, Test 0.9280
Epoch 197: Loss:            : Train 0.0000, Val 0.5226, Test 0.5900
          Accuracy         : Train 0.9279, Val 0.9207, Test 0.9232
Best:
          Accuracy         : Train 0.9304, Val 0.9278, Test 0.9280
Epoch 198: Loss:            : Train 0.0000, Val 0.5215, Test 0.5877
          Accuracy         : Train 0.9296, Val 0.9214, Test 0.9236
Best:
          Accuracy         : Train 0.9304, Val 0.9278, Test 0.9280
Epoch 199: Loss:            : Train 0.0000, Val 0.5205, Test 0.5872
          Accuracy         : Train 0.9300, Val 0.9248, Test 0.9232
Best:
          Accuracy         : Train 0.9304, Val 0.9278, Test 0.9280
Epoch 200: Loss:            : Train 0.0000, Val 0.5262, Test 0.5944
          Accuracy         : Train 0.9291, Val 0.9207, Test 0.9200
Best:
          Accuracy         : Train 0.9304, Val 0.9278, Test 0.9280
Training time (sec): 350
