Loading parties from cache
Loading data from cache
Done
Calculating noise scale
Adding noise of scale 0.0 to sim_scores
Adding noise of scale 0.0 to sim_scores
Adding noise of scale 0.0 to sim_scores
Filter dataset to top 10
Generating top 10 dataset
Generating top 10 dataset
Generating top 10 dataset
Preparing time (sec): 6
Initializing dataloader
Done
Prepare for training
Start training
SplitNN summary
==========================================================================================
Layer (type:depth-idx)                   Output Shape              Param #
==========================================================================================
SplitNN                                  --                        --
├─MLP: 1                                 --                        --
│    └─ModuleList: 2-1                   --                        --
├─ModuleList: 1-1                        --                        --
│    └─MLP: 2                            --                        --
│    │    └─ModuleList: 3-1              --                        6,150
│    └─MLP: 2                            --                        --
│    │    └─ModuleList: 3-2              --                        6,150
│    └─MLP: 2-2                          [64, 50]                  --
│    └─MLP: 2-3                          [64, 50]                  --
├─MLP: 1-2                               [64, 3]                   --
│    └─ModuleList: 2-1                   --                        --
│    │    └─Linear: 3-3                  [64, 100]                 10,100
│    │    └─Linear: 3-4                  [64, 3]                   303
==========================================================================================
Total params: 22,703
Trainable params: 22,703
Non-trainable params: 0
Total mult-adds (M): 1.45
==========================================================================================
Input size (MB): 0.01
Forward/backward pass size (MB): 0.21
Params size (MB): 0.09
Estimated Total Size (MB): 0.30
==========================================================================================
Merge model summary
==========================================================================================
Layer (type:depth-idx)                   Output Shape              Param #
==========================================================================================
ConvModel                                --                        --
├─Conv2d: 1-1                            [1, 4, 16, 3]             32
├─Dropout: 1-2                           [1, 192]                  --
├─Linear: 1-3                            [1, 400]                  77,200
├─Dropout: 1-4                           [1, 400]                  --
├─Linear: 1-5                            [1, 1]                    401
==========================================================================================
Total params: 77,633
Trainable params: 77,633
Non-trainable params: 0
Total mult-adds (M): 0.08
==========================================================================================
Input size (MB): 0.00
Forward/backward pass size (MB): 0.00
Params size (MB): 0.31
Estimated Total Size (MB): 0.32
==========================================================================================
Similarity model summary
==========================================================================================
Layer (type:depth-idx)                   Output Shape              Param #
==========================================================================================
MLP                                      --                        --
├─ModuleList: 1-1                        --                        --
│    └─Linear: 2-1                       [1, 10]                   20
│    └─Linear: 2-2                       [1, 1]                    11
==========================================================================================
Total params: 31
Trainable params: 31
Non-trainable params: 0
Total mult-adds (M): 0.00
==========================================================================================
Input size (MB): 0.00
Forward/backward pass size (MB): 0.00
Params size (MB): 0.00
Estimated Total Size (MB): 0.00
==========================================================================================
n_classes=2
task=binary_cls
model_name=boone_fedsim_noise_0.2_2022-01-31-00-58-11
sche_threshold=0.0001
sche_patience=10
sche_factor=0.1
use_scheduler=False
num_workers=4
device=cuda:2
test_batch_size=4096
train_batch_size=64
learning_rate=0.001
weight_decay=1e-05
num_epochs=50
model_save_path=ckp/boone_fedsim_noise_0.2_2022-01-31-00-58-11.pth
test_rate=0.2
val_rate=0.1
multiprocess_context=fork
metrics=['accuracy']
metrics_f=[<metric.accuracy.Accuracy object at 0x7f1f09969a00>]
hidden_sizes=[100, 100]
model=SplitNN(
  (agg_model): MLP(
    (fc_layers): ModuleList(
      (0): Linear(in_features=100, out_features=100, bias=True)
      (1): Linear(in_features=100, out_features=3, bias=True)
    )
  )
  (local_models): ModuleList(
    (0): MLP(
      (fc_layers): ModuleList(
        (0): Linear(in_features=10, out_features=100, bias=True)
        (1): Linear(in_features=100, out_features=50, bias=True)
      )
    )
    (1): MLP(
      (fc_layers): ModuleList(
        (0): Linear(in_features=10, out_features=100, bias=True)
        (1): Linear(in_features=100, out_features=50, bias=True)
      )
    )
  )
)
writer=<torch.utils.tensorboard.writer.SummaryWriter object at 0x7f1f09969a30>
dataset_type=syn
drop_key=True
num_common_features=30
tree_radius=2
tree_leaf_size=1000
knn_k=10
grid_min=-10.0
grid_max=10.0
grid_width=1.5
sim_scaler=StandardScaler()
filter_top_k=10
link_n_jobs=1
psig_p=7
sim_leak_p=1.0
link_threshold_t=0.1
link_epsilon=0.1
n_hash_lsh=20
edit_distance_threshold=1
n_hash_func=10
collision_rate=0.05
qgram_q=2
link_delta=0.1
feature_wise_sim=False
blocking_method=knn
center_threshold=0.5
n_clusters=100
local_hidden_sizes=[[100], [100]]
cut_dims=[50, 50]
agg_hidden_sizes=[100]
scale_analysis=None
mlp_merge=None
use_sim=True
use_conv=True
conv_kernel_v_size=7
conv_n_channels=4
merge_dropout_p=0.7
raw_output_dim=3
log_dir=log/boone_fedsim_noise_0.2_2022-01-31-00-58-11/
update_sim_freq=1
sim_model_save_path=ckp/boone_fedsim_noise_0.2_2022-01-31-00-58-11_sim.pth
merge_model_save_path=ckp/boone_fedsim_noise_0.2_2022-01-31-00-58-11_merge.pth
sim_batch_size=128
sim_weight_decay=1e-05
sim_learning_rate=0.001
merge_model=ConvModel(
  (conv1): Conv2d(1, 4, kernel_size=(7, 1), stride=(1, 1), padding=(6, 0))
  (fc1): Linear(in_features=192, out_features=400, bias=True)
  (fc2): Linear(in_features=400, out_features=1, bias=True)
  (dropout1): Dropout(p=0.7, inplace=False)
  (dropout2): Dropout(p=0.7, inplace=False)
)
sim_model=MLP(
  (fc_layers): ModuleList(
    (0): Linear(in_features=1, out_features=10, bias=True)
    (1): Linear(in_features=10, out_features=1, bias=True)
  )
)
sim_hidden_sizes=[10]
merge_hidden_sizes=[400]
data1_shape=(130064, 40)
data2_shape=(130064, 40)
Epoch 1: Loss:            : Train 0.4245, Val 0.2837, Test 0.2782
          Accuracy         : Train 0.7856, Val 0.8845, Test 0.8897
Best:
          Accuracy         : Train 0.7856, Val 0.8845, Test 0.8897
Epoch 2: Loss:            : Train 0.2716, Val 0.2943, Test 0.2731
          Accuracy         : Train 0.8902, Val 0.8788, Test 0.8881
Best:
          Accuracy         : Train 0.7856, Val 0.8845, Test 0.8897
Epoch 3: Loss:            : Train 0.2497, Val 0.2673, Test 0.2504
          Accuracy         : Train 0.8986, Val 0.8934, Test 0.9007
Best:
          Accuracy         : Train 0.8986, Val 0.8934, Test 0.9007
Epoch 4: Loss:            : Train 0.2405, Val 0.2430, Test 0.2372
          Accuracy         : Train 0.9030, Val 0.8995, Test 0.9026
Best:
          Accuracy         : Train 0.9030, Val 0.8995, Test 0.9026
Epoch 5: Loss:            : Train 0.2409, Val 0.2444, Test 0.2356
          Accuracy         : Train 0.9030, Val 0.9008, Test 0.9037
Best:
          Accuracy         : Train 0.9030, Val 0.9008, Test 0.9037
Epoch 6: Loss:            : Train 0.2336, Val 0.2289, Test 0.2221
          Accuracy         : Train 0.9054, Val 0.9065, Test 0.9113
Best:
          Accuracy         : Train 0.9054, Val 0.9065, Test 0.9113
Epoch 7: Loss:            : Train 0.2282, Val 0.2302, Test 0.2224
          Accuracy         : Train 0.9080, Val 0.9083, Test 0.9094
Best:
          Accuracy         : Train 0.9080, Val 0.9083, Test 0.9094
Epoch 8: Loss:            : Train 0.2221, Val 0.2200, Test 0.2158
          Accuracy         : Train 0.9108, Val 0.9107, Test 0.9115
Best:
          Accuracy         : Train 0.9108, Val 0.9107, Test 0.9115
Epoch 9: Loss:            : Train 0.2204, Val 0.2281, Test 0.2202
          Accuracy         : Train 0.9111, Val 0.9060, Test 0.9096
Best:
          Accuracy         : Train 0.9108, Val 0.9107, Test 0.9115
Epoch 10: Loss:            : Train 0.2161, Val 0.2116, Test 0.2143
          Accuracy         : Train 0.9131, Val 0.9134, Test 0.9129
Best:
          Accuracy         : Train 0.9131, Val 0.9134, Test 0.9129
Epoch 11: Loss:            : Train 0.2145, Val 0.2161, Test 0.2104
          Accuracy         : Train 0.9139, Val 0.9127, Test 0.9148
Best:
          Accuracy         : Train 0.9131, Val 0.9134, Test 0.9129
Epoch 12: Loss:            : Train 0.2121, Val 0.2149, Test 0.2101
          Accuracy         : Train 0.9149, Val 0.9130, Test 0.9146
Best:
          Accuracy         : Train 0.9131, Val 0.9134, Test 0.9129
Epoch 13: Loss:            : Train 0.2105, Val 0.2089, Test 0.2049
          Accuracy         : Train 0.9154, Val 0.9162, Test 0.9173
Best:
          Accuracy         : Train 0.9154, Val 0.9162, Test 0.9173
Epoch 14: Loss:            : Train 0.2101, Val 0.2276, Test 0.2192
          Accuracy         : Train 0.9154, Val 0.9071, Test 0.9107
Best:
          Accuracy         : Train 0.9154, Val 0.9162, Test 0.9173
Epoch 15: Loss:            : Train 0.2085, Val 0.2382, Test 0.2308
          Accuracy         : Train 0.9168, Val 0.9007, Test 0.9059
Best:
          Accuracy         : Train 0.9154, Val 0.9162, Test 0.9173
Epoch 16: Loss:            : Train 0.2078, Val 0.2251, Test 0.2178
          Accuracy         : Train 0.9163, Val 0.9036, Test 0.9097
Best:
          Accuracy         : Train 0.9154, Val 0.9162, Test 0.9173
Epoch 17: Loss:            : Train 0.2065, Val 0.2262, Test 0.2195
          Accuracy         : Train 0.9167, Val 0.9070, Test 0.9119
Best:
          Accuracy         : Train 0.9154, Val 0.9162, Test 0.9173
Epoch 18: Loss:            : Train 0.2069, Val 0.2087, Test 0.2046
          Accuracy         : Train 0.9169, Val 0.9172, Test 0.9171
Best:
          Accuracy         : Train 0.9169, Val 0.9172, Test 0.9171
Epoch 19: Loss:            : Train 0.2048, Val 0.2077, Test 0.2083
          Accuracy         : Train 0.9178, Val 0.9174, Test 0.9154
Best:
          Accuracy         : Train 0.9178, Val 0.9174, Test 0.9154
Epoch 20: Loss:            : Train 0.2043, Val 0.2065, Test 0.2027
          Accuracy         : Train 0.9184, Val 0.9168, Test 0.9181
Best:
          Accuracy         : Train 0.9178, Val 0.9174, Test 0.9154
Epoch 21: Loss:            : Train 0.2032, Val 0.2144, Test 0.2129
          Accuracy         : Train 0.9183, Val 0.9128, Test 0.9123
Best:
          Accuracy         : Train 0.9178, Val 0.9174, Test 0.9154
Epoch 22: Loss:            : Train 0.2021, Val 0.2067, Test 0.2022
          Accuracy         : Train 0.9196, Val 0.9149, Test 0.9196
Best:
          Accuracy         : Train 0.9178, Val 0.9174, Test 0.9154
Epoch 23: Loss:            : Train 0.2015, Val 0.2113, Test 0.2063
          Accuracy         : Train 0.9186, Val 0.9170, Test 0.9208
Best:
          Accuracy         : Train 0.9178, Val 0.9174, Test 0.9154
Epoch 24: Loss:            : Train 0.2019, Val 0.2153, Test 0.2078
          Accuracy         : Train 0.9195, Val 0.9135, Test 0.9173
Best:
          Accuracy         : Train 0.9178, Val 0.9174, Test 0.9154
Epoch 25: Loss:            : Train 0.1998, Val 0.2015, Test 0.1968
          Accuracy         : Train 0.9198, Val 0.9185, Test 0.9202
Best:
          Accuracy         : Train 0.9198, Val 0.9185, Test 0.9202
Epoch 26: Loss:            : Train 0.2009, Val 0.2061, Test 0.2007
          Accuracy         : Train 0.9188, Val 0.9190, Test 0.9208
Best:
          Accuracy         : Train 0.9188, Val 0.9190, Test 0.9208
Epoch 27: Loss:            : Train 0.1947, Val 0.2068, Test 0.1967
          Accuracy         : Train 0.9220, Val 0.9154, Test 0.9199
Best:
          Accuracy         : Train 0.9188, Val 0.9190, Test 0.9208
Epoch 28: Loss:            : Train 0.1886, Val 0.1957, Test 0.1908
          Accuracy         : Train 0.9235, Val 0.9195, Test 0.9223
Best:
          Accuracy         : Train 0.9235, Val 0.9195, Test 0.9223
Epoch 29: Loss:            : Train 0.1886, Val 0.2182, Test 0.2072
          Accuracy         : Train 0.9236, Val 0.9099, Test 0.9149
Best:
          Accuracy         : Train 0.9235, Val 0.9195, Test 0.9223
Epoch 30: Loss:            : Train 0.1877, Val 0.2001, Test 0.1894
          Accuracy         : Train 0.9239, Val 0.9207, Test 0.9250
Best:
          Accuracy         : Train 0.9239, Val 0.9207, Test 0.9250
Epoch 31: Loss:            : Train 0.1864, Val 0.2105, Test 0.1998
          Accuracy         : Train 0.9243, Val 0.9144, Test 0.9208
Best:
          Accuracy         : Train 0.9239, Val 0.9207, Test 0.9250
Epoch 32: Loss:            : Train 0.1866, Val 0.1959, Test 0.1881
          Accuracy         : Train 0.9248, Val 0.9190, Test 0.9237
Best:
          Accuracy         : Train 0.9239, Val 0.9207, Test 0.9250
Epoch 33: Loss:            : Train 0.1857, Val 0.2101, Test 0.1990
          Accuracy         : Train 0.9254, Val 0.9130, Test 0.9199
Best:
          Accuracy         : Train 0.9239, Val 0.9207, Test 0.9250
Epoch 34: Loss:            : Train 0.1856, Val 0.1958, Test 0.1882
          Accuracy         : Train 0.9255, Val 0.9202, Test 0.9224
Best:
          Accuracy         : Train 0.9239, Val 0.9207, Test 0.9250
Epoch 35: Loss:            : Train 0.1840, Val 0.2206, Test 0.2088
          Accuracy         : Train 0.9255, Val 0.9046, Test 0.9121
Best:
          Accuracy         : Train 0.9239, Val 0.9207, Test 0.9250
Epoch 36: Loss:            : Train 0.1867, Val 0.1963, Test 0.1840
          Accuracy         : Train 0.9265, Val 0.9222, Test 0.9255
Best:
          Accuracy         : Train 0.9265, Val 0.9222, Test 0.9255
Epoch 37: Loss:            : Train 0.1878, Val 0.2067, Test 0.1929
          Accuracy         : Train 0.9259, Val 0.9170, Test 0.9195
Best:
          Accuracy         : Train 0.9265, Val 0.9222, Test 0.9255
Epoch 38: Loss:            : Train 0.1874, Val 0.1904, Test 0.1809
          Accuracy         : Train 0.9263, Val 0.9236, Test 0.9271
Best:
          Accuracy         : Train 0.9263, Val 0.9236, Test 0.9271
Epoch 39: Loss:            : Train 0.1869, Val 0.1965, Test 0.1844
          Accuracy         : Train 0.9266, Val 0.9212, Test 0.9253
Best:
          Accuracy         : Train 0.9263, Val 0.9236, Test 0.9271
Epoch 40: Loss:            : Train 0.1869, Val 0.1904, Test 0.1809
          Accuracy         : Train 0.9270, Val 0.9250, Test 0.9255
Best:
          Accuracy         : Train 0.9270, Val 0.9250, Test 0.9255
Epoch 41: Loss:            : Train 0.1869, Val 0.2018, Test 0.1927
          Accuracy         : Train 0.9266, Val 0.9191, Test 0.9194
Best:
          Accuracy         : Train 0.9270, Val 0.9250, Test 0.9255
Epoch 42: Loss:            : Train 0.1841, Val 0.2122, Test 0.1995
          Accuracy         : Train 0.9268, Val 0.9107, Test 0.9165
Best:
          Accuracy         : Train 0.9270, Val 0.9250, Test 0.9255
Epoch 43: Loss:            : Train 0.1859, Val 0.2088, Test 0.1975
          Accuracy         : Train 0.9263, Val 0.9136, Test 0.9186
Best:
          Accuracy         : Train 0.9270, Val 0.9250, Test 0.9255
Epoch 44: Loss:            : Train 0.1849, Val 0.2156, Test 0.2042
          Accuracy         : Train 0.9276, Val 0.9138, Test 0.9160
Best:
          Accuracy         : Train 0.9270, Val 0.9250, Test 0.9255
Epoch 45: Loss:            : Train 0.1836, Val 0.2029, Test 0.1947
          Accuracy         : Train 0.9279, Val 0.9169, Test 0.9201
Best:
          Accuracy         : Train 0.9270, Val 0.9250, Test 0.9255
Epoch 46: Loss:            : Train 0.1838, Val 0.1867, Test 0.1778
          Accuracy         : Train 0.9279, Val 0.9264, Test 0.9282
Best:
          Accuracy         : Train 0.9279, Val 0.9264, Test 0.9282
Epoch 47: Loss:            : Train 0.1837, Val 0.1887, Test 0.1805
          Accuracy         : Train 0.9281, Val 0.9243, Test 0.9269
Best:
          Accuracy         : Train 0.9279, Val 0.9264, Test 0.9282
Epoch 48: Loss:            : Train 0.1843, Val 0.2053, Test 0.1914
          Accuracy         : Train 0.9274, Val 0.9150, Test 0.9192
Best:
          Accuracy         : Train 0.9279, Val 0.9264, Test 0.9282
Epoch 49: Loss:            : Train 0.1835, Val 0.1856, Test 0.1779
          Accuracy         : Train 0.9280, Val 0.9253, Test 0.9283
Best:
          Accuracy         : Train 0.9279, Val 0.9264, Test 0.9282
Epoch 50: Loss:            : Train 0.1822, Val 0.1979, Test 0.1858
          Accuracy         : Train 0.9285, Val 0.9190, Test 0.9232
Best:
          Accuracy         : Train 0.9279, Val 0.9264, Test 0.9282
Training time (sec): 2310
