Loading parties from cache
Loading data from cache
Done
Calculating noise scale
Adding noise of scale 0.0 to sim_scores
Adding noise of scale 0.0 to sim_scores
Adding noise of scale 0.0 to sim_scores
Filter dataset to top 20
Generating top 20 dataset
Generating top 20 dataset
Generating top 20 dataset
Preparing time (sec): 8
Initializing dataloader
Done
Prepare for training
Start training
================================================================================
                                    Kernel Shape Output Shape  Params  \
Layer                                                                   
0_local_models.0.fc_layers.Linear_0    [11, 100]    [64, 100]    1200   
1_local_models.0.fc_layers.Linear_1    [100, 50]     [64, 50]    5050   
2_local_models.1.fc_layers.Linear_0    [10, 100]    [64, 100]    1100   
3_local_models.1.fc_layers.Linear_1    [100, 50]     [64, 50]    5050   
4_agg_model.fc_layers.Linear_0        [100, 100]    [64, 100]   10100   
5_agg_model.fc_layers.Linear_1          [100, 1]      [64, 1]     101   

                                     Mult-Adds  
Layer                                           
0_local_models.0.fc_layers.Linear_0       1100  
1_local_models.0.fc_layers.Linear_1       5000  
2_local_models.1.fc_layers.Linear_0       1000  
3_local_models.1.fc_layers.Linear_1       5000  
4_agg_model.fc_layers.Linear_0           10000  
5_agg_model.fc_layers.Linear_1             100  
--------------------------------------------------------------------------------
                      Totals
Total params           22601
Trainable params       22601
Non-trainable params       0
Mult-Adds              22200
================================================================================
n_classes=2
task=binary_cls
model_name=boone_featuresim_noise_0.2_2022-01-30-21-16-07
sche_threshold=0.0001
sche_patience=10
sche_factor=0.1
use_scheduler=False
num_workers=4
device=cuda:2
test_batch_size=4096
train_batch_size=64
learning_rate=0.001
weight_decay=1e-05
num_epochs=50
model_save_path=ckp/boone_featuresim_noise_0.2_2022-01-30-21-16-07.pth
test_rate=0.2
val_rate=0.1
multiprocess_context=fork
metrics=['accuracy']
metrics_f=[<metric.accuracy.Accuracy object at 0x7fd7f1c3d9d0>]
hidden_sizes=[100, 100]
model=SplitNN(
  (agg_model): MLP(
    (fc_layers): ModuleList(
      (0): Linear(in_features=100, out_features=100, bias=True)
      (1): Linear(in_features=100, out_features=1, bias=True)
    )
  )
  (local_models): ModuleList(
    (0): MLP(
      (fc_layers): ModuleList(
        (0): Linear(in_features=11, out_features=100, bias=True)
        (1): Linear(in_features=100, out_features=50, bias=True)
      )
    )
    (1): MLP(
      (fc_layers): ModuleList(
        (0): Linear(in_features=10, out_features=100, bias=True)
        (1): Linear(in_features=100, out_features=50, bias=True)
      )
    )
  )
)
writer=<torch.utils.tensorboard.writer.SummaryWriter object at 0x7fd7f1c3da00>
dataset_type=syn
drop_key=True
num_common_features=30
tree_radius=2
tree_leaf_size=1000
knn_k=20
grid_min=-10.0
grid_max=10.0
grid_width=1.5
sim_scaler=StandardScaler()
filter_top_k=20
link_n_jobs=1
psig_p=7
sim_leak_p=1.0
link_threshold_t=0.1
link_epsilon=0.1
n_hash_lsh=20
edit_distance_threshold=1
n_hash_func=10
collision_rate=0.05
qgram_q=2
link_delta=0.1
feature_wise_sim=False
blocking_method=knn
center_threshold=0.5
n_clusters=100
local_hidden_sizes=[[100], [100]]
cut_dims=[50, 50]
agg_hidden_sizes=[100]
scale_analysis=None
data1_shape=(130064, 40)
data2_shape=(130064, 40)
Epoch 1: Loss:            : Train 0.4048, Val 0.3466, Test 0.3270
          Accuracy         : Train 0.8177, Val 0.8519, Test 0.8587
Best:
          Accuracy         : Train 0.8177, Val 0.8519, Test 0.8587
Epoch 2: Loss:            : Train 0.3054, Val 0.2888, Test 0.2855
          Accuracy         : Train 0.8721, Val 0.8778, Test 0.8771
Best:
          Accuracy         : Train 0.8721, Val 0.8778, Test 0.8771
Epoch 3: Loss:            : Train 0.2902, Val 0.2917, Test 0.2837
          Accuracy         : Train 0.8800, Val 0.8760, Test 0.8782
Best:
          Accuracy         : Train 0.8721, Val 0.8778, Test 0.8771
Epoch 4: Loss:            : Train 0.2806, Val 0.2729, Test 0.2660
          Accuracy         : Train 0.8847, Val 0.8846, Test 0.8849
Best:
          Accuracy         : Train 0.8847, Val 0.8846, Test 0.8849
Epoch 5: Loss:            : Train 0.2706, Val 0.2858, Test 0.2786
          Accuracy         : Train 0.8895, Val 0.8833, Test 0.8844
Best:
          Accuracy         : Train 0.8847, Val 0.8846, Test 0.8849
Epoch 6: Loss:            : Train 0.2654, Val 0.2588, Test 0.2530
          Accuracy         : Train 0.8914, Val 0.8924, Test 0.8922
Best:
          Accuracy         : Train 0.8914, Val 0.8924, Test 0.8922
Epoch 7: Loss:            : Train 0.2615, Val 0.2634, Test 0.2566
          Accuracy         : Train 0.8932, Val 0.8885, Test 0.8899
Best:
          Accuracy         : Train 0.8914, Val 0.8924, Test 0.8922
Epoch 8: Loss:            : Train 0.2588, Val 0.2548, Test 0.2471
          Accuracy         : Train 0.8948, Val 0.8953, Test 0.8943
Best:
          Accuracy         : Train 0.8948, Val 0.8953, Test 0.8943
Epoch 9: Loss:            : Train 0.2556, Val 0.2589, Test 0.2504
          Accuracy         : Train 0.8964, Val 0.8926, Test 0.8940
Best:
          Accuracy         : Train 0.8948, Val 0.8953, Test 0.8943
Epoch 10: Loss:            : Train 0.2543, Val 0.2638, Test 0.2579
          Accuracy         : Train 0.8966, Val 0.8896, Test 0.8903
Best:
          Accuracy         : Train 0.8948, Val 0.8953, Test 0.8943
Epoch 11: Loss:            : Train 0.2530, Val 0.2724, Test 0.2629
          Accuracy         : Train 0.8980, Val 0.8879, Test 0.8894
Best:
          Accuracy         : Train 0.8948, Val 0.8953, Test 0.8943
Epoch 12: Loss:            : Train 0.2508, Val 0.2558, Test 0.2521
          Accuracy         : Train 0.8987, Val 0.8944, Test 0.8926
Best:
          Accuracy         : Train 0.8948, Val 0.8953, Test 0.8943
Epoch 13: Loss:            : Train 0.2492, Val 0.2549, Test 0.2457
          Accuracy         : Train 0.8991, Val 0.8969, Test 0.8980
Best:
          Accuracy         : Train 0.8991, Val 0.8969, Test 0.8980
Epoch 14: Loss:            : Train 0.2477, Val 0.2600, Test 0.2512
          Accuracy         : Train 0.9003, Val 0.8929, Test 0.8929
Best:
          Accuracy         : Train 0.8991, Val 0.8969, Test 0.8980
Epoch 15: Loss:            : Train 0.2471, Val 0.2456, Test 0.2368
          Accuracy         : Train 0.9005, Val 0.8985, Test 0.9000
Best:
          Accuracy         : Train 0.9005, Val 0.8985, Test 0.9000
Epoch 16: Loss:            : Train 0.2455, Val 0.2467, Test 0.2405
          Accuracy         : Train 0.9007, Val 0.8980, Test 0.8979
Best:
          Accuracy         : Train 0.9005, Val 0.8985, Test 0.9000
Epoch 17: Loss:            : Train 0.2450, Val 0.2490, Test 0.2405
          Accuracy         : Train 0.9010, Val 0.8983, Test 0.8980
Best:
          Accuracy         : Train 0.9005, Val 0.8985, Test 0.9000
Epoch 18: Loss:            : Train 0.2439, Val 0.2530, Test 0.2485
          Accuracy         : Train 0.9019, Val 0.8950, Test 0.8950
Best:
          Accuracy         : Train 0.9005, Val 0.8985, Test 0.9000
Epoch 19: Loss:            : Train 0.2425, Val 0.2504, Test 0.2455
          Accuracy         : Train 0.9022, Val 0.8978, Test 0.8965
Best:
          Accuracy         : Train 0.9005, Val 0.8985, Test 0.9000
Epoch 20: Loss:            : Train 0.2413, Val 0.2477, Test 0.2364
          Accuracy         : Train 0.9031, Val 0.8985, Test 0.9003
Best:
          Accuracy         : Train 0.9005, Val 0.8985, Test 0.9000
Epoch 21: Loss:            : Train 0.2421, Val 0.2429, Test 0.2392
          Accuracy         : Train 0.9023, Val 0.8989, Test 0.8986
Best:
          Accuracy         : Train 0.9023, Val 0.8989, Test 0.8986
Epoch 22: Loss:            : Train 0.2410, Val 0.2434, Test 0.2344
          Accuracy         : Train 0.9035, Val 0.8998, Test 0.9009
Best:
          Accuracy         : Train 0.9035, Val 0.8998, Test 0.9009
Epoch 23: Loss:            : Train 0.2397, Val 0.2472, Test 0.2403
          Accuracy         : Train 0.9039, Val 0.8978, Test 0.8977
Best:
          Accuracy         : Train 0.9035, Val 0.8998, Test 0.9009
Epoch 24: Loss:            : Train 0.2388, Val 0.2770, Test 0.2636
          Accuracy         : Train 0.9039, Val 0.8909, Test 0.8930
Best:
          Accuracy         : Train 0.9035, Val 0.8998, Test 0.9009
Epoch 25: Loss:            : Train 0.2391, Val 0.2470, Test 0.2365
          Accuracy         : Train 0.9036, Val 0.9007, Test 0.9014
Best:
          Accuracy         : Train 0.9036, Val 0.9007, Test 0.9014
Epoch 26: Loss:            : Train 0.2376, Val 0.2457, Test 0.2356
          Accuracy         : Train 0.9050, Val 0.9012, Test 0.9027
Best:
          Accuracy         : Train 0.9050, Val 0.9012, Test 0.9027
Epoch 27: Loss:            : Train 0.2382, Val 0.2402, Test 0.2307
          Accuracy         : Train 0.9047, Val 0.9028, Test 0.9033
Best:
          Accuracy         : Train 0.9047, Val 0.9028, Test 0.9033
Epoch 28: Loss:            : Train 0.2366, Val 0.2630, Test 0.2642
          Accuracy         : Train 0.9054, Val 0.8913, Test 0.8898
Best:
          Accuracy         : Train 0.9047, Val 0.9028, Test 0.9033
Epoch 29: Loss:            : Train 0.2362, Val 0.2385, Test 0.2297
          Accuracy         : Train 0.9055, Val 0.9005, Test 0.9037
Best:
          Accuracy         : Train 0.9047, Val 0.9028, Test 0.9033
Epoch 30: Loss:            : Train 0.2350, Val 0.2455, Test 0.2346
          Accuracy         : Train 0.9058, Val 0.8995, Test 0.9014
Best:
          Accuracy         : Train 0.9047, Val 0.9028, Test 0.9033
Epoch 31: Loss:            : Train 0.2355, Val 0.2448, Test 0.2347
          Accuracy         : Train 0.9058, Val 0.8990, Test 0.9016
Best:
          Accuracy         : Train 0.9047, Val 0.9028, Test 0.9033
Epoch 32: Loss:            : Train 0.2352, Val 0.2436, Test 0.2331
          Accuracy         : Train 0.9056, Val 0.9004, Test 0.9037
Best:
          Accuracy         : Train 0.9047, Val 0.9028, Test 0.9033
Epoch 33: Loss:            : Train 0.2341, Val 0.2501, Test 0.2385
          Accuracy         : Train 0.9061, Val 0.8994, Test 0.9017
Best:
          Accuracy         : Train 0.9047, Val 0.9028, Test 0.9033
Epoch 34: Loss:            : Train 0.2335, Val 0.2435, Test 0.2321
          Accuracy         : Train 0.9063, Val 0.9011, Test 0.9033
Best:
          Accuracy         : Train 0.9047, Val 0.9028, Test 0.9033
Epoch 35: Loss:            : Train 0.2335, Val 0.2414, Test 0.2321
          Accuracy         : Train 0.9069, Val 0.9003, Test 0.9022
Best:
          Accuracy         : Train 0.9047, Val 0.9028, Test 0.9033
Epoch 36: Loss:            : Train 0.2329, Val 0.2363, Test 0.2274
          Accuracy         : Train 0.9063, Val 0.9038, Test 0.9049
Best:
          Accuracy         : Train 0.9063, Val 0.9038, Test 0.9049
Epoch 37: Loss:            : Train 0.2321, Val 0.2463, Test 0.2363
          Accuracy         : Train 0.9069, Val 0.9000, Test 0.9014
Best:
          Accuracy         : Train 0.9063, Val 0.9038, Test 0.9049
Epoch 38: Loss:            : Train 0.2322, Val 0.2441, Test 0.2333
          Accuracy         : Train 0.9072, Val 0.9000, Test 0.9016
Best:
          Accuracy         : Train 0.9063, Val 0.9038, Test 0.9049
Epoch 39: Loss:            : Train 0.2314, Val 0.2410, Test 0.2319
          Accuracy         : Train 0.9072, Val 0.9009, Test 0.9022
Best:
          Accuracy         : Train 0.9063, Val 0.9038, Test 0.9049
Epoch 40: Loss:            : Train 0.2303, Val 0.2449, Test 0.2342
          Accuracy         : Train 0.9078, Val 0.9014, Test 0.9029
Best:
          Accuracy         : Train 0.9063, Val 0.9038, Test 0.9049
Epoch 41: Loss:            : Train 0.2306, Val 0.2498, Test 0.2394
          Accuracy         : Train 0.9078, Val 0.8994, Test 0.9002
Best:
          Accuracy         : Train 0.9063, Val 0.9038, Test 0.9049
Epoch 42: Loss:            : Train 0.2310, Val 0.2359, Test 0.2240
          Accuracy         : Train 0.9075, Val 0.9038, Test 0.9062
Best:
          Accuracy         : Train 0.9075, Val 0.9038, Test 0.9062
Epoch 43: Loss:            : Train 0.2303, Val 0.2511, Test 0.2385
          Accuracy         : Train 0.9074, Val 0.8999, Test 0.9010
Best:
          Accuracy         : Train 0.9075, Val 0.9038, Test 0.9062
Epoch 44: Loss:            : Train 0.2294, Val 0.2509, Test 0.2412
          Accuracy         : Train 0.9087, Val 0.8986, Test 0.9002
Best:
          Accuracy         : Train 0.9075, Val 0.9038, Test 0.9062
Epoch 45: Loss:            : Train 0.2287, Val 0.2335, Test 0.2256
          Accuracy         : Train 0.9085, Val 0.9042, Test 0.9050
Best:
          Accuracy         : Train 0.9085, Val 0.9042, Test 0.9050
Epoch 46: Loss:            : Train 0.2292, Val 0.2453, Test 0.2324
          Accuracy         : Train 0.9086, Val 0.8990, Test 0.9020
Best:
          Accuracy         : Train 0.9085, Val 0.9042, Test 0.9050
Epoch 47: Loss:            : Train 0.2288, Val 0.2502, Test 0.2382
          Accuracy         : Train 0.9083, Val 0.8947, Test 0.8977
Best:
          Accuracy         : Train 0.9085, Val 0.9042, Test 0.9050
Epoch 48: Loss:            : Train 0.2288, Val 0.2464, Test 0.2349
          Accuracy         : Train 0.9082, Val 0.8966, Test 0.8985
Best:
          Accuracy         : Train 0.9085, Val 0.9042, Test 0.9050
Epoch 49: Loss:            : Train 0.2285, Val 0.2438, Test 0.2331
          Accuracy         : Train 0.9082, Val 0.8999, Test 0.9018
Best:
          Accuracy         : Train 0.9085, Val 0.9042, Test 0.9050
Epoch 50: Loss:            : Train 0.2283, Val 0.2378, Test 0.2276
          Accuracy         : Train 0.9092, Val 0.9032, Test 0.9056
Best:
          Accuracy         : Train 0.9085, Val 0.9042, Test 0.9050
Training time (sec): 1851
