Loading parties from cache
Loading data from cache
Done
Calculating noise scale
Adding noise of scale 0.0 to sim_scores
Adding noise of scale 0.0 to sim_scores
Adding noise of scale 0.0 to sim_scores
Filter dataset to top 20
Generating top 20 dataset
Generating top 20 dataset
Generating top 20 dataset
Generating top1 dataset
Generating top1 dataset
Generating top1 dataset
Preparing time (sec): 0
Loading data
Prepare for training
Start training
================================================================================
                                    Kernel Shape Output Shape  Params  \
Layer                                                                   
0_local_models.0.fc_layers.Linear_0     [3, 100]  [4096, 100]     400   
1_local_models.0.fc_layers.Linear_1    [100, 50]   [4096, 50]    5050   
2_local_models.1.fc_layers.Linear_0     [3, 100]  [4096, 100]     400   
3_local_models.1.fc_layers.Linear_1    [100, 50]   [4096, 50]    5050   
4_agg_model.fc_layers.Linear_0        [100, 100]  [4096, 100]   10100   
5_agg_model.fc_layers.Linear_1         [100, 10]   [4096, 10]    1010   

                                     Mult-Adds  
Layer                                           
0_local_models.0.fc_layers.Linear_0        300  
1_local_models.0.fc_layers.Linear_1       5000  
2_local_models.1.fc_layers.Linear_0        300  
3_local_models.1.fc_layers.Linear_1       5000  
4_agg_model.fc_layers.Linear_0           10000  
5_agg_model.fc_layers.Linear_1            1000  
--------------------------------------------------------------------------------
                      Totals
Total params           22010
Trainable params       22010
Non-trainable params       0
Mult-Adds              21600
================================================================================
n_classes=10
task=multi_cls
model_name=frog_top1sim_noise_0.2_2022-01-29-17-22-11
sche_threshold=0.0001
sche_patience=10
sche_factor=0.1
use_scheduler=False
num_workers=4
device=cuda:7
test_batch_size=4096
train_batch_size=4096
learning_rate=0.03
weight_decay=0.001
num_epochs=200
model_save_path=ckp/frog_top1sim_noise_0.2_2022-01-29-17-22-11.pth
test_rate=0.2
val_rate=0.2
multiprocess_context=fork
metrics=['accuracy']
metrics_f=[<metric.accuracy.Accuracy object at 0x7fc3c3dbecd0>]
hidden_sizes=[200, 100]
model=SplitNN(
  (agg_model): MLP(
    (fc_layers): ModuleList(
      (0): Linear(in_features=100, out_features=100, bias=True)
      (1): Linear(in_features=100, out_features=10, bias=True)
    )
  )
  (local_models): ModuleList(
    (0): MLP(
      (fc_layers): ModuleList(
        (0): Linear(in_features=3, out_features=100, bias=True)
        (1): Linear(in_features=100, out_features=50, bias=True)
      )
    )
    (1): MLP(
      (fc_layers): ModuleList(
        (0): Linear(in_features=3, out_features=100, bias=True)
        (1): Linear(in_features=100, out_features=50, bias=True)
      )
    )
  )
)
writer=<torch.utils.tensorboard.writer.SummaryWriter object at 0x7fc3c3dbef40>
dataset_type=syn
drop_key=True
num_common_features=16
tree_radius=2
tree_leaf_size=1000
knn_k=20
grid_min=-10.0
grid_max=10.0
grid_width=1.5
sim_scaler=StandardScaler()
filter_top_k=20
link_n_jobs=1
psig_p=7
sim_leak_p=1.0
link_threshold_t=0.1
link_epsilon=0.1
n_hash_lsh=20
edit_distance_threshold=1
n_hash_func=10
collision_rate=0.05
qgram_q=2
link_delta=0.1
feature_wise_sim=False
blocking_method=knn
center_threshold=0.5
n_clusters=100
local_hidden_sizes=[[100], [100]]
cut_dims=[50, 50]
agg_hidden_sizes=[100]
scale_analysis=None
data1_shape=(7195, 19)
data2_shape=(7195, 19)
Epoch 1: Loss:            : Train 0.0000, Val 2.1858, Test 2.1872
          Accuracy         : Train 0.0792, Val 0.4802, Test 0.4837
Best:
          Accuracy         : Train 0.0792, Val 0.4802, Test 0.4837
Epoch 2: Loss:            : Train 0.0000, Val 1.9522, Test 1.9554
          Accuracy         : Train 0.4844, Val 0.4802, Test 0.4837
Best:
          Accuracy         : Train 0.0792, Val 0.4802, Test 0.4837
Epoch 3: Loss:            : Train 0.0000, Val 1.7192, Test 1.7286
          Accuracy         : Train 0.4844, Val 0.4802, Test 0.4837
Best:
          Accuracy         : Train 0.0792, Val 0.4802, Test 0.4837
Epoch 4: Loss:            : Train 0.0000, Val 1.7834, Test 1.8062
          Accuracy         : Train 0.4844, Val 0.4802, Test 0.4837
Best:
          Accuracy         : Train 0.0792, Val 0.4802, Test 0.4837
Epoch 5: Loss:            : Train 0.0000, Val 1.6182, Test 1.6408
          Accuracy         : Train 0.4844, Val 0.4802, Test 0.4837
Best:
          Accuracy         : Train 0.0792, Val 0.4802, Test 0.4837
Epoch 6: Loss:            : Train 0.0000, Val 1.6066, Test 1.6143
          Accuracy         : Train 0.4844, Val 0.4816, Test 0.4837
Best:
          Accuracy         : Train 0.4844, Val 0.4816, Test 0.4837
Epoch 7: Loss:            : Train 0.0000, Val 1.5506, Test 1.5453
          Accuracy         : Train 0.4844, Val 0.4802, Test 0.4837
Best:
          Accuracy         : Train 0.4844, Val 0.4816, Test 0.4837
Epoch 8: Loss:            : Train 0.0000, Val 1.4561, Test 1.4531
          Accuracy         : Train 0.4844, Val 0.4816, Test 0.4837
Best:
          Accuracy         : Train 0.4844, Val 0.4816, Test 0.4837
Epoch 9: Loss:            : Train 0.0000, Val 1.3774, Test 1.3802
          Accuracy         : Train 0.4846, Val 0.4816, Test 0.4844
Best:
          Accuracy         : Train 0.4844, Val 0.4816, Test 0.4837
Epoch 10: Loss:            : Train 0.0000, Val 1.2641, Test 1.2560
          Accuracy         : Train 0.4853, Val 0.5657, Test 0.5566
Best:
          Accuracy         : Train 0.4853, Val 0.5657, Test 0.5566
Epoch 11: Loss:            : Train 0.0000, Val 1.1876, Test 1.1655
          Accuracy         : Train 0.5969, Val 0.6935, Test 0.6525
Best:
          Accuracy         : Train 0.5969, Val 0.6935, Test 0.6525
Epoch 12: Loss:            : Train 0.0000, Val 1.1040, Test 1.1211
          Accuracy         : Train 0.6718, Val 0.6762, Test 0.6421
Best:
          Accuracy         : Train 0.5969, Val 0.6935, Test 0.6525
Epoch 13: Loss:            : Train 0.0000, Val 1.0259, Test 1.0312
          Accuracy         : Train 0.6787, Val 0.7290, Test 0.6928
Best:
          Accuracy         : Train 0.6787, Val 0.7290, Test 0.6928
Epoch 14: Loss:            : Train 0.0000, Val 1.0032, Test 0.9718
          Accuracy         : Train 0.7049, Val 0.7325, Test 0.7415
Best:
          Accuracy         : Train 0.7049, Val 0.7325, Test 0.7415
Epoch 15: Loss:            : Train 0.0000, Val 0.9763, Test 0.9897
          Accuracy         : Train 0.7420, Val 0.7345, Test 0.7290
Best:
          Accuracy         : Train 0.7420, Val 0.7345, Test 0.7290
Epoch 16: Loss:            : Train 0.0000, Val 0.9370, Test 0.9106
          Accuracy         : Train 0.7260, Val 0.7345, Test 0.7644
Best:
          Accuracy         : Train 0.7420, Val 0.7345, Test 0.7290
Epoch 17: Loss:            : Train 0.0000, Val 0.9209, Test 0.8589
          Accuracy         : Train 0.7584, Val 0.7262, Test 0.7721
Best:
          Accuracy         : Train 0.7420, Val 0.7345, Test 0.7290
Epoch 18: Loss:            : Train 0.0000, Val 0.9253, Test 0.8954
          Accuracy         : Train 0.7582, Val 0.7033, Test 0.7665
Best:
          Accuracy         : Train 0.7420, Val 0.7345, Test 0.7290
Epoch 19: Loss:            : Train 0.0000, Val 0.9619, Test 0.8412
          Accuracy         : Train 0.7575, Val 0.7290, Test 0.7512
Best:
          Accuracy         : Train 0.7420, Val 0.7345, Test 0.7290
Epoch 20: Loss:            : Train 0.0000, Val 0.8836, Test 0.8483
          Accuracy         : Train 0.7487, Val 0.7144, Test 0.7707
Best:
          Accuracy         : Train 0.7420, Val 0.7345, Test 0.7290
Epoch 21: Loss:            : Train 0.0000, Val 0.9602, Test 0.8396
          Accuracy         : Train 0.7647, Val 0.7331, Test 0.7693
Best:
          Accuracy         : Train 0.7420, Val 0.7345, Test 0.7290
Epoch 22: Loss:            : Train 0.0000, Val 0.8543, Test 0.8391
          Accuracy         : Train 0.7839, Val 0.7387, Test 0.7491
Best:
          Accuracy         : Train 0.7839, Val 0.7387, Test 0.7491
Epoch 23: Loss:            : Train 0.0000, Val 0.8478, Test 0.7572
          Accuracy         : Train 0.7830, Val 0.7575, Test 0.7922
Best:
          Accuracy         : Train 0.7830, Val 0.7575, Test 0.7922
Epoch 24: Loss:            : Train 0.0000, Val 0.8004, Test 0.8032
          Accuracy         : Train 0.7971, Val 0.7526, Test 0.7741
Best:
          Accuracy         : Train 0.7830, Val 0.7575, Test 0.7922
Epoch 25: Loss:            : Train 0.0000, Val 0.7522, Test 0.7363
          Accuracy         : Train 0.7864, Val 0.7804, Test 0.7880
Best:
          Accuracy         : Train 0.7864, Val 0.7804, Test 0.7880
Epoch 26: Loss:            : Train 0.0000, Val 0.7532, Test 0.7101
          Accuracy         : Train 0.8001, Val 0.7880, Test 0.8165
Best:
          Accuracy         : Train 0.8001, Val 0.7880, Test 0.8165
Epoch 27: Loss:            : Train 0.0000, Val 0.7130, Test 0.7305
          Accuracy         : Train 0.8214, Val 0.7867, Test 0.8235
Best:
          Accuracy         : Train 0.8001, Val 0.7880, Test 0.8165
Epoch 28: Loss:            : Train 0.0000, Val 0.7463, Test 0.6915
          Accuracy         : Train 0.8209, Val 0.7700, Test 0.7957
Best:
          Accuracy         : Train 0.8001, Val 0.7880, Test 0.8165
Epoch 29: Loss:            : Train 0.0000, Val 0.7067, Test 0.6845
          Accuracy         : Train 0.8135, Val 0.7769, Test 0.8214
Best:
          Accuracy         : Train 0.8001, Val 0.7880, Test 0.8165
Epoch 30: Loss:            : Train 0.0000, Val 0.7341, Test 0.6782
          Accuracy         : Train 0.8237, Val 0.7811, Test 0.8186
Best:
          Accuracy         : Train 0.8001, Val 0.7880, Test 0.8165
Epoch 31: Loss:            : Train 0.0000, Val 0.7147, Test 0.7535
          Accuracy         : Train 0.8284, Val 0.7735, Test 0.7721
Best:
          Accuracy         : Train 0.8001, Val 0.7880, Test 0.8165
Epoch 32: Loss:            : Train 0.0000, Val 0.6838, Test 0.6428
          Accuracy         : Train 0.8110, Val 0.7894, Test 0.8311
Best:
          Accuracy         : Train 0.8110, Val 0.7894, Test 0.8311
Epoch 33: Loss:            : Train 0.0000, Val 0.6680, Test 0.6466
          Accuracy         : Train 0.8392, Val 0.7832, Test 0.8165
Best:
          Accuracy         : Train 0.8110, Val 0.7894, Test 0.8311
Epoch 34: Loss:            : Train 0.0000, Val 0.6617, Test 0.6556
          Accuracy         : Train 0.8297, Val 0.8054, Test 0.8200
Best:
          Accuracy         : Train 0.8297, Val 0.8054, Test 0.8200
Epoch 35: Loss:            : Train 0.0000, Val 0.6526, Test 0.6777
          Accuracy         : Train 0.8376, Val 0.8131, Test 0.8019
Best:
          Accuracy         : Train 0.8376, Val 0.8131, Test 0.8019
Epoch 36: Loss:            : Train 0.0000, Val 0.7141, Test 0.7387
          Accuracy         : Train 0.8251, Val 0.7971, Test 0.7846
Best:
          Accuracy         : Train 0.8376, Val 0.8131, Test 0.8019
Epoch 37: Loss:            : Train 0.0000, Val 0.7043, Test 0.6598
          Accuracy         : Train 0.8233, Val 0.7832, Test 0.8228
Best:
          Accuracy         : Train 0.8376, Val 0.8131, Test 0.8019
Epoch 38: Loss:            : Train 0.0000, Val 0.7383, Test 0.7480
          Accuracy         : Train 0.8334, Val 0.7839, Test 0.8075
Best:
          Accuracy         : Train 0.8376, Val 0.8131, Test 0.8019
Epoch 39: Loss:            : Train 0.0000, Val 0.6637, Test 0.6448
          Accuracy         : Train 0.8101, Val 0.7894, Test 0.8026
Best:
          Accuracy         : Train 0.8376, Val 0.8131, Test 0.8019
Epoch 40: Loss:            : Train 0.0000, Val 0.6481, Test 0.6331
          Accuracy         : Train 0.8302, Val 0.8151, Test 0.8332
Best:
          Accuracy         : Train 0.8302, Val 0.8151, Test 0.8332
Epoch 41: Loss:            : Train 0.0000, Val 0.6655, Test 0.6949
          Accuracy         : Train 0.8423, Val 0.7964, Test 0.8221
Best:
          Accuracy         : Train 0.8302, Val 0.8151, Test 0.8332
Epoch 42: Loss:            : Train 0.0000, Val 0.6802, Test 0.6268
          Accuracy         : Train 0.8351, Val 0.8013, Test 0.8416
Best:
          Accuracy         : Train 0.8302, Val 0.8151, Test 0.8332
Epoch 43: Loss:            : Train 0.0000, Val 0.6023, Test 0.5988
          Accuracy         : Train 0.8450, Val 0.8110, Test 0.8277
Best:
          Accuracy         : Train 0.8302, Val 0.8151, Test 0.8332
Epoch 44: Loss:            : Train 0.0000, Val 0.6393, Test 0.6712
          Accuracy         : Train 0.8527, Val 0.8158, Test 0.8033
Best:
          Accuracy         : Train 0.8527, Val 0.8158, Test 0.8033
Epoch 45: Loss:            : Train 0.0000, Val 0.6226, Test 0.6204
          Accuracy         : Train 0.8367, Val 0.8075, Test 0.8360
Best:
          Accuracy         : Train 0.8527, Val 0.8158, Test 0.8033
Epoch 46: Loss:            : Train 0.0000, Val 0.6099, Test 0.6177
          Accuracy         : Train 0.8557, Val 0.8172, Test 0.8367
Best:
          Accuracy         : Train 0.8557, Val 0.8172, Test 0.8367
Epoch 47: Loss:            : Train 0.0000, Val 0.6286, Test 0.6514
          Accuracy         : Train 0.8599, Val 0.8103, Test 0.8325
Best:
          Accuracy         : Train 0.8557, Val 0.8172, Test 0.8367
Epoch 48: Loss:            : Train 0.0000, Val 0.6363, Test 0.6239
          Accuracy         : Train 0.8511, Val 0.8033, Test 0.8360
Best:
          Accuracy         : Train 0.8557, Val 0.8172, Test 0.8367
Epoch 49: Loss:            : Train 0.0000, Val 0.6258, Test 0.6210
          Accuracy         : Train 0.8575, Val 0.8138, Test 0.8249
Best:
          Accuracy         : Train 0.8557, Val 0.8172, Test 0.8367
Epoch 50: Loss:            : Train 0.0000, Val 0.6659, Test 0.7049
          Accuracy         : Train 0.8575, Val 0.8138, Test 0.8075
Best:
          Accuracy         : Train 0.8557, Val 0.8172, Test 0.8367
Epoch 51: Loss:            : Train 0.0000, Val 0.6563, Test 0.6153
          Accuracy         : Train 0.8555, Val 0.7943, Test 0.8429
Best:
          Accuracy         : Train 0.8557, Val 0.8172, Test 0.8367
Epoch 52: Loss:            : Train 0.0000, Val 0.6437, Test 0.6371
          Accuracy         : Train 0.8504, Val 0.7867, Test 0.8193
Best:
          Accuracy         : Train 0.8557, Val 0.8172, Test 0.8367
Epoch 53: Loss:            : Train 0.0000, Val 0.7084, Test 0.6636
          Accuracy         : Train 0.8564, Val 0.7957, Test 0.8207
Best:
          Accuracy         : Train 0.8557, Val 0.8172, Test 0.8367
Epoch 54: Loss:            : Train 0.0000, Val 0.6261, Test 0.6431
          Accuracy         : Train 0.8559, Val 0.8263, Test 0.8193
Best:
          Accuracy         : Train 0.8559, Val 0.8263, Test 0.8193
Epoch 55: Loss:            : Train 0.0000, Val 0.6637, Test 0.6160
          Accuracy         : Train 0.8573, Val 0.7880, Test 0.8346
Best:
          Accuracy         : Train 0.8559, Val 0.8263, Test 0.8193
Epoch 56: Loss:            : Train 0.0000, Val 0.6667, Test 0.6289
          Accuracy         : Train 0.8599, Val 0.7867, Test 0.8353
Best:
          Accuracy         : Train 0.8559, Val 0.8263, Test 0.8193
Epoch 57: Loss:            : Train 0.0000, Val 0.6198, Test 0.6057
          Accuracy         : Train 0.8575, Val 0.7971, Test 0.8374
Best:
          Accuracy         : Train 0.8559, Val 0.8263, Test 0.8193
Epoch 58: Loss:            : Train 0.0000, Val 0.6460, Test 0.6273
          Accuracy         : Train 0.8791, Val 0.7915, Test 0.8242
Best:
          Accuracy         : Train 0.8559, Val 0.8263, Test 0.8193
Epoch 59: Loss:            : Train 0.0000, Val 0.6426, Test 0.6456
          Accuracy         : Train 0.8666, Val 0.7999, Test 0.8221
Best:
          Accuracy         : Train 0.8559, Val 0.8263, Test 0.8193
Epoch 60: Loss:            : Train 0.0000, Val 0.6245, Test 0.6394
          Accuracy         : Train 0.8626, Val 0.8068, Test 0.8214
Best:
          Accuracy         : Train 0.8559, Val 0.8263, Test 0.8193
Epoch 61: Loss:            : Train 0.0000, Val 0.6298, Test 0.5647
          Accuracy         : Train 0.8656, Val 0.8172, Test 0.8506
Best:
          Accuracy         : Train 0.8559, Val 0.8263, Test 0.8193
Epoch 62: Loss:            : Train 0.0000, Val 0.5955, Test 0.5760
          Accuracy         : Train 0.8663, Val 0.8270, Test 0.8534
Best:
          Accuracy         : Train 0.8663, Val 0.8270, Test 0.8534
Epoch 63: Loss:            : Train 0.0000, Val 0.6668, Test 0.6187
          Accuracy         : Train 0.8694, Val 0.8068, Test 0.8416
Best:
          Accuracy         : Train 0.8663, Val 0.8270, Test 0.8534
Epoch 64: Loss:            : Train 0.0000, Val 0.6291, Test 0.6247
          Accuracy         : Train 0.8705, Val 0.8179, Test 0.8367
Best:
          Accuracy         : Train 0.8663, Val 0.8270, Test 0.8534
Epoch 65: Loss:            : Train 0.0000, Val 0.6899, Test 0.6453
          Accuracy         : Train 0.8673, Val 0.7964, Test 0.8221
Best:
          Accuracy         : Train 0.8663, Val 0.8270, Test 0.8534
Epoch 66: Loss:            : Train 0.0000, Val 0.5949, Test 0.6003
          Accuracy         : Train 0.8633, Val 0.8061, Test 0.8339
Best:
          Accuracy         : Train 0.8663, Val 0.8270, Test 0.8534
Epoch 67: Loss:            : Train 0.0000, Val 0.6209, Test 0.6234
          Accuracy         : Train 0.8687, Val 0.8117, Test 0.8520
Best:
          Accuracy         : Train 0.8663, Val 0.8270, Test 0.8534
Epoch 68: Loss:            : Train 0.0000, Val 0.6482, Test 0.6536
          Accuracy         : Train 0.8633, Val 0.7978, Test 0.8172
Best:
          Accuracy         : Train 0.8663, Val 0.8270, Test 0.8534
Epoch 69: Loss:            : Train 0.0000, Val 0.6306, Test 0.6302
          Accuracy         : Train 0.8596, Val 0.7957, Test 0.8339
Best:
          Accuracy         : Train 0.8663, Val 0.8270, Test 0.8534
Epoch 70: Loss:            : Train 0.0000, Val 0.6235, Test 0.6173
          Accuracy         : Train 0.8731, Val 0.8006, Test 0.8423
Best:
          Accuracy         : Train 0.8663, Val 0.8270, Test 0.8534
Epoch 71: Loss:            : Train 0.0000, Val 0.6904, Test 0.7100
          Accuracy         : Train 0.8675, Val 0.8089, Test 0.8311
Best:
          Accuracy         : Train 0.8663, Val 0.8270, Test 0.8534
Epoch 72: Loss:            : Train 0.0000, Val 0.6533, Test 0.6639
          Accuracy         : Train 0.8573, Val 0.7922, Test 0.8388
Best:
          Accuracy         : Train 0.8663, Val 0.8270, Test 0.8534
Epoch 73: Loss:            : Train 0.0000, Val 0.6239, Test 0.6197
          Accuracy         : Train 0.8756, Val 0.8019, Test 0.8457
Best:
          Accuracy         : Train 0.8663, Val 0.8270, Test 0.8534
Epoch 74: Loss:            : Train 0.0000, Val 0.6437, Test 0.6385
          Accuracy         : Train 0.8696, Val 0.8179, Test 0.8506
Best:
          Accuracy         : Train 0.8663, Val 0.8270, Test 0.8534
Epoch 75: Loss:            : Train 0.0000, Val 0.7290, Test 0.6829
          Accuracy         : Train 0.8789, Val 0.7901, Test 0.8374
Best:
          Accuracy         : Train 0.8663, Val 0.8270, Test 0.8534
Epoch 76: Loss:            : Train 0.0000, Val 0.6465, Test 0.6491
          Accuracy         : Train 0.8592, Val 0.7915, Test 0.8464
Best:
          Accuracy         : Train 0.8663, Val 0.8270, Test 0.8534
Epoch 77: Loss:            : Train 0.0000, Val 0.7131, Test 0.6083
          Accuracy         : Train 0.8717, Val 0.7922, Test 0.8409
Best:
          Accuracy         : Train 0.8663, Val 0.8270, Test 0.8534
Epoch 78: Loss:            : Train 0.0000, Val 0.6410, Test 0.6479
          Accuracy         : Train 0.8656, Val 0.8138, Test 0.8242
Best:
          Accuracy         : Train 0.8663, Val 0.8270, Test 0.8534
Epoch 79: Loss:            : Train 0.0000, Val 0.6789, Test 0.6489
          Accuracy         : Train 0.8765, Val 0.7999, Test 0.8353
Best:
          Accuracy         : Train 0.8663, Val 0.8270, Test 0.8534
Epoch 80: Loss:            : Train 0.0000, Val 0.5990, Test 0.6071
          Accuracy         : Train 0.8494, Val 0.8207, Test 0.8270
Best:
          Accuracy         : Train 0.8663, Val 0.8270, Test 0.8534
Epoch 81: Loss:            : Train 0.0000, Val 0.6372, Test 0.6332
          Accuracy         : Train 0.8682, Val 0.8193, Test 0.8235
Best:
          Accuracy         : Train 0.8663, Val 0.8270, Test 0.8534
Epoch 82: Loss:            : Train 0.0000, Val 0.7242, Test 0.6300
          Accuracy         : Train 0.8684, Val 0.7832, Test 0.8318
Best:
          Accuracy         : Train 0.8663, Val 0.8270, Test 0.8534
Epoch 83: Loss:            : Train 0.0000, Val 0.6184, Test 0.5534
          Accuracy         : Train 0.8698, Val 0.8138, Test 0.8520
Best:
          Accuracy         : Train 0.8663, Val 0.8270, Test 0.8534
Epoch 84: Loss:            : Train 0.0000, Val 0.6378, Test 0.6029
          Accuracy         : Train 0.8802, Val 0.8006, Test 0.8263
Best:
          Accuracy         : Train 0.8663, Val 0.8270, Test 0.8534
Epoch 85: Loss:            : Train 0.0000, Val 0.6916, Test 0.5733
          Accuracy         : Train 0.8747, Val 0.7929, Test 0.8388
Best:
          Accuracy         : Train 0.8663, Val 0.8270, Test 0.8534
Epoch 86: Loss:            : Train 0.0000, Val 0.6633, Test 0.5943
          Accuracy         : Train 0.8624, Val 0.7992, Test 0.8457
Best:
          Accuracy         : Train 0.8663, Val 0.8270, Test 0.8534
Epoch 87: Loss:            : Train 0.0000, Val 0.7096, Test 0.6120
          Accuracy         : Train 0.8700, Val 0.7964, Test 0.8436
Best:
          Accuracy         : Train 0.8663, Val 0.8270, Test 0.8534
Epoch 88: Loss:            : Train 0.0000, Val 0.6898, Test 0.6526
          Accuracy         : Train 0.8758, Val 0.8040, Test 0.8436
Best:
          Accuracy         : Train 0.8663, Val 0.8270, Test 0.8534
Epoch 89: Loss:            : Train 0.0000, Val 0.6106, Test 0.6452
          Accuracy         : Train 0.8707, Val 0.8249, Test 0.8402
Best:
          Accuracy         : Train 0.8663, Val 0.8270, Test 0.8534
Epoch 90: Loss:            : Train 0.0000, Val 0.6116, Test 0.6335
          Accuracy         : Train 0.8823, Val 0.8221, Test 0.8297
Best:
          Accuracy         : Train 0.8663, Val 0.8270, Test 0.8534
Epoch 91: Loss:            : Train 0.0000, Val 0.6423, Test 0.6011
          Accuracy         : Train 0.8735, Val 0.8033, Test 0.8471
Best:
          Accuracy         : Train 0.8663, Val 0.8270, Test 0.8534
Epoch 92: Loss:            : Train 0.0000, Val 0.5859, Test 0.6159
          Accuracy         : Train 0.8724, Val 0.8172, Test 0.8423
Best:
          Accuracy         : Train 0.8663, Val 0.8270, Test 0.8534
Epoch 93: Loss:            : Train 0.0000, Val 0.6734, Test 0.6160
          Accuracy         : Train 0.8765, Val 0.7929, Test 0.8436
Best:
          Accuracy         : Train 0.8663, Val 0.8270, Test 0.8534
Epoch 94: Loss:            : Train 0.0000, Val 0.6508, Test 0.6658
          Accuracy         : Train 0.8754, Val 0.8075, Test 0.8464
Best:
          Accuracy         : Train 0.8663, Val 0.8270, Test 0.8534
Epoch 95: Loss:            : Train 0.0000, Val 0.6787, Test 0.6454
          Accuracy         : Train 0.8724, Val 0.8061, Test 0.8388
Best:
          Accuracy         : Train 0.8663, Val 0.8270, Test 0.8534
Epoch 96: Loss:            : Train 0.0000, Val 0.6700, Test 0.5914
          Accuracy         : Train 0.8772, Val 0.7971, Test 0.8416
Best:
          Accuracy         : Train 0.8663, Val 0.8270, Test 0.8534
Epoch 97: Loss:            : Train 0.0000, Val 0.7206, Test 0.7346
          Accuracy         : Train 0.8874, Val 0.7651, Test 0.8270
Best:
          Accuracy         : Train 0.8663, Val 0.8270, Test 0.8534
Epoch 98: Loss:            : Train 0.0000, Val 0.7894, Test 0.6971
          Accuracy         : Train 0.8744, Val 0.7748, Test 0.8318
Best:
          Accuracy         : Train 0.8663, Val 0.8270, Test 0.8534
Epoch 99: Loss:            : Train 0.0000, Val 0.7143, Test 0.7239
          Accuracy         : Train 0.8638, Val 0.7839, Test 0.8207
Best:
          Accuracy         : Train 0.8663, Val 0.8270, Test 0.8534
Epoch 100: Loss:            : Train 0.0000, Val 0.7424, Test 0.6185
          Accuracy         : Train 0.8652, Val 0.7825, Test 0.8131
Best:
          Accuracy         : Train 0.8663, Val 0.8270, Test 0.8534
Epoch 101: Loss:            : Train 0.0000, Val 0.6304, Test 0.6448
          Accuracy         : Train 0.8633, Val 0.8103, Test 0.8304
Best:
          Accuracy         : Train 0.8663, Val 0.8270, Test 0.8534
Epoch 102: Loss:            : Train 0.0000, Val 0.8311, Test 0.7606
          Accuracy         : Train 0.8710, Val 0.7568, Test 0.8006
Best:
          Accuracy         : Train 0.8663, Val 0.8270, Test 0.8534
Epoch 103: Loss:            : Train 0.0000, Val 0.6534, Test 0.6294
          Accuracy         : Train 0.8446, Val 0.8110, Test 0.8304
Best:
          Accuracy         : Train 0.8663, Val 0.8270, Test 0.8534
Epoch 104: Loss:            : Train 0.0000, Val 0.6676, Test 0.6537
          Accuracy         : Train 0.8694, Val 0.7943, Test 0.8332
Best:
          Accuracy         : Train 0.8663, Val 0.8270, Test 0.8534
Epoch 105: Loss:            : Train 0.0000, Val 0.7382, Test 0.7024
          Accuracy         : Train 0.8566, Val 0.8110, Test 0.8318
Best:
          Accuracy         : Train 0.8663, Val 0.8270, Test 0.8534
Epoch 106: Loss:            : Train 0.0000, Val 0.6299, Test 0.6266
          Accuracy         : Train 0.8589, Val 0.8131, Test 0.8360
Best:
          Accuracy         : Train 0.8663, Val 0.8270, Test 0.8534
Epoch 107: Loss:            : Train 0.0000, Val 0.6129, Test 0.6161
          Accuracy         : Train 0.8772, Val 0.7999, Test 0.8339
Best:
          Accuracy         : Train 0.8663, Val 0.8270, Test 0.8534
Epoch 108: Loss:            : Train 0.0000, Val 0.6044, Test 0.6264
          Accuracy         : Train 0.8673, Val 0.8353, Test 0.8304
Best:
          Accuracy         : Train 0.8673, Val 0.8353, Test 0.8304
Epoch 109: Loss:            : Train 0.0000, Val 0.6188, Test 0.5826
          Accuracy         : Train 0.8698, Val 0.8228, Test 0.8457
Best:
          Accuracy         : Train 0.8673, Val 0.8353, Test 0.8304
Epoch 110: Loss:            : Train 0.0000, Val 0.7185, Test 0.6825
          Accuracy         : Train 0.8870, Val 0.8075, Test 0.8346
Best:
          Accuracy         : Train 0.8673, Val 0.8353, Test 0.8304
Epoch 111: Loss:            : Train 0.0000, Val 0.6550, Test 0.6550
          Accuracy         : Train 0.8545, Val 0.8006, Test 0.8416
Best:
          Accuracy         : Train 0.8673, Val 0.8353, Test 0.8304
Epoch 112: Loss:            : Train 0.0000, Val 0.6049, Test 0.5948
          Accuracy         : Train 0.8638, Val 0.8075, Test 0.8395
Best:
          Accuracy         : Train 0.8673, Val 0.8353, Test 0.8304
Epoch 113: Loss:            : Train 0.0000, Val 0.5948, Test 0.6283
          Accuracy         : Train 0.8761, Val 0.8290, Test 0.8374
Best:
          Accuracy         : Train 0.8673, Val 0.8353, Test 0.8304
Epoch 114: Loss:            : Train 0.0000, Val 0.6150, Test 0.6097
          Accuracy         : Train 0.8807, Val 0.8151, Test 0.8277
Best:
          Accuracy         : Train 0.8673, Val 0.8353, Test 0.8304
Epoch 115: Loss:            : Train 0.0000, Val 0.6237, Test 0.6081
          Accuracy         : Train 0.8629, Val 0.8006, Test 0.8242
Best:
          Accuracy         : Train 0.8673, Val 0.8353, Test 0.8304
Epoch 116: Loss:            : Train 0.0000, Val 0.6819, Test 0.6689
          Accuracy         : Train 0.8698, Val 0.8068, Test 0.8228
Best:
          Accuracy         : Train 0.8673, Val 0.8353, Test 0.8304
Epoch 117: Loss:            : Train 0.0000, Val 0.6742, Test 0.6021
          Accuracy         : Train 0.8571, Val 0.8096, Test 0.8520
Best:
          Accuracy         : Train 0.8673, Val 0.8353, Test 0.8304
Epoch 118: Loss:            : Train 0.0000, Val 0.6702, Test 0.6076
          Accuracy         : Train 0.8645, Val 0.8124, Test 0.8388
Best:
          Accuracy         : Train 0.8673, Val 0.8353, Test 0.8304
Epoch 119: Loss:            : Train 0.0000, Val 0.6400, Test 0.6155
          Accuracy         : Train 0.8765, Val 0.8290, Test 0.8443
Best:
          Accuracy         : Train 0.8673, Val 0.8353, Test 0.8304
Epoch 120: Loss:            : Train 0.0000, Val 0.6458, Test 0.6971
          Accuracy         : Train 0.8754, Val 0.8179, Test 0.8235
Best:
          Accuracy         : Train 0.8673, Val 0.8353, Test 0.8304
Epoch 121: Loss:            : Train 0.0000, Val 0.7529, Test 0.7263
          Accuracy         : Train 0.8786, Val 0.7922, Test 0.7985
Best:
          Accuracy         : Train 0.8673, Val 0.8353, Test 0.8304
Epoch 122: Loss:            : Train 0.0000, Val 0.6483, Test 0.6264
          Accuracy         : Train 0.8538, Val 0.7992, Test 0.8290
Best:
          Accuracy         : Train 0.8673, Val 0.8353, Test 0.8304
Epoch 123: Loss:            : Train 0.0000, Val 0.6759, Test 0.5856
          Accuracy         : Train 0.8814, Val 0.7992, Test 0.8485
Best:
          Accuracy         : Train 0.8673, Val 0.8353, Test 0.8304
Epoch 124: Loss:            : Train 0.0000, Val 0.7291, Test 0.6557
          Accuracy         : Train 0.8756, Val 0.8019, Test 0.8402
Best:
          Accuracy         : Train 0.8673, Val 0.8353, Test 0.8304
Epoch 125: Loss:            : Train 0.0000, Val 0.6906, Test 0.5286
          Accuracy         : Train 0.8756, Val 0.7971, Test 0.8478
Best:
          Accuracy         : Train 0.8673, Val 0.8353, Test 0.8304
Epoch 126: Loss:            : Train 0.0000, Val 0.6690, Test 0.5896
          Accuracy         : Train 0.8814, Val 0.8075, Test 0.8429
Best:
          Accuracy         : Train 0.8673, Val 0.8353, Test 0.8304
Epoch 127: Loss:            : Train 0.0000, Val 0.6585, Test 0.6378
          Accuracy         : Train 0.8740, Val 0.8263, Test 0.8409
Best:
          Accuracy         : Train 0.8673, Val 0.8353, Test 0.8304
Epoch 128: Loss:            : Train 0.0000, Val 0.6910, Test 0.5875
          Accuracy         : Train 0.8768, Val 0.8026, Test 0.8402
Best:
          Accuracy         : Train 0.8673, Val 0.8353, Test 0.8304
Epoch 129: Loss:            : Train 0.0000, Val 0.5961, Test 0.6015
          Accuracy         : Train 0.8828, Val 0.8339, Test 0.8485
Best:
          Accuracy         : Train 0.8673, Val 0.8353, Test 0.8304
Epoch 130: Loss:            : Train 0.0000, Val 0.6312, Test 0.5455
          Accuracy         : Train 0.8853, Val 0.8124, Test 0.8471
Best:
          Accuracy         : Train 0.8673, Val 0.8353, Test 0.8304
Epoch 131: Loss:            : Train 0.0000, Val 0.7327, Test 0.6041
          Accuracy         : Train 0.8765, Val 0.7874, Test 0.8304
Best:
          Accuracy         : Train 0.8673, Val 0.8353, Test 0.8304
Epoch 132: Loss:            : Train 0.0000, Val 0.6752, Test 0.6340
          Accuracy         : Train 0.8735, Val 0.8179, Test 0.8270
Best:
          Accuracy         : Train 0.8673, Val 0.8353, Test 0.8304
Epoch 133: Loss:            : Train 0.0000, Val 0.6754, Test 0.6162
          Accuracy         : Train 0.8784, Val 0.8033, Test 0.8353
Best:
          Accuracy         : Train 0.8673, Val 0.8353, Test 0.8304
Epoch 134: Loss:            : Train 0.0000, Val 0.7621, Test 0.6344
          Accuracy         : Train 0.8747, Val 0.7880, Test 0.8297
Best:
          Accuracy         : Train 0.8673, Val 0.8353, Test 0.8304
Epoch 135: Loss:            : Train 0.0000, Val 0.8021, Test 0.6647
          Accuracy         : Train 0.8724, Val 0.7776, Test 0.8277
Best:
          Accuracy         : Train 0.8673, Val 0.8353, Test 0.8304
Epoch 136: Loss:            : Train 0.0000, Val 0.7020, Test 0.6696
          Accuracy         : Train 0.8768, Val 0.7887, Test 0.8047
Best:
          Accuracy         : Train 0.8673, Val 0.8353, Test 0.8304
Epoch 137: Loss:            : Train 0.0000, Val 0.6846, Test 0.5521
          Accuracy         : Train 0.8740, Val 0.7811, Test 0.8332
Best:
          Accuracy         : Train 0.8673, Val 0.8353, Test 0.8304
Epoch 138: Loss:            : Train 0.0000, Val 0.6511, Test 0.5723
          Accuracy         : Train 0.8763, Val 0.8158, Test 0.8290
Best:
          Accuracy         : Train 0.8673, Val 0.8353, Test 0.8304
Epoch 139: Loss:            : Train 0.0000, Val 0.6690, Test 0.6999
          Accuracy         : Train 0.8740, Val 0.8311, Test 0.8138
Best:
          Accuracy         : Train 0.8673, Val 0.8353, Test 0.8304
Epoch 140: Loss:            : Train 0.0000, Val 0.8951, Test 0.8263
          Accuracy         : Train 0.8816, Val 0.7804, Test 0.7860
Best:
          Accuracy         : Train 0.8673, Val 0.8353, Test 0.8304
Epoch 141: Loss:            : Train 0.0000, Val 0.6905, Test 0.5782
          Accuracy         : Train 0.8550, Val 0.7929, Test 0.8471
Best:
          Accuracy         : Train 0.8673, Val 0.8353, Test 0.8304
Epoch 142: Loss:            : Train 0.0000, Val 0.6173, Test 0.6113
          Accuracy         : Train 0.8782, Val 0.8200, Test 0.8311
Best:
          Accuracy         : Train 0.8673, Val 0.8353, Test 0.8304
Epoch 143: Loss:            : Train 0.0000, Val 0.7720, Test 0.7265
          Accuracy         : Train 0.8765, Val 0.7804, Test 0.8013
Best:
          Accuracy         : Train 0.8673, Val 0.8353, Test 0.8304
Epoch 144: Loss:            : Train 0.0000, Val 0.6542, Test 0.5743
          Accuracy         : Train 0.8374, Val 0.7894, Test 0.8284
Best:
          Accuracy         : Train 0.8673, Val 0.8353, Test 0.8304
Epoch 145: Loss:            : Train 0.0000, Val 0.7643, Test 0.5735
          Accuracy         : Train 0.8599, Val 0.7651, Test 0.8429
Best:
          Accuracy         : Train 0.8673, Val 0.8353, Test 0.8304
Epoch 146: Loss:            : Train 0.0000, Val 0.8031, Test 0.7554
          Accuracy         : Train 0.8731, Val 0.7867, Test 0.8179
Best:
          Accuracy         : Train 0.8673, Val 0.8353, Test 0.8304
Epoch 147: Loss:            : Train 0.0000, Val 0.6745, Test 0.6104
          Accuracy         : Train 0.8610, Val 0.7950, Test 0.8374
Best:
          Accuracy         : Train 0.8673, Val 0.8353, Test 0.8304
Epoch 148: Loss:            : Train 0.0000, Val 0.6376, Test 0.6393
          Accuracy         : Train 0.8786, Val 0.7964, Test 0.8207
Best:
          Accuracy         : Train 0.8673, Val 0.8353, Test 0.8304
Epoch 149: Loss:            : Train 0.0000, Val 0.7257, Test 0.6458
          Accuracy         : Train 0.8733, Val 0.7894, Test 0.8325
Best:
          Accuracy         : Train 0.8673, Val 0.8353, Test 0.8304
Epoch 150: Loss:            : Train 0.0000, Val 0.7328, Test 0.6987
          Accuracy         : Train 0.8779, Val 0.8179, Test 0.8318
Best:
          Accuracy         : Train 0.8673, Val 0.8353, Test 0.8304
Epoch 151: Loss:            : Train 0.0000, Val 0.9779, Test 0.6407
          Accuracy         : Train 0.8652, Val 0.7769, Test 0.8339
Best:
          Accuracy         : Train 0.8673, Val 0.8353, Test 0.8304
Epoch 152: Loss:            : Train 0.0000, Val 0.7836, Test 0.6737
          Accuracy         : Train 0.8450, Val 0.7853, Test 0.8339
Best:
          Accuracy         : Train 0.8673, Val 0.8353, Test 0.8304
Epoch 153: Loss:            : Train 0.0000, Val 0.7426, Test 0.7099
          Accuracy         : Train 0.8612, Val 0.8026, Test 0.8214
Best:
          Accuracy         : Train 0.8673, Val 0.8353, Test 0.8304
Epoch 154: Loss:            : Train 0.0000, Val 0.7784, Test 0.7852
          Accuracy         : Train 0.8763, Val 0.8082, Test 0.8145
Best:
          Accuracy         : Train 0.8673, Val 0.8353, Test 0.8304
Epoch 155: Loss:            : Train 0.0000, Val 0.8383, Test 0.7657
          Accuracy         : Train 0.8738, Val 0.7700, Test 0.8089
Best:
          Accuracy         : Train 0.8673, Val 0.8353, Test 0.8304
Epoch 156: Loss:            : Train 0.0000, Val 0.7203, Test 0.7489
          Accuracy         : Train 0.8494, Val 0.8103, Test 0.8068
Best:
          Accuracy         : Train 0.8673, Val 0.8353, Test 0.8304
Epoch 157: Loss:            : Train 0.0000, Val 0.7430, Test 0.7446
          Accuracy         : Train 0.8666, Val 0.8117, Test 0.8290
Best:
          Accuracy         : Train 0.8673, Val 0.8353, Test 0.8304
Epoch 158: Loss:            : Train 0.0000, Val 0.6568, Test 0.7256
          Accuracy         : Train 0.8754, Val 0.8165, Test 0.8145
Best:
          Accuracy         : Train 0.8673, Val 0.8353, Test 0.8304
Epoch 159: Loss:            : Train 0.0000, Val 0.6879, Test 0.6167
          Accuracy         : Train 0.8606, Val 0.7915, Test 0.8228
Best:
          Accuracy         : Train 0.8673, Val 0.8353, Test 0.8304
Epoch 160: Loss:            : Train 0.0000, Val 0.6369, Test 0.6446
          Accuracy         : Train 0.8601, Val 0.8200, Test 0.8436
Best:
          Accuracy         : Train 0.8673, Val 0.8353, Test 0.8304
Epoch 161: Loss:            : Train 0.0000, Val 0.6856, Test 0.6929
          Accuracy         : Train 0.8761, Val 0.8179, Test 0.8304
Best:
          Accuracy         : Train 0.8673, Val 0.8353, Test 0.8304
Epoch 162: Loss:            : Train 0.0000, Val 0.6784, Test 0.7000
          Accuracy         : Train 0.8823, Val 0.8096, Test 0.8186
Best:
          Accuracy         : Train 0.8673, Val 0.8353, Test 0.8304
Epoch 163: Loss:            : Train 0.0000, Val 0.6084, Test 0.6143
          Accuracy         : Train 0.8756, Val 0.8068, Test 0.8353
Best:
          Accuracy         : Train 0.8673, Val 0.8353, Test 0.8304
Epoch 164: Loss:            : Train 0.0000, Val 0.7807, Test 0.7123
          Accuracy         : Train 0.8826, Val 0.7922, Test 0.8193
Best:
          Accuracy         : Train 0.8673, Val 0.8353, Test 0.8304
Epoch 165: Loss:            : Train 0.0000, Val 0.7483, Test 0.7331
          Accuracy         : Train 0.8682, Val 0.7922, Test 0.8200
Best:
          Accuracy         : Train 0.8673, Val 0.8353, Test 0.8304
Epoch 166: Loss:            : Train 0.0000, Val 0.6605, Test 0.5898
          Accuracy         : Train 0.8726, Val 0.7887, Test 0.8464
Best:
          Accuracy         : Train 0.8673, Val 0.8353, Test 0.8304
Epoch 167: Loss:            : Train 0.0000, Val 0.6154, Test 0.6314
          Accuracy         : Train 0.8680, Val 0.8200, Test 0.8325
Best:
          Accuracy         : Train 0.8673, Val 0.8353, Test 0.8304
Epoch 168: Loss:            : Train 0.0000, Val 0.5830, Test 0.6057
          Accuracy         : Train 0.8747, Val 0.8332, Test 0.8409
Best:
          Accuracy         : Train 0.8673, Val 0.8353, Test 0.8304
Epoch 169: Loss:            : Train 0.0000, Val 0.7535, Test 0.6648
          Accuracy         : Train 0.8682, Val 0.7839, Test 0.8297
Best:
          Accuracy         : Train 0.8673, Val 0.8353, Test 0.8304
Epoch 170: Loss:            : Train 0.0000, Val 0.6959, Test 0.6686
          Accuracy         : Train 0.8582, Val 0.8103, Test 0.8339
Best:
          Accuracy         : Train 0.8673, Val 0.8353, Test 0.8304
Epoch 171: Loss:            : Train 0.0000, Val 0.7792, Test 0.6669
          Accuracy         : Train 0.8721, Val 0.7867, Test 0.8416
Best:
          Accuracy         : Train 0.8673, Val 0.8353, Test 0.8304
Epoch 172: Loss:            : Train 0.0000, Val 0.9046, Test 0.9154
          Accuracy         : Train 0.8751, Val 0.7964, Test 0.7797
Best:
          Accuracy         : Train 0.8673, Val 0.8353, Test 0.8304
Epoch 173: Loss:            : Train 0.0000, Val 0.7264, Test 0.6321
          Accuracy         : Train 0.8726, Val 0.8040, Test 0.8332
Best:
          Accuracy         : Train 0.8673, Val 0.8353, Test 0.8304
Epoch 174: Loss:            : Train 0.0000, Val 0.7150, Test 0.6443
          Accuracy         : Train 0.8791, Val 0.7880, Test 0.8290
Best:
          Accuracy         : Train 0.8673, Val 0.8353, Test 0.8304
Epoch 175: Loss:            : Train 0.0000, Val 0.6814, Test 0.6748
          Accuracy         : Train 0.8694, Val 0.8151, Test 0.8325
Best:
          Accuracy         : Train 0.8673, Val 0.8353, Test 0.8304
Epoch 176: Loss:            : Train 0.0000, Val 0.8224, Test 0.7169
          Accuracy         : Train 0.8851, Val 0.7637, Test 0.7874
Best:
          Accuracy         : Train 0.8673, Val 0.8353, Test 0.8304
Epoch 177: Loss:            : Train 0.0000, Val 0.6617, Test 0.6360
          Accuracy         : Train 0.8504, Val 0.8110, Test 0.8409
Best:
          Accuracy         : Train 0.8673, Val 0.8353, Test 0.8304
Epoch 178: Loss:            : Train 0.0000, Val 0.7253, Test 0.7455
          Accuracy         : Train 0.8826, Val 0.8138, Test 0.8186
Best:
          Accuracy         : Train 0.8673, Val 0.8353, Test 0.8304
Epoch 179: Loss:            : Train 0.0000, Val 0.6290, Test 0.6121
          Accuracy         : Train 0.8654, Val 0.8214, Test 0.8339
Best:
          Accuracy         : Train 0.8673, Val 0.8353, Test 0.8304
Epoch 180: Loss:            : Train 0.0000, Val 0.5698, Test 0.5435
          Accuracy         : Train 0.8816, Val 0.8318, Test 0.8450
Best:
          Accuracy         : Train 0.8673, Val 0.8353, Test 0.8304
Epoch 181: Loss:            : Train 0.0000, Val 0.6802, Test 0.5972
          Accuracy         : Train 0.8909, Val 0.8019, Test 0.8464
Best:
          Accuracy         : Train 0.8673, Val 0.8353, Test 0.8304
Epoch 182: Loss:            : Train 0.0000, Val 0.6948, Test 0.6034
          Accuracy         : Train 0.8585, Val 0.8006, Test 0.8388
Best:
          Accuracy         : Train 0.8673, Val 0.8353, Test 0.8304
Epoch 183: Loss:            : Train 0.0000, Val 0.7052, Test 0.6901
          Accuracy         : Train 0.8758, Val 0.8082, Test 0.8026
Best:
          Accuracy         : Train 0.8673, Val 0.8353, Test 0.8304
Epoch 184: Loss:            : Train 0.0000, Val 0.6565, Test 0.5830
          Accuracy         : Train 0.8610, Val 0.7860, Test 0.8416
Best:
          Accuracy         : Train 0.8673, Val 0.8353, Test 0.8304
Epoch 185: Loss:            : Train 0.0000, Val 0.7244, Test 0.6233
          Accuracy         : Train 0.8629, Val 0.7839, Test 0.8395
Best:
          Accuracy         : Train 0.8673, Val 0.8353, Test 0.8304
Epoch 186: Loss:            : Train 0.0000, Val 0.6759, Test 0.7196
          Accuracy         : Train 0.8707, Val 0.8096, Test 0.8158
Best:
          Accuracy         : Train 0.8673, Val 0.8353, Test 0.8304
Epoch 187: Loss:            : Train 0.0000, Val 0.6738, Test 0.7128
          Accuracy         : Train 0.8846, Val 0.8117, Test 0.8297
Best:
          Accuracy         : Train 0.8673, Val 0.8353, Test 0.8304
Epoch 188: Loss:            : Train 0.0000, Val 0.6631, Test 0.6260
          Accuracy         : Train 0.8863, Val 0.7985, Test 0.8436
Best:
          Accuracy         : Train 0.8673, Val 0.8353, Test 0.8304
Epoch 189: Loss:            : Train 0.0000, Val 0.6831, Test 0.6664
          Accuracy         : Train 0.8897, Val 0.7943, Test 0.8228
Best:
          Accuracy         : Train 0.8673, Val 0.8353, Test 0.8304
Epoch 190: Loss:            : Train 0.0000, Val 0.6805, Test 0.6432
          Accuracy         : Train 0.8677, Val 0.8006, Test 0.8304
Best:
          Accuracy         : Train 0.8673, Val 0.8353, Test 0.8304
Epoch 191: Loss:            : Train 0.0000, Val 0.7845, Test 0.7216
          Accuracy         : Train 0.8872, Val 0.7846, Test 0.8207
Best:
          Accuracy         : Train 0.8673, Val 0.8353, Test 0.8304
Epoch 192: Loss:            : Train 0.0000, Val 0.8121, Test 0.7769
          Accuracy         : Train 0.8881, Val 0.7644, Test 0.8172
Best:
          Accuracy         : Train 0.8673, Val 0.8353, Test 0.8304
Epoch 193: Loss:            : Train 0.0000, Val 0.7013, Test 0.7127
          Accuracy         : Train 0.8784, Val 0.7992, Test 0.8193
Best:
          Accuracy         : Train 0.8673, Val 0.8353, Test 0.8304
Epoch 194: Loss:            : Train 0.0000, Val 0.7177, Test 0.7111
          Accuracy         : Train 0.8770, Val 0.8214, Test 0.8311
Best:
          Accuracy         : Train 0.8673, Val 0.8353, Test 0.8304
Epoch 195: Loss:            : Train 0.0000, Val 0.8266, Test 0.7311
          Accuracy         : Train 0.8900, Val 0.7999, Test 0.8332
Best:
          Accuracy         : Train 0.8673, Val 0.8353, Test 0.8304
Epoch 196: Loss:            : Train 0.0000, Val 0.8019, Test 0.6654
          Accuracy         : Train 0.8923, Val 0.8068, Test 0.8381
Best:
          Accuracy         : Train 0.8673, Val 0.8353, Test 0.8304
Epoch 197: Loss:            : Train 0.0000, Val 0.6840, Test 0.6319
          Accuracy         : Train 0.8921, Val 0.7999, Test 0.8290
Best:
          Accuracy         : Train 0.8673, Val 0.8353, Test 0.8304
Epoch 198: Loss:            : Train 0.0000, Val 0.8261, Test 0.7337
          Accuracy         : Train 0.8680, Val 0.7630, Test 0.7936
Best:
          Accuracy         : Train 0.8673, Val 0.8353, Test 0.8304
Epoch 199: Loss:            : Train 0.0000, Val 0.7139, Test 0.6202
          Accuracy         : Train 0.8559, Val 0.8013, Test 0.8429
Best:
          Accuracy         : Train 0.8673, Val 0.8353, Test 0.8304
Epoch 200: Loss:            : Train 0.0000, Val 0.8264, Test 0.6885
          Accuracy         : Train 0.8895, Val 0.7790, Test 0.8235
Best:
          Accuracy         : Train 0.8673, Val 0.8353, Test 0.8304
Training time (sec): 31
