Loading parties from cache
Loading data from cache
Done
Calculating noise scale
Adding noise of scale 0.0 to sim_scores
Adding noise of scale 0.0 to sim_scores
Adding noise of scale 0.0 to sim_scores
Filter dataset to top 60
Generating top 60 dataset
Generating top 60 dataset
Generating top 60 dataset
Generating top1 dataset
Generating top1 dataset
Generating top1 dataset
Preparing time (sec): 0
Loading data
Prepare for training
Start training
================================================================================
                                    Kernel Shape Output Shape  Params  \
Layer                                                                   
0_local_models.0.fc_layers.Linear_0     [3, 100]  [4096, 100]     400   
1_local_models.0.fc_layers.Linear_1    [100, 50]   [4096, 50]    5050   
2_local_models.1.fc_layers.Linear_0     [3, 100]  [4096, 100]     400   
3_local_models.1.fc_layers.Linear_1    [100, 50]   [4096, 50]    5050   
4_agg_model.fc_layers.Linear_0        [100, 100]  [4096, 100]   10100   
5_agg_model.fc_layers.Linear_1         [100, 10]   [4096, 10]    1010   

                                     Mult-Adds  
Layer                                           
0_local_models.0.fc_layers.Linear_0        300  
1_local_models.0.fc_layers.Linear_1       5000  
2_local_models.1.fc_layers.Linear_0        300  
3_local_models.1.fc_layers.Linear_1       5000  
4_agg_model.fc_layers.Linear_0           10000  
5_agg_model.fc_layers.Linear_1            1000  
--------------------------------------------------------------------------------
                      Totals
Total params           22010
Trainable params       22010
Non-trainable params       0
Mult-Adds              21600
================================================================================
n_classes=10
task=multi_cls
model_name=frog_top1sim_noise_0.2_2022-01-30-19-33-24
sche_threshold=0.0001
sche_patience=10
sche_factor=0.1
use_scheduler=False
num_workers=4
device=cuda:2
test_batch_size=4096
train_batch_size=4096
learning_rate=0.03
weight_decay=0.001
num_epochs=200
model_save_path=ckp/frog_top1sim_noise_0.2_2022-01-30-19-33-24.pth
test_rate=0.2
val_rate=0.2
multiprocess_context=fork
metrics=['accuracy']
metrics_f=[<metric.accuracy.Accuracy object at 0x7f31baf59a60>]
hidden_sizes=[200, 100]
model=SplitNN(
  (agg_model): MLP(
    (fc_layers): ModuleList(
      (0): Linear(in_features=100, out_features=100, bias=True)
      (1): Linear(in_features=100, out_features=10, bias=True)
    )
  )
  (local_models): ModuleList(
    (0): MLP(
      (fc_layers): ModuleList(
        (0): Linear(in_features=3, out_features=100, bias=True)
        (1): Linear(in_features=100, out_features=50, bias=True)
      )
    )
    (1): MLP(
      (fc_layers): ModuleList(
        (0): Linear(in_features=3, out_features=100, bias=True)
        (1): Linear(in_features=100, out_features=50, bias=True)
      )
    )
  )
)
writer=<torch.utils.tensorboard.writer.SummaryWriter object at 0x7f31baf59b80>
dataset_type=syn
drop_key=True
num_common_features=16
tree_radius=2
tree_leaf_size=1000
knn_k=60
grid_min=-10.0
grid_max=10.0
grid_width=1.5
sim_scaler=StandardScaler()
filter_top_k=60
link_n_jobs=1
psig_p=7
sim_leak_p=1.0
link_threshold_t=0.1
link_epsilon=0.1
n_hash_lsh=20
edit_distance_threshold=1
n_hash_func=10
collision_rate=0.05
qgram_q=2
link_delta=0.1
feature_wise_sim=False
blocking_method=knn
center_threshold=0.5
n_clusters=100
local_hidden_sizes=[[100], [100]]
cut_dims=[50, 50]
agg_hidden_sizes=[100]
scale_analysis=None
data1_shape=(7195, 19)
data2_shape=(7195, 19)
Epoch 1: Loss:            : Train 0.0000, Val 2.1659, Test 2.1684
          Accuracy         : Train 0.0459, Val 0.1703, Test 0.1571
Best:
          Accuracy         : Train 0.0459, Val 0.1703, Test 0.1571
Epoch 2: Loss:            : Train 0.0000, Val 1.9321, Test 1.9359
          Accuracy         : Train 0.1721, Val 0.4802, Test 0.4837
Best:
          Accuracy         : Train 0.1721, Val 0.4802, Test 0.4837
Epoch 3: Loss:            : Train 0.0000, Val 1.6825, Test 1.6888
          Accuracy         : Train 0.4844, Val 0.4802, Test 0.4837
Best:
          Accuracy         : Train 0.1721, Val 0.4802, Test 0.4837
Epoch 4: Loss:            : Train 0.0000, Val 1.7340, Test 1.7468
          Accuracy         : Train 0.4844, Val 0.4802, Test 0.4837
Best:
          Accuracy         : Train 0.1721, Val 0.4802, Test 0.4837
Epoch 5: Loss:            : Train 0.0000, Val 1.6058, Test 1.6195
          Accuracy         : Train 0.4844, Val 0.4802, Test 0.4837
Best:
          Accuracy         : Train 0.1721, Val 0.4802, Test 0.4837
Epoch 6: Loss:            : Train 0.0000, Val 1.5605, Test 1.5654
          Accuracy         : Train 0.4844, Val 0.4802, Test 0.4837
Best:
          Accuracy         : Train 0.1721, Val 0.4802, Test 0.4837
Epoch 7: Loss:            : Train 0.0000, Val 1.5135, Test 1.5107
          Accuracy         : Train 0.4844, Val 0.4802, Test 0.4837
Best:
          Accuracy         : Train 0.1721, Val 0.4802, Test 0.4837
Epoch 8: Loss:            : Train 0.0000, Val 1.4213, Test 1.4260
          Accuracy         : Train 0.4846, Val 0.4802, Test 0.4837
Best:
          Accuracy         : Train 0.1721, Val 0.4802, Test 0.4837
Epoch 9: Loss:            : Train 0.0000, Val 1.3632, Test 1.3827
          Accuracy         : Train 0.4844, Val 0.4809, Test 0.4844
Best:
          Accuracy         : Train 0.4844, Val 0.4809, Test 0.4844
Epoch 10: Loss:            : Train 0.0000, Val 1.2118, Test 1.2167
          Accuracy         : Train 0.4915, Val 0.6553, Test 0.6164
Best:
          Accuracy         : Train 0.4915, Val 0.6553, Test 0.6164
Epoch 11: Loss:            : Train 0.0000, Val 1.1709, Test 1.1465
          Accuracy         : Train 0.6822, Val 0.7012, Test 0.7019
Best:
          Accuracy         : Train 0.6822, Val 0.7012, Test 0.7019
Epoch 12: Loss:            : Train 0.0000, Val 1.0849, Test 1.1065
          Accuracy         : Train 0.6965, Val 0.6956, Test 0.6630
Best:
          Accuracy         : Train 0.6822, Val 0.7012, Test 0.7019
Epoch 13: Loss:            : Train 0.0000, Val 1.0637, Test 1.0944
          Accuracy         : Train 0.7019, Val 0.6956, Test 0.6616
Best:
          Accuracy         : Train 0.6822, Val 0.7012, Test 0.7019
Epoch 14: Loss:            : Train 0.0000, Val 1.0145, Test 1.0014
          Accuracy         : Train 0.7060, Val 0.7095, Test 0.7248
Best:
          Accuracy         : Train 0.7060, Val 0.7095, Test 0.7248
Epoch 15: Loss:            : Train 0.0000, Val 0.9954, Test 1.0132
          Accuracy         : Train 0.7218, Val 0.7172, Test 0.7227
Best:
          Accuracy         : Train 0.7218, Val 0.7172, Test 0.7227
Epoch 16: Loss:            : Train 0.0000, Val 0.9523, Test 0.9273
          Accuracy         : Train 0.7436, Val 0.7172, Test 0.7450
Best:
          Accuracy         : Train 0.7218, Val 0.7172, Test 0.7227
Epoch 17: Loss:            : Train 0.0000, Val 0.9728, Test 0.8886
          Accuracy         : Train 0.7494, Val 0.7325, Test 0.7248
Best:
          Accuracy         : Train 0.7494, Val 0.7325, Test 0.7248
Epoch 18: Loss:            : Train 0.0000, Val 0.9592, Test 0.9324
          Accuracy         : Train 0.7649, Val 0.6991, Test 0.7304
Best:
          Accuracy         : Train 0.7494, Val 0.7325, Test 0.7248
Epoch 19: Loss:            : Train 0.0000, Val 0.9607, Test 0.8557
          Accuracy         : Train 0.7380, Val 0.7283, Test 0.7477
Best:
          Accuracy         : Train 0.7494, Val 0.7325, Test 0.7248
Epoch 20: Loss:            : Train 0.0000, Val 0.9059, Test 0.8917
          Accuracy         : Train 0.7545, Val 0.7318, Test 0.7464
Best:
          Accuracy         : Train 0.7494, Val 0.7325, Test 0.7248
Epoch 21: Loss:            : Train 0.0000, Val 0.9286, Test 0.8362
          Accuracy         : Train 0.7609, Val 0.7297, Test 0.7707
Best:
          Accuracy         : Train 0.7494, Val 0.7325, Test 0.7248
Epoch 22: Loss:            : Train 0.0000, Val 0.9018, Test 0.8338
          Accuracy         : Train 0.7772, Val 0.7172, Test 0.7609
Best:
          Accuracy         : Train 0.7494, Val 0.7325, Test 0.7248
Epoch 23: Loss:            : Train 0.0000, Val 0.8455, Test 0.7869
          Accuracy         : Train 0.7686, Val 0.7450, Test 0.7735
Best:
          Accuracy         : Train 0.7686, Val 0.7450, Test 0.7735
Epoch 24: Loss:            : Train 0.0000, Val 0.8176, Test 0.7485
          Accuracy         : Train 0.7855, Val 0.7582, Test 0.7992
Best:
          Accuracy         : Train 0.7855, Val 0.7582, Test 0.7992
Epoch 25: Loss:            : Train 0.0000, Val 0.7827, Test 0.7367
          Accuracy         : Train 0.8033, Val 0.7623, Test 0.7985
Best:
          Accuracy         : Train 0.8033, Val 0.7623, Test 0.7985
Epoch 26: Loss:            : Train 0.0000, Val 0.7486, Test 0.7149
          Accuracy         : Train 0.8036, Val 0.7825, Test 0.7874
Best:
          Accuracy         : Train 0.8036, Val 0.7825, Test 0.7874
Epoch 27: Loss:            : Train 0.0000, Val 0.7340, Test 0.6885
          Accuracy         : Train 0.8063, Val 0.7797, Test 0.8089
Best:
          Accuracy         : Train 0.8036, Val 0.7825, Test 0.7874
Epoch 28: Loss:            : Train 0.0000, Val 0.7161, Test 0.7087
          Accuracy         : Train 0.8124, Val 0.7832, Test 0.8026
Best:
          Accuracy         : Train 0.8124, Val 0.7832, Test 0.8026
Epoch 29: Loss:            : Train 0.0000, Val 0.7220, Test 0.6989
          Accuracy         : Train 0.8179, Val 0.7880, Test 0.7901
Best:
          Accuracy         : Train 0.8179, Val 0.7880, Test 0.7901
Epoch 30: Loss:            : Train 0.0000, Val 0.7629, Test 0.6797
          Accuracy         : Train 0.8279, Val 0.7804, Test 0.8200
Best:
          Accuracy         : Train 0.8179, Val 0.7880, Test 0.7901
Epoch 31: Loss:            : Train 0.0000, Val 0.7060, Test 0.6902
          Accuracy         : Train 0.8318, Val 0.7964, Test 0.8165
Best:
          Accuracy         : Train 0.8318, Val 0.7964, Test 0.8165
Epoch 32: Loss:            : Train 0.0000, Val 0.7056, Test 0.6813
          Accuracy         : Train 0.8374, Val 0.7901, Test 0.8138
Best:
          Accuracy         : Train 0.8318, Val 0.7964, Test 0.8165
Epoch 33: Loss:            : Train 0.0000, Val 0.6910, Test 0.6566
          Accuracy         : Train 0.8411, Val 0.8075, Test 0.8263
Best:
          Accuracy         : Train 0.8411, Val 0.8075, Test 0.8263
Epoch 34: Loss:            : Train 0.0000, Val 0.6632, Test 0.6528
          Accuracy         : Train 0.8409, Val 0.8145, Test 0.8165
Best:
          Accuracy         : Train 0.8409, Val 0.8145, Test 0.8165
Epoch 35: Loss:            : Train 0.0000, Val 0.6521, Test 0.6255
          Accuracy         : Train 0.8455, Val 0.7964, Test 0.8179
Best:
          Accuracy         : Train 0.8409, Val 0.8145, Test 0.8165
Epoch 36: Loss:            : Train 0.0000, Val 0.6933, Test 0.6372
          Accuracy         : Train 0.8513, Val 0.7825, Test 0.8284
Best:
          Accuracy         : Train 0.8409, Val 0.8145, Test 0.8165
Epoch 37: Loss:            : Train 0.0000, Val 0.6525, Test 0.6547
          Accuracy         : Train 0.8402, Val 0.8138, Test 0.8270
Best:
          Accuracy         : Train 0.8409, Val 0.8145, Test 0.8165
Epoch 38: Loss:            : Train 0.0000, Val 0.7496, Test 0.6863
          Accuracy         : Train 0.8524, Val 0.7887, Test 0.8068
Best:
          Accuracy         : Train 0.8409, Val 0.8145, Test 0.8165
Epoch 39: Loss:            : Train 0.0000, Val 0.6609, Test 0.6804
          Accuracy         : Train 0.8309, Val 0.8339, Test 0.8186
Best:
          Accuracy         : Train 0.8309, Val 0.8339, Test 0.8186
Epoch 40: Loss:            : Train 0.0000, Val 0.6779, Test 0.6395
          Accuracy         : Train 0.8423, Val 0.8165, Test 0.8318
Best:
          Accuracy         : Train 0.8309, Val 0.8339, Test 0.8186
Epoch 41: Loss:            : Train 0.0000, Val 0.6726, Test 0.6321
          Accuracy         : Train 0.8360, Val 0.7999, Test 0.8360
Best:
          Accuracy         : Train 0.8309, Val 0.8339, Test 0.8186
Epoch 42: Loss:            : Train 0.0000, Val 0.6197, Test 0.6428
          Accuracy         : Train 0.8480, Val 0.8353, Test 0.8325
Best:
          Accuracy         : Train 0.8480, Val 0.8353, Test 0.8325
Epoch 43: Loss:            : Train 0.0000, Val 0.6160, Test 0.5969
          Accuracy         : Train 0.8529, Val 0.8221, Test 0.8388
Best:
          Accuracy         : Train 0.8480, Val 0.8353, Test 0.8325
Epoch 44: Loss:            : Train 0.0000, Val 0.6720, Test 0.6069
          Accuracy         : Train 0.8573, Val 0.8013, Test 0.8311
Best:
          Accuracy         : Train 0.8480, Val 0.8353, Test 0.8325
Epoch 45: Loss:            : Train 0.0000, Val 0.6623, Test 0.6745
          Accuracy         : Train 0.8536, Val 0.8228, Test 0.8117
Best:
          Accuracy         : Train 0.8480, Val 0.8353, Test 0.8325
Epoch 46: Loss:            : Train 0.0000, Val 0.6226, Test 0.5731
          Accuracy         : Train 0.8443, Val 0.8096, Test 0.8429
Best:
          Accuracy         : Train 0.8480, Val 0.8353, Test 0.8325
Epoch 47: Loss:            : Train 0.0000, Val 0.6222, Test 0.5544
          Accuracy         : Train 0.8710, Val 0.8214, Test 0.8555
Best:
          Accuracy         : Train 0.8480, Val 0.8353, Test 0.8325
Epoch 48: Loss:            : Train 0.0000, Val 0.6407, Test 0.6263
          Accuracy         : Train 0.8573, Val 0.8158, Test 0.8242
Best:
          Accuracy         : Train 0.8480, Val 0.8353, Test 0.8325
Epoch 49: Loss:            : Train 0.0000, Val 0.6239, Test 0.5793
          Accuracy         : Train 0.8568, Val 0.7936, Test 0.8506
Best:
          Accuracy         : Train 0.8480, Val 0.8353, Test 0.8325
Epoch 50: Loss:            : Train 0.0000, Val 0.6345, Test 0.6438
          Accuracy         : Train 0.8677, Val 0.7853, Test 0.8256
Best:
          Accuracy         : Train 0.8480, Val 0.8353, Test 0.8325
Epoch 51: Loss:            : Train 0.0000, Val 0.6187, Test 0.6448
          Accuracy         : Train 0.8636, Val 0.8006, Test 0.8249
Best:
          Accuracy         : Train 0.8480, Val 0.8353, Test 0.8325
Epoch 52: Loss:            : Train 0.0000, Val 0.6193, Test 0.6029
          Accuracy         : Train 0.8680, Val 0.8179, Test 0.8388
Best:
          Accuracy         : Train 0.8480, Val 0.8353, Test 0.8325
Epoch 53: Loss:            : Train 0.0000, Val 0.6828, Test 0.6554
          Accuracy         : Train 0.8647, Val 0.7922, Test 0.8242
Best:
          Accuracy         : Train 0.8480, Val 0.8353, Test 0.8325
Epoch 54: Loss:            : Train 0.0000, Val 0.6063, Test 0.6125
          Accuracy         : Train 0.8687, Val 0.8221, Test 0.8353
Best:
          Accuracy         : Train 0.8480, Val 0.8353, Test 0.8325
Epoch 55: Loss:            : Train 0.0000, Val 0.6272, Test 0.5539
          Accuracy         : Train 0.8599, Val 0.7901, Test 0.8506
Best:
          Accuracy         : Train 0.8480, Val 0.8353, Test 0.8325
Epoch 56: Loss:            : Train 0.0000, Val 0.5844, Test 0.5705
          Accuracy         : Train 0.8694, Val 0.8200, Test 0.8485
Best:
          Accuracy         : Train 0.8480, Val 0.8353, Test 0.8325
Epoch 57: Loss:            : Train 0.0000, Val 0.6111, Test 0.6753
          Accuracy         : Train 0.8835, Val 0.8165, Test 0.8172
Best:
          Accuracy         : Train 0.8480, Val 0.8353, Test 0.8325
Epoch 58: Loss:            : Train 0.0000, Val 0.6019, Test 0.5831
          Accuracy         : Train 0.8675, Val 0.8047, Test 0.8506
Best:
          Accuracy         : Train 0.8480, Val 0.8353, Test 0.8325
Epoch 59: Loss:            : Train 0.0000, Val 0.6250, Test 0.6124
          Accuracy         : Train 0.8687, Val 0.7929, Test 0.8311
Best:
          Accuracy         : Train 0.8480, Val 0.8353, Test 0.8325
Epoch 60: Loss:            : Train 0.0000, Val 0.6229, Test 0.6043
          Accuracy         : Train 0.8714, Val 0.7915, Test 0.8374
Best:
          Accuracy         : Train 0.8480, Val 0.8353, Test 0.8325
Epoch 61: Loss:            : Train 0.0000, Val 0.6237, Test 0.5990
          Accuracy         : Train 0.8844, Val 0.7957, Test 0.8297
Best:
          Accuracy         : Train 0.8480, Val 0.8353, Test 0.8325
Epoch 62: Loss:            : Train 0.0000, Val 0.6119, Test 0.6302
          Accuracy         : Train 0.8731, Val 0.8013, Test 0.8207
Best:
          Accuracy         : Train 0.8480, Val 0.8353, Test 0.8325
Epoch 63: Loss:            : Train 0.0000, Val 0.6401, Test 0.6604
          Accuracy         : Train 0.8684, Val 0.8068, Test 0.8145
Best:
          Accuracy         : Train 0.8480, Val 0.8353, Test 0.8325
Epoch 64: Loss:            : Train 0.0000, Val 0.6738, Test 0.7083
          Accuracy         : Train 0.8717, Val 0.7818, Test 0.8214
Best:
          Accuracy         : Train 0.8480, Val 0.8353, Test 0.8325
Epoch 65: Loss:            : Train 0.0000, Val 0.6407, Test 0.6382
          Accuracy         : Train 0.8622, Val 0.7992, Test 0.8346
Best:
          Accuracy         : Train 0.8480, Val 0.8353, Test 0.8325
Epoch 66: Loss:            : Train 0.0000, Val 0.6406, Test 0.6222
          Accuracy         : Train 0.8666, Val 0.7985, Test 0.8367
Best:
          Accuracy         : Train 0.8480, Val 0.8353, Test 0.8325
Epoch 67: Loss:            : Train 0.0000, Val 0.6565, Test 0.5825
          Accuracy         : Train 0.8698, Val 0.8040, Test 0.8506
Best:
          Accuracy         : Train 0.8480, Val 0.8353, Test 0.8325
Epoch 68: Loss:            : Train 0.0000, Val 0.6977, Test 0.6419
          Accuracy         : Train 0.8775, Val 0.7999, Test 0.8402
Best:
          Accuracy         : Train 0.8480, Val 0.8353, Test 0.8325
Epoch 69: Loss:            : Train 0.0000, Val 0.6776, Test 0.6954
          Accuracy         : Train 0.8747, Val 0.7922, Test 0.8068
Best:
          Accuracy         : Train 0.8480, Val 0.8353, Test 0.8325
Epoch 70: Loss:            : Train 0.0000, Val 0.6784, Test 0.6248
          Accuracy         : Train 0.8714, Val 0.8082, Test 0.8325
Best:
          Accuracy         : Train 0.8480, Val 0.8353, Test 0.8325
Epoch 71: Loss:            : Train 0.0000, Val 0.7155, Test 0.6796
          Accuracy         : Train 0.8733, Val 0.7783, Test 0.8179
Best:
          Accuracy         : Train 0.8480, Val 0.8353, Test 0.8325
Epoch 72: Loss:            : Train 0.0000, Val 0.6857, Test 0.6123
          Accuracy         : Train 0.8666, Val 0.8061, Test 0.8395
Best:
          Accuracy         : Train 0.8480, Val 0.8353, Test 0.8325
Epoch 73: Loss:            : Train 0.0000, Val 0.8436, Test 0.6704
          Accuracy         : Train 0.8770, Val 0.7901, Test 0.8242
Best:
          Accuracy         : Train 0.8480, Val 0.8353, Test 0.8325
Epoch 74: Loss:            : Train 0.0000, Val 0.6974, Test 0.6819
          Accuracy         : Train 0.8587, Val 0.7832, Test 0.8054
Best:
          Accuracy         : Train 0.8480, Val 0.8353, Test 0.8325
Epoch 75: Loss:            : Train 0.0000, Val 0.6417, Test 0.6076
          Accuracy         : Train 0.8661, Val 0.7971, Test 0.8346
Best:
          Accuracy         : Train 0.8480, Val 0.8353, Test 0.8325
Epoch 76: Loss:            : Train 0.0000, Val 0.5849, Test 0.6273
          Accuracy         : Train 0.8707, Val 0.8117, Test 0.8332
Best:
          Accuracy         : Train 0.8480, Val 0.8353, Test 0.8325
Epoch 77: Loss:            : Train 0.0000, Val 0.5730, Test 0.6156
          Accuracy         : Train 0.8751, Val 0.8242, Test 0.8388
Best:
          Accuracy         : Train 0.8480, Val 0.8353, Test 0.8325
Epoch 78: Loss:            : Train 0.0000, Val 0.5511, Test 0.5733
          Accuracy         : Train 0.8675, Val 0.8304, Test 0.8374
Best:
          Accuracy         : Train 0.8480, Val 0.8353, Test 0.8325
Epoch 79: Loss:            : Train 0.0000, Val 0.6172, Test 0.6129
          Accuracy         : Train 0.8816, Val 0.8117, Test 0.8332
Best:
          Accuracy         : Train 0.8480, Val 0.8353, Test 0.8325
Epoch 80: Loss:            : Train 0.0000, Val 0.6531, Test 0.6502
          Accuracy         : Train 0.8700, Val 0.8242, Test 0.8304
Best:
          Accuracy         : Train 0.8480, Val 0.8353, Test 0.8325
Epoch 81: Loss:            : Train 0.0000, Val 0.6609, Test 0.5797
          Accuracy         : Train 0.8749, Val 0.8047, Test 0.8429
Best:
          Accuracy         : Train 0.8480, Val 0.8353, Test 0.8325
Epoch 82: Loss:            : Train 0.0000, Val 0.6899, Test 0.6646
          Accuracy         : Train 0.8768, Val 0.8075, Test 0.8263
Best:
          Accuracy         : Train 0.8480, Val 0.8353, Test 0.8325
Epoch 83: Loss:            : Train 0.0000, Val 0.6624, Test 0.6237
          Accuracy         : Train 0.8777, Val 0.8019, Test 0.8492
Best:
          Accuracy         : Train 0.8480, Val 0.8353, Test 0.8325
Epoch 84: Loss:            : Train 0.0000, Val 0.6704, Test 0.6188
          Accuracy         : Train 0.8826, Val 0.7964, Test 0.8485
Best:
          Accuracy         : Train 0.8480, Val 0.8353, Test 0.8325
Epoch 85: Loss:            : Train 0.0000, Val 0.6339, Test 0.6983
          Accuracy         : Train 0.8731, Val 0.8124, Test 0.8263
Best:
          Accuracy         : Train 0.8480, Val 0.8353, Test 0.8325
Epoch 86: Loss:            : Train 0.0000, Val 0.6216, Test 0.6218
          Accuracy         : Train 0.8742, Val 0.8075, Test 0.8346
Best:
          Accuracy         : Train 0.8480, Val 0.8353, Test 0.8325
Epoch 87: Loss:            : Train 0.0000, Val 0.6027, Test 0.6184
          Accuracy         : Train 0.8846, Val 0.8096, Test 0.8367
Best:
          Accuracy         : Train 0.8480, Val 0.8353, Test 0.8325
Epoch 88: Loss:            : Train 0.0000, Val 0.7095, Test 0.6833
          Accuracy         : Train 0.8835, Val 0.7880, Test 0.8339
Best:
          Accuracy         : Train 0.8480, Val 0.8353, Test 0.8325
Epoch 89: Loss:            : Train 0.0000, Val 0.6961, Test 0.6640
          Accuracy         : Train 0.8582, Val 0.8117, Test 0.8464
Best:
          Accuracy         : Train 0.8480, Val 0.8353, Test 0.8325
Epoch 90: Loss:            : Train 0.0000, Val 0.7377, Test 0.6941
          Accuracy         : Train 0.8756, Val 0.7978, Test 0.8200
Best:
          Accuracy         : Train 0.8480, Val 0.8353, Test 0.8325
Epoch 91: Loss:            : Train 0.0000, Val 0.7764, Test 0.7772
          Accuracy         : Train 0.8763, Val 0.7901, Test 0.8047
Best:
          Accuracy         : Train 0.8480, Val 0.8353, Test 0.8325
Epoch 92: Loss:            : Train 0.0000, Val 0.6710, Test 0.6237
          Accuracy         : Train 0.8814, Val 0.8138, Test 0.8360
Best:
          Accuracy         : Train 0.8480, Val 0.8353, Test 0.8325
Epoch 93: Loss:            : Train 0.0000, Val 0.6595, Test 0.6149
          Accuracy         : Train 0.8821, Val 0.8096, Test 0.8297
Best:
          Accuracy         : Train 0.8480, Val 0.8353, Test 0.8325
Epoch 94: Loss:            : Train 0.0000, Val 0.6466, Test 0.6631
          Accuracy         : Train 0.8647, Val 0.8158, Test 0.8436
Best:
          Accuracy         : Train 0.8480, Val 0.8353, Test 0.8325
Epoch 95: Loss:            : Train 0.0000, Val 0.5976, Test 0.6378
          Accuracy         : Train 0.8756, Val 0.8242, Test 0.8395
Best:
          Accuracy         : Train 0.8480, Val 0.8353, Test 0.8325
Epoch 96: Loss:            : Train 0.0000, Val 0.6992, Test 0.6374
          Accuracy         : Train 0.8874, Val 0.7908, Test 0.8346
Best:
          Accuracy         : Train 0.8480, Val 0.8353, Test 0.8325
Epoch 97: Loss:            : Train 0.0000, Val 0.6874, Test 0.7593
          Accuracy         : Train 0.8738, Val 0.8047, Test 0.8089
Best:
          Accuracy         : Train 0.8480, Val 0.8353, Test 0.8325
Epoch 98: Loss:            : Train 0.0000, Val 0.8135, Test 0.7024
          Accuracy         : Train 0.8819, Val 0.7776, Test 0.8193
Best:
          Accuracy         : Train 0.8480, Val 0.8353, Test 0.8325
Epoch 99: Loss:            : Train 0.0000, Val 0.7264, Test 0.7402
          Accuracy         : Train 0.8594, Val 0.8061, Test 0.8318
Best:
          Accuracy         : Train 0.8480, Val 0.8353, Test 0.8325
Epoch 100: Loss:            : Train 0.0000, Val 0.7196, Test 0.7055
          Accuracy         : Train 0.8805, Val 0.8075, Test 0.8332
Best:
          Accuracy         : Train 0.8480, Val 0.8353, Test 0.8325
Epoch 101: Loss:            : Train 0.0000, Val 0.6077, Test 0.6298
          Accuracy         : Train 0.8795, Val 0.8186, Test 0.8429
Best:
          Accuracy         : Train 0.8480, Val 0.8353, Test 0.8325
Epoch 102: Loss:            : Train 0.0000, Val 0.6590, Test 0.6286
          Accuracy         : Train 0.8791, Val 0.8193, Test 0.8297
Best:
          Accuracy         : Train 0.8480, Val 0.8353, Test 0.8325
Epoch 103: Loss:            : Train 0.0000, Val 0.6384, Test 0.6154
          Accuracy         : Train 0.8592, Val 0.8207, Test 0.8436
Best:
          Accuracy         : Train 0.8480, Val 0.8353, Test 0.8325
Epoch 104: Loss:            : Train 0.0000, Val 0.6919, Test 0.6383
          Accuracy         : Train 0.8726, Val 0.8103, Test 0.8353
Best:
          Accuracy         : Train 0.8480, Val 0.8353, Test 0.8325
Epoch 105: Loss:            : Train 0.0000, Val 0.6284, Test 0.5838
          Accuracy         : Train 0.8650, Val 0.8172, Test 0.8520
Best:
          Accuracy         : Train 0.8480, Val 0.8353, Test 0.8325
Epoch 106: Loss:            : Train 0.0000, Val 0.6328, Test 0.5729
          Accuracy         : Train 0.8756, Val 0.8311, Test 0.8332
Best:
          Accuracy         : Train 0.8480, Val 0.8353, Test 0.8325
Epoch 107: Loss:            : Train 0.0000, Val 0.6660, Test 0.5857
          Accuracy         : Train 0.8749, Val 0.8040, Test 0.8270
Best:
          Accuracy         : Train 0.8480, Val 0.8353, Test 0.8325
Epoch 108: Loss:            : Train 0.0000, Val 0.6615, Test 0.6133
          Accuracy         : Train 0.8756, Val 0.8145, Test 0.8353
Best:
          Accuracy         : Train 0.8480, Val 0.8353, Test 0.8325
Epoch 109: Loss:            : Train 0.0000, Val 0.6476, Test 0.6645
          Accuracy         : Train 0.8742, Val 0.8318, Test 0.8242
Best:
          Accuracy         : Train 0.8480, Val 0.8353, Test 0.8325
Epoch 110: Loss:            : Train 0.0000, Val 0.6261, Test 0.6099
          Accuracy         : Train 0.8777, Val 0.8214, Test 0.8416
Best:
          Accuracy         : Train 0.8480, Val 0.8353, Test 0.8325
Epoch 111: Loss:            : Train 0.0000, Val 0.7358, Test 0.6411
          Accuracy         : Train 0.8802, Val 0.7894, Test 0.8464
Best:
          Accuracy         : Train 0.8480, Val 0.8353, Test 0.8325
Epoch 112: Loss:            : Train 0.0000, Val 0.7556, Test 0.6725
          Accuracy         : Train 0.8828, Val 0.8054, Test 0.8409
Best:
          Accuracy         : Train 0.8480, Val 0.8353, Test 0.8325
Epoch 113: Loss:            : Train 0.0000, Val 0.7416, Test 0.6337
          Accuracy         : Train 0.8837, Val 0.8040, Test 0.8325
Best:
          Accuracy         : Train 0.8480, Val 0.8353, Test 0.8325
Epoch 114: Loss:            : Train 0.0000, Val 0.7325, Test 0.6400
          Accuracy         : Train 0.8805, Val 0.7936, Test 0.8304
Best:
          Accuracy         : Train 0.8480, Val 0.8353, Test 0.8325
Epoch 115: Loss:            : Train 0.0000, Val 0.7468, Test 0.6144
          Accuracy         : Train 0.8842, Val 0.7790, Test 0.8443
Best:
          Accuracy         : Train 0.8480, Val 0.8353, Test 0.8325
Epoch 116: Loss:            : Train 0.0000, Val 0.6783, Test 0.6156
          Accuracy         : Train 0.8731, Val 0.7957, Test 0.8381
Best:
          Accuracy         : Train 0.8480, Val 0.8353, Test 0.8325
Epoch 117: Loss:            : Train 0.0000, Val 0.6573, Test 0.5360
          Accuracy         : Train 0.8633, Val 0.7985, Test 0.8520
Best:
          Accuracy         : Train 0.8480, Val 0.8353, Test 0.8325
Epoch 118: Loss:            : Train 0.0000, Val 0.7001, Test 0.5693
          Accuracy         : Train 0.8826, Val 0.7964, Test 0.8478
Best:
          Accuracy         : Train 0.8480, Val 0.8353, Test 0.8325
Epoch 119: Loss:            : Train 0.0000, Val 0.7148, Test 0.6619
          Accuracy         : Train 0.8895, Val 0.8006, Test 0.8193
Best:
          Accuracy         : Train 0.8480, Val 0.8353, Test 0.8325
Epoch 120: Loss:            : Train 0.0000, Val 0.7512, Test 0.6065
          Accuracy         : Train 0.8673, Val 0.7874, Test 0.8485
Best:
          Accuracy         : Train 0.8480, Val 0.8353, Test 0.8325
Epoch 121: Loss:            : Train 0.0000, Val 0.7155, Test 0.5823
          Accuracy         : Train 0.8768, Val 0.8172, Test 0.8589
Best:
          Accuracy         : Train 0.8480, Val 0.8353, Test 0.8325
Epoch 122: Loss:            : Train 0.0000, Val 0.6868, Test 0.6010
          Accuracy         : Train 0.8865, Val 0.8186, Test 0.8464
Best:
          Accuracy         : Train 0.8480, Val 0.8353, Test 0.8325
Epoch 123: Loss:            : Train 0.0000, Val 0.7206, Test 0.6099
          Accuracy         : Train 0.8877, Val 0.7978, Test 0.8471
Best:
          Accuracy         : Train 0.8480, Val 0.8353, Test 0.8325
Epoch 124: Loss:            : Train 0.0000, Val 0.6928, Test 0.6732
          Accuracy         : Train 0.8879, Val 0.8242, Test 0.8374
Best:
          Accuracy         : Train 0.8480, Val 0.8353, Test 0.8325
Epoch 125: Loss:            : Train 0.0000, Val 0.6675, Test 0.6277
          Accuracy         : Train 0.8883, Val 0.8151, Test 0.8353
Best:
          Accuracy         : Train 0.8480, Val 0.8353, Test 0.8325
Epoch 126: Loss:            : Train 0.0000, Val 0.9348, Test 0.8403
          Accuracy         : Train 0.8851, Val 0.7081, Test 0.7401
Best:
          Accuracy         : Train 0.8480, Val 0.8353, Test 0.8325
Epoch 127: Loss:            : Train 0.0000, Val 0.7212, Test 0.7561
          Accuracy         : Train 0.7901, Val 0.8270, Test 0.8388
Best:
          Accuracy         : Train 0.8480, Val 0.8353, Test 0.8325
Epoch 128: Loss:            : Train 0.0000, Val 0.9078, Test 0.8721
          Accuracy         : Train 0.8805, Val 0.7477, Test 0.7992
Best:
          Accuracy         : Train 0.8480, Val 0.8353, Test 0.8325
Epoch 129: Loss:            : Train 0.0000, Val 0.8047, Test 0.7484
          Accuracy         : Train 0.8209, Val 0.7839, Test 0.8158
Best:
          Accuracy         : Train 0.8480, Val 0.8353, Test 0.8325
Epoch 130: Loss:            : Train 0.0000, Val 0.8131, Test 0.7212
          Accuracy         : Train 0.8612, Val 0.7894, Test 0.8179
Best:
          Accuracy         : Train 0.8480, Val 0.8353, Test 0.8325
Epoch 131: Loss:            : Train 0.0000, Val 0.7634, Test 0.7861
          Accuracy         : Train 0.8606, Val 0.7943, Test 0.8096
Best:
          Accuracy         : Train 0.8480, Val 0.8353, Test 0.8325
Epoch 132: Loss:            : Train 0.0000, Val 0.7511, Test 0.6170
          Accuracy         : Train 0.8612, Val 0.8131, Test 0.8395
Best:
          Accuracy         : Train 0.8480, Val 0.8353, Test 0.8325
Epoch 133: Loss:            : Train 0.0000, Val 0.7167, Test 0.6411
          Accuracy         : Train 0.8647, Val 0.7978, Test 0.8277
Best:
          Accuracy         : Train 0.8480, Val 0.8353, Test 0.8325
Epoch 134: Loss:            : Train 0.0000, Val 0.7029, Test 0.6516
          Accuracy         : Train 0.8647, Val 0.8082, Test 0.8242
Best:
          Accuracy         : Train 0.8480, Val 0.8353, Test 0.8325
Epoch 135: Loss:            : Train 0.0000, Val 0.6736, Test 0.6501
          Accuracy         : Train 0.8719, Val 0.8221, Test 0.8297
Best:
          Accuracy         : Train 0.8480, Val 0.8353, Test 0.8325
Epoch 136: Loss:            : Train 0.0000, Val 0.7071, Test 0.6837
          Accuracy         : Train 0.8814, Val 0.8158, Test 0.8297
Best:
          Accuracy         : Train 0.8480, Val 0.8353, Test 0.8325
Epoch 137: Loss:            : Train 0.0000, Val 0.7148, Test 0.6980
          Accuracy         : Train 0.8629, Val 0.8061, Test 0.8172
Best:
          Accuracy         : Train 0.8480, Val 0.8353, Test 0.8325
Epoch 138: Loss:            : Train 0.0000, Val 0.7884, Test 0.7855
          Accuracy         : Train 0.8712, Val 0.8040, Test 0.8207
Best:
          Accuracy         : Train 0.8480, Val 0.8353, Test 0.8325
Epoch 139: Loss:            : Train 0.0000, Val 0.7729, Test 0.7412
          Accuracy         : Train 0.8710, Val 0.8033, Test 0.8200
Best:
          Accuracy         : Train 0.8480, Val 0.8353, Test 0.8325
Epoch 140: Loss:            : Train 0.0000, Val 0.7053, Test 0.6930
          Accuracy         : Train 0.8654, Val 0.8131, Test 0.8172
Best:
          Accuracy         : Train 0.8480, Val 0.8353, Test 0.8325
Epoch 141: Loss:            : Train 0.0000, Val 0.6818, Test 0.6372
          Accuracy         : Train 0.8749, Val 0.8165, Test 0.8284
Best:
          Accuracy         : Train 0.8480, Val 0.8353, Test 0.8325
Epoch 142: Loss:            : Train 0.0000, Val 0.6530, Test 0.6212
          Accuracy         : Train 0.8675, Val 0.8214, Test 0.8436
Best:
          Accuracy         : Train 0.8480, Val 0.8353, Test 0.8325
Epoch 143: Loss:            : Train 0.0000, Val 0.6935, Test 0.6568
          Accuracy         : Train 0.8865, Val 0.8019, Test 0.8270
Best:
          Accuracy         : Train 0.8480, Val 0.8353, Test 0.8325
Epoch 144: Loss:            : Train 0.0000, Val 0.7065, Test 0.6191
          Accuracy         : Train 0.8763, Val 0.7867, Test 0.8339
Best:
          Accuracy         : Train 0.8480, Val 0.8353, Test 0.8325
Epoch 145: Loss:            : Train 0.0000, Val 0.7125, Test 0.6962
          Accuracy         : Train 0.8775, Val 0.8256, Test 0.8158
Best:
          Accuracy         : Train 0.8480, Val 0.8353, Test 0.8325
Epoch 146: Loss:            : Train 0.0000, Val 0.6554, Test 0.5985
          Accuracy         : Train 0.8851, Val 0.8339, Test 0.8443
Best:
          Accuracy         : Train 0.8480, Val 0.8353, Test 0.8325
Epoch 147: Loss:            : Train 0.0000, Val 0.6883, Test 0.6122
          Accuracy         : Train 0.8853, Val 0.7929, Test 0.8367
Best:
          Accuracy         : Train 0.8480, Val 0.8353, Test 0.8325
Epoch 148: Loss:            : Train 0.0000, Val 0.6808, Test 0.6355
          Accuracy         : Train 0.8710, Val 0.8277, Test 0.8339
Best:
          Accuracy         : Train 0.8480, Val 0.8353, Test 0.8325
Epoch 149: Loss:            : Train 0.0000, Val 0.7226, Test 0.6248
          Accuracy         : Train 0.8846, Val 0.8075, Test 0.8297
Best:
          Accuracy         : Train 0.8480, Val 0.8353, Test 0.8325
Epoch 150: Loss:            : Train 0.0000, Val 0.6738, Test 0.6571
          Accuracy         : Train 0.8798, Val 0.8235, Test 0.8332
Best:
          Accuracy         : Train 0.8480, Val 0.8353, Test 0.8325
Epoch 151: Loss:            : Train 0.0000, Val 0.7331, Test 0.6958
          Accuracy         : Train 0.8846, Val 0.7950, Test 0.8284
Best:
          Accuracy         : Train 0.8480, Val 0.8353, Test 0.8325
Epoch 152: Loss:            : Train 0.0000, Val 0.6565, Test 0.5581
          Accuracy         : Train 0.8689, Val 0.8089, Test 0.8562
Best:
          Accuracy         : Train 0.8480, Val 0.8353, Test 0.8325
Epoch 153: Loss:            : Train 0.0000, Val 0.7013, Test 0.5801
          Accuracy         : Train 0.8844, Val 0.8110, Test 0.8541
Best:
          Accuracy         : Train 0.8480, Val 0.8353, Test 0.8325
Epoch 154: Loss:            : Train 0.0000, Val 0.6566, Test 0.5859
          Accuracy         : Train 0.8758, Val 0.8263, Test 0.8416
Best:
          Accuracy         : Train 0.8480, Val 0.8353, Test 0.8325
Epoch 155: Loss:            : Train 0.0000, Val 0.6962, Test 0.6888
          Accuracy         : Train 0.8930, Val 0.8145, Test 0.8193
Best:
          Accuracy         : Train 0.8480, Val 0.8353, Test 0.8325
Epoch 156: Loss:            : Train 0.0000, Val 0.7556, Test 0.6501
          Accuracy         : Train 0.8765, Val 0.8103, Test 0.8374
Best:
          Accuracy         : Train 0.8480, Val 0.8353, Test 0.8325
Epoch 157: Loss:            : Train 0.0000, Val 0.7774, Test 0.6868
          Accuracy         : Train 0.8698, Val 0.8200, Test 0.8374
Best:
          Accuracy         : Train 0.8480, Val 0.8353, Test 0.8325
Epoch 158: Loss:            : Train 0.0000, Val 0.7929, Test 0.6262
          Accuracy         : Train 0.8802, Val 0.7992, Test 0.8277
Best:
          Accuracy         : Train 0.8480, Val 0.8353, Test 0.8325
Epoch 159: Loss:            : Train 0.0000, Val 0.8712, Test 0.7934
          Accuracy         : Train 0.8793, Val 0.8200, Test 0.8221
Best:
          Accuracy         : Train 0.8480, Val 0.8353, Test 0.8325
Epoch 160: Loss:            : Train 0.0000, Val 0.7948, Test 0.6987
          Accuracy         : Train 0.8828, Val 0.8103, Test 0.8277
Best:
          Accuracy         : Train 0.8480, Val 0.8353, Test 0.8325
Epoch 161: Loss:            : Train 0.0000, Val 0.7418, Test 0.6521
          Accuracy         : Train 0.8707, Val 0.8047, Test 0.8179
Best:
          Accuracy         : Train 0.8480, Val 0.8353, Test 0.8325
Epoch 162: Loss:            : Train 0.0000, Val 0.6952, Test 0.6325
          Accuracy         : Train 0.8694, Val 0.8311, Test 0.8395
Best:
          Accuracy         : Train 0.8480, Val 0.8353, Test 0.8325
Epoch 163: Loss:            : Train 0.0000, Val 0.7435, Test 0.7283
          Accuracy         : Train 0.8879, Val 0.8138, Test 0.8026
Best:
          Accuracy         : Train 0.8480, Val 0.8353, Test 0.8325
Epoch 164: Loss:            : Train 0.0000, Val 0.6616, Test 0.5935
          Accuracy         : Train 0.8724, Val 0.8228, Test 0.8388
Best:
          Accuracy         : Train 0.8480, Val 0.8353, Test 0.8325
Epoch 165: Loss:            : Train 0.0000, Val 0.6486, Test 0.5626
          Accuracy         : Train 0.8795, Val 0.8284, Test 0.8513
Best:
          Accuracy         : Train 0.8480, Val 0.8353, Test 0.8325
Epoch 166: Loss:            : Train 0.0000, Val 0.7142, Test 0.5926
          Accuracy         : Train 0.8816, Val 0.8360, Test 0.8520
Best:
          Accuracy         : Train 0.8816, Val 0.8360, Test 0.8520
Epoch 167: Loss:            : Train 0.0000, Val 0.7845, Test 0.6861
          Accuracy         : Train 0.8881, Val 0.7964, Test 0.8235
Best:
          Accuracy         : Train 0.8816, Val 0.8360, Test 0.8520
Epoch 168: Loss:            : Train 0.0000, Val 0.7430, Test 0.6450
          Accuracy         : Train 0.8724, Val 0.8096, Test 0.8423
Best:
          Accuracy         : Train 0.8816, Val 0.8360, Test 0.8520
Epoch 169: Loss:            : Train 0.0000, Val 0.7655, Test 0.7066
          Accuracy         : Train 0.8923, Val 0.8082, Test 0.8360
Best:
          Accuracy         : Train 0.8816, Val 0.8360, Test 0.8520
Epoch 170: Loss:            : Train 0.0000, Val 0.7831, Test 0.6639
          Accuracy         : Train 0.8921, Val 0.7894, Test 0.8395
Best:
          Accuracy         : Train 0.8816, Val 0.8360, Test 0.8520
Epoch 171: Loss:            : Train 0.0000, Val 0.7903, Test 0.6626
          Accuracy         : Train 0.8837, Val 0.7901, Test 0.8353
Best:
          Accuracy         : Train 0.8816, Val 0.8360, Test 0.8520
Epoch 172: Loss:            : Train 0.0000, Val 0.8272, Test 0.8973
          Accuracy         : Train 0.8795, Val 0.8151, Test 0.8158
Best:
          Accuracy         : Train 0.8816, Val 0.8360, Test 0.8520
Epoch 173: Loss:            : Train 0.0000, Val 0.8078, Test 0.8149
          Accuracy         : Train 0.8870, Val 0.8054, Test 0.8172
Best:
          Accuracy         : Train 0.8816, Val 0.8360, Test 0.8520
Epoch 174: Loss:            : Train 0.0000, Val 0.7775, Test 0.6650
          Accuracy         : Train 0.8874, Val 0.7832, Test 0.8284
Best:
          Accuracy         : Train 0.8816, Val 0.8360, Test 0.8520
Epoch 175: Loss:            : Train 0.0000, Val 0.7241, Test 0.6253
          Accuracy         : Train 0.8800, Val 0.8103, Test 0.8527
Best:
          Accuracy         : Train 0.8816, Val 0.8360, Test 0.8520
Epoch 176: Loss:            : Train 0.0000, Val 0.7852, Test 0.6768
          Accuracy         : Train 0.8830, Val 0.7964, Test 0.8311
Best:
          Accuracy         : Train 0.8816, Val 0.8360, Test 0.8520
Epoch 177: Loss:            : Train 0.0000, Val 0.7067, Test 0.5944
          Accuracy         : Train 0.8744, Val 0.8013, Test 0.8436
Best:
          Accuracy         : Train 0.8816, Val 0.8360, Test 0.8520
Epoch 178: Loss:            : Train 0.0000, Val 0.7068, Test 0.6151
          Accuracy         : Train 0.8865, Val 0.7964, Test 0.8339
Best:
          Accuracy         : Train 0.8816, Val 0.8360, Test 0.8520
Epoch 179: Loss:            : Train 0.0000, Val 0.8447, Test 0.8359
          Accuracy         : Train 0.8789, Val 0.8221, Test 0.8277
Best:
          Accuracy         : Train 0.8816, Val 0.8360, Test 0.8520
Epoch 180: Loss:            : Train 0.0000, Val 0.7783, Test 0.6161
          Accuracy         : Train 0.8800, Val 0.8110, Test 0.8520
Best:
          Accuracy         : Train 0.8816, Val 0.8360, Test 0.8520
Epoch 181: Loss:            : Train 0.0000, Val 0.6886, Test 0.6228
          Accuracy         : Train 0.8867, Val 0.8228, Test 0.8478
Best:
          Accuracy         : Train 0.8816, Val 0.8360, Test 0.8520
Epoch 182: Loss:            : Train 0.0000, Val 0.7164, Test 0.6868
          Accuracy         : Train 0.8962, Val 0.8172, Test 0.8242
Best:
          Accuracy         : Train 0.8816, Val 0.8360, Test 0.8520
Epoch 183: Loss:            : Train 0.0000, Val 0.7285, Test 0.6356
          Accuracy         : Train 0.8902, Val 0.8200, Test 0.8388
Best:
          Accuracy         : Train 0.8816, Val 0.8360, Test 0.8520
Epoch 184: Loss:            : Train 0.0000, Val 0.8828, Test 0.7538
          Accuracy         : Train 0.8939, Val 0.7901, Test 0.8075
Best:
          Accuracy         : Train 0.8816, Val 0.8360, Test 0.8520
Epoch 185: Loss:            : Train 0.0000, Val 0.7804, Test 0.6683
          Accuracy         : Train 0.8744, Val 0.8040, Test 0.8311
Best:
          Accuracy         : Train 0.8816, Val 0.8360, Test 0.8520
Epoch 186: Loss:            : Train 0.0000, Val 0.6752, Test 0.5691
          Accuracy         : Train 0.8700, Val 0.7992, Test 0.8423
Best:
          Accuracy         : Train 0.8816, Val 0.8360, Test 0.8520
Epoch 187: Loss:            : Train 0.0000, Val 0.6968, Test 0.6204
          Accuracy         : Train 0.8770, Val 0.8117, Test 0.8346
Best:
          Accuracy         : Train 0.8816, Val 0.8360, Test 0.8520
Epoch 188: Loss:            : Train 0.0000, Val 0.5910, Test 0.6034
          Accuracy         : Train 0.8835, Val 0.8381, Test 0.8436
Best:
          Accuracy         : Train 0.8835, Val 0.8381, Test 0.8436
Epoch 189: Loss:            : Train 0.0000, Val 0.7159, Test 0.6629
          Accuracy         : Train 0.8867, Val 0.8200, Test 0.8339
Best:
          Accuracy         : Train 0.8835, Val 0.8381, Test 0.8436
Epoch 190: Loss:            : Train 0.0000, Val 0.8940, Test 0.8258
          Accuracy         : Train 0.8821, Val 0.7943, Test 0.8277
Best:
          Accuracy         : Train 0.8835, Val 0.8381, Test 0.8436
Epoch 191: Loss:            : Train 0.0000, Val 0.7389, Test 0.6663
          Accuracy         : Train 0.8659, Val 0.8138, Test 0.8402
Best:
          Accuracy         : Train 0.8835, Val 0.8381, Test 0.8436
Epoch 192: Loss:            : Train 0.0000, Val 0.7956, Test 0.6988
          Accuracy         : Train 0.8798, Val 0.7797, Test 0.8110
Best:
          Accuracy         : Train 0.8835, Val 0.8381, Test 0.8436
Epoch 193: Loss:            : Train 0.0000, Val 0.7114, Test 0.6696
          Accuracy         : Train 0.8682, Val 0.8131, Test 0.8270
Best:
          Accuracy         : Train 0.8835, Val 0.8381, Test 0.8436
Epoch 194: Loss:            : Train 0.0000, Val 0.7161, Test 0.6310
          Accuracy         : Train 0.8870, Val 0.7971, Test 0.8304
Best:
          Accuracy         : Train 0.8835, Val 0.8381, Test 0.8436
Epoch 195: Loss:            : Train 0.0000, Val 0.8123, Test 0.6930
          Accuracy         : Train 0.8874, Val 0.7943, Test 0.8290
Best:
          Accuracy         : Train 0.8835, Val 0.8381, Test 0.8436
Epoch 196: Loss:            : Train 0.0000, Val 0.8670, Test 0.6868
          Accuracy         : Train 0.8777, Val 0.7679, Test 0.8131
Best:
          Accuracy         : Train 0.8835, Val 0.8381, Test 0.8436
Epoch 197: Loss:            : Train 0.0000, Val 0.7557, Test 0.7198
          Accuracy         : Train 0.8633, Val 0.8158, Test 0.8409
Best:
          Accuracy         : Train 0.8835, Val 0.8381, Test 0.8436
Epoch 198: Loss:            : Train 0.0000, Val 0.7540, Test 0.6581
          Accuracy         : Train 0.8893, Val 0.8047, Test 0.8263
Best:
          Accuracy         : Train 0.8835, Val 0.8381, Test 0.8436
Epoch 199: Loss:            : Train 0.0000, Val 0.7745, Test 0.6488
          Accuracy         : Train 0.8770, Val 0.8089, Test 0.8277
Best:
          Accuracy         : Train 0.8835, Val 0.8381, Test 0.8436
Epoch 200: Loss:            : Train 0.0000, Val 0.7879, Test 0.7687
          Accuracy         : Train 0.8833, Val 0.8207, Test 0.8235
Best:
          Accuracy         : Train 0.8835, Val 0.8381, Test 0.8436
Training time (sec): 25
