Loading parties from cache
Loading data from cache
Done
Calculating noise scale
Adding noise of scale 0.0 to sim_scores
Adding noise of scale 0.0 to sim_scores
Adding noise of scale 0.0 to sim_scores
Filter dataset to top 10
Generating top 10 dataset
Generating top 10 dataset
Generating top 10 dataset
Preparing time (sec): 0
Initializing dataloader
Done
Prepare for training
Start training
================================================================================
                                    Kernel Shape Output Shape  Params  \
Layer                                                                   
0_local_models.0.fc_layers.Linear_0     [3, 100]    [32, 100]     400   
1_local_models.0.fc_layers.Linear_1    [100, 50]     [32, 50]    5050   
2_local_models.1.fc_layers.Linear_0     [3, 100]    [32, 100]     400   
3_local_models.1.fc_layers.Linear_1    [100, 50]     [32, 50]    5050   
4_agg_model.fc_layers.Linear_0        [100, 100]    [32, 100]   10100   
5_agg_model.fc_layers.Linear_1         [100, 10]     [32, 10]    1010   

                                     Mult-Adds  
Layer                                           
0_local_models.0.fc_layers.Linear_0        300  
1_local_models.0.fc_layers.Linear_1       5000  
2_local_models.1.fc_layers.Linear_0        300  
3_local_models.1.fc_layers.Linear_1       5000  
4_agg_model.fc_layers.Linear_0           10000  
5_agg_model.fc_layers.Linear_1            1000  
--------------------------------------------------------------------------------
                      Totals
Total params           22010
Trainable params       22010
Non-trainable params       0
Mult-Adds              21600
================================================================================
n_classes=10
task=multi_cls
model_name=frog_avgsim_noise_0.2_2022-01-29-18-25-28
sche_threshold=0.0001
sche_patience=10
sche_factor=0.1
use_scheduler=False
num_workers=4
device=cuda:7
test_batch_size=4096
train_batch_size=32
learning_rate=0.003
weight_decay=0.001
num_epochs=100
model_save_path=ckp/frog_avgsim_noise_0.2_2022-01-29-18-25-28.pth
test_rate=0.2
val_rate=0.2
multiprocess_context=fork
metrics=['accuracy']
metrics_f=[<metric.accuracy.Accuracy object at 0x7f0ec76a0070>]
hidden_sizes=[100, 100]
model=SplitNN(
  (agg_model): MLP(
    (fc_layers): ModuleList(
      (0): Linear(in_features=100, out_features=100, bias=True)
      (1): Linear(in_features=100, out_features=10, bias=True)
    )
  )
  (local_models): ModuleList(
    (0): MLP(
      (fc_layers): ModuleList(
        (0): Linear(in_features=3, out_features=100, bias=True)
        (1): Linear(in_features=100, out_features=50, bias=True)
      )
    )
    (1): MLP(
      (fc_layers): ModuleList(
        (0): Linear(in_features=3, out_features=100, bias=True)
        (1): Linear(in_features=100, out_features=50, bias=True)
      )
    )
  )
)
writer=<torch.utils.tensorboard.writer.SummaryWriter object at 0x7f0ec76a0190>
dataset_type=syn
drop_key=True
num_common_features=16
tree_radius=2
tree_leaf_size=1000
knn_k=10
grid_min=-10.0
grid_max=10.0
grid_width=1.5
sim_scaler=StandardScaler()
filter_top_k=10
link_n_jobs=1
psig_p=7
sim_leak_p=1.0
link_threshold_t=0.1
link_epsilon=0.1
n_hash_lsh=20
edit_distance_threshold=1
n_hash_func=10
collision_rate=0.05
qgram_q=2
link_delta=0.1
feature_wise_sim=False
blocking_method=knn
center_threshold=0.5
n_clusters=100
local_hidden_sizes=[[100], [100]]
cut_dims=[50, 50]
agg_hidden_sizes=[100]
scale_analysis=None
log_dir=log/frog_avgsim_noise_0.2_2022-01-29-18-25-28/
update_sim_freq=1
sim_model_save_path=ckp/frog_avgsim_noise_0.2_2022-01-29-18-25-28_sim.pth
sim_batch_size=4096
sim_weight_decay=0.001
sim_learning_rate=0.003
merge_mode=avg
sim_model=None
sim_hidden_sizes=[10]
data1_shape=(7195, 19)
data2_shape=(7195, 19)
Epoch 1: Loss:            : Train 1.7440, Val 1.2743, Test 1.2848
          Accuracy         : Train 0.4538, Val 0.4934, Test 0.4920
Best:
          Accuracy         : Train 0.4538, Val 0.4934, Test 0.4920
Epoch 2: Loss:            : Train 0.9828, Val 0.7589, Test 0.7774
          Accuracy         : Train 0.6935, Val 0.7582, Test 0.7582
Best:
          Accuracy         : Train 0.6935, Val 0.7582, Test 0.7582
Epoch 3: Loss:            : Train 0.6743, Val 0.6276, Test 0.6252
          Accuracy         : Train 0.7892, Val 0.7964, Test 0.7901
Best:
          Accuracy         : Train 0.7892, Val 0.7964, Test 0.7901
Epoch 4: Loss:            : Train 0.5473, Val 0.5506, Test 0.5771
          Accuracy         : Train 0.8251, Val 0.8443, Test 0.8096
Best:
          Accuracy         : Train 0.8251, Val 0.8443, Test 0.8096
Epoch 5: Loss:            : Train 0.4609, Val 0.5184, Test 0.5244
          Accuracy         : Train 0.8589, Val 0.8284, Test 0.8103
Best:
          Accuracy         : Train 0.8251, Val 0.8443, Test 0.8096
Epoch 6: Loss:            : Train 0.3928, Val 0.5101, Test 0.4932
          Accuracy         : Train 0.8851, Val 0.8673, Test 0.8527
Best:
          Accuracy         : Train 0.8851, Val 0.8673, Test 0.8527
Epoch 7: Loss:            : Train 0.3606, Val 0.4585, Test 0.4705
          Accuracy         : Train 0.8918, Val 0.8589, Test 0.8492
Best:
          Accuracy         : Train 0.8851, Val 0.8673, Test 0.8527
Epoch 8: Loss:            : Train 0.3355, Val 0.4965, Test 0.4972
          Accuracy         : Train 0.9022, Val 0.8506, Test 0.8464
Best:
          Accuracy         : Train 0.8851, Val 0.8673, Test 0.8527
Epoch 9: Loss:            : Train 0.3245, Val 0.4462, Test 0.4661
          Accuracy         : Train 0.9076, Val 0.8673, Test 0.8555
Best:
          Accuracy         : Train 0.8851, Val 0.8673, Test 0.8527
Epoch 10: Loss:            : Train 0.3028, Val 0.4498, Test 0.3995
          Accuracy         : Train 0.9136, Val 0.8652, Test 0.8874
Best:
          Accuracy         : Train 0.8851, Val 0.8673, Test 0.8527
Epoch 11: Loss:            : Train 0.2819, Val 0.4372, Test 0.3944
          Accuracy         : Train 0.9178, Val 0.8687, Test 0.8805
Best:
          Accuracy         : Train 0.9178, Val 0.8687, Test 0.8805
Epoch 12: Loss:            : Train 0.2750, Val 0.5174, Test 0.3929
          Accuracy         : Train 0.9175, Val 0.8436, Test 0.8839
Best:
          Accuracy         : Train 0.9178, Val 0.8687, Test 0.8805
Epoch 13: Loss:            : Train 0.2629, Val 0.4290, Test 0.3750
          Accuracy         : Train 0.9247, Val 0.8742, Test 0.8867
Best:
          Accuracy         : Train 0.9247, Val 0.8742, Test 0.8867
Epoch 14: Loss:            : Train 0.2483, Val 0.6035, Test 0.5021
          Accuracy         : Train 0.9259, Val 0.8131, Test 0.8388
Best:
          Accuracy         : Train 0.9247, Val 0.8742, Test 0.8867
Epoch 15: Loss:            : Train 0.2423, Val 0.4878, Test 0.3666
          Accuracy         : Train 0.9254, Val 0.8520, Test 0.8902
Best:
          Accuracy         : Train 0.9247, Val 0.8742, Test 0.8867
Epoch 16: Loss:            : Train 0.2269, Val 0.4948, Test 0.3797
          Accuracy         : Train 0.9317, Val 0.8429, Test 0.8874
Best:
          Accuracy         : Train 0.9247, Val 0.8742, Test 0.8867
Epoch 17: Loss:            : Train 0.2216, Val 0.4663, Test 0.3852
          Accuracy         : Train 0.9289, Val 0.8652, Test 0.9027
Best:
          Accuracy         : Train 0.9247, Val 0.8742, Test 0.8867
Epoch 18: Loss:            : Train 0.2162, Val 0.6167, Test 0.4698
          Accuracy         : Train 0.9356, Val 0.8047, Test 0.8443
Best:
          Accuracy         : Train 0.9247, Val 0.8742, Test 0.8867
Epoch 19: Loss:            : Train 0.2076, Val 0.5295, Test 0.4131
          Accuracy         : Train 0.9342, Val 0.8270, Test 0.8728
Best:
          Accuracy         : Train 0.9247, Val 0.8742, Test 0.8867
Epoch 20: Loss:            : Train 0.2078, Val 0.4881, Test 0.3629
          Accuracy         : Train 0.9344, Val 0.8610, Test 0.8992
Best:
          Accuracy         : Train 0.9247, Val 0.8742, Test 0.8867
Epoch 21: Loss:            : Train 0.1996, Val 0.4701, Test 0.4052
          Accuracy         : Train 0.9379, Val 0.8485, Test 0.8805
Best:
          Accuracy         : Train 0.9247, Val 0.8742, Test 0.8867
Epoch 22: Loss:            : Train 0.1967, Val 0.4353, Test 0.4133
          Accuracy         : Train 0.9395, Val 0.8777, Test 0.8784
Best:
          Accuracy         : Train 0.9395, Val 0.8777, Test 0.8784
Epoch 23: Loss:            : Train 0.1938, Val 0.6199, Test 0.4776
          Accuracy         : Train 0.9430, Val 0.7999, Test 0.8548
Best:
          Accuracy         : Train 0.9395, Val 0.8777, Test 0.8784
Epoch 24: Loss:            : Train 0.1895, Val 0.4914, Test 0.3762
          Accuracy         : Train 0.9412, Val 0.8575, Test 0.8972
Best:
          Accuracy         : Train 0.9395, Val 0.8777, Test 0.8784
Epoch 25: Loss:            : Train 0.1846, Val 0.5159, Test 0.4084
          Accuracy         : Train 0.9430, Val 0.8457, Test 0.8770
Best:
          Accuracy         : Train 0.9395, Val 0.8777, Test 0.8784
Epoch 26: Loss:            : Train 0.1815, Val 0.4496, Test 0.3943
          Accuracy         : Train 0.9423, Val 0.8687, Test 0.8909
Best:
          Accuracy         : Train 0.9395, Val 0.8777, Test 0.8784
Epoch 27: Loss:            : Train 0.1771, Val 0.4119, Test 0.3474
          Accuracy         : Train 0.9430, Val 0.8735, Test 0.8999
Best:
          Accuracy         : Train 0.9395, Val 0.8777, Test 0.8784
Epoch 28: Loss:            : Train 0.1773, Val 0.4703, Test 0.4068
          Accuracy         : Train 0.9449, Val 0.8562, Test 0.8826
Best:
          Accuracy         : Train 0.9395, Val 0.8777, Test 0.8784
Epoch 29: Loss:            : Train 0.1783, Val 0.4939, Test 0.3721
          Accuracy         : Train 0.9439, Val 0.8527, Test 0.8902
Best:
          Accuracy         : Train 0.9395, Val 0.8777, Test 0.8784
Epoch 30: Loss:            : Train 0.1641, Val 0.5572, Test 0.4255
          Accuracy         : Train 0.9474, Val 0.8436, Test 0.8749
Best:
          Accuracy         : Train 0.9395, Val 0.8777, Test 0.8784
Epoch 31: Loss:            : Train 0.1747, Val 0.5640, Test 0.4649
          Accuracy         : Train 0.9458, Val 0.8325, Test 0.8673
Best:
          Accuracy         : Train 0.9395, Val 0.8777, Test 0.8784
Epoch 32: Loss:            : Train 0.1708, Val 0.5328, Test 0.4314
          Accuracy         : Train 0.9437, Val 0.8416, Test 0.8735
Best:
          Accuracy         : Train 0.9395, Val 0.8777, Test 0.8784
Epoch 33: Loss:            : Train 0.1617, Val 0.4750, Test 0.4379
          Accuracy         : Train 0.9470, Val 0.8763, Test 0.8881
Best:
          Accuracy         : Train 0.9395, Val 0.8777, Test 0.8784
Epoch 34: Loss:            : Train 0.1612, Val 0.5120, Test 0.3943
          Accuracy         : Train 0.9483, Val 0.8520, Test 0.8930
Best:
          Accuracy         : Train 0.9395, Val 0.8777, Test 0.8784
Epoch 35: Loss:            : Train 0.1549, Val 0.5045, Test 0.3918
          Accuracy         : Train 0.9493, Val 0.8575, Test 0.8944
Best:
          Accuracy         : Train 0.9395, Val 0.8777, Test 0.8784
Epoch 36: Loss:            : Train 0.1501, Val 0.4949, Test 0.4150
          Accuracy         : Train 0.9534, Val 0.8666, Test 0.8805
Best:
          Accuracy         : Train 0.9395, Val 0.8777, Test 0.8784
Epoch 37: Loss:            : Train 0.1568, Val 0.7630, Test 0.4637
          Accuracy         : Train 0.9474, Val 0.7929, Test 0.8846
Best:
          Accuracy         : Train 0.9395, Val 0.8777, Test 0.8784
Epoch 38: Loss:            : Train 0.1499, Val 0.4908, Test 0.3785
          Accuracy         : Train 0.9546, Val 0.8659, Test 0.8992
Best:
          Accuracy         : Train 0.9395, Val 0.8777, Test 0.8784
Epoch 39: Loss:            : Train 0.1447, Val 0.4989, Test 0.4207
          Accuracy         : Train 0.9544, Val 0.8638, Test 0.8951
Best:
          Accuracy         : Train 0.9395, Val 0.8777, Test 0.8784
Epoch 40: Loss:            : Train 0.1443, Val 0.5726, Test 0.4153
          Accuracy         : Train 0.9551, Val 0.8256, Test 0.8881
Best:
          Accuracy         : Train 0.9395, Val 0.8777, Test 0.8784
Epoch 41: Loss:            : Train 0.1380, Val 0.4836, Test 0.4008
          Accuracy         : Train 0.9555, Val 0.8673, Test 0.8826
Best:
          Accuracy         : Train 0.9395, Val 0.8777, Test 0.8784
Epoch 42: Loss:            : Train 0.1376, Val 0.4900, Test 0.4101
          Accuracy         : Train 0.9565, Val 0.8596, Test 0.8909
Best:
          Accuracy         : Train 0.9395, Val 0.8777, Test 0.8784
Epoch 43: Loss:            : Train 0.1391, Val 0.6747, Test 0.4631
          Accuracy         : Train 0.9527, Val 0.8228, Test 0.8839
Best:
          Accuracy         : Train 0.9395, Val 0.8777, Test 0.8784
Epoch 44: Loss:            : Train 0.1366, Val 0.6131, Test 0.4255
          Accuracy         : Train 0.9569, Val 0.8395, Test 0.8944
Best:
          Accuracy         : Train 0.9395, Val 0.8777, Test 0.8784
Epoch 45: Loss:            : Train 0.1378, Val 0.5598, Test 0.4708
          Accuracy         : Train 0.9558, Val 0.8541, Test 0.8728
Best:
          Accuracy         : Train 0.9395, Val 0.8777, Test 0.8784
Epoch 46: Loss:            : Train 0.1249, Val 0.5531, Test 0.4718
          Accuracy         : Train 0.9606, Val 0.8659, Test 0.8839
Best:
          Accuracy         : Train 0.9395, Val 0.8777, Test 0.8784
Epoch 47: Loss:            : Train 0.1305, Val 0.6880, Test 0.4809
          Accuracy         : Train 0.9571, Val 0.8151, Test 0.8839
Best:
          Accuracy         : Train 0.9395, Val 0.8777, Test 0.8784
Epoch 48: Loss:            : Train 0.1270, Val 0.6568, Test 0.5167
          Accuracy         : Train 0.9592, Val 0.8242, Test 0.8714
Best:
          Accuracy         : Train 0.9395, Val 0.8777, Test 0.8784
Epoch 49: Loss:            : Train 0.1229, Val 0.5856, Test 0.4348
          Accuracy         : Train 0.9613, Val 0.8534, Test 0.8930
Best:
          Accuracy         : Train 0.9395, Val 0.8777, Test 0.8784
Epoch 50: Loss:            : Train 0.1185, Val 0.5158, Test 0.4579
          Accuracy         : Train 0.9604, Val 0.8624, Test 0.8846
Best:
          Accuracy         : Train 0.9395, Val 0.8777, Test 0.8784
Epoch 51: Loss:            : Train 0.1215, Val 0.6512, Test 0.5019
          Accuracy         : Train 0.9625, Val 0.8325, Test 0.8721
Best:
          Accuracy         : Train 0.9395, Val 0.8777, Test 0.8784
Epoch 52: Loss:            : Train 0.1165, Val 0.6835, Test 0.4777
          Accuracy         : Train 0.9599, Val 0.8402, Test 0.8902
Best:
          Accuracy         : Train 0.9395, Val 0.8777, Test 0.8784
Epoch 53: Loss:            : Train 0.1174, Val 0.7856, Test 0.5856
          Accuracy         : Train 0.9634, Val 0.8006, Test 0.8513
Best:
          Accuracy         : Train 0.9395, Val 0.8777, Test 0.8784
Epoch 54: Loss:            : Train 0.1137, Val 0.6095, Test 0.4375
          Accuracy         : Train 0.9602, Val 0.8589, Test 0.8978
Best:
          Accuracy         : Train 0.9395, Val 0.8777, Test 0.8784
Epoch 55: Loss:            : Train 0.1140, Val 0.5209, Test 0.4604
          Accuracy         : Train 0.9650, Val 0.8735, Test 0.8853
Best:
          Accuracy         : Train 0.9395, Val 0.8777, Test 0.8784
Epoch 56: Loss:            : Train 0.1083, Val 0.6249, Test 0.5064
          Accuracy         : Train 0.9641, Val 0.8492, Test 0.8860
Best:
          Accuracy         : Train 0.9395, Val 0.8777, Test 0.8784
Epoch 57: Loss:            : Train 0.1068, Val 0.6719, Test 0.5185
          Accuracy         : Train 0.9648, Val 0.8450, Test 0.8687
Best:
          Accuracy         : Train 0.9395, Val 0.8777, Test 0.8784
Epoch 58: Loss:            : Train 0.1069, Val 0.5531, Test 0.4390
          Accuracy         : Train 0.9625, Val 0.8791, Test 0.8923
Best:
          Accuracy         : Train 0.9625, Val 0.8791, Test 0.8923
Epoch 59: Loss:            : Train 0.1083, Val 0.9479, Test 0.7253
          Accuracy         : Train 0.9657, Val 0.7672, Test 0.7992
Best:
          Accuracy         : Train 0.9625, Val 0.8791, Test 0.8923
Epoch 60: Loss:            : Train 0.1020, Val 1.1873, Test 0.8371
          Accuracy         : Train 0.9680, Val 0.7547, Test 0.7971
Best:
          Accuracy         : Train 0.9625, Val 0.8791, Test 0.8923
Epoch 61: Loss:            : Train 0.1017, Val 0.6721, Test 0.4937
          Accuracy         : Train 0.9676, Val 0.8409, Test 0.8839
Best:
          Accuracy         : Train 0.9625, Val 0.8791, Test 0.8923
Epoch 62: Loss:            : Train 0.0965, Val 0.6154, Test 0.5142
          Accuracy         : Train 0.9683, Val 0.8596, Test 0.8839
Best:
          Accuracy         : Train 0.9625, Val 0.8791, Test 0.8923
Epoch 63: Loss:            : Train 0.0956, Val 1.0354, Test 0.6014
          Accuracy         : Train 0.9685, Val 0.7672, Test 0.8534
Best:
          Accuracy         : Train 0.9625, Val 0.8791, Test 0.8923
Epoch 64: Loss:            : Train 0.1005, Val 0.5809, Test 0.5052
          Accuracy         : Train 0.9676, Val 0.8721, Test 0.8805
Best:
          Accuracy         : Train 0.9625, Val 0.8791, Test 0.8923
Epoch 65: Loss:            : Train 0.0886, Val 0.7287, Test 0.5348
          Accuracy         : Train 0.9701, Val 0.8499, Test 0.8819
Best:
          Accuracy         : Train 0.9625, Val 0.8791, Test 0.8923
Epoch 66: Loss:            : Train 0.0905, Val 0.7093, Test 0.5655
          Accuracy         : Train 0.9671, Val 0.8270, Test 0.8687
Best:
          Accuracy         : Train 0.9625, Val 0.8791, Test 0.8923
Epoch 67: Loss:            : Train 0.0961, Val 0.8431, Test 0.5223
          Accuracy         : Train 0.9690, Val 0.8033, Test 0.8923
Best:
          Accuracy         : Train 0.9625, Val 0.8791, Test 0.8923
Epoch 68: Loss:            : Train 0.0952, Val 0.7642, Test 0.5148
          Accuracy         : Train 0.9701, Val 0.8221, Test 0.8742
Best:
          Accuracy         : Train 0.9625, Val 0.8791, Test 0.8923
Epoch 69: Loss:            : Train 0.0882, Val 0.8833, Test 0.5380
          Accuracy         : Train 0.9701, Val 0.8124, Test 0.8826
Best:
          Accuracy         : Train 0.9625, Val 0.8791, Test 0.8923
Epoch 70: Loss:            : Train 0.0940, Val 0.8499, Test 0.5779
          Accuracy         : Train 0.9697, Val 0.8381, Test 0.8721
Best:
          Accuracy         : Train 0.9625, Val 0.8791, Test 0.8923
Epoch 71: Loss:            : Train 0.0968, Val 0.6975, Test 0.5525
          Accuracy         : Train 0.9685, Val 0.8568, Test 0.8846
Best:
          Accuracy         : Train 0.9625, Val 0.8791, Test 0.8923
Epoch 72: Loss:            : Train 0.0870, Val 1.0432, Test 0.6392
          Accuracy         : Train 0.9722, Val 0.7894, Test 0.8457
Best:
          Accuracy         : Train 0.9625, Val 0.8791, Test 0.8923
Epoch 73: Loss:            : Train 0.0925, Val 0.7591, Test 0.5522
          Accuracy         : Train 0.9715, Val 0.8353, Test 0.8735
Best:
          Accuracy         : Train 0.9625, Val 0.8791, Test 0.8923
Epoch 74: Loss:            : Train 0.0911, Val 0.6825, Test 0.4909
          Accuracy         : Train 0.9680, Val 0.8555, Test 0.8867
Best:
          Accuracy         : Train 0.9625, Val 0.8791, Test 0.8923
Epoch 75: Loss:            : Train 0.0873, Val 0.7947, Test 0.5986
          Accuracy         : Train 0.9680, Val 0.8423, Test 0.8680
Best:
          Accuracy         : Train 0.9625, Val 0.8791, Test 0.8923
Epoch 76: Loss:            : Train 0.0881, Val 0.6715, Test 0.4949
          Accuracy         : Train 0.9722, Val 0.8673, Test 0.8867
Best:
          Accuracy         : Train 0.9625, Val 0.8791, Test 0.8923
Epoch 77: Loss:            : Train 0.0867, Val 1.0235, Test 0.6820
          Accuracy         : Train 0.9706, Val 0.7790, Test 0.8409
Best:
          Accuracy         : Train 0.9625, Val 0.8791, Test 0.8923
Epoch 78: Loss:            : Train 0.0828, Val 0.6515, Test 0.5131
          Accuracy         : Train 0.9715, Val 0.8568, Test 0.8923
Best:
          Accuracy         : Train 0.9625, Val 0.8791, Test 0.8923
Epoch 79: Loss:            : Train 0.0765, Val 0.8113, Test 0.5877
          Accuracy         : Train 0.9748, Val 0.8520, Test 0.8833
Best:
          Accuracy         : Train 0.9625, Val 0.8791, Test 0.8923
Epoch 80: Loss:            : Train 0.0757, Val 0.7389, Test 0.5564
          Accuracy         : Train 0.9764, Val 0.8436, Test 0.8784
Best:
          Accuracy         : Train 0.9625, Val 0.8791, Test 0.8923
Epoch 81: Loss:            : Train 0.0819, Val 0.7028, Test 0.4831
          Accuracy         : Train 0.9720, Val 0.8464, Test 0.8916
Best:
          Accuracy         : Train 0.9625, Val 0.8791, Test 0.8923
Epoch 82: Loss:            : Train 0.0768, Val 0.8079, Test 0.5505
          Accuracy         : Train 0.9722, Val 0.8450, Test 0.8860
Best:
          Accuracy         : Train 0.9625, Val 0.8791, Test 0.8923
Epoch 83: Loss:            : Train 0.0821, Val 0.7556, Test 0.6115
          Accuracy         : Train 0.9710, Val 0.8388, Test 0.8756
Best:
          Accuracy         : Train 0.9625, Val 0.8791, Test 0.8923
Epoch 84: Loss:            : Train 0.0728, Val 0.7597, Test 0.5085
          Accuracy         : Train 0.9750, Val 0.8520, Test 0.8895
Best:
          Accuracy         : Train 0.9625, Val 0.8791, Test 0.8923
Epoch 85: Loss:            : Train 0.0737, Val 1.0353, Test 0.6688
          Accuracy         : Train 0.9754, Val 0.7790, Test 0.8548
Best:
          Accuracy         : Train 0.9625, Val 0.8791, Test 0.8923
Epoch 86: Loss:            : Train 0.0768, Val 0.8533, Test 0.5576
          Accuracy         : Train 0.9750, Val 0.8284, Test 0.8895
Best:
          Accuracy         : Train 0.9625, Val 0.8791, Test 0.8923
Epoch 87: Loss:            : Train 0.0781, Val 0.8094, Test 0.5836
          Accuracy         : Train 0.9754, Val 0.8360, Test 0.8728
Best:
          Accuracy         : Train 0.9625, Val 0.8791, Test 0.8923
Epoch 88: Loss:            : Train 0.0735, Val 0.7279, Test 0.5944
          Accuracy         : Train 0.9743, Val 0.8763, Test 0.8944
Best:
          Accuracy         : Train 0.9625, Val 0.8791, Test 0.8923
Epoch 89: Loss:            : Train 0.0754, Val 0.8103, Test 0.6322
          Accuracy         : Train 0.9757, Val 0.8499, Test 0.8805
Best:
          Accuracy         : Train 0.9625, Val 0.8791, Test 0.8923
Epoch 90: Loss:            : Train 0.0742, Val 0.8467, Test 0.6128
          Accuracy         : Train 0.9741, Val 0.8325, Test 0.8777
Best:
          Accuracy         : Train 0.9625, Val 0.8791, Test 0.8923
Epoch 91: Loss:            : Train 0.0700, Val 0.8102, Test 0.6549
          Accuracy         : Train 0.9768, Val 0.8388, Test 0.8666
Best:
          Accuracy         : Train 0.9625, Val 0.8791, Test 0.8923
Epoch 92: Loss:            : Train 0.0654, Val 0.8461, Test 0.6280
          Accuracy         : Train 0.9775, Val 0.8409, Test 0.8860
Best:
          Accuracy         : Train 0.9625, Val 0.8791, Test 0.8923
Epoch 93: Loss:            : Train 0.0707, Val 0.9313, Test 0.7221
          Accuracy         : Train 0.9773, Val 0.8416, Test 0.8749
Best:
          Accuracy         : Train 0.9625, Val 0.8791, Test 0.8923
Epoch 94: Loss:            : Train 0.0690, Val 1.0111, Test 0.8403
          Accuracy         : Train 0.9766, Val 0.8103, Test 0.8270
Best:
          Accuracy         : Train 0.9625, Val 0.8791, Test 0.8923
Epoch 95: Loss:            : Train 0.0726, Val 0.6596, Test 0.5320
          Accuracy         : Train 0.9778, Val 0.8763, Test 0.8895
Best:
          Accuracy         : Train 0.9625, Val 0.8791, Test 0.8923
Epoch 96: Loss:            : Train 0.0716, Val 1.0474, Test 0.6745
          Accuracy         : Train 0.9780, Val 0.8138, Test 0.8673
Best:
          Accuracy         : Train 0.9625, Val 0.8791, Test 0.8923
Epoch 97: Loss:            : Train 0.0658, Val 0.7715, Test 0.5512
          Accuracy         : Train 0.9798, Val 0.8784, Test 0.8965
Best:
          Accuracy         : Train 0.9625, Val 0.8791, Test 0.8923
Epoch 98: Loss:            : Train 0.0700, Val 0.8533, Test 0.6676
          Accuracy         : Train 0.9748, Val 0.8353, Test 0.8589
Best:
          Accuracy         : Train 0.9625, Val 0.8791, Test 0.8923
Epoch 99: Loss:            : Train 0.0687, Val 0.7158, Test 0.5838
          Accuracy         : Train 0.9766, Val 0.8763, Test 0.8972
Best:
          Accuracy         : Train 0.9625, Val 0.8791, Test 0.8923
Epoch 100: Loss:            : Train 0.0670, Val 0.8509, Test 0.5720
          Accuracy         : Train 0.9803, Val 0.8499, Test 0.8902
Best:
          Accuracy         : Train 0.9625, Val 0.8791, Test 0.8923
Training time (sec): 636
