Loading parties from cache
Loading data from cache
Done
Calculating noise scale
Adding noise of scale 0.0 to sim_scores
Adding noise of scale 0.0 to sim_scores
Adding noise of scale 0.0 to sim_scores
Filter dataset to top 80
Generating top 80 dataset
Generating top 80 dataset
Generating top 80 dataset
Preparing time (sec): 0
Initializing dataloader
Done
Prepare for training
Start training
================================================================================
                                    Kernel Shape Output Shape  Params  \
Layer                                                                   
0_local_models.0.fc_layers.Linear_0     [4, 100]    [32, 100]     500   
1_local_models.0.fc_layers.Linear_1    [100, 50]     [32, 50]    5050   
2_local_models.1.fc_layers.Linear_0     [3, 100]    [32, 100]     400   
3_local_models.1.fc_layers.Linear_1    [100, 50]     [32, 50]    5050   
4_agg_model.fc_layers.Linear_0        [100, 100]    [32, 100]   10100   
5_agg_model.fc_layers.Linear_1         [100, 10]     [32, 10]    1010   

                                     Mult-Adds  
Layer                                           
0_local_models.0.fc_layers.Linear_0        400  
1_local_models.0.fc_layers.Linear_1       5000  
2_local_models.1.fc_layers.Linear_0        300  
3_local_models.1.fc_layers.Linear_1       5000  
4_agg_model.fc_layers.Linear_0           10000  
5_agg_model.fc_layers.Linear_1            1000  
--------------------------------------------------------------------------------
                      Totals
Total params           22110
Trainable params       22110
Non-trainable params       0
Mult-Adds              21700
================================================================================
n_classes=10
task=multi_cls
model_name=frog_featuresim_noise_0.2_2022-01-29-17-10-45
sche_threshold=0.0001
sche_patience=10
sche_factor=0.1
use_scheduler=False
num_workers=4
device=cuda:7
test_batch_size=32
train_batch_size=32
learning_rate=0.003
weight_decay=0.001
num_epochs=100
model_save_path=ckp/frog_featuresim_noise_0.2_2022-01-29-17-10-45.pth
test_rate=0.2
val_rate=0.2
multiprocess_context=fork
metrics=['accuracy']
metrics_f=[<metric.accuracy.Accuracy object at 0x7fb013619e80>]
hidden_sizes=[100, 100]
model=SplitNN(
  (agg_model): MLP(
    (fc_layers): ModuleList(
      (0): Linear(in_features=100, out_features=100, bias=True)
      (1): Linear(in_features=100, out_features=10, bias=True)
    )
  )
  (local_models): ModuleList(
    (0): MLP(
      (fc_layers): ModuleList(
        (0): Linear(in_features=4, out_features=100, bias=True)
        (1): Linear(in_features=100, out_features=50, bias=True)
      )
    )
    (1): MLP(
      (fc_layers): ModuleList(
        (0): Linear(in_features=3, out_features=100, bias=True)
        (1): Linear(in_features=100, out_features=50, bias=True)
      )
    )
  )
)
writer=<torch.utils.tensorboard.writer.SummaryWriter object at 0x7fb013619fd0>
dataset_type=syn
drop_key=True
num_common_features=16
tree_radius=2
tree_leaf_size=1000
knn_k=80
grid_min=-10.0
grid_max=10.0
grid_width=1.5
sim_scaler=StandardScaler()
filter_top_k=80
link_n_jobs=1
psig_p=7
sim_leak_p=1.0
link_threshold_t=0.1
link_epsilon=0.1
n_hash_lsh=20
edit_distance_threshold=1
n_hash_func=10
collision_rate=0.05
qgram_q=2
link_delta=0.1
feature_wise_sim=False
blocking_method=knn
center_threshold=0.5
n_clusters=100
local_hidden_sizes=[[100], [100]]
cut_dims=[50, 50]
agg_hidden_sizes=[100]
scale_analysis=None
data1_shape=(7195, 19)
data2_shape=(7195, 19)
Epoch 1: Loss:            : Train 1.6691, Val 1.5043, Test 1.5470
          Accuracy         : Train 0.4636, Val 0.5215, Test 0.4991
Best:
          Accuracy         : Train 0.4636, Val 0.5215, Test 0.4991
Epoch 2: Loss:            : Train 1.0861, Val 1.0790, Test 1.1185
          Accuracy         : Train 0.6426, Val 0.6730, Test 0.6557
Best:
          Accuracy         : Train 0.6426, Val 0.6730, Test 0.6557
Epoch 3: Loss:            : Train 0.8562, Val 0.9484, Test 0.9929
          Accuracy         : Train 0.7287, Val 0.7139, Test 0.6987
Best:
          Accuracy         : Train 0.7287, Val 0.7139, Test 0.6987
Epoch 4: Loss:            : Train 0.7372, Val 0.8247, Test 0.8769
          Accuracy         : Train 0.7647, Val 0.7527, Test 0.7287
Best:
          Accuracy         : Train 0.7647, Val 0.7527, Test 0.7287
Epoch 5: Loss:            : Train 0.6347, Val 0.8796, Test 0.9302
          Accuracy         : Train 0.8022, Val 0.7052, Test 0.6936
Best:
          Accuracy         : Train 0.7647, Val 0.7527, Test 0.7287
Epoch 6: Loss:            : Train 0.5908, Val 0.8798, Test 0.9217
          Accuracy         : Train 0.8164, Val 0.7000, Test 0.6909
Best:
          Accuracy         : Train 0.7647, Val 0.7527, Test 0.7287
Epoch 7: Loss:            : Train 0.5659, Val 0.9028, Test 0.9305
          Accuracy         : Train 0.8223, Val 0.6920, Test 0.6857
Best:
          Accuracy         : Train 0.7647, Val 0.7527, Test 0.7287
Epoch 8: Loss:            : Train 0.5506, Val 1.0236, Test 1.0864
          Accuracy         : Train 0.8277, Val 0.6654, Test 0.6444
Best:
          Accuracy         : Train 0.7647, Val 0.7527, Test 0.7287
Epoch 9: Loss:            : Train 0.5357, Val 1.0100, Test 1.0504
          Accuracy         : Train 0.8314, Val 0.6705, Test 0.6572
Best:
          Accuracy         : Train 0.7647, Val 0.7527, Test 0.7287
Epoch 10: Loss:            : Train 0.5204, Val 0.9217, Test 0.9658
          Accuracy         : Train 0.8362, Val 0.6925, Test 0.6808
Best:
          Accuracy         : Train 0.7647, Val 0.7527, Test 0.7287
Epoch 11: Loss:            : Train 0.5078, Val 0.9980, Test 1.0438
          Accuracy         : Train 0.8394, Val 0.6713, Test 0.6554
Best:
          Accuracy         : Train 0.7647, Val 0.7527, Test 0.7287
Epoch 12: Loss:            : Train 0.5009, Val 0.9184, Test 0.9632
          Accuracy         : Train 0.8409, Val 0.6882, Test 0.6727
Best:
          Accuracy         : Train 0.7647, Val 0.7527, Test 0.7287
Epoch 13: Loss:            : Train 0.4867, Val 0.8306, Test 0.8650
          Accuracy         : Train 0.8462, Val 0.7202, Test 0.7127
Best:
          Accuracy         : Train 0.7647, Val 0.7527, Test 0.7287
Epoch 14: Loss:            : Train 0.4811, Val 0.9129, Test 0.9593
          Accuracy         : Train 0.8475, Val 0.6925, Test 0.6810
Best:
          Accuracy         : Train 0.7647, Val 0.7527, Test 0.7287
Epoch 15: Loss:            : Train 0.4699, Val 0.9432, Test 1.0101
          Accuracy         : Train 0.8508, Val 0.6756, Test 0.6624
Best:
          Accuracy         : Train 0.7647, Val 0.7527, Test 0.7287
Epoch 16: Loss:            : Train 0.4621, Val 0.9727, Test 1.0288
          Accuracy         : Train 0.8547, Val 0.6671, Test 0.6579
Best:
          Accuracy         : Train 0.7647, Val 0.7527, Test 0.7287
Epoch 17: Loss:            : Train 0.4529, Val 0.9158, Test 0.9818
          Accuracy         : Train 0.8571, Val 0.6927, Test 0.6813
Best:
          Accuracy         : Train 0.7647, Val 0.7527, Test 0.7287
Epoch 18: Loss:            : Train 0.4513, Val 0.9985, Test 1.0607
          Accuracy         : Train 0.8567, Val 0.6686, Test 0.6507
Best:
          Accuracy         : Train 0.7647, Val 0.7527, Test 0.7287
Epoch 19: Loss:            : Train 0.4453, Val 0.9308, Test 0.9832
          Accuracy         : Train 0.8583, Val 0.6790, Test 0.6653
Best:
          Accuracy         : Train 0.7647, Val 0.7527, Test 0.7287
Epoch 20: Loss:            : Train 0.4391, Val 0.9268, Test 0.9867
          Accuracy         : Train 0.8599, Val 0.6869, Test 0.6720
Best:
          Accuracy         : Train 0.7647, Val 0.7527, Test 0.7287
Epoch 21: Loss:            : Train 0.4295, Val 0.9372, Test 0.9823
          Accuracy         : Train 0.8607, Val 0.6912, Test 0.6816
Best:
          Accuracy         : Train 0.7647, Val 0.7527, Test 0.7287
Epoch 22: Loss:            : Train 0.4316, Val 1.0358, Test 1.0847
          Accuracy         : Train 0.8606, Val 0.6594, Test 0.6452
Best:
          Accuracy         : Train 0.7647, Val 0.7527, Test 0.7287
Epoch 23: Loss:            : Train 0.4285, Val 0.9238, Test 0.9589
          Accuracy         : Train 0.8610, Val 0.6915, Test 0.6810
Best:
          Accuracy         : Train 0.7647, Val 0.7527, Test 0.7287
Epoch 24: Loss:            : Train 0.4223, Val 0.9717, Test 1.0023
          Accuracy         : Train 0.8639, Val 0.6833, Test 0.6796
Best:
          Accuracy         : Train 0.7647, Val 0.7527, Test 0.7287
Epoch 25: Loss:            : Train 0.4171, Val 0.8649, Test 0.8710
          Accuracy         : Train 0.8648, Val 0.7095, Test 0.7086
Best:
          Accuracy         : Train 0.7647, Val 0.7527, Test 0.7287
Epoch 26: Loss:            : Train 0.4151, Val 0.8520, Test 0.8956
          Accuracy         : Train 0.8656, Val 0.7127, Test 0.6979
Best:
          Accuracy         : Train 0.7647, Val 0.7527, Test 0.7287
Epoch 27: Loss:            : Train 0.4124, Val 0.9555, Test 1.0034
          Accuracy         : Train 0.8656, Val 0.6852, Test 0.6732
Best:
          Accuracy         : Train 0.7647, Val 0.7527, Test 0.7287
Epoch 28: Loss:            : Train 0.4060, Val 0.8572, Test 0.8973
          Accuracy         : Train 0.8667, Val 0.7165, Test 0.7043
Best:
          Accuracy         : Train 0.7647, Val 0.7527, Test 0.7287
Epoch 29: Loss:            : Train 0.4047, Val 1.0160, Test 1.0624
          Accuracy         : Train 0.8679, Val 0.6728, Test 0.6563
Best:
          Accuracy         : Train 0.7647, Val 0.7527, Test 0.7287
Epoch 30: Loss:            : Train 0.4029, Val 0.9915, Test 1.0289
          Accuracy         : Train 0.8676, Val 0.6702, Test 0.6584
Best:
          Accuracy         : Train 0.7647, Val 0.7527, Test 0.7287
Epoch 31: Loss:            : Train 0.4033, Val 0.9078, Test 0.9174
          Accuracy         : Train 0.8679, Val 0.7078, Test 0.7051
Best:
          Accuracy         : Train 0.7647, Val 0.7527, Test 0.7287
Epoch 32: Loss:            : Train 0.3993, Val 0.9291, Test 0.9455
          Accuracy         : Train 0.8676, Val 0.6963, Test 0.6925
Best:
          Accuracy         : Train 0.7647, Val 0.7527, Test 0.7287
Epoch 33: Loss:            : Train 0.3909, Val 0.9103, Test 0.9273
          Accuracy         : Train 0.8696, Val 0.7069, Test 0.7014
Best:
          Accuracy         : Train 0.7647, Val 0.7527, Test 0.7287
Epoch 34: Loss:            : Train 0.3964, Val 0.9720, Test 0.9931
          Accuracy         : Train 0.8688, Val 0.6811, Test 0.6715
Best:
          Accuracy         : Train 0.7647, Val 0.7527, Test 0.7287
Epoch 35: Loss:            : Train 0.3898, Val 0.8969, Test 0.9330
          Accuracy         : Train 0.8727, Val 0.7024, Test 0.6964
Best:
          Accuracy         : Train 0.7647, Val 0.7527, Test 0.7287
Epoch 36: Loss:            : Train 0.3889, Val 0.9996, Test 1.0523
          Accuracy         : Train 0.8712, Val 0.6558, Test 0.6388
Best:
          Accuracy         : Train 0.7647, Val 0.7527, Test 0.7287
Epoch 37: Loss:            : Train 0.3898, Val 0.8617, Test 0.8920
          Accuracy         : Train 0.8713, Val 0.7123, Test 0.7057
Best:
          Accuracy         : Train 0.7647, Val 0.7527, Test 0.7287
Epoch 38: Loss:            : Train 0.3817, Val 1.0447, Test 1.0293
          Accuracy         : Train 0.8738, Val 0.6835, Test 0.6858
Best:
          Accuracy         : Train 0.7647, Val 0.7527, Test 0.7287
Epoch 39: Loss:            : Train 0.3845, Val 0.8984, Test 0.9094
          Accuracy         : Train 0.8743, Val 0.7088, Test 0.7007
Best:
          Accuracy         : Train 0.7647, Val 0.7527, Test 0.7287
Epoch 40: Loss:            : Train 0.3792, Val 0.9815, Test 1.0075
          Accuracy         : Train 0.8746, Val 0.6722, Test 0.6607
Best:
          Accuracy         : Train 0.7647, Val 0.7527, Test 0.7287
Epoch 41: Loss:            : Train 0.3796, Val 0.9374, Test 0.9676
          Accuracy         : Train 0.8764, Val 0.6985, Test 0.6877
Best:
          Accuracy         : Train 0.7647, Val 0.7527, Test 0.7287
Epoch 42: Loss:            : Train 0.3746, Val 0.9375, Test 0.9650
          Accuracy         : Train 0.8761, Val 0.6965, Test 0.6922
Best:
          Accuracy         : Train 0.7647, Val 0.7527, Test 0.7287
Epoch 43: Loss:            : Train 0.3789, Val 0.9510, Test 0.9564
          Accuracy         : Train 0.8743, Val 0.7026, Test 0.7031
Best:
          Accuracy         : Train 0.7647, Val 0.7527, Test 0.7287
Epoch 44: Loss:            : Train 0.3769, Val 0.9015, Test 0.9148
          Accuracy         : Train 0.8743, Val 0.7029, Test 0.6938
Best:
          Accuracy         : Train 0.7647, Val 0.7527, Test 0.7287
Epoch 45: Loss:            : Train 0.3796, Val 0.9882, Test 1.0080
          Accuracy         : Train 0.8746, Val 0.6736, Test 0.6683
Best:
          Accuracy         : Train 0.7647, Val 0.7527, Test 0.7287
Epoch 46: Loss:            : Train 0.3707, Val 1.0026, Test 1.0289
          Accuracy         : Train 0.8761, Val 0.6670, Test 0.6546
Best:
          Accuracy         : Train 0.7647, Val 0.7527, Test 0.7287
Epoch 47: Loss:            : Train 0.3697, Val 1.0297, Test 1.0371
          Accuracy         : Train 0.8773, Val 0.6718, Test 0.6721
Best:
          Accuracy         : Train 0.7647, Val 0.7527, Test 0.7287
Epoch 48: Loss:            : Train 0.3695, Val 0.9376, Test 0.9757
          Accuracy         : Train 0.8766, Val 0.6951, Test 0.6869
Best:
          Accuracy         : Train 0.7647, Val 0.7527, Test 0.7287
Epoch 49: Loss:            : Train 0.3698, Val 0.9589, Test 1.0089
          Accuracy         : Train 0.8769, Val 0.6796, Test 0.6658
Best:
          Accuracy         : Train 0.7647, Val 0.7527, Test 0.7287
Epoch 50: Loss:            : Train 0.3634, Val 1.0248, Test 1.0515
          Accuracy         : Train 0.8782, Val 0.6758, Test 0.6674
Best:
          Accuracy         : Train 0.7647, Val 0.7527, Test 0.7287
Epoch 51: Loss:            : Train 0.3589, Val 1.0599, Test 1.0974
          Accuracy         : Train 0.8812, Val 0.6570, Test 0.6447
Best:
          Accuracy         : Train 0.7647, Val 0.7527, Test 0.7287
Epoch 52: Loss:            : Train 0.3609, Val 0.9629, Test 0.9943
          Accuracy         : Train 0.8788, Val 0.6914, Test 0.6826
Best:
          Accuracy         : Train 0.7647, Val 0.7527, Test 0.7287
Epoch 53: Loss:            : Train 0.3613, Val 0.9885, Test 1.0349
          Accuracy         : Train 0.8791, Val 0.6733, Test 0.6578
Best:
          Accuracy         : Train 0.7647, Val 0.7527, Test 0.7287
Epoch 54: Loss:            : Train 0.3598, Val 0.9377, Test 1.0003
          Accuracy         : Train 0.8804, Val 0.7006, Test 0.6890
Best:
          Accuracy         : Train 0.7647, Val 0.7527, Test 0.7287
Epoch 55: Loss:            : Train 0.3525, Val 0.9945, Test 1.0182
          Accuracy         : Train 0.8801, Val 0.6822, Test 0.6714
Best:
          Accuracy         : Train 0.7647, Val 0.7527, Test 0.7287
Epoch 56: Loss:            : Train 0.3572, Val 1.0350, Test 1.0762
          Accuracy         : Train 0.8791, Val 0.6694, Test 0.6492
Best:
          Accuracy         : Train 0.7647, Val 0.7527, Test 0.7287
Epoch 57: Loss:            : Train 0.3532, Val 1.0261, Test 1.1052
          Accuracy         : Train 0.8839, Val 0.6655, Test 0.6430
Best:
          Accuracy         : Train 0.7647, Val 0.7527, Test 0.7287
Epoch 58: Loss:            : Train 0.3489, Val 0.9094, Test 0.9572
          Accuracy         : Train 0.8826, Val 0.7132, Test 0.6989
Best:
          Accuracy         : Train 0.7647, Val 0.7527, Test 0.7287
Epoch 59: Loss:            : Train 0.3528, Val 0.9763, Test 0.9981
          Accuracy         : Train 0.8828, Val 0.6928, Test 0.6882
Best:
          Accuracy         : Train 0.7647, Val 0.7527, Test 0.7287
Epoch 60: Loss:            : Train 0.3489, Val 0.9000, Test 0.9206
          Accuracy         : Train 0.8839, Val 0.7187, Test 0.7115
Best:
          Accuracy         : Train 0.7647, Val 0.7527, Test 0.7287
Epoch 61: Loss:            : Train 0.3425, Val 1.0679, Test 1.1141
          Accuracy         : Train 0.8855, Val 0.6642, Test 0.6504
Best:
          Accuracy         : Train 0.7647, Val 0.7527, Test 0.7287
Epoch 62: Loss:            : Train 0.3508, Val 1.0232, Test 1.0261
          Accuracy         : Train 0.8808, Val 0.6937, Test 0.6864
Best:
          Accuracy         : Train 0.7647, Val 0.7527, Test 0.7287
Epoch 63: Loss:            : Train 0.3475, Val 0.9646, Test 0.9695
          Accuracy         : Train 0.8837, Val 0.7043, Test 0.7020
Best:
          Accuracy         : Train 0.7647, Val 0.7527, Test 0.7287
Epoch 64: Loss:            : Train 0.3444, Val 0.9483, Test 0.9668
          Accuracy         : Train 0.8850, Val 0.7057, Test 0.6986
Best:
          Accuracy         : Train 0.7647, Val 0.7527, Test 0.7287
Epoch 65: Loss:            : Train 0.3410, Val 1.0047, Test 1.0869
          Accuracy         : Train 0.8850, Val 0.6806, Test 0.6606
Best:
          Accuracy         : Train 0.7647, Val 0.7527, Test 0.7287
Epoch 66: Loss:            : Train 0.3412, Val 0.8935, Test 0.9464
          Accuracy         : Train 0.8849, Val 0.7121, Test 0.6985
Best:
          Accuracy         : Train 0.7647, Val 0.7527, Test 0.7287
Epoch 67: Loss:            : Train 0.3391, Val 0.9106, Test 0.9631
          Accuracy         : Train 0.8869, Val 0.7099, Test 0.6913
Best:
          Accuracy         : Train 0.7647, Val 0.7527, Test 0.7287
Epoch 68: Loss:            : Train 0.3353, Val 1.0742, Test 1.1297
          Accuracy         : Train 0.8864, Val 0.6585, Test 0.6433
Best:
          Accuracy         : Train 0.7647, Val 0.7527, Test 0.7287
Epoch 69: Loss:            : Train 0.3378, Val 0.9515, Test 1.0062
          Accuracy         : Train 0.8859, Val 0.7041, Test 0.6893
Best:
          Accuracy         : Train 0.7647, Val 0.7527, Test 0.7287
Epoch 70: Loss:            : Train 0.3358, Val 1.1125, Test 1.1291
          Accuracy         : Train 0.8866, Val 0.6526, Test 0.6434
Best:
          Accuracy         : Train 0.7647, Val 0.7527, Test 0.7287
Epoch 71: Loss:            : Train 0.3371, Val 1.0302, Test 1.0605
          Accuracy         : Train 0.8864, Val 0.6839, Test 0.6751
Best:
          Accuracy         : Train 0.7647, Val 0.7527, Test 0.7287
Epoch 72: Loss:            : Train 0.3326, Val 1.1350, Test 1.1991
          Accuracy         : Train 0.8892, Val 0.6548, Test 0.6422
Best:
          Accuracy         : Train 0.7647, Val 0.7527, Test 0.7287
Epoch 73: Loss:            : Train 0.3359, Val 1.0703, Test 1.1150
          Accuracy         : Train 0.8886, Val 0.6577, Test 0.6457
Best:
          Accuracy         : Train 0.7647, Val 0.7527, Test 0.7287
Epoch 74: Loss:            : Train 0.3304, Val 1.0462, Test 1.0742
          Accuracy         : Train 0.8888, Val 0.6625, Test 0.6475
Best:
          Accuracy         : Train 0.7647, Val 0.7527, Test 0.7287
Epoch 75: Loss:            : Train 0.3258, Val 1.0271, Test 1.0441
          Accuracy         : Train 0.8901, Val 0.6883, Test 0.6828
Best:
          Accuracy         : Train 0.7647, Val 0.7527, Test 0.7287
Epoch 76: Loss:            : Train 0.3294, Val 1.1878, Test 1.2415
          Accuracy         : Train 0.8896, Val 0.6428, Test 0.6310
Best:
          Accuracy         : Train 0.7647, Val 0.7527, Test 0.7287
Epoch 77: Loss:            : Train 0.3274, Val 0.9585, Test 0.9797
          Accuracy         : Train 0.8877, Val 0.7040, Test 0.6999
Best:
          Accuracy         : Train 0.7647, Val 0.7527, Test 0.7287
Epoch 78: Loss:            : Train 0.3268, Val 0.9620, Test 1.0193
          Accuracy         : Train 0.8906, Val 0.7007, Test 0.6826
Best:
          Accuracy         : Train 0.7647, Val 0.7527, Test 0.7287
Epoch 79: Loss:            : Train 0.3258, Val 1.0201, Test 1.0564
          Accuracy         : Train 0.8903, Val 0.6794, Test 0.6674
Best:
          Accuracy         : Train 0.7647, Val 0.7527, Test 0.7287
Epoch 80: Loss:            : Train 0.3272, Val 0.9463, Test 1.0055
          Accuracy         : Train 0.8910, Val 0.7067, Test 0.6907
Best:
          Accuracy         : Train 0.7647, Val 0.7527, Test 0.7287
Epoch 81: Loss:            : Train 0.3280, Val 1.0045, Test 1.0592
          Accuracy         : Train 0.8884, Val 0.6916, Test 0.6757
Best:
          Accuracy         : Train 0.7647, Val 0.7527, Test 0.7287
Epoch 82: Loss:            : Train 0.3270, Val 0.9118, Test 0.9697
          Accuracy         : Train 0.8908, Val 0.7123, Test 0.7006
Best:
          Accuracy         : Train 0.7647, Val 0.7527, Test 0.7287
Epoch 83: Loss:            : Train 0.3219, Val 1.0080, Test 1.0423
          Accuracy         : Train 0.8927, Val 0.6923, Test 0.6825
Best:
          Accuracy         : Train 0.7647, Val 0.7527, Test 0.7287
Epoch 84: Loss:            : Train 0.3272, Val 0.9665, Test 1.0184
          Accuracy         : Train 0.8909, Val 0.6957, Test 0.6806
Best:
          Accuracy         : Train 0.7647, Val 0.7527, Test 0.7287
Epoch 85: Loss:            : Train 0.3232, Val 1.0773, Test 1.1230
          Accuracy         : Train 0.8921, Val 0.6601, Test 0.6526
Best:
          Accuracy         : Train 0.7647, Val 0.7527, Test 0.7287
Epoch 86: Loss:            : Train 0.3192, Val 1.0610, Test 1.1160
          Accuracy         : Train 0.8922, Val 0.6668, Test 0.6548
Best:
          Accuracy         : Train 0.7647, Val 0.7527, Test 0.7287
Epoch 87: Loss:            : Train 0.3166, Val 0.9380, Test 0.9725
          Accuracy         : Train 0.8925, Val 0.7142, Test 0.7074
Best:
          Accuracy         : Train 0.7647, Val 0.7527, Test 0.7287
Epoch 88: Loss:            : Train 0.3176, Val 1.0175, Test 1.0354
          Accuracy         : Train 0.8938, Val 0.6946, Test 0.6845
Best:
          Accuracy         : Train 0.7647, Val 0.7527, Test 0.7287
Epoch 89: Loss:            : Train 0.3203, Val 0.9969, Test 1.0386
          Accuracy         : Train 0.8919, Val 0.6965, Test 0.6845
Best:
          Accuracy         : Train 0.7647, Val 0.7527, Test 0.7287
Epoch 90: Loss:            : Train 0.3179, Val 0.9253, Test 0.9302
          Accuracy         : Train 0.8923, Val 0.7243, Test 0.7223
Best:
          Accuracy         : Train 0.7647, Val 0.7527, Test 0.7287
Epoch 91: Loss:            : Train 0.3143, Val 1.0387, Test 1.0778
          Accuracy         : Train 0.8930, Val 0.6811, Test 0.6670
Best:
          Accuracy         : Train 0.7647, Val 0.7527, Test 0.7287
Epoch 92: Loss:            : Train 0.3157, Val 1.0114, Test 1.0369
          Accuracy         : Train 0.8923, Val 0.6983, Test 0.6908
Best:
          Accuracy         : Train 0.7647, Val 0.7527, Test 0.7287
Epoch 93: Loss:            : Train 0.3118, Val 0.9936, Test 1.0464
          Accuracy         : Train 0.8948, Val 0.6915, Test 0.6748
Best:
          Accuracy         : Train 0.7647, Val 0.7527, Test 0.7287
Epoch 94: Loss:            : Train 0.3135, Val 1.1635, Test 1.2116
          Accuracy         : Train 0.8924, Val 0.6624, Test 0.6456
Best:
          Accuracy         : Train 0.7647, Val 0.7527, Test 0.7287
Epoch 95: Loss:            : Train 0.3130, Val 1.1411, Test 1.1967
          Accuracy         : Train 0.8954, Val 0.6575, Test 0.6320
Best:
          Accuracy         : Train 0.7647, Val 0.7527, Test 0.7287
Epoch 96: Loss:            : Train 0.3128, Val 1.0660, Test 1.0833
          Accuracy         : Train 0.8936, Val 0.6879, Test 0.6799
Best:
          Accuracy         : Train 0.7647, Val 0.7527, Test 0.7287
Epoch 97: Loss:            : Train 0.3121, Val 1.3440, Test 1.4253
          Accuracy         : Train 0.8933, Val 0.6043, Test 0.5876
Best:
          Accuracy         : Train 0.7647, Val 0.7527, Test 0.7287
Epoch 98: Loss:            : Train 0.3115, Val 1.0227, Test 1.0984
          Accuracy         : Train 0.8941, Val 0.6885, Test 0.6662
Best:
          Accuracy         : Train 0.7647, Val 0.7527, Test 0.7287
Epoch 99: Loss:            : Train 0.3119, Val 0.9940, Test 1.0569
          Accuracy         : Train 0.8962, Val 0.6979, Test 0.6836
Best:
          Accuracy         : Train 0.7647, Val 0.7527, Test 0.7287
Epoch 100: Loss:            : Train 0.3110, Val 1.0283, Test 1.0671
          Accuracy         : Train 0.8946, Val 0.6951, Test 0.6845
Best:
          Accuracy         : Train 0.7647, Val 0.7527, Test 0.7287
Training time (sec): 647
