Loading parties from cache
Loading data from cache
Done
Calculating noise scale
Adding noise of scale 0.0 to sim_scores
Adding noise of scale 0.0 to sim_scores
Adding noise of scale 0.0 to sim_scores
Filter dataset to top 60
Generating top 60 dataset
Generating top 60 dataset
Generating top 60 dataset
Preparing time (sec): 0
Initializing dataloader
Done
Prepare for training
Start training
================================================================================
                                    Kernel Shape Output Shape  Params  \
Layer                                                                   
0_local_models.0.fc_layers.Linear_0     [3, 100]    [32, 100]     400   
1_local_models.0.fc_layers.Linear_1    [100, 50]     [32, 50]    5050   
2_local_models.1.fc_layers.Linear_0     [3, 100]    [32, 100]     400   
3_local_models.1.fc_layers.Linear_1    [100, 50]     [32, 50]    5050   
4_agg_model.fc_layers.Linear_0        [100, 100]    [32, 100]   10100   
5_agg_model.fc_layers.Linear_1         [100, 10]     [32, 10]    1010   

                                     Mult-Adds  
Layer                                           
0_local_models.0.fc_layers.Linear_0        300  
1_local_models.0.fc_layers.Linear_1       5000  
2_local_models.1.fc_layers.Linear_0        300  
3_local_models.1.fc_layers.Linear_1       5000  
4_agg_model.fc_layers.Linear_0           10000  
5_agg_model.fc_layers.Linear_1            1000  
--------------------------------------------------------------------------------
                      Totals
Total params           22010
Trainable params       22010
Non-trainable params       0
Mult-Adds              21600
================================================================================
n_classes=10
task=multi_cls
model_name=frog_avgsim_noise_0.2_2022-01-29-18-58-35
sche_threshold=0.0001
sche_patience=10
sche_factor=0.1
use_scheduler=False
num_workers=4
device=cuda:7
test_batch_size=4096
train_batch_size=32
learning_rate=0.003
weight_decay=0.001
num_epochs=100
model_save_path=ckp/frog_avgsim_noise_0.2_2022-01-29-18-58-35.pth
test_rate=0.2
val_rate=0.2
multiprocess_context=fork
metrics=['accuracy']
metrics_f=[<metric.accuracy.Accuracy object at 0x7fce6b0ba2b0>]
hidden_sizes=[100, 100]
model=SplitNN(
  (agg_model): MLP(
    (fc_layers): ModuleList(
      (0): Linear(in_features=100, out_features=100, bias=True)
      (1): Linear(in_features=100, out_features=10, bias=True)
    )
  )
  (local_models): ModuleList(
    (0): MLP(
      (fc_layers): ModuleList(
        (0): Linear(in_features=3, out_features=100, bias=True)
        (1): Linear(in_features=100, out_features=50, bias=True)
      )
    )
    (1): MLP(
      (fc_layers): ModuleList(
        (0): Linear(in_features=3, out_features=100, bias=True)
        (1): Linear(in_features=100, out_features=50, bias=True)
      )
    )
  )
)
writer=<torch.utils.tensorboard.writer.SummaryWriter object at 0x7fce6b0ba3d0>
dataset_type=syn
drop_key=True
num_common_features=16
tree_radius=2
tree_leaf_size=1000
knn_k=60
grid_min=-10.0
grid_max=10.0
grid_width=1.5
sim_scaler=StandardScaler()
filter_top_k=60
link_n_jobs=1
psig_p=7
sim_leak_p=1.0
link_threshold_t=0.1
link_epsilon=0.1
n_hash_lsh=20
edit_distance_threshold=1
n_hash_func=10
collision_rate=0.05
qgram_q=2
link_delta=0.1
feature_wise_sim=False
blocking_method=knn
center_threshold=0.5
n_clusters=100
local_hidden_sizes=[[100], [100]]
cut_dims=[50, 50]
agg_hidden_sizes=[100]
scale_analysis=None
log_dir=log/frog_avgsim_noise_0.2_2022-01-29-18-58-35/
update_sim_freq=1
sim_model_save_path=ckp/frog_avgsim_noise_0.2_2022-01-29-18-58-35_sim.pth
sim_batch_size=4096
sim_weight_decay=0.001
sim_learning_rate=0.003
merge_mode=avg
sim_model=None
sim_hidden_sizes=[10]
data1_shape=(7195, 19)
data2_shape=(7195, 19)
Epoch 1: Loss:            : Train 1.7468, Val 1.3479, Test 1.3628
          Accuracy         : Train 0.4631, Val 0.4816, Test 0.4844
Best:
          Accuracy         : Train 0.4631, Val 0.4816, Test 0.4844
Epoch 2: Loss:            : Train 1.0125, Val 0.7645, Test 0.7928
          Accuracy         : Train 0.6725, Val 0.7880, Test 0.7533
Best:
          Accuracy         : Train 0.6725, Val 0.7880, Test 0.7533
Epoch 3: Loss:            : Train 0.6802, Val 0.5850, Test 0.6252
          Accuracy         : Train 0.7982, Val 0.8214, Test 0.7943
Best:
          Accuracy         : Train 0.7982, Val 0.8214, Test 0.7943
Epoch 4: Loss:            : Train 0.5503, Val 0.4939, Test 0.5328
          Accuracy         : Train 0.8304, Val 0.8395, Test 0.8249
Best:
          Accuracy         : Train 0.8304, Val 0.8395, Test 0.8249
Epoch 5: Loss:            : Train 0.4657, Val 0.4473, Test 0.4941
          Accuracy         : Train 0.8557, Val 0.8666, Test 0.8339
Best:
          Accuracy         : Train 0.8557, Val 0.8666, Test 0.8339
Epoch 6: Loss:            : Train 0.4082, Val 0.4407, Test 0.5214
          Accuracy         : Train 0.8784, Val 0.8770, Test 0.8443
Best:
          Accuracy         : Train 0.8784, Val 0.8770, Test 0.8443
Epoch 7: Loss:            : Train 0.3593, Val 0.3688, Test 0.4030
          Accuracy         : Train 0.8981, Val 0.8888, Test 0.8826
Best:
          Accuracy         : Train 0.8981, Val 0.8888, Test 0.8826
Epoch 8: Loss:            : Train 0.3279, Val 0.3684, Test 0.4627
          Accuracy         : Train 0.9108, Val 0.8944, Test 0.8575
Best:
          Accuracy         : Train 0.9108, Val 0.8944, Test 0.8575
Epoch 9: Loss:            : Train 0.3135, Val 0.3228, Test 0.3576
          Accuracy         : Train 0.9141, Val 0.9124, Test 0.8944
Best:
          Accuracy         : Train 0.9141, Val 0.9124, Test 0.8944
Epoch 10: Loss:            : Train 0.2887, Val 0.3315, Test 0.3396
          Accuracy         : Train 0.9159, Val 0.9069, Test 0.8965
Best:
          Accuracy         : Train 0.9141, Val 0.9124, Test 0.8944
Epoch 11: Loss:            : Train 0.2694, Val 0.3193, Test 0.3665
          Accuracy         : Train 0.9205, Val 0.8930, Test 0.8742
Best:
          Accuracy         : Train 0.9141, Val 0.9124, Test 0.8944
Epoch 12: Loss:            : Train 0.2569, Val 0.3297, Test 0.3395
          Accuracy         : Train 0.9240, Val 0.8944, Test 0.8895
Best:
          Accuracy         : Train 0.9141, Val 0.9124, Test 0.8944
Epoch 13: Loss:            : Train 0.2421, Val 0.4201, Test 0.3730
          Accuracy         : Train 0.9324, Val 0.8895, Test 0.8812
Best:
          Accuracy         : Train 0.9141, Val 0.9124, Test 0.8944
Epoch 14: Loss:            : Train 0.2177, Val 0.3419, Test 0.3755
          Accuracy         : Train 0.9347, Val 0.8972, Test 0.8791
Best:
          Accuracy         : Train 0.9141, Val 0.9124, Test 0.8944
Epoch 15: Loss:            : Train 0.2111, Val 0.3381, Test 0.2878
          Accuracy         : Train 0.9363, Val 0.9034, Test 0.9117
Best:
          Accuracy         : Train 0.9141, Val 0.9124, Test 0.8944
Epoch 16: Loss:            : Train 0.2049, Val 0.3475, Test 0.3703
          Accuracy         : Train 0.9377, Val 0.8937, Test 0.8707
Best:
          Accuracy         : Train 0.9141, Val 0.9124, Test 0.8944
Epoch 17: Loss:            : Train 0.1920, Val 0.3264, Test 0.3001
          Accuracy         : Train 0.9428, Val 0.9145, Test 0.9110
Best:
          Accuracy         : Train 0.9428, Val 0.9145, Test 0.9110
Epoch 18: Loss:            : Train 0.1896, Val 0.2940, Test 0.2915
          Accuracy         : Train 0.9432, Val 0.9110, Test 0.9006
Best:
          Accuracy         : Train 0.9428, Val 0.9145, Test 0.9110
Epoch 19: Loss:            : Train 0.1846, Val 0.3341, Test 0.3334
          Accuracy         : Train 0.9474, Val 0.9201, Test 0.8826
Best:
          Accuracy         : Train 0.9474, Val 0.9201, Test 0.8826
Epoch 20: Loss:            : Train 0.1806, Val 0.2794, Test 0.2902
          Accuracy         : Train 0.9460, Val 0.9131, Test 0.8992
Best:
          Accuracy         : Train 0.9474, Val 0.9201, Test 0.8826
Epoch 21: Loss:            : Train 0.1726, Val 0.3209, Test 0.3560
          Accuracy         : Train 0.9456, Val 0.9020, Test 0.8700
Best:
          Accuracy         : Train 0.9474, Val 0.9201, Test 0.8826
Epoch 22: Loss:            : Train 0.1684, Val 0.3636, Test 0.3795
          Accuracy         : Train 0.9449, Val 0.8923, Test 0.8749
Best:
          Accuracy         : Train 0.9474, Val 0.9201, Test 0.8826
Epoch 23: Loss:            : Train 0.1689, Val 0.2944, Test 0.3404
          Accuracy         : Train 0.9483, Val 0.9131, Test 0.8853
Best:
          Accuracy         : Train 0.9474, Val 0.9201, Test 0.8826
Epoch 24: Loss:            : Train 0.1685, Val 0.3860, Test 0.2753
          Accuracy         : Train 0.9481, Val 0.8958, Test 0.9090
Best:
          Accuracy         : Train 0.9474, Val 0.9201, Test 0.8826
Epoch 25: Loss:            : Train 0.1619, Val 0.3170, Test 0.2439
          Accuracy         : Train 0.9486, Val 0.9124, Test 0.9187
Best:
          Accuracy         : Train 0.9474, Val 0.9201, Test 0.8826
Epoch 26: Loss:            : Train 0.1621, Val 0.3138, Test 0.2830
          Accuracy         : Train 0.9490, Val 0.9249, Test 0.9062
Best:
          Accuracy         : Train 0.9490, Val 0.9249, Test 0.9062
Epoch 27: Loss:            : Train 0.1519, Val 0.4334, Test 0.3944
          Accuracy         : Train 0.9490, Val 0.8791, Test 0.8763
Best:
          Accuracy         : Train 0.9490, Val 0.9249, Test 0.9062
Epoch 28: Loss:            : Train 0.1504, Val 0.3557, Test 0.3490
          Accuracy         : Train 0.9532, Val 0.8992, Test 0.8839
Best:
          Accuracy         : Train 0.9490, Val 0.9249, Test 0.9062
Epoch 29: Loss:            : Train 0.1413, Val 0.2954, Test 0.3281
          Accuracy         : Train 0.9562, Val 0.9180, Test 0.8944
Best:
          Accuracy         : Train 0.9490, Val 0.9249, Test 0.9062
Epoch 30: Loss:            : Train 0.1489, Val 0.2818, Test 0.3026
          Accuracy         : Train 0.9576, Val 0.9194, Test 0.9048
Best:
          Accuracy         : Train 0.9490, Val 0.9249, Test 0.9062
Epoch 31: Loss:            : Train 0.1459, Val 0.3722, Test 0.2706
          Accuracy         : Train 0.9525, Val 0.9062, Test 0.9166
Best:
          Accuracy         : Train 0.9490, Val 0.9249, Test 0.9062
Epoch 32: Loss:            : Train 0.1439, Val 0.3270, Test 0.2840
          Accuracy         : Train 0.9553, Val 0.9110, Test 0.9124
Best:
          Accuracy         : Train 0.9490, Val 0.9249, Test 0.9062
Epoch 33: Loss:            : Train 0.1422, Val 0.3295, Test 0.2576
          Accuracy         : Train 0.9551, Val 0.9173, Test 0.9131
Best:
          Accuracy         : Train 0.9490, Val 0.9249, Test 0.9062
Epoch 34: Loss:            : Train 0.1435, Val 0.3023, Test 0.3194
          Accuracy         : Train 0.9544, Val 0.9201, Test 0.8958
Best:
          Accuracy         : Train 0.9490, Val 0.9249, Test 0.9062
Epoch 35: Loss:            : Train 0.1367, Val 0.3506, Test 0.2504
          Accuracy         : Train 0.9548, Val 0.9159, Test 0.9201
Best:
          Accuracy         : Train 0.9490, Val 0.9249, Test 0.9062
Epoch 36: Loss:            : Train 0.1315, Val 0.3252, Test 0.3439
          Accuracy         : Train 0.9551, Val 0.9020, Test 0.8860
Best:
          Accuracy         : Train 0.9490, Val 0.9249, Test 0.9062
Epoch 37: Loss:            : Train 0.1305, Val 0.3442, Test 0.2792
          Accuracy         : Train 0.9622, Val 0.9104, Test 0.9159
Best:
          Accuracy         : Train 0.9490, Val 0.9249, Test 0.9062
Epoch 38: Loss:            : Train 0.1295, Val 0.3279, Test 0.2481
          Accuracy         : Train 0.9592, Val 0.9097, Test 0.9270
Best:
          Accuracy         : Train 0.9490, Val 0.9249, Test 0.9062
Epoch 39: Loss:            : Train 0.1261, Val 0.3067, Test 0.3367
          Accuracy         : Train 0.9634, Val 0.9201, Test 0.9062
Best:
          Accuracy         : Train 0.9490, Val 0.9249, Test 0.9062
Epoch 40: Loss:            : Train 0.1286, Val 0.4080, Test 0.3078
          Accuracy         : Train 0.9595, Val 0.8909, Test 0.9104
Best:
          Accuracy         : Train 0.9490, Val 0.9249, Test 0.9062
Epoch 41: Loss:            : Train 0.1238, Val 0.3273, Test 0.2651
          Accuracy         : Train 0.9606, Val 0.9222, Test 0.9173
Best:
          Accuracy         : Train 0.9490, Val 0.9249, Test 0.9062
Epoch 42: Loss:            : Train 0.1327, Val 0.3598, Test 0.3156
          Accuracy         : Train 0.9569, Val 0.8888, Test 0.8916
Best:
          Accuracy         : Train 0.9490, Val 0.9249, Test 0.9062
Epoch 43: Loss:            : Train 0.1175, Val 0.3331, Test 0.2415
          Accuracy         : Train 0.9602, Val 0.9166, Test 0.9270
Best:
          Accuracy         : Train 0.9490, Val 0.9249, Test 0.9062
Epoch 44: Loss:            : Train 0.1181, Val 0.2753, Test 0.2745
          Accuracy         : Train 0.9641, Val 0.9187, Test 0.9124
Best:
          Accuracy         : Train 0.9490, Val 0.9249, Test 0.9062
Epoch 45: Loss:            : Train 0.1247, Val 0.2756, Test 0.3694
          Accuracy         : Train 0.9602, Val 0.9236, Test 0.9020
Best:
          Accuracy         : Train 0.9490, Val 0.9249, Test 0.9062
Epoch 46: Loss:            : Train 0.1193, Val 0.2836, Test 0.3028
          Accuracy         : Train 0.9618, Val 0.9229, Test 0.9117
Best:
          Accuracy         : Train 0.9490, Val 0.9249, Test 0.9062
Epoch 47: Loss:            : Train 0.1213, Val 0.4224, Test 0.2837
          Accuracy         : Train 0.9613, Val 0.9062, Test 0.9159
Best:
          Accuracy         : Train 0.9490, Val 0.9249, Test 0.9062
Epoch 48: Loss:            : Train 0.1107, Val 0.3287, Test 0.3047
          Accuracy         : Train 0.9620, Val 0.9243, Test 0.9097
Best:
          Accuracy         : Train 0.9490, Val 0.9249, Test 0.9062
Epoch 49: Loss:            : Train 0.1153, Val 0.3193, Test 0.3098
          Accuracy         : Train 0.9636, Val 0.9097, Test 0.9027
Best:
          Accuracy         : Train 0.9490, Val 0.9249, Test 0.9062
Epoch 50: Loss:            : Train 0.1135, Val 0.3530, Test 0.2989
          Accuracy         : Train 0.9676, Val 0.9090, Test 0.9048
Best:
          Accuracy         : Train 0.9490, Val 0.9249, Test 0.9062
Epoch 51: Loss:            : Train 0.1061, Val 0.3196, Test 0.3696
          Accuracy         : Train 0.9676, Val 0.9270, Test 0.9041
Best:
          Accuracy         : Train 0.9676, Val 0.9270, Test 0.9041
Epoch 52: Loss:            : Train 0.1058, Val 0.4176, Test 0.4317
          Accuracy         : Train 0.9646, Val 0.9110, Test 0.8972
Best:
          Accuracy         : Train 0.9676, Val 0.9270, Test 0.9041
Epoch 53: Loss:            : Train 0.1058, Val 0.3448, Test 0.3010
          Accuracy         : Train 0.9648, Val 0.9145, Test 0.9131
Best:
          Accuracy         : Train 0.9676, Val 0.9270, Test 0.9041
Epoch 54: Loss:            : Train 0.1133, Val 0.3024, Test 0.3030
          Accuracy         : Train 0.9611, Val 0.9298, Test 0.9131
Best:
          Accuracy         : Train 0.9611, Val 0.9298, Test 0.9131
Epoch 55: Loss:            : Train 0.1003, Val 0.3663, Test 0.3696
          Accuracy         : Train 0.9653, Val 0.9110, Test 0.8985
Best:
          Accuracy         : Train 0.9611, Val 0.9298, Test 0.9131
Epoch 56: Loss:            : Train 0.1022, Val 0.3573, Test 0.2945
          Accuracy         : Train 0.9666, Val 0.9048, Test 0.9124
Best:
          Accuracy         : Train 0.9611, Val 0.9298, Test 0.9131
Epoch 57: Loss:            : Train 0.0933, Val 0.4043, Test 0.2298
          Accuracy         : Train 0.9697, Val 0.9145, Test 0.9388
Best:
          Accuracy         : Train 0.9611, Val 0.9298, Test 0.9131
Epoch 58: Loss:            : Train 0.0973, Val 0.3348, Test 0.2588
          Accuracy         : Train 0.9690, Val 0.9187, Test 0.9194
Best:
          Accuracy         : Train 0.9611, Val 0.9298, Test 0.9131
Epoch 59: Loss:            : Train 0.0968, Val 0.3386, Test 0.2754
          Accuracy         : Train 0.9697, Val 0.9215, Test 0.9208
Best:
          Accuracy         : Train 0.9611, Val 0.9298, Test 0.9131
Epoch 60: Loss:            : Train 0.0908, Val 0.3428, Test 0.3232
          Accuracy         : Train 0.9687, Val 0.9222, Test 0.9034
Best:
          Accuracy         : Train 0.9611, Val 0.9298, Test 0.9131
Epoch 61: Loss:            : Train 0.0936, Val 0.3859, Test 0.3105
          Accuracy         : Train 0.9683, Val 0.9041, Test 0.9062
Best:
          Accuracy         : Train 0.9611, Val 0.9298, Test 0.9131
Epoch 62: Loss:            : Train 0.0851, Val 0.3691, Test 0.2897
          Accuracy         : Train 0.9706, Val 0.9222, Test 0.9187
Best:
          Accuracy         : Train 0.9611, Val 0.9298, Test 0.9131
Epoch 63: Loss:            : Train 0.0887, Val 0.4823, Test 0.2843
          Accuracy         : Train 0.9680, Val 0.8923, Test 0.9131
Best:
          Accuracy         : Train 0.9611, Val 0.9298, Test 0.9131
Epoch 64: Loss:            : Train 0.0897, Val 0.5029, Test 0.3296
          Accuracy         : Train 0.9727, Val 0.9090, Test 0.9180
Best:
          Accuracy         : Train 0.9611, Val 0.9298, Test 0.9131
Epoch 65: Loss:            : Train 0.0863, Val 0.3938, Test 0.3277
          Accuracy         : Train 0.9708, Val 0.9117, Test 0.9124
Best:
          Accuracy         : Train 0.9611, Val 0.9298, Test 0.9131
Epoch 66: Loss:            : Train 0.0824, Val 0.4335, Test 0.3637
          Accuracy         : Train 0.9724, Val 0.9110, Test 0.9117
Best:
          Accuracy         : Train 0.9611, Val 0.9298, Test 0.9131
Epoch 67: Loss:            : Train 0.0831, Val 0.4313, Test 0.2832
          Accuracy         : Train 0.9715, Val 0.9062, Test 0.9229
Best:
          Accuracy         : Train 0.9611, Val 0.9298, Test 0.9131
Epoch 68: Loss:            : Train 0.0789, Val 0.3983, Test 0.3458
          Accuracy         : Train 0.9727, Val 0.9173, Test 0.8972
Best:
          Accuracy         : Train 0.9611, Val 0.9298, Test 0.9131
Epoch 69: Loss:            : Train 0.0817, Val 0.4447, Test 0.3185
          Accuracy         : Train 0.9738, Val 0.9069, Test 0.9110
Best:
          Accuracy         : Train 0.9611, Val 0.9298, Test 0.9131
Epoch 70: Loss:            : Train 0.0800, Val 0.3979, Test 0.3348
          Accuracy         : Train 0.9720, Val 0.9138, Test 0.9110
Best:
          Accuracy         : Train 0.9611, Val 0.9298, Test 0.9131
Epoch 71: Loss:            : Train 0.0767, Val 0.3499, Test 0.2810
          Accuracy         : Train 0.9738, Val 0.9236, Test 0.9097
Best:
          Accuracy         : Train 0.9611, Val 0.9298, Test 0.9131
Epoch 72: Loss:            : Train 0.0714, Val 0.7560, Test 0.3868
          Accuracy         : Train 0.9764, Val 0.8290, Test 0.9117
Best:
          Accuracy         : Train 0.9611, Val 0.9298, Test 0.9131
Epoch 73: Loss:            : Train 0.0714, Val 0.4440, Test 0.3510
          Accuracy         : Train 0.9757, Val 0.9166, Test 0.9104
Best:
          Accuracy         : Train 0.9611, Val 0.9298, Test 0.9131
Epoch 74: Loss:            : Train 0.0769, Val 0.4672, Test 0.3496
          Accuracy         : Train 0.9729, Val 0.9138, Test 0.9180
Best:
          Accuracy         : Train 0.9611, Val 0.9298, Test 0.9131
Epoch 75: Loss:            : Train 0.0814, Val 0.3606, Test 0.2849
          Accuracy         : Train 0.9722, Val 0.9277, Test 0.9263
Best:
          Accuracy         : Train 0.9611, Val 0.9298, Test 0.9131
Epoch 76: Loss:            : Train 0.0746, Val 0.4322, Test 0.3696
          Accuracy         : Train 0.9757, Val 0.9180, Test 0.9076
Best:
          Accuracy         : Train 0.9611, Val 0.9298, Test 0.9131
Epoch 77: Loss:            : Train 0.0627, Val 0.4399, Test 0.3180
          Accuracy         : Train 0.9792, Val 0.9166, Test 0.9173
Best:
          Accuracy         : Train 0.9611, Val 0.9298, Test 0.9131
Epoch 78: Loss:            : Train 0.0742, Val 0.4695, Test 0.3577
          Accuracy         : Train 0.9738, Val 0.8985, Test 0.9027
Best:
          Accuracy         : Train 0.9611, Val 0.9298, Test 0.9131
Epoch 79: Loss:            : Train 0.0746, Val 0.4408, Test 0.3804
          Accuracy         : Train 0.9731, Val 0.9194, Test 0.9048
Best:
          Accuracy         : Train 0.9611, Val 0.9298, Test 0.9131
Epoch 80: Loss:            : Train 0.0674, Val 0.5138, Test 0.4202
          Accuracy         : Train 0.9757, Val 0.9006, Test 0.9145
Best:
          Accuracy         : Train 0.9611, Val 0.9298, Test 0.9131
Epoch 81: Loss:            : Train 0.0657, Val 0.4222, Test 0.3230
          Accuracy         : Train 0.9778, Val 0.9166, Test 0.9222
Best:
          Accuracy         : Train 0.9611, Val 0.9298, Test 0.9131
Epoch 82: Loss:            : Train 0.0606, Val 0.5498, Test 0.3824
          Accuracy         : Train 0.9785, Val 0.9041, Test 0.9083
Best:
          Accuracy         : Train 0.9611, Val 0.9298, Test 0.9131
Epoch 83: Loss:            : Train 0.0677, Val 0.4357, Test 0.2968
          Accuracy         : Train 0.9764, Val 0.9229, Test 0.9236
Best:
          Accuracy         : Train 0.9611, Val 0.9298, Test 0.9131
Epoch 84: Loss:            : Train 0.0628, Val 0.5284, Test 0.4553
          Accuracy         : Train 0.9766, Val 0.9062, Test 0.8895
Best:
          Accuracy         : Train 0.9611, Val 0.9298, Test 0.9131
Epoch 85: Loss:            : Train 0.0628, Val 0.4514, Test 0.2872
          Accuracy         : Train 0.9787, Val 0.9187, Test 0.9305
Best:
          Accuracy         : Train 0.9611, Val 0.9298, Test 0.9131
Epoch 86: Loss:            : Train 0.0606, Val 0.5074, Test 0.3861
          Accuracy         : Train 0.9787, Val 0.9041, Test 0.9083
Best:
          Accuracy         : Train 0.9611, Val 0.9298, Test 0.9131
Epoch 87: Loss:            : Train 0.0573, Val 0.5876, Test 0.4950
          Accuracy         : Train 0.9803, Val 0.8965, Test 0.8826
Best:
          Accuracy         : Train 0.9611, Val 0.9298, Test 0.9131
Epoch 88: Loss:            : Train 0.0647, Val 0.5001, Test 0.3767
          Accuracy         : Train 0.9768, Val 0.9069, Test 0.9194
Best:
          Accuracy         : Train 0.9611, Val 0.9298, Test 0.9131
Epoch 89: Loss:            : Train 0.0587, Val 0.4429, Test 0.3284
          Accuracy         : Train 0.9787, Val 0.9166, Test 0.9284
Best:
          Accuracy         : Train 0.9611, Val 0.9298, Test 0.9131
Epoch 90: Loss:            : Train 0.0571, Val 0.5397, Test 0.4210
          Accuracy         : Train 0.9801, Val 0.9083, Test 0.9131
Best:
          Accuracy         : Train 0.9611, Val 0.9298, Test 0.9131
Epoch 91: Loss:            : Train 0.0592, Val 0.4684, Test 0.3612
          Accuracy         : Train 0.9789, Val 0.9215, Test 0.9180
Best:
          Accuracy         : Train 0.9611, Val 0.9298, Test 0.9131
Epoch 92: Loss:            : Train 0.0580, Val 0.5286, Test 0.3777
          Accuracy         : Train 0.9805, Val 0.9090, Test 0.9104
Best:
          Accuracy         : Train 0.9611, Val 0.9298, Test 0.9131
Epoch 93: Loss:            : Train 0.0556, Val 0.3980, Test 0.3610
          Accuracy         : Train 0.9801, Val 0.9333, Test 0.9194
Best:
          Accuracy         : Train 0.9801, Val 0.9333, Test 0.9194
Epoch 94: Loss:            : Train 0.0539, Val 0.5297, Test 0.3520
          Accuracy         : Train 0.9801, Val 0.9152, Test 0.9201
Best:
          Accuracy         : Train 0.9801, Val 0.9333, Test 0.9194
Epoch 95: Loss:            : Train 0.0569, Val 0.4685, Test 0.4141
          Accuracy         : Train 0.9817, Val 0.9249, Test 0.9048
Best:
          Accuracy         : Train 0.9801, Val 0.9333, Test 0.9194
Epoch 96: Loss:            : Train 0.0557, Val 0.4946, Test 0.3679
          Accuracy         : Train 0.9833, Val 0.9187, Test 0.9194
Best:
          Accuracy         : Train 0.9801, Val 0.9333, Test 0.9194
Epoch 97: Loss:            : Train 0.0537, Val 0.5298, Test 0.3947
          Accuracy         : Train 0.9831, Val 0.9062, Test 0.9159
Best:
          Accuracy         : Train 0.9801, Val 0.9333, Test 0.9194
Epoch 98: Loss:            : Train 0.0501, Val 0.5808, Test 0.4165
          Accuracy         : Train 0.9831, Val 0.9069, Test 0.9110
Best:
          Accuracy         : Train 0.9801, Val 0.9333, Test 0.9194
Epoch 99: Loss:            : Train 0.0546, Val 0.4933, Test 0.3783
          Accuracy         : Train 0.9794, Val 0.9187, Test 0.9131
Best:
          Accuracy         : Train 0.9801, Val 0.9333, Test 0.9194
Epoch 100: Loss:            : Train 0.0511, Val 0.6367, Test 0.3940
          Accuracy         : Train 0.9810, Val 0.8860, Test 0.9277
Best:
          Accuracy         : Train 0.9801, Val 0.9333, Test 0.9194
Training time (sec): 642
