Loading rawg from data/game/rawg_clean.csv
Loading steam from data/game/steam_clean.csv
Current steam columns Index(['english', 'required_age', 'achievements', 'positive_ratings',
       'negative_ratings', 'average_playtime', 'median_playtime', 'price',
       'cat_Captions available', 'cat_Co-op', 'cat_Commentary available',
       'cat_Cross-Platform Multiplayer', 'cat_Full controller support',
       'cat_In-App Purchases', 'cat_Includes Source SDK',
       'cat_Includes level editor', 'cat_Local Co-op',
       'cat_Local Multi-Player', 'cat_MMO', 'cat_Mods',
       'cat_Mods (require HL2)', 'cat_Multi-player', 'cat_Online Co-op',
       'cat_Online Multi-Player', 'cat_Partial Controller Support',
       'cat_Shared/Split Screen', 'cat_Single-player', 'cat_Stats',
       'cat_Steam Achievements', 'cat_Steam Cloud', 'cat_Steam Leaderboards',
       'cat_Steam Trading Cards', 'cat_Steam Turn Notifications',
       'cat_Steam Workshop', 'cat_SteamVR Collectibles', 'cat_VR Support',
       'cat_Valve Anti-Cheat enabled', 'name'],
      dtype='object')
Current rawg columns Index(['name', 'rating', 'playtime', 'achievements_count', 'suggestions_count',
       'game_series_count', 'reviews_count', 'added_status_yet',
       'added_status_owned', 'added_status_beaten', 'added_status_toplay',
       'added_status_dropped', 'added_status_playing', 'has_website',
       'released_year_before_2020', 'updated_year_before_2020', '3DO',
       'Android', 'Apple II', 'Atari 2600', 'Atari 5200', 'Atari 7800',
       'Atari 8-bit', 'Atari Flashback', 'Atari Lynx', 'Atari ST',
       'Atari XEGS', 'Classic Macintosh', 'Commodore / Amiga', 'Dreamcast',
       'Game Boy', 'Game Boy Advance', 'Game Boy Color', 'Game Gear',
       'GameCube', 'Genesis', 'Jaguar', 'Linux', 'NES', 'Neo Geo',
       'Nintendo 3DS', 'Nintendo 64', 'Nintendo DS', 'Nintendo DSi',
       'Nintendo Switch', 'PC', 'PS Vita', 'PSP', 'PlayStation',
       'PlayStation 2', 'PlayStation 3', 'PlayStation 4', 'PlayStation 5',
       'SEGA 32X', 'SEGA CD', 'SEGA Master System', 'SEGA Saturn', 'SNES',
       'Web', 'Wii', 'Wii U', 'Xbox', 'Xbox 360', 'Xbox One',
       'Xbox Series S/X', 'iOS', 'macOS', 'Action', 'Adventure', 'Arcade',
       'Board Games', 'Card', 'Casual', 'Educational', 'Family', 'Fighting',
       'Indie', 'Massively Multiplayer', 'Platformer', 'Puzzle', 'RPG',
       'Racing', 'Shooter', 'Simulation', 'Sports', 'Strategy'],
      dtype='object')
Loading data from cache
Done
Calculating noise scale
Adding noise of scale 0.0 to sim_scores
Adding noise of scale 0.0 to sim_scores
Adding noise of scale 0.0 to sim_scores
Generating top1 dataset
Generating top1 dataset
Generating top1 dataset
Preparing time (sec): 1
Loading data
Prepare for training
Start training
================================================================================
                                    Kernel Shape Output Shape  Params  \
Layer                                                                   
0_local_models.0.fc_layers.Linear_0    [37, 100]  [4096, 100]    3800   
1_local_models.0.fc_layers.Linear_1    [100, 50]   [4096, 50]    5050   
2_local_models.1.fc_layers.Linear_0    [85, 100]  [4096, 100]    8600   
3_local_models.1.fc_layers.Linear_1    [100, 50]   [4096, 50]    5050   
4_agg_model.fc_layers.Linear_0        [100, 400]  [4096, 400]   40400   
5_agg_model.fc_layers.Linear_1          [400, 1]    [4096, 1]     401   

                                     Mult-Adds  
Layer                                           
0_local_models.0.fc_layers.Linear_0       3700  
1_local_models.0.fc_layers.Linear_1       5000  
2_local_models.1.fc_layers.Linear_0       8500  
3_local_models.1.fc_layers.Linear_1       5000  
4_agg_model.fc_layers.Linear_0           40000  
5_agg_model.fc_layers.Linear_1             400  
--------------------------------------------------------------------------------
                      Totals
Total params           63301
Trainable params       63301
Non-trainable params       0
Mult-Adds              62600
================================================================================
n_classes=2
task=binary_cls
model_name=game_top1sim_2022-01-26-18-49-06
sche_threshold=0.0001
sche_patience=10
sche_factor=0.1
use_scheduler=False
num_workers=4
device=cuda:1
test_batch_size=4096
train_batch_size=4096
learning_rate=0.001
weight_decay=1e-05
num_epochs=200
model_save_path=ckp/game_top1sim_2022-01-26-18-49-06.pth
test_rate=0.2
val_rate=0.1
multiprocess_context=fork
metrics=['accuracy']
metrics_f=[<metric.accuracy.Accuracy object at 0x7f0e14db8880>]
hidden_sizes=[200, 100]
model=SplitNN(
  (agg_model): MLP(
    (fc_layers): ModuleList(
      (0): Linear(in_features=100, out_features=400, bias=True)
      (1): Linear(in_features=400, out_features=1, bias=True)
    )
  )
  (local_models): ModuleList(
    (0): MLP(
      (fc_layers): ModuleList(
        (0): Linear(in_features=37, out_features=100, bias=True)
        (1): Linear(in_features=100, out_features=50, bias=True)
      )
    )
    (1): MLP(
      (fc_layers): ModuleList(
        (0): Linear(in_features=85, out_features=100, bias=True)
        (1): Linear(in_features=100, out_features=50, bias=True)
      )
    )
  )
)
writer=<torch.utils.tensorboard.writer.SummaryWriter object at 0x7f0e14db8c10>
dataset_type=real
drop_key=True
num_common_features=1
tree_radius=0.01
tree_leaf_size=1000
knn_k=50
grid_min=-10.0
grid_max=10.0
grid_width=1.5
sim_scaler=StandardScaler()
filter_top_k=None
link_n_jobs=1
psig_p=4
sim_leak_p=1.0
link_threshold_t=0.1
link_epsilon=0.1
n_hash_lsh=50
edit_distance_threshold=10
n_hash_func=50
collision_rate=0.01
qgram_q=4
link_delta=0.01
feature_wise_sim=False
blocking_method=knn_str
center_threshold=0.5
n_clusters=100
local_hidden_sizes=[[100], [100]]
cut_dims=[50, 50]
agg_hidden_sizes=[400]
scale_analysis=None
data1_shape=(26987, 38)
data2_shape=(439999, 86)
Epoch 1: Loss:            : Train 0.0000, Val 1.0705, Test 1.2717
          Accuracy         : Train 0.3133, Val 0.5769, Test 0.5467
Best:
          Accuracy         : Train 0.3133, Val 0.5769, Test 0.5467
Epoch 2: Loss:            : Train 0.0000, Val 0.5261, Test 0.7429
          Accuracy         : Train 0.7554, Val 0.8518, Test 0.8538
Best:
          Accuracy         : Train 0.7554, Val 0.8518, Test 0.8538
Epoch 3: Loss:            : Train 0.0000, Val 0.4779, Test 0.6073
          Accuracy         : Train 0.8670, Val 0.8629, Test 0.8666
Best:
          Accuracy         : Train 0.8670, Val 0.8629, Test 0.8666
Epoch 4: Loss:            : Train 0.0000, Val 0.4826, Test 0.5631
          Accuracy         : Train 0.8700, Val 0.8607, Test 0.8662
Best:
          Accuracy         : Train 0.8670, Val 0.8629, Test 0.8666
Epoch 5: Loss:            : Train 0.0000, Val 0.4883, Test 0.5499
          Accuracy         : Train 0.8690, Val 0.8618, Test 0.8655
Best:
          Accuracy         : Train 0.8670, Val 0.8629, Test 0.8666
Epoch 6: Loss:            : Train 0.0000, Val 0.4481, Test 0.5216
          Accuracy         : Train 0.8705, Val 0.8633, Test 0.8679
Best:
          Accuracy         : Train 0.8705, Val 0.8633, Test 0.8679
Epoch 7: Loss:            : Train 0.0000, Val 0.4381, Test 0.4215
          Accuracy         : Train 0.8718, Val 0.8677, Test 0.8666
Best:
          Accuracy         : Train 0.8718, Val 0.8677, Test 0.8666
Epoch 8: Loss:            : Train 0.0000, Val 0.4315, Test 0.3616
          Accuracy         : Train 0.8733, Val 0.8700, Test 0.8709
Best:
          Accuracy         : Train 0.8733, Val 0.8700, Test 0.8709
Epoch 9: Loss:            : Train 0.0000, Val 0.3982, Test 0.3531
          Accuracy         : Train 0.8759, Val 0.8755, Test 0.8718
Best:
          Accuracy         : Train 0.8759, Val 0.8755, Test 0.8718
Epoch 10: Loss:            : Train 0.0000, Val 0.3726, Test 0.3359
          Accuracy         : Train 0.8769, Val 0.8777, Test 0.8742
Best:
          Accuracy         : Train 0.8769, Val 0.8777, Test 0.8742
Epoch 11: Loss:            : Train 0.0000, Val 0.3608, Test 0.3464
          Accuracy         : Train 0.8774, Val 0.8777, Test 0.8753
Best:
          Accuracy         : Train 0.8769, Val 0.8777, Test 0.8742
Epoch 12: Loss:            : Train 0.0000, Val 0.3509, Test 0.3267
          Accuracy         : Train 0.8778, Val 0.8825, Test 0.8796
Best:
          Accuracy         : Train 0.8778, Val 0.8825, Test 0.8796
Epoch 13: Loss:            : Train 0.0000, Val 0.3442, Test 0.4515
          Accuracy         : Train 0.8851, Val 0.8840, Test 0.8831
Best:
          Accuracy         : Train 0.8851, Val 0.8840, Test 0.8831
Epoch 14: Loss:            : Train 0.0000, Val 0.3377, Test 0.4478
          Accuracy         : Train 0.8869, Val 0.8863, Test 0.8848
Best:
          Accuracy         : Train 0.8869, Val 0.8863, Test 0.8848
Epoch 15: Loss:            : Train 0.0000, Val 0.3315, Test 0.4431
          Accuracy         : Train 0.8906, Val 0.8874, Test 0.8892
Best:
          Accuracy         : Train 0.8906, Val 0.8874, Test 0.8892
Epoch 16: Loss:            : Train 0.0000, Val 0.3263, Test 0.3556
          Accuracy         : Train 0.8911, Val 0.8874, Test 0.8913
Best:
          Accuracy         : Train 0.8906, Val 0.8874, Test 0.8892
Epoch 17: Loss:            : Train 0.0000, Val 0.3212, Test 0.3338
          Accuracy         : Train 0.8913, Val 0.8885, Test 0.8909
Best:
          Accuracy         : Train 0.8913, Val 0.8885, Test 0.8909
Epoch 18: Loss:            : Train 0.0000, Val 0.3166, Test 0.3455
          Accuracy         : Train 0.8940, Val 0.8929, Test 0.8929
Best:
          Accuracy         : Train 0.8940, Val 0.8929, Test 0.8929
Epoch 19: Loss:            : Train 0.0000, Val 0.3171, Test 0.3312
          Accuracy         : Train 0.8945, Val 0.8863, Test 0.8900
Best:
          Accuracy         : Train 0.8940, Val 0.8929, Test 0.8929
Epoch 20: Loss:            : Train 0.0000, Val 0.3094, Test 0.3367
          Accuracy         : Train 0.8941, Val 0.8933, Test 0.8944
Best:
          Accuracy         : Train 0.8941, Val 0.8933, Test 0.8944
Epoch 21: Loss:            : Train 0.0000, Val 0.3189, Test 0.3220
          Accuracy         : Train 0.8975, Val 0.8907, Test 0.8961
Best:
          Accuracy         : Train 0.8941, Val 0.8933, Test 0.8944
Epoch 22: Loss:            : Train 0.0000, Val 0.3129, Test 0.3306
          Accuracy         : Train 0.8976, Val 0.8955, Test 0.8985
Best:
          Accuracy         : Train 0.8976, Val 0.8955, Test 0.8985
Epoch 23: Loss:            : Train 0.0000, Val 0.2965, Test 0.3109
          Accuracy         : Train 0.8989, Val 0.8951, Test 0.8977
Best:
          Accuracy         : Train 0.8976, Val 0.8955, Test 0.8985
Epoch 24: Loss:            : Train 0.0000, Val 0.3025, Test 0.3103
          Accuracy         : Train 0.8991, Val 0.8951, Test 0.8994
Best:
          Accuracy         : Train 0.8976, Val 0.8955, Test 0.8985
Epoch 25: Loss:            : Train 0.0000, Val 0.3077, Test 0.3077
          Accuracy         : Train 0.8992, Val 0.8977, Test 0.9016
Best:
          Accuracy         : Train 0.8992, Val 0.8977, Test 0.9016
Epoch 26: Loss:            : Train 0.0000, Val 0.2891, Test 0.3033
          Accuracy         : Train 0.9019, Val 0.9022, Test 0.9035
Best:
          Accuracy         : Train 0.9019, Val 0.9022, Test 0.9035
Epoch 27: Loss:            : Train 0.0000, Val 0.2943, Test 0.3051
          Accuracy         : Train 0.9020, Val 0.8981, Test 0.9003
Best:
          Accuracy         : Train 0.9019, Val 0.9022, Test 0.9035
Epoch 28: Loss:            : Train 0.0000, Val 0.2933, Test 0.3138
          Accuracy         : Train 0.9001, Val 0.8996, Test 0.9022
Best:
          Accuracy         : Train 0.9019, Val 0.9022, Test 0.9035
Epoch 29: Loss:            : Train 0.0000, Val 0.3164, Test 0.3016
          Accuracy         : Train 0.9015, Val 0.9029, Test 0.9026
Best:
          Accuracy         : Train 0.9015, Val 0.9029, Test 0.9026
Epoch 30: Loss:            : Train 0.0000, Val 0.2996, Test 0.3114
          Accuracy         : Train 0.9043, Val 0.9018, Test 0.9059
Best:
          Accuracy         : Train 0.9015, Val 0.9029, Test 0.9026
Epoch 31: Loss:            : Train 0.0000, Val 0.2772, Test 0.2934
          Accuracy         : Train 0.9030, Val 0.9048, Test 0.9059
Best:
          Accuracy         : Train 0.9030, Val 0.9048, Test 0.9059
Epoch 32: Loss:            : Train 0.0000, Val 0.2756, Test 0.2916
          Accuracy         : Train 0.9034, Val 0.9048, Test 0.9039
Best:
          Accuracy         : Train 0.9030, Val 0.9048, Test 0.9059
Epoch 33: Loss:            : Train 0.0000, Val 0.2720, Test 0.2880
          Accuracy         : Train 0.9047, Val 0.9052, Test 0.9061
Best:
          Accuracy         : Train 0.9047, Val 0.9052, Test 0.9061
Epoch 34: Loss:            : Train 0.0000, Val 0.2691, Test 0.2974
          Accuracy         : Train 0.9060, Val 0.9074, Test 0.9076
Best:
          Accuracy         : Train 0.9060, Val 0.9074, Test 0.9076
Epoch 35: Loss:            : Train 0.0000, Val 0.2836, Test 0.2842
          Accuracy         : Train 0.9066, Val 0.9037, Test 0.9055
Best:
          Accuracy         : Train 0.9060, Val 0.9074, Test 0.9076
Epoch 36: Loss:            : Train 0.0000, Val 0.3176, Test 0.2943
          Accuracy         : Train 0.9053, Val 0.9052, Test 0.9079
Best:
          Accuracy         : Train 0.9060, Val 0.9074, Test 0.9076
Epoch 37: Loss:            : Train 0.0000, Val 0.3186, Test 0.2945
          Accuracy         : Train 0.9076, Val 0.9048, Test 0.9087
Best:
          Accuracy         : Train 0.9060, Val 0.9074, Test 0.9076
Epoch 38: Loss:            : Train 0.0000, Val 0.3074, Test 0.2886
          Accuracy         : Train 0.9069, Val 0.9055, Test 0.9068
Best:
          Accuracy         : Train 0.9060, Val 0.9074, Test 0.9076
Epoch 39: Loss:            : Train 0.0000, Val 0.2990, Test 0.2802
          Accuracy         : Train 0.9082, Val 0.9092, Test 0.9096
Best:
          Accuracy         : Train 0.9082, Val 0.9092, Test 0.9096
Epoch 40: Loss:            : Train 0.0000, Val 0.2902, Test 0.2805
          Accuracy         : Train 0.9070, Val 0.9077, Test 0.9066
Best:
          Accuracy         : Train 0.9082, Val 0.9092, Test 0.9096
Epoch 41: Loss:            : Train 0.0000, Val 0.2805, Test 0.2761
          Accuracy         : Train 0.9041, Val 0.9089, Test 0.9079
Best:
          Accuracy         : Train 0.9082, Val 0.9092, Test 0.9096
Epoch 42: Loss:            : Train 0.0000, Val 0.2796, Test 0.2715
          Accuracy         : Train 0.9072, Val 0.9129, Test 0.9113
Best:
          Accuracy         : Train 0.9072, Val 0.9129, Test 0.9113
Epoch 43: Loss:            : Train 0.0000, Val 0.2776, Test 0.2709
          Accuracy         : Train 0.9098, Val 0.9118, Test 0.9122
Best:
          Accuracy         : Train 0.9072, Val 0.9129, Test 0.9113
Epoch 44: Loss:            : Train 0.0000, Val 0.2696, Test 0.2700
          Accuracy         : Train 0.9095, Val 0.9081, Test 0.9066
Best:
          Accuracy         : Train 0.9072, Val 0.9129, Test 0.9113
Epoch 45: Loss:            : Train 0.0000, Val 0.2608, Test 0.2642
          Accuracy         : Train 0.9098, Val 0.9126, Test 0.9122
Best:
          Accuracy         : Train 0.9072, Val 0.9129, Test 0.9113
Epoch 46: Loss:            : Train 0.0000, Val 0.2584, Test 0.2648
          Accuracy         : Train 0.9098, Val 0.9114, Test 0.9116
Best:
          Accuracy         : Train 0.9072, Val 0.9129, Test 0.9113
Epoch 47: Loss:            : Train 0.0000, Val 0.2586, Test 0.2749
          Accuracy         : Train 0.9114, Val 0.9122, Test 0.9150
Best:
          Accuracy         : Train 0.9072, Val 0.9129, Test 0.9113
Epoch 48: Loss:            : Train 0.0000, Val 0.2542, Test 0.2605
          Accuracy         : Train 0.9119, Val 0.9137, Test 0.9137
Best:
          Accuracy         : Train 0.9119, Val 0.9137, Test 0.9137
Epoch 49: Loss:            : Train 0.0000, Val 0.2798, Test 0.2600
          Accuracy         : Train 0.9121, Val 0.9129, Test 0.9124
Best:
          Accuracy         : Train 0.9119, Val 0.9137, Test 0.9137
Epoch 50: Loss:            : Train 0.0000, Val 0.2680, Test 0.2868
          Accuracy         : Train 0.9123, Val 0.9163, Test 0.9161
Best:
          Accuracy         : Train 0.9123, Val 0.9163, Test 0.9161
Epoch 51: Loss:            : Train 0.0000, Val 0.2522, Test 0.2551
          Accuracy         : Train 0.9125, Val 0.9163, Test 0.9144
Best:
          Accuracy         : Train 0.9123, Val 0.9163, Test 0.9161
Epoch 52: Loss:            : Train 0.0000, Val 0.2651, Test 0.2549
          Accuracy         : Train 0.9117, Val 0.9148, Test 0.9153
Best:
          Accuracy         : Train 0.9123, Val 0.9163, Test 0.9161
Epoch 53: Loss:            : Train 0.0000, Val 0.2841, Test 0.3225
          Accuracy         : Train 0.9119, Val 0.9140, Test 0.9177
Best:
          Accuracy         : Train 0.9123, Val 0.9163, Test 0.9161
Epoch 54: Loss:            : Train 0.0000, Val 0.2825, Test 0.3567
          Accuracy         : Train 0.9149, Val 0.9159, Test 0.9135
Best:
          Accuracy         : Train 0.9123, Val 0.9163, Test 0.9161
Epoch 55: Loss:            : Train 0.0000, Val 0.2730, Test 0.3243
          Accuracy         : Train 0.9128, Val 0.9196, Test 0.9181
Best:
          Accuracy         : Train 0.9128, Val 0.9196, Test 0.9181
Epoch 56: Loss:            : Train 0.0000, Val 0.2601, Test 0.2500
          Accuracy         : Train 0.9149, Val 0.9140, Test 0.9146
Best:
          Accuracy         : Train 0.9128, Val 0.9196, Test 0.9181
Epoch 57: Loss:            : Train 0.0000, Val 0.2494, Test 0.2628
          Accuracy         : Train 0.9132, Val 0.9170, Test 0.9165
Best:
          Accuracy         : Train 0.9128, Val 0.9196, Test 0.9181
Epoch 58: Loss:            : Train 0.0000, Val 0.2530, Test 0.2453
          Accuracy         : Train 0.9164, Val 0.9185, Test 0.9174
Best:
          Accuracy         : Train 0.9128, Val 0.9196, Test 0.9181
Epoch 59: Loss:            : Train 0.0000, Val 0.2460, Test 0.2555
          Accuracy         : Train 0.9159, Val 0.9166, Test 0.9185
Best:
          Accuracy         : Train 0.9128, Val 0.9196, Test 0.9181
Epoch 60: Loss:            : Train 0.0000, Val 0.2494, Test 0.2405
          Accuracy         : Train 0.9163, Val 0.9170, Test 0.9187
Best:
          Accuracy         : Train 0.9128, Val 0.9196, Test 0.9181
Epoch 61: Loss:            : Train 0.0000, Val 0.2511, Test 0.2402
          Accuracy         : Train 0.9168, Val 0.9166, Test 0.9185
Best:
          Accuracy         : Train 0.9128, Val 0.9196, Test 0.9181
Epoch 62: Loss:            : Train 0.0000, Val 0.2429, Test 0.2377
          Accuracy         : Train 0.9183, Val 0.9189, Test 0.9194
Best:
          Accuracy         : Train 0.9128, Val 0.9196, Test 0.9181
Epoch 63: Loss:            : Train 0.0000, Val 0.2470, Test 0.2514
          Accuracy         : Train 0.9167, Val 0.9177, Test 0.9174
Best:
          Accuracy         : Train 0.9128, Val 0.9196, Test 0.9181
Epoch 64: Loss:            : Train 0.0000, Val 0.2463, Test 0.2514
          Accuracy         : Train 0.9182, Val 0.9185, Test 0.9190
Best:
          Accuracy         : Train 0.9128, Val 0.9196, Test 0.9181
Epoch 65: Loss:            : Train 0.0000, Val 0.2335, Test 0.2676
          Accuracy         : Train 0.9182, Val 0.9166, Test 0.9142
Best:
          Accuracy         : Train 0.9128, Val 0.9196, Test 0.9181
Epoch 66: Loss:            : Train 0.0000, Val 0.2359, Test 0.2357
          Accuracy         : Train 0.9166, Val 0.9192, Test 0.9181
Best:
          Accuracy         : Train 0.9128, Val 0.9196, Test 0.9181
Epoch 67: Loss:            : Train 0.0000, Val 0.2330, Test 0.3086
          Accuracy         : Train 0.9181, Val 0.9155, Test 0.9157
Best:
          Accuracy         : Train 0.9128, Val 0.9196, Test 0.9181
Epoch 68: Loss:            : Train 0.0000, Val 0.2383, Test 0.2440
          Accuracy         : Train 0.9185, Val 0.9159, Test 0.9189
Best:
          Accuracy         : Train 0.9128, Val 0.9196, Test 0.9181
Epoch 69: Loss:            : Train 0.0000, Val 0.2518, Test 0.2458
          Accuracy         : Train 0.9190, Val 0.9196, Test 0.9216
Best:
          Accuracy         : Train 0.9128, Val 0.9196, Test 0.9181
Epoch 70: Loss:            : Train 0.0000, Val 0.2582, Test 0.2442
          Accuracy         : Train 0.9198, Val 0.9189, Test 0.9207
Best:
          Accuracy         : Train 0.9128, Val 0.9196, Test 0.9181
Epoch 71: Loss:            : Train 0.0000, Val 0.2359, Test 0.2410
          Accuracy         : Train 0.9198, Val 0.9229, Test 0.9216
Best:
          Accuracy         : Train 0.9198, Val 0.9229, Test 0.9216
Epoch 72: Loss:            : Train 0.0000, Val 0.2328, Test 0.2393
          Accuracy         : Train 0.9196, Val 0.9226, Test 0.9187
Best:
          Accuracy         : Train 0.9198, Val 0.9229, Test 0.9216
Epoch 73: Loss:            : Train 0.0000, Val 0.2550, Test 0.2291
          Accuracy         : Train 0.9208, Val 0.9196, Test 0.9192
Best:
          Accuracy         : Train 0.9198, Val 0.9229, Test 0.9216
Epoch 74: Loss:            : Train 0.0000, Val 0.2445, Test 0.2224
          Accuracy         : Train 0.9211, Val 0.9218, Test 0.9218
Best:
          Accuracy         : Train 0.9198, Val 0.9229, Test 0.9216
Epoch 75: Loss:            : Train 0.0000, Val 0.2299, Test 0.2284
          Accuracy         : Train 0.9202, Val 0.9166, Test 0.9140
Best:
          Accuracy         : Train 0.9198, Val 0.9229, Test 0.9216
Epoch 76: Loss:            : Train 0.0000, Val 0.2418, Test 0.2220
          Accuracy         : Train 0.9195, Val 0.9196, Test 0.9216
Best:
          Accuracy         : Train 0.9198, Val 0.9229, Test 0.9216
Epoch 77: Loss:            : Train 0.0000, Val 0.2310, Test 0.2938
          Accuracy         : Train 0.9214, Val 0.9229, Test 0.9200
Best:
          Accuracy         : Train 0.9198, Val 0.9229, Test 0.9216
Epoch 78: Loss:            : Train 0.0000, Val 0.2240, Test 0.2966
          Accuracy         : Train 0.9197, Val 0.9207, Test 0.9174
Best:
          Accuracy         : Train 0.9198, Val 0.9229, Test 0.9216
Epoch 79: Loss:            : Train 0.0000, Val 0.2399, Test 0.2193
          Accuracy         : Train 0.9212, Val 0.9203, Test 0.9207
Best:
          Accuracy         : Train 0.9198, Val 0.9229, Test 0.9216
Epoch 80: Loss:            : Train 0.0000, Val 0.2193, Test 0.2316
          Accuracy         : Train 0.9227, Val 0.9215, Test 0.9216
Best:
          Accuracy         : Train 0.9198, Val 0.9229, Test 0.9216
Epoch 81: Loss:            : Train 0.0000, Val 0.2255, Test 0.2167
          Accuracy         : Train 0.9227, Val 0.9203, Test 0.9198
Best:
          Accuracy         : Train 0.9198, Val 0.9229, Test 0.9216
Epoch 82: Loss:            : Train 0.0000, Val 0.2520, Test 0.2162
          Accuracy         : Train 0.9231, Val 0.9192, Test 0.9187
Best:
          Accuracy         : Train 0.9198, Val 0.9229, Test 0.9216
Epoch 83: Loss:            : Train 0.0000, Val 0.2487, Test 0.2162
          Accuracy         : Train 0.9225, Val 0.9170, Test 0.9220
Best:
          Accuracy         : Train 0.9198, Val 0.9229, Test 0.9216
Epoch 84: Loss:            : Train 0.0000, Val 0.2452, Test 0.2174
          Accuracy         : Train 0.9234, Val 0.9211, Test 0.9227
Best:
          Accuracy         : Train 0.9198, Val 0.9229, Test 0.9216
Epoch 85: Loss:            : Train 0.0000, Val 0.2144, Test 0.2400
          Accuracy         : Train 0.9231, Val 0.9229, Test 0.9227
Best:
          Accuracy         : Train 0.9198, Val 0.9229, Test 0.9216
Epoch 86: Loss:            : Train 0.0000, Val 0.2194, Test 0.2394
          Accuracy         : Train 0.9231, Val 0.9240, Test 0.9224
Best:
          Accuracy         : Train 0.9231, Val 0.9240, Test 0.9224
Epoch 87: Loss:            : Train 0.0000, Val 0.2170, Test 0.2100
          Accuracy         : Train 0.9237, Val 0.9237, Test 0.9231
Best:
          Accuracy         : Train 0.9231, Val 0.9240, Test 0.9224
Epoch 88: Loss:            : Train 0.0000, Val 0.2189, Test 0.2855
          Accuracy         : Train 0.9245, Val 0.9215, Test 0.9192
Best:
          Accuracy         : Train 0.9231, Val 0.9240, Test 0.9224
Epoch 89: Loss:            : Train 0.0000, Val 0.2484, Test 0.2317
          Accuracy         : Train 0.9236, Val 0.9200, Test 0.9226
Best:
          Accuracy         : Train 0.9231, Val 0.9240, Test 0.9224
Epoch 90: Loss:            : Train 0.0000, Val 0.2441, Test 0.2135
          Accuracy         : Train 0.9235, Val 0.9200, Test 0.9229
Best:
          Accuracy         : Train 0.9231, Val 0.9240, Test 0.9224
Epoch 91: Loss:            : Train 0.0000, Val 0.2143, Test 0.2112
          Accuracy         : Train 0.9242, Val 0.9196, Test 0.9205
Best:
          Accuracy         : Train 0.9231, Val 0.9240, Test 0.9224
Epoch 92: Loss:            : Train 0.0000, Val 0.2368, Test 0.2097
          Accuracy         : Train 0.9233, Val 0.9233, Test 0.9239
Best:
          Accuracy         : Train 0.9231, Val 0.9240, Test 0.9224
Epoch 93: Loss:            : Train 0.0000, Val 0.2494, Test 0.2190
          Accuracy         : Train 0.9256, Val 0.9200, Test 0.9233
Best:
          Accuracy         : Train 0.9231, Val 0.9240, Test 0.9224
Epoch 94: Loss:            : Train 0.0000, Val 0.2398, Test 0.2297
          Accuracy         : Train 0.9248, Val 0.9237, Test 0.9231
Best:
          Accuracy         : Train 0.9231, Val 0.9240, Test 0.9224
Epoch 95: Loss:            : Train 0.0000, Val 0.2361, Test 0.2107
          Accuracy         : Train 0.9249, Val 0.9240, Test 0.9246
Best:
          Accuracy         : Train 0.9231, Val 0.9240, Test 0.9224
Epoch 96: Loss:            : Train 0.0000, Val 0.2269, Test 0.2063
          Accuracy         : Train 0.9221, Val 0.9215, Test 0.9183
Best:
          Accuracy         : Train 0.9231, Val 0.9240, Test 0.9224
Epoch 97: Loss:            : Train 0.0000, Val 0.2255, Test 0.2053
          Accuracy         : Train 0.9241, Val 0.9240, Test 0.9198
Best:
          Accuracy         : Train 0.9231, Val 0.9240, Test 0.9224
Epoch 98: Loss:            : Train 0.0000, Val 0.2218, Test 0.2030
          Accuracy         : Train 0.9250, Val 0.9233, Test 0.9227
Best:
          Accuracy         : Train 0.9231, Val 0.9240, Test 0.9224
Epoch 99: Loss:            : Train 0.0000, Val 0.2179, Test 0.2032
          Accuracy         : Train 0.9259, Val 0.9215, Test 0.9231
Best:
          Accuracy         : Train 0.9231, Val 0.9240, Test 0.9224
Epoch 100: Loss:            : Train 0.0000, Val 0.2342, Test 0.2078
          Accuracy         : Train 0.9260, Val 0.9203, Test 0.9192
Best:
          Accuracy         : Train 0.9231, Val 0.9240, Test 0.9224
Epoch 101: Loss:            : Train 0.0000, Val 0.2112, Test 0.2035
          Accuracy         : Train 0.9256, Val 0.9252, Test 0.9233
Best:
          Accuracy         : Train 0.9256, Val 0.9252, Test 0.9233
Epoch 102: Loss:            : Train 0.0000, Val 0.2099, Test 0.2059
          Accuracy         : Train 0.9251, Val 0.9222, Test 0.9244
Best:
          Accuracy         : Train 0.9256, Val 0.9252, Test 0.9233
Epoch 103: Loss:            : Train 0.0000, Val 0.2368, Test 0.2198
          Accuracy         : Train 0.9268, Val 0.9233, Test 0.9259
Best:
          Accuracy         : Train 0.9256, Val 0.9252, Test 0.9233
Epoch 104: Loss:            : Train 0.0000, Val 0.2324, Test 0.2366
          Accuracy         : Train 0.9258, Val 0.9244, Test 0.9255
Best:
          Accuracy         : Train 0.9256, Val 0.9252, Test 0.9233
Epoch 105: Loss:            : Train 0.0000, Val 0.2006, Test 0.2795
          Accuracy         : Train 0.9255, Val 0.9207, Test 0.9231
Best:
          Accuracy         : Train 0.9256, Val 0.9252, Test 0.9233
Epoch 106: Loss:            : Train 0.0000, Val 0.2235, Test 0.2004
          Accuracy         : Train 0.9244, Val 0.9259, Test 0.9229
Best:
          Accuracy         : Train 0.9244, Val 0.9259, Test 0.9229
Epoch 107: Loss:            : Train 0.0000, Val 0.2335, Test 0.2210
          Accuracy         : Train 0.9251, Val 0.9222, Test 0.9224
Best:
          Accuracy         : Train 0.9244, Val 0.9259, Test 0.9229
Epoch 108: Loss:            : Train 0.0000, Val 0.2319, Test 0.2777
          Accuracy         : Train 0.9271, Val 0.9233, Test 0.9246
Best:
          Accuracy         : Train 0.9244, Val 0.9259, Test 0.9229
Epoch 109: Loss:            : Train 0.0000, Val 0.2363, Test 0.2170
          Accuracy         : Train 0.9269, Val 0.9170, Test 0.9216
Best:
          Accuracy         : Train 0.9244, Val 0.9259, Test 0.9229
Epoch 110: Loss:            : Train 0.0000, Val 0.2013, Test 0.2760
          Accuracy         : Train 0.9244, Val 0.9203, Test 0.9235
Best:
          Accuracy         : Train 0.9244, Val 0.9259, Test 0.9229
Epoch 111: Loss:            : Train 0.0000, Val 0.2338, Test 0.2180
          Accuracy         : Train 0.9253, Val 0.9218, Test 0.9239
Best:
          Accuracy         : Train 0.9244, Val 0.9259, Test 0.9229
Epoch 112: Loss:            : Train 0.0000, Val 0.2363, Test 0.2205
          Accuracy         : Train 0.9252, Val 0.9215, Test 0.9259
Best:
          Accuracy         : Train 0.9244, Val 0.9259, Test 0.9229
Epoch 113: Loss:            : Train 0.0000, Val 0.2287, Test 0.2835
          Accuracy         : Train 0.9250, Val 0.9166, Test 0.9192
Best:
          Accuracy         : Train 0.9244, Val 0.9259, Test 0.9229
Epoch 114: Loss:            : Train 0.0000, Val 0.2088, Test 0.2159
          Accuracy         : Train 0.9232, Val 0.9203, Test 0.9240
Best:
          Accuracy         : Train 0.9244, Val 0.9259, Test 0.9229
Epoch 115: Loss:            : Train 0.0000, Val 0.2065, Test 0.2144
          Accuracy         : Train 0.9211, Val 0.9229, Test 0.9181
Best:
          Accuracy         : Train 0.9244, Val 0.9259, Test 0.9229
Epoch 116: Loss:            : Train 0.0000, Val 0.2073, Test 0.1981
          Accuracy         : Train 0.9257, Val 0.9222, Test 0.9231
Best:
          Accuracy         : Train 0.9244, Val 0.9259, Test 0.9229
Epoch 117: Loss:            : Train 0.0000, Val 0.2077, Test 0.2722
          Accuracy         : Train 0.9255, Val 0.9226, Test 0.9257
Best:
          Accuracy         : Train 0.9244, Val 0.9259, Test 0.9229
Epoch 118: Loss:            : Train 0.0000, Val 0.2178, Test 0.1981
          Accuracy         : Train 0.9268, Val 0.9229, Test 0.9244
Best:
          Accuracy         : Train 0.9244, Val 0.9259, Test 0.9229
Epoch 119: Loss:            : Train 0.0000, Val 0.2030, Test 0.2112
          Accuracy         : Train 0.9263, Val 0.9248, Test 0.9215
Best:
          Accuracy         : Train 0.9244, Val 0.9259, Test 0.9229
Epoch 120: Loss:            : Train 0.0000, Val 0.2040, Test 0.1988
          Accuracy         : Train 0.9268, Val 0.9244, Test 0.9227
Best:
          Accuracy         : Train 0.9244, Val 0.9259, Test 0.9229
Epoch 121: Loss:            : Train 0.0000, Val 0.2158, Test 0.1976
          Accuracy         : Train 0.9281, Val 0.9233, Test 0.9246
Best:
          Accuracy         : Train 0.9244, Val 0.9259, Test 0.9229
Epoch 122: Loss:            : Train 0.0000, Val 0.2036, Test 0.2384
          Accuracy         : Train 0.9280, Val 0.9240, Test 0.9229
Best:
          Accuracy         : Train 0.9244, Val 0.9259, Test 0.9229
Epoch 123: Loss:            : Train 0.0000, Val 0.2133, Test 0.1993
          Accuracy         : Train 0.9264, Val 0.9222, Test 0.9211
Best:
          Accuracy         : Train 0.9244, Val 0.9259, Test 0.9229
Epoch 124: Loss:            : Train 0.0000, Val 0.2293, Test 0.2024
          Accuracy         : Train 0.9283, Val 0.9218, Test 0.9233
Best:
          Accuracy         : Train 0.9244, Val 0.9259, Test 0.9229
Epoch 125: Loss:            : Train 0.0000, Val 0.2080, Test 0.1976
          Accuracy         : Train 0.9283, Val 0.9248, Test 0.9253
Best:
          Accuracy         : Train 0.9244, Val 0.9259, Test 0.9229
Epoch 126: Loss:            : Train 0.0000, Val 0.1986, Test 0.1958
          Accuracy         : Train 0.9275, Val 0.9207, Test 0.9218
Best:
          Accuracy         : Train 0.9244, Val 0.9259, Test 0.9229
Epoch 127: Loss:            : Train 0.0000, Val 0.2032, Test 0.2127
          Accuracy         : Train 0.9271, Val 0.9233, Test 0.9226
Best:
          Accuracy         : Train 0.9244, Val 0.9259, Test 0.9229
Epoch 128: Loss:            : Train 0.0000, Val 0.2061, Test 0.1985
          Accuracy         : Train 0.9272, Val 0.9211, Test 0.9244
Best:
          Accuracy         : Train 0.9244, Val 0.9259, Test 0.9229
Epoch 129: Loss:            : Train 0.0000, Val 0.2297, Test 0.2753
          Accuracy         : Train 0.9283, Val 0.9240, Test 0.9235
Best:
          Accuracy         : Train 0.9244, Val 0.9259, Test 0.9229
Epoch 130: Loss:            : Train 0.0000, Val 0.2246, Test 0.2281
          Accuracy         : Train 0.9290, Val 0.9259, Test 0.9265
Best:
          Accuracy         : Train 0.9244, Val 0.9259, Test 0.9229
Epoch 131: Loss:            : Train 0.0000, Val 0.2179, Test 0.1979
          Accuracy         : Train 0.9283, Val 0.9259, Test 0.9263
Best:
          Accuracy         : Train 0.9244, Val 0.9259, Test 0.9229
Epoch 132: Loss:            : Train 0.0000, Val 0.1979, Test 0.1972
          Accuracy         : Train 0.9290, Val 0.9222, Test 0.9239
Best:
          Accuracy         : Train 0.9244, Val 0.9259, Test 0.9229
Epoch 133: Loss:            : Train 0.0000, Val 0.2011, Test 0.2079
          Accuracy         : Train 0.9276, Val 0.9255, Test 0.9250
Best:
          Accuracy         : Train 0.9244, Val 0.9259, Test 0.9229
Epoch 134: Loss:            : Train 0.0000, Val 0.2195, Test 0.2032
          Accuracy         : Train 0.9287, Val 0.9192, Test 0.9200
Best:
          Accuracy         : Train 0.9244, Val 0.9259, Test 0.9229
Epoch 135: Loss:            : Train 0.0000, Val 0.2400, Test 0.2334
          Accuracy         : Train 0.9282, Val 0.9229, Test 0.9261
Best:
          Accuracy         : Train 0.9244, Val 0.9259, Test 0.9229
Epoch 136: Loss:            : Train 0.0000, Val 0.2378, Test 0.2059
          Accuracy         : Train 0.9283, Val 0.9218, Test 0.9233
Best:
          Accuracy         : Train 0.9244, Val 0.9259, Test 0.9229
Epoch 137: Loss:            : Train 0.0000, Val 0.2283, Test 0.2004
          Accuracy         : Train 0.9274, Val 0.9259, Test 0.9240
Best:
          Accuracy         : Train 0.9244, Val 0.9259, Test 0.9229
Epoch 138: Loss:            : Train 0.0000, Val 0.2241, Test 0.1984
          Accuracy         : Train 0.9246, Val 0.9207, Test 0.9244
Best:
          Accuracy         : Train 0.9244, Val 0.9259, Test 0.9229
Epoch 139: Loss:            : Train 0.0000, Val 0.2152, Test 0.1993
          Accuracy         : Train 0.9263, Val 0.9244, Test 0.9244
Best:
          Accuracy         : Train 0.9244, Val 0.9259, Test 0.9229
Epoch 140: Loss:            : Train 0.0000, Val 0.2117, Test 0.2103
          Accuracy         : Train 0.9272, Val 0.9270, Test 0.9244
Best:
          Accuracy         : Train 0.9272, Val 0.9270, Test 0.9244
Epoch 141: Loss:            : Train 0.0000, Val 0.2017, Test 0.1943
          Accuracy         : Train 0.9290, Val 0.9270, Test 0.9242
Best:
          Accuracy         : Train 0.9272, Val 0.9270, Test 0.9244
Epoch 142: Loss:            : Train 0.0000, Val 0.2192, Test 0.1956
          Accuracy         : Train 0.9283, Val 0.9244, Test 0.9261
Best:
          Accuracy         : Train 0.9272, Val 0.9270, Test 0.9244
Epoch 143: Loss:            : Train 0.0000, Val 0.2384, Test 0.2052
          Accuracy         : Train 0.9280, Val 0.9229, Test 0.9255
Best:
          Accuracy         : Train 0.9272, Val 0.9270, Test 0.9244
Epoch 144: Loss:            : Train 0.0000, Val 0.2319, Test 0.2008
          Accuracy         : Train 0.9285, Val 0.9226, Test 0.9255
Best:
          Accuracy         : Train 0.9272, Val 0.9270, Test 0.9244
Epoch 145: Loss:            : Train 0.0000, Val 0.2287, Test 0.1662
          Accuracy         : Train 0.9290, Val 0.9259, Test 0.9218
Best:
          Accuracy         : Train 0.9272, Val 0.9270, Test 0.9244
Epoch 146: Loss:            : Train 0.0000, Val 0.2157, Test 0.1958
          Accuracy         : Train 0.9275, Val 0.9229, Test 0.9200
Best:
          Accuracy         : Train 0.9272, Val 0.9270, Test 0.9244
Epoch 147: Loss:            : Train 0.0000, Val 0.2100, Test 0.2237
          Accuracy         : Train 0.9264, Val 0.9274, Test 0.9248
Best:
          Accuracy         : Train 0.9264, Val 0.9274, Test 0.9248
Epoch 148: Loss:            : Train 0.0000, Val 0.2216, Test 0.2033
          Accuracy         : Train 0.9279, Val 0.9192, Test 0.9194
Best:
          Accuracy         : Train 0.9264, Val 0.9274, Test 0.9248
Epoch 149: Loss:            : Train 0.0000, Val 0.2011, Test 0.1986
          Accuracy         : Train 0.9276, Val 0.9240, Test 0.9242
Best:
          Accuracy         : Train 0.9264, Val 0.9274, Test 0.9248
Epoch 150: Loss:            : Train 0.0000, Val 0.1941, Test 0.2077
          Accuracy         : Train 0.9268, Val 0.9252, Test 0.9242
Best:
          Accuracy         : Train 0.9264, Val 0.9274, Test 0.9248
Epoch 151: Loss:            : Train 0.0000, Val 0.2042, Test 0.1957
          Accuracy         : Train 0.9279, Val 0.9263, Test 0.9263
Best:
          Accuracy         : Train 0.9264, Val 0.9274, Test 0.9248
Epoch 152: Loss:            : Train 0.0000, Val 0.2325, Test 0.1970
          Accuracy         : Train 0.9283, Val 0.9215, Test 0.9235
Best:
          Accuracy         : Train 0.9264, Val 0.9274, Test 0.9248
Epoch 153: Loss:            : Train 0.0000, Val 0.2174, Test 0.1986
          Accuracy         : Train 0.9280, Val 0.9170, Test 0.9202
Best:
          Accuracy         : Train 0.9264, Val 0.9274, Test 0.9248
Epoch 154: Loss:            : Train 0.0000, Val 0.2067, Test 0.1953
          Accuracy         : Train 0.9272, Val 0.9252, Test 0.9229
Best:
          Accuracy         : Train 0.9264, Val 0.9274, Test 0.9248
Epoch 155: Loss:            : Train 0.0000, Val 0.2056, Test 0.1961
          Accuracy         : Train 0.9290, Val 0.9270, Test 0.9252
Best:
          Accuracy         : Train 0.9264, Val 0.9274, Test 0.9248
Epoch 156: Loss:            : Train 0.0000, Val 0.1989, Test 0.2088
          Accuracy         : Train 0.9287, Val 0.9281, Test 0.9266
Best:
          Accuracy         : Train 0.9287, Val 0.9281, Test 0.9266
Epoch 157: Loss:            : Train 0.0000, Val 0.2108, Test 0.2257
          Accuracy         : Train 0.9301, Val 0.9263, Test 0.9255
Best:
          Accuracy         : Train 0.9287, Val 0.9281, Test 0.9266
Epoch 158: Loss:            : Train 0.0000, Val 0.1983, Test 0.1934
          Accuracy         : Train 0.9301, Val 0.9281, Test 0.9244
Best:
          Accuracy         : Train 0.9287, Val 0.9281, Test 0.9266
Epoch 159: Loss:            : Train 0.0000, Val 0.1981, Test 0.2201
          Accuracy         : Train 0.9290, Val 0.9285, Test 0.9242
Best:
          Accuracy         : Train 0.9290, Val 0.9285, Test 0.9242
Epoch 160: Loss:            : Train 0.0000, Val 0.2168, Test 0.2060
          Accuracy         : Train 0.9307, Val 0.9226, Test 0.9205
Best:
          Accuracy         : Train 0.9290, Val 0.9285, Test 0.9242
Epoch 161: Loss:            : Train 0.0000, Val 0.1998, Test 0.2092
          Accuracy         : Train 0.9285, Val 0.9266, Test 0.9244
Best:
          Accuracy         : Train 0.9290, Val 0.9285, Test 0.9242
Epoch 162: Loss:            : Train 0.0000, Val 0.2104, Test 0.2082
          Accuracy         : Train 0.9298, Val 0.9285, Test 0.9265
Best:
          Accuracy         : Train 0.9290, Val 0.9285, Test 0.9242
Epoch 163: Loss:            : Train 0.0000, Val 0.2016, Test 0.1927
          Accuracy         : Train 0.9296, Val 0.9255, Test 0.9253
Best:
          Accuracy         : Train 0.9290, Val 0.9285, Test 0.9242
Epoch 164: Loss:            : Train 0.0000, Val 0.2027, Test 0.2238
          Accuracy         : Train 0.9300, Val 0.9270, Test 0.9237
Best:
          Accuracy         : Train 0.9290, Val 0.9285, Test 0.9242
Epoch 165: Loss:            : Train 0.0000, Val 0.2062, Test 0.1926
          Accuracy         : Train 0.9300, Val 0.9248, Test 0.9240
Best:
          Accuracy         : Train 0.9290, Val 0.9285, Test 0.9242
Epoch 166: Loss:            : Train 0.0000, Val 0.2002, Test 0.2234
          Accuracy         : Train 0.9293, Val 0.9259, Test 0.9248
Best:
          Accuracy         : Train 0.9290, Val 0.9285, Test 0.9242
Epoch 167: Loss:            : Train 0.0000, Val 0.2039, Test 0.1926
          Accuracy         : Train 0.9298, Val 0.9263, Test 0.9242
Best:
          Accuracy         : Train 0.9290, Val 0.9285, Test 0.9242
Epoch 168: Loss:            : Train 0.0000, Val 0.2044, Test 0.1929
          Accuracy         : Train 0.9305, Val 0.9252, Test 0.9240
Best:
          Accuracy         : Train 0.9290, Val 0.9285, Test 0.9242
Epoch 169: Loss:            : Train 0.0000, Val 0.2286, Test 0.1977
          Accuracy         : Train 0.9307, Val 0.9248, Test 0.9266
Best:
          Accuracy         : Train 0.9290, Val 0.9285, Test 0.9242
Epoch 170: Loss:            : Train 0.0000, Val 0.2272, Test 0.1992
          Accuracy         : Train 0.9313, Val 0.9281, Test 0.9261
Best:
          Accuracy         : Train 0.9290, Val 0.9285, Test 0.9242
Epoch 171: Loss:            : Train 0.0000, Val 0.2185, Test 0.2097
          Accuracy         : Train 0.9309, Val 0.9255, Test 0.9266
Best:
          Accuracy         : Train 0.9290, Val 0.9285, Test 0.9242
Epoch 172: Loss:            : Train 0.0000, Val 0.2069, Test 0.1940
          Accuracy         : Train 0.9299, Val 0.9248, Test 0.9255
Best:
          Accuracy         : Train 0.9290, Val 0.9285, Test 0.9242
Epoch 173: Loss:            : Train 0.0000, Val 0.1997, Test 0.2074
          Accuracy         : Train 0.9291, Val 0.9255, Test 0.9244
Best:
          Accuracy         : Train 0.9290, Val 0.9285, Test 0.9242
Epoch 174: Loss:            : Train 0.0000, Val 0.2150, Test 0.1927
          Accuracy         : Train 0.9307, Val 0.9270, Test 0.9265
Best:
          Accuracy         : Train 0.9290, Val 0.9285, Test 0.9242
Epoch 175: Loss:            : Train 0.0000, Val 0.2001, Test 0.2063
          Accuracy         : Train 0.9315, Val 0.9244, Test 0.9250
Best:
          Accuracy         : Train 0.9290, Val 0.9285, Test 0.9242
Epoch 176: Loss:            : Train 0.0000, Val 0.2208, Test 0.1960
          Accuracy         : Train 0.9301, Val 0.9229, Test 0.9237
Best:
          Accuracy         : Train 0.9290, Val 0.9285, Test 0.9242
Epoch 177: Loss:            : Train 0.0000, Val 0.2031, Test 0.2214
          Accuracy         : Train 0.9295, Val 0.9281, Test 0.9259
Best:
          Accuracy         : Train 0.9290, Val 0.9285, Test 0.9242
Epoch 178: Loss:            : Train 0.0000, Val 0.2063, Test 0.2119
          Accuracy         : Train 0.9308, Val 0.9240, Test 0.9252
Best:
          Accuracy         : Train 0.9290, Val 0.9285, Test 0.9242
Epoch 179: Loss:            : Train 0.0000, Val 0.2025, Test 0.2205
          Accuracy         : Train 0.9284, Val 0.9292, Test 0.9253
Best:
          Accuracy         : Train 0.9284, Val 0.9292, Test 0.9253
Epoch 180: Loss:            : Train 0.0000, Val 0.2132, Test 0.1915
          Accuracy         : Train 0.9315, Val 0.9244, Test 0.9263
Best:
          Accuracy         : Train 0.9284, Val 0.9292, Test 0.9253
Epoch 181: Loss:            : Train 0.0000, Val 0.1986, Test 0.1920
          Accuracy         : Train 0.9316, Val 0.9233, Test 0.9253
Best:
          Accuracy         : Train 0.9284, Val 0.9292, Test 0.9253
Epoch 182: Loss:            : Train 0.0000, Val 0.2002, Test 0.2086
          Accuracy         : Train 0.9313, Val 0.9240, Test 0.9222
Best:
          Accuracy         : Train 0.9284, Val 0.9292, Test 0.9253
Epoch 183: Loss:            : Train 0.0000, Val 0.1961, Test 0.1908
          Accuracy         : Train 0.9298, Val 0.9240, Test 0.9272
Best:
          Accuracy         : Train 0.9284, Val 0.9292, Test 0.9253
Epoch 184: Loss:            : Train 0.0000, Val 0.2187, Test 0.1935
          Accuracy         : Train 0.9317, Val 0.9248, Test 0.9276
Best:
          Accuracy         : Train 0.9284, Val 0.9292, Test 0.9253
Epoch 185: Loss:            : Train 0.0000, Val 0.2214, Test 0.2074
          Accuracy         : Train 0.9307, Val 0.9255, Test 0.9266
Best:
          Accuracy         : Train 0.9284, Val 0.9292, Test 0.9253
Epoch 186: Loss:            : Train 0.0000, Val 0.2008, Test 0.1914
          Accuracy         : Train 0.9318, Val 0.9274, Test 0.9265
Best:
          Accuracy         : Train 0.9284, Val 0.9292, Test 0.9253
Epoch 187: Loss:            : Train 0.0000, Val 0.1972, Test 0.1924
          Accuracy         : Train 0.9302, Val 0.9252, Test 0.9248
Best:
          Accuracy         : Train 0.9284, Val 0.9292, Test 0.9253
Epoch 188: Loss:            : Train 0.0000, Val 0.1954, Test 0.2048
          Accuracy         : Train 0.9322, Val 0.9266, Test 0.9263
Best:
          Accuracy         : Train 0.9284, Val 0.9292, Test 0.9253
Epoch 189: Loss:            : Train 0.0000, Val 0.2029, Test 0.1916
          Accuracy         : Train 0.9323, Val 0.9255, Test 0.9270
Best:
          Accuracy         : Train 0.9284, Val 0.9292, Test 0.9253
Epoch 190: Loss:            : Train 0.0000, Val 0.1955, Test 0.1904
          Accuracy         : Train 0.9335, Val 0.9266, Test 0.9261
Best:
          Accuracy         : Train 0.9284, Val 0.9292, Test 0.9253
Epoch 191: Loss:            : Train 0.0000, Val 0.2032, Test 0.1899
          Accuracy         : Train 0.9327, Val 0.9278, Test 0.9266
Best:
          Accuracy         : Train 0.9284, Val 0.9292, Test 0.9253
Epoch 192: Loss:            : Train 0.0000, Val 0.2043, Test 0.1930
          Accuracy         : Train 0.9330, Val 0.9274, Test 0.9276
Best:
          Accuracy         : Train 0.9284, Val 0.9292, Test 0.9253
Epoch 193: Loss:            : Train 0.0000, Val 0.1965, Test 0.1929
          Accuracy         : Train 0.9325, Val 0.9255, Test 0.9268
Best:
          Accuracy         : Train 0.9284, Val 0.9292, Test 0.9253
Epoch 194: Loss:            : Train 0.0000, Val 0.2043, Test 0.2095
          Accuracy         : Train 0.9338, Val 0.9274, Test 0.9240
Best:
          Accuracy         : Train 0.9284, Val 0.9292, Test 0.9253
Epoch 195: Loss:            : Train 0.0000, Val 0.1923, Test 0.2048
          Accuracy         : Train 0.9321, Val 0.9270, Test 0.9255
Best:
          Accuracy         : Train 0.9284, Val 0.9292, Test 0.9253
Epoch 196: Loss:            : Train 0.0000, Val 0.1991, Test 0.1896
          Accuracy         : Train 0.9317, Val 0.9270, Test 0.9283
Best:
          Accuracy         : Train 0.9284, Val 0.9292, Test 0.9253
Epoch 197: Loss:            : Train 0.0000, Val 0.2171, Test 0.2689
          Accuracy         : Train 0.9319, Val 0.9244, Test 0.9263
Best:
          Accuracy         : Train 0.9284, Val 0.9292, Test 0.9253
Epoch 198: Loss:            : Train 0.0000, Val 0.2060, Test 0.3031
          Accuracy         : Train 0.9323, Val 0.9263, Test 0.9270
Best:
          Accuracy         : Train 0.9284, Val 0.9292, Test 0.9253
Epoch 199: Loss:            : Train 0.0000, Val 0.1944, Test 0.2682
          Accuracy         : Train 0.9319, Val 0.9274, Test 0.9246
Best:
          Accuracy         : Train 0.9284, Val 0.9292, Test 0.9253
Epoch 200: Loss:            : Train 0.0000, Val 0.1966, Test 0.2030
          Accuracy         : Train 0.9324, Val 0.9252, Test 0.9252
Best:
          Accuracy         : Train 0.9284, Val 0.9292, Test 0.9253
Training time (sec): 69
