Loading parties from cache
Loading data from cache
Done
Calculating noise scale
Standard variance of sim_score: 61.57
Adding noise of scale 0.8507389868391299 to sim_scores
Adding noise of scale 0.8507389868391299 to sim_scores
Adding noise of scale 0.8507389868391299 to sim_scores
Preparing time (sec): 3
Initializing dataloader
Done
Prepare for training
Start training
SplitNN summary
==========================================================================================
Layer (type:depth-idx)                   Output Shape              Param #
==========================================================================================
SplitNN                                  --                        --
├─MLP: 1                                 --                        --
│    └─ModuleList: 2-1                   --                        --
├─ModuleList: 1-1                        --                        --
│    └─MLP: 2                            --                        --
│    │    └─ModuleList: 3-1              --                        6,150
│    └─MLP: 2                            --                        --
│    │    └─ModuleList: 3-2              --                        6,150
│    └─MLP: 2-2                          [64, 50]                  --
│    └─MLP: 2-3                          [64, 50]                  --
├─MLP: 1-2                               [64, 3]                   --
│    └─ModuleList: 2-1                   --                        --
│    │    └─Linear: 3-3                  [64, 100]                 10,100
│    │    └─Linear: 3-4                  [64, 3]                   303
==========================================================================================
Total params: 22,703
Trainable params: 22,703
Non-trainable params: 0
Total mult-adds (M): 1.45
==========================================================================================
Input size (MB): 0.01
Forward/backward pass size (MB): 0.21
Params size (MB): 0.09
Estimated Total Size (MB): 0.30
==========================================================================================
Merge model summary
==========================================================================================
Layer (type:depth-idx)                   Output Shape              Param #
==========================================================================================
ConvModel                                --                        --
├─Conv2d: 1-1                            [1, 4, 106, 3]            32
├─Dropout: 1-2                           [1, 1272]                 --
├─Linear: 1-3                            [1, 400]                  509,200
├─Dropout: 1-4                           [1, 400]                  --
├─Linear: 1-5                            [1, 1]                    401
==========================================================================================
Total params: 509,633
Trainable params: 509,633
Non-trainable params: 0
Total mult-adds (M): 0.52
==========================================================================================
Input size (MB): 0.00
Forward/backward pass size (MB): 0.01
Params size (MB): 2.04
Estimated Total Size (MB): 2.05
==========================================================================================
Similarity model summary
==========================================================================================
Layer (type:depth-idx)                   Output Shape              Param #
==========================================================================================
MLP                                      --                        --
├─ModuleList: 1-1                        --                        --
│    └─Linear: 2-1                       [1, 10]                   20
│    └─Linear: 2-2                       [1, 1]                    11
==========================================================================================
Total params: 31
Trainable params: 31
Non-trainable params: 0
Total mult-adds (M): 0.00
==========================================================================================
Input size (MB): 0.00
Forward/backward pass size (MB): 0.00
Params size (MB): 0.00
Estimated Total Size (MB): 0.00
==========================================================================================
n_classes=2
task=binary_cls
model_name=boone_fedsim_noise_0.2_2022-01-23-21-37-25
sche_threshold=0.0001
sche_patience=10
sche_factor=0.1
use_scheduler=False
num_workers=4
device=cuda:0
test_batch_size=4096
train_batch_size=64
learning_rate=0.001
weight_decay=1e-05
num_epochs=50
model_save_path=ckp/boone_fedsim_noise_0.2_2022-01-23-21-37-25.pth
test_rate=0.2
val_rate=0.1
multiprocess_context=fork
metrics=['accuracy']
metrics_f=[<metric.accuracy.Accuracy object at 0x7f7ae190da00>]
hidden_sizes=[100, 100]
model=SplitNN(
  (agg_model): MLP(
    (fc_layers): ModuleList(
      (0): Linear(in_features=100, out_features=100, bias=True)
      (1): Linear(in_features=100, out_features=3, bias=True)
    )
  )
  (local_models): ModuleList(
    (0): MLP(
      (fc_layers): ModuleList(
        (0): Linear(in_features=10, out_features=100, bias=True)
        (1): Linear(in_features=100, out_features=50, bias=True)
      )
    )
    (1): MLP(
      (fc_layers): ModuleList(
        (0): Linear(in_features=10, out_features=100, bias=True)
        (1): Linear(in_features=100, out_features=50, bias=True)
      )
    )
  )
)
writer=<torch.utils.tensorboard.writer.SummaryWriter object at 0x7f7ae190da30>
dataset_type=syn
drop_key=True
num_common_features=30
tree_radius=2
tree_leaf_size=1000
knn_k=100
grid_min=-10.0
grid_max=10.0
grid_width=1.5
sim_scaler=StandardScaler()
filter_top_k=None
link_n_jobs=1
psig_p=7
sim_leak_p=0.01
link_threshold_t=0.1
link_epsilon=0.1
n_hash_lsh=20
edit_distance_threshold=1
n_hash_func=10
collision_rate=0.05
qgram_q=2
link_delta=0.1
feature_wise_sim=False
blocking_method=knn_priv_str
center_threshold=0.5
n_clusters=100
local_hidden_sizes=[[100], [100]]
cut_dims=[50, 50]
agg_hidden_sizes=[100]
scale_analysis=<utils.privacy.SimNoiseScale object at 0x7f7ae1918ac0>
mlp_merge=None
use_sim=True
use_conv=True
conv_kernel_v_size=7
conv_n_channels=4
merge_dropout_p=0.7
raw_output_dim=3
log_dir=log/boone_fedsim_noise_0.2_2022-01-23-21-37-25/
update_sim_freq=1
sim_model_save_path=ckp/boone_fedsim_noise_0.2_2022-01-23-21-37-25_sim.pth
merge_model_save_path=ckp/boone_fedsim_noise_0.2_2022-01-23-21-37-25_merge.pth
sim_batch_size=128
sim_weight_decay=1e-05
sim_learning_rate=0.001
merge_model=ConvModel(
  (conv1): Conv2d(1, 4, kernel_size=(7, 1), stride=(1, 1), padding=(6, 0))
  (fc1): Linear(in_features=1272, out_features=400, bias=True)
  (fc2): Linear(in_features=400, out_features=1, bias=True)
  (dropout1): Dropout(p=0.7, inplace=False)
  (dropout2): Dropout(p=0.7, inplace=False)
)
sim_model=MLP(
  (fc_layers): ModuleList(
    (0): Linear(in_features=1, out_features=10, bias=True)
    (1): Linear(in_features=10, out_features=1, bias=True)
  )
)
sim_hidden_sizes=[10]
merge_hidden_sizes=[400]
data1_shape=(130064, 40)
data2_shape=(130064, 40)
Epoch 1: Loss:            : Train 0.4570, Val 0.3419, Test 0.3398
          Accuracy         : Train 0.7812, Val 0.8498, Test 0.8502
Best:
          Accuracy         : Train 0.7812, Val 0.8498, Test 0.8502
Epoch 2: Loss:            : Train 0.3164, Val 0.2990, Test 0.2974
          Accuracy         : Train 0.8622, Val 0.8660, Test 0.8703
Best:
          Accuracy         : Train 0.8622, Val 0.8660, Test 0.8703
Epoch 3: Loss:            : Train 0.2958, Val 0.2827, Test 0.2856
          Accuracy         : Train 0.8723, Val 0.8760, Test 0.8764
Best:
          Accuracy         : Train 0.8723, Val 0.8760, Test 0.8764
Epoch 4: Loss:            : Train 0.2886, Val 0.2844, Test 0.2854
          Accuracy         : Train 0.8765, Val 0.8744, Test 0.8757
Best:
          Accuracy         : Train 0.8723, Val 0.8760, Test 0.8764
Epoch 5: Loss:            : Train 0.2810, Val 0.2782, Test 0.2808
          Accuracy         : Train 0.8799, Val 0.8788, Test 0.8777
Best:
          Accuracy         : Train 0.8799, Val 0.8788, Test 0.8777
Epoch 6: Loss:            : Train 0.2740, Val 0.2639, Test 0.2675
          Accuracy         : Train 0.8828, Val 0.8874, Test 0.8845
Best:
          Accuracy         : Train 0.8828, Val 0.8874, Test 0.8845
Epoch 7: Loss:            : Train 0.2700, Val 0.2839, Test 0.2839
          Accuracy         : Train 0.8846, Val 0.8759, Test 0.8782
Best:
          Accuracy         : Train 0.8828, Val 0.8874, Test 0.8845
Epoch 8: Loss:            : Train 0.2665, Val 0.2610, Test 0.2610
          Accuracy         : Train 0.8872, Val 0.8884, Test 0.8882
Best:
          Accuracy         : Train 0.8872, Val 0.8884, Test 0.8882
Epoch 9: Loss:            : Train 0.2638, Val 0.2523, Test 0.2546
          Accuracy         : Train 0.8882, Val 0.8924, Test 0.8906
Best:
          Accuracy         : Train 0.8882, Val 0.8924, Test 0.8906
Epoch 10: Loss:            : Train 0.2623, Val 0.2762, Test 0.2757
          Accuracy         : Train 0.8891, Val 0.8809, Test 0.8799
Best:
          Accuracy         : Train 0.8882, Val 0.8924, Test 0.8906
Epoch 11: Loss:            : Train 0.2586, Val 0.2531, Test 0.2566
          Accuracy         : Train 0.8911, Val 0.8921, Test 0.8894
Best:
          Accuracy         : Train 0.8882, Val 0.8924, Test 0.8906
Epoch 12: Loss:            : Train 0.2570, Val 0.2581, Test 0.2589
          Accuracy         : Train 0.8914, Val 0.8899, Test 0.8899
Best:
          Accuracy         : Train 0.8882, Val 0.8924, Test 0.8906
Epoch 13: Loss:            : Train 0.2552, Val 0.2499, Test 0.2522
          Accuracy         : Train 0.8921, Val 0.8951, Test 0.8939
Best:
          Accuracy         : Train 0.8921, Val 0.8951, Test 0.8939
Epoch 14: Loss:            : Train 0.2543, Val 0.2513, Test 0.2507
          Accuracy         : Train 0.8930, Val 0.8936, Test 0.8929
Best:
          Accuracy         : Train 0.8921, Val 0.8951, Test 0.8939
Epoch 15: Loss:            : Train 0.2517, Val 0.2567, Test 0.2599
          Accuracy         : Train 0.8943, Val 0.8913, Test 0.8909
Best:
          Accuracy         : Train 0.8921, Val 0.8951, Test 0.8939
Epoch 16: Loss:            : Train 0.2518, Val 0.2489, Test 0.2515
          Accuracy         : Train 0.8944, Val 0.8919, Test 0.8946
Best:
          Accuracy         : Train 0.8921, Val 0.8951, Test 0.8939
Epoch 17: Loss:            : Train 0.2510, Val 0.2457, Test 0.2472
          Accuracy         : Train 0.8942, Val 0.8950, Test 0.8953
Best:
          Accuracy         : Train 0.8921, Val 0.8951, Test 0.8939
Epoch 18: Loss:            : Train 0.2494, Val 0.2479, Test 0.2510
          Accuracy         : Train 0.8942, Val 0.8941, Test 0.8937
Best:
          Accuracy         : Train 0.8921, Val 0.8951, Test 0.8939
Epoch 19: Loss:            : Train 0.2498, Val 0.2457, Test 0.2483
          Accuracy         : Train 0.8954, Val 0.8961, Test 0.8943
Best:
          Accuracy         : Train 0.8954, Val 0.8961, Test 0.8943
Epoch 20: Loss:            : Train 0.2490, Val 0.2586, Test 0.2623
          Accuracy         : Train 0.8949, Val 0.8881, Test 0.8879
Best:
          Accuracy         : Train 0.8954, Val 0.8961, Test 0.8943
Epoch 21: Loss:            : Train 0.2480, Val 0.2436, Test 0.2457
          Accuracy         : Train 0.8961, Val 0.8964, Test 0.8963
Best:
          Accuracy         : Train 0.8961, Val 0.8964, Test 0.8963
Epoch 22: Loss:            : Train 0.2480, Val 0.2478, Test 0.2496
          Accuracy         : Train 0.8962, Val 0.8968, Test 0.8959
Best:
          Accuracy         : Train 0.8962, Val 0.8968, Test 0.8959
Epoch 23: Loss:            : Train 0.2467, Val 0.2649, Test 0.2676
          Accuracy         : Train 0.8968, Val 0.8909, Test 0.8927
Best:
          Accuracy         : Train 0.8962, Val 0.8968, Test 0.8959
Epoch 24: Loss:            : Train 0.2459, Val 0.2505, Test 0.2531
          Accuracy         : Train 0.8977, Val 0.8934, Test 0.8935
Best:
          Accuracy         : Train 0.8962, Val 0.8968, Test 0.8959
Epoch 25: Loss:            : Train 0.2451, Val 0.2422, Test 0.2455
          Accuracy         : Train 0.8974, Val 0.8983, Test 0.8965
Best:
          Accuracy         : Train 0.8974, Val 0.8983, Test 0.8965
Epoch 26: Loss:            : Train 0.2437, Val 0.2398, Test 0.2440
          Accuracy         : Train 0.8990, Val 0.8977, Test 0.8974
Best:
          Accuracy         : Train 0.8974, Val 0.8983, Test 0.8965
Epoch 27: Loss:            : Train 0.2425, Val 0.2387, Test 0.2425
          Accuracy         : Train 0.8986, Val 0.8987, Test 0.8977
Best:
          Accuracy         : Train 0.8986, Val 0.8987, Test 0.8977
Epoch 28: Loss:            : Train 0.2426, Val 0.2404, Test 0.2429
          Accuracy         : Train 0.8998, Val 0.9003, Test 0.9008
Best:
          Accuracy         : Train 0.8998, Val 0.9003, Test 0.9008
Epoch 29: Loss:            : Train 0.2416, Val 0.2445, Test 0.2488
          Accuracy         : Train 0.8999, Val 0.8983, Test 0.8952
Best:
          Accuracy         : Train 0.8998, Val 0.9003, Test 0.9008
Epoch 30: Loss:            : Train 0.2400, Val 0.2444, Test 0.2465
          Accuracy         : Train 0.9001, Val 0.8966, Test 0.8969
Best:
          Accuracy         : Train 0.8998, Val 0.9003, Test 0.9008
Epoch 31: Loss:            : Train 0.2407, Val 0.2332, Test 0.2356
          Accuracy         : Train 0.9001, Val 0.9003, Test 0.9023
Best:
          Accuracy         : Train 0.8998, Val 0.9003, Test 0.9008
Epoch 32: Loss:            : Train 0.2398, Val 0.2374, Test 0.2403
          Accuracy         : Train 0.8995, Val 0.9016, Test 0.8996
Best:
          Accuracy         : Train 0.8995, Val 0.9016, Test 0.8996
Epoch 33: Loss:            : Train 0.2386, Val 0.2459, Test 0.2513
          Accuracy         : Train 0.9001, Val 0.8980, Test 0.8978
Best:
          Accuracy         : Train 0.8995, Val 0.9016, Test 0.8996
Epoch 34: Loss:            : Train 0.2389, Val 0.2352, Test 0.2391
          Accuracy         : Train 0.8999, Val 0.9007, Test 0.9002
Best:
          Accuracy         : Train 0.8995, Val 0.9016, Test 0.8996
Epoch 35: Loss:            : Train 0.2373, Val 0.2420, Test 0.2443
          Accuracy         : Train 0.9010, Val 0.9001, Test 0.8989
Best:
          Accuracy         : Train 0.8995, Val 0.9016, Test 0.8996
Epoch 36: Loss:            : Train 0.2395, Val 0.2543, Test 0.2528
          Accuracy         : Train 0.9004, Val 0.8943, Test 0.8958
Best:
          Accuracy         : Train 0.8995, Val 0.9016, Test 0.8996
Epoch 37: Loss:            : Train 0.2369, Val 0.2491, Test 0.2526
          Accuracy         : Train 0.9005, Val 0.8961, Test 0.8977
Best:
          Accuracy         : Train 0.8995, Val 0.9016, Test 0.8996
Epoch 38: Loss:            : Train 0.2373, Val 0.2342, Test 0.2374
          Accuracy         : Train 0.9011, Val 0.9004, Test 0.9015
Best:
          Accuracy         : Train 0.8995, Val 0.9016, Test 0.8996
Epoch 39: Loss:            : Train 0.2366, Val 0.2348, Test 0.2416
          Accuracy         : Train 0.9009, Val 0.8982, Test 0.8977
Best:
          Accuracy         : Train 0.8995, Val 0.9016, Test 0.8996
Epoch 40: Loss:            : Train 0.2403, Val 0.2346, Test 0.2404
          Accuracy         : Train 0.9002, Val 0.9010, Test 0.9000
Best:
          Accuracy         : Train 0.8995, Val 0.9016, Test 0.8996
Epoch 41: Loss:            : Train 0.2392, Val 0.2365, Test 0.2392
          Accuracy         : Train 0.9003, Val 0.9027, Test 0.9011
Best:
          Accuracy         : Train 0.9003, Val 0.9027, Test 0.9011
Epoch 42: Loss:            : Train 0.2394, Val 0.2359, Test 0.2379
          Accuracy         : Train 0.9003, Val 0.9007, Test 0.8992
Best:
          Accuracy         : Train 0.9003, Val 0.9027, Test 0.9011
Epoch 43: Loss:            : Train 0.2380, Val 0.2405, Test 0.2463
          Accuracy         : Train 0.9004, Val 0.9011, Test 0.8970
Best:
          Accuracy         : Train 0.9003, Val 0.9027, Test 0.9011
Epoch 44: Loss:            : Train 0.2385, Val 0.2439, Test 0.2443
          Accuracy         : Train 0.9007, Val 0.8974, Test 0.8965
Best:
          Accuracy         : Train 0.9003, Val 0.9027, Test 0.9011
Epoch 45: Loss:            : Train 0.2385, Val 0.2411, Test 0.2425
          Accuracy         : Train 0.9009, Val 0.9001, Test 0.8990
Best:
          Accuracy         : Train 0.9003, Val 0.9027, Test 0.9011
Epoch 46: Loss:            : Train 0.2362, Val 0.2401, Test 0.2416
          Accuracy         : Train 0.9015, Val 0.8964, Test 0.8958
Best:
          Accuracy         : Train 0.9003, Val 0.9027, Test 0.9011
Epoch 47: Loss:            : Train 0.2375, Val 0.2353, Test 0.2371
          Accuracy         : Train 0.9023, Val 0.9031, Test 0.9036
Best:
          Accuracy         : Train 0.9023, Val 0.9031, Test 0.9036
Epoch 48: Loss:            : Train 0.2352, Val 0.2435, Test 0.2460
          Accuracy         : Train 0.9030, Val 0.8977, Test 0.8968
Best:
          Accuracy         : Train 0.9023, Val 0.9031, Test 0.9036
Epoch 49: Loss:            : Train 0.2349, Val 0.2399, Test 0.2451
          Accuracy         : Train 0.9022, Val 0.8958, Test 0.8970
Best:
          Accuracy         : Train 0.9023, Val 0.9031, Test 0.9036
Epoch 50: Loss:            : Train 0.2354, Val 0.2405, Test 0.2429
          Accuracy         : Train 0.9016, Val 0.8981, Test 0.8985
Best:
          Accuracy         : Train 0.9023, Val 0.9031, Test 0.9036
Training time (sec): 954
