Loading MSD from data/song/msd_clean.csv
Loading FMA from data/song/fma_clean.csv
Current MSD columns Index(['0', '1', '2', '3', '4', '5', '6', '7', '8', '9', '10', '11', '12',
       '13', '14', '15', '16', '17', '18', '19', '20', '21', '22', '23', '24',
       '25', '26', '27', '28', '29', '30', '31', '32', '33', '34', '35', '36',
       '37', '38', '39', '40', '41', '42', '43', '44', '45', '46', '47', '48',
       '49', '50', '51', '52', '53', '54', '55', '56', '57', '58', '59', '60',
       '61', '62', '63', '64', '65', '66', '67', '68', '69', '70', '71', '72',
       '73', '74', '75', '76', '77', '78', '79', '80', '81', '82', '83', '84',
       '85', '86', '87', '88', '89', 'title'],
      dtype='object')
Current FMA columns Index(['title', '0', '1', '2', '3', '4', '5', '6', '7', '8',
       ...
       '508', '509', '510', '511', '512', '513', '514', '515', '516', '517'],
      dtype='object', length=519)
Loading data from cache
Done
Calculating noise scale
Standard variance of sim_score: 383.00
Adding noise of scale 0.02082315818382484 to sim_scores
Adding noise of scale 0.02082315818382484 to sim_scores
Adding noise of scale 0.02082315818382484 to sim_scores
Preparing time (sec): 72
Initializing dataloader
Done
Prepare for training
Start training
================================================================================
                                    Kernel Shape Output Shape  Params  \
Layer                                                                   
0_local_models.0.fc_layers.Linear_0    [91, 100]   [128, 100]    9200   
1_local_models.0.fc_layers.Linear_1    [100, 50]    [128, 50]    5050   
2_local_models.1.fc_layers.Linear_0   [518, 100]   [128, 100]   51900   
3_local_models.1.fc_layers.Linear_1    [100, 50]    [128, 50]    5050   
4_agg_model.fc_layers.Linear_0        [100, 100]   [128, 100]   10100   
5_agg_model.fc_layers.Linear_1          [100, 1]     [128, 1]     101   

                                     Mult-Adds  
Layer                                           
0_local_models.0.fc_layers.Linear_0       9100  
1_local_models.0.fc_layers.Linear_1       5000  
2_local_models.1.fc_layers.Linear_0      51800  
3_local_models.1.fc_layers.Linear_1       5000  
4_agg_model.fc_layers.Linear_0           10000  
5_agg_model.fc_layers.Linear_1             100  
--------------------------------------------------------------------------------
                      Totals
Total params           81401
Trainable params       81401
Non-trainable params       0
Mult-Adds              81000
================================================================================
n_classes=2
task=regression
model_name=song_featuresim_2022-02-02-23-48-24
sche_threshold=0.0001
sche_patience=10
sche_factor=0.1
use_scheduler=False
num_workers=4
device=cuda:7
test_batch_size=4096
train_batch_size=128
learning_rate=0.001
weight_decay=1e-05
num_epochs=50
model_save_path=ckp/song_featuresim_2022-02-02-23-48-24.pth
test_rate=0.2
val_rate=0.1
multiprocess_context=fork
metrics=['r2_score', 'rmse', 'mae']
metrics_f=[<metric.r2_score.R2Score object at 0x7f704351df10>, <metric.rmse.RMSE object at 0x7f704351d9a0>, <metric.mae.MAE object at 0x7f704351de50>]
hidden_sizes=[50, 50]
model=SplitNN(
  (agg_model): MLP(
    (fc_layers): ModuleList(
      (0): Linear(in_features=100, out_features=100, bias=True)
      (1): Linear(in_features=100, out_features=1, bias=True)
    )
  )
  (local_models): ModuleList(
    (0): MLP(
      (fc_layers): ModuleList(
        (0): Linear(in_features=91, out_features=100, bias=True)
        (1): Linear(in_features=100, out_features=50, bias=True)
      )
    )
    (1): MLP(
      (fc_layers): ModuleList(
        (0): Linear(in_features=518, out_features=100, bias=True)
        (1): Linear(in_features=100, out_features=50, bias=True)
      )
    )
  )
)
writer=<torch.utils.tensorboard.writer.SummaryWriter object at 0x7f704351dac0>
dataset_type=real
drop_key=True
num_common_features=1
tree_radius=0.01
tree_leaf_size=1000
knn_k=30
grid_min=-10.0
grid_max=10.0
grid_width=1.5
sim_scaler=StandardScaler()
filter_top_k=None
link_n_jobs=1
psig_p=4
sim_leak_p=0.05
link_threshold_t=0.1
link_epsilon=0.1
n_hash_lsh=50
edit_distance_threshold=10
n_hash_func=50
collision_rate=0.01
qgram_q=4
link_delta=0.01
feature_wise_sim=False
blocking_method=knn_priv_str
center_threshold=0.5
n_clusters=100
local_hidden_sizes=[[100], [100]]
cut_dims=[50, 50]
agg_hidden_sizes=[100]
scale_analysis=<utils.privacy.SimNoiseScale object at 0x7f704352c880>
data1_shape=(349270, 91)
data2_shape=(63147, 519)
Epoch 1: Loss:            : Train 0.0142, Val 0.0088, Test 0.0084
          R2_Score         : Train -0.1005, Val 0.3214, Test 0.3267
          RMSE             : Train 10.5926, Val 8.3310, Test 8.1497
          MAE              : Train 7.2341, Val 5.7163, Test 5.6530
Best:
          R2_Score         : Train -0.1005, Val 0.3214, Test 0.3267
          RMSE             : Train 10.5926, Val 8.3310, Test 8.1497
          MAE              : Train 7.2341, Val 5.7163, Test 5.6530
Epoch 2: Loss:            : Train 0.0085, Val 0.0086, Test 0.0083
          R2_Score         : Train 0.3430, Val 0.3339, Test 0.3362
          RMSE             : Train 8.1844, Val 8.2540, Test 8.0915
          MAE              : Train 5.6735, Val 5.7607, Test 5.7026
Best:
          R2_Score         : Train 0.3430, Val 0.3339, Test 0.3362
          RMSE             : Train 8.1844, Val 8.2540, Test 8.0915
          MAE              : Train 5.6735, Val 5.7607, Test 5.7026
Epoch 3: Loss:            : Train 0.0083, Val 0.0084, Test 0.0081
          R2_Score         : Train 0.3581, Val 0.3476, Test 0.3519
          RMSE             : Train 8.0899, Val 8.1686, Test 7.9954
          MAE              : Train 5.5923, Val 5.6279, Test 5.5575
Best:
          R2_Score         : Train 0.3581, Val 0.3476, Test 0.3519
          RMSE             : Train 8.0899, Val 8.1686, Test 7.9954
          MAE              : Train 5.5923, Val 5.6279, Test 5.5575
Epoch 4: Loss:            : Train 0.0081, Val 0.0084, Test 0.0081
          R2_Score         : Train 0.3682, Val 0.3487, Test 0.3489
          RMSE             : Train 8.0261, Val 8.1618, Test 8.0139
          MAE              : Train 5.5423, Val 5.5795, Test 5.5176
Best:
          R2_Score         : Train 0.3682, Val 0.3487, Test 0.3489
          RMSE             : Train 8.0261, Val 8.1618, Test 8.0139
          MAE              : Train 5.5423, Val 5.5795, Test 5.5176
Epoch 5: Loss:            : Train 0.0080, Val 0.0083, Test 0.0080
          R2_Score         : Train 0.3760, Val 0.3538, Test 0.3567
          RMSE             : Train 7.9765, Val 8.1295, Test 7.9661
          MAE              : Train 5.5050, Val 5.5573, Test 5.4947
Best:
          R2_Score         : Train 0.3760, Val 0.3538, Test 0.3567
          RMSE             : Train 7.9765, Val 8.1295, Test 7.9661
          MAE              : Train 5.5050, Val 5.5573, Test 5.4947
Epoch 6: Loss:            : Train 0.0080, Val 0.0083, Test 0.0080
          R2_Score         : Train 0.3815, Val 0.3564, Test 0.3550
          RMSE             : Train 7.9408, Val 8.1134, Test 7.9763
          MAE              : Train 5.4822, Val 5.5409, Test 5.4865
Best:
          R2_Score         : Train 0.3815, Val 0.3564, Test 0.3550
          RMSE             : Train 7.9408, Val 8.1134, Test 7.9763
          MAE              : Train 5.4822, Val 5.5409, Test 5.4865
Epoch 7: Loss:            : Train 0.0079, Val 0.0083, Test 0.0080
          R2_Score         : Train 0.3876, Val 0.3569, Test 0.3551
          RMSE             : Train 7.9019, Val 8.1106, Test 7.9756
          MAE              : Train 5.4553, Val 5.5611, Test 5.5050
Best:
          R2_Score         : Train 0.3876, Val 0.3569, Test 0.3551
          RMSE             : Train 7.9019, Val 8.1106, Test 7.9756
          MAE              : Train 5.4553, Val 5.5611, Test 5.5050
Epoch 8: Loss:            : Train 0.0078, Val 0.0083, Test 0.0081
          R2_Score         : Train 0.3934, Val 0.3540, Test 0.3492
          RMSE             : Train 7.8645, Val 8.1288, Test 8.0124
          MAE              : Train 5.4272, Val 5.6115, Test 5.5577
Best:
          R2_Score         : Train 0.3876, Val 0.3569, Test 0.3551
          RMSE             : Train 7.9019, Val 8.1106, Test 7.9756
          MAE              : Train 5.4553, Val 5.5611, Test 5.5050
Epoch 9: Loss:            : Train 0.0078, Val 0.0083, Test 0.0080
          R2_Score         : Train 0.3974, Val 0.3594, Test 0.3539
          RMSE             : Train 7.8382, Val 8.0945, Test 7.9830
          MAE              : Train 5.4107, Val 5.5720, Test 5.5180
Best:
          R2_Score         : Train 0.3974, Val 0.3594, Test 0.3539
          RMSE             : Train 7.8382, Val 8.0945, Test 7.9830
          MAE              : Train 5.4107, Val 5.5720, Test 5.5180
Epoch 10: Loss:            : Train 0.0077, Val 0.0083, Test 0.0081
          R2_Score         : Train 0.4016, Val 0.3574, Test 0.3526
          RMSE             : Train 7.8109, Val 8.1071, Test 7.9912
          MAE              : Train 5.3923, Val 5.5096, Test 5.4462
Best:
          R2_Score         : Train 0.3974, Val 0.3594, Test 0.3539
          RMSE             : Train 7.8382, Val 8.0945, Test 7.9830
          MAE              : Train 5.4107, Val 5.5720, Test 5.5180
Epoch 11: Loss:            : Train 0.0076, Val 0.0084, Test 0.0082
          R2_Score         : Train 0.4060, Val 0.3492, Test 0.3421
          RMSE             : Train 7.7823, Val 8.1588, Test 8.0560
          MAE              : Train 5.3713, Val 5.5966, Test 5.5335
Best:
          R2_Score         : Train 0.3974, Val 0.3594, Test 0.3539
          RMSE             : Train 7.8382, Val 8.0945, Test 7.9830
          MAE              : Train 5.4107, Val 5.5720, Test 5.5180
Epoch 12: Loss:            : Train 0.0076, Val 0.0083, Test 0.0080
          R2_Score         : Train 0.4090, Val 0.3612, Test 0.3538
          RMSE             : Train 7.7625, Val 8.0830, Test 7.9841
          MAE              : Train 5.3619, Val 5.4953, Test 5.4460
Best:
          R2_Score         : Train 0.4090, Val 0.3612, Test 0.3538
          RMSE             : Train 7.7625, Val 8.0830, Test 7.9841
          MAE              : Train 5.3619, Val 5.4953, Test 5.4460
Epoch 13: Loss:            : Train 0.0076, Val 0.0083, Test 0.0081
          R2_Score         : Train 0.4130, Val 0.3585, Test 0.3534
          RMSE             : Train 7.7359, Val 8.1004, Test 7.9864
          MAE              : Train 5.3466, Val 5.5372, Test 5.4756
Best:
          R2_Score         : Train 0.4090, Val 0.3612, Test 0.3538
          RMSE             : Train 7.7625, Val 8.0830, Test 7.9841
          MAE              : Train 5.3619, Val 5.4953, Test 5.4460
Epoch 14: Loss:            : Train 0.0075, Val 0.0083, Test 0.0081
          R2_Score         : Train 0.4163, Val 0.3572, Test 0.3518
          RMSE             : Train 7.7144, Val 8.1082, Test 7.9961
          MAE              : Train 5.3317, Val 5.6027, Test 5.5478
Best:
          R2_Score         : Train 0.4090, Val 0.3612, Test 0.3538
          RMSE             : Train 7.7625, Val 8.0830, Test 7.9841
          MAE              : Train 5.3619, Val 5.4953, Test 5.4460
Epoch 15: Loss:            : Train 0.0075, Val 0.0083, Test 0.0081
          R2_Score         : Train 0.4194, Val 0.3558, Test 0.3468
          RMSE             : Train 7.6937, Val 8.1175, Test 8.0271
          MAE              : Train 5.3204, Val 5.5313, Test 5.4743
Best:
          R2_Score         : Train 0.4090, Val 0.3612, Test 0.3538
          RMSE             : Train 7.7625, Val 8.0830, Test 7.9841
          MAE              : Train 5.3619, Val 5.4953, Test 5.4460
Epoch 16: Loss:            : Train 0.0074, Val 0.0083, Test 0.0080
          R2_Score         : Train 0.4216, Val 0.3579, Test 0.3569
          RMSE             : Train 7.6792, Val 8.1042, Test 7.9647
          MAE              : Train 5.3093, Val 5.4859, Test 5.4256
Best:
          R2_Score         : Train 0.4090, Val 0.3612, Test 0.3538
          RMSE             : Train 7.7625, Val 8.0830, Test 7.9841
          MAE              : Train 5.3619, Val 5.4953, Test 5.4460
Epoch 17: Loss:            : Train 0.0074, Val 0.0084, Test 0.0082
          R2_Score         : Train 0.4249, Val 0.3517, Test 0.3392
          RMSE             : Train 7.6571, Val 8.1429, Test 8.0735
          MAE              : Train 5.2985, Val 5.6165, Test 5.5716
Best:
          R2_Score         : Train 0.4090, Val 0.3612, Test 0.3538
          RMSE             : Train 7.7625, Val 8.0830, Test 7.9841
          MAE              : Train 5.3619, Val 5.4953, Test 5.4460
Epoch 18: Loss:            : Train 0.0074, Val 0.0083, Test 0.0081
          R2_Score         : Train 0.4275, Val 0.3570, Test 0.3517
          RMSE             : Train 7.6399, Val 8.1099, Test 7.9966
          MAE              : Train 5.2885, Val 5.4711, Test 5.4137
Best:
          R2_Score         : Train 0.4090, Val 0.3612, Test 0.3538
          RMSE             : Train 7.7625, Val 8.0830, Test 7.9841
          MAE              : Train 5.3619, Val 5.4953, Test 5.4460
Epoch 19: Loss:            : Train 0.0073, Val 0.0084, Test 0.0081
          R2_Score         : Train 0.4307, Val 0.3509, Test 0.3461
          RMSE             : Train 7.6183, Val 8.1483, Test 8.0315
          MAE              : Train 5.2786, Val 5.6640, Test 5.6064
Best:
          R2_Score         : Train 0.4090, Val 0.3612, Test 0.3538
          RMSE             : Train 7.7625, Val 8.0830, Test 7.9841
          MAE              : Train 5.3619, Val 5.4953, Test 5.4460
Epoch 20: Loss:            : Train 0.0073, Val 0.0083, Test 0.0081
          R2_Score         : Train 0.4323, Val 0.3548, Test 0.3507
          RMSE             : Train 7.6079, Val 8.1233, Test 8.0027
          MAE              : Train 5.2670, Val 5.4887, Test 5.4262
Best:
          R2_Score         : Train 0.4090, Val 0.3612, Test 0.3538
          RMSE             : Train 7.7625, Val 8.0830, Test 7.9841
          MAE              : Train 5.3619, Val 5.4953, Test 5.4460
Epoch 21: Loss:            : Train 0.0073, Val 0.0085, Test 0.0082
          R2_Score         : Train 0.4348, Val 0.3436, Test 0.3375
          RMSE             : Train 7.5910, Val 8.1938, Test 8.0838
          MAE              : Train 5.2601, Val 5.5221, Test 5.4680
Best:
          R2_Score         : Train 0.4090, Val 0.3612, Test 0.3538
          RMSE             : Train 7.7625, Val 8.0830, Test 7.9841
          MAE              : Train 5.3619, Val 5.4953, Test 5.4460
Epoch 22: Loss:            : Train 0.0073, Val 0.0084, Test 0.0081
          R2_Score         : Train 0.4365, Val 0.3515, Test 0.3489
          RMSE             : Train 7.5797, Val 8.1440, Test 8.0137
          MAE              : Train 5.2504, Val 5.4250, Test 5.3666
Best:
          R2_Score         : Train 0.4090, Val 0.3612, Test 0.3538
          RMSE             : Train 7.7625, Val 8.0830, Test 7.9841
          MAE              : Train 5.3619, Val 5.4953, Test 5.4460
Epoch 23: Loss:            : Train 0.0072, Val 0.0085, Test 0.0083
          R2_Score         : Train 0.4391, Val 0.3450, Test 0.3343
          RMSE             : Train 7.5625, Val 8.1851, Test 8.1034
          MAE              : Train 5.2441, Val 5.5481, Test 5.4991
Best:
          R2_Score         : Train 0.4090, Val 0.3612, Test 0.3538
          RMSE             : Train 7.7625, Val 8.0830, Test 7.9841
          MAE              : Train 5.3619, Val 5.4953, Test 5.4460
Epoch 24: Loss:            : Train 0.0072, Val 0.0084, Test 0.0082
          R2_Score         : Train 0.4425, Val 0.3459, Test 0.3433
          RMSE             : Train 7.5394, Val 8.1794, Test 8.0481
          MAE              : Train 5.2327, Val 5.6523, Test 5.5936
Best:
          R2_Score         : Train 0.4090, Val 0.3612, Test 0.3538
          RMSE             : Train 7.7625, Val 8.0830, Test 7.9841
          MAE              : Train 5.3619, Val 5.4953, Test 5.4460
Epoch 25: Loss:            : Train 0.0072, Val 0.0084, Test 0.0081
          R2_Score         : Train 0.4435, Val 0.3524, Test 0.3509
          RMSE             : Train 7.5325, Val 8.1387, Test 8.0018
          MAE              : Train 5.2275, Val 5.5364, Test 5.4693
Best:
          R2_Score         : Train 0.4090, Val 0.3612, Test 0.3538
          RMSE             : Train 7.7625, Val 8.0830, Test 7.9841
          MAE              : Train 5.3619, Val 5.4953, Test 5.4460
Epoch 26: Loss:            : Train 0.0071, Val 0.0086, Test 0.0084
          R2_Score         : Train 0.4451, Val 0.3352, Test 0.3222
          RMSE             : Train 7.5214, Val 8.2459, Test 8.1768
          MAE              : Train 5.2218, Val 5.6671, Test 5.6257
Best:
          R2_Score         : Train 0.4090, Val 0.3612, Test 0.3538
          RMSE             : Train 7.7625, Val 8.0830, Test 7.9841
          MAE              : Train 5.3619, Val 5.4953, Test 5.4460
Epoch 27: Loss:            : Train 0.0071, Val 0.0088, Test 0.0086
          R2_Score         : Train 0.4481, Val 0.3222, Test 0.3070
          RMSE             : Train 7.5015, Val 8.3265, Test 8.2678
          MAE              : Train 5.2108, Val 5.5335, Test 5.4810
Best:
          R2_Score         : Train 0.4090, Val 0.3612, Test 0.3538
          RMSE             : Train 7.7625, Val 8.0830, Test 7.9841
          MAE              : Train 5.3619, Val 5.4953, Test 5.4460
Epoch 28: Loss:            : Train 0.0071, Val 0.0086, Test 0.0084
          R2_Score         : Train 0.4503, Val 0.3351, Test 0.3283
          RMSE             : Train 7.4863, Val 8.2469, Test 8.1400
          MAE              : Train 5.2037, Val 5.5852, Test 5.5200
Best:
          R2_Score         : Train 0.4090, Val 0.3612, Test 0.3538
          RMSE             : Train 7.7625, Val 8.0830, Test 7.9841
          MAE              : Train 5.3619, Val 5.4953, Test 5.4460
Epoch 29: Loss:            : Train 0.0070, Val 0.0084, Test 0.0082
          R2_Score         : Train 0.4539, Val 0.3497, Test 0.3443
          RMSE             : Train 7.4616, Val 8.1557, Test 8.0422
          MAE              : Train 5.1915, Val 5.4889, Test 5.4248
Best:
          R2_Score         : Train 0.4090, Val 0.3612, Test 0.3538
          RMSE             : Train 7.7625, Val 8.0830, Test 7.9841
          MAE              : Train 5.3619, Val 5.4953, Test 5.4460
Epoch 30: Loss:            : Train 0.0070, Val 0.0085, Test 0.0083
          R2_Score         : Train 0.4550, Val 0.3391, Test 0.3354
          RMSE             : Train 7.4544, Val 8.2215, Test 8.0965
          MAE              : Train 5.1847, Val 5.5326, Test 5.4585
Best:
          R2_Score         : Train 0.4090, Val 0.3612, Test 0.3538
          RMSE             : Train 7.7625, Val 8.0830, Test 7.9841
          MAE              : Train 5.3619, Val 5.4953, Test 5.4460
Epoch 31: Loss:            : Train 0.0070, Val 0.0085, Test 0.0083
          R2_Score         : Train 0.4577, Val 0.3388, Test 0.3359
          RMSE             : Train 7.4357, Val 8.2237, Test 8.0938
          MAE              : Train 5.1753, Val 5.5249, Test 5.4506
Best:
          R2_Score         : Train 0.4090, Val 0.3612, Test 0.3538
          RMSE             : Train 7.7625, Val 8.0830, Test 7.9841
          MAE              : Train 5.3619, Val 5.4953, Test 5.4460
Epoch 32: Loss:            : Train 0.0070, Val 0.0086, Test 0.0084
          R2_Score         : Train 0.4584, Val 0.3346, Test 0.3240
          RMSE             : Train 7.4313, Val 8.2495, Test 8.1660
          MAE              : Train 5.1725, Val 5.6078, Test 5.5513
Best:
          R2_Score         : Train 0.4090, Val 0.3612, Test 0.3538
          RMSE             : Train 7.7625, Val 8.0830, Test 7.9841
          MAE              : Train 5.3619, Val 5.4953, Test 5.4460
Epoch 33: Loss:            : Train 0.0069, Val 0.0087, Test 0.0084
          R2_Score         : Train 0.4617, Val 0.3283, Test 0.3247
          RMSE             : Train 7.4083, Val 8.2887, Test 8.1615
          MAE              : Train 5.1650, Val 5.6145, Test 5.5411
Best:
          R2_Score         : Train 0.4090, Val 0.3612, Test 0.3538
          RMSE             : Train 7.7625, Val 8.0830, Test 7.9841
          MAE              : Train 5.3619, Val 5.4953, Test 5.4460
Epoch 34: Loss:            : Train 0.0069, Val 0.0086, Test 0.0084
          R2_Score         : Train 0.4644, Val 0.3307, Test 0.3258
          RMSE             : Train 7.3895, Val 8.2738, Test 8.1547
          MAE              : Train 5.1517, Val 5.5888, Test 5.5184
Best:
          R2_Score         : Train 0.4090, Val 0.3612, Test 0.3538
          RMSE             : Train 7.7625, Val 8.0830, Test 7.9841
          MAE              : Train 5.3619, Val 5.4953, Test 5.4460
Epoch 35: Loss:            : Train 0.0069, Val 0.0090, Test 0.0088
          R2_Score         : Train 0.4669, Val 0.3038, Test 0.2914
          RMSE             : Train 7.3723, Val 8.4384, Test 8.3603
          MAE              : Train 5.1431, Val 5.8436, Test 5.7869
Best:
          R2_Score         : Train 0.4090, Val 0.3612, Test 0.3538
          RMSE             : Train 7.7625, Val 8.0830, Test 7.9841
          MAE              : Train 5.3619, Val 5.4953, Test 5.4460
Epoch 36: Loss:            : Train 0.0068, Val 0.0086, Test 0.0083
          R2_Score         : Train 0.4679, Val 0.3325, Test 0.3303
          RMSE             : Train 7.3656, Val 8.2628, Test 8.1278
          MAE              : Train 5.1373, Val 5.5271, Test 5.4531
Best:
          R2_Score         : Train 0.4090, Val 0.3612, Test 0.3538
          RMSE             : Train 7.7625, Val 8.0830, Test 7.9841
          MAE              : Train 5.3619, Val 5.4953, Test 5.4460
Epoch 37: Loss:            : Train 0.0068, Val 0.0086, Test 0.0084
          R2_Score         : Train 0.4708, Val 0.3302, Test 0.3246
          RMSE             : Train 7.3451, Val 8.2769, Test 8.1622
          MAE              : Train 5.1287, Val 5.5331, Test 5.4634
Best:
          R2_Score         : Train 0.4090, Val 0.3612, Test 0.3538
          RMSE             : Train 7.7625, Val 8.0830, Test 7.9841
          MAE              : Train 5.3619, Val 5.4953, Test 5.4460
Epoch 38: Loss:            : Train 0.0068, Val 0.0086, Test 0.0084
          R2_Score         : Train 0.4727, Val 0.3365, Test 0.3276
          RMSE             : Train 7.3323, Val 8.2377, Test 8.1442
          MAE              : Train 5.1190, Val 5.5056, Test 5.4501
Best:
          R2_Score         : Train 0.4090, Val 0.3612, Test 0.3538
          RMSE             : Train 7.7625, Val 8.0830, Test 7.9841
          MAE              : Train 5.3619, Val 5.4953, Test 5.4460
Epoch 39: Loss:            : Train 0.0068, Val 0.0087, Test 0.0085
          R2_Score         : Train 0.4748, Val 0.3243, Test 0.3182
          RMSE             : Train 7.3177, Val 8.3130, Test 8.2008
          MAE              : Train 5.1144, Val 5.4970, Test 5.4296
Best:
          R2_Score         : Train 0.4090, Val 0.3612, Test 0.3538
          RMSE             : Train 7.7625, Val 8.0830, Test 7.9841
          MAE              : Train 5.3619, Val 5.4953, Test 5.4460
Epoch 40: Loss:            : Train 0.0067, Val 0.0086, Test 0.0083
          R2_Score         : Train 0.4757, Val 0.3322, Test 0.3316
          RMSE             : Train 7.3112, Val 8.2644, Test 8.1196
          MAE              : Train 5.1098, Val 5.5206, Test 5.4453
Best:
          R2_Score         : Train 0.4090, Val 0.3612, Test 0.3538
          RMSE             : Train 7.7625, Val 8.0830, Test 7.9841
          MAE              : Train 5.3619, Val 5.4953, Test 5.4460
Epoch 41: Loss:            : Train 0.0067, Val 0.0088, Test 0.0087
          R2_Score         : Train 0.4782, Val 0.3156, Test 0.3032
          RMSE             : Train 7.2942, Val 8.3669, Test 8.2905
          MAE              : Train 5.1005, Val 5.7364, Test 5.6798
Best:
          R2_Score         : Train 0.4090, Val 0.3612, Test 0.3538
          RMSE             : Train 7.7625, Val 8.0830, Test 7.9841
          MAE              : Train 5.3619, Val 5.4953, Test 5.4460
Epoch 42: Loss:            : Train 0.0067, Val 0.0088, Test 0.0085
          R2_Score         : Train 0.4798, Val 0.3205, Test 0.3150
          RMSE             : Train 7.2825, Val 8.3367, Test 8.2201
          MAE              : Train 5.0928, Val 5.6096, Test 5.5498
Best:
          R2_Score         : Train 0.4090, Val 0.3612, Test 0.3538
          RMSE             : Train 7.7625, Val 8.0830, Test 7.9841
          MAE              : Train 5.3619, Val 5.4953, Test 5.4460
Epoch 43: Loss:            : Train 0.0067, Val 0.0089, Test 0.0085
          R2_Score         : Train 0.4815, Val 0.3131, Test 0.3186
          RMSE             : Train 7.2710, Val 8.3819, Test 8.1981
          MAE              : Train 5.0927, Val 5.5487, Test 5.4603
Best:
          R2_Score         : Train 0.4090, Val 0.3612, Test 0.3538
          RMSE             : Train 7.7625, Val 8.0830, Test 7.9841
          MAE              : Train 5.3619, Val 5.4953, Test 5.4460
Epoch 44: Loss:            : Train 0.0067, Val 0.0088, Test 0.0085
          R2_Score         : Train 0.4830, Val 0.3202, Test 0.3163
          RMSE             : Train 7.2600, Val 8.3387, Test 8.2120
          MAE              : Train 5.0806, Val 5.6175, Test 5.5514
Best:
          R2_Score         : Train 0.4090, Val 0.3612, Test 0.3538
          RMSE             : Train 7.7625, Val 8.0830, Test 7.9841
          MAE              : Train 5.3619, Val 5.4953, Test 5.4460
Epoch 45: Loss:            : Train 0.0066, Val 0.0088, Test 0.0086
          R2_Score         : Train 0.4853, Val 0.3148, Test 0.3089
          RMSE             : Train 7.2439, Val 8.3715, Test 8.2566
          MAE              : Train 5.0771, Val 5.5385, Test 5.4701
Best:
          R2_Score         : Train 0.4090, Val 0.3612, Test 0.3538
          RMSE             : Train 7.7625, Val 8.0830, Test 7.9841
          MAE              : Train 5.3619, Val 5.4953, Test 5.4460
Epoch 46: Loss:            : Train 0.0066, Val 0.0091, Test 0.0089
          R2_Score         : Train 0.4866, Val 0.2933, Test 0.2871
          RMSE             : Train 7.2347, Val 8.5017, Test 8.3859
          MAE              : Train 5.0691, Val 5.7119, Test 5.6419
Best:
          R2_Score         : Train 0.4090, Val 0.3612, Test 0.3538
          RMSE             : Train 7.7625, Val 8.0830, Test 7.9841
          MAE              : Train 5.3619, Val 5.4953, Test 5.4460
Epoch 47: Loss:            : Train 0.0066, Val 0.0089, Test 0.0087
          R2_Score         : Train 0.4881, Val 0.3142, Test 0.3013
          RMSE             : Train 7.2243, Val 8.3750, Test 8.3020
          MAE              : Train 5.0594, Val 5.5403, Test 5.4856
Best:
          R2_Score         : Train 0.4090, Val 0.3612, Test 0.3538
          RMSE             : Train 7.7625, Val 8.0830, Test 7.9841
          MAE              : Train 5.3619, Val 5.4953, Test 5.4460
Epoch 48: Loss:            : Train 0.0066, Val 0.0091, Test 0.0089
          R2_Score         : Train 0.4907, Val 0.2987, Test 0.2887
          RMSE             : Train 7.2062, Val 8.4694, Test 8.3761
          MAE              : Train 5.0517, Val 5.8252, Test 5.7637
Best:
          R2_Score         : Train 0.4090, Val 0.3612, Test 0.3538
          RMSE             : Train 7.7625, Val 8.0830, Test 7.9841
          MAE              : Train 5.3619, Val 5.4953, Test 5.4460
Epoch 49: Loss:            : Train 0.0065, Val 0.0087, Test 0.0085
          R2_Score         : Train 0.4910, Val 0.3240, Test 0.3139
          RMSE             : Train 7.2038, Val 8.3152, Test 8.2265
          MAE              : Train 5.0496, Val 5.5451, Test 5.4817
Best:
          R2_Score         : Train 0.4090, Val 0.3612, Test 0.3538
          RMSE             : Train 7.7625, Val 8.0830, Test 7.9841
          MAE              : Train 5.3619, Val 5.4953, Test 5.4460
Epoch 50: Loss:            : Train 0.0065, Val 0.0088, Test 0.0085
          R2_Score         : Train 0.4927, Val 0.3201, Test 0.3194
          RMSE             : Train 7.1921, Val 8.3392, Test 8.1934
          MAE              : Train 5.0412, Val 5.6203, Test 5.5364
Best:
          R2_Score         : Train 0.4090, Val 0.3612, Test 0.3538
          RMSE             : Train 7.7625, Val 8.0830, Test 7.9841
          MAE              : Train 5.3619, Val 5.4953, Test 5.4460
Training time (sec): 5049
