Loading MSD from data/song/msd_clean.csv
Loading FMA from data/song/fma_clean.csv
Current MSD columns Index(['0', '1', '2', '3', '4', '5', '6', '7', '8', '9', '10', '11', '12',
       '13', '14', '15', '16', '17', '18', '19', '20', '21', '22', '23', '24',
       '25', '26', '27', '28', '29', '30', '31', '32', '33', '34', '35', '36',
       '37', '38', '39', '40', '41', '42', '43', '44', '45', '46', '47', '48',
       '49', '50', '51', '52', '53', '54', '55', '56', '57', '58', '59', '60',
       '61', '62', '63', '64', '65', '66', '67', '68', '69', '70', '71', '72',
       '73', '74', '75', '76', '77', '78', '79', '80', '81', '82', '83', '84',
       '85', '86', '87', '88', '89', 'title'],
      dtype='object')
Current FMA columns Index(['title', '0', '1', '2', '3', '4', '5', '6', '7', '8',
       ...
       '508', '509', '510', '511', '512', '513', '514', '515', '516', '517'],
      dtype='object', length=519)
Loading data from cache
Done
Calculating noise scale
Standard variance of sim_score: 383.00
Adding noise of scale 0.6100763387378788 to sim_scores
Adding noise of scale 0.6100763387378788 to sim_scores
Adding noise of scale 0.6100763387378788 to sim_scores
Preparing time (sec): 90
Initializing dataloader
Done
Prepare for training
Start training
================================================================================
                                    Kernel Shape Output Shape  Params  \
Layer                                                                   
0_local_models.0.fc_layers.Linear_0    [91, 100]   [128, 100]    9200   
1_local_models.0.fc_layers.Linear_1    [100, 50]    [128, 50]    5050   
2_local_models.1.fc_layers.Linear_0   [518, 100]   [128, 100]   51900   
3_local_models.1.fc_layers.Linear_1    [100, 50]    [128, 50]    5050   
4_agg_model.fc_layers.Linear_0        [100, 100]   [128, 100]   10100   
5_agg_model.fc_layers.Linear_1          [100, 1]     [128, 1]     101   

                                     Mult-Adds  
Layer                                           
0_local_models.0.fc_layers.Linear_0       9100  
1_local_models.0.fc_layers.Linear_1       5000  
2_local_models.1.fc_layers.Linear_0      51800  
3_local_models.1.fc_layers.Linear_1       5000  
4_agg_model.fc_layers.Linear_0           10000  
5_agg_model.fc_layers.Linear_1             100  
--------------------------------------------------------------------------------
                      Totals
Total params           81401
Trainable params       81401
Non-trainable params       0
Mult-Adds              81000
================================================================================
n_classes=2
task=regression
model_name=song_featuresim_2022-01-31-09-47-40
sche_threshold=0.0001
sche_patience=10
sche_factor=0.1
use_scheduler=False
num_workers=4
device=cuda:7
test_batch_size=4096
train_batch_size=128
learning_rate=0.001
weight_decay=1e-05
num_epochs=50
model_save_path=ckp/song_featuresim_2022-01-31-09-47-40.pth
test_rate=0.2
val_rate=0.1
multiprocess_context=fork
metrics=['r2_score', 'rmse', 'mae']
metrics_f=[<metric.r2_score.R2Score object at 0x7f5fe9039c40>, <metric.rmse.RMSE object at 0x7f5fe9039e50>, <metric.mae.MAE object at 0x7f5fe9039f70>]
hidden_sizes=[50, 50]
model=SplitNN(
  (agg_model): MLP(
    (fc_layers): ModuleList(
      (0): Linear(in_features=100, out_features=100, bias=True)
      (1): Linear(in_features=100, out_features=1, bias=True)
    )
  )
  (local_models): ModuleList(
    (0): MLP(
      (fc_layers): ModuleList(
        (0): Linear(in_features=91, out_features=100, bias=True)
        (1): Linear(in_features=100, out_features=50, bias=True)
      )
    )
    (1): MLP(
      (fc_layers): ModuleList(
        (0): Linear(in_features=518, out_features=100, bias=True)
        (1): Linear(in_features=100, out_features=50, bias=True)
      )
    )
  )
)
writer=<torch.utils.tensorboard.writer.SummaryWriter object at 0x7f5fe9039fd0>
dataset_type=real
drop_key=True
num_common_features=1
tree_radius=0.01
tree_leaf_size=1000
knn_k=30
grid_min=-10.0
grid_max=10.0
grid_width=1.5
sim_scaler=StandardScaler()
filter_top_k=None
link_n_jobs=1
psig_p=4
sim_leak_p=0.002
link_threshold_t=0.1
link_epsilon=0.1
n_hash_lsh=50
edit_distance_threshold=10
n_hash_func=50
collision_rate=0.01
qgram_q=4
link_delta=0.01
feature_wise_sim=False
blocking_method=knn_priv_str
center_threshold=0.5
n_clusters=100
local_hidden_sizes=[[100], [100]]
cut_dims=[50, 50]
agg_hidden_sizes=[100]
scale_analysis=<utils.privacy.SimNoiseScale object at 0x7f5fe90488b0>
data1_shape=(349270, 91)
data2_shape=(63147, 519)
Epoch 1: Loss:            : Train 0.0143, Val 0.0088, Test 0.0084
          R2_Score         : Train -0.1086, Val 0.3201, Test 0.3248
          RMSE             : Train 10.6314, Val 8.3393, Test 8.1610
          MAE              : Train 7.2658, Val 5.8420, Test 5.7821
Best:
          R2_Score         : Train -0.1086, Val 0.3201, Test 0.3248
          RMSE             : Train 10.6314, Val 8.3393, Test 8.1610
          MAE              : Train 7.2658, Val 5.8420, Test 5.7821
Epoch 2: Loss:            : Train 0.0085, Val 0.0086, Test 0.0082
          R2_Score         : Train 0.3410, Val 0.3375, Test 0.3428
          RMSE             : Train 8.1971, Val 8.2316, Test 8.0513
          MAE              : Train 5.6770, Val 5.6724, Test 5.6107
Best:
          R2_Score         : Train 0.3410, Val 0.3375, Test 0.3428
          RMSE             : Train 8.1971, Val 8.2316, Test 8.0513
          MAE              : Train 5.6770, Val 5.6724, Test 5.6107
Epoch 3: Loss:            : Train 0.0083, Val 0.0084, Test 0.0081
          R2_Score         : Train 0.3565, Val 0.3458, Test 0.3489
          RMSE             : Train 8.1002, Val 8.1797, Test 8.0142
          MAE              : Train 5.5946, Val 5.5927, Test 5.5392
Best:
          R2_Score         : Train 0.3565, Val 0.3458, Test 0.3489
          RMSE             : Train 8.1002, Val 8.1797, Test 8.0142
          MAE              : Train 5.5946, Val 5.5927, Test 5.5392
Epoch 4: Loss:            : Train 0.0082, Val 0.0084, Test 0.0080
          R2_Score         : Train 0.3662, Val 0.3531, Test 0.3548
          RMSE             : Train 8.0386, Val 8.1344, Test 7.9779
          MAE              : Train 5.5477, Val 5.5778, Test 5.5183
Best:
          R2_Score         : Train 0.3662, Val 0.3531, Test 0.3548
          RMSE             : Train 8.0386, Val 8.1344, Test 7.9779
          MAE              : Train 5.5477, Val 5.5778, Test 5.5183
Epoch 5: Loss:            : Train 0.0081, Val 0.0084, Test 0.0080
          R2_Score         : Train 0.3741, Val 0.3512, Test 0.3543
          RMSE             : Train 7.9881, Val 8.1461, Test 7.9806
          MAE              : Train 5.5102, Val 5.5376, Test 5.4717
Best:
          R2_Score         : Train 0.3662, Val 0.3531, Test 0.3548
          RMSE             : Train 8.0386, Val 8.1344, Test 7.9779
          MAE              : Train 5.5477, Val 5.5778, Test 5.5183
Epoch 6: Loss:            : Train 0.0080, Val 0.0083, Test 0.0080
          R2_Score         : Train 0.3804, Val 0.3562, Test 0.3569
          RMSE             : Train 7.9482, Val 8.1144, Test 7.9644
          MAE              : Train 5.4787, Val 5.5072, Test 5.4544
Best:
          R2_Score         : Train 0.3804, Val 0.3562, Test 0.3569
          RMSE             : Train 7.9482, Val 8.1144, Test 7.9644
          MAE              : Train 5.4787, Val 5.5072, Test 5.4544
Epoch 7: Loss:            : Train 0.0079, Val 0.0085, Test 0.0081
          R2_Score         : Train 0.3862, Val 0.3445, Test 0.3466
          RMSE             : Train 7.9107, Val 8.1878, Test 8.0283
          MAE              : Train 5.4539, Val 5.7627, Test 5.6920
Best:
          R2_Score         : Train 0.3804, Val 0.3562, Test 0.3569
          RMSE             : Train 7.9482, Val 8.1144, Test 7.9644
          MAE              : Train 5.4787, Val 5.5072, Test 5.4544
Epoch 8: Loss:            : Train 0.0078, Val 0.0083, Test 0.0080
          R2_Score         : Train 0.3906, Val 0.3571, Test 0.3554
          RMSE             : Train 7.8823, Val 8.1089, Test 7.9738
          MAE              : Train 5.4360, Val 5.4587, Test 5.4069
Best:
          R2_Score         : Train 0.3906, Val 0.3571, Test 0.3554
          RMSE             : Train 7.8823, Val 8.1089, Test 7.9738
          MAE              : Train 5.4360, Val 5.4587, Test 5.4069
Epoch 9: Loss:            : Train 0.0078, Val 0.0083, Test 0.0080
          R2_Score         : Train 0.3966, Val 0.3568, Test 0.3577
          RMSE             : Train 7.8436, Val 8.1109, Test 7.9599
          MAE              : Train 5.4102, Val 5.5485, Test 5.4955
Best:
          R2_Score         : Train 0.3906, Val 0.3571, Test 0.3554
          RMSE             : Train 7.8823, Val 8.1089, Test 7.9738
          MAE              : Train 5.4360, Val 5.4587, Test 5.4069
Epoch 10: Loss:            : Train 0.0077, Val 0.0083, Test 0.0080
          R2_Score         : Train 0.4003, Val 0.3576, Test 0.3563
          RMSE             : Train 7.8192, Val 8.1059, Test 7.9683
          MAE              : Train 5.3953, Val 5.5073, Test 5.4548
Best:
          R2_Score         : Train 0.4003, Val 0.3576, Test 0.3563
          RMSE             : Train 7.8192, Val 8.1059, Test 7.9683
          MAE              : Train 5.3953, Val 5.5073, Test 5.4548
Epoch 11: Loss:            : Train 0.0077, Val 0.0083, Test 0.0080
          R2_Score         : Train 0.4044, Val 0.3590, Test 0.3545
          RMSE             : Train 7.7925, Val 8.0970, Test 7.9793
          MAE              : Train 5.3815, Val 5.5030, Test 5.4511
Best:
          R2_Score         : Train 0.4044, Val 0.3590, Test 0.3545
          RMSE             : Train 7.7925, Val 8.0970, Test 7.9793
          MAE              : Train 5.3815, Val 5.5030, Test 5.4511
Epoch 12: Loss:            : Train 0.0076, Val 0.0083, Test 0.0081
          R2_Score         : Train 0.4081, Val 0.3542, Test 0.3500
          RMSE             : Train 7.7686, Val 8.1273, Test 8.0072
          MAE              : Train 5.3648, Val 5.5825, Test 5.5268
Best:
          R2_Score         : Train 0.4044, Val 0.3590, Test 0.3545
          RMSE             : Train 7.7925, Val 8.0970, Test 7.9793
          MAE              : Train 5.3815, Val 5.5030, Test 5.4511
Epoch 13: Loss:            : Train 0.0076, Val 0.0083, Test 0.0080
          R2_Score         : Train 0.4119, Val 0.3583, Test 0.3594
          RMSE             : Train 7.7437, Val 8.1014, Test 7.9494
          MAE              : Train 5.3477, Val 5.5152, Test 5.4514
Best:
          R2_Score         : Train 0.4044, Val 0.3590, Test 0.3545
          RMSE             : Train 7.7925, Val 8.0970, Test 7.9793
          MAE              : Train 5.3815, Val 5.5030, Test 5.4511
Epoch 14: Loss:            : Train 0.0075, Val 0.0083, Test 0.0081
          R2_Score         : Train 0.4158, Val 0.3558, Test 0.3497
          RMSE             : Train 7.7175, Val 8.1174, Test 8.0090
          MAE              : Train 5.3352, Val 5.4719, Test 5.4216
Best:
          R2_Score         : Train 0.4044, Val 0.3590, Test 0.3545
          RMSE             : Train 7.7925, Val 8.0970, Test 7.9793
          MAE              : Train 5.3815, Val 5.5030, Test 5.4511
Epoch 15: Loss:            : Train 0.0075, Val 0.0085, Test 0.0082
          R2_Score         : Train 0.4190, Val 0.3431, Test 0.3409
          RMSE             : Train 7.6967, Val 8.1967, Test 8.0632
          MAE              : Train 5.3221, Val 5.7470, Test 5.6843
Best:
          R2_Score         : Train 0.4044, Val 0.3590, Test 0.3545
          RMSE             : Train 7.7925, Val 8.0970, Test 7.9793
          MAE              : Train 5.3815, Val 5.5030, Test 5.4511
Epoch 16: Loss:            : Train 0.0074, Val 0.0084, Test 0.0081
          R2_Score         : Train 0.4222, Val 0.3520, Test 0.3477
          RMSE             : Train 7.6754, Val 8.1409, Test 8.0216
          MAE              : Train 5.3108, Val 5.5419, Test 5.4858
Best:
          R2_Score         : Train 0.4044, Val 0.3590, Test 0.3545
          RMSE             : Train 7.7925, Val 8.0970, Test 7.9793
          MAE              : Train 5.3815, Val 5.5030, Test 5.4511
Epoch 17: Loss:            : Train 0.0074, Val 0.0084, Test 0.0081
          R2_Score         : Train 0.4256, Val 0.3528, Test 0.3476
          RMSE             : Train 7.6528, Val 8.1363, Test 8.0219
          MAE              : Train 5.2992, Val 5.5777, Test 5.5295
Best:
          R2_Score         : Train 0.4044, Val 0.3590, Test 0.3545
          RMSE             : Train 7.7925, Val 8.0970, Test 7.9793
          MAE              : Train 5.3815, Val 5.5030, Test 5.4511
Epoch 18: Loss:            : Train 0.0074, Val 0.0084, Test 0.0082
          R2_Score         : Train 0.4284, Val 0.3512, Test 0.3418
          RMSE             : Train 7.6341, Val 8.1461, Test 8.0575
          MAE              : Train 5.2866, Val 5.4937, Test 5.4617
Best:
          R2_Score         : Train 0.4044, Val 0.3590, Test 0.3545
          RMSE             : Train 7.7925, Val 8.0970, Test 7.9793
          MAE              : Train 5.3815, Val 5.5030, Test 5.4511
Epoch 19: Loss:            : Train 0.0073, Val 0.0083, Test 0.0081
          R2_Score         : Train 0.4312, Val 0.3557, Test 0.3493
          RMSE             : Train 7.6152, Val 8.1181, Test 8.0117
          MAE              : Train 5.2736, Val 5.4514, Test 5.4132
Best:
          R2_Score         : Train 0.4044, Val 0.3590, Test 0.3545
          RMSE             : Train 7.7925, Val 8.0970, Test 7.9793
          MAE              : Train 5.3815, Val 5.5030, Test 5.4511
Epoch 20: Loss:            : Train 0.0073, Val 0.0084, Test 0.0082
          R2_Score         : Train 0.4337, Val 0.3497, Test 0.3455
          RMSE             : Train 7.5984, Val 8.1558, Test 8.0349
          MAE              : Train 5.2666, Val 5.4898, Test 5.4354
Best:
          R2_Score         : Train 0.4044, Val 0.3590, Test 0.3545
          RMSE             : Train 7.7925, Val 8.0970, Test 7.9793
          MAE              : Train 5.3815, Val 5.5030, Test 5.4511
Epoch 21: Loss:            : Train 0.0072, Val 0.0084, Test 0.0082
          R2_Score         : Train 0.4375, Val 0.3528, Test 0.3449
          RMSE             : Train 7.5727, Val 8.1360, Test 8.0387
          MAE              : Train 5.2529, Val 5.5135, Test 5.4747
Best:
          R2_Score         : Train 0.4044, Val 0.3590, Test 0.3545
          RMSE             : Train 7.7925, Val 8.0970, Test 7.9793
          MAE              : Train 5.3815, Val 5.5030, Test 5.4511
Epoch 22: Loss:            : Train 0.0072, Val 0.0084, Test 0.0082
          R2_Score         : Train 0.4402, Val 0.3485, Test 0.3385
          RMSE             : Train 7.5551, Val 8.1633, Test 8.0777
          MAE              : Train 5.2426, Val 5.5295, Test 5.4922
Best:
          R2_Score         : Train 0.4044, Val 0.3590, Test 0.3545
          RMSE             : Train 7.7925, Val 8.0970, Test 7.9793
          MAE              : Train 5.3815, Val 5.5030, Test 5.4511
Epoch 23: Loss:            : Train 0.0072, Val 0.0084, Test 0.0081
          R2_Score         : Train 0.4423, Val 0.3514, Test 0.3456
          RMSE             : Train 7.5405, Val 8.1447, Test 8.0342
          MAE              : Train 5.2329, Val 5.5063, Test 5.4719
Best:
          R2_Score         : Train 0.4044, Val 0.3590, Test 0.3545
          RMSE             : Train 7.7925, Val 8.0970, Test 7.9793
          MAE              : Train 5.3815, Val 5.5030, Test 5.4511
Epoch 24: Loss:            : Train 0.0071, Val 0.0085, Test 0.0083
          R2_Score         : Train 0.4444, Val 0.3387, Test 0.3306
          RMSE             : Train 7.5262, Val 8.2243, Test 8.1257
          MAE              : Train 5.2251, Val 5.5729, Test 5.5352
Best:
          R2_Score         : Train 0.4044, Val 0.3590, Test 0.3545
          RMSE             : Train 7.7925, Val 8.0970, Test 7.9793
          MAE              : Train 5.3815, Val 5.5030, Test 5.4511
Epoch 25: Loss:            : Train 0.0071, Val 0.0084, Test 0.0082
          R2_Score         : Train 0.4470, Val 0.3486, Test 0.3445
          RMSE             : Train 7.5087, Val 8.1625, Test 8.0409
          MAE              : Train 5.2167, Val 5.4816, Test 5.4408
Best:
          R2_Score         : Train 0.4044, Val 0.3590, Test 0.3545
          RMSE             : Train 7.7925, Val 8.0970, Test 7.9793
          MAE              : Train 5.3815, Val 5.5030, Test 5.4511
Epoch 26: Loss:            : Train 0.0071, Val 0.0085, Test 0.0083
          R2_Score         : Train 0.4497, Val 0.3456, Test 0.3364
          RMSE             : Train 7.4903, Val 8.1812, Test 8.0909
          MAE              : Train 5.2089, Val 5.5768, Test 5.5445
Best:
          R2_Score         : Train 0.4044, Val 0.3590, Test 0.3545
          RMSE             : Train 7.7925, Val 8.0970, Test 7.9793
          MAE              : Train 5.3815, Val 5.5030, Test 5.4511
Epoch 27: Loss:            : Train 0.0071, Val 0.0084, Test 0.0082
          R2_Score         : Train 0.4520, Val 0.3461, Test 0.3408
          RMSE             : Train 7.4750, Val 8.1780, Test 8.0637
          MAE              : Train 5.1986, Val 5.4560, Test 5.4190
Best:
          R2_Score         : Train 0.4044, Val 0.3590, Test 0.3545
          RMSE             : Train 7.7925, Val 8.0970, Test 7.9793
          MAE              : Train 5.3815, Val 5.5030, Test 5.4511
Epoch 28: Loss:            : Train 0.0070, Val 0.0087, Test 0.0085
          R2_Score         : Train 0.4540, Val 0.3275, Test 0.3182
          RMSE             : Train 7.4611, Val 8.2934, Test 8.2007
          MAE              : Train 5.1880, Val 5.5666, Test 5.5275
Best:
          R2_Score         : Train 0.4044, Val 0.3590, Test 0.3545
          RMSE             : Train 7.7925, Val 8.0970, Test 7.9793
          MAE              : Train 5.3815, Val 5.5030, Test 5.4511
Epoch 29: Loss:            : Train 0.0070, Val 0.0084, Test 0.0082
          R2_Score         : Train 0.4569, Val 0.3471, Test 0.3416
          RMSE             : Train 7.4416, Val 8.1721, Test 8.0587
          MAE              : Train 5.1790, Val 5.5004, Test 5.4557
Best:
          R2_Score         : Train 0.4044, Val 0.3590, Test 0.3545
          RMSE             : Train 7.7925, Val 8.0970, Test 7.9793
          MAE              : Train 5.3815, Val 5.5030, Test 5.4511
Epoch 30: Loss:            : Train 0.0069, Val 0.0086, Test 0.0084
          R2_Score         : Train 0.4601, Val 0.3336, Test 0.3250
          RMSE             : Train 7.4194, Val 8.2560, Test 8.1596
          MAE              : Train 5.1704, Val 5.6072, Test 5.5670
Best:
          R2_Score         : Train 0.4044, Val 0.3590, Test 0.3545
          RMSE             : Train 7.7925, Val 8.0970, Test 7.9793
          MAE              : Train 5.3815, Val 5.5030, Test 5.4511
Epoch 31: Loss:            : Train 0.0069, Val 0.0086, Test 0.0086
          R2_Score         : Train 0.4630, Val 0.3301, Test 0.3120
          RMSE             : Train 7.3996, Val 8.2778, Test 8.2377
          MAE              : Train 5.1617, Val 5.6001, Test 5.5744
Best:
          R2_Score         : Train 0.4044, Val 0.3590, Test 0.3545
          RMSE             : Train 7.7925, Val 8.0970, Test 7.9793
          MAE              : Train 5.3815, Val 5.5030, Test 5.4511
Epoch 32: Loss:            : Train 0.0069, Val 0.0086, Test 0.0085
          R2_Score         : Train 0.4653, Val 0.3343, Test 0.3207
          RMSE             : Train 7.3832, Val 8.2515, Test 8.1857
          MAE              : Train 5.1519, Val 5.5771, Test 5.5481
Best:
          R2_Score         : Train 0.4044, Val 0.3590, Test 0.3545
          RMSE             : Train 7.7925, Val 8.0970, Test 7.9793
          MAE              : Train 5.3815, Val 5.5030, Test 5.4511
Epoch 33: Loss:            : Train 0.0069, Val 0.0087, Test 0.0085
          R2_Score         : Train 0.4675, Val 0.3288, Test 0.3162
          RMSE             : Train 7.3680, Val 8.2858, Test 8.2127
          MAE              : Train 5.1424, Val 5.5385, Test 5.5075
Best:
          R2_Score         : Train 0.4044, Val 0.3590, Test 0.3545
          RMSE             : Train 7.7925, Val 8.0970, Test 7.9793
          MAE              : Train 5.3815, Val 5.5030, Test 5.4511
Epoch 34: Loss:            : Train 0.0068, Val 0.0087, Test 0.0085
          R2_Score         : Train 0.4703, Val 0.3295, Test 0.3209
          RMSE             : Train 7.3489, Val 8.2814, Test 8.1846
          MAE              : Train 5.1318, Val 5.5454, Test 5.5041
Best:
          R2_Score         : Train 0.4044, Val 0.3590, Test 0.3545
          RMSE             : Train 7.7925, Val 8.0970, Test 7.9793
          MAE              : Train 5.3815, Val 5.5030, Test 5.4511
Epoch 35: Loss:            : Train 0.0068, Val 0.0085, Test 0.0083
          R2_Score         : Train 0.4719, Val 0.3393, Test 0.3306
          RMSE             : Train 7.3379, Val 8.2203, Test 8.1261
          MAE              : Train 5.1236, Val 5.5019, Test 5.4629
Best:
          R2_Score         : Train 0.4044, Val 0.3590, Test 0.3545
          RMSE             : Train 7.7925, Val 8.0970, Test 7.9793
          MAE              : Train 5.3815, Val 5.5030, Test 5.4511
Epoch 36: Loss:            : Train 0.0068, Val 0.0086, Test 0.0083
          R2_Score         : Train 0.4749, Val 0.3321, Test 0.3294
          RMSE             : Train 7.3171, Val 8.2653, Test 8.1330
          MAE              : Train 5.1139, Val 5.5236, Test 5.4742
Best:
          R2_Score         : Train 0.4044, Val 0.3590, Test 0.3545
          RMSE             : Train 7.7925, Val 8.0970, Test 7.9793
          MAE              : Train 5.3815, Val 5.5030, Test 5.4511
Epoch 37: Loss:            : Train 0.0067, Val 0.0086, Test 0.0085
          R2_Score         : Train 0.4763, Val 0.3318, Test 0.3193
          RMSE             : Train 7.3068, Val 8.2668, Test 8.1940
          MAE              : Train 5.1105, Val 5.5204, Test 5.4917
Best:
          R2_Score         : Train 0.4044, Val 0.3590, Test 0.3545
          RMSE             : Train 7.7925, Val 8.0970, Test 7.9793
          MAE              : Train 5.3815, Val 5.5030, Test 5.4511
Epoch 38: Loss:            : Train 0.0067, Val 0.0086, Test 0.0085
          R2_Score         : Train 0.4792, Val 0.3312, Test 0.3180
          RMSE             : Train 7.2869, Val 8.2707, Test 8.2022
          MAE              : Train 5.0970, Val 5.5774, Test 5.5447
Best:
          R2_Score         : Train 0.4044, Val 0.3590, Test 0.3545
          RMSE             : Train 7.7925, Val 8.0970, Test 7.9793
          MAE              : Train 5.3815, Val 5.5030, Test 5.4511
Epoch 39: Loss:            : Train 0.0067, Val 0.0088, Test 0.0086
          R2_Score         : Train 0.4816, Val 0.3173, Test 0.3092
          RMSE             : Train 7.2702, Val 8.3563, Test 8.2549
          MAE              : Train 5.0896, Val 5.5061, Test 5.4731
Best:
          R2_Score         : Train 0.4044, Val 0.3590, Test 0.3545
          RMSE             : Train 7.7925, Val 8.0970, Test 7.9793
          MAE              : Train 5.3815, Val 5.5030, Test 5.4511
Epoch 40: Loss:            : Train 0.0066, Val 0.0087, Test 0.0085
          R2_Score         : Train 0.4833, Val 0.3264, Test 0.3182
          RMSE             : Train 7.2582, Val 8.3007, Test 8.2007
          MAE              : Train 5.0800, Val 5.6493, Test 5.6055
Best:
          R2_Score         : Train 0.4044, Val 0.3590, Test 0.3545
          RMSE             : Train 7.7925, Val 8.0970, Test 7.9793
          MAE              : Train 5.3815, Val 5.5030, Test 5.4511
Epoch 41: Loss:            : Train 0.0066, Val 0.0088, Test 0.0087
          R2_Score         : Train 0.4856, Val 0.3201, Test 0.3015
          RMSE             : Train 7.2421, Val 8.3390, Test 8.3005
          MAE              : Train 5.0721, Val 5.6102, Test 5.5847
Best:
          R2_Score         : Train 0.4044, Val 0.3590, Test 0.3545
          RMSE             : Train 7.7925, Val 8.0970, Test 7.9793
          MAE              : Train 5.3815, Val 5.5030, Test 5.4511
Epoch 42: Loss:            : Train 0.0066, Val 0.0089, Test 0.0086
          R2_Score         : Train 0.4872, Val 0.3139, Test 0.3076
          RMSE             : Train 7.2309, Val 8.3768, Test 8.2643
          MAE              : Train 5.0672, Val 5.5994, Test 5.5515
Best:
          R2_Score         : Train 0.4044, Val 0.3590, Test 0.3545
          RMSE             : Train 7.7925, Val 8.0970, Test 7.9793
          MAE              : Train 5.3815, Val 5.5030, Test 5.4511
Epoch 43: Loss:            : Train 0.0066, Val 0.0086, Test 0.0084
          R2_Score         : Train 0.4885, Val 0.3310, Test 0.3229
          RMSE             : Train 7.2215, Val 8.2720, Test 8.1723
          MAE              : Train 5.0597, Val 5.5952, Test 5.5474
Best:
          R2_Score         : Train 0.4044, Val 0.3590, Test 0.3545
          RMSE             : Train 7.7925, Val 8.0970, Test 7.9793
          MAE              : Train 5.3815, Val 5.5030, Test 5.4511
Epoch 44: Loss:            : Train 0.0066, Val 0.0088, Test 0.0085
          R2_Score         : Train 0.4906, Val 0.3218, Test 0.3143
          RMSE             : Train 7.2065, Val 8.3286, Test 8.2243
          MAE              : Train 5.0555, Val 5.6502, Test 5.5933
Best:
          R2_Score         : Train 0.4044, Val 0.3590, Test 0.3545
          RMSE             : Train 7.7925, Val 8.0970, Test 7.9793
          MAE              : Train 5.3815, Val 5.5030, Test 5.4511
Epoch 45: Loss:            : Train 0.0065, Val 0.0090, Test 0.0088
          R2_Score         : Train 0.4920, Val 0.3035, Test 0.2944
          RMSE             : Train 7.1970, Val 8.4404, Test 8.3427
          MAE              : Train 5.0485, Val 5.6007, Test 5.5595
Best:
          R2_Score         : Train 0.4044, Val 0.3590, Test 0.3545
          RMSE             : Train 7.7925, Val 8.0970, Test 7.9793
          MAE              : Train 5.3815, Val 5.5030, Test 5.4511
Epoch 46: Loss:            : Train 0.0065, Val 0.0089, Test 0.0086
          R2_Score         : Train 0.4949, Val 0.3124, Test 0.3069
          RMSE             : Train 7.1761, Val 8.3860, Test 8.2683
          MAE              : Train 5.0376, Val 5.6988, Test 5.6468
Best:
          R2_Score         : Train 0.4044, Val 0.3590, Test 0.3545
          RMSE             : Train 7.7925, Val 8.0970, Test 7.9793
          MAE              : Train 5.3815, Val 5.5030, Test 5.4511
Epoch 47: Loss:            : Train 0.0065, Val 0.0088, Test 0.0086
          R2_Score         : Train 0.4974, Val 0.3195, Test 0.3102
          RMSE             : Train 7.1587, Val 8.3431, Test 8.2490
          MAE              : Train 5.0280, Val 5.6331, Test 5.5936
Best:
          R2_Score         : Train 0.4044, Val 0.3590, Test 0.3545
          RMSE             : Train 7.7925, Val 8.0970, Test 7.9793
          MAE              : Train 5.3815, Val 5.5030, Test 5.4511
Epoch 48: Loss:            : Train 0.0064, Val 0.0088, Test 0.0087
          R2_Score         : Train 0.4989, Val 0.3159, Test 0.3029
          RMSE             : Train 7.1478, Val 8.3648, Test 8.2925
          MAE              : Train 5.0258, Val 5.5609, Test 5.5335
Best:
          R2_Score         : Train 0.4044, Val 0.3590, Test 0.3545
          RMSE             : Train 7.7925, Val 8.0970, Test 7.9793
          MAE              : Train 5.3815, Val 5.5030, Test 5.4511
Epoch 49: Loss:            : Train 0.0064, Val 0.0091, Test 0.0089
          R2_Score         : Train 0.5003, Val 0.2961, Test 0.2856
          RMSE             : Train 7.1381, Val 8.4852, Test 8.3944
          MAE              : Train 5.0212, Val 5.6179, Test 5.5783
Best:
          R2_Score         : Train 0.4044, Val 0.3590, Test 0.3545
          RMSE             : Train 7.7925, Val 8.0970, Test 7.9793
          MAE              : Train 5.3815, Val 5.5030, Test 5.4511
Epoch 50: Loss:            : Train 0.0064, Val 0.0089, Test 0.0088
          R2_Score         : Train 0.5024, Val 0.3095, Test 0.2971
          RMSE             : Train 7.1230, Val 8.4042, Test 8.3265
          MAE              : Train 5.0053, Val 5.6069, Test 5.5774
Best:
          R2_Score         : Train 0.4044, Val 0.3590, Test 0.3545
          RMSE             : Train 7.7925, Val 8.0970, Test 7.9793
          MAE              : Train 5.3815, Val 5.5030, Test 5.4511
Training time (sec): 5379
