Loading MSD from data/song/msd_clean.csv
Loading FMA from data/song/fma_clean.csv
Current MSD columns Index(['0', '1', '2', '3', '4', '5', '6', '7', '8', '9', '10', '11', '12',
       '13', '14', '15', '16', '17', '18', '19', '20', '21', '22', '23', '24',
       '25', '26', '27', '28', '29', '30', '31', '32', '33', '34', '35', '36',
       '37', '38', '39', '40', '41', '42', '43', '44', '45', '46', '47', '48',
       '49', '50', '51', '52', '53', '54', '55', '56', '57', '58', '59', '60',
       '61', '62', '63', '64', '65', '66', '67', '68', '69', '70', '71', '72',
       '73', '74', '75', '76', '77', '78', '79', '80', '81', '82', '83', '84',
       '85', '86', '87', '88', '89', 'title'],
      dtype='object')
Current FMA columns Index(['title', '0', '1', '2', '3', '4', '5', '6', '7', '8',
       ...
       '508', '509', '510', '511', '512', '513', '514', '515', '516', '517'],
      dtype='object', length=519)
Loading data from cache
Done
Calculating noise scale
Standard variance of sim_score: 383.00
Adding noise of scale 0.02082315818382484 to sim_scores
Adding noise of scale 0.02082315818382484 to sim_scores
Adding noise of scale 0.02082315818382484 to sim_scores
Preparing time (sec): 135
Initializing dataloader
Done
Prepare for training
Start training
SplitNN summary
==========================================================================================
Layer (type:depth-idx)                   Output Shape              Param #
==========================================================================================
SplitNN                                  --                        --
├─MLP: 1                                 --                        --
│    └─ModuleList: 2-1                   --                        --
├─ModuleList: 1-1                        --                        --
│    └─MLP: 2                            --                        --
│    │    └─ModuleList: 3-1              --                        14,150
│    └─MLP: 2                            --                        --
│    │    └─ModuleList: 3-2              --                        56,950
│    └─MLP: 2-2                          [128, 50]                 --
│    └─MLP: 2-3                          [128, 50]                 --
├─MLP: 1-2                               [128, 10]                 --
│    └─ModuleList: 2-1                   --                        --
│    │    └─Linear: 3-3                  [128, 100]                10,100
│    │    └─Linear: 3-4                  [128, 10]                 1,010
==========================================================================================
Total params: 82,210
Trainable params: 82,210
Non-trainable params: 0
Total mult-adds (M): 10.52
==========================================================================================
Input size (MB): 0.31
Forward/backward pass size (MB): 0.42
Params size (MB): 0.33
Estimated Total Size (MB): 1.06
==========================================================================================
Merge model summary
==========================================================================================
Layer (type:depth-idx)                   Output Shape              Param #
==========================================================================================
ConvModel                                --                        --
├─Conv2d: 1-1                            [1, 8, 34, 10]            48
├─Dropout: 1-2                           [1, 2720]                 --
├─Linear: 1-3                            [1, 400]                  1,088,400
├─Dropout: 1-4                           [1, 400]                  --
├─Linear: 1-5                            [1, 1]                    401
==========================================================================================
Total params: 1,088,849
Trainable params: 1,088,849
Non-trainable params: 0
Total mult-adds (M): 1.11
==========================================================================================
Input size (MB): 0.00
Forward/backward pass size (MB): 0.02
Params size (MB): 4.36
Estimated Total Size (MB): 4.38
==========================================================================================
Similarity model summary
==========================================================================================
Layer (type:depth-idx)                   Output Shape              Param #
==========================================================================================
MLP                                      --                        --
├─ModuleList: 1-1                        --                        --
│    └─Linear: 2-1                       [1, 10]                   20
│    └─Linear: 2-2                       [1, 1]                    11
==========================================================================================
Total params: 31
Trainable params: 31
Non-trainable params: 0
Total mult-adds (M): 0.00
==========================================================================================
Input size (MB): 0.00
Forward/backward pass size (MB): 0.00
Params size (MB): 0.00
Estimated Total Size (MB): 0.00
==========================================================================================
n_classes=2
task=regression
model_name=song_fedsim_2022-01-31-20-48-51
sche_threshold=0.0001
sche_patience=10
sche_factor=0.1
use_scheduler=False
num_workers=4
device=cuda:7
test_batch_size=4096
train_batch_size=128
learning_rate=0.001
weight_decay=1e-05
num_epochs=20
model_save_path=ckp/song_fedsim_2022-01-31-20-48-51.pth
test_rate=0.2
val_rate=0.1
multiprocess_context=fork
metrics=['r2_score', 'rmse', 'mae']
metrics_f=[<metric.r2_score.R2Score object at 0x7f6c244a1fd0>, <metric.rmse.RMSE object at 0x7f6c244a1f10>, <metric.mae.MAE object at 0x7f6c244a1ee0>]
hidden_sizes=[50, 50]
model=SplitNN(
  (agg_model): MLP(
    (fc_layers): ModuleList(
      (0): Linear(in_features=100, out_features=100, bias=True)
      (1): Linear(in_features=100, out_features=10, bias=True)
    )
  )
  (local_models): ModuleList(
    (0): MLP(
      (fc_layers): ModuleList(
        (0): Linear(in_features=90, out_features=100, bias=True)
        (1): Linear(in_features=100, out_features=50, bias=True)
      )
    )
    (1): MLP(
      (fc_layers): ModuleList(
        (0): Linear(in_features=518, out_features=100, bias=True)
        (1): Linear(in_features=100, out_features=50, bias=True)
      )
    )
  )
)
writer=<torch.utils.tensorboard.writer.SummaryWriter object at 0x7f6c244a1c10>
dataset_type=real
drop_key=True
num_common_features=1
tree_radius=0.01
tree_leaf_size=1000
knn_k=30
grid_min=-10.0
grid_max=10.0
grid_width=1.5
sim_scaler=StandardScaler()
filter_top_k=None
link_n_jobs=1
psig_p=4
sim_leak_p=0.05
link_threshold_t=0.1
link_epsilon=0.1
n_hash_lsh=50
edit_distance_threshold=10
n_hash_func=50
collision_rate=0.01
qgram_q=4
link_delta=0.01
feature_wise_sim=False
blocking_method=knn_priv_str
center_threshold=0.5
n_clusters=100
local_hidden_sizes=[[100], [100]]
cut_dims=[50, 50]
agg_hidden_sizes=[100]
scale_analysis=<utils.privacy.SimNoiseScale object at 0x7f6c1e34b4c0>
mlp_merge=None
use_sim=True
use_conv=True
conv_kernel_v_size=5
conv_n_channels=8
merge_dropout_p=0.3
raw_output_dim=10
log_dir=log/song_fedsim_2022-01-31-20-48-51/
update_sim_freq=1
sim_model_save_path=ckp/song_fedsim_2022-01-31-20-48-51_sim.pth
merge_model_save_path=ckp/song_fedsim_2022-01-31-20-48-51_merge.pth
sim_batch_size=128
sim_weight_decay=1e-05
sim_learning_rate=0.001
merge_model=ConvModel(
  (conv1): Conv2d(1, 8, kernel_size=[5, 1], stride=(1, 1), padding=[4, 0])
  (fc1): Linear(in_features=2720, out_features=400, bias=True)
  (fc2): Linear(in_features=400, out_features=1, bias=True)
  (dropout1): Dropout(p=0.3, inplace=False)
  (dropout2): Dropout(p=0.3, inplace=False)
)
sim_model=MLP(
  (fc_layers): ModuleList(
    (0): Linear(in_features=1, out_features=10, bias=True)
    (1): Linear(in_features=10, out_features=1, bias=True)
  )
)
sim_hidden_sizes=[10]
merge_hidden_sizes=[400]
data1_shape=(349270, 91)
data2_shape=(63147, 519)
Epoch 1: Loss:            : Train 0.0108, Val 0.0086, Test 0.0082
          R2_Score         : Train 0.1578, Val 0.3312, Test 0.3395
          RMSE             : Train 9.2665, Val 8.2706, Test 8.0717
          MAE              : Train 6.4909, Val 5.7039, Test 5.6277
Best:
          R2_Score         : Train 0.1578, Val 0.3312, Test 0.3395
          RMSE             : Train 9.2665, Val 8.2706, Test 8.0717
          MAE              : Train 6.4909, Val 5.7039, Test 5.6277
Epoch 2: Loss:            : Train 0.0085, Val 0.0085, Test 0.0081
          R2_Score         : Train 0.3365, Val 0.3431, Test 0.3491
          RMSE             : Train 8.2248, Val 8.1969, Test 8.0128
          MAE              : Train 5.7068, Val 5.5142, Test 5.4483
Best:
          R2_Score         : Train 0.3365, Val 0.3431, Test 0.3491
          RMSE             : Train 8.2248, Val 8.1969, Test 8.0128
          MAE              : Train 5.7068, Val 5.5142, Test 5.4483
Epoch 3: Loss:            : Train 0.0083, Val 0.0083, Test 0.0080
          R2_Score         : Train 0.3540, Val 0.3539, Test 0.3594
          RMSE             : Train 8.1154, Val 8.1294, Test 7.9489
          MAE              : Train 5.6216, Val 5.4882, Test 5.4241
Best:
          R2_Score         : Train 0.3540, Val 0.3539, Test 0.3594
          RMSE             : Train 8.1154, Val 8.1294, Test 7.9489
          MAE              : Train 5.6216, Val 5.4882, Test 5.4241
Epoch 4: Loss:            : Train 0.0082, Val 0.0083, Test 0.0080
          R2_Score         : Train 0.3658, Val 0.3557, Test 0.3592
          RMSE             : Train 8.0411, Val 8.1178, Test 7.9502
          MAE              : Train 5.5634, Val 5.5286, Test 5.4671
Best:
          R2_Score         : Train 0.3658, Val 0.3557, Test 0.3592
          RMSE             : Train 8.0411, Val 8.1178, Test 7.9502
          MAE              : Train 5.5634, Val 5.5286, Test 5.4671
Epoch 5: Loss:            : Train 0.0080, Val 0.0082, Test 0.0079
          R2_Score         : Train 0.3757, Val 0.3632, Test 0.3672
          RMSE             : Train 7.9782, Val 8.0702, Test 7.9008
          MAE              : Train 5.5169, Val 5.5230, Test 5.4645
Best:
          R2_Score         : Train 0.3757, Val 0.3632, Test 0.3672
          RMSE             : Train 7.9782, Val 8.0702, Test 7.9008
          MAE              : Train 5.5169, Val 5.5230, Test 5.4645
Epoch 6: Loss:            : Train 0.0079, Val 0.0083, Test 0.0079
          R2_Score         : Train 0.3840, Val 0.3603, Test 0.3624
          RMSE             : Train 7.9248, Val 8.0887, Test 7.9304
          MAE              : Train 5.4776, Val 5.4826, Test 5.4265
Best:
          R2_Score         : Train 0.3757, Val 0.3632, Test 0.3672
          RMSE             : Train 7.9782, Val 8.0702, Test 7.9008
          MAE              : Train 5.5169, Val 5.5230, Test 5.4645
Epoch 7: Loss:            : Train 0.0078, Val 0.0083, Test 0.0080
          R2_Score         : Train 0.3912, Val 0.3576, Test 0.3574
          RMSE             : Train 7.8783, Val 8.1059, Test 7.9614
          MAE              : Train 5.4460, Val 5.6810, Test 5.6281
Best:
          R2_Score         : Train 0.3757, Val 0.3632, Test 0.3672
          RMSE             : Train 7.9782, Val 8.0702, Test 7.9008
          MAE              : Train 5.5169, Val 5.5230, Test 5.4645
Epoch 8: Loss:            : Train 0.0077, Val 0.0082, Test 0.0079
          R2_Score         : Train 0.3985, Val 0.3628, Test 0.3657
          RMSE             : Train 7.8311, Val 8.0728, Test 7.9097
          MAE              : Train 5.4112, Val 5.4834, Test 5.4188
Best:
          R2_Score         : Train 0.3757, Val 0.3632, Test 0.3672
          RMSE             : Train 7.9782, Val 8.0702, Test 7.9008
          MAE              : Train 5.5169, Val 5.5230, Test 5.4645
Epoch 9: Loss:            : Train 0.0076, Val 0.0082, Test 0.0079
          R2_Score         : Train 0.4060, Val 0.3639, Test 0.3672
          RMSE             : Train 7.7821, Val 8.0660, Test 7.9009
          MAE              : Train 5.3763, Val 5.4720, Test 5.4051
Best:
          R2_Score         : Train 0.4060, Val 0.3639, Test 0.3672
          RMSE             : Train 7.7821, Val 8.0660, Test 7.9009
          MAE              : Train 5.3763, Val 5.4720, Test 5.4051
Epoch 10: Loss:            : Train 0.0076, Val 0.0082, Test 0.0079
          R2_Score         : Train 0.4126, Val 0.3616, Test 0.3653
          RMSE             : Train 7.7386, Val 8.0804, Test 7.9125
          MAE              : Train 5.3450, Val 5.4763, Test 5.4080
Best:
          R2_Score         : Train 0.4060, Val 0.3639, Test 0.3672
          RMSE             : Train 7.7821, Val 8.0660, Test 7.9009
          MAE              : Train 5.3763, Val 5.4720, Test 5.4051
Epoch 11: Loss:            : Train 0.0075, Val 0.0083, Test 0.0079
          R2_Score         : Train 0.4173, Val 0.3591, Test 0.3623
          RMSE             : Train 7.7081, Val 8.0963, Test 7.9312
          MAE              : Train 5.3238, Val 5.3941, Test 5.3305
Best:
          R2_Score         : Train 0.4060, Val 0.3639, Test 0.3672
          RMSE             : Train 7.7821, Val 8.0660, Test 7.9009
          MAE              : Train 5.3763, Val 5.4720, Test 5.4051
Epoch 12: Loss:            : Train 0.0074, Val 0.0083, Test 0.0080
          R2_Score         : Train 0.4240, Val 0.3575, Test 0.3587
          RMSE             : Train 7.6631, Val 8.1063, Test 7.9533
          MAE              : Train 5.2960, Val 5.4321, Test 5.3699
Best:
          R2_Score         : Train 0.4060, Val 0.3639, Test 0.3672
          RMSE             : Train 7.7821, Val 8.0660, Test 7.9009
          MAE              : Train 5.3763, Val 5.4720, Test 5.4051
Epoch 13: Loss:            : Train 0.0073, Val 0.0083, Test 0.0079
          R2_Score         : Train 0.4291, Val 0.3603, Test 0.3642
          RMSE             : Train 7.6292, Val 8.0891, Test 7.9190
          MAE              : Train 5.2760, Val 5.4805, Test 5.4083
Best:
          R2_Score         : Train 0.4060, Val 0.3639, Test 0.3672
          RMSE             : Train 7.7821, Val 8.0660, Test 7.9009
          MAE              : Train 5.3763, Val 5.4720, Test 5.4051
Epoch 14: Loss:            : Train 0.0073, Val 0.0083, Test 0.0080
          R2_Score         : Train 0.4338, Val 0.3538, Test 0.3575
          RMSE             : Train 7.5980, Val 8.1295, Test 7.9609
          MAE              : Train 5.2565, Val 5.4513, Test 5.3865
Best:
          R2_Score         : Train 0.4060, Val 0.3639, Test 0.3672
          RMSE             : Train 7.7821, Val 8.0660, Test 7.9009
          MAE              : Train 5.3763, Val 5.4720, Test 5.4051
Epoch 15: Loss:            : Train 0.0072, Val 0.0084, Test 0.0080
          R2_Score         : Train 0.4395, Val 0.3512, Test 0.3551
          RMSE             : Train 7.5599, Val 8.1461, Test 7.9755
          MAE              : Train 5.2356, Val 5.4839, Test 5.4168
Best:
          R2_Score         : Train 0.4060, Val 0.3639, Test 0.3672
          RMSE             : Train 7.7821, Val 8.0660, Test 7.9009
          MAE              : Train 5.3763, Val 5.4720, Test 5.4051
Epoch 16: Loss:            : Train 0.0072, Val 0.0084, Test 0.0082
          R2_Score         : Train 0.4439, Val 0.3484, Test 0.3452
          RMSE             : Train 7.5298, Val 8.1638, Test 8.0368
          MAE              : Train 5.2174, Val 5.5401, Test 5.4907
Best:
          R2_Score         : Train 0.4060, Val 0.3639, Test 0.3672
          RMSE             : Train 7.7821, Val 8.0660, Test 7.9009
          MAE              : Train 5.3763, Val 5.4720, Test 5.4051
Epoch 17: Loss:            : Train 0.0071, Val 0.0085, Test 0.0082
          R2_Score         : Train 0.4514, Val 0.3393, Test 0.3392
          RMSE             : Train 7.4790, Val 8.2203, Test 8.0736
          MAE              : Train 5.1928, Val 5.5260, Test 5.4679
Best:
          R2_Score         : Train 0.4060, Val 0.3639, Test 0.3672
          RMSE             : Train 7.7821, Val 8.0660, Test 7.9009
          MAE              : Train 5.3763, Val 5.4720, Test 5.4051
Epoch 18: Loss:            : Train 0.0070, Val 0.0086, Test 0.0082
          R2_Score         : Train 0.4554, Val 0.3376, Test 0.3396
          RMSE             : Train 7.4514, Val 8.2310, Test 8.0712
          MAE              : Train 5.1702, Val 5.7294, Test 5.6594
Best:
          R2_Score         : Train 0.4060, Val 0.3639, Test 0.3672
          RMSE             : Train 7.7821, Val 8.0660, Test 7.9009
          MAE              : Train 5.3763, Val 5.4720, Test 5.4051
Epoch 19: Loss:            : Train 0.0069, Val 0.0084, Test 0.0081
          R2_Score         : Train 0.4605, Val 0.3457, Test 0.3460
          RMSE             : Train 7.4166, Val 8.1803, Test 8.0317
          MAE              : Train 5.1511, Val 5.4988, Test 5.4383
Best:
          R2_Score         : Train 0.4060, Val 0.3639, Test 0.3672
          RMSE             : Train 7.7821, Val 8.0660, Test 7.9009
          MAE              : Train 5.3763, Val 5.4720, Test 5.4051
Epoch 20: Loss:            : Train 0.0069, Val 0.0086, Test 0.0083
          R2_Score         : Train 0.4655, Val 0.3332, Test 0.3361
          RMSE             : Train 7.3819, Val 8.2583, Test 8.0925
          MAE              : Train 5.1366, Val 5.4246, Test 5.3663
Best:
          R2_Score         : Train 0.4060, Val 0.3639, Test 0.3672
          RMSE             : Train 7.7821, Val 8.0660, Test 7.9009
          MAE              : Train 5.3763, Val 5.4720, Test 5.4051
Training time (sec): 1534
