Loading MSD from data/song/msd_clean.csv
Loading FMA from data/song/fma_clean.csv
Current MSD columns Index(['0', '1', '2', '3', '4', '5', '6', '7', '8', '9', '10', '11', '12',
       '13', '14', '15', '16', '17', '18', '19', '20', '21', '22', '23', '24',
       '25', '26', '27', '28', '29', '30', '31', '32', '33', '34', '35', '36',
       '37', '38', '39', '40', '41', '42', '43', '44', '45', '46', '47', '48',
       '49', '50', '51', '52', '53', '54', '55', '56', '57', '58', '59', '60',
       '61', '62', '63', '64', '65', '66', '67', '68', '69', '70', '71', '72',
       '73', '74', '75', '76', '77', '78', '79', '80', '81', '82', '83', '84',
       '85', '86', '87', '88', '89', 'title'],
      dtype='object')
Current FMA columns Index(['title', '0', '1', '2', '3', '4', '5', '6', '7', '8',
       ...
       '508', '509', '510', '511', '512', '513', '514', '515', '516', '517'],
      dtype='object', length=519)
Loading data from cache
Done
Calculating noise scale
Standard variance of sim_score: 383.00
Adding noise of scale 0.0103893571465833 to sim_scores
Adding noise of scale 0.0103893571465833 to sim_scores
Adding noise of scale 0.0103893571465833 to sim_scores
Generating top1 dataset
Generating top1 dataset
Generating top1 dataset
Preparing time (sec): 70
Loading data
Prepare for training
Start training
================================================================================
                                    Kernel Shape Output Shape  Params  \
Layer                                                                   
0_local_models.0.fc_layers.Linear_0    [90, 200]  [4096, 200]   18200   
1_local_models.0.fc_layers.Linear_1   [200, 100]  [4096, 100]   20100   
2_local_models.1.fc_layers.Linear_0   [518, 200]  [4096, 200]  103800   
3_local_models.1.fc_layers.Linear_1   [200, 100]  [4096, 100]   20100   
4_agg_model.fc_layers.Linear_0        [200, 400]  [4096, 400]   80400   
5_agg_model.fc_layers.Linear_1          [400, 1]    [4096, 1]     401   

                                     Mult-Adds  
Layer                                           
0_local_models.0.fc_layers.Linear_0      18000  
1_local_models.0.fc_layers.Linear_1      20000  
2_local_models.1.fc_layers.Linear_0     103600  
3_local_models.1.fc_layers.Linear_1      20000  
4_agg_model.fc_layers.Linear_0           80000  
5_agg_model.fc_layers.Linear_1             400  
--------------------------------------------------------------------------------
                      Totals
Total params          243001
Trainable params      243001
Non-trainable params       0
Mult-Adds             242000
================================================================================
n_classes=2
task=regression
model_name=song_top1sim_2022-01-27-02-53-43
sche_threshold=0.0001
sche_patience=10
sche_factor=0.1
use_scheduler=False
num_workers=4
device=cuda:0
test_batch_size=4096
train_batch_size=4096
learning_rate=0.001
weight_decay=1e-05
num_epochs=100
model_save_path=ckp/song_top1sim_2022-01-27-02-53-43.pth
test_rate=0.2
val_rate=0.1
multiprocess_context=fork
metrics=['r2_score', 'rmse', 'mae']
metrics_f=[<metric.r2_score.R2Score object at 0x7faeed1dda30>, <metric.rmse.RMSE object at 0x7faeed1dd6a0>, <metric.mae.MAE object at 0x7faeed1ddee0>]
hidden_sizes=[200, 100]
model=SplitNN(
  (agg_model): MLP(
    (fc_layers): ModuleList(
      (0): Linear(in_features=200, out_features=400, bias=True)
      (1): Linear(in_features=400, out_features=1, bias=True)
    )
  )
  (local_models): ModuleList(
    (0): MLP(
      (fc_layers): ModuleList(
        (0): Linear(in_features=90, out_features=200, bias=True)
        (1): Linear(in_features=200, out_features=100, bias=True)
      )
    )
    (1): MLP(
      (fc_layers): ModuleList(
        (0): Linear(in_features=518, out_features=200, bias=True)
        (1): Linear(in_features=200, out_features=100, bias=True)
      )
    )
  )
)
writer=<torch.utils.tensorboard.writer.SummaryWriter object at 0x7faeed1ddb20>
dataset_type=real
drop_key=True
num_common_features=1
tree_radius=0.01
tree_leaf_size=1000
knn_k=30
grid_min=-10.0
grid_max=10.0
grid_width=1.5
sim_scaler=StandardScaler()
filter_top_k=None
link_n_jobs=1
psig_p=4
sim_leak_p=0.1
link_threshold_t=0.1
link_epsilon=0.1
n_hash_lsh=50
edit_distance_threshold=10
n_hash_func=50
collision_rate=0.01
qgram_q=4
link_delta=0.01
feature_wise_sim=False
blocking_method=knn_priv_str
center_threshold=0.5
n_clusters=100
local_hidden_sizes=[[200], [200]]
cut_dims=[100, 100]
agg_hidden_sizes=[400]
scale_analysis=<utils.privacy.SimNoiseScale object at 0x7fae21f090d0>
data1_shape=(349270, 91)
data2_shape=(63147, 519)
Epoch 1: Loss:            : Train 0.0000, Val 0.0471, Test 0.0470
          R2_Score         : Train -6.8591, Val -2.6455, Test -2.7661
          RMSE             : Train 28.3070, Val 19.3097, Test 19.2739
          MAE              : Train 26.4357, Val 17.5886, Test 17.5745
Best:
          R2_Score         : Train -6.8591, Val -2.6455, Test -2.7661
          RMSE             : Train 28.3070, Val 19.3097, Test 19.2739
          MAE              : Train 26.4357, Val 17.5886, Test 17.5745
Epoch 2: Loss:            : Train 0.0000, Val 0.0136, Test 0.0132
          R2_Score         : Train -0.7436, Val -0.0607, Test -0.0626
          RMSE             : Train 13.3331, Val 10.4157, Test 10.2380
          MAE              : Train 10.7315, Val 7.2832, Test 7.2221
Best:
          R2_Score         : Train -0.7436, Val -0.0607, Test -0.0626
          RMSE             : Train 13.3331, Val 10.4157, Test 10.2380
          MAE              : Train 10.7315, Val 7.2832, Test 7.2221
Epoch 3: Loss:            : Train 0.0000, Val 0.0111, Test 0.0107
          R2_Score         : Train 0.0649, Val 0.1350, Test 0.1377
          RMSE             : Train 9.7640, Val 9.4060, Test 9.2228
          MAE              : Train 7.1733, Val 6.8857, Test 6.7984
Best:
          R2_Score         : Train 0.0649, Val 0.1350, Test 0.1377
          RMSE             : Train 9.7640, Val 9.4060, Test 9.2228
          MAE              : Train 7.1733, Val 6.8857, Test 6.7984
Epoch 4: Loss:            : Train 0.0000, Val 0.0102, Test 0.0098
          R2_Score         : Train 0.1841, Val 0.2069, Test 0.2112
          RMSE             : Train 9.1209, Val 9.0064, Test 8.8206
          MAE              : Train 6.6287, Val 6.5204, Test 6.4274
Best:
          R2_Score         : Train 0.1841, Val 0.2069, Test 0.2112
          RMSE             : Train 9.1209, Val 9.0064, Test 8.8206
          MAE              : Train 6.6287, Val 6.5204, Test 6.4274
Epoch 5: Loss:            : Train 0.0000, Val 0.0095, Test 0.0092
          R2_Score         : Train 0.2475, Val 0.2586, Test 0.2627
          RMSE             : Train 8.7590, Val 8.7083, Test 8.5278
          MAE              : Train 6.2792, Val 6.1797, Test 6.0909
Best:
          R2_Score         : Train 0.2475, Val 0.2586, Test 0.2627
          RMSE             : Train 8.7590, Val 8.7083, Test 8.5278
          MAE              : Train 6.2792, Val 6.1797, Test 6.0909
Epoch 6: Loss:            : Train 0.0000, Val 0.0092, Test 0.0089
          R2_Score         : Train 0.2895, Val 0.2880, Test 0.2912
          RMSE             : Train 8.5112, Val 8.5336, Test 8.3613
          MAE              : Train 6.0165, Val 6.0054, Test 5.9241
Best:
          R2_Score         : Train 0.2895, Val 0.2880, Test 0.2912
          RMSE             : Train 8.5112, Val 8.5336, Test 8.3613
          MAE              : Train 6.0165, Val 6.0054, Test 5.9241
Epoch 7: Loss:            : Train 0.0000, Val 0.0089, Test 0.0086
          R2_Score         : Train 0.3129, Val 0.3059, Test 0.3079
          RMSE             : Train 8.3701, Val 8.4256, Test 8.2623
          MAE              : Train 5.8750, Val 5.9153, Test 5.8463
Best:
          R2_Score         : Train 0.3129, Val 0.3059, Test 0.3079
          RMSE             : Train 8.3701, Val 8.4256, Test 8.2623
          MAE              : Train 5.8750, Val 5.9153, Test 5.8463
Epoch 8: Loss:            : Train 0.0000, Val 0.0088, Test 0.0085
          R2_Score         : Train 0.3283, Val 0.3160, Test 0.3200
          RMSE             : Train 8.2757, Val 8.3639, Test 8.1898
          MAE              : Train 5.7914, Val 5.7825, Test 5.7120
Best:
          R2_Score         : Train 0.3283, Val 0.3160, Test 0.3200
          RMSE             : Train 8.2757, Val 8.3639, Test 8.1898
          MAE              : Train 5.7914, Val 5.7825, Test 5.7120
Epoch 9: Loss:            : Train 0.0000, Val 0.0087, Test 0.0084
          R2_Score         : Train 0.3396, Val 0.3237, Test 0.3261
          RMSE             : Train 8.2057, Val 8.3168, Test 8.1531
          MAE              : Train 5.7325, Val 5.7893, Test 5.7250
Best:
          R2_Score         : Train 0.3396, Val 0.3237, Test 0.3261
          RMSE             : Train 8.2057, Val 8.3168, Test 8.1531
          MAE              : Train 5.7325, Val 5.7893, Test 5.7250
Epoch 10: Loss:            : Train 0.0000, Val 0.0086, Test 0.0084
          R2_Score         : Train 0.3488, Val 0.3280, Test 0.3316
          RMSE             : Train 8.1484, Val 8.2904, Test 8.1196
          MAE              : Train 5.6831, Val 5.7238, Test 5.6594
Best:
          R2_Score         : Train 0.3488, Val 0.3280, Test 0.3316
          RMSE             : Train 8.1484, Val 8.2904, Test 8.1196
          MAE              : Train 5.6831, Val 5.7238, Test 5.6594
Epoch 11: Loss:            : Train 0.0000, Val 0.0086, Test 0.0083
          R2_Score         : Train 0.3554, Val 0.3336, Test 0.3361
          RMSE             : Train 8.1070, Val 8.2558, Test 8.0924
          MAE              : Train 5.6517, Val 5.6789, Test 5.6188
Best:
          R2_Score         : Train 0.3554, Val 0.3336, Test 0.3361
          RMSE             : Train 8.1070, Val 8.2558, Test 8.0924
          MAE              : Train 5.6517, Val 5.6789, Test 5.6188
Epoch 12: Loss:            : Train 0.0000, Val 0.0085, Test 0.0083
          R2_Score         : Train 0.3619, Val 0.3364, Test 0.3389
          RMSE             : Train 8.0662, Val 8.2387, Test 8.0755
          MAE              : Train 5.6164, Val 5.7354, Test 5.6754
Best:
          R2_Score         : Train 0.3619, Val 0.3364, Test 0.3389
          RMSE             : Train 8.0662, Val 8.2387, Test 8.0755
          MAE              : Train 5.6164, Val 5.7354, Test 5.6754
Epoch 13: Loss:            : Train 0.0000, Val 0.0085, Test 0.0082
          R2_Score         : Train 0.3675, Val 0.3392, Test 0.3423
          RMSE             : Train 8.0304, Val 8.2214, Test 8.0548
          MAE              : Train 5.5902, Val 5.6399, Test 5.5783
Best:
          R2_Score         : Train 0.3675, Val 0.3392, Test 0.3423
          RMSE             : Train 8.0304, Val 8.2214, Test 8.0548
          MAE              : Train 5.5902, Val 5.6399, Test 5.5783
Epoch 14: Loss:            : Train 0.0000, Val 0.0085, Test 0.0082
          R2_Score         : Train 0.3729, Val 0.3381, Test 0.3400
          RMSE             : Train 7.9959, Val 8.2280, Test 8.0686
          MAE              : Train 5.5606, Val 5.7500, Test 5.6922
Best:
          R2_Score         : Train 0.3675, Val 0.3392, Test 0.3423
          RMSE             : Train 8.0304, Val 8.2214, Test 8.0548
          MAE              : Train 5.5902, Val 5.6399, Test 5.5783
Epoch 15: Loss:            : Train 0.0000, Val 0.0085, Test 0.0082
          R2_Score         : Train 0.3771, Val 0.3425, Test 0.3449
          RMSE             : Train 7.9692, Val 8.2006, Test 8.0388
          MAE              : Train 5.5470, Val 5.6621, Test 5.6017
Best:
          R2_Score         : Train 0.3771, Val 0.3425, Test 0.3449
          RMSE             : Train 7.9692, Val 8.2006, Test 8.0388
          MAE              : Train 5.5470, Val 5.6621, Test 5.6017
Epoch 16: Loss:            : Train 0.0000, Val 0.0084, Test 0.0082
          R2_Score         : Train 0.3820, Val 0.3441, Test 0.3454
          RMSE             : Train 7.9377, Val 8.1909, Test 8.0353
          MAE              : Train 5.5196, Val 5.6519, Test 5.5982
Best:
          R2_Score         : Train 0.3820, Val 0.3441, Test 0.3454
          RMSE             : Train 7.9377, Val 8.1909, Test 8.0353
          MAE              : Train 5.5196, Val 5.6519, Test 5.5982
Epoch 17: Loss:            : Train 0.0000, Val 0.0084, Test 0.0082
          R2_Score         : Train 0.3865, Val 0.3458, Test 0.3469
          RMSE             : Train 7.9092, Val 8.1799, Test 8.0266
          MAE              : Train 5.5012, Val 5.6884, Test 5.6303
Best:
          R2_Score         : Train 0.3865, Val 0.3458, Test 0.3469
          RMSE             : Train 7.9092, Val 8.1799, Test 8.0266
          MAE              : Train 5.5012, Val 5.6884, Test 5.6303
Epoch 18: Loss:            : Train 0.0000, Val 0.0084, Test 0.0082
          R2_Score         : Train 0.3906, Val 0.3452, Test 0.3459
          RMSE             : Train 7.8823, Val 8.1835, Test 8.0326
          MAE              : Train 5.4846, Val 5.6199, Test 5.5739
Best:
          R2_Score         : Train 0.3865, Val 0.3458, Test 0.3469
          RMSE             : Train 7.9092, Val 8.1799, Test 8.0266
          MAE              : Train 5.5012, Val 5.6884, Test 5.6303
Epoch 19: Loss:            : Train 0.0000, Val 0.0084, Test 0.0082
          R2_Score         : Train 0.3948, Val 0.3465, Test 0.3460
          RMSE             : Train 7.8551, Val 8.1753, Test 8.0320
          MAE              : Train 5.4625, Val 5.5934, Test 5.5451
Best:
          R2_Score         : Train 0.3948, Val 0.3465, Test 0.3460
          RMSE             : Train 7.8551, Val 8.1753, Test 8.0320
          MAE              : Train 5.4625, Val 5.5934, Test 5.5451
Epoch 20: Loss:            : Train 0.0000, Val 0.0084, Test 0.0082
          R2_Score         : Train 0.3987, Val 0.3433, Test 0.3437
          RMSE             : Train 7.8299, Val 8.1957, Test 8.0458
          MAE              : Train 5.4423, Val 5.7035, Test 5.6509
Best:
          R2_Score         : Train 0.3948, Val 0.3465, Test 0.3460
          RMSE             : Train 7.8551, Val 8.1753, Test 8.0320
          MAE              : Train 5.4625, Val 5.5934, Test 5.5451
Epoch 21: Loss:            : Train 0.0000, Val 0.0084, Test 0.0081
          R2_Score         : Train 0.4032, Val 0.3479, Test 0.3480
          RMSE             : Train 7.8005, Val 8.1671, Test 8.0198
          MAE              : Train 5.4279, Val 5.5931, Test 5.5396
Best:
          R2_Score         : Train 0.4032, Val 0.3479, Test 0.3480
          RMSE             : Train 7.8005, Val 8.1671, Test 8.0198
          MAE              : Train 5.4279, Val 5.5931, Test 5.5396
Epoch 22: Loss:            : Train 0.0000, Val 0.0084, Test 0.0081
          R2_Score         : Train 0.4071, Val 0.3477, Test 0.3474
          RMSE             : Train 7.7750, Val 8.1684, Test 8.0234
          MAE              : Train 5.4098, Val 5.5929, Test 5.5365
Best:
          R2_Score         : Train 0.4032, Val 0.3479, Test 0.3480
          RMSE             : Train 7.8005, Val 8.1671, Test 8.0198
          MAE              : Train 5.4279, Val 5.5931, Test 5.5396
Epoch 23: Loss:            : Train 0.0000, Val 0.0084, Test 0.0082
          R2_Score         : Train 0.4114, Val 0.3446, Test 0.3438
          RMSE             : Train 7.7466, Val 8.1872, Test 8.0455
          MAE              : Train 5.3887, Val 5.6527, Test 5.5965
Best:
          R2_Score         : Train 0.4032, Val 0.3479, Test 0.3480
          RMSE             : Train 7.8005, Val 8.1671, Test 8.0198
          MAE              : Train 5.4279, Val 5.5931, Test 5.5396
Epoch 24: Loss:            : Train 0.0000, Val 0.0084, Test 0.0082
          R2_Score         : Train 0.4150, Val 0.3452, Test 0.3441
          RMSE             : Train 7.7227, Val 8.1835, Test 8.0434
          MAE              : Train 5.3733, Val 5.6578, Test 5.6032
Best:
          R2_Score         : Train 0.4032, Val 0.3479, Test 0.3480
          RMSE             : Train 7.8005, Val 8.1671, Test 8.0198
          MAE              : Train 5.4279, Val 5.5931, Test 5.5396
Epoch 25: Loss:            : Train 0.0000, Val 0.0084, Test 0.0082
          R2_Score         : Train 0.4188, Val 0.3478, Test 0.3452
          RMSE             : Train 7.6977, Val 8.1672, Test 8.0370
          MAE              : Train 5.3615, Val 5.6246, Test 5.5730
Best:
          R2_Score         : Train 0.4032, Val 0.3479, Test 0.3480
          RMSE             : Train 7.8005, Val 8.1671, Test 8.0198
          MAE              : Train 5.4279, Val 5.5931, Test 5.5396
Epoch 26: Loss:            : Train 0.0000, Val 0.0084, Test 0.0082
          R2_Score         : Train 0.4229, Val 0.3447, Test 0.3409
          RMSE             : Train 7.6707, Val 8.1868, Test 8.0629
          MAE              : Train 5.3411, Val 5.6391, Test 5.5893
Best:
          R2_Score         : Train 0.4032, Val 0.3479, Test 0.3480
          RMSE             : Train 7.8005, Val 8.1671, Test 8.0198
          MAE              : Train 5.4279, Val 5.5931, Test 5.5396
Epoch 27: Loss:            : Train 0.0000, Val 0.0084, Test 0.0082
          R2_Score         : Train 0.4270, Val 0.3464, Test 0.3452
          RMSE             : Train 7.6433, Val 8.1761, Test 8.0365
          MAE              : Train 5.3262, Val 5.6033, Test 5.5471
Best:
          R2_Score         : Train 0.4032, Val 0.3479, Test 0.3480
          RMSE             : Train 7.8005, Val 8.1671, Test 8.0198
          MAE              : Train 5.4279, Val 5.5931, Test 5.5396
Epoch 28: Loss:            : Train 0.0000, Val 0.0084, Test 0.0082
          R2_Score         : Train 0.4296, Val 0.3461, Test 0.3417
          RMSE             : Train 7.6262, Val 8.1782, Test 8.0584
          MAE              : Train 5.3169, Val 5.5924, Test 5.5481
Best:
          R2_Score         : Train 0.4032, Val 0.3479, Test 0.3480
          RMSE             : Train 7.8005, Val 8.1671, Test 8.0198
          MAE              : Train 5.4279, Val 5.5931, Test 5.5396
Epoch 29: Loss:            : Train 0.0000, Val 0.0085, Test 0.0083
          R2_Score         : Train 0.4339, Val 0.3404, Test 0.3367
          RMSE             : Train 7.5972, Val 8.2139, Test 8.0887
          MAE              : Train 5.2979, Val 5.6193, Test 5.5679
Best:
          R2_Score         : Train 0.4032, Val 0.3479, Test 0.3480
          RMSE             : Train 7.8005, Val 8.1671, Test 8.0198
          MAE              : Train 5.4279, Val 5.5931, Test 5.5396
Epoch 30: Loss:            : Train 0.0000, Val 0.0084, Test 0.0082
          R2_Score         : Train 0.4381, Val 0.3444, Test 0.3428
          RMSE             : Train 7.5692, Val 8.1885, Test 8.0516
          MAE              : Train 5.2811, Val 5.5446, Test 5.4884
Best:
          R2_Score         : Train 0.4032, Val 0.3479, Test 0.3480
          RMSE             : Train 7.8005, Val 8.1671, Test 8.0198
          MAE              : Train 5.4279, Val 5.5931, Test 5.5396
Epoch 31: Loss:            : Train 0.0000, Val 0.0085, Test 0.0083
          R2_Score         : Train 0.4406, Val 0.3426, Test 0.3378
          RMSE             : Train 7.5519, Val 8.2002, Test 8.0818
          MAE              : Train 5.2724, Val 5.5656, Test 5.5183
Best:
          R2_Score         : Train 0.4032, Val 0.3479, Test 0.3480
          RMSE             : Train 7.8005, Val 8.1671, Test 8.0198
          MAE              : Train 5.4279, Val 5.5931, Test 5.5396
Epoch 32: Loss:            : Train 0.0000, Val 0.0085, Test 0.0083
          R2_Score         : Train 0.4449, Val 0.3364, Test 0.3318
          RMSE             : Train 7.5230, Val 8.2383, Test 8.1188
          MAE              : Train 5.2546, Val 5.6090, Test 5.5554
Best:
          R2_Score         : Train 0.4032, Val 0.3479, Test 0.3480
          RMSE             : Train 7.8005, Val 8.1671, Test 8.0198
          MAE              : Train 5.4279, Val 5.5931, Test 5.5396
Epoch 33: Loss:            : Train 0.0000, Val 0.0085, Test 0.0083
          R2_Score         : Train 0.4480, Val 0.3425, Test 0.3367
          RMSE             : Train 7.5020, Val 8.2008, Test 8.0886
          MAE              : Train 5.2362, Val 5.5663, Test 5.5194
Best:
          R2_Score         : Train 0.4032, Val 0.3479, Test 0.3480
          RMSE             : Train 7.8005, Val 8.1671, Test 8.0198
          MAE              : Train 5.4279, Val 5.5931, Test 5.5396
Epoch 34: Loss:            : Train 0.0000, Val 0.0086, Test 0.0084
          R2_Score         : Train 0.4529, Val 0.3346, Test 0.3289
          RMSE             : Train 7.4689, Val 8.2498, Test 8.1362
          MAE              : Train 5.2229, Val 5.5594, Test 5.5206
Best:
          R2_Score         : Train 0.4032, Val 0.3479, Test 0.3480
          RMSE             : Train 7.8005, Val 8.1671, Test 8.0198
          MAE              : Train 5.4279, Val 5.5931, Test 5.5396
Epoch 35: Loss:            : Train 0.0000, Val 0.0086, Test 0.0084
          R2_Score         : Train 0.4563, Val 0.3315, Test 0.3259
          RMSE             : Train 7.4457, Val 8.2691, Test 8.1544
          MAE              : Train 5.2083, Val 5.5993, Test 5.5547
Best:
          R2_Score         : Train 0.4032, Val 0.3479, Test 0.3480
          RMSE             : Train 7.8005, Val 8.1671, Test 8.0198
          MAE              : Train 5.4279, Val 5.5931, Test 5.5396
Epoch 36: Loss:            : Train 0.0000, Val 0.0086, Test 0.0084
          R2_Score         : Train 0.4603, Val 0.3341, Test 0.3282
          RMSE             : Train 7.4182, Val 8.2526, Test 8.1402
          MAE              : Train 5.1907, Val 5.6089, Test 5.5586
Best:
          R2_Score         : Train 0.4032, Val 0.3479, Test 0.3480
          RMSE             : Train 7.8005, Val 8.1671, Test 8.0198
          MAE              : Train 5.4279, Val 5.5931, Test 5.5396
Epoch 37: Loss:            : Train 0.0000, Val 0.0086, Test 0.0084
          R2_Score         : Train 0.4639, Val 0.3341, Test 0.3288
          RMSE             : Train 7.3932, Val 8.2530, Test 8.1366
          MAE              : Train 5.1749, Val 5.6510, Test 5.5986
Best:
          R2_Score         : Train 0.4032, Val 0.3479, Test 0.3480
          RMSE             : Train 7.8005, Val 8.1671, Test 8.0198
          MAE              : Train 5.4279, Val 5.5931, Test 5.5396
Epoch 38: Loss:            : Train 0.0000, Val 0.0086, Test 0.0084
          R2_Score         : Train 0.4674, Val 0.3338, Test 0.3268
          RMSE             : Train 7.3691, Val 8.2549, Test 8.1488
          MAE              : Train 5.1646, Val 5.5698, Test 5.5237
Best:
          R2_Score         : Train 0.4032, Val 0.3479, Test 0.3480
          RMSE             : Train 7.8005, Val 8.1671, Test 8.0198
          MAE              : Train 5.4279, Val 5.5931, Test 5.5396
Epoch 39: Loss:            : Train 0.0000, Val 0.0087, Test 0.0085
          R2_Score         : Train 0.4705, Val 0.3219, Test 0.3159
          RMSE             : Train 7.3474, Val 8.3280, Test 8.2146
          MAE              : Train 5.1497, Val 5.7203, Test 5.6641
Best:
          R2_Score         : Train 0.4032, Val 0.3479, Test 0.3480
          RMSE             : Train 7.8005, Val 8.1671, Test 8.0198
          MAE              : Train 5.4279, Val 5.5931, Test 5.5396
Epoch 40: Loss:            : Train 0.0000, Val 0.0086, Test 0.0084
          R2_Score         : Train 0.4744, Val 0.3303, Test 0.3238
          RMSE             : Train 7.3205, Val 8.2765, Test 8.1669
          MAE              : Train 5.1369, Val 5.6285, Test 5.5804
Best:
          R2_Score         : Train 0.4032, Val 0.3479, Test 0.3480
          RMSE             : Train 7.8005, Val 8.1671, Test 8.0198
          MAE              : Train 5.4279, Val 5.5931, Test 5.5396
Epoch 41: Loss:            : Train 0.0000, Val 0.0088, Test 0.0086
          R2_Score         : Train 0.4780, Val 0.3197, Test 0.3112
          RMSE             : Train 7.2954, Val 8.3414, Test 8.2427
          MAE              : Train 5.1209, Val 5.6894, Test 5.6413
Best:
          R2_Score         : Train 0.4032, Val 0.3479, Test 0.3480
          RMSE             : Train 7.8005, Val 8.1671, Test 8.0198
          MAE              : Train 5.4279, Val 5.5931, Test 5.5396
Epoch 42: Loss:            : Train 0.0000, Val 0.0087, Test 0.0085
          R2_Score         : Train 0.4817, Val 0.3233, Test 0.3186
          RMSE             : Train 7.2692, Val 8.3194, Test 8.1984
          MAE              : Train 5.1023, Val 5.6358, Test 5.5774
Best:
          R2_Score         : Train 0.4032, Val 0.3479, Test 0.3480
          RMSE             : Train 7.8005, Val 8.1671, Test 8.0198
          MAE              : Train 5.4279, Val 5.5931, Test 5.5396
Epoch 43: Loss:            : Train 0.0000, Val 0.0088, Test 0.0086
          R2_Score         : Train 0.4843, Val 0.3158, Test 0.3075
          RMSE             : Train 7.2508, Val 8.3653, Test 8.2646
          MAE              : Train 5.0939, Val 5.7214, Test 5.6698
Best:
          R2_Score         : Train 0.4032, Val 0.3479, Test 0.3480
          RMSE             : Train 7.8005, Val 8.1671, Test 8.0198
          MAE              : Train 5.4279, Val 5.5931, Test 5.5396
Epoch 44: Loss:            : Train 0.0000, Val 0.0088, Test 0.0086
          R2_Score         : Train 0.4893, Val 0.3174, Test 0.3106
          RMSE             : Train 7.2162, Val 8.3554, Test 8.2465
          MAE              : Train 5.0732, Val 5.7022, Test 5.6528
Best:
          R2_Score         : Train 0.4032, Val 0.3479, Test 0.3480
          RMSE             : Train 7.8005, Val 8.1671, Test 8.0198
          MAE              : Train 5.4279, Val 5.5931, Test 5.5396
Epoch 45: Loss:            : Train 0.0000, Val 0.0090, Test 0.0088
          R2_Score         : Train 0.4917, Val 0.3025, Test 0.2950
          RMSE             : Train 7.1987, Val 8.4461, Test 8.3392
          MAE              : Train 5.0657, Val 5.7689, Test 5.7094
Best:
          R2_Score         : Train 0.4032, Val 0.3479, Test 0.3480
          RMSE             : Train 7.8005, Val 8.1671, Test 8.0198
          MAE              : Train 5.4279, Val 5.5931, Test 5.5396
Epoch 46: Loss:            : Train 0.0000, Val 0.0088, Test 0.0086
          R2_Score         : Train 0.4955, Val 0.3185, Test 0.3095
          RMSE             : Train 7.1716, Val 8.3489, Test 8.2528
          MAE              : Train 5.0494, Val 5.6570, Test 5.6079
Best:
          R2_Score         : Train 0.4032, Val 0.3479, Test 0.3480
          RMSE             : Train 7.8005, Val 8.1671, Test 8.0198
          MAE              : Train 5.4279, Val 5.5931, Test 5.5396
Epoch 47: Loss:            : Train 0.0000, Val 0.0089, Test 0.0087
          R2_Score         : Train 0.4990, Val 0.3090, Test 0.3025
          RMSE             : Train 7.1468, Val 8.4070, Test 8.2946
          MAE              : Train 5.0347, Val 5.6410, Test 5.5891
Best:
          R2_Score         : Train 0.4032, Val 0.3479, Test 0.3480
          RMSE             : Train 7.8005, Val 8.1671, Test 8.0198
          MAE              : Train 5.4279, Val 5.5931, Test 5.5396
Epoch 48: Loss:            : Train 0.0000, Val 0.0088, Test 0.0086
          R2_Score         : Train 0.5031, Val 0.3173, Test 0.3110
          RMSE             : Train 7.1181, Val 8.3562, Test 8.2442
          MAE              : Train 5.0190, Val 5.5827, Test 5.5238
Best:
          R2_Score         : Train 0.4032, Val 0.3479, Test 0.3480
          RMSE             : Train 7.8005, Val 8.1671, Test 8.0198
          MAE              : Train 5.4279, Val 5.5931, Test 5.5396
Epoch 49: Loss:            : Train 0.0000, Val 0.0088, Test 0.0086
          R2_Score         : Train 0.5056, Val 0.3153, Test 0.3071
          RMSE             : Train 7.0999, Val 8.3683, Test 8.2672
          MAE              : Train 5.0055, Val 5.6627, Test 5.6101
Best:
          R2_Score         : Train 0.4032, Val 0.3479, Test 0.3480
          RMSE             : Train 7.8005, Val 8.1671, Test 8.0198
          MAE              : Train 5.4279, Val 5.5931, Test 5.5396
Epoch 50: Loss:            : Train 0.0000, Val 0.0090, Test 0.0088
          R2_Score         : Train 0.5094, Val 0.3012, Test 0.2918
          RMSE             : Train 7.0723, Val 8.4544, Test 8.3582
          MAE              : Train 4.9925, Val 5.7663, Test 5.7155
Best:
          R2_Score         : Train 0.4032, Val 0.3479, Test 0.3480
          RMSE             : Train 7.8005, Val 8.1671, Test 8.0198
          MAE              : Train 5.4279, Val 5.5931, Test 5.5396
Epoch 51: Loss:            : Train 0.0000, Val 0.0090, Test 0.0089
          R2_Score         : Train 0.5130, Val 0.2980, Test 0.2866
          RMSE             : Train 7.0461, Val 8.4738, Test 8.3887
          MAE              : Train 4.9779, Val 5.7266, Test 5.6786
Best:
          R2_Score         : Train 0.4032, Val 0.3479, Test 0.3480
          RMSE             : Train 7.8005, Val 8.1671, Test 8.0198
          MAE              : Train 5.4279, Val 5.5931, Test 5.5396
Epoch 52: Loss:            : Train 0.0000, Val 0.0091, Test 0.0090
          R2_Score         : Train 0.5155, Val 0.2915, Test 0.2783
          RMSE             : Train 7.0285, Val 8.5125, Test 8.4372
          MAE              : Train 4.9673, Val 5.7110, Test 5.6682
Best:
          R2_Score         : Train 0.4032, Val 0.3479, Test 0.3480
          RMSE             : Train 7.8005, Val 8.1671, Test 8.0198
          MAE              : Train 5.4279, Val 5.5931, Test 5.5396
Epoch 53: Loss:            : Train 0.0000, Val 0.0090, Test 0.0088
          R2_Score         : Train 0.5197, Val 0.3038, Test 0.2921
          RMSE             : Train 6.9976, Val 8.4387, Test 8.3565
          MAE              : Train 4.9506, Val 5.6457, Test 5.5993
Best:
          R2_Score         : Train 0.4032, Val 0.3479, Test 0.3480
          RMSE             : Train 7.8005, Val 8.1671, Test 8.0198
          MAE              : Train 5.4279, Val 5.5931, Test 5.5396
Epoch 54: Loss:            : Train 0.0000, Val 0.0090, Test 0.0088
          R2_Score         : Train 0.5229, Val 0.3009, Test 0.2909
          RMSE             : Train 6.9747, Val 8.4559, Test 8.3633
          MAE              : Train 4.9370, Val 5.6840, Test 5.6391
Best:
          R2_Score         : Train 0.4032, Val 0.3479, Test 0.3480
          RMSE             : Train 7.8005, Val 8.1671, Test 8.0198
          MAE              : Train 5.4279, Val 5.5931, Test 5.5396
Epoch 55: Loss:            : Train 0.0000, Val 0.0090, Test 0.0088
          R2_Score         : Train 0.5245, Val 0.3025, Test 0.2906
          RMSE             : Train 6.9629, Val 8.4461, Test 8.3649
          MAE              : Train 4.9305, Val 5.6191, Test 5.5759
Best:
          R2_Score         : Train 0.4032, Val 0.3479, Test 0.3480
          RMSE             : Train 7.8005, Val 8.1671, Test 8.0198
          MAE              : Train 5.4279, Val 5.5931, Test 5.5396
Epoch 56: Loss:            : Train 0.0000, Val 0.0091, Test 0.0089
          R2_Score         : Train 0.5285, Val 0.2945, Test 0.2833
          RMSE             : Train 6.9331, Val 8.4947, Test 8.4080
          MAE              : Train 4.9108, Val 5.6745, Test 5.6233
Best:
          R2_Score         : Train 0.4032, Val 0.3479, Test 0.3480
          RMSE             : Train 7.8005, Val 8.1671, Test 8.0198
          MAE              : Train 5.4279, Val 5.5931, Test 5.5396
Epoch 57: Loss:            : Train 0.0000, Val 0.0091, Test 0.0089
          R2_Score         : Train 0.5326, Val 0.2965, Test 0.2830
          RMSE             : Train 6.9035, Val 8.4825, Test 8.4097
          MAE              : Train 4.8969, Val 5.6853, Test 5.6410
Best:
          R2_Score         : Train 0.4032, Val 0.3479, Test 0.3480
          RMSE             : Train 7.8005, Val 8.1671, Test 8.0198
          MAE              : Train 5.4279, Val 5.5931, Test 5.5396
Epoch 58: Loss:            : Train 0.0000, Val 0.0091, Test 0.0089
          R2_Score         : Train 0.5350, Val 0.2967, Test 0.2833
          RMSE             : Train 6.8852, Val 8.4812, Test 8.4079
          MAE              : Train 4.8877, Val 5.6467, Test 5.6048
Best:
          R2_Score         : Train 0.4032, Val 0.3479, Test 0.3480
          RMSE             : Train 7.8005, Val 8.1671, Test 8.0198
          MAE              : Train 5.4279, Val 5.5931, Test 5.5396
Epoch 59: Loss:            : Train 0.0000, Val 0.0091, Test 0.0090
          R2_Score         : Train 0.5377, Val 0.2907, Test 0.2767
          RMSE             : Train 6.8652, Val 8.5176, Test 8.4469
          MAE              : Train 4.8740, Val 5.7109, Test 5.6713
Best:
          R2_Score         : Train 0.4032, Val 0.3479, Test 0.3480
          RMSE             : Train 7.8005, Val 8.1671, Test 8.0198
          MAE              : Train 5.4279, Val 5.5931, Test 5.5396
Epoch 60: Loss:            : Train 0.0000, Val 0.0092, Test 0.0091
          R2_Score         : Train 0.5422, Val 0.2835, Test 0.2676
          RMSE             : Train 6.8320, Val 8.5603, Test 8.4994
          MAE              : Train 4.8560, Val 5.7496, Test 5.7092
Best:
          R2_Score         : Train 0.4032, Val 0.3479, Test 0.3480
          RMSE             : Train 7.8005, Val 8.1671, Test 8.0198
          MAE              : Train 5.4279, Val 5.5931, Test 5.5396
Epoch 61: Loss:            : Train 0.0000, Val 0.0091, Test 0.0090
          R2_Score         : Train 0.5450, Val 0.2901, Test 0.2765
          RMSE             : Train 6.8111, Val 8.5209, Test 8.4479
          MAE              : Train 4.8419, Val 5.7022, Test 5.6605
Best:
          R2_Score         : Train 0.4032, Val 0.3479, Test 0.3480
          RMSE             : Train 7.8005, Val 8.1671, Test 8.0198
          MAE              : Train 5.4279, Val 5.5931, Test 5.5396
Epoch 62: Loss:            : Train 0.0000, Val 0.0091, Test 0.0089
          R2_Score         : Train 0.5482, Val 0.2958, Test 0.2863
          RMSE             : Train 6.7868, Val 8.4871, Test 8.3903
          MAE              : Train 4.8299, Val 5.6581, Test 5.6087
Best:
          R2_Score         : Train 0.4032, Val 0.3479, Test 0.3480
          RMSE             : Train 7.8005, Val 8.1671, Test 8.0198
          MAE              : Train 5.4279, Val 5.5931, Test 5.5396
Epoch 63: Loss:            : Train 0.0000, Val 0.0093, Test 0.0092
          R2_Score         : Train 0.5516, Val 0.2792, Test 0.2616
          RMSE             : Train 6.7614, Val 8.5862, Test 8.5344
          MAE              : Train 4.8140, Val 5.7197, Test 5.6838
Best:
          R2_Score         : Train 0.4032, Val 0.3479, Test 0.3480
          RMSE             : Train 7.8005, Val 8.1671, Test 8.0198
          MAE              : Train 5.4279, Val 5.5931, Test 5.5396
Epoch 64: Loss:            : Train 0.0000, Val 0.0095, Test 0.0094
          R2_Score         : Train 0.5558, Val 0.2588, Test 0.2435
          RMSE             : Train 6.7300, Val 8.7069, Test 8.6385
          MAE              : Train 4.7961, Val 5.8018, Test 5.7504
Best:
          R2_Score         : Train 0.4032, Val 0.3479, Test 0.3480
          RMSE             : Train 7.8005, Val 8.1671, Test 8.0198
          MAE              : Train 5.4279, Val 5.5931, Test 5.5396
Epoch 65: Loss:            : Train 0.0000, Val 0.0095, Test 0.0094
          R2_Score         : Train 0.5577, Val 0.2636, Test 0.2440
          RMSE             : Train 6.7153, Val 8.6789, Test 8.6352
          MAE              : Train 4.7879, Val 5.8207, Test 5.7839
Best:
          R2_Score         : Train 0.4032, Val 0.3479, Test 0.3480
          RMSE             : Train 7.8005, Val 8.1671, Test 8.0198
          MAE              : Train 5.4279, Val 5.5931, Test 5.5396
Epoch 66: Loss:            : Train 0.0000, Val 0.0094, Test 0.0093
          R2_Score         : Train 0.5612, Val 0.2694, Test 0.2556
          RMSE             : Train 6.6888, Val 8.6443, Test 8.5692
          MAE              : Train 4.7756, Val 5.7343, Test 5.6883
Best:
          R2_Score         : Train 0.4032, Val 0.3479, Test 0.3480
          RMSE             : Train 7.8005, Val 8.1671, Test 8.0198
          MAE              : Train 5.4279, Val 5.5931, Test 5.5396
Epoch 67: Loss:            : Train 0.0000, Val 0.0094, Test 0.0092
          R2_Score         : Train 0.5652, Val 0.2725, Test 0.2593
          RMSE             : Train 6.6582, Val 8.6262, Test 8.5478
          MAE              : Train 4.7548, Val 5.7334, Test 5.6861
Best:
          R2_Score         : Train 0.4032, Val 0.3479, Test 0.3480
          RMSE             : Train 7.8005, Val 8.1671, Test 8.0198
          MAE              : Train 5.4279, Val 5.5931, Test 5.5396
Epoch 68: Loss:            : Train 0.0000, Val 0.0095, Test 0.0093
          R2_Score         : Train 0.5682, Val 0.2612, Test 0.2498
          RMSE             : Train 6.6350, Val 8.6926, Test 8.6025
          MAE              : Train 4.7422, Val 5.7945, Test 5.7436
Best:
          R2_Score         : Train 0.4032, Val 0.3479, Test 0.3480
          RMSE             : Train 7.8005, Val 8.1671, Test 8.0198
          MAE              : Train 5.4279, Val 5.5931, Test 5.5396
Epoch 69: Loss:            : Train 0.0000, Val 0.0097, Test 0.0096
          R2_Score         : Train 0.5708, Val 0.2463, Test 0.2308
          RMSE             : Train 6.6151, Val 8.7802, Test 8.7108
          MAE              : Train 4.7308, Val 5.9038, Test 5.8590
Best:
          R2_Score         : Train 0.4032, Val 0.3479, Test 0.3480
          RMSE             : Train 7.8005, Val 8.1671, Test 8.0198
          MAE              : Train 5.4279, Val 5.5931, Test 5.5396
Epoch 70: Loss:            : Train 0.0000, Val 0.0096, Test 0.0094
          R2_Score         : Train 0.5739, Val 0.2571, Test 0.2399
          RMSE             : Train 6.5914, Val 8.7171, Test 8.6586
          MAE              : Train 4.7197, Val 5.8153, Test 5.7825
Best:
          R2_Score         : Train 0.4032, Val 0.3479, Test 0.3480
          RMSE             : Train 7.8005, Val 8.1671, Test 8.0198
          MAE              : Train 5.4279, Val 5.5931, Test 5.5396
Epoch 71: Loss:            : Train 0.0000, Val 0.0098, Test 0.0098
          R2_Score         : Train 0.5782, Val 0.2363, Test 0.2142
          RMSE             : Train 6.5579, Val 8.8381, Test 8.8041
          MAE              : Train 4.6982, Val 5.9336, Test 5.9078
Best:
          R2_Score         : Train 0.4032, Val 0.3479, Test 0.3480
          RMSE             : Train 7.8005, Val 8.1671, Test 8.0198
          MAE              : Train 5.4279, Val 5.5931, Test 5.5396
Epoch 72: Loss:            : Train 0.0000, Val 0.0097, Test 0.0095
          R2_Score         : Train 0.5803, Val 0.2502, Test 0.2352
          RMSE             : Train 6.5419, Val 8.7570, Test 8.6854
          MAE              : Train 4.6892, Val 5.7885, Test 5.7465
Best:
          R2_Score         : Train 0.4032, Val 0.3479, Test 0.3480
          RMSE             : Train 7.8005, Val 8.1671, Test 8.0198
          MAE              : Train 5.4279, Val 5.5931, Test 5.5396
Epoch 73: Loss:            : Train 0.0000, Val 0.0096, Test 0.0095
          R2_Score         : Train 0.5837, Val 0.2531, Test 0.2377
          RMSE             : Train 6.5153, Val 8.7405, Test 8.6714
          MAE              : Train 4.6750, Val 5.8010, Test 5.7585
Best:
          R2_Score         : Train 0.4032, Val 0.3479, Test 0.3480
          RMSE             : Train 7.8005, Val 8.1671, Test 8.0198
          MAE              : Train 5.4279, Val 5.5931, Test 5.5396
Epoch 74: Loss:            : Train 0.0000, Val 0.0095, Test 0.0094
          R2_Score         : Train 0.5870, Val 0.2615, Test 0.2473
          RMSE             : Train 6.4889, Val 8.6913, Test 8.6166
          MAE              : Train 4.6585, Val 5.7638, Test 5.7244
Best:
          R2_Score         : Train 0.4032, Val 0.3479, Test 0.3480
          RMSE             : Train 7.8005, Val 8.1671, Test 8.0198
          MAE              : Train 5.4279, Val 5.5931, Test 5.5396
Epoch 75: Loss:            : Train 0.0000, Val 0.0097, Test 0.0096
          R2_Score         : Train 0.5895, Val 0.2452, Test 0.2291
          RMSE             : Train 6.4694, Val 8.7864, Test 8.7204
          MAE              : Train 4.6491, Val 5.7968, Test 5.7565
Best:
          R2_Score         : Train 0.4032, Val 0.3479, Test 0.3480
          RMSE             : Train 7.8005, Val 8.1671, Test 8.0198
          MAE              : Train 5.4279, Val 5.5931, Test 5.5396
Epoch 76: Loss:            : Train 0.0000, Val 0.0095, Test 0.0094
          R2_Score         : Train 0.5926, Val 0.2617, Test 0.2473
          RMSE             : Train 6.4453, Val 8.6898, Test 8.6167
          MAE              : Train 4.6335, Val 5.7732, Test 5.7394
Best:
          R2_Score         : Train 0.4032, Val 0.3479, Test 0.3480
          RMSE             : Train 7.8005, Val 8.1671, Test 8.0198
          MAE              : Train 5.4279, Val 5.5931, Test 5.5396
Epoch 77: Loss:            : Train 0.0000, Val 0.0098, Test 0.0096
          R2_Score         : Train 0.5960, Val 0.2431, Test 0.2272
          RMSE             : Train 6.4182, Val 8.7989, Test 8.7310
          MAE              : Train 4.6179, Val 5.8645, Test 5.8298
Best:
          R2_Score         : Train 0.4032, Val 0.3479, Test 0.3480
          RMSE             : Train 7.8005, Val 8.1671, Test 8.0198
          MAE              : Train 5.4279, Val 5.5931, Test 5.5396
Epoch 78: Loss:            : Train 0.0000, Val 0.0097, Test 0.0096
          R2_Score         : Train 0.5975, Val 0.2438, Test 0.2280
          RMSE             : Train 6.4061, Val 8.7945, Test 8.7266
          MAE              : Train 4.6134, Val 5.8031, Test 5.7717
Best:
          R2_Score         : Train 0.4032, Val 0.3479, Test 0.3480
          RMSE             : Train 7.8005, Val 8.1671, Test 8.0198
          MAE              : Train 5.4279, Val 5.5931, Test 5.5396
Epoch 79: Loss:            : Train 0.0000, Val 0.0098, Test 0.0097
          R2_Score         : Train 0.6024, Val 0.2366, Test 0.2183
          RMSE             : Train 6.3669, Val 8.8361, Test 8.7811
          MAE              : Train 4.5880, Val 5.8587, Test 5.8206
Best:
          R2_Score         : Train 0.4032, Val 0.3479, Test 0.3480
          RMSE             : Train 7.8005, Val 8.1671, Test 8.0198
          MAE              : Train 5.4279, Val 5.5931, Test 5.5396
Epoch 80: Loss:            : Train 0.0000, Val 0.0098, Test 0.0097
          R2_Score         : Train 0.6045, Val 0.2368, Test 0.2196
          RMSE             : Train 6.3499, Val 8.8353, Test 8.7738
          MAE              : Train 4.5760, Val 5.9552, Test 5.9336
Best:
          R2_Score         : Train 0.4032, Val 0.3479, Test 0.3480
          RMSE             : Train 7.8005, Val 8.1671, Test 8.0198
          MAE              : Train 5.4279, Val 5.5931, Test 5.5396
Epoch 81: Loss:            : Train 0.0000, Val 0.0099, Test 0.0098
          R2_Score         : Train 0.6077, Val 0.2318, Test 0.2117
          RMSE             : Train 6.3242, Val 8.8640, Test 8.8182
          MAE              : Train 4.5649, Val 5.8542, Test 5.8371
Best:
          R2_Score         : Train 0.4032, Val 0.3479, Test 0.3480
          RMSE             : Train 7.8005, Val 8.1671, Test 8.0198
          MAE              : Train 5.4279, Val 5.5931, Test 5.5396
Epoch 82: Loss:            : Train 0.0000, Val 0.0101, Test 0.0100
          R2_Score         : Train 0.6108, Val 0.2157, Test 0.1949
          RMSE             : Train 6.2995, Val 8.9564, Test 8.9114
          MAE              : Train 4.5506, Val 5.9873, Test 5.9579
Best:
          R2_Score         : Train 0.4032, Val 0.3479, Test 0.3480
          RMSE             : Train 7.8005, Val 8.1671, Test 8.0198
          MAE              : Train 5.4279, Val 5.5931, Test 5.5396
Epoch 83: Loss:            : Train 0.0000, Val 0.0099, Test 0.0098
          R2_Score         : Train 0.6135, Val 0.2287, Test 0.2071
          RMSE             : Train 6.2775, Val 8.8822, Test 8.8435
          MAE              : Train 4.5346, Val 5.9206, Test 5.8997
Best:
          R2_Score         : Train 0.4032, Val 0.3479, Test 0.3480
          RMSE             : Train 7.8005, Val 8.1671, Test 8.0198
          MAE              : Train 5.4279, Val 5.5931, Test 5.5396
Epoch 84: Loss:            : Train 0.0000, Val 0.0099, Test 0.0097
          R2_Score         : Train 0.6139, Val 0.2301, Test 0.2149
          RMSE             : Train 6.2742, Val 8.8738, Test 8.8004
          MAE              : Train 4.5381, Val 5.8582, Test 5.8222
Best:
          R2_Score         : Train 0.4032, Val 0.3479, Test 0.3480
          RMSE             : Train 7.8005, Val 8.1671, Test 8.0198
          MAE              : Train 5.4279, Val 5.5931, Test 5.5396
Epoch 85: Loss:            : Train 0.0000, Val 0.0100, Test 0.0099
          R2_Score         : Train 0.6195, Val 0.2262, Test 0.2011
          RMSE             : Train 6.2289, Val 8.8962, Test 8.8769
          MAE              : Train 4.5088, Val 5.8758, Test 5.8640
Best:
          R2_Score         : Train 0.4032, Val 0.3479, Test 0.3480
          RMSE             : Train 7.8005, Val 8.1671, Test 8.0198
          MAE              : Train 5.4279, Val 5.5931, Test 5.5396
Epoch 86: Loss:            : Train 0.0000, Val 0.0100, Test 0.0099
          R2_Score         : Train 0.6232, Val 0.2224, Test 0.2014
          RMSE             : Train 6.1982, Val 8.9184, Test 8.8755
          MAE              : Train 4.4895, Val 5.8683, Test 5.8475
Best:
          R2_Score         : Train 0.4032, Val 0.3479, Test 0.3480
          RMSE             : Train 7.8005, Val 8.1671, Test 8.0198
          MAE              : Train 5.4279, Val 5.5931, Test 5.5396
Epoch 87: Loss:            : Train 0.0000, Val 0.0099, Test 0.0097
          R2_Score         : Train 0.6255, Val 0.2352, Test 0.2162
          RMSE             : Train 6.1791, Val 8.8447, Test 8.7928
          MAE              : Train 4.4752, Val 5.8187, Test 5.7946
Best:
          R2_Score         : Train 0.4032, Val 0.3479, Test 0.3480
          RMSE             : Train 7.8005, Val 8.1671, Test 8.0198
          MAE              : Train 5.4279, Val 5.5931, Test 5.5396
Epoch 88: Loss:            : Train 0.0000, Val 0.0102, Test 0.0101
          R2_Score         : Train 0.6266, Val 0.2076, Test 0.1820
          RMSE             : Train 6.1698, Val 9.0025, Test 8.9827
          MAE              : Train 4.4776, Val 5.8948, Test 5.8771
Best:
          R2_Score         : Train 0.4032, Val 0.3479, Test 0.3480
          RMSE             : Train 7.8005, Val 8.1671, Test 8.0198
          MAE              : Train 5.4279, Val 5.5931, Test 5.5396
Epoch 89: Loss:            : Train 0.0000, Val 0.0101, Test 0.0100
          R2_Score         : Train 0.6305, Val 0.2187, Test 0.1915
          RMSE             : Train 6.1376, Val 8.9393, Test 8.9304
          MAE              : Train 4.4517, Val 5.9316, Test 5.9227
Best:
          R2_Score         : Train 0.4032, Val 0.3479, Test 0.3480
          RMSE             : Train 7.8005, Val 8.1671, Test 8.0198
          MAE              : Train 5.4279, Val 5.5931, Test 5.5396
Epoch 90: Loss:            : Train 0.0000, Val 0.0100, Test 0.0098
          R2_Score         : Train 0.6331, Val 0.2268, Test 0.2137
          RMSE             : Train 6.1163, Val 8.8929, Test 8.8068
          MAE              : Train 4.4418, Val 5.7975, Test 5.7689
Best:
          R2_Score         : Train 0.4032, Val 0.3479, Test 0.3480
          RMSE             : Train 7.8005, Val 8.1671, Test 8.0198
          MAE              : Train 5.4279, Val 5.5931, Test 5.5396
Epoch 91: Loss:            : Train 0.0000, Val 0.0101, Test 0.0100
          R2_Score         : Train 0.6360, Val 0.2175, Test 0.1927
          RMSE             : Train 6.0923, Val 8.9464, Test 8.9234
          MAE              : Train 4.4280, Val 5.9091, Test 5.9000
Best:
          R2_Score         : Train 0.4032, Val 0.3479, Test 0.3480
          RMSE             : Train 7.8005, Val 8.1671, Test 8.0198
          MAE              : Train 5.4279, Val 5.5931, Test 5.5396
Epoch 92: Loss:            : Train 0.0000, Val 0.0100, Test 0.0099
          R2_Score         : Train 0.6398, Val 0.2221, Test 0.1979
          RMSE             : Train 6.0603, Val 8.9198, Test 8.8952
          MAE              : Train 4.4066, Val 5.9056, Test 5.8935
Best:
          R2_Score         : Train 0.4032, Val 0.3479, Test 0.3480
          RMSE             : Train 7.8005, Val 8.1671, Test 8.0198
          MAE              : Train 5.4279, Val 5.5931, Test 5.5396
Epoch 93: Loss:            : Train 0.0000, Val 0.0102, Test 0.0101
          R2_Score         : Train 0.6433, Val 0.2111, Test 0.1870
          RMSE             : Train 6.0305, Val 8.9828, Test 8.9550
          MAE              : Train 4.3889, Val 5.9171, Test 5.9077
Best:
          R2_Score         : Train 0.4032, Val 0.3479, Test 0.3480
          RMSE             : Train 7.8005, Val 8.1671, Test 8.0198
          MAE              : Train 5.4279, Val 5.5931, Test 5.5396
Epoch 94: Loss:            : Train 0.0000, Val 0.0100, Test 0.0099
          R2_Score         : Train 0.6452, Val 0.2225, Test 0.2015
          RMSE             : Train 6.0145, Val 8.9178, Test 8.8751
          MAE              : Train 4.3780, Val 5.8837, Test 5.8816
Best:
          R2_Score         : Train 0.4032, Val 0.3479, Test 0.3480
          RMSE             : Train 7.8005, Val 8.1671, Test 8.0198
          MAE              : Train 5.4279, Val 5.5931, Test 5.5396
Epoch 95: Loss:            : Train 0.0000, Val 0.0104, Test 0.0103
          R2_Score         : Train 0.6480, Val 0.1956, Test 0.1659
          RMSE             : Train 5.9911, Val 9.0706, Test 9.0706
          MAE              : Train 4.3676, Val 5.9511, Test 5.9466
Best:
          R2_Score         : Train 0.4032, Val 0.3479, Test 0.3480
          RMSE             : Train 7.8005, Val 8.1671, Test 8.0198
          MAE              : Train 5.4279, Val 5.5931, Test 5.5396
Epoch 96: Loss:            : Train 0.0000, Val 0.0103, Test 0.0102
          R2_Score         : Train 0.6503, Val 0.2026, Test 0.1763
          RMSE             : Train 5.9708, Val 9.0313, Test 9.0137
          MAE              : Train 4.3547, Val 5.9715, Test 5.9682
Best:
          R2_Score         : Train 0.4032, Val 0.3479, Test 0.3480
          RMSE             : Train 7.8005, Val 8.1671, Test 8.0198
          MAE              : Train 5.4279, Val 5.5931, Test 5.5396
Epoch 97: Loss:            : Train 0.0000, Val 0.0104, Test 0.0104
          R2_Score         : Train 0.6539, Val 0.1899, Test 0.1630
          RMSE             : Train 5.9404, Val 9.1026, Test 9.0866
          MAE              : Train 4.3380, Val 5.9467, Test 5.9445
Best:
          R2_Score         : Train 0.4032, Val 0.3479, Test 0.3480
          RMSE             : Train 7.8005, Val 8.1671, Test 8.0198
          MAE              : Train 5.4279, Val 5.5931, Test 5.5396
Epoch 98: Loss:            : Train 0.0000, Val 0.0102, Test 0.0102
          R2_Score         : Train 0.6553, Val 0.2075, Test 0.1790
          RMSE             : Train 5.9287, Val 9.0030, Test 8.9989
          MAE              : Train 4.3295, Val 5.9026, Test 5.9029
Best:
          R2_Score         : Train 0.4032, Val 0.3479, Test 0.3480
          RMSE             : Train 7.8005, Val 8.1671, Test 8.0198
          MAE              : Train 5.4279, Val 5.5931, Test 5.5396
Epoch 99: Loss:            : Train 0.0000, Val 0.0105, Test 0.0104
          R2_Score         : Train 0.6583, Val 0.1851, Test 0.1562
          RMSE             : Train 5.9026, Val 9.1293, Test 9.1233
          MAE              : Train 4.3136, Val 5.9976, Test 5.9958
Best:
          R2_Score         : Train 0.4032, Val 0.3479, Test 0.3480
          RMSE             : Train 7.8005, Val 8.1671, Test 8.0198
          MAE              : Train 5.4279, Val 5.5931, Test 5.5396
Epoch 100: Loss:            : Train 0.0000, Val 0.0103, Test 0.0102
          R2_Score         : Train 0.6601, Val 0.1983, Test 0.1756
          RMSE             : Train 5.8868, Val 9.0552, Test 9.0178
          MAE              : Train 4.3029, Val 5.9412, Test 5.9313
Best:
          R2_Score         : Train 0.4032, Val 0.3479, Test 0.3480
          RMSE             : Train 7.8005, Val 8.1671, Test 8.0198
          MAE              : Train 5.4279, Val 5.5931, Test 5.5396
Training time (sec): 381
