Loading MSD from data/song/msd_clean.csv
Loading FMA from data/song/fma_clean.csv
Current MSD columns Index(['0', '1', '2', '3', '4', '5', '6', '7', '8', '9', '10', '11', '12',
       '13', '14', '15', '16', '17', '18', '19', '20', '21', '22', '23', '24',
       '25', '26', '27', '28', '29', '30', '31', '32', '33', '34', '35', '36',
       '37', '38', '39', '40', '41', '42', '43', '44', '45', '46', '47', '48',
       '49', '50', '51', '52', '53', '54', '55', '56', '57', '58', '59', '60',
       '61', '62', '63', '64', '65', '66', '67', '68', '69', '70', '71', '72',
       '73', '74', '75', '76', '77', '78', '79', '80', '81', '82', '83', '84',
       '85', '86', '87', '88', '89', 'title'],
      dtype='object')
Current FMA columns Index(['title', '0', '1', '2', '3', '4', '5', '6', '7', '8',
       ...
       '508', '509', '510', '511', '512', '513', '514', '515', '516', '517'],
      dtype='object', length=519)
Loading data from cache
Done
Calculating noise scale
Standard variance of sim_score: 383.00
Adding noise of scale 0.10472837174429839 to sim_scores
Adding noise of scale 0.10472837174429839 to sim_scores
Adding noise of scale 0.10472837174429839 to sim_scores
Preparing time (sec): 156
Initializing dataloader
Done
Prepare for training
Start training
SplitNN summary
==========================================================================================
Layer (type:depth-idx)                   Output Shape              Param #
==========================================================================================
SplitNN                                  --                        --
├─MLP: 1                                 --                        --
│    └─ModuleList: 2-1                   --                        --
├─ModuleList: 1-1                        --                        --
│    └─MLP: 2                            --                        --
│    │    └─ModuleList: 3-1              --                        14,150
│    └─MLP: 2                            --                        --
│    │    └─ModuleList: 3-2              --                        56,950
│    └─MLP: 2-2                          [128, 50]                 --
│    └─MLP: 2-3                          [128, 50]                 --
├─MLP: 1-2                               [128, 10]                 --
│    └─ModuleList: 2-1                   --                        --
│    │    └─Linear: 3-3                  [128, 100]                10,100
│    │    └─Linear: 3-4                  [128, 10]                 1,010
==========================================================================================
Total params: 82,210
Trainable params: 82,210
Non-trainable params: 0
Total mult-adds (M): 10.52
==========================================================================================
Input size (MB): 0.31
Forward/backward pass size (MB): 0.42
Params size (MB): 0.33
Estimated Total Size (MB): 1.06
==========================================================================================
Merge model summary
==========================================================================================
Layer (type:depth-idx)                   Output Shape              Param #
==========================================================================================
ConvModel                                --                        --
├─Conv2d: 1-1                            [1, 8, 34, 10]            48
├─Dropout: 1-2                           [1, 2720]                 --
├─Linear: 1-3                            [1, 400]                  1,088,400
├─Dropout: 1-4                           [1, 400]                  --
├─Linear: 1-5                            [1, 1]                    401
==========================================================================================
Total params: 1,088,849
Trainable params: 1,088,849
Non-trainable params: 0
Total mult-adds (M): 1.11
==========================================================================================
Input size (MB): 0.00
Forward/backward pass size (MB): 0.02
Params size (MB): 4.36
Estimated Total Size (MB): 4.38
==========================================================================================
Similarity model summary
==========================================================================================
Layer (type:depth-idx)                   Output Shape              Param #
==========================================================================================
MLP                                      --                        --
├─ModuleList: 1-1                        --                        --
│    └─Linear: 2-1                       [1, 10]                   20
│    └─Linear: 2-2                       [1, 1]                    11
==========================================================================================
Total params: 31
Trainable params: 31
Non-trainable params: 0
Total mult-adds (M): 0.00
==========================================================================================
Input size (MB): 0.00
Forward/backward pass size (MB): 0.00
Params size (MB): 0.00
Estimated Total Size (MB): 0.00
==========================================================================================
n_classes=2
task=regression
model_name=song_fedsim_2022-02-01-19-54-25
sche_threshold=0.0001
sche_patience=10
sche_factor=0.1
use_scheduler=False
num_workers=4
device=cuda:7
test_batch_size=4096
train_batch_size=128
learning_rate=0.001
weight_decay=1e-05
num_epochs=20
model_save_path=ckp/song_fedsim_2022-02-01-19-54-25.pth
test_rate=0.2
val_rate=0.1
multiprocess_context=fork
metrics=['r2_score', 'rmse', 'mae']
metrics_f=[<metric.r2_score.R2Score object at 0x7fc20be87bb0>, <metric.rmse.RMSE object at 0x7fc20be87be0>, <metric.mae.MAE object at 0x7fc20be87eb0>]
hidden_sizes=[50, 50]
model=SplitNN(
  (agg_model): MLP(
    (fc_layers): ModuleList(
      (0): Linear(in_features=100, out_features=100, bias=True)
      (1): Linear(in_features=100, out_features=10, bias=True)
    )
  )
  (local_models): ModuleList(
    (0): MLP(
      (fc_layers): ModuleList(
        (0): Linear(in_features=90, out_features=100, bias=True)
        (1): Linear(in_features=100, out_features=50, bias=True)
      )
    )
    (1): MLP(
      (fc_layers): ModuleList(
        (0): Linear(in_features=518, out_features=100, bias=True)
        (1): Linear(in_features=100, out_features=50, bias=True)
      )
    )
  )
)
writer=<torch.utils.tensorboard.writer.SummaryWriter object at 0x7fc20be87ac0>
dataset_type=real
drop_key=True
num_common_features=1
tree_radius=0.01
tree_leaf_size=1000
knn_k=30
grid_min=-10.0
grid_max=10.0
grid_width=1.5
sim_scaler=StandardScaler()
filter_top_k=None
link_n_jobs=1
psig_p=4
sim_leak_p=0.01
link_threshold_t=0.1
link_epsilon=0.1
n_hash_lsh=50
edit_distance_threshold=10
n_hash_func=50
collision_rate=0.01
qgram_q=4
link_delta=0.01
feature_wise_sim=False
blocking_method=knn_priv_str
center_threshold=0.5
n_clusters=100
local_hidden_sizes=[[100], [100]]
cut_dims=[50, 50]
agg_hidden_sizes=[100]
scale_analysis=<utils.privacy.SimNoiseScale object at 0x7fc206a7b310>
mlp_merge=None
use_sim=True
use_conv=True
conv_kernel_v_size=5
conv_n_channels=8
merge_dropout_p=0.3
raw_output_dim=10
log_dir=log/song_fedsim_2022-02-01-19-54-25/
update_sim_freq=1
sim_model_save_path=ckp/song_fedsim_2022-02-01-19-54-25_sim.pth
merge_model_save_path=ckp/song_fedsim_2022-02-01-19-54-25_merge.pth
sim_batch_size=128
sim_weight_decay=1e-05
sim_learning_rate=0.001
merge_model=ConvModel(
  (conv1): Conv2d(1, 8, kernel_size=[5, 1], stride=(1, 1), padding=[4, 0])
  (fc1): Linear(in_features=2720, out_features=400, bias=True)
  (fc2): Linear(in_features=400, out_features=1, bias=True)
  (dropout1): Dropout(p=0.3, inplace=False)
  (dropout2): Dropout(p=0.3, inplace=False)
)
sim_model=MLP(
  (fc_layers): ModuleList(
    (0): Linear(in_features=1, out_features=10, bias=True)
    (1): Linear(in_features=10, out_features=1, bias=True)
  )
)
sim_hidden_sizes=[10]
merge_hidden_sizes=[400]
data1_shape=(349270, 91)
data2_shape=(63147, 519)
Epoch 1: Loss:            : Train 0.0111, Val 0.0089, Test 0.0085
          R2_Score         : Train 0.1411, Val 0.3106, Test 0.3160
          RMSE             : Train 9.3581, Val 8.3973, Test 8.2138
          MAE              : Train 6.5037, Val 5.9492, Test 5.8750
Best:
          R2_Score         : Train 0.1411, Val 0.3106, Test 0.3160
          RMSE             : Train 9.3581, Val 8.3973, Test 8.2138
          MAE              : Train 6.5037, Val 5.9492, Test 5.8750
Epoch 2: Loss:            : Train 0.0085, Val 0.0085, Test 0.0082
          R2_Score         : Train 0.3415, Val 0.3390, Test 0.3430
          RMSE             : Train 8.1941, Val 8.2224, Test 8.0502
          MAE              : Train 5.6836, Val 5.8731, Test 5.8021
Best:
          R2_Score         : Train 0.3415, Val 0.3390, Test 0.3430
          RMSE             : Train 8.1941, Val 8.2224, Test 8.0502
          MAE              : Train 5.6836, Val 5.8731, Test 5.8021
Epoch 3: Loss:            : Train 0.0083, Val 0.0085, Test 0.0081
          R2_Score         : Train 0.3582, Val 0.3423, Test 0.3478
          RMSE             : Train 8.0895, Val 8.2019, Test 8.0208
          MAE              : Train 5.5992, Val 5.4783, Test 5.4086
Best:
          R2_Score         : Train 0.3582, Val 0.3423, Test 0.3478
          RMSE             : Train 8.0895, Val 8.2019, Test 8.0208
          MAE              : Train 5.5992, Val 5.4783, Test 5.4086
Epoch 4: Loss:            : Train 0.0081, Val 0.0083, Test 0.0079
          R2_Score         : Train 0.3701, Val 0.3594, Test 0.3627
          RMSE             : Train 8.0138, Val 8.0944, Test 7.9284
          MAE              : Train 5.5459, Val 5.6394, Test 5.5718
Best:
          R2_Score         : Train 0.3701, Val 0.3594, Test 0.3627
          RMSE             : Train 8.0138, Val 8.0944, Test 7.9284
          MAE              : Train 5.5459, Val 5.6394, Test 5.5718
Epoch 5: Loss:            : Train 0.0080, Val 0.0082, Test 0.0079
          R2_Score         : Train 0.3797, Val 0.3630, Test 0.3660
          RMSE             : Train 7.9527, Val 8.0717, Test 7.9082
          MAE              : Train 5.4955, Val 5.5541, Test 5.4863
Best:
          R2_Score         : Train 0.3797, Val 0.3630, Test 0.3660
          RMSE             : Train 7.9527, Val 8.0717, Test 7.9082
          MAE              : Train 5.4955, Val 5.5541, Test 5.4863
Epoch 6: Loss:            : Train 0.0079, Val 0.0082, Test 0.0079
          R2_Score         : Train 0.3890, Val 0.3630, Test 0.3657
          RMSE             : Train 7.8929, Val 8.0717, Test 7.9096
          MAE              : Train 5.4570, Val 5.5911, Test 5.5240
Best:
          R2_Score         : Train 0.3797, Val 0.3630, Test 0.3660
          RMSE             : Train 7.9527, Val 8.0717, Test 7.9082
          MAE              : Train 5.4955, Val 5.5541, Test 5.4863
Epoch 7: Loss:            : Train 0.0078, Val 0.0082, Test 0.0079
          R2_Score         : Train 0.3958, Val 0.3683, Test 0.3695
          RMSE             : Train 7.8486, Val 8.0379, Test 7.8865
          MAE              : Train 5.4215, Val 5.4968, Test 5.4293
Best:
          R2_Score         : Train 0.3958, Val 0.3683, Test 0.3695
          RMSE             : Train 7.8486, Val 8.0379, Test 7.8865
          MAE              : Train 5.4215, Val 5.4968, Test 5.4293
Epoch 8: Loss:            : Train 0.0077, Val 0.0083, Test 0.0080
          R2_Score         : Train 0.4029, Val 0.3584, Test 0.3602
          RMSE             : Train 7.8023, Val 8.1005, Test 7.9440
          MAE              : Train 5.3884, Val 5.4195, Test 5.3552
Best:
          R2_Score         : Train 0.3958, Val 0.3683, Test 0.3695
          RMSE             : Train 7.8486, Val 8.0379, Test 7.8865
          MAE              : Train 5.4215, Val 5.4968, Test 5.4293
Epoch 9: Loss:            : Train 0.0076, Val 0.0082, Test 0.0079
          R2_Score         : Train 0.4080, Val 0.3661, Test 0.3686
          RMSE             : Train 7.7689, Val 8.0520, Test 7.8920
          MAE              : Train 5.3675, Val 5.4864, Test 5.4244
Best:
          R2_Score         : Train 0.3958, Val 0.3683, Test 0.3695
          RMSE             : Train 7.8486, Val 8.0379, Test 7.8865
          MAE              : Train 5.4215, Val 5.4968, Test 5.4293
Epoch 10: Loss:            : Train 0.0075, Val 0.0082, Test 0.0080
          R2_Score         : Train 0.4137, Val 0.3614, Test 0.3597
          RMSE             : Train 7.7315, Val 8.0821, Test 7.9471
          MAE              : Train 5.3422, Val 5.5181, Test 5.4529
Best:
          R2_Score         : Train 0.3958, Val 0.3683, Test 0.3695
          RMSE             : Train 7.8486, Val 8.0379, Test 7.8865
          MAE              : Train 5.4215, Val 5.4968, Test 5.4293
Epoch 11: Loss:            : Train 0.0075, Val 0.0082, Test 0.0079
          R2_Score         : Train 0.4182, Val 0.3633, Test 0.3644
          RMSE             : Train 7.7015, Val 8.0700, Test 7.9178
          MAE              : Train 5.3243, Val 5.4006, Test 5.3375
Best:
          R2_Score         : Train 0.3958, Val 0.3683, Test 0.3695
          RMSE             : Train 7.8486, Val 8.0379, Test 7.8865
          MAE              : Train 5.4215, Val 5.4968, Test 5.4293
Epoch 12: Loss:            : Train 0.0074, Val 0.0082, Test 0.0079
          R2_Score         : Train 0.4236, Val 0.3660, Test 0.3637
          RMSE             : Train 7.6659, Val 8.0530, Test 7.9225
          MAE              : Train 5.3003, Val 5.4307, Test 5.3795
Best:
          R2_Score         : Train 0.3958, Val 0.3683, Test 0.3695
          RMSE             : Train 7.8486, Val 8.0379, Test 7.8865
          MAE              : Train 5.4215, Val 5.4968, Test 5.4293
Epoch 13: Loss:            : Train 0.0074, Val 0.0082, Test 0.0080
          R2_Score         : Train 0.4282, Val 0.3663, Test 0.3609
          RMSE             : Train 7.6352, Val 8.0510, Test 7.9396
          MAE              : Train 5.2814, Val 5.4861, Test 5.4404
Best:
          R2_Score         : Train 0.3958, Val 0.3683, Test 0.3695
          RMSE             : Train 7.8486, Val 8.0379, Test 7.8865
          MAE              : Train 5.4215, Val 5.4968, Test 5.4293
Epoch 14: Loss:            : Train 0.0073, Val 0.0082, Test 0.0080
          R2_Score         : Train 0.4322, Val 0.3629, Test 0.3575
          RMSE             : Train 7.6084, Val 8.0724, Test 7.9609
          MAE              : Train 5.2615, Val 5.4824, Test 5.4251
Best:
          R2_Score         : Train 0.3958, Val 0.3683, Test 0.3695
          RMSE             : Train 7.8486, Val 8.0379, Test 7.8865
          MAE              : Train 5.4215, Val 5.4968, Test 5.4293
Epoch 15: Loss:            : Train 0.0072, Val 0.0083, Test 0.0080
          R2_Score         : Train 0.4377, Val 0.3604, Test 0.3583
          RMSE             : Train 7.5715, Val 8.0885, Test 7.9560
          MAE              : Train 5.2372, Val 5.4626, Test 5.4115
Best:
          R2_Score         : Train 0.3958, Val 0.3683, Test 0.3695
          RMSE             : Train 7.8486, Val 8.0379, Test 7.8865
          MAE              : Train 5.4215, Val 5.4968, Test 5.4293
Epoch 16: Loss:            : Train 0.0072, Val 0.0083, Test 0.0080
          R2_Score         : Train 0.4421, Val 0.3592, Test 0.3567
          RMSE             : Train 7.5418, Val 8.0956, Test 7.9659
          MAE              : Train 5.2247, Val 5.5106, Test 5.4552
Best:
          R2_Score         : Train 0.3958, Val 0.3683, Test 0.3695
          RMSE             : Train 7.8486, Val 8.0379, Test 7.8865
          MAE              : Train 5.4215, Val 5.4968, Test 5.4293
Epoch 17: Loss:            : Train 0.0071, Val 0.0083, Test 0.0081
          R2_Score         : Train 0.4452, Val 0.3546, Test 0.3475
          RMSE             : Train 7.5213, Val 8.1245, Test 8.0224
          MAE              : Train 5.2136, Val 5.3893, Test 5.3414
Best:
          R2_Score         : Train 0.3958, Val 0.3683, Test 0.3695
          RMSE             : Train 7.8486, Val 8.0379, Test 7.8865
          MAE              : Train 5.4215, Val 5.4968, Test 5.4293
Epoch 18: Loss:            : Train 0.0071, Val 0.0083, Test 0.0080
          R2_Score         : Train 0.4503, Val 0.3565, Test 0.3554
          RMSE             : Train 7.4863, Val 8.1131, Test 7.9740
          MAE              : Train 5.1902, Val 5.4104, Test 5.3551
Best:
          R2_Score         : Train 0.3958, Val 0.3683, Test 0.3695
          RMSE             : Train 7.8486, Val 8.0379, Test 7.8865
          MAE              : Train 5.4215, Val 5.4968, Test 5.4293
Epoch 19: Loss:            : Train 0.0071, Val 0.0083, Test 0.0081
          R2_Score         : Train 0.4526, Val 0.3544, Test 0.3508
          RMSE             : Train 7.4709, Val 8.1259, Test 8.0025
          MAE              : Train 5.1801, Val 5.5395, Test 5.4826
Best:
          R2_Score         : Train 0.3958, Val 0.3683, Test 0.3695
          RMSE             : Train 7.8486, Val 8.0379, Test 7.8865
          MAE              : Train 5.4215, Val 5.4968, Test 5.4293
Epoch 20: Loss:            : Train 0.0070, Val 0.0086, Test 0.0084
          R2_Score         : Train 0.4564, Val 0.3333, Test 0.3277
          RMSE             : Train 7.4446, Val 8.2576, Test 8.1432
          MAE              : Train 5.1685, Val 5.5087, Test 5.4508
Best:
          R2_Score         : Train 0.3958, Val 0.3683, Test 0.3695
          RMSE             : Train 7.8486, Val 8.0379, Test 7.8865
          MAE              : Train 5.4215, Val 5.4968, Test 5.4293
Training time (sec): 1676
