Loading MSD from data/song/msd_clean.csv
Loading FMA from data/song/fma_clean.csv
Current MSD columns Index(['0', '1', '2', '3', '4', '5', '6', '7', '8', '9', '10', '11', '12',
       '13', '14', '15', '16', '17', '18', '19', '20', '21', '22', '23', '24',
       '25', '26', '27', '28', '29', '30', '31', '32', '33', '34', '35', '36',
       '37', '38', '39', '40', '41', '42', '43', '44', '45', '46', '47', '48',
       '49', '50', '51', '52', '53', '54', '55', '56', '57', '58', '59', '60',
       '61', '62', '63', '64', '65', '66', '67', '68', '69', '70', '71', '72',
       '73', '74', '75', '76', '77', '78', '79', '80', '81', '82', '83', '84',
       '85', '86', '87', '88', '89', 'title'],
      dtype='object')
Current FMA columns Index(['title', '0', '1', '2', '3', '4', '5', '6', '7', '8',
       ...
       '508', '509', '510', '511', '512', '513', '514', '515', '516', '517'],
      dtype='object', length=519)
Loading data from cache
Done
Calculating noise scale
Standard variance of sim_score: 383.00
Adding noise of scale 0.02082315818382484 to sim_scores
Adding noise of scale 0.02082315818382484 to sim_scores
Adding noise of scale 0.02082315818382484 to sim_scores
Preparing time (sec): 111
Initializing dataloader
Done
Prepare for training
Start training
================================================================================
                                    Kernel Shape Output Shape  Params  \
Layer                                                                   
0_local_models.0.fc_layers.Linear_0    [91, 100]   [128, 100]    9200   
1_local_models.0.fc_layers.Linear_1    [100, 50]    [128, 50]    5050   
2_local_models.1.fc_layers.Linear_0   [518, 100]   [128, 100]   51900   
3_local_models.1.fc_layers.Linear_1    [100, 50]    [128, 50]    5050   
4_agg_model.fc_layers.Linear_0        [100, 100]   [128, 100]   10100   
5_agg_model.fc_layers.Linear_1          [100, 1]     [128, 1]     101   

                                     Mult-Adds  
Layer                                           
0_local_models.0.fc_layers.Linear_0       9100  
1_local_models.0.fc_layers.Linear_1       5000  
2_local_models.1.fc_layers.Linear_0      51800  
3_local_models.1.fc_layers.Linear_1       5000  
4_agg_model.fc_layers.Linear_0           10000  
5_agg_model.fc_layers.Linear_1             100  
--------------------------------------------------------------------------------
                      Totals
Total params           81401
Trainable params       81401
Non-trainable params       0
Mult-Adds              81000
================================================================================
n_classes=2
task=regression
model_name=song_featuresim_2022-01-31-04-21-37
sche_threshold=0.0001
sche_patience=10
sche_factor=0.1
use_scheduler=False
num_workers=4
device=cuda:7
test_batch_size=4096
train_batch_size=128
learning_rate=0.001
weight_decay=1e-05
num_epochs=50
model_save_path=ckp/song_featuresim_2022-01-31-04-21-37.pth
test_rate=0.2
val_rate=0.1
multiprocess_context=fork
metrics=['r2_score', 'rmse', 'mae']
metrics_f=[<metric.r2_score.R2Score object at 0x7f9702295df0>, <metric.rmse.RMSE object at 0x7f9702295d30>, <metric.mae.MAE object at 0x7f9702295ee0>]
hidden_sizes=[50, 50]
model=SplitNN(
  (agg_model): MLP(
    (fc_layers): ModuleList(
      (0): Linear(in_features=100, out_features=100, bias=True)
      (1): Linear(in_features=100, out_features=1, bias=True)
    )
  )
  (local_models): ModuleList(
    (0): MLP(
      (fc_layers): ModuleList(
        (0): Linear(in_features=91, out_features=100, bias=True)
        (1): Linear(in_features=100, out_features=50, bias=True)
      )
    )
    (1): MLP(
      (fc_layers): ModuleList(
        (0): Linear(in_features=518, out_features=100, bias=True)
        (1): Linear(in_features=100, out_features=50, bias=True)
      )
    )
  )
)
writer=<torch.utils.tensorboard.writer.SummaryWriter object at 0x7f9702295d00>
dataset_type=real
drop_key=True
num_common_features=1
tree_radius=0.01
tree_leaf_size=1000
knn_k=30
grid_min=-10.0
grid_max=10.0
grid_width=1.5
sim_scaler=StandardScaler()
filter_top_k=None
link_n_jobs=1
psig_p=4
sim_leak_p=0.05
link_threshold_t=0.1
link_epsilon=0.1
n_hash_lsh=50
edit_distance_threshold=10
n_hash_func=50
collision_rate=0.01
qgram_q=4
link_delta=0.01
feature_wise_sim=False
blocking_method=knn_priv_str
center_threshold=0.5
n_clusters=100
local_hidden_sizes=[[100], [100]]
cut_dims=[50, 50]
agg_hidden_sizes=[100]
scale_analysis=<utils.privacy.SimNoiseScale object at 0x7f96fbf654f0>
data1_shape=(349270, 91)
data2_shape=(63147, 519)
Epoch 1: Loss:            : Train 0.0141, Val 0.0087, Test 0.0084
          R2_Score         : Train -0.0969, Val 0.3242, Test 0.3273
          RMSE             : Train 10.5752, Val 8.3139, Test 8.1459
          MAE              : Train 7.2118, Val 5.7299, Test 5.6728
Best:
          R2_Score         : Train -0.0969, Val 0.3242, Test 0.3273
          RMSE             : Train 10.5752, Val 8.3139, Test 8.1459
          MAE              : Train 7.2118, Val 5.7299, Test 5.6728
Epoch 2: Loss:            : Train 0.0085, Val 0.0085, Test 0.0082
          R2_Score         : Train 0.3409, Val 0.3427, Test 0.3437
          RMSE             : Train 8.1975, Val 8.1994, Test 8.0462
          MAE              : Train 5.6806, Val 5.6883, Test 5.6332
Best:
          R2_Score         : Train 0.3409, Val 0.3427, Test 0.3437
          RMSE             : Train 8.1975, Val 8.1994, Test 8.0462
          MAE              : Train 5.6806, Val 5.6883, Test 5.6332
Epoch 3: Loss:            : Train 0.0083, Val 0.0084, Test 0.0081
          R2_Score         : Train 0.3560, Val 0.3487, Test 0.3491
          RMSE             : Train 8.1031, Val 8.1620, Test 8.0127
          MAE              : Train 5.6015, Val 5.5682, Test 5.5122
Best:
          R2_Score         : Train 0.3560, Val 0.3487, Test 0.3491
          RMSE             : Train 8.1031, Val 8.1620, Test 8.0127
          MAE              : Train 5.6015, Val 5.5682, Test 5.5122
Epoch 4: Loss:            : Train 0.0082, Val 0.0083, Test 0.0080
          R2_Score         : Train 0.3661, Val 0.3552, Test 0.3552
          RMSE             : Train 8.0393, Val 8.1208, Test 7.9751
          MAE              : Train 5.5510, Val 5.5643, Test 5.5165
Best:
          R2_Score         : Train 0.3661, Val 0.3552, Test 0.3552
          RMSE             : Train 8.0393, Val 8.1208, Test 7.9751
          MAE              : Train 5.5510, Val 5.5643, Test 5.5165
Epoch 5: Loss:            : Train 0.0081, Val 0.0083, Test 0.0080
          R2_Score         : Train 0.3739, Val 0.3573, Test 0.3564
          RMSE             : Train 7.9897, Val 8.1080, Test 7.9674
          MAE              : Train 5.5161, Val 5.5974, Test 5.5461
Best:
          R2_Score         : Train 0.3739, Val 0.3573, Test 0.3564
          RMSE             : Train 7.9897, Val 8.1080, Test 7.9674
          MAE              : Train 5.5161, Val 5.5974, Test 5.5461
Epoch 6: Loss:            : Train 0.0080, Val 0.0083, Test 0.0080
          R2_Score         : Train 0.3810, Val 0.3583, Test 0.3561
          RMSE             : Train 7.9440, Val 8.1013, Test 7.9696
          MAE              : Train 5.4852, Val 5.6023, Test 5.5500
Best:
          R2_Score         : Train 0.3810, Val 0.3583, Test 0.3561
          RMSE             : Train 7.9440, Val 8.1013, Test 7.9696
          MAE              : Train 5.4852, Val 5.6023, Test 5.5500
Epoch 7: Loss:            : Train 0.0079, Val 0.0083, Test 0.0081
          R2_Score         : Train 0.3864, Val 0.3567, Test 0.3523
          RMSE             : Train 7.9096, Val 8.1113, Test 7.9928
          MAE              : Train 5.4608, Val 5.6100, Test 5.5703
Best:
          R2_Score         : Train 0.3810, Val 0.3583, Test 0.3561
          RMSE             : Train 7.9440, Val 8.1013, Test 7.9696
          MAE              : Train 5.4852, Val 5.6023, Test 5.5500
Epoch 8: Loss:            : Train 0.0078, Val 0.0083, Test 0.0081
          R2_Score         : Train 0.3923, Val 0.3563, Test 0.3516
          RMSE             : Train 7.8712, Val 8.1141, Test 7.9971
          MAE              : Train 5.4338, Val 5.5609, Test 5.5105
Best:
          R2_Score         : Train 0.3810, Val 0.3583, Test 0.3561
          RMSE             : Train 7.9440, Val 8.1013, Test 7.9696
          MAE              : Train 5.4852, Val 5.6023, Test 5.5500
Epoch 9: Loss:            : Train 0.0078, Val 0.0082, Test 0.0080
          R2_Score         : Train 0.3964, Val 0.3612, Test 0.3546
          RMSE             : Train 7.8447, Val 8.0834, Test 7.9788
          MAE              : Train 5.4177, Val 5.5017, Test 5.4659
Best:
          R2_Score         : Train 0.3964, Val 0.3612, Test 0.3546
          RMSE             : Train 7.8447, Val 8.0834, Test 7.9788
          MAE              : Train 5.4177, Val 5.5017, Test 5.4659
Epoch 10: Loss:            : Train 0.0077, Val 0.0083, Test 0.0080
          R2_Score         : Train 0.4002, Val 0.3610, Test 0.3558
          RMSE             : Train 7.8201, Val 8.0847, Test 7.9711
          MAE              : Train 5.4012, Val 5.4569, Test 5.4148
Best:
          R2_Score         : Train 0.3964, Val 0.3612, Test 0.3546
          RMSE             : Train 7.8447, Val 8.0834, Test 7.9788
          MAE              : Train 5.4177, Val 5.5017, Test 5.4659
Epoch 11: Loss:            : Train 0.0077, Val 0.0084, Test 0.0082
          R2_Score         : Train 0.4055, Val 0.3530, Test 0.3431
          RMSE             : Train 7.7856, Val 8.1345, Test 8.0495
          MAE              : Train 5.3788, Val 5.6478, Test 5.6070
Best:
          R2_Score         : Train 0.3964, Val 0.3612, Test 0.3546
          RMSE             : Train 7.8447, Val 8.0834, Test 7.9788
          MAE              : Train 5.4177, Val 5.5017, Test 5.4659
Epoch 12: Loss:            : Train 0.0076, Val 0.0082, Test 0.0080
          R2_Score         : Train 0.4091, Val 0.3613, Test 0.3542
          RMSE             : Train 7.7618, Val 8.0825, Test 7.9815
          MAE              : Train 5.3700, Val 5.5289, Test 5.4857
Best:
          R2_Score         : Train 0.4091, Val 0.3613, Test 0.3542
          RMSE             : Train 7.7618, Val 8.0825, Test 7.9815
          MAE              : Train 5.3700, Val 5.5289, Test 5.4857
Epoch 13: Loss:            : Train 0.0076, Val 0.0083, Test 0.0081
          R2_Score         : Train 0.4128, Val 0.3557, Test 0.3476
          RMSE             : Train 7.7377, Val 8.1181, Test 8.0218
          MAE              : Train 5.3510, Val 5.4830, Test 5.4452
Best:
          R2_Score         : Train 0.4091, Val 0.3613, Test 0.3542
          RMSE             : Train 7.7618, Val 8.0825, Test 7.9815
          MAE              : Train 5.3700, Val 5.5289, Test 5.4857
Epoch 14: Loss:            : Train 0.0075, Val 0.0083, Test 0.0081
          R2_Score         : Train 0.4160, Val 0.3559, Test 0.3496
          RMSE             : Train 7.7164, Val 8.1169, Test 8.0097
          MAE              : Train 5.3359, Val 5.5783, Test 5.5277
Best:
          R2_Score         : Train 0.4091, Val 0.3613, Test 0.3542
          RMSE             : Train 7.7618, Val 8.0825, Test 7.9815
          MAE              : Train 5.3700, Val 5.5289, Test 5.4857
Epoch 15: Loss:            : Train 0.0075, Val 0.0083, Test 0.0081
          R2_Score         : Train 0.4196, Val 0.3558, Test 0.3493
          RMSE             : Train 7.6924, Val 8.1170, Test 8.0118
          MAE              : Train 5.3259, Val 5.5119, Test 5.4689
Best:
          R2_Score         : Train 0.4091, Val 0.3613, Test 0.3542
          RMSE             : Train 7.7618, Val 8.0825, Test 7.9815
          MAE              : Train 5.3700, Val 5.5289, Test 5.4857
Epoch 16: Loss:            : Train 0.0074, Val 0.0083, Test 0.0081
          R2_Score         : Train 0.4221, Val 0.3592, Test 0.3489
          RMSE             : Train 7.6763, Val 8.0961, Test 8.0142
          MAE              : Train 5.3137, Val 5.5277, Test 5.4881
Best:
          R2_Score         : Train 0.4091, Val 0.3613, Test 0.3542
          RMSE             : Train 7.7618, Val 8.0825, Test 7.9815
          MAE              : Train 5.3700, Val 5.5289, Test 5.4857
Epoch 17: Loss:            : Train 0.0074, Val 0.0083, Test 0.0081
          R2_Score         : Train 0.4245, Val 0.3582, Test 0.3478
          RMSE             : Train 7.6600, Val 8.1018, Test 8.0210
          MAE              : Train 5.3035, Val 5.5429, Test 5.5003
Best:
          R2_Score         : Train 0.4091, Val 0.3613, Test 0.3542
          RMSE             : Train 7.7618, Val 8.0825, Test 7.9815
          MAE              : Train 5.3700, Val 5.5289, Test 5.4857
Epoch 18: Loss:            : Train 0.0074, Val 0.0083, Test 0.0081
          R2_Score         : Train 0.4285, Val 0.3549, Test 0.3498
          RMSE             : Train 7.6335, Val 8.1227, Test 8.0085
          MAE              : Train 5.2857, Val 5.5116, Test 5.4609
Best:
          R2_Score         : Train 0.4091, Val 0.3613, Test 0.3542
          RMSE             : Train 7.7618, Val 8.0825, Test 7.9815
          MAE              : Train 5.3700, Val 5.5289, Test 5.4857
Epoch 19: Loss:            : Train 0.0073, Val 0.0084, Test 0.0082
          R2_Score         : Train 0.4303, Val 0.3482, Test 0.3384
          RMSE             : Train 7.6210, Val 8.1649, Test 8.0781
          MAE              : Train 5.2816, Val 5.4924, Test 5.4585
Best:
          R2_Score         : Train 0.4091, Val 0.3613, Test 0.3542
          RMSE             : Train 7.7618, Val 8.0825, Test 7.9815
          MAE              : Train 5.3700, Val 5.5289, Test 5.4857
Epoch 20: Loss:            : Train 0.0073, Val 0.0086, Test 0.0083
          R2_Score         : Train 0.4336, Val 0.3365, Test 0.3321
          RMSE             : Train 7.5995, Val 8.2378, Test 8.1165
          MAE              : Train 5.2679, Val 5.7047, Test 5.6628
Best:
          R2_Score         : Train 0.4091, Val 0.3613, Test 0.3542
          RMSE             : Train 7.7618, Val 8.0825, Test 7.9815
          MAE              : Train 5.3700, Val 5.5289, Test 5.4857
Epoch 21: Loss:            : Train 0.0073, Val 0.0084, Test 0.0082
          R2_Score         : Train 0.4358, Val 0.3500, Test 0.3415
          RMSE             : Train 7.5845, Val 8.1538, Test 8.0597
          MAE              : Train 5.2630, Val 5.5282, Test 5.4829
Best:
          R2_Score         : Train 0.4091, Val 0.3613, Test 0.3542
          RMSE             : Train 7.7618, Val 8.0825, Test 7.9815
          MAE              : Train 5.3700, Val 5.5289, Test 5.4857
Epoch 22: Loss:            : Train 0.0072, Val 0.0085, Test 0.0083
          R2_Score         : Train 0.4381, Val 0.3390, Test 0.3328
          RMSE             : Train 7.5689, Val 8.2227, Test 8.1123
          MAE              : Train 5.2526, Val 5.5354, Test 5.4890
Best:
          R2_Score         : Train 0.4091, Val 0.3613, Test 0.3542
          RMSE             : Train 7.7618, Val 8.0825, Test 7.9815
          MAE              : Train 5.3700, Val 5.5289, Test 5.4857
Epoch 23: Loss:            : Train 0.0072, Val 0.0085, Test 0.0082
          R2_Score         : Train 0.4387, Val 0.3423, Test 0.3379
          RMSE             : Train 7.5647, Val 8.2016, Test 8.0812
          MAE              : Train 5.2497, Val 5.5184, Test 5.4735
Best:
          R2_Score         : Train 0.4091, Val 0.3613, Test 0.3542
          RMSE             : Train 7.7618, Val 8.0825, Test 7.9815
          MAE              : Train 5.3700, Val 5.5289, Test 5.4857
Epoch 24: Loss:            : Train 0.0072, Val 0.0084, Test 0.0081
          R2_Score         : Train 0.4415, Val 0.3504, Test 0.3464
          RMSE             : Train 7.5461, Val 8.1513, Test 8.0294
          MAE              : Train 5.2374, Val 5.5029, Test 5.4610
Best:
          R2_Score         : Train 0.4091, Val 0.3613, Test 0.3542
          RMSE             : Train 7.7618, Val 8.0825, Test 7.9815
          MAE              : Train 5.3700, Val 5.5289, Test 5.4857
Epoch 25: Loss:            : Train 0.0072, Val 0.0086, Test 0.0084
          R2_Score         : Train 0.4435, Val 0.3360, Test 0.3246
          RMSE             : Train 7.5324, Val 8.2411, Test 8.1623
          MAE              : Train 5.2309, Val 5.4919, Test 5.4540
Best:
          R2_Score         : Train 0.4091, Val 0.3613, Test 0.3542
          RMSE             : Train 7.7618, Val 8.0825, Test 7.9815
          MAE              : Train 5.3700, Val 5.5289, Test 5.4857
Epoch 26: Loss:            : Train 0.0071, Val 0.0086, Test 0.0083
          R2_Score         : Train 0.4458, Val 0.3362, Test 0.3316
          RMSE             : Train 7.5172, Val 8.2399, Test 8.1201
          MAE              : Train 5.2224, Val 5.7527, Test 5.7068
Best:
          R2_Score         : Train 0.4091, Val 0.3613, Test 0.3542
          RMSE             : Train 7.7618, Val 8.0825, Test 7.9815
          MAE              : Train 5.3700, Val 5.5289, Test 5.4857
Epoch 27: Loss:            : Train 0.0071, Val 0.0085, Test 0.0082
          R2_Score         : Train 0.4489, Val 0.3430, Test 0.3442
          RMSE             : Train 7.4959, Val 8.1976, Test 8.0429
          MAE              : Train 5.2100, Val 5.5892, Test 5.5354
Best:
          R2_Score         : Train 0.4091, Val 0.3613, Test 0.3542
          RMSE             : Train 7.7618, Val 8.0825, Test 7.9815
          MAE              : Train 5.3700, Val 5.5289, Test 5.4857
Epoch 28: Loss:            : Train 0.0071, Val 0.0085, Test 0.0082
          R2_Score         : Train 0.4496, Val 0.3434, Test 0.3410
          RMSE             : Train 7.4908, Val 8.1948, Test 8.0625
          MAE              : Train 5.2101, Val 5.6457, Test 5.5828
Best:
          R2_Score         : Train 0.4091, Val 0.3613, Test 0.3542
          RMSE             : Train 7.7618, Val 8.0825, Test 7.9815
          MAE              : Train 5.3700, Val 5.5289, Test 5.4857
Epoch 29: Loss:            : Train 0.0070, Val 0.0086, Test 0.0084
          R2_Score         : Train 0.4531, Val 0.3360, Test 0.3280
          RMSE             : Train 7.4674, Val 8.2411, Test 8.1418
          MAE              : Train 5.1970, Val 5.5883, Test 5.5457
Best:
          R2_Score         : Train 0.4091, Val 0.3613, Test 0.3542
          RMSE             : Train 7.7618, Val 8.0825, Test 7.9815
          MAE              : Train 5.3700, Val 5.5289, Test 5.4857
Epoch 30: Loss:            : Train 0.0070, Val 0.0086, Test 0.0084
          R2_Score         : Train 0.4546, Val 0.3320, Test 0.3289
          RMSE             : Train 7.4572, Val 8.2660, Test 8.1359
          MAE              : Train 5.1880, Val 5.6416, Test 5.5808
Best:
          R2_Score         : Train 0.4091, Val 0.3613, Test 0.3542
          RMSE             : Train 7.7618, Val 8.0825, Test 7.9815
          MAE              : Train 5.3700, Val 5.5289, Test 5.4857
Epoch 31: Loss:            : Train 0.0070, Val 0.0085, Test 0.0083
          R2_Score         : Train 0.4570, Val 0.3434, Test 0.3365
          RMSE             : Train 7.4405, Val 8.1949, Test 8.0902
          MAE              : Train 5.1811, Val 5.5750, Test 5.5420
Best:
          R2_Score         : Train 0.4091, Val 0.3613, Test 0.3542
          RMSE             : Train 7.7618, Val 8.0825, Test 7.9815
          MAE              : Train 5.3700, Val 5.5289, Test 5.4857
Epoch 32: Loss:            : Train 0.0070, Val 0.0087, Test 0.0084
          R2_Score         : Train 0.4597, Val 0.3254, Test 0.3214
          RMSE             : Train 7.4220, Val 8.3064, Test 8.1812
          MAE              : Train 5.1719, Val 5.6842, Test 5.6367
Best:
          R2_Score         : Train 0.4091, Val 0.3613, Test 0.3542
          RMSE             : Train 7.7618, Val 8.0825, Test 7.9815
          MAE              : Train 5.3700, Val 5.5289, Test 5.4857
Epoch 33: Loss:            : Train 0.0069, Val 0.0085, Test 0.0083
          R2_Score         : Train 0.4619, Val 0.3398, Test 0.3341
          RMSE             : Train 7.4071, Val 8.2174, Test 8.1044
          MAE              : Train 5.1657, Val 5.5558, Test 5.5178
Best:
          R2_Score         : Train 0.4091, Val 0.3613, Test 0.3542
          RMSE             : Train 7.7618, Val 8.0825, Test 7.9815
          MAE              : Train 5.3700, Val 5.5289, Test 5.4857
Epoch 34: Loss:            : Train 0.0069, Val 0.0085, Test 0.0082
          R2_Score         : Train 0.4642, Val 0.3425, Test 0.3425
          RMSE             : Train 7.3909, Val 8.2005, Test 8.0530
          MAE              : Train 5.1565, Val 5.5327, Test 5.4757
Best:
          R2_Score         : Train 0.4091, Val 0.3613, Test 0.3542
          RMSE             : Train 7.7618, Val 8.0825, Test 7.9815
          MAE              : Train 5.3700, Val 5.5289, Test 5.4857
Epoch 35: Loss:            : Train 0.0069, Val 0.0086, Test 0.0084
          R2_Score         : Train 0.4670, Val 0.3323, Test 0.3287
          RMSE             : Train 7.3717, Val 8.2637, Test 8.1372
          MAE              : Train 5.1450, Val 5.4957, Test 5.4348
Best:
          R2_Score         : Train 0.4091, Val 0.3613, Test 0.3542
          RMSE             : Train 7.7618, Val 8.0825, Test 7.9815
          MAE              : Train 5.3700, Val 5.5289, Test 5.4857
Epoch 36: Loss:            : Train 0.0068, Val 0.0087, Test 0.0084
          R2_Score         : Train 0.4687, Val 0.3268, Test 0.3284
          RMSE             : Train 7.3602, Val 8.2980, Test 8.1393
          MAE              : Train 5.1374, Val 5.5950, Test 5.5283
Best:
          R2_Score         : Train 0.4091, Val 0.3613, Test 0.3542
          RMSE             : Train 7.7618, Val 8.0825, Test 7.9815
          MAE              : Train 5.3700, Val 5.5289, Test 5.4857
Epoch 37: Loss:            : Train 0.0068, Val 0.0088, Test 0.0086
          R2_Score         : Train 0.4714, Val 0.3155, Test 0.3087
          RMSE             : Train 7.3412, Val 8.3672, Test 8.2574
          MAE              : Train 5.1306, Val 5.6264, Test 5.5705
Best:
          R2_Score         : Train 0.4091, Val 0.3613, Test 0.3542
          RMSE             : Train 7.7618, Val 8.0825, Test 7.9815
          MAE              : Train 5.3700, Val 5.5289, Test 5.4857
Epoch 38: Loss:            : Train 0.0068, Val 0.0087, Test 0.0084
          R2_Score         : Train 0.4731, Val 0.3293, Test 0.3239
          RMSE             : Train 7.3296, Val 8.2823, Test 8.1663
          MAE              : Train 5.1198, Val 5.5688, Test 5.5232
Best:
          R2_Score         : Train 0.4091, Val 0.3613, Test 0.3542
          RMSE             : Train 7.7618, Val 8.0825, Test 7.9815
          MAE              : Train 5.3700, Val 5.5289, Test 5.4857
Epoch 39: Loss:            : Train 0.0068, Val 0.0086, Test 0.0083
          R2_Score         : Train 0.4750, Val 0.3351, Test 0.3312
          RMSE             : Train 7.3159, Val 8.2467, Test 8.1223
          MAE              : Train 5.1167, Val 5.5163, Test 5.4748
Best:
          R2_Score         : Train 0.4091, Val 0.3613, Test 0.3542
          RMSE             : Train 7.7618, Val 8.0825, Test 7.9815
          MAE              : Train 5.3700, Val 5.5289, Test 5.4857
Epoch 40: Loss:            : Train 0.0067, Val 0.0088, Test 0.0086
          R2_Score         : Train 0.4770, Val 0.3221, Test 0.3088
          RMSE             : Train 7.3026, Val 8.3267, Test 8.2574
          MAE              : Train 5.1091, Val 5.5477, Test 5.5209
Best:
          R2_Score         : Train 0.4091, Val 0.3613, Test 0.3542
          RMSE             : Train 7.7618, Val 8.0825, Test 7.9815
          MAE              : Train 5.3700, Val 5.5289, Test 5.4857
Epoch 41: Loss:            : Train 0.0067, Val 0.0087, Test 0.0085
          R2_Score         : Train 0.4793, Val 0.3239, Test 0.3178
          RMSE             : Train 7.2859, Val 8.3157, Test 8.2033
          MAE              : Train 5.1005, Val 5.5494, Test 5.5163
Best:
          R2_Score         : Train 0.4091, Val 0.3613, Test 0.3542
          RMSE             : Train 7.7618, Val 8.0825, Test 7.9815
          MAE              : Train 5.3700, Val 5.5289, Test 5.4857
Epoch 42: Loss:            : Train 0.0067, Val 0.0087, Test 0.0084
          R2_Score         : Train 0.4809, Val 0.3275, Test 0.3280
          RMSE             : Train 7.2747, Val 8.2938, Test 8.1418
          MAE              : Train 5.0938, Val 5.6215, Test 5.5626
Best:
          R2_Score         : Train 0.4091, Val 0.3613, Test 0.3542
          RMSE             : Train 7.7618, Val 8.0825, Test 7.9815
          MAE              : Train 5.3700, Val 5.5289, Test 5.4857
Epoch 43: Loss:            : Train 0.0067, Val 0.0087, Test 0.0085
          R2_Score         : Train 0.4824, Val 0.3234, Test 0.3183
          RMSE             : Train 7.2642, Val 8.3190, Test 8.1999
          MAE              : Train 5.0848, Val 5.5783, Test 5.5439
Best:
          R2_Score         : Train 0.4091, Val 0.3613, Test 0.3542
          RMSE             : Train 7.7618, Val 8.0825, Test 7.9815
          MAE              : Train 5.3700, Val 5.5289, Test 5.4857
Epoch 44: Loss:            : Train 0.0066, Val 0.0088, Test 0.0085
          R2_Score         : Train 0.4841, Val 0.3194, Test 0.3184
          RMSE             : Train 7.2523, Val 8.3435, Test 8.1994
          MAE              : Train 5.0808, Val 5.5923, Test 5.5439
Best:
          R2_Score         : Train 0.4091, Val 0.3613, Test 0.3542
          RMSE             : Train 7.7618, Val 8.0825, Test 7.9815
          MAE              : Train 5.3700, Val 5.5289, Test 5.4857
Epoch 45: Loss:            : Train 0.0066, Val 0.0087, Test 0.0085
          R2_Score         : Train 0.4865, Val 0.3245, Test 0.3196
          RMSE             : Train 7.2356, Val 8.3119, Test 8.1925
          MAE              : Train 5.0724, Val 5.6115, Test 5.5671
Best:
          R2_Score         : Train 0.4091, Val 0.3613, Test 0.3542
          RMSE             : Train 7.7618, Val 8.0825, Test 7.9815
          MAE              : Train 5.3700, Val 5.5289, Test 5.4857
Epoch 46: Loss:            : Train 0.0066, Val 0.0088, Test 0.0086
          R2_Score         : Train 0.4885, Val 0.3161, Test 0.3092
          RMSE             : Train 7.2215, Val 8.3638, Test 8.2550
          MAE              : Train 5.0634, Val 5.6083, Test 5.5633
Best:
          R2_Score         : Train 0.4091, Val 0.3613, Test 0.3542
          RMSE             : Train 7.7618, Val 8.0825, Test 7.9815
          MAE              : Train 5.3700, Val 5.5289, Test 5.4857
Epoch 47: Loss:            : Train 0.0066, Val 0.0088, Test 0.0086
          R2_Score         : Train 0.4903, Val 0.3147, Test 0.3061
          RMSE             : Train 7.2086, Val 8.3719, Test 8.2729
          MAE              : Train 5.0590, Val 5.6591, Test 5.6204
Best:
          R2_Score         : Train 0.4091, Val 0.3613, Test 0.3542
          RMSE             : Train 7.7618, Val 8.0825, Test 7.9815
          MAE              : Train 5.3700, Val 5.5289, Test 5.4857
Epoch 48: Loss:            : Train 0.0065, Val 0.0091, Test 0.0089
          R2_Score         : Train 0.4928, Val 0.2978, Test 0.2868
          RMSE             : Train 7.1913, Val 8.4747, Test 8.3875
          MAE              : Train 5.0508, Val 5.5806, Test 5.5392
Best:
          R2_Score         : Train 0.4091, Val 0.3613, Test 0.3542
          RMSE             : Train 7.7618, Val 8.0825, Test 7.9815
          MAE              : Train 5.3700, Val 5.5289, Test 5.4857
Epoch 49: Loss:            : Train 0.0065, Val 0.0089, Test 0.0088
          R2_Score         : Train 0.4943, Val 0.3083, Test 0.2954
          RMSE             : Train 7.1807, Val 8.4110, Test 8.3368
          MAE              : Train 5.0451, Val 5.6293, Test 5.5914
Best:
          R2_Score         : Train 0.4091, Val 0.3613, Test 0.3542
          RMSE             : Train 7.7618, Val 8.0825, Test 7.9815
          MAE              : Train 5.3700, Val 5.5289, Test 5.4857
Epoch 50: Loss:            : Train 0.0065, Val 0.0088, Test 0.0085
          R2_Score         : Train 0.4963, Val 0.3211, Test 0.3173
          RMSE             : Train 7.1666, Val 8.3330, Test 8.2061
          MAE              : Train 5.0368, Val 5.5395, Test 5.4938
Best:
          R2_Score         : Train 0.4091, Val 0.3613, Test 0.3542
          RMSE             : Train 7.7618, Val 8.0825, Test 7.9815
          MAE              : Train 5.3700, Val 5.5289, Test 5.4857
Training time (sec): 6542
