Loading loan from data/company/loan_subset_clean.csv
Loading company from data/company/company_subset_clean.csv
Current loan columns Index(['Term', 'NoEmp', 'NewExist', 'CreateJob', 'RetainedJob', 'UrbanRural',
       'DisbursementGross', 'BalanceGross', 'ChgOffPrinGr', 'GrAppv',
       'BankState_al', 'BankState_an', 'BankState_ar', 'BankState_az',
       'BankState_ca', 'BankState_co', 'BankState_ct', 'BankState_dc',
       'BankState_de', 'BankState_en', 'BankState_fl', 'BankState_ga',
       'BankState_gu', 'BankState_hi', 'BankState_ia', 'BankState_id',
       'BankState_il', 'BankState_in', 'BankState_ks', 'BankState_ky',
       'BankState_la', 'BankState_ma', 'BankState_md', 'BankState_me',
       'BankState_mi', 'BankState_mn', 'BankState_mo', 'BankState_ms',
       'BankState_mt', 'BankState_nc', 'BankState_nd', 'BankState_ne',
       'BankState_nh', 'BankState_nj', 'BankState_nm', 'BankState_nv',
       'BankState_ny', 'BankState_oh', 'BankState_ok', 'BankState_or',
       'BankState_pa', 'BankState_pr', 'BankState_ri', 'BankState_sc',
       'BankState_sd', 'BankState_tn', 'BankState_tx', 'BankState_ut',
       'BankState_va', 'BankState_vi', 'BankState_vt', 'BankState_wa',
       'BankState_wi', 'BankState_wv', 'BankState_wy', 'RevLineCr_-',
       'RevLineCr_.', 'RevLineCr_0', 'RevLineCr_1', 'RevLineCr_2',
       'RevLineCr_3', 'RevLineCr_4', 'RevLineCr_5', 'RevLineCr_7',
       'RevLineCr_`', 'RevLineCr_a', 'RevLineCr_c', 'RevLineCr_n',
       'RevLineCr_q', 'RevLineCr_r', 'RevLineCr_t', 'RevLineCr_y', 'LowDoc_1',
       'LowDoc_a', 'LowDoc_c', 'LowDoc_n', 'LowDoc_r', 'LowDoc_s', 'LowDoc_y',
       'MIS_Status_p i f', 'Name'],
      dtype='object')
Current company columns Index(['name', 'current employee estimate', 'total employee estimate',
       'ind_airlines/aviation', 'ind_alternative dispute resolution',
       'ind_alternative medicine', 'ind_animation', 'ind_apparel & fashion',
       'ind_architecture & planning', 'ind_arts and crafts',
       ...
       'ind_wine and spirits', 'ind_wireless', 'ind_writing and editing',
       'sr_10001+', 'sr_1001 - 5000', 'sr_11 - 50', 'sr_201 - 500',
       'sr_5001 - 10000', 'sr_501 - 1000', 'sr_51 - 200'],
      dtype='object', length=157)
Loading data from cache
Done
Calculating noise scale
Adding noise of scale 0.0 to sim_scores
Adding noise of scale 0.0 to sim_scores
Adding noise of scale 0.0 to sim_scores
Filter dataset to top 5
Generating top 5 dataset
Generating top 5 dataset
Generating top 5 dataset
Preparing time (sec): 17
Initializing dataloader
Done
Prepare for training
Start training
================================================================================
                                    Kernel Shape Output Shape  Params  \
Layer                                                                   
0_local_models.0.fc_layers.Linear_0    [91, 100]   [128, 100]    9200   
1_local_models.0.fc_layers.Linear_1    [100, 50]    [128, 50]    5050   
2_local_models.1.fc_layers.Linear_0   [156, 100]   [128, 100]   15700   
3_local_models.1.fc_layers.Linear_1    [100, 50]    [128, 50]    5050   
4_agg_model.fc_layers.Linear_0        [100, 100]   [128, 100]   10100   
5_agg_model.fc_layers.Linear_1          [100, 1]     [128, 1]     101   

                                     Mult-Adds  
Layer                                           
0_local_models.0.fc_layers.Linear_0       9100  
1_local_models.0.fc_layers.Linear_1       5000  
2_local_models.1.fc_layers.Linear_0      15600  
3_local_models.1.fc_layers.Linear_1       5000  
4_agg_model.fc_layers.Linear_0           10000  
5_agg_model.fc_layers.Linear_1             100  
--------------------------------------------------------------------------------
                      Totals
Total params           45201
Trainable params       45201
Non-trainable params       0
Mult-Adds              44800
================================================================================
n_classes=2
task=regression
model_name=company_featuresim_2022-08-13-22-35-28
sche_threshold=0.0001
sche_patience=10
sche_factor=0.1
use_scheduler=False
num_workers=4
device=cuda:2
test_batch_size=4096
train_batch_size=128
learning_rate=0.001
weight_decay=1e-05
num_epochs=100
model_save_path=ckp/company_featuresim_2022-08-13-22-35-28.pth
test_rate=0.2
val_rate=0.1
multiprocess_context=fork
metrics=['rmse', 'r2_score', 'mae']
metrics_f=[<metric.rmse.RMSE object at 0x7f1d0be4dfa0>, <metric.r2_score.R2Score object at 0x7f1d0be4ddc0>, <metric.mae.MAE object at 0x7f1d0be4df40>]
hidden_sizes=[200, 100]
model=SplitNN(
  (agg_model): MLP(
    (fc_layers): ModuleList(
      (0): Linear(in_features=100, out_features=100, bias=True)
      (1): Linear(in_features=100, out_features=1, bias=True)
    )
  )
  (local_models): ModuleList(
    (0): MLP(
      (fc_layers): ModuleList(
        (0): Linear(in_features=91, out_features=100, bias=True)
        (1): Linear(in_features=100, out_features=50, bias=True)
      )
    )
    (1): MLP(
      (fc_layers): ModuleList(
        (0): Linear(in_features=156, out_features=100, bias=True)
        (1): Linear(in_features=100, out_features=50, bias=True)
      )
    )
  )
)
writer=<torch.utils.tensorboard.writer.SummaryWriter object at 0x7f1e056e61c0>
dataset_type=real
drop_key=True
num_common_features=1
tree_radius=0.01
tree_leaf_size=1000
knn_k=5
grid_min=-10.0
grid_max=10.0
grid_width=1.5
sim_scaler=StandardScaler()
filter_top_k=5
link_n_jobs=1
psig_p=4
sim_leak_p=1.0
link_threshold_t=0.1
link_epsilon=0.1
n_hash_lsh=50
edit_distance_threshold=10
n_hash_func=50
collision_rate=0.01
qgram_q=4
link_delta=0.01
feature_wise_sim=False
blocking_method=knn_str
center_threshold=0.5
n_clusters=100
local_hidden_sizes=[[100], [100]]
cut_dims=[50, 50]
agg_hidden_sizes=[100]
scale_analysis=None
data1_shape=(77225, 91)
data2_shape=(220583, 157)
Epoch 1: Loss:            : Train 0.0562, Val 0.0006, Test 0.0006
          RMSE             : Train 871558.8137, Val 88401.5274, Test 92036.7495
          R2_Score         : Train -13.7005, Val 0.8366, Test 0.8341
          MAE              : Train 616346.6138, Val 53104.4558, Test 54432.3610
Best:
          RMSE             : Train 871558.8137, Val 88401.5274, Test 92036.7495
          R2_Score         : Train -13.7005, Val 0.8366, Test 0.8341
          MAE              : Train 616346.6138, Val 53104.4558, Test 54432.3610
Epoch 2: Loss:            : Train 0.0003, Val 0.0002, Test 0.0002
          RMSE             : Train 67742.5674, Val 52908.0990, Test 57763.7696
          R2_Score         : Train 0.9112, Val 0.9415, Test 0.9347
          MAE              : Train 37626.1511, Val 29623.7328, Test 30124.0421
Best:
          RMSE             : Train 67742.5674, Val 52908.0990, Test 57763.7696
          R2_Score         : Train 0.9112, Val 0.9415, Test 0.9347
          MAE              : Train 37626.1511, Val 29623.7328, Test 30124.0421
Epoch 3: Loss:            : Train 0.0002, Val 0.0002, Test 0.0002
          RMSE             : Train 55375.3172, Val 52345.6815, Test 56275.9411
          R2_Score         : Train 0.9407, Val 0.9427, Test 0.9380
          MAE              : Train 28734.2367, Val 27231.8440, Test 27869.6111
Best:
          RMSE             : Train 55375.3172, Val 52345.6815, Test 56275.9411
          R2_Score         : Train 0.9407, Val 0.9427, Test 0.9380
          MAE              : Train 28734.2367, Val 27231.8440, Test 27869.6111
Epoch 4: Loss:            : Train 0.0002, Val 0.0002, Test 0.0002
          RMSE             : Train 50311.0513, Val 48256.8306, Test 48894.0872
          R2_Score         : Train 0.9510, Val 0.9513, Test 0.9532
          MAE              : Train 25366.3716, Val 24300.2355, Test 24604.6298
Best:
          RMSE             : Train 50311.0513, Val 48256.8306, Test 48894.0872
          R2_Score         : Train 0.9510, Val 0.9513, Test 0.9532
          MAE              : Train 25366.3716, Val 24300.2355, Test 24604.6298
Epoch 5: Loss:            : Train 0.0002, Val 0.0001, Test 0.0002
          RMSE             : Train 47546.0626, Val 44729.6934, Test 45972.4760
          R2_Score         : Train 0.9563, Val 0.9582, Test 0.9586
          MAE              : Train 23395.3996, Val 22695.3589, Test 22886.5132
Best:
          RMSE             : Train 47546.0626, Val 44729.6934, Test 45972.4760
          R2_Score         : Train 0.9563, Val 0.9582, Test 0.9586
          MAE              : Train 23395.3996, Val 22695.3589, Test 22886.5132
Epoch 6: Loss:            : Train 0.0002, Val 0.0001, Test 0.0002
          RMSE             : Train 45533.3897, Val 43134.5421, Test 45265.0317
          R2_Score         : Train 0.9599, Val 0.9611, Test 0.9599
          MAE              : Train 22321.8872, Val 22077.2655, Test 22492.4555
Best:
          RMSE             : Train 45533.3897, Val 43134.5421, Test 45265.0317
          R2_Score         : Train 0.9599, Val 0.9611, Test 0.9599
          MAE              : Train 22321.8872, Val 22077.2655, Test 22492.4555
Epoch 7: Loss:            : Train 0.0001, Val 0.0001, Test 0.0001
          RMSE             : Train 44215.5317, Val 44481.3160, Test 43584.5681
          R2_Score         : Train 0.9622, Val 0.9586, Test 0.9628
          MAE              : Train 21186.3577, Val 20342.7608, Test 20401.7448
Best:
          RMSE             : Train 45533.3897, Val 43134.5421, Test 45265.0317
          R2_Score         : Train 0.9599, Val 0.9611, Test 0.9599
          MAE              : Train 22321.8872, Val 22077.2655, Test 22492.4555
Epoch 8: Loss:            : Train 0.0001, Val 0.0001, Test 0.0001
          RMSE             : Train 42659.1953, Val 43292.8858, Test 43232.4105
          R2_Score         : Train 0.9648, Val 0.9608, Test 0.9634
          MAE              : Train 20288.8200, Val 19984.1518, Test 20091.3877
Best:
          RMSE             : Train 45533.3897, Val 43134.5421, Test 45265.0317
          R2_Score         : Train 0.9599, Val 0.9611, Test 0.9599
          MAE              : Train 22321.8872, Val 22077.2655, Test 22492.4555
Epoch 9: Loss:            : Train 0.0001, Val 0.0001, Test 0.0001
          RMSE             : Train 41259.6725, Val 40833.2460, Test 42771.1005
          R2_Score         : Train 0.9671, Val 0.9651, Test 0.9642
          MAE              : Train 19642.9517, Val 19024.2284, Test 19312.8508
Best:
          RMSE             : Train 41259.6725, Val 40833.2460, Test 42771.1005
          R2_Score         : Train 0.9671, Val 0.9651, Test 0.9642
          MAE              : Train 19642.9517, Val 19024.2284, Test 19312.8508
Epoch 10: Loss:            : Train 0.0001, Val 0.0001, Test 0.0001
          RMSE             : Train 40504.9756, Val 43899.4159, Test 42983.0234
          R2_Score         : Train 0.9682, Val 0.9597, Test 0.9638
          MAE              : Train 19258.5776, Val 19272.5870, Test 19354.6229
Best:
          RMSE             : Train 41259.6725, Val 40833.2460, Test 42771.1005
          R2_Score         : Train 0.9671, Val 0.9651, Test 0.9642
          MAE              : Train 19642.9517, Val 19024.2284, Test 19312.8508
Epoch 11: Loss:            : Train 0.0001, Val 0.0001, Test 0.0001
          RMSE             : Train 39708.0219, Val 41553.5566, Test 42943.1060
          R2_Score         : Train 0.9695, Val 0.9639, Test 0.9639
          MAE              : Train 18776.8203, Val 20609.0446, Test 20973.3345
Best:
          RMSE             : Train 41259.6725, Val 40833.2460, Test 42771.1005
          R2_Score         : Train 0.9671, Val 0.9651, Test 0.9642
          MAE              : Train 19642.9517, Val 19024.2284, Test 19312.8508
Epoch 12: Loss:            : Train 0.0001, Val 0.0001, Test 0.0001
          RMSE             : Train 38628.9595, Val 39615.1820, Test 41758.5729
          R2_Score         : Train 0.9711, Val 0.9672, Test 0.9659
          MAE              : Train 18300.2576, Val 18050.3616, Test 18630.3236
Best:
          RMSE             : Train 38628.9595, Val 39615.1820, Test 41758.5729
          R2_Score         : Train 0.9711, Val 0.9672, Test 0.9659
          MAE              : Train 18300.2576, Val 18050.3616, Test 18630.3236
Epoch 13: Loss:            : Train 0.0001, Val 0.0001, Test 0.0001
          RMSE             : Train 38049.6786, Val 40300.7447, Test 40786.9392
          R2_Score         : Train 0.9720, Val 0.9660, Test 0.9674
          MAE              : Train 18063.2641, Val 17936.0665, Test 18052.0099
Best:
          RMSE             : Train 38628.9595, Val 39615.1820, Test 41758.5729
          R2_Score         : Train 0.9711, Val 0.9672, Test 0.9659
          MAE              : Train 18300.2576, Val 18050.3616, Test 18630.3236
Epoch 14: Loss:            : Train 0.0001, Val 0.0001, Test 0.0001
          RMSE             : Train 37739.9204, Val 39760.7023, Test 40143.6403
          R2_Score         : Train 0.9724, Val 0.9669, Test 0.9684
          MAE              : Train 17719.9561, Val 17726.3794, Test 17850.4827
Best:
          RMSE             : Train 38628.9595, Val 39615.1820, Test 41758.5729
          R2_Score         : Train 0.9711, Val 0.9672, Test 0.9659
          MAE              : Train 18300.2576, Val 18050.3616, Test 18630.3236
Epoch 15: Loss:            : Train 0.0001, Val 0.0001, Test 0.0001
          RMSE             : Train 36760.5937, Val 39084.9420, Test 41134.4125
          R2_Score         : Train 0.9738, Val 0.9681, Test 0.9669
          MAE              : Train 17443.9504, Val 18185.7383, Test 18405.7928
Best:
          RMSE             : Train 36760.5937, Val 39084.9420, Test 41134.4125
          R2_Score         : Train 0.9738, Val 0.9681, Test 0.9669
          MAE              : Train 17443.9504, Val 18185.7383, Test 18405.7928
Epoch 16: Loss:            : Train 0.0001, Val 0.0001, Test 0.0001
          RMSE             : Train 36341.3248, Val 40518.9624, Test 40978.6691
          R2_Score         : Train 0.9744, Val 0.9657, Test 0.9671
          MAE              : Train 17016.6874, Val 18125.6916, Test 18198.6719
Best:
          RMSE             : Train 36760.5937, Val 39084.9420, Test 41134.4125
          R2_Score         : Train 0.9738, Val 0.9681, Test 0.9669
          MAE              : Train 17443.9504, Val 18185.7383, Test 18405.7928
Epoch 17: Loss:            : Train 0.0001, Val 0.0001, Test 0.0001
          RMSE             : Train 36187.6269, Val 41295.4012, Test 41762.4889
          R2_Score         : Train 0.9747, Val 0.9643, Test 0.9658
          MAE              : Train 17021.4194, Val 17803.5501, Test 18323.3949
Best:
          RMSE             : Train 36760.5937, Val 39084.9420, Test 41134.4125
          R2_Score         : Train 0.9738, Val 0.9681, Test 0.9669
          MAE              : Train 17443.9504, Val 18185.7383, Test 18405.7928
Epoch 18: Loss:            : Train 0.0001, Val 0.0001, Test 0.0001
          RMSE             : Train 35597.6701, Val 38815.2248, Test 40488.1242
          R2_Score         : Train 0.9755, Val 0.9685, Test 0.9679
          MAE              : Train 16781.8160, Val 16791.7577, Test 16989.1682
Best:
          RMSE             : Train 35597.6701, Val 38815.2248, Test 40488.1242
          R2_Score         : Train 0.9755, Val 0.9685, Test 0.9679
          MAE              : Train 16781.8160, Val 16791.7577, Test 16989.1682
Epoch 19: Loss:            : Train 0.0001, Val 0.0001, Test 0.0001
          RMSE             : Train 35213.5955, Val 37661.6172, Test 39711.2784
          R2_Score         : Train 0.9760, Val 0.9703, Test 0.9691
          MAE              : Train 16401.0324, Val 16467.1771, Test 16775.4540
Best:
          RMSE             : Train 35213.5955, Val 37661.6172, Test 39711.2784
          R2_Score         : Train 0.9760, Val 0.9703, Test 0.9691
          MAE              : Train 16401.0324, Val 16467.1771, Test 16775.4540
Epoch 20: Loss:            : Train 0.0001, Val 0.0001, Test 0.0001
          RMSE             : Train 34949.3041, Val 39737.0262, Test 40449.5237
          R2_Score         : Train 0.9764, Val 0.9670, Test 0.9680
          MAE              : Train 16345.0303, Val 16689.3770, Test 16817.1104
Best:
          RMSE             : Train 35213.5955, Val 37661.6172, Test 39711.2784
          R2_Score         : Train 0.9760, Val 0.9703, Test 0.9691
          MAE              : Train 16401.0324, Val 16467.1771, Test 16775.4540
Epoch 21: Loss:            : Train 0.0001, Val 0.0001, Test 0.0001
          RMSE             : Train 34328.1811, Val 38461.4323, Test 40538.7361
          R2_Score         : Train 0.9772, Val 0.9691, Test 0.9678
          MAE              : Train 16078.3550, Val 16428.5918, Test 16727.4789
Best:
          RMSE             : Train 35213.5955, Val 37661.6172, Test 39711.2784
          R2_Score         : Train 0.9760, Val 0.9703, Test 0.9691
          MAE              : Train 16401.0324, Val 16467.1771, Test 16775.4540
Epoch 22: Loss:            : Train 0.0001, Val 0.0001, Test 0.0001
          RMSE             : Train 34382.0524, Val 39318.2157, Test 39947.4912
          R2_Score         : Train 0.9771, Val 0.9677, Test 0.9687
          MAE              : Train 15972.6582, Val 16966.4182, Test 17097.2581
Best:
          RMSE             : Train 35213.5955, Val 37661.6172, Test 39711.2784
          R2_Score         : Train 0.9760, Val 0.9703, Test 0.9691
          MAE              : Train 16401.0324, Val 16467.1771, Test 16775.4540
Epoch 23: Loss:            : Train 0.0001, Val 0.0001, Test 0.0001
          RMSE             : Train 33895.4233, Val 38958.7636, Test 39142.1625
          R2_Score         : Train 0.9778, Val 0.9683, Test 0.9700
          MAE              : Train 15851.4299, Val 16620.1078, Test 16549.6786
Best:
          RMSE             : Train 35213.5955, Val 37661.6172, Test 39711.2784
          R2_Score         : Train 0.9760, Val 0.9703, Test 0.9691
          MAE              : Train 16401.0324, Val 16467.1771, Test 16775.4540
Epoch 24: Loss:            : Train 0.0001, Val 0.0001, Test 0.0001
          RMSE             : Train 33691.2059, Val 38266.9852, Test 39541.7276
          R2_Score         : Train 0.9780, Val 0.9694, Test 0.9694
          MAE              : Train 15845.9649, Val 16041.5783, Test 16349.4364
Best:
          RMSE             : Train 35213.5955, Val 37661.6172, Test 39711.2784
          R2_Score         : Train 0.9760, Val 0.9703, Test 0.9691
          MAE              : Train 16401.0324, Val 16467.1771, Test 16775.4540
Epoch 25: Loss:            : Train 0.0001, Val 0.0001, Test 0.0001
          RMSE             : Train 33486.7281, Val 37182.4103, Test 40359.2973
          R2_Score         : Train 0.9783, Val 0.9711, Test 0.9681
          MAE              : Train 15612.8411, Val 15987.2524, Test 16528.1248
Best:
          RMSE             : Train 33486.7281, Val 37182.4103, Test 40359.2973
          R2_Score         : Train 0.9783, Val 0.9711, Test 0.9681
          MAE              : Train 15612.8411, Val 15987.2524, Test 16528.1248
Epoch 26: Loss:            : Train 0.0001, Val 0.0001, Test 0.0001
          RMSE             : Train 32943.8616, Val 38320.8806, Test 38850.2121
          R2_Score         : Train 0.9790, Val 0.9693, Test 0.9704
          MAE              : Train 15567.1943, Val 15791.1582, Test 15914.1825
Best:
          RMSE             : Train 33486.7281, Val 37182.4103, Test 40359.2973
          R2_Score         : Train 0.9783, Val 0.9711, Test 0.9681
          MAE              : Train 15612.8411, Val 15987.2524, Test 16528.1248
Epoch 27: Loss:            : Train 0.0001, Val 0.0001, Test 0.0001
          RMSE             : Train 32964.7432, Val 38865.2988, Test 41246.0646
          R2_Score         : Train 0.9790, Val 0.9684, Test 0.9667
          MAE              : Train 15434.7728, Val 17039.3804, Test 17175.2911
Best:
          RMSE             : Train 33486.7281, Val 37182.4103, Test 40359.2973
          R2_Score         : Train 0.9783, Val 0.9711, Test 0.9681
          MAE              : Train 15612.8411, Val 15987.2524, Test 16528.1248
Epoch 28: Loss:            : Train 0.0001, Val 0.0001, Test 0.0001
          RMSE             : Train 32734.5075, Val 38950.0197, Test 40757.2654
          R2_Score         : Train 0.9793, Val 0.9683, Test 0.9675
          MAE              : Train 15258.0373, Val 16853.9334, Test 17063.1368
Best:
          RMSE             : Train 33486.7281, Val 37182.4103, Test 40359.2973
          R2_Score         : Train 0.9783, Val 0.9711, Test 0.9681
          MAE              : Train 15612.8411, Val 15987.2524, Test 16528.1248
Epoch 29: Loss:            : Train 0.0001, Val 0.0001, Test 0.0001
          RMSE             : Train 32471.2438, Val 38162.4160, Test 39207.1984
          R2_Score         : Train 0.9796, Val 0.9696, Test 0.9699
          MAE              : Train 15204.1781, Val 16291.0321, Test 16393.6269
Best:
          RMSE             : Train 33486.7281, Val 37182.4103, Test 40359.2973
          R2_Score         : Train 0.9783, Val 0.9711, Test 0.9681
          MAE              : Train 15612.8411, Val 15987.2524, Test 16528.1248
Epoch 30: Loss:            : Train 0.0001, Val 0.0001, Test 0.0001
          RMSE             : Train 32099.2861, Val 38798.2257, Test 39758.1171
          R2_Score         : Train 0.9801, Val 0.9685, Test 0.9690
          MAE              : Train 15143.0102, Val 16758.5801, Test 16995.7792
Best:
          RMSE             : Train 33486.7281, Val 37182.4103, Test 40359.2973
          R2_Score         : Train 0.9783, Val 0.9711, Test 0.9681
          MAE              : Train 15612.8411, Val 15987.2524, Test 16528.1248
Epoch 31: Loss:            : Train 0.0001, Val 0.0001, Test 0.0001
          RMSE             : Train 32225.5710, Val 38402.4607, Test 40201.3242
          R2_Score         : Train 0.9799, Val 0.9692, Test 0.9684
          MAE              : Train 15126.6900, Val 16890.7576, Test 17199.7629
Best:
          RMSE             : Train 33486.7281, Val 37182.4103, Test 40359.2973
          R2_Score         : Train 0.9783, Val 0.9711, Test 0.9681
          MAE              : Train 15612.8411, Val 15987.2524, Test 16528.1248
Epoch 32: Loss:            : Train 0.0001, Val 0.0001, Test 0.0001
          RMSE             : Train 31665.7484, Val 37635.9377, Test 40356.6005
          R2_Score         : Train 0.9806, Val 0.9704, Test 0.9681
          MAE              : Train 14829.4658, Val 17193.3176, Test 17552.5284
Best:
          RMSE             : Train 33486.7281, Val 37182.4103, Test 40359.2973
          R2_Score         : Train 0.9783, Val 0.9711, Test 0.9681
          MAE              : Train 15612.8411, Val 15987.2524, Test 16528.1248
Epoch 33: Loss:            : Train 0.0001, Val 0.0001, Test 0.0001
          RMSE             : Train 31837.0486, Val 38350.4761, Test 39493.2582
          R2_Score         : Train 0.9804, Val 0.9693, Test 0.9695
          MAE              : Train 14909.9074, Val 15630.8537, Test 15733.2700
Best:
          RMSE             : Train 33486.7281, Val 37182.4103, Test 40359.2973
          R2_Score         : Train 0.9783, Val 0.9711, Test 0.9681
          MAE              : Train 15612.8411, Val 15987.2524, Test 16528.1248
Epoch 34: Loss:            : Train 0.0001, Val 0.0001, Test 0.0001
          RMSE             : Train 31577.3275, Val 38109.5008, Test 39953.1832
          R2_Score         : Train 0.9807, Val 0.9696, Test 0.9687
          MAE              : Train 14771.2291, Val 15662.4288, Test 16120.5727
Best:
          RMSE             : Train 33486.7281, Val 37182.4103, Test 40359.2973
          R2_Score         : Train 0.9783, Val 0.9711, Test 0.9681
          MAE              : Train 15612.8411, Val 15987.2524, Test 16528.1248
Epoch 35: Loss:            : Train 0.0001, Val 0.0001, Test 0.0001
          RMSE             : Train 31390.8381, Val 36640.3029, Test 39851.5283
          R2_Score         : Train 0.9809, Val 0.9719, Test 0.9689
          MAE              : Train 14744.0546, Val 15338.5082, Test 15728.6157
Best:
          RMSE             : Train 31390.8381, Val 36640.3029, Test 39851.5283
          R2_Score         : Train 0.9809, Val 0.9719, Test 0.9689
          MAE              : Train 14744.0546, Val 15338.5082, Test 15728.6157
Epoch 36: Loss:            : Train 0.0001, Val 0.0001, Test 0.0001
          RMSE             : Train 31230.6377, Val 39657.9787, Test 40427.6210
          R2_Score         : Train 0.9811, Val 0.9671, Test 0.9680
          MAE              : Train 14552.6581, Val 16315.5049, Test 16343.6058
Best:
          RMSE             : Train 31390.8381, Val 36640.3029, Test 39851.5283
          R2_Score         : Train 0.9809, Val 0.9719, Test 0.9689
          MAE              : Train 14744.0546, Val 15338.5082, Test 15728.6157
Epoch 37: Loss:            : Train 0.0001, Val 0.0001, Test 0.0001
          RMSE             : Train 30785.8154, Val 38018.6445, Test 41485.3423
          R2_Score         : Train 0.9817, Val 0.9698, Test 0.9663
          MAE              : Train 14494.3118, Val 16002.8197, Test 16140.6738
Best:
          RMSE             : Train 31390.8381, Val 36640.3029, Test 39851.5283
          R2_Score         : Train 0.9809, Val 0.9719, Test 0.9689
          MAE              : Train 14744.0546, Val 15338.5082, Test 15728.6157
Epoch 38: Loss:            : Train 0.0001, Val 0.0001, Test 0.0001
          RMSE             : Train 31197.7608, Val 37886.2040, Test 38842.5186
          R2_Score         : Train 0.9812, Val 0.9700, Test 0.9705
          MAE              : Train 14674.5414, Val 15371.6062, Test 15547.2706
Best:
          RMSE             : Train 31390.8381, Val 36640.3029, Test 39851.5283
          R2_Score         : Train 0.9809, Val 0.9719, Test 0.9689
          MAE              : Train 14744.0546, Val 15338.5082, Test 15728.6157
Epoch 39: Loss:            : Train 0.0001, Val 0.0001, Test 0.0001
          RMSE             : Train 30414.0493, Val 38954.5230, Test 41200.2979
          R2_Score         : Train 0.9821, Val 0.9683, Test 0.9668
          MAE              : Train 14344.3860, Val 16851.5994, Test 17027.6475
Best:
          RMSE             : Train 31390.8381, Val 36640.3029, Test 39851.5283
          R2_Score         : Train 0.9809, Val 0.9719, Test 0.9689
          MAE              : Train 14744.0546, Val 15338.5082, Test 15728.6157
Epoch 40: Loss:            : Train 0.0001, Val 0.0001, Test 0.0001
          RMSE             : Train 30744.7869, Val 37010.3399, Test 39926.4396
          R2_Score         : Train 0.9817, Val 0.9714, Test 0.9688
          MAE              : Train 14430.1617, Val 15222.8646, Test 15435.2629
Best:
          RMSE             : Train 31390.8381, Val 36640.3029, Test 39851.5283
          R2_Score         : Train 0.9809, Val 0.9719, Test 0.9689
          MAE              : Train 14744.0546, Val 15338.5082, Test 15728.6157
Epoch 41: Loss:            : Train 0.0001, Val 0.0001, Test 0.0001
          RMSE             : Train 30450.6313, Val 38127.0830, Test 41392.4838
          R2_Score         : Train 0.9821, Val 0.9696, Test 0.9664
          MAE              : Train 14353.6062, Val 16594.3076, Test 16757.6269
Best:
          RMSE             : Train 31390.8381, Val 36640.3029, Test 39851.5283
          R2_Score         : Train 0.9809, Val 0.9719, Test 0.9689
          MAE              : Train 14744.0546, Val 15338.5082, Test 15728.6157
Epoch 42: Loss:            : Train 0.0001, Val 0.0001, Test 0.0001
          RMSE             : Train 30123.9899, Val 37830.1977, Test 40712.7134
          R2_Score         : Train 0.9824, Val 0.9701, Test 0.9675
          MAE              : Train 14286.7802, Val 16301.0498, Test 16494.0941
Best:
          RMSE             : Train 31390.8381, Val 36640.3029, Test 39851.5283
          R2_Score         : Train 0.9809, Val 0.9719, Test 0.9689
          MAE              : Train 14744.0546, Val 15338.5082, Test 15728.6157
Epoch 43: Loss:            : Train 0.0001, Val 0.0001, Test 0.0001
          RMSE             : Train 29874.2255, Val 39935.7367, Test 40549.6754
          R2_Score         : Train 0.9827, Val 0.9667, Test 0.9678
          MAE              : Train 14087.8363, Val 15452.8635, Test 15638.2444
Best:
          RMSE             : Train 31390.8381, Val 36640.3029, Test 39851.5283
          R2_Score         : Train 0.9809, Val 0.9719, Test 0.9689
          MAE              : Train 14744.0546, Val 15338.5082, Test 15728.6157
Epoch 44: Loss:            : Train 0.0001, Val 0.0001, Test 0.0001
          RMSE             : Train 29780.5352, Val 38034.3271, Test 43727.5412
          R2_Score         : Train 0.9828, Val 0.9698, Test 0.9626
          MAE              : Train 14260.8697, Val 18012.5317, Test 18750.1368
Best:
          RMSE             : Train 31390.8381, Val 36640.3029, Test 39851.5283
          R2_Score         : Train 0.9809, Val 0.9719, Test 0.9689
          MAE              : Train 14744.0546, Val 15338.5082, Test 15728.6157
Epoch 45: Loss:            : Train 0.0001, Val 0.0001, Test 0.0001
          RMSE             : Train 29584.8735, Val 39098.8643, Test 40148.5974
          R2_Score         : Train 0.9831, Val 0.9680, Test 0.9684
          MAE              : Train 14073.3716, Val 15362.9601, Test 15641.7846
Best:
          RMSE             : Train 31390.8381, Val 36640.3029, Test 39851.5283
          R2_Score         : Train 0.9809, Val 0.9719, Test 0.9689
          MAE              : Train 14744.0546, Val 15338.5082, Test 15728.6157
Epoch 46: Loss:            : Train 0.0001, Val 0.0001, Test 0.0001
          RMSE             : Train 29503.0529, Val 36799.6022, Test 40421.8616
          R2_Score         : Train 0.9832, Val 0.9717, Test 0.9680
          MAE              : Train 13997.7717, Val 15267.2173, Test 15553.6301
Best:
          RMSE             : Train 31390.8381, Val 36640.3029, Test 39851.5283
          R2_Score         : Train 0.9809, Val 0.9719, Test 0.9689
          MAE              : Train 14744.0546, Val 15338.5082, Test 15728.6157
Epoch 47: Loss:            : Train 0.0001, Val 0.0001, Test 0.0001
          RMSE             : Train 29169.6772, Val 38224.4593, Test 41005.3498
          R2_Score         : Train 0.9835, Val 0.9695, Test 0.9671
          MAE              : Train 13829.8481, Val 15202.2106, Test 15388.0536
Best:
          RMSE             : Train 31390.8381, Val 36640.3029, Test 39851.5283
          R2_Score         : Train 0.9809, Val 0.9719, Test 0.9689
          MAE              : Train 14744.0546, Val 15338.5082, Test 15728.6157
Epoch 48: Loss:            : Train 0.0001, Val 0.0001, Test 0.0001
          RMSE             : Train 29095.6876, Val 37832.7098, Test 40917.6775
          R2_Score         : Train 0.9836, Val 0.9701, Test 0.9672
          MAE              : Train 13872.8798, Val 15363.2668, Test 15740.6927
Best:
          RMSE             : Train 31390.8381, Val 36640.3029, Test 39851.5283
          R2_Score         : Train 0.9809, Val 0.9719, Test 0.9689
          MAE              : Train 14744.0546, Val 15338.5082, Test 15728.6157
Epoch 49: Loss:            : Train 0.0001, Val 0.0001, Test 0.0001
          RMSE             : Train 29423.3870, Val 38182.0850, Test 39663.8755
          R2_Score         : Train 0.9832, Val 0.9695, Test 0.9692
          MAE              : Train 13901.9865, Val 16651.0974, Test 16897.5552
Best:
          RMSE             : Train 31390.8381, Val 36640.3029, Test 39851.5283
          R2_Score         : Train 0.9809, Val 0.9719, Test 0.9689
          MAE              : Train 14744.0546, Val 15338.5082, Test 15728.6157
Epoch 50: Loss:            : Train 0.0001, Val 0.0001, Test 0.0001
          RMSE             : Train 28876.1014, Val 37189.9474, Test 38853.8901
          R2_Score         : Train 0.9839, Val 0.9711, Test 0.9704
          MAE              : Train 13791.1472, Val 15265.4618, Test 15330.4517
Best:
          RMSE             : Train 31390.8381, Val 36640.3029, Test 39851.5283
          R2_Score         : Train 0.9809, Val 0.9719, Test 0.9689
          MAE              : Train 14744.0546, Val 15338.5082, Test 15728.6157
Epoch 51: Loss:            : Train 0.0001, Val 0.0001, Test 0.0001
          RMSE             : Train 28890.3136, Val 38929.3098, Test 39189.4863
          R2_Score         : Train 0.9838, Val 0.9683, Test 0.9699
          MAE              : Train 13735.8053, Val 15186.3769, Test 15187.7100
Best:
          RMSE             : Train 31390.8381, Val 36640.3029, Test 39851.5283
          R2_Score         : Train 0.9809, Val 0.9719, Test 0.9689
          MAE              : Train 14744.0546, Val 15338.5082, Test 15728.6157
Epoch 52: Loss:            : Train 0.0001, Val 0.0001, Test 0.0001
          RMSE             : Train 28696.6343, Val 39810.3564, Test 40325.7665
          R2_Score         : Train 0.9841, Val 0.9669, Test 0.9682
          MAE              : Train 13686.6464, Val 15009.3496, Test 15149.9067
Best:
          RMSE             : Train 31390.8381, Val 36640.3029, Test 39851.5283
          R2_Score         : Train 0.9809, Val 0.9719, Test 0.9689
          MAE              : Train 14744.0546, Val 15338.5082, Test 15728.6157
Epoch 53: Loss:            : Train 0.0001, Val 0.0001, Test 0.0001
          RMSE             : Train 28892.3872, Val 36582.9150, Test 39195.9545
          R2_Score         : Train 0.9838, Val 0.9720, Test 0.9699
          MAE              : Train 13705.0779, Val 14684.8719, Test 14972.0852
Best:
          RMSE             : Train 28892.3872, Val 36582.9150, Test 39195.9545
          R2_Score         : Train 0.9838, Val 0.9720, Test 0.9699
          MAE              : Train 13705.0779, Val 14684.8719, Test 14972.0852
Epoch 54: Loss:            : Train 0.0001, Val 0.0001, Test 0.0001
          RMSE             : Train 28344.5502, Val 37561.0433, Test 38576.4468
          R2_Score         : Train 0.9845, Val 0.9705, Test 0.9709
          MAE              : Train 13632.3008, Val 15294.6703, Test 15314.0473
Best:
          RMSE             : Train 28892.3872, Val 36582.9150, Test 39195.9545
          R2_Score         : Train 0.9838, Val 0.9720, Test 0.9699
          MAE              : Train 13705.0779, Val 14684.8719, Test 14972.0852
Epoch 55: Loss:            : Train 0.0001, Val 0.0001, Test 0.0001
          RMSE             : Train 27943.5424, Val 39594.4886, Test 39156.3804
          R2_Score         : Train 0.9849, Val 0.9672, Test 0.9700
          MAE              : Train 13478.6663, Val 15653.2089, Test 15733.0848
Best:
          RMSE             : Train 28892.3872, Val 36582.9150, Test 39195.9545
          R2_Score         : Train 0.9838, Val 0.9720, Test 0.9699
          MAE              : Train 13705.0779, Val 14684.8719, Test 14972.0852
Epoch 56: Loss:            : Train 0.0001, Val 0.0001, Test 0.0001
          RMSE             : Train 28147.8157, Val 38558.7872, Test 40063.5847
          R2_Score         : Train 0.9847, Val 0.9689, Test 0.9686
          MAE              : Train 13549.2203, Val 15070.1600, Test 15270.2769
Best:
          RMSE             : Train 28892.3872, Val 36582.9150, Test 39195.9545
          R2_Score         : Train 0.9838, Val 0.9720, Test 0.9699
          MAE              : Train 13705.0779, Val 14684.8719, Test 14972.0852
Epoch 57: Loss:            : Train 0.0001, Val 0.0001, Test 0.0001
          RMSE             : Train 27933.4099, Val 38304.0700, Test 39421.3243
          R2_Score         : Train 0.9849, Val 0.9693, Test 0.9696
          MAE              : Train 13484.5456, Val 15351.9410, Test 15481.3438
Best:
          RMSE             : Train 28892.3872, Val 36582.9150, Test 39195.9545
          R2_Score         : Train 0.9838, Val 0.9720, Test 0.9699
          MAE              : Train 13705.0779, Val 14684.8719, Test 14972.0852
Epoch 58: Loss:            : Train 0.0001, Val 0.0001, Test 0.0001
          RMSE             : Train 27952.3944, Val 36887.6511, Test 40241.9529
          R2_Score         : Train 0.9849, Val 0.9716, Test 0.9683
          MAE              : Train 13330.0198, Val 15071.8231, Test 15341.8383
Best:
          RMSE             : Train 28892.3872, Val 36582.9150, Test 39195.9545
          R2_Score         : Train 0.9838, Val 0.9720, Test 0.9699
          MAE              : Train 13705.0779, Val 14684.8719, Test 14972.0852
Epoch 59: Loss:            : Train 0.0001, Val 0.0001, Test 0.0001
          RMSE             : Train 27742.0967, Val 38807.0944, Test 40078.9234
          R2_Score         : Train 0.9851, Val 0.9685, Test 0.9685
          MAE              : Train 13380.0328, Val 15027.3577, Test 15106.9487
Best:
          RMSE             : Train 28892.3872, Val 36582.9150, Test 39195.9545
          R2_Score         : Train 0.9838, Val 0.9720, Test 0.9699
          MAE              : Train 13705.0779, Val 14684.8719, Test 14972.0852
Epoch 60: Loss:            : Train 0.0001, Val 0.0001, Test 0.0001
          RMSE             : Train 28118.1562, Val 40709.9199, Test 41419.4643
          R2_Score         : Train 0.9847, Val 0.9654, Test 0.9664
          MAE              : Train 13468.5007, Val 14868.3180, Test 14956.4234
Best:
          RMSE             : Train 28892.3872, Val 36582.9150, Test 39195.9545
          R2_Score         : Train 0.9838, Val 0.9720, Test 0.9699
          MAE              : Train 13705.0779, Val 14684.8719, Test 14972.0852
Epoch 61: Loss:            : Train 0.0001, Val 0.0001, Test 0.0001
          RMSE             : Train 27596.2704, Val 36644.5407, Test 40240.2433
          R2_Score         : Train 0.9853, Val 0.9719, Test 0.9683
          MAE              : Train 13323.3120, Val 14736.8940, Test 15049.6550
Best:
          RMSE             : Train 28892.3872, Val 36582.9150, Test 39195.9545
          R2_Score         : Train 0.9838, Val 0.9720, Test 0.9699
          MAE              : Train 13705.0779, Val 14684.8719, Test 14972.0852
Epoch 62: Loss:            : Train 0.0001, Val 0.0001, Test 0.0001
          RMSE             : Train 27043.0115, Val 38206.8136, Test 40517.6231
          R2_Score         : Train 0.9858, Val 0.9695, Test 0.9679
          MAE              : Train 13105.5672, Val 15767.4041, Test 16080.2903
Best:
          RMSE             : Train 28892.3872, Val 36582.9150, Test 39195.9545
          R2_Score         : Train 0.9838, Val 0.9720, Test 0.9699
          MAE              : Train 13705.0779, Val 14684.8719, Test 14972.0852
Epoch 63: Loss:            : Train 0.0001, Val 0.0001, Test 0.0001
          RMSE             : Train 27186.3704, Val 36962.2768, Test 39651.8396
          R2_Score         : Train 0.9857, Val 0.9714, Test 0.9692
          MAE              : Train 13259.3857, Val 15380.6242, Test 15620.8016
Best:
          RMSE             : Train 28892.3872, Val 36582.9150, Test 39195.9545
          R2_Score         : Train 0.9838, Val 0.9720, Test 0.9699
          MAE              : Train 13705.0779, Val 14684.8719, Test 14972.0852
Epoch 64: Loss:            : Train 0.0001, Val 0.0001, Test 0.0001
          RMSE             : Train 26986.1936, Val 37759.0607, Test 40690.0846
          R2_Score         : Train 0.9859, Val 0.9702, Test 0.9676
          MAE              : Train 13124.7614, Val 15961.9280, Test 16219.4212
Best:
          RMSE             : Train 28892.3872, Val 36582.9150, Test 39195.9545
          R2_Score         : Train 0.9838, Val 0.9720, Test 0.9699
          MAE              : Train 13705.0779, Val 14684.8719, Test 14972.0852
Epoch 65: Loss:            : Train 0.0001, Val 0.0001, Test 0.0001
          RMSE             : Train 27126.6124, Val 37700.2631, Test 40448.2166
          R2_Score         : Train 0.9858, Val 0.9703, Test 0.9680
          MAE              : Train 13170.3637, Val 15355.2749, Test 15641.6774
Best:
          RMSE             : Train 28892.3872, Val 36582.9150, Test 39195.9545
          R2_Score         : Train 0.9838, Val 0.9720, Test 0.9699
          MAE              : Train 13705.0779, Val 14684.8719, Test 14972.0852
Epoch 66: Loss:            : Train 0.0001, Val 0.0001, Test 0.0001
          RMSE             : Train 26667.4202, Val 37347.3053, Test 39853.8766
          R2_Score         : Train 0.9862, Val 0.9708, Test 0.9689
          MAE              : Train 13174.4883, Val 15051.5834, Test 15183.5640
Best:
          RMSE             : Train 28892.3872, Val 36582.9150, Test 39195.9545
          R2_Score         : Train 0.9838, Val 0.9720, Test 0.9699
          MAE              : Train 13705.0779, Val 14684.8719, Test 14972.0852
Epoch 67: Loss:            : Train 0.0001, Val 0.0001, Test 0.0001
          RMSE             : Train 26445.3071, Val 37424.2449, Test 40043.6559
          R2_Score         : Train 0.9865, Val 0.9707, Test 0.9686
          MAE              : Train 12919.4798, Val 15172.6058, Test 15377.5113
Best:
          RMSE             : Train 28892.3872, Val 36582.9150, Test 39195.9545
          R2_Score         : Train 0.9838, Val 0.9720, Test 0.9699
          MAE              : Train 13705.0779, Val 14684.8719, Test 14972.0852
Epoch 68: Loss:            : Train 0.0001, Val 0.0001, Test 0.0001
          RMSE             : Train 26790.1492, Val 37191.6059, Test 39317.7205
          R2_Score         : Train 0.9861, Val 0.9711, Test 0.9697
          MAE              : Train 12994.4497, Val 14782.1448, Test 14951.2880
Best:
          RMSE             : Train 28892.3872, Val 36582.9150, Test 39195.9545
          R2_Score         : Train 0.9838, Val 0.9720, Test 0.9699
          MAE              : Train 13705.0779, Val 14684.8719, Test 14972.0852
Epoch 69: Loss:            : Train 0.0001, Val 0.0001, Test 0.0001
          RMSE             : Train 26342.4185, Val 41431.9096, Test 40047.1087
          R2_Score         : Train 0.9866, Val 0.9641, Test 0.9686
          MAE              : Train 12835.5841, Val 14929.2014, Test 14898.1635
Best:
          RMSE             : Train 28892.3872, Val 36582.9150, Test 39195.9545
          R2_Score         : Train 0.9838, Val 0.9720, Test 0.9699
          MAE              : Train 13705.0779, Val 14684.8719, Test 14972.0852
Epoch 70: Loss:            : Train 0.0001, Val 0.0001, Test 0.0001
          RMSE             : Train 26639.5739, Val 38781.3430, Test 40115.7217
          R2_Score         : Train 0.9863, Val 0.9686, Test 0.9685
          MAE              : Train 13015.1285, Val 15985.4458, Test 16184.7340
Best:
          RMSE             : Train 28892.3872, Val 36582.9150, Test 39195.9545
          R2_Score         : Train 0.9838, Val 0.9720, Test 0.9699
          MAE              : Train 13705.0779, Val 14684.8719, Test 14972.0852
Epoch 71: Loss:            : Train 0.0001, Val 0.0001, Test 0.0001
          RMSE             : Train 26122.7221, Val 38436.9297, Test 38885.7622
          R2_Score         : Train 0.9868, Val 0.9691, Test 0.9704
          MAE              : Train 12819.9897, Val 14758.9140, Test 14980.9133
Best:
          RMSE             : Train 28892.3872, Val 36582.9150, Test 39195.9545
          R2_Score         : Train 0.9838, Val 0.9720, Test 0.9699
          MAE              : Train 13705.0779, Val 14684.8719, Test 14972.0852
Epoch 72: Loss:            : Train 0.0001, Val 0.0001, Test 0.0001
          RMSE             : Train 26146.0827, Val 37680.1989, Test 40274.8575
          R2_Score         : Train 0.9868, Val 0.9703, Test 0.9682
          MAE              : Train 12820.0728, Val 15325.3385, Test 15466.0760
Best:
          RMSE             : Train 28892.3872, Val 36582.9150, Test 39195.9545
          R2_Score         : Train 0.9838, Val 0.9720, Test 0.9699
          MAE              : Train 13705.0779, Val 14684.8719, Test 14972.0852
Epoch 73: Loss:            : Train 0.0001, Val 0.0001, Test 0.0001
          RMSE             : Train 26291.4391, Val 39006.3126, Test 40787.5864
          R2_Score         : Train 0.9866, Val 0.9682, Test 0.9674
          MAE              : Train 12917.8364, Val 15253.5627, Test 15418.6510
Best:
          RMSE             : Train 28892.3872, Val 36582.9150, Test 39195.9545
          R2_Score         : Train 0.9838, Val 0.9720, Test 0.9699
          MAE              : Train 13705.0779, Val 14684.8719, Test 14972.0852
Epoch 74: Loss:            : Train 0.0001, Val 0.0001, Test 0.0001
          RMSE             : Train 25957.3760, Val 37178.6618, Test 39160.1258
          R2_Score         : Train 0.9870, Val 0.9711, Test 0.9700
          MAE              : Train 12821.6297, Val 14879.1182, Test 15110.7638
Best:
          RMSE             : Train 28892.3872, Val 36582.9150, Test 39195.9545
          R2_Score         : Train 0.9838, Val 0.9720, Test 0.9699
          MAE              : Train 13705.0779, Val 14684.8719, Test 14972.0852
Epoch 75: Loss:            : Train 0.0000, Val 0.0001, Test 0.0001
          RMSE             : Train 25668.2956, Val 41135.7470, Test 39528.3367
          R2_Score         : Train 0.9872, Val 0.9646, Test 0.9694
          MAE              : Train 12604.4986, Val 15740.1295, Test 15650.6629
Best:
          RMSE             : Train 28892.3872, Val 36582.9150, Test 39195.9545
          R2_Score         : Train 0.9838, Val 0.9720, Test 0.9699
          MAE              : Train 13705.0779, Val 14684.8719, Test 14972.0852
Epoch 76: Loss:            : Train 0.0000, Val 0.0001, Test 0.0001
          RMSE             : Train 25582.7342, Val 37402.2010, Test 38432.3886
          R2_Score         : Train 0.9873, Val 0.9708, Test 0.9711
          MAE              : Train 12672.8122, Val 14422.9864, Test 14558.7199
Best:
          RMSE             : Train 28892.3872, Val 36582.9150, Test 39195.9545
          R2_Score         : Train 0.9838, Val 0.9720, Test 0.9699
          MAE              : Train 13705.0779, Val 14684.8719, Test 14972.0852
Epoch 77: Loss:            : Train 0.0000, Val 0.0001, Test 0.0001
          RMSE             : Train 25614.2058, Val 38001.9519, Test 40347.8894
          R2_Score         : Train 0.9873, Val 0.9698, Test 0.9681
          MAE              : Train 12718.5300, Val 14609.8216, Test 14878.7000
Best:
          RMSE             : Train 28892.3872, Val 36582.9150, Test 39195.9545
          R2_Score         : Train 0.9838, Val 0.9720, Test 0.9699
          MAE              : Train 13705.0779, Val 14684.8719, Test 14972.0852
Epoch 78: Loss:            : Train 0.0000, Val 0.0001, Test 0.0001
          RMSE             : Train 25902.2015, Val 37293.7500, Test 39782.0038
          R2_Score         : Train 0.9870, Val 0.9709, Test 0.9690
          MAE              : Train 12727.3086, Val 14812.9953, Test 15068.7750
Best:
          RMSE             : Train 28892.3872, Val 36582.9150, Test 39195.9545
          R2_Score         : Train 0.9838, Val 0.9720, Test 0.9699
          MAE              : Train 13705.0779, Val 14684.8719, Test 14972.0852
Epoch 79: Loss:            : Train 0.0000, Val 0.0001, Test 0.0001
          RMSE             : Train 25482.0660, Val 40544.2689, Test 39696.9623
          R2_Score         : Train 0.9874, Val 0.9656, Test 0.9691
          MAE              : Train 12476.3105, Val 14928.8035, Test 14947.1513
Best:
          RMSE             : Train 28892.3872, Val 36582.9150, Test 39195.9545
          R2_Score         : Train 0.9838, Val 0.9720, Test 0.9699
          MAE              : Train 13705.0779, Val 14684.8719, Test 14972.0852
Epoch 80: Loss:            : Train 0.0000, Val 0.0001, Test 0.0001
          RMSE             : Train 25413.3819, Val 39380.9891, Test 39720.8893
          R2_Score         : Train 0.9875, Val 0.9676, Test 0.9691
          MAE              : Train 12525.4118, Val 15136.0843, Test 15204.6310
Best:
          RMSE             : Train 28892.3872, Val 36582.9150, Test 39195.9545
          R2_Score         : Train 0.9838, Val 0.9720, Test 0.9699
          MAE              : Train 13705.0779, Val 14684.8719, Test 14972.0852
Epoch 81: Loss:            : Train 0.0000, Val 0.0001, Test 0.0001
          RMSE             : Train 25356.8747, Val 36728.8885, Test 38360.7807
          R2_Score         : Train 0.9876, Val 0.9718, Test 0.9712
          MAE              : Train 12551.0051, Val 14505.9198, Test 14655.5997
Best:
          RMSE             : Train 28892.3872, Val 36582.9150, Test 39195.9545
          R2_Score         : Train 0.9838, Val 0.9720, Test 0.9699
          MAE              : Train 13705.0779, Val 14684.8719, Test 14972.0852
Epoch 82: Loss:            : Train 0.0000, Val 0.0001, Test 0.0001
          RMSE             : Train 25300.0149, Val 37982.9428, Test 40033.4281
          R2_Score         : Train 0.9876, Val 0.9698, Test 0.9686
          MAE              : Train 12540.0891, Val 14607.4451, Test 15031.4079
Best:
          RMSE             : Train 28892.3872, Val 36582.9150, Test 39195.9545
          R2_Score         : Train 0.9838, Val 0.9720, Test 0.9699
          MAE              : Train 13705.0779, Val 14684.8719, Test 14972.0852
Epoch 83: Loss:            : Train 0.0000, Val 0.0001, Test 0.0001
          RMSE             : Train 25527.7566, Val 38338.3823, Test 40973.4490
          R2_Score         : Train 0.9874, Val 0.9693, Test 0.9671
          MAE              : Train 12496.4141, Val 14926.9370, Test 15202.9266
Best:
          RMSE             : Train 28892.3872, Val 36582.9150, Test 39195.9545
          R2_Score         : Train 0.9838, Val 0.9720, Test 0.9699
          MAE              : Train 13705.0779, Val 14684.8719, Test 14972.0852
Epoch 84: Loss:            : Train 0.0000, Val 0.0001, Test 0.0001
          RMSE             : Train 25256.5583, Val 36784.2940, Test 38219.3494
          R2_Score         : Train 0.9877, Val 0.9717, Test 0.9714
          MAE              : Train 12570.9026, Val 14676.7815, Test 14879.1581
Best:
          RMSE             : Train 28892.3872, Val 36582.9150, Test 39195.9545
          R2_Score         : Train 0.9838, Val 0.9720, Test 0.9699
          MAE              : Train 13705.0779, Val 14684.8719, Test 14972.0852
Epoch 85: Loss:            : Train 0.0000, Val 0.0001, Test 0.0001
          RMSE             : Train 24696.6641, Val 37101.9343, Test 39458.3018
          R2_Score         : Train 0.9882, Val 0.9712, Test 0.9695
          MAE              : Train 12315.2877, Val 15073.1914, Test 15328.6962
Best:
          RMSE             : Train 28892.3872, Val 36582.9150, Test 39195.9545
          R2_Score         : Train 0.9838, Val 0.9720, Test 0.9699
          MAE              : Train 13705.0779, Val 14684.8719, Test 14972.0852
Epoch 86: Loss:            : Train 0.0000, Val 0.0001, Test 0.0001
          RMSE             : Train 24930.1422, Val 38021.2990, Test 38571.1169
          R2_Score         : Train 0.9880, Val 0.9698, Test 0.9709
          MAE              : Train 12371.2036, Val 14509.8570, Test 14539.3084
Best:
          RMSE             : Train 28892.3872, Val 36582.9150, Test 39195.9545
          R2_Score         : Train 0.9838, Val 0.9720, Test 0.9699
          MAE              : Train 13705.0779, Val 14684.8719, Test 14972.0852
Epoch 87: Loss:            : Train 0.0000, Val 0.0001, Test 0.0001
          RMSE             : Train 24803.7334, Val 37229.7467, Test 38480.0058
          R2_Score         : Train 0.9881, Val 0.9710, Test 0.9710
          MAE              : Train 12401.9473, Val 14608.8956, Test 14885.8329
Best:
          RMSE             : Train 28892.3872, Val 36582.9150, Test 39195.9545
          R2_Score         : Train 0.9838, Val 0.9720, Test 0.9699
          MAE              : Train 13705.0779, Val 14684.8719, Test 14972.0852
Epoch 88: Loss:            : Train 0.0000, Val 0.0001, Test 0.0001
          RMSE             : Train 24791.3639, Val 37439.2565, Test 39119.3902
          R2_Score         : Train 0.9881, Val 0.9707, Test 0.9700
          MAE              : Train 12306.2945, Val 14577.5977, Test 14814.8685
Best:
          RMSE             : Train 28892.3872, Val 36582.9150, Test 39195.9545
          R2_Score         : Train 0.9838, Val 0.9720, Test 0.9699
          MAE              : Train 13705.0779, Val 14684.8719, Test 14972.0852
Epoch 89: Loss:            : Train 0.0000, Val 0.0001, Test 0.0001
          RMSE             : Train 24669.5536, Val 38009.6627, Test 38434.8219
          R2_Score         : Train 0.9882, Val 0.9698, Test 0.9711
          MAE              : Train 12296.6410, Val 14643.9233, Test 14793.8441
Best:
          RMSE             : Train 28892.3872, Val 36582.9150, Test 39195.9545
          R2_Score         : Train 0.9838, Val 0.9720, Test 0.9699
          MAE              : Train 13705.0779, Val 14684.8719, Test 14972.0852
Epoch 90: Loss:            : Train 0.0000, Val 0.0001, Test 0.0001
          RMSE             : Train 24670.6338, Val 38483.1290, Test 39387.0332
          R2_Score         : Train 0.9882, Val 0.9690, Test 0.9696
          MAE              : Train 12259.4216, Val 14422.2025, Test 14685.6971
Best:
          RMSE             : Train 28892.3872, Val 36582.9150, Test 39195.9545
          R2_Score         : Train 0.9838, Val 0.9720, Test 0.9699
          MAE              : Train 13705.0779, Val 14684.8719, Test 14972.0852
Epoch 91: Loss:            : Train 0.0000, Val 0.0001, Test 0.0001
          RMSE             : Train 24727.3132, Val 36572.1742, Test 40026.1795
          R2_Score         : Train 0.9882, Val 0.9720, Test 0.9686
          MAE              : Train 12259.8579, Val 14594.8109, Test 14984.5171
Best:
          RMSE             : Train 24727.3132, Val 36572.1742, Test 40026.1795
          R2_Score         : Train 0.9882, Val 0.9720, Test 0.9686
          MAE              : Train 12259.8579, Val 14594.8109, Test 14984.5171
Epoch 92: Loss:            : Train 0.0000, Val 0.0001, Test 0.0001
          RMSE             : Train 24493.2222, Val 38038.7806, Test 38821.6779
          R2_Score         : Train 0.9884, Val 0.9697, Test 0.9705
          MAE              : Train 12157.2723, Val 14296.0778, Test 14528.4050
Best:
          RMSE             : Train 24727.3132, Val 36572.1742, Test 40026.1795
          R2_Score         : Train 0.9882, Val 0.9720, Test 0.9686
          MAE              : Train 12259.8579, Val 14594.8109, Test 14984.5171
Epoch 93: Loss:            : Train 0.0000, Val 0.0001, Test 0.0001
          RMSE             : Train 24276.9711, Val 38351.3611, Test 40907.0727
          R2_Score         : Train 0.9886, Val 0.9693, Test 0.9672
          MAE              : Train 12114.7268, Val 14931.9371, Test 15063.6386
Best:
          RMSE             : Train 24727.3132, Val 36572.1742, Test 40026.1795
          R2_Score         : Train 0.9882, Val 0.9720, Test 0.9686
          MAE              : Train 12259.8579, Val 14594.8109, Test 14984.5171
Epoch 94: Loss:            : Train 0.0000, Val 0.0001, Test 0.0001
          RMSE             : Train 24208.8915, Val 37109.4733, Test 39023.4044
          R2_Score         : Train 0.9887, Val 0.9712, Test 0.9702
          MAE              : Train 12226.0882, Val 14457.6618, Test 14532.2326
Best:
          RMSE             : Train 24727.3132, Val 36572.1742, Test 40026.1795
          R2_Score         : Train 0.9882, Val 0.9720, Test 0.9686
          MAE              : Train 12259.8579, Val 14594.8109, Test 14984.5171
Epoch 95: Loss:            : Train 0.0000, Val 0.0001, Test 0.0001
          RMSE             : Train 24158.7672, Val 37372.0441, Test 38785.0668
          R2_Score         : Train 0.9887, Val 0.9708, Test 0.9705
          MAE              : Train 12059.0077, Val 14442.3101, Test 14610.5119
Best:
          RMSE             : Train 24727.3132, Val 36572.1742, Test 40026.1795
          R2_Score         : Train 0.9882, Val 0.9720, Test 0.9686
          MAE              : Train 12259.8579, Val 14594.8109, Test 14984.5171
Epoch 96: Loss:            : Train 0.0000, Val 0.0001, Test 0.0001
          RMSE             : Train 24076.7703, Val 36946.9116, Test 39843.9939
          R2_Score         : Train 0.9888, Val 0.9715, Test 0.9689
          MAE              : Train 12097.8373, Val 15359.5822, Test 15408.9836
Best:
          RMSE             : Train 24727.3132, Val 36572.1742, Test 40026.1795
          R2_Score         : Train 0.9882, Val 0.9720, Test 0.9686
          MAE              : Train 12259.8579, Val 14594.8109, Test 14984.5171
Epoch 97: Loss:            : Train 0.0000, Val 0.0001, Test 0.0001
          RMSE             : Train 23983.5425, Val 38044.0752, Test 39581.7590
          R2_Score         : Train 0.9889, Val 0.9697, Test 0.9693
          MAE              : Train 12062.1831, Val 14920.0459, Test 15158.1747
Best:
          RMSE             : Train 24727.3132, Val 36572.1742, Test 40026.1795
          R2_Score         : Train 0.9882, Val 0.9720, Test 0.9686
          MAE              : Train 12259.8579, Val 14594.8109, Test 14984.5171
Epoch 98: Loss:            : Train 0.0000, Val 0.0001, Test 0.0001
          RMSE             : Train 24102.3034, Val 37516.9845, Test 38353.8572
          R2_Score         : Train 0.9888, Val 0.9706, Test 0.9712
          MAE              : Train 12095.0181, Val 14267.1032, Test 14399.4538
Best:
          RMSE             : Train 24727.3132, Val 36572.1742, Test 40026.1795
          R2_Score         : Train 0.9882, Val 0.9720, Test 0.9686
          MAE              : Train 12259.8579, Val 14594.8109, Test 14984.5171
Epoch 99: Loss:            : Train 0.0000, Val 0.0001, Test 0.0001
          RMSE             : Train 23998.6176, Val 38393.5546, Test 39157.0654
          R2_Score         : Train 0.9889, Val 0.9692, Test 0.9700
          MAE              : Train 11945.3051, Val 14365.9252, Test 14578.6975
Best:
          RMSE             : Train 24727.3132, Val 36572.1742, Test 40026.1795
          R2_Score         : Train 0.9882, Val 0.9720, Test 0.9686
          MAE              : Train 12259.8579, Val 14594.8109, Test 14984.5171
Epoch 100: Loss:            : Train 0.0000, Val 0.0001, Test 0.0001
          RMSE             : Train 23753.8734, Val 37831.8583, Test 39038.5137
          R2_Score         : Train 0.9891, Val 0.9701, Test 0.9702
          MAE              : Train 11969.7909, Val 15334.2943, Test 15669.0322
Best:
          RMSE             : Train 24727.3132, Val 36572.1742, Test 40026.1795
          R2_Score         : Train 0.9882, Val 0.9720, Test 0.9686
          MAE              : Train 12259.8579, Val 14594.8109, Test 14984.5171
Training time (sec): 898
