Loading loan from data/company/loan_subset_clean.csv
Loading company from data/company/company_subset_clean.csv
Current loan columns Index(['Term', 'NoEmp', 'NewExist', 'CreateJob', 'RetainedJob', 'UrbanRural',
       'DisbursementGross', 'BalanceGross', 'ChgOffPrinGr', 'GrAppv',
       'BankState_al', 'BankState_an', 'BankState_ar', 'BankState_az',
       'BankState_ca', 'BankState_co', 'BankState_ct', 'BankState_dc',
       'BankState_de', 'BankState_en', 'BankState_fl', 'BankState_ga',
       'BankState_gu', 'BankState_hi', 'BankState_ia', 'BankState_id',
       'BankState_il', 'BankState_in', 'BankState_ks', 'BankState_ky',
       'BankState_la', 'BankState_ma', 'BankState_md', 'BankState_me',
       'BankState_mi', 'BankState_mn', 'BankState_mo', 'BankState_ms',
       'BankState_mt', 'BankState_nc', 'BankState_nd', 'BankState_ne',
       'BankState_nh', 'BankState_nj', 'BankState_nm', 'BankState_nv',
       'BankState_ny', 'BankState_oh', 'BankState_ok', 'BankState_or',
       'BankState_pa', 'BankState_pr', 'BankState_ri', 'BankState_sc',
       'BankState_sd', 'BankState_tn', 'BankState_tx', 'BankState_ut',
       'BankState_va', 'BankState_vi', 'BankState_vt', 'BankState_wa',
       'BankState_wi', 'BankState_wv', 'BankState_wy', 'RevLineCr_-',
       'RevLineCr_.', 'RevLineCr_0', 'RevLineCr_1', 'RevLineCr_2',
       'RevLineCr_3', 'RevLineCr_4', 'RevLineCr_5', 'RevLineCr_7',
       'RevLineCr_`', 'RevLineCr_a', 'RevLineCr_c', 'RevLineCr_n',
       'RevLineCr_q', 'RevLineCr_r', 'RevLineCr_t', 'RevLineCr_y', 'LowDoc_1',
       'LowDoc_a', 'LowDoc_c', 'LowDoc_n', 'LowDoc_r', 'LowDoc_s', 'LowDoc_y',
       'MIS_Status_p i f', 'Name'],
      dtype='object')
Current company columns Index(['name', 'current employee estimate', 'total employee estimate',
       'ind_airlines/aviation', 'ind_alternative dispute resolution',
       'ind_alternative medicine', 'ind_animation', 'ind_apparel & fashion',
       'ind_architecture & planning', 'ind_arts and crafts',
       ...
       'ind_wine and spirits', 'ind_wireless', 'ind_writing and editing',
       'sr_10001+', 'sr_1001 - 5000', 'sr_11 - 50', 'sr_201 - 500',
       'sr_5001 - 10000', 'sr_501 - 1000', 'sr_51 - 200'],
      dtype='object', length=157)
Loading data from cache
Done
Calculating noise scale
Adding noise of scale 0.0 to sim_scores
Adding noise of scale 0.0 to sim_scores
Adding noise of scale 0.0 to sim_scores
Filter dataset to top 5
Generating top 5 dataset
Generating top 5 dataset
Generating top 5 dataset
Preparing time (sec): 14
Initializing dataloader
Done
Prepare for training
Start training
SplitNN summary
==========================================================================================
Layer (type:depth-idx)                   Output Shape              Param #
==========================================================================================
SplitNN                                  --                        --
├─MLP: 1                                 --                        --
│    └─ModuleList: 2-1                   --                        --
├─ModuleList: 1-1                        --                        --
│    └─MLP: 2                            --                        --
│    │    └─ModuleList: 3-1              --                        14,150
│    └─MLP: 2                            --                        --
│    │    └─ModuleList: 3-2              --                        20,750
│    └─MLP: 2-2                          [32, 50]                  --
│    └─MLP: 2-3                          [32, 50]                  --
├─MLP: 1-2                               [32, 10]                  --
│    └─ModuleList: 2-1                   --                        --
│    │    └─Linear: 3-3                  [32, 100]                 10,100
│    │    └─Linear: 3-4                  [32, 10]                  1,010
==========================================================================================
Total params: 46,010
Trainable params: 46,010
Non-trainable params: 0
Total mult-adds (M): 1.47
==========================================================================================
Input size (MB): 0.03
Forward/backward pass size (MB): 0.10
Params size (MB): 0.18
Estimated Total Size (MB): 0.32
==========================================================================================
Merge model summary
==========================================================================================
Layer (type:depth-idx)                   Output Shape              Param #
==========================================================================================
ConvModel                                --                        --
├─Conv2d: 1-1                            [1, 4, 11, 10]            32
├─Dropout: 1-2                           [1, 440]                  --
├─Linear: 1-3                            [1, 200]                  88,200
├─Dropout: 1-4                           [1, 200]                  --
├─Linear: 1-5                            [1, 1]                    201
==========================================================================================
Total params: 88,433
Trainable params: 88,433
Non-trainable params: 0
Total mult-adds (M): 0.09
==========================================================================================
Input size (MB): 0.00
Forward/backward pass size (MB): 0.01
Params size (MB): 0.35
Estimated Total Size (MB): 0.36
==========================================================================================
Similarity model summary
==========================================================================================
Layer (type:depth-idx)                   Output Shape              Param #
==========================================================================================
MLP                                      --                        --
├─ModuleList: 1-1                        --                        --
│    └─Linear: 2-1                       [1, 10]                   20
│    └─Linear: 2-2                       [1, 1]                    11
==========================================================================================
Total params: 31
Trainable params: 31
Non-trainable params: 0
Total mult-adds (M): 0.00
==========================================================================================
Input size (MB): 0.00
Forward/backward pass size (MB): 0.00
Params size (MB): 0.00
Estimated Total Size (MB): 0.00
==========================================================================================
n_classes=2
task=regression
model_name=company_fedsim_2022-08-14-01-39-38
sche_threshold=0.0001
sche_patience=10
sche_factor=0.1
use_scheduler=False
num_workers=4
device=cuda:1
test_batch_size=4096
train_batch_size=32
learning_rate=0.001
weight_decay=1e-05
num_epochs=100
model_save_path=ckp/company_fedsim_2022-08-14-01-39-38.pth
test_rate=0.2
val_rate=0.1
multiprocess_context=fork
metrics=['rmse', 'mae', 'r2_score']
metrics_f=[<metric.rmse.RMSE object at 0x7fd696ab4df0>, <metric.mae.MAE object at 0x7fd696ab4e80>, <metric.r2_score.R2Score object at 0x7fd696ab4be0>]
hidden_sizes=[200, 100]
model=SplitNN(
  (agg_model): MLP(
    (fc_layers): ModuleList(
      (0): Linear(in_features=100, out_features=100, bias=True)
      (1): Linear(in_features=100, out_features=10, bias=True)
    )
  )
  (local_models): ModuleList(
    (0): MLP(
      (fc_layers): ModuleList(
        (0): Linear(in_features=90, out_features=100, bias=True)
        (1): Linear(in_features=100, out_features=50, bias=True)
      )
    )
    (1): MLP(
      (fc_layers): ModuleList(
        (0): Linear(in_features=156, out_features=100, bias=True)
        (1): Linear(in_features=100, out_features=50, bias=True)
      )
    )
  )
)
writer=<torch.utils.tensorboard.writer.SummaryWriter object at 0x7fd696ab4940>
dataset_type=real
drop_key=True
num_common_features=1
tree_radius=0.01
tree_leaf_size=1000
knn_k=5
grid_min=-10.0
grid_max=10.0
grid_width=1.5
sim_scaler=StandardScaler()
filter_top_k=5
link_n_jobs=1
psig_p=8
sim_leak_p=1.0
link_threshold_t=0.1
link_epsilon=0.1
n_hash_lsh=50
edit_distance_threshold=10
n_hash_func=50
collision_rate=0.02
qgram_q=4
link_delta=0.02
feature_wise_sim=False
blocking_method=knn_priv_str
center_threshold=0.5
n_clusters=100
local_hidden_sizes=[[100], [100]]
cut_dims=[50, 50]
agg_hidden_sizes=[100]
scale_analysis=None
disable_weight=False
disable_sort=False
mlp_merge=None
use_sim=True
use_conv=True
conv_kernel_v_size=7
conv_n_channels=4
merge_dropout_p=0.3
raw_output_dim=10
log_dir=log/company_fedsim_2022-08-14-01-39-38/
update_sim_freq=1
sim_model_save_path=ckp/company_fedsim_2022-08-14-01-39-38_sim.pth
merge_model_save_path=ckp/company_fedsim_2022-08-14-01-39-38_merge.pth
sim_batch_size=128
sim_weight_decay=1e-05
sim_learning_rate=0.001
merge_model=ConvModel(
  (conv1): Conv2d(1, 4, kernel_size=[7, 1], stride=(1, 1), padding=[6, 0])
  (fc1): Linear(in_features=440, out_features=200, bias=True)
  (fc2): Linear(in_features=200, out_features=1, bias=True)
  (dropout1): Dropout(p=0.3, inplace=False)
  (dropout2): Dropout(p=0.3, inplace=False)
)
sim_model=MLP(
  (fc_layers): ModuleList(
    (0): Linear(in_features=1, out_features=10, bias=True)
    (1): Linear(in_features=10, out_features=1, bias=True)
  )
)
sim_hidden_sizes=[10]
merge_hidden_sizes=[200]
data1_shape=(77225, 91)
data2_shape=(220583, 157)
Epoch 1: Loss:            : Train 0.0063, Val 0.0002, Test 0.0003
          RMSE             : Train 292413.8361, Val 52938.1266, Test 62095.9282
          MAE              : Train 119043.8590, Val 28808.7562, Test 29705.2123
          R2_Score         : Train -0.6548, Val 0.9414, Test 0.9245
Best:
          RMSE             : Train 292413.8361, Val 52938.1266, Test 62095.9282
          MAE              : Train 119043.8590, Val 28808.7562, Test 29705.2123
          R2_Score         : Train -0.6548, Val 0.9414, Test 0.9245
Epoch 2: Loss:            : Train 0.0003, Val 0.0002, Test 0.0002
          RMSE             : Train 66567.6952, Val 46798.0406, Test 56161.2774
          MAE              : Train 35070.5197, Val 24156.1455, Test 25126.0100
          R2_Score         : Train 0.9142, Val 0.9542, Test 0.9382
Best:
          RMSE             : Train 66567.6952, Val 46798.0406, Test 56161.2774
          MAE              : Train 35070.5197, Val 24156.1455, Test 25126.0100
          R2_Score         : Train 0.9142, Val 0.9542, Test 0.9382
Epoch 3: Loss:            : Train 0.0003, Val 0.0002, Test 0.0002
          RMSE             : Train 61324.2472, Val 45653.5841, Test 51277.6802
          MAE              : Train 32041.7162, Val 22484.4687, Test 23147.9415
          R2_Score         : Train 0.9272, Val 0.9564, Test 0.9485
Best:
          RMSE             : Train 61324.2472, Val 45653.5841, Test 51277.6802
          MAE              : Train 32041.7162, Val 22484.4687, Test 23147.9415
          R2_Score         : Train 0.9272, Val 0.9564, Test 0.9485
Epoch 4: Loss:            : Train 0.0003, Val 0.0001, Test 0.0002
          RMSE             : Train 58828.6785, Val 43339.0715, Test 48343.9554
          MAE              : Train 31159.3261, Val 20115.3432, Test 20778.1982
          R2_Score         : Train 0.9330, Val 0.9607, Test 0.9542
Best:
          RMSE             : Train 58828.6785, Val 43339.0715, Test 48343.9554
          MAE              : Train 31159.3261, Val 20115.3432, Test 20778.1982
          R2_Score         : Train 0.9330, Val 0.9607, Test 0.9542
Epoch 5: Loss:            : Train 0.0002, Val 0.0001, Test 0.0002
          RMSE             : Train 56501.3286, Val 42626.6998, Test 46849.1749
          MAE              : Train 29905.1659, Val 20398.1982, Test 20923.9430
          R2_Score         : Train 0.9382, Val 0.9620, Test 0.9570
Best:
          RMSE             : Train 56501.3286, Val 42626.6998, Test 46849.1749
          MAE              : Train 29905.1659, Val 20398.1982, Test 20923.9430
          R2_Score         : Train 0.9382, Val 0.9620, Test 0.9570
Epoch 6: Loss:            : Train 0.0002, Val 0.0002, Test 0.0002
          RMSE             : Train 54360.0624, Val 45528.4044, Test 48417.9159
          MAE              : Train 28774.9047, Val 22464.8495, Test 22813.8679
          R2_Score         : Train 0.9428, Val 0.9567, Test 0.9541
Best:
          RMSE             : Train 56501.3286, Val 42626.6998, Test 46849.1749
          MAE              : Train 29905.1659, Val 20398.1982, Test 20923.9430
          R2_Score         : Train 0.9382, Val 0.9620, Test 0.9570
Epoch 7: Loss:            : Train 0.0002, Val 0.0002, Test 0.0002
          RMSE             : Train 52295.2233, Val 45195.5335, Test 47522.4566
          MAE              : Train 27808.1578, Val 20649.7067, Test 21320.6912
          R2_Score         : Train 0.9471, Val 0.9573, Test 0.9558
Best:
          RMSE             : Train 56501.3286, Val 42626.6998, Test 46849.1749
          MAE              : Train 29905.1659, Val 20398.1982, Test 20923.9430
          R2_Score         : Train 0.9382, Val 0.9620, Test 0.9570
Epoch 8: Loss:            : Train 0.0002, Val 0.0001, Test 0.0001
          RMSE             : Train 49248.2769, Val 39497.9957, Test 42163.0445
          MAE              : Train 26553.1667, Val 18174.6773, Test 18676.0360
          R2_Score         : Train 0.9531, Val 0.9674, Test 0.9652
Best:
          RMSE             : Train 49248.2769, Val 39497.9957, Test 42163.0445
          MAE              : Train 26553.1667, Val 18174.6773, Test 18676.0360
          R2_Score         : Train 0.9531, Val 0.9674, Test 0.9652
Epoch 9: Loss:            : Train 0.0002, Val 0.0001, Test 0.0001
          RMSE             : Train 47172.0712, Val 39478.6815, Test 42077.5167
          MAE              : Train 25352.2679, Val 18227.0482, Test 18540.2357
          R2_Score         : Train 0.9569, Val 0.9674, Test 0.9653
Best:
          RMSE             : Train 47172.0712, Val 39478.6815, Test 42077.5167
          MAE              : Train 25352.2679, Val 18227.0482, Test 18540.2357
          R2_Score         : Train 0.9569, Val 0.9674, Test 0.9653
Epoch 10: Loss:            : Train 0.0002, Val 0.0001, Test 0.0001
          RMSE             : Train 45989.9740, Val 41356.7791, Test 42094.2005
          MAE              : Train 24208.5348, Val 20430.9087, Test 20551.0627
          R2_Score         : Train 0.9591, Val 0.9642, Test 0.9653
Best:
          RMSE             : Train 47172.0712, Val 39478.6815, Test 42077.5167
          MAE              : Train 25352.2679, Val 18227.0482, Test 18540.2357
          R2_Score         : Train 0.9569, Val 0.9674, Test 0.9653
Epoch 11: Loss:            : Train 0.0002, Val 0.0001, Test 0.0001
          RMSE             : Train 45106.4836, Val 39111.3919, Test 40618.0249
          MAE              : Train 23595.6274, Val 18573.3567, Test 18843.6194
          R2_Score         : Train 0.9606, Val 0.9680, Test 0.9677
Best:
          RMSE             : Train 45106.4836, Val 39111.3919, Test 40618.0249
          MAE              : Train 23595.6274, Val 18573.3567, Test 18843.6194
          R2_Score         : Train 0.9606, Val 0.9680, Test 0.9677
Epoch 12: Loss:            : Train 0.0001, Val 0.0001, Test 0.0001
          RMSE             : Train 43444.3475, Val 36656.6073, Test 37943.6447
          MAE              : Train 22783.1713, Val 16682.8683, Test 17064.3534
          R2_Score         : Train 0.9635, Val 0.9719, Test 0.9718
Best:
          RMSE             : Train 43444.3475, Val 36656.6073, Test 37943.6447
          MAE              : Train 22783.1713, Val 16682.8683, Test 17064.3534
          R2_Score         : Train 0.9635, Val 0.9719, Test 0.9718
Epoch 13: Loss:            : Train 0.0001, Val 0.0001, Test 0.0001
          RMSE             : Train 43658.0186, Val 38884.6859, Test 38656.1244
          MAE              : Train 22788.6024, Val 17399.6939, Test 17375.3223
          R2_Score         : Train 0.9631, Val 0.9684, Test 0.9707
Best:
          RMSE             : Train 43444.3475, Val 36656.6073, Test 37943.6447
          MAE              : Train 22783.1713, Val 16682.8683, Test 17064.3534
          R2_Score         : Train 0.9635, Val 0.9719, Test 0.9718
Epoch 14: Loss:            : Train 0.0001, Val 0.0001, Test 0.0001
          RMSE             : Train 42186.6830, Val 38859.8306, Test 39337.1248
          MAE              : Train 21953.5663, Val 17173.1255, Test 17306.9582
          R2_Score         : Train 0.9656, Val 0.9684, Test 0.9697
Best:
          RMSE             : Train 43444.3475, Val 36656.6073, Test 37943.6447
          MAE              : Train 22783.1713, Val 16682.8683, Test 17064.3534
          R2_Score         : Train 0.9635, Val 0.9719, Test 0.9718
Epoch 15: Loss:            : Train 0.0001, Val 0.0001, Test 0.0001
          RMSE             : Train 41995.5471, Val 37758.4558, Test 37960.5223
          MAE              : Train 21813.8620, Val 17924.6532, Test 18136.6620
          R2_Score         : Train 0.9659, Val 0.9702, Test 0.9718
Best:
          RMSE             : Train 43444.3475, Val 36656.6073, Test 37943.6447
          MAE              : Train 22783.1713, Val 16682.8683, Test 17064.3534
          R2_Score         : Train 0.9635, Val 0.9719, Test 0.9718
Epoch 16: Loss:            : Train 0.0001, Val 0.0001, Test 0.0001
          RMSE             : Train 40979.1237, Val 40867.5622, Test 41202.4777
          MAE              : Train 21212.4322, Val 18908.6315, Test 19067.3985
          R2_Score         : Train 0.9675, Val 0.9651, Test 0.9668
Best:
          RMSE             : Train 43444.3475, Val 36656.6073, Test 37943.6447
          MAE              : Train 22783.1713, Val 16682.8683, Test 17064.3534
          R2_Score         : Train 0.9635, Val 0.9719, Test 0.9718
Epoch 17: Loss:            : Train 0.0001, Val 0.0001, Test 0.0001
          RMSE             : Train 40455.4876, Val 37698.7043, Test 38416.1797
          MAE              : Train 21166.0656, Val 17317.6403, Test 17787.2213
          R2_Score         : Train 0.9683, Val 0.9703, Test 0.9711
Best:
          RMSE             : Train 43444.3475, Val 36656.6073, Test 37943.6447
          MAE              : Train 22783.1713, Val 16682.8683, Test 17064.3534
          R2_Score         : Train 0.9635, Val 0.9719, Test 0.9718
Epoch 18: Loss:            : Train 0.0001, Val 0.0001, Test 0.0001
          RMSE             : Train 40150.3446, Val 38681.0718, Test 39583.0418
          MAE              : Train 20913.0174, Val 16780.4165, Test 17030.1694
          R2_Score         : Train 0.9688, Val 0.9687, Test 0.9693
Best:
          RMSE             : Train 43444.3475, Val 36656.6073, Test 37943.6447
          MAE              : Train 22783.1713, Val 16682.8683, Test 17064.3534
          R2_Score         : Train 0.9635, Val 0.9719, Test 0.9718
Epoch 19: Loss:            : Train 0.0001, Val 0.0001, Test 0.0001
          RMSE             : Train 39607.1858, Val 42701.3773, Test 42214.4677
          MAE              : Train 20759.1983, Val 20058.0097, Test 20437.1678
          R2_Score         : Train 0.9696, Val 0.9619, Test 0.9651
Best:
          RMSE             : Train 43444.3475, Val 36656.6073, Test 37943.6447
          MAE              : Train 22783.1713, Val 16682.8683, Test 17064.3534
          R2_Score         : Train 0.9635, Val 0.9719, Test 0.9718
Epoch 20: Loss:            : Train 0.0001, Val 0.0001, Test 0.0001
          RMSE             : Train 40195.4711, Val 35340.7189, Test 38435.1569
          MAE              : Train 20698.2168, Val 15551.0542, Test 15922.2367
          R2_Score         : Train 0.9687, Val 0.9739, Test 0.9711
Best:
          RMSE             : Train 40195.4711, Val 35340.7189, Test 38435.1569
          MAE              : Train 20698.2168, Val 15551.0542, Test 15922.2367
          R2_Score         : Train 0.9687, Val 0.9739, Test 0.9711
Epoch 21: Loss:            : Train 0.0001, Val 0.0001, Test 0.0001
          RMSE             : Train 38965.9114, Val 36659.8856, Test 36589.7191
          MAE              : Train 20439.6831, Val 15676.9304, Test 15936.9536
          R2_Score         : Train 0.9706, Val 0.9719, Test 0.9738
Best:
          RMSE             : Train 40195.4711, Val 35340.7189, Test 38435.1569
          MAE              : Train 20698.2168, Val 15551.0542, Test 15922.2367
          R2_Score         : Train 0.9687, Val 0.9739, Test 0.9711
Epoch 22: Loss:            : Train 0.0001, Val 0.0001, Test 0.0001
          RMSE             : Train 39114.6507, Val 40008.1086, Test 40192.2823
          MAE              : Train 20371.5472, Val 19316.4449, Test 19281.9029
          R2_Score         : Train 0.9704, Val 0.9665, Test 0.9684
Best:
          RMSE             : Train 40195.4711, Val 35340.7189, Test 38435.1569
          MAE              : Train 20698.2168, Val 15551.0542, Test 15922.2367
          R2_Score         : Train 0.9687, Val 0.9739, Test 0.9711
Epoch 23: Loss:            : Train 0.0001, Val 0.0001, Test 0.0001
          RMSE             : Train 39106.8942, Val 37217.8540, Test 36828.1924
          MAE              : Train 20317.5299, Val 15869.5986, Test 15945.7716
          R2_Score         : Train 0.9704, Val 0.9710, Test 0.9734
Best:
          RMSE             : Train 40195.4711, Val 35340.7189, Test 38435.1569
          MAE              : Train 20698.2168, Val 15551.0542, Test 15922.2367
          R2_Score         : Train 0.9687, Val 0.9739, Test 0.9711
Epoch 24: Loss:            : Train 0.0001, Val 0.0001, Test 0.0001
          RMSE             : Train 37601.5168, Val 40941.0245, Test 41638.7858
          MAE              : Train 19704.8515, Val 19412.1474, Test 19271.3104
          R2_Score         : Train 0.9726, Val 0.9650, Test 0.9660
Best:
          RMSE             : Train 40195.4711, Val 35340.7189, Test 38435.1569
          MAE              : Train 20698.2168, Val 15551.0542, Test 15922.2367
          R2_Score         : Train 0.9687, Val 0.9739, Test 0.9711
Epoch 25: Loss:            : Train 0.0001, Val 0.0001, Test 0.0001
          RMSE             : Train 38225.9997, Val 41699.8778, Test 41294.3499
          MAE              : Train 19913.7894, Val 16304.3153, Test 16237.5942
          R2_Score         : Train 0.9717, Val 0.9636, Test 0.9666
Best:
          RMSE             : Train 40195.4711, Val 35340.7189, Test 38435.1569
          MAE              : Train 20698.2168, Val 15551.0542, Test 15922.2367
          R2_Score         : Train 0.9687, Val 0.9739, Test 0.9711
Epoch 26: Loss:            : Train 0.0001, Val 0.0001, Test 0.0001
          RMSE             : Train 38578.4559, Val 36869.8177, Test 36984.2179
          MAE              : Train 20021.1649, Val 15338.7115, Test 15329.3638
          R2_Score         : Train 0.9712, Val 0.9716, Test 0.9732
Best:
          RMSE             : Train 40195.4711, Val 35340.7189, Test 38435.1569
          MAE              : Train 20698.2168, Val 15551.0542, Test 15922.2367
          R2_Score         : Train 0.9687, Val 0.9739, Test 0.9711
Epoch 27: Loss:            : Train 0.0001, Val 0.0001, Test 0.0001
          RMSE             : Train 37443.9497, Val 37335.6140, Test 38186.0720
          MAE              : Train 19682.4019, Val 17625.8131, Test 17893.8512
          R2_Score         : Train 0.9729, Val 0.9709, Test 0.9714
Best:
          RMSE             : Train 40195.4711, Val 35340.7189, Test 38435.1569
          MAE              : Train 20698.2168, Val 15551.0542, Test 15922.2367
          R2_Score         : Train 0.9687, Val 0.9739, Test 0.9711
Epoch 28: Loss:            : Train 0.0001, Val 0.0001, Test 0.0001
          RMSE             : Train 37863.1882, Val 37802.8989, Test 38181.2048
          MAE              : Train 19748.4742, Val 15801.8164, Test 15989.1723
          R2_Score         : Train 0.9723, Val 0.9701, Test 0.9715
Best:
          RMSE             : Train 40195.4711, Val 35340.7189, Test 38435.1569
          MAE              : Train 20698.2168, Val 15551.0542, Test 15922.2367
          R2_Score         : Train 0.9687, Val 0.9739, Test 0.9711
Epoch 29: Loss:            : Train 0.0001, Val 0.0001, Test 0.0001
          RMSE             : Train 37285.3337, Val 38465.6599, Test 37897.0934
          MAE              : Train 19556.1881, Val 17354.9636, Test 17731.4356
          R2_Score         : Train 0.9731, Val 0.9691, Test 0.9719
Best:
          RMSE             : Train 40195.4711, Val 35340.7189, Test 38435.1569
          MAE              : Train 20698.2168, Val 15551.0542, Test 15922.2367
          R2_Score         : Train 0.9687, Val 0.9739, Test 0.9711
Epoch 30: Loss:            : Train 0.0001, Val 0.0001, Test 0.0001
          RMSE             : Train 36837.1461, Val 37207.0968, Test 39154.3320
          MAE              : Train 19395.8321, Val 15315.9171, Test 15569.9723
          R2_Score         : Train 0.9737, Val 0.9711, Test 0.9700
Best:
          RMSE             : Train 40195.4711, Val 35340.7189, Test 38435.1569
          MAE              : Train 20698.2168, Val 15551.0542, Test 15922.2367
          R2_Score         : Train 0.9687, Val 0.9739, Test 0.9711
Epoch 31: Loss:            : Train 0.0001, Val 0.0001, Test 0.0001
          RMSE             : Train 37374.1873, Val 37959.5890, Test 39105.4537
          MAE              : Train 19443.0931, Val 16682.6226, Test 16830.0375
          R2_Score         : Train 0.9730, Val 0.9699, Test 0.9701
Best:
          RMSE             : Train 40195.4711, Val 35340.7189, Test 38435.1569
          MAE              : Train 20698.2168, Val 15551.0542, Test 15922.2367
          R2_Score         : Train 0.9687, Val 0.9739, Test 0.9711
Epoch 32: Loss:            : Train 0.0001, Val 0.0001, Test 0.0001
          RMSE             : Train 36684.4482, Val 41190.2906, Test 40660.5200
          MAE              : Train 19205.1108, Val 17058.7937, Test 17013.2078
          R2_Score         : Train 0.9740, Val 0.9645, Test 0.9676
Best:
          RMSE             : Train 40195.4711, Val 35340.7189, Test 38435.1569
          MAE              : Train 20698.2168, Val 15551.0542, Test 15922.2367
          R2_Score         : Train 0.9687, Val 0.9739, Test 0.9711
Epoch 33: Loss:            : Train 0.0001, Val 0.0001, Test 0.0001
          RMSE             : Train 36892.0364, Val 34378.7850, Test 35464.5074
          MAE              : Train 19348.7449, Val 14897.0813, Test 15361.5972
          R2_Score         : Train 0.9737, Val 0.9753, Test 0.9754
Best:
          RMSE             : Train 36892.0364, Val 34378.7850, Test 35464.5074
          MAE              : Train 19348.7449, Val 14897.0813, Test 15361.5972
          R2_Score         : Train 0.9737, Val 0.9753, Test 0.9754
Epoch 34: Loss:            : Train 0.0001, Val 0.0001, Test 0.0001
          RMSE             : Train 37201.9673, Val 37003.9303, Test 37034.2254
          MAE              : Train 19350.6550, Val 16273.8724, Test 16367.3046
          R2_Score         : Train 0.9732, Val 0.9714, Test 0.9731
Best:
          RMSE             : Train 36892.0364, Val 34378.7850, Test 35464.5074
          MAE              : Train 19348.7449, Val 14897.0813, Test 15361.5972
          R2_Score         : Train 0.9737, Val 0.9753, Test 0.9754
Epoch 35: Loss:            : Train 0.0001, Val 0.0001, Test 0.0001
          RMSE             : Train 36446.2926, Val 42786.5335, Test 43747.2984
          MAE              : Train 19041.3427, Val 18038.4434, Test 17848.1515
          R2_Score         : Train 0.9743, Val 0.9617, Test 0.9625
Best:
          RMSE             : Train 36892.0364, Val 34378.7850, Test 35464.5074
          MAE              : Train 19348.7449, Val 14897.0813, Test 15361.5972
          R2_Score         : Train 0.9737, Val 0.9753, Test 0.9754
Epoch 36: Loss:            : Train 0.0001, Val 0.0001, Test 0.0001
          RMSE             : Train 35827.3272, Val 36617.3009, Test 38412.5890
          MAE              : Train 18941.6211, Val 16018.2429, Test 16369.2187
          R2_Score         : Train 0.9752, Val 0.9720, Test 0.9711
Best:
          RMSE             : Train 36892.0364, Val 34378.7850, Test 35464.5074
          MAE              : Train 19348.7449, Val 14897.0813, Test 15361.5972
          R2_Score         : Train 0.9737, Val 0.9753, Test 0.9754
Epoch 37: Loss:            : Train 0.0001, Val 0.0001, Test 0.0001
          RMSE             : Train 36649.8881, Val 36547.2253, Test 37533.2897
          MAE              : Train 19196.0036, Val 16318.1208, Test 16509.8526
          R2_Score         : Train 0.9740, Val 0.9721, Test 0.9724
Best:
          RMSE             : Train 36892.0364, Val 34378.7850, Test 35464.5074
          MAE              : Train 19348.7449, Val 14897.0813, Test 15361.5972
          R2_Score         : Train 0.9737, Val 0.9753, Test 0.9754
Epoch 38: Loss:            : Train 0.0001, Val 0.0001, Test 0.0002
          RMSE             : Train 35551.9201, Val 39649.0091, Test 45294.4947
          MAE              : Train 18937.4716, Val 15658.2731, Test 15927.5848
          R2_Score         : Train 0.9755, Val 0.9671, Test 0.9598
Best:
          RMSE             : Train 36892.0364, Val 34378.7850, Test 35464.5074
          MAE              : Train 19348.7449, Val 14897.0813, Test 15361.5972
          R2_Score         : Train 0.9737, Val 0.9753, Test 0.9754
Epoch 39: Loss:            : Train 0.0001, Val 0.0001, Test 0.0001
          RMSE             : Train 35636.9964, Val 36551.9909, Test 37612.4389
          MAE              : Train 18698.6796, Val 15092.2251, Test 15173.8960
          R2_Score         : Train 0.9754, Val 0.9721, Test 0.9723
Best:
          RMSE             : Train 36892.0364, Val 34378.7850, Test 35464.5074
          MAE              : Train 19348.7449, Val 14897.0813, Test 15361.5972
          R2_Score         : Train 0.9737, Val 0.9753, Test 0.9754
Epoch 40: Loss:            : Train 0.0001, Val 0.0001, Test 0.0001
          RMSE             : Train 35969.9747, Val 40821.8830, Test 40715.7059
          MAE              : Train 18972.4921, Val 16640.5264, Test 16572.5848
          R2_Score         : Train 0.9750, Val 0.9652, Test 0.9675
Best:
          RMSE             : Train 36892.0364, Val 34378.7850, Test 35464.5074
          MAE              : Train 19348.7449, Val 14897.0813, Test 15361.5972
          R2_Score         : Train 0.9737, Val 0.9753, Test 0.9754
Epoch 41: Loss:            : Train 0.0001, Val 0.0001, Test 0.0001
          RMSE             : Train 34735.4653, Val 36828.0509, Test 38694.0133
          MAE              : Train 18639.1329, Val 15647.8301, Test 15767.7834
          R2_Score         : Train 0.9767, Val 0.9716, Test 0.9707
Best:
          RMSE             : Train 36892.0364, Val 34378.7850, Test 35464.5074
          MAE              : Train 19348.7449, Val 14897.0813, Test 15361.5972
          R2_Score         : Train 0.9737, Val 0.9753, Test 0.9754
Epoch 42: Loss:            : Train 0.0001, Val 0.0001, Test 0.0001
          RMSE             : Train 34895.1195, Val 37158.4676, Test 37430.2832
          MAE              : Train 18609.7879, Val 15842.2317, Test 15983.9284
          R2_Score         : Train 0.9764, Val 0.9711, Test 0.9726
Best:
          RMSE             : Train 36892.0364, Val 34378.7850, Test 35464.5074
          MAE              : Train 19348.7449, Val 14897.0813, Test 15361.5972
          R2_Score         : Train 0.9737, Val 0.9753, Test 0.9754
Epoch 43: Loss:            : Train 0.0001, Val 0.0001, Test 0.0001
          RMSE             : Train 34620.7852, Val 37528.5994, Test 37148.8782
          MAE              : Train 18481.1920, Val 15498.0143, Test 15474.9885
          R2_Score         : Train 0.9768, Val 0.9706, Test 0.9730
Best:
          RMSE             : Train 36892.0364, Val 34378.7850, Test 35464.5074
          MAE              : Train 19348.7449, Val 14897.0813, Test 15361.5972
          R2_Score         : Train 0.9737, Val 0.9753, Test 0.9754
Epoch 44: Loss:            : Train 0.0001, Val 0.0001, Test 0.0001
          RMSE             : Train 35563.3092, Val 37255.6747, Test 37098.4845
          MAE              : Train 18526.4550, Val 16026.7889, Test 15933.6505
          R2_Score         : Train 0.9755, Val 0.9710, Test 0.9730
Best:
          RMSE             : Train 36892.0364, Val 34378.7850, Test 35464.5074
          MAE              : Train 19348.7449, Val 14897.0813, Test 15361.5972
          R2_Score         : Train 0.9737, Val 0.9753, Test 0.9754
Epoch 45: Loss:            : Train 0.0001, Val 0.0001, Test 0.0001
          RMSE             : Train 34356.7192, Val 41461.2621, Test 38710.6723
          MAE              : Train 18483.5530, Val 15736.7683, Test 15476.8223
          R2_Score         : Train 0.9772, Val 0.9641, Test 0.9707
Best:
          RMSE             : Train 36892.0364, Val 34378.7850, Test 35464.5074
          MAE              : Train 19348.7449, Val 14897.0813, Test 15361.5972
          R2_Score         : Train 0.9737, Val 0.9753, Test 0.9754
Epoch 46: Loss:            : Train 0.0001, Val 0.0001, Test 0.0001
          RMSE             : Train 34248.2398, Val 37380.6859, Test 37767.9494
          MAE              : Train 18393.9558, Val 16890.1475, Test 17134.7900
          R2_Score         : Train 0.9773, Val 0.9708, Test 0.9721
Best:
          RMSE             : Train 36892.0364, Val 34378.7850, Test 35464.5074
          MAE              : Train 19348.7449, Val 14897.0813, Test 15361.5972
          R2_Score         : Train 0.9737, Val 0.9753, Test 0.9754
Epoch 47: Loss:            : Train 0.0001, Val 0.0001, Test 0.0001
          RMSE             : Train 33974.9251, Val 38083.0010, Test 38349.6277
          MAE              : Train 18176.9010, Val 14932.7482, Test 15278.5222
          R2_Score         : Train 0.9777, Val 0.9697, Test 0.9712
Best:
          RMSE             : Train 36892.0364, Val 34378.7850, Test 35464.5074
          MAE              : Train 19348.7449, Val 14897.0813, Test 15361.5972
          R2_Score         : Train 0.9737, Val 0.9753, Test 0.9754
Epoch 48: Loss:            : Train 0.0001, Val 0.0001, Test 0.0001
          RMSE             : Train 34181.1341, Val 39434.5703, Test 40129.2504
          MAE              : Train 18202.0350, Val 16990.4173, Test 17025.6762
          R2_Score         : Train 0.9774, Val 0.9675, Test 0.9685
Best:
          RMSE             : Train 36892.0364, Val 34378.7850, Test 35464.5074
          MAE              : Train 19348.7449, Val 14897.0813, Test 15361.5972
          R2_Score         : Train 0.9737, Val 0.9753, Test 0.9754
Epoch 49: Loss:            : Train 0.0001, Val 0.0001, Test 0.0001
          RMSE             : Train 33650.7724, Val 34873.5377, Test 36956.1127
          MAE              : Train 18112.7009, Val 14218.6238, Test 14670.3044
          R2_Score         : Train 0.9781, Val 0.9746, Test 0.9733
Best:
          RMSE             : Train 36892.0364, Val 34378.7850, Test 35464.5074
          MAE              : Train 19348.7449, Val 14897.0813, Test 15361.5972
          R2_Score         : Train 0.9737, Val 0.9753, Test 0.9754
Epoch 50: Loss:            : Train 0.0001, Val 0.0001, Test 0.0001
          RMSE             : Train 34068.7063, Val 39623.0083, Test 39402.1020
          MAE              : Train 18217.2406, Val 18514.3534, Test 18404.8681
          R2_Score         : Train 0.9775, Val 0.9672, Test 0.9696
Best:
          RMSE             : Train 36892.0364, Val 34378.7850, Test 35464.5074
          MAE              : Train 19348.7449, Val 14897.0813, Test 15361.5972
          R2_Score         : Train 0.9737, Val 0.9753, Test 0.9754
Epoch 51: Loss:            : Train 0.0001, Val 0.0001, Test 0.0001
          RMSE             : Train 34055.0200, Val 37605.9263, Test 37946.6045
          MAE              : Train 18304.7009, Val 14885.8371, Test 14973.8279
          R2_Score         : Train 0.9776, Val 0.9704, Test 0.9718
Best:
          RMSE             : Train 36892.0364, Val 34378.7850, Test 35464.5074
          MAE              : Train 19348.7449, Val 14897.0813, Test 15361.5972
          R2_Score         : Train 0.9737, Val 0.9753, Test 0.9754
Epoch 52: Loss:            : Train 0.0001, Val 0.0001, Test 0.0001
          RMSE             : Train 33569.5473, Val 38845.2176, Test 39958.8668
          MAE              : Train 18095.1370, Val 17072.2939, Test 17362.3859
          R2_Score         : Train 0.9782, Val 0.9685, Test 0.9687
Best:
          RMSE             : Train 36892.0364, Val 34378.7850, Test 35464.5074
          MAE              : Train 19348.7449, Val 14897.0813, Test 15361.5972
          R2_Score         : Train 0.9737, Val 0.9753, Test 0.9754
Epoch 53: Loss:            : Train 0.0001, Val 0.0001, Test 0.0001
          RMSE             : Train 32943.8373, Val 39723.4797, Test 38940.0899
          MAE              : Train 17949.6196, Val 15346.9150, Test 15653.7347
          R2_Score         : Train 0.9790, Val 0.9670, Test 0.9703
Best:
          RMSE             : Train 36892.0364, Val 34378.7850, Test 35464.5074
          MAE              : Train 19348.7449, Val 14897.0813, Test 15361.5972
          R2_Score         : Train 0.9737, Val 0.9753, Test 0.9754
Epoch 54: Loss:            : Train 0.0001, Val 0.0001, Test 0.0001
          RMSE             : Train 33632.7411, Val 37083.7503, Test 37387.5781
          MAE              : Train 17982.1676, Val 14774.9338, Test 14741.5846
          R2_Score         : Train 0.9781, Val 0.9712, Test 0.9726
Best:
          RMSE             : Train 36892.0364, Val 34378.7850, Test 35464.5074
          MAE              : Train 19348.7449, Val 14897.0813, Test 15361.5972
          R2_Score         : Train 0.9737, Val 0.9753, Test 0.9754
Epoch 55: Loss:            : Train 0.0001, Val 0.0001, Test 0.0001
          RMSE             : Train 33436.5807, Val 39371.9167, Test 40014.5864
          MAE              : Train 17975.7822, Val 18619.7147, Test 18578.7667
          R2_Score         : Train 0.9784, Val 0.9676, Test 0.9686
Best:
          RMSE             : Train 36892.0364, Val 34378.7850, Test 35464.5074
          MAE              : Train 19348.7449, Val 14897.0813, Test 15361.5972
          R2_Score         : Train 0.9737, Val 0.9753, Test 0.9754
Epoch 56: Loss:            : Train 0.0001, Val 0.0001, Test 0.0001
          RMSE             : Train 33121.9194, Val 37899.6579, Test 38068.6038
          MAE              : Train 18020.7473, Val 14414.1638, Test 14730.9416
          R2_Score         : Train 0.9788, Val 0.9700, Test 0.9716
Best:
          RMSE             : Train 36892.0364, Val 34378.7850, Test 35464.5074
          MAE              : Train 19348.7449, Val 14897.0813, Test 15361.5972
          R2_Score         : Train 0.9737, Val 0.9753, Test 0.9754
Epoch 57: Loss:            : Train 0.0001, Val 0.0001, Test 0.0001
          RMSE             : Train 32914.8925, Val 37545.6641, Test 40923.1365
          MAE              : Train 17834.2868, Val 16389.4023, Test 16956.4862
          R2_Score         : Train 0.9790, Val 0.9705, Test 0.9672
Best:
          RMSE             : Train 36892.0364, Val 34378.7850, Test 35464.5074
          MAE              : Train 19348.7449, Val 14897.0813, Test 15361.5972
          R2_Score         : Train 0.9737, Val 0.9753, Test 0.9754
Epoch 58: Loss:            : Train 0.0001, Val 0.0001, Test 0.0001
          RMSE             : Train 33190.1397, Val 35633.5548, Test 40358.8729
          MAE              : Train 17679.5671, Val 14888.0629, Test 15667.0218
          R2_Score         : Train 0.9787, Val 0.9735, Test 0.9681
Best:
          RMSE             : Train 36892.0364, Val 34378.7850, Test 35464.5074
          MAE              : Train 19348.7449, Val 14897.0813, Test 15361.5972
          R2_Score         : Train 0.9737, Val 0.9753, Test 0.9754
Epoch 59: Loss:            : Train 0.0001, Val 0.0001, Test 0.0001
          RMSE             : Train 32631.4207, Val 36691.7755, Test 37333.6814
          MAE              : Train 17673.7971, Val 14217.7653, Test 14710.7362
          R2_Score         : Train 0.9794, Val 0.9719, Test 0.9727
Best:
          RMSE             : Train 36892.0364, Val 34378.7850, Test 35464.5074
          MAE              : Train 19348.7449, Val 14897.0813, Test 15361.5972
          R2_Score         : Train 0.9737, Val 0.9753, Test 0.9754
Epoch 60: Loss:            : Train 0.0001, Val 0.0001, Test 0.0001
          RMSE             : Train 32152.5595, Val 42372.3721, Test 40164.8508
          MAE              : Train 17496.7296, Val 14871.8347, Test 15150.4215
          R2_Score         : Train 0.9800, Val 0.9625, Test 0.9684
Best:
          RMSE             : Train 36892.0364, Val 34378.7850, Test 35464.5074
          MAE              : Train 19348.7449, Val 14897.0813, Test 15361.5972
          R2_Score         : Train 0.9737, Val 0.9753, Test 0.9754
Epoch 61: Loss:            : Train 0.0001, Val 0.0001, Test 0.0001
          RMSE             : Train 32197.7416, Val 37400.4793, Test 38302.9509
          MAE              : Train 17497.3535, Val 13522.6722, Test 13938.6635
          R2_Score         : Train 0.9799, Val 0.9708, Test 0.9713
Best:
          RMSE             : Train 36892.0364, Val 34378.7850, Test 35464.5074
          MAE              : Train 19348.7449, Val 14897.0813, Test 15361.5972
          R2_Score         : Train 0.9737, Val 0.9753, Test 0.9754
Epoch 62: Loss:            : Train 0.0001, Val 0.0001, Test 0.0001
          RMSE             : Train 32446.7777, Val 38119.6055, Test 38384.8466
          MAE              : Train 17381.6162, Val 15184.6879, Test 15255.6383
          R2_Score         : Train 0.9796, Val 0.9696, Test 0.9711
Best:
          RMSE             : Train 36892.0364, Val 34378.7850, Test 35464.5074
          MAE              : Train 19348.7449, Val 14897.0813, Test 15361.5972
          R2_Score         : Train 0.9737, Val 0.9753, Test 0.9754
Epoch 63: Loss:            : Train 0.0001, Val 0.0001, Test 0.0001
          RMSE             : Train 32131.2416, Val 35882.5258, Test 41193.9341
          MAE              : Train 17482.3472, Val 16353.6960, Test 16781.3490
          R2_Score         : Train 0.9800, Val 0.9731, Test 0.9668
Best:
          RMSE             : Train 36892.0364, Val 34378.7850, Test 35464.5074
          MAE              : Train 19348.7449, Val 14897.0813, Test 15361.5972
          R2_Score         : Train 0.9737, Val 0.9753, Test 0.9754
Epoch 64: Loss:            : Train 0.0001, Val 0.0002, Test 0.0002
          RMSE             : Train 32102.2026, Val 55432.8722, Test 51926.7661
          MAE              : Train 17343.3517, Val 15876.4768, Test 15997.0574
          R2_Score         : Train 0.9801, Val 0.9358, Test 0.9472
Best:
          RMSE             : Train 36892.0364, Val 34378.7850, Test 35464.5074
          MAE              : Train 19348.7449, Val 14897.0813, Test 15361.5972
          R2_Score         : Train 0.9737, Val 0.9753, Test 0.9754
Epoch 65: Loss:            : Train 0.0001, Val 0.0001, Test 0.0001
          RMSE             : Train 31965.6034, Val 35991.6164, Test 39523.1729
          MAE              : Train 17458.6497, Val 15617.4082, Test 16043.5595
          R2_Score         : Train 0.9802, Val 0.9729, Test 0.9694
Best:
          RMSE             : Train 36892.0364, Val 34378.7850, Test 35464.5074
          MAE              : Train 19348.7449, Val 14897.0813, Test 15361.5972
          R2_Score         : Train 0.9737, Val 0.9753, Test 0.9754
Epoch 66: Loss:            : Train 0.0001, Val 0.0001, Test 0.0001
          RMSE             : Train 31774.0278, Val 37885.4080, Test 38814.3684
          MAE              : Train 17325.6183, Val 15529.5840, Test 15701.6052
          R2_Score         : Train 0.9805, Val 0.9700, Test 0.9705
Best:
          RMSE             : Train 36892.0364, Val 34378.7850, Test 35464.5074
          MAE              : Train 19348.7449, Val 14897.0813, Test 15361.5972
          R2_Score         : Train 0.9737, Val 0.9753, Test 0.9754
Epoch 67: Loss:            : Train 0.0001, Val 0.0001, Test 0.0001
          RMSE             : Train 31685.8784, Val 38087.2577, Test 40189.5598
          MAE              : Train 17339.6991, Val 15065.3844, Test 15004.3155
          R2_Score         : Train 0.9806, Val 0.9697, Test 0.9684
Best:
          RMSE             : Train 36892.0364, Val 34378.7850, Test 35464.5074
          MAE              : Train 19348.7449, Val 14897.0813, Test 15361.5972
          R2_Score         : Train 0.9737, Val 0.9753, Test 0.9754
Epoch 68: Loss:            : Train 0.0001, Val 0.0001, Test 0.0001
          RMSE             : Train 32127.4882, Val 36752.3810, Test 40269.9543
          MAE              : Train 17449.9140, Val 16197.0851, Test 16500.7852
          R2_Score         : Train 0.9800, Val 0.9718, Test 0.9682
Best:
          RMSE             : Train 36892.0364, Val 34378.7850, Test 35464.5074
          MAE              : Train 19348.7449, Val 14897.0813, Test 15361.5972
          R2_Score         : Train 0.9737, Val 0.9753, Test 0.9754
Epoch 69: Loss:            : Train 0.0001, Val 0.0001, Test 0.0001
          RMSE             : Train 31991.8043, Val 40703.6058, Test 42655.0781
          MAE              : Train 17293.0384, Val 16120.1399, Test 16142.2803
          R2_Score         : Train 0.9802, Val 0.9654, Test 0.9644
Best:
          RMSE             : Train 36892.0364, Val 34378.7850, Test 35464.5074
          MAE              : Train 19348.7449, Val 14897.0813, Test 15361.5972
          R2_Score         : Train 0.9737, Val 0.9753, Test 0.9754
Epoch 70: Loss:            : Train 0.0001, Val 0.0001, Test 0.0001
          RMSE             : Train 31634.6161, Val 36455.8845, Test 40023.5589
          MAE              : Train 17302.3264, Val 14355.4147, Test 14739.4423
          R2_Score         : Train 0.9806, Val 0.9722, Test 0.9686
Best:
          RMSE             : Train 36892.0364, Val 34378.7850, Test 35464.5074
          MAE              : Train 19348.7449, Val 14897.0813, Test 15361.5972
          R2_Score         : Train 0.9737, Val 0.9753, Test 0.9754
Epoch 71: Loss:            : Train 0.0001, Val 0.0001, Test 0.0001
          RMSE             : Train 31696.3284, Val 35041.0911, Test 41165.0534
          MAE              : Train 17150.4220, Val 14626.2131, Test 15113.2575
          R2_Score         : Train 0.9806, Val 0.9743, Test 0.9668
Best:
          RMSE             : Train 36892.0364, Val 34378.7850, Test 35464.5074
          MAE              : Train 19348.7449, Val 14897.0813, Test 15361.5972
          R2_Score         : Train 0.9737, Val 0.9753, Test 0.9754
Epoch 72: Loss:            : Train 0.0001, Val 0.0001, Test 0.0001
          RMSE             : Train 31613.9563, Val 38913.5237, Test 44289.9210
          MAE              : Train 17276.2961, Val 14967.2189, Test 15591.7201
          R2_Score         : Train 0.9807, Val 0.9683, Test 0.9616
Best:
          RMSE             : Train 36892.0364, Val 34378.7850, Test 35464.5074
          MAE              : Train 19348.7449, Val 14897.0813, Test 15361.5972
          R2_Score         : Train 0.9737, Val 0.9753, Test 0.9754
Epoch 73: Loss:            : Train 0.0001, Val 0.0001, Test 0.0001
          RMSE             : Train 31579.3144, Val 36744.9164, Test 40000.1873
          MAE              : Train 16938.5985, Val 15884.6020, Test 16282.0559
          R2_Score         : Train 0.9807, Val 0.9718, Test 0.9687
Best:
          RMSE             : Train 36892.0364, Val 34378.7850, Test 35464.5074
          MAE              : Train 19348.7449, Val 14897.0813, Test 15361.5972
          R2_Score         : Train 0.9737, Val 0.9753, Test 0.9754
Epoch 74: Loss:            : Train 0.0001, Val 0.0001, Test 0.0001
          RMSE             : Train 31455.9435, Val 36810.1861, Test 38797.5883
          MAE              : Train 17093.5979, Val 14733.5890, Test 15126.5788
          R2_Score         : Train 0.9809, Val 0.9717, Test 0.9705
Best:
          RMSE             : Train 36892.0364, Val 34378.7850, Test 35464.5074
          MAE              : Train 19348.7449, Val 14897.0813, Test 15361.5972
          R2_Score         : Train 0.9737, Val 0.9753, Test 0.9754
Epoch 75: Loss:            : Train 0.0001, Val 0.0001, Test 0.0001
          RMSE             : Train 31898.5394, Val 38223.1962, Test 40679.6378
          MAE              : Train 17048.5903, Val 14524.1439, Test 14592.9675
          R2_Score         : Train 0.9803, Val 0.9695, Test 0.9676
Best:
          RMSE             : Train 36892.0364, Val 34378.7850, Test 35464.5074
          MAE              : Train 19348.7449, Val 14897.0813, Test 15361.5972
          R2_Score         : Train 0.9737, Val 0.9753, Test 0.9754
Epoch 76: Loss:            : Train 0.0001, Val 0.0001, Test 0.0001
          RMSE             : Train 30845.1341, Val 38853.4385, Test 39754.9758
          MAE              : Train 16975.1101, Val 14779.1362, Test 14906.0693
          R2_Score         : Train 0.9816, Val 0.9684, Test 0.9690
Best:
          RMSE             : Train 36892.0364, Val 34378.7850, Test 35464.5074
          MAE              : Train 19348.7449, Val 14897.0813, Test 15361.5972
          R2_Score         : Train 0.9737, Val 0.9753, Test 0.9754
Epoch 77: Loss:            : Train 0.0001, Val 0.0001, Test 0.0001
          RMSE             : Train 30717.8978, Val 35049.4606, Test 41169.5425
          MAE              : Train 17024.2818, Val 13881.8085, Test 14394.6158
          R2_Score         : Train 0.9817, Val 0.9743, Test 0.9668
Best:
          RMSE             : Train 36892.0364, Val 34378.7850, Test 35464.5074
          MAE              : Train 19348.7449, Val 14897.0813, Test 15361.5972
          R2_Score         : Train 0.9737, Val 0.9753, Test 0.9754
Epoch 78: Loss:            : Train 0.0001, Val 0.0001, Test 0.0001
          RMSE             : Train 31828.4317, Val 36508.7691, Test 39172.5804
          MAE              : Train 17112.0051, Val 15166.6868, Test 15392.2595
          R2_Score         : Train 0.9804, Val 0.9721, Test 0.9699
Best:
          RMSE             : Train 36892.0364, Val 34378.7850, Test 35464.5074
          MAE              : Train 19348.7449, Val 14897.0813, Test 15361.5972
          R2_Score         : Train 0.9737, Val 0.9753, Test 0.9754
Epoch 79: Loss:            : Train 0.0001, Val 0.0001, Test 0.0001
          RMSE             : Train 30703.6302, Val 36677.7079, Test 38581.4072
          MAE              : Train 16989.0292, Val 14570.5294, Test 14557.2312
          R2_Score         : Train 0.9818, Val 0.9719, Test 0.9709
Best:
          RMSE             : Train 36892.0364, Val 34378.7850, Test 35464.5074
          MAE              : Train 19348.7449, Val 14897.0813, Test 15361.5972
          R2_Score         : Train 0.9737, Val 0.9753, Test 0.9754
Epoch 80: Loss:            : Train 0.0001, Val 0.0001, Test 0.0001
          RMSE             : Train 31396.6693, Val 37181.7442, Test 39756.5889
          MAE              : Train 16936.9039, Val 16446.8195, Test 16693.4233
          R2_Score         : Train 0.9809, Val 0.9711, Test 0.9690
Best:
          RMSE             : Train 36892.0364, Val 34378.7850, Test 35464.5074
          MAE              : Train 19348.7449, Val 14897.0813, Test 15361.5972
          R2_Score         : Train 0.9737, Val 0.9753, Test 0.9754
Epoch 81: Loss:            : Train 0.0001, Val 0.0001, Test 0.0001
          RMSE             : Train 30717.7543, Val 35993.8291, Test 39694.9423
          MAE              : Train 17105.0065, Val 14139.5935, Test 14254.7533
          R2_Score         : Train 0.9817, Val 0.9729, Test 0.9691
Best:
          RMSE             : Train 36892.0364, Val 34378.7850, Test 35464.5074
          MAE              : Train 19348.7449, Val 14897.0813, Test 15361.5972
          R2_Score         : Train 0.9737, Val 0.9753, Test 0.9754
Epoch 82: Loss:            : Train 0.0001, Val 0.0001, Test 0.0001
          RMSE             : Train 31491.3181, Val 34772.3499, Test 38886.6117
          MAE              : Train 16986.1159, Val 13913.3762, Test 14207.9533
          R2_Score         : Train 0.9808, Val 0.9747, Test 0.9704
Best:
          RMSE             : Train 36892.0364, Val 34378.7850, Test 35464.5074
          MAE              : Train 19348.7449, Val 14897.0813, Test 15361.5972
          R2_Score         : Train 0.9737, Val 0.9753, Test 0.9754
Epoch 83: Loss:            : Train 0.0001, Val 0.0001, Test 0.0001
          RMSE             : Train 30740.8536, Val 36273.3704, Test 41395.8615
          MAE              : Train 16930.7371, Val 17319.6748, Test 17777.9911
          R2_Score         : Train 0.9817, Val 0.9725, Test 0.9664
Best:
          RMSE             : Train 36892.0364, Val 34378.7850, Test 35464.5074
          MAE              : Train 19348.7449, Val 14897.0813, Test 15361.5972
          R2_Score         : Train 0.9737, Val 0.9753, Test 0.9754
Epoch 84: Loss:            : Train 0.0001, Val 0.0001, Test 0.0001
          RMSE             : Train 30828.6119, Val 35463.6236, Test 40950.0957
          MAE              : Train 16947.7542, Val 14787.2760, Test 15200.2520
          R2_Score         : Train 0.9816, Val 0.9737, Test 0.9672
Best:
          RMSE             : Train 36892.0364, Val 34378.7850, Test 35464.5074
          MAE              : Train 19348.7449, Val 14897.0813, Test 15361.5972
          R2_Score         : Train 0.9737, Val 0.9753, Test 0.9754
Epoch 85: Loss:            : Train 0.0001, Val 0.0001, Test 0.0001
          RMSE             : Train 30928.3320, Val 34494.3953, Test 38830.3671
          MAE              : Train 16946.4135, Val 13958.3013, Test 14334.6783
          R2_Score         : Train 0.9815, Val 0.9751, Test 0.9705
Best:
          RMSE             : Train 36892.0364, Val 34378.7850, Test 35464.5074
          MAE              : Train 19348.7449, Val 14897.0813, Test 15361.5972
          R2_Score         : Train 0.9737, Val 0.9753, Test 0.9754
Epoch 86: Loss:            : Train 0.0001, Val 0.0001, Test 0.0001
          RMSE             : Train 30687.1702, Val 36720.9459, Test 40461.3041
          MAE              : Train 16856.9868, Val 14490.7553, Test 14710.4505
          R2_Score         : Train 0.9818, Val 0.9718, Test 0.9679
Best:
          RMSE             : Train 36892.0364, Val 34378.7850, Test 35464.5074
          MAE              : Train 19348.7449, Val 14897.0813, Test 15361.5972
          R2_Score         : Train 0.9737, Val 0.9753, Test 0.9754
Epoch 87: Loss:            : Train 0.0001, Val 0.0001, Test 0.0001
          RMSE             : Train 30166.3490, Val 35383.3254, Test 41578.0204
          MAE              : Train 16838.6646, Val 14216.1439, Test 14604.2299
          R2_Score         : Train 0.9824, Val 0.9738, Test 0.9661
Best:
          RMSE             : Train 36892.0364, Val 34378.7850, Test 35464.5074
          MAE              : Train 19348.7449, Val 14897.0813, Test 15361.5972
          R2_Score         : Train 0.9737, Val 0.9753, Test 0.9754
Epoch 88: Loss:            : Train 0.0001, Val 0.0001, Test 0.0001
          RMSE             : Train 30486.9790, Val 39869.8364, Test 41970.5877
          MAE              : Train 16698.7399, Val 19142.2733, Test 19334.0473
          R2_Score         : Train 0.9820, Val 0.9668, Test 0.9655
Best:
          RMSE             : Train 36892.0364, Val 34378.7850, Test 35464.5074
          MAE              : Train 19348.7449, Val 14897.0813, Test 15361.5972
          R2_Score         : Train 0.9737, Val 0.9753, Test 0.9754
Epoch 89: Loss:            : Train 0.0001, Val 0.0001, Test 0.0001
          RMSE             : Train 30396.0663, Val 36277.1004, Test 43058.7860
          MAE              : Train 16772.0995, Val 17254.7312, Test 17696.3734
          R2_Score         : Train 0.9821, Val 0.9725, Test 0.9637
Best:
          RMSE             : Train 36892.0364, Val 34378.7850, Test 35464.5074
          MAE              : Train 19348.7449, Val 14897.0813, Test 15361.5972
          R2_Score         : Train 0.9737, Val 0.9753, Test 0.9754
Epoch 90: Loss:            : Train 0.0001, Val 0.0001, Test 0.0001
          RMSE             : Train 30778.1208, Val 38318.7433, Test 40294.8250
          MAE              : Train 16988.1756, Val 15216.2731, Test 15527.5834
          R2_Score         : Train 0.9817, Val 0.9693, Test 0.9682
Best:
          RMSE             : Train 36892.0364, Val 34378.7850, Test 35464.5074
          MAE              : Train 19348.7449, Val 14897.0813, Test 15361.5972
          R2_Score         : Train 0.9737, Val 0.9753, Test 0.9754
Epoch 91: Loss:            : Train 0.0001, Val 0.0001, Test 0.0001
          RMSE             : Train 31199.8149, Val 38284.1497, Test 39027.1811
          MAE              : Train 16826.4755, Val 13782.7818, Test 13868.2190
          R2_Score         : Train 0.9812, Val 0.9694, Test 0.9702
Best:
          RMSE             : Train 36892.0364, Val 34378.7850, Test 35464.5074
          MAE              : Train 19348.7449, Val 14897.0813, Test 15361.5972
          R2_Score         : Train 0.9737, Val 0.9753, Test 0.9754
Epoch 92: Loss:            : Train 0.0001, Val 0.0001, Test 0.0001
          RMSE             : Train 30346.0632, Val 38612.9766, Test 40877.1107
          MAE              : Train 16749.1269, Val 18284.4321, Test 18255.5409
          R2_Score         : Train 0.9822, Val 0.9688, Test 0.9673
Best:
          RMSE             : Train 36892.0364, Val 34378.7850, Test 35464.5074
          MAE              : Train 19348.7449, Val 14897.0813, Test 15361.5972
          R2_Score         : Train 0.9737, Val 0.9753, Test 0.9754
Epoch 93: Loss:            : Train 0.0001, Val 0.0001, Test 0.0001
          RMSE             : Train 30476.7527, Val 36766.7209, Test 43172.4075
          MAE              : Train 16832.3545, Val 14066.3349, Test 14515.9025
          R2_Score         : Train 0.9820, Val 0.9717, Test 0.9635
Best:
          RMSE             : Train 36892.0364, Val 34378.7850, Test 35464.5074
          MAE              : Train 19348.7449, Val 14897.0813, Test 15361.5972
          R2_Score         : Train 0.9737, Val 0.9753, Test 0.9754
Epoch 94: Loss:            : Train 0.0001, Val 0.0001, Test 0.0001
          RMSE             : Train 30298.3651, Val 36958.7335, Test 39186.3472
          MAE              : Train 16717.6231, Val 13812.7804, Test 13572.1467
          R2_Score         : Train 0.9822, Val 0.9714, Test 0.9699
Best:
          RMSE             : Train 36892.0364, Val 34378.7850, Test 35464.5074
          MAE              : Train 19348.7449, Val 14897.0813, Test 15361.5972
          R2_Score         : Train 0.9737, Val 0.9753, Test 0.9754
Epoch 95: Loss:            : Train 0.0001, Val 0.0001, Test 0.0001
          RMSE             : Train 30174.3947, Val 37112.6931, Test 41067.5720
          MAE              : Train 16613.1651, Val 13644.2280, Test 13899.6384
          R2_Score         : Train 0.9824, Val 0.9712, Test 0.9670
Best:
          RMSE             : Train 36892.0364, Val 34378.7850, Test 35464.5074
          MAE              : Train 19348.7449, Val 14897.0813, Test 15361.5972
          R2_Score         : Train 0.9737, Val 0.9753, Test 0.9754
Epoch 96: Loss:            : Train 0.0001, Val 0.0001, Test 0.0001
          RMSE             : Train 30154.3290, Val 37192.2728, Test 38732.9761
          MAE              : Train 16725.6281, Val 13579.7835, Test 13548.5358
          R2_Score         : Train 0.9824, Val 0.9711, Test 0.9706
Best:
          RMSE             : Train 36892.0364, Val 34378.7850, Test 35464.5074
          MAE              : Train 19348.7449, Val 14897.0813, Test 15361.5972
          R2_Score         : Train 0.9737, Val 0.9753, Test 0.9754
Epoch 97: Loss:            : Train 0.0001, Val 0.0001, Test 0.0001
          RMSE             : Train 29800.5648, Val 34177.3674, Test 37869.5454
          MAE              : Train 16538.7428, Val 13583.0706, Test 13785.6755
          R2_Score         : Train 0.9828, Val 0.9756, Test 0.9719
Best:
          RMSE             : Train 29800.5648, Val 34177.3674, Test 37869.5454
          MAE              : Train 16538.7428, Val 13583.0706, Test 13785.6755
          R2_Score         : Train 0.9828, Val 0.9756, Test 0.9719
Epoch 98: Loss:            : Train 0.0001, Val 0.0001, Test 0.0001
          RMSE             : Train 30639.7074, Val 37583.9005, Test 38094.2883
          MAE              : Train 16882.0520, Val 13512.1417, Test 13474.1341
          R2_Score         : Train 0.9818, Val 0.9705, Test 0.9716
Best:
          RMSE             : Train 29800.5648, Val 34177.3674, Test 37869.5454
          MAE              : Train 16538.7428, Val 13583.0706, Test 13785.6755
          R2_Score         : Train 0.9828, Val 0.9756, Test 0.9719
Epoch 99: Loss:            : Train 0.0001, Val 0.0001, Test 0.0001
          RMSE             : Train 30626.1551, Val 43591.5259, Test 42566.3160
          MAE              : Train 16736.5288, Val 14447.8603, Test 14337.8404
          R2_Score         : Train 0.9818, Val 0.9603, Test 0.9645
Best:
          RMSE             : Train 29800.5648, Val 34177.3674, Test 37869.5454
          MAE              : Train 16538.7428, Val 13583.0706, Test 13785.6755
          R2_Score         : Train 0.9828, Val 0.9756, Test 0.9719
Epoch 100: Loss:            : Train 0.0001, Val 0.0001, Test 0.0001
          RMSE             : Train 30210.6240, Val 36460.2574, Test 42862.9003
          MAE              : Train 16673.9811, Val 15167.7576, Test 15422.0949
          R2_Score         : Train 0.9823, Val 0.9722, Test 0.9640
Best:
          RMSE             : Train 29800.5648, Val 34177.3674, Test 37869.5454
          MAE              : Train 16538.7428, Val 13583.0706, Test 13785.6755
          R2_Score         : Train 0.9828, Val 0.9756, Test 0.9719
Training time (sec): 6018
