Loading loan from data/company/loan_subset_clean.csv
Loading company from data/company/company_subset_clean.csv
Current loan columns Index(['Term', 'NoEmp', 'NewExist', 'CreateJob', 'RetainedJob', 'UrbanRural',
       'DisbursementGross', 'BalanceGross', 'ChgOffPrinGr', 'GrAppv',
       'BankState_al', 'BankState_an', 'BankState_ar', 'BankState_az',
       'BankState_ca', 'BankState_co', 'BankState_ct', 'BankState_dc',
       'BankState_de', 'BankState_en', 'BankState_fl', 'BankState_ga',
       'BankState_gu', 'BankState_hi', 'BankState_ia', 'BankState_id',
       'BankState_il', 'BankState_in', 'BankState_ks', 'BankState_ky',
       'BankState_la', 'BankState_ma', 'BankState_md', 'BankState_me',
       'BankState_mi', 'BankState_mn', 'BankState_mo', 'BankState_ms',
       'BankState_mt', 'BankState_nc', 'BankState_nd', 'BankState_ne',
       'BankState_nh', 'BankState_nj', 'BankState_nm', 'BankState_nv',
       'BankState_ny', 'BankState_oh', 'BankState_ok', 'BankState_or',
       'BankState_pa', 'BankState_pr', 'BankState_ri', 'BankState_sc',
       'BankState_sd', 'BankState_tn', 'BankState_tx', 'BankState_ut',
       'BankState_va', 'BankState_vi', 'BankState_vt', 'BankState_wa',
       'BankState_wi', 'BankState_wv', 'BankState_wy', 'RevLineCr_-',
       'RevLineCr_.', 'RevLineCr_0', 'RevLineCr_1', 'RevLineCr_2',
       'RevLineCr_3', 'RevLineCr_4', 'RevLineCr_5', 'RevLineCr_7',
       'RevLineCr_`', 'RevLineCr_a', 'RevLineCr_c', 'RevLineCr_n',
       'RevLineCr_q', 'RevLineCr_r', 'RevLineCr_t', 'RevLineCr_y', 'LowDoc_1',
       'LowDoc_a', 'LowDoc_c', 'LowDoc_n', 'LowDoc_r', 'LowDoc_s', 'LowDoc_y',
       'MIS_Status_p i f', 'Name'],
      dtype='object')
Current company columns Index(['name', 'current employee estimate', 'total employee estimate',
       'ind_airlines/aviation', 'ind_alternative dispute resolution',
       'ind_alternative medicine', 'ind_animation', 'ind_apparel & fashion',
       'ind_architecture & planning', 'ind_arts and crafts',
       ...
       'ind_wine and spirits', 'ind_wireless', 'ind_writing and editing',
       'sr_10001+', 'sr_1001 - 5000', 'sr_11 - 50', 'sr_201 - 500',
       'sr_5001 - 10000', 'sr_501 - 1000', 'sr_51 - 200'],
      dtype='object', length=157)
Loading data from cache
Done
Calculating noise scale
Adding noise of scale 0.0 to sim_scores
Adding noise of scale 0.0 to sim_scores
Adding noise of scale 0.0 to sim_scores
Filter dataset to top 5
Generating top 5 dataset
Generating top 5 dataset
Generating top 5 dataset
Preparing time (sec): 14
Initializing dataloader
Done
Prepare for training
Start training
================================================================================
                                    Kernel Shape Output Shape  Params  \
Layer                                                                   
0_local_models.0.fc_layers.Linear_0    [91, 100]   [128, 100]    9200   
1_local_models.0.fc_layers.Linear_1    [100, 50]    [128, 50]    5050   
2_local_models.1.fc_layers.Linear_0   [156, 100]   [128, 100]   15700   
3_local_models.1.fc_layers.Linear_1    [100, 50]    [128, 50]    5050   
4_agg_model.fc_layers.Linear_0        [100, 100]   [128, 100]   10100   
5_agg_model.fc_layers.Linear_1          [100, 1]     [128, 1]     101   

                                     Mult-Adds  
Layer                                           
0_local_models.0.fc_layers.Linear_0       9100  
1_local_models.0.fc_layers.Linear_1       5000  
2_local_models.1.fc_layers.Linear_0      15600  
3_local_models.1.fc_layers.Linear_1       5000  
4_agg_model.fc_layers.Linear_0           10000  
5_agg_model.fc_layers.Linear_1             100  
--------------------------------------------------------------------------------
                      Totals
Total params           45201
Trainable params       45201
Non-trainable params       0
Mult-Adds              44800
================================================================================
n_classes=2
task=regression
model_name=company_featuresim_2022-08-13-23-20-46
sche_threshold=0.0001
sche_patience=10
sche_factor=0.1
use_scheduler=False
num_workers=4
device=cuda:2
test_batch_size=4096
train_batch_size=128
learning_rate=0.001
weight_decay=1e-05
num_epochs=100
model_save_path=ckp/company_featuresim_2022-08-13-23-20-46.pth
test_rate=0.2
val_rate=0.1
multiprocess_context=fork
metrics=['rmse', 'r2_score', 'mae']
metrics_f=[<metric.rmse.RMSE object at 0x7fc809ef4e50>, <metric.r2_score.R2Score object at 0x7fc809ef4b80>, <metric.mae.MAE object at 0x7fc809ef4df0>]
hidden_sizes=[200, 100]
model=SplitNN(
  (agg_model): MLP(
    (fc_layers): ModuleList(
      (0): Linear(in_features=100, out_features=100, bias=True)
      (1): Linear(in_features=100, out_features=1, bias=True)
    )
  )
  (local_models): ModuleList(
    (0): MLP(
      (fc_layers): ModuleList(
        (0): Linear(in_features=91, out_features=100, bias=True)
        (1): Linear(in_features=100, out_features=50, bias=True)
      )
    )
    (1): MLP(
      (fc_layers): ModuleList(
        (0): Linear(in_features=156, out_features=100, bias=True)
        (1): Linear(in_features=100, out_features=50, bias=True)
      )
    )
  )
)
writer=<torch.utils.tensorboard.writer.SummaryWriter object at 0x7fc90378d1c0>
dataset_type=real
drop_key=True
num_common_features=1
tree_radius=0.01
tree_leaf_size=1000
knn_k=5
grid_min=-10.0
grid_max=10.0
grid_width=1.5
sim_scaler=StandardScaler()
filter_top_k=5
link_n_jobs=1
psig_p=4
sim_leak_p=1.0
link_threshold_t=0.1
link_epsilon=0.1
n_hash_lsh=50
edit_distance_threshold=10
n_hash_func=50
collision_rate=0.01
qgram_q=4
link_delta=0.01
feature_wise_sim=False
blocking_method=knn_str
center_threshold=0.5
n_clusters=100
local_hidden_sizes=[[100], [100]]
cut_dims=[50, 50]
agg_hidden_sizes=[100]
scale_analysis=None
data1_shape=(77225, 91)
data2_shape=(220583, 157)
Epoch 1: Loss:            : Train 0.0445, Val 0.0005, Test 0.0005
          RMSE             : Train 775247.6030, Val 82382.9221, Test 85165.1201
          R2_Score         : Train -10.6311, Val 0.8581, Test 0.8580
          MAE              : Train 546945.6297, Val 52501.7824, Test 52799.2869
Best:
          RMSE             : Train 775247.6030, Val 82382.9221, Test 85165.1201
          R2_Score         : Train -10.6311, Val 0.8581, Test 0.8580
          MAE              : Train 546945.6297, Val 52501.7824, Test 52799.2869
Epoch 2: Loss:            : Train 0.0003, Val 0.0002, Test 0.0002
          RMSE             : Train 66086.7111, Val 53915.1224, Test 57412.2385
          R2_Score         : Train 0.9155, Val 0.9392, Test 0.9355
          MAE              : Train 37554.0853, Val 30474.8250, Test 30902.1020
Best:
          RMSE             : Train 66086.7111, Val 53915.1224, Test 57412.2385
          R2_Score         : Train 0.9155, Val 0.9392, Test 0.9355
          MAE              : Train 37554.0853, Val 30474.8250, Test 30902.1020
Epoch 3: Loss:            : Train 0.0002, Val 0.0002, Test 0.0002
          RMSE             : Train 55908.7318, Val 49701.0105, Test 53718.7171
          R2_Score         : Train 0.9395, Val 0.9484, Test 0.9435
          MAE              : Train 29900.2809, Val 27501.0379, Test 27959.3581
Best:
          RMSE             : Train 55908.7318, Val 49701.0105, Test 53718.7171
          R2_Score         : Train 0.9395, Val 0.9484, Test 0.9435
          MAE              : Train 29900.2809, Val 27501.0379, Test 27959.3581
Epoch 4: Loss:            : Train 0.0002, Val 0.0002, Test 0.0002
          RMSE             : Train 51881.6505, Val 49100.5599, Test 52039.6578
          R2_Score         : Train 0.9479, Val 0.9496, Test 0.9470
          MAE              : Train 27128.3221, Val 26037.0570, Test 26437.6998
Best:
          RMSE             : Train 51881.6505, Val 49100.5599, Test 52039.6578
          R2_Score         : Train 0.9479, Val 0.9496, Test 0.9470
          MAE              : Train 27128.3221, Val 26037.0570, Test 26437.6998
Epoch 5: Loss:            : Train 0.0002, Val 0.0002, Test 0.0002
          RMSE             : Train 48998.3577, Val 46551.0202, Test 49026.7768
          R2_Score         : Train 0.9535, Val 0.9547, Test 0.9529
          MAE              : Train 25173.5139, Val 23826.3668, Test 24258.8087
Best:
          RMSE             : Train 48998.3577, Val 46551.0202, Test 49026.7768
          R2_Score         : Train 0.9535, Val 0.9547, Test 0.9529
          MAE              : Train 25173.5139, Val 23826.3668, Test 24258.8087
Epoch 6: Loss:            : Train 0.0002, Val 0.0001, Test 0.0002
          RMSE             : Train 45886.5658, Val 44732.6069, Test 46472.7653
          R2_Score         : Train 0.9593, Val 0.9582, Test 0.9577
          MAE              : Train 23099.7928, Val 21943.5857, Test 22147.6915
Best:
          RMSE             : Train 45886.5658, Val 44732.6069, Test 46472.7653
          R2_Score         : Train 0.9593, Val 0.9582, Test 0.9577
          MAE              : Train 23099.7928, Val 21943.5857, Test 22147.6915
Epoch 7: Loss:            : Train 0.0001, Val 0.0001, Test 0.0002
          RMSE             : Train 44171.5153, Val 43054.0945, Test 45622.9427
          R2_Score         : Train 0.9622, Val 0.9612, Test 0.9592
          MAE              : Train 21737.3145, Val 21066.1925, Test 21254.3629
Best:
          RMSE             : Train 44171.5153, Val 43054.0945, Test 45622.9427
          R2_Score         : Train 0.9622, Val 0.9612, Test 0.9592
          MAE              : Train 21737.3145, Val 21066.1925, Test 21254.3629
Epoch 8: Loss:            : Train 0.0001, Val 0.0001, Test 0.0002
          RMSE             : Train 42530.7132, Val 43551.0381, Test 45744.7211
          R2_Score         : Train 0.9650, Val 0.9603, Test 0.9590
          MAE              : Train 20743.4804, Val 21536.5145, Test 21535.3340
Best:
          RMSE             : Train 44171.5153, Val 43054.0945, Test 45622.9427
          R2_Score         : Train 0.9622, Val 0.9612, Test 0.9592
          MAE              : Train 21737.3145, Val 21066.1925, Test 21254.3629
Epoch 9: Loss:            : Train 0.0001, Val 0.0001, Test 0.0001
          RMSE             : Train 41283.2042, Val 42014.7643, Test 43360.9719
          R2_Score         : Train 0.9670, Val 0.9631, Test 0.9632
          MAE              : Train 19922.5364, Val 19614.9822, Test 19773.5771
Best:
          RMSE             : Train 41283.2042, Val 42014.7643, Test 43360.9719
          R2_Score         : Train 0.9670, Val 0.9631, Test 0.9632
          MAE              : Train 19922.5364, Val 19614.9822, Test 19773.5771
Epoch 10: Loss:            : Train 0.0001, Val 0.0001, Test 0.0001
          RMSE             : Train 40715.3469, Val 42482.1285, Test 42462.4688
          R2_Score         : Train 0.9679, Val 0.9623, Test 0.9647
          MAE              : Train 19548.0248, Val 19445.4358, Test 19428.7867
Best:
          RMSE             : Train 41283.2042, Val 42014.7643, Test 43360.9719
          R2_Score         : Train 0.9670, Val 0.9631, Test 0.9632
          MAE              : Train 19922.5364, Val 19614.9822, Test 19773.5771
Epoch 11: Loss:            : Train 0.0001, Val 0.0001, Test 0.0001
          RMSE             : Train 39102.7639, Val 41795.4044, Test 44209.9418
          R2_Score         : Train 0.9704, Val 0.9635, Test 0.9617
          MAE              : Train 18707.3476, Val 19486.3060, Test 19851.4604
Best:
          RMSE             : Train 39102.7639, Val 41795.4044, Test 44209.9418
          R2_Score         : Train 0.9704, Val 0.9635, Test 0.9617
          MAE              : Train 18707.3476, Val 19486.3060, Test 19851.4604
Epoch 12: Loss:            : Train 0.0001, Val 0.0001, Test 0.0001
          RMSE             : Train 38635.9218, Val 40035.8417, Test 40659.8310
          R2_Score         : Train 0.9711, Val 0.9665, Test 0.9676
          MAE              : Train 18326.7432, Val 18381.6143, Test 18492.7072
Best:
          RMSE             : Train 38635.9218, Val 40035.8417, Test 40659.8310
          R2_Score         : Train 0.9711, Val 0.9665, Test 0.9676
          MAE              : Train 18326.7432, Val 18381.6143, Test 18492.7072
Epoch 13: Loss:            : Train 0.0001, Val 0.0001, Test 0.0001
          RMSE             : Train 37762.6204, Val 41252.4927, Test 41430.5889
          R2_Score         : Train 0.9724, Val 0.9644, Test 0.9664
          MAE              : Train 17825.5325, Val 18374.5041, Test 18319.3985
Best:
          RMSE             : Train 38635.9218, Val 40035.8417, Test 40659.8310
          R2_Score         : Train 0.9711, Val 0.9665, Test 0.9676
          MAE              : Train 18326.7432, Val 18381.6143, Test 18492.7072
Epoch 14: Loss:            : Train 0.0001, Val 0.0001, Test 0.0001
          RMSE             : Train 37435.1701, Val 39551.5128, Test 41906.1972
          R2_Score         : Train 0.9729, Val 0.9673, Test 0.9656
          MAE              : Train 17757.5985, Val 17863.2684, Test 18120.0620
Best:
          RMSE             : Train 37435.1701, Val 39551.5128, Test 41906.1972
          R2_Score         : Train 0.9729, Val 0.9673, Test 0.9656
          MAE              : Train 17757.5985, Val 17863.2684, Test 18120.0620
Epoch 15: Loss:            : Train 0.0001, Val 0.0001, Test 0.0001
          RMSE             : Train 37150.6000, Val 39443.0079, Test 40813.7462
          R2_Score         : Train 0.9733, Val 0.9675, Test 0.9674
          MAE              : Train 17228.1298, Val 17599.9898, Test 17769.2744
Best:
          RMSE             : Train 37150.6000, Val 39443.0079, Test 40813.7462
          R2_Score         : Train 0.9733, Val 0.9675, Test 0.9674
          MAE              : Train 17228.1298, Val 17599.9898, Test 17769.2744
Epoch 16: Loss:            : Train 0.0001, Val 0.0001, Test 0.0001
          RMSE             : Train 36218.9569, Val 39979.2347, Test 41141.3472
          R2_Score         : Train 0.9746, Val 0.9666, Test 0.9669
          MAE              : Train 16974.5290, Val 17807.4739, Test 17896.0784
Best:
          RMSE             : Train 37150.6000, Val 39443.0079, Test 40813.7462
          R2_Score         : Train 0.9733, Val 0.9675, Test 0.9674
          MAE              : Train 17228.1298, Val 17599.9898, Test 17769.2744
Epoch 17: Loss:            : Train 0.0001, Val 0.0001, Test 0.0001
          RMSE             : Train 35743.5018, Val 40313.2834, Test 40944.6935
          R2_Score         : Train 0.9753, Val 0.9660, Test 0.9672
          MAE              : Train 16591.6565, Val 17805.6611, Test 17851.5435
Best:
          RMSE             : Train 37150.6000, Val 39443.0079, Test 40813.7462
          R2_Score         : Train 0.9733, Val 0.9675, Test 0.9674
          MAE              : Train 17228.1298, Val 17599.9898, Test 17769.2744
Epoch 18: Loss:            : Train 0.0001, Val 0.0001, Test 0.0001
          RMSE             : Train 35485.0709, Val 39900.8207, Test 40477.7034
          R2_Score         : Train 0.9756, Val 0.9667, Test 0.9679
          MAE              : Train 16563.3534, Val 16677.6468, Test 16834.7145
Best:
          RMSE             : Train 37150.6000, Val 39443.0079, Test 40813.7462
          R2_Score         : Train 0.9733, Val 0.9675, Test 0.9674
          MAE              : Train 17228.1298, Val 17599.9898, Test 17769.2744
Epoch 19: Loss:            : Train 0.0001, Val 0.0001, Test 0.0001
          RMSE             : Train 34744.7435, Val 37608.8056, Test 39553.0973
          R2_Score         : Train 0.9766, Val 0.9704, Test 0.9694
          MAE              : Train 16259.6533, Val 16399.0887, Test 16621.5814
Best:
          RMSE             : Train 34744.7435, Val 37608.8056, Test 39553.0973
          R2_Score         : Train 0.9766, Val 0.9704, Test 0.9694
          MAE              : Train 16259.6533, Val 16399.0887, Test 16621.5814
Epoch 20: Loss:            : Train 0.0001, Val 0.0001, Test 0.0001
          RMSE             : Train 34594.9893, Val 37973.0731, Test 40686.7793
          R2_Score         : Train 0.9768, Val 0.9699, Test 0.9676
          MAE              : Train 16024.3480, Val 16479.8560, Test 16735.6938
Best:
          RMSE             : Train 34744.7435, Val 37608.8056, Test 39553.0973
          R2_Score         : Train 0.9766, Val 0.9704, Test 0.9694
          MAE              : Train 16259.6533, Val 16399.0887, Test 16621.5814
Epoch 21: Loss:            : Train 0.0001, Val 0.0001, Test 0.0001
          RMSE             : Train 34071.9025, Val 42924.0434, Test 42708.4122
          R2_Score         : Train 0.9775, Val 0.9615, Test 0.9643
          MAE              : Train 15883.3343, Val 17339.5265, Test 17456.0107
Best:
          RMSE             : Train 34744.7435, Val 37608.8056, Test 39553.0973
          R2_Score         : Train 0.9766, Val 0.9704, Test 0.9694
          MAE              : Train 16259.6533, Val 16399.0887, Test 16621.5814
Epoch 22: Loss:            : Train 0.0001, Val 0.0001, Test 0.0001
          RMSE             : Train 33579.5011, Val 39423.2814, Test 41109.5754
          R2_Score         : Train 0.9782, Val 0.9675, Test 0.9669
          MAE              : Train 15650.8287, Val 16611.2620, Test 16847.2307
Best:
          RMSE             : Train 34744.7435, Val 37608.8056, Test 39553.0973
          R2_Score         : Train 0.9766, Val 0.9704, Test 0.9694
          MAE              : Train 16259.6533, Val 16399.0887, Test 16621.5814
Epoch 23: Loss:            : Train 0.0001, Val 0.0001, Test 0.0001
          RMSE             : Train 33717.2653, Val 39603.3133, Test 40645.7437
          R2_Score         : Train 0.9780, Val 0.9672, Test 0.9676
          MAE              : Train 15694.1015, Val 16751.9424, Test 16904.2125
Best:
          RMSE             : Train 34744.7435, Val 37608.8056, Test 39553.0973
          R2_Score         : Train 0.9766, Val 0.9704, Test 0.9694
          MAE              : Train 16259.6533, Val 16399.0887, Test 16621.5814
Epoch 24: Loss:            : Train 0.0001, Val 0.0001, Test 0.0001
          RMSE             : Train 33469.3549, Val 39640.9935, Test 40121.8431
          R2_Score         : Train 0.9783, Val 0.9671, Test 0.9685
          MAE              : Train 15523.4065, Val 17362.1077, Test 17363.7319
Best:
          RMSE             : Train 34744.7435, Val 37608.8056, Test 39553.0973
          R2_Score         : Train 0.9766, Val 0.9704, Test 0.9694
          MAE              : Train 16259.6533, Val 16399.0887, Test 16621.5814
Epoch 25: Loss:            : Train 0.0001, Val 0.0001, Test 0.0001
          RMSE             : Train 33197.1848, Val 40012.9717, Test 40729.8737
          R2_Score         : Train 0.9787, Val 0.9665, Test 0.9675
          MAE              : Train 15437.1243, Val 17611.4927, Test 17586.6166
Best:
          RMSE             : Train 34744.7435, Val 37608.8056, Test 39553.0973
          R2_Score         : Train 0.9766, Val 0.9704, Test 0.9694
          MAE              : Train 16259.6533, Val 16399.0887, Test 16621.5814
Epoch 26: Loss:            : Train 0.0001, Val 0.0001, Test 0.0001
          RMSE             : Train 32733.7901, Val 38770.0668, Test 40159.4089
          R2_Score         : Train 0.9793, Val 0.9686, Test 0.9684
          MAE              : Train 15235.8795, Val 16885.4644, Test 16837.7926
Best:
          RMSE             : Train 34744.7435, Val 37608.8056, Test 39553.0973
          R2_Score         : Train 0.9766, Val 0.9704, Test 0.9694
          MAE              : Train 16259.6533, Val 16399.0887, Test 16621.5814
Epoch 27: Loss:            : Train 0.0001, Val 0.0001, Test 0.0001
          RMSE             : Train 32381.8353, Val 37786.6911, Test 39041.2822
          R2_Score         : Train 0.9797, Val 0.9701, Test 0.9702
          MAE              : Train 15014.0642, Val 16022.2811, Test 16082.4298
Best:
          RMSE             : Train 34744.7435, Val 37608.8056, Test 39553.0973
          R2_Score         : Train 0.9766, Val 0.9704, Test 0.9694
          MAE              : Train 16259.6533, Val 16399.0887, Test 16621.5814
Epoch 28: Loss:            : Train 0.0001, Val 0.0001, Test 0.0001
          RMSE             : Train 32091.0769, Val 38237.2592, Test 38908.9469
          R2_Score         : Train 0.9801, Val 0.9694, Test 0.9704
          MAE              : Train 14890.9953, Val 16714.5939, Test 16797.6684
Best:
          RMSE             : Train 34744.7435, Val 37608.8056, Test 39553.0973
          R2_Score         : Train 0.9766, Val 0.9704, Test 0.9694
          MAE              : Train 16259.6533, Val 16399.0887, Test 16621.5814
Epoch 29: Loss:            : Train 0.0001, Val 0.0001, Test 0.0001
          RMSE             : Train 31872.1050, Val 37806.9983, Test 39605.7305
          R2_Score         : Train 0.9803, Val 0.9701, Test 0.9693
          MAE              : Train 14748.3134, Val 16089.4627, Test 16360.1161
Best:
          RMSE             : Train 34744.7435, Val 37608.8056, Test 39553.0973
          R2_Score         : Train 0.9766, Val 0.9704, Test 0.9694
          MAE              : Train 16259.6533, Val 16399.0887, Test 16621.5814
Epoch 30: Loss:            : Train 0.0001, Val 0.0001, Test 0.0001
          RMSE             : Train 31623.3464, Val 37413.8282, Test 38289.7688
          R2_Score         : Train 0.9806, Val 0.9707, Test 0.9713
          MAE              : Train 14652.5038, Val 15232.8701, Test 15471.4198
Best:
          RMSE             : Train 31623.3464, Val 37413.8282, Test 38289.7688
          R2_Score         : Train 0.9806, Val 0.9707, Test 0.9713
          MAE              : Train 14652.5038, Val 15232.8701, Test 15471.4198
Epoch 31: Loss:            : Train 0.0001, Val 0.0001, Test 0.0001
          RMSE             : Train 31513.3807, Val 37494.3001, Test 39359.3096
          R2_Score         : Train 0.9808, Val 0.9706, Test 0.9697
          MAE              : Train 14592.9277, Val 15309.6423, Test 15728.1329
Best:
          RMSE             : Train 31623.3464, Val 37413.8282, Test 38289.7688
          R2_Score         : Train 0.9806, Val 0.9707, Test 0.9713
          MAE              : Train 14652.5038, Val 15232.8701, Test 15471.4198
Epoch 32: Loss:            : Train 0.0001, Val 0.0001, Test 0.0001
          RMSE             : Train 31199.4779, Val 39494.8704, Test 40549.1149
          R2_Score         : Train 0.9812, Val 0.9674, Test 0.9678
          MAE              : Train 14531.4385, Val 15459.5765, Test 15659.2760
Best:
          RMSE             : Train 31623.3464, Val 37413.8282, Test 38289.7688
          R2_Score         : Train 0.9806, Val 0.9707, Test 0.9713
          MAE              : Train 14652.5038, Val 15232.8701, Test 15471.4198
Epoch 33: Loss:            : Train 0.0001, Val 0.0001, Test 0.0001
          RMSE             : Train 31243.0762, Val 39067.8896, Test 40933.5806
          R2_Score         : Train 0.9811, Val 0.9681, Test 0.9672
          MAE              : Train 14486.4601, Val 16213.3348, Test 16703.2376
Best:
          RMSE             : Train 31623.3464, Val 37413.8282, Test 38289.7688
          R2_Score         : Train 0.9806, Val 0.9707, Test 0.9713
          MAE              : Train 14652.5038, Val 15232.8701, Test 15471.4198
Epoch 34: Loss:            : Train 0.0001, Val 0.0001, Test 0.0001
          RMSE             : Train 30926.3609, Val 37408.4532, Test 39369.6127
          R2_Score         : Train 0.9815, Val 0.9707, Test 0.9696
          MAE              : Train 14449.4320, Val 15486.2874, Test 15866.7589
Best:
          RMSE             : Train 30926.3609, Val 37408.4532, Test 39369.6127
          R2_Score         : Train 0.9815, Val 0.9707, Test 0.9696
          MAE              : Train 14449.4320, Val 15486.2874, Test 15866.7589
Epoch 35: Loss:            : Train 0.0001, Val 0.0001, Test 0.0001
          RMSE             : Train 30824.9190, Val 37503.8678, Test 39966.6204
          R2_Score         : Train 0.9816, Val 0.9706, Test 0.9687
          MAE              : Train 14389.1954, Val 15416.7082, Test 15805.0672
Best:
          RMSE             : Train 30926.3609, Val 37408.4532, Test 39369.6127
          R2_Score         : Train 0.9815, Val 0.9707, Test 0.9696
          MAE              : Train 14449.4320, Val 15486.2874, Test 15866.7589
Epoch 36: Loss:            : Train 0.0001, Val 0.0001, Test 0.0001
          RMSE             : Train 30319.2337, Val 37511.0283, Test 40128.1213
          R2_Score         : Train 0.9822, Val 0.9706, Test 0.9685
          MAE              : Train 14174.7856, Val 15323.2351, Test 15641.7327
Best:
          RMSE             : Train 30926.3609, Val 37408.4532, Test 39369.6127
          R2_Score         : Train 0.9815, Val 0.9707, Test 0.9696
          MAE              : Train 14449.4320, Val 15486.2874, Test 15866.7589
Epoch 37: Loss:            : Train 0.0001, Val 0.0001, Test 0.0001
          RMSE             : Train 30349.4243, Val 37191.8983, Test 40086.8385
          R2_Score         : Train 0.9822, Val 0.9711, Test 0.9685
          MAE              : Train 14053.0862, Val 15133.3497, Test 15374.7495
Best:
          RMSE             : Train 30349.4243, Val 37191.8983, Test 40086.8385
          R2_Score         : Train 0.9822, Val 0.9711, Test 0.9685
          MAE              : Train 14053.0862, Val 15133.3497, Test 15374.7495
Epoch 38: Loss:            : Train 0.0001, Val 0.0001, Test 0.0001
          RMSE             : Train 30201.7468, Val 38249.6507, Test 40163.3201
          R2_Score         : Train 0.9823, Val 0.9694, Test 0.9684
          MAE              : Train 14104.1361, Val 15787.7154, Test 16122.1793
Best:
          RMSE             : Train 30349.4243, Val 37191.8983, Test 40086.8385
          R2_Score         : Train 0.9822, Val 0.9711, Test 0.9685
          MAE              : Train 14053.0862, Val 15133.3497, Test 15374.7495
Epoch 39: Loss:            : Train 0.0001, Val 0.0001, Test 0.0001
          RMSE             : Train 30002.0297, Val 37347.3296, Test 39118.2153
          R2_Score         : Train 0.9826, Val 0.9708, Test 0.9700
          MAE              : Train 14096.5444, Val 15083.6317, Test 15211.3787
Best:
          RMSE             : Train 30349.4243, Val 37191.8983, Test 40086.8385
          R2_Score         : Train 0.9822, Val 0.9711, Test 0.9685
          MAE              : Train 14053.0862, Val 15133.3497, Test 15374.7495
Epoch 40: Loss:            : Train 0.0001, Val 0.0001, Test 0.0001
          RMSE             : Train 29783.0441, Val 38279.6092, Test 38879.9563
          R2_Score         : Train 0.9828, Val 0.9694, Test 0.9704
          MAE              : Train 13949.4680, Val 15177.3288, Test 15331.3135
Best:
          RMSE             : Train 30349.4243, Val 37191.8983, Test 40086.8385
          R2_Score         : Train 0.9822, Val 0.9711, Test 0.9685
          MAE              : Train 14053.0862, Val 15133.3497, Test 15374.7495
Epoch 41: Loss:            : Train 0.0001, Val 0.0001, Test 0.0001
          RMSE             : Train 29605.5295, Val 37076.7204, Test 39652.7559
          R2_Score         : Train 0.9830, Val 0.9713, Test 0.9692
          MAE              : Train 13860.9243, Val 15341.4686, Test 15547.3010
Best:
          RMSE             : Train 29605.5295, Val 37076.7204, Test 39652.7559
          R2_Score         : Train 0.9830, Val 0.9713, Test 0.9692
          MAE              : Train 13860.9243, Val 15341.4686, Test 15547.3010
Epoch 42: Loss:            : Train 0.0001, Val 0.0001, Test 0.0001
          RMSE             : Train 29521.6270, Val 38840.8132, Test 39668.1997
          R2_Score         : Train 0.9831, Val 0.9685, Test 0.9692
          MAE              : Train 13755.9535, Val 15099.9856, Test 15374.4316
Best:
          RMSE             : Train 29605.5295, Val 37076.7204, Test 39652.7559
          R2_Score         : Train 0.9830, Val 0.9713, Test 0.9692
          MAE              : Train 13860.9243, Val 15341.4686, Test 15547.3010
Epoch 43: Loss:            : Train 0.0001, Val 0.0001, Test 0.0001
          RMSE             : Train 29766.4500, Val 39232.4691, Test 39904.2187
          R2_Score         : Train 0.9829, Val 0.9678, Test 0.9688
          MAE              : Train 13792.8662, Val 15461.1833, Test 15651.2723
Best:
          RMSE             : Train 29605.5295, Val 37076.7204, Test 39652.7559
          R2_Score         : Train 0.9830, Val 0.9713, Test 0.9692
          MAE              : Train 13860.9243, Val 15341.4686, Test 15547.3010
Epoch 44: Loss:            : Train 0.0001, Val 0.0001, Test 0.0001
          RMSE             : Train 29416.1962, Val 38180.2042, Test 38672.6950
          R2_Score         : Train 0.9833, Val 0.9695, Test 0.9707
          MAE              : Train 13781.3974, Val 15061.7519, Test 15485.6503
Best:
          RMSE             : Train 29605.5295, Val 37076.7204, Test 39652.7559
          R2_Score         : Train 0.9830, Val 0.9713, Test 0.9692
          MAE              : Train 13860.9243, Val 15341.4686, Test 15547.3010
Epoch 45: Loss:            : Train 0.0001, Val 0.0001, Test 0.0001
          RMSE             : Train 29003.3395, Val 38899.0473, Test 40395.8352
          R2_Score         : Train 0.9837, Val 0.9684, Test 0.9680
          MAE              : Train 13647.9803, Val 16306.6129, Test 16800.8809
Best:
          RMSE             : Train 29605.5295, Val 37076.7204, Test 39652.7559
          R2_Score         : Train 0.9830, Val 0.9713, Test 0.9692
          MAE              : Train 13860.9243, Val 15341.4686, Test 15547.3010
Epoch 46: Loss:            : Train 0.0001, Val 0.0001, Test 0.0001
          RMSE             : Train 28755.8298, Val 36542.7592, Test 38965.1656
          R2_Score         : Train 0.9840, Val 0.9721, Test 0.9703
          MAE              : Train 13593.6078, Val 15135.6726, Test 15308.4044
Best:
          RMSE             : Train 28755.8298, Val 36542.7592, Test 38965.1656
          R2_Score         : Train 0.9840, Val 0.9721, Test 0.9703
          MAE              : Train 13593.6078, Val 15135.6726, Test 15308.4044
Epoch 47: Loss:            : Train 0.0001, Val 0.0001, Test 0.0001
          RMSE             : Train 28658.8065, Val 36815.1640, Test 40041.2115
          R2_Score         : Train 0.9841, Val 0.9717, Test 0.9686
          MAE              : Train 13484.1428, Val 14683.5286, Test 15256.7296
Best:
          RMSE             : Train 28755.8298, Val 36542.7592, Test 38965.1656
          R2_Score         : Train 0.9840, Val 0.9721, Test 0.9703
          MAE              : Train 13593.6078, Val 15135.6726, Test 15308.4044
Epoch 48: Loss:            : Train 0.0001, Val 0.0001, Test 0.0001
          RMSE             : Train 28459.6603, Val 36809.7268, Test 39774.5454
          R2_Score         : Train 0.9843, Val 0.9717, Test 0.9690
          MAE              : Train 13401.9787, Val 14872.3275, Test 15151.3121
Best:
          RMSE             : Train 28755.8298, Val 36542.7592, Test 38965.1656
          R2_Score         : Train 0.9840, Val 0.9721, Test 0.9703
          MAE              : Train 13593.6078, Val 15135.6726, Test 15308.4044
Epoch 49: Loss:            : Train 0.0001, Val 0.0001, Test 0.0001
          RMSE             : Train 28818.9682, Val 37408.7746, Test 41020.1805
          R2_Score         : Train 0.9839, Val 0.9707, Test 0.9670
          MAE              : Train 13498.6808, Val 14701.7991, Test 15326.0056
Best:
          RMSE             : Train 28755.8298, Val 36542.7592, Test 38965.1656
          R2_Score         : Train 0.9840, Val 0.9721, Test 0.9703
          MAE              : Train 13593.6078, Val 15135.6726, Test 15308.4044
Epoch 50: Loss:            : Train 0.0001, Val 0.0001, Test 0.0001
          RMSE             : Train 28444.7126, Val 36863.6827, Test 38850.9356
          R2_Score         : Train 0.9843, Val 0.9716, Test 0.9704
          MAE              : Train 13419.0302, Val 14826.2841, Test 15353.7656
Best:
          RMSE             : Train 28755.8298, Val 36542.7592, Test 38965.1656
          R2_Score         : Train 0.9840, Val 0.9721, Test 0.9703
          MAE              : Train 13593.6078, Val 15135.6726, Test 15308.4044
Epoch 51: Loss:            : Train 0.0001, Val 0.0001, Test 0.0001
          RMSE             : Train 28143.0605, Val 36562.1749, Test 39216.0804
          R2_Score         : Train 0.9847, Val 0.9721, Test 0.9699
          MAE              : Train 13323.2292, Val 14692.3030, Test 15201.5941
Best:
          RMSE             : Train 28755.8298, Val 36542.7592, Test 38965.1656
          R2_Score         : Train 0.9840, Val 0.9721, Test 0.9703
          MAE              : Train 13593.6078, Val 15135.6726, Test 15308.4044
Epoch 52: Loss:            : Train 0.0001, Val 0.0001, Test 0.0001
          RMSE             : Train 28304.8404, Val 38023.0572, Test 38413.0170
          R2_Score         : Train 0.9845, Val 0.9698, Test 0.9711
          MAE              : Train 13392.3236, Val 14957.3125, Test 15085.8810
Best:
          RMSE             : Train 28755.8298, Val 36542.7592, Test 38965.1656
          R2_Score         : Train 0.9840, Val 0.9721, Test 0.9703
          MAE              : Train 13593.6078, Val 15135.6726, Test 15308.4044
Epoch 53: Loss:            : Train 0.0001, Val 0.0001, Test 0.0001
          RMSE             : Train 27863.7691, Val 37708.0341, Test 38974.5988
          R2_Score         : Train 0.9850, Val 0.9703, Test 0.9703
          MAE              : Train 13327.2482, Val 15183.8737, Test 15462.1753
Best:
          RMSE             : Train 28755.8298, Val 36542.7592, Test 38965.1656
          R2_Score         : Train 0.9840, Val 0.9721, Test 0.9703
          MAE              : Train 13593.6078, Val 15135.6726, Test 15308.4044
Epoch 54: Loss:            : Train 0.0001, Val 0.0001, Test 0.0001
          RMSE             : Train 28250.9829, Val 37161.3852, Test 38209.5268
          R2_Score         : Train 0.9846, Val 0.9711, Test 0.9714
          MAE              : Train 13311.3363, Val 14506.8363, Test 14835.1568
Best:
          RMSE             : Train 28755.8298, Val 36542.7592, Test 38965.1656
          R2_Score         : Train 0.9840, Val 0.9721, Test 0.9703
          MAE              : Train 13593.6078, Val 15135.6726, Test 15308.4044
Epoch 55: Loss:            : Train 0.0001, Val 0.0001, Test 0.0001
          RMSE             : Train 27654.8397, Val 36990.5934, Test 39037.9911
          R2_Score         : Train 0.9852, Val 0.9714, Test 0.9702
          MAE              : Train 13086.1579, Val 14667.4994, Test 15099.6509
Best:
          RMSE             : Train 28755.8298, Val 36542.7592, Test 38965.1656
          R2_Score         : Train 0.9840, Val 0.9721, Test 0.9703
          MAE              : Train 13593.6078, Val 15135.6726, Test 15308.4044
Epoch 56: Loss:            : Train 0.0001, Val 0.0001, Test 0.0001
          RMSE             : Train 27728.9135, Val 36833.1922, Test 38542.5640
          R2_Score         : Train 0.9851, Val 0.9716, Test 0.9709
          MAE              : Train 13134.4741, Val 14401.6784, Test 14671.1247
Best:
          RMSE             : Train 28755.8298, Val 36542.7592, Test 38965.1656
          R2_Score         : Train 0.9840, Val 0.9721, Test 0.9703
          MAE              : Train 13593.6078, Val 15135.6726, Test 15308.4044
Epoch 57: Loss:            : Train 0.0001, Val 0.0001, Test 0.0001
          RMSE             : Train 27550.7969, Val 37153.2878, Test 38043.9197
          R2_Score         : Train 0.9853, Val 0.9711, Test 0.9717
          MAE              : Train 13057.8611, Val 14847.4962, Test 15103.9977
Best:
          RMSE             : Train 28755.8298, Val 36542.7592, Test 38965.1656
          R2_Score         : Train 0.9840, Val 0.9721, Test 0.9703
          MAE              : Train 13593.6078, Val 15135.6726, Test 15308.4044
Epoch 58: Loss:            : Train 0.0001, Val 0.0001, Test 0.0001
          RMSE             : Train 27331.5418, Val 37865.8422, Test 39736.5736
          R2_Score         : Train 0.9855, Val 0.9700, Test 0.9691
          MAE              : Train 13109.7071, Val 14922.9773, Test 15263.1586
Best:
          RMSE             : Train 28755.8298, Val 36542.7592, Test 38965.1656
          R2_Score         : Train 0.9840, Val 0.9721, Test 0.9703
          MAE              : Train 13593.6078, Val 15135.6726, Test 15308.4044
Epoch 59: Loss:            : Train 0.0001, Val 0.0001, Test 0.0001
          RMSE             : Train 27257.8756, Val 38980.5305, Test 41243.5984
          R2_Score         : Train 0.9856, Val 0.9682, Test 0.9667
          MAE              : Train 13114.2287, Val 17032.8925, Test 17286.0864
Best:
          RMSE             : Train 28755.8298, Val 36542.7592, Test 38965.1656
          R2_Score         : Train 0.9840, Val 0.9721, Test 0.9703
          MAE              : Train 13593.6078, Val 15135.6726, Test 15308.4044
Epoch 60: Loss:            : Train 0.0001, Val 0.0001, Test 0.0001
          RMSE             : Train 27172.2479, Val 36592.1686, Test 38584.8834
          R2_Score         : Train 0.9857, Val 0.9720, Test 0.9708
          MAE              : Train 12928.2710, Val 14618.3770, Test 14900.9033
Best:
          RMSE             : Train 28755.8298, Val 36542.7592, Test 38965.1656
          R2_Score         : Train 0.9840, Val 0.9721, Test 0.9703
          MAE              : Train 13593.6078, Val 15135.6726, Test 15308.4044
Epoch 61: Loss:            : Train 0.0001, Val 0.0001, Test 0.0001
          RMSE             : Train 27150.0999, Val 39336.7388, Test 40411.0565
          R2_Score         : Train 0.9857, Val 0.9676, Test 0.9680
          MAE              : Train 12919.4114, Val 17143.2797, Test 17503.0658
Best:
          RMSE             : Train 28755.8298, Val 36542.7592, Test 38965.1656
          R2_Score         : Train 0.9840, Val 0.9721, Test 0.9703
          MAE              : Train 13593.6078, Val 15135.6726, Test 15308.4044
Epoch 62: Loss:            : Train 0.0001, Val 0.0001, Test 0.0001
          RMSE             : Train 26929.4325, Val 38098.8233, Test 39764.9178
          R2_Score         : Train 0.9860, Val 0.9697, Test 0.9690
          MAE              : Train 12878.4187, Val 14424.3269, Test 14918.6404
Best:
          RMSE             : Train 28755.8298, Val 36542.7592, Test 38965.1656
          R2_Score         : Train 0.9840, Val 0.9721, Test 0.9703
          MAE              : Train 13593.6078, Val 15135.6726, Test 15308.4044
Epoch 63: Loss:            : Train 0.0001, Val 0.0001, Test 0.0001
          RMSE             : Train 27003.1214, Val 38000.6697, Test 38724.8973
          R2_Score         : Train 0.9859, Val 0.9698, Test 0.9706
          MAE              : Train 12888.7195, Val 14966.5791, Test 15380.5159
Best:
          RMSE             : Train 28755.8298, Val 36542.7592, Test 38965.1656
          R2_Score         : Train 0.9840, Val 0.9721, Test 0.9703
          MAE              : Train 13593.6078, Val 15135.6726, Test 15308.4044
Epoch 64: Loss:            : Train 0.0001, Val 0.0001, Test 0.0001
          RMSE             : Train 26737.9383, Val 37358.3366, Test 38898.5486
          R2_Score         : Train 0.9862, Val 0.9708, Test 0.9704
          MAE              : Train 12911.4874, Val 14253.5578, Test 14812.5096
Best:
          RMSE             : Train 28755.8298, Val 36542.7592, Test 38965.1656
          R2_Score         : Train 0.9840, Val 0.9721, Test 0.9703
          MAE              : Train 13593.6078, Val 15135.6726, Test 15308.4044
Epoch 65: Loss:            : Train 0.0001, Val 0.0001, Test 0.0001
          RMSE             : Train 26838.4427, Val 36406.1794, Test 38596.7164
          R2_Score         : Train 0.9861, Val 0.9723, Test 0.9708
          MAE              : Train 12902.6282, Val 14523.3300, Test 14792.5101
Best:
          RMSE             : Train 26838.4427, Val 36406.1794, Test 38596.7164
          R2_Score         : Train 0.9861, Val 0.9723, Test 0.9708
          MAE              : Train 12902.6282, Val 14523.3300, Test 14792.5101
Epoch 66: Loss:            : Train 0.0001, Val 0.0001, Test 0.0001
          RMSE             : Train 26641.9325, Val 36840.5488, Test 39016.0661
          R2_Score         : Train 0.9863, Val 0.9716, Test 0.9702
          MAE              : Train 12791.9978, Val 14460.9659, Test 14811.8871
Best:
          RMSE             : Train 26838.4427, Val 36406.1794, Test 38596.7164
          R2_Score         : Train 0.9861, Val 0.9723, Test 0.9708
          MAE              : Train 12902.6282, Val 14523.3300, Test 14792.5101
Epoch 67: Loss:            : Train 0.0001, Val 0.0001, Test 0.0001
          RMSE             : Train 26314.1677, Val 36714.4133, Test 38517.5848
          R2_Score         : Train 0.9866, Val 0.9718, Test 0.9709
          MAE              : Train 12696.9937, Val 14421.0478, Test 14835.8742
Best:
          RMSE             : Train 26838.4427, Val 36406.1794, Test 38596.7164
          R2_Score         : Train 0.9861, Val 0.9723, Test 0.9708
          MAE              : Train 12902.6282, Val 14523.3300, Test 14792.5101
Epoch 68: Loss:            : Train 0.0001, Val 0.0001, Test 0.0001
          RMSE             : Train 26202.0076, Val 37273.7295, Test 40219.9557
          R2_Score         : Train 0.9867, Val 0.9710, Test 0.9683
          MAE              : Train 12531.0204, Val 14690.9278, Test 15172.9274
Best:
          RMSE             : Train 26838.4427, Val 36406.1794, Test 38596.7164
          R2_Score         : Train 0.9861, Val 0.9723, Test 0.9708
          MAE              : Train 12902.6282, Val 14523.3300, Test 14792.5101
Epoch 69: Loss:            : Train 0.0001, Val 0.0001, Test 0.0001
          RMSE             : Train 26445.5346, Val 37166.1411, Test 38950.4996
          R2_Score         : Train 0.9865, Val 0.9711, Test 0.9703
          MAE              : Train 12640.4833, Val 14425.1966, Test 14715.9479
Best:
          RMSE             : Train 26838.4427, Val 36406.1794, Test 38596.7164
          R2_Score         : Train 0.9861, Val 0.9723, Test 0.9708
          MAE              : Train 12902.6282, Val 14523.3300, Test 14792.5101
Epoch 70: Loss:            : Train 0.0000, Val 0.0001, Test 0.0001
          RMSE             : Train 25910.4085, Val 37718.7110, Test 39266.0761
          R2_Score         : Train 0.9870, Val 0.9703, Test 0.9698
          MAE              : Train 12517.8654, Val 14516.0072, Test 14821.2356
Best:
          RMSE             : Train 26838.4427, Val 36406.1794, Test 38596.7164
          R2_Score         : Train 0.9861, Val 0.9723, Test 0.9708
          MAE              : Train 12902.6282, Val 14523.3300, Test 14792.5101
Epoch 71: Loss:            : Train 0.0000, Val 0.0001, Test 0.0001
          RMSE             : Train 25938.0904, Val 37184.9009, Test 38913.3383
          R2_Score         : Train 0.9870, Val 0.9711, Test 0.9703
          MAE              : Train 12571.1857, Val 14401.5102, Test 14614.6131
Best:
          RMSE             : Train 26838.4427, Val 36406.1794, Test 38596.7164
          R2_Score         : Train 0.9861, Val 0.9723, Test 0.9708
          MAE              : Train 12902.6282, Val 14523.3300, Test 14792.5101
Epoch 72: Loss:            : Train 0.0000, Val 0.0001, Test 0.0001
          RMSE             : Train 25939.9037, Val 37131.9326, Test 40152.4121
          R2_Score         : Train 0.9870, Val 0.9712, Test 0.9684
          MAE              : Train 12531.1403, Val 15083.2418, Test 15367.2914
Best:
          RMSE             : Train 26838.4427, Val 36406.1794, Test 38596.7164
          R2_Score         : Train 0.9861, Val 0.9723, Test 0.9708
          MAE              : Train 12902.6282, Val 14523.3300, Test 14792.5101
Epoch 73: Loss:            : Train 0.0000, Val 0.0001, Test 0.0001
          RMSE             : Train 25939.0305, Val 36978.4398, Test 38645.1394
          R2_Score         : Train 0.9870, Val 0.9714, Test 0.9708
          MAE              : Train 12568.4795, Val 14657.2113, Test 14948.8506
Best:
          RMSE             : Train 26838.4427, Val 36406.1794, Test 38596.7164
          R2_Score         : Train 0.9861, Val 0.9723, Test 0.9708
          MAE              : Train 12902.6282, Val 14523.3300, Test 14792.5101
Epoch 74: Loss:            : Train 0.0000, Val 0.0001, Test 0.0001
          RMSE             : Train 25629.7970, Val 36767.6056, Test 38554.8130
          R2_Score         : Train 0.9873, Val 0.9717, Test 0.9709
          MAE              : Train 12378.3965, Val 14163.2231, Test 14614.2023
Best:
          RMSE             : Train 26838.4427, Val 36406.1794, Test 38596.7164
          R2_Score         : Train 0.9861, Val 0.9723, Test 0.9708
          MAE              : Train 12902.6282, Val 14523.3300, Test 14792.5101
Epoch 75: Loss:            : Train 0.0000, Val 0.0001, Test 0.0001
          RMSE             : Train 25596.2214, Val 37890.9569, Test 39411.8606
          R2_Score         : Train 0.9873, Val 0.9700, Test 0.9696
          MAE              : Train 12399.6161, Val 14259.3059, Test 14459.5198
Best:
          RMSE             : Train 26838.4427, Val 36406.1794, Test 38596.7164
          R2_Score         : Train 0.9861, Val 0.9723, Test 0.9708
          MAE              : Train 12902.6282, Val 14523.3300, Test 14792.5101
Epoch 76: Loss:            : Train 0.0000, Val 0.0001, Test 0.0001
          RMSE             : Train 25866.4686, Val 35839.2399, Test 38507.8684
          R2_Score         : Train 0.9871, Val 0.9731, Test 0.9710
          MAE              : Train 12534.7629, Val 14569.8143, Test 14937.3562
Best:
          RMSE             : Train 25866.4686, Val 35839.2399, Test 38507.8684
          R2_Score         : Train 0.9871, Val 0.9731, Test 0.9710
          MAE              : Train 12534.7629, Val 14569.8143, Test 14937.3562
Epoch 77: Loss:            : Train 0.0000, Val 0.0001, Test 0.0001
          RMSE             : Train 25499.6831, Val 36001.0972, Test 38583.5478
          R2_Score         : Train 0.9874, Val 0.9729, Test 0.9708
          MAE              : Train 12303.1678, Val 14094.5704, Test 14582.3527
Best:
          RMSE             : Train 25866.4686, Val 35839.2399, Test 38507.8684
          R2_Score         : Train 0.9871, Val 0.9731, Test 0.9710
          MAE              : Train 12534.7629, Val 14569.8143, Test 14937.3562
Epoch 78: Loss:            : Train 0.0000, Val 0.0001, Test 0.0001
          RMSE             : Train 24964.8361, Val 37176.5931, Test 38519.7081
          R2_Score         : Train 0.9879, Val 0.9711, Test 0.9709
          MAE              : Train 12140.5802, Val 14295.2638, Test 14627.1323
Best:
          RMSE             : Train 25866.4686, Val 35839.2399, Test 38507.8684
          R2_Score         : Train 0.9871, Val 0.9731, Test 0.9710
          MAE              : Train 12534.7629, Val 14569.8143, Test 14937.3562
Epoch 79: Loss:            : Train 0.0000, Val 0.0001, Test 0.0001
          RMSE             : Train 24878.0515, Val 36441.0595, Test 39165.3519
          R2_Score         : Train 0.9880, Val 0.9722, Test 0.9700
          MAE              : Train 12233.0782, Val 14318.3988, Test 15053.6143
Best:
          RMSE             : Train 25866.4686, Val 35839.2399, Test 38507.8684
          R2_Score         : Train 0.9871, Val 0.9731, Test 0.9710
          MAE              : Train 12534.7629, Val 14569.8143, Test 14937.3562
Epoch 80: Loss:            : Train 0.0000, Val 0.0001, Test 0.0001
          RMSE             : Train 25294.4242, Val 36357.4151, Test 39700.6097
          R2_Score         : Train 0.9876, Val 0.9724, Test 0.9691
          MAE              : Train 12356.3275, Val 14480.8180, Test 14940.4238
Best:
          RMSE             : Train 25866.4686, Val 35839.2399, Test 38507.8684
          R2_Score         : Train 0.9871, Val 0.9731, Test 0.9710
          MAE              : Train 12534.7629, Val 14569.8143, Test 14937.3562
Epoch 81: Loss:            : Train 0.0000, Val 0.0001, Test 0.0001
          RMSE             : Train 25180.9321, Val 36551.1865, Test 37921.1464
          R2_Score         : Train 0.9877, Val 0.9721, Test 0.9718
          MAE              : Train 12258.0282, Val 14256.1243, Test 14637.6313
Best:
          RMSE             : Train 25866.4686, Val 35839.2399, Test 38507.8684
          R2_Score         : Train 0.9871, Val 0.9731, Test 0.9710
          MAE              : Train 12534.7629, Val 14569.8143, Test 14937.3562
Epoch 82: Loss:            : Train 0.0000, Val 0.0001, Test 0.0001
          RMSE             : Train 24884.4466, Val 37807.7669, Test 39559.6047
          R2_Score         : Train 0.9880, Val 0.9701, Test 0.9694
          MAE              : Train 12121.9184, Val 14160.2687, Test 14636.3500
Best:
          RMSE             : Train 25866.4686, Val 35839.2399, Test 38507.8684
          R2_Score         : Train 0.9871, Val 0.9731, Test 0.9710
          MAE              : Train 12534.7629, Val 14569.8143, Test 14937.3562
Epoch 83: Loss:            : Train 0.0000, Val 0.0001, Test 0.0001
          RMSE             : Train 25610.5394, Val 36156.5484, Test 37726.5306
          R2_Score         : Train 0.9873, Val 0.9727, Test 0.9721
          MAE              : Train 12369.4997, Val 14264.7976, Test 14500.5917
Best:
          RMSE             : Train 25866.4686, Val 35839.2399, Test 38507.8684
          R2_Score         : Train 0.9871, Val 0.9731, Test 0.9710
          MAE              : Train 12534.7629, Val 14569.8143, Test 14937.3562
Epoch 84: Loss:            : Train 0.0000, Val 0.0001, Test 0.0001
          RMSE             : Train 24783.5635, Val 36687.5364, Test 39102.0572
          R2_Score         : Train 0.9881, Val 0.9719, Test 0.9701
          MAE              : Train 12224.7211, Val 14946.7524, Test 15292.8537
Best:
          RMSE             : Train 25866.4686, Val 35839.2399, Test 38507.8684
          R2_Score         : Train 0.9871, Val 0.9731, Test 0.9710
          MAE              : Train 12534.7629, Val 14569.8143, Test 14937.3562
Epoch 85: Loss:            : Train 0.0000, Val 0.0001, Test 0.0001
          RMSE             : Train 24142.6917, Val 36798.3123, Test 39769.9765
          R2_Score         : Train 0.9887, Val 0.9717, Test 0.9690
          MAE              : Train 12005.7264, Val 14420.7116, Test 14907.4038
Best:
          RMSE             : Train 25866.4686, Val 35839.2399, Test 38507.8684
          R2_Score         : Train 0.9871, Val 0.9731, Test 0.9710
          MAE              : Train 12534.7629, Val 14569.8143, Test 14937.3562
Epoch 86: Loss:            : Train 0.0000, Val 0.0001, Test 0.0001
          RMSE             : Train 24593.6427, Val 36757.8045, Test 38918.2260
          R2_Score         : Train 0.9883, Val 0.9718, Test 0.9703
          MAE              : Train 12156.5855, Val 15634.2398, Test 16003.5326
Best:
          RMSE             : Train 25866.4686, Val 35839.2399, Test 38507.8684
          R2_Score         : Train 0.9871, Val 0.9731, Test 0.9710
          MAE              : Train 12534.7629, Val 14569.8143, Test 14937.3562
Epoch 87: Loss:            : Train 0.0000, Val 0.0001, Test 0.0001
          RMSE             : Train 24432.0634, Val 36751.4267, Test 39717.7064
          R2_Score         : Train 0.9884, Val 0.9718, Test 0.9691
          MAE              : Train 12026.1710, Val 14168.4189, Test 14561.5657
Best:
          RMSE             : Train 25866.4686, Val 35839.2399, Test 38507.8684
          R2_Score         : Train 0.9871, Val 0.9731, Test 0.9710
          MAE              : Train 12534.7629, Val 14569.8143, Test 14937.3562
Epoch 88: Loss:            : Train 0.0000, Val 0.0001, Test 0.0001
          RMSE             : Train 24948.2675, Val 36991.6740, Test 39639.3402
          R2_Score         : Train 0.9880, Val 0.9714, Test 0.9692
          MAE              : Train 12029.0473, Val 15080.3963, Test 15558.6656
Best:
          RMSE             : Train 25866.4686, Val 35839.2399, Test 38507.8684
          R2_Score         : Train 0.9871, Val 0.9731, Test 0.9710
          MAE              : Train 12534.7629, Val 14569.8143, Test 14937.3562
Epoch 89: Loss:            : Train 0.0000, Val 0.0001, Test 0.0001
          RMSE             : Train 24299.9160, Val 35103.9494, Test 38211.1426
          R2_Score         : Train 0.9886, Val 0.9742, Test 0.9714
          MAE              : Train 11921.6350, Val 13935.3503, Test 14441.6509
Best:
          RMSE             : Train 24299.9160, Val 35103.9494, Test 38211.1426
          R2_Score         : Train 0.9886, Val 0.9742, Test 0.9714
          MAE              : Train 11921.6350, Val 13935.3503, Test 14441.6509
Epoch 90: Loss:            : Train 0.0000, Val 0.0001, Test 0.0001
          RMSE             : Train 24227.5779, Val 36541.8237, Test 38118.6579
          R2_Score         : Train 0.9886, Val 0.9721, Test 0.9715
          MAE              : Train 11919.3699, Val 14497.9455, Test 14752.4441
Best:
          RMSE             : Train 24299.9160, Val 35103.9494, Test 38211.1426
          R2_Score         : Train 0.9886, Val 0.9742, Test 0.9714
          MAE              : Train 11921.6350, Val 13935.3503, Test 14441.6509
Epoch 91: Loss:            : Train 0.0000, Val 0.0001, Test 0.0001
          RMSE             : Train 24350.1259, Val 36240.0978, Test 39100.7982
          R2_Score         : Train 0.9885, Val 0.9725, Test 0.9701
          MAE              : Train 11954.0657, Val 14202.8629, Test 14721.6883
Best:
          RMSE             : Train 24299.9160, Val 35103.9494, Test 38211.1426
          R2_Score         : Train 0.9886, Val 0.9742, Test 0.9714
          MAE              : Train 11921.6350, Val 13935.3503, Test 14441.6509
Epoch 92: Loss:            : Train 0.0000, Val 0.0001, Test 0.0001
          RMSE             : Train 24090.1666, Val 36194.1796, Test 38013.6712
          R2_Score         : Train 0.9888, Val 0.9726, Test 0.9717
          MAE              : Train 11848.3565, Val 14047.0510, Test 14442.8490
Best:
          RMSE             : Train 24299.9160, Val 35103.9494, Test 38211.1426
          R2_Score         : Train 0.9886, Val 0.9742, Test 0.9714
          MAE              : Train 11921.6350, Val 13935.3503, Test 14441.6509
Epoch 93: Loss:            : Train 0.0000, Val 0.0001, Test 0.0001
          RMSE             : Train 23862.7725, Val 34895.3819, Test 38778.5889
          R2_Score         : Train 0.9890, Val 0.9745, Test 0.9706
          MAE              : Train 11814.6895, Val 13839.7786, Test 14330.8858
Best:
          RMSE             : Train 23862.7725, Val 34895.3819, Test 38778.5889
          R2_Score         : Train 0.9890, Val 0.9745, Test 0.9706
          MAE              : Train 11814.6895, Val 13839.7786, Test 14330.8858
Epoch 94: Loss:            : Train 0.0000, Val 0.0001, Test 0.0001
          RMSE             : Train 23824.4604, Val 35870.6204, Test 37722.3042
          R2_Score         : Train 0.9890, Val 0.9731, Test 0.9721
          MAE              : Train 11834.4895, Val 14417.2140, Test 14745.0870
Best:
          RMSE             : Train 23862.7725, Val 34895.3819, Test 38778.5889
          R2_Score         : Train 0.9890, Val 0.9745, Test 0.9706
          MAE              : Train 11814.6895, Val 13839.7786, Test 14330.8858
Epoch 95: Loss:            : Train 0.0000, Val 0.0001, Test 0.0001
          RMSE             : Train 23588.7896, Val 35831.8949, Test 39330.7698
          R2_Score         : Train 0.9892, Val 0.9732, Test 0.9697
          MAE              : Train 11721.1033, Val 13831.4393, Test 14408.9261
Best:
          RMSE             : Train 23862.7725, Val 34895.3819, Test 38778.5889
          R2_Score         : Train 0.9890, Val 0.9745, Test 0.9706
          MAE              : Train 11814.6895, Val 13839.7786, Test 14330.8858
Epoch 96: Loss:            : Train 0.0000, Val 0.0001, Test 0.0001
          RMSE             : Train 23629.0614, Val 35946.1251, Test 38989.6304
          R2_Score         : Train 0.9892, Val 0.9730, Test 0.9702
          MAE              : Train 11739.2518, Val 13664.3989, Test 14292.7099
Best:
          RMSE             : Train 23862.7725, Val 34895.3819, Test 38778.5889
          R2_Score         : Train 0.9890, Val 0.9745, Test 0.9706
          MAE              : Train 11814.6895, Val 13839.7786, Test 14330.8858
Epoch 97: Loss:            : Train 0.0000, Val 0.0001, Test 0.0001
          RMSE             : Train 23495.7407, Val 35332.0674, Test 38521.5491
          R2_Score         : Train 0.9893, Val 0.9739, Test 0.9709
          MAE              : Train 11731.4323, Val 13825.1024, Test 14191.7452
Best:
          RMSE             : Train 23862.7725, Val 34895.3819, Test 38778.5889
          R2_Score         : Train 0.9890, Val 0.9745, Test 0.9706
          MAE              : Train 11814.6895, Val 13839.7786, Test 14330.8858
Epoch 98: Loss:            : Train 0.0000, Val 0.0001, Test 0.0001
          RMSE             : Train 23642.1897, Val 35685.4031, Test 38890.5261
          R2_Score         : Train 0.9892, Val 0.9734, Test 0.9704
          MAE              : Train 11667.3573, Val 13667.7996, Test 14064.1169
Best:
          RMSE             : Train 23862.7725, Val 34895.3819, Test 38778.5889
          R2_Score         : Train 0.9890, Val 0.9745, Test 0.9706
          MAE              : Train 11814.6895, Val 13839.7786, Test 14330.8858
Epoch 99: Loss:            : Train 0.0000, Val 0.0001, Test 0.0001
          RMSE             : Train 23647.5734, Val 36918.2825, Test 38444.3471
          R2_Score         : Train 0.9892, Val 0.9715, Test 0.9711
          MAE              : Train 11728.7830, Val 13992.9143, Test 14311.3335
Best:
          RMSE             : Train 23862.7725, Val 34895.3819, Test 38778.5889
          R2_Score         : Train 0.9890, Val 0.9745, Test 0.9706
          MAE              : Train 11814.6895, Val 13839.7786, Test 14330.8858
Epoch 100: Loss:            : Train 0.0000, Val 0.0001, Test 0.0001
          RMSE             : Train 23378.5776, Val 37404.9209, Test 40164.5130
          R2_Score         : Train 0.9894, Val 0.9707, Test 0.9684
          MAE              : Train 11545.8111, Val 14282.0008, Test 14627.5954
Best:
          RMSE             : Train 23862.7725, Val 34895.3819, Test 38778.5889
          R2_Score         : Train 0.9890, Val 0.9745, Test 0.9706
          MAE              : Train 11814.6895, Val 13839.7786, Test 14330.8858
Training time (sec): 890
