Loading loan from data/company/loan_subset_clean.csv
Loading company from data/company/company_subset_clean.csv
Current loan columns Index(['Term', 'NoEmp', 'NewExist', 'CreateJob', 'RetainedJob', 'UrbanRural',
       'DisbursementGross', 'BalanceGross', 'ChgOffPrinGr', 'GrAppv',
       'BankState_al', 'BankState_an', 'BankState_ar', 'BankState_az',
       'BankState_ca', 'BankState_co', 'BankState_ct', 'BankState_dc',
       'BankState_de', 'BankState_en', 'BankState_fl', 'BankState_ga',
       'BankState_gu', 'BankState_hi', 'BankState_ia', 'BankState_id',
       'BankState_il', 'BankState_in', 'BankState_ks', 'BankState_ky',
       'BankState_la', 'BankState_ma', 'BankState_md', 'BankState_me',
       'BankState_mi', 'BankState_mn', 'BankState_mo', 'BankState_ms',
       'BankState_mt', 'BankState_nc', 'BankState_nd', 'BankState_ne',
       'BankState_nh', 'BankState_nj', 'BankState_nm', 'BankState_nv',
       'BankState_ny', 'BankState_oh', 'BankState_ok', 'BankState_or',
       'BankState_pa', 'BankState_pr', 'BankState_ri', 'BankState_sc',
       'BankState_sd', 'BankState_tn', 'BankState_tx', 'BankState_ut',
       'BankState_va', 'BankState_vi', 'BankState_vt', 'BankState_wa',
       'BankState_wi', 'BankState_wv', 'BankState_wy', 'RevLineCr_-',
       'RevLineCr_.', 'RevLineCr_0', 'RevLineCr_1', 'RevLineCr_2',
       'RevLineCr_3', 'RevLineCr_4', 'RevLineCr_5', 'RevLineCr_7',
       'RevLineCr_`', 'RevLineCr_a', 'RevLineCr_c', 'RevLineCr_n',
       'RevLineCr_q', 'RevLineCr_r', 'RevLineCr_t', 'RevLineCr_y', 'LowDoc_1',
       'LowDoc_a', 'LowDoc_c', 'LowDoc_n', 'LowDoc_r', 'LowDoc_s', 'LowDoc_y',
       'MIS_Status_p i f', 'Name'],
      dtype='object')
Current company columns Index(['name', 'current employee estimate', 'total employee estimate',
       'ind_airlines/aviation', 'ind_alternative dispute resolution',
       'ind_alternative medicine', 'ind_animation', 'ind_apparel & fashion',
       'ind_architecture & planning', 'ind_arts and crafts',
       ...
       'ind_wine and spirits', 'ind_wireless', 'ind_writing and editing',
       'sr_10001+', 'sr_1001 - 5000', 'sr_11 - 50', 'sr_201 - 500',
       'sr_5001 - 10000', 'sr_501 - 1000', 'sr_51 - 200'],
      dtype='object', length=157)
Loading data from cache
Done
Calculating noise scale
Adding noise of scale 0.0 to sim_scores
Adding noise of scale 0.0 to sim_scores
Adding noise of scale 0.0 to sim_scores
Filter dataset to top 50
Generating top 50 dataset
Generating top 50 dataset
Generating top 50 dataset
Preparing time (sec): 20
Initializing dataloader
Done
Prepare for training
Start training
SplitNN summary
==========================================================================================
Layer (type:depth-idx)                   Output Shape              Param #
==========================================================================================
SplitNN                                  --                        --
├─MLP: 1                                 --                        --
│    └─ModuleList: 2-1                   --                        --
├─ModuleList: 1-1                        --                        --
│    └─MLP: 2                            --                        --
│    │    └─ModuleList: 3-1              --                        14,150
│    └─MLP: 2                            --                        --
│    │    └─ModuleList: 3-2              --                        20,750
│    └─MLP: 2-2                          [32, 50]                  --
│    └─MLP: 2-3                          [32, 50]                  --
├─MLP: 1-2                               [32, 10]                  --
│    └─ModuleList: 2-1                   --                        --
│    │    └─Linear: 3-3                  [32, 100]                 10,100
│    │    └─Linear: 3-4                  [32, 10]                  1,010
==========================================================================================
Total params: 46,010
Trainable params: 46,010
Non-trainable params: 0
Total mult-adds (M): 1.47
==========================================================================================
Input size (MB): 0.03
Forward/backward pass size (MB): 0.10
Params size (MB): 0.18
Estimated Total Size (MB): 0.32
==========================================================================================
Merge model summary
==========================================================================================
Layer (type:depth-idx)                   Output Shape              Param #
==========================================================================================
ConvModel                                --                        --
├─Conv2d: 1-1                            [1, 4, 56, 10]            32
├─Dropout: 1-2                           [1, 2240]                 --
├─Linear: 1-3                            [1, 200]                  448,200
├─Dropout: 1-4                           [1, 200]                  --
├─Linear: 1-5                            [1, 1]                    201
==========================================================================================
Total params: 448,433
Trainable params: 448,433
Non-trainable params: 0
Total mult-adds (M): 0.47
==========================================================================================
Input size (MB): 0.00
Forward/backward pass size (MB): 0.02
Params size (MB): 1.79
Estimated Total Size (MB): 1.82
==========================================================================================
Similarity model summary
==========================================================================================
Layer (type:depth-idx)                   Output Shape              Param #
==========================================================================================
MLP                                      --                        --
├─ModuleList: 1-1                        --                        --
│    └─Linear: 2-1                       [1, 10]                   20
│    └─Linear: 2-2                       [1, 1]                    11
==========================================================================================
Total params: 31
Trainable params: 31
Non-trainable params: 0
Total mult-adds (M): 0.00
==========================================================================================
Input size (MB): 0.00
Forward/backward pass size (MB): 0.00
Params size (MB): 0.00
Estimated Total Size (MB): 0.00
==========================================================================================
n_classes=2
task=regression
model_name=company_fedsim_2022-08-14-05-14-51
sche_threshold=0.0001
sche_patience=10
sche_factor=0.1
use_scheduler=False
num_workers=4
device=cuda:3
test_batch_size=4096
train_batch_size=32
learning_rate=0.001
weight_decay=1e-05
num_epochs=100
model_save_path=ckp/company_fedsim_2022-08-14-05-14-51.pth
test_rate=0.2
val_rate=0.1
multiprocess_context=fork
metrics=['rmse', 'mae', 'r2_score']
metrics_f=[<metric.rmse.RMSE object at 0x7fa13e809c70>, <metric.mae.MAE object at 0x7fa13e809850>, <metric.r2_score.R2Score object at 0x7fa13e809a60>]
hidden_sizes=[200, 100]
model=SplitNN(
  (agg_model): MLP(
    (fc_layers): ModuleList(
      (0): Linear(in_features=100, out_features=100, bias=True)
      (1): Linear(in_features=100, out_features=10, bias=True)
    )
  )
  (local_models): ModuleList(
    (0): MLP(
      (fc_layers): ModuleList(
        (0): Linear(in_features=90, out_features=100, bias=True)
        (1): Linear(in_features=100, out_features=50, bias=True)
      )
    )
    (1): MLP(
      (fc_layers): ModuleList(
        (0): Linear(in_features=156, out_features=100, bias=True)
        (1): Linear(in_features=100, out_features=50, bias=True)
      )
    )
  )
)
writer=<torch.utils.tensorboard.writer.SummaryWriter object at 0x7fa13e8095e0>
dataset_type=real
drop_key=True
num_common_features=1
tree_radius=0.01
tree_leaf_size=1000
knn_k=50
grid_min=-10.0
grid_max=10.0
grid_width=1.5
sim_scaler=StandardScaler()
filter_top_k=50
link_n_jobs=1
psig_p=8
sim_leak_p=1.0
link_threshold_t=0.1
link_epsilon=0.1
n_hash_lsh=50
edit_distance_threshold=10
n_hash_func=50
collision_rate=0.02
qgram_q=4
link_delta=0.02
feature_wise_sim=False
blocking_method=knn_priv_str
center_threshold=0.5
n_clusters=100
local_hidden_sizes=[[100], [100]]
cut_dims=[50, 50]
agg_hidden_sizes=[100]
scale_analysis=None
disable_weight=False
disable_sort=False
mlp_merge=None
use_sim=True
use_conv=True
conv_kernel_v_size=7
conv_n_channels=4
merge_dropout_p=0.3
raw_output_dim=10
log_dir=log/company_fedsim_2022-08-14-05-14-51/
update_sim_freq=1
sim_model_save_path=ckp/company_fedsim_2022-08-14-05-14-51_sim.pth
merge_model_save_path=ckp/company_fedsim_2022-08-14-05-14-51_merge.pth
sim_batch_size=128
sim_weight_decay=1e-05
sim_learning_rate=0.001
merge_model=ConvModel(
  (conv1): Conv2d(1, 4, kernel_size=[7, 1], stride=(1, 1), padding=[6, 0])
  (fc1): Linear(in_features=2240, out_features=200, bias=True)
  (fc2): Linear(in_features=200, out_features=1, bias=True)
  (dropout1): Dropout(p=0.3, inplace=False)
  (dropout2): Dropout(p=0.3, inplace=False)
)
sim_model=MLP(
  (fc_layers): ModuleList(
    (0): Linear(in_features=1, out_features=10, bias=True)
    (1): Linear(in_features=10, out_features=1, bias=True)
  )
)
sim_hidden_sizes=[10]
merge_hidden_sizes=[200]
data1_shape=(77225, 91)
data2_shape=(220583, 157)
Epoch 1: Loss:            : Train 0.0039, Val 0.0002, Test 0.0003
          RMSE             : Train 229157.6035, Val 56674.5019, Test 62471.2151
          MAE              : Train 86836.8060, Val 29068.6650, Test 29391.9956
          R2_Score         : Train -0.0163, Val 0.9328, Test 0.9236
Best:
          RMSE             : Train 229157.6035, Val 56674.5019, Test 62471.2151
          MAE              : Train 86836.8060, Val 29068.6650, Test 29391.9956
          R2_Score         : Train -0.0163, Val 0.9328, Test 0.9236
Epoch 2: Loss:            : Train 0.0003, Val 0.0002, Test 0.0002
          RMSE             : Train 63267.5811, Val 47314.3460, Test 51382.3718
          MAE              : Train 33395.5636, Val 22445.4410, Test 22785.7495
          R2_Score         : Train 0.9225, Val 0.9532, Test 0.9483
Best:
          RMSE             : Train 63267.5811, Val 47314.3460, Test 51382.3718
          MAE              : Train 33395.5636, Val 22445.4410, Test 22785.7495
          R2_Score         : Train 0.9225, Val 0.9532, Test 0.9483
Epoch 3: Loss:            : Train 0.0003, Val 0.0002, Test 0.0002
          RMSE             : Train 60074.4433, Val 49213.7455, Test 52407.0307
          MAE              : Train 31903.7192, Val 21934.0932, Test 22334.9666
          R2_Score         : Train 0.9302, Val 0.9494, Test 0.9462
Best:
          RMSE             : Train 63267.5811, Val 47314.3460, Test 51382.3718
          MAE              : Train 33395.5636, Val 22445.4410, Test 22785.7495
          R2_Score         : Train 0.9225, Val 0.9532, Test 0.9483
Epoch 4: Loss:            : Train 0.0003, Val 0.0002, Test 0.0002
          RMSE             : Train 58498.6305, Val 48893.3517, Test 51369.7622
          MAE              : Train 30827.6092, Val 22899.8364, Test 23239.0472
          R2_Score         : Train 0.9338, Val 0.9500, Test 0.9483
Best:
          RMSE             : Train 63267.5811, Val 47314.3460, Test 51382.3718
          MAE              : Train 33395.5636, Val 22445.4410, Test 22785.7495
          R2_Score         : Train 0.9225, Val 0.9532, Test 0.9483
Epoch 5: Loss:            : Train 0.0002, Val 0.0001, Test 0.0002
          RMSE             : Train 55668.1452, Val 44622.0974, Test 45061.7112
          MAE              : Train 29709.9417, Val 19506.0106, Test 19608.5493
          R2_Score         : Train 0.9400, Val 0.9584, Test 0.9602
Best:
          RMSE             : Train 55668.1452, Val 44622.0974, Test 45061.7112
          MAE              : Train 29709.9417, Val 19506.0106, Test 19608.5493
          R2_Score         : Train 0.9400, Val 0.9584, Test 0.9602
Epoch 6: Loss:            : Train 0.0002, Val 0.0001, Test 0.0001
          RMSE             : Train 53439.1700, Val 42228.3741, Test 44030.7485
          MAE              : Train 28868.6105, Val 19775.5619, Test 19831.7048
          R2_Score         : Train 0.9447, Val 0.9627, Test 0.9620
Best:
          RMSE             : Train 53439.1700, Val 42228.3741, Test 44030.7485
          MAE              : Train 28868.6105, Val 19775.5619, Test 19831.7048
          R2_Score         : Train 0.9447, Val 0.9627, Test 0.9620
Epoch 7: Loss:            : Train 0.0002, Val 0.0002, Test 0.0002
          RMSE             : Train 51094.5255, Val 47732.6114, Test 48159.6479
          MAE              : Train 27862.9225, Val 27559.8109, Test 27756.8247
          R2_Score         : Train 0.9495, Val 0.9524, Test 0.9546
Best:
          RMSE             : Train 53439.1700, Val 42228.3741, Test 44030.7485
          MAE              : Train 28868.6105, Val 19775.5619, Test 19831.7048
          R2_Score         : Train 0.9447, Val 0.9627, Test 0.9620
Epoch 8: Loss:            : Train 0.0002, Val 0.0001, Test 0.0001
          RMSE             : Train 48464.1178, Val 41632.1737, Test 44803.3917
          MAE              : Train 26657.7228, Val 22220.4429, Test 22772.9369
          R2_Score         : Train 0.9545, Val 0.9638, Test 0.9607
Best:
          RMSE             : Train 48464.1178, Val 41632.1737, Test 44803.3917
          MAE              : Train 26657.7228, Val 22220.4429, Test 22772.9369
          R2_Score         : Train 0.9545, Val 0.9638, Test 0.9607
Epoch 9: Loss:            : Train 0.0002, Val 0.0001, Test 0.0001
          RMSE             : Train 46464.7219, Val 38716.6498, Test 39938.5869
          MAE              : Train 25360.0798, Val 19373.1435, Test 19810.4371
          R2_Score         : Train 0.9582, Val 0.9687, Test 0.9688
Best:
          RMSE             : Train 46464.7219, Val 38716.6498, Test 39938.5869
          MAE              : Train 25360.0798, Val 19373.1435, Test 19810.4371
          R2_Score         : Train 0.9582, Val 0.9687, Test 0.9688
Epoch 10: Loss:            : Train 0.0001, Val 0.0001, Test 0.0001
          RMSE             : Train 44423.2497, Val 39273.7842, Test 38857.8595
          MAE              : Train 24216.9083, Val 18388.8818, Test 18499.7637
          R2_Score         : Train 0.9618, Val 0.9678, Test 0.9704
Best:
          RMSE             : Train 46464.7219, Val 38716.6498, Test 39938.5869
          MAE              : Train 25360.0798, Val 19373.1435, Test 19810.4371
          R2_Score         : Train 0.9582, Val 0.9687, Test 0.9688
Epoch 11: Loss:            : Train 0.0001, Val 0.0001, Test 0.0001
          RMSE             : Train 44138.0228, Val 40143.6596, Test 39845.5303
          MAE              : Train 23572.4769, Val 19865.0803, Test 19894.3798
          R2_Score         : Train 0.9623, Val 0.9663, Test 0.9689
Best:
          RMSE             : Train 46464.7219, Val 38716.6498, Test 39938.5869
          MAE              : Train 25360.0798, Val 19373.1435, Test 19810.4371
          R2_Score         : Train 0.9582, Val 0.9687, Test 0.9688
Epoch 12: Loss:            : Train 0.0001, Val 0.0001, Test 0.0001
          RMSE             : Train 42867.9765, Val 41243.3142, Test 41491.8408
          MAE              : Train 22940.9266, Val 17835.7259, Test 17946.4372
          R2_Score         : Train 0.9644, Val 0.9644, Test 0.9663
Best:
          RMSE             : Train 46464.7219, Val 38716.6498, Test 39938.5869
          MAE              : Train 25360.0798, Val 19373.1435, Test 19810.4371
          R2_Score         : Train 0.9582, Val 0.9687, Test 0.9688
Epoch 13: Loss:            : Train 0.0001, Val 0.0001, Test 0.0001
          RMSE             : Train 42614.8672, Val 38203.6079, Test 40621.7742
          MAE              : Train 22366.3085, Val 18309.4404, Test 18702.5297
          R2_Score         : Train 0.9649, Val 0.9695, Test 0.9677
Best:
          RMSE             : Train 42614.8672, Val 38203.6079, Test 40621.7742
          MAE              : Train 22366.3085, Val 18309.4404, Test 18702.5297
          R2_Score         : Train 0.9649, Val 0.9695, Test 0.9677
Epoch 14: Loss:            : Train 0.0001, Val 0.0002, Test 0.0002
          RMSE             : Train 41681.9420, Val 46079.8031, Test 45180.6709
          MAE              : Train 22005.2416, Val 18438.4203, Test 18634.3358
          R2_Score         : Train 0.9664, Val 0.9556, Test 0.9600
Best:
          RMSE             : Train 42614.8672, Val 38203.6079, Test 40621.7742
          MAE              : Train 22366.3085, Val 18309.4404, Test 18702.5297
          R2_Score         : Train 0.9649, Val 0.9695, Test 0.9677
Epoch 15: Loss:            : Train 0.0001, Val 0.0001, Test 0.0001
          RMSE             : Train 40541.4262, Val 41091.9859, Test 39389.4853
          MAE              : Train 21380.8497, Val 17101.5386, Test 17213.3360
          R2_Score         : Train 0.9682, Val 0.9647, Test 0.9696
Best:
          RMSE             : Train 42614.8672, Val 38203.6079, Test 40621.7742
          MAE              : Train 22366.3085, Val 18309.4404, Test 18702.5297
          R2_Score         : Train 0.9649, Val 0.9695, Test 0.9677
Epoch 16: Loss:            : Train 0.0001, Val 0.0001, Test 0.0001
          RMSE             : Train 40609.6931, Val 42514.7502, Test 43175.4685
          MAE              : Train 21265.8939, Val 20899.0834, Test 21196.4325
          R2_Score         : Train 0.9681, Val 0.9622, Test 0.9635
Best:
          RMSE             : Train 42614.8672, Val 38203.6079, Test 40621.7742
          MAE              : Train 22366.3085, Val 18309.4404, Test 18702.5297
          R2_Score         : Train 0.9649, Val 0.9695, Test 0.9677
Epoch 17: Loss:            : Train 0.0001, Val 0.0001, Test 0.0001
          RMSE             : Train 40174.7188, Val 40657.9861, Test 38602.8707
          MAE              : Train 21329.4286, Val 18429.9156, Test 18318.2873
          R2_Score         : Train 0.9688, Val 0.9654, Test 0.9708
Best:
          RMSE             : Train 42614.8672, Val 38203.6079, Test 40621.7742
          MAE              : Train 22366.3085, Val 18309.4404, Test 18702.5297
          R2_Score         : Train 0.9649, Val 0.9695, Test 0.9677
Epoch 18: Loss:            : Train 0.0001, Val 0.0001, Test 0.0001
          RMSE             : Train 40297.6912, Val 39032.7404, Test 37759.8671
          MAE              : Train 21071.7260, Val 16619.8917, Test 16500.5801
          R2_Score         : Train 0.9686, Val 0.9681, Test 0.9721
Best:
          RMSE             : Train 42614.8672, Val 38203.6079, Test 40621.7742
          MAE              : Train 22366.3085, Val 18309.4404, Test 18702.5297
          R2_Score         : Train 0.9649, Val 0.9695, Test 0.9677
Epoch 19: Loss:            : Train 0.0001, Val 0.0001, Test 0.0001
          RMSE             : Train 38661.7537, Val 39978.1265, Test 42578.3457
          MAE              : Train 20781.5558, Val 18160.5361, Test 18535.0670
          R2_Score         : Train 0.9711, Val 0.9666, Test 0.9645
Best:
          RMSE             : Train 42614.8672, Val 38203.6079, Test 40621.7742
          MAE              : Train 22366.3085, Val 18309.4404, Test 18702.5297
          R2_Score         : Train 0.9649, Val 0.9695, Test 0.9677
Epoch 20: Loss:            : Train 0.0001, Val 0.0001, Test 0.0001
          RMSE             : Train 39008.4836, Val 41716.8515, Test 38919.3351
          MAE              : Train 20702.9911, Val 17711.9552, Test 17532.4710
          R2_Score         : Train 0.9706, Val 0.9636, Test 0.9703
Best:
          RMSE             : Train 42614.8672, Val 38203.6079, Test 40621.7742
          MAE              : Train 22366.3085, Val 18309.4404, Test 18702.5297
          R2_Score         : Train 0.9649, Val 0.9695, Test 0.9677
Epoch 21: Loss:            : Train 0.0001, Val 0.0001, Test 0.0001
          RMSE             : Train 39400.0439, Val 39622.1097, Test 40786.0754
          MAE              : Train 20648.8513, Val 19155.5765, Test 19464.7051
          R2_Score         : Train 0.9700, Val 0.9672, Test 0.9674
Best:
          RMSE             : Train 42614.8672, Val 38203.6079, Test 40621.7742
          MAE              : Train 22366.3085, Val 18309.4404, Test 18702.5297
          R2_Score         : Train 0.9649, Val 0.9695, Test 0.9677
Epoch 22: Loss:            : Train 0.0001, Val 0.0001, Test 0.0001
          RMSE             : Train 38361.4015, Val 38754.1609, Test 39291.4405
          MAE              : Train 20419.2946, Val 18535.5517, Test 18649.3664
          R2_Score         : Train 0.9715, Val 0.9686, Test 0.9698
Best:
          RMSE             : Train 42614.8672, Val 38203.6079, Test 40621.7742
          MAE              : Train 22366.3085, Val 18309.4404, Test 18702.5297
          R2_Score         : Train 0.9649, Val 0.9695, Test 0.9677
Epoch 23: Loss:            : Train 0.0001, Val 0.0001, Test 0.0001
          RMSE             : Train 36972.2024, Val 38701.9992, Test 40246.5051
          MAE              : Train 19854.8964, Val 20148.3035, Test 20407.9210
          R2_Score         : Train 0.9735, Val 0.9687, Test 0.9683
Best:
          RMSE             : Train 42614.8672, Val 38203.6079, Test 40621.7742
          MAE              : Train 22366.3085, Val 18309.4404, Test 18702.5297
          R2_Score         : Train 0.9649, Val 0.9695, Test 0.9677
Epoch 24: Loss:            : Train 0.0001, Val 0.0001, Test 0.0001
          RMSE             : Train 38282.8736, Val 38771.5329, Test 38306.8780
          MAE              : Train 20191.2990, Val 17488.8348, Test 17663.4480
          R2_Score         : Train 0.9716, Val 0.9686, Test 0.9713
Best:
          RMSE             : Train 42614.8672, Val 38203.6079, Test 40621.7742
          MAE              : Train 22366.3085, Val 18309.4404, Test 18702.5297
          R2_Score         : Train 0.9649, Val 0.9695, Test 0.9677
Epoch 25: Loss:            : Train 0.0001, Val 0.0001, Test 0.0001
          RMSE             : Train 37397.3789, Val 40236.3366, Test 37171.8780
          MAE              : Train 20010.1597, Val 15565.3421, Test 15428.7779
          R2_Score         : Train 0.9729, Val 0.9662, Test 0.9729
Best:
          RMSE             : Train 42614.8672, Val 38203.6079, Test 40621.7742
          MAE              : Train 22366.3085, Val 18309.4404, Test 18702.5297
          R2_Score         : Train 0.9649, Val 0.9695, Test 0.9677
Epoch 26: Loss:            : Train 0.0001, Val 0.0001, Test 0.0001
          RMSE             : Train 36869.5367, Val 36944.6799, Test 38222.8423
          MAE              : Train 19764.9733, Val 16540.9449, Test 16607.8686
          R2_Score         : Train 0.9737, Val 0.9715, Test 0.9714
Best:
          RMSE             : Train 36869.5367, Val 36944.6799, Test 38222.8423
          MAE              : Train 19764.9733, Val 16540.9449, Test 16607.8686
          R2_Score         : Train 0.9737, Val 0.9715, Test 0.9714
Epoch 27: Loss:            : Train 0.0001, Val 0.0001, Test 0.0001
          RMSE             : Train 35844.9679, Val 37510.3147, Test 37788.7028
          MAE              : Train 19358.0030, Val 15386.9905, Test 15291.1196
          R2_Score         : Train 0.9751, Val 0.9706, Test 0.9720
Best:
          RMSE             : Train 36869.5367, Val 36944.6799, Test 38222.8423
          MAE              : Train 19764.9733, Val 16540.9449, Test 16607.8686
          R2_Score         : Train 0.9737, Val 0.9715, Test 0.9714
Epoch 28: Loss:            : Train 0.0001, Val 0.0001, Test 0.0001
          RMSE             : Train 36756.0299, Val 39215.7447, Test 39973.9279
          MAE              : Train 19682.2417, Val 16150.4208, Test 16425.0760
          R2_Score         : Train 0.9739, Val 0.9678, Test 0.9687
Best:
          RMSE             : Train 36869.5367, Val 36944.6799, Test 38222.8423
          MAE              : Train 19764.9733, Val 16540.9449, Test 16607.8686
          R2_Score         : Train 0.9737, Val 0.9715, Test 0.9714
Epoch 29: Loss:            : Train 0.0001, Val 0.0001, Test 0.0001
          RMSE             : Train 36734.8598, Val 36767.9545, Test 37635.8579
          MAE              : Train 19487.9821, Val 16682.4811, Test 16871.0044
          R2_Score         : Train 0.9739, Val 0.9717, Test 0.9723
Best:
          RMSE             : Train 36734.8598, Val 36767.9545, Test 37635.8579
          MAE              : Train 19487.9821, Val 16682.4811, Test 16871.0044
          R2_Score         : Train 0.9739, Val 0.9717, Test 0.9723
Epoch 30: Loss:            : Train 0.0001, Val 0.0001, Test 0.0001
          RMSE             : Train 35640.6800, Val 39595.6912, Test 37505.1628
          MAE              : Train 19272.7068, Val 15357.1771, Test 15469.8546
          R2_Score         : Train 0.9754, Val 0.9672, Test 0.9725
Best:
          RMSE             : Train 36734.8598, Val 36767.9545, Test 37635.8579
          MAE              : Train 19487.9821, Val 16682.4811, Test 16871.0044
          R2_Score         : Train 0.9739, Val 0.9717, Test 0.9723
Epoch 31: Loss:            : Train 0.0001, Val 0.0001, Test 0.0001
          RMSE             : Train 35390.8253, Val 44330.7353, Test 40191.7275
          MAE              : Train 19195.0357, Val 16424.7385, Test 16251.4761
          R2_Score         : Train 0.9758, Val 0.9589, Test 0.9684
Best:
          RMSE             : Train 36734.8598, Val 36767.9545, Test 37635.8579
          MAE              : Train 19487.9821, Val 16682.4811, Test 16871.0044
          R2_Score         : Train 0.9739, Val 0.9717, Test 0.9723
Epoch 32: Loss:            : Train 0.0001, Val 0.0001, Test 0.0001
          RMSE             : Train 35186.8062, Val 41516.8484, Test 42797.6606
          MAE              : Train 19022.0599, Val 22763.8117, Test 22936.8501
          R2_Score         : Train 0.9760, Val 0.9640, Test 0.9641
Best:
          RMSE             : Train 36734.8598, Val 36767.9545, Test 37635.8579
          MAE              : Train 19487.9821, Val 16682.4811, Test 16871.0044
          R2_Score         : Train 0.9739, Val 0.9717, Test 0.9723
Epoch 33: Loss:            : Train 0.0001, Val 0.0001, Test 0.0001
          RMSE             : Train 35730.0002, Val 43019.2496, Test 42027.2408
          MAE              : Train 19180.3633, Val 16305.5047, Test 16526.0572
          R2_Score         : Train 0.9753, Val 0.9613, Test 0.9654
Best:
          RMSE             : Train 36734.8598, Val 36767.9545, Test 37635.8579
          MAE              : Train 19487.9821, Val 16682.4811, Test 16871.0044
          R2_Score         : Train 0.9739, Val 0.9717, Test 0.9723
Epoch 34: Loss:            : Train 0.0001, Val 0.0001, Test 0.0001
          RMSE             : Train 35059.8824, Val 37009.4181, Test 37655.6707
          MAE              : Train 19040.2832, Val 16364.8714, Test 16842.7942
          R2_Score         : Train 0.9762, Val 0.9714, Test 0.9722
Best:
          RMSE             : Train 36734.8598, Val 36767.9545, Test 37635.8579
          MAE              : Train 19487.9821, Val 16682.4811, Test 16871.0044
          R2_Score         : Train 0.9739, Val 0.9717, Test 0.9723
Epoch 35: Loss:            : Train 0.0001, Val 0.0001, Test 0.0001
          RMSE             : Train 34450.0269, Val 38258.2256, Test 38652.3475
          MAE              : Train 18808.9923, Val 16393.4654, Test 16473.2649
          R2_Score         : Train 0.9770, Val 0.9694, Test 0.9707
Best:
          RMSE             : Train 36734.8598, Val 36767.9545, Test 37635.8579
          MAE              : Train 19487.9821, Val 16682.4811, Test 16871.0044
          R2_Score         : Train 0.9739, Val 0.9717, Test 0.9723
Epoch 36: Loss:            : Train 0.0001, Val 0.0001, Test 0.0001
          RMSE             : Train 35209.9947, Val 37368.7216, Test 36867.8515
          MAE              : Train 19003.5415, Val 15440.2505, Test 15515.3632
          R2_Score         : Train 0.9760, Val 0.9708, Test 0.9734
Best:
          RMSE             : Train 36734.8598, Val 36767.9545, Test 37635.8579
          MAE              : Train 19487.9821, Val 16682.4811, Test 16871.0044
          R2_Score         : Train 0.9739, Val 0.9717, Test 0.9723
Epoch 37: Loss:            : Train 0.0001, Val 0.0001, Test 0.0001
          RMSE             : Train 35183.6877, Val 37765.1714, Test 39678.8274
          MAE              : Train 18798.0610, Val 15343.1343, Test 15796.0609
          R2_Score         : Train 0.9760, Val 0.9702, Test 0.9692
Best:
          RMSE             : Train 36734.8598, Val 36767.9545, Test 37635.8579
          MAE              : Train 19487.9821, Val 16682.4811, Test 16871.0044
          R2_Score         : Train 0.9739, Val 0.9717, Test 0.9723
Epoch 38: Loss:            : Train 0.0001, Val 0.0001, Test 0.0001
          RMSE             : Train 33807.3211, Val 37341.3990, Test 40043.8831
          MAE              : Train 18663.0008, Val 16858.3408, Test 17367.4079
          R2_Score         : Train 0.9779, Val 0.9708, Test 0.9686
Best:
          RMSE             : Train 36734.8598, Val 36767.9545, Test 37635.8579
          MAE              : Train 19487.9821, Val 16682.4811, Test 16871.0044
          R2_Score         : Train 0.9739, Val 0.9717, Test 0.9723
Epoch 39: Loss:            : Train 0.0001, Val 0.0001, Test 0.0001
          RMSE             : Train 34358.1572, Val 37977.6793, Test 41559.4917
          MAE              : Train 18650.0944, Val 15154.6300, Test 15838.7756
          R2_Score         : Train 0.9772, Val 0.9698, Test 0.9662
Best:
          RMSE             : Train 36734.8598, Val 36767.9545, Test 37635.8579
          MAE              : Train 19487.9821, Val 16682.4811, Test 16871.0044
          R2_Score         : Train 0.9739, Val 0.9717, Test 0.9723
Epoch 40: Loss:            : Train 0.0001, Val 0.0001, Test 0.0001
          RMSE             : Train 34023.7473, Val 36658.2917, Test 38381.8508
          MAE              : Train 18568.9801, Val 15212.2798, Test 15617.9253
          R2_Score         : Train 0.9776, Val 0.9719, Test 0.9712
Best:
          RMSE             : Train 34023.7473, Val 36658.2917, Test 38381.8508
          MAE              : Train 18568.9801, Val 15212.2798, Test 15617.9253
          R2_Score         : Train 0.9776, Val 0.9719, Test 0.9712
Epoch 41: Loss:            : Train 0.0001, Val 0.0001, Test 0.0001
          RMSE             : Train 33740.0372, Val 39190.0417, Test 38611.2446
          MAE              : Train 18483.0459, Val 15603.6526, Test 15838.5493
          R2_Score         : Train 0.9780, Val 0.9679, Test 0.9708
Best:
          RMSE             : Train 34023.7473, Val 36658.2917, Test 38381.8508
          MAE              : Train 18568.9801, Val 15212.2798, Test 15617.9253
          R2_Score         : Train 0.9776, Val 0.9719, Test 0.9712
Epoch 42: Loss:            : Train 0.0001, Val 0.0001, Test 0.0001
          RMSE             : Train 34180.3178, Val 43435.1263, Test 42062.5277
          MAE              : Train 18403.3491, Val 16396.5703, Test 16534.7865
          R2_Score         : Train 0.9774, Val 0.9606, Test 0.9654
Best:
          RMSE             : Train 34023.7473, Val 36658.2917, Test 38381.8508
          MAE              : Train 18568.9801, Val 15212.2798, Test 15617.9253
          R2_Score         : Train 0.9776, Val 0.9719, Test 0.9712
Epoch 43: Loss:            : Train 0.0001, Val 0.0001, Test 0.0001
          RMSE             : Train 33515.9189, Val 37238.0248, Test 38422.7634
          MAE              : Train 18357.6790, Val 14836.7087, Test 15185.4747
          R2_Score         : Train 0.9783, Val 0.9710, Test 0.9711
Best:
          RMSE             : Train 34023.7473, Val 36658.2917, Test 38381.8508
          MAE              : Train 18568.9801, Val 15212.2798, Test 15617.9253
          R2_Score         : Train 0.9776, Val 0.9719, Test 0.9712
Epoch 44: Loss:            : Train 0.0001, Val 0.0001, Test 0.0001
          RMSE             : Train 34171.8385, Val 39926.0525, Test 40183.7367
          MAE              : Train 18381.2466, Val 20735.2600, Test 20951.6570
          R2_Score         : Train 0.9774, Val 0.9667, Test 0.9684
Best:
          RMSE             : Train 34023.7473, Val 36658.2917, Test 38381.8508
          MAE              : Train 18568.9801, Val 15212.2798, Test 15617.9253
          R2_Score         : Train 0.9776, Val 0.9719, Test 0.9712
Epoch 45: Loss:            : Train 0.0001, Val 0.0001, Test 0.0001
          RMSE             : Train 32893.1342, Val 35642.5089, Test 37225.8787
          MAE              : Train 18088.1173, Val 14889.5310, Test 15143.0554
          R2_Score         : Train 0.9791, Val 0.9734, Test 0.9729
Best:
          RMSE             : Train 32893.1342, Val 35642.5089, Test 37225.8787
          MAE              : Train 18088.1173, Val 14889.5310, Test 15143.0554
          R2_Score         : Train 0.9791, Val 0.9734, Test 0.9729
Epoch 46: Loss:            : Train 0.0001, Val 0.0001, Test 0.0001
          RMSE             : Train 32985.8517, Val 38977.6943, Test 38700.0590
          MAE              : Train 18081.6249, Val 18892.3625, Test 18989.6432
          R2_Score         : Train 0.9789, Val 0.9682, Test 0.9707
Best:
          RMSE             : Train 32893.1342, Val 35642.5089, Test 37225.8787
          MAE              : Train 18088.1173, Val 14889.5310, Test 15143.0554
          R2_Score         : Train 0.9791, Val 0.9734, Test 0.9729
Epoch 47: Loss:            : Train 0.0001, Val 0.0001, Test 0.0001
          RMSE             : Train 33513.3861, Val 40147.5498, Test 38660.0277
          MAE              : Train 18108.5309, Val 16917.1300, Test 16922.1593
          R2_Score         : Train 0.9783, Val 0.9663, Test 0.9707
Best:
          RMSE             : Train 32893.1342, Val 35642.5089, Test 37225.8787
          MAE              : Train 18088.1173, Val 14889.5310, Test 15143.0554
          R2_Score         : Train 0.9791, Val 0.9734, Test 0.9729
Epoch 48: Loss:            : Train 0.0001, Val 0.0001, Test 0.0001
          RMSE             : Train 32738.1874, Val 37457.5215, Test 36493.8174
          MAE              : Train 17844.0446, Val 16371.5262, Test 16408.2651
          R2_Score         : Train 0.9793, Val 0.9707, Test 0.9739
Best:
          RMSE             : Train 32893.1342, Val 35642.5089, Test 37225.8787
          MAE              : Train 18088.1173, Val 14889.5310, Test 15143.0554
          R2_Score         : Train 0.9791, Val 0.9734, Test 0.9729
Epoch 49: Loss:            : Train 0.0001, Val 0.0001, Test 0.0001
          RMSE             : Train 32656.9851, Val 36236.6454, Test 38384.2531
          MAE              : Train 17858.9828, Val 16968.0922, Test 17447.0391
          R2_Score         : Train 0.9794, Val 0.9725, Test 0.9711
Best:
          RMSE             : Train 32893.1342, Val 35642.5089, Test 37225.8787
          MAE              : Train 18088.1173, Val 14889.5310, Test 15143.0554
          R2_Score         : Train 0.9791, Val 0.9734, Test 0.9729
Epoch 50: Loss:            : Train 0.0001, Val 0.0001, Test 0.0001
          RMSE             : Train 32381.7526, Val 36629.7458, Test 36462.8515
          MAE              : Train 17708.4386, Val 14726.9279, Test 14854.4554
          R2_Score         : Train 0.9797, Val 0.9719, Test 0.9740
Best:
          RMSE             : Train 32893.1342, Val 35642.5089, Test 37225.8787
          MAE              : Train 18088.1173, Val 14889.5310, Test 15143.0554
          R2_Score         : Train 0.9791, Val 0.9734, Test 0.9729
Epoch 51: Loss:            : Train 0.0001, Val 0.0001, Test 0.0001
          RMSE             : Train 34165.6832, Val 35698.7893, Test 37927.2046
          MAE              : Train 17806.7633, Val 14705.3141, Test 15055.1001
          R2_Score         : Train 0.9774, Val 0.9734, Test 0.9718
Best:
          RMSE             : Train 32893.1342, Val 35642.5089, Test 37225.8787
          MAE              : Train 18088.1173, Val 14889.5310, Test 15143.0554
          R2_Score         : Train 0.9791, Val 0.9734, Test 0.9729
Epoch 52: Loss:            : Train 0.0001, Val 0.0001, Test 0.0001
          RMSE             : Train 32387.8714, Val 41789.2081, Test 42069.6650
          MAE              : Train 17668.2158, Val 19094.1916, Test 19039.3031
          R2_Score         : Train 0.9797, Val 0.9635, Test 0.9653
Best:
          RMSE             : Train 32893.1342, Val 35642.5089, Test 37225.8787
          MAE              : Train 18088.1173, Val 14889.5310, Test 15143.0554
          R2_Score         : Train 0.9791, Val 0.9734, Test 0.9729
Epoch 53: Loss:            : Train 0.0001, Val 0.0001, Test 0.0001
          RMSE             : Train 32451.0958, Val 36548.2320, Test 36977.6270
          MAE              : Train 17840.8178, Val 15364.4793, Test 15288.7128
          R2_Score         : Train 0.9796, Val 0.9721, Test 0.9732
Best:
          RMSE             : Train 32893.1342, Val 35642.5089, Test 37225.8787
          MAE              : Train 18088.1173, Val 14889.5310, Test 15143.0554
          R2_Score         : Train 0.9791, Val 0.9734, Test 0.9729
Epoch 54: Loss:            : Train 0.0001, Val 0.0001, Test 0.0001
          RMSE             : Train 32282.8233, Val 38406.8174, Test 39012.2567
          MAE              : Train 17575.3569, Val 15778.4926, Test 16055.6092
          R2_Score         : Train 0.9798, Val 0.9692, Test 0.9702
Best:
          RMSE             : Train 32893.1342, Val 35642.5089, Test 37225.8787
          MAE              : Train 18088.1173, Val 14889.5310, Test 15143.0554
          R2_Score         : Train 0.9791, Val 0.9734, Test 0.9729
Epoch 55: Loss:            : Train 0.0001, Val 0.0001, Test 0.0001
          RMSE             : Train 32768.7576, Val 38577.4652, Test 38675.7941
          MAE              : Train 17820.1532, Val 15245.3041, Test 15072.0876
          R2_Score         : Train 0.9792, Val 0.9689, Test 0.9707
Best:
          RMSE             : Train 32893.1342, Val 35642.5089, Test 37225.8787
          MAE              : Train 18088.1173, Val 14889.5310, Test 15143.0554
          R2_Score         : Train 0.9791, Val 0.9734, Test 0.9729
Epoch 56: Loss:            : Train 0.0001, Val 0.0001, Test 0.0001
          RMSE             : Train 32341.1340, Val 38143.9944, Test 36996.8129
          MAE              : Train 17469.9809, Val 15356.6737, Test 15326.9311
          R2_Score         : Train 0.9798, Val 0.9696, Test 0.9732
Best:
          RMSE             : Train 32893.1342, Val 35642.5089, Test 37225.8787
          MAE              : Train 18088.1173, Val 14889.5310, Test 15143.0554
          R2_Score         : Train 0.9791, Val 0.9734, Test 0.9729
Epoch 57: Loss:            : Train 0.0001, Val 0.0001, Test 0.0001
          RMSE             : Train 31371.3052, Val 37493.7107, Test 39301.6441
          MAE              : Train 17301.7918, Val 15806.2173, Test 16062.7324
          R2_Score         : Train 0.9810, Val 0.9706, Test 0.9698
Best:
          RMSE             : Train 32893.1342, Val 35642.5089, Test 37225.8787
          MAE              : Train 18088.1173, Val 14889.5310, Test 15143.0554
          R2_Score         : Train 0.9791, Val 0.9734, Test 0.9729
Epoch 58: Loss:            : Train 0.0001, Val 0.0001, Test 0.0001
          RMSE             : Train 31590.7495, Val 42023.4670, Test 39064.0244
          MAE              : Train 17183.3205, Val 15537.9310, Test 15329.9433
          R2_Score         : Train 0.9807, Val 0.9631, Test 0.9701
Best:
          RMSE             : Train 32893.1342, Val 35642.5089, Test 37225.8787
          MAE              : Train 18088.1173, Val 14889.5310, Test 15143.0554
          R2_Score         : Train 0.9791, Val 0.9734, Test 0.9729
Epoch 59: Loss:            : Train 0.0001, Val 0.0001, Test 0.0001
          RMSE             : Train 31272.7949, Val 37187.9697, Test 41649.6327
          MAE              : Train 17198.3357, Val 14604.9284, Test 15045.9049
          R2_Score         : Train 0.9811, Val 0.9711, Test 0.9660
Best:
          RMSE             : Train 32893.1342, Val 35642.5089, Test 37225.8787
          MAE              : Train 18088.1173, Val 14889.5310, Test 15143.0554
          R2_Score         : Train 0.9791, Val 0.9734, Test 0.9729
Epoch 60: Loss:            : Train 0.0001, Val 0.0001, Test 0.0001
          RMSE             : Train 31190.2735, Val 37362.4667, Test 37747.6098
          MAE              : Train 16960.1541, Val 18746.9856, Test 19033.7116
          R2_Score         : Train 0.9812, Val 0.9708, Test 0.9721
Best:
          RMSE             : Train 32893.1342, Val 35642.5089, Test 37225.8787
          MAE              : Train 18088.1173, Val 14889.5310, Test 15143.0554
          R2_Score         : Train 0.9791, Val 0.9734, Test 0.9729
Epoch 61: Loss:            : Train 0.0001, Val 0.0001, Test 0.0001
          RMSE             : Train 31851.5773, Val 36240.7474, Test 37764.1680
          MAE              : Train 17071.6154, Val 14565.2810, Test 15066.6141
          R2_Score         : Train 0.9804, Val 0.9725, Test 0.9721
Best:
          RMSE             : Train 32893.1342, Val 35642.5089, Test 37225.8787
          MAE              : Train 18088.1173, Val 14889.5310, Test 15143.0554
          R2_Score         : Train 0.9791, Val 0.9734, Test 0.9729
Epoch 62: Loss:            : Train 0.0001, Val 0.0001, Test 0.0001
          RMSE             : Train 31226.0014, Val 40319.4870, Test 41583.4563
          MAE              : Train 17098.3992, Val 18207.5920, Test 18885.9702
          R2_Score         : Train 0.9811, Val 0.9660, Test 0.9661
Best:
          RMSE             : Train 32893.1342, Val 35642.5089, Test 37225.8787
          MAE              : Train 18088.1173, Val 14889.5310, Test 15143.0554
          R2_Score         : Train 0.9791, Val 0.9734, Test 0.9729
Epoch 63: Loss:            : Train 0.0001, Val 0.0001, Test 0.0001
          RMSE             : Train 31191.4350, Val 40180.4181, Test 40486.1939
          MAE              : Train 17022.1566, Val 15033.5051, Test 15158.4227
          R2_Score         : Train 0.9812, Val 0.9662, Test 0.9679
Best:
          RMSE             : Train 32893.1342, Val 35642.5089, Test 37225.8787
          MAE              : Train 18088.1173, Val 14889.5310, Test 15143.0554
          R2_Score         : Train 0.9791, Val 0.9734, Test 0.9729
Epoch 64: Loss:            : Train 0.0001, Val 0.0001, Test 0.0001
          RMSE             : Train 31680.0081, Val 37567.7781, Test 36837.3562
          MAE              : Train 17067.8497, Val 15368.5858, Test 15620.1653
          R2_Score         : Train 0.9806, Val 0.9705, Test 0.9734
Best:
          RMSE             : Train 32893.1342, Val 35642.5089, Test 37225.8787
          MAE              : Train 18088.1173, Val 14889.5310, Test 15143.0554
          R2_Score         : Train 0.9791, Val 0.9734, Test 0.9729
Epoch 65: Loss:            : Train 0.0001, Val 0.0001, Test 0.0001
          RMSE             : Train 31927.3295, Val 36302.1650, Test 36516.6661
          MAE              : Train 17310.7738, Val 14572.6376, Test 14693.6207
          R2_Score         : Train 0.9803, Val 0.9724, Test 0.9739
Best:
          RMSE             : Train 32893.1342, Val 35642.5089, Test 37225.8787
          MAE              : Train 18088.1173, Val 14889.5310, Test 15143.0554
          R2_Score         : Train 0.9791, Val 0.9734, Test 0.9729
Epoch 66: Loss:            : Train 0.0001, Val 0.0001, Test 0.0001
          RMSE             : Train 31199.3759, Val 36890.5655, Test 39373.8094
          MAE              : Train 17039.4876, Val 14324.7462, Test 14754.4872
          R2_Score         : Train 0.9812, Val 0.9715, Test 0.9696
Best:
          RMSE             : Train 32893.1342, Val 35642.5089, Test 37225.8787
          MAE              : Train 18088.1173, Val 14889.5310, Test 15143.0554
          R2_Score         : Train 0.9791, Val 0.9734, Test 0.9729
Epoch 67: Loss:            : Train 0.0001, Val 0.0001, Test 0.0001
          RMSE             : Train 31084.3721, Val 35439.4755, Test 36600.4916
          MAE              : Train 17049.6675, Val 14079.4263, Test 14148.4036
          R2_Score         : Train 0.9813, Val 0.9737, Test 0.9738
Best:
          RMSE             : Train 31084.3721, Val 35439.4755, Test 36600.4916
          MAE              : Train 17049.6675, Val 14079.4263, Test 14148.4036
          R2_Score         : Train 0.9813, Val 0.9737, Test 0.9738
Epoch 68: Loss:            : Train 0.0001, Val 0.0001, Test 0.0001
          RMSE             : Train 31215.9322, Val 38159.9363, Test 39370.9311
          MAE              : Train 17022.5572, Val 15008.4931, Test 14824.0726
          R2_Score         : Train 0.9811, Val 0.9696, Test 0.9696
Best:
          RMSE             : Train 31084.3721, Val 35439.4755, Test 36600.4916
          MAE              : Train 17049.6675, Val 14079.4263, Test 14148.4036
          R2_Score         : Train 0.9813, Val 0.9737, Test 0.9738
Epoch 69: Loss:            : Train 0.0001, Val 0.0001, Test 0.0001
          RMSE             : Train 30633.0755, Val 37156.1206, Test 38073.8449
          MAE              : Train 16917.5398, Val 14572.6938, Test 14493.1221
          R2_Score         : Train 0.9818, Val 0.9711, Test 0.9716
Best:
          RMSE             : Train 31084.3721, Val 35439.4755, Test 36600.4916
          MAE              : Train 17049.6675, Val 14079.4263, Test 14148.4036
          R2_Score         : Train 0.9813, Val 0.9737, Test 0.9738
Epoch 70: Loss:            : Train 0.0001, Val 0.0001, Test 0.0001
          RMSE             : Train 31330.7937, Val 37146.5927, Test 37451.1010
          MAE              : Train 16895.4773, Val 14894.5024, Test 14862.0038
          R2_Score         : Train 0.9810, Val 0.9712, Test 0.9725
Best:
          RMSE             : Train 31084.3721, Val 35439.4755, Test 36600.4916
          MAE              : Train 17049.6675, Val 14079.4263, Test 14148.4036
          R2_Score         : Train 0.9813, Val 0.9737, Test 0.9738
Epoch 71: Loss:            : Train 0.0001, Val 0.0001, Test 0.0001
          RMSE             : Train 30726.7982, Val 39939.4112, Test 40040.8427
          MAE              : Train 16954.1945, Val 17191.8281, Test 17118.5305
          R2_Score         : Train 0.9817, Val 0.9667, Test 0.9686
Best:
          RMSE             : Train 31084.3721, Val 35439.4755, Test 36600.4916
          MAE              : Train 17049.6675, Val 14079.4263, Test 14148.4036
          R2_Score         : Train 0.9813, Val 0.9737, Test 0.9738
Epoch 72: Loss:            : Train 0.0001, Val 0.0001, Test 0.0001
          RMSE             : Train 31485.2005, Val 40525.4988, Test 39666.7034
          MAE              : Train 16960.4640, Val 20420.1293, Test 20242.7210
          R2_Score         : Train 0.9808, Val 0.9657, Test 0.9692
Best:
          RMSE             : Train 31084.3721, Val 35439.4755, Test 36600.4916
          MAE              : Train 17049.6675, Val 14079.4263, Test 14148.4036
          R2_Score         : Train 0.9813, Val 0.9737, Test 0.9738
Epoch 73: Loss:            : Train 0.0001, Val 0.0001, Test 0.0001
          RMSE             : Train 30310.8638, Val 42084.0908, Test 41811.1700
          MAE              : Train 16916.8248, Val 17129.9311, Test 17076.2455
          R2_Score         : Train 0.9822, Val 0.9630, Test 0.9658
Best:
          RMSE             : Train 31084.3721, Val 35439.4755, Test 36600.4916
          MAE              : Train 17049.6675, Val 14079.4263, Test 14148.4036
          R2_Score         : Train 0.9813, Val 0.9737, Test 0.9738
Epoch 74: Loss:            : Train 0.0001, Val 0.0001, Test 0.0001
          RMSE             : Train 30987.0697, Val 36859.6329, Test 38526.5108
          MAE              : Train 16796.4184, Val 16017.1285, Test 16268.1459
          R2_Score         : Train 0.9814, Val 0.9716, Test 0.9709
Best:
          RMSE             : Train 31084.3721, Val 35439.4755, Test 36600.4916
          MAE              : Train 17049.6675, Val 14079.4263, Test 14148.4036
          R2_Score         : Train 0.9813, Val 0.9737, Test 0.9738
Epoch 75: Loss:            : Train 0.0001, Val 0.0001, Test 0.0001
          RMSE             : Train 30937.2219, Val 41188.7855, Test 39482.2849
          MAE              : Train 16848.2223, Val 17206.9131, Test 16877.3563
          R2_Score         : Train 0.9815, Val 0.9645, Test 0.9695
Best:
          RMSE             : Train 31084.3721, Val 35439.4755, Test 36600.4916
          MAE              : Train 17049.6675, Val 14079.4263, Test 14148.4036
          R2_Score         : Train 0.9813, Val 0.9737, Test 0.9738
Epoch 76: Loss:            : Train 0.0001, Val 0.0001, Test 0.0001
          RMSE             : Train 31346.3011, Val 39436.5895, Test 41981.2091
          MAE              : Train 16766.6852, Val 14736.8365, Test 14925.9063
          R2_Score         : Train 0.9810, Val 0.9675, Test 0.9655
Best:
          RMSE             : Train 31084.3721, Val 35439.4755, Test 36600.4916
          MAE              : Train 17049.6675, Val 14079.4263, Test 14148.4036
          R2_Score         : Train 0.9813, Val 0.9737, Test 0.9738
Epoch 77: Loss:            : Train 0.0001, Val 0.0001, Test 0.0001
          RMSE             : Train 32079.5548, Val 37520.3984, Test 38525.8157
          MAE              : Train 17083.6394, Val 14237.2842, Test 14511.8279
          R2_Score         : Train 0.9801, Val 0.9706, Test 0.9709
Best:
          RMSE             : Train 31084.3721, Val 35439.4755, Test 36600.4916
          MAE              : Train 17049.6675, Val 14079.4263, Test 14148.4036
          R2_Score         : Train 0.9813, Val 0.9737, Test 0.9738
Epoch 78: Loss:            : Train 0.0001, Val 0.0001, Test 0.0001
          RMSE             : Train 30727.3714, Val 35653.0409, Test 37793.1688
          MAE              : Train 16861.4323, Val 14066.5325, Test 14347.2371
          R2_Score         : Train 0.9817, Val 0.9734, Test 0.9720
Best:
          RMSE             : Train 31084.3721, Val 35439.4755, Test 36600.4916
          MAE              : Train 17049.6675, Val 14079.4263, Test 14148.4036
          R2_Score         : Train 0.9813, Val 0.9737, Test 0.9738
Epoch 79: Loss:            : Train 0.0001, Val 0.0001, Test 0.0001
          RMSE             : Train 31182.4059, Val 37500.4781, Test 37691.0570
          MAE              : Train 16850.2027, Val 14415.8724, Test 14575.6268
          R2_Score         : Train 0.9812, Val 0.9706, Test 0.9722
Best:
          RMSE             : Train 31084.3721, Val 35439.4755, Test 36600.4916
          MAE              : Train 17049.6675, Val 14079.4263, Test 14148.4036
          R2_Score         : Train 0.9813, Val 0.9737, Test 0.9738
Epoch 80: Loss:            : Train 0.0001, Val 0.0001, Test 0.0001
          RMSE             : Train 30826.7968, Val 37242.3904, Test 38576.8555
          MAE              : Train 16644.8585, Val 15265.1538, Test 15513.7694
          R2_Score         : Train 0.9816, Val 0.9710, Test 0.9709
Best:
          RMSE             : Train 31084.3721, Val 35439.4755, Test 36600.4916
          MAE              : Train 17049.6675, Val 14079.4263, Test 14148.4036
          R2_Score         : Train 0.9813, Val 0.9737, Test 0.9738
Epoch 81: Loss:            : Train 0.0001, Val 0.0001, Test 0.0001
          RMSE             : Train 30893.3480, Val 40291.7525, Test 38997.1416
          MAE              : Train 16627.3940, Val 17973.1176, Test 17656.3105
          R2_Score         : Train 0.9815, Val 0.9661, Test 0.9702
Best:
          RMSE             : Train 31084.3721, Val 35439.4755, Test 36600.4916
          MAE              : Train 17049.6675, Val 14079.4263, Test 14148.4036
          R2_Score         : Train 0.9813, Val 0.9737, Test 0.9738
Epoch 82: Loss:            : Train 0.0001, Val 0.0001, Test 0.0001
          RMSE             : Train 29571.6248, Val 37428.2686, Test 37215.6387
          MAE              : Train 16549.3135, Val 14065.4036, Test 14117.3977
          R2_Score         : Train 0.9831, Val 0.9707, Test 0.9729
Best:
          RMSE             : Train 31084.3721, Val 35439.4755, Test 36600.4916
          MAE              : Train 17049.6675, Val 14079.4263, Test 14148.4036
          R2_Score         : Train 0.9813, Val 0.9737, Test 0.9738
Epoch 83: Loss:            : Train 0.0001, Val 0.0001, Test 0.0001
          RMSE             : Train 30375.3408, Val 38576.3627, Test 39072.0018
          MAE              : Train 16569.5769, Val 15381.4447, Test 15608.1812
          R2_Score         : Train 0.9821, Val 0.9689, Test 0.9701
Best:
          RMSE             : Train 31084.3721, Val 35439.4755, Test 36600.4916
          MAE              : Train 17049.6675, Val 14079.4263, Test 14148.4036
          R2_Score         : Train 0.9813, Val 0.9737, Test 0.9738
Epoch 84: Loss:            : Train 0.0001, Val 0.0001, Test 0.0001
          RMSE             : Train 30467.3938, Val 37881.6055, Test 36759.0043
          MAE              : Train 16518.4771, Val 14595.5261, Test 14797.3814
          R2_Score         : Train 0.9820, Val 0.9700, Test 0.9735
Best:
          RMSE             : Train 31084.3721, Val 35439.4755, Test 36600.4916
          MAE              : Train 17049.6675, Val 14079.4263, Test 14148.4036
          R2_Score         : Train 0.9813, Val 0.9737, Test 0.9738
Epoch 85: Loss:            : Train 0.0001, Val 0.0001, Test 0.0001
          RMSE             : Train 31088.0747, Val 38698.9123, Test 38049.4900
          MAE              : Train 16729.7670, Val 14694.3461, Test 14647.8772
          R2_Score         : Train 0.9813, Val 0.9687, Test 0.9716
Best:
          RMSE             : Train 31084.3721, Val 35439.4755, Test 36600.4916
          MAE              : Train 17049.6675, Val 14079.4263, Test 14148.4036
          R2_Score         : Train 0.9813, Val 0.9737, Test 0.9738
Epoch 86: Loss:            : Train 0.0001, Val 0.0001, Test 0.0001
          RMSE             : Train 29748.2509, Val 38013.2860, Test 37997.7271
          MAE              : Train 16486.0144, Val 16328.1155, Test 16330.8658
          R2_Score         : Train 0.9829, Val 0.9698, Test 0.9717
Best:
          RMSE             : Train 31084.3721, Val 35439.4755, Test 36600.4916
          MAE              : Train 17049.6675, Val 14079.4263, Test 14148.4036
          R2_Score         : Train 0.9813, Val 0.9737, Test 0.9738
Epoch 87: Loss:            : Train 0.0001, Val 0.0001, Test 0.0001
          RMSE             : Train 29857.6606, Val 38714.1269, Test 40499.8876
          MAE              : Train 16626.0810, Val 14787.3657, Test 14992.6512
          R2_Score         : Train 0.9827, Val 0.9687, Test 0.9679
Best:
          RMSE             : Train 31084.3721, Val 35439.4755, Test 36600.4916
          MAE              : Train 17049.6675, Val 14079.4263, Test 14148.4036
          R2_Score         : Train 0.9813, Val 0.9737, Test 0.9738
Epoch 88: Loss:            : Train 0.0001, Val 0.0001, Test 0.0001
          RMSE             : Train 31201.0086, Val 38431.1232, Test 40624.5240
          MAE              : Train 16660.5105, Val 17490.6713, Test 17741.6647
          R2_Score         : Train 0.9812, Val 0.9691, Test 0.9677
Best:
          RMSE             : Train 31084.3721, Val 35439.4755, Test 36600.4916
          MAE              : Train 17049.6675, Val 14079.4263, Test 14148.4036
          R2_Score         : Train 0.9813, Val 0.9737, Test 0.9738
Epoch 89: Loss:            : Train 0.0001, Val 0.0001, Test 0.0001
          RMSE             : Train 29621.5564, Val 35538.2666, Test 37952.5088
          MAE              : Train 16428.8115, Val 14465.7449, Test 15049.3127
          R2_Score         : Train 0.9830, Val 0.9736, Test 0.9718
Best:
          RMSE             : Train 31084.3721, Val 35439.4755, Test 36600.4916
          MAE              : Train 17049.6675, Val 14079.4263, Test 14148.4036
          R2_Score         : Train 0.9813, Val 0.9737, Test 0.9738
Epoch 90: Loss:            : Train 0.0001, Val 0.0001, Test 0.0001
          RMSE             : Train 30396.8738, Val 38448.0136, Test 39831.3223
          MAE              : Train 16608.1498, Val 17397.9036, Test 17604.0800
          R2_Score         : Train 0.9821, Val 0.9691, Test 0.9689
Best:
          RMSE             : Train 31084.3721, Val 35439.4755, Test 36600.4916
          MAE              : Train 17049.6675, Val 14079.4263, Test 14148.4036
          R2_Score         : Train 0.9813, Val 0.9737, Test 0.9738
Epoch 91: Loss:            : Train 0.0001, Val 0.0001, Test 0.0001
          RMSE             : Train 30264.4589, Val 39330.0266, Test 38441.4313
          MAE              : Train 16430.7304, Val 15761.3705, Test 15637.3224
          R2_Score         : Train 0.9823, Val 0.9677, Test 0.9711
Best:
          RMSE             : Train 31084.3721, Val 35439.4755, Test 36600.4916
          MAE              : Train 17049.6675, Val 14079.4263, Test 14148.4036
          R2_Score         : Train 0.9813, Val 0.9737, Test 0.9738
Epoch 92: Loss:            : Train 0.0001, Val 0.0001, Test 0.0001
          RMSE             : Train 29065.7726, Val 36007.2797, Test 36261.7047
          MAE              : Train 16425.4117, Val 14131.8679, Test 14332.1912
          R2_Score         : Train 0.9837, Val 0.9729, Test 0.9742
Best:
          RMSE             : Train 31084.3721, Val 35439.4755, Test 36600.4916
          MAE              : Train 17049.6675, Val 14079.4263, Test 14148.4036
          R2_Score         : Train 0.9813, Val 0.9737, Test 0.9738
Epoch 93: Loss:            : Train 0.0001, Val 0.0001, Test 0.0001
          RMSE             : Train 30140.4049, Val 36111.8714, Test 36720.5458
          MAE              : Train 16546.5734, Val 14861.1966, Test 15051.3094
          R2_Score         : Train 0.9824, Val 0.9727, Test 0.9736
Best:
          RMSE             : Train 31084.3721, Val 35439.4755, Test 36600.4916
          MAE              : Train 17049.6675, Val 14079.4263, Test 14148.4036
          R2_Score         : Train 0.9813, Val 0.9737, Test 0.9738
Epoch 94: Loss:            : Train 0.0001, Val 0.0001, Test 0.0001
          RMSE             : Train 30253.7485, Val 36147.5922, Test 36925.5787
          MAE              : Train 16418.5949, Val 14192.5719, Test 14276.2425
          R2_Score         : Train 0.9823, Val 0.9727, Test 0.9733
Best:
          RMSE             : Train 31084.3721, Val 35439.4755, Test 36600.4916
          MAE              : Train 17049.6675, Val 14079.4263, Test 14148.4036
          R2_Score         : Train 0.9813, Val 0.9737, Test 0.9738
Epoch 95: Loss:            : Train 0.0001, Val 0.0001, Test 0.0001
          RMSE             : Train 29848.0362, Val 35006.6466, Test 37465.3489
          MAE              : Train 16545.4725, Val 14424.9656, Test 14663.1119
          R2_Score         : Train 0.9828, Val 0.9744, Test 0.9725
Best:
          RMSE             : Train 29848.0362, Val 35006.6466, Test 37465.3489
          MAE              : Train 16545.4725, Val 14424.9656, Test 14663.1119
          R2_Score         : Train 0.9828, Val 0.9744, Test 0.9725
Epoch 96: Loss:            : Train 0.0001, Val 0.0001, Test 0.0001
          RMSE             : Train 29807.4126, Val 36345.5398, Test 41179.7797
          MAE              : Train 16424.5141, Val 14256.9090, Test 14645.7840
          R2_Score         : Train 0.9828, Val 0.9724, Test 0.9668
Best:
          RMSE             : Train 29848.0362, Val 35006.6466, Test 37465.3489
          MAE              : Train 16545.4725, Val 14424.9656, Test 14663.1119
          R2_Score         : Train 0.9828, Val 0.9744, Test 0.9725
Epoch 97: Loss:            : Train 0.0001, Val 0.0001, Test 0.0002
          RMSE             : Train 29808.4128, Val 42841.1823, Test 45207.4192
          MAE              : Train 16399.3217, Val 20167.2963, Test 20477.2803
          R2_Score         : Train 0.9828, Val 0.9616, Test 0.9600
Best:
          RMSE             : Train 29848.0362, Val 35006.6466, Test 37465.3489
          MAE              : Train 16545.4725, Val 14424.9656, Test 14663.1119
          R2_Score         : Train 0.9828, Val 0.9744, Test 0.9725
Epoch 98: Loss:            : Train 0.0001, Val 0.0001, Test 0.0001
          RMSE             : Train 30323.2509, Val 36451.5791, Test 39707.7203
          MAE              : Train 16346.0749, Val 14360.9334, Test 14726.3617
          R2_Score         : Train 0.9822, Val 0.9722, Test 0.9691
Best:
          RMSE             : Train 29848.0362, Val 35006.6466, Test 37465.3489
          MAE              : Train 16545.4725, Val 14424.9656, Test 14663.1119
          R2_Score         : Train 0.9828, Val 0.9744, Test 0.9725
Epoch 99: Loss:            : Train 0.0001, Val 0.0001, Test 0.0002
          RMSE             : Train 29650.4390, Val 41869.0043, Test 45683.2997
          MAE              : Train 16341.0289, Val 16584.0952, Test 16930.1840
          R2_Score         : Train 0.9830, Val 0.9634, Test 0.9591
Best:
          RMSE             : Train 29848.0362, Val 35006.6466, Test 37465.3489
          MAE              : Train 16545.4725, Val 14424.9656, Test 14663.1119
          R2_Score         : Train 0.9828, Val 0.9744, Test 0.9725
Epoch 100: Loss:            : Train 0.0001, Val 0.0001, Test 0.0001
          RMSE             : Train 29630.5969, Val 37667.0034, Test 37400.0423
          MAE              : Train 16190.8947, Val 16445.7484, Test 16422.9846
          R2_Score         : Train 0.9830, Val 0.9703, Test 0.9726
Best:
          RMSE             : Train 29848.0362, Val 35006.6466, Test 37465.3489
          MAE              : Train 16545.4725, Val 14424.9656, Test 14663.1119
          R2_Score         : Train 0.9828, Val 0.9744, Test 0.9725
Training time (sec): 6010
