Loading loan from data/company/loan_subset_clean.csv
Loading company from data/company/company_subset_clean.csv
Current loan columns Index(['Term', 'NoEmp', 'NewExist', 'CreateJob', 'RetainedJob', 'UrbanRural',
       'DisbursementGross', 'BalanceGross', 'ChgOffPrinGr', 'GrAppv',
       'BankState_al', 'BankState_an', 'BankState_ar', 'BankState_az',
       'BankState_ca', 'BankState_co', 'BankState_ct', 'BankState_dc',
       'BankState_de', 'BankState_en', 'BankState_fl', 'BankState_ga',
       'BankState_gu', 'BankState_hi', 'BankState_ia', 'BankState_id',
       'BankState_il', 'BankState_in', 'BankState_ks', 'BankState_ky',
       'BankState_la', 'BankState_ma', 'BankState_md', 'BankState_me',
       'BankState_mi', 'BankState_mn', 'BankState_mo', 'BankState_ms',
       'BankState_mt', 'BankState_nc', 'BankState_nd', 'BankState_ne',
       'BankState_nh', 'BankState_nj', 'BankState_nm', 'BankState_nv',
       'BankState_ny', 'BankState_oh', 'BankState_ok', 'BankState_or',
       'BankState_pa', 'BankState_pr', 'BankState_ri', 'BankState_sc',
       'BankState_sd', 'BankState_tn', 'BankState_tx', 'BankState_ut',
       'BankState_va', 'BankState_vi', 'BankState_vt', 'BankState_wa',
       'BankState_wi', 'BankState_wv', 'BankState_wy', 'RevLineCr_-',
       'RevLineCr_.', 'RevLineCr_0', 'RevLineCr_1', 'RevLineCr_2',
       'RevLineCr_3', 'RevLineCr_4', 'RevLineCr_5', 'RevLineCr_7',
       'RevLineCr_`', 'RevLineCr_a', 'RevLineCr_c', 'RevLineCr_n',
       'RevLineCr_q', 'RevLineCr_r', 'RevLineCr_t', 'RevLineCr_y', 'LowDoc_1',
       'LowDoc_a', 'LowDoc_c', 'LowDoc_n', 'LowDoc_r', 'LowDoc_s', 'LowDoc_y',
       'MIS_Status_p i f', 'Name'],
      dtype='object')
Current company columns Index(['name', 'current employee estimate', 'total employee estimate',
       'ind_airlines/aviation', 'ind_alternative dispute resolution',
       'ind_alternative medicine', 'ind_animation', 'ind_apparel & fashion',
       'ind_architecture & planning', 'ind_arts and crafts',
       ...
       'ind_wine and spirits', 'ind_wireless', 'ind_writing and editing',
       'sr_10001+', 'sr_1001 - 5000', 'sr_11 - 50', 'sr_201 - 500',
       'sr_5001 - 10000', 'sr_501 - 1000', 'sr_51 - 200'],
      dtype='object', length=157)
Loading data from cache
Done
Calculating noise scale
Adding noise of scale 0.0 to sim_scores
Adding noise of scale 0.0 to sim_scores
Adding noise of scale 0.0 to sim_scores
Filter dataset to top 50
Generating top 50 dataset
Generating top 50 dataset
Generating top 50 dataset
Preparing time (sec): 22
Initializing dataloader
Done
Prepare for training
Start training
================================================================================
                                    Kernel Shape Output Shape  Params  \
Layer                                                                   
0_local_models.0.fc_layers.Linear_0    [91, 100]   [128, 100]    9200   
1_local_models.0.fc_layers.Linear_1    [100, 50]    [128, 50]    5050   
2_local_models.1.fc_layers.Linear_0   [156, 100]   [128, 100]   15700   
3_local_models.1.fc_layers.Linear_1    [100, 50]    [128, 50]    5050   
4_agg_model.fc_layers.Linear_0        [100, 100]   [128, 100]   10100   
5_agg_model.fc_layers.Linear_1          [100, 1]     [128, 1]     101   

                                     Mult-Adds  
Layer                                           
0_local_models.0.fc_layers.Linear_0       9100  
1_local_models.0.fc_layers.Linear_1       5000  
2_local_models.1.fc_layers.Linear_0      15600  
3_local_models.1.fc_layers.Linear_1       5000  
4_agg_model.fc_layers.Linear_0           10000  
5_agg_model.fc_layers.Linear_1             100  
--------------------------------------------------------------------------------
                      Totals
Total params           45201
Trainable params       45201
Non-trainable params       0
Mult-Adds              44800
================================================================================
n_classes=2
task=regression
model_name=company_featuresim_2022-08-13-22-37-05
sche_threshold=0.0001
sche_patience=10
sche_factor=0.1
use_scheduler=False
num_workers=4
device=cuda:4
test_batch_size=4096
train_batch_size=128
learning_rate=0.001
weight_decay=1e-05
num_epochs=100
model_save_path=ckp/company_featuresim_2022-08-13-22-37-05.pth
test_rate=0.2
val_rate=0.1
multiprocess_context=fork
metrics=['rmse', 'r2_score', 'mae']
metrics_f=[<metric.rmse.RMSE object at 0x7fce10385850>, <metric.r2_score.R2Score object at 0x7fce103858e0>, <metric.mae.MAE object at 0x7fce10385940>]
hidden_sizes=[200, 100]
model=SplitNN(
  (agg_model): MLP(
    (fc_layers): ModuleList(
      (0): Linear(in_features=100, out_features=100, bias=True)
      (1): Linear(in_features=100, out_features=1, bias=True)
    )
  )
  (local_models): ModuleList(
    (0): MLP(
      (fc_layers): ModuleList(
        (0): Linear(in_features=91, out_features=100, bias=True)
        (1): Linear(in_features=100, out_features=50, bias=True)
      )
    )
    (1): MLP(
      (fc_layers): ModuleList(
        (0): Linear(in_features=156, out_features=100, bias=True)
        (1): Linear(in_features=100, out_features=50, bias=True)
      )
    )
  )
)
writer=<torch.utils.tensorboard.writer.SummaryWriter object at 0x7fcf09c1d1c0>
dataset_type=real
drop_key=True
num_common_features=1
tree_radius=0.01
tree_leaf_size=1000
knn_k=50
grid_min=-10.0
grid_max=10.0
grid_width=1.5
sim_scaler=StandardScaler()
filter_top_k=50
link_n_jobs=1
psig_p=4
sim_leak_p=1.0
link_threshold_t=0.1
link_epsilon=0.1
n_hash_lsh=50
edit_distance_threshold=10
n_hash_func=50
collision_rate=0.01
qgram_q=4
link_delta=0.01
feature_wise_sim=False
blocking_method=knn_str
center_threshold=0.5
n_clusters=100
local_hidden_sizes=[[100], [100]]
cut_dims=[50, 50]
agg_hidden_sizes=[100]
scale_analysis=None
data1_shape=(77225, 91)
data2_shape=(220583, 157)
Epoch 1: Loss:            : Train 0.0467, Val 0.0004, Test 0.0005
          RMSE             : Train 794318.1762, Val 77389.4061, Test 81092.5926
          R2_Score         : Train -11.2103, Val 0.8748, Test 0.8712
          MAE              : Train 559025.6945, Val 48221.4018, Test 48546.2921
Best:
          RMSE             : Train 794318.1762, Val 77389.4061, Test 81092.5926
          R2_Score         : Train -11.2103, Val 0.8748, Test 0.8712
          MAE              : Train 559025.6945, Val 48221.4018, Test 48546.2921
Epoch 2: Loss:            : Train 0.0003, Val 0.0002, Test 0.0003
          RMSE             : Train 65173.4200, Val 54481.1146, Test 58186.4402
          R2_Score         : Train 0.9178, Val 0.9379, Test 0.9337
          MAE              : Train 36447.0699, Val 30859.4606, Test 31105.6402
Best:
          RMSE             : Train 65173.4200, Val 54481.1146, Test 58186.4402
          R2_Score         : Train 0.9178, Val 0.9379, Test 0.9337
          MAE              : Train 36447.0699, Val 30859.4606, Test 31105.6402
Epoch 3: Loss:            : Train 0.0002, Val 0.0002, Test 0.0002
          RMSE             : Train 55054.4879, Val 48551.0410, Test 52574.7832
          R2_Score         : Train 0.9413, Val 0.9507, Test 0.9459
          MAE              : Train 29481.9409, Val 26987.7448, Test 27513.0602
Best:
          RMSE             : Train 55054.4879, Val 48551.0410, Test 52574.7832
          R2_Score         : Train 0.9413, Val 0.9507, Test 0.9459
          MAE              : Train 29481.9409, Val 26987.7448, Test 27513.0602
Epoch 4: Loss:            : Train 0.0002, Val 0.0002, Test 0.0002
          RMSE             : Train 50643.6933, Val 45801.0104, Test 48279.6590
          R2_Score         : Train 0.9504, Val 0.9561, Test 0.9544
          MAE              : Train 26732.1323, Val 24984.7938, Test 25132.2827
Best:
          RMSE             : Train 50643.6933, Val 45801.0104, Test 48279.6590
          R2_Score         : Train 0.9504, Val 0.9561, Test 0.9544
          MAE              : Train 26732.1323, Val 24984.7938, Test 25132.2827
Epoch 5: Loss:            : Train 0.0002, Val 0.0002, Test 0.0002
          RMSE             : Train 47271.8355, Val 44914.2508, Test 46935.3237
          R2_Score         : Train 0.9568, Val 0.9578, Test 0.9569
          MAE              : Train 24622.6503, Val 23369.7748, Test 23417.2817
Best:
          RMSE             : Train 47271.8355, Val 44914.2508, Test 46935.3237
          R2_Score         : Train 0.9568, Val 0.9578, Test 0.9569
          MAE              : Train 24622.6503, Val 23369.7748, Test 23417.2817
Epoch 6: Loss:            : Train 0.0002, Val 0.0002, Test 0.0002
          RMSE             : Train 45325.4297, Val 45291.5146, Test 46447.9925
          R2_Score         : Train 0.9602, Val 0.9571, Test 0.9578
          MAE              : Train 23235.7883, Val 22994.4030, Test 23085.2654
Best:
          RMSE             : Train 47271.8355, Val 44914.2508, Test 46935.3237
          R2_Score         : Train 0.9568, Val 0.9578, Test 0.9569
          MAE              : Train 24622.6503, Val 23369.7748, Test 23417.2817
Epoch 7: Loss:            : Train 0.0001, Val 0.0002, Test 0.0001
          RMSE             : Train 43440.7637, Val 45675.0599, Test 44646.4730
          R2_Score         : Train 0.9635, Val 0.9564, Test 0.9610
          MAE              : Train 22065.7455, Val 23265.2178, Test 22940.5196
Best:
          RMSE             : Train 47271.8355, Val 44914.2508, Test 46935.3237
          R2_Score         : Train 0.9568, Val 0.9578, Test 0.9569
          MAE              : Train 24622.6503, Val 23369.7748, Test 23417.2817
Epoch 8: Loss:            : Train 0.0001, Val 0.0001, Test 0.0001
          RMSE             : Train 42360.8233, Val 43436.5595, Test 42632.4470
          R2_Score         : Train 0.9653, Val 0.9606, Test 0.9644
          MAE              : Train 21134.3748, Val 21631.4337, Test 21440.5664
Best:
          RMSE             : Train 42360.8233, Val 43436.5595, Test 42632.4470
          R2_Score         : Train 0.9653, Val 0.9606, Test 0.9644
          MAE              : Train 21134.3748, Val 21631.4337, Test 21440.5664
Epoch 9: Loss:            : Train 0.0001, Val 0.0001, Test 0.0002
          RMSE             : Train 41617.5094, Val 43134.2130, Test 45690.1356
          R2_Score         : Train 0.9665, Val 0.9611, Test 0.9591
          MAE              : Train 20578.1932, Val 20758.2031, Test 20850.5139
Best:
          RMSE             : Train 41617.5094, Val 43134.2130, Test 45690.1356
          R2_Score         : Train 0.9665, Val 0.9611, Test 0.9591
          MAE              : Train 20578.1932, Val 20758.2031, Test 20850.5139
Epoch 10: Loss:            : Train 0.0001, Val 0.0001, Test 0.0001
          RMSE             : Train 40644.8926, Val 40554.3280, Test 41654.2857
          R2_Score         : Train 0.9680, Val 0.9656, Test 0.9660
          MAE              : Train 19854.7697, Val 19222.1745, Test 19183.2104
Best:
          RMSE             : Train 40644.8926, Val 40554.3280, Test 41654.2857
          R2_Score         : Train 0.9680, Val 0.9656, Test 0.9660
          MAE              : Train 19854.7697, Val 19222.1745, Test 19183.2104
Epoch 11: Loss:            : Train 0.0001, Val 0.0001, Test 0.0001
          RMSE             : Train 39619.3036, Val 43008.7241, Test 42072.4508
          R2_Score         : Train 0.9696, Val 0.9613, Test 0.9653
          MAE              : Train 19289.4673, Val 20333.4475, Test 20199.6882
Best:
          RMSE             : Train 40644.8926, Val 40554.3280, Test 41654.2857
          R2_Score         : Train 0.9680, Val 0.9656, Test 0.9660
          MAE              : Train 19854.7697, Val 19222.1745, Test 19183.2104
Epoch 12: Loss:            : Train 0.0001, Val 0.0001, Test 0.0001
          RMSE             : Train 38660.1036, Val 41403.0280, Test 42871.6831
          R2_Score         : Train 0.9711, Val 0.9642, Test 0.9640
          MAE              : Train 18699.5472, Val 19559.2385, Test 19682.7440
Best:
          RMSE             : Train 40644.8926, Val 40554.3280, Test 41654.2857
          R2_Score         : Train 0.9680, Val 0.9656, Test 0.9660
          MAE              : Train 19854.7697, Val 19222.1745, Test 19183.2104
Epoch 13: Loss:            : Train 0.0001, Val 0.0001, Test 0.0001
          RMSE             : Train 38224.8409, Val 39408.4000, Test 40694.6605
          R2_Score         : Train 0.9717, Val 0.9675, Test 0.9676
          MAE              : Train 18291.9170, Val 18046.3642, Test 18160.9521
Best:
          RMSE             : Train 38224.8409, Val 39408.4000, Test 40694.6605
          R2_Score         : Train 0.9717, Val 0.9675, Test 0.9676
          MAE              : Train 18291.9170, Val 18046.3642, Test 18160.9521
Epoch 14: Loss:            : Train 0.0001, Val 0.0001, Test 0.0001
          RMSE             : Train 37774.3132, Val 38649.2365, Test 40577.6701
          R2_Score         : Train 0.9724, Val 0.9688, Test 0.9678
          MAE              : Train 17941.7922, Val 17494.5641, Test 17752.6217
Best:
          RMSE             : Train 37774.3132, Val 38649.2365, Test 40577.6701
          R2_Score         : Train 0.9724, Val 0.9688, Test 0.9678
          MAE              : Train 17941.7922, Val 17494.5641, Test 17752.6217
Epoch 15: Loss:            : Train 0.0001, Val 0.0001, Test 0.0001
          RMSE             : Train 36977.0608, Val 40729.1742, Test 38856.3008
          R2_Score         : Train 0.9735, Val 0.9653, Test 0.9704
          MAE              : Train 17514.4317, Val 17702.4521, Test 17503.1116
Best:
          RMSE             : Train 37774.3132, Val 38649.2365, Test 40577.6701
          R2_Score         : Train 0.9724, Val 0.9688, Test 0.9678
          MAE              : Train 17941.7922, Val 17494.5641, Test 17752.6217
Epoch 16: Loss:            : Train 0.0001, Val 0.0001, Test 0.0001
          RMSE             : Train 36546.7510, Val 40395.8086, Test 38534.3074
          R2_Score         : Train 0.9742, Val 0.9659, Test 0.9709
          MAE              : Train 17110.2357, Val 17279.7785, Test 17117.6364
Best:
          RMSE             : Train 37774.3132, Val 38649.2365, Test 40577.6701
          R2_Score         : Train 0.9724, Val 0.9688, Test 0.9678
          MAE              : Train 17941.7922, Val 17494.5641, Test 17752.6217
Epoch 17: Loss:            : Train 0.0001, Val 0.0001, Test 0.0001
          RMSE             : Train 36097.1911, Val 41808.2123, Test 40630.5861
          R2_Score         : Train 0.9748, Val 0.9635, Test 0.9677
          MAE              : Train 16925.9444, Val 19708.8380, Test 19800.4127
Best:
          RMSE             : Train 37774.3132, Val 38649.2365, Test 40577.6701
          R2_Score         : Train 0.9724, Val 0.9688, Test 0.9678
          MAE              : Train 17941.7922, Val 17494.5641, Test 17752.6217
Epoch 18: Loss:            : Train 0.0001, Val 0.0001, Test 0.0001
          RMSE             : Train 35457.1566, Val 39365.2891, Test 41727.6044
          R2_Score         : Train 0.9757, Val 0.9676, Test 0.9659
          MAE              : Train 16676.5922, Val 17262.2363, Test 17388.0166
Best:
          RMSE             : Train 37774.3132, Val 38649.2365, Test 40577.6701
          R2_Score         : Train 0.9724, Val 0.9688, Test 0.9678
          MAE              : Train 17941.7922, Val 17494.5641, Test 17752.6217
Epoch 19: Loss:            : Train 0.0001, Val 0.0001, Test 0.0001
          RMSE             : Train 35409.0450, Val 40635.5600, Test 39961.5104
          R2_Score         : Train 0.9757, Val 0.9655, Test 0.9687
          MAE              : Train 16457.0730, Val 17417.6989, Test 17510.6707
Best:
          RMSE             : Train 37774.3132, Val 38649.2365, Test 40577.6701
          R2_Score         : Train 0.9724, Val 0.9688, Test 0.9678
          MAE              : Train 17941.7922, Val 17494.5641, Test 17752.6217
Epoch 20: Loss:            : Train 0.0001, Val 0.0001, Test 0.0001
          RMSE             : Train 34862.3701, Val 41754.7040, Test 38688.2838
          R2_Score         : Train 0.9765, Val 0.9636, Test 0.9707
          MAE              : Train 16183.0692, Val 16843.0140, Test 16602.3186
Best:
          RMSE             : Train 37774.3132, Val 38649.2365, Test 40577.6701
          R2_Score         : Train 0.9724, Val 0.9688, Test 0.9678
          MAE              : Train 17941.7922, Val 17494.5641, Test 17752.6217
Epoch 21: Loss:            : Train 0.0001, Val 0.0001, Test 0.0001
          RMSE             : Train 34537.8083, Val 39500.8319, Test 39124.9548
          R2_Score         : Train 0.9769, Val 0.9674, Test 0.9700
          MAE              : Train 16065.1961, Val 16624.9047, Test 16849.1901
Best:
          RMSE             : Train 37774.3132, Val 38649.2365, Test 40577.6701
          R2_Score         : Train 0.9724, Val 0.9688, Test 0.9678
          MAE              : Train 17941.7922, Val 17494.5641, Test 17752.6217
Epoch 22: Loss:            : Train 0.0001, Val 0.0001, Test 0.0001
          RMSE             : Train 33888.2063, Val 38570.9567, Test 40657.6563
          R2_Score         : Train 0.9778, Val 0.9689, Test 0.9676
          MAE              : Train 15767.3530, Val 16447.7868, Test 16773.5920
Best:
          RMSE             : Train 33888.2063, Val 38570.9567, Test 40657.6563
          R2_Score         : Train 0.9778, Val 0.9689, Test 0.9676
          MAE              : Train 15767.3530, Val 16447.7868, Test 16773.5920
Epoch 23: Loss:            : Train 0.0001, Val 0.0001, Test 0.0001
          RMSE             : Train 33561.6495, Val 37743.4402, Test 38799.1126
          R2_Score         : Train 0.9782, Val 0.9702, Test 0.9705
          MAE              : Train 15572.7106, Val 16047.7000, Test 16240.9675
Best:
          RMSE             : Train 33561.6495, Val 37743.4402, Test 38799.1126
          R2_Score         : Train 0.9782, Val 0.9702, Test 0.9705
          MAE              : Train 15572.7106, Val 16047.7000, Test 16240.9675
Epoch 24: Loss:            : Train 0.0001, Val 0.0001, Test 0.0001
          RMSE             : Train 33545.9562, Val 38701.7970, Test 39038.2107
          R2_Score         : Train 0.9782, Val 0.9687, Test 0.9702
          MAE              : Train 15581.7573, Val 16502.0597, Test 16591.6355
Best:
          RMSE             : Train 33561.6495, Val 37743.4402, Test 38799.1126
          R2_Score         : Train 0.9782, Val 0.9702, Test 0.9705
          MAE              : Train 15572.7106, Val 16047.7000, Test 16240.9675
Epoch 25: Loss:            : Train 0.0001, Val 0.0001, Test 0.0001
          RMSE             : Train 33205.0289, Val 37871.8710, Test 38095.1760
          R2_Score         : Train 0.9787, Val 0.9700, Test 0.9716
          MAE              : Train 15208.6513, Val 15660.7876, Test 15823.3173
Best:
          RMSE             : Train 33561.6495, Val 37743.4402, Test 38799.1126
          R2_Score         : Train 0.9782, Val 0.9702, Test 0.9705
          MAE              : Train 15572.7106, Val 16047.7000, Test 16240.9675
Epoch 26: Loss:            : Train 0.0001, Val 0.0001, Test 0.0001
          RMSE             : Train 32530.7372, Val 40498.3070, Test 38391.8497
          R2_Score         : Train 0.9795, Val 0.9657, Test 0.9711
          MAE              : Train 15240.1211, Val 16371.6096, Test 16371.8811
Best:
          RMSE             : Train 33561.6495, Val 37743.4402, Test 38799.1126
          R2_Score         : Train 0.9782, Val 0.9702, Test 0.9705
          MAE              : Train 15572.7106, Val 16047.7000, Test 16240.9675
Epoch 27: Loss:            : Train 0.0001, Val 0.0001, Test 0.0001
          RMSE             : Train 32586.1517, Val 37693.2599, Test 38135.2296
          R2_Score         : Train 0.9795, Val 0.9703, Test 0.9715
          MAE              : Train 14944.7921, Val 15899.8752, Test 16053.7450
Best:
          RMSE             : Train 32586.1517, Val 37693.2599, Test 38135.2296
          R2_Score         : Train 0.9795, Val 0.9703, Test 0.9715
          MAE              : Train 14944.7921, Val 15899.8752, Test 16053.7450
Epoch 28: Loss:            : Train 0.0001, Val 0.0001, Test 0.0001
          RMSE             : Train 32315.2130, Val 39216.5646, Test 37868.6715
          R2_Score         : Train 0.9798, Val 0.9678, Test 0.9719
          MAE              : Train 14851.9551, Val 15890.5762, Test 15909.7216
Best:
          RMSE             : Train 32586.1517, Val 37693.2599, Test 38135.2296
          R2_Score         : Train 0.9795, Val 0.9703, Test 0.9715
          MAE              : Train 14944.7921, Val 15899.8752, Test 16053.7450
Epoch 29: Loss:            : Train 0.0001, Val 0.0001, Test 0.0001
          RMSE             : Train 32100.0885, Val 37780.4910, Test 37094.3477
          R2_Score         : Train 0.9801, Val 0.9702, Test 0.9731
          MAE              : Train 14789.6871, Val 15213.2725, Test 15220.4951
Best:
          RMSE             : Train 32586.1517, Val 37693.2599, Test 38135.2296
          R2_Score         : Train 0.9795, Val 0.9703, Test 0.9715
          MAE              : Train 14944.7921, Val 15899.8752, Test 16053.7450
Epoch 30: Loss:            : Train 0.0001, Val 0.0001, Test 0.0001
          RMSE             : Train 31972.8237, Val 38377.9696, Test 37277.0918
          R2_Score         : Train 0.9802, Val 0.9692, Test 0.9728
          MAE              : Train 14539.2189, Val 15588.9481, Test 15536.2968
Best:
          RMSE             : Train 32586.1517, Val 37693.2599, Test 38135.2296
          R2_Score         : Train 0.9795, Val 0.9703, Test 0.9715
          MAE              : Train 14944.7921, Val 15899.8752, Test 16053.7450
Epoch 31: Loss:            : Train 0.0001, Val 0.0001, Test 0.0001
          RMSE             : Train 31520.0611, Val 41002.1275, Test 37309.2331
          R2_Score         : Train 0.9808, Val 0.9649, Test 0.9727
          MAE              : Train 14462.2222, Val 15987.8216, Test 15908.4876
Best:
          RMSE             : Train 32586.1517, Val 37693.2599, Test 38135.2296
          R2_Score         : Train 0.9795, Val 0.9703, Test 0.9715
          MAE              : Train 14944.7921, Val 15899.8752, Test 16053.7450
Epoch 32: Loss:            : Train 0.0001, Val 0.0001, Test 0.0001
          RMSE             : Train 31241.0841, Val 38939.8114, Test 39745.8211
          R2_Score         : Train 0.9811, Val 0.9683, Test 0.9691
          MAE              : Train 14284.9758, Val 15790.8671, Test 15958.9914
Best:
          RMSE             : Train 32586.1517, Val 37693.2599, Test 38135.2296
          R2_Score         : Train 0.9795, Val 0.9703, Test 0.9715
          MAE              : Train 14944.7921, Val 15899.8752, Test 16053.7450
Epoch 33: Loss:            : Train 0.0001, Val 0.0001, Test 0.0001
          RMSE             : Train 31349.3546, Val 38143.3375, Test 38821.1708
          R2_Score         : Train 0.9810, Val 0.9696, Test 0.9705
          MAE              : Train 14283.0185, Val 15693.8649, Test 15886.0541
Best:
          RMSE             : Train 32586.1517, Val 37693.2599, Test 38135.2296
          R2_Score         : Train 0.9795, Val 0.9703, Test 0.9715
          MAE              : Train 14944.7921, Val 15899.8752, Test 16053.7450
Epoch 34: Loss:            : Train 0.0001, Val 0.0001, Test 0.0001
          RMSE             : Train 31005.7277, Val 39986.1501, Test 37352.1410
          R2_Score         : Train 0.9814, Val 0.9666, Test 0.9727
          MAE              : Train 14163.5026, Val 15274.0516, Test 15132.9108
Best:
          RMSE             : Train 32586.1517, Val 37693.2599, Test 38135.2296
          R2_Score         : Train 0.9795, Val 0.9703, Test 0.9715
          MAE              : Train 14944.7921, Val 15899.8752, Test 16053.7450
Epoch 35: Loss:            : Train 0.0001, Val 0.0001, Test 0.0001
          RMSE             : Train 30830.1869, Val 40833.6134, Test 36066.8432
          R2_Score         : Train 0.9816, Val 0.9651, Test 0.9745
          MAE              : Train 14100.8637, Val 15830.2605, Test 15466.3388
Best:
          RMSE             : Train 32586.1517, Val 37693.2599, Test 38135.2296
          R2_Score         : Train 0.9795, Val 0.9703, Test 0.9715
          MAE              : Train 14944.7921, Val 15899.8752, Test 16053.7450
Epoch 36: Loss:            : Train 0.0001, Val 0.0001, Test 0.0001
          RMSE             : Train 30860.9595, Val 38861.6470, Test 36720.9557
          R2_Score         : Train 0.9816, Val 0.9684, Test 0.9736
          MAE              : Train 14075.4684, Val 14926.8777, Test 14899.9282
Best:
          RMSE             : Train 32586.1517, Val 37693.2599, Test 38135.2296
          R2_Score         : Train 0.9795, Val 0.9703, Test 0.9715
          MAE              : Train 14944.7921, Val 15899.8752, Test 16053.7450
Epoch 37: Loss:            : Train 0.0001, Val 0.0001, Test 0.0001
          RMSE             : Train 30457.7477, Val 39568.6153, Test 37214.4216
          R2_Score         : Train 0.9820, Val 0.9673, Test 0.9729
          MAE              : Train 13978.9386, Val 15992.8530, Test 15931.2602
Best:
          RMSE             : Train 32586.1517, Val 37693.2599, Test 38135.2296
          R2_Score         : Train 0.9795, Val 0.9703, Test 0.9715
          MAE              : Train 14944.7921, Val 15899.8752, Test 16053.7450
Epoch 38: Loss:            : Train 0.0001, Val 0.0001, Test 0.0001
          RMSE             : Train 30486.2096, Val 39054.9056, Test 36368.9133
          R2_Score         : Train 0.9820, Val 0.9681, Test 0.9741
          MAE              : Train 13918.5340, Val 15105.2565, Test 15113.8377
Best:
          RMSE             : Train 32586.1517, Val 37693.2599, Test 38135.2296
          R2_Score         : Train 0.9795, Val 0.9703, Test 0.9715
          MAE              : Train 14944.7921, Val 15899.8752, Test 16053.7450
Epoch 39: Loss:            : Train 0.0001, Val 0.0001, Test 0.0001
          RMSE             : Train 30294.8564, Val 38975.7881, Test 37587.9826
          R2_Score         : Train 0.9822, Val 0.9682, Test 0.9723
          MAE              : Train 13815.3841, Val 14734.8414, Test 14914.5030
Best:
          RMSE             : Train 32586.1517, Val 37693.2599, Test 38135.2296
          R2_Score         : Train 0.9795, Val 0.9703, Test 0.9715
          MAE              : Train 14944.7921, Val 15899.8752, Test 16053.7450
Epoch 40: Loss:            : Train 0.0001, Val 0.0001, Test 0.0001
          RMSE             : Train 30173.9705, Val 36459.2736, Test 38255.3457
          R2_Score         : Train 0.9824, Val 0.9722, Test 0.9713
          MAE              : Train 13704.8477, Val 15198.7192, Test 15564.5778
Best:
          RMSE             : Train 30173.9705, Val 36459.2736, Test 38255.3457
          R2_Score         : Train 0.9824, Val 0.9722, Test 0.9713
          MAE              : Train 13704.8477, Val 15198.7192, Test 15564.5778
Epoch 41: Loss:            : Train 0.0001, Val 0.0001, Test 0.0001
          RMSE             : Train 29804.9129, Val 40728.3355, Test 36814.2278
          R2_Score         : Train 0.9828, Val 0.9653, Test 0.9735
          MAE              : Train 13743.8244, Val 15637.0254, Test 15546.3968
Best:
          RMSE             : Train 30173.9705, Val 36459.2736, Test 38255.3457
          R2_Score         : Train 0.9824, Val 0.9722, Test 0.9713
          MAE              : Train 13704.8477, Val 15198.7192, Test 15564.5778
Epoch 42: Loss:            : Train 0.0001, Val 0.0001, Test 0.0001
          RMSE             : Train 29721.2237, Val 39102.2892, Test 36153.9965
          R2_Score         : Train 0.9829, Val 0.9680, Test 0.9744
          MAE              : Train 13589.9758, Val 14770.5408, Test 14736.9241
Best:
          RMSE             : Train 30173.9705, Val 36459.2736, Test 38255.3457
          R2_Score         : Train 0.9824, Val 0.9722, Test 0.9713
          MAE              : Train 13704.8477, Val 15198.7192, Test 15564.5778
Epoch 43: Loss:            : Train 0.0001, Val 0.0001, Test 0.0001
          RMSE             : Train 29743.0489, Val 38756.6029, Test 37033.0436
          R2_Score         : Train 0.9829, Val 0.9686, Test 0.9731
          MAE              : Train 13513.8155, Val 16020.1885, Test 16027.0140
Best:
          RMSE             : Train 30173.9705, Val 36459.2736, Test 38255.3457
          R2_Score         : Train 0.9824, Val 0.9722, Test 0.9713
          MAE              : Train 13704.8477, Val 15198.7192, Test 15564.5778
Epoch 44: Loss:            : Train 0.0001, Val 0.0001, Test 0.0001
          RMSE             : Train 29250.5654, Val 38997.7414, Test 37450.2445
          R2_Score         : Train 0.9834, Val 0.9682, Test 0.9725
          MAE              : Train 13464.1817, Val 14984.3083, Test 15138.4240
Best:
          RMSE             : Train 30173.9705, Val 36459.2736, Test 38255.3457
          R2_Score         : Train 0.9824, Val 0.9722, Test 0.9713
          MAE              : Train 13704.8477, Val 15198.7192, Test 15564.5778
Epoch 45: Loss:            : Train 0.0001, Val 0.0001, Test 0.0001
          RMSE             : Train 29465.5587, Val 38666.6144, Test 37193.5350
          R2_Score         : Train 0.9832, Val 0.9687, Test 0.9729
          MAE              : Train 13513.3651, Val 14937.3968, Test 15054.7168
Best:
          RMSE             : Train 30173.9705, Val 36459.2736, Test 38255.3457
          R2_Score         : Train 0.9824, Val 0.9722, Test 0.9713
          MAE              : Train 13704.8477, Val 15198.7192, Test 15564.5778
Epoch 46: Loss:            : Train 0.0001, Val 0.0001, Test 0.0001
          RMSE             : Train 29437.3251, Val 36918.3650, Test 36002.8026
          R2_Score         : Train 0.9832, Val 0.9715, Test 0.9746
          MAE              : Train 13478.9334, Val 14153.1718, Test 14238.0839
Best:
          RMSE             : Train 30173.9705, Val 36459.2736, Test 38255.3457
          R2_Score         : Train 0.9824, Val 0.9722, Test 0.9713
          MAE              : Train 13704.8477, Val 15198.7192, Test 15564.5778
Epoch 47: Loss:            : Train 0.0001, Val 0.0001, Test 0.0001
          RMSE             : Train 28926.5042, Val 40031.7598, Test 37693.9820
          R2_Score         : Train 0.9838, Val 0.9665, Test 0.9722
          MAE              : Train 13354.2608, Val 16148.0649, Test 15961.6615
Best:
          RMSE             : Train 30173.9705, Val 36459.2736, Test 38255.3457
          R2_Score         : Train 0.9824, Val 0.9722, Test 0.9713
          MAE              : Train 13704.8477, Val 15198.7192, Test 15564.5778
Epoch 48: Loss:            : Train 0.0001, Val 0.0001, Test 0.0001
          RMSE             : Train 29297.4505, Val 37542.4811, Test 38513.5883
          R2_Score         : Train 0.9834, Val 0.9705, Test 0.9710
          MAE              : Train 13353.3186, Val 14657.5708, Test 14889.5424
Best:
          RMSE             : Train 30173.9705, Val 36459.2736, Test 38255.3457
          R2_Score         : Train 0.9824, Val 0.9722, Test 0.9713
          MAE              : Train 13704.8477, Val 15198.7192, Test 15564.5778
Epoch 49: Loss:            : Train 0.0001, Val 0.0001, Test 0.0001
          RMSE             : Train 29107.5066, Val 35914.2863, Test 36912.8424
          R2_Score         : Train 0.9836, Val 0.9730, Test 0.9733
          MAE              : Train 13329.1658, Val 14570.2219, Test 14729.4559
Best:
          RMSE             : Train 29107.5066, Val 35914.2863, Test 36912.8424
          R2_Score         : Train 0.9836, Val 0.9730, Test 0.9733
          MAE              : Train 13329.1658, Val 14570.2219, Test 14729.4559
Epoch 50: Loss:            : Train 0.0001, Val 0.0001, Test 0.0001
          RMSE             : Train 28785.5134, Val 38392.9114, Test 35886.7343
          R2_Score         : Train 0.9840, Val 0.9692, Test 0.9748
          MAE              : Train 13259.0046, Val 14655.7324, Test 14606.4873
Best:
          RMSE             : Train 29107.5066, Val 35914.2863, Test 36912.8424
          R2_Score         : Train 0.9836, Val 0.9730, Test 0.9733
          MAE              : Train 13329.1658, Val 14570.2219, Test 14729.4559
Epoch 51: Loss:            : Train 0.0001, Val 0.0001, Test 0.0001
          RMSE             : Train 28524.5080, Val 38147.8467, Test 36588.0204
          R2_Score         : Train 0.9843, Val 0.9696, Test 0.9738
          MAE              : Train 13196.1184, Val 14465.0188, Test 14469.0818
Best:
          RMSE             : Train 29107.5066, Val 35914.2863, Test 36912.8424
          R2_Score         : Train 0.9836, Val 0.9730, Test 0.9733
          MAE              : Train 13329.1658, Val 14570.2219, Test 14729.4559
Epoch 52: Loss:            : Train 0.0001, Val 0.0001, Test 0.0001
          RMSE             : Train 28668.0892, Val 38479.6741, Test 37533.3812
          R2_Score         : Train 0.9841, Val 0.9690, Test 0.9724
          MAE              : Train 13082.5271, Val 15049.6939, Test 15122.7687
Best:
          RMSE             : Train 29107.5066, Val 35914.2863, Test 36912.8424
          R2_Score         : Train 0.9836, Val 0.9730, Test 0.9733
          MAE              : Train 13329.1658, Val 14570.2219, Test 14729.4559
Epoch 53: Loss:            : Train 0.0001, Val 0.0001, Test 0.0001
          RMSE             : Train 28627.9850, Val 35968.5179, Test 36478.0948
          R2_Score         : Train 0.9841, Val 0.9730, Test 0.9739
          MAE              : Train 13194.6890, Val 14225.9000, Test 14269.5959
Best:
          RMSE             : Train 29107.5066, Val 35914.2863, Test 36912.8424
          R2_Score         : Train 0.9836, Val 0.9730, Test 0.9733
          MAE              : Train 13329.1658, Val 14570.2219, Test 14729.4559
Epoch 54: Loss:            : Train 0.0001, Val 0.0001, Test 0.0001
          RMSE             : Train 28393.5050, Val 37397.7023, Test 36053.4397
          R2_Score         : Train 0.9844, Val 0.9708, Test 0.9745
          MAE              : Train 13051.1967, Val 14395.3786, Test 14265.8073
Best:
          RMSE             : Train 29107.5066, Val 35914.2863, Test 36912.8424
          R2_Score         : Train 0.9836, Val 0.9730, Test 0.9733
          MAE              : Train 13329.1658, Val 14570.2219, Test 14729.4559
Epoch 55: Loss:            : Train 0.0001, Val 0.0001, Test 0.0001
          RMSE             : Train 28465.1109, Val 37333.4516, Test 37731.3150
          R2_Score         : Train 0.9843, Val 0.9709, Test 0.9721
          MAE              : Train 12935.2486, Val 14280.3787, Test 14543.0008
Best:
          RMSE             : Train 29107.5066, Val 35914.2863, Test 36912.8424
          R2_Score         : Train 0.9836, Val 0.9730, Test 0.9733
          MAE              : Train 13329.1658, Val 14570.2219, Test 14729.4559
Epoch 56: Loss:            : Train 0.0001, Val 0.0001, Test 0.0001
          RMSE             : Train 28339.8892, Val 38649.3505, Test 36210.8133
          R2_Score         : Train 0.9845, Val 0.9688, Test 0.9743
          MAE              : Train 12935.1458, Val 14940.3294, Test 14725.5450
Best:
          RMSE             : Train 29107.5066, Val 35914.2863, Test 36912.8424
          R2_Score         : Train 0.9836, Val 0.9730, Test 0.9733
          MAE              : Train 13329.1658, Val 14570.2219, Test 14729.4559
Epoch 57: Loss:            : Train 0.0001, Val 0.0001, Test 0.0001
          RMSE             : Train 28250.2090, Val 36420.8421, Test 36517.8168
          R2_Score         : Train 0.9846, Val 0.9723, Test 0.9739
          MAE              : Train 12928.9902, Val 14133.8494, Test 14310.3862
Best:
          RMSE             : Train 29107.5066, Val 35914.2863, Test 36912.8424
          R2_Score         : Train 0.9836, Val 0.9730, Test 0.9733
          MAE              : Train 13329.1658, Val 14570.2219, Test 14729.4559
Epoch 58: Loss:            : Train 0.0001, Val 0.0001, Test 0.0001
          RMSE             : Train 28039.2824, Val 36835.4229, Test 38485.2316
          R2_Score         : Train 0.9848, Val 0.9716, Test 0.9710
          MAE              : Train 12875.7232, Val 15116.5504, Test 15552.1912
Best:
          RMSE             : Train 29107.5066, Val 35914.2863, Test 36912.8424
          R2_Score         : Train 0.9836, Val 0.9730, Test 0.9733
          MAE              : Train 13329.1658, Val 14570.2219, Test 14729.4559
Epoch 59: Loss:            : Train 0.0001, Val 0.0001, Test 0.0001
          RMSE             : Train 28353.8485, Val 37076.9506, Test 36781.2762
          R2_Score         : Train 0.9844, Val 0.9713, Test 0.9735
          MAE              : Train 12915.1568, Val 14363.4843, Test 14447.2176
Best:
          RMSE             : Train 29107.5066, Val 35914.2863, Test 36912.8424
          R2_Score         : Train 0.9836, Val 0.9730, Test 0.9733
          MAE              : Train 13329.1658, Val 14570.2219, Test 14729.4559
Epoch 60: Loss:            : Train 0.0001, Val 0.0001, Test 0.0001
          RMSE             : Train 27842.9695, Val 36570.4313, Test 37500.2471
          R2_Score         : Train 0.9850, Val 0.9720, Test 0.9725
          MAE              : Train 12784.9931, Val 14680.8788, Test 14757.0719
Best:
          RMSE             : Train 29107.5066, Val 35914.2863, Test 36912.8424
          R2_Score         : Train 0.9836, Val 0.9730, Test 0.9733
          MAE              : Train 13329.1658, Val 14570.2219, Test 14729.4559
Epoch 61: Loss:            : Train 0.0001, Val 0.0001, Test 0.0001
          RMSE             : Train 27563.1756, Val 37228.0367, Test 37142.1733
          R2_Score         : Train 0.9853, Val 0.9710, Test 0.9730
          MAE              : Train 12539.7502, Val 14227.7558, Test 14342.9650
Best:
          RMSE             : Train 29107.5066, Val 35914.2863, Test 36912.8424
          R2_Score         : Train 0.9836, Val 0.9730, Test 0.9733
          MAE              : Train 13329.1658, Val 14570.2219, Test 14729.4559
Epoch 62: Loss:            : Train 0.0001, Val 0.0001, Test 0.0001
          RMSE             : Train 27748.7059, Val 37063.7914, Test 36743.2027
          R2_Score         : Train 0.9851, Val 0.9713, Test 0.9736
          MAE              : Train 12689.3815, Val 14359.3431, Test 14431.7527
Best:
          RMSE             : Train 29107.5066, Val 35914.2863, Test 36912.8424
          R2_Score         : Train 0.9836, Val 0.9730, Test 0.9733
          MAE              : Train 13329.1658, Val 14570.2219, Test 14729.4559
Epoch 63: Loss:            : Train 0.0001, Val 0.0001, Test 0.0001
          RMSE             : Train 27633.4011, Val 35021.5566, Test 37607.4288
          R2_Score         : Train 0.9852, Val 0.9744, Test 0.9723
          MAE              : Train 12751.4144, Val 13794.2808, Test 14044.0734
Best:
          RMSE             : Train 27633.4011, Val 35021.5566, Test 37607.4288
          R2_Score         : Train 0.9852, Val 0.9744, Test 0.9723
          MAE              : Train 12751.4144, Val 13794.2808, Test 14044.0734
Epoch 64: Loss:            : Train 0.0001, Val 0.0001, Test 0.0001
          RMSE             : Train 27324.9967, Val 36414.5251, Test 36888.0196
          R2_Score         : Train 0.9856, Val 0.9723, Test 0.9734
          MAE              : Train 12469.4254, Val 13995.8929, Test 14072.3736
Best:
          RMSE             : Train 27633.4011, Val 35021.5566, Test 37607.4288
          R2_Score         : Train 0.9852, Val 0.9744, Test 0.9723
          MAE              : Train 12751.4144, Val 13794.2808, Test 14044.0734
Epoch 65: Loss:            : Train 0.0001, Val 0.0001, Test 0.0001
          RMSE             : Train 27262.6041, Val 38107.3189, Test 37020.0748
          R2_Score         : Train 0.9856, Val 0.9696, Test 0.9732
          MAE              : Train 12477.7902, Val 15267.2377, Test 15157.8153
Best:
          RMSE             : Train 27633.4011, Val 35021.5566, Test 37607.4288
          R2_Score         : Train 0.9852, Val 0.9744, Test 0.9723
          MAE              : Train 12751.4144, Val 13794.2808, Test 14044.0734
Epoch 66: Loss:            : Train 0.0001, Val 0.0001, Test 0.0001
          RMSE             : Train 27340.6565, Val 37739.0576, Test 36076.6837
          R2_Score         : Train 0.9855, Val 0.9702, Test 0.9745
          MAE              : Train 12552.5871, Val 14112.5277, Test 14058.8991
Best:
          RMSE             : Train 27633.4011, Val 35021.5566, Test 37607.4288
          R2_Score         : Train 0.9852, Val 0.9744, Test 0.9723
          MAE              : Train 12751.4144, Val 13794.2808, Test 14044.0734
Epoch 67: Loss:            : Train 0.0001, Val 0.0001, Test 0.0001
          RMSE             : Train 27254.0903, Val 36478.6344, Test 36166.1694
          R2_Score         : Train 0.9856, Val 0.9722, Test 0.9744
          MAE              : Train 12520.8828, Val 13965.5989, Test 13892.0679
Best:
          RMSE             : Train 27633.4011, Val 35021.5566, Test 37607.4288
          R2_Score         : Train 0.9852, Val 0.9744, Test 0.9723
          MAE              : Train 12751.4144, Val 13794.2808, Test 14044.0734
Epoch 68: Loss:            : Train 0.0001, Val 0.0001, Test 0.0001
          RMSE             : Train 27104.7728, Val 40206.1165, Test 36744.3018
          R2_Score         : Train 0.9858, Val 0.9662, Test 0.9736
          MAE              : Train 12376.1601, Val 14893.6492, Test 14781.4830
Best:
          RMSE             : Train 27633.4011, Val 35021.5566, Test 37607.4288
          R2_Score         : Train 0.9852, Val 0.9744, Test 0.9723
          MAE              : Train 12751.4144, Val 13794.2808, Test 14044.0734
Epoch 69: Loss:            : Train 0.0001, Val 0.0001, Test 0.0001
          RMSE             : Train 26747.9577, Val 39233.7951, Test 34922.8203
          R2_Score         : Train 0.9862, Val 0.9678, Test 0.9761
          MAE              : Train 12339.8394, Val 13856.5556, Test 13617.5808
Best:
          RMSE             : Train 27633.4011, Val 35021.5566, Test 37607.4288
          R2_Score         : Train 0.9852, Val 0.9744, Test 0.9723
          MAE              : Train 12751.4144, Val 13794.2808, Test 14044.0734
Epoch 70: Loss:            : Train 0.0001, Val 0.0001, Test 0.0001
          RMSE             : Train 26935.6346, Val 38036.6429, Test 36924.7480
          R2_Score         : Train 0.9860, Val 0.9698, Test 0.9733
          MAE              : Train 12370.8639, Val 13774.6948, Test 13938.0432
Best:
          RMSE             : Train 27633.4011, Val 35021.5566, Test 37607.4288
          R2_Score         : Train 0.9852, Val 0.9744, Test 0.9723
          MAE              : Train 12751.4144, Val 13794.2808, Test 14044.0734
Epoch 71: Loss:            : Train 0.0001, Val 0.0001, Test 0.0001
          RMSE             : Train 26801.0471, Val 35221.6555, Test 36119.9327
          R2_Score         : Train 0.9861, Val 0.9741, Test 0.9745
          MAE              : Train 12379.8216, Val 13523.6219, Test 13572.2704
Best:
          RMSE             : Train 27633.4011, Val 35021.5566, Test 37607.4288
          R2_Score         : Train 0.9852, Val 0.9744, Test 0.9723
          MAE              : Train 12751.4144, Val 13794.2808, Test 14044.0734
Epoch 72: Loss:            : Train 0.0001, Val 0.0001, Test 0.0001
          RMSE             : Train 26569.3747, Val 36243.7424, Test 36616.7987
          R2_Score         : Train 0.9863, Val 0.9725, Test 0.9737
          MAE              : Train 12373.5652, Val 14001.6498, Test 14240.7610
Best:
          RMSE             : Train 27633.4011, Val 35021.5566, Test 37607.4288
          R2_Score         : Train 0.9852, Val 0.9744, Test 0.9723
          MAE              : Train 12751.4144, Val 13794.2808, Test 14044.0734
Epoch 73: Loss:            : Train 0.0001, Val 0.0001, Test 0.0001
          RMSE             : Train 26519.7962, Val 36710.8573, Test 37304.7041
          R2_Score         : Train 0.9864, Val 0.9718, Test 0.9727
          MAE              : Train 12053.7996, Val 14006.4382, Test 14071.6887
Best:
          RMSE             : Train 27633.4011, Val 35021.5566, Test 37607.4288
          R2_Score         : Train 0.9852, Val 0.9744, Test 0.9723
          MAE              : Train 12751.4144, Val 13794.2808, Test 14044.0734
Epoch 74: Loss:            : Train 0.0001, Val 0.0001, Test 0.0001
          RMSE             : Train 26528.7074, Val 37217.0350, Test 37117.9985
          R2_Score         : Train 0.9864, Val 0.9710, Test 0.9730
          MAE              : Train 12032.1145, Val 14007.6763, Test 13854.5907
Best:
          RMSE             : Train 27633.4011, Val 35021.5566, Test 37607.4288
          R2_Score         : Train 0.9852, Val 0.9744, Test 0.9723
          MAE              : Train 12751.4144, Val 13794.2808, Test 14044.0734
Epoch 75: Loss:            : Train 0.0001, Val 0.0001, Test 0.0001
          RMSE             : Train 26336.9467, Val 38352.7444, Test 36822.8703
          R2_Score         : Train 0.9866, Val 0.9692, Test 0.9734
          MAE              : Train 12094.0041, Val 14344.5235, Test 14269.3882
Best:
          RMSE             : Train 27633.4011, Val 35021.5566, Test 37607.4288
          R2_Score         : Train 0.9852, Val 0.9744, Test 0.9723
          MAE              : Train 12751.4144, Val 13794.2808, Test 14044.0734
Epoch 76: Loss:            : Train 0.0001, Val 0.0001, Test 0.0001
          RMSE             : Train 26322.3282, Val 35858.8474, Test 36404.9560
          R2_Score         : Train 0.9866, Val 0.9731, Test 0.9740
          MAE              : Train 12210.7529, Val 13903.6206, Test 13840.9136
Best:
          RMSE             : Train 27633.4011, Val 35021.5566, Test 37607.4288
          R2_Score         : Train 0.9852, Val 0.9744, Test 0.9723
          MAE              : Train 12751.4144, Val 13794.2808, Test 14044.0734
Epoch 77: Loss:            : Train 0.0001, Val 0.0001, Test 0.0001
          RMSE             : Train 26059.3648, Val 37368.3311, Test 36028.0236
          R2_Score         : Train 0.9869, Val 0.9708, Test 0.9746
          MAE              : Train 12015.0799, Val 13699.2561, Test 13609.4968
Best:
          RMSE             : Train 27633.4011, Val 35021.5566, Test 37607.4288
          R2_Score         : Train 0.9852, Val 0.9744, Test 0.9723
          MAE              : Train 12751.4144, Val 13794.2808, Test 14044.0734
Epoch 78: Loss:            : Train 0.0001, Val 0.0001, Test 0.0001
          RMSE             : Train 26184.9369, Val 37727.6402, Test 35517.7352
          R2_Score         : Train 0.9867, Val 0.9702, Test 0.9753
          MAE              : Train 12046.0474, Val 13618.8202, Test 13639.0994
Best:
          RMSE             : Train 27633.4011, Val 35021.5566, Test 37607.4288
          R2_Score         : Train 0.9852, Val 0.9744, Test 0.9723
          MAE              : Train 12751.4144, Val 13794.2808, Test 14044.0734
Epoch 79: Loss:            : Train 0.0001, Val 0.0001, Test 0.0001
          RMSE             : Train 26124.6786, Val 37650.6584, Test 38151.7089
          R2_Score         : Train 0.9868, Val 0.9704, Test 0.9715
          MAE              : Train 12218.0488, Val 15584.0047, Test 15732.5041
Best:
          RMSE             : Train 27633.4011, Val 35021.5566, Test 37607.4288
          R2_Score         : Train 0.9852, Val 0.9744, Test 0.9723
          MAE              : Train 12751.4144, Val 13794.2808, Test 14044.0734
Epoch 80: Loss:            : Train 0.0000, Val 0.0001, Test 0.0001
          RMSE             : Train 25974.7950, Val 38608.8565, Test 36383.6599
          R2_Score         : Train 0.9869, Val 0.9688, Test 0.9741
          MAE              : Train 12004.6509, Val 13830.8793, Test 13834.6322
Best:
          RMSE             : Train 27633.4011, Val 35021.5566, Test 37607.4288
          R2_Score         : Train 0.9852, Val 0.9744, Test 0.9723
          MAE              : Train 12751.4144, Val 13794.2808, Test 14044.0734
Epoch 81: Loss:            : Train 0.0000, Val 0.0001, Test 0.0001
          RMSE             : Train 25633.4710, Val 36720.1870, Test 38398.9853
          R2_Score         : Train 0.9873, Val 0.9718, Test 0.9711
          MAE              : Train 11839.5934, Val 14820.6376, Test 14929.5580
Best:
          RMSE             : Train 27633.4011, Val 35021.5566, Test 37607.4288
          R2_Score         : Train 0.9852, Val 0.9744, Test 0.9723
          MAE              : Train 12751.4144, Val 13794.2808, Test 14044.0734
Epoch 82: Loss:            : Train 0.0000, Val 0.0001, Test 0.0001
          RMSE             : Train 25940.9676, Val 35837.9623, Test 36376.6975
          R2_Score         : Train 0.9870, Val 0.9731, Test 0.9741
          MAE              : Train 11947.2876, Val 13394.7854, Test 13558.9563
Best:
          RMSE             : Train 27633.4011, Val 35021.5566, Test 37607.4288
          R2_Score         : Train 0.9852, Val 0.9744, Test 0.9723
          MAE              : Train 12751.4144, Val 13794.2808, Test 14044.0734
Epoch 83: Loss:            : Train 0.0000, Val 0.0001, Test 0.0001
          RMSE             : Train 25653.2685, Val 39183.6066, Test 36847.0344
          R2_Score         : Train 0.9873, Val 0.9679, Test 0.9734
          MAE              : Train 11887.5612, Val 14135.8981, Test 14059.7017
Best:
          RMSE             : Train 27633.4011, Val 35021.5566, Test 37607.4288
          R2_Score         : Train 0.9852, Val 0.9744, Test 0.9723
          MAE              : Train 12751.4144, Val 13794.2808, Test 14044.0734
Epoch 84: Loss:            : Train 0.0000, Val 0.0001, Test 0.0001
          RMSE             : Train 25634.0918, Val 37007.4924, Test 37043.5068
          R2_Score         : Train 0.9873, Val 0.9714, Test 0.9731
          MAE              : Train 11906.8576, Val 13479.0517, Test 13690.6296
Best:
          RMSE             : Train 27633.4011, Val 35021.5566, Test 37607.4288
          R2_Score         : Train 0.9852, Val 0.9744, Test 0.9723
          MAE              : Train 12751.4144, Val 13794.2808, Test 14044.0734
Epoch 85: Loss:            : Train 0.0000, Val 0.0001, Test 0.0001
          RMSE             : Train 25545.7121, Val 38975.6630, Test 36149.8390
          R2_Score         : Train 0.9874, Val 0.9682, Test 0.9744
          MAE              : Train 11839.5381, Val 13490.0977, Test 13480.0016
Best:
          RMSE             : Train 27633.4011, Val 35021.5566, Test 37607.4288
          R2_Score         : Train 0.9852, Val 0.9744, Test 0.9723
          MAE              : Train 12751.4144, Val 13794.2808, Test 14044.0734
Epoch 86: Loss:            : Train 0.0000, Val 0.0001, Test 0.0001
          RMSE             : Train 25582.0386, Val 38520.5972, Test 35715.5682
          R2_Score         : Train 0.9873, Val 0.9690, Test 0.9750
          MAE              : Train 11880.5620, Val 14017.1689, Test 13832.5938
Best:
          RMSE             : Train 27633.4011, Val 35021.5566, Test 37607.4288
          R2_Score         : Train 0.9852, Val 0.9744, Test 0.9723
          MAE              : Train 12751.4144, Val 13794.2808, Test 14044.0734
Epoch 87: Loss:            : Train 0.0000, Val 0.0001, Test 0.0001
          RMSE             : Train 25482.8571, Val 37638.6078, Test 37323.1752
          R2_Score         : Train 0.9874, Val 0.9704, Test 0.9727
          MAE              : Train 11865.6727, Val 14133.7825, Test 14185.5569
Best:
          RMSE             : Train 27633.4011, Val 35021.5566, Test 37607.4288
          R2_Score         : Train 0.9852, Val 0.9744, Test 0.9723
          MAE              : Train 12751.4144, Val 13794.2808, Test 14044.0734
Epoch 88: Loss:            : Train 0.0000, Val 0.0001, Test 0.0001
          RMSE             : Train 25368.0639, Val 37305.2508, Test 37130.7888
          R2_Score         : Train 0.9875, Val 0.9709, Test 0.9730
          MAE              : Train 11773.7578, Val 13667.1981, Test 13907.1221
Best:
          RMSE             : Train 27633.4011, Val 35021.5566, Test 37607.4288
          R2_Score         : Train 0.9852, Val 0.9744, Test 0.9723
          MAE              : Train 12751.4144, Val 13794.2808, Test 14044.0734
Epoch 89: Loss:            : Train 0.0000, Val 0.0001, Test 0.0001
          RMSE             : Train 25359.9307, Val 37224.1925, Test 36247.9553
          R2_Score         : Train 0.9876, Val 0.9710, Test 0.9743
          MAE              : Train 11673.1679, Val 14447.3752, Test 14614.4352
Best:
          RMSE             : Train 27633.4011, Val 35021.5566, Test 37607.4288
          R2_Score         : Train 0.9852, Val 0.9744, Test 0.9723
          MAE              : Train 12751.4144, Val 13794.2808, Test 14044.0734
Epoch 90: Loss:            : Train 0.0000, Val 0.0001, Test 0.0001
          RMSE             : Train 25241.7029, Val 37716.4293, Test 35838.1818
          R2_Score         : Train 0.9877, Val 0.9703, Test 0.9748
          MAE              : Train 11792.8956, Val 13740.1262, Test 13813.1234
Best:
          RMSE             : Train 27633.4011, Val 35021.5566, Test 37607.4288
          R2_Score         : Train 0.9852, Val 0.9744, Test 0.9723
          MAE              : Train 12751.4144, Val 13794.2808, Test 14044.0734
Epoch 91: Loss:            : Train 0.0000, Val 0.0001, Test 0.0001
          RMSE             : Train 25241.6591, Val 35362.8146, Test 36257.9799
          R2_Score         : Train 0.9877, Val 0.9739, Test 0.9743
          MAE              : Train 11694.3469, Val 13858.3497, Test 14053.1351
Best:
          RMSE             : Train 27633.4011, Val 35021.5566, Test 37607.4288
          R2_Score         : Train 0.9852, Val 0.9744, Test 0.9723
          MAE              : Train 12751.4144, Val 13794.2808, Test 14044.0734
Epoch 92: Loss:            : Train 0.0000, Val 0.0001, Test 0.0001
          RMSE             : Train 25018.0288, Val 37569.4153, Test 37079.2760
          R2_Score         : Train 0.9879, Val 0.9705, Test 0.9731
          MAE              : Train 11573.2985, Val 14215.2377, Test 14366.6937
Best:
          RMSE             : Train 27633.4011, Val 35021.5566, Test 37607.4288
          R2_Score         : Train 0.9852, Val 0.9744, Test 0.9723
          MAE              : Train 12751.4144, Val 13794.2808, Test 14044.0734
Epoch 93: Loss:            : Train 0.0000, Val 0.0001, Test 0.0001
          RMSE             : Train 24940.2541, Val 36122.1993, Test 36095.4753
          R2_Score         : Train 0.9880, Val 0.9727, Test 0.9745
          MAE              : Train 11577.2543, Val 13573.2360, Test 13627.3851
Best:
          RMSE             : Train 27633.4011, Val 35021.5566, Test 37607.4288
          R2_Score         : Train 0.9852, Val 0.9744, Test 0.9723
          MAE              : Train 12751.4144, Val 13794.2808, Test 14044.0734
Epoch 94: Loss:            : Train 0.0000, Val 0.0001, Test 0.0001
          RMSE             : Train 25200.4728, Val 34742.7887, Test 37232.9033
          R2_Score         : Train 0.9877, Val 0.9748, Test 0.9729
          MAE              : Train 11687.7464, Val 13405.6885, Test 13789.4228
Best:
          RMSE             : Train 25200.4728, Val 34742.7887, Test 37232.9033
          R2_Score         : Train 0.9877, Val 0.9748, Test 0.9729
          MAE              : Train 11687.7464, Val 13405.6885, Test 13789.4228
Epoch 95: Loss:            : Train 0.0000, Val 0.0001, Test 0.0001
          RMSE             : Train 25112.2298, Val 37268.4522, Test 36813.7304
          R2_Score         : Train 0.9878, Val 0.9710, Test 0.9735
          MAE              : Train 11751.7762, Val 13499.8068, Test 13763.2088
Best:
          RMSE             : Train 25200.4728, Val 34742.7887, Test 37232.9033
          R2_Score         : Train 0.9877, Val 0.9748, Test 0.9729
          MAE              : Train 11687.7464, Val 13405.6885, Test 13789.4228
Epoch 96: Loss:            : Train 0.0000, Val 0.0001, Test 0.0001
          RMSE             : Train 24967.9843, Val 37186.6324, Test 35561.7788
          R2_Score         : Train 0.9879, Val 0.9711, Test 0.9752
          MAE              : Train 11569.0496, Val 13123.0022, Test 13233.2821
Best:
          RMSE             : Train 25200.4728, Val 34742.7887, Test 37232.9033
          R2_Score         : Train 0.9877, Val 0.9748, Test 0.9729
          MAE              : Train 11687.7464, Val 13405.6885, Test 13789.4228
Epoch 97: Loss:            : Train 0.0000, Val 0.0001, Test 0.0001
          RMSE             : Train 24716.0464, Val 38699.5273, Test 34978.2340
          R2_Score         : Train 0.9882, Val 0.9687, Test 0.9760
          MAE              : Train 11610.8086, Val 13581.9554, Test 13454.5426
Best:
          RMSE             : Train 25200.4728, Val 34742.7887, Test 37232.9033
          R2_Score         : Train 0.9877, Val 0.9748, Test 0.9729
          MAE              : Train 11687.7464, Val 13405.6885, Test 13789.4228
Epoch 98: Loss:            : Train 0.0000, Val 0.0001, Test 0.0001
          RMSE             : Train 24755.2719, Val 38336.8014, Test 36181.5704
          R2_Score         : Train 0.9881, Val 0.9693, Test 0.9744
          MAE              : Train 11570.7054, Val 13215.2952, Test 13397.4822
Best:
          RMSE             : Train 25200.4728, Val 34742.7887, Test 37232.9033
          R2_Score         : Train 0.9877, Val 0.9748, Test 0.9729
          MAE              : Train 11687.7464, Val 13405.6885, Test 13789.4228
Epoch 99: Loss:            : Train 0.0000, Val 0.0001, Test 0.0001
          RMSE             : Train 24707.4369, Val 37056.5595, Test 36021.8039
          R2_Score         : Train 0.9882, Val 0.9713, Test 0.9746
          MAE              : Train 11400.4917, Val 13044.3691, Test 13235.9430
Best:
          RMSE             : Train 25200.4728, Val 34742.7887, Test 37232.9033
          R2_Score         : Train 0.9877, Val 0.9748, Test 0.9729
          MAE              : Train 11687.7464, Val 13405.6885, Test 13789.4228
Epoch 100: Loss:            : Train 0.0000, Val 0.0001, Test 0.0001
          RMSE             : Train 24409.0637, Val 36331.2164, Test 36148.2864
          R2_Score         : Train 0.9885, Val 0.9724, Test 0.9744
          MAE              : Train 11585.3607, Val 13067.9258, Test 13324.6449
Best:
          RMSE             : Train 25200.4728, Val 34742.7887, Test 37232.9033
          R2_Score         : Train 0.9877, Val 0.9748, Test 0.9729
          MAE              : Train 11687.7464, Val 13405.6885, Test 13789.4228
Training time (sec): 1558
