Loading loan from data/company/loan_subset_clean.csv
Loading company from data/company/company_subset_clean.csv
Current loan columns Index(['Term', 'NoEmp', 'NewExist', 'CreateJob', 'RetainedJob', 'UrbanRural',
       'DisbursementGross', 'BalanceGross', 'ChgOffPrinGr', 'GrAppv',
       'BankState_al', 'BankState_an', 'BankState_ar', 'BankState_az',
       'BankState_ca', 'BankState_co', 'BankState_ct', 'BankState_dc',
       'BankState_de', 'BankState_en', 'BankState_fl', 'BankState_ga',
       'BankState_gu', 'BankState_hi', 'BankState_ia', 'BankState_id',
       'BankState_il', 'BankState_in', 'BankState_ks', 'BankState_ky',
       'BankState_la', 'BankState_ma', 'BankState_md', 'BankState_me',
       'BankState_mi', 'BankState_mn', 'BankState_mo', 'BankState_ms',
       'BankState_mt', 'BankState_nc', 'BankState_nd', 'BankState_ne',
       'BankState_nh', 'BankState_nj', 'BankState_nm', 'BankState_nv',
       'BankState_ny', 'BankState_oh', 'BankState_ok', 'BankState_or',
       'BankState_pa', 'BankState_pr', 'BankState_ri', 'BankState_sc',
       'BankState_sd', 'BankState_tn', 'BankState_tx', 'BankState_ut',
       'BankState_va', 'BankState_vi', 'BankState_vt', 'BankState_wa',
       'BankState_wi', 'BankState_wv', 'BankState_wy', 'RevLineCr_-',
       'RevLineCr_.', 'RevLineCr_0', 'RevLineCr_1', 'RevLineCr_2',
       'RevLineCr_3', 'RevLineCr_4', 'RevLineCr_5', 'RevLineCr_7',
       'RevLineCr_`', 'RevLineCr_a', 'RevLineCr_c', 'RevLineCr_n',
       'RevLineCr_q', 'RevLineCr_r', 'RevLineCr_t', 'RevLineCr_y', 'LowDoc_1',
       'LowDoc_a', 'LowDoc_c', 'LowDoc_n', 'LowDoc_r', 'LowDoc_s', 'LowDoc_y',
       'MIS_Status_p i f', 'Name'],
      dtype='object')
Current company columns Index(['name', 'current employee estimate', 'total employee estimate',
       'ind_airlines/aviation', 'ind_alternative dispute resolution',
       'ind_alternative medicine', 'ind_animation', 'ind_apparel & fashion',
       'ind_architecture & planning', 'ind_arts and crafts',
       ...
       'ind_wine and spirits', 'ind_wireless', 'ind_writing and editing',
       'sr_10001+', 'sr_1001 - 5000', 'sr_11 - 50', 'sr_201 - 500',
       'sr_5001 - 10000', 'sr_501 - 1000', 'sr_51 - 200'],
      dtype='object', length=157)
Loading data from cache
Done
Calculating noise scale
Adding noise of scale 0.0 to sim_scores
Adding noise of scale 0.0 to sim_scores
Adding noise of scale 0.0 to sim_scores
Filter dataset to top 3
Generating top 3 dataset
Generating top 3 dataset
Generating top 3 dataset
Preparing time (sec): 14
Initializing dataloader
Done
Prepare for training
Start training
SplitNN summary
==========================================================================================
Layer (type:depth-idx)                   Output Shape              Param #
==========================================================================================
SplitNN                                  --                        --
├─MLP: 1                                 --                        --
│    └─ModuleList: 2-1                   --                        --
├─ModuleList: 1-1                        --                        --
│    └─MLP: 2                            --                        --
│    │    └─ModuleList: 3-1              --                        14,150
│    └─MLP: 2                            --                        --
│    │    └─ModuleList: 3-2              --                        20,750
│    └─MLP: 2-2                          [32, 50]                  --
│    └─MLP: 2-3                          [32, 50]                  --
├─MLP: 1-2                               [32, 10]                  --
│    └─ModuleList: 2-1                   --                        --
│    │    └─Linear: 3-3                  [32, 100]                 10,100
│    │    └─Linear: 3-4                  [32, 10]                  1,010
==========================================================================================
Total params: 46,010
Trainable params: 46,010
Non-trainable params: 0
Total mult-adds (M): 1.47
==========================================================================================
Input size (MB): 0.03
Forward/backward pass size (MB): 0.10
Params size (MB): 0.18
Estimated Total Size (MB): 0.32
==========================================================================================
Merge model summary
==========================================================================================
Layer (type:depth-idx)                   Output Shape              Param #
==========================================================================================
ConvModel                                --                        --
├─Conv2d: 1-1                            [1, 4, 9, 10]             32
├─Dropout: 1-2                           [1, 360]                  --
├─Linear: 1-3                            [1, 200]                  72,200
├─Dropout: 1-4                           [1, 200]                  --
├─Linear: 1-5                            [1, 1]                    201
==========================================================================================
Total params: 72,433
Trainable params: 72,433
Non-trainable params: 0
Total mult-adds (M): 0.08
==========================================================================================
Input size (MB): 0.00
Forward/backward pass size (MB): 0.00
Params size (MB): 0.29
Estimated Total Size (MB): 0.29
==========================================================================================
Similarity model summary
==========================================================================================
Layer (type:depth-idx)                   Output Shape              Param #
==========================================================================================
MLP                                      --                        --
├─ModuleList: 1-1                        --                        --
│    └─Linear: 2-1                       [1, 10]                   20
│    └─Linear: 2-2                       [1, 1]                    11
==========================================================================================
Total params: 31
Trainable params: 31
Non-trainable params: 0
Total mult-adds (M): 0.00
==========================================================================================
Input size (MB): 0.00
Forward/backward pass size (MB): 0.00
Params size (MB): 0.00
Estimated Total Size (MB): 0.00
==========================================================================================
n_classes=2
task=regression
model_name=company_fedsim_2022-08-15-15-31-09
sche_threshold=0.0001
sche_patience=10
sche_factor=0.1
use_scheduler=False
num_workers=4
device=cuda:2
test_batch_size=4096
train_batch_size=32
learning_rate=0.001
weight_decay=1e-05
num_epochs=100
model_save_path=ckp/company_fedsim_2022-08-15-15-31-09.pth
test_rate=0.2
val_rate=0.1
multiprocess_context=fork
metrics=['rmse', 'mae', 'r2_score']
metrics_f=[<metric.rmse.RMSE object at 0x7fedbe523eb0>, <metric.mae.MAE object at 0x7fedbe523a90>, <metric.r2_score.R2Score object at 0x7fedbe523ca0>]
hidden_sizes=[200, 100]
model=SplitNN(
  (agg_model): MLP(
    (fc_layers): ModuleList(
      (0): Linear(in_features=100, out_features=100, bias=True)
      (1): Linear(in_features=100, out_features=10, bias=True)
    )
  )
  (local_models): ModuleList(
    (0): MLP(
      (fc_layers): ModuleList(
        (0): Linear(in_features=90, out_features=100, bias=True)
        (1): Linear(in_features=100, out_features=50, bias=True)
      )
    )
    (1): MLP(
      (fc_layers): ModuleList(
        (0): Linear(in_features=156, out_features=100, bias=True)
        (1): Linear(in_features=100, out_features=50, bias=True)
      )
    )
  )
)
writer=<torch.utils.tensorboard.writer.SummaryWriter object at 0x7fedbe523820>
dataset_type=real
drop_key=True
num_common_features=1
tree_radius=0.01
tree_leaf_size=1000
knn_k=3
grid_min=-10.0
grid_max=10.0
grid_width=1.5
sim_scaler=StandardScaler()
filter_top_k=3
link_n_jobs=1
psig_p=8
sim_leak_p=1.0
link_threshold_t=0.1
link_epsilon=0.1
n_hash_lsh=50
edit_distance_threshold=10
n_hash_func=50
collision_rate=0.01
qgram_q=4
link_delta=0.01
feature_wise_sim=False
blocking_method=knn_priv_str
center_threshold=0.5
n_clusters=100
local_hidden_sizes=[[100], [100]]
cut_dims=[50, 50]
agg_hidden_sizes=[100]
scale_analysis=None
disable_weight=False
disable_sort=False
mlp_merge=None
use_sim=True
use_conv=True
conv_kernel_v_size=7
conv_n_channels=4
merge_dropout_p=0.7
raw_output_dim=10
log_dir=log/company_fedsim_2022-08-15-15-31-09/
update_sim_freq=1
sim_model_save_path=ckp/company_fedsim_2022-08-15-15-31-09_sim.pth
merge_model_save_path=ckp/company_fedsim_2022-08-15-15-31-09_merge.pth
sim_batch_size=128
sim_weight_decay=1e-05
sim_learning_rate=0.001
merge_model=ConvModel(
  (conv1): Conv2d(1, 4, kernel_size=[7, 1], stride=(1, 1), padding=[6, 0])
  (fc1): Linear(in_features=360, out_features=200, bias=True)
  (fc2): Linear(in_features=200, out_features=1, bias=True)
  (dropout1): Dropout(p=0.7, inplace=False)
  (dropout2): Dropout(p=0.7, inplace=False)
)
sim_model=MLP(
  (fc_layers): ModuleList(
    (0): Linear(in_features=1, out_features=10, bias=True)
    (1): Linear(in_features=10, out_features=1, bias=True)
  )
)
sim_hidden_sizes=[10]
merge_hidden_sizes=[200]
data1_shape=(77225, 91)
data2_shape=(220583, 157)
Epoch 1: Loss:            : Train 0.0088, Val 0.0004, Test 0.0005
          RMSE             : Train 345570.4239, Val 69915.3567, Test 82005.5006
          MAE              : Train 160945.9998, Val 45624.7084, Test 47527.5137
          R2_Score         : Train -1.3111, Val 0.8978, Test 0.8683
Best:
          RMSE             : Train 345570.4239, Val 69915.3567, Test 82005.5006
          MAE              : Train 160945.9998, Val 45624.7084, Test 47527.5137
          R2_Score         : Train -1.3111, Val 0.8978, Test 0.8683
Epoch 2: Loss:            : Train 0.0006, Val 0.0002, Test 0.0003
          RMSE             : Train 93422.0485, Val 52073.0310, Test 64349.5187
          MAE              : Train 54411.2061, Val 30184.0267, Test 31374.0888
          R2_Score         : Train 0.8311, Val 0.9433, Test 0.9189
Best:
          RMSE             : Train 93422.0485, Val 52073.0310, Test 64349.5187
          MAE              : Train 54411.2061, Val 30184.0267, Test 31374.0888
          R2_Score         : Train 0.8311, Val 0.9433, Test 0.9189
Epoch 3: Loss:            : Train 0.0005, Val 0.0002, Test 0.0003
          RMSE             : Train 85706.2640, Val 49104.4624, Test 61544.4012
          MAE              : Train 49158.6537, Val 27640.5013, Test 28723.6535
          R2_Score         : Train 0.8578, Val 0.9496, Test 0.9258
Best:
          RMSE             : Train 85706.2640, Val 49104.4624, Test 61544.4012
          MAE              : Train 49158.6537, Val 27640.5013, Test 28723.6535
          R2_Score         : Train 0.8578, Val 0.9496, Test 0.9258
Epoch 4: Loss:            : Train 0.0004, Val 0.0002, Test 0.0003
          RMSE             : Train 76748.0536, Val 48404.3947, Test 62304.3667
          MAE              : Train 42593.4350, Val 25611.4391, Test 26622.6534
          R2_Score         : Train 0.8860, Val 0.9510, Test 0.9240
Best:
          RMSE             : Train 76748.0536, Val 48404.3947, Test 62304.3667
          MAE              : Train 42593.4350, Val 25611.4391, Test 26622.6534
          R2_Score         : Train 0.8860, Val 0.9510, Test 0.9240
Epoch 5: Loss:            : Train 0.0004, Val 0.0002, Test 0.0003
          RMSE             : Train 72566.7877, Val 46647.6282, Test 60696.6838
          MAE              : Train 39121.0488, Val 22128.0082, Test 23131.5587
          R2_Score         : Train 0.8981, Val 0.9545, Test 0.9279
Best:
          RMSE             : Train 72566.7877, Val 46647.6282, Test 60696.6838
          MAE              : Train 39121.0488, Val 22128.0082, Test 23131.5587
          R2_Score         : Train 0.8981, Val 0.9545, Test 0.9279
Epoch 6: Loss:            : Train 0.0004, Val 0.0002, Test 0.0003
          RMSE             : Train 69660.6177, Val 48805.2074, Test 62128.8416
          MAE              : Train 37238.5571, Val 24581.6856, Test 25562.8096
          R2_Score         : Train 0.9061, Val 0.9502, Test 0.9244
Best:
          RMSE             : Train 72566.7877, Val 46647.6282, Test 60696.6838
          MAE              : Train 39121.0488, Val 22128.0082, Test 23131.5587
          R2_Score         : Train 0.8981, Val 0.9545, Test 0.9279
Epoch 7: Loss:            : Train 0.0003, Val 0.0002, Test 0.0003
          RMSE             : Train 67968.5489, Val 48679.5240, Test 59900.4868
          MAE              : Train 35898.1104, Val 28023.4536, Test 29018.1576
          R2_Score         : Train 0.9106, Val 0.9505, Test 0.9297
Best:
          RMSE             : Train 72566.7877, Val 46647.6282, Test 60696.6838
          MAE              : Train 39121.0488, Val 22128.0082, Test 23131.5587
          R2_Score         : Train 0.8981, Val 0.9545, Test 0.9279
Epoch 8: Loss:            : Train 0.0003, Val 0.0002, Test 0.0002
          RMSE             : Train 65808.9988, Val 45817.8922, Test 56976.3883
          MAE              : Train 34804.6849, Val 22754.2701, Test 23398.9425
          R2_Score         : Train 0.9162, Val 0.9561, Test 0.9364
Best:
          RMSE             : Train 65808.9988, Val 45817.8922, Test 56976.3883
          MAE              : Train 34804.6849, Val 22754.2701, Test 23398.9425
          R2_Score         : Train 0.9162, Val 0.9561, Test 0.9364
Epoch 9: Loss:            : Train 0.0003, Val 0.0001, Test 0.0002
          RMSE             : Train 64300.6921, Val 43328.6349, Test 54914.9069
          MAE              : Train 34025.3980, Val 22700.3609, Test 23540.2946
          R2_Score         : Train 0.9200, Val 0.9608, Test 0.9409
Best:
          RMSE             : Train 64300.6921, Val 43328.6349, Test 54914.9069
          MAE              : Train 34025.3980, Val 22700.3609, Test 23540.2946
          R2_Score         : Train 0.9200, Val 0.9608, Test 0.9409
Epoch 10: Loss:            : Train 0.0003, Val 0.0001, Test 0.0002
          RMSE             : Train 63525.0204, Val 42823.7822, Test 54373.0170
          MAE              : Train 33410.2811, Val 20636.3146, Test 21364.7651
          R2_Score         : Train 0.9219, Val 0.9617, Test 0.9421
Best:
          RMSE             : Train 63525.0204, Val 42823.7822, Test 54373.0170
          MAE              : Train 33410.2811, Val 20636.3146, Test 21364.7651
          R2_Score         : Train 0.9219, Val 0.9617, Test 0.9421
Epoch 11: Loss:            : Train 0.0003, Val 0.0001, Test 0.0002
          RMSE             : Train 63541.3360, Val 42040.9831, Test 51884.7929
          MAE              : Train 32721.6078, Val 21903.8243, Test 22468.2676
          R2_Score         : Train 0.9219, Val 0.9630, Test 0.9473
Best:
          RMSE             : Train 63541.3360, Val 42040.9831, Test 51884.7929
          MAE              : Train 32721.6078, Val 21903.8243, Test 22468.2676
          R2_Score         : Train 0.9219, Val 0.9630, Test 0.9473
Epoch 12: Loss:            : Train 0.0003, Val 0.0001, Test 0.0002
          RMSE             : Train 61465.4103, Val 42081.8114, Test 52957.4100
          MAE              : Train 32469.5820, Val 20017.4557, Test 20826.9993
          R2_Score         : Train 0.9269, Val 0.9630, Test 0.9451
Best:
          RMSE             : Train 63541.3360, Val 42040.9831, Test 51884.7929
          MAE              : Train 32721.6078, Val 21903.8243, Test 22468.2676
          R2_Score         : Train 0.9219, Val 0.9630, Test 0.9473
Epoch 13: Loss:            : Train 0.0003, Val 0.0002, Test 0.0002
          RMSE             : Train 61921.2093, Val 47582.0267, Test 55418.6943
          MAE              : Train 32899.2298, Val 21418.9048, Test 22010.6145
          R2_Score         : Train 0.9258, Val 0.9527, Test 0.9399
Best:
          RMSE             : Train 63541.3360, Val 42040.9831, Test 51884.7929
          MAE              : Train 32721.6078, Val 21903.8243, Test 22468.2676
          R2_Score         : Train 0.9219, Val 0.9630, Test 0.9473
Epoch 14: Loss:            : Train 0.0003, Val 0.0001, Test 0.0002
          RMSE             : Train 61316.7938, Val 41407.3818, Test 50507.9961
          MAE              : Train 32519.8488, Val 21387.6771, Test 22208.0657
          R2_Score         : Train 0.9272, Val 0.9642, Test 0.9500
Best:
          RMSE             : Train 61316.7938, Val 41407.3818, Test 50507.9961
          MAE              : Train 32519.8488, Val 21387.6771, Test 22208.0657
          R2_Score         : Train 0.9272, Val 0.9642, Test 0.9500
Epoch 15: Loss:            : Train 0.0003, Val 0.0002, Test 0.0002
          RMSE             : Train 60220.7521, Val 45411.2078, Test 53202.5809
          MAE              : Train 32094.6290, Val 20965.3394, Test 21303.8807
          R2_Score         : Train 0.9298, Val 0.9569, Test 0.9446
Best:
          RMSE             : Train 61316.7938, Val 41407.3818, Test 50507.9961
          MAE              : Train 32519.8488, Val 21387.6771, Test 22208.0657
          R2_Score         : Train 0.9272, Val 0.9642, Test 0.9500
Epoch 16: Loss:            : Train 0.0003, Val 0.0001, Test 0.0002
          RMSE             : Train 59852.9834, Val 43783.0476, Test 51138.5264
          MAE              : Train 32032.0982, Val 22903.7141, Test 23268.9988
          R2_Score         : Train 0.9307, Val 0.9599, Test 0.9488
Best:
          RMSE             : Train 61316.7938, Val 41407.3818, Test 50507.9961
          MAE              : Train 32519.8488, Val 21387.6771, Test 22208.0657
          R2_Score         : Train 0.9272, Val 0.9642, Test 0.9500
Epoch 17: Loss:            : Train 0.0003, Val 0.0001, Test 0.0002
          RMSE             : Train 59107.3193, Val 40921.9679, Test 48209.4835
          MAE              : Train 32041.9938, Val 21523.3900, Test 21979.9141
          R2_Score         : Train 0.9324, Val 0.9650, Test 0.9545
Best:
          RMSE             : Train 59107.3193, Val 40921.9679, Test 48209.4835
          MAE              : Train 32041.9938, Val 21523.3900, Test 21979.9141
          R2_Score         : Train 0.9324, Val 0.9650, Test 0.9545
Epoch 18: Loss:            : Train 0.0003, Val 0.0001, Test 0.0002
          RMSE             : Train 58982.5463, Val 40270.9097, Test 47350.3304
          MAE              : Train 32566.9182, Val 20685.3410, Test 21323.3133
          R2_Score         : Train 0.9327, Val 0.9661, Test 0.9561
Best:
          RMSE             : Train 58982.5463, Val 40270.9097, Test 47350.3304
          MAE              : Train 32566.9182, Val 20685.3410, Test 21323.3133
          R2_Score         : Train 0.9327, Val 0.9661, Test 0.9561
Epoch 19: Loss:            : Train 0.0003, Val 0.0002, Test 0.0002
          RMSE             : Train 59570.9771, Val 46672.2816, Test 50860.4246
          MAE              : Train 32206.4669, Val 24970.7559, Test 25091.4772
          R2_Score         : Train 0.9313, Val 0.9545, Test 0.9493
Best:
          RMSE             : Train 58982.5463, Val 40270.9097, Test 47350.3304
          MAE              : Train 32566.9182, Val 20685.3410, Test 21323.3133
          R2_Score         : Train 0.9327, Val 0.9661, Test 0.9561
Epoch 20: Loss:            : Train 0.0002, Val 0.0001, Test 0.0002
          RMSE             : Train 57660.0585, Val 43476.8377, Test 49682.7086
          MAE              : Train 31987.8034, Val 22045.6744, Test 22645.6029
          R2_Score         : Train 0.9357, Val 0.9605, Test 0.9517
Best:
          RMSE             : Train 58982.5463, Val 40270.9097, Test 47350.3304
          MAE              : Train 32566.9182, Val 20685.3410, Test 21323.3133
          R2_Score         : Train 0.9327, Val 0.9661, Test 0.9561
Epoch 21: Loss:            : Train 0.0003, Val 0.0002, Test 0.0002
          RMSE             : Train 59196.5761, Val 49353.1013, Test 55939.1066
          MAE              : Train 31700.2897, Val 23431.8518, Test 23776.3407
          R2_Score         : Train 0.9322, Val 0.9491, Test 0.9387
Best:
          RMSE             : Train 58982.5463, Val 40270.9097, Test 47350.3304
          MAE              : Train 32566.9182, Val 20685.3410, Test 21323.3133
          R2_Score         : Train 0.9327, Val 0.9661, Test 0.9561
Epoch 22: Loss:            : Train 0.0003, Val 0.0001, Test 0.0002
          RMSE             : Train 58291.0347, Val 39148.8416, Test 46830.0726
          MAE              : Train 31889.6372, Val 18005.5397, Test 18532.3311
          R2_Score         : Train 0.9342, Val 0.9680, Test 0.9571
Best:
          RMSE             : Train 58291.0347, Val 39148.8416, Test 46830.0726
          MAE              : Train 31889.6372, Val 18005.5397, Test 18532.3311
          R2_Score         : Train 0.9342, Val 0.9680, Test 0.9571
Epoch 23: Loss:            : Train 0.0002, Val 0.0002, Test 0.0002
          RMSE             : Train 55402.5047, Val 46960.7437, Test 52766.4342
          MAE              : Train 30941.7944, Val 20191.6734, Test 20438.3423
          R2_Score         : Train 0.9406, Val 0.9539, Test 0.9455
Best:
          RMSE             : Train 58291.0347, Val 39148.8416, Test 46830.0726
          MAE              : Train 31889.6372, Val 18005.5397, Test 18532.3311
          R2_Score         : Train 0.9342, Val 0.9680, Test 0.9571
Epoch 24: Loss:            : Train 0.0002, Val 0.0002, Test 0.0002
          RMSE             : Train 56591.7672, Val 47169.8825, Test 52638.4531
          MAE              : Train 31019.2366, Val 22621.7994, Test 23197.4993
          R2_Score         : Train 0.9380, Val 0.9535, Test 0.9457
Best:
          RMSE             : Train 58291.0347, Val 39148.8416, Test 46830.0726
          MAE              : Train 31889.6372, Val 18005.5397, Test 18532.3311
          R2_Score         : Train 0.9342, Val 0.9680, Test 0.9571
Epoch 25: Loss:            : Train 0.0002, Val 0.0001, Test 0.0002
          RMSE             : Train 58048.3377, Val 41741.9571, Test 46814.9087
          MAE              : Train 31003.9122, Val 21488.5713, Test 21450.7696
          R2_Score         : Train 0.9348, Val 0.9636, Test 0.9571
Best:
          RMSE             : Train 58291.0347, Val 39148.8416, Test 46830.0726
          MAE              : Train 31889.6372, Val 18005.5397, Test 18532.3311
          R2_Score         : Train 0.9342, Val 0.9680, Test 0.9571
Epoch 26: Loss:            : Train 0.0002, Val 0.0001, Test 0.0002
          RMSE             : Train 56150.1973, Val 43025.3174, Test 48932.4399
          MAE              : Train 31028.6281, Val 24057.5810, Test 24693.6289
          R2_Score         : Train 0.9390, Val 0.9613, Test 0.9531
Best:
          RMSE             : Train 58291.0347, Val 39148.8416, Test 46830.0726
          MAE              : Train 31889.6372, Val 18005.5397, Test 18532.3311
          R2_Score         : Train 0.9342, Val 0.9680, Test 0.9571
Epoch 27: Loss:            : Train 0.0002, Val 0.0002, Test 0.0002
          RMSE             : Train 57506.0769, Val 46452.4591, Test 51821.6292
          MAE              : Train 31225.3671, Val 23725.8733, Test 23856.3404
          R2_Score         : Train 0.9360, Val 0.9549, Test 0.9474
Best:
          RMSE             : Train 58291.0347, Val 39148.8416, Test 46830.0726
          MAE              : Train 31889.6372, Val 18005.5397, Test 18532.3311
          R2_Score         : Train 0.9342, Val 0.9680, Test 0.9571
Epoch 28: Loss:            : Train 0.0002, Val 0.0001, Test 0.0002
          RMSE             : Train 56199.7747, Val 37971.5681, Test 45093.2574
          MAE              : Train 30887.7537, Val 17774.0794, Test 18258.8892
          R2_Score         : Train 0.9389, Val 0.9699, Test 0.9602
Best:
          RMSE             : Train 56199.7747, Val 37971.5681, Test 45093.2574
          MAE              : Train 30887.7537, Val 17774.0794, Test 18258.8892
          R2_Score         : Train 0.9389, Val 0.9699, Test 0.9602
Epoch 29: Loss:            : Train 0.0002, Val 0.0001, Test 0.0001
          RMSE             : Train 56429.2488, Val 37515.7292, Test 43897.1379
          MAE              : Train 31150.4297, Val 17825.6306, Test 18199.1429
          R2_Score         : Train 0.9384, Val 0.9706, Test 0.9623
Best:
          RMSE             : Train 56429.2488, Val 37515.7292, Test 43897.1379
          MAE              : Train 31150.4297, Val 17825.6306, Test 18199.1429
          R2_Score         : Train 0.9384, Val 0.9706, Test 0.9623
Epoch 30: Loss:            : Train 0.0002, Val 0.0001, Test 0.0002
          RMSE             : Train 56979.0485, Val 39913.7082, Test 45996.3203
          MAE              : Train 30726.2972, Val 20559.4225, Test 21059.7622
          R2_Score         : Train 0.9372, Val 0.9667, Test 0.9586
Best:
          RMSE             : Train 56429.2488, Val 37515.7292, Test 43897.1379
          MAE              : Train 31150.4297, Val 17825.6306, Test 18199.1429
          R2_Score         : Train 0.9384, Val 0.9706, Test 0.9623
Epoch 31: Loss:            : Train 0.0002, Val 0.0001, Test 0.0001
          RMSE             : Train 56535.1639, Val 37996.8762, Test 43897.8988
          MAE              : Train 30627.3783, Val 18491.3629, Test 19159.9015
          R2_Score         : Train 0.9381, Val 0.9698, Test 0.9623
Best:
          RMSE             : Train 56429.2488, Val 37515.7292, Test 43897.1379
          MAE              : Train 31150.4297, Val 17825.6306, Test 18199.1429
          R2_Score         : Train 0.9384, Val 0.9706, Test 0.9623
Epoch 32: Loss:            : Train 0.0002, Val 0.0001, Test 0.0002
          RMSE             : Train 55234.9379, Val 42176.5317, Test 47678.3315
          MAE              : Train 30416.4531, Val 18997.1220, Test 19286.5020
          R2_Score         : Train 0.9410, Val 0.9628, Test 0.9555
Best:
          RMSE             : Train 56429.2488, Val 37515.7292, Test 43897.1379
          MAE              : Train 31150.4297, Val 17825.6306, Test 18199.1429
          R2_Score         : Train 0.9384, Val 0.9706, Test 0.9623
Epoch 33: Loss:            : Train 0.0002, Val 0.0001, Test 0.0002
          RMSE             : Train 55170.3738, Val 41099.7268, Test 45662.8548
          MAE              : Train 30327.2925, Val 21984.4017, Test 22528.8427
          R2_Score         : Train 0.9411, Val 0.9647, Test 0.9592
Best:
          RMSE             : Train 56429.2488, Val 37515.7292, Test 43897.1379
          MAE              : Train 31150.4297, Val 17825.6306, Test 18199.1429
          R2_Score         : Train 0.9384, Val 0.9706, Test 0.9623
Epoch 34: Loss:            : Train 0.0002, Val 0.0001, Test 0.0002
          RMSE             : Train 54627.6499, Val 44252.7031, Test 50333.1660
          MAE              : Train 30187.2576, Val 21747.8726, Test 22460.8543
          R2_Score         : Train 0.9422, Val 0.9591, Test 0.9504
Best:
          RMSE             : Train 56429.2488, Val 37515.7292, Test 43897.1379
          MAE              : Train 31150.4297, Val 17825.6306, Test 18199.1429
          R2_Score         : Train 0.9384, Val 0.9706, Test 0.9623
Epoch 35: Loss:            : Train 0.0002, Val 0.0001, Test 0.0002
          RMSE             : Train 56429.0923, Val 43398.6423, Test 46843.4546
          MAE              : Train 30944.6811, Val 18229.4834, Test 18636.8322
          R2_Score         : Train 0.9384, Val 0.9606, Test 0.9570
Best:
          RMSE             : Train 56429.2488, Val 37515.7292, Test 43897.1379
          MAE              : Train 31150.4297, Val 17825.6306, Test 18199.1429
          R2_Score         : Train 0.9384, Val 0.9706, Test 0.9623
Epoch 36: Loss:            : Train 0.0002, Val 0.0001, Test 0.0001
          RMSE             : Train 55073.2906, Val 39238.4530, Test 44422.9985
          MAE              : Train 30576.7304, Val 21994.8249, Test 22111.6510
          R2_Score         : Train 0.9413, Val 0.9678, Test 0.9614
Best:
          RMSE             : Train 56429.2488, Val 37515.7292, Test 43897.1379
          MAE              : Train 31150.4297, Val 17825.6306, Test 18199.1429
          R2_Score         : Train 0.9384, Val 0.9706, Test 0.9623
Epoch 37: Loss:            : Train 0.0002, Val 0.0001, Test 0.0001
          RMSE             : Train 55565.7158, Val 39404.5638, Test 43310.2011
          MAE              : Train 31076.2055, Val 20300.6370, Test 20396.3191
          R2_Score         : Train 0.9402, Val 0.9675, Test 0.9633
Best:
          RMSE             : Train 56429.2488, Val 37515.7292, Test 43897.1379
          MAE              : Train 31150.4297, Val 17825.6306, Test 18199.1429
          R2_Score         : Train 0.9384, Val 0.9706, Test 0.9623
Epoch 38: Loss:            : Train 0.0002, Val 0.0002, Test 0.0002
          RMSE             : Train 54264.8872, Val 45797.0436, Test 49878.5409
          MAE              : Train 30407.3024, Val 27115.2841, Test 27843.2168
          R2_Score         : Train 0.9430, Val 0.9562, Test 0.9513
Best:
          RMSE             : Train 56429.2488, Val 37515.7292, Test 43897.1379
          MAE              : Train 31150.4297, Val 17825.6306, Test 18199.1429
          R2_Score         : Train 0.9384, Val 0.9706, Test 0.9623
Epoch 39: Loss:            : Train 0.0002, Val 0.0001, Test 0.0002
          RMSE             : Train 56757.4535, Val 42887.6670, Test 47413.3815
          MAE              : Train 31127.9534, Val 20705.4478, Test 21231.1814
          R2_Score         : Train 0.9377, Val 0.9615, Test 0.9560
Best:
          RMSE             : Train 56429.2488, Val 37515.7292, Test 43897.1379
          MAE              : Train 31150.4297, Val 17825.6306, Test 18199.1429
          R2_Score         : Train 0.9384, Val 0.9706, Test 0.9623
Epoch 40: Loss:            : Train 0.0002, Val 0.0001, Test 0.0002
          RMSE             : Train 55134.4705, Val 43783.3214, Test 48585.9061
          MAE              : Train 30428.2628, Val 22693.3133, Test 23592.3344
          R2_Score         : Train 0.9412, Val 0.9599, Test 0.9538
Best:
          RMSE             : Train 56429.2488, Val 37515.7292, Test 43897.1379
          MAE              : Train 31150.4297, Val 17825.6306, Test 18199.1429
          R2_Score         : Train 0.9384, Val 0.9706, Test 0.9623
Epoch 41: Loss:            : Train 0.0002, Val 0.0001, Test 0.0002
          RMSE             : Train 55900.7585, Val 41202.4473, Test 45825.4720
          MAE              : Train 30323.1899, Val 18830.0701, Test 18999.9344
          R2_Score         : Train 0.9395, Val 0.9645, Test 0.9589
Best:
          RMSE             : Train 56429.2488, Val 37515.7292, Test 43897.1379
          MAE              : Train 31150.4297, Val 17825.6306, Test 18199.1429
          R2_Score         : Train 0.9384, Val 0.9706, Test 0.9623
Epoch 42: Loss:            : Train 0.0002, Val 0.0001, Test 0.0002
          RMSE             : Train 55004.4462, Val 42962.6682, Test 46873.1030
          MAE              : Train 30395.0833, Val 19748.1236, Test 19923.4167
          R2_Score         : Train 0.9414, Val 0.9614, Test 0.9570
Best:
          RMSE             : Train 56429.2488, Val 37515.7292, Test 43897.1379
          MAE              : Train 31150.4297, Val 17825.6306, Test 18199.1429
          R2_Score         : Train 0.9384, Val 0.9706, Test 0.9623
Epoch 43: Loss:            : Train 0.0002, Val 0.0001, Test 0.0001
          RMSE             : Train 54979.7109, Val 38714.6993, Test 44927.6004
          MAE              : Train 30254.6186, Val 18203.8739, Test 18610.8199
          R2_Score         : Train 0.9415, Val 0.9687, Test 0.9605
Best:
          RMSE             : Train 56429.2488, Val 37515.7292, Test 43897.1379
          MAE              : Train 31150.4297, Val 17825.6306, Test 18199.1429
          R2_Score         : Train 0.9384, Val 0.9706, Test 0.9623
Epoch 44: Loss:            : Train 0.0002, Val 0.0001, Test 0.0002
          RMSE             : Train 53879.2256, Val 40068.2175, Test 45610.6408
          MAE              : Train 30317.7248, Val 22936.2504, Test 23613.7695
          R2_Score         : Train 0.9438, Val 0.9664, Test 0.9593
Best:
          RMSE             : Train 56429.2488, Val 37515.7292, Test 43897.1379
          MAE              : Train 31150.4297, Val 17825.6306, Test 18199.1429
          R2_Score         : Train 0.9384, Val 0.9706, Test 0.9623
Epoch 45: Loss:            : Train 0.0002, Val 0.0001, Test 0.0001
          RMSE             : Train 54370.5755, Val 37370.4150, Test 43665.1202
          MAE              : Train 29990.1353, Val 19442.6785, Test 20161.5044
          R2_Score         : Train 0.9428, Val 0.9708, Test 0.9627
Best:
          RMSE             : Train 54370.5755, Val 37370.4150, Test 43665.1202
          MAE              : Train 29990.1353, Val 19442.6785, Test 20161.5044
          R2_Score         : Train 0.9428, Val 0.9708, Test 0.9627
Epoch 46: Loss:            : Train 0.0002, Val 0.0001, Test 0.0002
          RMSE             : Train 53407.5061, Val 43655.2871, Test 46513.4693
          MAE              : Train 29874.3234, Val 17979.3247, Test 18105.1782
          R2_Score         : Train 0.9448, Val 0.9602, Test 0.9576
Best:
          RMSE             : Train 54370.5755, Val 37370.4150, Test 43665.1202
          MAE              : Train 29990.1353, Val 19442.6785, Test 20161.5044
          R2_Score         : Train 0.9428, Val 0.9708, Test 0.9627
Epoch 47: Loss:            : Train 0.0002, Val 0.0001, Test 0.0002
          RMSE             : Train 54241.3076, Val 44836.8620, Test 50788.9200
          MAE              : Train 29964.7844, Val 26367.3091, Test 27080.3961
          R2_Score         : Train 0.9431, Val 0.9580, Test 0.9495
Best:
          RMSE             : Train 54370.5755, Val 37370.4150, Test 43665.1202
          MAE              : Train 29990.1353, Val 19442.6785, Test 20161.5044
          R2_Score         : Train 0.9428, Val 0.9708, Test 0.9627
Epoch 48: Loss:            : Train 0.0002, Val 0.0001, Test 0.0001
          RMSE             : Train 53195.5304, Val 38839.7565, Test 43900.9092
          MAE              : Train 30126.9161, Val 18206.0504, Test 18688.0085
          R2_Score         : Train 0.9452, Val 0.9685, Test 0.9623
Best:
          RMSE             : Train 54370.5755, Val 37370.4150, Test 43665.1202
          MAE              : Train 29990.1353, Val 19442.6785, Test 20161.5044
          R2_Score         : Train 0.9428, Val 0.9708, Test 0.9627
Epoch 49: Loss:            : Train 0.0002, Val 0.0001, Test 0.0002
          RMSE             : Train 53211.2894, Val 43865.9382, Test 50039.3440
          MAE              : Train 29982.7320, Val 20885.4162, Test 21558.9257
          R2_Score         : Train 0.9452, Val 0.9598, Test 0.9510
Best:
          RMSE             : Train 54370.5755, Val 37370.4150, Test 43665.1202
          MAE              : Train 29990.1353, Val 19442.6785, Test 20161.5044
          R2_Score         : Train 0.9428, Val 0.9708, Test 0.9627
Epoch 50: Loss:            : Train 0.0002, Val 0.0001, Test 0.0001
          RMSE             : Train 54973.4826, Val 37449.5355, Test 43143.0613
          MAE              : Train 29972.4451, Val 18760.8086, Test 19456.4201
          R2_Score         : Train 0.9415, Val 0.9707, Test 0.9635
Best:
          RMSE             : Train 54370.5755, Val 37370.4150, Test 43665.1202
          MAE              : Train 29990.1353, Val 19442.6785, Test 20161.5044
          R2_Score         : Train 0.9428, Val 0.9708, Test 0.9627
Epoch 51: Loss:            : Train 0.0002, Val 0.0001, Test 0.0002
          RMSE             : Train 54296.4921, Val 42352.6630, Test 48236.8923
          MAE              : Train 30169.4839, Val 24730.3235, Test 25465.0043
          R2_Score         : Train 0.9429, Val 0.9625, Test 0.9544
Best:
          RMSE             : Train 54370.5755, Val 37370.4150, Test 43665.1202
          MAE              : Train 29990.1353, Val 19442.6785, Test 20161.5044
          R2_Score         : Train 0.9428, Val 0.9708, Test 0.9627
Epoch 52: Loss:            : Train 0.0002, Val 0.0001, Test 0.0002
          RMSE             : Train 52621.3033, Val 40607.6786, Test 48318.5601
          MAE              : Train 29729.1529, Val 18941.7802, Test 19473.7977
          R2_Score         : Train 0.9464, Val 0.9655, Test 0.9543
Best:
          RMSE             : Train 54370.5755, Val 37370.4150, Test 43665.1202
          MAE              : Train 29990.1353, Val 19442.6785, Test 20161.5044
          R2_Score         : Train 0.9428, Val 0.9708, Test 0.9627
Epoch 53: Loss:            : Train 0.0002, Val 0.0002, Test 0.0002
          RMSE             : Train 53744.0143, Val 45553.0308, Test 46702.1185
          MAE              : Train 30055.1532, Val 20253.9504, Test 20512.1825
          R2_Score         : Train 0.9441, Val 0.9566, Test 0.9573
Best:
          RMSE             : Train 54370.5755, Val 37370.4150, Test 43665.1202
          MAE              : Train 29990.1353, Val 19442.6785, Test 20161.5044
          R2_Score         : Train 0.9428, Val 0.9708, Test 0.9627
Epoch 54: Loss:            : Train 0.0002, Val 0.0001, Test 0.0002
          RMSE             : Train 55909.8102, Val 41376.3144, Test 45932.6305
          MAE              : Train 30183.9651, Val 22710.9567, Test 23118.1489
          R2_Score         : Train 0.9395, Val 0.9642, Test 0.9587
Best:
          RMSE             : Train 54370.5755, Val 37370.4150, Test 43665.1202
          MAE              : Train 29990.1353, Val 19442.6785, Test 20161.5044
          R2_Score         : Train 0.9428, Val 0.9708, Test 0.9627
Epoch 55: Loss:            : Train 0.0002, Val 0.0002, Test 0.0002
          RMSE             : Train 53740.6069, Val 52051.5129, Test 56614.1432
          MAE              : Train 30145.3689, Val 23383.4398, Test 23651.1484
          R2_Score         : Train 0.9441, Val 0.9434, Test 0.9372
Best:
          RMSE             : Train 54370.5755, Val 37370.4150, Test 43665.1202
          MAE              : Train 29990.1353, Val 19442.6785, Test 20161.5044
          R2_Score         : Train 0.9428, Val 0.9708, Test 0.9627
Epoch 56: Loss:            : Train 0.0002, Val 0.0001, Test 0.0002
          RMSE             : Train 54725.1236, Val 39788.6831, Test 45415.5673
          MAE              : Train 30285.4471, Val 19745.7383, Test 20437.8403
          R2_Score         : Train 0.9420, Val 0.9669, Test 0.9596
Best:
          RMSE             : Train 54370.5755, Val 37370.4150, Test 43665.1202
          MAE              : Train 29990.1353, Val 19442.6785, Test 20161.5044
          R2_Score         : Train 0.9428, Val 0.9708, Test 0.9627
Epoch 57: Loss:            : Train 0.0002, Val 0.0001, Test 0.0001
          RMSE             : Train 53869.2894, Val 38122.4555, Test 42937.4921
          MAE              : Train 29904.4021, Val 16357.6084, Test 16646.8623
          R2_Score         : Train 0.9438, Val 0.9696, Test 0.9639
Best:
          RMSE             : Train 54370.5755, Val 37370.4150, Test 43665.1202
          MAE              : Train 29990.1353, Val 19442.6785, Test 20161.5044
          R2_Score         : Train 0.9428, Val 0.9708, Test 0.9627
Epoch 58: Loss:            : Train 0.0002, Val 0.0001, Test 0.0002
          RMSE             : Train 53555.2623, Val 41599.4354, Test 46843.0572
          MAE              : Train 29852.5850, Val 23434.6091, Test 24118.0860
          R2_Score         : Train 0.9445, Val 0.9638, Test 0.9570
Best:
          RMSE             : Train 54370.5755, Val 37370.4150, Test 43665.1202
          MAE              : Train 29990.1353, Val 19442.6785, Test 20161.5044
          R2_Score         : Train 0.9428, Val 0.9708, Test 0.9627
Epoch 59: Loss:            : Train 0.0002, Val 0.0001, Test 0.0001
          RMSE             : Train 54156.2004, Val 40428.2913, Test 43962.6779
          MAE              : Train 29884.6949, Val 20481.8474, Test 20701.0250
          R2_Score         : Train 0.9432, Val 0.9658, Test 0.9622
Best:
          RMSE             : Train 54370.5755, Val 37370.4150, Test 43665.1202
          MAE              : Train 29990.1353, Val 19442.6785, Test 20161.5044
          R2_Score         : Train 0.9428, Val 0.9708, Test 0.9627
Epoch 60: Loss:            : Train 0.0002, Val 0.0001, Test 0.0002
          RMSE             : Train 54245.0593, Val 41490.2002, Test 46953.5086
          MAE              : Train 30126.9879, Val 19122.5728, Test 19326.8303
          R2_Score         : Train 0.9431, Val 0.9640, Test 0.9568
Best:
          RMSE             : Train 54370.5755, Val 37370.4150, Test 43665.1202
          MAE              : Train 29990.1353, Val 19442.6785, Test 20161.5044
          R2_Score         : Train 0.9428, Val 0.9708, Test 0.9627
Epoch 61: Loss:            : Train 0.0002, Val 0.0001, Test 0.0002
          RMSE             : Train 53182.8666, Val 43335.0366, Test 47579.9462
          MAE              : Train 29994.3093, Val 19845.4537, Test 19877.1421
          R2_Score         : Train 0.9453, Val 0.9607, Test 0.9557
Best:
          RMSE             : Train 54370.5755, Val 37370.4150, Test 43665.1202
          MAE              : Train 29990.1353, Val 19442.6785, Test 20161.5044
          R2_Score         : Train 0.9428, Val 0.9708, Test 0.9627
Epoch 62: Loss:            : Train 0.0002, Val 0.0001, Test 0.0002
          RMSE             : Train 53113.4620, Val 41162.5448, Test 45154.3876
          MAE              : Train 29864.7798, Val 20345.5958, Test 20440.1811
          R2_Score         : Train 0.9454, Val 0.9646, Test 0.9601
Best:
          RMSE             : Train 54370.5755, Val 37370.4150, Test 43665.1202
          MAE              : Train 29990.1353, Val 19442.6785, Test 20161.5044
          R2_Score         : Train 0.9428, Val 0.9708, Test 0.9627
Epoch 63: Loss:            : Train 0.0002, Val 0.0001, Test 0.0002
          RMSE             : Train 53515.1637, Val 39130.8487, Test 45290.8004
          MAE              : Train 29937.0902, Val 17305.8035, Test 17485.2723
          R2_Score         : Train 0.9446, Val 0.9680, Test 0.9598
Best:
          RMSE             : Train 54370.5755, Val 37370.4150, Test 43665.1202
          MAE              : Train 29990.1353, Val 19442.6785, Test 20161.5044
          R2_Score         : Train 0.9428, Val 0.9708, Test 0.9627
Epoch 64: Loss:            : Train 0.0002, Val 0.0001, Test 0.0001
          RMSE             : Train 52763.5061, Val 42568.3834, Test 44377.3652
          MAE              : Train 29433.7361, Val 20309.4644, Test 20381.5003
          R2_Score         : Train 0.9461, Val 0.9621, Test 0.9614
Best:
          RMSE             : Train 54370.5755, Val 37370.4150, Test 43665.1202
          MAE              : Train 29990.1353, Val 19442.6785, Test 20161.5044
          R2_Score         : Train 0.9428, Val 0.9708, Test 0.9627
Epoch 65: Loss:            : Train 0.0002, Val 0.0001, Test 0.0002
          RMSE             : Train 54326.0903, Val 39039.4373, Test 46229.2496
          MAE              : Train 30042.5839, Val 20669.2063, Test 21197.1687
          R2_Score         : Train 0.9429, Val 0.9681, Test 0.9581
Best:
          RMSE             : Train 54370.5755, Val 37370.4150, Test 43665.1202
          MAE              : Train 29990.1353, Val 19442.6785, Test 20161.5044
          R2_Score         : Train 0.9428, Val 0.9708, Test 0.9627
Epoch 66: Loss:            : Train 0.0002, Val 0.0001, Test 0.0001
          RMSE             : Train 52103.9113, Val 35761.7830, Test 41983.2398
          MAE              : Train 29707.2625, Val 16029.1760, Test 16546.0136
          R2_Score         : Train 0.9475, Val 0.9733, Test 0.9655
Best:
          RMSE             : Train 52103.9113, Val 35761.7830, Test 41983.2398
          MAE              : Train 29707.2625, Val 16029.1760, Test 16546.0136
          R2_Score         : Train 0.9475, Val 0.9733, Test 0.9655
Epoch 67: Loss:            : Train 0.0002, Val 0.0001, Test 0.0002
          RMSE             : Train 54886.6647, Val 41579.7573, Test 45472.1414
          MAE              : Train 30085.2656, Val 19245.2809, Test 19392.7677
          R2_Score         : Train 0.9417, Val 0.9639, Test 0.9595
Best:
          RMSE             : Train 52103.9113, Val 35761.7830, Test 41983.2398
          MAE              : Train 29707.2625, Val 16029.1760, Test 16546.0136
          R2_Score         : Train 0.9475, Val 0.9733, Test 0.9655
Epoch 68: Loss:            : Train 0.0002, Val 0.0001, Test 0.0002
          RMSE             : Train 53138.9176, Val 41155.3723, Test 48248.4140
          MAE              : Train 29676.2486, Val 19361.1352, Test 20029.2612
          R2_Score         : Train 0.9454, Val 0.9646, Test 0.9544
Best:
          RMSE             : Train 52103.9113, Val 35761.7830, Test 41983.2398
          MAE              : Train 29707.2625, Val 16029.1760, Test 16546.0136
          R2_Score         : Train 0.9475, Val 0.9733, Test 0.9655
Epoch 69: Loss:            : Train 0.0002, Val 0.0001, Test 0.0002
          RMSE             : Train 53516.5658, Val 43844.8004, Test 48752.6329
          MAE              : Train 30036.4309, Val 22073.8147, Test 22329.1198
          R2_Score         : Train 0.9446, Val 0.9598, Test 0.9535
Best:
          RMSE             : Train 52103.9113, Val 35761.7830, Test 41983.2398
          MAE              : Train 29707.2625, Val 16029.1760, Test 16546.0136
          R2_Score         : Train 0.9475, Val 0.9733, Test 0.9655
Epoch 70: Loss:            : Train 0.0002, Val 0.0002, Test 0.0002
          RMSE             : Train 54265.8460, Val 46218.6504, Test 49692.3343
          MAE              : Train 29989.6733, Val 25615.8748, Test 25922.4512
          R2_Score         : Train 0.9430, Val 0.9553, Test 0.9516
Best:
          RMSE             : Train 52103.9113, Val 35761.7830, Test 41983.2398
          MAE              : Train 29707.2625, Val 16029.1760, Test 16546.0136
          R2_Score         : Train 0.9475, Val 0.9733, Test 0.9655
Epoch 71: Loss:            : Train 0.0002, Val 0.0001, Test 0.0002
          RMSE             : Train 53387.1132, Val 41390.3669, Test 46312.2307
          MAE              : Train 30164.7736, Val 23347.0367, Test 23707.7363
          R2_Score         : Train 0.9448, Val 0.9642, Test 0.9580
Best:
          RMSE             : Train 52103.9113, Val 35761.7830, Test 41983.2398
          MAE              : Train 29707.2625, Val 16029.1760, Test 16546.0136
          R2_Score         : Train 0.9475, Val 0.9733, Test 0.9655
Epoch 72: Loss:            : Train 0.0002, Val 0.0001, Test 0.0002
          RMSE             : Train 52717.4056, Val 43897.9675, Test 46303.7601
          MAE              : Train 29742.3832, Val 23471.0136, Test 23638.5633
          R2_Score         : Train 0.9462, Val 0.9597, Test 0.9580
Best:
          RMSE             : Train 52103.9113, Val 35761.7830, Test 41983.2398
          MAE              : Train 29707.2625, Val 16029.1760, Test 16546.0136
          R2_Score         : Train 0.9475, Val 0.9733, Test 0.9655
Epoch 73: Loss:            : Train 0.0002, Val 0.0001, Test 0.0002
          RMSE             : Train 52346.3846, Val 39532.7585, Test 51951.2858
          MAE              : Train 29790.1336, Val 19657.8711, Test 20218.8012
          R2_Score         : Train 0.9470, Val 0.9673, Test 0.9471
Best:
          RMSE             : Train 52103.9113, Val 35761.7830, Test 41983.2398
          MAE              : Train 29707.2625, Val 16029.1760, Test 16546.0136
          R2_Score         : Train 0.9475, Val 0.9733, Test 0.9655
Epoch 74: Loss:            : Train 0.0002, Val 0.0001, Test 0.0002
          RMSE             : Train 53321.7367, Val 42700.6096, Test 46409.8802
          MAE              : Train 29825.2075, Val 18938.0944, Test 18914.2263
          R2_Score         : Train 0.9450, Val 0.9619, Test 0.9578
Best:
          RMSE             : Train 52103.9113, Val 35761.7830, Test 41983.2398
          MAE              : Train 29707.2625, Val 16029.1760, Test 16546.0136
          R2_Score         : Train 0.9475, Val 0.9733, Test 0.9655
Epoch 75: Loss:            : Train 0.0002, Val 0.0001, Test 0.0002
          RMSE             : Train 51917.0320, Val 39849.7239, Test 45280.6611
          MAE              : Train 29303.5819, Val 18311.4400, Test 18873.3824
          R2_Score         : Train 0.9478, Val 0.9668, Test 0.9598
Best:
          RMSE             : Train 52103.9113, Val 35761.7830, Test 41983.2398
          MAE              : Train 29707.2625, Val 16029.1760, Test 16546.0136
          R2_Score         : Train 0.9475, Val 0.9733, Test 0.9655
Epoch 76: Loss:            : Train 0.0002, Val 0.0001, Test 0.0001
          RMSE             : Train 52644.9741, Val 39319.2119, Test 44408.6829
          MAE              : Train 29839.6248, Val 19662.6179, Test 19859.1790
          R2_Score         : Train 0.9464, Val 0.9677, Test 0.9614
Best:
          RMSE             : Train 52103.9113, Val 35761.7830, Test 41983.2398
          MAE              : Train 29707.2625, Val 16029.1760, Test 16546.0136
          R2_Score         : Train 0.9475, Val 0.9733, Test 0.9655
Epoch 77: Loss:            : Train 0.0002, Val 0.0001, Test 0.0002
          RMSE             : Train 52123.3084, Val 44140.7809, Test 47253.5903
          MAE              : Train 29438.2287, Val 20574.5925, Test 20534.1839
          R2_Score         : Train 0.9474, Val 0.9593, Test 0.9563
Best:
          RMSE             : Train 52103.9113, Val 35761.7830, Test 41983.2398
          MAE              : Train 29707.2625, Val 16029.1760, Test 16546.0136
          R2_Score         : Train 0.9475, Val 0.9733, Test 0.9655
Epoch 78: Loss:            : Train 0.0002, Val 0.0001, Test 0.0001
          RMSE             : Train 53888.5266, Val 39552.3216, Test 43270.8554
          MAE              : Train 29674.4241, Val 18118.9929, Test 18554.5873
          R2_Score         : Train 0.9438, Val 0.9673, Test 0.9633
Best:
          RMSE             : Train 52103.9113, Val 35761.7830, Test 41983.2398
          MAE              : Train 29707.2625, Val 16029.1760, Test 16546.0136
          R2_Score         : Train 0.9475, Val 0.9733, Test 0.9655
Epoch 79: Loss:            : Train 0.0002, Val 0.0001, Test 0.0002
          RMSE             : Train 53584.6649, Val 43290.4705, Test 46202.4889
          MAE              : Train 29390.6489, Val 21267.3113, Test 21388.2440
          R2_Score         : Train 0.9444, Val 0.9608, Test 0.9582
Best:
          RMSE             : Train 52103.9113, Val 35761.7830, Test 41983.2398
          MAE              : Train 29707.2625, Val 16029.1760, Test 16546.0136
          R2_Score         : Train 0.9475, Val 0.9733, Test 0.9655
Epoch 80: Loss:            : Train 0.0002, Val 0.0001, Test 0.0002
          RMSE             : Train 53004.2602, Val 39754.6501, Test 47732.8453
          MAE              : Train 29632.7976, Val 21245.8706, Test 21847.5182
          R2_Score         : Train 0.9456, Val 0.9670, Test 0.9554
Best:
          RMSE             : Train 52103.9113, Val 35761.7830, Test 41983.2398
          MAE              : Train 29707.2625, Val 16029.1760, Test 16546.0136
          R2_Score         : Train 0.9475, Val 0.9733, Test 0.9655
Epoch 81: Loss:            : Train 0.0002, Val 0.0001, Test 0.0002
          RMSE             : Train 53004.7729, Val 42910.8081, Test 47057.6428
          MAE              : Train 29348.8402, Val 19727.0811, Test 19753.0274
          R2_Score         : Train 0.9456, Val 0.9615, Test 0.9566
Best:
          RMSE             : Train 52103.9113, Val 35761.7830, Test 41983.2398
          MAE              : Train 29707.2625, Val 16029.1760, Test 16546.0136
          R2_Score         : Train 0.9475, Val 0.9733, Test 0.9655
Epoch 82: Loss:            : Train 0.0002, Val 0.0001, Test 0.0002
          RMSE             : Train 52350.4190, Val 42111.3647, Test 48056.9890
          MAE              : Train 29694.3578, Val 25062.3254, Test 25509.0660
          R2_Score         : Train 0.9470, Val 0.9629, Test 0.9548
Best:
          RMSE             : Train 52103.9113, Val 35761.7830, Test 41983.2398
          MAE              : Train 29707.2625, Val 16029.1760, Test 16546.0136
          R2_Score         : Train 0.9475, Val 0.9733, Test 0.9655
Epoch 83: Loss:            : Train 0.0002, Val 0.0001, Test 0.0002
          RMSE             : Train 51782.0085, Val 42063.7803, Test 49278.5223
          MAE              : Train 29180.6234, Val 22484.5128, Test 22636.0748
          R2_Score         : Train 0.9481, Val 0.9630, Test 0.9524
Best:
          RMSE             : Train 52103.9113, Val 35761.7830, Test 41983.2398
          MAE              : Train 29707.2625, Val 16029.1760, Test 16546.0136
          R2_Score         : Train 0.9475, Val 0.9733, Test 0.9655
Epoch 84: Loss:            : Train 0.0002, Val 0.0001, Test 0.0002
          RMSE             : Train 53884.5358, Val 38020.2089, Test 47231.9780
          MAE              : Train 30033.5464, Val 17111.1427, Test 17552.3687
          R2_Score         : Train 0.9438, Val 0.9698, Test 0.9563
Best:
          RMSE             : Train 52103.9113, Val 35761.7830, Test 41983.2398
          MAE              : Train 29707.2625, Val 16029.1760, Test 16546.0136
          R2_Score         : Train 0.9475, Val 0.9733, Test 0.9655
Epoch 85: Loss:            : Train 0.0002, Val 0.0002, Test 0.0002
          RMSE             : Train 55138.9012, Val 45220.9634, Test 47696.3130
          MAE              : Train 30397.3838, Val 24250.7429, Test 24176.4104
          R2_Score         : Train 0.9412, Val 0.9572, Test 0.9554
Best:
          RMSE             : Train 52103.9113, Val 35761.7830, Test 41983.2398
          MAE              : Train 29707.2625, Val 16029.1760, Test 16546.0136
          R2_Score         : Train 0.9475, Val 0.9733, Test 0.9655
Epoch 86: Loss:            : Train 0.0002, Val 0.0001, Test 0.0002
          RMSE             : Train 55049.0036, Val 38481.6440, Test 46511.6046
          MAE              : Train 29919.6409, Val 19639.5354, Test 20175.5581
          R2_Score         : Train 0.9414, Val 0.9690, Test 0.9576
Best:
          RMSE             : Train 52103.9113, Val 35761.7830, Test 41983.2398
          MAE              : Train 29707.2625, Val 16029.1760, Test 16546.0136
          R2_Score         : Train 0.9475, Val 0.9733, Test 0.9655
Epoch 87: Loss:            : Train 0.0002, Val 0.0001, Test 0.0002
          RMSE             : Train 55414.2623, Val 44121.0989, Test 48330.8039
          MAE              : Train 30305.9237, Val 23430.8085, Test 23632.1659
          R2_Score         : Train 0.9406, Val 0.9593, Test 0.9543
Best:
          RMSE             : Train 52103.9113, Val 35761.7830, Test 41983.2398
          MAE              : Train 29707.2625, Val 16029.1760, Test 16546.0136
          R2_Score         : Train 0.9475, Val 0.9733, Test 0.9655
Epoch 88: Loss:            : Train 0.0002, Val 0.0001, Test 0.0001
          RMSE             : Train 53763.0478, Val 41138.7949, Test 42952.6606
          MAE              : Train 29676.4993, Val 17680.0790, Test 17651.6488
          R2_Score         : Train 0.9441, Val 0.9646, Test 0.9639
Best:
          RMSE             : Train 52103.9113, Val 35761.7830, Test 41983.2398
          MAE              : Train 29707.2625, Val 16029.1760, Test 16546.0136
          R2_Score         : Train 0.9475, Val 0.9733, Test 0.9655
Epoch 89: Loss:            : Train 0.0002, Val 0.0002, Test 0.0002
          RMSE             : Train 52942.2932, Val 48583.0130, Test 49643.4592
          MAE              : Train 29193.1782, Val 27842.4509, Test 27861.7491
          R2_Score         : Train 0.9458, Val 0.9507, Test 0.9517
Best:
          RMSE             : Train 52103.9113, Val 35761.7830, Test 41983.2398
          MAE              : Train 29707.2625, Val 16029.1760, Test 16546.0136
          R2_Score         : Train 0.9475, Val 0.9733, Test 0.9655
Epoch 90: Loss:            : Train 0.0002, Val 0.0001, Test 0.0002
          RMSE             : Train 53303.7444, Val 40383.1721, Test 45661.4410
          MAE              : Train 29399.3955, Val 19433.8417, Test 19723.3789
          R2_Score         : Train 0.9450, Val 0.9659, Test 0.9592
Best:
          RMSE             : Train 52103.9113, Val 35761.7830, Test 41983.2398
          MAE              : Train 29707.2625, Val 16029.1760, Test 16546.0136
          R2_Score         : Train 0.9475, Val 0.9733, Test 0.9655
Epoch 91: Loss:            : Train 0.0002, Val 0.0001, Test 0.0002
          RMSE             : Train 53102.0059, Val 43816.8123, Test 46299.1852
          MAE              : Train 29442.5345, Val 22698.4284, Test 22923.4772
          R2_Score         : Train 0.9454, Val 0.9599, Test 0.9580
Best:
          RMSE             : Train 52103.9113, Val 35761.7830, Test 41983.2398
          MAE              : Train 29707.2625, Val 16029.1760, Test 16546.0136
          R2_Score         : Train 0.9475, Val 0.9733, Test 0.9655
Epoch 92: Loss:            : Train 0.0002, Val 0.0001, Test 0.0001
          RMSE             : Train 53226.5592, Val 38347.6018, Test 41745.5539
          MAE              : Train 29181.1938, Val 15705.9981, Test 16003.5447
          R2_Score         : Train 0.9452, Val 0.9693, Test 0.9659
Best:
          RMSE             : Train 52103.9113, Val 35761.7830, Test 41983.2398
          MAE              : Train 29707.2625, Val 16029.1760, Test 16546.0136
          R2_Score         : Train 0.9475, Val 0.9733, Test 0.9655
Epoch 93: Loss:            : Train 0.0002, Val 0.0001, Test 0.0001
          RMSE             : Train 52822.9016, Val 38984.3432, Test 42532.9053
          MAE              : Train 29140.4979, Val 16764.6998, Test 16793.5673
          R2_Score         : Train 0.9460, Val 0.9682, Test 0.9646
Best:
          RMSE             : Train 52103.9113, Val 35761.7830, Test 41983.2398
          MAE              : Train 29707.2625, Val 16029.1760, Test 16546.0136
          R2_Score         : Train 0.9475, Val 0.9733, Test 0.9655
Epoch 94: Loss:            : Train 0.0002, Val 0.0001, Test 0.0001
          RMSE             : Train 50509.4302, Val 41770.5482, Test 42334.8245
          MAE              : Train 28876.8399, Val 21971.5086, Test 22224.5215
          R2_Score         : Train 0.9506, Val 0.9635, Test 0.9649
Best:
          RMSE             : Train 52103.9113, Val 35761.7830, Test 41983.2398
          MAE              : Train 29707.2625, Val 16029.1760, Test 16546.0136
          R2_Score         : Train 0.9475, Val 0.9733, Test 0.9655
Epoch 95: Loss:            : Train 0.0002, Val 0.0001, Test 0.0001
          RMSE             : Train 52797.3163, Val 42000.3666, Test 40926.9717
          MAE              : Train 29510.7471, Val 18247.7834, Test 17992.4535
          R2_Score         : Train 0.9461, Val 0.9631, Test 0.9672
Best:
          RMSE             : Train 52103.9113, Val 35761.7830, Test 41983.2398
          MAE              : Train 29707.2625, Val 16029.1760, Test 16546.0136
          R2_Score         : Train 0.9475, Val 0.9733, Test 0.9655
Epoch 96: Loss:            : Train 0.0002, Val 0.0001, Test 0.0001
          RMSE             : Train 51538.2023, Val 41753.4038, Test 41457.9811
          MAE              : Train 29080.4446, Val 18514.0432, Test 18184.5034
          R2_Score         : Train 0.9486, Val 0.9636, Test 0.9663
Best:
          RMSE             : Train 52103.9113, Val 35761.7830, Test 41983.2398
          MAE              : Train 29707.2625, Val 16029.1760, Test 16546.0136
          R2_Score         : Train 0.9475, Val 0.9733, Test 0.9655
Epoch 97: Loss:            : Train 0.0002, Val 0.0001, Test 0.0001
          RMSE             : Train 51179.0735, Val 39645.9190, Test 39778.4505
          MAE              : Train 28978.0174, Val 17142.9376, Test 16983.2089
          R2_Score         : Train 0.9493, Val 0.9671, Test 0.9690
Best:
          RMSE             : Train 52103.9113, Val 35761.7830, Test 41983.2398
          MAE              : Train 29707.2625, Val 16029.1760, Test 16546.0136
          R2_Score         : Train 0.9475, Val 0.9733, Test 0.9655
Epoch 98: Loss:            : Train 0.0002, Val 0.0001, Test 0.0001
          RMSE             : Train 51654.7049, Val 40223.8806, Test 44047.4795
          MAE              : Train 28927.6648, Val 18513.4546, Test 18983.1045
          R2_Score         : Train 0.9484, Val 0.9662, Test 0.9620
Best:
          RMSE             : Train 52103.9113, Val 35761.7830, Test 41983.2398
          MAE              : Train 29707.2625, Val 16029.1760, Test 16546.0136
          R2_Score         : Train 0.9475, Val 0.9733, Test 0.9655
Epoch 99: Loss:            : Train 0.0002, Val 0.0001, Test 0.0001
          RMSE             : Train 51936.2710, Val 39538.3740, Test 40559.8803
          MAE              : Train 28996.3477, Val 18443.9631, Test 18568.6824
          R2_Score         : Train 0.9478, Val 0.9673, Test 0.9678
Best:
          RMSE             : Train 52103.9113, Val 35761.7830, Test 41983.2398
          MAE              : Train 29707.2625, Val 16029.1760, Test 16546.0136
          R2_Score         : Train 0.9475, Val 0.9733, Test 0.9655
Epoch 100: Loss:            : Train 0.0002, Val 0.0002, Test 0.0002
          RMSE             : Train 51279.6310, Val 46317.8600, Test 47717.6272
          MAE              : Train 29041.7361, Val 21047.8322, Test 20859.6711
          R2_Score         : Train 0.9491, Val 0.9551, Test 0.9554
Best:
          RMSE             : Train 52103.9113, Val 35761.7830, Test 41983.2398
          MAE              : Train 29707.2625, Val 16029.1760, Test 16546.0136
          R2_Score         : Train 0.9475, Val 0.9733, Test 0.9655
Training time (sec): 3211
