Loading loan from data/company/loan_subset_clean.csv
Loading company from data/company/company_subset_clean.csv
Current loan columns Index(['Term', 'NoEmp', 'NewExist', 'CreateJob', 'RetainedJob', 'UrbanRural',
       'DisbursementGross', 'BalanceGross', 'ChgOffPrinGr', 'GrAppv',
       'BankState_al', 'BankState_an', 'BankState_ar', 'BankState_az',
       'BankState_ca', 'BankState_co', 'BankState_ct', 'BankState_dc',
       'BankState_de', 'BankState_en', 'BankState_fl', 'BankState_ga',
       'BankState_gu', 'BankState_hi', 'BankState_ia', 'BankState_id',
       'BankState_il', 'BankState_in', 'BankState_ks', 'BankState_ky',
       'BankState_la', 'BankState_ma', 'BankState_md', 'BankState_me',
       'BankState_mi', 'BankState_mn', 'BankState_mo', 'BankState_ms',
       'BankState_mt', 'BankState_nc', 'BankState_nd', 'BankState_ne',
       'BankState_nh', 'BankState_nj', 'BankState_nm', 'BankState_nv',
       'BankState_ny', 'BankState_oh', 'BankState_ok', 'BankState_or',
       'BankState_pa', 'BankState_pr', 'BankState_ri', 'BankState_sc',
       'BankState_sd', 'BankState_tn', 'BankState_tx', 'BankState_ut',
       'BankState_va', 'BankState_vi', 'BankState_vt', 'BankState_wa',
       'BankState_wi', 'BankState_wv', 'BankState_wy', 'RevLineCr_-',
       'RevLineCr_.', 'RevLineCr_0', 'RevLineCr_1', 'RevLineCr_2',
       'RevLineCr_3', 'RevLineCr_4', 'RevLineCr_5', 'RevLineCr_7',
       'RevLineCr_`', 'RevLineCr_a', 'RevLineCr_c', 'RevLineCr_n',
       'RevLineCr_q', 'RevLineCr_r', 'RevLineCr_t', 'RevLineCr_y', 'LowDoc_1',
       'LowDoc_a', 'LowDoc_c', 'LowDoc_n', 'LowDoc_r', 'LowDoc_s', 'LowDoc_y',
       'MIS_Status_p i f', 'Name'],
      dtype='object')
Current company columns Index(['name', 'current employee estimate', 'total employee estimate',
       'ind_airlines/aviation', 'ind_alternative dispute resolution',
       'ind_alternative medicine', 'ind_animation', 'ind_apparel & fashion',
       'ind_architecture & planning', 'ind_arts and crafts',
       ...
       'ind_wine and spirits', 'ind_wireless', 'ind_writing and editing',
       'sr_10001+', 'sr_1001 - 5000', 'sr_11 - 50', 'sr_201 - 500',
       'sr_5001 - 10000', 'sr_501 - 1000', 'sr_51 - 200'],
      dtype='object', length=157)
Loading data from cache
Done
Calculating noise scale
Adding noise of scale 0.0 to sim_scores
Adding noise of scale 0.0 to sim_scores
Adding noise of scale 0.0 to sim_scores
Filter dataset to top 40
Generating top 40 dataset
Generating top 40 dataset
Generating top 40 dataset
Preparing time (sec): 17
Initializing dataloader
Done
Prepare for training
Start training
================================================================================
                                    Kernel Shape Output Shape  Params  \
Layer                                                                   
0_local_models.0.fc_layers.Linear_0    [91, 100]   [128, 100]    9200   
1_local_models.0.fc_layers.Linear_1    [100, 50]    [128, 50]    5050   
2_local_models.1.fc_layers.Linear_0   [156, 100]   [128, 100]   15700   
3_local_models.1.fc_layers.Linear_1    [100, 50]    [128, 50]    5050   
4_agg_model.fc_layers.Linear_0        [100, 100]   [128, 100]   10100   
5_agg_model.fc_layers.Linear_1          [100, 1]     [128, 1]     101   

                                     Mult-Adds  
Layer                                           
0_local_models.0.fc_layers.Linear_0       9100  
1_local_models.0.fc_layers.Linear_1       5000  
2_local_models.1.fc_layers.Linear_0      15600  
3_local_models.1.fc_layers.Linear_1       5000  
4_agg_model.fc_layers.Linear_0           10000  
5_agg_model.fc_layers.Linear_1             100  
--------------------------------------------------------------------------------
                      Totals
Total params           45201
Trainable params       45201
Non-trainable params       0
Mult-Adds              44800
================================================================================
n_classes=2
task=regression
model_name=company_featuresim_2022-08-13-23-20-46
sche_threshold=0.0001
sche_patience=10
sche_factor=0.1
use_scheduler=False
num_workers=4
device=cuda:2
test_batch_size=4096
train_batch_size=128
learning_rate=0.001
weight_decay=1e-05
num_epochs=100
model_save_path=ckp/company_featuresim_2022-08-13-23-20-46.pth
test_rate=0.2
val_rate=0.1
multiprocess_context=fork
metrics=['rmse', 'r2_score', 'mae']
metrics_f=[<metric.rmse.RMSE object at 0x7ff0cdcf9e80>, <metric.r2_score.R2Score object at 0x7ff0cdcf9df0>, <metric.mae.MAE object at 0x7ff0cdcf9fa0>]
hidden_sizes=[200, 100]
model=SplitNN(
  (agg_model): MLP(
    (fc_layers): ModuleList(
      (0): Linear(in_features=100, out_features=100, bias=True)
      (1): Linear(in_features=100, out_features=1, bias=True)
    )
  )
  (local_models): ModuleList(
    (0): MLP(
      (fc_layers): ModuleList(
        (0): Linear(in_features=91, out_features=100, bias=True)
        (1): Linear(in_features=100, out_features=50, bias=True)
      )
    )
    (1): MLP(
      (fc_layers): ModuleList(
        (0): Linear(in_features=156, out_features=100, bias=True)
        (1): Linear(in_features=100, out_features=50, bias=True)
      )
    )
  )
)
writer=<torch.utils.tensorboard.writer.SummaryWriter object at 0x7ff1c75911c0>
dataset_type=real
drop_key=True
num_common_features=1
tree_radius=0.01
tree_leaf_size=1000
knn_k=40
grid_min=-10.0
grid_max=10.0
grid_width=1.5
sim_scaler=StandardScaler()
filter_top_k=40
link_n_jobs=1
psig_p=4
sim_leak_p=1.0
link_threshold_t=0.1
link_epsilon=0.1
n_hash_lsh=50
edit_distance_threshold=10
n_hash_func=50
collision_rate=0.01
qgram_q=4
link_delta=0.01
feature_wise_sim=False
blocking_method=knn_str
center_threshold=0.5
n_clusters=100
local_hidden_sizes=[[100], [100]]
cut_dims=[50, 50]
agg_hidden_sizes=[100]
scale_analysis=None
data1_shape=(77225, 91)
data2_shape=(220583, 157)
Epoch 1: Loss:            : Train 0.0505, Val 0.0005, Test 0.0005
          RMSE             : Train 826223.1219, Val 83267.3218, Test 84102.4922
          R2_Score         : Train -12.2109, Val 0.8550, Test 0.8615
          MAE              : Train 577742.1067, Val 52223.8963, Test 52194.7947
Best:
          RMSE             : Train 826223.1219, Val 83267.3218, Test 84102.4922
          R2_Score         : Train -12.2109, Val 0.8550, Test 0.8615
          MAE              : Train 577742.1067, Val 52223.8963, Test 52194.7947
Epoch 2: Loss:            : Train 0.0003, Val 0.0002, Test 0.0003
          RMSE             : Train 64803.6859, Val 53848.1515, Test 58153.5742
          R2_Score         : Train 0.9187, Val 0.9394, Test 0.9338
          MAE              : Train 36664.0327, Val 30103.8059, Test 30913.4806
Best:
          RMSE             : Train 64803.6859, Val 53848.1515, Test 58153.5742
          R2_Score         : Train 0.9187, Val 0.9394, Test 0.9338
          MAE              : Train 36664.0327, Val 30103.8059, Test 30913.4806
Epoch 3: Loss:            : Train 0.0002, Val 0.0002, Test 0.0002
          RMSE             : Train 54197.8887, Val 47720.7718, Test 51236.2429
          R2_Score         : Train 0.9432, Val 0.9524, Test 0.9486
          MAE              : Train 28209.1069, Val 25277.3892, Test 25811.8772
Best:
          RMSE             : Train 54197.8887, Val 47720.7718, Test 51236.2429
          R2_Score         : Train 0.9432, Val 0.9524, Test 0.9486
          MAE              : Train 28209.1069, Val 25277.3892, Test 25811.8772
Epoch 4: Loss:            : Train 0.0002, Val 0.0002, Test 0.0002
          RMSE             : Train 49594.3974, Val 46359.7033, Test 49641.7644
          R2_Score         : Train 0.9524, Val 0.9551, Test 0.9517
          MAE              : Train 25077.8993, Val 23195.2907, Test 23680.5074
Best:
          RMSE             : Train 49594.3974, Val 46359.7033, Test 49641.7644
          R2_Score         : Train 0.9524, Val 0.9551, Test 0.9517
          MAE              : Train 25077.8993, Val 23195.2907, Test 23680.5074
Epoch 5: Loss:            : Train 0.0002, Val 0.0001, Test 0.0002
          RMSE             : Train 47436.8317, Val 44640.2652, Test 46442.4019
          R2_Score         : Train 0.9565, Val 0.9583, Test 0.9578
          MAE              : Train 23079.6654, Val 21409.5160, Test 21745.8746
Best:
          RMSE             : Train 47436.8317, Val 44640.2652, Test 46442.4019
          R2_Score         : Train 0.9565, Val 0.9583, Test 0.9578
          MAE              : Train 23079.6654, Val 21409.5160, Test 21745.8746
Epoch 6: Loss:            : Train 0.0002, Val 0.0001, Test 0.0002
          RMSE             : Train 45621.6659, Val 43384.3498, Test 46625.2155
          R2_Score         : Train 0.9597, Val 0.9606, Test 0.9574
          MAE              : Train 21759.4727, Val 21001.6494, Test 21379.2304
Best:
          RMSE             : Train 45621.6659, Val 43384.3498, Test 46625.2155
          R2_Score         : Train 0.9597, Val 0.9606, Test 0.9574
          MAE              : Train 21759.4727, Val 21001.6494, Test 21379.2304
Epoch 7: Loss:            : Train 0.0001, Val 0.0002, Test 0.0002
          RMSE             : Train 44109.2490, Val 45584.6859, Test 45149.7488
          R2_Score         : Train 0.9623, Val 0.9566, Test 0.9601
          MAE              : Train 21115.5791, Val 19983.7538, Test 20054.7466
Best:
          RMSE             : Train 45621.6659, Val 43384.3498, Test 46625.2155
          R2_Score         : Train 0.9597, Val 0.9606, Test 0.9574
          MAE              : Train 21759.4727, Val 21001.6494, Test 21379.2304
Epoch 8: Loss:            : Train 0.0001, Val 0.0001, Test 0.0001
          RMSE             : Train 42574.7567, Val 44292.8064, Test 44237.0778
          R2_Score         : Train 0.9649, Val 0.9590, Test 0.9617
          MAE              : Train 20099.4373, Val 20151.3853, Test 20230.8619
Best:
          RMSE             : Train 45621.6659, Val 43384.3498, Test 46625.2155
          R2_Score         : Train 0.9597, Val 0.9606, Test 0.9574
          MAE              : Train 21759.4727, Val 21001.6494, Test 21379.2304
Epoch 9: Loss:            : Train 0.0001, Val 0.0001, Test 0.0001
          RMSE             : Train 41966.5879, Val 43674.9260, Test 43207.8687
          R2_Score         : Train 0.9659, Val 0.9601, Test 0.9634
          MAE              : Train 19511.6613, Val 19367.4135, Test 19413.4100
Best:
          RMSE             : Train 45621.6659, Val 43384.3498, Test 46625.2155
          R2_Score         : Train 0.9597, Val 0.9606, Test 0.9574
          MAE              : Train 21759.4727, Val 21001.6494, Test 21379.2304
Epoch 10: Loss:            : Train 0.0001, Val 0.0001, Test 0.0001
          RMSE             : Train 40822.4262, Val 42743.1505, Test 44280.9522
          R2_Score         : Train 0.9677, Val 0.9618, Test 0.9616
          MAE              : Train 19099.1107, Val 19455.3706, Test 19400.9127
Best:
          RMSE             : Train 40822.4262, Val 42743.1505, Test 44280.9522
          R2_Score         : Train 0.9677, Val 0.9618, Test 0.9616
          MAE              : Train 19099.1107, Val 19455.3706, Test 19400.9127
Epoch 11: Loss:            : Train 0.0001, Val 0.0001, Test 0.0001
          RMSE             : Train 40503.0544, Val 41774.6993, Test 42492.6676
          R2_Score         : Train 0.9683, Val 0.9635, Test 0.9646
          MAE              : Train 18812.2175, Val 18927.4802, Test 19097.1670
Best:
          RMSE             : Train 40503.0544, Val 41774.6993, Test 42492.6676
          R2_Score         : Train 0.9683, Val 0.9635, Test 0.9646
          MAE              : Train 18812.2175, Val 18927.4802, Test 19097.1670
Epoch 12: Loss:            : Train 0.0001, Val 0.0001, Test 0.0001
          RMSE             : Train 39673.6008, Val 42325.6368, Test 42275.4788
          R2_Score         : Train 0.9695, Val 0.9625, Test 0.9650
          MAE              : Train 18276.7303, Val 18337.5944, Test 18417.4032
Best:
          RMSE             : Train 40503.0544, Val 41774.6993, Test 42492.6676
          R2_Score         : Train 0.9683, Val 0.9635, Test 0.9646
          MAE              : Train 18812.2175, Val 18927.4802, Test 19097.1670
Epoch 13: Loss:            : Train 0.0001, Val 0.0001, Test 0.0001
          RMSE             : Train 39318.8793, Val 43294.5513, Test 44316.0507
          R2_Score         : Train 0.9701, Val 0.9608, Test 0.9615
          MAE              : Train 18176.0802, Val 20220.5085, Test 20523.9439
Best:
          RMSE             : Train 40503.0544, Val 41774.6993, Test 42492.6676
          R2_Score         : Train 0.9683, Val 0.9635, Test 0.9646
          MAE              : Train 18812.2175, Val 18927.4802, Test 19097.1670
Epoch 14: Loss:            : Train 0.0001, Val 0.0001, Test 0.0001
          RMSE             : Train 38466.6177, Val 41137.2181, Test 41252.8657
          R2_Score         : Train 0.9714, Val 0.9646, Test 0.9667
          MAE              : Train 17735.9397, Val 17542.8299, Test 17706.1454
Best:
          RMSE             : Train 38466.6177, Val 41137.2181, Test 41252.8657
          R2_Score         : Train 0.9714, Val 0.9646, Test 0.9667
          MAE              : Train 17735.9397, Val 17542.8299, Test 17706.1454
Epoch 15: Loss:            : Train 0.0001, Val 0.0001, Test 0.0001
          RMSE             : Train 38200.2560, Val 40911.6801, Test 42688.6474
          R2_Score         : Train 0.9718, Val 0.9650, Test 0.9643
          MAE              : Train 17580.4395, Val 18115.2028, Test 18164.1606
Best:
          RMSE             : Train 38200.2560, Val 40911.6801, Test 42688.6474
          R2_Score         : Train 0.9718, Val 0.9650, Test 0.9643
          MAE              : Train 17580.4395, Val 18115.2028, Test 18164.1606
Epoch 16: Loss:            : Train 0.0001, Val 0.0001, Test 0.0001
          RMSE             : Train 37502.4989, Val 43428.3395, Test 41621.3294
          R2_Score         : Train 0.9728, Val 0.9606, Test 0.9661
          MAE              : Train 17262.9095, Val 18319.1734, Test 18261.8491
Best:
          RMSE             : Train 38200.2560, Val 40911.6801, Test 42688.6474
          R2_Score         : Train 0.9718, Val 0.9650, Test 0.9643
          MAE              : Train 17580.4395, Val 18115.2028, Test 18164.1606
Epoch 17: Loss:            : Train 0.0001, Val 0.0001, Test 0.0001
          RMSE             : Train 37024.8024, Val 41842.1549, Test 42751.8162
          R2_Score         : Train 0.9735, Val 0.9634, Test 0.9642
          MAE              : Train 17106.8843, Val 17974.8439, Test 18344.4805
Best:
          RMSE             : Train 38200.2560, Val 40911.6801, Test 42688.6474
          R2_Score         : Train 0.9718, Val 0.9650, Test 0.9643
          MAE              : Train 17580.4395, Val 18115.2028, Test 18164.1606
Epoch 18: Loss:            : Train 0.0001, Val 0.0001, Test 0.0001
          RMSE             : Train 36421.3157, Val 40749.6972, Test 40918.6766
          R2_Score         : Train 0.9743, Val 0.9653, Test 0.9672
          MAE              : Train 16894.0791, Val 17385.2210, Test 17435.9045
Best:
          RMSE             : Train 36421.3157, Val 40749.6972, Test 40918.6766
          R2_Score         : Train 0.9743, Val 0.9653, Test 0.9672
          MAE              : Train 16894.0791, Val 17385.2210, Test 17435.9045
Epoch 19: Loss:            : Train 0.0001, Val 0.0001, Test 0.0001
          RMSE             : Train 36501.1452, Val 40701.9687, Test 41600.3399
          R2_Score         : Train 0.9742, Val 0.9654, Test 0.9661
          MAE              : Train 16846.9992, Val 17159.3106, Test 17396.0833
Best:
          RMSE             : Train 36501.1452, Val 40701.9687, Test 41600.3399
          R2_Score         : Train 0.9742, Val 0.9654, Test 0.9661
          MAE              : Train 16846.9992, Val 17159.3106, Test 17396.0833
Epoch 20: Loss:            : Train 0.0001, Val 0.0001, Test 0.0001
          RMSE             : Train 35896.1959, Val 40387.0231, Test 42733.0346
          R2_Score         : Train 0.9751, Val 0.9659, Test 0.9642
          MAE              : Train 16637.8422, Val 18006.6713, Test 18314.0687
Best:
          RMSE             : Train 35896.1959, Val 40387.0231, Test 42733.0346
          R2_Score         : Train 0.9751, Val 0.9659, Test 0.9642
          MAE              : Train 16637.8422, Val 18006.6713, Test 18314.0687
Epoch 21: Loss:            : Train 0.0001, Val 0.0001, Test 0.0001
          RMSE             : Train 35570.6537, Val 41870.2295, Test 41091.0515
          R2_Score         : Train 0.9755, Val 0.9633, Test 0.9669
          MAE              : Train 16483.6229, Val 17652.0880, Test 17823.2096
Best:
          RMSE             : Train 35896.1959, Val 40387.0231, Test 42733.0346
          R2_Score         : Train 0.9751, Val 0.9659, Test 0.9642
          MAE              : Train 16637.8422, Val 18006.6713, Test 18314.0687
Epoch 22: Loss:            : Train 0.0001, Val 0.0001, Test 0.0001
          RMSE             : Train 35413.2689, Val 40127.9015, Test 39845.6308
          R2_Score         : Train 0.9757, Val 0.9663, Test 0.9689
          MAE              : Train 16280.9684, Val 16686.8201, Test 16916.9476
Best:
          RMSE             : Train 35413.2689, Val 40127.9015, Test 39845.6308
          R2_Score         : Train 0.9757, Val 0.9663, Test 0.9689
          MAE              : Train 16280.9684, Val 16686.8201, Test 16916.9476
Epoch 23: Loss:            : Train 0.0001, Val 0.0001, Test 0.0001
          RMSE             : Train 35224.6523, Val 40199.7695, Test 41140.6858
          R2_Score         : Train 0.9760, Val 0.9662, Test 0.9669
          MAE              : Train 16238.6335, Val 17013.7651, Test 17256.9614
Best:
          RMSE             : Train 35413.2689, Val 40127.9015, Test 39845.6308
          R2_Score         : Train 0.9757, Val 0.9663, Test 0.9689
          MAE              : Train 16280.9684, Val 16686.8201, Test 16916.9476
Epoch 24: Loss:            : Train 0.0001, Val 0.0001, Test 0.0001
          RMSE             : Train 34822.0949, Val 39879.5069, Test 40401.0552
          R2_Score         : Train 0.9765, Val 0.9668, Test 0.9680
          MAE              : Train 15929.5443, Val 16600.1847, Test 16754.3054
Best:
          RMSE             : Train 34822.0949, Val 39879.5069, Test 40401.0552
          R2_Score         : Train 0.9765, Val 0.9668, Test 0.9680
          MAE              : Train 15929.5443, Val 16600.1847, Test 16754.3054
Epoch 25: Loss:            : Train 0.0001, Val 0.0001, Test 0.0001
          RMSE             : Train 34354.1914, Val 40283.2260, Test 42478.9276
          R2_Score         : Train 0.9772, Val 0.9661, Test 0.9647
          MAE              : Train 15786.8347, Val 16506.5851, Test 17079.6605
Best:
          RMSE             : Train 34822.0949, Val 39879.5069, Test 40401.0552
          R2_Score         : Train 0.9765, Val 0.9668, Test 0.9680
          MAE              : Train 15929.5443, Val 16600.1847, Test 16754.3054
Epoch 26: Loss:            : Train 0.0001, Val 0.0001, Test 0.0001
          RMSE             : Train 34111.7852, Val 39843.5573, Test 40953.0605
          R2_Score         : Train 0.9775, Val 0.9668, Test 0.9672
          MAE              : Train 15720.2046, Val 17110.4158, Test 17399.4346
Best:
          RMSE             : Train 34111.7852, Val 39843.5573, Test 40953.0605
          R2_Score         : Train 0.9775, Val 0.9668, Test 0.9672
          MAE              : Train 15720.2046, Val 17110.4158, Test 17399.4346
Epoch 27: Loss:            : Train 0.0001, Val 0.0001, Test 0.0001
          RMSE             : Train 33452.3654, Val 38524.8211, Test 41785.6209
          R2_Score         : Train 0.9783, Val 0.9690, Test 0.9658
          MAE              : Train 15444.7362, Val 16228.7243, Test 16783.4025
Best:
          RMSE             : Train 33452.3654, Val 38524.8211, Test 41785.6209
          R2_Score         : Train 0.9783, Val 0.9690, Test 0.9658
          MAE              : Train 15444.7362, Val 16228.7243, Test 16783.4025
Epoch 28: Loss:            : Train 0.0001, Val 0.0001, Test 0.0001
          RMSE             : Train 33606.3217, Val 40307.8451, Test 41801.5281
          R2_Score         : Train 0.9781, Val 0.9660, Test 0.9658
          MAE              : Train 15479.7290, Val 18132.1056, Test 18511.6874
Best:
          RMSE             : Train 33452.3654, Val 38524.8211, Test 41785.6209
          R2_Score         : Train 0.9783, Val 0.9690, Test 0.9658
          MAE              : Train 15444.7362, Val 16228.7243, Test 16783.4025
Epoch 29: Loss:            : Train 0.0001, Val 0.0001, Test 0.0001
          RMSE             : Train 33521.5782, Val 40425.2891, Test 41275.8440
          R2_Score         : Train 0.9783, Val 0.9658, Test 0.9666
          MAE              : Train 15616.7567, Val 17245.4516, Test 17747.5600
Best:
          RMSE             : Train 33452.3654, Val 38524.8211, Test 41785.6209
          R2_Score         : Train 0.9783, Val 0.9690, Test 0.9658
          MAE              : Train 15444.7362, Val 16228.7243, Test 16783.4025
Epoch 30: Loss:            : Train 0.0001, Val 0.0001, Test 0.0001
          RMSE             : Train 33006.4504, Val 37909.0343, Test 40862.0376
          R2_Score         : Train 0.9789, Val 0.9700, Test 0.9673
          MAE              : Train 15321.2646, Val 15776.9731, Test 16313.1143
Best:
          RMSE             : Train 33006.4504, Val 37909.0343, Test 40862.0376
          R2_Score         : Train 0.9789, Val 0.9700, Test 0.9673
          MAE              : Train 15321.2646, Val 15776.9731, Test 16313.1143
Epoch 31: Loss:            : Train 0.0001, Val 0.0001, Test 0.0001
          RMSE             : Train 32631.9303, Val 38415.9109, Test 40111.1945
          R2_Score         : Train 0.9794, Val 0.9691, Test 0.9685
          MAE              : Train 15244.5246, Val 15820.8887, Test 16001.8522
Best:
          RMSE             : Train 33006.4504, Val 37909.0343, Test 40862.0376
          R2_Score         : Train 0.9789, Val 0.9700, Test 0.9673
          MAE              : Train 15321.2646, Val 15776.9731, Test 16313.1143
Epoch 32: Loss:            : Train 0.0001, Val 0.0001, Test 0.0001
          RMSE             : Train 32381.2904, Val 38199.8780, Test 40563.3267
          R2_Score         : Train 0.9797, Val 0.9695, Test 0.9678
          MAE              : Train 15063.7663, Val 15846.6760, Test 16212.4440
Best:
          RMSE             : Train 33006.4504, Val 37909.0343, Test 40862.0376
          R2_Score         : Train 0.9789, Val 0.9700, Test 0.9673
          MAE              : Train 15321.2646, Val 15776.9731, Test 16313.1143
Epoch 33: Loss:            : Train 0.0001, Val 0.0001, Test 0.0001
          RMSE             : Train 32431.9014, Val 38310.6540, Test 41586.7411
          R2_Score         : Train 0.9796, Val 0.9693, Test 0.9661
          MAE              : Train 15068.6087, Val 17223.2534, Test 17886.5984
Best:
          RMSE             : Train 33006.4504, Val 37909.0343, Test 40862.0376
          R2_Score         : Train 0.9789, Val 0.9700, Test 0.9673
          MAE              : Train 15321.2646, Val 15776.9731, Test 16313.1143
Epoch 34: Loss:            : Train 0.0001, Val 0.0001, Test 0.0001
          RMSE             : Train 32054.1170, Val 37627.3133, Test 40120.3822
          R2_Score         : Train 0.9801, Val 0.9704, Test 0.9685
          MAE              : Train 14902.4125, Val 15651.2401, Test 15884.6313
Best:
          RMSE             : Train 32054.1170, Val 37627.3133, Test 40120.3822
          R2_Score         : Train 0.9801, Val 0.9704, Test 0.9685
          MAE              : Train 14902.4125, Val 15651.2401, Test 15884.6313
Epoch 35: Loss:            : Train 0.0001, Val 0.0001, Test 0.0001
          RMSE             : Train 32598.4552, Val 37694.2090, Test 40131.7460
          R2_Score         : Train 0.9794, Val 0.9703, Test 0.9685
          MAE              : Train 14854.6542, Val 15749.1626, Test 16060.3094
Best:
          RMSE             : Train 32054.1170, Val 37627.3133, Test 40120.3822
          R2_Score         : Train 0.9801, Val 0.9704, Test 0.9685
          MAE              : Train 14902.4125, Val 15651.2401, Test 15884.6313
Epoch 36: Loss:            : Train 0.0001, Val 0.0001, Test 0.0001
          RMSE             : Train 31697.4138, Val 37601.2208, Test 39291.4255
          R2_Score         : Train 0.9806, Val 0.9704, Test 0.9698
          MAE              : Train 14697.4376, Val 15807.0025, Test 16126.9634
Best:
          RMSE             : Train 31697.4138, Val 37601.2208, Test 39291.4255
          R2_Score         : Train 0.9806, Val 0.9704, Test 0.9698
          MAE              : Train 14697.4376, Val 15807.0025, Test 16126.9634
Epoch 37: Loss:            : Train 0.0001, Val 0.0001, Test 0.0001
          RMSE             : Train 31172.7411, Val 38207.4454, Test 40740.7425
          R2_Score         : Train 0.9812, Val 0.9695, Test 0.9675
          MAE              : Train 14576.7719, Val 15894.0987, Test 16277.6748
Best:
          RMSE             : Train 31697.4138, Val 37601.2208, Test 39291.4255
          R2_Score         : Train 0.9806, Val 0.9704, Test 0.9698
          MAE              : Train 14697.4376, Val 15807.0025, Test 16126.9634
Epoch 38: Loss:            : Train 0.0001, Val 0.0001, Test 0.0001
          RMSE             : Train 31314.7303, Val 37547.1355, Test 40743.3628
          R2_Score         : Train 0.9810, Val 0.9705, Test 0.9675
          MAE              : Train 14560.7013, Val 16260.0123, Test 16580.5028
Best:
          RMSE             : Train 31314.7303, Val 37547.1355, Test 40743.3628
          R2_Score         : Train 0.9810, Val 0.9705, Test 0.9675
          MAE              : Train 14560.7013, Val 16260.0123, Test 16580.5028
Epoch 39: Loss:            : Train 0.0001, Val 0.0001, Test 0.0001
          RMSE             : Train 31312.0154, Val 36603.5481, Test 41109.2006
          R2_Score         : Train 0.9810, Val 0.9720, Test 0.9669
          MAE              : Train 14418.9284, Val 15319.6155, Test 15846.7426
Best:
          RMSE             : Train 31312.0154, Val 36603.5481, Test 41109.2006
          R2_Score         : Train 0.9810, Val 0.9720, Test 0.9669
          MAE              : Train 14418.9284, Val 15319.6155, Test 15846.7426
Epoch 40: Loss:            : Train 0.0001, Val 0.0001, Test 0.0001
          RMSE             : Train 31340.2494, Val 36582.3228, Test 38943.8017
          R2_Score         : Train 0.9810, Val 0.9720, Test 0.9703
          MAE              : Train 14497.0967, Val 14882.1326, Test 15151.0867
Best:
          RMSE             : Train 31340.2494, Val 36582.3228, Test 38943.8017
          R2_Score         : Train 0.9810, Val 0.9720, Test 0.9703
          MAE              : Train 14497.0967, Val 14882.1326, Test 15151.0867
Epoch 41: Loss:            : Train 0.0001, Val 0.0001, Test 0.0001
          RMSE             : Train 31063.6557, Val 38009.4925, Test 40510.2748
          R2_Score         : Train 0.9813, Val 0.9698, Test 0.9679
          MAE              : Train 14379.1900, Val 17239.8242, Test 17726.6429
Best:
          RMSE             : Train 31340.2494, Val 36582.3228, Test 38943.8017
          R2_Score         : Train 0.9810, Val 0.9720, Test 0.9703
          MAE              : Train 14497.0967, Val 14882.1326, Test 15151.0867
Epoch 42: Loss:            : Train 0.0001, Val 0.0001, Test 0.0001
          RMSE             : Train 30818.3493, Val 38363.9751, Test 40555.7143
          R2_Score         : Train 0.9816, Val 0.9692, Test 0.9678
          MAE              : Train 14400.7555, Val 15589.4880, Test 15896.2936
Best:
          RMSE             : Train 31340.2494, Val 36582.3228, Test 38943.8017
          R2_Score         : Train 0.9810, Val 0.9720, Test 0.9703
          MAE              : Train 14497.0967, Val 14882.1326, Test 15151.0867
Epoch 43: Loss:            : Train 0.0001, Val 0.0001, Test 0.0001
          RMSE             : Train 30432.4723, Val 37042.4404, Test 39882.9925
          R2_Score         : Train 0.9821, Val 0.9713, Test 0.9689
          MAE              : Train 14128.7671, Val 15262.9010, Test 15648.3635
Best:
          RMSE             : Train 31340.2494, Val 36582.3228, Test 38943.8017
          R2_Score         : Train 0.9810, Val 0.9720, Test 0.9703
          MAE              : Train 14497.0967, Val 14882.1326, Test 15151.0867
Epoch 44: Loss:            : Train 0.0001, Val 0.0001, Test 0.0001
          RMSE             : Train 30078.7948, Val 38572.8592, Test 40056.1517
          R2_Score         : Train 0.9825, Val 0.9689, Test 0.9686
          MAE              : Train 14019.8779, Val 15944.2655, Test 16150.8733
Best:
          RMSE             : Train 31340.2494, Val 36582.3228, Test 38943.8017
          R2_Score         : Train 0.9810, Val 0.9720, Test 0.9703
          MAE              : Train 14497.0967, Val 14882.1326, Test 15151.0867
Epoch 45: Loss:            : Train 0.0001, Val 0.0001, Test 0.0001
          RMSE             : Train 30626.1047, Val 40315.5754, Test 41465.3165
          R2_Score         : Train 0.9818, Val 0.9660, Test 0.9663
          MAE              : Train 14135.9149, Val 18589.8919, Test 18954.4288
Best:
          RMSE             : Train 31340.2494, Val 36582.3228, Test 38943.8017
          R2_Score         : Train 0.9810, Val 0.9720, Test 0.9703
          MAE              : Train 14497.0967, Val 14882.1326, Test 15151.0867
Epoch 46: Loss:            : Train 0.0001, Val 0.0001, Test 0.0001
          RMSE             : Train 29977.7579, Val 36141.7265, Test 40059.1987
          R2_Score         : Train 0.9826, Val 0.9727, Test 0.9686
          MAE              : Train 13959.4982, Val 14491.1090, Test 15131.0911
Best:
          RMSE             : Train 29977.7579, Val 36141.7265, Test 40059.1987
          R2_Score         : Train 0.9826, Val 0.9727, Test 0.9686
          MAE              : Train 13959.4982, Val 14491.1090, Test 15131.0911
Epoch 47: Loss:            : Train 0.0001, Val 0.0001, Test 0.0001
          RMSE             : Train 30017.4748, Val 39091.8297, Test 39491.3126
          R2_Score         : Train 0.9826, Val 0.9681, Test 0.9695
          MAE              : Train 13898.1685, Val 15805.9379, Test 15859.0869
Best:
          RMSE             : Train 29977.7579, Val 36141.7265, Test 40059.1987
          R2_Score         : Train 0.9826, Val 0.9727, Test 0.9686
          MAE              : Train 13959.4982, Val 14491.1090, Test 15131.0911
Epoch 48: Loss:            : Train 0.0001, Val 0.0001, Test 0.0001
          RMSE             : Train 29893.0303, Val 37858.7581, Test 41335.2520
          R2_Score         : Train 0.9827, Val 0.9700, Test 0.9665
          MAE              : Train 13938.8105, Val 16600.6364, Test 17268.1563
Best:
          RMSE             : Train 29977.7579, Val 36141.7265, Test 40059.1987
          R2_Score         : Train 0.9826, Val 0.9727, Test 0.9686
          MAE              : Train 13959.4982, Val 14491.1090, Test 15131.0911
Epoch 49: Loss:            : Train 0.0001, Val 0.0001, Test 0.0001
          RMSE             : Train 29541.0196, Val 35834.3151, Test 39851.8020
          R2_Score         : Train 0.9831, Val 0.9732, Test 0.9689
          MAE              : Train 13792.5112, Val 15061.7394, Test 15772.6048
Best:
          RMSE             : Train 29541.0196, Val 35834.3151, Test 39851.8020
          R2_Score         : Train 0.9831, Val 0.9732, Test 0.9689
          MAE              : Train 13792.5112, Val 15061.7394, Test 15772.6048
Epoch 50: Loss:            : Train 0.0001, Val 0.0001, Test 0.0001
          RMSE             : Train 29814.1828, Val 34844.7856, Test 38307.7565
          R2_Score         : Train 0.9828, Val 0.9746, Test 0.9713
          MAE              : Train 13836.5174, Val 14264.4959, Test 14715.4469
Best:
          RMSE             : Train 29814.1828, Val 34844.7856, Test 38307.7565
          R2_Score         : Train 0.9828, Val 0.9746, Test 0.9713
          MAE              : Train 13836.5174, Val 14264.4959, Test 14715.4469
Epoch 51: Loss:            : Train 0.0001, Val 0.0001, Test 0.0001
          RMSE             : Train 29482.9083, Val 36604.9223, Test 40007.3393
          R2_Score         : Train 0.9832, Val 0.9720, Test 0.9687
          MAE              : Train 13676.1017, Val 14902.4699, Test 15591.1066
Best:
          RMSE             : Train 29814.1828, Val 34844.7856, Test 38307.7565
          R2_Score         : Train 0.9828, Val 0.9746, Test 0.9713
          MAE              : Train 13836.5174, Val 14264.4959, Test 14715.4469
Epoch 52: Loss:            : Train 0.0001, Val 0.0001, Test 0.0001
          RMSE             : Train 29873.7739, Val 41784.0286, Test 41574.5713
          R2_Score         : Train 0.9827, Val 0.9635, Test 0.9662
          MAE              : Train 13836.3535, Val 15933.0639, Test 16393.6924
Best:
          RMSE             : Train 29814.1828, Val 34844.7856, Test 38307.7565
          R2_Score         : Train 0.9828, Val 0.9746, Test 0.9713
          MAE              : Train 13836.5174, Val 14264.4959, Test 14715.4469
Epoch 53: Loss:            : Train 0.0001, Val 0.0001, Test 0.0001
          RMSE             : Train 29404.3314, Val 36288.0072, Test 39516.4494
          R2_Score         : Train 0.9833, Val 0.9725, Test 0.9694
          MAE              : Train 13700.9911, Val 14921.8258, Test 15221.3812
Best:
          RMSE             : Train 29814.1828, Val 34844.7856, Test 38307.7565
          R2_Score         : Train 0.9828, Val 0.9746, Test 0.9713
          MAE              : Train 13836.5174, Val 14264.4959, Test 14715.4469
Epoch 54: Loss:            : Train 0.0001, Val 0.0001, Test 0.0001
          RMSE             : Train 29363.6010, Val 35569.7227, Test 39048.6332
          R2_Score         : Train 0.9833, Val 0.9735, Test 0.9701
          MAE              : Train 13625.1186, Val 14680.1937, Test 15020.7284
Best:
          RMSE             : Train 29814.1828, Val 34844.7856, Test 38307.7565
          R2_Score         : Train 0.9828, Val 0.9746, Test 0.9713
          MAE              : Train 13836.5174, Val 14264.4959, Test 14715.4469
Epoch 55: Loss:            : Train 0.0001, Val 0.0001, Test 0.0001
          RMSE             : Train 29059.3537, Val 35832.4005, Test 40125.7053
          R2_Score         : Train 0.9837, Val 0.9732, Test 0.9685
          MAE              : Train 13602.9534, Val 15050.1907, Test 15651.8463
Best:
          RMSE             : Train 29814.1828, Val 34844.7856, Test 38307.7565
          R2_Score         : Train 0.9828, Val 0.9746, Test 0.9713
          MAE              : Train 13836.5174, Val 14264.4959, Test 14715.4469
Epoch 56: Loss:            : Train 0.0001, Val 0.0001, Test 0.0001
          RMSE             : Train 29313.9187, Val 35410.6949, Test 39746.8653
          R2_Score         : Train 0.9834, Val 0.9738, Test 0.9691
          MAE              : Train 13512.6070, Val 14241.9371, Test 14787.8814
Best:
          RMSE             : Train 29814.1828, Val 34844.7856, Test 38307.7565
          R2_Score         : Train 0.9828, Val 0.9746, Test 0.9713
          MAE              : Train 13836.5174, Val 14264.4959, Test 14715.4469
Epoch 57: Loss:            : Train 0.0001, Val 0.0001, Test 0.0001
          RMSE             : Train 28944.3783, Val 35734.7058, Test 40410.0729
          R2_Score         : Train 0.9838, Val 0.9733, Test 0.9680
          MAE              : Train 13479.6790, Val 14635.5062, Test 15196.2223
Best:
          RMSE             : Train 29814.1828, Val 34844.7856, Test 38307.7565
          R2_Score         : Train 0.9828, Val 0.9746, Test 0.9713
          MAE              : Train 13836.5174, Val 14264.4959, Test 14715.4469
Epoch 58: Loss:            : Train 0.0001, Val 0.0001, Test 0.0001
          RMSE             : Train 29253.2980, Val 36852.1004, Test 40148.5285
          R2_Score         : Train 0.9834, Val 0.9716, Test 0.9684
          MAE              : Train 13504.5262, Val 15001.8497, Test 15554.6680
Best:
          RMSE             : Train 29814.1828, Val 34844.7856, Test 38307.7565
          R2_Score         : Train 0.9828, Val 0.9746, Test 0.9713
          MAE              : Train 13836.5174, Val 14264.4959, Test 14715.4469
Epoch 59: Loss:            : Train 0.0001, Val 0.0001, Test 0.0001
          RMSE             : Train 28578.3626, Val 37196.4131, Test 38732.7717
          R2_Score         : Train 0.9842, Val 0.9711, Test 0.9706
          MAE              : Train 13440.7450, Val 14904.1013, Test 15264.5812
Best:
          RMSE             : Train 29814.1828, Val 34844.7856, Test 38307.7565
          R2_Score         : Train 0.9828, Val 0.9746, Test 0.9713
          MAE              : Train 13836.5174, Val 14264.4959, Test 14715.4469
Epoch 60: Loss:            : Train 0.0001, Val 0.0001, Test 0.0001
          RMSE             : Train 28517.1956, Val 38172.8269, Test 40321.4117
          R2_Score         : Train 0.9843, Val 0.9695, Test 0.9682
          MAE              : Train 13419.4139, Val 16562.9586, Test 16940.4127
Best:
          RMSE             : Train 29814.1828, Val 34844.7856, Test 38307.7565
          R2_Score         : Train 0.9828, Val 0.9746, Test 0.9713
          MAE              : Train 13836.5174, Val 14264.4959, Test 14715.4469
Epoch 61: Loss:            : Train 0.0001, Val 0.0001, Test 0.0001
          RMSE             : Train 28397.3254, Val 36922.8253, Test 39295.2656
          R2_Score         : Train 0.9844, Val 0.9715, Test 0.9698
          MAE              : Train 13402.2145, Val 14325.4637, Test 14792.4099
Best:
          RMSE             : Train 29814.1828, Val 34844.7856, Test 38307.7565
          R2_Score         : Train 0.9828, Val 0.9746, Test 0.9713
          MAE              : Train 13836.5174, Val 14264.4959, Test 14715.4469
Epoch 62: Loss:            : Train 0.0001, Val 0.0001, Test 0.0001
          RMSE             : Train 28330.2861, Val 35506.5528, Test 38263.0599
          R2_Score         : Train 0.9845, Val 0.9736, Test 0.9713
          MAE              : Train 13383.8700, Val 14237.8275, Test 14652.3352
Best:
          RMSE             : Train 29814.1828, Val 34844.7856, Test 38307.7565
          R2_Score         : Train 0.9828, Val 0.9746, Test 0.9713
          MAE              : Train 13836.5174, Val 14264.4959, Test 14715.4469
Epoch 63: Loss:            : Train 0.0001, Val 0.0001, Test 0.0001
          RMSE             : Train 28122.4364, Val 40373.0830, Test 38620.2770
          R2_Score         : Train 0.9847, Val 0.9659, Test 0.9708
          MAE              : Train 13242.0741, Val 16266.1916, Test 16513.5144
Best:
          RMSE             : Train 29814.1828, Val 34844.7856, Test 38307.7565
          R2_Score         : Train 0.9828, Val 0.9746, Test 0.9713
          MAE              : Train 13836.5174, Val 14264.4959, Test 14715.4469
Epoch 64: Loss:            : Train 0.0001, Val 0.0001, Test 0.0001
          RMSE             : Train 28483.4148, Val 37179.3660, Test 39431.5525
          R2_Score         : Train 0.9843, Val 0.9711, Test 0.9696
          MAE              : Train 13303.3805, Val 15065.7987, Test 15563.9965
Best:
          RMSE             : Train 29814.1828, Val 34844.7856, Test 38307.7565
          R2_Score         : Train 0.9828, Val 0.9746, Test 0.9713
          MAE              : Train 13836.5174, Val 14264.4959, Test 14715.4469
Epoch 65: Loss:            : Train 0.0001, Val 0.0001, Test 0.0001
          RMSE             : Train 28308.0817, Val 34780.6039, Test 38044.2180
          R2_Score         : Train 0.9845, Val 0.9747, Test 0.9717
          MAE              : Train 13356.5350, Val 14185.3481, Test 14697.0354
Best:
          RMSE             : Train 28308.0817, Val 34780.6039, Test 38044.2180
          R2_Score         : Train 0.9845, Val 0.9747, Test 0.9717
          MAE              : Train 13356.5350, Val 14185.3481, Test 14697.0354
Epoch 66: Loss:            : Train 0.0001, Val 0.0001, Test 0.0001
          RMSE             : Train 27991.6538, Val 35493.7579, Test 41443.8490
          R2_Score         : Train 0.9848, Val 0.9737, Test 0.9664
          MAE              : Train 13095.5450, Val 14702.7450, Test 15508.1994
Best:
          RMSE             : Train 28308.0817, Val 34780.6039, Test 38044.2180
          R2_Score         : Train 0.9845, Val 0.9747, Test 0.9717
          MAE              : Train 13356.5350, Val 14185.3481, Test 14697.0354
Epoch 67: Loss:            : Train 0.0001, Val 0.0001, Test 0.0001
          RMSE             : Train 27807.5229, Val 36323.1935, Test 38736.8533
          R2_Score         : Train 0.9850, Val 0.9724, Test 0.9706
          MAE              : Train 12985.3828, Val 14481.8161, Test 14780.9023
Best:
          RMSE             : Train 28308.0817, Val 34780.6039, Test 38044.2180
          R2_Score         : Train 0.9845, Val 0.9747, Test 0.9717
          MAE              : Train 13356.5350, Val 14185.3481, Test 14697.0354
Epoch 68: Loss:            : Train 0.0001, Val 0.0001, Test 0.0001
          RMSE             : Train 27899.7102, Val 36841.8312, Test 38061.6785
          R2_Score         : Train 0.9849, Val 0.9716, Test 0.9716
          MAE              : Train 13122.0909, Val 14589.6319, Test 15241.9808
Best:
          RMSE             : Train 28308.0817, Val 34780.6039, Test 38044.2180
          R2_Score         : Train 0.9845, Val 0.9747, Test 0.9717
          MAE              : Train 13356.5350, Val 14185.3481, Test 14697.0354
Epoch 69: Loss:            : Train 0.0001, Val 0.0001, Test 0.0001
          RMSE             : Train 27740.8174, Val 36902.6838, Test 39348.9304
          R2_Score         : Train 0.9851, Val 0.9715, Test 0.9697
          MAE              : Train 13065.1591, Val 14530.4438, Test 14929.0941
Best:
          RMSE             : Train 28308.0817, Val 34780.6039, Test 38044.2180
          R2_Score         : Train 0.9845, Val 0.9747, Test 0.9717
          MAE              : Train 13356.5350, Val 14185.3481, Test 14697.0354
Epoch 70: Loss:            : Train 0.0001, Val 0.0001, Test 0.0001
          RMSE             : Train 27957.6293, Val 35433.6386, Test 41372.8907
          R2_Score         : Train 0.9849, Val 0.9738, Test 0.9665
          MAE              : Train 12988.2406, Val 14542.2902, Test 15141.7722
Best:
          RMSE             : Train 28308.0817, Val 34780.6039, Test 38044.2180
          R2_Score         : Train 0.9845, Val 0.9747, Test 0.9717
          MAE              : Train 13356.5350, Val 14185.3481, Test 14697.0354
Epoch 71: Loss:            : Train 0.0001, Val 0.0001, Test 0.0001
          RMSE             : Train 27639.4284, Val 34415.4854, Test 39627.5693
          R2_Score         : Train 0.9852, Val 0.9752, Test 0.9692
          MAE              : Train 12926.3448, Val 15000.3477, Test 15776.8214
Best:
          RMSE             : Train 27639.4284, Val 34415.4854, Test 39627.5693
          R2_Score         : Train 0.9852, Val 0.9752, Test 0.9692
          MAE              : Train 12926.3448, Val 15000.3477, Test 15776.8214
Epoch 72: Loss:            : Train 0.0001, Val 0.0001, Test 0.0001
          RMSE             : Train 27398.5405, Val 36641.3580, Test 38409.0371
          R2_Score         : Train 0.9855, Val 0.9719, Test 0.9711
          MAE              : Train 12775.0816, Val 13967.2774, Test 14424.7284
Best:
          RMSE             : Train 27639.4284, Val 34415.4854, Test 39627.5693
          R2_Score         : Train 0.9852, Val 0.9752, Test 0.9692
          MAE              : Train 12926.3448, Val 15000.3477, Test 15776.8214
Epoch 73: Loss:            : Train 0.0001, Val 0.0001, Test 0.0001
          RMSE             : Train 27415.8493, Val 35468.1419, Test 38538.2743
          R2_Score         : Train 0.9855, Val 0.9737, Test 0.9709
          MAE              : Train 12921.9319, Val 14577.5215, Test 15107.6462
Best:
          RMSE             : Train 27639.4284, Val 34415.4854, Test 39627.5693
          R2_Score         : Train 0.9852, Val 0.9752, Test 0.9692
          MAE              : Train 12926.3448, Val 15000.3477, Test 15776.8214
Epoch 74: Loss:            : Train 0.0001, Val 0.0001, Test 0.0001
          RMSE             : Train 27312.3703, Val 36279.6265, Test 37956.2865
          R2_Score         : Train 0.9856, Val 0.9725, Test 0.9718
          MAE              : Train 12786.2628, Val 14078.8660, Test 14629.9120
Best:
          RMSE             : Train 27639.4284, Val 34415.4854, Test 39627.5693
          R2_Score         : Train 0.9852, Val 0.9752, Test 0.9692
          MAE              : Train 12926.3448, Val 15000.3477, Test 15776.8214
Epoch 75: Loss:            : Train 0.0001, Val 0.0001, Test 0.0001
          RMSE             : Train 27367.2402, Val 35786.6307, Test 39993.7541
          R2_Score         : Train 0.9855, Val 0.9732, Test 0.9687
          MAE              : Train 12769.0730, Val 14256.8427, Test 14596.9015
Best:
          RMSE             : Train 27639.4284, Val 34415.4854, Test 39627.5693
          R2_Score         : Train 0.9852, Val 0.9752, Test 0.9692
          MAE              : Train 12926.3448, Val 15000.3477, Test 15776.8214
Epoch 76: Loss:            : Train 0.0001, Val 0.0001, Test 0.0001
          RMSE             : Train 27047.9141, Val 36622.8830, Test 39528.7661
          R2_Score         : Train 0.9858, Val 0.9720, Test 0.9694
          MAE              : Train 12871.1450, Val 14433.5900, Test 14994.1994
Best:
          RMSE             : Train 27639.4284, Val 34415.4854, Test 39627.5693
          R2_Score         : Train 0.9852, Val 0.9752, Test 0.9692
          MAE              : Train 12926.3448, Val 15000.3477, Test 15776.8214
Epoch 77: Loss:            : Train 0.0001, Val 0.0001, Test 0.0001
          RMSE             : Train 27068.9064, Val 34711.1583, Test 38277.7533
          R2_Score         : Train 0.9858, Val 0.9748, Test 0.9713
          MAE              : Train 12742.4048, Val 13890.8878, Test 14285.6717
Best:
          RMSE             : Train 27639.4284, Val 34415.4854, Test 39627.5693
          R2_Score         : Train 0.9852, Val 0.9752, Test 0.9692
          MAE              : Train 12926.3448, Val 15000.3477, Test 15776.8214
Epoch 78: Loss:            : Train 0.0001, Val 0.0001, Test 0.0001
          RMSE             : Train 26945.4083, Val 35521.8860, Test 39167.6576
          R2_Score         : Train 0.9859, Val 0.9736, Test 0.9700
          MAE              : Train 12641.1668, Val 13936.9170, Test 14350.6812
Best:
          RMSE             : Train 27639.4284, Val 34415.4854, Test 39627.5693
          R2_Score         : Train 0.9852, Val 0.9752, Test 0.9692
          MAE              : Train 12926.3448, Val 15000.3477, Test 15776.8214
Epoch 79: Loss:            : Train 0.0001, Val 0.0001, Test 0.0001
          RMSE             : Train 27384.3904, Val 36203.2160, Test 40251.4757
          R2_Score         : Train 0.9855, Val 0.9726, Test 0.9683
          MAE              : Train 12830.8146, Val 15549.1163, Test 16203.0253
Best:
          RMSE             : Train 27639.4284, Val 34415.4854, Test 39627.5693
          R2_Score         : Train 0.9852, Val 0.9752, Test 0.9692
          MAE              : Train 12926.3448, Val 15000.3477, Test 15776.8214
Epoch 80: Loss:            : Train 0.0001, Val 0.0001, Test 0.0001
          RMSE             : Train 26721.0237, Val 35936.7160, Test 38173.6534
          R2_Score         : Train 0.9862, Val 0.9730, Test 0.9715
          MAE              : Train 12652.5878, Val 13721.3631, Test 14106.0472
Best:
          RMSE             : Train 27639.4284, Val 34415.4854, Test 39627.5693
          R2_Score         : Train 0.9852, Val 0.9752, Test 0.9692
          MAE              : Train 12926.3448, Val 15000.3477, Test 15776.8214
Epoch 81: Loss:            : Train 0.0001, Val 0.0001, Test 0.0001
          RMSE             : Train 27047.6242, Val 36914.0594, Test 38925.8021
          R2_Score         : Train 0.9858, Val 0.9715, Test 0.9703
          MAE              : Train 12602.5687, Val 14058.3320, Test 14711.9251
Best:
          RMSE             : Train 27639.4284, Val 34415.4854, Test 39627.5693
          R2_Score         : Train 0.9852, Val 0.9752, Test 0.9692
          MAE              : Train 12926.3448, Val 15000.3477, Test 15776.8214
Epoch 82: Loss:            : Train 0.0001, Val 0.0001, Test 0.0001
          RMSE             : Train 26945.3772, Val 36202.2366, Test 39126.6939
          R2_Score         : Train 0.9859, Val 0.9726, Test 0.9700
          MAE              : Train 12768.9815, Val 14139.5540, Test 14668.6723
Best:
          RMSE             : Train 27639.4284, Val 34415.4854, Test 39627.5693
          R2_Score         : Train 0.9852, Val 0.9752, Test 0.9692
          MAE              : Train 12926.3448, Val 15000.3477, Test 15776.8214
Epoch 83: Loss:            : Train 0.0001, Val 0.0001, Test 0.0001
          RMSE             : Train 26800.1544, Val 36335.2425, Test 39176.9706
          R2_Score         : Train 0.9861, Val 0.9724, Test 0.9699
          MAE              : Train 12474.0626, Val 13888.8782, Test 14389.2282
Best:
          RMSE             : Train 27639.4284, Val 34415.4854, Test 39627.5693
          R2_Score         : Train 0.9852, Val 0.9752, Test 0.9692
          MAE              : Train 12926.3448, Val 15000.3477, Test 15776.8214
Epoch 84: Loss:            : Train 0.0001, Val 0.0001, Test 0.0001
          RMSE             : Train 26191.4172, Val 35900.4120, Test 39743.9889
          R2_Score         : Train 0.9867, Val 0.9731, Test 0.9691
          MAE              : Train 12395.7475, Val 14326.0918, Test 14845.2842
Best:
          RMSE             : Train 27639.4284, Val 34415.4854, Test 39627.5693
          R2_Score         : Train 0.9852, Val 0.9752, Test 0.9692
          MAE              : Train 12926.3448, Val 15000.3477, Test 15776.8214
Epoch 85: Loss:            : Train 0.0001, Val 0.0001, Test 0.0001
          RMSE             : Train 26400.4087, Val 36732.7883, Test 39065.5143
          R2_Score         : Train 0.9865, Val 0.9718, Test 0.9701
          MAE              : Train 12477.3277, Val 14503.7663, Test 14917.9184
Best:
          RMSE             : Train 27639.4284, Val 34415.4854, Test 39627.5693
          R2_Score         : Train 0.9852, Val 0.9752, Test 0.9692
          MAE              : Train 12926.3448, Val 15000.3477, Test 15776.8214
Epoch 86: Loss:            : Train 0.0001, Val 0.0001, Test 0.0001
          RMSE             : Train 26965.8592, Val 36064.5491, Test 38942.5725
          R2_Score         : Train 0.9859, Val 0.9728, Test 0.9703
          MAE              : Train 12520.1111, Val 14351.7914, Test 14844.9151
Best:
          RMSE             : Train 27639.4284, Val 34415.4854, Test 39627.5693
          R2_Score         : Train 0.9852, Val 0.9752, Test 0.9692
          MAE              : Train 12926.3448, Val 15000.3477, Test 15776.8214
Epoch 87: Loss:            : Train 0.0001, Val 0.0001, Test 0.0001
          RMSE             : Train 26605.4533, Val 35711.3896, Test 38639.3869
          R2_Score         : Train 0.9863, Val 0.9733, Test 0.9708
          MAE              : Train 12505.7033, Val 14645.9424, Test 15146.5341
Best:
          RMSE             : Train 27639.4284, Val 34415.4854, Test 39627.5693
          R2_Score         : Train 0.9852, Val 0.9752, Test 0.9692
          MAE              : Train 12926.3448, Val 15000.3477, Test 15776.8214
Epoch 88: Loss:            : Train 0.0001, Val 0.0001, Test 0.0001
          RMSE             : Train 26186.0712, Val 34790.8140, Test 38687.3387
          R2_Score         : Train 0.9867, Val 0.9747, Test 0.9707
          MAE              : Train 12343.2751, Val 14026.8203, Test 14497.5674
Best:
          RMSE             : Train 27639.4284, Val 34415.4854, Test 39627.5693
          R2_Score         : Train 0.9852, Val 0.9752, Test 0.9692
          MAE              : Train 12926.3448, Val 15000.3477, Test 15776.8214
Epoch 89: Loss:            : Train 0.0001, Val 0.0001, Test 0.0001
          RMSE             : Train 26231.7306, Val 34877.9023, Test 38334.4703
          R2_Score         : Train 0.9867, Val 0.9746, Test 0.9712
          MAE              : Train 12343.9024, Val 14157.8893, Test 14583.3248
Best:
          RMSE             : Train 27639.4284, Val 34415.4854, Test 39627.5693
          R2_Score         : Train 0.9852, Val 0.9752, Test 0.9692
          MAE              : Train 12926.3448, Val 15000.3477, Test 15776.8214
Epoch 90: Loss:            : Train 0.0001, Val 0.0001, Test 0.0001
          RMSE             : Train 26026.4813, Val 34606.0781, Test 38957.4617
          R2_Score         : Train 0.9869, Val 0.9750, Test 0.9703
          MAE              : Train 12401.3523, Val 14156.5924, Test 14662.4095
Best:
          RMSE             : Train 27639.4284, Val 34415.4854, Test 39627.5693
          R2_Score         : Train 0.9852, Val 0.9752, Test 0.9692
          MAE              : Train 12926.3448, Val 15000.3477, Test 15776.8214
Epoch 91: Loss:            : Train 0.0001, Val 0.0001, Test 0.0001
          RMSE             : Train 26442.0918, Val 35584.2683, Test 39661.5450
          R2_Score         : Train 0.9865, Val 0.9735, Test 0.9692
          MAE              : Train 12464.4921, Val 13738.7630, Test 14323.4392
Best:
          RMSE             : Train 27639.4284, Val 34415.4854, Test 39627.5693
          R2_Score         : Train 0.9852, Val 0.9752, Test 0.9692
          MAE              : Train 12926.3448, Val 15000.3477, Test 15776.8214
Epoch 92: Loss:            : Train 0.0001, Val 0.0001, Test 0.0001
          RMSE             : Train 26110.9655, Val 35291.9558, Test 39914.5352
          R2_Score         : Train 0.9868, Val 0.9740, Test 0.9688
          MAE              : Train 12319.2261, Val 14167.2293, Test 14637.4545
Best:
          RMSE             : Train 27639.4284, Val 34415.4854, Test 39627.5693
          R2_Score         : Train 0.9852, Val 0.9752, Test 0.9692
          MAE              : Train 12926.3448, Val 15000.3477, Test 15776.8214
Epoch 93: Loss:            : Train 0.0000, Val 0.0001, Test 0.0001
          RMSE             : Train 25835.0423, Val 34338.4894, Test 38293.7157
          R2_Score         : Train 0.9871, Val 0.9753, Test 0.9713
          MAE              : Train 12399.3488, Val 13678.4455, Test 14217.8079
Best:
          RMSE             : Train 25835.0423, Val 34338.4894, Test 38293.7157
          R2_Score         : Train 0.9871, Val 0.9753, Test 0.9713
          MAE              : Train 12399.3488, Val 13678.4455, Test 14217.8079
Epoch 94: Loss:            : Train 0.0000, Val 0.0001, Test 0.0001
          RMSE             : Train 25974.6614, Val 34829.3754, Test 40595.6908
          R2_Score         : Train 0.9869, Val 0.9746, Test 0.9677
          MAE              : Train 12303.3735, Val 13932.8151, Test 14744.9574
Best:
          RMSE             : Train 25835.0423, Val 34338.4894, Test 38293.7157
          R2_Score         : Train 0.9871, Val 0.9753, Test 0.9713
          MAE              : Train 12399.3488, Val 13678.4455, Test 14217.8079
Epoch 95: Loss:            : Train 0.0001, Val 0.0001, Test 0.0001
          RMSE             : Train 26017.9980, Val 34504.7912, Test 37485.1422
          R2_Score         : Train 0.9869, Val 0.9751, Test 0.9725
          MAE              : Train 12332.8611, Val 13590.1344, Test 14126.4975
Best:
          RMSE             : Train 25835.0423, Val 34338.4894, Test 38293.7157
          R2_Score         : Train 0.9871, Val 0.9753, Test 0.9713
          MAE              : Train 12399.3488, Val 13678.4455, Test 14217.8079
Epoch 96: Loss:            : Train 0.0000, Val 0.0001, Test 0.0001
          RMSE             : Train 25988.9645, Val 34613.9222, Test 37136.2424
          R2_Score         : Train 0.9869, Val 0.9750, Test 0.9730
          MAE              : Train 12363.8619, Val 13399.7634, Test 13880.3761
Best:
          RMSE             : Train 25835.0423, Val 34338.4894, Test 38293.7157
          R2_Score         : Train 0.9871, Val 0.9753, Test 0.9713
          MAE              : Train 12399.3488, Val 13678.4455, Test 14217.8079
Epoch 97: Loss:            : Train 0.0000, Val 0.0001, Test 0.0001
          RMSE             : Train 25676.1013, Val 33991.1772, Test 38803.9889
          R2_Score         : Train 0.9872, Val 0.9758, Test 0.9705
          MAE              : Train 12223.6009, Val 14276.8487, Test 14874.2846
Best:
          RMSE             : Train 25676.1013, Val 33991.1772, Test 38803.9889
          R2_Score         : Train 0.9872, Val 0.9758, Test 0.9705
          MAE              : Train 12223.6009, Val 14276.8487, Test 14874.2846
Epoch 98: Loss:            : Train 0.0000, Val 0.0001, Test 0.0001
          RMSE             : Train 25775.0760, Val 35213.3477, Test 37918.1697
          R2_Score         : Train 0.9871, Val 0.9741, Test 0.9718
          MAE              : Train 12198.7850, Val 13803.5644, Test 14220.9408
Best:
          RMSE             : Train 25676.1013, Val 33991.1772, Test 38803.9889
          R2_Score         : Train 0.9872, Val 0.9758, Test 0.9705
          MAE              : Train 12223.6009, Val 14276.8487, Test 14874.2846
Epoch 99: Loss:            : Train 0.0000, Val 0.0001, Test 0.0001
          RMSE             : Train 25661.0174, Val 35075.8445, Test 41577.7595
          R2_Score         : Train 0.9873, Val 0.9743, Test 0.9661
          MAE              : Train 12136.0227, Val 13676.9424, Test 14239.8966
Best:
          RMSE             : Train 25676.1013, Val 33991.1772, Test 38803.9889
          R2_Score         : Train 0.9872, Val 0.9758, Test 0.9705
          MAE              : Train 12223.6009, Val 14276.8487, Test 14874.2846
Epoch 100: Loss:            : Train 0.0000, Val 0.0001, Test 0.0001
          RMSE             : Train 25653.6866, Val 35726.1748, Test 40995.0748
          R2_Score         : Train 0.9873, Val 0.9733, Test 0.9671
          MAE              : Train 12185.8419, Val 15125.5803, Test 15803.3080
Best:
          RMSE             : Train 25676.1013, Val 33991.1772, Test 38803.9889
          R2_Score         : Train 0.9872, Val 0.9758, Test 0.9705
          MAE              : Train 12223.6009, Val 14276.8487, Test 14874.2846
Training time (sec): 1368
