Loading parties from cache
Loading data from cache
Done
Calculating noise scale
Adding noise of scale 0.0 to sim_scores
Adding noise of scale 0.0 to sim_scores
Adding noise of scale 0.0 to sim_scores
Filter dataset to top 10
Generating top 10 dataset
Generating top 10 dataset
Generating top 10 dataset
Generating top1 dataset
Generating top1 dataset
Generating top1 dataset
Preparing time (sec): 0
Loading data
Prepare for training
Start training
================================================================================
                                    Kernel Shape Output Shape  Params  \
Layer                                                                   
0_local_models.0.fc_layers.Linear_0     [3, 100]  [4096, 100]     400   
1_local_models.0.fc_layers.Linear_1    [100, 50]   [4096, 50]    5050   
2_local_models.1.fc_layers.Linear_0     [3, 100]  [4096, 100]     400   
3_local_models.1.fc_layers.Linear_1    [100, 50]   [4096, 50]    5050   
4_agg_model.fc_layers.Linear_0        [100, 100]  [4096, 100]   10100   
5_agg_model.fc_layers.Linear_1         [100, 10]   [4096, 10]    1010   

                                     Mult-Adds  
Layer                                           
0_local_models.0.fc_layers.Linear_0        300  
1_local_models.0.fc_layers.Linear_1       5000  
2_local_models.1.fc_layers.Linear_0        300  
3_local_models.1.fc_layers.Linear_1       5000  
4_agg_model.fc_layers.Linear_0           10000  
5_agg_model.fc_layers.Linear_1            1000  
--------------------------------------------------------------------------------
                      Totals
Total params           22010
Trainable params       22010
Non-trainable params       0
Mult-Adds              21600
================================================================================
n_classes=10
task=multi_cls
model_name=frog_top1sim_noise_0.2_2022-01-28-00-07-34
sche_threshold=0.0001
sche_patience=10
sche_factor=0.1
use_scheduler=False
num_workers=4
device=cuda:2
test_batch_size=4096
train_batch_size=4096
learning_rate=0.03
weight_decay=0.001
num_epochs=200
model_save_path=ckp/frog_top1sim_noise_0.2_2022-01-28-00-07-34.pth
test_rate=0.2
val_rate=0.2
multiprocess_context=fork
metrics=['accuracy']
metrics_f=[<metric.accuracy.Accuracy object at 0x7f5d09ea9af0>]
hidden_sizes=[200, 100]
model=SplitNN(
  (agg_model): MLP(
    (fc_layers): ModuleList(
      (0): Linear(in_features=100, out_features=100, bias=True)
      (1): Linear(in_features=100, out_features=10, bias=True)
    )
  )
  (local_models): ModuleList(
    (0): MLP(
      (fc_layers): ModuleList(
        (0): Linear(in_features=3, out_features=100, bias=True)
        (1): Linear(in_features=100, out_features=50, bias=True)
      )
    )
    (1): MLP(
      (fc_layers): ModuleList(
        (0): Linear(in_features=3, out_features=100, bias=True)
        (1): Linear(in_features=100, out_features=50, bias=True)
      )
    )
  )
)
writer=<torch.utils.tensorboard.writer.SummaryWriter object at 0x7f5d09ea9c10>
dataset_type=syn
drop_key=True
num_common_features=16
tree_radius=2
tree_leaf_size=1000
knn_k=10
grid_min=-10.0
grid_max=10.0
grid_width=1.5
sim_scaler=StandardScaler()
filter_top_k=10
link_n_jobs=1
psig_p=7
sim_leak_p=1.0
link_threshold_t=0.1
link_epsilon=0.1
n_hash_lsh=20
edit_distance_threshold=1
n_hash_func=10
collision_rate=0.05
qgram_q=2
link_delta=0.1
feature_wise_sim=False
blocking_method=knn
center_threshold=0.5
n_clusters=100
local_hidden_sizes=[[100], [100]]
cut_dims=[50, 50]
agg_hidden_sizes=[100]
scale_analysis=None
data1_shape=(7195, 19)
data2_shape=(7195, 19)
Epoch 1: Loss:            : Train 0.0000, Val 2.0986, Test 2.0947
          Accuracy         : Train 0.0686, Val 0.4802, Test 0.4837
Best:
          Accuracy         : Train 0.0686, Val 0.4802, Test 0.4837
Epoch 2: Loss:            : Train 0.0000, Val 1.8400, Test 1.8340
          Accuracy         : Train 0.4844, Val 0.4802, Test 0.4837
Best:
          Accuracy         : Train 0.0686, Val 0.4802, Test 0.4837
Epoch 3: Loss:            : Train 0.0000, Val 1.6991, Test 1.6945
          Accuracy         : Train 0.4844, Val 0.4802, Test 0.4837
Best:
          Accuracy         : Train 0.0686, Val 0.4802, Test 0.4837
Epoch 4: Loss:            : Train 0.0000, Val 1.6814, Test 1.6878
          Accuracy         : Train 0.4844, Val 0.4802, Test 0.4837
Best:
          Accuracy         : Train 0.0686, Val 0.4802, Test 0.4837
Epoch 5: Loss:            : Train 0.0000, Val 1.5903, Test 1.5991
          Accuracy         : Train 0.4844, Val 0.4802, Test 0.4837
Best:
          Accuracy         : Train 0.0686, Val 0.4802, Test 0.4837
Epoch 6: Loss:            : Train 0.0000, Val 1.5556, Test 1.5575
          Accuracy         : Train 0.4844, Val 0.4802, Test 0.4837
Best:
          Accuracy         : Train 0.0686, Val 0.4802, Test 0.4837
Epoch 7: Loss:            : Train 0.0000, Val 1.4991, Test 1.5005
          Accuracy         : Train 0.4844, Val 0.4802, Test 0.4837
Best:
          Accuracy         : Train 0.0686, Val 0.4802, Test 0.4837
Epoch 8: Loss:            : Train 0.0000, Val 1.4168, Test 1.4168
          Accuracy         : Train 0.4844, Val 0.4802, Test 0.4837
Best:
          Accuracy         : Train 0.0686, Val 0.4802, Test 0.4837
Epoch 9: Loss:            : Train 0.0000, Val 1.3195, Test 1.3013
          Accuracy         : Train 0.4858, Val 0.5191, Test 0.5393
Best:
          Accuracy         : Train 0.4858, Val 0.5191, Test 0.5393
Epoch 10: Loss:            : Train 0.0000, Val 1.2216, Test 1.2142
          Accuracy         : Train 0.5580, Val 0.5671, Test 0.5678
Best:
          Accuracy         : Train 0.5580, Val 0.5671, Test 0.5678
Epoch 11: Loss:            : Train 0.0000, Val 1.1588, Test 1.1646
          Accuracy         : Train 0.6203, Val 0.6546, Test 0.6491
Best:
          Accuracy         : Train 0.6203, Val 0.6546, Test 0.6491
Epoch 12: Loss:            : Train 0.0000, Val 1.0889, Test 1.0606
          Accuracy         : Train 0.7114, Val 0.6901, Test 0.6915
Best:
          Accuracy         : Train 0.7114, Val 0.6901, Test 0.6915
Epoch 13: Loss:            : Train 0.0000, Val 1.0293, Test 1.0341
          Accuracy         : Train 0.6889, Val 0.7325, Test 0.7179
Best:
          Accuracy         : Train 0.6889, Val 0.7325, Test 0.7179
Epoch 14: Loss:            : Train 0.0000, Val 0.9887, Test 0.9960
          Accuracy         : Train 0.7396, Val 0.7394, Test 0.7234
Best:
          Accuracy         : Train 0.7396, Val 0.7394, Test 0.7234
Epoch 15: Loss:            : Train 0.0000, Val 0.9468, Test 0.9158
          Accuracy         : Train 0.7375, Val 0.7512, Test 0.7533
Best:
          Accuracy         : Train 0.7375, Val 0.7512, Test 0.7533
Epoch 16: Loss:            : Train 0.0000, Val 0.9344, Test 0.9135
          Accuracy         : Train 0.7489, Val 0.7387, Test 0.7554
Best:
          Accuracy         : Train 0.7375, Val 0.7512, Test 0.7533
Epoch 17: Loss:            : Train 0.0000, Val 0.9808, Test 0.8659
          Accuracy         : Train 0.7633, Val 0.7192, Test 0.7714
Best:
          Accuracy         : Train 0.7375, Val 0.7512, Test 0.7533
Epoch 18: Loss:            : Train 0.0000, Val 0.9217, Test 0.9225
          Accuracy         : Train 0.7568, Val 0.7498, Test 0.7526
Best:
          Accuracy         : Train 0.7375, Val 0.7512, Test 0.7533
Epoch 19: Loss:            : Train 0.0000, Val 0.8968, Test 0.8149
          Accuracy         : Train 0.7686, Val 0.7366, Test 0.7797
Best:
          Accuracy         : Train 0.7375, Val 0.7512, Test 0.7533
Epoch 20: Loss:            : Train 0.0000, Val 0.8560, Test 0.8087
          Accuracy         : Train 0.7640, Val 0.7422, Test 0.7776
Best:
          Accuracy         : Train 0.7375, Val 0.7512, Test 0.7533
Epoch 21: Loss:            : Train 0.0000, Val 0.8718, Test 0.8356
          Accuracy         : Train 0.7744, Val 0.7255, Test 0.7741
Best:
          Accuracy         : Train 0.7375, Val 0.7512, Test 0.7533
Epoch 22: Loss:            : Train 0.0000, Val 0.8131, Test 0.7593
          Accuracy         : Train 0.7725, Val 0.7491, Test 0.7901
Best:
          Accuracy         : Train 0.7375, Val 0.7512, Test 0.7533
Epoch 23: Loss:            : Train 0.0000, Val 0.7990, Test 0.8190
          Accuracy         : Train 0.7945, Val 0.7741, Test 0.7637
Best:
          Accuracy         : Train 0.7945, Val 0.7741, Test 0.7637
Epoch 24: Loss:            : Train 0.0000, Val 0.7913, Test 0.6968
          Accuracy         : Train 0.7920, Val 0.7637, Test 0.7999
Best:
          Accuracy         : Train 0.7945, Val 0.7741, Test 0.7637
Epoch 25: Loss:            : Train 0.0000, Val 0.8289, Test 0.7757
          Accuracy         : Train 0.8098, Val 0.7575, Test 0.7860
Best:
          Accuracy         : Train 0.7945, Val 0.7741, Test 0.7637
Epoch 26: Loss:            : Train 0.0000, Val 0.7295, Test 0.6777
          Accuracy         : Train 0.7978, Val 0.7880, Test 0.7978
Best:
          Accuracy         : Train 0.7978, Val 0.7880, Test 0.7978
Epoch 27: Loss:            : Train 0.0000, Val 0.7047, Test 0.6975
          Accuracy         : Train 0.8198, Val 0.8013, Test 0.8082
Best:
          Accuracy         : Train 0.8198, Val 0.8013, Test 0.8082
Epoch 28: Loss:            : Train 0.0000, Val 0.6843, Test 0.7049
          Accuracy         : Train 0.8258, Val 0.8096, Test 0.7964
Best:
          Accuracy         : Train 0.8258, Val 0.8096, Test 0.7964
Epoch 29: Loss:            : Train 0.0000, Val 0.7648, Test 0.6855
          Accuracy         : Train 0.8200, Val 0.7804, Test 0.8186
Best:
          Accuracy         : Train 0.8258, Val 0.8096, Test 0.7964
Epoch 30: Loss:            : Train 0.0000, Val 0.6574, Test 0.6852
          Accuracy         : Train 0.8202, Val 0.8138, Test 0.8075
Best:
          Accuracy         : Train 0.8202, Val 0.8138, Test 0.8075
Epoch 31: Loss:            : Train 0.0000, Val 0.6360, Test 0.6743
          Accuracy         : Train 0.8318, Val 0.8207, Test 0.8221
Best:
          Accuracy         : Train 0.8318, Val 0.8207, Test 0.8221
Epoch 32: Loss:            : Train 0.0000, Val 0.6707, Test 0.6544
          Accuracy         : Train 0.8429, Val 0.8068, Test 0.8228
Best:
          Accuracy         : Train 0.8318, Val 0.8207, Test 0.8221
Epoch 33: Loss:            : Train 0.0000, Val 0.6964, Test 0.7076
          Accuracy         : Train 0.8402, Val 0.7999, Test 0.8124
Best:
          Accuracy         : Train 0.8318, Val 0.8207, Test 0.8221
Epoch 34: Loss:            : Train 0.0000, Val 0.6827, Test 0.6671
          Accuracy         : Train 0.8404, Val 0.7999, Test 0.8138
Best:
          Accuracy         : Train 0.8318, Val 0.8207, Test 0.8221
Epoch 35: Loss:            : Train 0.0000, Val 0.6583, Test 0.6493
          Accuracy         : Train 0.8460, Val 0.8158, Test 0.8388
Best:
          Accuracy         : Train 0.8318, Val 0.8207, Test 0.8221
Epoch 36: Loss:            : Train 0.0000, Val 0.6277, Test 0.6281
          Accuracy         : Train 0.8520, Val 0.8207, Test 0.8270
Best:
          Accuracy         : Train 0.8318, Val 0.8207, Test 0.8221
Epoch 37: Loss:            : Train 0.0000, Val 0.6309, Test 0.6451
          Accuracy         : Train 0.8471, Val 0.8263, Test 0.8186
Best:
          Accuracy         : Train 0.8471, Val 0.8263, Test 0.8186
Epoch 38: Loss:            : Train 0.0000, Val 0.6489, Test 0.6501
          Accuracy         : Train 0.8436, Val 0.8040, Test 0.8332
Best:
          Accuracy         : Train 0.8471, Val 0.8263, Test 0.8186
Epoch 39: Loss:            : Train 0.0000, Val 0.6799, Test 0.7697
          Accuracy         : Train 0.8434, Val 0.7950, Test 0.7790
Best:
          Accuracy         : Train 0.8471, Val 0.8263, Test 0.8186
Epoch 40: Loss:            : Train 0.0000, Val 0.6455, Test 0.6137
          Accuracy         : Train 0.8392, Val 0.7985, Test 0.8374
Best:
          Accuracy         : Train 0.8471, Val 0.8263, Test 0.8186
Epoch 41: Loss:            : Train 0.0000, Val 0.6780, Test 0.6621
          Accuracy         : Train 0.8515, Val 0.7943, Test 0.8388
Best:
          Accuracy         : Train 0.8471, Val 0.8263, Test 0.8186
Epoch 42: Loss:            : Train 0.0000, Val 0.6460, Test 0.6847
          Accuracy         : Train 0.8439, Val 0.8158, Test 0.8284
Best:
          Accuracy         : Train 0.8471, Val 0.8263, Test 0.8186
Epoch 43: Loss:            : Train 0.0000, Val 0.7639, Test 0.6746
          Accuracy         : Train 0.8478, Val 0.7735, Test 0.8131
Best:
          Accuracy         : Train 0.8471, Val 0.8263, Test 0.8186
Epoch 44: Loss:            : Train 0.0000, Val 0.6201, Test 0.6411
          Accuracy         : Train 0.8316, Val 0.8353, Test 0.8284
Best:
          Accuracy         : Train 0.8316, Val 0.8353, Test 0.8284
Epoch 45: Loss:            : Train 0.0000, Val 0.6545, Test 0.6219
          Accuracy         : Train 0.8487, Val 0.8221, Test 0.8429
Best:
          Accuracy         : Train 0.8316, Val 0.8353, Test 0.8284
Epoch 46: Loss:            : Train 0.0000, Val 0.7070, Test 0.6251
          Accuracy         : Train 0.8562, Val 0.8082, Test 0.8374
Best:
          Accuracy         : Train 0.8316, Val 0.8353, Test 0.8284
Epoch 47: Loss:            : Train 0.0000, Val 0.7213, Test 0.7457
          Accuracy         : Train 0.8425, Val 0.8172, Test 0.7985
Best:
          Accuracy         : Train 0.8316, Val 0.8353, Test 0.8284
Epoch 48: Loss:            : Train 0.0000, Val 0.6276, Test 0.6028
          Accuracy         : Train 0.8485, Val 0.8228, Test 0.8256
Best:
          Accuracy         : Train 0.8316, Val 0.8353, Test 0.8284
Epoch 49: Loss:            : Train 0.0000, Val 0.6600, Test 0.5914
          Accuracy         : Train 0.8557, Val 0.7741, Test 0.8277
Best:
          Accuracy         : Train 0.8316, Val 0.8353, Test 0.8284
Epoch 50: Loss:            : Train 0.0000, Val 0.6453, Test 0.6615
          Accuracy         : Train 0.8487, Val 0.8026, Test 0.8040
Best:
          Accuracy         : Train 0.8316, Val 0.8353, Test 0.8284
Epoch 51: Loss:            : Train 0.0000, Val 0.6379, Test 0.6014
          Accuracy         : Train 0.8471, Val 0.8117, Test 0.8346
Best:
          Accuracy         : Train 0.8316, Val 0.8353, Test 0.8284
Epoch 52: Loss:            : Train 0.0000, Val 0.6485, Test 0.6415
          Accuracy         : Train 0.8610, Val 0.8124, Test 0.8235
Best:
          Accuracy         : Train 0.8316, Val 0.8353, Test 0.8284
Epoch 53: Loss:            : Train 0.0000, Val 0.6408, Test 0.6245
          Accuracy         : Train 0.8469, Val 0.8061, Test 0.8284
Best:
          Accuracy         : Train 0.8316, Val 0.8353, Test 0.8284
Epoch 54: Loss:            : Train 0.0000, Val 0.6861, Test 0.6199
          Accuracy         : Train 0.8552, Val 0.7894, Test 0.8395
Best:
          Accuracy         : Train 0.8316, Val 0.8353, Test 0.8284
Epoch 55: Loss:            : Train 0.0000, Val 0.6382, Test 0.6318
          Accuracy         : Train 0.8511, Val 0.7950, Test 0.8270
Best:
          Accuracy         : Train 0.8316, Val 0.8353, Test 0.8284
Epoch 56: Loss:            : Train 0.0000, Val 0.6001, Test 0.5954
          Accuracy         : Train 0.8559, Val 0.8151, Test 0.8360
Best:
          Accuracy         : Train 0.8316, Val 0.8353, Test 0.8284
Epoch 57: Loss:            : Train 0.0000, Val 0.7179, Test 0.6278
          Accuracy         : Train 0.8652, Val 0.7929, Test 0.8304
Best:
          Accuracy         : Train 0.8316, Val 0.8353, Test 0.8284
Epoch 58: Loss:            : Train 0.0000, Val 0.6484, Test 0.5707
          Accuracy         : Train 0.8473, Val 0.8138, Test 0.8485
Best:
          Accuracy         : Train 0.8316, Val 0.8353, Test 0.8284
Epoch 59: Loss:            : Train 0.0000, Val 0.6481, Test 0.6565
          Accuracy         : Train 0.8638, Val 0.8089, Test 0.8186
Best:
          Accuracy         : Train 0.8316, Val 0.8353, Test 0.8284
Epoch 60: Loss:            : Train 0.0000, Val 0.6374, Test 0.5497
          Accuracy         : Train 0.8557, Val 0.8006, Test 0.8534
Best:
          Accuracy         : Train 0.8316, Val 0.8353, Test 0.8284
Epoch 61: Loss:            : Train 0.0000, Val 0.6552, Test 0.5628
          Accuracy         : Train 0.8687, Val 0.7985, Test 0.8534
Best:
          Accuracy         : Train 0.8316, Val 0.8353, Test 0.8284
Epoch 62: Loss:            : Train 0.0000, Val 0.6198, Test 0.6185
          Accuracy         : Train 0.8698, Val 0.8096, Test 0.8249
Best:
          Accuracy         : Train 0.8316, Val 0.8353, Test 0.8284
Epoch 63: Loss:            : Train 0.0000, Val 0.6211, Test 0.5621
          Accuracy         : Train 0.8777, Val 0.8026, Test 0.8520
Best:
          Accuracy         : Train 0.8316, Val 0.8353, Test 0.8284
Epoch 64: Loss:            : Train 0.0000, Val 0.5711, Test 0.5689
          Accuracy         : Train 0.8710, Val 0.8249, Test 0.8520
Best:
          Accuracy         : Train 0.8316, Val 0.8353, Test 0.8284
Epoch 65: Loss:            : Train 0.0000, Val 0.6029, Test 0.5862
          Accuracy         : Train 0.8768, Val 0.8270, Test 0.8346
Best:
          Accuracy         : Train 0.8316, Val 0.8353, Test 0.8284
Epoch 66: Loss:            : Train 0.0000, Val 0.6226, Test 0.5527
          Accuracy         : Train 0.8814, Val 0.8040, Test 0.8527
Best:
          Accuracy         : Train 0.8316, Val 0.8353, Test 0.8284
Epoch 67: Loss:            : Train 0.0000, Val 0.5968, Test 0.5847
          Accuracy         : Train 0.8733, Val 0.8082, Test 0.8290
Best:
          Accuracy         : Train 0.8316, Val 0.8353, Test 0.8284
Epoch 68: Loss:            : Train 0.0000, Val 0.6012, Test 0.5294
          Accuracy         : Train 0.8770, Val 0.8089, Test 0.8492
Best:
          Accuracy         : Train 0.8316, Val 0.8353, Test 0.8284
Epoch 69: Loss:            : Train 0.0000, Val 0.6369, Test 0.5641
          Accuracy         : Train 0.8738, Val 0.8006, Test 0.8409
Best:
          Accuracy         : Train 0.8316, Val 0.8353, Test 0.8284
Epoch 70: Loss:            : Train 0.0000, Val 0.6961, Test 0.6325
          Accuracy         : Train 0.8675, Val 0.7915, Test 0.8263
Best:
          Accuracy         : Train 0.8316, Val 0.8353, Test 0.8284
Epoch 71: Loss:            : Train 0.0000, Val 0.6934, Test 0.5659
          Accuracy         : Train 0.8717, Val 0.7950, Test 0.8367
Best:
          Accuracy         : Train 0.8316, Val 0.8353, Test 0.8284
Epoch 72: Loss:            : Train 0.0000, Val 0.6106, Test 0.5528
          Accuracy         : Train 0.8768, Val 0.7957, Test 0.8478
Best:
          Accuracy         : Train 0.8316, Val 0.8353, Test 0.8284
Epoch 73: Loss:            : Train 0.0000, Val 0.6450, Test 0.5535
          Accuracy         : Train 0.8816, Val 0.7950, Test 0.8534
Best:
          Accuracy         : Train 0.8316, Val 0.8353, Test 0.8284
Epoch 74: Loss:            : Train 0.0000, Val 0.6637, Test 0.5581
          Accuracy         : Train 0.8798, Val 0.7999, Test 0.8506
Best:
          Accuracy         : Train 0.8316, Val 0.8353, Test 0.8284
Epoch 75: Loss:            : Train 0.0000, Val 0.7129, Test 0.6082
          Accuracy         : Train 0.8610, Val 0.7943, Test 0.8311
Best:
          Accuracy         : Train 0.8316, Val 0.8353, Test 0.8284
Epoch 76: Loss:            : Train 0.0000, Val 0.6751, Test 0.6207
          Accuracy         : Train 0.8749, Val 0.7908, Test 0.8339
Best:
          Accuracy         : Train 0.8316, Val 0.8353, Test 0.8284
Epoch 77: Loss:            : Train 0.0000, Val 0.6182, Test 0.5424
          Accuracy         : Train 0.8631, Val 0.8061, Test 0.8464
Best:
          Accuracy         : Train 0.8316, Val 0.8353, Test 0.8284
Epoch 78: Loss:            : Train 0.0000, Val 0.6808, Test 0.5953
          Accuracy         : Train 0.8684, Val 0.7853, Test 0.8297
Best:
          Accuracy         : Train 0.8316, Val 0.8353, Test 0.8284
Epoch 79: Loss:            : Train 0.0000, Val 0.5976, Test 0.5326
          Accuracy         : Train 0.8714, Val 0.8172, Test 0.8582
Best:
          Accuracy         : Train 0.8316, Val 0.8353, Test 0.8284
Epoch 80: Loss:            : Train 0.0000, Val 0.7012, Test 0.5764
          Accuracy         : Train 0.8842, Val 0.7964, Test 0.8429
Best:
          Accuracy         : Train 0.8316, Val 0.8353, Test 0.8284
Epoch 81: Loss:            : Train 0.0000, Val 0.6330, Test 0.5780
          Accuracy         : Train 0.8721, Val 0.7978, Test 0.8381
Best:
          Accuracy         : Train 0.8316, Val 0.8353, Test 0.8284
Epoch 82: Loss:            : Train 0.0000, Val 0.6697, Test 0.6522
          Accuracy         : Train 0.8874, Val 0.7825, Test 0.8138
Best:
          Accuracy         : Train 0.8316, Val 0.8353, Test 0.8284
Epoch 83: Loss:            : Train 0.0000, Val 0.6177, Test 0.5705
          Accuracy         : Train 0.8689, Val 0.8172, Test 0.8471
Best:
          Accuracy         : Train 0.8316, Val 0.8353, Test 0.8284
Epoch 84: Loss:            : Train 0.0000, Val 0.6801, Test 0.5924
          Accuracy         : Train 0.8814, Val 0.7978, Test 0.8416
Best:
          Accuracy         : Train 0.8316, Val 0.8353, Test 0.8284
Epoch 85: Loss:            : Train 0.0000, Val 0.6474, Test 0.6228
          Accuracy         : Train 0.8798, Val 0.7971, Test 0.8360
Best:
          Accuracy         : Train 0.8316, Val 0.8353, Test 0.8284
Epoch 86: Loss:            : Train 0.0000, Val 0.6086, Test 0.5388
          Accuracy         : Train 0.8714, Val 0.8270, Test 0.8562
Best:
          Accuracy         : Train 0.8316, Val 0.8353, Test 0.8284
Epoch 87: Loss:            : Train 0.0000, Val 0.6365, Test 0.5757
          Accuracy         : Train 0.8904, Val 0.8131, Test 0.8416
Best:
          Accuracy         : Train 0.8316, Val 0.8353, Test 0.8284
Epoch 88: Loss:            : Train 0.0000, Val 0.6230, Test 0.6345
          Accuracy         : Train 0.8791, Val 0.8214, Test 0.8207
Best:
          Accuracy         : Train 0.8316, Val 0.8353, Test 0.8284
Epoch 89: Loss:            : Train 0.0000, Val 0.6242, Test 0.6278
          Accuracy         : Train 0.8714, Val 0.8284, Test 0.8179
Best:
          Accuracy         : Train 0.8316, Val 0.8353, Test 0.8284
Epoch 90: Loss:            : Train 0.0000, Val 0.6202, Test 0.6045
          Accuracy         : Train 0.8680, Val 0.7936, Test 0.8214
Best:
          Accuracy         : Train 0.8316, Val 0.8353, Test 0.8284
Epoch 91: Loss:            : Train 0.0000, Val 0.6449, Test 0.5501
          Accuracy         : Train 0.8645, Val 0.7894, Test 0.8610
Best:
          Accuracy         : Train 0.8316, Val 0.8353, Test 0.8284
Epoch 92: Loss:            : Train 0.0000, Val 0.8093, Test 0.5813
          Accuracy         : Train 0.8798, Val 0.7839, Test 0.8471
Best:
          Accuracy         : Train 0.8316, Val 0.8353, Test 0.8284
Epoch 93: Loss:            : Train 0.0000, Val 0.7810, Test 0.8227
          Accuracy         : Train 0.8550, Val 0.8110, Test 0.8151
Best:
          Accuracy         : Train 0.8316, Val 0.8353, Test 0.8284
Epoch 94: Loss:            : Train 0.0000, Val 0.6335, Test 0.5931
          Accuracy         : Train 0.8622, Val 0.7971, Test 0.8339
Best:
          Accuracy         : Train 0.8316, Val 0.8353, Test 0.8284
Epoch 95: Loss:            : Train 0.0000, Val 0.6803, Test 0.5960
          Accuracy         : Train 0.8406, Val 0.7887, Test 0.8158
Best:
          Accuracy         : Train 0.8316, Val 0.8353, Test 0.8284
Epoch 96: Loss:            : Train 0.0000, Val 0.6626, Test 0.6345
          Accuracy         : Train 0.8608, Val 0.8158, Test 0.8395
Best:
          Accuracy         : Train 0.8316, Val 0.8353, Test 0.8284
Epoch 97: Loss:            : Train 0.0000, Val 0.7264, Test 0.6702
          Accuracy         : Train 0.8568, Val 0.7887, Test 0.8200
Best:
          Accuracy         : Train 0.8316, Val 0.8353, Test 0.8284
Epoch 98: Loss:            : Train 0.0000, Val 0.6962, Test 0.6554
          Accuracy         : Train 0.8601, Val 0.8047, Test 0.8179
Best:
          Accuracy         : Train 0.8316, Val 0.8353, Test 0.8284
Epoch 99: Loss:            : Train 0.0000, Val 0.6384, Test 0.5731
          Accuracy         : Train 0.8636, Val 0.8033, Test 0.8429
Best:
          Accuracy         : Train 0.8316, Val 0.8353, Test 0.8284
Epoch 100: Loss:            : Train 0.0000, Val 0.6510, Test 0.6163
          Accuracy         : Train 0.8782, Val 0.8075, Test 0.8506
Best:
          Accuracy         : Train 0.8316, Val 0.8353, Test 0.8284
Epoch 101: Loss:            : Train 0.0000, Val 0.6760, Test 0.6666
          Accuracy         : Train 0.8659, Val 0.7887, Test 0.8402
Best:
          Accuracy         : Train 0.8316, Val 0.8353, Test 0.8284
Epoch 102: Loss:            : Train 0.0000, Val 0.6254, Test 0.5910
          Accuracy         : Train 0.8728, Val 0.8068, Test 0.8436
Best:
          Accuracy         : Train 0.8316, Val 0.8353, Test 0.8284
Epoch 103: Loss:            : Train 0.0000, Val 0.6821, Test 0.6650
          Accuracy         : Train 0.8814, Val 0.8304, Test 0.8304
Best:
          Accuracy         : Train 0.8316, Val 0.8353, Test 0.8284
Epoch 104: Loss:            : Train 0.0000, Val 0.6353, Test 0.6224
          Accuracy         : Train 0.8798, Val 0.8374, Test 0.8388
Best:
          Accuracy         : Train 0.8798, Val 0.8374, Test 0.8388
Epoch 105: Loss:            : Train 0.0000, Val 0.6434, Test 0.5976
          Accuracy         : Train 0.8865, Val 0.7936, Test 0.8402
Best:
          Accuracy         : Train 0.8798, Val 0.8374, Test 0.8388
Epoch 106: Loss:            : Train 0.0000, Val 0.6255, Test 0.5873
          Accuracy         : Train 0.8694, Val 0.8165, Test 0.8374
Best:
          Accuracy         : Train 0.8798, Val 0.8374, Test 0.8388
Epoch 107: Loss:            : Train 0.0000, Val 0.6482, Test 0.6212
          Accuracy         : Train 0.8823, Val 0.8096, Test 0.8381
Best:
          Accuracy         : Train 0.8798, Val 0.8374, Test 0.8388
Epoch 108: Loss:            : Train 0.0000, Val 0.7574, Test 0.6697
          Accuracy         : Train 0.8645, Val 0.7887, Test 0.8179
Best:
          Accuracy         : Train 0.8798, Val 0.8374, Test 0.8388
Epoch 109: Loss:            : Train 0.0000, Val 0.6172, Test 0.6096
          Accuracy         : Train 0.8513, Val 0.8228, Test 0.8582
Best:
          Accuracy         : Train 0.8798, Val 0.8374, Test 0.8388
Epoch 110: Loss:            : Train 0.0000, Val 0.6254, Test 0.5734
          Accuracy         : Train 0.8714, Val 0.8151, Test 0.8492
Best:
          Accuracy         : Train 0.8798, Val 0.8374, Test 0.8388
Epoch 111: Loss:            : Train 0.0000, Val 0.6500, Test 0.5892
          Accuracy         : Train 0.8700, Val 0.8061, Test 0.8423
Best:
          Accuracy         : Train 0.8798, Val 0.8374, Test 0.8388
Epoch 112: Loss:            : Train 0.0000, Val 0.6963, Test 0.6112
          Accuracy         : Train 0.8870, Val 0.8006, Test 0.8388
Best:
          Accuracy         : Train 0.8798, Val 0.8374, Test 0.8388
Epoch 113: Loss:            : Train 0.0000, Val 0.6565, Test 0.6078
          Accuracy         : Train 0.8826, Val 0.8311, Test 0.8381
Best:
          Accuracy         : Train 0.8798, Val 0.8374, Test 0.8388
Epoch 114: Loss:            : Train 0.0000, Val 0.6321, Test 0.5972
          Accuracy         : Train 0.8761, Val 0.8207, Test 0.8318
Best:
          Accuracy         : Train 0.8798, Val 0.8374, Test 0.8388
Epoch 115: Loss:            : Train 0.0000, Val 0.6021, Test 0.5533
          Accuracy         : Train 0.8733, Val 0.8381, Test 0.8464
Best:
          Accuracy         : Train 0.8733, Val 0.8381, Test 0.8464
Epoch 116: Loss:            : Train 0.0000, Val 0.6254, Test 0.5928
          Accuracy         : Train 0.8839, Val 0.8214, Test 0.8311
Best:
          Accuracy         : Train 0.8733, Val 0.8381, Test 0.8464
Epoch 117: Loss:            : Train 0.0000, Val 0.6416, Test 0.6102
          Accuracy         : Train 0.8740, Val 0.8228, Test 0.8367
Best:
          Accuracy         : Train 0.8733, Val 0.8381, Test 0.8464
Epoch 118: Loss:            : Train 0.0000, Val 0.6430, Test 0.6251
          Accuracy         : Train 0.8814, Val 0.8270, Test 0.8339
Best:
          Accuracy         : Train 0.8733, Val 0.8381, Test 0.8464
Epoch 119: Loss:            : Train 0.0000, Val 0.6748, Test 0.6206
          Accuracy         : Train 0.8842, Val 0.8082, Test 0.8249
Best:
          Accuracy         : Train 0.8733, Val 0.8381, Test 0.8464
Epoch 120: Loss:            : Train 0.0000, Val 0.6687, Test 0.6275
          Accuracy         : Train 0.8694, Val 0.8131, Test 0.8367
Best:
          Accuracy         : Train 0.8733, Val 0.8381, Test 0.8464
Epoch 121: Loss:            : Train 0.0000, Val 0.6713, Test 0.6627
          Accuracy         : Train 0.8738, Val 0.8263, Test 0.8325
Best:
          Accuracy         : Train 0.8733, Val 0.8381, Test 0.8464
Epoch 122: Loss:            : Train 0.0000, Val 0.6986, Test 0.7124
          Accuracy         : Train 0.8835, Val 0.8249, Test 0.8277
Best:
          Accuracy         : Train 0.8733, Val 0.8381, Test 0.8464
Epoch 123: Loss:            : Train 0.0000, Val 0.6390, Test 0.6502
          Accuracy         : Train 0.8814, Val 0.8214, Test 0.8277
Best:
          Accuracy         : Train 0.8733, Val 0.8381, Test 0.8464
Epoch 124: Loss:            : Train 0.0000, Val 0.6752, Test 0.6288
          Accuracy         : Train 0.8839, Val 0.8089, Test 0.8367
Best:
          Accuracy         : Train 0.8733, Val 0.8381, Test 0.8464
Epoch 125: Loss:            : Train 0.0000, Val 0.7214, Test 0.6380
          Accuracy         : Train 0.8930, Val 0.7915, Test 0.8339
Best:
          Accuracy         : Train 0.8733, Val 0.8381, Test 0.8464
Epoch 126: Loss:            : Train 0.0000, Val 0.7901, Test 0.7177
          Accuracy         : Train 0.8647, Val 0.7804, Test 0.8207
Best:
          Accuracy         : Train 0.8733, Val 0.8381, Test 0.8464
Epoch 127: Loss:            : Train 0.0000, Val 0.6993, Test 0.6806
          Accuracy         : Train 0.8698, Val 0.7922, Test 0.8235
Best:
          Accuracy         : Train 0.8733, Val 0.8381, Test 0.8464
Epoch 128: Loss:            : Train 0.0000, Val 0.6269, Test 0.5569
          Accuracy         : Train 0.8798, Val 0.8270, Test 0.8555
Best:
          Accuracy         : Train 0.8733, Val 0.8381, Test 0.8464
Epoch 129: Loss:            : Train 0.0000, Val 0.7422, Test 0.6351
          Accuracy         : Train 0.8893, Val 0.8124, Test 0.8485
Best:
          Accuracy         : Train 0.8733, Val 0.8381, Test 0.8464
Epoch 130: Loss:            : Train 0.0000, Val 0.7042, Test 0.6920
          Accuracy         : Train 0.8863, Val 0.8082, Test 0.8402
Best:
          Accuracy         : Train 0.8733, Val 0.8381, Test 0.8464
Epoch 131: Loss:            : Train 0.0000, Val 0.6348, Test 0.6798
          Accuracy         : Train 0.8849, Val 0.8040, Test 0.8221
Best:
          Accuracy         : Train 0.8733, Val 0.8381, Test 0.8464
Epoch 132: Loss:            : Train 0.0000, Val 0.6671, Test 0.6498
          Accuracy         : Train 0.8652, Val 0.7999, Test 0.8263
Best:
          Accuracy         : Train 0.8733, Val 0.8381, Test 0.8464
Epoch 133: Loss:            : Train 0.0000, Val 0.7484, Test 0.6727
          Accuracy         : Train 0.8793, Val 0.7762, Test 0.8082
Best:
          Accuracy         : Train 0.8733, Val 0.8381, Test 0.8464
Epoch 134: Loss:            : Train 0.0000, Val 0.7265, Test 0.6916
          Accuracy         : Train 0.8719, Val 0.8103, Test 0.8179
Best:
          Accuracy         : Train 0.8733, Val 0.8381, Test 0.8464
Epoch 135: Loss:            : Train 0.0000, Val 0.8350, Test 0.7832
          Accuracy         : Train 0.8828, Val 0.7790, Test 0.7901
Best:
          Accuracy         : Train 0.8733, Val 0.8381, Test 0.8464
Epoch 136: Loss:            : Train 0.0000, Val 0.7036, Test 0.5942
          Accuracy         : Train 0.8677, Val 0.8179, Test 0.8464
Best:
          Accuracy         : Train 0.8733, Val 0.8381, Test 0.8464
Epoch 137: Loss:            : Train 0.0000, Val 0.6860, Test 0.6523
          Accuracy         : Train 0.8809, Val 0.8054, Test 0.8200
Best:
          Accuracy         : Train 0.8733, Val 0.8381, Test 0.8464
Epoch 138: Loss:            : Train 0.0000, Val 0.6449, Test 0.6451
          Accuracy         : Train 0.8689, Val 0.8270, Test 0.8332
Best:
          Accuracy         : Train 0.8733, Val 0.8381, Test 0.8464
Epoch 139: Loss:            : Train 0.0000, Val 0.7510, Test 0.7075
          Accuracy         : Train 0.8851, Val 0.7860, Test 0.8151
Best:
          Accuracy         : Train 0.8733, Val 0.8381, Test 0.8464
Epoch 140: Loss:            : Train 0.0000, Val 0.7143, Test 0.6869
          Accuracy         : Train 0.8564, Val 0.7978, Test 0.8242
Best:
          Accuracy         : Train 0.8733, Val 0.8381, Test 0.8464
Epoch 141: Loss:            : Train 0.0000, Val 0.7324, Test 0.6796
          Accuracy         : Train 0.8645, Val 0.8033, Test 0.8158
Best:
          Accuracy         : Train 0.8733, Val 0.8381, Test 0.8464
Epoch 142: Loss:            : Train 0.0000, Val 0.8519, Test 0.6911
          Accuracy         : Train 0.8650, Val 0.7853, Test 0.8172
Best:
          Accuracy         : Train 0.8733, Val 0.8381, Test 0.8464
Epoch 143: Loss:            : Train 0.0000, Val 0.8434, Test 0.8856
          Accuracy         : Train 0.8575, Val 0.7887, Test 0.8124
Best:
          Accuracy         : Train 0.8733, Val 0.8381, Test 0.8464
Epoch 144: Loss:            : Train 0.0000, Val 0.8067, Test 0.7882
          Accuracy         : Train 0.8564, Val 0.7707, Test 0.7894
Best:
          Accuracy         : Train 0.8733, Val 0.8381, Test 0.8464
Epoch 145: Loss:            : Train 0.0000, Val 0.7148, Test 0.6623
          Accuracy         : Train 0.8573, Val 0.7894, Test 0.8047
Best:
          Accuracy         : Train 0.8733, Val 0.8381, Test 0.8464
Epoch 146: Loss:            : Train 0.0000, Val 0.7919, Test 0.7557
          Accuracy         : Train 0.8636, Val 0.8054, Test 0.8103
Best:
          Accuracy         : Train 0.8733, Val 0.8381, Test 0.8464
Epoch 147: Loss:            : Train 0.0000, Val 0.7036, Test 0.6406
          Accuracy         : Train 0.8791, Val 0.8061, Test 0.8186
Best:
          Accuracy         : Train 0.8733, Val 0.8381, Test 0.8464
Epoch 148: Loss:            : Train 0.0000, Val 0.7354, Test 0.6197
          Accuracy         : Train 0.8705, Val 0.7957, Test 0.8381
Best:
          Accuracy         : Train 0.8733, Val 0.8381, Test 0.8464
Epoch 149: Loss:            : Train 0.0000, Val 0.8423, Test 0.7499
          Accuracy         : Train 0.8807, Val 0.8082, Test 0.8304
Best:
          Accuracy         : Train 0.8733, Val 0.8381, Test 0.8464
Epoch 150: Loss:            : Train 0.0000, Val 0.9612, Test 0.8108
          Accuracy         : Train 0.8837, Val 0.7804, Test 0.8151
Best:
          Accuracy         : Train 0.8733, Val 0.8381, Test 0.8464
Epoch 151: Loss:            : Train 0.0000, Val 0.8337, Test 0.7549
          Accuracy         : Train 0.8763, Val 0.7936, Test 0.8151
Best:
          Accuracy         : Train 0.8733, Val 0.8381, Test 0.8464
Epoch 152: Loss:            : Train 0.0000, Val 0.7727, Test 0.7921
          Accuracy         : Train 0.8872, Val 0.8131, Test 0.7971
Best:
          Accuracy         : Train 0.8733, Val 0.8381, Test 0.8464
Epoch 153: Loss:            : Train 0.0000, Val 0.6693, Test 0.5615
          Accuracy         : Train 0.8742, Val 0.7943, Test 0.8499
Best:
          Accuracy         : Train 0.8733, Val 0.8381, Test 0.8464
Epoch 154: Loss:            : Train 0.0000, Val 0.6130, Test 0.5588
          Accuracy         : Train 0.8663, Val 0.8096, Test 0.8499
Best:
          Accuracy         : Train 0.8733, Val 0.8381, Test 0.8464
Epoch 155: Loss:            : Train 0.0000, Val 0.7002, Test 0.6210
          Accuracy         : Train 0.8904, Val 0.8019, Test 0.8360
Best:
          Accuracy         : Train 0.8733, Val 0.8381, Test 0.8464
Epoch 156: Loss:            : Train 0.0000, Val 0.7779, Test 0.6286
          Accuracy         : Train 0.8823, Val 0.7728, Test 0.8360
Best:
          Accuracy         : Train 0.8733, Val 0.8381, Test 0.8464
Epoch 157: Loss:            : Train 0.0000, Val 0.7613, Test 0.6780
          Accuracy         : Train 0.8793, Val 0.7887, Test 0.8290
Best:
          Accuracy         : Train 0.8733, Val 0.8381, Test 0.8464
Epoch 158: Loss:            : Train 0.0000, Val 0.8000, Test 0.8346
          Accuracy         : Train 0.8775, Val 0.8103, Test 0.8221
Best:
          Accuracy         : Train 0.8733, Val 0.8381, Test 0.8464
Epoch 159: Loss:            : Train 0.0000, Val 0.7567, Test 0.6147
          Accuracy         : Train 0.8724, Val 0.8061, Test 0.8360
Best:
          Accuracy         : Train 0.8733, Val 0.8381, Test 0.8464
Epoch 160: Loss:            : Train 0.0000, Val 0.7235, Test 0.5974
          Accuracy         : Train 0.8742, Val 0.7999, Test 0.8318
Best:
          Accuracy         : Train 0.8733, Val 0.8381, Test 0.8464
Epoch 161: Loss:            : Train 0.0000, Val 0.7126, Test 0.6720
          Accuracy         : Train 0.8837, Val 0.8131, Test 0.8186
Best:
          Accuracy         : Train 0.8733, Val 0.8381, Test 0.8464
Epoch 162: Loss:            : Train 0.0000, Val 0.6859, Test 0.6641
          Accuracy         : Train 0.8819, Val 0.8096, Test 0.8256
Best:
          Accuracy         : Train 0.8733, Val 0.8381, Test 0.8464
Epoch 163: Loss:            : Train 0.0000, Val 0.7304, Test 0.6244
          Accuracy         : Train 0.8707, Val 0.8061, Test 0.8395
Best:
          Accuracy         : Train 0.8733, Val 0.8381, Test 0.8464
Epoch 164: Loss:            : Train 0.0000, Val 1.0444, Test 0.8057
          Accuracy         : Train 0.8856, Val 0.7957, Test 0.8290
Best:
          Accuracy         : Train 0.8733, Val 0.8381, Test 0.8464
Epoch 165: Loss:            : Train 0.0000, Val 1.0251, Test 0.8184
          Accuracy         : Train 0.8833, Val 0.7964, Test 0.8228
Best:
          Accuracy         : Train 0.8733, Val 0.8381, Test 0.8464
Epoch 166: Loss:            : Train 0.0000, Val 0.7559, Test 0.6261
          Accuracy         : Train 0.8749, Val 0.8151, Test 0.8471
Best:
          Accuracy         : Train 0.8733, Val 0.8381, Test 0.8464
Epoch 167: Loss:            : Train 0.0000, Val 0.8692, Test 0.7847
          Accuracy         : Train 0.8823, Val 0.7596, Test 0.8228
Best:
          Accuracy         : Train 0.8733, Val 0.8381, Test 0.8464
Epoch 168: Loss:            : Train 0.0000, Val 0.7402, Test 0.7191
          Accuracy         : Train 0.8712, Val 0.8089, Test 0.8346
Best:
          Accuracy         : Train 0.8733, Val 0.8381, Test 0.8464
Epoch 169: Loss:            : Train 0.0000, Val 0.8007, Test 0.7226
          Accuracy         : Train 0.8851, Val 0.8068, Test 0.8249
Best:
          Accuracy         : Train 0.8733, Val 0.8381, Test 0.8464
Epoch 170: Loss:            : Train 0.0000, Val 0.7862, Test 0.6364
          Accuracy         : Train 0.8927, Val 0.7992, Test 0.8256
Best:
          Accuracy         : Train 0.8733, Val 0.8381, Test 0.8464
Epoch 171: Loss:            : Train 0.0000, Val 0.7072, Test 0.6491
          Accuracy         : Train 0.8823, Val 0.8172, Test 0.8388
Best:
          Accuracy         : Train 0.8733, Val 0.8381, Test 0.8464
Epoch 172: Loss:            : Train 0.0000, Val 0.6899, Test 0.6064
          Accuracy         : Train 0.8821, Val 0.7943, Test 0.8325
Best:
          Accuracy         : Train 0.8733, Val 0.8381, Test 0.8464
Epoch 173: Loss:            : Train 0.0000, Val 0.6625, Test 0.5901
          Accuracy         : Train 0.8756, Val 0.8117, Test 0.8381
Best:
          Accuracy         : Train 0.8733, Val 0.8381, Test 0.8464
Epoch 174: Loss:            : Train 0.0000, Val 0.6684, Test 0.7014
          Accuracy         : Train 0.8777, Val 0.8332, Test 0.8325
Best:
          Accuracy         : Train 0.8733, Val 0.8381, Test 0.8464
Epoch 175: Loss:            : Train 0.0000, Val 0.8148, Test 0.6343
          Accuracy         : Train 0.8914, Val 0.7985, Test 0.8436
Best:
          Accuracy         : Train 0.8733, Val 0.8381, Test 0.8464
Epoch 176: Loss:            : Train 0.0000, Val 0.8921, Test 0.6691
          Accuracy         : Train 0.8802, Val 0.7804, Test 0.8297
Best:
          Accuracy         : Train 0.8733, Val 0.8381, Test 0.8464
Epoch 177: Loss:            : Train 0.0000, Val 0.8395, Test 0.7929
          Accuracy         : Train 0.8826, Val 0.7790, Test 0.8110
Best:
          Accuracy         : Train 0.8733, Val 0.8381, Test 0.8464
Epoch 178: Loss:            : Train 0.0000, Val 0.8906, Test 0.7100
          Accuracy         : Train 0.8784, Val 0.7408, Test 0.8054
Best:
          Accuracy         : Train 0.8733, Val 0.8381, Test 0.8464
Epoch 179: Loss:            : Train 0.0000, Val 0.8755, Test 0.6983
          Accuracy         : Train 0.8895, Val 0.7874, Test 0.8353
Best:
          Accuracy         : Train 0.8733, Val 0.8381, Test 0.8464
Epoch 180: Loss:            : Train 0.0000, Val 0.8589, Test 0.7372
          Accuracy         : Train 0.8835, Val 0.7999, Test 0.8311
Best:
          Accuracy         : Train 0.8733, Val 0.8381, Test 0.8464
Epoch 181: Loss:            : Train 0.0000, Val 0.7573, Test 0.5930
          Accuracy         : Train 0.8765, Val 0.7985, Test 0.8395
Best:
          Accuracy         : Train 0.8733, Val 0.8381, Test 0.8464
Epoch 182: Loss:            : Train 0.0000, Val 0.7735, Test 0.6637
          Accuracy         : Train 0.8879, Val 0.8006, Test 0.8360
Best:
          Accuracy         : Train 0.8733, Val 0.8381, Test 0.8464
Epoch 183: Loss:            : Train 0.0000, Val 0.7473, Test 0.6590
          Accuracy         : Train 0.8939, Val 0.8040, Test 0.8485
Best:
          Accuracy         : Train 0.8733, Val 0.8381, Test 0.8464
Epoch 184: Loss:            : Train 0.0000, Val 0.8135, Test 0.7011
          Accuracy         : Train 0.8893, Val 0.7922, Test 0.8318
Best:
          Accuracy         : Train 0.8733, Val 0.8381, Test 0.8464
Epoch 185: Loss:            : Train 0.0000, Val 0.7568, Test 0.7072
          Accuracy         : Train 0.8877, Val 0.8061, Test 0.8388
Best:
          Accuracy         : Train 0.8733, Val 0.8381, Test 0.8464
Epoch 186: Loss:            : Train 0.0000, Val 0.7522, Test 0.6276
          Accuracy         : Train 0.8865, Val 0.7992, Test 0.8381
Best:
          Accuracy         : Train 0.8733, Val 0.8381, Test 0.8464
Epoch 187: Loss:            : Train 0.0000, Val 0.7056, Test 0.6388
          Accuracy         : Train 0.8902, Val 0.8339, Test 0.8416
Best:
          Accuracy         : Train 0.8733, Val 0.8381, Test 0.8464
Epoch 188: Loss:            : Train 0.0000, Val 0.7780, Test 0.6510
          Accuracy         : Train 0.8858, Val 0.7999, Test 0.8360
Best:
          Accuracy         : Train 0.8733, Val 0.8381, Test 0.8464
Epoch 189: Loss:            : Train 0.0000, Val 0.7981, Test 0.7767
          Accuracy         : Train 0.8728, Val 0.7943, Test 0.8103
Best:
          Accuracy         : Train 0.8733, Val 0.8381, Test 0.8464
Epoch 190: Loss:            : Train 0.0000, Val 0.7941, Test 0.6413
          Accuracy         : Train 0.8721, Val 0.7950, Test 0.8249
Best:
          Accuracy         : Train 0.8733, Val 0.8381, Test 0.8464
Epoch 191: Loss:            : Train 0.0000, Val 0.7392, Test 0.6335
          Accuracy         : Train 0.8768, Val 0.7999, Test 0.8367
Best:
          Accuracy         : Train 0.8733, Val 0.8381, Test 0.8464
Epoch 192: Loss:            : Train 0.0000, Val 0.7573, Test 0.6024
          Accuracy         : Train 0.8784, Val 0.7762, Test 0.8402
Best:
          Accuracy         : Train 0.8733, Val 0.8381, Test 0.8464
Epoch 193: Loss:            : Train 0.0000, Val 0.8353, Test 0.6486
          Accuracy         : Train 0.8833, Val 0.7700, Test 0.8339
Best:
          Accuracy         : Train 0.8733, Val 0.8381, Test 0.8464
Epoch 194: Loss:            : Train 0.0000, Val 0.8175, Test 0.7434
          Accuracy         : Train 0.8823, Val 0.7894, Test 0.8075
Best:
          Accuracy         : Train 0.8733, Val 0.8381, Test 0.8464
Epoch 195: Loss:            : Train 0.0000, Val 0.9542, Test 0.7029
          Accuracy         : Train 0.8731, Val 0.7985, Test 0.8346
Best:
          Accuracy         : Train 0.8733, Val 0.8381, Test 0.8464
Epoch 196: Loss:            : Train 0.0000, Val 0.8702, Test 0.8352
          Accuracy         : Train 0.8879, Val 0.7936, Test 0.8117
Best:
          Accuracy         : Train 0.8733, Val 0.8381, Test 0.8464
Epoch 197: Loss:            : Train 0.0000, Val 0.7752, Test 0.6587
          Accuracy         : Train 0.8689, Val 0.8006, Test 0.8443
Best:
          Accuracy         : Train 0.8733, Val 0.8381, Test 0.8464
Epoch 198: Loss:            : Train 0.0000, Val 0.9271, Test 0.7725
          Accuracy         : Train 0.8911, Val 0.7832, Test 0.8033
Best:
          Accuracy         : Train 0.8733, Val 0.8381, Test 0.8464
Epoch 199: Loss:            : Train 0.0000, Val 0.7906, Test 0.7540
          Accuracy         : Train 0.8733, Val 0.7999, Test 0.8068
Best:
          Accuracy         : Train 0.8733, Val 0.8381, Test 0.8464
Epoch 200: Loss:            : Train 0.0000, Val 0.7548, Test 0.8082
          Accuracy         : Train 0.8749, Val 0.8033, Test 0.8013
Best:
          Accuracy         : Train 0.8733, Val 0.8381, Test 0.8464
Training time (sec): 20
