Loading parties from cache
Loading data from cache
Done
Calculating noise scale
Adding noise of scale 0.0 to sim_scores
Adding noise of scale 0.0 to sim_scores
Adding noise of scale 0.0 to sim_scores
Filter dataset to top 10
Generating top 10 dataset
Generating top 10 dataset
Generating top 10 dataset
Generating top1 dataset
Generating top1 dataset
Generating top1 dataset
Preparing time (sec): 0
Loading data
Prepare for training
Start training
================================================================================
                                    Kernel Shape Output Shape  Params  \
Layer                                                                   
0_local_models.0.fc_layers.Linear_0     [3, 100]  [4096, 100]     400   
1_local_models.0.fc_layers.Linear_1    [100, 50]   [4096, 50]    5050   
2_local_models.1.fc_layers.Linear_0     [3, 100]  [4096, 100]     400   
3_local_models.1.fc_layers.Linear_1    [100, 50]   [4096, 50]    5050   
4_agg_model.fc_layers.Linear_0        [100, 100]  [4096, 100]   10100   
5_agg_model.fc_layers.Linear_1         [100, 10]   [4096, 10]    1010   

                                     Mult-Adds  
Layer                                           
0_local_models.0.fc_layers.Linear_0        300  
1_local_models.0.fc_layers.Linear_1       5000  
2_local_models.1.fc_layers.Linear_0        300  
3_local_models.1.fc_layers.Linear_1       5000  
4_agg_model.fc_layers.Linear_0           10000  
5_agg_model.fc_layers.Linear_1            1000  
--------------------------------------------------------------------------------
                      Totals
Total params           22010
Trainable params       22010
Non-trainable params       0
Mult-Adds              21600
================================================================================
n_classes=10
task=multi_cls
model_name=frog_top1sim_noise_0.2_2022-01-27-23-43-38
sche_threshold=0.0001
sche_patience=10
sche_factor=0.1
use_scheduler=False
num_workers=4
device=cuda:2
test_batch_size=4096
train_batch_size=4096
learning_rate=0.03
weight_decay=0.001
num_epochs=200
model_save_path=ckp/frog_top1sim_noise_0.2_2022-01-27-23-43-38.pth
test_rate=0.2
val_rate=0.2
multiprocess_context=fork
metrics=['accuracy']
metrics_f=[<metric.accuracy.Accuracy object at 0x7fc13cf22b80>]
hidden_sizes=[200, 100]
model=SplitNN(
  (agg_model): MLP(
    (fc_layers): ModuleList(
      (0): Linear(in_features=100, out_features=100, bias=True)
      (1): Linear(in_features=100, out_features=10, bias=True)
    )
  )
  (local_models): ModuleList(
    (0): MLP(
      (fc_layers): ModuleList(
        (0): Linear(in_features=3, out_features=100, bias=True)
        (1): Linear(in_features=100, out_features=50, bias=True)
      )
    )
    (1): MLP(
      (fc_layers): ModuleList(
        (0): Linear(in_features=3, out_features=100, bias=True)
        (1): Linear(in_features=100, out_features=50, bias=True)
      )
    )
  )
)
writer=<torch.utils.tensorboard.writer.SummaryWriter object at 0x7fc13cf22ca0>
dataset_type=syn
drop_key=True
num_common_features=16
tree_radius=2
tree_leaf_size=1000
knn_k=10
grid_min=-10.0
grid_max=10.0
grid_width=1.5
sim_scaler=StandardScaler()
filter_top_k=10
link_n_jobs=1
psig_p=7
sim_leak_p=1.0
link_threshold_t=0.1
link_epsilon=0.1
n_hash_lsh=20
edit_distance_threshold=1
n_hash_func=10
collision_rate=0.05
qgram_q=2
link_delta=0.1
feature_wise_sim=False
blocking_method=knn
center_threshold=0.5
n_clusters=100
local_hidden_sizes=[[100], [100]]
cut_dims=[50, 50]
agg_hidden_sizes=[100]
scale_analysis=None
data1_shape=(7195, 19)
data2_shape=(7195, 19)
Epoch 1: Loss:            : Train 0.0000, Val 2.0737, Test 2.0750
          Accuracy         : Train 0.1103, Val 0.4802, Test 0.4837
Best:
          Accuracy         : Train 0.1103, Val 0.4802, Test 0.4837
Epoch 2: Loss:            : Train 0.0000, Val 1.8374, Test 1.8403
          Accuracy         : Train 0.4844, Val 0.4802, Test 0.4837
Best:
          Accuracy         : Train 0.1103, Val 0.4802, Test 0.4837
Epoch 3: Loss:            : Train 0.0000, Val 1.6598, Test 1.6676
          Accuracy         : Train 0.4844, Val 0.4802, Test 0.4837
Best:
          Accuracy         : Train 0.1103, Val 0.4802, Test 0.4837
Epoch 4: Loss:            : Train 0.0000, Val 1.7241, Test 1.7398
          Accuracy         : Train 0.4844, Val 0.4802, Test 0.4837
Best:
          Accuracy         : Train 0.1103, Val 0.4802, Test 0.4837
Epoch 5: Loss:            : Train 0.0000, Val 1.5689, Test 1.5813
          Accuracy         : Train 0.4844, Val 0.4802, Test 0.4837
Best:
          Accuracy         : Train 0.1103, Val 0.4802, Test 0.4837
Epoch 6: Loss:            : Train 0.0000, Val 1.5639, Test 1.5641
          Accuracy         : Train 0.4844, Val 0.4802, Test 0.4837
Best:
          Accuracy         : Train 0.1103, Val 0.4802, Test 0.4837
Epoch 7: Loss:            : Train 0.0000, Val 1.4663, Test 1.4604
          Accuracy         : Train 0.4844, Val 0.4802, Test 0.4837
Best:
          Accuracy         : Train 0.1103, Val 0.4802, Test 0.4837
Epoch 8: Loss:            : Train 0.0000, Val 1.3916, Test 1.3933
          Accuracy         : Train 0.4844, Val 0.4802, Test 0.4837
Best:
          Accuracy         : Train 0.1103, Val 0.4802, Test 0.4837
Epoch 9: Loss:            : Train 0.0000, Val 1.2507, Test 1.2421
          Accuracy         : Train 0.4860, Val 0.5532, Test 0.5580
Best:
          Accuracy         : Train 0.4860, Val 0.5532, Test 0.5580
Epoch 10: Loss:            : Train 0.0000, Val 1.1803, Test 1.1578
          Accuracy         : Train 0.6095, Val 0.7199, Test 0.6963
Best:
          Accuracy         : Train 0.6095, Val 0.7199, Test 0.6963
Epoch 11: Loss:            : Train 0.0000, Val 1.1071, Test 1.1277
          Accuracy         : Train 0.7014, Val 0.6831, Test 0.6574
Best:
          Accuracy         : Train 0.6095, Val 0.7199, Test 0.6963
Epoch 12: Loss:            : Train 0.0000, Val 1.0426, Test 1.0384
          Accuracy         : Train 0.7005, Val 0.7373, Test 0.7095
Best:
          Accuracy         : Train 0.7005, Val 0.7373, Test 0.7095
Epoch 13: Loss:            : Train 0.0000, Val 1.0081, Test 0.9915
          Accuracy         : Train 0.7019, Val 0.7331, Test 0.7311
Best:
          Accuracy         : Train 0.7005, Val 0.7373, Test 0.7095
Epoch 14: Loss:            : Train 0.0000, Val 0.9764, Test 0.9857
          Accuracy         : Train 0.7401, Val 0.6901, Test 0.7144
Best:
          Accuracy         : Train 0.7005, Val 0.7373, Test 0.7095
Epoch 15: Loss:            : Train 0.0000, Val 0.9655, Test 0.8961
          Accuracy         : Train 0.7109, Val 0.7311, Test 0.7505
Best:
          Accuracy         : Train 0.7005, Val 0.7373, Test 0.7095
Epoch 16: Loss:            : Train 0.0000, Val 0.9574, Test 0.8749
          Accuracy         : Train 0.7596, Val 0.7311, Test 0.7144
Best:
          Accuracy         : Train 0.7005, Val 0.7373, Test 0.7095
Epoch 17: Loss:            : Train 0.0000, Val 0.9318, Test 0.8943
          Accuracy         : Train 0.7630, Val 0.6998, Test 0.7297
Best:
          Accuracy         : Train 0.7005, Val 0.7373, Test 0.7095
Epoch 18: Loss:            : Train 0.0000, Val 0.9188, Test 0.8261
          Accuracy         : Train 0.7487, Val 0.7290, Test 0.7623
Best:
          Accuracy         : Train 0.7005, Val 0.7373, Test 0.7095
Epoch 19: Loss:            : Train 0.0000, Val 0.9078, Test 0.8295
          Accuracy         : Train 0.7672, Val 0.7297, Test 0.7700
Best:
          Accuracy         : Train 0.7005, Val 0.7373, Test 0.7095
Epoch 20: Loss:            : Train 0.0000, Val 0.8817, Test 0.8326
          Accuracy         : Train 0.7741, Val 0.7186, Test 0.7741
Best:
          Accuracy         : Train 0.7005, Val 0.7373, Test 0.7095
Epoch 21: Loss:            : Train 0.0000, Val 0.8393, Test 0.7706
          Accuracy         : Train 0.7737, Val 0.7547, Test 0.7839
Best:
          Accuracy         : Train 0.7737, Val 0.7547, Test 0.7839
Epoch 22: Loss:            : Train 0.0000, Val 0.8103, Test 0.7817
          Accuracy         : Train 0.7869, Val 0.7491, Test 0.7915
Best:
          Accuracy         : Train 0.7737, Val 0.7547, Test 0.7839
Epoch 23: Loss:            : Train 0.0000, Val 0.7832, Test 0.7351
          Accuracy         : Train 0.7887, Val 0.7616, Test 0.8019
Best:
          Accuracy         : Train 0.7887, Val 0.7616, Test 0.8019
Epoch 24: Loss:            : Train 0.0000, Val 0.7764, Test 0.7206
          Accuracy         : Train 0.8057, Val 0.7762, Test 0.8068
Best:
          Accuracy         : Train 0.8057, Val 0.7762, Test 0.8068
Epoch 25: Loss:            : Train 0.0000, Val 0.7265, Test 0.7332
          Accuracy         : Train 0.8054, Val 0.7887, Test 0.7922
Best:
          Accuracy         : Train 0.8054, Val 0.7887, Test 0.7922
Epoch 26: Loss:            : Train 0.0000, Val 0.6827, Test 0.6711
          Accuracy         : Train 0.8103, Val 0.7936, Test 0.8186
Best:
          Accuracy         : Train 0.8103, Val 0.7936, Test 0.8186
Epoch 27: Loss:            : Train 0.0000, Val 0.7144, Test 0.7104
          Accuracy         : Train 0.8265, Val 0.7915, Test 0.7978
Best:
          Accuracy         : Train 0.8103, Val 0.7936, Test 0.8186
Epoch 28: Loss:            : Train 0.0000, Val 0.6930, Test 0.6767
          Accuracy         : Train 0.8075, Val 0.7978, Test 0.8138
Best:
          Accuracy         : Train 0.8075, Val 0.7978, Test 0.8138
Epoch 29: Loss:            : Train 0.0000, Val 0.7071, Test 0.7781
          Accuracy         : Train 0.8325, Val 0.7804, Test 0.7762
Best:
          Accuracy         : Train 0.8075, Val 0.7978, Test 0.8138
Epoch 30: Loss:            : Train 0.0000, Val 0.6988, Test 0.6628
          Accuracy         : Train 0.8128, Val 0.7797, Test 0.8145
Best:
          Accuracy         : Train 0.8075, Val 0.7978, Test 0.8138
Epoch 31: Loss:            : Train 0.0000, Val 0.6552, Test 0.7058
          Accuracy         : Train 0.8267, Val 0.7971, Test 0.8019
Best:
          Accuracy         : Train 0.8075, Val 0.7978, Test 0.8138
Epoch 32: Loss:            : Train 0.0000, Val 0.6309, Test 0.6788
          Accuracy         : Train 0.8256, Val 0.8290, Test 0.8019
Best:
          Accuracy         : Train 0.8256, Val 0.8290, Test 0.8019
Epoch 33: Loss:            : Train 0.0000, Val 0.6536, Test 0.6693
          Accuracy         : Train 0.8390, Val 0.8277, Test 0.8270
Best:
          Accuracy         : Train 0.8256, Val 0.8290, Test 0.8019
Epoch 34: Loss:            : Train 0.0000, Val 0.6288, Test 0.6684
          Accuracy         : Train 0.8395, Val 0.8145, Test 0.8165
Best:
          Accuracy         : Train 0.8256, Val 0.8290, Test 0.8019
Epoch 35: Loss:            : Train 0.0000, Val 0.5860, Test 0.6345
          Accuracy         : Train 0.8420, Val 0.8339, Test 0.8117
Best:
          Accuracy         : Train 0.8420, Val 0.8339, Test 0.8117
Epoch 36: Loss:            : Train 0.0000, Val 0.6073, Test 0.6424
          Accuracy         : Train 0.8429, Val 0.8339, Test 0.8207
Best:
          Accuracy         : Train 0.8420, Val 0.8339, Test 0.8117
Epoch 37: Loss:            : Train 0.0000, Val 0.6377, Test 0.6189
          Accuracy         : Train 0.8402, Val 0.7999, Test 0.8256
Best:
          Accuracy         : Train 0.8420, Val 0.8339, Test 0.8117
Epoch 38: Loss:            : Train 0.0000, Val 0.7815, Test 0.7912
          Accuracy         : Train 0.8467, Val 0.7985, Test 0.7992
Best:
          Accuracy         : Train 0.8420, Val 0.8339, Test 0.8117
Epoch 39: Loss:            : Train 0.0000, Val 0.7131, Test 0.6596
          Accuracy         : Train 0.8260, Val 0.7776, Test 0.8179
Best:
          Accuracy         : Train 0.8420, Val 0.8339, Test 0.8117
Epoch 40: Loss:            : Train 0.0000, Val 0.6409, Test 0.6759
          Accuracy         : Train 0.8455, Val 0.8416, Test 0.8145
Best:
          Accuracy         : Train 0.8455, Val 0.8416, Test 0.8145
Epoch 41: Loss:            : Train 0.0000, Val 0.6276, Test 0.6174
          Accuracy         : Train 0.8545, Val 0.8179, Test 0.8478
Best:
          Accuracy         : Train 0.8455, Val 0.8416, Test 0.8145
Epoch 42: Loss:            : Train 0.0000, Val 0.6570, Test 0.6226
          Accuracy         : Train 0.8552, Val 0.8145, Test 0.8346
Best:
          Accuracy         : Train 0.8455, Val 0.8416, Test 0.8145
Epoch 43: Loss:            : Train 0.0000, Val 0.6416, Test 0.6153
          Accuracy         : Train 0.8520, Val 0.7992, Test 0.8374
Best:
          Accuracy         : Train 0.8455, Val 0.8416, Test 0.8145
Epoch 44: Loss:            : Train 0.0000, Val 0.5880, Test 0.5857
          Accuracy         : Train 0.8564, Val 0.8200, Test 0.8416
Best:
          Accuracy         : Train 0.8455, Val 0.8416, Test 0.8145
Epoch 45: Loss:            : Train 0.0000, Val 0.6281, Test 0.5887
          Accuracy         : Train 0.8661, Val 0.8047, Test 0.8367
Best:
          Accuracy         : Train 0.8455, Val 0.8416, Test 0.8145
Epoch 46: Loss:            : Train 0.0000, Val 0.6107, Test 0.6333
          Accuracy         : Train 0.8643, Val 0.8332, Test 0.8374
Best:
          Accuracy         : Train 0.8455, Val 0.8416, Test 0.8145
Epoch 47: Loss:            : Train 0.0000, Val 0.6181, Test 0.5881
          Accuracy         : Train 0.8557, Val 0.8193, Test 0.8471
Best:
          Accuracy         : Train 0.8455, Val 0.8416, Test 0.8145
Epoch 48: Loss:            : Train 0.0000, Val 0.6659, Test 0.6808
          Accuracy         : Train 0.8557, Val 0.7936, Test 0.8089
Best:
          Accuracy         : Train 0.8455, Val 0.8416, Test 0.8145
Epoch 49: Loss:            : Train 0.0000, Val 0.6008, Test 0.5831
          Accuracy         : Train 0.8441, Val 0.8346, Test 0.8534
Best:
          Accuracy         : Train 0.8455, Val 0.8416, Test 0.8145
Epoch 50: Loss:            : Train 0.0000, Val 0.6543, Test 0.6705
          Accuracy         : Train 0.8580, Val 0.8082, Test 0.8256
Best:
          Accuracy         : Train 0.8455, Val 0.8416, Test 0.8145
Epoch 51: Loss:            : Train 0.0000, Val 0.6223, Test 0.6320
          Accuracy         : Train 0.8543, Val 0.8332, Test 0.8297
Best:
          Accuracy         : Train 0.8455, Val 0.8416, Test 0.8145
Epoch 52: Loss:            : Train 0.0000, Val 0.6101, Test 0.5743
          Accuracy         : Train 0.8663, Val 0.8096, Test 0.8464
Best:
          Accuracy         : Train 0.8455, Val 0.8416, Test 0.8145
Epoch 53: Loss:            : Train 0.0000, Val 0.6400, Test 0.6585
          Accuracy         : Train 0.8608, Val 0.7880, Test 0.8103
Best:
          Accuracy         : Train 0.8455, Val 0.8416, Test 0.8145
Epoch 54: Loss:            : Train 0.0000, Val 0.6306, Test 0.5930
          Accuracy         : Train 0.8654, Val 0.7992, Test 0.8402
Best:
          Accuracy         : Train 0.8455, Val 0.8416, Test 0.8145
Epoch 55: Loss:            : Train 0.0000, Val 0.6400, Test 0.6316
          Accuracy         : Train 0.8652, Val 0.8103, Test 0.8423
Best:
          Accuracy         : Train 0.8455, Val 0.8416, Test 0.8145
Epoch 56: Loss:            : Train 0.0000, Val 0.6551, Test 0.6847
          Accuracy         : Train 0.8580, Val 0.8082, Test 0.8207
Best:
          Accuracy         : Train 0.8455, Val 0.8416, Test 0.8145
Epoch 57: Loss:            : Train 0.0000, Val 0.6027, Test 0.6039
          Accuracy         : Train 0.8631, Val 0.8242, Test 0.8409
Best:
          Accuracy         : Train 0.8455, Val 0.8416, Test 0.8145
Epoch 58: Loss:            : Train 0.0000, Val 0.6637, Test 0.6052
          Accuracy         : Train 0.8543, Val 0.8019, Test 0.8360
Best:
          Accuracy         : Train 0.8455, Val 0.8416, Test 0.8145
Epoch 59: Loss:            : Train 0.0000, Val 0.6512, Test 0.6859
          Accuracy         : Train 0.8610, Val 0.8054, Test 0.8311
Best:
          Accuracy         : Train 0.8455, Val 0.8416, Test 0.8145
Epoch 60: Loss:            : Train 0.0000, Val 0.6608, Test 0.6241
          Accuracy         : Train 0.8573, Val 0.7762, Test 0.8367
Best:
          Accuracy         : Train 0.8455, Val 0.8416, Test 0.8145
Epoch 61: Loss:            : Train 0.0000, Val 0.5985, Test 0.5799
          Accuracy         : Train 0.8698, Val 0.8068, Test 0.8492
Best:
          Accuracy         : Train 0.8455, Val 0.8416, Test 0.8145
Epoch 62: Loss:            : Train 0.0000, Val 0.6493, Test 0.6386
          Accuracy         : Train 0.8719, Val 0.8026, Test 0.8221
Best:
          Accuracy         : Train 0.8455, Val 0.8416, Test 0.8145
Epoch 63: Loss:            : Train 0.0000, Val 0.6864, Test 0.6995
          Accuracy         : Train 0.8696, Val 0.8040, Test 0.8200
Best:
          Accuracy         : Train 0.8455, Val 0.8416, Test 0.8145
Epoch 64: Loss:            : Train 0.0000, Val 0.6441, Test 0.6638
          Accuracy         : Train 0.8599, Val 0.8179, Test 0.8290
Best:
          Accuracy         : Train 0.8455, Val 0.8416, Test 0.8145
Epoch 65: Loss:            : Train 0.0000, Val 0.6760, Test 0.5974
          Accuracy         : Train 0.8700, Val 0.7874, Test 0.8353
Best:
          Accuracy         : Train 0.8455, Val 0.8416, Test 0.8145
Epoch 66: Loss:            : Train 0.0000, Val 0.6136, Test 0.6011
          Accuracy         : Train 0.8515, Val 0.8235, Test 0.8429
Best:
          Accuracy         : Train 0.8455, Val 0.8416, Test 0.8145
Epoch 67: Loss:            : Train 0.0000, Val 0.6043, Test 0.6197
          Accuracy         : Train 0.8661, Val 0.8117, Test 0.8332
Best:
          Accuracy         : Train 0.8455, Val 0.8416, Test 0.8145
Epoch 68: Loss:            : Train 0.0000, Val 0.5949, Test 0.6085
          Accuracy         : Train 0.8754, Val 0.8297, Test 0.8409
Best:
          Accuracy         : Train 0.8455, Val 0.8416, Test 0.8145
Epoch 69: Loss:            : Train 0.0000, Val 0.6044, Test 0.5804
          Accuracy         : Train 0.8768, Val 0.8054, Test 0.8471
Best:
          Accuracy         : Train 0.8455, Val 0.8416, Test 0.8145
Epoch 70: Loss:            : Train 0.0000, Val 0.6149, Test 0.5690
          Accuracy         : Train 0.8800, Val 0.8117, Test 0.8562
Best:
          Accuracy         : Train 0.8455, Val 0.8416, Test 0.8145
Epoch 71: Loss:            : Train 0.0000, Val 0.6496, Test 0.6927
          Accuracy         : Train 0.8703, Val 0.8019, Test 0.8235
Best:
          Accuracy         : Train 0.8455, Val 0.8416, Test 0.8145
Epoch 72: Loss:            : Train 0.0000, Val 0.6473, Test 0.6392
          Accuracy         : Train 0.8719, Val 0.7894, Test 0.8353
Best:
          Accuracy         : Train 0.8455, Val 0.8416, Test 0.8145
Epoch 73: Loss:            : Train 0.0000, Val 0.6637, Test 0.6589
          Accuracy         : Train 0.8640, Val 0.7846, Test 0.8228
Best:
          Accuracy         : Train 0.8455, Val 0.8416, Test 0.8145
Epoch 74: Loss:            : Train 0.0000, Val 0.6381, Test 0.6434
          Accuracy         : Train 0.8668, Val 0.8061, Test 0.8360
Best:
          Accuracy         : Train 0.8455, Val 0.8416, Test 0.8145
Epoch 75: Loss:            : Train 0.0000, Val 0.6259, Test 0.6486
          Accuracy         : Train 0.8828, Val 0.8179, Test 0.8339
Best:
          Accuracy         : Train 0.8455, Val 0.8416, Test 0.8145
Epoch 76: Loss:            : Train 0.0000, Val 0.6343, Test 0.5733
          Accuracy         : Train 0.8733, Val 0.7999, Test 0.8443
Best:
          Accuracy         : Train 0.8455, Val 0.8416, Test 0.8145
Epoch 77: Loss:            : Train 0.0000, Val 0.5984, Test 0.5893
          Accuracy         : Train 0.8786, Val 0.8235, Test 0.8443
Best:
          Accuracy         : Train 0.8455, Val 0.8416, Test 0.8145
Epoch 78: Loss:            : Train 0.0000, Val 0.6065, Test 0.5765
          Accuracy         : Train 0.8779, Val 0.8033, Test 0.8395
Best:
          Accuracy         : Train 0.8455, Val 0.8416, Test 0.8145
Epoch 79: Loss:            : Train 0.0000, Val 0.6502, Test 0.6419
          Accuracy         : Train 0.8756, Val 0.7714, Test 0.8214
Best:
          Accuracy         : Train 0.8455, Val 0.8416, Test 0.8145
Epoch 80: Loss:            : Train 0.0000, Val 0.6151, Test 0.6316
          Accuracy         : Train 0.8791, Val 0.8165, Test 0.8402
Best:
          Accuracy         : Train 0.8455, Val 0.8416, Test 0.8145
Epoch 81: Loss:            : Train 0.0000, Val 0.6270, Test 0.6458
          Accuracy         : Train 0.8733, Val 0.8304, Test 0.8131
Best:
          Accuracy         : Train 0.8455, Val 0.8416, Test 0.8145
Epoch 82: Loss:            : Train 0.0000, Val 0.5936, Test 0.5997
          Accuracy         : Train 0.8763, Val 0.8318, Test 0.8228
Best:
          Accuracy         : Train 0.8455, Val 0.8416, Test 0.8145
Epoch 83: Loss:            : Train 0.0000, Val 0.6281, Test 0.5993
          Accuracy         : Train 0.8682, Val 0.8249, Test 0.8423
Best:
          Accuracy         : Train 0.8455, Val 0.8416, Test 0.8145
Epoch 84: Loss:            : Train 0.0000, Val 0.7375, Test 0.7401
          Accuracy         : Train 0.8784, Val 0.7874, Test 0.7880
Best:
          Accuracy         : Train 0.8455, Val 0.8416, Test 0.8145
Epoch 85: Loss:            : Train 0.0000, Val 0.6637, Test 0.6329
          Accuracy         : Train 0.8724, Val 0.8221, Test 0.8485
Best:
          Accuracy         : Train 0.8455, Val 0.8416, Test 0.8145
Epoch 86: Loss:            : Train 0.0000, Val 0.6149, Test 0.6021
          Accuracy         : Train 0.8742, Val 0.8346, Test 0.8555
Best:
          Accuracy         : Train 0.8455, Val 0.8416, Test 0.8145
Epoch 87: Loss:            : Train 0.0000, Val 0.6195, Test 0.5726
          Accuracy         : Train 0.8789, Val 0.8228, Test 0.8555
Best:
          Accuracy         : Train 0.8455, Val 0.8416, Test 0.8145
Epoch 88: Loss:            : Train 0.0000, Val 0.6602, Test 0.5692
          Accuracy         : Train 0.8744, Val 0.8026, Test 0.8471
Best:
          Accuracy         : Train 0.8455, Val 0.8416, Test 0.8145
Epoch 89: Loss:            : Train 0.0000, Val 0.7463, Test 0.7599
          Accuracy         : Train 0.8742, Val 0.7985, Test 0.8096
Best:
          Accuracy         : Train 0.8455, Val 0.8416, Test 0.8145
Epoch 90: Loss:            : Train 0.0000, Val 0.6572, Test 0.5798
          Accuracy         : Train 0.8633, Val 0.8054, Test 0.8423
Best:
          Accuracy         : Train 0.8455, Val 0.8416, Test 0.8145
Epoch 91: Loss:            : Train 0.0000, Val 0.6507, Test 0.6752
          Accuracy         : Train 0.8791, Val 0.8117, Test 0.8200
Best:
          Accuracy         : Train 0.8455, Val 0.8416, Test 0.8145
Epoch 92: Loss:            : Train 0.0000, Val 0.6474, Test 0.5805
          Accuracy         : Train 0.8652, Val 0.8096, Test 0.8367
Best:
          Accuracy         : Train 0.8455, Val 0.8416, Test 0.8145
Epoch 93: Loss:            : Train 0.0000, Val 0.6255, Test 0.6800
          Accuracy         : Train 0.8668, Val 0.8353, Test 0.8332
Best:
          Accuracy         : Train 0.8455, Val 0.8416, Test 0.8145
Epoch 94: Loss:            : Train 0.0000, Val 0.7271, Test 0.8179
          Accuracy         : Train 0.8793, Val 0.7971, Test 0.7985
Best:
          Accuracy         : Train 0.8455, Val 0.8416, Test 0.8145
Epoch 95: Loss:            : Train 0.0000, Val 0.6334, Test 0.5756
          Accuracy         : Train 0.8538, Val 0.7978, Test 0.8513
Best:
          Accuracy         : Train 0.8455, Val 0.8416, Test 0.8145
Epoch 96: Loss:            : Train 0.0000, Val 0.6386, Test 0.5830
          Accuracy         : Train 0.8761, Val 0.7992, Test 0.8478
Best:
          Accuracy         : Train 0.8455, Val 0.8416, Test 0.8145
Epoch 97: Loss:            : Train 0.0000, Val 0.6576, Test 0.7069
          Accuracy         : Train 0.8890, Val 0.8158, Test 0.8270
Best:
          Accuracy         : Train 0.8455, Val 0.8416, Test 0.8145
Epoch 98: Loss:            : Train 0.0000, Val 0.6784, Test 0.6811
          Accuracy         : Train 0.8596, Val 0.8061, Test 0.8179
Best:
          Accuracy         : Train 0.8455, Val 0.8416, Test 0.8145
Epoch 99: Loss:            : Train 0.0000, Val 0.6710, Test 0.6055
          Accuracy         : Train 0.8666, Val 0.7943, Test 0.8402
Best:
          Accuracy         : Train 0.8455, Val 0.8416, Test 0.8145
Epoch 100: Loss:            : Train 0.0000, Val 0.7127, Test 0.6525
          Accuracy         : Train 0.8777, Val 0.7832, Test 0.8346
Best:
          Accuracy         : Train 0.8455, Val 0.8416, Test 0.8145
Epoch 101: Loss:            : Train 0.0000, Val 0.6608, Test 0.5883
          Accuracy         : Train 0.8619, Val 0.7915, Test 0.8450
Best:
          Accuracy         : Train 0.8455, Val 0.8416, Test 0.8145
Epoch 102: Loss:            : Train 0.0000, Val 0.6523, Test 0.5824
          Accuracy         : Train 0.8812, Val 0.8117, Test 0.8416
Best:
          Accuracy         : Train 0.8455, Val 0.8416, Test 0.8145
Epoch 103: Loss:            : Train 0.0000, Val 0.6969, Test 0.6424
          Accuracy         : Train 0.8784, Val 0.7999, Test 0.8318
Best:
          Accuracy         : Train 0.8455, Val 0.8416, Test 0.8145
Epoch 104: Loss:            : Train 0.0000, Val 0.6390, Test 0.6888
          Accuracy         : Train 0.8594, Val 0.8214, Test 0.8381
Best:
          Accuracy         : Train 0.8455, Val 0.8416, Test 0.8145
Epoch 105: Loss:            : Train 0.0000, Val 0.6390, Test 0.6357
          Accuracy         : Train 0.8731, Val 0.8061, Test 0.8450
Best:
          Accuracy         : Train 0.8455, Val 0.8416, Test 0.8145
Epoch 106: Loss:            : Train 0.0000, Val 0.6931, Test 0.5901
          Accuracy         : Train 0.8879, Val 0.8040, Test 0.8457
Best:
          Accuracy         : Train 0.8455, Val 0.8416, Test 0.8145
Epoch 107: Loss:            : Train 0.0000, Val 0.7262, Test 0.5867
          Accuracy         : Train 0.8738, Val 0.7929, Test 0.8478
Best:
          Accuracy         : Train 0.8455, Val 0.8416, Test 0.8145
Epoch 108: Loss:            : Train 0.0000, Val 0.7795, Test 0.8417
          Accuracy         : Train 0.8802, Val 0.8013, Test 0.7894
Best:
          Accuracy         : Train 0.8455, Val 0.8416, Test 0.8145
Epoch 109: Loss:            : Train 0.0000, Val 0.7274, Test 0.6502
          Accuracy         : Train 0.8536, Val 0.7651, Test 0.8374
Best:
          Accuracy         : Train 0.8455, Val 0.8416, Test 0.8145
Epoch 110: Loss:            : Train 0.0000, Val 0.7055, Test 0.6061
          Accuracy         : Train 0.8610, Val 0.7950, Test 0.8353
Best:
          Accuracy         : Train 0.8455, Val 0.8416, Test 0.8145
Epoch 111: Loss:            : Train 0.0000, Val 0.6848, Test 0.6097
          Accuracy         : Train 0.8633, Val 0.8075, Test 0.8423
Best:
          Accuracy         : Train 0.8455, Val 0.8416, Test 0.8145
Epoch 112: Loss:            : Train 0.0000, Val 0.7339, Test 0.6491
          Accuracy         : Train 0.8814, Val 0.8068, Test 0.8443
Best:
          Accuracy         : Train 0.8455, Val 0.8416, Test 0.8145
Epoch 113: Loss:            : Train 0.0000, Val 0.7091, Test 0.6302
          Accuracy         : Train 0.8798, Val 0.8047, Test 0.8423
Best:
          Accuracy         : Train 0.8455, Val 0.8416, Test 0.8145
Epoch 114: Loss:            : Train 0.0000, Val 0.6169, Test 0.5925
          Accuracy         : Train 0.8680, Val 0.8242, Test 0.8485
Best:
          Accuracy         : Train 0.8455, Val 0.8416, Test 0.8145
Epoch 115: Loss:            : Train 0.0000, Val 0.6773, Test 0.6867
          Accuracy         : Train 0.8895, Val 0.8068, Test 0.8290
Best:
          Accuracy         : Train 0.8455, Val 0.8416, Test 0.8145
Epoch 116: Loss:            : Train 0.0000, Val 0.7142, Test 0.6423
          Accuracy         : Train 0.8751, Val 0.7992, Test 0.8450
Best:
          Accuracy         : Train 0.8455, Val 0.8416, Test 0.8145
Epoch 117: Loss:            : Train 0.0000, Val 0.7861, Test 0.6891
          Accuracy         : Train 0.8844, Val 0.8040, Test 0.8138
Best:
          Accuracy         : Train 0.8455, Val 0.8416, Test 0.8145
Epoch 118: Loss:            : Train 0.0000, Val 0.7202, Test 0.7490
          Accuracy         : Train 0.8497, Val 0.8339, Test 0.8270
Best:
          Accuracy         : Train 0.8455, Val 0.8416, Test 0.8145
Epoch 119: Loss:            : Train 0.0000, Val 0.7219, Test 0.7280
          Accuracy         : Train 0.8751, Val 0.8047, Test 0.8284
Best:
          Accuracy         : Train 0.8455, Val 0.8416, Test 0.8145
Epoch 120: Loss:            : Train 0.0000, Val 0.6269, Test 0.6802
          Accuracy         : Train 0.8656, Val 0.8332, Test 0.8388
Best:
          Accuracy         : Train 0.8455, Val 0.8416, Test 0.8145
Epoch 121: Loss:            : Train 0.0000, Val 0.6984, Test 0.7056
          Accuracy         : Train 0.8839, Val 0.7999, Test 0.8200
Best:
          Accuracy         : Train 0.8455, Val 0.8416, Test 0.8145
Epoch 122: Loss:            : Train 0.0000, Val 0.7603, Test 0.7846
          Accuracy         : Train 0.8666, Val 0.7957, Test 0.8186
Best:
          Accuracy         : Train 0.8455, Val 0.8416, Test 0.8145
Epoch 123: Loss:            : Train 0.0000, Val 0.6725, Test 0.6701
          Accuracy         : Train 0.8610, Val 0.7978, Test 0.8277
Best:
          Accuracy         : Train 0.8455, Val 0.8416, Test 0.8145
Epoch 124: Loss:            : Train 0.0000, Val 0.6485, Test 0.6508
          Accuracy         : Train 0.8617, Val 0.8214, Test 0.8436
Best:
          Accuracy         : Train 0.8455, Val 0.8416, Test 0.8145
Epoch 125: Loss:            : Train 0.0000, Val 0.6653, Test 0.6528
          Accuracy         : Train 0.8707, Val 0.8284, Test 0.8492
Best:
          Accuracy         : Train 0.8455, Val 0.8416, Test 0.8145
Epoch 126: Loss:            : Train 0.0000, Val 0.7408, Test 0.6580
          Accuracy         : Train 0.8682, Val 0.8019, Test 0.8416
Best:
          Accuracy         : Train 0.8455, Val 0.8416, Test 0.8145
Epoch 127: Loss:            : Train 0.0000, Val 0.6976, Test 0.7084
          Accuracy         : Train 0.8726, Val 0.8165, Test 0.8402
Best:
          Accuracy         : Train 0.8455, Val 0.8416, Test 0.8145
Epoch 128: Loss:            : Train 0.0000, Val 0.7361, Test 0.6834
          Accuracy         : Train 0.8710, Val 0.7846, Test 0.8353
Best:
          Accuracy         : Train 0.8455, Val 0.8416, Test 0.8145
Epoch 129: Loss:            : Train 0.0000, Val 0.8789, Test 0.8011
          Accuracy         : Train 0.8742, Val 0.7776, Test 0.8256
Best:
          Accuracy         : Train 0.8455, Val 0.8416, Test 0.8145
Epoch 130: Loss:            : Train 0.0000, Val 0.7810, Test 0.8184
          Accuracy         : Train 0.8668, Val 0.7957, Test 0.7964
Best:
          Accuracy         : Train 0.8455, Val 0.8416, Test 0.8145
Epoch 131: Loss:            : Train 0.0000, Val 0.7025, Test 0.6723
          Accuracy         : Train 0.8568, Val 0.8110, Test 0.8353
Best:
          Accuracy         : Train 0.8455, Val 0.8416, Test 0.8145
Epoch 132: Loss:            : Train 0.0000, Val 0.6377, Test 0.6265
          Accuracy         : Train 0.8687, Val 0.8311, Test 0.8402
Best:
          Accuracy         : Train 0.8455, Val 0.8416, Test 0.8145
Epoch 133: Loss:            : Train 0.0000, Val 0.6358, Test 0.6687
          Accuracy         : Train 0.8812, Val 0.8165, Test 0.8235
Best:
          Accuracy         : Train 0.8455, Val 0.8416, Test 0.8145
Epoch 134: Loss:            : Train 0.0000, Val 0.7514, Test 0.6259
          Accuracy         : Train 0.8765, Val 0.7839, Test 0.8409
Best:
          Accuracy         : Train 0.8455, Val 0.8416, Test 0.8145
Epoch 135: Loss:            : Train 0.0000, Val 0.8205, Test 0.8231
          Accuracy         : Train 0.8633, Val 0.7804, Test 0.8068
Best:
          Accuracy         : Train 0.8455, Val 0.8416, Test 0.8145
Epoch 136: Loss:            : Train 0.0000, Val 0.7449, Test 0.6417
          Accuracy         : Train 0.8599, Val 0.7811, Test 0.8374
Best:
          Accuracy         : Train 0.8455, Val 0.8416, Test 0.8145
Epoch 137: Loss:            : Train 0.0000, Val 0.6013, Test 0.6432
          Accuracy         : Train 0.8619, Val 0.8353, Test 0.8284
Best:
          Accuracy         : Train 0.8455, Val 0.8416, Test 0.8145
Epoch 138: Loss:            : Train 0.0000, Val 0.6523, Test 0.7343
          Accuracy         : Train 0.8772, Val 0.8284, Test 0.8145
Best:
          Accuracy         : Train 0.8455, Val 0.8416, Test 0.8145
Epoch 139: Loss:            : Train 0.0000, Val 0.7086, Test 0.7211
          Accuracy         : Train 0.8698, Val 0.7964, Test 0.8103
Best:
          Accuracy         : Train 0.8455, Val 0.8416, Test 0.8145
Epoch 140: Loss:            : Train 0.0000, Val 0.6364, Test 0.6532
          Accuracy         : Train 0.8624, Val 0.8290, Test 0.8290
Best:
          Accuracy         : Train 0.8455, Val 0.8416, Test 0.8145
Epoch 141: Loss:            : Train 0.0000, Val 0.7261, Test 0.6841
          Accuracy         : Train 0.8640, Val 0.7999, Test 0.8353
Best:
          Accuracy         : Train 0.8455, Val 0.8416, Test 0.8145
Epoch 142: Loss:            : Train 0.0000, Val 0.6705, Test 0.6321
          Accuracy         : Train 0.8758, Val 0.8235, Test 0.8457
Best:
          Accuracy         : Train 0.8455, Val 0.8416, Test 0.8145
Epoch 143: Loss:            : Train 0.0000, Val 0.6063, Test 0.5642
          Accuracy         : Train 0.8807, Val 0.8200, Test 0.8346
Best:
          Accuracy         : Train 0.8455, Val 0.8416, Test 0.8145
Epoch 144: Loss:            : Train 0.0000, Val 0.5858, Test 0.5964
          Accuracy         : Train 0.8742, Val 0.8353, Test 0.8409
Best:
          Accuracy         : Train 0.8455, Val 0.8416, Test 0.8145
Epoch 145: Loss:            : Train 0.0000, Val 0.7815, Test 0.8607
          Accuracy         : Train 0.8726, Val 0.7637, Test 0.7540
Best:
          Accuracy         : Train 0.8455, Val 0.8416, Test 0.8145
Epoch 146: Loss:            : Train 0.0000, Val 0.7271, Test 0.6302
          Accuracy         : Train 0.8434, Val 0.7832, Test 0.8402
Best:
          Accuracy         : Train 0.8455, Val 0.8416, Test 0.8145
Epoch 147: Loss:            : Train 0.0000, Val 0.7097, Test 0.6458
          Accuracy         : Train 0.8647, Val 0.8026, Test 0.8297
Best:
          Accuracy         : Train 0.8455, Val 0.8416, Test 0.8145
Epoch 148: Loss:            : Train 0.0000, Val 0.7378, Test 0.6817
          Accuracy         : Train 0.8703, Val 0.8151, Test 0.8381
Best:
          Accuracy         : Train 0.8455, Val 0.8416, Test 0.8145
Epoch 149: Loss:            : Train 0.0000, Val 0.7316, Test 0.6664
          Accuracy         : Train 0.8756, Val 0.8151, Test 0.8402
Best:
          Accuracy         : Train 0.8455, Val 0.8416, Test 0.8145
Epoch 150: Loss:            : Train 0.0000, Val 0.6726, Test 0.6269
          Accuracy         : Train 0.8805, Val 0.8089, Test 0.8332
Best:
          Accuracy         : Train 0.8455, Val 0.8416, Test 0.8145
Epoch 151: Loss:            : Train 0.0000, Val 0.7231, Test 0.6738
          Accuracy         : Train 0.8816, Val 0.7964, Test 0.8186
Best:
          Accuracy         : Train 0.8455, Val 0.8416, Test 0.8145
Epoch 152: Loss:            : Train 0.0000, Val 0.7449, Test 0.7767
          Accuracy         : Train 0.8703, Val 0.8367, Test 0.8332
Best:
          Accuracy         : Train 0.8455, Val 0.8416, Test 0.8145
Epoch 153: Loss:            : Train 0.0000, Val 0.7266, Test 0.6619
          Accuracy         : Train 0.8650, Val 0.8172, Test 0.8318
Best:
          Accuracy         : Train 0.8455, Val 0.8416, Test 0.8145
Epoch 154: Loss:            : Train 0.0000, Val 0.7201, Test 0.6271
          Accuracy         : Train 0.8735, Val 0.7853, Test 0.8221
Best:
          Accuracy         : Train 0.8455, Val 0.8416, Test 0.8145
Epoch 155: Loss:            : Train 0.0000, Val 0.7116, Test 0.6070
          Accuracy         : Train 0.8594, Val 0.8138, Test 0.8450
Best:
          Accuracy         : Train 0.8455, Val 0.8416, Test 0.8145
Epoch 156: Loss:            : Train 0.0000, Val 0.7368, Test 0.6397
          Accuracy         : Train 0.8798, Val 0.8284, Test 0.8381
Best:
          Accuracy         : Train 0.8455, Val 0.8416, Test 0.8145
Epoch 157: Loss:            : Train 0.0000, Val 0.7239, Test 0.6728
          Accuracy         : Train 0.8816, Val 0.8235, Test 0.8381
Best:
          Accuracy         : Train 0.8455, Val 0.8416, Test 0.8145
Epoch 158: Loss:            : Train 0.0000, Val 0.7031, Test 0.6457
          Accuracy         : Train 0.8791, Val 0.8131, Test 0.8297
Best:
          Accuracy         : Train 0.8455, Val 0.8416, Test 0.8145
Epoch 159: Loss:            : Train 0.0000, Val 0.6972, Test 0.6048
          Accuracy         : Train 0.8805, Val 0.8019, Test 0.8360
Best:
          Accuracy         : Train 0.8455, Val 0.8416, Test 0.8145
Epoch 160: Loss:            : Train 0.0000, Val 0.8104, Test 0.7675
          Accuracy         : Train 0.8747, Val 0.7929, Test 0.8165
Best:
          Accuracy         : Train 0.8455, Val 0.8416, Test 0.8145
Epoch 161: Loss:            : Train 0.0000, Val 0.7604, Test 0.8320
          Accuracy         : Train 0.8582, Val 0.8214, Test 0.8277
Best:
          Accuracy         : Train 0.8455, Val 0.8416, Test 0.8145
Epoch 162: Loss:            : Train 0.0000, Val 0.7732, Test 0.8534
          Accuracy         : Train 0.8809, Val 0.8117, Test 0.8214
Best:
          Accuracy         : Train 0.8455, Val 0.8416, Test 0.8145
Epoch 163: Loss:            : Train 0.0000, Val 0.7130, Test 0.7652
          Accuracy         : Train 0.8698, Val 0.8158, Test 0.8124
Best:
          Accuracy         : Train 0.8455, Val 0.8416, Test 0.8145
Epoch 164: Loss:            : Train 0.0000, Val 0.7502, Test 0.7976
          Accuracy         : Train 0.8515, Val 0.7874, Test 0.8228
Best:
          Accuracy         : Train 0.8455, Val 0.8416, Test 0.8145
Epoch 165: Loss:            : Train 0.0000, Val 0.7441, Test 0.7682
          Accuracy         : Train 0.8765, Val 0.7999, Test 0.8277
Best:
          Accuracy         : Train 0.8455, Val 0.8416, Test 0.8145
Epoch 166: Loss:            : Train 0.0000, Val 0.7053, Test 0.6601
          Accuracy         : Train 0.8805, Val 0.8172, Test 0.8409
Best:
          Accuracy         : Train 0.8455, Val 0.8416, Test 0.8145
Epoch 167: Loss:            : Train 0.0000, Val 0.6855, Test 0.6528
          Accuracy         : Train 0.8795, Val 0.8304, Test 0.8284
Best:
          Accuracy         : Train 0.8455, Val 0.8416, Test 0.8145
Epoch 168: Loss:            : Train 0.0000, Val 0.6865, Test 0.6841
          Accuracy         : Train 0.8782, Val 0.8256, Test 0.8360
Best:
          Accuracy         : Train 0.8455, Val 0.8416, Test 0.8145
Epoch 169: Loss:            : Train 0.0000, Val 0.6633, Test 0.6218
          Accuracy         : Train 0.8814, Val 0.8110, Test 0.8409
Best:
          Accuracy         : Train 0.8455, Val 0.8416, Test 0.8145
Epoch 170: Loss:            : Train 0.0000, Val 0.6666, Test 0.6322
          Accuracy         : Train 0.8890, Val 0.8145, Test 0.8256
Best:
          Accuracy         : Train 0.8455, Val 0.8416, Test 0.8145
Epoch 171: Loss:            : Train 0.0000, Val 0.7208, Test 0.6726
          Accuracy         : Train 0.8749, Val 0.8054, Test 0.8256
Best:
          Accuracy         : Train 0.8455, Val 0.8416, Test 0.8145
Epoch 172: Loss:            : Train 0.0000, Val 0.7033, Test 0.6492
          Accuracy         : Train 0.8735, Val 0.8061, Test 0.8290
Best:
          Accuracy         : Train 0.8455, Val 0.8416, Test 0.8145
Epoch 173: Loss:            : Train 0.0000, Val 0.7741, Test 0.6629
          Accuracy         : Train 0.8705, Val 0.7943, Test 0.8193
Best:
          Accuracy         : Train 0.8455, Val 0.8416, Test 0.8145
Epoch 174: Loss:            : Train 0.0000, Val 0.6680, Test 0.5483
          Accuracy         : Train 0.8645, Val 0.8179, Test 0.8409
Best:
          Accuracy         : Train 0.8455, Val 0.8416, Test 0.8145
Epoch 175: Loss:            : Train 0.0000, Val 0.6853, Test 0.5687
          Accuracy         : Train 0.8851, Val 0.8054, Test 0.8423
Best:
          Accuracy         : Train 0.8455, Val 0.8416, Test 0.8145
Epoch 176: Loss:            : Train 0.0000, Val 0.6776, Test 0.6046
          Accuracy         : Train 0.8756, Val 0.8214, Test 0.8409
Best:
          Accuracy         : Train 0.8455, Val 0.8416, Test 0.8145
Epoch 177: Loss:            : Train 0.0000, Val 0.6727, Test 0.6065
          Accuracy         : Train 0.8758, Val 0.8235, Test 0.8304
Best:
          Accuracy         : Train 0.8455, Val 0.8416, Test 0.8145
Epoch 178: Loss:            : Train 0.0000, Val 0.6228, Test 0.6693
          Accuracy         : Train 0.8826, Val 0.8193, Test 0.7985
Best:
          Accuracy         : Train 0.8455, Val 0.8416, Test 0.8145
Epoch 179: Loss:            : Train 0.0000, Val 0.6815, Test 0.6810
          Accuracy         : Train 0.8568, Val 0.7922, Test 0.8179
Best:
          Accuracy         : Train 0.8455, Val 0.8416, Test 0.8145
Epoch 180: Loss:            : Train 0.0000, Val 0.7719, Test 0.8412
          Accuracy         : Train 0.8478, Val 0.7908, Test 0.7874
Best:
          Accuracy         : Train 0.8455, Val 0.8416, Test 0.8145
Epoch 181: Loss:            : Train 0.0000, Val 0.6702, Test 0.6231
          Accuracy         : Train 0.8492, Val 0.8110, Test 0.8297
Best:
          Accuracy         : Train 0.8455, Val 0.8416, Test 0.8145
Epoch 182: Loss:            : Train 0.0000, Val 0.7610, Test 0.6622
          Accuracy         : Train 0.8877, Val 0.8006, Test 0.8416
Best:
          Accuracy         : Train 0.8455, Val 0.8416, Test 0.8145
Epoch 183: Loss:            : Train 0.0000, Val 0.7744, Test 0.7332
          Accuracy         : Train 0.8867, Val 0.8026, Test 0.8297
Best:
          Accuracy         : Train 0.8455, Val 0.8416, Test 0.8145
Epoch 184: Loss:            : Train 0.0000, Val 0.7555, Test 0.6780
          Accuracy         : Train 0.8793, Val 0.7853, Test 0.8367
Best:
          Accuracy         : Train 0.8455, Val 0.8416, Test 0.8145
Epoch 185: Loss:            : Train 0.0000, Val 0.7289, Test 0.6229
          Accuracy         : Train 0.8784, Val 0.8061, Test 0.8311
Best:
          Accuracy         : Train 0.8455, Val 0.8416, Test 0.8145
Epoch 186: Loss:            : Train 0.0000, Val 0.6857, Test 0.5996
          Accuracy         : Train 0.8798, Val 0.8235, Test 0.8541
Best:
          Accuracy         : Train 0.8455, Val 0.8416, Test 0.8145
Epoch 187: Loss:            : Train 0.0000, Val 0.6714, Test 0.6454
          Accuracy         : Train 0.8821, Val 0.8165, Test 0.8332
Best:
          Accuracy         : Train 0.8455, Val 0.8416, Test 0.8145
Epoch 188: Loss:            : Train 0.0000, Val 0.7035, Test 0.6245
          Accuracy         : Train 0.8812, Val 0.7853, Test 0.8221
Best:
          Accuracy         : Train 0.8455, Val 0.8416, Test 0.8145
Epoch 189: Loss:            : Train 0.0000, Val 0.6629, Test 0.6229
          Accuracy         : Train 0.8668, Val 0.8068, Test 0.8228
Best:
          Accuracy         : Train 0.8455, Val 0.8416, Test 0.8145
Epoch 190: Loss:            : Train 0.0000, Val 0.7237, Test 0.5867
          Accuracy         : Train 0.8775, Val 0.8061, Test 0.8409
Best:
          Accuracy         : Train 0.8455, Val 0.8416, Test 0.8145
Epoch 191: Loss:            : Train 0.0000, Val 0.7922, Test 0.6997
          Accuracy         : Train 0.8853, Val 0.7950, Test 0.8332
Best:
          Accuracy         : Train 0.8455, Val 0.8416, Test 0.8145
Epoch 192: Loss:            : Train 0.0000, Val 0.7539, Test 0.6668
          Accuracy         : Train 0.8812, Val 0.7943, Test 0.8242
Best:
          Accuracy         : Train 0.8455, Val 0.8416, Test 0.8145
Epoch 193: Loss:            : Train 0.0000, Val 0.6987, Test 0.5992
          Accuracy         : Train 0.8911, Val 0.8110, Test 0.8402
Best:
          Accuracy         : Train 0.8455, Val 0.8416, Test 0.8145
Epoch 194: Loss:            : Train 0.0000, Val 0.7178, Test 0.6690
          Accuracy         : Train 0.8951, Val 0.8075, Test 0.8311
Best:
          Accuracy         : Train 0.8455, Val 0.8416, Test 0.8145
Epoch 195: Loss:            : Train 0.0000, Val 0.6552, Test 0.6171
          Accuracy         : Train 0.8751, Val 0.8318, Test 0.8443
Best:
          Accuracy         : Train 0.8455, Val 0.8416, Test 0.8145
Epoch 196: Loss:            : Train 0.0000, Val 0.6380, Test 0.6027
          Accuracy         : Train 0.8835, Val 0.8311, Test 0.8478
Best:
          Accuracy         : Train 0.8455, Val 0.8416, Test 0.8145
Epoch 197: Loss:            : Train 0.0000, Val 0.6835, Test 0.6282
          Accuracy         : Train 0.8909, Val 0.8145, Test 0.8520
Best:
          Accuracy         : Train 0.8455, Val 0.8416, Test 0.8145
Epoch 198: Loss:            : Train 0.0000, Val 0.7810, Test 0.7519
          Accuracy         : Train 0.8860, Val 0.8061, Test 0.8228
Best:
          Accuracy         : Train 0.8455, Val 0.8416, Test 0.8145
Epoch 199: Loss:            : Train 0.0000, Val 0.7215, Test 0.6355
          Accuracy         : Train 0.8738, Val 0.7915, Test 0.8318
Best:
          Accuracy         : Train 0.8455, Val 0.8416, Test 0.8145
Epoch 200: Loss:            : Train 0.0000, Val 0.6899, Test 0.6026
          Accuracy         : Train 0.8814, Val 0.7922, Test 0.8464
Best:
          Accuracy         : Train 0.8455, Val 0.8416, Test 0.8145
Training time (sec): 21
