Loading parties from cache
Loading data from cache
Done
Calculating noise scale
Adding noise of scale 0.0 to sim_scores
Adding noise of scale 0.0 to sim_scores
Adding noise of scale 0.0 to sim_scores
Filter dataset to top 80
Generating top 80 dataset
Generating top 80 dataset
Generating top 80 dataset
Preparing time (sec): 0
Initializing dataloader
Done
Prepare for training
Start training
SplitNN summary
==========================================================================================
Layer (type:depth-idx)                   Output Shape              Param #
==========================================================================================
SplitNN                                  --                        --
├─MLP: 1                                 --                        --
│    └─ModuleList: 2-1                   --                        --
├─ModuleList: 1-1                        --                        --
│    └─MLP: 2                            --                        --
│    │    └─ModuleList: 3-1              --                        5,450
│    └─MLP: 2                            --                        --
│    │    └─ModuleList: 3-2              --                        5,450
│    └─MLP: 2-2                          [32, 50]                  --
│    └─MLP: 2-3                          [32, 50]                  --
├─MLP: 1-2                               [32, 10]                  --
│    └─ModuleList: 2-1                   --                        --
│    │    └─Linear: 3-3                  [32, 100]                 10,100
│    │    └─Linear: 3-4                  [32, 10]                  1,010
==========================================================================================
Total params: 22,010
Trainable params: 22,010
Non-trainable params: 0
Total mult-adds (M): 0.70
==========================================================================================
Input size (MB): 0.00
Forward/backward pass size (MB): 0.10
Params size (MB): 0.09
Estimated Total Size (MB): 0.19
==========================================================================================
Similarity model summary
==========================================================================================
Layer (type:depth-idx)                   Output Shape              Param #
==========================================================================================
MLP                                      --                        --
├─ModuleList: 1-1                        --                        --
│    └─Linear: 2-1                       [1, 10]                   20
│    └─Linear: 2-2                       [1, 1]                    11
==========================================================================================
Total params: 31
Trainable params: 31
Non-trainable params: 0
Total mult-adds (M): 0.00
==========================================================================================
Input size (MB): 0.00
Forward/backward pass size (MB): 0.00
Params size (MB): 0.00
Estimated Total Size (MB): 0.00
==========================================================================================
n_classes=10
task=multi_cls
model_name=frog_fedsim_noise_0.2_2022-01-28-00-54-27
sche_threshold=0.0001
sche_patience=10
sche_factor=0.1
use_scheduler=False
num_workers=4
device=cuda:2
test_batch_size=32
train_batch_size=32
learning_rate=0.003
weight_decay=0.001
num_epochs=100
model_save_path=ckp/frog_fedsim_noise_0.2_2022-01-28-00-54-27.pth
test_rate=0.2
val_rate=0.2
multiprocess_context=fork
metrics=['accuracy']
metrics_f=[<metric.accuracy.Accuracy object at 0x7f58a0f9e8b0>]
hidden_sizes=[100, 100]
model=SplitNN(
  (agg_model): MLP(
    (fc_layers): ModuleList(
      (0): Linear(in_features=100, out_features=100, bias=True)
      (1): Linear(in_features=100, out_features=10, bias=True)
    )
  )
  (local_models): ModuleList(
    (0): MLP(
      (fc_layers): ModuleList(
        (0): Linear(in_features=3, out_features=100, bias=True)
        (1): Linear(in_features=100, out_features=50, bias=True)
      )
    )
    (1): MLP(
      (fc_layers): ModuleList(
        (0): Linear(in_features=3, out_features=100, bias=True)
        (1): Linear(in_features=100, out_features=50, bias=True)
      )
    )
  )
)
writer=<torch.utils.tensorboard.writer.SummaryWriter object at 0x7f58a0f9e9d0>
dataset_type=syn
drop_key=True
num_common_features=16
tree_radius=2
tree_leaf_size=1000
knn_k=80
grid_min=-10.0
grid_max=10.0
grid_width=1.5
sim_scaler=StandardScaler()
filter_top_k=80
link_n_jobs=-1
psig_p=7
sim_leak_p=1.0
link_threshold_t=0.1
link_epsilon=0.1
n_hash_lsh=20
edit_distance_threshold=1
n_hash_func=10
collision_rate=0.05
qgram_q=2
link_delta=0.1
feature_wise_sim=False
blocking_method=knn
center_threshold=0.5
n_clusters=100
local_hidden_sizes=[[100], [100]]
cut_dims=[50, 50]
agg_hidden_sizes=[100]
scale_analysis=None
mlp_merge=None
use_sim=True
use_conv=False
conv_kernel_v_size=7
conv_n_channels=4
merge_dropout_p=0.7
raw_output_dim=10
log_dir=log/frog_fedsim_noise_0.2_2022-01-28-00-54-27/
update_sim_freq=1
sim_model_save_path=ckp/frog_fedsim_noise_0.2_2022-01-28-00-54-27_sim.pth
merge_model_save_path=ckp/frog_fedsim_noise_0.2_2022-01-28-00-54-27_merge.pth
sim_batch_size=128
sim_weight_decay=0.001
sim_learning_rate=0.003
merge_model=AvgSumModel()
sim_model=MLP(
  (fc_layers): ModuleList(
    (0): Linear(in_features=1, out_features=10, bias=True)
    (1): Linear(in_features=10, out_features=1, bias=True)
  )
)
sim_hidden_sizes=[10]
merge_hidden_sizes=[400]
data1_shape=(7195, 19)
data2_shape=(7195, 19)
Epoch 1: Loss:            : Train 1.6774, Val 1.2606, Test 1.2770
          Accuracy         : Train 0.4737, Val 0.5247, Test 0.5038
Best:
          Accuracy         : Train 0.4737, Val 0.5247, Test 0.5038
Epoch 2: Loss:            : Train 0.9593, Val 0.7424, Test 0.7843
          Accuracy         : Train 0.7155, Val 0.7999, Test 0.7686
Best:
          Accuracy         : Train 0.7155, Val 0.7999, Test 0.7686
Epoch 3: Loss:            : Train 0.6506, Val 0.5789, Test 0.6559
          Accuracy         : Train 0.8075, Val 0.8297, Test 0.7874
Best:
          Accuracy         : Train 0.8075, Val 0.8297, Test 0.7874
Epoch 4: Loss:            : Train 0.5308, Val 0.4847, Test 0.5531
          Accuracy         : Train 0.8358, Val 0.8596, Test 0.8026
Best:
          Accuracy         : Train 0.8358, Val 0.8596, Test 0.8026
Epoch 5: Loss:            : Train 0.4583, Val 0.4595, Test 0.5377
          Accuracy         : Train 0.8589, Val 0.8694, Test 0.8311
Best:
          Accuracy         : Train 0.8589, Val 0.8694, Test 0.8311
Epoch 6: Loss:            : Train 0.4037, Val 0.3927, Test 0.4421
          Accuracy         : Train 0.8779, Val 0.8958, Test 0.8694
Best:
          Accuracy         : Train 0.8779, Val 0.8958, Test 0.8694
Epoch 7: Loss:            : Train 0.3596, Val 0.4216, Test 0.4918
          Accuracy         : Train 0.8941, Val 0.8589, Test 0.8179
Best:
          Accuracy         : Train 0.8779, Val 0.8958, Test 0.8694
Epoch 8: Loss:            : Train 0.3318, Val 0.3482, Test 0.4281
          Accuracy         : Train 0.9050, Val 0.8937, Test 0.8631
Best:
          Accuracy         : Train 0.8779, Val 0.8958, Test 0.8694
Epoch 9: Loss:            : Train 0.2981, Val 0.3788, Test 0.4661
          Accuracy         : Train 0.9094, Val 0.8874, Test 0.8457
Best:
          Accuracy         : Train 0.8779, Val 0.8958, Test 0.8694
Epoch 10: Loss:            : Train 0.2816, Val 0.3495, Test 0.4008
          Accuracy         : Train 0.9210, Val 0.8909, Test 0.8645
Best:
          Accuracy         : Train 0.8779, Val 0.8958, Test 0.8694
Epoch 11: Loss:            : Train 0.2639, Val 0.3570, Test 0.4629
          Accuracy         : Train 0.9268, Val 0.8881, Test 0.8582
Best:
          Accuracy         : Train 0.8779, Val 0.8958, Test 0.8694
Epoch 12: Loss:            : Train 0.2457, Val 0.3513, Test 0.3505
          Accuracy         : Train 0.9275, Val 0.8930, Test 0.8937
Best:
          Accuracy         : Train 0.8779, Val 0.8958, Test 0.8694
Epoch 13: Loss:            : Train 0.2244, Val 0.3619, Test 0.3599
          Accuracy         : Train 0.9358, Val 0.8909, Test 0.8902
Best:
          Accuracy         : Train 0.8779, Val 0.8958, Test 0.8694
Epoch 14: Loss:            : Train 0.2191, Val 0.3566, Test 0.3622
          Accuracy         : Train 0.9363, Val 0.8965, Test 0.8853
Best:
          Accuracy         : Train 0.9363, Val 0.8965, Test 0.8853
Epoch 15: Loss:            : Train 0.2084, Val 0.3791, Test 0.4007
          Accuracy         : Train 0.9391, Val 0.8839, Test 0.8742
Best:
          Accuracy         : Train 0.9363, Val 0.8965, Test 0.8853
Epoch 16: Loss:            : Train 0.2134, Val 0.3879, Test 0.4007
          Accuracy         : Train 0.9391, Val 0.8944, Test 0.8784
Best:
          Accuracy         : Train 0.9363, Val 0.8965, Test 0.8853
Epoch 17: Loss:            : Train 0.2087, Val 0.3672, Test 0.3240
          Accuracy         : Train 0.9398, Val 0.9055, Test 0.9034
Best:
          Accuracy         : Train 0.9398, Val 0.9055, Test 0.9034
Epoch 18: Loss:            : Train 0.2033, Val 0.3018, Test 0.2842
          Accuracy         : Train 0.9435, Val 0.9166, Test 0.9083
Best:
          Accuracy         : Train 0.9435, Val 0.9166, Test 0.9083
Epoch 19: Loss:            : Train 0.1840, Val 0.3080, Test 0.3400
          Accuracy         : Train 0.9421, Val 0.9145, Test 0.8791
Best:
          Accuracy         : Train 0.9435, Val 0.9166, Test 0.9083
Epoch 20: Loss:            : Train 0.1820, Val 0.2701, Test 0.2960
          Accuracy         : Train 0.9458, Val 0.9222, Test 0.9055
Best:
          Accuracy         : Train 0.9458, Val 0.9222, Test 0.9055
Epoch 21: Loss:            : Train 0.1812, Val 0.3383, Test 0.3388
          Accuracy         : Train 0.9446, Val 0.8985, Test 0.8895
Best:
          Accuracy         : Train 0.9458, Val 0.9222, Test 0.9055
Epoch 22: Loss:            : Train 0.1722, Val 0.3189, Test 0.3420
          Accuracy         : Train 0.9472, Val 0.9020, Test 0.8798
Best:
          Accuracy         : Train 0.9458, Val 0.9222, Test 0.9055
Epoch 23: Loss:            : Train 0.1864, Val 0.4653, Test 0.3882
          Accuracy         : Train 0.9476, Val 0.8805, Test 0.8735
Best:
          Accuracy         : Train 0.9458, Val 0.9222, Test 0.9055
Epoch 24: Loss:            : Train 0.1599, Val 0.3342, Test 0.3163
          Accuracy         : Train 0.9490, Val 0.9076, Test 0.9020
Best:
          Accuracy         : Train 0.9458, Val 0.9222, Test 0.9055
Epoch 25: Loss:            : Train 0.1673, Val 0.3081, Test 0.3142
          Accuracy         : Train 0.9463, Val 0.9104, Test 0.8992
Best:
          Accuracy         : Train 0.9458, Val 0.9222, Test 0.9055
Epoch 26: Loss:            : Train 0.1633, Val 0.4495, Test 0.3168
          Accuracy         : Train 0.9537, Val 0.8958, Test 0.8965
Best:
          Accuracy         : Train 0.9458, Val 0.9222, Test 0.9055
Epoch 27: Loss:            : Train 0.1680, Val 0.3920, Test 0.3472
          Accuracy         : Train 0.9514, Val 0.8944, Test 0.8902
Best:
          Accuracy         : Train 0.9458, Val 0.9222, Test 0.9055
Epoch 28: Loss:            : Train 0.1578, Val 0.4947, Test 0.4085
          Accuracy         : Train 0.9507, Val 0.8707, Test 0.8673
Best:
          Accuracy         : Train 0.9458, Val 0.9222, Test 0.9055
Epoch 29: Loss:            : Train 0.1537, Val 0.5003, Test 0.4262
          Accuracy         : Train 0.9537, Val 0.8617, Test 0.8631
Best:
          Accuracy         : Train 0.9458, Val 0.9222, Test 0.9055
Epoch 30: Loss:            : Train 0.1503, Val 0.3207, Test 0.2868
          Accuracy         : Train 0.9541, Val 0.9145, Test 0.9166
Best:
          Accuracy         : Train 0.9458, Val 0.9222, Test 0.9055
Epoch 31: Loss:            : Train 0.1468, Val 0.3351, Test 0.3307
          Accuracy         : Train 0.9551, Val 0.9131, Test 0.8909
Best:
          Accuracy         : Train 0.9458, Val 0.9222, Test 0.9055
Epoch 32: Loss:            : Train 0.1473, Val 0.3083, Test 0.2974
          Accuracy         : Train 0.9537, Val 0.9110, Test 0.8992
Best:
          Accuracy         : Train 0.9458, Val 0.9222, Test 0.9055
Epoch 33: Loss:            : Train 0.1434, Val 0.3085, Test 0.2992
          Accuracy         : Train 0.9541, Val 0.9201, Test 0.9048
Best:
          Accuracy         : Train 0.9458, Val 0.9222, Test 0.9055
Epoch 34: Loss:            : Train 0.1358, Val 0.3432, Test 0.3493
          Accuracy         : Train 0.9595, Val 0.9117, Test 0.8944
Best:
          Accuracy         : Train 0.9458, Val 0.9222, Test 0.9055
Epoch 35: Loss:            : Train 0.1411, Val 0.4691, Test 0.3109
          Accuracy         : Train 0.9590, Val 0.8874, Test 0.9041
Best:
          Accuracy         : Train 0.9458, Val 0.9222, Test 0.9055
Epoch 36: Loss:            : Train 0.1475, Val 0.3171, Test 0.2696
          Accuracy         : Train 0.9562, Val 0.9138, Test 0.9180
Best:
          Accuracy         : Train 0.9458, Val 0.9222, Test 0.9055
Epoch 37: Loss:            : Train 0.1398, Val 0.2866, Test 0.3826
          Accuracy         : Train 0.9578, Val 0.9152, Test 0.8965
Best:
          Accuracy         : Train 0.9458, Val 0.9222, Test 0.9055
Epoch 38: Loss:            : Train 0.1359, Val 0.3267, Test 0.2654
          Accuracy         : Train 0.9569, Val 0.9131, Test 0.9236
Best:
          Accuracy         : Train 0.9458, Val 0.9222, Test 0.9055
Epoch 39: Loss:            : Train 0.1368, Val 0.2504, Test 0.2754
          Accuracy         : Train 0.9534, Val 0.9305, Test 0.9131
Best:
          Accuracy         : Train 0.9534, Val 0.9305, Test 0.9131
Epoch 40: Loss:            : Train 0.1286, Val 0.3520, Test 0.2868
          Accuracy         : Train 0.9583, Val 0.9055, Test 0.9180
Best:
          Accuracy         : Train 0.9534, Val 0.9305, Test 0.9131
Epoch 41: Loss:            : Train 0.1316, Val 0.4301, Test 0.3680
          Accuracy         : Train 0.9592, Val 0.8930, Test 0.8944
Best:
          Accuracy         : Train 0.9534, Val 0.9305, Test 0.9131
Epoch 42: Loss:            : Train 0.1217, Val 0.3084, Test 0.2872
          Accuracy         : Train 0.9578, Val 0.9215, Test 0.9173
Best:
          Accuracy         : Train 0.9534, Val 0.9305, Test 0.9131
Epoch 43: Loss:            : Train 0.1305, Val 0.4640, Test 0.4005
          Accuracy         : Train 0.9574, Val 0.8700, Test 0.8937
Best:
          Accuracy         : Train 0.9534, Val 0.9305, Test 0.9131
Epoch 44: Loss:            : Train 0.1229, Val 0.3169, Test 0.2502
          Accuracy         : Train 0.9599, Val 0.9236, Test 0.9291
Best:
          Accuracy         : Train 0.9534, Val 0.9305, Test 0.9131
Epoch 45: Loss:            : Train 0.1244, Val 0.2799, Test 0.2847
          Accuracy         : Train 0.9588, Val 0.9319, Test 0.9229
Best:
          Accuracy         : Train 0.9588, Val 0.9319, Test 0.9229
Epoch 46: Loss:            : Train 0.1283, Val 0.3124, Test 0.2736
          Accuracy         : Train 0.9599, Val 0.9229, Test 0.9305
Best:
          Accuracy         : Train 0.9588, Val 0.9319, Test 0.9229
Epoch 47: Loss:            : Train 0.1215, Val 0.3149, Test 0.3306
          Accuracy         : Train 0.9625, Val 0.9110, Test 0.9006
Best:
          Accuracy         : Train 0.9588, Val 0.9319, Test 0.9229
Epoch 48: Loss:            : Train 0.1206, Val 0.3411, Test 0.2412
          Accuracy         : Train 0.9588, Val 0.9263, Test 0.9395
Best:
          Accuracy         : Train 0.9588, Val 0.9319, Test 0.9229
Epoch 49: Loss:            : Train 0.1229, Val 0.6025, Test 0.4126
          Accuracy         : Train 0.9588, Val 0.8353, Test 0.8749
Best:
          Accuracy         : Train 0.9588, Val 0.9319, Test 0.9229
Epoch 50: Loss:            : Train 0.1118, Val 0.3710, Test 0.2890
          Accuracy         : Train 0.9613, Val 0.9159, Test 0.9256
Best:
          Accuracy         : Train 0.9588, Val 0.9319, Test 0.9229
Epoch 51: Loss:            : Train 0.1209, Val 0.3803, Test 0.2950
          Accuracy         : Train 0.9620, Val 0.9131, Test 0.9236
Best:
          Accuracy         : Train 0.9588, Val 0.9319, Test 0.9229
Epoch 52: Loss:            : Train 0.1202, Val 0.4248, Test 0.3979
          Accuracy         : Train 0.9574, Val 0.8833, Test 0.8888
Best:
          Accuracy         : Train 0.9588, Val 0.9319, Test 0.9229
Epoch 53: Loss:            : Train 0.1126, Val 0.3406, Test 0.2917
          Accuracy         : Train 0.9639, Val 0.9076, Test 0.9083
Best:
          Accuracy         : Train 0.9588, Val 0.9319, Test 0.9229
Epoch 54: Loss:            : Train 0.1117, Val 0.3530, Test 0.2826
          Accuracy         : Train 0.9657, Val 0.9110, Test 0.9236
Best:
          Accuracy         : Train 0.9588, Val 0.9319, Test 0.9229
Epoch 55: Loss:            : Train 0.1086, Val 0.3953, Test 0.3550
          Accuracy         : Train 0.9653, Val 0.9020, Test 0.9166
Best:
          Accuracy         : Train 0.9588, Val 0.9319, Test 0.9229
Epoch 56: Loss:            : Train 0.1124, Val 0.2989, Test 0.2415
          Accuracy         : Train 0.9659, Val 0.9243, Test 0.9291
Best:
          Accuracy         : Train 0.9588, Val 0.9319, Test 0.9229
Epoch 57: Loss:            : Train 0.1097, Val 0.4338, Test 0.3929
          Accuracy         : Train 0.9664, Val 0.8944, Test 0.9055
Best:
          Accuracy         : Train 0.9588, Val 0.9319, Test 0.9229
Epoch 58: Loss:            : Train 0.1118, Val 0.4227, Test 0.2719
          Accuracy         : Train 0.9669, Val 0.9110, Test 0.9291
Best:
          Accuracy         : Train 0.9588, Val 0.9319, Test 0.9229
Epoch 59: Loss:            : Train 0.1061, Val 0.3355, Test 0.2626
          Accuracy         : Train 0.9643, Val 0.9124, Test 0.9249
Best:
          Accuracy         : Train 0.9588, Val 0.9319, Test 0.9229
Epoch 60: Loss:            : Train 0.1028, Val 0.3538, Test 0.2740
          Accuracy         : Train 0.9687, Val 0.9117, Test 0.9326
Best:
          Accuracy         : Train 0.9588, Val 0.9319, Test 0.9229
Epoch 61: Loss:            : Train 0.1008, Val 0.4507, Test 0.3058
          Accuracy         : Train 0.9662, Val 0.8923, Test 0.9298
Best:
          Accuracy         : Train 0.9588, Val 0.9319, Test 0.9229
Epoch 62: Loss:            : Train 0.0982, Val 0.3832, Test 0.3203
          Accuracy         : Train 0.9664, Val 0.9124, Test 0.9097
Best:
          Accuracy         : Train 0.9588, Val 0.9319, Test 0.9229
Epoch 63: Loss:            : Train 0.1041, Val 0.3691, Test 0.2767
          Accuracy         : Train 0.9646, Val 0.9083, Test 0.9340
Best:
          Accuracy         : Train 0.9588, Val 0.9319, Test 0.9229
Epoch 64: Loss:            : Train 0.0966, Val 0.3701, Test 0.2935
          Accuracy         : Train 0.9710, Val 0.9097, Test 0.9277
Best:
          Accuracy         : Train 0.9588, Val 0.9319, Test 0.9229
Epoch 65: Loss:            : Train 0.0923, Val 0.3501, Test 0.3448
          Accuracy         : Train 0.9683, Val 0.9131, Test 0.9027
Best:
          Accuracy         : Train 0.9588, Val 0.9319, Test 0.9229
Epoch 66: Loss:            : Train 0.0904, Val 0.5061, Test 0.2935
          Accuracy         : Train 0.9729, Val 0.8819, Test 0.9263
Best:
          Accuracy         : Train 0.9588, Val 0.9319, Test 0.9229
Epoch 67: Loss:            : Train 0.0898, Val 0.3553, Test 0.3013
          Accuracy         : Train 0.9729, Val 0.9138, Test 0.9145
Best:
          Accuracy         : Train 0.9588, Val 0.9319, Test 0.9229
Epoch 68: Loss:            : Train 0.0908, Val 0.5389, Test 0.3232
          Accuracy         : Train 0.9690, Val 0.8833, Test 0.9222
Best:
          Accuracy         : Train 0.9588, Val 0.9319, Test 0.9229
Epoch 69: Loss:            : Train 0.0884, Val 0.3358, Test 0.3113
          Accuracy         : Train 0.9692, Val 0.9222, Test 0.9298
Best:
          Accuracy         : Train 0.9588, Val 0.9319, Test 0.9229
Epoch 70: Loss:            : Train 0.0909, Val 0.2906, Test 0.2626
          Accuracy         : Train 0.9680, Val 0.9326, Test 0.9416
Best:
          Accuracy         : Train 0.9680, Val 0.9326, Test 0.9416
Epoch 71: Loss:            : Train 0.0856, Val 0.4367, Test 0.2751
          Accuracy         : Train 0.9699, Val 0.9006, Test 0.9354
Best:
          Accuracy         : Train 0.9680, Val 0.9326, Test 0.9416
Epoch 72: Loss:            : Train 0.0774, Val 0.3432, Test 0.3410
          Accuracy         : Train 0.9738, Val 0.9097, Test 0.9215
Best:
          Accuracy         : Train 0.9680, Val 0.9326, Test 0.9416
Epoch 73: Loss:            : Train 0.0800, Val 0.3795, Test 0.2892
          Accuracy         : Train 0.9727, Val 0.9194, Test 0.9173
Best:
          Accuracy         : Train 0.9680, Val 0.9326, Test 0.9416
Epoch 74: Loss:            : Train 0.0829, Val 0.3689, Test 0.3460
          Accuracy         : Train 0.9703, Val 0.9117, Test 0.9027
Best:
          Accuracy         : Train 0.9680, Val 0.9326, Test 0.9416
Epoch 75: Loss:            : Train 0.0765, Val 0.5994, Test 0.4537
          Accuracy         : Train 0.9743, Val 0.8784, Test 0.8902
Best:
          Accuracy         : Train 0.9680, Val 0.9326, Test 0.9416
Epoch 76: Loss:            : Train 0.0801, Val 0.3621, Test 0.2874
          Accuracy         : Train 0.9734, Val 0.9166, Test 0.9249
Best:
          Accuracy         : Train 0.9680, Val 0.9326, Test 0.9416
Epoch 77: Loss:            : Train 0.0734, Val 0.5005, Test 0.3941
          Accuracy         : Train 0.9768, Val 0.8909, Test 0.9006
Best:
          Accuracy         : Train 0.9680, Val 0.9326, Test 0.9416
Epoch 78: Loss:            : Train 0.0786, Val 0.4971, Test 0.3665
          Accuracy         : Train 0.9738, Val 0.8985, Test 0.9131
Best:
          Accuracy         : Train 0.9680, Val 0.9326, Test 0.9416
Epoch 79: Loss:            : Train 0.0740, Val 0.5483, Test 0.4076
          Accuracy         : Train 0.9754, Val 0.8853, Test 0.9027
Best:
          Accuracy         : Train 0.9680, Val 0.9326, Test 0.9416
Epoch 80: Loss:            : Train 0.0769, Val 0.4036, Test 0.3158
          Accuracy         : Train 0.9729, Val 0.9131, Test 0.9159
Best:
          Accuracy         : Train 0.9680, Val 0.9326, Test 0.9416
Epoch 81: Loss:            : Train 0.0743, Val 0.4301, Test 0.3485
          Accuracy         : Train 0.9761, Val 0.9138, Test 0.9173
Best:
          Accuracy         : Train 0.9680, Val 0.9326, Test 0.9416
Epoch 82: Loss:            : Train 0.0724, Val 0.4888, Test 0.3074
          Accuracy         : Train 0.9757, Val 0.8978, Test 0.9361
Best:
          Accuracy         : Train 0.9680, Val 0.9326, Test 0.9416
Epoch 83: Loss:            : Train 0.0768, Val 0.4618, Test 0.3139
          Accuracy         : Train 0.9743, Val 0.9006, Test 0.9298
Best:
          Accuracy         : Train 0.9680, Val 0.9326, Test 0.9416
Epoch 84: Loss:            : Train 0.0757, Val 0.6130, Test 0.4297
          Accuracy         : Train 0.9754, Val 0.8638, Test 0.9055
Best:
          Accuracy         : Train 0.9680, Val 0.9326, Test 0.9416
Epoch 85: Loss:            : Train 0.0665, Val 0.4757, Test 0.3880
          Accuracy         : Train 0.9761, Val 0.8930, Test 0.9090
Best:
          Accuracy         : Train 0.9680, Val 0.9326, Test 0.9416
Epoch 86: Loss:            : Train 0.0713, Val 0.4480, Test 0.4222
          Accuracy         : Train 0.9759, Val 0.9173, Test 0.8972
Best:
          Accuracy         : Train 0.9680, Val 0.9326, Test 0.9416
Epoch 87: Loss:            : Train 0.0633, Val 0.3886, Test 0.3511
          Accuracy         : Train 0.9794, Val 0.9263, Test 0.9180
Best:
          Accuracy         : Train 0.9680, Val 0.9326, Test 0.9416
Epoch 88: Loss:            : Train 0.0726, Val 0.6238, Test 0.3802
          Accuracy         : Train 0.9738, Val 0.8791, Test 0.9104
Best:
          Accuracy         : Train 0.9680, Val 0.9326, Test 0.9416
Epoch 89: Loss:            : Train 0.0677, Val 0.4012, Test 0.3621
          Accuracy         : Train 0.9789, Val 0.9263, Test 0.9166
Best:
          Accuracy         : Train 0.9680, Val 0.9326, Test 0.9416
Epoch 90: Loss:            : Train 0.0684, Val 0.4568, Test 0.4122
          Accuracy         : Train 0.9738, Val 0.9166, Test 0.9152
Best:
          Accuracy         : Train 0.9680, Val 0.9326, Test 0.9416
Epoch 91: Loss:            : Train 0.0629, Val 0.4025, Test 0.3343
          Accuracy         : Train 0.9796, Val 0.9173, Test 0.9180
Best:
          Accuracy         : Train 0.9680, Val 0.9326, Test 0.9416
Epoch 92: Loss:            : Train 0.0646, Val 0.4680, Test 0.3358
          Accuracy         : Train 0.9761, Val 0.9138, Test 0.9284
Best:
          Accuracy         : Train 0.9680, Val 0.9326, Test 0.9416
Epoch 93: Loss:            : Train 0.0652, Val 0.4541, Test 0.2828
          Accuracy         : Train 0.9771, Val 0.9006, Test 0.9347
Best:
          Accuracy         : Train 0.9680, Val 0.9326, Test 0.9416
Epoch 94: Loss:            : Train 0.0611, Val 0.4092, Test 0.3579
          Accuracy         : Train 0.9794, Val 0.9083, Test 0.9104
Best:
          Accuracy         : Train 0.9680, Val 0.9326, Test 0.9416
Epoch 95: Loss:            : Train 0.0591, Val 0.3821, Test 0.2697
          Accuracy         : Train 0.9771, Val 0.9201, Test 0.9409
Best:
          Accuracy         : Train 0.9680, Val 0.9326, Test 0.9416
Epoch 96: Loss:            : Train 0.0592, Val 0.3932, Test 0.3336
          Accuracy         : Train 0.9808, Val 0.9208, Test 0.9159
Best:
          Accuracy         : Train 0.9680, Val 0.9326, Test 0.9416
Epoch 97: Loss:            : Train 0.0621, Val 0.4522, Test 0.2936
          Accuracy         : Train 0.9782, Val 0.9048, Test 0.9284
Best:
          Accuracy         : Train 0.9680, Val 0.9326, Test 0.9416
Epoch 98: Loss:            : Train 0.0572, Val 0.5339, Test 0.4379
          Accuracy         : Train 0.9796, Val 0.8958, Test 0.9055
Best:
          Accuracy         : Train 0.9680, Val 0.9326, Test 0.9416
Epoch 99: Loss:            : Train 0.0516, Val 0.5551, Test 0.3981
          Accuracy         : Train 0.9815, Val 0.8846, Test 0.8965
Best:
          Accuracy         : Train 0.9680, Val 0.9326, Test 0.9416
Epoch 100: Loss:            : Train 0.0580, Val 0.4702, Test 0.3257
          Accuracy         : Train 0.9792, Val 0.9180, Test 0.9326
Best:
          Accuracy         : Train 0.9680, Val 0.9326, Test 0.9416
Training time (sec): 756
