Loading rawg from data/game/rawg_clean.csv
Loading steam from data/game/steam_clean.csv
Current steam columns Index(['english', 'required_age', 'achievements', 'positive_ratings',
       'negative_ratings', 'average_playtime', 'median_playtime', 'price',
       'cat_Captions available', 'cat_Co-op', 'cat_Commentary available',
       'cat_Cross-Platform Multiplayer', 'cat_Full controller support',
       'cat_In-App Purchases', 'cat_Includes Source SDK',
       'cat_Includes level editor', 'cat_Local Co-op',
       'cat_Local Multi-Player', 'cat_MMO', 'cat_Mods',
       'cat_Mods (require HL2)', 'cat_Multi-player', 'cat_Online Co-op',
       'cat_Online Multi-Player', 'cat_Partial Controller Support',
       'cat_Shared/Split Screen', 'cat_Single-player', 'cat_Stats',
       'cat_Steam Achievements', 'cat_Steam Cloud', 'cat_Steam Leaderboards',
       'cat_Steam Trading Cards', 'cat_Steam Turn Notifications',
       'cat_Steam Workshop', 'cat_SteamVR Collectibles', 'cat_VR Support',
       'cat_Valve Anti-Cheat enabled', 'name'],
      dtype='object')
Current rawg columns Index(['name', 'rating', 'playtime', 'achievements_count', 'suggestions_count',
       'game_series_count', 'reviews_count', 'added_status_yet',
       'added_status_owned', 'added_status_beaten', 'added_status_toplay',
       'added_status_dropped', 'added_status_playing', 'has_website',
       'released_year_before_2020', 'updated_year_before_2020', '3DO',
       'Android', 'Apple II', 'Atari 2600', 'Atari 5200', 'Atari 7800',
       'Atari 8-bit', 'Atari Flashback', 'Atari Lynx', 'Atari ST',
       'Atari XEGS', 'Classic Macintosh', 'Commodore / Amiga', 'Dreamcast',
       'Game Boy', 'Game Boy Advance', 'Game Boy Color', 'Game Gear',
       'GameCube', 'Genesis', 'Jaguar', 'Linux', 'NES', 'Neo Geo',
       'Nintendo 3DS', 'Nintendo 64', 'Nintendo DS', 'Nintendo DSi',
       'Nintendo Switch', 'PC', 'PS Vita', 'PSP', 'PlayStation',
       'PlayStation 2', 'PlayStation 3', 'PlayStation 4', 'PlayStation 5',
       'SEGA 32X', 'SEGA CD', 'SEGA Master System', 'SEGA Saturn', 'SNES',
       'Web', 'Wii', 'Wii U', 'Xbox', 'Xbox 360', 'Xbox One',
       'Xbox Series S/X', 'iOS', 'macOS', 'Action', 'Adventure', 'Arcade',
       'Board Games', 'Card', 'Casual', 'Educational', 'Family', 'Fighting',
       'Indie', 'Massively Multiplayer', 'Platformer', 'Puzzle', 'RPG',
       'Racing', 'Shooter', 'Simulation', 'Sports', 'Strategy'],
      dtype='object')
Loading data from cache
Done
Calculating noise scale
Adding noise of scale 0.0 to sim_scores
Adding noise of scale 0.0 to sim_scores
Adding noise of scale 0.0 to sim_scores
Filter dataset to top 30
Generating top 30 dataset
Generating top 30 dataset
Generating top 30 dataset
Generating top1 dataset
Generating top1 dataset
Generating top1 dataset
Preparing time (sec): 11
Loading data
Prepare for training
Start training
================================================================================
                                    Kernel Shape Output Shape  Params  \
Layer                                                                   
0_local_models.0.fc_layers.Linear_0    [37, 100]  [4096, 100]    3800   
1_local_models.0.fc_layers.Linear_1    [100, 50]   [4096, 50]    5050   
2_local_models.1.fc_layers.Linear_0    [85, 100]  [4096, 100]    8600   
3_local_models.1.fc_layers.Linear_1    [100, 50]   [4096, 50]    5050   
4_agg_model.fc_layers.Linear_0        [100, 400]  [4096, 400]   40400   
5_agg_model.fc_layers.Linear_1          [400, 1]    [4096, 1]     401   

                                     Mult-Adds  
Layer                                           
0_local_models.0.fc_layers.Linear_0       3700  
1_local_models.0.fc_layers.Linear_1       5000  
2_local_models.1.fc_layers.Linear_0       8500  
3_local_models.1.fc_layers.Linear_1       5000  
4_agg_model.fc_layers.Linear_0           40000  
5_agg_model.fc_layers.Linear_1             400  
--------------------------------------------------------------------------------
                      Totals
Total params           63301
Trainable params       63301
Non-trainable params       0
Mult-Adds              62600
================================================================================
n_classes=2
task=binary_cls
model_name=game_top1sim_2022-01-31-11-12-51
sche_threshold=0.0001
sche_patience=10
sche_factor=0.1
use_scheduler=False
num_workers=4
device=cuda:3
test_batch_size=4096
train_batch_size=4096
learning_rate=0.001
weight_decay=1e-05
num_epochs=200
model_save_path=ckp/game_top1sim_2022-01-31-11-12-51.pth
test_rate=0.2
val_rate=0.1
multiprocess_context=fork
metrics=['accuracy']
metrics_f=[<metric.accuracy.Accuracy object at 0x7fc50134ed30>]
hidden_sizes=[200, 100]
model=SplitNN(
  (agg_model): MLP(
    (fc_layers): ModuleList(
      (0): Linear(in_features=100, out_features=400, bias=True)
      (1): Linear(in_features=400, out_features=1, bias=True)
    )
  )
  (local_models): ModuleList(
    (0): MLP(
      (fc_layers): ModuleList(
        (0): Linear(in_features=37, out_features=100, bias=True)
        (1): Linear(in_features=100, out_features=50, bias=True)
      )
    )
    (1): MLP(
      (fc_layers): ModuleList(
        (0): Linear(in_features=85, out_features=100, bias=True)
        (1): Linear(in_features=100, out_features=50, bias=True)
      )
    )
  )
)
writer=<torch.utils.tensorboard.writer.SummaryWriter object at 0x7fc50134eac0>
dataset_type=real
drop_key=True
num_common_features=1
tree_radius=0.01
tree_leaf_size=1000
knn_k=30
grid_min=-10.0
grid_max=10.0
grid_width=1.5
sim_scaler=StandardScaler()
filter_top_k=30
link_n_jobs=1
psig_p=4
sim_leak_p=1.0
link_threshold_t=0.1
link_epsilon=0.1
n_hash_lsh=50
edit_distance_threshold=10
n_hash_func=50
collision_rate=0.01
qgram_q=4
link_delta=0.01
feature_wise_sim=False
blocking_method=knn_str
center_threshold=0.5
n_clusters=100
local_hidden_sizes=[[100], [100]]
cut_dims=[50, 50]
agg_hidden_sizes=[400]
scale_analysis=None
data1_shape=(26987, 38)
data2_shape=(439999, 86)
Epoch 1: Loss:            : Train 0.0000, Val 0.5076, Test 0.4348
          Accuracy         : Train 0.8217, Val 0.8370, Test 0.8429
Best:
          Accuracy         : Train 0.8217, Val 0.8370, Test 0.8429
Epoch 2: Loss:            : Train 0.0000, Val 0.4653, Test 0.4406
          Accuracy         : Train 0.8487, Val 0.8411, Test 0.8501
Best:
          Accuracy         : Train 0.8487, Val 0.8411, Test 0.8501
Epoch 3: Loss:            : Train 0.0000, Val 0.4315, Test 0.4705
          Accuracy         : Train 0.8608, Val 0.8555, Test 0.8625
Best:
          Accuracy         : Train 0.8608, Val 0.8555, Test 0.8625
Epoch 4: Loss:            : Train 0.0000, Val 0.3815, Test 0.4647
          Accuracy         : Train 0.8681, Val 0.8651, Test 0.8662
Best:
          Accuracy         : Train 0.8681, Val 0.8651, Test 0.8662
Epoch 5: Loss:            : Train 0.0000, Val 0.3922, Test 0.4575
          Accuracy         : Train 0.8715, Val 0.8644, Test 0.8662
Best:
          Accuracy         : Train 0.8681, Val 0.8651, Test 0.8662
Epoch 6: Loss:            : Train 0.0000, Val 0.3887, Test 0.4308
          Accuracy         : Train 0.8735, Val 0.8725, Test 0.8737
Best:
          Accuracy         : Train 0.8735, Val 0.8725, Test 0.8737
Epoch 7: Loss:            : Train 0.0000, Val 0.3623, Test 0.3636
          Accuracy         : Train 0.8773, Val 0.8737, Test 0.8800
Best:
          Accuracy         : Train 0.8773, Val 0.8737, Test 0.8800
Epoch 8: Loss:            : Train 0.0000, Val 0.3737, Test 0.3429
          Accuracy         : Train 0.8767, Val 0.8677, Test 0.8688
Best:
          Accuracy         : Train 0.8773, Val 0.8737, Test 0.8800
Epoch 9: Loss:            : Train 0.0000, Val 0.3523, Test 0.3382
          Accuracy         : Train 0.8735, Val 0.8774, Test 0.8822
Best:
          Accuracy         : Train 0.8735, Val 0.8774, Test 0.8822
Epoch 10: Loss:            : Train 0.0000, Val 0.3867, Test 0.3393
          Accuracy         : Train 0.8845, Val 0.8788, Test 0.8796
Best:
          Accuracy         : Train 0.8845, Val 0.8788, Test 0.8796
Epoch 11: Loss:            : Train 0.0000, Val 0.3778, Test 0.3159
          Accuracy         : Train 0.8830, Val 0.8829, Test 0.8831
Best:
          Accuracy         : Train 0.8830, Val 0.8829, Test 0.8831
Epoch 12: Loss:            : Train 0.0000, Val 0.3521, Test 0.3075
          Accuracy         : Train 0.8875, Val 0.8840, Test 0.8857
Best:
          Accuracy         : Train 0.8875, Val 0.8840, Test 0.8857
Epoch 13: Loss:            : Train 0.0000, Val 0.3241, Test 0.3088
          Accuracy         : Train 0.8866, Val 0.8863, Test 0.8857
Best:
          Accuracy         : Train 0.8866, Val 0.8863, Test 0.8857
Epoch 14: Loss:            : Train 0.0000, Val 0.3240, Test 0.2986
          Accuracy         : Train 0.8869, Val 0.8863, Test 0.8851
Best:
          Accuracy         : Train 0.8866, Val 0.8863, Test 0.8857
Epoch 15: Loss:            : Train 0.0000, Val 0.3332, Test 0.2922
          Accuracy         : Train 0.8904, Val 0.8877, Test 0.8868
Best:
          Accuracy         : Train 0.8904, Val 0.8877, Test 0.8868
Epoch 16: Loss:            : Train 0.0000, Val 0.3177, Test 0.2936
          Accuracy         : Train 0.8931, Val 0.8885, Test 0.8924
Best:
          Accuracy         : Train 0.8931, Val 0.8885, Test 0.8924
Epoch 17: Loss:            : Train 0.0000, Val 0.3453, Test 0.3059
          Accuracy         : Train 0.8926, Val 0.8914, Test 0.8948
Best:
          Accuracy         : Train 0.8926, Val 0.8914, Test 0.8948
Epoch 18: Loss:            : Train 0.0000, Val 0.3513, Test 0.2915
          Accuracy         : Train 0.8945, Val 0.8866, Test 0.8907
Best:
          Accuracy         : Train 0.8926, Val 0.8914, Test 0.8948
Epoch 19: Loss:            : Train 0.0000, Val 0.3413, Test 0.2869
          Accuracy         : Train 0.8942, Val 0.8929, Test 0.8926
Best:
          Accuracy         : Train 0.8942, Val 0.8929, Test 0.8926
Epoch 20: Loss:            : Train 0.0000, Val 0.3131, Test 0.2794
          Accuracy         : Train 0.8956, Val 0.8955, Test 0.8964
Best:
          Accuracy         : Train 0.8956, Val 0.8955, Test 0.8964
Epoch 21: Loss:            : Train 0.0000, Val 0.3274, Test 0.2809
          Accuracy         : Train 0.8938, Val 0.8903, Test 0.8935
Best:
          Accuracy         : Train 0.8956, Val 0.8955, Test 0.8964
Epoch 22: Loss:            : Train 0.0000, Val 0.3369, Test 0.2805
          Accuracy         : Train 0.8970, Val 0.8959, Test 0.8948
Best:
          Accuracy         : Train 0.8970, Val 0.8959, Test 0.8948
Epoch 23: Loss:            : Train 0.0000, Val 0.3288, Test 0.2732
          Accuracy         : Train 0.8979, Val 0.8985, Test 0.8976
Best:
          Accuracy         : Train 0.8979, Val 0.8985, Test 0.8976
Epoch 24: Loss:            : Train 0.0000, Val 0.3120, Test 0.2701
          Accuracy         : Train 0.8989, Val 0.8985, Test 0.9001
Best:
          Accuracy         : Train 0.8979, Val 0.8985, Test 0.8976
Epoch 25: Loss:            : Train 0.0000, Val 0.2947, Test 0.2692
          Accuracy         : Train 0.8960, Val 0.8951, Test 0.8963
Best:
          Accuracy         : Train 0.8979, Val 0.8985, Test 0.8976
Epoch 26: Loss:            : Train 0.0000, Val 0.2940, Test 0.2663
          Accuracy         : Train 0.8980, Val 0.9011, Test 0.8985
Best:
          Accuracy         : Train 0.8980, Val 0.9011, Test 0.8985
Epoch 27: Loss:            : Train 0.0000, Val 0.2945, Test 0.2609
          Accuracy         : Train 0.8998, Val 0.8992, Test 0.8985
Best:
          Accuracy         : Train 0.8980, Val 0.9011, Test 0.8985
Epoch 28: Loss:            : Train 0.0000, Val 0.2922, Test 0.2593
          Accuracy         : Train 0.9020, Val 0.9044, Test 0.9029
Best:
          Accuracy         : Train 0.9020, Val 0.9044, Test 0.9029
Epoch 29: Loss:            : Train 0.0000, Val 0.2916, Test 0.2553
          Accuracy         : Train 0.9040, Val 0.9014, Test 0.9024
Best:
          Accuracy         : Train 0.9020, Val 0.9044, Test 0.9029
Epoch 30: Loss:            : Train 0.0000, Val 0.2866, Test 0.2496
          Accuracy         : Train 0.9033, Val 0.9044, Test 0.9039
Best:
          Accuracy         : Train 0.9020, Val 0.9044, Test 0.9029
Epoch 31: Loss:            : Train 0.0000, Val 0.2875, Test 0.2491
          Accuracy         : Train 0.9047, Val 0.9037, Test 0.9031
Best:
          Accuracy         : Train 0.9020, Val 0.9044, Test 0.9029
Epoch 32: Loss:            : Train 0.0000, Val 0.2833, Test 0.2449
          Accuracy         : Train 0.9044, Val 0.9066, Test 0.9057
Best:
          Accuracy         : Train 0.9044, Val 0.9066, Test 0.9057
Epoch 33: Loss:            : Train 0.0000, Val 0.2952, Test 0.2465
          Accuracy         : Train 0.9064, Val 0.9037, Test 0.9029
Best:
          Accuracy         : Train 0.9044, Val 0.9066, Test 0.9057
Epoch 34: Loss:            : Train 0.0000, Val 0.2887, Test 0.2437
          Accuracy         : Train 0.9034, Val 0.9089, Test 0.9085
Best:
          Accuracy         : Train 0.9034, Val 0.9089, Test 0.9085
Epoch 35: Loss:            : Train 0.0000, Val 0.3068, Test 0.2438
          Accuracy         : Train 0.9057, Val 0.9055, Test 0.9052
Best:
          Accuracy         : Train 0.9034, Val 0.9089, Test 0.9085
Epoch 36: Loss:            : Train 0.0000, Val 0.2909, Test 0.2374
          Accuracy         : Train 0.9042, Val 0.9048, Test 0.9072
Best:
          Accuracy         : Train 0.9034, Val 0.9089, Test 0.9085
Epoch 37: Loss:            : Train 0.0000, Val 0.2766, Test 0.2356
          Accuracy         : Train 0.9083, Val 0.9092, Test 0.9083
Best:
          Accuracy         : Train 0.9083, Val 0.9092, Test 0.9083
Epoch 38: Loss:            : Train 0.0000, Val 0.2959, Test 0.2373
          Accuracy         : Train 0.9060, Val 0.9066, Test 0.9081
Best:
          Accuracy         : Train 0.9083, Val 0.9092, Test 0.9083
Epoch 39: Loss:            : Train 0.0000, Val 0.2917, Test 0.2301
          Accuracy         : Train 0.9079, Val 0.9148, Test 0.9103
Best:
          Accuracy         : Train 0.9079, Val 0.9148, Test 0.9103
Epoch 40: Loss:            : Train 0.0000, Val 0.2647, Test 0.2308
          Accuracy         : Train 0.9082, Val 0.9103, Test 0.9081
Best:
          Accuracy         : Train 0.9079, Val 0.9148, Test 0.9103
Epoch 41: Loss:            : Train 0.0000, Val 0.2905, Test 0.2283
          Accuracy         : Train 0.9067, Val 0.9126, Test 0.9109
Best:
          Accuracy         : Train 0.9079, Val 0.9148, Test 0.9103
Epoch 42: Loss:            : Train 0.0000, Val 0.2878, Test 0.2265
          Accuracy         : Train 0.9097, Val 0.9129, Test 0.9122
Best:
          Accuracy         : Train 0.9079, Val 0.9148, Test 0.9103
Epoch 43: Loss:            : Train 0.0000, Val 0.2703, Test 0.2241
          Accuracy         : Train 0.9083, Val 0.9137, Test 0.9126
Best:
          Accuracy         : Train 0.9079, Val 0.9148, Test 0.9103
Epoch 44: Loss:            : Train 0.0000, Val 0.2615, Test 0.2231
          Accuracy         : Train 0.9087, Val 0.9103, Test 0.9098
Best:
          Accuracy         : Train 0.9079, Val 0.9148, Test 0.9103
Epoch 45: Loss:            : Train 0.0000, Val 0.2667, Test 0.2164
          Accuracy         : Train 0.9077, Val 0.9170, Test 0.9133
Best:
          Accuracy         : Train 0.9077, Val 0.9170, Test 0.9133
Epoch 46: Loss:            : Train 0.0000, Val 0.2610, Test 0.2154
          Accuracy         : Train 0.9112, Val 0.9148, Test 0.9135
Best:
          Accuracy         : Train 0.9077, Val 0.9170, Test 0.9133
Epoch 47: Loss:            : Train 0.0000, Val 0.2858, Test 0.2359
          Accuracy         : Train 0.9090, Val 0.9140, Test 0.9127
Best:
          Accuracy         : Train 0.9077, Val 0.9170, Test 0.9133
Epoch 48: Loss:            : Train 0.0000, Val 0.2866, Test 0.2212
          Accuracy         : Train 0.9117, Val 0.9107, Test 0.9107
Best:
          Accuracy         : Train 0.9077, Val 0.9170, Test 0.9133
Epoch 49: Loss:            : Train 0.0000, Val 0.2637, Test 0.2281
          Accuracy         : Train 0.9107, Val 0.9177, Test 0.9157
Best:
          Accuracy         : Train 0.9107, Val 0.9177, Test 0.9157
Epoch 50: Loss:            : Train 0.0000, Val 0.2630, Test 0.2206
          Accuracy         : Train 0.9130, Val 0.9081, Test 0.9059
Best:
          Accuracy         : Train 0.9107, Val 0.9177, Test 0.9157
Epoch 51: Loss:            : Train 0.0000, Val 0.2532, Test 0.2205
          Accuracy         : Train 0.9109, Val 0.9159, Test 0.9155
Best:
          Accuracy         : Train 0.9107, Val 0.9177, Test 0.9157
Epoch 52: Loss:            : Train 0.0000, Val 0.2535, Test 0.2042
          Accuracy         : Train 0.9124, Val 0.9163, Test 0.9170
Best:
          Accuracy         : Train 0.9107, Val 0.9177, Test 0.9157
Epoch 53: Loss:            : Train 0.0000, Val 0.2741, Test 0.2058
          Accuracy         : Train 0.9146, Val 0.9133, Test 0.9157
Best:
          Accuracy         : Train 0.9107, Val 0.9177, Test 0.9157
Epoch 54: Loss:            : Train 0.0000, Val 0.2769, Test 0.2098
          Accuracy         : Train 0.9136, Val 0.9133, Test 0.9168
Best:
          Accuracy         : Train 0.9107, Val 0.9177, Test 0.9157
Epoch 55: Loss:            : Train 0.0000, Val 0.2664, Test 0.2012
          Accuracy         : Train 0.9154, Val 0.9189, Test 0.9177
Best:
          Accuracy         : Train 0.9154, Val 0.9189, Test 0.9177
Epoch 56: Loss:            : Train 0.0000, Val 0.2429, Test 0.2013
          Accuracy         : Train 0.9141, Val 0.9137, Test 0.9170
Best:
          Accuracy         : Train 0.9154, Val 0.9189, Test 0.9177
Epoch 57: Loss:            : Train 0.0000, Val 0.2422, Test 0.2111
          Accuracy         : Train 0.9130, Val 0.9170, Test 0.9187
Best:
          Accuracy         : Train 0.9154, Val 0.9189, Test 0.9177
Epoch 58: Loss:            : Train 0.0000, Val 0.2643, Test 0.2030
          Accuracy         : Train 0.9141, Val 0.9107, Test 0.9105
Best:
          Accuracy         : Train 0.9154, Val 0.9189, Test 0.9177
Epoch 59: Loss:            : Train 0.0000, Val 0.2478, Test 0.2068
          Accuracy         : Train 0.9156, Val 0.9189, Test 0.9198
Best:
          Accuracy         : Train 0.9154, Val 0.9189, Test 0.9177
Epoch 60: Loss:            : Train 0.0000, Val 0.2737, Test 0.1917
          Accuracy         : Train 0.9148, Val 0.9166, Test 0.9202
Best:
          Accuracy         : Train 0.9154, Val 0.9189, Test 0.9177
Epoch 61: Loss:            : Train 0.0000, Val 0.2607, Test 0.1906
          Accuracy         : Train 0.9170, Val 0.9177, Test 0.9218
Best:
          Accuracy         : Train 0.9154, Val 0.9189, Test 0.9177
Epoch 62: Loss:            : Train 0.0000, Val 0.2358, Test 0.1926
          Accuracy         : Train 0.9178, Val 0.9192, Test 0.9200
Best:
          Accuracy         : Train 0.9178, Val 0.9192, Test 0.9200
Epoch 63: Loss:            : Train 0.0000, Val 0.2584, Test 0.2036
          Accuracy         : Train 0.9175, Val 0.9185, Test 0.9224
Best:
          Accuracy         : Train 0.9178, Val 0.9192, Test 0.9200
Epoch 64: Loss:            : Train 0.0000, Val 0.2591, Test 0.1904
          Accuracy         : Train 0.9185, Val 0.9155, Test 0.9196
Best:
          Accuracy         : Train 0.9178, Val 0.9192, Test 0.9200
Epoch 65: Loss:            : Train 0.0000, Val 0.2340, Test 0.1880
          Accuracy         : Train 0.9180, Val 0.9148, Test 0.9224
Best:
          Accuracy         : Train 0.9178, Val 0.9192, Test 0.9200
Epoch 66: Loss:            : Train 0.0000, Val 0.2487, Test 0.2002
          Accuracy         : Train 0.9173, Val 0.9207, Test 0.9242
Best:
          Accuracy         : Train 0.9173, Val 0.9207, Test 0.9242
Epoch 67: Loss:            : Train 0.0000, Val 0.2434, Test 0.1823
          Accuracy         : Train 0.9190, Val 0.9211, Test 0.9244
Best:
          Accuracy         : Train 0.9190, Val 0.9211, Test 0.9244
Epoch 68: Loss:            : Train 0.0000, Val 0.2585, Test 0.1874
          Accuracy         : Train 0.9182, Val 0.9148, Test 0.9174
Best:
          Accuracy         : Train 0.9190, Val 0.9211, Test 0.9244
Epoch 69: Loss:            : Train 0.0000, Val 0.2650, Test 0.2068
          Accuracy         : Train 0.9177, Val 0.9174, Test 0.9211
Best:
          Accuracy         : Train 0.9190, Val 0.9211, Test 0.9244
Epoch 70: Loss:            : Train 0.0000, Val 0.2515, Test 0.1831
          Accuracy         : Train 0.9196, Val 0.9222, Test 0.9259
Best:
          Accuracy         : Train 0.9196, Val 0.9222, Test 0.9259
Epoch 71: Loss:            : Train 0.0000, Val 0.2448, Test 0.1836
          Accuracy         : Train 0.9194, Val 0.9189, Test 0.9194
Best:
          Accuracy         : Train 0.9196, Val 0.9222, Test 0.9259
Epoch 72: Loss:            : Train 0.0000, Val 0.2430, Test 0.1778
          Accuracy         : Train 0.9175, Val 0.9226, Test 0.9215
Best:
          Accuracy         : Train 0.9175, Val 0.9226, Test 0.9215
Epoch 73: Loss:            : Train 0.0000, Val 0.2422, Test 0.1770
          Accuracy         : Train 0.9214, Val 0.9196, Test 0.9226
Best:
          Accuracy         : Train 0.9175, Val 0.9226, Test 0.9215
Epoch 74: Loss:            : Train 0.0000, Val 0.2310, Test 0.1759
          Accuracy         : Train 0.9202, Val 0.9177, Test 0.9229
Best:
          Accuracy         : Train 0.9175, Val 0.9226, Test 0.9215
Epoch 75: Loss:            : Train 0.0000, Val 0.2381, Test 0.1881
          Accuracy         : Train 0.9201, Val 0.9189, Test 0.9222
Best:
          Accuracy         : Train 0.9175, Val 0.9226, Test 0.9215
Epoch 76: Loss:            : Train 0.0000, Val 0.2318, Test 0.1883
          Accuracy         : Train 0.9201, Val 0.9215, Test 0.9244
Best:
          Accuracy         : Train 0.9175, Val 0.9226, Test 0.9215
Epoch 77: Loss:            : Train 0.0000, Val 0.2505, Test 0.1780
          Accuracy         : Train 0.9202, Val 0.9159, Test 0.9215
Best:
          Accuracy         : Train 0.9175, Val 0.9226, Test 0.9215
Epoch 78: Loss:            : Train 0.0000, Val 0.2537, Test 0.1944
          Accuracy         : Train 0.9200, Val 0.9174, Test 0.9220
Best:
          Accuracy         : Train 0.9175, Val 0.9226, Test 0.9215
Epoch 79: Loss:            : Train 0.0000, Val 0.2502, Test 0.1803
          Accuracy         : Train 0.9209, Val 0.9218, Test 0.9200
Best:
          Accuracy         : Train 0.9175, Val 0.9226, Test 0.9215
Epoch 80: Loss:            : Train 0.0000, Val 0.2339, Test 0.1779
          Accuracy         : Train 0.9211, Val 0.9181, Test 0.9166
Best:
          Accuracy         : Train 0.9175, Val 0.9226, Test 0.9215
Epoch 81: Loss:            : Train 0.0000, Val 0.2296, Test 0.1702
          Accuracy         : Train 0.9201, Val 0.9222, Test 0.9227
Best:
          Accuracy         : Train 0.9175, Val 0.9226, Test 0.9215
Epoch 82: Loss:            : Train 0.0000, Val 0.2220, Test 0.1888
          Accuracy         : Train 0.9224, Val 0.9266, Test 0.9257
Best:
          Accuracy         : Train 0.9224, Val 0.9266, Test 0.9257
Epoch 83: Loss:            : Train 0.0000, Val 0.2318, Test 0.1688
          Accuracy         : Train 0.9223, Val 0.9211, Test 0.9261
Best:
          Accuracy         : Train 0.9224, Val 0.9266, Test 0.9257
Epoch 84: Loss:            : Train 0.0000, Val 0.2172, Test 0.1711
          Accuracy         : Train 0.9229, Val 0.9218, Test 0.9246
Best:
          Accuracy         : Train 0.9224, Val 0.9266, Test 0.9257
Epoch 85: Loss:            : Train 0.0000, Val 0.2269, Test 0.1687
          Accuracy         : Train 0.9240, Val 0.9233, Test 0.9265
Best:
          Accuracy         : Train 0.9224, Val 0.9266, Test 0.9257
Epoch 86: Loss:            : Train 0.0000, Val 0.2463, Test 0.1720
          Accuracy         : Train 0.9241, Val 0.9229, Test 0.9231
Best:
          Accuracy         : Train 0.9224, Val 0.9266, Test 0.9257
Epoch 87: Loss:            : Train 0.0000, Val 0.2145, Test 0.1670
          Accuracy         : Train 0.9240, Val 0.9274, Test 0.9270
Best:
          Accuracy         : Train 0.9240, Val 0.9274, Test 0.9270
Epoch 88: Loss:            : Train 0.0000, Val 0.2301, Test 0.1842
          Accuracy         : Train 0.9239, Val 0.9255, Test 0.9270
Best:
          Accuracy         : Train 0.9240, Val 0.9274, Test 0.9270
Epoch 89: Loss:            : Train 0.0000, Val 0.2244, Test 0.1722
          Accuracy         : Train 0.9242, Val 0.9185, Test 0.9155
Best:
          Accuracy         : Train 0.9240, Val 0.9274, Test 0.9270
Epoch 90: Loss:            : Train 0.0000, Val 0.2348, Test 0.1686
          Accuracy         : Train 0.9235, Val 0.9229, Test 0.9218
Best:
          Accuracy         : Train 0.9240, Val 0.9274, Test 0.9270
Epoch 91: Loss:            : Train 0.0000, Val 0.2134, Test 0.2511
          Accuracy         : Train 0.9228, Val 0.9174, Test 0.9207
Best:
          Accuracy         : Train 0.9240, Val 0.9274, Test 0.9270
Epoch 92: Loss:            : Train 0.0000, Val 0.2123, Test 0.1801
          Accuracy         : Train 0.9210, Val 0.9278, Test 0.9253
Best:
          Accuracy         : Train 0.9210, Val 0.9278, Test 0.9253
Epoch 93: Loss:            : Train 0.0000, Val 0.2157, Test 0.1768
          Accuracy         : Train 0.9227, Val 0.9233, Test 0.9246
Best:
          Accuracy         : Train 0.9210, Val 0.9278, Test 0.9253
Epoch 94: Loss:            : Train 0.0000, Val 0.2114, Test 0.2807
          Accuracy         : Train 0.9245, Val 0.9252, Test 0.9255
Best:
          Accuracy         : Train 0.9210, Val 0.9278, Test 0.9253
Epoch 95: Loss:            : Train 0.0000, Val 0.2347, Test 0.2544
          Accuracy         : Train 0.9217, Val 0.9233, Test 0.9226
Best:
          Accuracy         : Train 0.9210, Val 0.9278, Test 0.9253
Epoch 96: Loss:            : Train 0.0000, Val 0.2327, Test 0.1654
          Accuracy         : Train 0.9239, Val 0.9255, Test 0.9246
Best:
          Accuracy         : Train 0.9210, Val 0.9278, Test 0.9253
Epoch 97: Loss:            : Train 0.0000, Val 0.2080, Test 0.1792
          Accuracy         : Train 0.9243, Val 0.9229, Test 0.9213
Best:
          Accuracy         : Train 0.9210, Val 0.9278, Test 0.9253
Epoch 98: Loss:            : Train 0.0000, Val 0.2370, Test 0.1676
          Accuracy         : Train 0.9245, Val 0.9192, Test 0.9207
Best:
          Accuracy         : Train 0.9210, Val 0.9278, Test 0.9253
Epoch 99: Loss:            : Train 0.0000, Val 0.2373, Test 0.1822
          Accuracy         : Train 0.9250, Val 0.9252, Test 0.9235
Best:
          Accuracy         : Train 0.9210, Val 0.9278, Test 0.9253
Epoch 100: Loss:            : Train 0.0000, Val 0.2199, Test 0.1609
          Accuracy         : Train 0.9236, Val 0.9278, Test 0.9265
Best:
          Accuracy         : Train 0.9210, Val 0.9278, Test 0.9253
Epoch 101: Loss:            : Train 0.0000, Val 0.2268, Test 0.1630
          Accuracy         : Train 0.9253, Val 0.9233, Test 0.9257
Best:
          Accuracy         : Train 0.9210, Val 0.9278, Test 0.9253
Epoch 102: Loss:            : Train 0.0000, Val 0.2079, Test 0.1653
          Accuracy         : Train 0.9246, Val 0.9233, Test 0.9213
Best:
          Accuracy         : Train 0.9210, Val 0.9278, Test 0.9253
Epoch 103: Loss:            : Train 0.0000, Val 0.2146, Test 0.2400
          Accuracy         : Train 0.9260, Val 0.9233, Test 0.9215
Best:
          Accuracy         : Train 0.9210, Val 0.9278, Test 0.9253
Epoch 104: Loss:            : Train 0.0000, Val 0.2103, Test 0.1772
          Accuracy         : Train 0.9257, Val 0.9289, Test 0.9268
Best:
          Accuracy         : Train 0.9257, Val 0.9289, Test 0.9268
Epoch 105: Loss:            : Train 0.0000, Val 0.2141, Test 0.1635
          Accuracy         : Train 0.9248, Val 0.9240, Test 0.9246
Best:
          Accuracy         : Train 0.9257, Val 0.9289, Test 0.9268
Epoch 106: Loss:            : Train 0.0000, Val 0.2366, Test 0.1787
          Accuracy         : Train 0.9239, Val 0.9222, Test 0.9252
Best:
          Accuracy         : Train 0.9257, Val 0.9289, Test 0.9268
Epoch 107: Loss:            : Train 0.0000, Val 0.2113, Test 0.1592
          Accuracy         : Train 0.9255, Val 0.9292, Test 0.9259
Best:
          Accuracy         : Train 0.9255, Val 0.9292, Test 0.9259
Epoch 108: Loss:            : Train 0.0000, Val 0.2023, Test 0.1626
          Accuracy         : Train 0.9239, Val 0.9237, Test 0.9220
Best:
          Accuracy         : Train 0.9255, Val 0.9292, Test 0.9259
Epoch 109: Loss:            : Train 0.0000, Val 0.2036, Test 0.1586
          Accuracy         : Train 0.9246, Val 0.9278, Test 0.9272
Best:
          Accuracy         : Train 0.9255, Val 0.9292, Test 0.9259
Epoch 110: Loss:            : Train 0.0000, Val 0.2369, Test 0.1621
          Accuracy         : Train 0.9258, Val 0.9218, Test 0.9270
Best:
          Accuracy         : Train 0.9255, Val 0.9292, Test 0.9259
Epoch 111: Loss:            : Train 0.0000, Val 0.2041, Test 0.1881
          Accuracy         : Train 0.9254, Val 0.9252, Test 0.9263
Best:
          Accuracy         : Train 0.9255, Val 0.9292, Test 0.9259
Epoch 112: Loss:            : Train 0.0000, Val 0.2042, Test 0.1581
          Accuracy         : Train 0.9255, Val 0.9240, Test 0.9250
Best:
          Accuracy         : Train 0.9255, Val 0.9292, Test 0.9259
Epoch 113: Loss:            : Train 0.0000, Val 0.2034, Test 0.1914
          Accuracy         : Train 0.9251, Val 0.9270, Test 0.9250
Best:
          Accuracy         : Train 0.9255, Val 0.9292, Test 0.9259
Epoch 114: Loss:            : Train 0.0000, Val 0.2140, Test 0.1645
          Accuracy         : Train 0.9268, Val 0.9226, Test 0.9220
Best:
          Accuracy         : Train 0.9255, Val 0.9292, Test 0.9259
Epoch 115: Loss:            : Train 0.0000, Val 0.2198, Test 0.1732
          Accuracy         : Train 0.9264, Val 0.9252, Test 0.9246
Best:
          Accuracy         : Train 0.9255, Val 0.9292, Test 0.9259
Epoch 116: Loss:            : Train 0.0000, Val 0.1960, Test 0.1560
          Accuracy         : Train 0.9265, Val 0.9244, Test 0.9248
Best:
          Accuracy         : Train 0.9255, Val 0.9292, Test 0.9259
Epoch 117: Loss:            : Train 0.0000, Val 0.2421, Test 0.1853
          Accuracy         : Train 0.9260, Val 0.9215, Test 0.9231
Best:
          Accuracy         : Train 0.9255, Val 0.9292, Test 0.9259
Epoch 118: Loss:            : Train 0.0000, Val 0.2388, Test 0.1742
          Accuracy         : Train 0.9262, Val 0.9200, Test 0.9229
Best:
          Accuracy         : Train 0.9255, Val 0.9292, Test 0.9259
Epoch 119: Loss:            : Train 0.0000, Val 0.2298, Test 0.1777
          Accuracy         : Train 0.9278, Val 0.9270, Test 0.9266
Best:
          Accuracy         : Train 0.9255, Val 0.9292, Test 0.9259
Epoch 120: Loss:            : Train 0.0000, Val 0.2330, Test 0.1607
          Accuracy         : Train 0.9239, Val 0.9244, Test 0.9240
Best:
          Accuracy         : Train 0.9255, Val 0.9292, Test 0.9259
Epoch 121: Loss:            : Train 0.0000, Val 0.2205, Test 0.1607
          Accuracy         : Train 0.9237, Val 0.9266, Test 0.9248
Best:
          Accuracy         : Train 0.9255, Val 0.9292, Test 0.9259
Epoch 122: Loss:            : Train 0.0000, Val 0.2292, Test 0.1626
          Accuracy         : Train 0.9274, Val 0.9218, Test 0.9213
Best:
          Accuracy         : Train 0.9255, Val 0.9292, Test 0.9259
Epoch 123: Loss:            : Train 0.0000, Val 0.1998, Test 0.1891
          Accuracy         : Train 0.9254, Val 0.9255, Test 0.9224
Best:
          Accuracy         : Train 0.9255, Val 0.9292, Test 0.9259
Epoch 124: Loss:            : Train 0.0000, Val 0.2508, Test 0.1728
          Accuracy         : Train 0.9255, Val 0.9140, Test 0.9192
Best:
          Accuracy         : Train 0.9255, Val 0.9292, Test 0.9259
Epoch 125: Loss:            : Train 0.0000, Val 0.2354, Test 0.1817
          Accuracy         : Train 0.9255, Val 0.9207, Test 0.9248
Best:
          Accuracy         : Train 0.9255, Val 0.9292, Test 0.9259
Epoch 126: Loss:            : Train 0.0000, Val 0.2307, Test 0.1609
          Accuracy         : Train 0.9264, Val 0.9244, Test 0.9246
Best:
          Accuracy         : Train 0.9255, Val 0.9292, Test 0.9259
Epoch 127: Loss:            : Train 0.0000, Val 0.2153, Test 0.1600
          Accuracy         : Train 0.9241, Val 0.9237, Test 0.9202
Best:
          Accuracy         : Train 0.9255, Val 0.9292, Test 0.9259
Epoch 128: Loss:            : Train 0.0000, Val 0.2122, Test 0.1553
          Accuracy         : Train 0.9244, Val 0.9274, Test 0.9242
Best:
          Accuracy         : Train 0.9255, Val 0.9292, Test 0.9259
Epoch 129: Loss:            : Train 0.0000, Val 0.2125, Test 0.1559
          Accuracy         : Train 0.9276, Val 0.9266, Test 0.9261
Best:
          Accuracy         : Train 0.9255, Val 0.9292, Test 0.9259
Epoch 130: Loss:            : Train 0.0000, Val 0.1979, Test 0.1545
          Accuracy         : Train 0.9271, Val 0.9263, Test 0.9255
Best:
          Accuracy         : Train 0.9255, Val 0.9292, Test 0.9259
Epoch 131: Loss:            : Train 0.0000, Val 0.2127, Test 0.1704
          Accuracy         : Train 0.9260, Val 0.9248, Test 0.9218
Best:
          Accuracy         : Train 0.9255, Val 0.9292, Test 0.9259
Epoch 132: Loss:            : Train 0.0000, Val 0.2297, Test 0.1573
          Accuracy         : Train 0.9276, Val 0.9244, Test 0.9270
Best:
          Accuracy         : Train 0.9255, Val 0.9292, Test 0.9259
Epoch 133: Loss:            : Train 0.0000, Val 0.2407, Test 0.1578
          Accuracy         : Train 0.9277, Val 0.9244, Test 0.9246
Best:
          Accuracy         : Train 0.9255, Val 0.9292, Test 0.9259
Epoch 134: Loss:            : Train 0.0000, Val 0.2107, Test 0.1686
          Accuracy         : Train 0.9274, Val 0.9289, Test 0.9259
Best:
          Accuracy         : Train 0.9255, Val 0.9292, Test 0.9259
Epoch 135: Loss:            : Train 0.0000, Val 0.2154, Test 0.1592
          Accuracy         : Train 0.9290, Val 0.9218, Test 0.9237
Best:
          Accuracy         : Train 0.9255, Val 0.9292, Test 0.9259
Epoch 136: Loss:            : Train 0.0000, Val 0.2069, Test 0.1750
          Accuracy         : Train 0.9279, Val 0.9255, Test 0.9213
Best:
          Accuracy         : Train 0.9255, Val 0.9292, Test 0.9259
Epoch 137: Loss:            : Train 0.0000, Val 0.2230, Test 0.1676
          Accuracy         : Train 0.9268, Val 0.9192, Test 0.9227
Best:
          Accuracy         : Train 0.9255, Val 0.9292, Test 0.9259
Epoch 138: Loss:            : Train 0.0000, Val 0.2330, Test 0.1757
          Accuracy         : Train 0.9275, Val 0.9244, Test 0.9246
Best:
          Accuracy         : Train 0.9255, Val 0.9292, Test 0.9259
Epoch 139: Loss:            : Train 0.0000, Val 0.2388, Test 0.1680
          Accuracy         : Train 0.9273, Val 0.9192, Test 0.9203
Best:
          Accuracy         : Train 0.9255, Val 0.9292, Test 0.9259
Epoch 140: Loss:            : Train 0.0000, Val 0.2261, Test 0.1734
          Accuracy         : Train 0.9274, Val 0.9266, Test 0.9240
Best:
          Accuracy         : Train 0.9255, Val 0.9292, Test 0.9259
Epoch 141: Loss:            : Train 0.0000, Val 0.2134, Test 0.1594
          Accuracy         : Train 0.9254, Val 0.9207, Test 0.9235
Best:
          Accuracy         : Train 0.9255, Val 0.9292, Test 0.9259
Epoch 142: Loss:            : Train 0.0000, Val 0.2132, Test 0.1598
          Accuracy         : Train 0.9233, Val 0.9240, Test 0.9242
Best:
          Accuracy         : Train 0.9255, Val 0.9292, Test 0.9259
Epoch 143: Loss:            : Train 0.0000, Val 0.2060, Test 0.1559
          Accuracy         : Train 0.9269, Val 0.9259, Test 0.9268
Best:
          Accuracy         : Train 0.9255, Val 0.9292, Test 0.9259
Epoch 144: Loss:            : Train 0.0000, Val 0.2311, Test 0.1716
          Accuracy         : Train 0.9274, Val 0.9222, Test 0.9242
Best:
          Accuracy         : Train 0.9255, Val 0.9292, Test 0.9259
Epoch 145: Loss:            : Train 0.0000, Val 0.2153, Test 0.1561
          Accuracy         : Train 0.9268, Val 0.9218, Test 0.9244
Best:
          Accuracy         : Train 0.9255, Val 0.9292, Test 0.9259
Epoch 146: Loss:            : Train 0.0000, Val 0.2131, Test 0.1556
          Accuracy         : Train 0.9259, Val 0.9233, Test 0.9263
Best:
          Accuracy         : Train 0.9255, Val 0.9292, Test 0.9259
Epoch 147: Loss:            : Train 0.0000, Val 0.2031, Test 0.1548
          Accuracy         : Train 0.9286, Val 0.9281, Test 0.9252
Best:
          Accuracy         : Train 0.9255, Val 0.9292, Test 0.9259
Epoch 148: Loss:            : Train 0.0000, Val 0.2198, Test 0.1564
          Accuracy         : Train 0.9303, Val 0.9252, Test 0.9248
Best:
          Accuracy         : Train 0.9255, Val 0.9292, Test 0.9259
Epoch 149: Loss:            : Train 0.0000, Val 0.1975, Test 0.1562
          Accuracy         : Train 0.9298, Val 0.9266, Test 0.9259
Best:
          Accuracy         : Train 0.9255, Val 0.9292, Test 0.9259
Epoch 150: Loss:            : Train 0.0000, Val 0.1974, Test 0.1579
          Accuracy         : Train 0.9286, Val 0.9229, Test 0.9203
Best:
          Accuracy         : Train 0.9255, Val 0.9292, Test 0.9259
Epoch 151: Loss:            : Train 0.0000, Val 0.2127, Test 0.1539
          Accuracy         : Train 0.9278, Val 0.9266, Test 0.9253
Best:
          Accuracy         : Train 0.9255, Val 0.9292, Test 0.9259
Epoch 152: Loss:            : Train 0.0000, Val 0.1983, Test 0.1530
          Accuracy         : Train 0.9287, Val 0.9248, Test 0.9266
Best:
          Accuracy         : Train 0.9255, Val 0.9292, Test 0.9259
Epoch 153: Loss:            : Train 0.0000, Val 0.2360, Test 0.1629
          Accuracy         : Train 0.9275, Val 0.9244, Test 0.9237
Best:
          Accuracy         : Train 0.9255, Val 0.9292, Test 0.9259
Epoch 154: Loss:            : Train 0.0000, Val 0.2249, Test 0.1577
          Accuracy         : Train 0.9289, Val 0.9266, Test 0.9278
Best:
          Accuracy         : Train 0.9255, Val 0.9292, Test 0.9259
Epoch 155: Loss:            : Train 0.0000, Val 0.2040, Test 0.1591
          Accuracy         : Train 0.9285, Val 0.9248, Test 0.9226
Best:
          Accuracy         : Train 0.9255, Val 0.9292, Test 0.9259
Epoch 156: Loss:            : Train 0.0000, Val 0.1993, Test 0.1566
          Accuracy         : Train 0.9266, Val 0.9274, Test 0.9250
Best:
          Accuracy         : Train 0.9255, Val 0.9292, Test 0.9259
Epoch 157: Loss:            : Train 0.0000, Val 0.1984, Test 0.1883
          Accuracy         : Train 0.9282, Val 0.9263, Test 0.9261
Best:
          Accuracy         : Train 0.9255, Val 0.9292, Test 0.9259
Epoch 158: Loss:            : Train 0.0000, Val 0.2361, Test 0.1614
          Accuracy         : Train 0.9274, Val 0.9215, Test 0.9240
Best:
          Accuracy         : Train 0.9255, Val 0.9292, Test 0.9259
Epoch 159: Loss:            : Train 0.0000, Val 0.2263, Test 0.1729
          Accuracy         : Train 0.9269, Val 0.9240, Test 0.9265
Best:
          Accuracy         : Train 0.9255, Val 0.9292, Test 0.9259
Epoch 160: Loss:            : Train 0.0000, Val 0.2078, Test 0.1664
          Accuracy         : Train 0.9270, Val 0.9237, Test 0.9257
Best:
          Accuracy         : Train 0.9255, Val 0.9292, Test 0.9259
Epoch 161: Loss:            : Train 0.0000, Val 0.2327, Test 0.1779
          Accuracy         : Train 0.9277, Val 0.9222, Test 0.9242
Best:
          Accuracy         : Train 0.9255, Val 0.9292, Test 0.9259
Epoch 162: Loss:            : Train 0.0000, Val 0.2161, Test 0.1539
          Accuracy         : Train 0.9290, Val 0.9270, Test 0.9261
Best:
          Accuracy         : Train 0.9255, Val 0.9292, Test 0.9259
Epoch 163: Loss:            : Train 0.0000, Val 0.1991, Test 0.1679
          Accuracy         : Train 0.9294, Val 0.9248, Test 0.9270
Best:
          Accuracy         : Train 0.9255, Val 0.9292, Test 0.9259
Epoch 164: Loss:            : Train 0.0000, Val 0.1947, Test 0.1531
          Accuracy         : Train 0.9280, Val 0.9266, Test 0.9244
Best:
          Accuracy         : Train 0.9255, Val 0.9292, Test 0.9259
Epoch 165: Loss:            : Train 0.0000, Val 0.2277, Test 0.1578
          Accuracy         : Train 0.9284, Val 0.9255, Test 0.9246
Best:
          Accuracy         : Train 0.9255, Val 0.9292, Test 0.9259
Epoch 166: Loss:            : Train 0.0000, Val 0.2100, Test 0.1697
          Accuracy         : Train 0.9284, Val 0.9252, Test 0.9253
Best:
          Accuracy         : Train 0.9255, Val 0.9292, Test 0.9259
Epoch 167: Loss:            : Train 0.0000, Val 0.2350, Test 0.1564
          Accuracy         : Train 0.9299, Val 0.9237, Test 0.9240
Best:
          Accuracy         : Train 0.9255, Val 0.9292, Test 0.9259
Epoch 168: Loss:            : Train 0.0000, Val 0.2302, Test 0.1566
          Accuracy         : Train 0.9281, Val 0.9248, Test 0.9259
Best:
          Accuracy         : Train 0.9255, Val 0.9292, Test 0.9259
Epoch 169: Loss:            : Train 0.0000, Val 0.2341, Test 0.1675
          Accuracy         : Train 0.9275, Val 0.9192, Test 0.9226
Best:
          Accuracy         : Train 0.9255, Val 0.9292, Test 0.9259
Epoch 170: Loss:            : Train 0.0000, Val 0.2285, Test 0.1595
          Accuracy         : Train 0.9294, Val 0.9222, Test 0.9200
Best:
          Accuracy         : Train 0.9255, Val 0.9292, Test 0.9259
Epoch 171: Loss:            : Train 0.0000, Val 0.2048, Test 0.1847
          Accuracy         : Train 0.9288, Val 0.9266, Test 0.9226
Best:
          Accuracy         : Train 0.9255, Val 0.9292, Test 0.9259
Epoch 172: Loss:            : Train 0.0000, Val 0.2058, Test 0.1575
          Accuracy         : Train 0.9265, Val 0.9196, Test 0.9220
Best:
          Accuracy         : Train 0.9255, Val 0.9292, Test 0.9259
Epoch 173: Loss:            : Train 0.0000, Val 0.2022, Test 0.1681
          Accuracy         : Train 0.9274, Val 0.9270, Test 0.9252
Best:
          Accuracy         : Train 0.9255, Val 0.9292, Test 0.9259
Epoch 174: Loss:            : Train 0.0000, Val 0.2202, Test 0.1548
          Accuracy         : Train 0.9289, Val 0.9229, Test 0.9270
Best:
          Accuracy         : Train 0.9255, Val 0.9292, Test 0.9259
Epoch 175: Loss:            : Train 0.0000, Val 0.2098, Test 0.1515
          Accuracy         : Train 0.9295, Val 0.9255, Test 0.9259
Best:
          Accuracy         : Train 0.9255, Val 0.9292, Test 0.9259
Epoch 176: Loss:            : Train 0.0000, Val 0.2113, Test 0.1528
          Accuracy         : Train 0.9314, Val 0.9270, Test 0.9253
Best:
          Accuracy         : Train 0.9255, Val 0.9292, Test 0.9259
Epoch 177: Loss:            : Train 0.0000, Val 0.2123, Test 0.1523
          Accuracy         : Train 0.9295, Val 0.9281, Test 0.9268
Best:
          Accuracy         : Train 0.9255, Val 0.9292, Test 0.9259
Epoch 178: Loss:            : Train 0.0000, Val 0.2025, Test 0.1541
          Accuracy         : Train 0.9298, Val 0.9226, Test 0.9227
Best:
          Accuracy         : Train 0.9255, Val 0.9292, Test 0.9259
Epoch 179: Loss:            : Train 0.0000, Val 0.1952, Test 0.1557
          Accuracy         : Train 0.9287, Val 0.9248, Test 0.9239
Best:
          Accuracy         : Train 0.9255, Val 0.9292, Test 0.9259
Epoch 180: Loss:            : Train 0.0000, Val 0.2157, Test 0.1538
          Accuracy         : Train 0.9294, Val 0.9233, Test 0.9278
Best:
          Accuracy         : Train 0.9255, Val 0.9292, Test 0.9259
Epoch 181: Loss:            : Train 0.0000, Val 0.1915, Test 0.1541
          Accuracy         : Train 0.9307, Val 0.9252, Test 0.9272
Best:
          Accuracy         : Train 0.9255, Val 0.9292, Test 0.9259
Epoch 182: Loss:            : Train 0.0000, Val 0.2377, Test 0.1839
          Accuracy         : Train 0.9305, Val 0.9211, Test 0.9211
Best:
          Accuracy         : Train 0.9255, Val 0.9292, Test 0.9259
Epoch 183: Loss:            : Train 0.0000, Val 0.2268, Test 0.1612
          Accuracy         : Train 0.9272, Val 0.9244, Test 0.9257
Best:
          Accuracy         : Train 0.9255, Val 0.9292, Test 0.9259
Epoch 184: Loss:            : Train 0.0000, Val 0.2206, Test 0.1579
          Accuracy         : Train 0.9292, Val 0.9274, Test 0.9274
Best:
          Accuracy         : Train 0.9255, Val 0.9292, Test 0.9259
Epoch 185: Loss:            : Train 0.0000, Val 0.2117, Test 0.2299
          Accuracy         : Train 0.9292, Val 0.9274, Test 0.9237
Best:
          Accuracy         : Train 0.9255, Val 0.9292, Test 0.9259
Epoch 186: Loss:            : Train 0.0000, Val 0.2105, Test 0.1502
          Accuracy         : Train 0.9307, Val 0.9303, Test 0.9272
Best:
          Accuracy         : Train 0.9307, Val 0.9303, Test 0.9272
Epoch 187: Loss:            : Train 0.0000, Val 0.2027, Test 0.1690
          Accuracy         : Train 0.9302, Val 0.9229, Test 0.9226
Best:
          Accuracy         : Train 0.9307, Val 0.9303, Test 0.9272
Epoch 188: Loss:            : Train 0.0000, Val 0.2041, Test 0.1523
          Accuracy         : Train 0.9299, Val 0.9244, Test 0.9233
Best:
          Accuracy         : Train 0.9307, Val 0.9303, Test 0.9272
Epoch 189: Loss:            : Train 0.0000, Val 0.1930, Test 0.1665
          Accuracy         : Train 0.9298, Val 0.9270, Test 0.9270
Best:
          Accuracy         : Train 0.9307, Val 0.9303, Test 0.9272
Epoch 190: Loss:            : Train 0.0000, Val 0.2307, Test 0.1585
          Accuracy         : Train 0.9305, Val 0.9203, Test 0.9242
Best:
          Accuracy         : Train 0.9307, Val 0.9303, Test 0.9272
Epoch 191: Loss:            : Train 0.0000, Val 0.2306, Test 0.1771
          Accuracy         : Train 0.9300, Val 0.9237, Test 0.9261
Best:
          Accuracy         : Train 0.9307, Val 0.9303, Test 0.9272
Epoch 192: Loss:            : Train 0.0000, Val 0.2241, Test 0.1560
          Accuracy         : Train 0.9320, Val 0.9270, Test 0.9257
Best:
          Accuracy         : Train 0.9307, Val 0.9303, Test 0.9272
Epoch 193: Loss:            : Train 0.0000, Val 0.2486, Test 0.1552
          Accuracy         : Train 0.9310, Val 0.9252, Test 0.9259
Best:
          Accuracy         : Train 0.9307, Val 0.9303, Test 0.9272
Epoch 194: Loss:            : Train 0.0000, Val 0.2121, Test 0.1511
          Accuracy         : Train 0.9301, Val 0.9300, Test 0.9270
Best:
          Accuracy         : Train 0.9307, Val 0.9303, Test 0.9272
Epoch 195: Loss:            : Train 0.0000, Val 0.2106, Test 0.1538
          Accuracy         : Train 0.9327, Val 0.9259, Test 0.9272
Best:
          Accuracy         : Train 0.9307, Val 0.9303, Test 0.9272
Epoch 196: Loss:            : Train 0.0000, Val 0.1973, Test 0.1513
          Accuracy         : Train 0.9317, Val 0.9259, Test 0.9274
Best:
          Accuracy         : Train 0.9307, Val 0.9303, Test 0.9272
Epoch 197: Loss:            : Train 0.0000, Val 0.1979, Test 0.1513
          Accuracy         : Train 0.9312, Val 0.9240, Test 0.9270
Best:
          Accuracy         : Train 0.9307, Val 0.9303, Test 0.9272
Epoch 198: Loss:            : Train 0.0000, Val 0.1947, Test 0.1523
          Accuracy         : Train 0.9309, Val 0.9255, Test 0.9263
Best:
          Accuracy         : Train 0.9307, Val 0.9303, Test 0.9272
Epoch 199: Loss:            : Train 0.0000, Val 0.2022, Test 0.1521
          Accuracy         : Train 0.9313, Val 0.9244, Test 0.9252
Best:
          Accuracy         : Train 0.9307, Val 0.9303, Test 0.9272
Epoch 200: Loss:            : Train 0.0000, Val 0.1971, Test 0.1511
          Accuracy         : Train 0.9308, Val 0.9244, Test 0.9248
Best:
          Accuracy         : Train 0.9307, Val 0.9303, Test 0.9272
Training time (sec): 81
