Loading rawg from data/game/rawg_clean.csv
Loading steam from data/game/steam_clean.csv
Current steam columns Index(['english', 'required_age', 'achievements', 'positive_ratings',
       'negative_ratings', 'average_playtime', 'median_playtime', 'price',
       'cat_Captions available', 'cat_Co-op', 'cat_Commentary available',
       'cat_Cross-Platform Multiplayer', 'cat_Full controller support',
       'cat_In-App Purchases', 'cat_Includes Source SDK',
       'cat_Includes level editor', 'cat_Local Co-op',
       'cat_Local Multi-Player', 'cat_MMO', 'cat_Mods',
       'cat_Mods (require HL2)', 'cat_Multi-player', 'cat_Online Co-op',
       'cat_Online Multi-Player', 'cat_Partial Controller Support',
       'cat_Shared/Split Screen', 'cat_Single-player', 'cat_Stats',
       'cat_Steam Achievements', 'cat_Steam Cloud', 'cat_Steam Leaderboards',
       'cat_Steam Trading Cards', 'cat_Steam Turn Notifications',
       'cat_Steam Workshop', 'cat_SteamVR Collectibles', 'cat_VR Support',
       'cat_Valve Anti-Cheat enabled', 'name'],
      dtype='object')
Current rawg columns Index(['name', 'rating', 'playtime', 'achievements_count', 'suggestions_count',
       'game_series_count', 'reviews_count', 'added_status_yet',
       'added_status_owned', 'added_status_beaten', 'added_status_toplay',
       'added_status_dropped', 'added_status_playing', 'has_website',
       'released_year_before_2020', 'updated_year_before_2020', '3DO',
       'Android', 'Apple II', 'Atari 2600', 'Atari 5200', 'Atari 7800',
       'Atari 8-bit', 'Atari Flashback', 'Atari Lynx', 'Atari ST',
       'Atari XEGS', 'Classic Macintosh', 'Commodore / Amiga', 'Dreamcast',
       'Game Boy', 'Game Boy Advance', 'Game Boy Color', 'Game Gear',
       'GameCube', 'Genesis', 'Jaguar', 'Linux', 'NES', 'Neo Geo',
       'Nintendo 3DS', 'Nintendo 64', 'Nintendo DS', 'Nintendo DSi',
       'Nintendo Switch', 'PC', 'PS Vita', 'PSP', 'PlayStation',
       'PlayStation 2', 'PlayStation 3', 'PlayStation 4', 'PlayStation 5',
       'SEGA 32X', 'SEGA CD', 'SEGA Master System', 'SEGA Saturn', 'SNES',
       'Web', 'Wii', 'Wii U', 'Xbox', 'Xbox 360', 'Xbox One',
       'Xbox Series S/X', 'iOS', 'macOS', 'Action', 'Adventure', 'Arcade',
       'Board Games', 'Card', 'Casual', 'Educational', 'Family', 'Fighting',
       'Indie', 'Massively Multiplayer', 'Platformer', 'Puzzle', 'RPG',
       'Racing', 'Shooter', 'Simulation', 'Sports', 'Strategy'],
      dtype='object')
Loading data from cache
Done
Calculating noise scale
Adding noise of scale 0.0 to sim_scores
Adding noise of scale 0.0 to sim_scores
Adding noise of scale 0.0 to sim_scores
Filter dataset to top 40
Generating top 40 dataset
Generating top 40 dataset
Generating top 40 dataset
Preparing time (sec): 18
Initializing dataloader
Done
Prepare for training
Start training
================================================================================
                                    Kernel Shape Output Shape  Params  \
Layer                                                                   
0_local_models.0.fc_layers.Linear_0    [38, 100]   [128, 100]    3900   
1_local_models.0.fc_layers.Linear_1    [100, 50]    [128, 50]    5050   
2_local_models.1.fc_layers.Linear_0    [85, 100]   [128, 100]    8600   
3_local_models.1.fc_layers.Linear_1    [100, 50]    [128, 50]    5050   
4_agg_model.fc_layers.Linear_0        [100, 100]   [128, 100]   10100   
5_agg_model.fc_layers.Linear_1          [100, 1]     [128, 1]     101   

                                     Mult-Adds  
Layer                                           
0_local_models.0.fc_layers.Linear_0       3800  
1_local_models.0.fc_layers.Linear_1       5000  
2_local_models.1.fc_layers.Linear_0       8500  
3_local_models.1.fc_layers.Linear_1       5000  
4_agg_model.fc_layers.Linear_0           10000  
5_agg_model.fc_layers.Linear_1             100  
--------------------------------------------------------------------------------
                      Totals
Total params           32801
Trainable params       32801
Non-trainable params       0
Mult-Adds              32400
================================================================================
n_classes=2
task=binary_cls
model_name=game_featuresim_2022-01-31-15-29-23
sche_threshold=0.0001
sche_patience=10
sche_factor=0.1
use_scheduler=False
num_workers=4
device=cuda:3
test_batch_size=4096
train_batch_size=128
learning_rate=0.001
weight_decay=1e-05
num_epochs=100
model_save_path=ckp/game_featuresim_2022-01-31-15-29-23.pth
test_rate=0.2
val_rate=0.1
multiprocess_context=fork
metrics=['accuracy']
metrics_f=[<metric.accuracy.Accuracy object at 0x7fd6f5666b20>]
hidden_sizes=[200, 100]
model=SplitNN(
  (agg_model): MLP(
    (fc_layers): ModuleList(
      (0): Linear(in_features=100, out_features=100, bias=True)
      (1): Linear(in_features=100, out_features=1, bias=True)
    )
  )
  (local_models): ModuleList(
    (0): MLP(
      (fc_layers): ModuleList(
        (0): Linear(in_features=38, out_features=100, bias=True)
        (1): Linear(in_features=100, out_features=50, bias=True)
      )
    )
    (1): MLP(
      (fc_layers): ModuleList(
        (0): Linear(in_features=85, out_features=100, bias=True)
        (1): Linear(in_features=100, out_features=50, bias=True)
      )
    )
  )
)
writer=<torch.utils.tensorboard.writer.SummaryWriter object at 0x7fd6f5666d90>
dataset_type=real
drop_key=True
num_common_features=1
tree_radius=0.01
tree_leaf_size=1000
knn_k=40
grid_min=-10.0
grid_max=10.0
grid_width=1.5
sim_scaler=StandardScaler()
filter_top_k=40
link_n_jobs=1
psig_p=4
sim_leak_p=1.0
link_threshold_t=0.1
link_epsilon=0.1
n_hash_lsh=50
edit_distance_threshold=10
n_hash_func=50
collision_rate=0.01
qgram_q=4
link_delta=0.01
feature_wise_sim=False
blocking_method=knn_str
center_threshold=0.5
n_clusters=100
local_hidden_sizes=[[100], [100]]
cut_dims=[50, 50]
agg_hidden_sizes=[100]
scale_analysis=None
data1_shape=(26987, 38)
data2_shape=(439999, 86)
Epoch 1: Loss:            : Train 0.5564, Val 0.3510, Test 0.3378
          Accuracy         : Train 0.8107, Val 0.8826, Test 0.8815
Best:
          Accuracy         : Train 0.8107, Val 0.8826, Test 0.8815
Epoch 2: Loss:            : Train 0.3283, Val 0.3837, Test 0.3623
          Accuracy         : Train 0.8912, Val 0.8939, Test 0.8929
Best:
          Accuracy         : Train 0.8912, Val 0.8939, Test 0.8929
Epoch 3: Loss:            : Train 0.3167, Val 0.2763, Test 0.3093
          Accuracy         : Train 0.9010, Val 0.9015, Test 0.9021
Best:
          Accuracy         : Train 0.9010, Val 0.9015, Test 0.9021
Epoch 4: Loss:            : Train 0.3042, Val 0.3150, Test 0.3693
          Accuracy         : Train 0.9036, Val 0.8975, Test 0.8983
Best:
          Accuracy         : Train 0.9010, Val 0.9015, Test 0.9021
Epoch 5: Loss:            : Train 0.2931, Val 0.2857, Test 0.2458
          Accuracy         : Train 0.9038, Val 0.9020, Test 0.8994
Best:
          Accuracy         : Train 0.9038, Val 0.9020, Test 0.8994
Epoch 6: Loss:            : Train 0.2812, Val 0.2838, Test 0.2352
          Accuracy         : Train 0.9036, Val 0.9045, Test 0.9019
Best:
          Accuracy         : Train 0.9036, Val 0.9045, Test 0.9019
Epoch 7: Loss:            : Train 0.2567, Val 0.2653, Test 0.3530
          Accuracy         : Train 0.9066, Val 0.9055, Test 0.9046
Best:
          Accuracy         : Train 0.9066, Val 0.9055, Test 0.9046
Epoch 8: Loss:            : Train 0.3215, Val 0.2669, Test 0.2479
          Accuracy         : Train 0.9027, Val 0.9065, Test 0.9053
Best:
          Accuracy         : Train 0.9027, Val 0.9065, Test 0.9053
Epoch 9: Loss:            : Train 0.2809, Val 0.2303, Test 0.2228
          Accuracy         : Train 0.9055, Val 0.9067, Test 0.9055
Best:
          Accuracy         : Train 0.9055, Val 0.9067, Test 0.9055
Epoch 10: Loss:            : Train 0.2811, Val 0.2569, Test 0.3182
          Accuracy         : Train 0.9056, Val 0.8989, Test 0.9027
Best:
          Accuracy         : Train 0.9055, Val 0.9067, Test 0.9055
Epoch 11: Loss:            : Train 0.3080, Val 0.2315, Test 0.2235
          Accuracy         : Train 0.9034, Val 0.9078, Test 0.9040
Best:
          Accuracy         : Train 0.9034, Val 0.9078, Test 0.9040
Epoch 12: Loss:            : Train 0.2537, Val 0.3275, Test 0.2664
          Accuracy         : Train 0.9057, Val 0.8895, Test 0.8898
Best:
          Accuracy         : Train 0.9034, Val 0.9078, Test 0.9040
Epoch 13: Loss:            : Train 0.2497, Val 0.2768, Test 0.2397
          Accuracy         : Train 0.9068, Val 0.9052, Test 0.9059
Best:
          Accuracy         : Train 0.9034, Val 0.9078, Test 0.9040
Epoch 14: Loss:            : Train 0.2387, Val 0.2570, Test 0.2197
          Accuracy         : Train 0.9067, Val 0.9109, Test 0.9061
Best:
          Accuracy         : Train 0.9067, Val 0.9109, Test 0.9061
Epoch 15: Loss:            : Train 0.2572, Val 0.2208, Test 0.2145
          Accuracy         : Train 0.9062, Val 0.9088, Test 0.9068
Best:
          Accuracy         : Train 0.9067, Val 0.9109, Test 0.9061
Epoch 16: Loss:            : Train 0.2443, Val 0.2283, Test 0.2266
          Accuracy         : Train 0.9076, Val 0.9029, Test 0.9045
Best:
          Accuracy         : Train 0.9067, Val 0.9109, Test 0.9061
Epoch 17: Loss:            : Train 0.2319, Val 0.2579, Test 0.2155
          Accuracy         : Train 0.9087, Val 0.9112, Test 0.9082
Best:
          Accuracy         : Train 0.9087, Val 0.9112, Test 0.9082
Epoch 18: Loss:            : Train 0.2228, Val 0.2304, Test 0.2162
          Accuracy         : Train 0.9086, Val 0.9104, Test 0.9068
Best:
          Accuracy         : Train 0.9087, Val 0.9112, Test 0.9082
Epoch 19: Loss:            : Train 0.2382, Val 0.2571, Test 0.2470
          Accuracy         : Train 0.9076, Val 0.9042, Test 0.9077
Best:
          Accuracy         : Train 0.9087, Val 0.9112, Test 0.9082
Epoch 20: Loss:            : Train 0.2344, Val 0.2147, Test 0.2197
          Accuracy         : Train 0.9104, Val 0.9061, Test 0.9057
Best:
          Accuracy         : Train 0.9087, Val 0.9112, Test 0.9082
Epoch 21: Loss:            : Train 0.2554, Val 0.4685, Test 0.2175
          Accuracy         : Train 0.9086, Val 0.9084, Test 0.9068
Best:
          Accuracy         : Train 0.9087, Val 0.9112, Test 0.9082
Epoch 22: Loss:            : Train 0.2231, Val 0.2323, Test 0.2156
          Accuracy         : Train 0.9098, Val 0.9097, Test 0.9083
Best:
          Accuracy         : Train 0.9087, Val 0.9112, Test 0.9082
Epoch 23: Loss:            : Train 0.2570, Val 0.2704, Test 0.2129
          Accuracy         : Train 0.9081, Val 0.9101, Test 0.9085
Best:
          Accuracy         : Train 0.9087, Val 0.9112, Test 0.9082
Epoch 24: Loss:            : Train 0.2227, Val 0.2548, Test 0.2189
          Accuracy         : Train 0.9098, Val 0.9084, Test 0.9043
Best:
          Accuracy         : Train 0.9087, Val 0.9112, Test 0.9082
Epoch 25: Loss:            : Train 0.2238, Val 0.2216, Test 0.2124
          Accuracy         : Train 0.9092, Val 0.9109, Test 0.9089
Best:
          Accuracy         : Train 0.9087, Val 0.9112, Test 0.9082
Epoch 26: Loss:            : Train 0.2162, Val 0.2895, Test 0.2190
          Accuracy         : Train 0.9095, Val 0.9066, Test 0.9079
Best:
          Accuracy         : Train 0.9087, Val 0.9112, Test 0.9082
Epoch 27: Loss:            : Train 0.2176, Val 0.2235, Test 0.2164
          Accuracy         : Train 0.9106, Val 0.9073, Test 0.9059
Best:
          Accuracy         : Train 0.9087, Val 0.9112, Test 0.9082
Epoch 28: Loss:            : Train 0.2426, Val 0.2447, Test 0.2150
          Accuracy         : Train 0.9101, Val 0.9082, Test 0.9084
Best:
          Accuracy         : Train 0.9087, Val 0.9112, Test 0.9082
Epoch 29: Loss:            : Train 0.2237, Val 0.2258, Test 0.2112
          Accuracy         : Train 0.9105, Val 0.9124, Test 0.9094
Best:
          Accuracy         : Train 0.9105, Val 0.9124, Test 0.9094
Epoch 30: Loss:            : Train 0.2155, Val 0.2219, Test 0.2094
          Accuracy         : Train 0.9110, Val 0.9140, Test 0.9074
Best:
          Accuracy         : Train 0.9110, Val 0.9140, Test 0.9074
Epoch 31: Loss:            : Train 0.2204, Val 0.2123, Test 0.2204
          Accuracy         : Train 0.9095, Val 0.9128, Test 0.9071
Best:
          Accuracy         : Train 0.9110, Val 0.9140, Test 0.9074
Epoch 32: Loss:            : Train 0.2334, Val 0.2258, Test 0.2164
          Accuracy         : Train 0.9098, Val 0.9106, Test 0.9097
Best:
          Accuracy         : Train 0.9110, Val 0.9140, Test 0.9074
Epoch 33: Loss:            : Train 0.2294, Val 0.2341, Test 0.2227
          Accuracy         : Train 0.9102, Val 0.9088, Test 0.9090
Best:
          Accuracy         : Train 0.9110, Val 0.9140, Test 0.9074
Epoch 34: Loss:            : Train 0.2083, Val 0.2319, Test 0.2106
          Accuracy         : Train 0.9120, Val 0.9077, Test 0.9067
Best:
          Accuracy         : Train 0.9110, Val 0.9140, Test 0.9074
Epoch 35: Loss:            : Train 0.2117, Val 0.2334, Test 0.2100
          Accuracy         : Train 0.9107, Val 0.9114, Test 0.9087
Best:
          Accuracy         : Train 0.9110, Val 0.9140, Test 0.9074
Epoch 36: Loss:            : Train 0.2183, Val 0.2504, Test 0.2151
          Accuracy         : Train 0.9119, Val 0.9049, Test 0.9082
Best:
          Accuracy         : Train 0.9110, Val 0.9140, Test 0.9074
Epoch 37: Loss:            : Train 0.2236, Val 0.2271, Test 0.2085
          Accuracy         : Train 0.9122, Val 0.9083, Test 0.9093
Best:
          Accuracy         : Train 0.9110, Val 0.9140, Test 0.9074
Epoch 38: Loss:            : Train 0.2115, Val 0.2208, Test 0.2092
          Accuracy         : Train 0.9131, Val 0.9098, Test 0.9072
Best:
          Accuracy         : Train 0.9110, Val 0.9140, Test 0.9074
Epoch 39: Loss:            : Train 0.2128, Val 0.2160, Test 0.2052
          Accuracy         : Train 0.9126, Val 0.9076, Test 0.9076
Best:
          Accuracy         : Train 0.9110, Val 0.9140, Test 0.9074
Epoch 40: Loss:            : Train 0.2178, Val 0.2194, Test 0.2068
          Accuracy         : Train 0.9144, Val 0.9083, Test 0.9076
Best:
          Accuracy         : Train 0.9110, Val 0.9140, Test 0.9074
Epoch 41: Loss:            : Train 0.2155, Val 0.2286, Test 0.2065
          Accuracy         : Train 0.9140, Val 0.9119, Test 0.9120
Best:
          Accuracy         : Train 0.9110, Val 0.9140, Test 0.9074
Epoch 42: Loss:            : Train 0.2132, Val 0.2322, Test 0.2141
          Accuracy         : Train 0.9143, Val 0.9104, Test 0.9086
Best:
          Accuracy         : Train 0.9110, Val 0.9140, Test 0.9074
Epoch 43: Loss:            : Train 0.2103, Val 0.2157, Test 0.2024
          Accuracy         : Train 0.9133, Val 0.9118, Test 0.9090
Best:
          Accuracy         : Train 0.9110, Val 0.9140, Test 0.9074
Epoch 44: Loss:            : Train 0.2144, Val 0.2030, Test 0.2043
          Accuracy         : Train 0.9142, Val 0.9113, Test 0.9101
Best:
          Accuracy         : Train 0.9110, Val 0.9140, Test 0.9074
Epoch 45: Loss:            : Train 0.2183, Val 0.2151, Test 0.2190
          Accuracy         : Train 0.9143, Val 0.9070, Test 0.9111
Best:
          Accuracy         : Train 0.9110, Val 0.9140, Test 0.9074
Epoch 46: Loss:            : Train 0.2031, Val 0.2324, Test 0.2068
          Accuracy         : Train 0.9127, Val 0.9117, Test 0.9097
Best:
          Accuracy         : Train 0.9110, Val 0.9140, Test 0.9074
Epoch 47: Loss:            : Train 0.2226, Val 0.2041, Test 0.2032
          Accuracy         : Train 0.9141, Val 0.9115, Test 0.9072
Best:
          Accuracy         : Train 0.9110, Val 0.9140, Test 0.9074
Epoch 48: Loss:            : Train 0.2048, Val 0.2814, Test 0.2406
          Accuracy         : Train 0.9137, Val 0.9096, Test 0.9084
Best:
          Accuracy         : Train 0.9110, Val 0.9140, Test 0.9074
Epoch 49: Loss:            : Train 0.2241, Val 0.2334, Test 0.2055
          Accuracy         : Train 0.9139, Val 0.9125, Test 0.9093
Best:
          Accuracy         : Train 0.9110, Val 0.9140, Test 0.9074
Epoch 50: Loss:            : Train 0.2063, Val 0.2146, Test 0.2020
          Accuracy         : Train 0.9147, Val 0.9080, Test 0.9069
Best:
          Accuracy         : Train 0.9110, Val 0.9140, Test 0.9074
Epoch 51: Loss:            : Train 0.2052, Val 0.2331, Test 0.2112
          Accuracy         : Train 0.9154, Val 0.9129, Test 0.9098
Best:
          Accuracy         : Train 0.9110, Val 0.9140, Test 0.9074
Epoch 52: Loss:            : Train 0.2184, Val 0.2080, Test 0.2017
          Accuracy         : Train 0.9122, Val 0.9109, Test 0.9111
Best:
          Accuracy         : Train 0.9110, Val 0.9140, Test 0.9074
Epoch 53: Loss:            : Train 0.2174, Val 0.2106, Test 0.2061
          Accuracy         : Train 0.9160, Val 0.9112, Test 0.9108
Best:
          Accuracy         : Train 0.9110, Val 0.9140, Test 0.9074
Epoch 54: Loss:            : Train 0.1985, Val 0.2112, Test 0.2030
          Accuracy         : Train 0.9170, Val 0.9103, Test 0.9118
Best:
          Accuracy         : Train 0.9110, Val 0.9140, Test 0.9074
Epoch 55: Loss:            : Train 0.1978, Val 0.2097, Test 0.2075
          Accuracy         : Train 0.9167, Val 0.9144, Test 0.9108
Best:
          Accuracy         : Train 0.9167, Val 0.9144, Test 0.9108
Epoch 56: Loss:            : Train 0.2097, Val 0.2071, Test 0.2057
          Accuracy         : Train 0.9161, Val 0.9080, Test 0.9087
Best:
          Accuracy         : Train 0.9167, Val 0.9144, Test 0.9108
Epoch 57: Loss:            : Train 0.2000, Val 0.2007, Test 0.1993
          Accuracy         : Train 0.9157, Val 0.9132, Test 0.9109
Best:
          Accuracy         : Train 0.9167, Val 0.9144, Test 0.9108
Epoch 58: Loss:            : Train 0.1977, Val 0.2054, Test 0.2050
          Accuracy         : Train 0.9160, Val 0.9121, Test 0.9085
Best:
          Accuracy         : Train 0.9167, Val 0.9144, Test 0.9108
Epoch 59: Loss:            : Train 0.1985, Val 0.2116, Test 0.2036
          Accuracy         : Train 0.9167, Val 0.9123, Test 0.9126
Best:
          Accuracy         : Train 0.9167, Val 0.9144, Test 0.9108
Epoch 60: Loss:            : Train 0.2182, Val 0.1979, Test 0.2045
          Accuracy         : Train 0.9155, Val 0.9104, Test 0.9098
Best:
          Accuracy         : Train 0.9167, Val 0.9144, Test 0.9108
Epoch 61: Loss:            : Train 0.1980, Val 0.2305, Test 0.1973
          Accuracy         : Train 0.9176, Val 0.9098, Test 0.9091
Best:
          Accuracy         : Train 0.9167, Val 0.9144, Test 0.9108
Epoch 62: Loss:            : Train 0.1981, Val 0.2501, Test 0.2170
          Accuracy         : Train 0.9178, Val 0.9090, Test 0.9111
Best:
          Accuracy         : Train 0.9167, Val 0.9144, Test 0.9108
Epoch 63: Loss:            : Train 0.2022, Val 0.2166, Test 0.2084
          Accuracy         : Train 0.9181, Val 0.9137, Test 0.9109
Best:
          Accuracy         : Train 0.9167, Val 0.9144, Test 0.9108
Epoch 64: Loss:            : Train 0.1949, Val 0.2117, Test 0.2007
          Accuracy         : Train 0.9182, Val 0.9123, Test 0.9118
Best:
          Accuracy         : Train 0.9167, Val 0.9144, Test 0.9108
Epoch 65: Loss:            : Train 0.2024, Val 0.2212, Test 0.2072
          Accuracy         : Train 0.9178, Val 0.9118, Test 0.9119
Best:
          Accuracy         : Train 0.9167, Val 0.9144, Test 0.9108
Epoch 66: Loss:            : Train 0.1946, Val 0.2124, Test 0.2050
          Accuracy         : Train 0.9183, Val 0.9106, Test 0.9119
Best:
          Accuracy         : Train 0.9167, Val 0.9144, Test 0.9108
Epoch 67: Loss:            : Train 0.1937, Val 0.2186, Test 0.2067
          Accuracy         : Train 0.9190, Val 0.9112, Test 0.9075
Best:
          Accuracy         : Train 0.9167, Val 0.9144, Test 0.9108
Epoch 68: Loss:            : Train 0.1940, Val 0.2160, Test 0.2019
          Accuracy         : Train 0.9194, Val 0.9082, Test 0.9092
Best:
          Accuracy         : Train 0.9167, Val 0.9144, Test 0.9108
Epoch 69: Loss:            : Train 0.1939, Val 0.2131, Test 0.2103
          Accuracy         : Train 0.9194, Val 0.9111, Test 0.9082
Best:
          Accuracy         : Train 0.9167, Val 0.9144, Test 0.9108
Epoch 70: Loss:            : Train 0.1970, Val 0.2242, Test 0.2021
          Accuracy         : Train 0.9196, Val 0.9113, Test 0.9112
Best:
          Accuracy         : Train 0.9167, Val 0.9144, Test 0.9108
Epoch 71: Loss:            : Train 0.1935, Val 0.2118, Test 0.1984
          Accuracy         : Train 0.9200, Val 0.9088, Test 0.9107
Best:
          Accuracy         : Train 0.9167, Val 0.9144, Test 0.9108
Epoch 72: Loss:            : Train 0.1928, Val 0.2005, Test 0.2028
          Accuracy         : Train 0.9195, Val 0.9143, Test 0.9101
Best:
          Accuracy         : Train 0.9167, Val 0.9144, Test 0.9108
Epoch 73: Loss:            : Train 0.1924, Val 0.2085, Test 0.2047
          Accuracy         : Train 0.9199, Val 0.9122, Test 0.9106
Best:
          Accuracy         : Train 0.9167, Val 0.9144, Test 0.9108
Epoch 74: Loss:            : Train 0.1917, Val 0.2044, Test 0.1989
          Accuracy         : Train 0.9191, Val 0.9123, Test 0.9106
Best:
          Accuracy         : Train 0.9167, Val 0.9144, Test 0.9108
Epoch 75: Loss:            : Train 0.1911, Val 0.2142, Test 0.2087
          Accuracy         : Train 0.9190, Val 0.9133, Test 0.9086
Best:
          Accuracy         : Train 0.9167, Val 0.9144, Test 0.9108
Epoch 76: Loss:            : Train 0.1956, Val 0.2058, Test 0.2067
          Accuracy         : Train 0.9192, Val 0.9120, Test 0.9108
Best:
          Accuracy         : Train 0.9167, Val 0.9144, Test 0.9108
Epoch 77: Loss:            : Train 0.1897, Val 0.2084, Test 0.2032
          Accuracy         : Train 0.9206, Val 0.9101, Test 0.9107
Best:
          Accuracy         : Train 0.9167, Val 0.9144, Test 0.9108
Epoch 78: Loss:            : Train 0.1896, Val 0.2129, Test 0.1997
          Accuracy         : Train 0.9202, Val 0.9160, Test 0.9107
Best:
          Accuracy         : Train 0.9202, Val 0.9160, Test 0.9107
Epoch 79: Loss:            : Train 0.1914, Val 0.2282, Test 0.2007
          Accuracy         : Train 0.9190, Val 0.9118, Test 0.9108
Best:
          Accuracy         : Train 0.9202, Val 0.9160, Test 0.9107
Epoch 80: Loss:            : Train 0.1902, Val 0.2086, Test 0.2023
          Accuracy         : Train 0.9206, Val 0.9132, Test 0.9109
Best:
          Accuracy         : Train 0.9202, Val 0.9160, Test 0.9107
Epoch 81: Loss:            : Train 0.2012, Val 0.2292, Test 0.2065
          Accuracy         : Train 0.9212, Val 0.9127, Test 0.9115
Best:
          Accuracy         : Train 0.9202, Val 0.9160, Test 0.9107
Epoch 82: Loss:            : Train 0.2010, Val 0.2433, Test 0.2038
          Accuracy         : Train 0.9197, Val 0.9093, Test 0.9104
Best:
          Accuracy         : Train 0.9202, Val 0.9160, Test 0.9107
Epoch 83: Loss:            : Train 0.1918, Val 0.2325, Test 0.2148
          Accuracy         : Train 0.9190, Val 0.9148, Test 0.9100
Best:
          Accuracy         : Train 0.9202, Val 0.9160, Test 0.9107
Epoch 84: Loss:            : Train 0.1926, Val 0.2206, Test 0.2107
          Accuracy         : Train 0.9189, Val 0.9094, Test 0.9078
Best:
          Accuracy         : Train 0.9202, Val 0.9160, Test 0.9107
Epoch 85: Loss:            : Train 0.1905, Val 0.2328, Test 0.2089
          Accuracy         : Train 0.9212, Val 0.9093, Test 0.9094
Best:
          Accuracy         : Train 0.9202, Val 0.9160, Test 0.9107
Epoch 86: Loss:            : Train 0.1911, Val 0.2138, Test 0.2034
          Accuracy         : Train 0.9210, Val 0.9130, Test 0.9121
Best:
          Accuracy         : Train 0.9202, Val 0.9160, Test 0.9107
Epoch 87: Loss:            : Train 0.1947, Val 0.2124, Test 0.2178
          Accuracy         : Train 0.9210, Val 0.9104, Test 0.9097
Best:
          Accuracy         : Train 0.9202, Val 0.9160, Test 0.9107
Epoch 88: Loss:            : Train 0.1880, Val 0.2183, Test 0.2038
          Accuracy         : Train 0.9215, Val 0.9097, Test 0.9114
Best:
          Accuracy         : Train 0.9202, Val 0.9160, Test 0.9107
Epoch 89: Loss:            : Train 0.1880, Val 0.2262, Test 0.2003
          Accuracy         : Train 0.9209, Val 0.9152, Test 0.9112
Best:
          Accuracy         : Train 0.9202, Val 0.9160, Test 0.9107
Epoch 90: Loss:            : Train 0.1855, Val 0.2050, Test 0.2069
          Accuracy         : Train 0.9203, Val 0.9096, Test 0.9108
Best:
          Accuracy         : Train 0.9202, Val 0.9160, Test 0.9107
Epoch 91: Loss:            : Train 0.1845, Val 0.2036, Test 0.2072
          Accuracy         : Train 0.9214, Val 0.9134, Test 0.9100
Best:
          Accuracy         : Train 0.9202, Val 0.9160, Test 0.9107
Epoch 92: Loss:            : Train 0.1857, Val 0.2145, Test 0.2112
          Accuracy         : Train 0.9223, Val 0.9135, Test 0.9092
Best:
          Accuracy         : Train 0.9202, Val 0.9160, Test 0.9107
Epoch 93: Loss:            : Train 0.1848, Val 0.2170, Test 0.2060
          Accuracy         : Train 0.9227, Val 0.9127, Test 0.9090
Best:
          Accuracy         : Train 0.9202, Val 0.9160, Test 0.9107
Epoch 94: Loss:            : Train 0.1846, Val 0.2135, Test 0.2068
          Accuracy         : Train 0.9211, Val 0.9089, Test 0.9111
Best:
          Accuracy         : Train 0.9202, Val 0.9160, Test 0.9107
Epoch 95: Loss:            : Train 0.1960, Val 0.2062, Test 0.2007
          Accuracy         : Train 0.9212, Val 0.9123, Test 0.9113
Best:
          Accuracy         : Train 0.9202, Val 0.9160, Test 0.9107
Epoch 96: Loss:            : Train 0.1895, Val 0.2133, Test 0.1995
          Accuracy         : Train 0.9219, Val 0.9117, Test 0.9125
Best:
          Accuracy         : Train 0.9202, Val 0.9160, Test 0.9107
Epoch 97: Loss:            : Train 0.1872, Val 0.2091, Test 0.2016
          Accuracy         : Train 0.9220, Val 0.9080, Test 0.9121
Best:
          Accuracy         : Train 0.9202, Val 0.9160, Test 0.9107
Epoch 98: Loss:            : Train 0.1956, Val 0.2143, Test 0.2049
          Accuracy         : Train 0.9215, Val 0.9117, Test 0.9114
Best:
          Accuracy         : Train 0.9202, Val 0.9160, Test 0.9107
Epoch 99: Loss:            : Train 0.1845, Val 0.2308, Test 0.2202
          Accuracy         : Train 0.9213, Val 0.9089, Test 0.9071
Best:
          Accuracy         : Train 0.9202, Val 0.9160, Test 0.9107
Epoch 100: Loss:            : Train 0.1839, Val 0.2175, Test 0.2008
          Accuracy         : Train 0.9211, Val 0.9123, Test 0.9127
Best:
          Accuracy         : Train 0.9202, Val 0.9160, Test 0.9107
Training time (sec): 519
