Loading rawg from data/game/rawg_clean.csv
Loading steam from data/game/steam_clean.csv
Current steam columns Index(['english', 'required_age', 'achievements', 'positive_ratings',
       'negative_ratings', 'average_playtime', 'median_playtime', 'price',
       'cat_Captions available', 'cat_Co-op', 'cat_Commentary available',
       'cat_Cross-Platform Multiplayer', 'cat_Full controller support',
       'cat_In-App Purchases', 'cat_Includes Source SDK',
       'cat_Includes level editor', 'cat_Local Co-op',
       'cat_Local Multi-Player', 'cat_MMO', 'cat_Mods',
       'cat_Mods (require HL2)', 'cat_Multi-player', 'cat_Online Co-op',
       'cat_Online Multi-Player', 'cat_Partial Controller Support',
       'cat_Shared/Split Screen', 'cat_Single-player', 'cat_Stats',
       'cat_Steam Achievements', 'cat_Steam Cloud', 'cat_Steam Leaderboards',
       'cat_Steam Trading Cards', 'cat_Steam Turn Notifications',
       'cat_Steam Workshop', 'cat_SteamVR Collectibles', 'cat_VR Support',
       'cat_Valve Anti-Cheat enabled', 'name'],
      dtype='object')
Current rawg columns Index(['name', 'rating', 'playtime', 'achievements_count', 'suggestions_count',
       'game_series_count', 'reviews_count', 'added_status_yet',
       'added_status_owned', 'added_status_beaten', 'added_status_toplay',
       'added_status_dropped', 'added_status_playing', 'has_website',
       'released_year_before_2020', 'updated_year_before_2020', '3DO',
       'Android', 'Apple II', 'Atari 2600', 'Atari 5200', 'Atari 7800',
       'Atari 8-bit', 'Atari Flashback', 'Atari Lynx', 'Atari ST',
       'Atari XEGS', 'Classic Macintosh', 'Commodore / Amiga', 'Dreamcast',
       'Game Boy', 'Game Boy Advance', 'Game Boy Color', 'Game Gear',
       'GameCube', 'Genesis', 'Jaguar', 'Linux', 'NES', 'Neo Geo',
       'Nintendo 3DS', 'Nintendo 64', 'Nintendo DS', 'Nintendo DSi',
       'Nintendo Switch', 'PC', 'PS Vita', 'PSP', 'PlayStation',
       'PlayStation 2', 'PlayStation 3', 'PlayStation 4', 'PlayStation 5',
       'SEGA 32X', 'SEGA CD', 'SEGA Master System', 'SEGA Saturn', 'SNES',
       'Web', 'Wii', 'Wii U', 'Xbox', 'Xbox 360', 'Xbox One',
       'Xbox Series S/X', 'iOS', 'macOS', 'Action', 'Adventure', 'Arcade',
       'Board Games', 'Card', 'Casual', 'Educational', 'Family', 'Fighting',
       'Indie', 'Massively Multiplayer', 'Platformer', 'Puzzle', 'RPG',
       'Racing', 'Shooter', 'Simulation', 'Sports', 'Strategy'],
      dtype='object')
Loading data from cache
Done
Calculating noise scale
Adding noise of scale 0.0 to sim_scores
Adding noise of scale 0.0 to sim_scores
Adding noise of scale 0.0 to sim_scores
Filter dataset to top 3
Generating top 3 dataset
Generating top 3 dataset
Generating top 3 dataset
Preparing time (sec): 1
Initializing dataloader
Done
Prepare for training
Start training
================================================================================
                                    Kernel Shape Output Shape  Params  \
Layer                                                                   
0_local_models.0.fc_layers.Linear_0    [38, 100]   [128, 100]    3900   
1_local_models.0.fc_layers.Linear_1    [100, 50]    [128, 50]    5050   
2_local_models.1.fc_layers.Linear_0    [85, 100]   [128, 100]    8600   
3_local_models.1.fc_layers.Linear_1    [100, 50]    [128, 50]    5050   
4_agg_model.fc_layers.Linear_0        [100, 100]   [128, 100]   10100   
5_agg_model.fc_layers.Linear_1          [100, 1]     [128, 1]     101   

                                     Mult-Adds  
Layer                                           
0_local_models.0.fc_layers.Linear_0       3800  
1_local_models.0.fc_layers.Linear_1       5000  
2_local_models.1.fc_layers.Linear_0       8500  
3_local_models.1.fc_layers.Linear_1       5000  
4_agg_model.fc_layers.Linear_0           10000  
5_agg_model.fc_layers.Linear_1             100  
--------------------------------------------------------------------------------
                      Totals
Total params           32801
Trainable params       32801
Non-trainable params       0
Mult-Adds              32400
================================================================================
n_classes=2
task=binary_cls
model_name=game_featuresim_2022-01-31-10-31-29
sche_threshold=0.0001
sche_patience=10
sche_factor=0.1
use_scheduler=False
num_workers=4
device=cuda:3
test_batch_size=4096
train_batch_size=128
learning_rate=0.001
weight_decay=1e-05
num_epochs=100
model_save_path=ckp/game_featuresim_2022-01-31-10-31-29.pth
test_rate=0.2
val_rate=0.1
multiprocess_context=fork
metrics=['accuracy']
metrics_f=[<metric.accuracy.Accuracy object at 0x7fc9c5d87a90>]
hidden_sizes=[200, 100]
model=SplitNN(
  (agg_model): MLP(
    (fc_layers): ModuleList(
      (0): Linear(in_features=100, out_features=100, bias=True)
      (1): Linear(in_features=100, out_features=1, bias=True)
    )
  )
  (local_models): ModuleList(
    (0): MLP(
      (fc_layers): ModuleList(
        (0): Linear(in_features=38, out_features=100, bias=True)
        (1): Linear(in_features=100, out_features=50, bias=True)
      )
    )
    (1): MLP(
      (fc_layers): ModuleList(
        (0): Linear(in_features=85, out_features=100, bias=True)
        (1): Linear(in_features=100, out_features=50, bias=True)
      )
    )
  )
)
writer=<torch.utils.tensorboard.writer.SummaryWriter object at 0x7fc9c5d87430>
dataset_type=real
drop_key=True
num_common_features=1
tree_radius=0.01
tree_leaf_size=1000
knn_k=3
grid_min=-10.0
grid_max=10.0
grid_width=1.5
sim_scaler=StandardScaler()
filter_top_k=3
link_n_jobs=1
psig_p=4
sim_leak_p=1.0
link_threshold_t=0.1
link_epsilon=0.1
n_hash_lsh=50
edit_distance_threshold=10
n_hash_func=50
collision_rate=0.01
qgram_q=4
link_delta=0.01
feature_wise_sim=False
blocking_method=knn_str
center_threshold=0.5
n_clusters=100
local_hidden_sizes=[[100], [100]]
cut_dims=[50, 50]
agg_hidden_sizes=[100]
scale_analysis=None
data1_shape=(26987, 38)
data2_shape=(439999, 86)
Epoch 1: Loss:            : Train 0.4585, Val 0.4014, Test 0.5190
          Accuracy         : Train 0.8724, Val 0.8892, Test 0.8926
Best:
          Accuracy         : Train 0.8724, Val 0.8892, Test 0.8926
Epoch 2: Loss:            : Train 0.3627, Val 0.2973, Test 0.3076
          Accuracy         : Train 0.8996, Val 0.9037, Test 0.9029
Best:
          Accuracy         : Train 0.8996, Val 0.9037, Test 0.9029
Epoch 3: Loss:            : Train 0.2980, Val 0.2958, Test 0.2767
          Accuracy         : Train 0.9034, Val 0.8985, Test 0.9040
Best:
          Accuracy         : Train 0.8996, Val 0.9037, Test 0.9029
Epoch 4: Loss:            : Train 0.3508, Val 0.2760, Test 0.3104
          Accuracy         : Train 0.9050, Val 0.9077, Test 0.9049
Best:
          Accuracy         : Train 0.9050, Val 0.9077, Test 0.9049
Epoch 5: Loss:            : Train 0.3358, Val 0.2648, Test 0.3210
          Accuracy         : Train 0.9064, Val 0.9054, Test 0.9069
Best:
          Accuracy         : Train 0.9050, Val 0.9077, Test 0.9049
Epoch 6: Loss:            : Train 0.2722, Val 0.2392, Test 0.2678
          Accuracy         : Train 0.9076, Val 0.9093, Test 0.9058
Best:
          Accuracy         : Train 0.9076, Val 0.9093, Test 0.9058
Epoch 7: Loss:            : Train 0.2734, Val 0.2207, Test 0.3415
          Accuracy         : Train 0.9097, Val 0.9098, Test 0.9081
Best:
          Accuracy         : Train 0.9097, Val 0.9098, Test 0.9081
Epoch 8: Loss:            : Train 0.2678, Val 0.2723, Test 0.2177
          Accuracy         : Train 0.9086, Val 0.9093, Test 0.9080
Best:
          Accuracy         : Train 0.9097, Val 0.9098, Test 0.9081
Epoch 9: Loss:            : Train 0.2720, Val 0.2084, Test 0.3503
          Accuracy         : Train 0.9097, Val 0.9122, Test 0.9084
Best:
          Accuracy         : Train 0.9097, Val 0.9122, Test 0.9084
Epoch 10: Loss:            : Train 0.2521, Val 0.2483, Test 0.2108
          Accuracy         : Train 0.9106, Val 0.9116, Test 0.9094
Best:
          Accuracy         : Train 0.9097, Val 0.9122, Test 0.9084
Epoch 11: Loss:            : Train 0.2360, Val 0.2272, Test 0.2393
          Accuracy         : Train 0.9112, Val 0.9111, Test 0.9121
Best:
          Accuracy         : Train 0.9097, Val 0.9122, Test 0.9084
Epoch 12: Loss:            : Train 0.2705, Val 0.2244, Test 0.3142
          Accuracy         : Train 0.9125, Val 0.9111, Test 0.9073
Best:
          Accuracy         : Train 0.9097, Val 0.9122, Test 0.9084
Epoch 13: Loss:            : Train 0.2382, Val 0.2410, Test 0.2036
          Accuracy         : Train 0.9128, Val 0.9116, Test 0.9133
Best:
          Accuracy         : Train 0.9097, Val 0.9122, Test 0.9084
Epoch 14: Loss:            : Train 0.2423, Val 0.2472, Test 0.2149
          Accuracy         : Train 0.9122, Val 0.9092, Test 0.9110
Best:
          Accuracy         : Train 0.9097, Val 0.9122, Test 0.9084
Epoch 15: Loss:            : Train 0.2278, Val 0.2399, Test 0.2014
          Accuracy         : Train 0.9130, Val 0.9137, Test 0.9156
Best:
          Accuracy         : Train 0.9130, Val 0.9137, Test 0.9156
Epoch 16: Loss:            : Train 0.2366, Val 0.2529, Test 0.2095
          Accuracy         : Train 0.9128, Val 0.9142, Test 0.9117
Best:
          Accuracy         : Train 0.9128, Val 0.9142, Test 0.9117
Epoch 17: Loss:            : Train 0.2317, Val 0.2080, Test 0.2093
          Accuracy         : Train 0.9141, Val 0.9129, Test 0.9131
Best:
          Accuracy         : Train 0.9128, Val 0.9142, Test 0.9117
Epoch 18: Loss:            : Train 0.2222, Val 0.2146, Test 0.2248
          Accuracy         : Train 0.9155, Val 0.9148, Test 0.9124
Best:
          Accuracy         : Train 0.9155, Val 0.9148, Test 0.9124
Epoch 19: Loss:            : Train 0.2302, Val 0.2278, Test 0.2081
          Accuracy         : Train 0.9142, Val 0.9131, Test 0.9095
Best:
          Accuracy         : Train 0.9155, Val 0.9148, Test 0.9124
Epoch 20: Loss:            : Train 0.2180, Val 0.2343, Test 0.2541
          Accuracy         : Train 0.9159, Val 0.9154, Test 0.9119
Best:
          Accuracy         : Train 0.9159, Val 0.9154, Test 0.9119
Epoch 21: Loss:            : Train 0.2367, Val 0.2276, Test 0.2008
          Accuracy         : Train 0.9148, Val 0.9170, Test 0.9133
Best:
          Accuracy         : Train 0.9148, Val 0.9170, Test 0.9133
Epoch 22: Loss:            : Train 0.2215, Val 0.2190, Test 0.2483
          Accuracy         : Train 0.9157, Val 0.9153, Test 0.9135
Best:
          Accuracy         : Train 0.9148, Val 0.9170, Test 0.9133
Epoch 23: Loss:            : Train 0.2070, Val 0.2059, Test 0.1963
          Accuracy         : Train 0.9176, Val 0.9158, Test 0.9138
Best:
          Accuracy         : Train 0.9148, Val 0.9170, Test 0.9133
Epoch 24: Loss:            : Train 0.2156, Val 0.2114, Test 0.2003
          Accuracy         : Train 0.9170, Val 0.9163, Test 0.9128
Best:
          Accuracy         : Train 0.9148, Val 0.9170, Test 0.9133
Epoch 25: Loss:            : Train 0.2210, Val 0.2044, Test 0.2089
          Accuracy         : Train 0.9165, Val 0.9176, Test 0.9145
Best:
          Accuracy         : Train 0.9165, Val 0.9176, Test 0.9145
Epoch 26: Loss:            : Train 0.2046, Val 0.2509, Test 0.2150
          Accuracy         : Train 0.9176, Val 0.9155, Test 0.9123
Best:
          Accuracy         : Train 0.9165, Val 0.9176, Test 0.9145
Epoch 27: Loss:            : Train 0.2065, Val 0.2234, Test 0.1996
          Accuracy         : Train 0.9183, Val 0.9158, Test 0.9143
Best:
          Accuracy         : Train 0.9165, Val 0.9176, Test 0.9145
Epoch 28: Loss:            : Train 0.2101, Val 0.2274, Test 0.1979
          Accuracy         : Train 0.9169, Val 0.9170, Test 0.9143
Best:
          Accuracy         : Train 0.9165, Val 0.9176, Test 0.9145
Epoch 29: Loss:            : Train 0.2123, Val 0.2160, Test 0.2005
          Accuracy         : Train 0.9166, Val 0.9123, Test 0.9113
Best:
          Accuracy         : Train 0.9165, Val 0.9176, Test 0.9145
Epoch 30: Loss:            : Train 0.2054, Val 0.2056, Test 0.2180
          Accuracy         : Train 0.9163, Val 0.9163, Test 0.9139
Best:
          Accuracy         : Train 0.9165, Val 0.9176, Test 0.9145
Epoch 31: Loss:            : Train 0.2177, Val 0.2155, Test 0.2088
          Accuracy         : Train 0.9179, Val 0.9148, Test 0.9111
Best:
          Accuracy         : Train 0.9165, Val 0.9176, Test 0.9145
Epoch 32: Loss:            : Train 0.2095, Val 0.2217, Test 0.1962
          Accuracy         : Train 0.9178, Val 0.9173, Test 0.9137
Best:
          Accuracy         : Train 0.9165, Val 0.9176, Test 0.9145
Epoch 33: Loss:            : Train 0.2232, Val 0.2079, Test 0.2075
          Accuracy         : Train 0.9175, Val 0.9145, Test 0.9119
Best:
          Accuracy         : Train 0.9165, Val 0.9176, Test 0.9145
Epoch 34: Loss:            : Train 0.2123, Val 0.2472, Test 0.2245
          Accuracy         : Train 0.9173, Val 0.9134, Test 0.9109
Best:
          Accuracy         : Train 0.9165, Val 0.9176, Test 0.9145
Epoch 35: Loss:            : Train 0.2105, Val 0.2311, Test 0.1988
          Accuracy         : Train 0.9176, Val 0.9129, Test 0.9128
Best:
          Accuracy         : Train 0.9165, Val 0.9176, Test 0.9145
Epoch 36: Loss:            : Train 0.2474, Val 0.2337, Test 0.1945
          Accuracy         : Train 0.9173, Val 0.9140, Test 0.9144
Best:
          Accuracy         : Train 0.9165, Val 0.9176, Test 0.9145
Epoch 37: Loss:            : Train 0.2155, Val 0.2178, Test 0.1964
          Accuracy         : Train 0.9184, Val 0.9182, Test 0.9165
Best:
          Accuracy         : Train 0.9184, Val 0.9182, Test 0.9165
Epoch 38: Loss:            : Train 0.2095, Val 0.2218, Test 0.2360
          Accuracy         : Train 0.9179, Val 0.9173, Test 0.9125
Best:
          Accuracy         : Train 0.9184, Val 0.9182, Test 0.9165
Epoch 39: Loss:            : Train 0.2294, Val 0.2113, Test 0.1934
          Accuracy         : Train 0.9179, Val 0.9177, Test 0.9137
Best:
          Accuracy         : Train 0.9184, Val 0.9182, Test 0.9165
Epoch 40: Loss:            : Train 0.2032, Val 0.2015, Test 0.1927
          Accuracy         : Train 0.9183, Val 0.9173, Test 0.9150
Best:
          Accuracy         : Train 0.9184, Val 0.9182, Test 0.9165
Epoch 41: Loss:            : Train 0.1965, Val 0.2147, Test 0.1934
          Accuracy         : Train 0.9198, Val 0.9152, Test 0.9129
Best:
          Accuracy         : Train 0.9184, Val 0.9182, Test 0.9165
Epoch 42: Loss:            : Train 0.1914, Val 0.2262, Test 0.2142
          Accuracy         : Train 0.9188, Val 0.9169, Test 0.9153
Best:
          Accuracy         : Train 0.9184, Val 0.9182, Test 0.9165
Epoch 43: Loss:            : Train 0.2090, Val 0.1984, Test 0.1913
          Accuracy         : Train 0.9190, Val 0.9165, Test 0.9148
Best:
          Accuracy         : Train 0.9184, Val 0.9182, Test 0.9165
Epoch 44: Loss:            : Train 0.2002, Val 0.1959, Test 0.2245
          Accuracy         : Train 0.9184, Val 0.9163, Test 0.9156
Best:
          Accuracy         : Train 0.9184, Val 0.9182, Test 0.9165
Epoch 45: Loss:            : Train 0.2057, Val 0.2254, Test 0.2126
          Accuracy         : Train 0.9202, Val 0.9177, Test 0.9165
Best:
          Accuracy         : Train 0.9184, Val 0.9182, Test 0.9165
Epoch 46: Loss:            : Train 0.1960, Val 0.2131, Test 0.1943
          Accuracy         : Train 0.9194, Val 0.9168, Test 0.9173
Best:
          Accuracy         : Train 0.9184, Val 0.9182, Test 0.9165
Epoch 47: Loss:            : Train 0.1957, Val 0.2455, Test 0.2119
          Accuracy         : Train 0.9203, Val 0.9133, Test 0.9127
Best:
          Accuracy         : Train 0.9184, Val 0.9182, Test 0.9165
Epoch 48: Loss:            : Train 0.1934, Val 0.2084, Test 0.1984
          Accuracy         : Train 0.9207, Val 0.9152, Test 0.9156
Best:
          Accuracy         : Train 0.9184, Val 0.9182, Test 0.9165
Epoch 49: Loss:            : Train 0.2047, Val 0.2334, Test 0.2001
          Accuracy         : Train 0.9201, Val 0.9164, Test 0.9139
Best:
          Accuracy         : Train 0.9184, Val 0.9182, Test 0.9165
Epoch 50: Loss:            : Train 0.2273, Val 0.2056, Test 0.2035
          Accuracy         : Train 0.9196, Val 0.9158, Test 0.9140
Best:
          Accuracy         : Train 0.9184, Val 0.9182, Test 0.9165
Epoch 51: Loss:            : Train 0.2007, Val 0.2088, Test 0.1936
          Accuracy         : Train 0.9210, Val 0.9161, Test 0.9152
Best:
          Accuracy         : Train 0.9184, Val 0.9182, Test 0.9165
Epoch 52: Loss:            : Train 0.1950, Val 0.2000, Test 0.1942
          Accuracy         : Train 0.9200, Val 0.9182, Test 0.9161
Best:
          Accuracy         : Train 0.9184, Val 0.9182, Test 0.9165
Epoch 53: Loss:            : Train 0.1869, Val 0.2055, Test 0.2021
          Accuracy         : Train 0.9220, Val 0.9117, Test 0.9135
Best:
          Accuracy         : Train 0.9184, Val 0.9182, Test 0.9165
Epoch 54: Loss:            : Train 0.1891, Val 0.2214, Test 0.1973
          Accuracy         : Train 0.9216, Val 0.9176, Test 0.9142
Best:
          Accuracy         : Train 0.9184, Val 0.9182, Test 0.9165
Epoch 55: Loss:            : Train 0.1894, Val 0.2168, Test 0.2072
          Accuracy         : Train 0.9215, Val 0.9138, Test 0.9121
Best:
          Accuracy         : Train 0.9184, Val 0.9182, Test 0.9165
Epoch 56: Loss:            : Train 0.1993, Val 0.2181, Test 0.1952
          Accuracy         : Train 0.9214, Val 0.9148, Test 0.9158
Best:
          Accuracy         : Train 0.9184, Val 0.9182, Test 0.9165
Epoch 57: Loss:            : Train 0.2044, Val 0.2089, Test 0.1946
          Accuracy         : Train 0.9215, Val 0.9165, Test 0.9165
Best:
          Accuracy         : Train 0.9184, Val 0.9182, Test 0.9165
Epoch 58: Loss:            : Train 0.1861, Val 0.2164, Test 0.2011
          Accuracy         : Train 0.9214, Val 0.9124, Test 0.9144
Best:
          Accuracy         : Train 0.9184, Val 0.9182, Test 0.9165
Epoch 59: Loss:            : Train 0.1894, Val 0.2098, Test 0.2079
          Accuracy         : Train 0.9213, Val 0.9154, Test 0.9158
Best:
          Accuracy         : Train 0.9184, Val 0.9182, Test 0.9165
Epoch 60: Loss:            : Train 0.1871, Val 0.2369, Test 0.1996
          Accuracy         : Train 0.9226, Val 0.9143, Test 0.9150
Best:
          Accuracy         : Train 0.9184, Val 0.9182, Test 0.9165
Epoch 61: Loss:            : Train 0.1891, Val 0.2115, Test 0.1914
          Accuracy         : Train 0.9231, Val 0.9137, Test 0.9145
Best:
          Accuracy         : Train 0.9184, Val 0.9182, Test 0.9165
Epoch 62: Loss:            : Train 0.1955, Val 0.2040, Test 0.1942
          Accuracy         : Train 0.9227, Val 0.9129, Test 0.9142
Best:
          Accuracy         : Train 0.9184, Val 0.9182, Test 0.9165
Epoch 63: Loss:            : Train 0.1941, Val 0.2530, Test 0.1978
          Accuracy         : Train 0.9234, Val 0.9143, Test 0.9156
Best:
          Accuracy         : Train 0.9184, Val 0.9182, Test 0.9165
Epoch 64: Loss:            : Train 0.1876, Val 0.1985, Test 0.1959
          Accuracy         : Train 0.9236, Val 0.9147, Test 0.9166
Best:
          Accuracy         : Train 0.9184, Val 0.9182, Test 0.9165
Epoch 65: Loss:            : Train 0.1872, Val 0.2293, Test 0.1985
          Accuracy         : Train 0.9216, Val 0.9163, Test 0.9143
Best:
          Accuracy         : Train 0.9184, Val 0.9182, Test 0.9165
Epoch 66: Loss:            : Train 0.1864, Val 0.2508, Test 0.1972
          Accuracy         : Train 0.9229, Val 0.9147, Test 0.9151
Best:
          Accuracy         : Train 0.9184, Val 0.9182, Test 0.9165
Epoch 67: Loss:            : Train 0.1923, Val 0.2181, Test 0.2039
          Accuracy         : Train 0.9229, Val 0.9153, Test 0.9100
Best:
          Accuracy         : Train 0.9184, Val 0.9182, Test 0.9165
Epoch 68: Loss:            : Train 0.1844, Val 0.2290, Test 0.1997
          Accuracy         : Train 0.9234, Val 0.9174, Test 0.9127
Best:
          Accuracy         : Train 0.9184, Val 0.9182, Test 0.9165
Epoch 69: Loss:            : Train 0.1853, Val 0.2163, Test 0.2000
          Accuracy         : Train 0.9233, Val 0.9149, Test 0.9144
Best:
          Accuracy         : Train 0.9184, Val 0.9182, Test 0.9165
Epoch 70: Loss:            : Train 0.1840, Val 0.2083, Test 0.1917
          Accuracy         : Train 0.9231, Val 0.9144, Test 0.9158
Best:
          Accuracy         : Train 0.9184, Val 0.9182, Test 0.9165
Epoch 71: Loss:            : Train 0.1800, Val 0.2091, Test 0.1980
          Accuracy         : Train 0.9238, Val 0.9159, Test 0.9141
Best:
          Accuracy         : Train 0.9184, Val 0.9182, Test 0.9165
Epoch 72: Loss:            : Train 0.1857, Val 0.2042, Test 0.2025
          Accuracy         : Train 0.9241, Val 0.9166, Test 0.9135
Best:
          Accuracy         : Train 0.9184, Val 0.9182, Test 0.9165
Epoch 73: Loss:            : Train 0.1929, Val 0.2215, Test 0.1944
          Accuracy         : Train 0.9236, Val 0.9152, Test 0.9151
Best:
          Accuracy         : Train 0.9184, Val 0.9182, Test 0.9165
Epoch 74: Loss:            : Train 0.1776, Val 0.2010, Test 0.1946
          Accuracy         : Train 0.9240, Val 0.9145, Test 0.9161
Best:
          Accuracy         : Train 0.9184, Val 0.9182, Test 0.9165
Epoch 75: Loss:            : Train 0.1786, Val 0.2002, Test 0.2085
          Accuracy         : Train 0.9250, Val 0.9205, Test 0.9152
Best:
          Accuracy         : Train 0.9250, Val 0.9205, Test 0.9152
Epoch 76: Loss:            : Train 0.1785, Val 0.2076, Test 0.1929
          Accuracy         : Train 0.9242, Val 0.9160, Test 0.9157
Best:
          Accuracy         : Train 0.9250, Val 0.9205, Test 0.9152
Epoch 77: Loss:            : Train 0.1767, Val 0.2021, Test 0.2062
          Accuracy         : Train 0.9257, Val 0.9161, Test 0.9162
Best:
          Accuracy         : Train 0.9250, Val 0.9205, Test 0.9152
Epoch 78: Loss:            : Train 0.1768, Val 0.2106, Test 0.1948
          Accuracy         : Train 0.9254, Val 0.9153, Test 0.9151
Best:
          Accuracy         : Train 0.9250, Val 0.9205, Test 0.9152
Epoch 79: Loss:            : Train 0.1775, Val 0.2137, Test 0.2019
          Accuracy         : Train 0.9258, Val 0.9143, Test 0.9164
Best:
          Accuracy         : Train 0.9250, Val 0.9205, Test 0.9152
Epoch 80: Loss:            : Train 0.1861, Val 0.2062, Test 0.1969
          Accuracy         : Train 0.9240, Val 0.9180, Test 0.9146
Best:
          Accuracy         : Train 0.9250, Val 0.9205, Test 0.9152
Epoch 81: Loss:            : Train 0.1760, Val 0.2086, Test 0.1965
          Accuracy         : Train 0.9256, Val 0.9134, Test 0.9150
Best:
          Accuracy         : Train 0.9250, Val 0.9205, Test 0.9152
Epoch 82: Loss:            : Train 0.1830, Val 0.2072, Test 0.1999
          Accuracy         : Train 0.9259, Val 0.9177, Test 0.9160
Best:
          Accuracy         : Train 0.9250, Val 0.9205, Test 0.9152
Epoch 83: Loss:            : Train 0.1829, Val 0.2584, Test 0.2098
          Accuracy         : Train 0.9260, Val 0.9187, Test 0.9158
Best:
          Accuracy         : Train 0.9250, Val 0.9205, Test 0.9152
Epoch 84: Loss:            : Train 0.1969, Val 0.2337, Test 0.2030
          Accuracy         : Train 0.9258, Val 0.9158, Test 0.9150
Best:
          Accuracy         : Train 0.9250, Val 0.9205, Test 0.9152
Epoch 85: Loss:            : Train 0.1782, Val 0.2086, Test 0.1967
          Accuracy         : Train 0.9266, Val 0.9176, Test 0.9147
Best:
          Accuracy         : Train 0.9250, Val 0.9205, Test 0.9152
Epoch 86: Loss:            : Train 0.1819, Val 0.2134, Test 0.1999
          Accuracy         : Train 0.9267, Val 0.9152, Test 0.9150
Best:
          Accuracy         : Train 0.9250, Val 0.9205, Test 0.9152
Epoch 87: Loss:            : Train 0.1737, Val 0.2381, Test 0.1999
          Accuracy         : Train 0.9260, Val 0.9179, Test 0.9152
Best:
          Accuracy         : Train 0.9250, Val 0.9205, Test 0.9152
Epoch 88: Loss:            : Train 0.1731, Val 0.2039, Test 0.1978
          Accuracy         : Train 0.9268, Val 0.9152, Test 0.9161
Best:
          Accuracy         : Train 0.9250, Val 0.9205, Test 0.9152
Epoch 89: Loss:            : Train 0.1724, Val 0.2244, Test 0.1988
          Accuracy         : Train 0.9266, Val 0.9161, Test 0.9158
Best:
          Accuracy         : Train 0.9250, Val 0.9205, Test 0.9152
Epoch 90: Loss:            : Train 0.1734, Val 0.1998, Test 0.2085
          Accuracy         : Train 0.9267, Val 0.9182, Test 0.9161
Best:
          Accuracy         : Train 0.9250, Val 0.9205, Test 0.9152
Epoch 91: Loss:            : Train 0.1799, Val 0.2154, Test 0.1972
          Accuracy         : Train 0.9265, Val 0.9160, Test 0.9162
Best:
          Accuracy         : Train 0.9250, Val 0.9205, Test 0.9152
Epoch 92: Loss:            : Train 0.1715, Val 0.2274, Test 0.2106
          Accuracy         : Train 0.9281, Val 0.9142, Test 0.9169
Best:
          Accuracy         : Train 0.9250, Val 0.9205, Test 0.9152
Epoch 93: Loss:            : Train 0.1703, Val 0.1959, Test 0.2002
          Accuracy         : Train 0.9278, Val 0.9181, Test 0.9158
Best:
          Accuracy         : Train 0.9250, Val 0.9205, Test 0.9152
Epoch 94: Loss:            : Train 0.1766, Val 0.2059, Test 0.1961
          Accuracy         : Train 0.9275, Val 0.9165, Test 0.9147
Best:
          Accuracy         : Train 0.9250, Val 0.9205, Test 0.9152
Epoch 95: Loss:            : Train 0.1782, Val 0.2143, Test 0.1979
          Accuracy         : Train 0.9268, Val 0.9150, Test 0.9156
Best:
          Accuracy         : Train 0.9250, Val 0.9205, Test 0.9152
Epoch 96: Loss:            : Train 0.1702, Val 0.2357, Test 0.2077
          Accuracy         : Train 0.9285, Val 0.9159, Test 0.9098
Best:
          Accuracy         : Train 0.9250, Val 0.9205, Test 0.9152
Epoch 97: Loss:            : Train 0.1709, Val 0.1999, Test 0.2004
          Accuracy         : Train 0.9272, Val 0.9174, Test 0.9173
Best:
          Accuracy         : Train 0.9250, Val 0.9205, Test 0.9152
Epoch 98: Loss:            : Train 0.1697, Val 0.2129, Test 0.1979
          Accuracy         : Train 0.9279, Val 0.9182, Test 0.9152
Best:
          Accuracy         : Train 0.9250, Val 0.9205, Test 0.9152
Epoch 99: Loss:            : Train 0.1679, Val 0.2174, Test 0.2078
          Accuracy         : Train 0.9285, Val 0.9171, Test 0.9152
Best:
          Accuracy         : Train 0.9250, Val 0.9205, Test 0.9152
Epoch 100: Loss:            : Train 0.1683, Val 0.2167, Test 0.2029
          Accuracy         : Train 0.9291, Val 0.9154, Test 0.9155
Best:
          Accuracy         : Train 0.9250, Val 0.9205, Test 0.9152
Training time (sec): 515
