Loading rawg from data/game/rawg_clean.csv
Loading steam from data/game/steam_clean.csv
Current steam columns Index(['english', 'required_age', 'achievements', 'positive_ratings',
       'negative_ratings', 'average_playtime', 'median_playtime', 'price',
       'cat_Captions available', 'cat_Co-op', 'cat_Commentary available',
       'cat_Cross-Platform Multiplayer', 'cat_Full controller support',
       'cat_In-App Purchases', 'cat_Includes Source SDK',
       'cat_Includes level editor', 'cat_Local Co-op',
       'cat_Local Multi-Player', 'cat_MMO', 'cat_Mods',
       'cat_Mods (require HL2)', 'cat_Multi-player', 'cat_Online Co-op',
       'cat_Online Multi-Player', 'cat_Partial Controller Support',
       'cat_Shared/Split Screen', 'cat_Single-player', 'cat_Stats',
       'cat_Steam Achievements', 'cat_Steam Cloud', 'cat_Steam Leaderboards',
       'cat_Steam Trading Cards', 'cat_Steam Turn Notifications',
       'cat_Steam Workshop', 'cat_SteamVR Collectibles', 'cat_VR Support',
       'cat_Valve Anti-Cheat enabled', 'name'],
      dtype='object')
Current rawg columns Index(['name', 'rating', 'playtime', 'achievements_count', 'suggestions_count',
       'game_series_count', 'reviews_count', 'added_status_yet',
       'added_status_owned', 'added_status_beaten', 'added_status_toplay',
       'added_status_dropped', 'added_status_playing', 'has_website',
       'released_year_before_2020', 'updated_year_before_2020', '3DO',
       'Android', 'Apple II', 'Atari 2600', 'Atari 5200', 'Atari 7800',
       'Atari 8-bit', 'Atari Flashback', 'Atari Lynx', 'Atari ST',
       'Atari XEGS', 'Classic Macintosh', 'Commodore / Amiga', 'Dreamcast',
       'Game Boy', 'Game Boy Advance', 'Game Boy Color', 'Game Gear',
       'GameCube', 'Genesis', 'Jaguar', 'Linux', 'NES', 'Neo Geo',
       'Nintendo 3DS', 'Nintendo 64', 'Nintendo DS', 'Nintendo DSi',
       'Nintendo Switch', 'PC', 'PS Vita', 'PSP', 'PlayStation',
       'PlayStation 2', 'PlayStation 3', 'PlayStation 4', 'PlayStation 5',
       'SEGA 32X', 'SEGA CD', 'SEGA Master System', 'SEGA Saturn', 'SNES',
       'Web', 'Wii', 'Wii U', 'Xbox', 'Xbox 360', 'Xbox One',
       'Xbox Series S/X', 'iOS', 'macOS', 'Action', 'Adventure', 'Arcade',
       'Board Games', 'Card', 'Casual', 'Educational', 'Family', 'Fighting',
       'Indie', 'Massively Multiplayer', 'Platformer', 'Puzzle', 'RPG',
       'Racing', 'Shooter', 'Simulation', 'Sports', 'Strategy'],
      dtype='object')
Loading data from cache
Done
Calculating noise scale
Adding noise of scale 0.0 to sim_scores
Adding noise of scale 0.0 to sim_scores
Adding noise of scale 0.0 to sim_scores
Filter dataset to top 30
Generating top 30 dataset
Generating top 30 dataset
Generating top 30 dataset
Preparing time (sec): 8
Initializing dataloader
Done
Prepare for training
Start training
================================================================================
                                    Kernel Shape Output Shape  Params  \
Layer                                                                   
0_local_models.0.fc_layers.Linear_0    [38, 100]   [128, 100]    3900   
1_local_models.0.fc_layers.Linear_1    [100, 50]    [128, 50]    5050   
2_local_models.1.fc_layers.Linear_0    [85, 100]   [128, 100]    8600   
3_local_models.1.fc_layers.Linear_1    [100, 50]    [128, 50]    5050   
4_agg_model.fc_layers.Linear_0        [100, 100]   [128, 100]   10100   
5_agg_model.fc_layers.Linear_1          [100, 1]     [128, 1]     101   

                                     Mult-Adds  
Layer                                           
0_local_models.0.fc_layers.Linear_0       3800  
1_local_models.0.fc_layers.Linear_1       5000  
2_local_models.1.fc_layers.Linear_0       8500  
3_local_models.1.fc_layers.Linear_1       5000  
4_agg_model.fc_layers.Linear_0           10000  
5_agg_model.fc_layers.Linear_1             100  
--------------------------------------------------------------------------------
                      Totals
Total params           32801
Trainable params       32801
Non-trainable params       0
Mult-Adds              32400
================================================================================
n_classes=2
task=binary_cls
model_name=game_featuresim_2022-01-31-15-18-56
sche_threshold=0.0001
sche_patience=10
sche_factor=0.1
use_scheduler=False
num_workers=4
device=cuda:3
test_batch_size=4096
train_batch_size=128
learning_rate=0.001
weight_decay=1e-05
num_epochs=100
model_save_path=ckp/game_featuresim_2022-01-31-15-18-56.pth
test_rate=0.2
val_rate=0.1
multiprocess_context=fork
metrics=['accuracy']
metrics_f=[<metric.accuracy.Accuracy object at 0x7fed967fab20>]
hidden_sizes=[200, 100]
model=SplitNN(
  (agg_model): MLP(
    (fc_layers): ModuleList(
      (0): Linear(in_features=100, out_features=100, bias=True)
      (1): Linear(in_features=100, out_features=1, bias=True)
    )
  )
  (local_models): ModuleList(
    (0): MLP(
      (fc_layers): ModuleList(
        (0): Linear(in_features=38, out_features=100, bias=True)
        (1): Linear(in_features=100, out_features=50, bias=True)
      )
    )
    (1): MLP(
      (fc_layers): ModuleList(
        (0): Linear(in_features=85, out_features=100, bias=True)
        (1): Linear(in_features=100, out_features=50, bias=True)
      )
    )
  )
)
writer=<torch.utils.tensorboard.writer.SummaryWriter object at 0x7fed967fad90>
dataset_type=real
drop_key=True
num_common_features=1
tree_radius=0.01
tree_leaf_size=1000
knn_k=30
grid_min=-10.0
grid_max=10.0
grid_width=1.5
sim_scaler=StandardScaler()
filter_top_k=30
link_n_jobs=1
psig_p=4
sim_leak_p=1.0
link_threshold_t=0.1
link_epsilon=0.1
n_hash_lsh=50
edit_distance_threshold=10
n_hash_func=50
collision_rate=0.01
qgram_q=4
link_delta=0.01
feature_wise_sim=False
blocking_method=knn_str
center_threshold=0.5
n_clusters=100
local_hidden_sizes=[[100], [100]]
cut_dims=[50, 50]
agg_hidden_sizes=[100]
scale_analysis=None
data1_shape=(26987, 38)
data2_shape=(439999, 86)
Epoch 1: Loss:            : Train 0.6295, Val 0.3600, Test 0.3286
          Accuracy         : Train 0.8516, Val 0.8871, Test 0.8827
Best:
          Accuracy         : Train 0.8516, Val 0.8871, Test 0.8827
Epoch 2: Loss:            : Train 0.3218, Val 0.2964, Test 0.2681
          Accuracy         : Train 0.8966, Val 0.8991, Test 0.9018
Best:
          Accuracy         : Train 0.8966, Val 0.8991, Test 0.9018
Epoch 3: Loss:            : Train 0.2855, Val 0.2990, Test 0.3669
          Accuracy         : Train 0.9031, Val 0.9027, Test 0.9016
Best:
          Accuracy         : Train 0.9031, Val 0.9027, Test 0.9016
Epoch 4: Loss:            : Train 0.2850, Val 0.2905, Test 0.3705
          Accuracy         : Train 0.9032, Val 0.9054, Test 0.9021
Best:
          Accuracy         : Train 0.9032, Val 0.9054, Test 0.9021
Epoch 5: Loss:            : Train 0.2693, Val 0.2569, Test 0.2665
          Accuracy         : Train 0.9046, Val 0.9059, Test 0.9036
Best:
          Accuracy         : Train 0.9046, Val 0.9059, Test 0.9036
Epoch 6: Loss:            : Train 0.2639, Val 0.2399, Test 0.2408
          Accuracy         : Train 0.9041, Val 0.9072, Test 0.9045
Best:
          Accuracy         : Train 0.9041, Val 0.9072, Test 0.9045
Epoch 7: Loss:            : Train 0.2987, Val 0.2511, Test 0.3144
          Accuracy         : Train 0.9034, Val 0.9053, Test 0.9049
Best:
          Accuracy         : Train 0.9041, Val 0.9072, Test 0.9045
Epoch 8: Loss:            : Train 0.2604, Val 0.3021, Test 0.2861
          Accuracy         : Train 0.9054, Val 0.9029, Test 0.9031
Best:
          Accuracy         : Train 0.9041, Val 0.9072, Test 0.9045
Epoch 9: Loss:            : Train 0.2918, Val 0.3009, Test 0.2303
          Accuracy         : Train 0.9052, Val 0.9066, Test 0.9034
Best:
          Accuracy         : Train 0.9041, Val 0.9072, Test 0.9045
Epoch 10: Loss:            : Train 0.2965, Val 0.2306, Test 0.2190
          Accuracy         : Train 0.9044, Val 0.9052, Test 0.9046
Best:
          Accuracy         : Train 0.9041, Val 0.9072, Test 0.9045
Epoch 11: Loss:            : Train 0.2486, Val 0.2590, Test 0.2507
          Accuracy         : Train 0.9079, Val 0.9074, Test 0.9056
Best:
          Accuracy         : Train 0.9079, Val 0.9074, Test 0.9056
Epoch 12: Loss:            : Train 0.2428, Val 0.2516, Test 0.2262
          Accuracy         : Train 0.9075, Val 0.9090, Test 0.9074
Best:
          Accuracy         : Train 0.9075, Val 0.9090, Test 0.9074
Epoch 13: Loss:            : Train 0.2569, Val 0.2291, Test 0.2180
          Accuracy         : Train 0.9060, Val 0.9073, Test 0.9074
Best:
          Accuracy         : Train 0.9075, Val 0.9090, Test 0.9074
Epoch 14: Loss:            : Train 0.2359, Val 0.2602, Test 0.2347
          Accuracy         : Train 0.9059, Val 0.9050, Test 0.9069
Best:
          Accuracy         : Train 0.9075, Val 0.9090, Test 0.9074
Epoch 15: Loss:            : Train 0.2340, Val 0.2191, Test 0.2610
          Accuracy         : Train 0.9081, Val 0.9131, Test 0.9062
Best:
          Accuracy         : Train 0.9081, Val 0.9131, Test 0.9062
Epoch 16: Loss:            : Train 0.2310, Val 0.2246, Test 0.2099
          Accuracy         : Train 0.9100, Val 0.9110, Test 0.9077
Best:
          Accuracy         : Train 0.9081, Val 0.9131, Test 0.9062
Epoch 17: Loss:            : Train 0.2295, Val 0.2206, Test 0.2217
          Accuracy         : Train 0.9093, Val 0.9063, Test 0.9081
Best:
          Accuracy         : Train 0.9081, Val 0.9131, Test 0.9062
Epoch 18: Loss:            : Train 0.2278, Val 0.2280, Test 0.2469
          Accuracy         : Train 0.9099, Val 0.9137, Test 0.9063
Best:
          Accuracy         : Train 0.9099, Val 0.9137, Test 0.9063
Epoch 19: Loss:            : Train 0.2237, Val 0.2180, Test 0.2247
          Accuracy         : Train 0.9103, Val 0.9098, Test 0.9082
Best:
          Accuracy         : Train 0.9099, Val 0.9137, Test 0.9063
Epoch 20: Loss:            : Train 0.2191, Val 0.2143, Test 0.2326
          Accuracy         : Train 0.9105, Val 0.9133, Test 0.9084
Best:
          Accuracy         : Train 0.9099, Val 0.9137, Test 0.9063
Epoch 21: Loss:            : Train 0.2225, Val 0.2669, Test 0.2137
          Accuracy         : Train 0.9087, Val 0.9063, Test 0.9058
Best:
          Accuracy         : Train 0.9099, Val 0.9137, Test 0.9063
Epoch 22: Loss:            : Train 0.2210, Val 0.2211, Test 0.2128
          Accuracy         : Train 0.9097, Val 0.9114, Test 0.9068
Best:
          Accuracy         : Train 0.9099, Val 0.9137, Test 0.9063
Epoch 23: Loss:            : Train 0.2136, Val 0.2056, Test 0.2132
          Accuracy         : Train 0.9098, Val 0.9124, Test 0.9076
Best:
          Accuracy         : Train 0.9099, Val 0.9137, Test 0.9063
Epoch 24: Loss:            : Train 0.2224, Val 0.2137, Test 0.2125
          Accuracy         : Train 0.9107, Val 0.9100, Test 0.9080
Best:
          Accuracy         : Train 0.9099, Val 0.9137, Test 0.9063
Epoch 25: Loss:            : Train 0.2295, Val 0.2088, Test 0.2115
          Accuracy         : Train 0.9102, Val 0.9119, Test 0.9087
Best:
          Accuracy         : Train 0.9099, Val 0.9137, Test 0.9063
Epoch 26: Loss:            : Train 0.2193, Val 0.2408, Test 0.2186
          Accuracy         : Train 0.9110, Val 0.9086, Test 0.9041
Best:
          Accuracy         : Train 0.9099, Val 0.9137, Test 0.9063
Epoch 27: Loss:            : Train 0.2214, Val 0.2268, Test 0.2160
          Accuracy         : Train 0.9100, Val 0.9126, Test 0.9050
Best:
          Accuracy         : Train 0.9099, Val 0.9137, Test 0.9063
Epoch 28: Loss:            : Train 0.2372, Val 0.2408, Test 0.2126
          Accuracy         : Train 0.9107, Val 0.9099, Test 0.9087
Best:
          Accuracy         : Train 0.9099, Val 0.9137, Test 0.9063
Epoch 29: Loss:            : Train 0.2210, Val 0.2360, Test 0.2059
          Accuracy         : Train 0.9102, Val 0.9130, Test 0.9065
Best:
          Accuracy         : Train 0.9099, Val 0.9137, Test 0.9063
Epoch 30: Loss:            : Train 0.2169, Val 0.2317, Test 0.2099
          Accuracy         : Train 0.9105, Val 0.9106, Test 0.9059
Best:
          Accuracy         : Train 0.9099, Val 0.9137, Test 0.9063
Epoch 31: Loss:            : Train 0.2129, Val 0.2101, Test 0.2090
          Accuracy         : Train 0.9113, Val 0.9110, Test 0.9082
Best:
          Accuracy         : Train 0.9099, Val 0.9137, Test 0.9063
Epoch 32: Loss:            : Train 0.2226, Val 0.2162, Test 0.2087
          Accuracy         : Train 0.9110, Val 0.9120, Test 0.9083
Best:
          Accuracy         : Train 0.9099, Val 0.9137, Test 0.9063
Epoch 33: Loss:            : Train 0.2235, Val 0.2520, Test 0.2070
          Accuracy         : Train 0.9112, Val 0.9105, Test 0.9068
Best:
          Accuracy         : Train 0.9099, Val 0.9137, Test 0.9063
Epoch 34: Loss:            : Train 0.2160, Val 0.2299, Test 0.2099
          Accuracy         : Train 0.9109, Val 0.9119, Test 0.9111
Best:
          Accuracy         : Train 0.9099, Val 0.9137, Test 0.9063
Epoch 35: Loss:            : Train 0.2229, Val 0.2404, Test 0.2129
          Accuracy         : Train 0.9119, Val 0.9093, Test 0.9063
Best:
          Accuracy         : Train 0.9099, Val 0.9137, Test 0.9063
Epoch 36: Loss:            : Train 0.2093, Val 0.2178, Test 0.2044
          Accuracy         : Train 0.9115, Val 0.9107, Test 0.9077
Best:
          Accuracy         : Train 0.9099, Val 0.9137, Test 0.9063
Epoch 37: Loss:            : Train 0.2365, Val 0.2268, Test 0.2087
          Accuracy         : Train 0.9126, Val 0.9080, Test 0.9070
Best:
          Accuracy         : Train 0.9099, Val 0.9137, Test 0.9063
Epoch 38: Loss:            : Train 0.2107, Val 0.2111, Test 0.2042
          Accuracy         : Train 0.9122, Val 0.9100, Test 0.9093
Best:
          Accuracy         : Train 0.9099, Val 0.9137, Test 0.9063
Epoch 39: Loss:            : Train 0.2061, Val 0.2169, Test 0.2009
          Accuracy         : Train 0.9122, Val 0.9078, Test 0.9097
Best:
          Accuracy         : Train 0.9099, Val 0.9137, Test 0.9063
Epoch 40: Loss:            : Train 0.2159, Val 0.2081, Test 0.2119
          Accuracy         : Train 0.9106, Val 0.9116, Test 0.9068
Best:
          Accuracy         : Train 0.9099, Val 0.9137, Test 0.9063
Epoch 41: Loss:            : Train 0.2148, Val 0.2130, Test 0.2052
          Accuracy         : Train 0.9118, Val 0.9132, Test 0.9091
Best:
          Accuracy         : Train 0.9099, Val 0.9137, Test 0.9063
Epoch 42: Loss:            : Train 0.2090, Val 0.2540, Test 0.2097
          Accuracy         : Train 0.9133, Val 0.9048, Test 0.9054
Best:
          Accuracy         : Train 0.9099, Val 0.9137, Test 0.9063
Epoch 43: Loss:            : Train 0.2120, Val 0.2160, Test 0.2064
          Accuracy         : Train 0.9130, Val 0.9116, Test 0.9065
Best:
          Accuracy         : Train 0.9099, Val 0.9137, Test 0.9063
Epoch 44: Loss:            : Train 0.2179, Val 0.2163, Test 0.2112
          Accuracy         : Train 0.9117, Val 0.9057, Test 0.9063
Best:
          Accuracy         : Train 0.9099, Val 0.9137, Test 0.9063
Epoch 45: Loss:            : Train 0.2036, Val 0.2097, Test 0.2073
          Accuracy         : Train 0.9134, Val 0.9123, Test 0.9073
Best:
          Accuracy         : Train 0.9099, Val 0.9137, Test 0.9063
Epoch 46: Loss:            : Train 0.2044, Val 0.2094, Test 0.2070
          Accuracy         : Train 0.9136, Val 0.9131, Test 0.9090
Best:
          Accuracy         : Train 0.9099, Val 0.9137, Test 0.9063
Epoch 47: Loss:            : Train 0.2062, Val 0.2122, Test 0.2085
          Accuracy         : Train 0.9133, Val 0.9098, Test 0.9096
Best:
          Accuracy         : Train 0.9099, Val 0.9137, Test 0.9063
Epoch 48: Loss:            : Train 0.2029, Val 0.2306, Test 0.2028
          Accuracy         : Train 0.9141, Val 0.9098, Test 0.9089
Best:
          Accuracy         : Train 0.9099, Val 0.9137, Test 0.9063
Epoch 49: Loss:            : Train 0.2047, Val 0.2134, Test 0.2010
          Accuracy         : Train 0.9132, Val 0.9123, Test 0.9093
Best:
          Accuracy         : Train 0.9099, Val 0.9137, Test 0.9063
Epoch 50: Loss:            : Train 0.2125, Val 0.2352, Test 0.2078
          Accuracy         : Train 0.9156, Val 0.9109, Test 0.9073
Best:
          Accuracy         : Train 0.9099, Val 0.9137, Test 0.9063
Epoch 51: Loss:            : Train 0.2021, Val 0.2267, Test 0.2011
          Accuracy         : Train 0.9140, Val 0.9118, Test 0.9086
Best:
          Accuracy         : Train 0.9099, Val 0.9137, Test 0.9063
Epoch 52: Loss:            : Train 0.1996, Val 0.2086, Test 0.2008
          Accuracy         : Train 0.9148, Val 0.9089, Test 0.9093
Best:
          Accuracy         : Train 0.9099, Val 0.9137, Test 0.9063
Epoch 53: Loss:            : Train 0.1998, Val 0.2277, Test 0.2042
          Accuracy         : Train 0.9136, Val 0.9098, Test 0.9087
Best:
          Accuracy         : Train 0.9099, Val 0.9137, Test 0.9063
Epoch 54: Loss:            : Train 0.1998, Val 0.2048, Test 0.2068
          Accuracy         : Train 0.9136, Val 0.9123, Test 0.9093
Best:
          Accuracy         : Train 0.9099, Val 0.9137, Test 0.9063
Epoch 55: Loss:            : Train 0.2007, Val 0.2460, Test 0.2069
          Accuracy         : Train 0.9140, Val 0.9073, Test 0.9076
Best:
          Accuracy         : Train 0.9099, Val 0.9137, Test 0.9063
Epoch 56: Loss:            : Train 0.2045, Val 0.2382, Test 0.2125
          Accuracy         : Train 0.9148, Val 0.9074, Test 0.9098
Best:
          Accuracy         : Train 0.9099, Val 0.9137, Test 0.9063
Epoch 57: Loss:            : Train 0.1987, Val 0.2079, Test 0.2053
          Accuracy         : Train 0.9143, Val 0.9101, Test 0.9094
Best:
          Accuracy         : Train 0.9099, Val 0.9137, Test 0.9063
Epoch 58: Loss:            : Train 0.1989, Val 0.2317, Test 0.2053
          Accuracy         : Train 0.9154, Val 0.9092, Test 0.9072
Best:
          Accuracy         : Train 0.9099, Val 0.9137, Test 0.9063
Epoch 59: Loss:            : Train 0.1995, Val 0.2252, Test 0.2155
          Accuracy         : Train 0.9143, Val 0.9066, Test 0.9101
Best:
          Accuracy         : Train 0.9099, Val 0.9137, Test 0.9063
Epoch 60: Loss:            : Train 0.2066, Val 0.2148, Test 0.2022
          Accuracy         : Train 0.9150, Val 0.9109, Test 0.9097
Best:
          Accuracy         : Train 0.9099, Val 0.9137, Test 0.9063
Epoch 61: Loss:            : Train 0.1997, Val 0.2206, Test 0.2041
          Accuracy         : Train 0.9141, Val 0.9124, Test 0.9098
Best:
          Accuracy         : Train 0.9099, Val 0.9137, Test 0.9063
Epoch 62: Loss:            : Train 0.1973, Val 0.2458, Test 0.2107
          Accuracy         : Train 0.9156, Val 0.9096, Test 0.9079
Best:
          Accuracy         : Train 0.9099, Val 0.9137, Test 0.9063
Epoch 63: Loss:            : Train 0.1976, Val 0.2146, Test 0.1999
          Accuracy         : Train 0.9161, Val 0.9107, Test 0.9095
Best:
          Accuracy         : Train 0.9099, Val 0.9137, Test 0.9063
Epoch 64: Loss:            : Train 0.1957, Val 0.2201, Test 0.2010
          Accuracy         : Train 0.9171, Val 0.9103, Test 0.9120
Best:
          Accuracy         : Train 0.9099, Val 0.9137, Test 0.9063
Epoch 65: Loss:            : Train 0.1946, Val 0.2116, Test 0.2014
          Accuracy         : Train 0.9162, Val 0.9093, Test 0.9117
Best:
          Accuracy         : Train 0.9099, Val 0.9137, Test 0.9063
Epoch 66: Loss:            : Train 0.1942, Val 0.2146, Test 0.1991
          Accuracy         : Train 0.9159, Val 0.9106, Test 0.9082
Best:
          Accuracy         : Train 0.9099, Val 0.9137, Test 0.9063
Epoch 67: Loss:            : Train 0.1945, Val 0.2198, Test 0.2052
          Accuracy         : Train 0.9165, Val 0.9072, Test 0.9103
Best:
          Accuracy         : Train 0.9099, Val 0.9137, Test 0.9063
Epoch 68: Loss:            : Train 0.1994, Val 0.2126, Test 0.2045
          Accuracy         : Train 0.9166, Val 0.9082, Test 0.9111
Best:
          Accuracy         : Train 0.9099, Val 0.9137, Test 0.9063
Epoch 69: Loss:            : Train 0.1924, Val 0.2173, Test 0.2038
          Accuracy         : Train 0.9167, Val 0.9139, Test 0.9090
Best:
          Accuracy         : Train 0.9167, Val 0.9139, Test 0.9090
Epoch 70: Loss:            : Train 0.1927, Val 0.2160, Test 0.2031
          Accuracy         : Train 0.9168, Val 0.9119, Test 0.9106
Best:
          Accuracy         : Train 0.9167, Val 0.9139, Test 0.9090
Epoch 71: Loss:            : Train 0.1929, Val 0.2093, Test 0.2033
          Accuracy         : Train 0.9173, Val 0.9099, Test 0.9103
Best:
          Accuracy         : Train 0.9167, Val 0.9139, Test 0.9090
Epoch 72: Loss:            : Train 0.1906, Val 0.2043, Test 0.2016
          Accuracy         : Train 0.9176, Val 0.9112, Test 0.9109
Best:
          Accuracy         : Train 0.9167, Val 0.9139, Test 0.9090
Epoch 73: Loss:            : Train 0.1909, Val 0.2062, Test 0.2040
          Accuracy         : Train 0.9163, Val 0.9143, Test 0.9086
Best:
          Accuracy         : Train 0.9163, Val 0.9143, Test 0.9086
Epoch 74: Loss:            : Train 0.1899, Val 0.2166, Test 0.2036
          Accuracy         : Train 0.9171, Val 0.9123, Test 0.9104
Best:
          Accuracy         : Train 0.9163, Val 0.9143, Test 0.9086
Epoch 75: Loss:            : Train 0.1928, Val 0.2222, Test 0.2050
          Accuracy         : Train 0.9171, Val 0.9079, Test 0.9091
Best:
          Accuracy         : Train 0.9163, Val 0.9143, Test 0.9086
Epoch 76: Loss:            : Train 0.1908, Val 0.2131, Test 0.2033
          Accuracy         : Train 0.9175, Val 0.9141, Test 0.9114
Best:
          Accuracy         : Train 0.9163, Val 0.9143, Test 0.9086
Epoch 77: Loss:            : Train 0.1891, Val 0.2068, Test 0.2025
          Accuracy         : Train 0.9180, Val 0.9118, Test 0.9128
Best:
          Accuracy         : Train 0.9163, Val 0.9143, Test 0.9086
Epoch 78: Loss:            : Train 0.1898, Val 0.2167, Test 0.2240
          Accuracy         : Train 0.9164, Val 0.9123, Test 0.9089
Best:
          Accuracy         : Train 0.9163, Val 0.9143, Test 0.9086
Epoch 79: Loss:            : Train 0.1884, Val 0.2233, Test 0.2251
          Accuracy         : Train 0.9181, Val 0.9130, Test 0.9108
Best:
          Accuracy         : Train 0.9163, Val 0.9143, Test 0.9086
Epoch 80: Loss:            : Train 0.1895, Val 0.2212, Test 0.2200
          Accuracy         : Train 0.9165, Val 0.9092, Test 0.9093
Best:
          Accuracy         : Train 0.9163, Val 0.9143, Test 0.9086
Epoch 81: Loss:            : Train 0.1912, Val 0.2302, Test 0.2437
          Accuracy         : Train 0.9180, Val 0.9133, Test 0.9096
Best:
          Accuracy         : Train 0.9163, Val 0.9143, Test 0.9086
Epoch 82: Loss:            : Train 0.1887, Val 0.2356, Test 0.2195
          Accuracy         : Train 0.9174, Val 0.9126, Test 0.9109
Best:
          Accuracy         : Train 0.9163, Val 0.9143, Test 0.9086
Epoch 83: Loss:            : Train 0.1884, Val 0.2226, Test 0.2180
          Accuracy         : Train 0.9181, Val 0.9104, Test 0.9103
Best:
          Accuracy         : Train 0.9163, Val 0.9143, Test 0.9086
Epoch 84: Loss:            : Train 0.1880, Val 0.2225, Test 0.2221
          Accuracy         : Train 0.9183, Val 0.9100, Test 0.9101
Best:
          Accuracy         : Train 0.9163, Val 0.9143, Test 0.9086
Epoch 85: Loss:            : Train 0.1859, Val 0.2529, Test 0.2463
          Accuracy         : Train 0.9185, Val 0.9120, Test 0.9115
Best:
          Accuracy         : Train 0.9163, Val 0.9143, Test 0.9086
Epoch 86: Loss:            : Train 0.1865, Val 0.2300, Test 0.2318
          Accuracy         : Train 0.9194, Val 0.9058, Test 0.9042
Best:
          Accuracy         : Train 0.9163, Val 0.9143, Test 0.9086
Epoch 87: Loss:            : Train 0.1870, Val 0.3359, Test 0.2588
          Accuracy         : Train 0.9195, Val 0.9112, Test 0.9097
Best:
          Accuracy         : Train 0.9163, Val 0.9143, Test 0.9086
Epoch 88: Loss:            : Train 0.1925, Val 0.2474, Test 0.2181
          Accuracy         : Train 0.9189, Val 0.9096, Test 0.9091
Best:
          Accuracy         : Train 0.9163, Val 0.9143, Test 0.9086
Epoch 89: Loss:            : Train 0.1857, Val 0.2915, Test 0.2204
          Accuracy         : Train 0.9192, Val 0.9103, Test 0.9112
Best:
          Accuracy         : Train 0.9163, Val 0.9143, Test 0.9086
Epoch 90: Loss:            : Train 0.2002, Val 0.2606, Test 0.2276
          Accuracy         : Train 0.9188, Val 0.9095, Test 0.9080
Best:
          Accuracy         : Train 0.9163, Val 0.9143, Test 0.9086
Epoch 91: Loss:            : Train 0.1976, Val 0.2452, Test 0.2258
          Accuracy         : Train 0.9208, Val 0.9105, Test 0.9093
Best:
          Accuracy         : Train 0.9163, Val 0.9143, Test 0.9086
Epoch 92: Loss:            : Train 0.1865, Val 0.2426, Test 0.2178
          Accuracy         : Train 0.9196, Val 0.9118, Test 0.9121
Best:
          Accuracy         : Train 0.9163, Val 0.9143, Test 0.9086
Epoch 93: Loss:            : Train 0.1838, Val 0.2572, Test 0.2234
          Accuracy         : Train 0.9205, Val 0.9110, Test 0.9088
Best:
          Accuracy         : Train 0.9163, Val 0.9143, Test 0.9086
Epoch 94: Loss:            : Train 0.1854, Val 0.2421, Test 0.2175
          Accuracy         : Train 0.9189, Val 0.9132, Test 0.9119
Best:
          Accuracy         : Train 0.9163, Val 0.9143, Test 0.9086
Epoch 95: Loss:            : Train 0.1819, Val 0.3047, Test 0.2247
          Accuracy         : Train 0.9201, Val 0.9126, Test 0.9125
Best:
          Accuracy         : Train 0.9163, Val 0.9143, Test 0.9086
Epoch 96: Loss:            : Train 0.1835, Val 0.2522, Test 0.2255
          Accuracy         : Train 0.9186, Val 0.9098, Test 0.9124
Best:
          Accuracy         : Train 0.9163, Val 0.9143, Test 0.9086
Epoch 97: Loss:            : Train 0.1828, Val 0.2471, Test 0.2198
          Accuracy         : Train 0.9199, Val 0.9145, Test 0.9132
Best:
          Accuracy         : Train 0.9199, Val 0.9145, Test 0.9132
Epoch 98: Loss:            : Train 0.1867, Val 0.6490, Test 0.2194
          Accuracy         : Train 0.9209, Val 0.9126, Test 0.9116
Best:
          Accuracy         : Train 0.9199, Val 0.9145, Test 0.9132
Epoch 99: Loss:            : Train 0.1826, Val 0.2843, Test 0.2214
          Accuracy         : Train 0.9204, Val 0.9142, Test 0.9122
Best:
          Accuracy         : Train 0.9199, Val 0.9145, Test 0.9132
Epoch 100: Loss:            : Train 0.1805, Val 0.2432, Test 0.2174
          Accuracy         : Train 0.9214, Val 0.9126, Test 0.9106
Best:
          Accuracy         : Train 0.9199, Val 0.9145, Test 0.9132
Training time (sec): 522
