Loading rawg from data/game/rawg_clean.csv
Loading steam from data/game/steam_clean.csv
Current steam columns Index(['english', 'required_age', 'achievements', 'positive_ratings',
       'negative_ratings', 'average_playtime', 'median_playtime', 'price',
       'cat_Captions available', 'cat_Co-op', 'cat_Commentary available',
       'cat_Cross-Platform Multiplayer', 'cat_Full controller support',
       'cat_In-App Purchases', 'cat_Includes Source SDK',
       'cat_Includes level editor', 'cat_Local Co-op',
       'cat_Local Multi-Player', 'cat_MMO', 'cat_Mods',
       'cat_Mods (require HL2)', 'cat_Multi-player', 'cat_Online Co-op',
       'cat_Online Multi-Player', 'cat_Partial Controller Support',
       'cat_Shared/Split Screen', 'cat_Single-player', 'cat_Stats',
       'cat_Steam Achievements', 'cat_Steam Cloud', 'cat_Steam Leaderboards',
       'cat_Steam Trading Cards', 'cat_Steam Turn Notifications',
       'cat_Steam Workshop', 'cat_SteamVR Collectibles', 'cat_VR Support',
       'cat_Valve Anti-Cheat enabled', 'name'],
      dtype='object')
Current rawg columns Index(['name', 'rating', 'playtime', 'achievements_count', 'suggestions_count',
       'game_series_count', 'reviews_count', 'added_status_yet',
       'added_status_owned', 'added_status_beaten', 'added_status_toplay',
       'added_status_dropped', 'added_status_playing', 'has_website',
       'released_year_before_2020', 'updated_year_before_2020', '3DO',
       'Android', 'Apple II', 'Atari 2600', 'Atari 5200', 'Atari 7800',
       'Atari 8-bit', 'Atari Flashback', 'Atari Lynx', 'Atari ST',
       'Atari XEGS', 'Classic Macintosh', 'Commodore / Amiga', 'Dreamcast',
       'Game Boy', 'Game Boy Advance', 'Game Boy Color', 'Game Gear',
       'GameCube', 'Genesis', 'Jaguar', 'Linux', 'NES', 'Neo Geo',
       'Nintendo 3DS', 'Nintendo 64', 'Nintendo DS', 'Nintendo DSi',
       'Nintendo Switch', 'PC', 'PS Vita', 'PSP', 'PlayStation',
       'PlayStation 2', 'PlayStation 3', 'PlayStation 4', 'PlayStation 5',
       'SEGA 32X', 'SEGA CD', 'SEGA Master System', 'SEGA Saturn', 'SNES',
       'Web', 'Wii', 'Wii U', 'Xbox', 'Xbox 360', 'Xbox One',
       'Xbox Series S/X', 'iOS', 'macOS', 'Action', 'Adventure', 'Arcade',
       'Board Games', 'Card', 'Casual', 'Educational', 'Family', 'Fighting',
       'Indie', 'Massively Multiplayer', 'Platformer', 'Puzzle', 'RPG',
       'Racing', 'Shooter', 'Simulation', 'Sports', 'Strategy'],
      dtype='object')
Loading data from cache
Done
Calculating noise scale
Adding noise of scale 0.0 to sim_scores
Adding noise of scale 0.0 to sim_scores
Adding noise of scale 0.0 to sim_scores
Filter dataset to top 5
Generating top 5 dataset
Generating top 5 dataset
Generating top 5 dataset
Preparing time (sec): 2
Initializing dataloader
Done
Prepare for training
Start training
SplitNN summary
==========================================================================================
Layer (type:depth-idx)                   Output Shape              Param #
==========================================================================================
SplitNN                                  --                        --
├─MLP: 1                                 --                        --
│    └─ModuleList: 2-1                   --                        --
├─ModuleList: 1-1                        --                        --
│    └─MLP: 2                            --                        --
│    │    └─ModuleList: 3-1              --                        8,850
│    └─MLP: 2                            --                        --
│    │    └─ModuleList: 3-2              --                        13,650
│    └─MLP: 2-2                          [32, 50]                  --
│    └─MLP: 2-3                          [32, 50]                  --
├─MLP: 1-2                               [32, 10]                  --
│    └─ModuleList: 2-1                   --                        --
│    │    └─Linear: 3-3                  [32, 100]                 10,100
│    │    └─Linear: 3-4                  [32, 10]                  1,010
==========================================================================================
Total params: 33,610
Trainable params: 33,610
Non-trainable params: 0
Total mult-adds (M): 1.08
==========================================================================================
Input size (MB): 0.02
Forward/backward pass size (MB): 0.10
Params size (MB): 0.13
Estimated Total Size (MB): 0.26
==========================================================================================
Merge model summary
==========================================================================================
Layer (type:depth-idx)                   Output Shape              Param #
==========================================================================================
ConvModel                                --                        --
├─Conv2d: 1-1                            [1, 8, 9, 10]             48
├─Dropout: 1-2                           [1, 720]                  --
├─Linear: 1-3                            [1, 400]                  288,400
├─Dropout: 1-4                           [1, 400]                  --
├─Linear: 1-5                            [1, 1]                    401
==========================================================================================
Total params: 288,849
Trainable params: 288,849
Non-trainable params: 0
Total mult-adds (M): 0.29
==========================================================================================
Input size (MB): 0.00
Forward/backward pass size (MB): 0.01
Params size (MB): 1.16
Estimated Total Size (MB): 1.16
==========================================================================================
Similarity model summary
==========================================================================================
Layer (type:depth-idx)                   Output Shape              Param #
==========================================================================================
MLP                                      --                        --
├─ModuleList: 1-1                        --                        --
│    └─Linear: 2-1                       [1, 10]                   20
│    └─Linear: 2-2                       [1, 1]                    11
==========================================================================================
Total params: 31
Trainable params: 31
Non-trainable params: 0
Total mult-adds (M): 0.00
==========================================================================================
Input size (MB): 0.00
Forward/backward pass size (MB): 0.00
Params size (MB): 0.00
Estimated Total Size (MB): 0.00
==========================================================================================
n_classes=2
task=binary_cls
model_name=game_fedsim_2022-01-31-13-47-58
sche_threshold=0.0001
sche_patience=10
sche_factor=0.1
use_scheduler=False
num_workers=4
device=cuda:3
test_batch_size=4096
train_batch_size=32
learning_rate=0.001
weight_decay=1e-05
num_epochs=50
model_save_path=ckp/game_fedsim_2022-01-31-13-47-58.pth
test_rate=0.2
val_rate=0.1
multiprocess_context=fork
metrics=['accuracy']
metrics_f=[<metric.accuracy.Accuracy object at 0x7f96d414e5e0>]
hidden_sizes=[200, 100]
model=SplitNN(
  (agg_model): MLP(
    (fc_layers): ModuleList(
      (0): Linear(in_features=100, out_features=100, bias=True)
      (1): Linear(in_features=100, out_features=10, bias=True)
    )
  )
  (local_models): ModuleList(
    (0): MLP(
      (fc_layers): ModuleList(
        (0): Linear(in_features=37, out_features=100, bias=True)
        (1): Linear(in_features=100, out_features=50, bias=True)
      )
    )
    (1): MLP(
      (fc_layers): ModuleList(
        (0): Linear(in_features=85, out_features=100, bias=True)
        (1): Linear(in_features=100, out_features=50, bias=True)
      )
    )
  )
)
writer=<torch.utils.tensorboard.writer.SummaryWriter object at 0x7f96d414eb20>
dataset_type=real
drop_key=True
num_common_features=1
tree_radius=0.01
tree_leaf_size=1000
knn_k=5
grid_min=-10.0
grid_max=10.0
grid_width=1.5
sim_scaler=StandardScaler()
filter_top_k=5
link_n_jobs=1
psig_p=7
sim_leak_p=1.0
link_threshold_t=0.1
link_epsilon=0.1
n_hash_lsh=20
edit_distance_threshold=1
n_hash_func=10
collision_rate=0.05
qgram_q=4
link_delta=0.1
feature_wise_sim=False
blocking_method=knn_str
center_threshold=0.5
n_clusters=100
local_hidden_sizes=[[100], [100]]
cut_dims=[50, 50]
agg_hidden_sizes=[100]
scale_analysis=None
mlp_merge=None
use_sim=True
use_conv=True
conv_kernel_v_size=5
conv_n_channels=8
merge_dropout_p=0.7
raw_output_dim=10
log_dir=log/game_fedsim_2022-01-31-13-47-58/
update_sim_freq=1
sim_model_save_path=ckp/game_fedsim_2022-01-31-13-47-58_sim.pth
merge_model_save_path=ckp/game_fedsim_2022-01-31-13-47-58_merge.pth
sim_batch_size=128
sim_weight_decay=1e-05
sim_learning_rate=0.001
merge_model=ConvModel(
  (conv1): Conv2d(1, 8, kernel_size=(5, 1), stride=(1, 1), padding=(4, 0))
  (fc1): Linear(in_features=720, out_features=400, bias=True)
  (fc2): Linear(in_features=400, out_features=1, bias=True)
  (dropout1): Dropout(p=0.7, inplace=False)
  (dropout2): Dropout(p=0.7, inplace=False)
)
sim_model=MLP(
  (fc_layers): ModuleList(
    (0): Linear(in_features=1, out_features=10, bias=True)
    (1): Linear(in_features=10, out_features=1, bias=True)
  )
)
sim_hidden_sizes=[10]
merge_hidden_sizes=[400]
data1_shape=(26987, 38)
data2_shape=(439999, 86)
Epoch 1: Loss:            : Train 0.3631, Val 0.2361, Test 0.2310
          Accuracy         : Train 0.8411, Val 0.9055, Test 0.9085
Best:
          Accuracy         : Train 0.8411, Val 0.9055, Test 0.9085
Epoch 2: Loss:            : Train 0.2221, Val 0.2108, Test 0.1977
          Accuracy         : Train 0.9111, Val 0.9118, Test 0.9181
Best:
          Accuracy         : Train 0.9111, Val 0.9118, Test 0.9181
Epoch 3: Loss:            : Train 0.2134, Val 0.1948, Test 0.1888
          Accuracy         : Train 0.9146, Val 0.9233, Test 0.9235
Best:
          Accuracy         : Train 0.9146, Val 0.9233, Test 0.9235
Epoch 4: Loss:            : Train 0.2052, Val 0.2247, Test 0.2142
          Accuracy         : Train 0.9175, Val 0.9052, Test 0.9131
Best:
          Accuracy         : Train 0.9146, Val 0.9233, Test 0.9235
Epoch 5: Loss:            : Train 0.2026, Val 0.2002, Test 0.1858
          Accuracy         : Train 0.9195, Val 0.9200, Test 0.9198
Best:
          Accuracy         : Train 0.9146, Val 0.9233, Test 0.9235
Epoch 6: Loss:            : Train 0.1984, Val 0.1907, Test 0.1825
          Accuracy         : Train 0.9194, Val 0.9229, Test 0.9255
Best:
          Accuracy         : Train 0.9146, Val 0.9233, Test 0.9235
Epoch 7: Loss:            : Train 0.1943, Val 0.1902, Test 0.1815
          Accuracy         : Train 0.9237, Val 0.9211, Test 0.9252
Best:
          Accuracy         : Train 0.9146, Val 0.9233, Test 0.9235
Epoch 8: Loss:            : Train 0.1923, Val 0.1916, Test 0.1887
          Accuracy         : Train 0.9224, Val 0.9266, Test 0.9252
Best:
          Accuracy         : Train 0.9224, Val 0.9266, Test 0.9252
Epoch 9: Loss:            : Train 0.1908, Val 0.1897, Test 0.1783
          Accuracy         : Train 0.9228, Val 0.9229, Test 0.9266
Best:
          Accuracy         : Train 0.9224, Val 0.9266, Test 0.9252
Epoch 10: Loss:            : Train 0.1875, Val 0.1859, Test 0.1816
          Accuracy         : Train 0.9241, Val 0.9203, Test 0.9215
Best:
          Accuracy         : Train 0.9224, Val 0.9266, Test 0.9252
Epoch 11: Loss:            : Train 0.1867, Val 0.1856, Test 0.1773
          Accuracy         : Train 0.9255, Val 0.9226, Test 0.9266
Best:
          Accuracy         : Train 0.9224, Val 0.9266, Test 0.9252
Epoch 12: Loss:            : Train 0.1825, Val 0.1801, Test 0.1710
          Accuracy         : Train 0.9273, Val 0.9278, Test 0.9278
Best:
          Accuracy         : Train 0.9273, Val 0.9278, Test 0.9278
Epoch 13: Loss:            : Train 0.1808, Val 0.1783, Test 0.1773
          Accuracy         : Train 0.9281, Val 0.9285, Test 0.9255
Best:
          Accuracy         : Train 0.9281, Val 0.9285, Test 0.9255
Epoch 14: Loss:            : Train 0.1813, Val 0.1948, Test 0.1757
          Accuracy         : Train 0.9278, Val 0.9226, Test 0.9274
Best:
          Accuracy         : Train 0.9281, Val 0.9285, Test 0.9255
Epoch 15: Loss:            : Train 0.1802, Val 0.1805, Test 0.1690
          Accuracy         : Train 0.9291, Val 0.9240, Test 0.9281
Best:
          Accuracy         : Train 0.9281, Val 0.9285, Test 0.9255
Epoch 16: Loss:            : Train 0.1779, Val 0.1843, Test 0.1667
          Accuracy         : Train 0.9292, Val 0.9233, Test 0.9278
Best:
          Accuracy         : Train 0.9281, Val 0.9285, Test 0.9255
Epoch 17: Loss:            : Train 0.1778, Val 0.1866, Test 0.1689
          Accuracy         : Train 0.9303, Val 0.9196, Test 0.9287
Best:
          Accuracy         : Train 0.9281, Val 0.9285, Test 0.9255
Epoch 18: Loss:            : Train 0.1759, Val 0.1814, Test 0.1682
          Accuracy         : Train 0.9308, Val 0.9240, Test 0.9268
Best:
          Accuracy         : Train 0.9281, Val 0.9285, Test 0.9255
Epoch 19: Loss:            : Train 0.1753, Val 0.1921, Test 0.1716
          Accuracy         : Train 0.9297, Val 0.9218, Test 0.9290
Best:
          Accuracy         : Train 0.9281, Val 0.9285, Test 0.9255
Epoch 20: Loss:            : Train 0.1728, Val 0.1846, Test 0.1707
          Accuracy         : Train 0.9319, Val 0.9259, Test 0.9307
Best:
          Accuracy         : Train 0.9281, Val 0.9285, Test 0.9255
Epoch 21: Loss:            : Train 0.1706, Val 0.1780, Test 0.1686
          Accuracy         : Train 0.9322, Val 0.9259, Test 0.9283
Best:
          Accuracy         : Train 0.9281, Val 0.9285, Test 0.9255
Epoch 22: Loss:            : Train 0.1707, Val 0.1816, Test 0.1723
          Accuracy         : Train 0.9313, Val 0.9255, Test 0.9279
Best:
          Accuracy         : Train 0.9281, Val 0.9285, Test 0.9255
Epoch 23: Loss:            : Train 0.1691, Val 0.1885, Test 0.1821
          Accuracy         : Train 0.9320, Val 0.9252, Test 0.9272
Best:
          Accuracy         : Train 0.9281, Val 0.9285, Test 0.9255
Epoch 24: Loss:            : Train 0.1690, Val 0.1822, Test 0.1718
          Accuracy         : Train 0.9321, Val 0.9222, Test 0.9294
Best:
          Accuracy         : Train 0.9281, Val 0.9285, Test 0.9255
Epoch 25: Loss:            : Train 0.1685, Val 0.1816, Test 0.1707
          Accuracy         : Train 0.9328, Val 0.9263, Test 0.9276
Best:
          Accuracy         : Train 0.9281, Val 0.9285, Test 0.9255
Epoch 26: Loss:            : Train 0.1679, Val 0.1779, Test 0.1692
          Accuracy         : Train 0.9332, Val 0.9307, Test 0.9296
Best:
          Accuracy         : Train 0.9332, Val 0.9307, Test 0.9296
Epoch 27: Loss:            : Train 0.1664, Val 0.1794, Test 0.1727
          Accuracy         : Train 0.9335, Val 0.9270, Test 0.9296
Best:
          Accuracy         : Train 0.9332, Val 0.9307, Test 0.9296
Epoch 28: Loss:            : Train 0.1660, Val 0.1865, Test 0.1747
          Accuracy         : Train 0.9339, Val 0.9259, Test 0.9281
Best:
          Accuracy         : Train 0.9332, Val 0.9307, Test 0.9296
Epoch 29: Loss:            : Train 0.1650, Val 0.1805, Test 0.1712
          Accuracy         : Train 0.9351, Val 0.9255, Test 0.9290
Best:
          Accuracy         : Train 0.9332, Val 0.9307, Test 0.9296
Epoch 30: Loss:            : Train 0.1662, Val 0.1853, Test 0.1772
          Accuracy         : Train 0.9348, Val 0.9252, Test 0.9257
Best:
          Accuracy         : Train 0.9332, Val 0.9307, Test 0.9296
Epoch 31: Loss:            : Train 0.1673, Val 0.1740, Test 0.1694
          Accuracy         : Train 0.9335, Val 0.9289, Test 0.9283
Best:
          Accuracy         : Train 0.9332, Val 0.9307, Test 0.9296
Epoch 32: Loss:            : Train 0.1648, Val 0.1779, Test 0.1708
          Accuracy         : Train 0.9357, Val 0.9278, Test 0.9266
Best:
          Accuracy         : Train 0.9332, Val 0.9307, Test 0.9296
Epoch 33: Loss:            : Train 0.1620, Val 0.1787, Test 0.1660
          Accuracy         : Train 0.9351, Val 0.9300, Test 0.9303
Best:
          Accuracy         : Train 0.9332, Val 0.9307, Test 0.9296
Epoch 34: Loss:            : Train 0.1624, Val 0.1805, Test 0.1674
          Accuracy         : Train 0.9354, Val 0.9263, Test 0.9318
Best:
          Accuracy         : Train 0.9332, Val 0.9307, Test 0.9296
Epoch 35: Loss:            : Train 0.1636, Val 0.1759, Test 0.1721
          Accuracy         : Train 0.9341, Val 0.9240, Test 0.9276
Best:
          Accuracy         : Train 0.9332, Val 0.9307, Test 0.9296
Epoch 36: Loss:            : Train 0.1611, Val 0.1723, Test 0.1667
          Accuracy         : Train 0.9357, Val 0.9285, Test 0.9302
Best:
          Accuracy         : Train 0.9332, Val 0.9307, Test 0.9296
Epoch 37: Loss:            : Train 0.1588, Val 0.1914, Test 0.1735
          Accuracy         : Train 0.9366, Val 0.9229, Test 0.9278
Best:
          Accuracy         : Train 0.9332, Val 0.9307, Test 0.9296
Epoch 38: Loss:            : Train 0.1606, Val 0.1697, Test 0.1648
          Accuracy         : Train 0.9357, Val 0.9340, Test 0.9320
Best:
          Accuracy         : Train 0.9357, Val 0.9340, Test 0.9320
Epoch 39: Loss:            : Train 0.1583, Val 0.1821, Test 0.1710
          Accuracy         : Train 0.9366, Val 0.9252, Test 0.9289
Best:
          Accuracy         : Train 0.9357, Val 0.9340, Test 0.9320
Epoch 40: Loss:            : Train 0.1579, Val 0.1923, Test 0.1778
          Accuracy         : Train 0.9373, Val 0.9240, Test 0.9303
Best:
          Accuracy         : Train 0.9357, Val 0.9340, Test 0.9320
Epoch 41: Loss:            : Train 0.1579, Val 0.1759, Test 0.1713
          Accuracy         : Train 0.9371, Val 0.9285, Test 0.9292
Best:
          Accuracy         : Train 0.9357, Val 0.9340, Test 0.9320
Epoch 42: Loss:            : Train 0.1558, Val 0.1763, Test 0.1663
          Accuracy         : Train 0.9373, Val 0.9285, Test 0.9320
Best:
          Accuracy         : Train 0.9357, Val 0.9340, Test 0.9320
Epoch 43: Loss:            : Train 0.1537, Val 0.1826, Test 0.1782
          Accuracy         : Train 0.9390, Val 0.9303, Test 0.9296
Best:
          Accuracy         : Train 0.9357, Val 0.9340, Test 0.9320
Epoch 44: Loss:            : Train 0.1554, Val 0.1851, Test 0.1822
          Accuracy         : Train 0.9387, Val 0.9248, Test 0.9290
Best:
          Accuracy         : Train 0.9357, Val 0.9340, Test 0.9320
Epoch 45: Loss:            : Train 0.1547, Val 0.2039, Test 0.1853
          Accuracy         : Train 0.9389, Val 0.9200, Test 0.9318
Best:
          Accuracy         : Train 0.9357, Val 0.9340, Test 0.9320
Epoch 46: Loss:            : Train 0.1538, Val 0.1840, Test 0.1747
          Accuracy         : Train 0.9375, Val 0.9259, Test 0.9316
Best:
          Accuracy         : Train 0.9357, Val 0.9340, Test 0.9320
Epoch 47: Loss:            : Train 0.1497, Val 0.1779, Test 0.1678
          Accuracy         : Train 0.9390, Val 0.9252, Test 0.9316
Best:
          Accuracy         : Train 0.9357, Val 0.9340, Test 0.9320
Epoch 48: Loss:            : Train 0.1528, Val 0.1944, Test 0.1787
          Accuracy         : Train 0.9391, Val 0.9133, Test 0.9240
Best:
          Accuracy         : Train 0.9357, Val 0.9340, Test 0.9320
Epoch 49: Loss:            : Train 0.1526, Val 0.1875, Test 0.1754
          Accuracy         : Train 0.9390, Val 0.9237, Test 0.9292
Best:
          Accuracy         : Train 0.9357, Val 0.9340, Test 0.9320
Epoch 50: Loss:            : Train 0.1515, Val 0.1755, Test 0.1690
          Accuracy         : Train 0.9392, Val 0.9292, Test 0.9283
Best:
          Accuracy         : Train 0.9357, Val 0.9340, Test 0.9320
Training time (sec): 595
