Loading MSD from data/song/msd_clean.csv
Loading FMA from data/song/fma_clean.csv
Current MSD columns Index(['0', '1', '2', '3', '4', '5', '6', '7', '8', '9', '10', '11', '12',
       '13', '14', '15', '16', '17', '18', '19', '20', '21', '22', '23', '24',
       '25', '26', '27', '28', '29', '30', '31', '32', '33', '34', '35', '36',
       '37', '38', '39', '40', '41', '42', '43', '44', '45', '46', '47', '48',
       '49', '50', '51', '52', '53', '54', '55', '56', '57', '58', '59', '60',
       '61', '62', '63', '64', '65', '66', '67', '68', '69', '70', '71', '72',
       '73', '74', '75', '76', '77', '78', '79', '80', '81', '82', '83', '84',
       '85', '86', '87', '88', '89', 'title'],
      dtype='object')
Current FMA columns Index(['title', '0', '1', '2', '3', '4', '5', '6', '7', '8',
       ...
       '508', '509', '510', '511', '512', '513', '514', '515', '516', '517'],
      dtype='object', length=519)
Loading data from cache
Done
Calculating noise scale
Adding noise of scale 0.0 to sim_scores
Adding noise of scale 0.0 to sim_scores
Adding noise of scale 0.0 to sim_scores
Filter dataset to top 30
Generating top 30 dataset
Generating top 30 dataset
Generating top 30 dataset
Preparing time (sec): 124
Initializing dataloader
Done
Prepare for training
Start training
SplitNN summary
==========================================================================================
Layer (type:depth-idx)                   Output Shape              Param #
==========================================================================================
SplitNN                                  --                        --
├─MLP: 1                                 --                        --
│    └─ModuleList: 2-1                   --                        --
├─ModuleList: 1-1                        --                        --
│    └─MLP: 2                            --                        --
│    │    └─ModuleList: 3-1              --                        14,150
│    └─MLP: 2                            --                        --
│    │    └─ModuleList: 3-2              --                        56,950
│    └─MLP: 2-2                          [128, 50]                 --
│    └─MLP: 2-3                          [128, 50]                 --
├─MLP: 1-2                               [128, 10]                 --
│    └─ModuleList: 2-1                   --                        --
│    │    └─Linear: 3-3                  [128, 100]                10,100
│    │    └─Linear: 3-4                  [128, 10]                 1,010
==========================================================================================
Total params: 82,210
Trainable params: 82,210
Non-trainable params: 0
Total mult-adds (M): 10.52
==========================================================================================
Input size (MB): 0.31
Forward/backward pass size (MB): 0.42
Params size (MB): 0.33
Estimated Total Size (MB): 1.06
==========================================================================================
Merge model summary
==========================================================================================
Layer (type:depth-idx)                   Output Shape              Param #
==========================================================================================
ConvModel                                --                        --
├─Conv2d: 1-1                            [1, 8, 34, 10]            48
├─Dropout: 1-2                           [1, 2720]                 --
├─Linear: 1-3                            [1, 400]                  1,088,400
├─Dropout: 1-4                           [1, 400]                  --
├─Linear: 1-5                            [1, 1]                    401
==========================================================================================
Total params: 1,088,849
Trainable params: 1,088,849
Non-trainable params: 0
Total mult-adds (M): 1.11
==========================================================================================
Input size (MB): 0.00
Forward/backward pass size (MB): 0.02
Params size (MB): 4.36
Estimated Total Size (MB): 4.38
==========================================================================================
Similarity model summary
==========================================================================================
Layer (type:depth-idx)                   Output Shape              Param #
==========================================================================================
MLP                                      --                        --
├─ModuleList: 1-1                        --                        --
│    └─Linear: 2-1                       [1, 10]                   20
│    └─Linear: 2-2                       [1, 1]                    11
==========================================================================================
Total params: 31
Trainable params: 31
Non-trainable params: 0
Total mult-adds (M): 0.00
==========================================================================================
Input size (MB): 0.00
Forward/backward pass size (MB): 0.00
Params size (MB): 0.00
Estimated Total Size (MB): 0.00
==========================================================================================
n_classes=2
task=regression
model_name=song_fedsim_2022-01-24-19-12-53
sche_threshold=0.0001
sche_patience=10
sche_factor=0.1
use_scheduler=False
num_workers=4
device=cuda:3
test_batch_size=4096
train_batch_size=128
learning_rate=0.001
weight_decay=1e-05
num_epochs=20
model_save_path=ckp/song_fedsim_2022-01-24-19-12-53.pth
test_rate=0.2
val_rate=0.1
multiprocess_context=fork
metrics=['r2_score', 'rmse', 'mae']
metrics_f=[<metric.r2_score.R2Score object at 0x7ff0f0d7fd00>, <metric.rmse.RMSE object at 0x7ff0f0d7fca0>, <metric.mae.MAE object at 0x7ff0f0d7ff40>]
hidden_sizes=[50, 50]
model=SplitNN(
  (agg_model): MLP(
    (fc_layers): ModuleList(
      (0): Linear(in_features=100, out_features=100, bias=True)
      (1): Linear(in_features=100, out_features=10, bias=True)
    )
  )
  (local_models): ModuleList(
    (0): MLP(
      (fc_layers): ModuleList(
        (0): Linear(in_features=90, out_features=100, bias=True)
        (1): Linear(in_features=100, out_features=50, bias=True)
      )
    )
    (1): MLP(
      (fc_layers): ModuleList(
        (0): Linear(in_features=518, out_features=100, bias=True)
        (1): Linear(in_features=100, out_features=50, bias=True)
      )
    )
  )
)
writer=<torch.utils.tensorboard.writer.SummaryWriter object at 0x7ff0f0d7fc10>
dataset_type=real
drop_key=True
num_common_features=1
tree_radius=0.01
tree_leaf_size=1000
knn_k=30
grid_min=-10.0
grid_max=10.0
grid_width=1.5
sim_scaler=StandardScaler()
filter_top_k=30
link_n_jobs=1
psig_p=7
sim_leak_p=1.0
link_threshold_t=0.1
link_epsilon=0.1
n_hash_lsh=20
edit_distance_threshold=1
n_hash_func=10
collision_rate=0.05
qgram_q=2
link_delta=0.1
feature_wise_sim=False
blocking_method=knn_str
center_threshold=0.5
n_clusters=100
local_hidden_sizes=[[100], [100]]
cut_dims=[50, 50]
agg_hidden_sizes=[100]
scale_analysis=None
mlp_merge=None
use_sim=True
use_conv=True
conv_kernel_v_size=5
conv_n_channels=8
merge_dropout_p=0.3
raw_output_dim=10
log_dir=log/song_fedsim_2022-01-24-19-12-53/
update_sim_freq=1
sim_model_save_path=ckp/song_fedsim_2022-01-24-19-12-53_sim.pth
merge_model_save_path=ckp/song_fedsim_2022-01-24-19-12-53_merge.pth
sim_batch_size=128
sim_weight_decay=1e-05
sim_learning_rate=0.001
merge_model=ConvModel(
  (conv1): Conv2d(1, 8, kernel_size=(5, 1), stride=(1, 1), padding=(4, 0))
  (fc1): Linear(in_features=2720, out_features=400, bias=True)
  (fc2): Linear(in_features=400, out_features=1, bias=True)
  (dropout1): Dropout(p=0.3, inplace=False)
  (dropout2): Dropout(p=0.3, inplace=False)
)
sim_model=MLP(
  (fc_layers): ModuleList(
    (0): Linear(in_features=1, out_features=10, bias=True)
    (1): Linear(in_features=10, out_features=1, bias=True)
  )
)
sim_hidden_sizes=[10]
merge_hidden_sizes=[400]
data1_shape=(349270, 91)
data2_shape=(63147, 519)
Epoch 1: Loss:            : Train 0.0110, Val 0.0088, Test 0.0084
          R2_Score         : Train 0.1448, Val 0.3186, Test 0.3243
          RMSE             : Train 9.3375, Val 8.3484, Test 8.1642
          MAE              : Train 6.5057, Val 5.6749, Test 5.6074
Best:
          R2_Score         : Train 0.1448, Val 0.3186, Test 0.3243
          RMSE             : Train 9.3375, Val 8.3484, Test 8.1642
          MAE              : Train 6.5057, Val 5.6749, Test 5.6074
Epoch 2: Loss:            : Train 0.0087, Val 0.0087, Test 0.0083
          R2_Score         : Train 0.3266, Val 0.3301, Test 0.3338
          RMSE             : Train 8.2861, Val 8.2777, Test 8.1062
          MAE              : Train 5.7514, Val 5.5803, Test 5.5218
Best:
          R2_Score         : Train 0.3266, Val 0.3301, Test 0.3338
          RMSE             : Train 8.2861, Val 8.2777, Test 8.1062
          MAE              : Train 5.7514, Val 5.5803, Test 5.5218
Epoch 3: Loss:            : Train 0.0085, Val 0.0086, Test 0.0082
          R2_Score         : Train 0.3425, Val 0.3377, Test 0.3417
          RMSE             : Train 8.1873, Val 8.2305, Test 8.0579
          MAE              : Train 5.6711, Val 5.5174, Test 5.4607
Best:
          R2_Score         : Train 0.3425, Val 0.3377, Test 0.3417
          RMSE             : Train 8.1873, Val 8.2305, Test 8.0579
          MAE              : Train 5.6711, Val 5.5174, Test 5.4607
Epoch 4: Loss:            : Train 0.0083, Val 0.0085, Test 0.0082
          R2_Score         : Train 0.3530, Val 0.3406, Test 0.3455
          RMSE             : Train 8.1216, Val 8.2123, Test 8.0347
          MAE              : Train 5.6197, Val 5.5313, Test 5.4664
Best:
          R2_Score         : Train 0.3530, Val 0.3406, Test 0.3455
          RMSE             : Train 8.1216, Val 8.2123, Test 8.0347
          MAE              : Train 5.6197, Val 5.5313, Test 5.4664
Epoch 5: Loss:            : Train 0.0082, Val 0.0084, Test 0.0080
          R2_Score         : Train 0.3608, Val 0.3501, Test 0.3551
          RMSE             : Train 8.0728, Val 8.1531, Test 7.9757
          MAE              : Train 5.5825, Val 5.5257, Test 5.4582
Best:
          R2_Score         : Train 0.3608, Val 0.3501, Test 0.3551
          RMSE             : Train 8.0728, Val 8.1531, Test 7.9757
          MAE              : Train 5.5825, Val 5.5257, Test 5.4582
Epoch 6: Loss:            : Train 0.0081, Val 0.0084, Test 0.0081
          R2_Score         : Train 0.3673, Val 0.3486, Test 0.3511
          RMSE             : Train 8.0316, Val 8.1626, Test 8.0002
          MAE              : Train 5.5534, Val 5.5008, Test 5.4375
Best:
          R2_Score         : Train 0.3608, Val 0.3501, Test 0.3551
          RMSE             : Train 8.0728, Val 8.1531, Test 7.9757
          MAE              : Train 5.5825, Val 5.5257, Test 5.4582
Epoch 7: Loss:            : Train 0.0080, Val 0.0084, Test 0.0081
          R2_Score         : Train 0.3751, Val 0.3513, Test 0.3505
          RMSE             : Train 7.9818, Val 8.1458, Test 8.0041
          MAE              : Train 5.5211, Val 5.5444, Test 5.4931
Best:
          R2_Score         : Train 0.3751, Val 0.3513, Test 0.3505
          RMSE             : Train 7.9818, Val 8.1458, Test 8.0041
          MAE              : Train 5.5211, Val 5.5444, Test 5.4931
Epoch 8: Loss:            : Train 0.0080, Val 0.0083, Test 0.0081
          R2_Score         : Train 0.3819, Val 0.3546, Test 0.3530
          RMSE             : Train 7.9387, Val 8.1247, Test 7.9885
          MAE              : Train 5.4947, Val 5.5439, Test 5.4975
Best:
          R2_Score         : Train 0.3819, Val 0.3546, Test 0.3530
          RMSE             : Train 7.9387, Val 8.1247, Test 7.9885
          MAE              : Train 5.4947, Val 5.5439, Test 5.4975
Epoch 9: Loss:            : Train 0.0079, Val 0.0084, Test 0.0081
          R2_Score         : Train 0.3885, Val 0.3481, Test 0.3469
          RMSE             : Train 7.8963, Val 8.1653, Test 8.0261
          MAE              : Train 5.4640, Val 5.6051, Test 5.5550
Best:
          R2_Score         : Train 0.3819, Val 0.3546, Test 0.3530
          RMSE             : Train 7.9387, Val 8.1247, Test 7.9885
          MAE              : Train 5.4947, Val 5.5439, Test 5.4975
Epoch 10: Loss:            : Train 0.0078, Val 0.0084, Test 0.0081
          R2_Score         : Train 0.3944, Val 0.3509, Test 0.3477
          RMSE             : Train 7.8580, Val 8.1480, Test 8.0215
          MAE              : Train 5.4370, Val 5.6612, Test 5.6166
Best:
          R2_Score         : Train 0.3819, Val 0.3546, Test 0.3530
          RMSE             : Train 7.9387, Val 8.1247, Test 7.9885
          MAE              : Train 5.4947, Val 5.5439, Test 5.4975
Epoch 11: Loss:            : Train 0.0077, Val 0.0084, Test 0.0081
          R2_Score         : Train 0.4011, Val 0.3515, Test 0.3504
          RMSE             : Train 7.8141, Val 8.1440, Test 8.0046
          MAE              : Train 5.4094, Val 5.5244, Test 5.4748
Best:
          R2_Score         : Train 0.3819, Val 0.3546, Test 0.3530
          RMSE             : Train 7.9387, Val 8.1247, Test 7.9885
          MAE              : Train 5.4947, Val 5.5439, Test 5.4975
Epoch 12: Loss:            : Train 0.0076, Val 0.0084, Test 0.0082
          R2_Score         : Train 0.4062, Val 0.3479, Test 0.3451
          RMSE             : Train 7.7811, Val 8.1670, Test 8.0373
          MAE              : Train 5.3895, Val 5.5253, Test 5.4798
Best:
          R2_Score         : Train 0.3819, Val 0.3546, Test 0.3530
          RMSE             : Train 7.9387, Val 8.1247, Test 7.9885
          MAE              : Train 5.4947, Val 5.5439, Test 5.4975
Epoch 13: Loss:            : Train 0.0076, Val 0.0084, Test 0.0081
          R2_Score         : Train 0.4126, Val 0.3493, Test 0.3496
          RMSE             : Train 7.7388, Val 8.1580, Test 8.0095
          MAE              : Train 5.3662, Val 5.5313, Test 5.4738
Best:
          R2_Score         : Train 0.3819, Val 0.3546, Test 0.3530
          RMSE             : Train 7.9387, Val 8.1247, Test 7.9885
          MAE              : Train 5.4947, Val 5.5439, Test 5.4975
Epoch 14: Loss:            : Train 0.0075, Val 0.0085, Test 0.0082
          R2_Score         : Train 0.4178, Val 0.3445, Test 0.3427
          RMSE             : Train 7.7047, Val 8.1879, Test 8.0521
          MAE              : Train 5.3466, Val 5.5337, Test 5.4807
Best:
          R2_Score         : Train 0.3819, Val 0.3546, Test 0.3530
          RMSE             : Train 7.9387, Val 8.1247, Test 7.9885
          MAE              : Train 5.4947, Val 5.5439, Test 5.4975
Epoch 15: Loss:            : Train 0.0074, Val 0.0084, Test 0.0082
          R2_Score         : Train 0.4233, Val 0.3461, Test 0.3402
          RMSE             : Train 7.6682, Val 8.1779, Test 8.0672
          MAE              : Train 5.3265, Val 5.5686, Test 5.5300
Best:
          R2_Score         : Train 0.3819, Val 0.3546, Test 0.3530
          RMSE             : Train 7.9387, Val 8.1247, Test 7.9885
          MAE              : Train 5.4947, Val 5.5439, Test 5.4975
Epoch 16: Loss:            : Train 0.0074, Val 0.0085, Test 0.0083
          R2_Score         : Train 0.4283, Val 0.3389, Test 0.3344
          RMSE             : Train 7.6346, Val 8.2230, Test 8.1028
          MAE              : Train 5.3041, Val 5.5197, Test 5.4737
Best:
          R2_Score         : Train 0.3819, Val 0.3546, Test 0.3530
          RMSE             : Train 7.9387, Val 8.1247, Test 7.9885
          MAE              : Train 5.4947, Val 5.5439, Test 5.4975
Epoch 17: Loss:            : Train 0.0073, Val 0.0086, Test 0.0084
          R2_Score         : Train 0.4356, Val 0.3333, Test 0.3290
          RMSE             : Train 7.5855, Val 8.2576, Test 8.1356
          MAE              : Train 5.2780, Val 5.6382, Test 5.5912
Best:
          R2_Score         : Train 0.3819, Val 0.3546, Test 0.3530
          RMSE             : Train 7.9387, Val 8.1247, Test 7.9885
          MAE              : Train 5.4947, Val 5.5439, Test 5.4975
Epoch 18: Loss:            : Train 0.0072, Val 0.0086, Test 0.0083
          R2_Score         : Train 0.4404, Val 0.3356, Test 0.3304
          RMSE             : Train 7.5533, Val 8.2434, Test 8.1271
          MAE              : Train 5.2599, Val 5.5764, Test 5.5339
Best:
          R2_Score         : Train 0.3819, Val 0.3546, Test 0.3530
          RMSE             : Train 7.9387, Val 8.1247, Test 7.9885
          MAE              : Train 5.4947, Val 5.5439, Test 5.4975
Epoch 19: Loss:            : Train 0.0071, Val 0.0087, Test 0.0085
          R2_Score         : Train 0.4461, Val 0.3245, Test 0.3165
          RMSE             : Train 7.5152, Val 8.3120, Test 8.2113
          MAE              : Train 5.2332, Val 5.6119, Test 5.5723
Best:
          R2_Score         : Train 0.3819, Val 0.3546, Test 0.3530
          RMSE             : Train 7.9387, Val 8.1247, Test 7.9885
          MAE              : Train 5.4947, Val 5.5439, Test 5.4975
Epoch 20: Loss:            : Train 0.0071, Val 0.0086, Test 0.0084
          R2_Score         : Train 0.4509, Val 0.3363, Test 0.3282
          RMSE             : Train 7.4825, Val 8.2393, Test 8.1405
          MAE              : Train 5.2139, Val 5.5706, Test 5.5380
Best:
          R2_Score         : Train 0.3819, Val 0.3546, Test 0.3530
          RMSE             : Train 7.9387, Val 8.1247, Test 7.9885
          MAE              : Train 5.4947, Val 5.5439, Test 5.4975
Training time (sec): 998
