Loading MSD from data/song/msd_clean.csv
Loading FMA from data/song/fma_clean.csv
Current MSD columns Index(['0', '1', '2', '3', '4', '5', '6', '7', '8', '9', '10', '11', '12',
       '13', '14', '15', '16', '17', '18', '19', '20', '21', '22', '23', '24',
       '25', '26', '27', '28', '29', '30', '31', '32', '33', '34', '35', '36',
       '37', '38', '39', '40', '41', '42', '43', '44', '45', '46', '47', '48',
       '49', '50', '51', '52', '53', '54', '55', '56', '57', '58', '59', '60',
       '61', '62', '63', '64', '65', '66', '67', '68', '69', '70', '71', '72',
       '73', '74', '75', '76', '77', '78', '79', '80', '81', '82', '83', '84',
       '85', '86', '87', '88', '89', 'title'],
      dtype='object')
Current FMA columns Index(['title', '0', '1', '2', '3', '4', '5', '6', '7', '8',
       ...
       '508', '509', '510', '511', '512', '513', '514', '515', '516', '517'],
      dtype='object', length=519)
Loading data from cache
Done
Calculating noise scale
Adding noise of scale 0.0 to sim_scores
Adding noise of scale 0.0 to sim_scores
Adding noise of scale 0.0 to sim_scores
Preparing time (sec): 108
Initializing dataloader
Done
Prepare for training
Start training
================================================================================
                                    Kernel Shape Output Shape  Params  \
Layer                                                                   
0_local_models.0.fc_layers.Linear_0    [90, 100]   [128, 100]    9100   
1_local_models.0.fc_layers.Linear_1    [100, 50]    [128, 50]    5050   
2_local_models.1.fc_layers.Linear_0   [518, 100]   [128, 100]   51900   
3_local_models.1.fc_layers.Linear_1    [100, 50]    [128, 50]    5050   
4_agg_model.fc_layers.Linear_0        [100, 400]   [128, 400]   40400   
5_agg_model.fc_layers.Linear_1          [400, 1]     [128, 1]     401   

                                     Mult-Adds  
Layer                                           
0_local_models.0.fc_layers.Linear_0       9000  
1_local_models.0.fc_layers.Linear_1       5000  
2_local_models.1.fc_layers.Linear_0      51800  
3_local_models.1.fc_layers.Linear_1       5000  
4_agg_model.fc_layers.Linear_0           40000  
5_agg_model.fc_layers.Linear_1             400  
--------------------------------------------------------------------------------
                      Totals
Total params          111901
Trainable params      111901
Non-trainable params       0
Mult-Adds             111200
================================================================================
n_classes=2
task=regression
model_name=song_avgsim_2022-01-30-15-55-58
sche_threshold=0.0001
sche_patience=10
sche_factor=0.1
use_scheduler=False
num_workers=4
device=cuda:1
test_batch_size=4096
train_batch_size=128
learning_rate=0.001
weight_decay=1e-05
num_epochs=20
model_save_path=ckp/song_avgsim_2022-01-30-15-55-58.pth
test_rate=0.2
val_rate=0.1
multiprocess_context=fork
metrics=['r2_score', 'rmse', 'mae']
metrics_f=[<metric.r2_score.R2Score object at 0x7f6c0e9f9be0>, <metric.rmse.RMSE object at 0x7f6c0e9f9ca0>, <metric.mae.MAE object at 0x7f6c0e9f9fd0>]
hidden_sizes=[200, 100]
model=SplitNN(
  (agg_model): MLP(
    (fc_layers): ModuleList(
      (0): Linear(in_features=100, out_features=400, bias=True)
      (1): Linear(in_features=400, out_features=1, bias=True)
    )
  )
  (local_models): ModuleList(
    (0): MLP(
      (fc_layers): ModuleList(
        (0): Linear(in_features=90, out_features=100, bias=True)
        (1): Linear(in_features=100, out_features=50, bias=True)
      )
    )
    (1): MLP(
      (fc_layers): ModuleList(
        (0): Linear(in_features=518, out_features=100, bias=True)
        (1): Linear(in_features=100, out_features=50, bias=True)
      )
    )
  )
)
writer=<torch.utils.tensorboard.writer.SummaryWriter object at 0x7f6c0e9f9790>
dataset_type=real
drop_key=True
num_common_features=1
tree_radius=0.01
tree_leaf_size=1000
knn_k=50
grid_min=-10.0
grid_max=10.0
grid_width=1.5
sim_scaler=StandardScaler()
filter_top_k=None
link_n_jobs=1
psig_p=4
sim_leak_p=1.0
link_threshold_t=0.1
link_epsilon=0.1
n_hash_lsh=50
edit_distance_threshold=10
n_hash_func=50
collision_rate=0.01
qgram_q=4
link_delta=0.01
feature_wise_sim=False
blocking_method=knn_str
center_threshold=0.5
n_clusters=100
local_hidden_sizes=[[100], [100]]
cut_dims=[50, 50]
agg_hidden_sizes=[400]
scale_analysis=None
log_dir=log/song_avgsim_2022-01-30-15-55-58/
update_sim_freq=1
sim_model_save_path=ckp/song_avgsim_2022-01-30-15-55-58_sim.pth
sim_batch_size=4096
sim_weight_decay=1e-05
sim_learning_rate=0.001
merge_mode=avg
sim_model=None
sim_hidden_sizes=[10, 10]
data1_shape=(349270, 91)
data2_shape=(63147, 519)
Epoch 1: Loss:            : Train 0.0161, Val 0.0088, Test 0.0084
          R2_Score         : Train -0.2527, Val 0.3186, Test 0.3248
          RMSE             : Train 11.3015, Val 8.3485, Test 8.1611
          MAE              : Train 7.6410, Val 5.7369, Test 5.6670
Best:
          R2_Score         : Train -0.2527, Val 0.3186, Test 0.3248
          RMSE             : Train 11.3015, Val 8.3485, Test 8.1611
          MAE              : Train 7.6410, Val 5.7369, Test 5.6670
Epoch 2: Loss:            : Train 0.0085, Val 0.0086, Test 0.0083
          R2_Score         : Train 0.3380, Val 0.3335, Test 0.3362
          RMSE             : Train 8.2154, Val 8.2566, Test 8.0916
          MAE              : Train 5.6956, Val 5.7772, Test 5.7133
Best:
          R2_Score         : Train 0.3380, Val 0.3335, Test 0.3362
          RMSE             : Train 8.2154, Val 8.2566, Test 8.0916
          MAE              : Train 5.6956, Val 5.7772, Test 5.7133
Epoch 3: Loss:            : Train 0.0083, Val 0.0085, Test 0.0081
          R2_Score         : Train 0.3544, Val 0.3437, Test 0.3467
          RMSE             : Train 8.1133, Val 8.1931, Test 8.0273
          MAE              : Train 5.6119, Val 5.5827, Test 5.5178
Best:
          R2_Score         : Train 0.3544, Val 0.3437, Test 0.3467
          RMSE             : Train 8.1133, Val 8.1931, Test 8.0273
          MAE              : Train 5.6119, Val 5.5827, Test 5.5178
Epoch 4: Loss:            : Train 0.0082, Val 0.0085, Test 0.0081
          R2_Score         : Train 0.3647, Val 0.3441, Test 0.3468
          RMSE             : Train 8.0483, Val 8.1906, Test 8.0271
          MAE              : Train 5.5615, Val 5.6325, Test 5.5710
Best:
          R2_Score         : Train 0.3647, Val 0.3441, Test 0.3468
          RMSE             : Train 8.0483, Val 8.1906, Test 8.0271
          MAE              : Train 5.5615, Val 5.6325, Test 5.5710
Epoch 5: Loss:            : Train 0.0081, Val 0.0084, Test 0.0081
          R2_Score         : Train 0.3730, Val 0.3496, Test 0.3504
          RMSE             : Train 7.9957, Val 8.1561, Test 8.0047
          MAE              : Train 5.5281, Val 5.5324, Test 5.4778
Best:
          R2_Score         : Train 0.3730, Val 0.3496, Test 0.3504
          RMSE             : Train 7.9957, Val 8.1561, Test 8.0047
          MAE              : Train 5.5281, Val 5.5324, Test 5.4778
Epoch 6: Loss:            : Train 0.0080, Val 0.0084, Test 0.0082
          R2_Score         : Train 0.3800, Val 0.3460, Test 0.3448
          RMSE             : Train 7.9503, Val 8.1788, Test 8.0393
          MAE              : Train 5.4927, Val 5.6535, Test 5.5919
Best:
          R2_Score         : Train 0.3730, Val 0.3496, Test 0.3504
          RMSE             : Train 7.9957, Val 8.1561, Test 8.0047
          MAE              : Train 5.5281, Val 5.5324, Test 5.4778
Epoch 7: Loss:            : Train 0.0079, Val 0.0083, Test 0.0081
          R2_Score         : Train 0.3867, Val 0.3548, Test 0.3516
          RMSE             : Train 7.9077, Val 8.1234, Test 7.9974
          MAE              : Train 5.4665, Val 5.6523, Test 5.5956
Best:
          R2_Score         : Train 0.3867, Val 0.3548, Test 0.3516
          RMSE             : Train 7.9077, Val 8.1234, Test 7.9974
          MAE              : Train 5.4665, Val 5.6523, Test 5.5956
Epoch 8: Loss:            : Train 0.0078, Val 0.0083, Test 0.0081
          R2_Score         : Train 0.3935, Val 0.3550, Test 0.3522
          RMSE             : Train 7.8638, Val 8.1223, Test 7.9940
          MAE              : Train 5.4359, Val 5.6054, Test 5.5475
Best:
          R2_Score         : Train 0.3935, Val 0.3550, Test 0.3522
          RMSE             : Train 7.8638, Val 8.1223, Test 7.9940
          MAE              : Train 5.4359, Val 5.6054, Test 5.5475
Epoch 9: Loss:            : Train 0.0077, Val 0.0084, Test 0.0081
          R2_Score         : Train 0.3990, Val 0.3499, Test 0.3471
          RMSE             : Train 7.8276, Val 8.1543, Test 8.0254
          MAE              : Train 5.4152, Val 5.5813, Test 5.5345
Best:
          R2_Score         : Train 0.3935, Val 0.3550, Test 0.3522
          RMSE             : Train 7.8638, Val 8.1223, Test 7.9940
          MAE              : Train 5.4359, Val 5.6054, Test 5.5475
Epoch 10: Loss:            : Train 0.0077, Val 0.0084, Test 0.0081
          R2_Score         : Train 0.4044, Val 0.3501, Test 0.3460
          RMSE             : Train 7.7927, Val 8.1532, Test 8.0319
          MAE              : Train 5.3920, Val 5.5542, Test 5.5039
Best:
          R2_Score         : Train 0.3935, Val 0.3550, Test 0.3522
          RMSE             : Train 7.8638, Val 8.1223, Test 7.9940
          MAE              : Train 5.4359, Val 5.6054, Test 5.5475
Epoch 11: Loss:            : Train 0.0076, Val 0.0083, Test 0.0081
          R2_Score         : Train 0.4089, Val 0.3550, Test 0.3505
          RMSE             : Train 7.7633, Val 8.1224, Test 8.0043
          MAE              : Train 5.3695, Val 5.5876, Test 5.5332
Best:
          R2_Score         : Train 0.3935, Val 0.3550, Test 0.3522
          RMSE             : Train 7.8638, Val 8.1223, Test 7.9940
          MAE              : Train 5.4359, Val 5.6054, Test 5.5475
Epoch 12: Loss:            : Train 0.0075, Val 0.0084, Test 0.0081
          R2_Score         : Train 0.4139, Val 0.3519, Test 0.3473
          RMSE             : Train 7.7300, Val 8.1418, Test 8.0237
          MAE              : Train 5.3532, Val 5.4719, Test 5.4228
Best:
          R2_Score         : Train 0.3935, Val 0.3550, Test 0.3522
          RMSE             : Train 7.8638, Val 8.1223, Test 7.9940
          MAE              : Train 5.4359, Val 5.6054, Test 5.5475
Epoch 13: Loss:            : Train 0.0075, Val 0.0084, Test 0.0081
          R2_Score         : Train 0.4189, Val 0.3514, Test 0.3475
          RMSE             : Train 7.6974, Val 8.1449, Test 8.0224
          MAE              : Train 5.3303, Val 5.4642, Test 5.4242
Best:
          R2_Score         : Train 0.3935, Val 0.3550, Test 0.3522
          RMSE             : Train 7.8638, Val 8.1223, Test 7.9940
          MAE              : Train 5.4359, Val 5.6054, Test 5.5475
Epoch 14: Loss:            : Train 0.0074, Val 0.0084, Test 0.0082
          R2_Score         : Train 0.4227, Val 0.3520, Test 0.3438
          RMSE             : Train 7.6723, Val 8.1414, Test 8.0456
          MAE              : Train 5.3139, Val 5.5208, Test 5.4818
Best:
          R2_Score         : Train 0.3935, Val 0.3550, Test 0.3522
          RMSE             : Train 7.8638, Val 8.1223, Test 7.9940
          MAE              : Train 5.4359, Val 5.6054, Test 5.5475
Epoch 15: Loss:            : Train 0.0074, Val 0.0084, Test 0.0083
          R2_Score         : Train 0.4278, Val 0.3467, Test 0.3331
          RMSE             : Train 7.6380, Val 8.1742, Test 8.1108
          MAE              : Train 5.2945, Val 5.5985, Test 5.5687
Best:
          R2_Score         : Train 0.3935, Val 0.3550, Test 0.3522
          RMSE             : Train 7.8638, Val 8.1223, Test 7.9940
          MAE              : Train 5.4359, Val 5.6054, Test 5.5475
Epoch 16: Loss:            : Train 0.0073, Val 0.0083, Test 0.0082
          R2_Score         : Train 0.4316, Val 0.3539, Test 0.3437
          RMSE             : Train 7.6127, Val 8.1294, Test 8.0461
          MAE              : Train 5.2776, Val 5.5844, Test 5.5559
Best:
          R2_Score         : Train 0.3935, Val 0.3550, Test 0.3522
          RMSE             : Train 7.8638, Val 8.1223, Test 7.9940
          MAE              : Train 5.4359, Val 5.6054, Test 5.5475
Epoch 17: Loss:            : Train 0.0073, Val 0.0085, Test 0.0083
          R2_Score         : Train 0.4358, Val 0.3418, Test 0.3341
          RMSE             : Train 7.5848, Val 8.2049, Test 8.1044
          MAE              : Train 5.2621, Val 5.7070, Test 5.6712
Best:
          R2_Score         : Train 0.3935, Val 0.3550, Test 0.3522
          RMSE             : Train 7.8638, Val 8.1223, Test 7.9940
          MAE              : Train 5.4359, Val 5.6054, Test 5.5475
Epoch 18: Loss:            : Train 0.0072, Val 0.0084, Test 0.0082
          R2_Score         : Train 0.4392, Val 0.3502, Test 0.3403
          RMSE             : Train 7.5617, Val 8.1527, Test 8.0669
          MAE              : Train 5.2540, Val 5.5258, Test 5.4865
Best:
          R2_Score         : Train 0.3935, Val 0.3550, Test 0.3522
          RMSE             : Train 7.8638, Val 8.1223, Test 7.9940
          MAE              : Train 5.4359, Val 5.6054, Test 5.5475
Epoch 19: Loss:            : Train 0.0072, Val 0.0084, Test 0.0082
          R2_Score         : Train 0.4430, Val 0.3464, Test 0.3388
          RMSE             : Train 7.5357, Val 8.1760, Test 8.0758
          MAE              : Train 5.2324, Val 5.5085, Test 5.4554
Best:
          R2_Score         : Train 0.3935, Val 0.3550, Test 0.3522
          RMSE             : Train 7.8638, Val 8.1223, Test 7.9940
          MAE              : Train 5.4359, Val 5.6054, Test 5.5475
Epoch 20: Loss:            : Train 0.0071, Val 0.0085, Test 0.0084
          R2_Score         : Train 0.4465, Val 0.3387, Test 0.3283
          RMSE             : Train 7.5121, Val 8.2240, Test 8.1396
          MAE              : Train 5.2195, Val 5.6525, Test 5.6190
Best:
          R2_Score         : Train 0.3935, Val 0.3550, Test 0.3522
          RMSE             : Train 7.8638, Val 8.1223, Test 7.9940
          MAE              : Train 5.4359, Val 5.6054, Test 5.5475
Training time (sec): 1684
