Loading MSD from data/song/msd_clean.csv
Loading FMA from data/song/fma_clean.csv
Current MSD columns Index(['0', '1', '2', '3', '4', '5', '6', '7', '8', '9', '10', '11', '12',
       '13', '14', '15', '16', '17', '18', '19', '20', '21', '22', '23', '24',
       '25', '26', '27', '28', '29', '30', '31', '32', '33', '34', '35', '36',
       '37', '38', '39', '40', '41', '42', '43', '44', '45', '46', '47', '48',
       '49', '50', '51', '52', '53', '54', '55', '56', '57', '58', '59', '60',
       '61', '62', '63', '64', '65', '66', '67', '68', '69', '70', '71', '72',
       '73', '74', '75', '76', '77', '78', '79', '80', '81', '82', '83', '84',
       '85', '86', '87', '88', '89', 'title'],
      dtype='object')
Current FMA columns Index(['title', '0', '1', '2', '3', '4', '5', '6', '7', '8',
       ...
       '508', '509', '510', '511', '512', '513', '514', '515', '516', '517'],
      dtype='object', length=519)
Loading data from cache
Done
Calculating noise scale
Adding noise of scale 0.0 to sim_scores
Adding noise of scale 0.0 to sim_scores
Adding noise of scale 0.0 to sim_scores
Filter dataset to top 20
Generating top 20 dataset
Generating top 20 dataset
Generating top 20 dataset
Preparing time (sec): 168
Initializing dataloader
Done
Prepare for training
Start training
================================================================================
                                    Kernel Shape Output Shape  Params  \
Layer                                                                   
0_local_models.0.fc_layers.Linear_0    [90, 100]   [128, 100]    9100   
1_local_models.0.fc_layers.Linear_1    [100, 50]    [128, 50]    5050   
2_local_models.1.fc_layers.Linear_0   [518, 100]   [128, 100]   51900   
3_local_models.1.fc_layers.Linear_1    [100, 50]    [128, 50]    5050   
4_agg_model.fc_layers.Linear_0        [100, 400]   [128, 400]   40400   
5_agg_model.fc_layers.Linear_1          [400, 1]     [128, 1]     401   

                                     Mult-Adds  
Layer                                           
0_local_models.0.fc_layers.Linear_0       9000  
1_local_models.0.fc_layers.Linear_1       5000  
2_local_models.1.fc_layers.Linear_0      51800  
3_local_models.1.fc_layers.Linear_1       5000  
4_agg_model.fc_layers.Linear_0           40000  
5_agg_model.fc_layers.Linear_1             400  
--------------------------------------------------------------------------------
                      Totals
Total params          111901
Trainable params      111901
Non-trainable params       0
Mult-Adds             111200
================================================================================
n_classes=2
task=regression
model_name=song_avgsim_2022-01-30-04-20-33
sche_threshold=0.0001
sche_patience=10
sche_factor=0.1
use_scheduler=False
num_workers=4
device=cuda:1
test_batch_size=4096
train_batch_size=128
learning_rate=0.001
weight_decay=1e-05
num_epochs=20
model_save_path=ckp/song_avgsim_2022-01-30-04-20-33.pth
test_rate=0.2
val_rate=0.1
multiprocess_context=fork
metrics=['r2_score', 'rmse', 'mae']
metrics_f=[<metric.r2_score.R2Score object at 0x7f2dcf864b50>, <metric.rmse.RMSE object at 0x7f2dcf864fa0>, <metric.mae.MAE object at 0x7f2dcf864760>]
hidden_sizes=[200, 100]
model=SplitNN(
  (agg_model): MLP(
    (fc_layers): ModuleList(
      (0): Linear(in_features=100, out_features=400, bias=True)
      (1): Linear(in_features=400, out_features=1, bias=True)
    )
  )
  (local_models): ModuleList(
    (0): MLP(
      (fc_layers): ModuleList(
        (0): Linear(in_features=90, out_features=100, bias=True)
        (1): Linear(in_features=100, out_features=50, bias=True)
      )
    )
    (1): MLP(
      (fc_layers): ModuleList(
        (0): Linear(in_features=518, out_features=100, bias=True)
        (1): Linear(in_features=100, out_features=50, bias=True)
      )
    )
  )
)
writer=<torch.utils.tensorboard.writer.SummaryWriter object at 0x7f2dcf864c70>
dataset_type=real
drop_key=True
num_common_features=1
tree_radius=0.01
tree_leaf_size=1000
knn_k=20
grid_min=-10.0
grid_max=10.0
grid_width=1.5
sim_scaler=StandardScaler()
filter_top_k=20
link_n_jobs=1
psig_p=4
sim_leak_p=1.0
link_threshold_t=0.1
link_epsilon=0.1
n_hash_lsh=50
edit_distance_threshold=10
n_hash_func=50
collision_rate=0.01
qgram_q=4
link_delta=0.01
feature_wise_sim=False
blocking_method=knn_str
center_threshold=0.5
n_clusters=100
local_hidden_sizes=[[100], [100]]
cut_dims=[50, 50]
agg_hidden_sizes=[400]
scale_analysis=None
log_dir=log/song_avgsim_2022-01-30-04-20-33/
update_sim_freq=1
sim_model_save_path=ckp/song_avgsim_2022-01-30-04-20-33_sim.pth
sim_batch_size=4096
sim_weight_decay=1e-05
sim_learning_rate=0.001
merge_mode=avg
sim_model=None
sim_hidden_sizes=[10, 10]
data1_shape=(349270, 91)
data2_shape=(63147, 519)
Epoch 1: Loss:            : Train 0.0154, Val 0.0089, Test 0.0085
          R2_Score         : Train -0.1989, Val 0.3131, Test 0.3177
          RMSE             : Train 11.0560, Val 8.3822, Test 8.2040
          MAE              : Train 7.5220, Val 5.7864, Test 5.7222
Best:
          R2_Score         : Train -0.1989, Val 0.3131, Test 0.3177
          RMSE             : Train 11.0560, Val 8.3822, Test 8.2040
          MAE              : Train 7.5220, Val 5.7864, Test 5.7222
Epoch 2: Loss:            : Train 0.0086, Val 0.0086, Test 0.0083
          R2_Score         : Train 0.3345, Val 0.3323, Test 0.3366
          RMSE             : Train 8.2374, Val 8.2637, Test 8.0894
          MAE              : Train 5.7182, Val 5.7570, Test 5.6928
Best:
          R2_Score         : Train 0.3345, Val 0.3323, Test 0.3366
          RMSE             : Train 8.2374, Val 8.2637, Test 8.0894
          MAE              : Train 5.7182, Val 5.7570, Test 5.6928
Epoch 3: Loss:            : Train 0.0083, Val 0.0085, Test 0.0082
          R2_Score         : Train 0.3519, Val 0.3423, Test 0.3437
          RMSE             : Train 8.1289, Val 8.2018, Test 8.0458
          MAE              : Train 5.6230, Val 5.5586, Test 5.5093
Best:
          R2_Score         : Train 0.3519, Val 0.3423, Test 0.3437
          RMSE             : Train 8.1289, Val 8.2018, Test 8.0458
          MAE              : Train 5.6230, Val 5.5586, Test 5.5093
Epoch 4: Loss:            : Train 0.0082, Val 0.0085, Test 0.0082
          R2_Score         : Train 0.3623, Val 0.3439, Test 0.3445
          RMSE             : Train 8.0636, Val 8.1919, Test 8.0409
          MAE              : Train 5.5739, Val 5.6179, Test 5.5623
Best:
          R2_Score         : Train 0.3623, Val 0.3439, Test 0.3445
          RMSE             : Train 8.0636, Val 8.1919, Test 8.0409
          MAE              : Train 5.5739, Val 5.6179, Test 5.5623
Epoch 5: Loss:            : Train 0.0081, Val 0.0085, Test 0.0081
          R2_Score         : Train 0.3707, Val 0.3438, Test 0.3462
          RMSE             : Train 8.0100, Val 8.1924, Test 8.0306
          MAE              : Train 5.5355, Val 5.7301, Test 5.6667
Best:
          R2_Score         : Train 0.3623, Val 0.3439, Test 0.3445
          RMSE             : Train 8.0636, Val 8.1919, Test 8.0409
          MAE              : Train 5.5739, Val 5.6179, Test 5.5623
Epoch 6: Loss:            : Train 0.0080, Val 0.0085, Test 0.0082
          R2_Score         : Train 0.3786, Val 0.3424, Test 0.3422
          RMSE             : Train 7.9594, Val 8.2011, Test 8.0549
          MAE              : Train 5.5009, Val 5.6432, Test 5.5851
Best:
          R2_Score         : Train 0.3623, Val 0.3439, Test 0.3445
          RMSE             : Train 8.0636, Val 8.1919, Test 8.0409
          MAE              : Train 5.5739, Val 5.6179, Test 5.5623
Epoch 7: Loss:            : Train 0.0079, Val 0.0085, Test 0.0082
          R2_Score         : Train 0.3845, Val 0.3425, Test 0.3437
          RMSE             : Train 7.9216, Val 8.2004, Test 8.0457
          MAE              : Train 5.4791, Val 5.5358, Test 5.4740
Best:
          R2_Score         : Train 0.3623, Val 0.3439, Test 0.3445
          RMSE             : Train 8.0636, Val 8.1919, Test 8.0409
          MAE              : Train 5.5739, Val 5.6179, Test 5.5623
Epoch 8: Loss:            : Train 0.0078, Val 0.0085, Test 0.0082
          R2_Score         : Train 0.3904, Val 0.3448, Test 0.3422
          RMSE             : Train 7.8839, Val 8.1864, Test 8.0553
          MAE              : Train 5.4542, Val 5.6682, Test 5.6092
Best:
          R2_Score         : Train 0.3904, Val 0.3448, Test 0.3422
          RMSE             : Train 7.8839, Val 8.1864, Test 8.0553
          MAE              : Train 5.4542, Val 5.6682, Test 5.6092
Epoch 9: Loss:            : Train 0.0078, Val 0.0084, Test 0.0081
          R2_Score         : Train 0.3960, Val 0.3491, Test 0.3472
          RMSE             : Train 7.8473, Val 8.1593, Test 8.0243
          MAE              : Train 5.4323, Val 5.5294, Test 5.4757
Best:
          R2_Score         : Train 0.3960, Val 0.3491, Test 0.3472
          RMSE             : Train 7.8473, Val 8.1593, Test 8.0243
          MAE              : Train 5.4323, Val 5.5294, Test 5.4757
Epoch 10: Loss:            : Train 0.0077, Val 0.0084, Test 0.0081
          R2_Score         : Train 0.4015, Val 0.3502, Test 0.3464
          RMSE             : Train 7.8115, Val 8.1523, Test 8.0291
          MAE              : Train 5.4113, Val 5.5218, Test 5.4626
Best:
          R2_Score         : Train 0.4015, Val 0.3502, Test 0.3464
          RMSE             : Train 7.8115, Val 8.1523, Test 8.0291
          MAE              : Train 5.4113, Val 5.5218, Test 5.4626
Epoch 11: Loss:            : Train 0.0076, Val 0.0085, Test 0.0082
          R2_Score         : Train 0.4066, Val 0.3445, Test 0.3438
          RMSE             : Train 7.7782, Val 8.1884, Test 8.0455
          MAE              : Train 5.3898, Val 5.6241, Test 5.5628
Best:
          R2_Score         : Train 0.4015, Val 0.3502, Test 0.3464
          RMSE             : Train 7.8115, Val 8.1523, Test 8.0291
          MAE              : Train 5.4113, Val 5.5218, Test 5.4626
Epoch 12: Loss:            : Train 0.0076, Val 0.0085, Test 0.0082
          R2_Score         : Train 0.4113, Val 0.3453, Test 0.3392
          RMSE             : Train 7.7472, Val 8.1829, Test 8.0736
          MAE              : Train 5.3686, Val 5.6435, Test 5.5889
Best:
          R2_Score         : Train 0.4015, Val 0.3502, Test 0.3464
          RMSE             : Train 7.8115, Val 8.1523, Test 8.0291
          MAE              : Train 5.4113, Val 5.5218, Test 5.4626
Epoch 13: Loss:            : Train 0.0075, Val 0.0085, Test 0.0082
          R2_Score         : Train 0.4155, Val 0.3418, Test 0.3392
          RMSE             : Train 7.7195, Val 8.2048, Test 8.0735
          MAE              : Train 5.3528, Val 5.6586, Test 5.5995
Best:
          R2_Score         : Train 0.4015, Val 0.3502, Test 0.3464
          RMSE             : Train 7.8115, Val 8.1523, Test 8.0291
          MAE              : Train 5.4113, Val 5.5218, Test 5.4626
Epoch 14: Loss:            : Train 0.0075, Val 0.0085, Test 0.0082
          R2_Score         : Train 0.4200, Val 0.3441, Test 0.3400
          RMSE             : Train 7.6898, Val 8.1908, Test 8.0684
          MAE              : Train 5.3388, Val 5.6029, Test 5.5488
Best:
          R2_Score         : Train 0.4015, Val 0.3502, Test 0.3464
          RMSE             : Train 7.8115, Val 8.1523, Test 8.0291
          MAE              : Train 5.4113, Val 5.5218, Test 5.4626
Epoch 15: Loss:            : Train 0.0074, Val 0.0085, Test 0.0082
          R2_Score         : Train 0.4247, Val 0.3443, Test 0.3422
          RMSE             : Train 7.6590, Val 8.1892, Test 8.0553
          MAE              : Train 5.3151, Val 5.4893, Test 5.4385
Best:
          R2_Score         : Train 0.4015, Val 0.3502, Test 0.3464
          RMSE             : Train 7.8115, Val 8.1523, Test 8.0291
          MAE              : Train 5.4113, Val 5.5218, Test 5.4626
Epoch 16: Loss:            : Train 0.0074, Val 0.0085, Test 0.0083
          R2_Score         : Train 0.4284, Val 0.3442, Test 0.3359
          RMSE             : Train 7.6343, Val 8.1899, Test 8.0939
          MAE              : Train 5.3024, Val 5.6389, Test 5.5976
Best:
          R2_Score         : Train 0.4015, Val 0.3502, Test 0.3464
          RMSE             : Train 7.8115, Val 8.1523, Test 8.0291
          MAE              : Train 5.4113, Val 5.5218, Test 5.4626
Epoch 17: Loss:            : Train 0.0073, Val 0.0086, Test 0.0084
          R2_Score         : Train 0.4339, Val 0.3344, Test 0.3252
          RMSE             : Train 7.5974, Val 8.2508, Test 8.1583
          MAE              : Train 5.2837, Val 5.5359, Test 5.4930
Best:
          R2_Score         : Train 0.4015, Val 0.3502, Test 0.3464
          RMSE             : Train 7.8115, Val 8.1523, Test 8.0291
          MAE              : Train 5.4113, Val 5.5218, Test 5.4626
Epoch 18: Loss:            : Train 0.0072, Val 0.0085, Test 0.0083
          R2_Score         : Train 0.4381, Val 0.3384, Test 0.3324
          RMSE             : Train 7.5687, Val 8.2263, Test 8.1146
          MAE              : Train 5.2637, Val 5.5783, Test 5.5360
Best:
          R2_Score         : Train 0.4015, Val 0.3502, Test 0.3464
          RMSE             : Train 7.8115, Val 8.1523, Test 8.0291
          MAE              : Train 5.4113, Val 5.5218, Test 5.4626
Epoch 19: Loss:            : Train 0.0072, Val 0.0087, Test 0.0085
          R2_Score         : Train 0.4431, Val 0.3256, Test 0.3179
          RMSE             : Train 7.5354, Val 8.3050, Test 8.2023
          MAE              : Train 5.2487, Val 5.7370, Test 5.6822
Best:
          R2_Score         : Train 0.4015, Val 0.3502, Test 0.3464
          RMSE             : Train 7.8115, Val 8.1523, Test 8.0291
          MAE              : Train 5.4113, Val 5.5218, Test 5.4626
Epoch 20: Loss:            : Train 0.0071, Val 0.0086, Test 0.0084
          R2_Score         : Train 0.4463, Val 0.3324, Test 0.3235
          RMSE             : Train 7.5134, Val 8.2631, Test 8.1689
          MAE              : Train 5.2351, Val 5.5497, Test 5.4966
Best:
          R2_Score         : Train 0.4015, Val 0.3502, Test 0.3464
          RMSE             : Train 7.8115, Val 8.1523, Test 8.0291
          MAE              : Train 5.4113, Val 5.5218, Test 5.4626
Training time (sec): 793
