Loading MSD from data/song/msd_clean.csv
Loading FMA from data/song/fma_clean.csv
Current MSD columns Index(['0', '1', '2', '3', '4', '5', '6', '7', '8', '9', '10', '11', '12',
       '13', '14', '15', '16', '17', '18', '19', '20', '21', '22', '23', '24',
       '25', '26', '27', '28', '29', '30', '31', '32', '33', '34', '35', '36',
       '37', '38', '39', '40', '41', '42', '43', '44', '45', '46', '47', '48',
       '49', '50', '51', '52', '53', '54', '55', '56', '57', '58', '59', '60',
       '61', '62', '63', '64', '65', '66', '67', '68', '69', '70', '71', '72',
       '73', '74', '75', '76', '77', '78', '79', '80', '81', '82', '83', '84',
       '85', '86', '87', '88', '89', 'title'],
      dtype='object')
Current FMA columns Index(['title', '0', '1', '2', '3', '4', '5', '6', '7', '8',
       ...
       '508', '509', '510', '511', '512', '513', '514', '515', '516', '517'],
      dtype='object', length=519)
Loading data from cache
Done
Calculating noise scale
Adding noise of scale 0.0 to sim_scores
Adding noise of scale 0.0 to sim_scores
Adding noise of scale 0.0 to sim_scores
Filter dataset to top 30
Generating top 30 dataset
Generating top 30 dataset
Generating top 30 dataset
Generating top1 dataset
Generating top1 dataset
Generating top1 dataset
Preparing time (sec): 301
Loading data
Prepare for training
Start training
================================================================================
                                    Kernel Shape Output Shape  Params  \
Layer                                                                   
0_local_models.0.fc_layers.Linear_0    [90, 200]  [4096, 200]   18200   
1_local_models.0.fc_layers.Linear_1   [200, 100]  [4096, 100]   20100   
2_local_models.1.fc_layers.Linear_0   [518, 200]  [4096, 200]  103800   
3_local_models.1.fc_layers.Linear_1   [200, 100]  [4096, 100]   20100   
4_agg_model.fc_layers.Linear_0        [200, 400]  [4096, 400]   80400   
5_agg_model.fc_layers.Linear_1          [400, 1]    [4096, 1]     401   

                                     Mult-Adds  
Layer                                           
0_local_models.0.fc_layers.Linear_0      18000  
1_local_models.0.fc_layers.Linear_1      20000  
2_local_models.1.fc_layers.Linear_0     103600  
3_local_models.1.fc_layers.Linear_1      20000  
4_agg_model.fc_layers.Linear_0           80000  
5_agg_model.fc_layers.Linear_1             400  
--------------------------------------------------------------------------------
                      Totals
Total params          243001
Trainable params      243001
Non-trainable params       0
Mult-Adds             242000
================================================================================
n_classes=2
task=regression
model_name=song_top1sim_2022-01-31-03-52-09
sche_threshold=0.0001
sche_patience=10
sche_factor=0.1
use_scheduler=False
num_workers=4
device=cuda:1
test_batch_size=4096
train_batch_size=4096
learning_rate=0.001
weight_decay=1e-05
num_epochs=100
model_save_path=ckp/song_top1sim_2022-01-31-03-52-09.pth
test_rate=0.2
val_rate=0.1
multiprocess_context=fork
metrics=['r2_score', 'rmse', 'mae']
metrics_f=[<metric.r2_score.R2Score object at 0x7f98a470fe50>, <metric.rmse.RMSE object at 0x7f98a470f8b0>, <metric.mae.MAE object at 0x7f98a470fe20>]
hidden_sizes=[200, 100]
model=SplitNN(
  (agg_model): MLP(
    (fc_layers): ModuleList(
      (0): Linear(in_features=200, out_features=400, bias=True)
      (1): Linear(in_features=400, out_features=1, bias=True)
    )
  )
  (local_models): ModuleList(
    (0): MLP(
      (fc_layers): ModuleList(
        (0): Linear(in_features=90, out_features=200, bias=True)
        (1): Linear(in_features=200, out_features=100, bias=True)
      )
    )
    (1): MLP(
      (fc_layers): ModuleList(
        (0): Linear(in_features=518, out_features=200, bias=True)
        (1): Linear(in_features=200, out_features=100, bias=True)
      )
    )
  )
)
writer=<torch.utils.tensorboard.writer.SummaryWriter object at 0x7f98a470fd30>
dataset_type=real
drop_key=True
num_common_features=1
tree_radius=0.01
tree_leaf_size=1000
knn_k=30
grid_min=-10.0
grid_max=10.0
grid_width=1.5
sim_scaler=StandardScaler()
filter_top_k=30
link_n_jobs=1
psig_p=4
sim_leak_p=1.0
link_threshold_t=0.1
link_epsilon=0.1
n_hash_lsh=50
edit_distance_threshold=10
n_hash_func=50
collision_rate=0.01
qgram_q=4
link_delta=0.01
feature_wise_sim=False
blocking_method=knn_str
center_threshold=0.5
n_clusters=100
local_hidden_sizes=[[200], [200]]
cut_dims=[100, 100]
agg_hidden_sizes=[400]
scale_analysis=None
data1_shape=(349270, 91)
data2_shape=(63147, 519)
Epoch 1: Loss:            : Train 0.0000, Val 0.0529, Test 0.0532
          R2_Score         : Train -5.5171, Val -3.0861, Test -3.2256
          RMSE             : Train 25.7772, Val 20.4434, Test 20.4160
          MAE              : Train 23.1242, Val 17.2228, Test 17.2131
Best:
          R2_Score         : Train -5.5171, Val -3.0861, Test -3.2256
          RMSE             : Train 25.7772, Val 20.4434, Test 20.4160
          MAE              : Train 23.1242, Val 17.2228, Test 17.2131
Epoch 2: Loss:            : Train 0.0000, Val 0.0171, Test 0.0169
          R2_Score         : Train -1.5537, Val -0.3204, Test -0.3490
          RMSE             : Train 16.1359, Val 11.6213, Test 11.5353
          MAE              : Train 13.1914, Val 9.2858, Test 9.2700
Best:
          R2_Score         : Train -1.5537, Val -0.3204, Test -0.3490
          RMSE             : Train 16.1359, Val 11.6213, Test 11.5353
          MAE              : Train 13.1914, Val 9.2858, Test 9.2700
Epoch 3: Loss:            : Train 0.0000, Val 0.0120, Test 0.0116
          R2_Score         : Train -0.0320, Val 0.0705, Test 0.0676
          RMSE             : Train 10.2574, Val 9.7504, Test 9.5901
          MAE              : Train 7.6868, Val 7.1886, Test 7.1437
Best:
          R2_Score         : Train -0.0320, Val 0.0705, Test 0.0676
          RMSE             : Train 10.2574, Val 9.7504, Test 9.5901
          MAE              : Train 7.6868, Val 7.1886, Test 7.1437
Epoch 4: Loss:            : Train 0.0000, Val 0.0109, Test 0.0105
          R2_Score         : Train 0.1229, Val 0.1513, Test 0.1541
          RMSE             : Train 9.4564, Val 9.3167, Test 9.1344
          MAE              : Train 6.9301, Val 6.7998, Test 6.7371
Best:
          R2_Score         : Train 0.1229, Val 0.1513, Test 0.1541
          RMSE             : Train 9.4564, Val 9.3167, Test 9.1344
          MAE              : Train 6.9301, Val 6.7998, Test 6.7371
Epoch 5: Loss:            : Train 0.0000, Val 0.0101, Test 0.0098
          R2_Score         : Train 0.1971, Val 0.2121, Test 0.2154
          RMSE             : Train 9.0476, Val 8.9769, Test 8.7971
          MAE              : Train 6.5480, Val 6.4615, Test 6.3952
Best:
          R2_Score         : Train 0.1971, Val 0.2121, Test 0.2154
          RMSE             : Train 9.0476, Val 8.9769, Test 8.7971
          MAE              : Train 6.5480, Val 6.4615, Test 6.3952
Epoch 6: Loss:            : Train 0.0000, Val 0.0096, Test 0.0093
          R2_Score         : Train 0.2534, Val 0.2548, Test 0.2561
          RMSE             : Train 8.7250, Val 8.7303, Test 8.5663
          MAE              : Train 6.2190, Val 6.1640, Test 6.1034
Best:
          R2_Score         : Train 0.2534, Val 0.2548, Test 0.2561
          RMSE             : Train 8.7250, Val 8.7303, Test 8.5663
          MAE              : Train 6.2190, Val 6.1640, Test 6.1034
Epoch 7: Loss:            : Train 0.0000, Val 0.0093, Test 0.0090
          R2_Score         : Train 0.2862, Val 0.2796, Test 0.2788
          RMSE             : Train 8.5309, Val 8.5838, Test 8.4342
          MAE              : Train 6.0202, Val 6.0144, Test 5.9605
Best:
          R2_Score         : Train 0.2862, Val 0.2796, Test 0.2788
          RMSE             : Train 8.5309, Val 8.5838, Test 8.4342
          MAE              : Train 6.0202, Val 6.0144, Test 5.9605
Epoch 8: Loss:            : Train 0.0000, Val 0.0091, Test 0.0088
          R2_Score         : Train 0.3075, Val 0.2924, Test 0.2914
          RMSE             : Train 8.4025, Val 8.5072, Test 8.3604
          MAE              : Train 5.9095, Val 5.9769, Test 5.9223
Best:
          R2_Score         : Train 0.3075, Val 0.2924, Test 0.2914
          RMSE             : Train 8.4025, Val 8.5072, Test 8.3604
          MAE              : Train 5.9095, Val 5.9769, Test 5.9223
Epoch 9: Loss:            : Train 0.0000, Val 0.0090, Test 0.0087
          R2_Score         : Train 0.3227, Val 0.3018, Test 0.3013
          RMSE             : Train 8.3099, Val 8.4508, Test 8.3015
          MAE              : Train 5.8325, Val 5.8949, Test 5.8410
Best:
          R2_Score         : Train 0.3227, Val 0.3018, Test 0.3013
          RMSE             : Train 8.3099, Val 8.4508, Test 8.3015
          MAE              : Train 5.8325, Val 5.8949, Test 5.8410
Epoch 10: Loss:            : Train 0.0000, Val 0.0089, Test 0.0086
          R2_Score         : Train 0.3341, Val 0.3072, Test 0.3078
          RMSE             : Train 8.2396, Val 8.4176, Test 8.2631
          MAE              : Train 5.7797, Val 5.8972, Test 5.8359
Best:
          R2_Score         : Train 0.3341, Val 0.3072, Test 0.3078
          RMSE             : Train 8.2396, Val 8.4176, Test 8.2631
          MAE              : Train 5.7797, Val 5.8972, Test 5.8359
Epoch 11: Loss:            : Train 0.0000, Val 0.0088, Test 0.0086
          R2_Score         : Train 0.3436, Val 0.3133, Test 0.3146
          RMSE             : Train 8.1809, Val 8.3805, Test 8.2225
          MAE              : Train 5.7281, Val 5.8378, Test 5.7752
Best:
          R2_Score         : Train 0.3436, Val 0.3133, Test 0.3146
          RMSE             : Train 8.1809, Val 8.3805, Test 8.2225
          MAE              : Train 5.7281, Val 5.8378, Test 5.7752
Epoch 12: Loss:            : Train 0.0000, Val 0.0088, Test 0.0085
          R2_Score         : Train 0.3517, Val 0.3137, Test 0.3154
          RMSE             : Train 8.1302, Val 8.3782, Test 8.2175
          MAE              : Train 5.6954, Val 5.8253, Test 5.7552
Best:
          R2_Score         : Train 0.3517, Val 0.3137, Test 0.3154
          RMSE             : Train 8.1302, Val 8.3782, Test 8.2175
          MAE              : Train 5.6954, Val 5.8253, Test 5.7552
Epoch 13: Loss:            : Train 0.0000, Val 0.0088, Test 0.0085
          R2_Score         : Train 0.3586, Val 0.3159, Test 0.3171
          RMSE             : Train 8.0870, Val 8.3648, Test 8.2074
          MAE              : Train 5.6608, Val 5.8022, Test 5.7378
Best:
          R2_Score         : Train 0.3586, Val 0.3159, Test 0.3171
          RMSE             : Train 8.0870, Val 8.3648, Test 8.2074
          MAE              : Train 5.6608, Val 5.8022, Test 5.7378
Epoch 14: Loss:            : Train 0.0000, Val 0.0088, Test 0.0085
          R2_Score         : Train 0.3650, Val 0.3175, Test 0.3177
          RMSE             : Train 8.0461, Val 8.3550, Test 8.2037
          MAE              : Train 5.6328, Val 5.8129, Test 5.7521
Best:
          R2_Score         : Train 0.3650, Val 0.3175, Test 0.3177
          RMSE             : Train 8.0461, Val 8.3550, Test 8.2037
          MAE              : Train 5.6328, Val 5.8129, Test 5.7521
Epoch 15: Loss:            : Train 0.0000, Val 0.0088, Test 0.0085
          R2_Score         : Train 0.3706, Val 0.3166, Test 0.3180
          RMSE             : Train 8.0109, Val 8.3602, Test 8.2020
          MAE              : Train 5.6069, Val 5.8411, Test 5.7746
Best:
          R2_Score         : Train 0.3650, Val 0.3175, Test 0.3177
          RMSE             : Train 8.0461, Val 8.3550, Test 8.2037
          MAE              : Train 5.6328, Val 5.8129, Test 5.7521
Epoch 16: Loss:            : Train 0.0000, Val 0.0088, Test 0.0085
          R2_Score         : Train 0.3756, Val 0.3182, Test 0.3196
          RMSE             : Train 7.9788, Val 8.3506, Test 8.1924
          MAE              : Train 5.5878, Val 5.7665, Test 5.7014
Best:
          R2_Score         : Train 0.3756, Val 0.3182, Test 0.3196
          RMSE             : Train 7.9788, Val 8.3506, Test 8.1924
          MAE              : Train 5.5878, Val 5.7665, Test 5.7014
Epoch 17: Loss:            : Train 0.0000, Val 0.0087, Test 0.0085
          R2_Score         : Train 0.3804, Val 0.3204, Test 0.3216
          RMSE             : Train 7.9483, Val 8.3372, Test 8.1804
          MAE              : Train 5.5654, Val 5.7703, Test 5.7000
Best:
          R2_Score         : Train 0.3804, Val 0.3204, Test 0.3216
          RMSE             : Train 7.9483, Val 8.3372, Test 8.1804
          MAE              : Train 5.5654, Val 5.7703, Test 5.7000
Epoch 18: Loss:            : Train 0.0000, Val 0.0088, Test 0.0086
          R2_Score         : Train 0.3851, Val 0.3154, Test 0.3162
          RMSE             : Train 7.9181, Val 8.3678, Test 8.2127
          MAE              : Train 5.5459, Val 5.8746, Test 5.8023
Best:
          R2_Score         : Train 0.3804, Val 0.3204, Test 0.3216
          RMSE             : Train 7.9483, Val 8.3372, Test 8.1804
          MAE              : Train 5.5654, Val 5.7703, Test 5.7000
Epoch 19: Loss:            : Train 0.0000, Val 0.0088, Test 0.0085
          R2_Score         : Train 0.3897, Val 0.3180, Test 0.3173
          RMSE             : Train 7.8881, Val 8.3522, Test 8.2064
          MAE              : Train 5.5266, Val 5.8151, Test 5.7548
Best:
          R2_Score         : Train 0.3804, Val 0.3204, Test 0.3216
          RMSE             : Train 7.9483, Val 8.3372, Test 8.1804
          MAE              : Train 5.5654, Val 5.7703, Test 5.7000
Epoch 20: Loss:            : Train 0.0000, Val 0.0088, Test 0.0085
          R2_Score         : Train 0.3935, Val 0.3195, Test 0.3199
          RMSE             : Train 7.8638, Val 8.3426, Test 8.1906
          MAE              : Train 5.5132, Val 5.7861, Test 5.7287
Best:
          R2_Score         : Train 0.3804, Val 0.3204, Test 0.3216
          RMSE             : Train 7.9483, Val 8.3372, Test 8.1804
          MAE              : Train 5.5654, Val 5.7703, Test 5.7000
Epoch 21: Loss:            : Train 0.0000, Val 0.0088, Test 0.0085
          R2_Score         : Train 0.3978, Val 0.3188, Test 0.3188
          RMSE             : Train 7.8357, Val 8.3471, Test 8.1974
          MAE              : Train 5.4920, Val 5.7847, Test 5.7232
Best:
          R2_Score         : Train 0.3804, Val 0.3204, Test 0.3216
          RMSE             : Train 7.9483, Val 8.3372, Test 8.1804
          MAE              : Train 5.5654, Val 5.7703, Test 5.7000
Epoch 22: Loss:            : Train 0.0000, Val 0.0088, Test 0.0085
          R2_Score         : Train 0.4012, Val 0.3192, Test 0.3181
          RMSE             : Train 7.8136, Val 8.3446, Test 8.2016
          MAE              : Train 5.4791, Val 5.7540, Test 5.6966
Best:
          R2_Score         : Train 0.3804, Val 0.3204, Test 0.3216
          RMSE             : Train 7.9483, Val 8.3372, Test 8.1804
          MAE              : Train 5.5654, Val 5.7703, Test 5.7000
Epoch 23: Loss:            : Train 0.0000, Val 0.0088, Test 0.0086
          R2_Score         : Train 0.4063, Val 0.3160, Test 0.3166
          RMSE             : Train 7.7803, Val 8.3640, Test 8.2102
          MAE              : Train 5.4587, Val 5.7896, Test 5.7194
Best:
          R2_Score         : Train 0.3804, Val 0.3204, Test 0.3216
          RMSE             : Train 7.9483, Val 8.3372, Test 8.1804
          MAE              : Train 5.5654, Val 5.7703, Test 5.7000
Epoch 24: Loss:            : Train 0.0000, Val 0.0088, Test 0.0086
          R2_Score         : Train 0.4105, Val 0.3145, Test 0.3130
          RMSE             : Train 7.7526, Val 8.3736, Test 8.2319
          MAE              : Train 5.4375, Val 5.7487, Test 5.6910
Best:
          R2_Score         : Train 0.3804, Val 0.3204, Test 0.3216
          RMSE             : Train 7.9483, Val 8.3372, Test 8.1804
          MAE              : Train 5.5654, Val 5.7703, Test 5.7000
Epoch 25: Loss:            : Train 0.0000, Val 0.0088, Test 0.0086
          R2_Score         : Train 0.4144, Val 0.3164, Test 0.3150
          RMSE             : Train 7.7269, Val 8.3620, Test 8.2201
          MAE              : Train 5.4222, Val 5.7686, Test 5.7051
Best:
          R2_Score         : Train 0.3804, Val 0.3204, Test 0.3216
          RMSE             : Train 7.9483, Val 8.3372, Test 8.1804
          MAE              : Train 5.5654, Val 5.7703, Test 5.7000
Epoch 26: Loss:            : Train 0.0000, Val 0.0088, Test 0.0086
          R2_Score         : Train 0.4188, Val 0.3164, Test 0.3147
          RMSE             : Train 7.6979, Val 8.3618, Test 8.2221
          MAE              : Train 5.4045, Val 5.7721, Test 5.7056
Best:
          R2_Score         : Train 0.3804, Val 0.3204, Test 0.3216
          RMSE             : Train 7.9483, Val 8.3372, Test 8.1804
          MAE              : Train 5.5654, Val 5.7703, Test 5.7000
Epoch 27: Loss:            : Train 0.0000, Val 0.0089, Test 0.0086
          R2_Score         : Train 0.4223, Val 0.3105, Test 0.3089
          RMSE             : Train 7.6744, Val 8.3976, Test 8.2564
          MAE              : Train 5.3889, Val 5.8239, Test 5.7593
Best:
          R2_Score         : Train 0.3804, Val 0.3204, Test 0.3216
          RMSE             : Train 7.9483, Val 8.3372, Test 8.1804
          MAE              : Train 5.5654, Val 5.7703, Test 5.7000
Epoch 28: Loss:            : Train 0.0000, Val 0.0089, Test 0.0086
          R2_Score         : Train 0.4271, Val 0.3106, Test 0.3101
          RMSE             : Train 7.6429, Val 8.3971, Test 8.2496
          MAE              : Train 5.3678, Val 5.7945, Test 5.7205
Best:
          R2_Score         : Train 0.3804, Val 0.3204, Test 0.3216
          RMSE             : Train 7.9483, Val 8.3372, Test 8.1804
          MAE              : Train 5.5654, Val 5.7703, Test 5.7000
Epoch 29: Loss:            : Train 0.0000, Val 0.0089, Test 0.0087
          R2_Score         : Train 0.4311, Val 0.3106, Test 0.3053
          RMSE             : Train 7.6161, Val 8.3974, Test 8.2777
          MAE              : Train 5.3499, Val 5.8032, Test 5.7450
Best:
          R2_Score         : Train 0.3804, Val 0.3204, Test 0.3216
          RMSE             : Train 7.9483, Val 8.3372, Test 8.1804
          MAE              : Train 5.5654, Val 5.7703, Test 5.7000
Epoch 30: Loss:            : Train 0.0000, Val 0.0088, Test 0.0087
          R2_Score         : Train 0.4350, Val 0.3124, Test 0.3079
          RMSE             : Train 7.5899, Val 8.3863, Test 8.2624
          MAE              : Train 5.3319, Val 5.7365, Test 5.6863
Best:
          R2_Score         : Train 0.3804, Val 0.3204, Test 0.3216
          RMSE             : Train 7.9483, Val 8.3372, Test 8.1804
          MAE              : Train 5.5654, Val 5.7703, Test 5.7000
Epoch 31: Loss:            : Train 0.0000, Val 0.0089, Test 0.0087
          R2_Score         : Train 0.4390, Val 0.3093, Test 0.3032
          RMSE             : Train 7.5631, Val 8.4053, Test 8.2903
          MAE              : Train 5.3166, Val 5.7945, Test 5.7378
Best:
          R2_Score         : Train 0.3804, Val 0.3204, Test 0.3216
          RMSE             : Train 7.9483, Val 8.3372, Test 8.1804
          MAE              : Train 5.5654, Val 5.7703, Test 5.7000
Epoch 32: Loss:            : Train 0.0000, Val 0.0089, Test 0.0087
          R2_Score         : Train 0.4434, Val 0.3080, Test 0.3051
          RMSE             : Train 7.5330, Val 8.4130, Test 8.2791
          MAE              : Train 5.2942, Val 5.7739, Test 5.7116
Best:
          R2_Score         : Train 0.3804, Val 0.3204, Test 0.3216
          RMSE             : Train 7.9483, Val 8.3372, Test 8.1804
          MAE              : Train 5.5654, Val 5.7703, Test 5.7000
Epoch 33: Loss:            : Train 0.0000, Val 0.0089, Test 0.0087
          R2_Score         : Train 0.4473, Val 0.3061, Test 0.3024
          RMSE             : Train 7.5068, Val 8.4244, Test 8.2954
          MAE              : Train 5.2795, Val 5.7463, Test 5.6828
Best:
          R2_Score         : Train 0.3804, Val 0.3204, Test 0.3216
          RMSE             : Train 7.9483, Val 8.3372, Test 8.1804
          MAE              : Train 5.5654, Val 5.7703, Test 5.7000
Epoch 34: Loss:            : Train 0.0000, Val 0.0089, Test 0.0088
          R2_Score         : Train 0.4514, Val 0.3060, Test 0.2992
          RMSE             : Train 7.4791, Val 8.4250, Test 8.3140
          MAE              : Train 5.2583, Val 5.7635, Test 5.7114
Best:
          R2_Score         : Train 0.3804, Val 0.3204, Test 0.3216
          RMSE             : Train 7.9483, Val 8.3372, Test 8.1804
          MAE              : Train 5.5654, Val 5.7703, Test 5.7000
Epoch 35: Loss:            : Train 0.0000, Val 0.0090, Test 0.0088
          R2_Score         : Train 0.4553, Val 0.3008, Test 0.2946
          RMSE             : Train 7.4521, Val 8.4565, Test 8.3417
          MAE              : Train 5.2411, Val 5.8261, Test 5.7727
Best:
          R2_Score         : Train 0.3804, Val 0.3204, Test 0.3216
          RMSE             : Train 7.9483, Val 8.3372, Test 8.1804
          MAE              : Train 5.5654, Val 5.7703, Test 5.7000
Epoch 36: Loss:            : Train 0.0000, Val 0.0091, Test 0.0089
          R2_Score         : Train 0.4595, Val 0.2936, Test 0.2880
          RMSE             : Train 7.4233, Val 8.4998, Test 8.3804
          MAE              : Train 5.2225, Val 5.8839, Test 5.8282
Best:
          R2_Score         : Train 0.3804, Val 0.3204, Test 0.3216
          RMSE             : Train 7.9483, Val 8.3372, Test 8.1804
          MAE              : Train 5.5654, Val 5.7703, Test 5.7000
Epoch 37: Loss:            : Train 0.0000, Val 0.0090, Test 0.0089
          R2_Score         : Train 0.4632, Val 0.2987, Test 0.2914
          RMSE             : Train 7.3980, Val 8.4694, Test 8.3606
          MAE              : Train 5.2072, Val 5.8256, Test 5.7677
Best:
          R2_Score         : Train 0.3804, Val 0.3204, Test 0.3216
          RMSE             : Train 7.9483, Val 8.3372, Test 8.1804
          MAE              : Train 5.5654, Val 5.7703, Test 5.7000
Epoch 38: Loss:            : Train 0.0000, Val 0.0091, Test 0.0089
          R2_Score         : Train 0.4660, Val 0.2934, Test 0.2893
          RMSE             : Train 7.3785, Val 8.5012, Test 8.3729
          MAE              : Train 5.1949, Val 5.8570, Test 5.7891
Best:
          R2_Score         : Train 0.3804, Val 0.3204, Test 0.3216
          RMSE             : Train 7.9483, Val 8.3372, Test 8.1804
          MAE              : Train 5.5654, Val 5.7703, Test 5.7000
Epoch 39: Loss:            : Train 0.0000, Val 0.0090, Test 0.0089
          R2_Score         : Train 0.4697, Val 0.2979, Test 0.2911
          RMSE             : Train 7.3532, Val 8.4742, Test 8.3624
          MAE              : Train 5.1780, Val 5.7757, Test 5.7257
Best:
          R2_Score         : Train 0.3804, Val 0.3204, Test 0.3216
          RMSE             : Train 7.9483, Val 8.3372, Test 8.1804
          MAE              : Train 5.5654, Val 5.7703, Test 5.7000
Epoch 40: Loss:            : Train 0.0000, Val 0.0091, Test 0.0090
          R2_Score         : Train 0.4743, Val 0.2896, Test 0.2821
          RMSE             : Train 7.3212, Val 8.5242, Test 8.4151
          MAE              : Train 5.1568, Val 5.8822, Test 5.8242
Best:
          R2_Score         : Train 0.3804, Val 0.3204, Test 0.3216
          RMSE             : Train 7.9483, Val 8.3372, Test 8.1804
          MAE              : Train 5.5654, Val 5.7703, Test 5.7000
Epoch 41: Loss:            : Train 0.0000, Val 0.0092, Test 0.0090
          R2_Score         : Train 0.4779, Val 0.2881, Test 0.2815
          RMSE             : Train 7.2963, Val 8.5330, Test 8.4185
          MAE              : Train 5.1407, Val 5.8217, Test 5.7657
Best:
          R2_Score         : Train 0.3804, Val 0.3204, Test 0.3216
          RMSE             : Train 7.9483, Val 8.3372, Test 8.1804
          MAE              : Train 5.5654, Val 5.7703, Test 5.7000
Epoch 42: Loss:            : Train 0.0000, Val 0.0092, Test 0.0091
          R2_Score         : Train 0.4815, Val 0.2856, Test 0.2775
          RMSE             : Train 7.2710, Val 8.5479, Test 8.4419
          MAE              : Train 5.1218, Val 5.8480, Test 5.7925
Best:
          R2_Score         : Train 0.3804, Val 0.3204, Test 0.3216
          RMSE             : Train 7.9483, Val 8.3372, Test 8.1804
          MAE              : Train 5.5654, Val 5.7703, Test 5.7000
Epoch 43: Loss:            : Train 0.0000, Val 0.0091, Test 0.0089
          R2_Score         : Train 0.4850, Val 0.2929, Test 0.2840
          RMSE             : Train 7.2463, Val 8.5042, Test 8.4039
          MAE              : Train 5.1085, Val 5.8135, Test 5.7600
Best:
          R2_Score         : Train 0.3804, Val 0.3204, Test 0.3216
          RMSE             : Train 7.9483, Val 8.3372, Test 8.1804
          MAE              : Train 5.5654, Val 5.7703, Test 5.7000
Epoch 44: Loss:            : Train 0.0000, Val 0.0092, Test 0.0090
          R2_Score         : Train 0.4887, Val 0.2855, Test 0.2799
          RMSE             : Train 7.2204, Val 8.5490, Test 8.4278
          MAE              : Train 5.0909, Val 5.7871, Test 5.7238
Best:
          R2_Score         : Train 0.3804, Val 0.3204, Test 0.3216
          RMSE             : Train 7.9483, Val 8.3372, Test 8.1804
          MAE              : Train 5.5654, Val 5.7703, Test 5.7000
Epoch 45: Loss:            : Train 0.0000, Val 0.0092, Test 0.0090
          R2_Score         : Train 0.4915, Val 0.2839, Test 0.2760
          RMSE             : Train 7.2002, Val 8.5581, Test 8.4508
          MAE              : Train 5.0796, Val 5.8312, Test 5.7763
Best:
          R2_Score         : Train 0.3804, Val 0.3204, Test 0.3216
          RMSE             : Train 7.9483, Val 8.3372, Test 8.1804
          MAE              : Train 5.5654, Val 5.7703, Test 5.7000
Epoch 46: Loss:            : Train 0.0000, Val 0.0092, Test 0.0091
          R2_Score         : Train 0.4958, Val 0.2807, Test 0.2747
          RMSE             : Train 7.1701, Val 8.5773, Test 8.4583
          MAE              : Train 5.0604, Val 5.8098, Test 5.7515
Best:
          R2_Score         : Train 0.3804, Val 0.3204, Test 0.3216
          RMSE             : Train 7.9483, Val 8.3372, Test 8.1804
          MAE              : Train 5.5654, Val 5.7703, Test 5.7000
Epoch 47: Loss:            : Train 0.0000, Val 0.0093, Test 0.0092
          R2_Score         : Train 0.4986, Val 0.2782, Test 0.2683
          RMSE             : Train 7.1496, Val 8.5924, Test 8.4958
          MAE              : Train 5.0437, Val 5.8682, Test 5.8217
Best:
          R2_Score         : Train 0.3804, Val 0.3204, Test 0.3216
          RMSE             : Train 7.9483, Val 8.3372, Test 8.1804
          MAE              : Train 5.5654, Val 5.7703, Test 5.7000
Epoch 48: Loss:            : Train 0.0000, Val 0.0093, Test 0.0091
          R2_Score         : Train 0.5033, Val 0.2760, Test 0.2695
          RMSE             : Train 7.1166, Val 8.6051, Test 8.4883
          MAE              : Train 5.0231, Val 5.9039, Test 5.8457
Best:
          R2_Score         : Train 0.3804, Val 0.3204, Test 0.3216
          RMSE             : Train 7.9483, Val 8.3372, Test 8.1804
          MAE              : Train 5.5654, Val 5.7703, Test 5.7000
Epoch 49: Loss:            : Train 0.0000, Val 0.0094, Test 0.0092
          R2_Score         : Train 0.5059, Val 0.2719, Test 0.2657
          RMSE             : Train 7.0974, Val 8.6299, Test 8.5106
          MAE              : Train 5.0178, Val 5.8262, Test 5.7708
Best:
          R2_Score         : Train 0.3804, Val 0.3204, Test 0.3216
          RMSE             : Train 7.9483, Val 8.3372, Test 8.1804
          MAE              : Train 5.5654, Val 5.7703, Test 5.7000
Epoch 50: Loss:            : Train 0.0000, Val 0.0094, Test 0.0092
          R2_Score         : Train 0.5096, Val 0.2667, Test 0.2593
          RMSE             : Train 7.0712, Val 8.6603, Test 8.5478
          MAE              : Train 4.9955, Val 5.8517, Test 5.7962
Best:
          R2_Score         : Train 0.3804, Val 0.3204, Test 0.3216
          RMSE             : Train 7.9483, Val 8.3372, Test 8.1804
          MAE              : Train 5.5654, Val 5.7703, Test 5.7000
Epoch 51: Loss:            : Train 0.0000, Val 0.0094, Test 0.0092
          R2_Score         : Train 0.5126, Val 0.2677, Test 0.2601
          RMSE             : Train 7.0492, Val 8.6548, Test 8.5430
          MAE              : Train 4.9824, Val 5.8317, Test 5.7723
Best:
          R2_Score         : Train 0.3804, Val 0.3204, Test 0.3216
          RMSE             : Train 7.9483, Val 8.3372, Test 8.1804
          MAE              : Train 5.5654, Val 5.7703, Test 5.7000
Epoch 52: Loss:            : Train 0.0000, Val 0.0094, Test 0.0093
          R2_Score         : Train 0.5161, Val 0.2672, Test 0.2592
          RMSE             : Train 7.0242, Val 8.6573, Test 8.5482
          MAE              : Train 4.9671, Val 5.8560, Test 5.8026
Best:
          R2_Score         : Train 0.3804, Val 0.3204, Test 0.3216
          RMSE             : Train 7.9483, Val 8.3372, Test 8.1804
          MAE              : Train 5.5654, Val 5.7703, Test 5.7000
Epoch 53: Loss:            : Train 0.0000, Val 0.0094, Test 0.0092
          R2_Score         : Train 0.5194, Val 0.2711, Test 0.2647
          RMSE             : Train 6.9999, Val 8.6343, Test 8.5167
          MAE              : Train 4.9543, Val 5.7770, Test 5.7218
Best:
          R2_Score         : Train 0.3804, Val 0.3204, Test 0.3216
          RMSE             : Train 7.9483, Val 8.3372, Test 8.1804
          MAE              : Train 5.5654, Val 5.7703, Test 5.7000
Epoch 54: Loss:            : Train 0.0000, Val 0.0095, Test 0.0092
          R2_Score         : Train 0.5219, Val 0.2639, Test 0.2602
          RMSE             : Train 6.9819, Val 8.6771, Test 8.5424
          MAE              : Train 4.9402, Val 5.8008, Test 5.7380
Best:
          R2_Score         : Train 0.3804, Val 0.3204, Test 0.3216
          RMSE             : Train 7.9483, Val 8.3372, Test 8.1804
          MAE              : Train 5.5654, Val 5.7703, Test 5.7000
Epoch 55: Loss:            : Train 0.0000, Val 0.0095, Test 0.0094
          R2_Score         : Train 0.5251, Val 0.2583, Test 0.2453
          RMSE             : Train 6.9582, Val 8.7101, Test 8.6280
          MAE              : Train 4.9270, Val 5.8724, Test 5.8258
Best:
          R2_Score         : Train 0.3804, Val 0.3204, Test 0.3216
          RMSE             : Train 7.9483, Val 8.3372, Test 8.1804
          MAE              : Train 5.5654, Val 5.7703, Test 5.7000
Epoch 56: Loss:            : Train 0.0000, Val 0.0098, Test 0.0096
          R2_Score         : Train 0.5289, Val 0.2385, Test 0.2333
          RMSE             : Train 6.9307, Val 8.8253, Test 8.6966
          MAE              : Train 4.9106, Val 5.9447, Test 5.8910
Best:
          R2_Score         : Train 0.3804, Val 0.3204, Test 0.3216
          RMSE             : Train 7.9483, Val 8.3372, Test 8.1804
          MAE              : Train 5.5654, Val 5.7703, Test 5.7000
Epoch 57: Loss:            : Train 0.0000, Val 0.0096, Test 0.0094
          R2_Score         : Train 0.5315, Val 0.2552, Test 0.2472
          RMSE             : Train 6.9117, Val 8.7278, Test 8.6170
          MAE              : Train 4.8996, Val 5.8623, Test 5.8057
Best:
          R2_Score         : Train 0.3804, Val 0.3204, Test 0.3216
          RMSE             : Train 7.9483, Val 8.3372, Test 8.1804
          MAE              : Train 5.5654, Val 5.7703, Test 5.7000
Epoch 58: Loss:            : Train 0.0000, Val 0.0096, Test 0.0094
          R2_Score         : Train 0.5350, Val 0.2545, Test 0.2466
          RMSE             : Train 6.8851, Val 8.7322, Test 8.6205
          MAE              : Train 4.8790, Val 5.8840, Test 5.8332
Best:
          R2_Score         : Train 0.3804, Val 0.3204, Test 0.3216
          RMSE             : Train 7.9483, Val 8.3372, Test 8.1804
          MAE              : Train 5.5654, Val 5.7703, Test 5.7000
Epoch 59: Loss:            : Train 0.0000, Val 0.0097, Test 0.0095
          R2_Score         : Train 0.5381, Val 0.2466, Test 0.2414
          RMSE             : Train 6.8622, Val 8.7784, Test 8.6503
          MAE              : Train 4.8656, Val 5.8801, Test 5.8155
Best:
          R2_Score         : Train 0.3804, Val 0.3204, Test 0.3216
          RMSE             : Train 7.9483, Val 8.3372, Test 8.1804
          MAE              : Train 5.5654, Val 5.7703, Test 5.7000
Epoch 60: Loss:            : Train 0.0000, Val 0.0097, Test 0.0096
          R2_Score         : Train 0.5411, Val 0.2448, Test 0.2331
          RMSE             : Train 6.8405, Val 8.7888, Test 8.6975
          MAE              : Train 4.8517, Val 5.8904, Test 5.8398
Best:
          R2_Score         : Train 0.3804, Val 0.3204, Test 0.3216
          RMSE             : Train 7.9483, Val 8.3372, Test 8.1804
          MAE              : Train 5.5654, Val 5.7703, Test 5.7000
Epoch 61: Loss:            : Train 0.0000, Val 0.0098, Test 0.0096
          R2_Score         : Train 0.5440, Val 0.2379, Test 0.2331
          RMSE             : Train 6.8185, Val 8.8288, Test 8.6977
          MAE              : Train 4.8365, Val 5.9195, Test 5.8628
Best:
          R2_Score         : Train 0.3804, Val 0.3204, Test 0.3216
          RMSE             : Train 7.9483, Val 8.3372, Test 8.1804
          MAE              : Train 5.5654, Val 5.7703, Test 5.7000
Epoch 62: Loss:            : Train 0.0000, Val 0.0100, Test 0.0098
          R2_Score         : Train 0.5469, Val 0.2226, Test 0.2142
          RMSE             : Train 6.7968, Val 8.9172, Test 8.8039
          MAE              : Train 4.8235, Val 5.9900, Test 5.9382
Best:
          R2_Score         : Train 0.3804, Val 0.3204, Test 0.3216
          RMSE             : Train 7.9483, Val 8.3372, Test 8.1804
          MAE              : Train 5.5654, Val 5.7703, Test 5.7000
Epoch 63: Loss:            : Train 0.0000, Val 0.0098, Test 0.0095
          R2_Score         : Train 0.5491, Val 0.2376, Test 0.2344
          RMSE             : Train 6.7801, Val 8.8304, Test 8.6904
          MAE              : Train 4.8154, Val 5.8633, Test 5.7992
Best:
          R2_Score         : Train 0.3804, Val 0.3204, Test 0.3216
          RMSE             : Train 7.9483, Val 8.3372, Test 8.1804
          MAE              : Train 5.5654, Val 5.7703, Test 5.7000
Epoch 64: Loss:            : Train 0.0000, Val 0.0098, Test 0.0095
          R2_Score         : Train 0.5526, Val 0.2421, Test 0.2357
          RMSE             : Train 6.7539, Val 8.8043, Test 8.6828
          MAE              : Train 4.7957, Val 5.8829, Test 5.8243
Best:
          R2_Score         : Train 0.3804, Val 0.3204, Test 0.3216
          RMSE             : Train 7.9483, Val 8.3372, Test 8.1804
          MAE              : Train 5.5654, Val 5.7703, Test 5.7000
Epoch 65: Loss:            : Train 0.0000, Val 0.0100, Test 0.0098
          R2_Score         : Train 0.5551, Val 0.2255, Test 0.2185
          RMSE             : Train 6.7353, Val 8.9005, Test 8.7801
          MAE              : Train 4.7865, Val 6.0089, Test 5.9444
Best:
          R2_Score         : Train 0.3804, Val 0.3204, Test 0.3216
          RMSE             : Train 7.9483, Val 8.3372, Test 8.1804
          MAE              : Train 5.5654, Val 5.7703, Test 5.7000
Epoch 66: Loss:            : Train 0.0000, Val 0.0101, Test 0.0099
          R2_Score         : Train 0.5578, Val 0.2164, Test 0.2076
          RMSE             : Train 6.7149, Val 8.9528, Test 8.8408
          MAE              : Train 4.7723, Val 6.0659, Test 6.0182
Best:
          R2_Score         : Train 0.3804, Val 0.3204, Test 0.3216
          RMSE             : Train 7.9483, Val 8.3372, Test 8.1804
          MAE              : Train 5.5654, Val 5.7703, Test 5.7000
Epoch 67: Loss:            : Train 0.0000, Val 0.0100, Test 0.0098
          R2_Score         : Train 0.5611, Val 0.2210, Test 0.2140
          RMSE             : Train 6.6897, Val 8.9262, Test 8.8050
          MAE              : Train 4.7566, Val 6.0557, Test 5.9980
Best:
          R2_Score         : Train 0.3804, Val 0.3204, Test 0.3216
          RMSE             : Train 7.9483, Val 8.3372, Test 8.1804
          MAE              : Train 5.5654, Val 5.7703, Test 5.7000
Epoch 68: Loss:            : Train 0.0000, Val 0.0099, Test 0.0097
          R2_Score         : Train 0.5635, Val 0.2296, Test 0.2205
          RMSE             : Train 6.6709, Val 8.8767, Test 8.7687
          MAE              : Train 4.7431, Val 5.9267, Test 5.8711
Best:
          R2_Score         : Train 0.3804, Val 0.3204, Test 0.3216
          RMSE             : Train 7.9483, Val 8.3372, Test 8.1804
          MAE              : Train 5.5654, Val 5.7703, Test 5.7000
Epoch 69: Loss:            : Train 0.0000, Val 0.0103, Test 0.0101
          R2_Score         : Train 0.5650, Val 0.1985, Test 0.1898
          RMSE             : Train 6.6593, Val 9.0541, Test 8.9399
          MAE              : Train 4.7365, Val 6.0651, Test 6.0145
Best:
          R2_Score         : Train 0.3804, Val 0.3204, Test 0.3216
          RMSE             : Train 7.9483, Val 8.3372, Test 8.1804
          MAE              : Train 5.5654, Val 5.7703, Test 5.7000
Epoch 70: Loss:            : Train 0.0000, Val 0.0100, Test 0.0098
          R2_Score         : Train 0.5691, Val 0.2250, Test 0.2157
          RMSE             : Train 6.6281, Val 8.9030, Test 8.7958
          MAE              : Train 4.7183, Val 5.9470, Test 5.8973
Best:
          R2_Score         : Train 0.3804, Val 0.3204, Test 0.3216
          RMSE             : Train 7.9483, Val 8.3372, Test 8.1804
          MAE              : Train 5.5654, Val 5.7703, Test 5.7000
Epoch 71: Loss:            : Train 0.0000, Val 0.0101, Test 0.0099
          R2_Score         : Train 0.5725, Val 0.2162, Test 0.2076
          RMSE             : Train 6.6019, Val 8.9536, Test 8.8411
          MAE              : Train 4.6969, Val 5.9672, Test 5.9124
Best:
          R2_Score         : Train 0.3804, Val 0.3204, Test 0.3216
          RMSE             : Train 7.9483, Val 8.3372, Test 8.1804
          MAE              : Train 5.5654, Val 5.7703, Test 5.7000
Epoch 72: Loss:            : Train 0.0000, Val 0.0102, Test 0.0100
          R2_Score         : Train 0.5742, Val 0.2094, Test 0.2016
          RMSE             : Train 6.5887, Val 8.9924, Test 8.8744
          MAE              : Train 4.6893, Val 6.0142, Test 5.9567
Best:
          R2_Score         : Train 0.3804, Val 0.3204, Test 0.3216
          RMSE             : Train 7.9483, Val 8.3372, Test 8.1804
          MAE              : Train 5.5654, Val 5.7703, Test 5.7000
Epoch 73: Loss:            : Train 0.0000, Val 0.0103, Test 0.0101
          R2_Score         : Train 0.5780, Val 0.1994, Test 0.1876
          RMSE             : Train 6.5593, Val 9.0490, Test 8.9518
          MAE              : Train 4.6728, Val 6.0287, Test 5.9866
Best:
          R2_Score         : Train 0.3804, Val 0.3204, Test 0.3216
          RMSE             : Train 7.9483, Val 8.3372, Test 8.1804
          MAE              : Train 5.5654, Val 5.7703, Test 5.7000
Epoch 74: Loss:            : Train 0.0000, Val 0.0102, Test 0.0099
          R2_Score         : Train 0.5796, Val 0.2110, Test 0.2074
          RMSE             : Train 6.5470, Val 8.9831, Test 8.8420
          MAE              : Train 4.6625, Val 5.9555, Test 5.8923
Best:
          R2_Score         : Train 0.3804, Val 0.3204, Test 0.3216
          RMSE             : Train 7.9483, Val 8.3372, Test 8.1804
          MAE              : Train 5.5654, Val 5.7703, Test 5.7000
Epoch 75: Loss:            : Train 0.0000, Val 0.0102, Test 0.0100
          R2_Score         : Train 0.5825, Val 0.2085, Test 0.1988
          RMSE             : Train 6.5241, Val 8.9977, Test 8.8898
          MAE              : Train 4.6458, Val 6.0065, Test 5.9500
Best:
          R2_Score         : Train 0.3804, Val 0.3204, Test 0.3216
          RMSE             : Train 7.9483, Val 8.3372, Test 8.1804
          MAE              : Train 5.5654, Val 5.7703, Test 5.7000
Epoch 76: Loss:            : Train 0.0000, Val 0.0104, Test 0.0102
          R2_Score         : Train 0.5855, Val 0.1920, Test 0.1832
          RMSE             : Train 6.5011, Val 9.0910, Test 8.9762
          MAE              : Train 4.6330, Val 6.0257, Test 5.9695
Best:
          R2_Score         : Train 0.3804, Val 0.3204, Test 0.3216
          RMSE             : Train 7.9483, Val 8.3372, Test 8.1804
          MAE              : Train 5.5654, Val 5.7703, Test 5.7000
Epoch 77: Loss:            : Train 0.0000, Val 0.0102, Test 0.0101
          R2_Score         : Train 0.5875, Val 0.2048, Test 0.1898
          RMSE             : Train 6.4854, Val 9.0188, Test 8.9396
          MAE              : Train 4.6238, Val 6.0527, Test 6.0174
Best:
          R2_Score         : Train 0.3804, Val 0.3204, Test 0.3216
          RMSE             : Train 7.9483, Val 8.3372, Test 8.1804
          MAE              : Train 5.5654, Val 5.7703, Test 5.7000
Epoch 78: Loss:            : Train 0.0000, Val 0.0105, Test 0.0102
          R2_Score         : Train 0.5902, Val 0.1871, Test 0.1766
          RMSE             : Train 6.4639, Val 9.1182, Test 9.0122
          MAE              : Train 4.6061, Val 6.0423, Test 5.9931
Best:
          R2_Score         : Train 0.3804, Val 0.3204, Test 0.3216
          RMSE             : Train 7.9483, Val 8.3372, Test 8.1804
          MAE              : Train 5.5654, Val 5.7703, Test 5.7000
Epoch 79: Loss:            : Train 0.0000, Val 0.0103, Test 0.0101
          R2_Score         : Train 0.5930, Val 0.1960, Test 0.1872
          RMSE             : Train 6.4420, Val 9.0680, Test 8.9542
          MAE              : Train 4.5900, Val 6.0375, Test 5.9855
Best:
          R2_Score         : Train 0.3804, Val 0.3204, Test 0.3216
          RMSE             : Train 7.9483, Val 8.3372, Test 8.1804
          MAE              : Train 5.5654, Val 5.7703, Test 5.7000
Epoch 80: Loss:            : Train 0.0000, Val 0.0104, Test 0.0102
          R2_Score         : Train 0.5944, Val 0.1931, Test 0.1781
          RMSE             : Train 6.4305, Val 9.0845, Test 9.0040
          MAE              : Train 4.5880, Val 6.0127, Test 5.9686
Best:
          R2_Score         : Train 0.3804, Val 0.3204, Test 0.3216
          RMSE             : Train 7.9483, Val 8.3372, Test 8.1804
          MAE              : Train 5.5654, Val 5.7703, Test 5.7000
Epoch 81: Loss:            : Train 0.0000, Val 0.0105, Test 0.0103
          R2_Score         : Train 0.5972, Val 0.1824, Test 0.1708
          RMSE             : Train 6.4084, Val 9.1449, Test 9.0438
          MAE              : Train 4.5704, Val 6.0882, Test 6.0445
Best:
          R2_Score         : Train 0.3804, Val 0.3204, Test 0.3216
          RMSE             : Train 7.9483, Val 8.3372, Test 8.1804
          MAE              : Train 5.5654, Val 5.7703, Test 5.7000
Epoch 82: Loss:            : Train 0.0000, Val 0.0104, Test 0.0102
          R2_Score         : Train 0.5989, Val 0.1878, Test 0.1766
          RMSE             : Train 6.3951, Val 9.1144, Test 9.0121
          MAE              : Train 4.5643, Val 6.0618, Test 6.0136
Best:
          R2_Score         : Train 0.3804, Val 0.3204, Test 0.3216
          RMSE             : Train 7.9483, Val 8.3372, Test 8.1804
          MAE              : Train 5.5654, Val 5.7703, Test 5.7000
Epoch 83: Loss:            : Train 0.0000, Val 0.0105, Test 0.0103
          R2_Score         : Train 0.6020, Val 0.1820, Test 0.1748
          RMSE             : Train 6.3704, Val 9.1468, Test 9.0221
          MAE              : Train 4.5461, Val 6.0784, Test 6.0163
Best:
          R2_Score         : Train 0.3804, Val 0.3204, Test 0.3216
          RMSE             : Train 7.9483, Val 8.3372, Test 8.1804
          MAE              : Train 5.5654, Val 5.7703, Test 5.7000
Epoch 84: Loss:            : Train 0.0000, Val 0.0105, Test 0.0102
          R2_Score         : Train 0.6040, Val 0.1839, Test 0.1783
          RMSE             : Train 6.3540, Val 9.1361, Test 9.0029
          MAE              : Train 4.5360, Val 6.0337, Test 5.9749
Best:
          R2_Score         : Train 0.3804, Val 0.3204, Test 0.3216
          RMSE             : Train 7.9483, Val 8.3372, Test 8.1804
          MAE              : Train 5.5654, Val 5.7703, Test 5.7000
Epoch 85: Loss:            : Train 0.0000, Val 0.0105, Test 0.0102
          R2_Score         : Train 0.6060, Val 0.1864, Test 0.1794
          RMSE             : Train 6.3379, Val 9.1222, Test 8.9970
          MAE              : Train 4.5233, Val 6.0249, Test 5.9649
Best:
          R2_Score         : Train 0.3804, Val 0.3204, Test 0.3216
          RMSE             : Train 7.9483, Val 8.3372, Test 8.1804
          MAE              : Train 5.5654, Val 5.7703, Test 5.7000
Epoch 86: Loss:            : Train 0.0000, Val 0.0107, Test 0.0104
          R2_Score         : Train 0.6089, Val 0.1702, Test 0.1657
          RMSE             : Train 6.3144, Val 9.2129, Test 9.0718
          MAE              : Train 4.5043, Val 6.1250, Test 6.0642
Best:
          R2_Score         : Train 0.3804, Val 0.3204, Test 0.3216
          RMSE             : Train 7.9483, Val 8.3372, Test 8.1804
          MAE              : Train 5.5654, Val 5.7703, Test 5.7000
Epoch 87: Loss:            : Train 0.0000, Val 0.0107, Test 0.0104
          R2_Score         : Train 0.6109, Val 0.1713, Test 0.1629
          RMSE             : Train 6.2983, Val 9.2067, Test 9.0870
          MAE              : Train 4.4954, Val 6.0905, Test 6.0396
Best:
          R2_Score         : Train 0.3804, Val 0.3204, Test 0.3216
          RMSE             : Train 7.9483, Val 8.3372, Test 8.1804
          MAE              : Train 5.5654, Val 5.7703, Test 5.7000
Epoch 88: Loss:            : Train 0.0000, Val 0.0107, Test 0.0104
          R2_Score         : Train 0.6138, Val 0.1696, Test 0.1638
          RMSE             : Train 6.2746, Val 9.2158, Test 9.0821
          MAE              : Train 4.4811, Val 6.1032, Test 6.0481
Best:
          R2_Score         : Train 0.3804, Val 0.3204, Test 0.3216
          RMSE             : Train 7.9483, Val 8.3372, Test 8.1804
          MAE              : Train 5.5654, Val 5.7703, Test 5.7000
Epoch 89: Loss:            : Train 0.0000, Val 0.0106, Test 0.0104
          R2_Score         : Train 0.6156, Val 0.1730, Test 0.1623
          RMSE             : Train 6.2600, Val 9.1971, Test 9.0899
          MAE              : Train 4.4715, Val 6.0769, Test 6.0308
Best:
          R2_Score         : Train 0.3804, Val 0.3204, Test 0.3216
          RMSE             : Train 7.9483, Val 8.3372, Test 8.1804
          MAE              : Train 5.5654, Val 5.7703, Test 5.7000
Epoch 90: Loss:            : Train 0.0000, Val 0.0106, Test 0.0103
          R2_Score         : Train 0.6176, Val 0.1766, Test 0.1704
          RMSE             : Train 6.2442, Val 9.1769, Test 9.0462
          MAE              : Train 4.4624, Val 6.0235, Test 5.9627
Best:
          R2_Score         : Train 0.3804, Val 0.3204, Test 0.3216
          RMSE             : Train 7.9483, Val 8.3372, Test 8.1804
          MAE              : Train 5.5654, Val 5.7703, Test 5.7000
Epoch 91: Loss:            : Train 0.0000, Val 0.0106, Test 0.0104
          R2_Score         : Train 0.6195, Val 0.1786, Test 0.1692
          RMSE             : Train 6.2281, Val 9.1658, Test 9.0526
          MAE              : Train 4.4510, Val 6.0472, Test 5.9972
Best:
          R2_Score         : Train 0.3804, Val 0.3204, Test 0.3216
          RMSE             : Train 7.9483, Val 8.3372, Test 8.1804
          MAE              : Train 5.5654, Val 5.7703, Test 5.7000
Epoch 92: Loss:            : Train 0.0000, Val 0.0107, Test 0.0104
          R2_Score         : Train 0.6219, Val 0.1689, Test 0.1625
          RMSE             : Train 6.2087, Val 9.2197, Test 9.0892
          MAE              : Train 4.4350, Val 6.0931, Test 6.0367
Best:
          R2_Score         : Train 0.3804, Val 0.3204, Test 0.3216
          RMSE             : Train 7.9483, Val 8.3372, Test 8.1804
          MAE              : Train 5.5654, Val 5.7703, Test 5.7000
Epoch 93: Loss:            : Train 0.0000, Val 0.0107, Test 0.0104
          R2_Score         : Train 0.6237, Val 0.1675, Test 0.1613
          RMSE             : Train 6.1943, Val 9.2276, Test 9.0953
          MAE              : Train 4.4284, Val 6.0525, Test 5.9938
Best:
          R2_Score         : Train 0.3804, Val 0.3204, Test 0.3216
          RMSE             : Train 7.9483, Val 8.3372, Test 8.1804
          MAE              : Train 5.5654, Val 5.7703, Test 5.7000
Epoch 94: Loss:            : Train 0.0000, Val 0.0106, Test 0.0104
          R2_Score         : Train 0.6264, Val 0.1735, Test 0.1651
          RMSE             : Train 6.1722, Val 9.1946, Test 9.0749
          MAE              : Train 4.4105, Val 6.0992, Test 6.0446
Best:
          R2_Score         : Train 0.3804, Val 0.3204, Test 0.3216
          RMSE             : Train 7.9483, Val 8.3372, Test 8.1804
          MAE              : Train 5.5654, Val 5.7703, Test 5.7000
Epoch 95: Loss:            : Train 0.0000, Val 0.0109, Test 0.0107
          R2_Score         : Train 0.6266, Val 0.1485, Test 0.1347
          RMSE             : Train 6.1697, Val 9.3322, Test 9.2385
          MAE              : Train 4.4129, Val 6.1420, Test 6.1018
Best:
          R2_Score         : Train 0.3804, Val 0.3204, Test 0.3216
          RMSE             : Train 7.9483, Val 8.3372, Test 8.1804
          MAE              : Train 5.5654, Val 5.7703, Test 5.7000
Epoch 96: Loss:            : Train 0.0000, Val 0.0112, Test 0.0109
          R2_Score         : Train 0.6300, Val 0.1321, Test 0.1215
          RMSE             : Train 6.1416, Val 9.4219, Test 9.3088
          MAE              : Train 4.3888, Val 6.2384, Test 6.1903
Best:
          R2_Score         : Train 0.3804, Val 0.3204, Test 0.3216
          RMSE             : Train 7.9483, Val 8.3372, Test 8.1804
          MAE              : Train 5.5654, Val 5.7703, Test 5.7000
Epoch 97: Loss:            : Train 0.0000, Val 0.0109, Test 0.0107
          R2_Score         : Train 0.6311, Val 0.1512, Test 0.1406
          RMSE             : Train 6.1328, Val 9.3172, Test 9.2072
          MAE              : Train 4.3853, Val 6.1490, Test 6.0957
Best:
          R2_Score         : Train 0.3804, Val 0.3204, Test 0.3216
          RMSE             : Train 7.9483, Val 8.3372, Test 8.1804
          MAE              : Train 5.5654, Val 5.7703, Test 5.7000
Epoch 98: Loss:            : Train 0.0000, Val 0.0110, Test 0.0107
          R2_Score         : Train 0.6336, Val 0.1453, Test 0.1386
          RMSE             : Train 6.1123, Val 9.3496, Test 9.2177
          MAE              : Train 4.3712, Val 6.1698, Test 6.1110
Best:
          R2_Score         : Train 0.3804, Val 0.3204, Test 0.3216
          RMSE             : Train 7.9483, Val 8.3372, Test 8.1804
          MAE              : Train 5.5654, Val 5.7703, Test 5.7000
Epoch 99: Loss:            : Train 0.0000, Val 0.0108, Test 0.0105
          R2_Score         : Train 0.6358, Val 0.1598, Test 0.1534
          RMSE             : Train 6.0937, Val 9.2704, Test 9.1383
          MAE              : Train 4.3603, Val 6.1252, Test 6.0615
Best:
          R2_Score         : Train 0.3804, Val 0.3204, Test 0.3216
          RMSE             : Train 7.9483, Val 8.3372, Test 8.1804
          MAE              : Train 5.5654, Val 5.7703, Test 5.7000
Epoch 100: Loss:            : Train 0.0000, Val 0.0112, Test 0.0110
          R2_Score         : Train 0.6377, Val 0.1289, Test 0.1194
          RMSE             : Train 6.0779, Val 9.4389, Test 9.3198
          MAE              : Train 4.3500, Val 6.2385, Test 6.1934
Best:
          R2_Score         : Train 0.3804, Val 0.3204, Test 0.3216
          RMSE             : Train 7.9483, Val 8.3372, Test 8.1804
          MAE              : Train 5.5654, Val 5.7703, Test 5.7000
Training time (sec): 371
