Loading parties from cache
Loading data from cache
Done
Calculating noise scale
Adding noise of scale 0.0 to sim_scores
Adding noise of scale 0.0 to sim_scores
Adding noise of scale 0.0 to sim_scores
Preparing time (sec): 0
Initializing dataloader
Done
Prepare for training
Start training
SplitNN summary
==========================================================================================
Layer (type:depth-idx)                   Output Shape              Param #
==========================================================================================
SplitNN                                  --                        --
├─MLP: 1                                 --                        --
│    └─ModuleList: 2-1                   --                        --
├─ModuleList: 1-1                        --                        --
│    └─MLP: 2                            --                        --
│    │    └─ModuleList: 3-1              --                        5,450
│    └─MLP: 2                            --                        --
│    │    └─ModuleList: 3-2              --                        5,450
│    └─MLP: 2-2                          [32, 50]                  --
│    └─MLP: 2-3                          [32, 50]                  --
├─MLP: 1-2                               [32, 10]                  --
│    └─ModuleList: 2-1                   --                        --
│    │    └─Linear: 3-3                  [32, 100]                 10,100
│    │    └─Linear: 3-4                  [32, 10]                  1,010
==========================================================================================
Total params: 22,010
Trainable params: 22,010
Non-trainable params: 0
Total mult-adds (M): 0.70
==========================================================================================
Input size (MB): 0.00
Forward/backward pass size (MB): 0.10
Params size (MB): 0.09
Estimated Total Size (MB): 0.19
==========================================================================================
Similarity model summary
==========================================================================================
Layer (type:depth-idx)                   Output Shape              Param #
==========================================================================================
MLP                                      --                        --
├─ModuleList: 1-1                        --                        --
│    └─Linear: 2-1                       [1, 10]                   20
│    └─Linear: 2-2                       [1, 1]                    11
==========================================================================================
Total params: 31
Trainable params: 31
Non-trainable params: 0
Total mult-adds (M): 0.00
==========================================================================================
Input size (MB): 0.00
Forward/backward pass size (MB): 0.00
Params size (MB): 0.00
Estimated Total Size (MB): 0.00
==========================================================================================
n_classes=10
task=multi_cls
model_name=frog_fedsim_noise_0.2_2022-01-24-07-53-09
sche_threshold=0.0001
sche_patience=10
sche_factor=0.1
use_scheduler=False
num_workers=4
device=cuda:0
test_batch_size=32
train_batch_size=32
learning_rate=0.003
weight_decay=0.001
num_epochs=100
model_save_path=ckp/frog_fedsim_noise_0.2_2022-01-24-07-53-09.pth
test_rate=0.2
val_rate=0.2
multiprocess_context=fork
metrics=['accuracy']
metrics_f=[<metric.accuracy.Accuracy object at 0x7fdad7a89a60>]
hidden_sizes=[100, 100]
model=SplitNN(
  (agg_model): MLP(
    (fc_layers): ModuleList(
      (0): Linear(in_features=100, out_features=100, bias=True)
      (1): Linear(in_features=100, out_features=10, bias=True)
    )
  )
  (local_models): ModuleList(
    (0): MLP(
      (fc_layers): ModuleList(
        (0): Linear(in_features=3, out_features=100, bias=True)
        (1): Linear(in_features=100, out_features=50, bias=True)
      )
    )
    (1): MLP(
      (fc_layers): ModuleList(
        (0): Linear(in_features=3, out_features=100, bias=True)
        (1): Linear(in_features=100, out_features=50, bias=True)
      )
    )
  )
)
writer=<torch.utils.tensorboard.writer.SummaryWriter object at 0x7fdad7a89b80>
dataset_type=syn
drop_key=True
num_common_features=16
tree_radius=2
tree_leaf_size=1000
knn_k=100
grid_min=-10.0
grid_max=10.0
grid_width=1.5
sim_scaler=StandardScaler()
filter_top_k=None
link_n_jobs=-1
psig_p=7
sim_leak_p=1.0
link_threshold_t=0.1
link_epsilon=0.1
n_hash_lsh=20
edit_distance_threshold=1
n_hash_func=10
collision_rate=0.05
qgram_q=2
link_delta=0.1
feature_wise_sim=False
blocking_method=knn_priv_str
center_threshold=0.5
n_clusters=100
local_hidden_sizes=[[100], [100]]
cut_dims=[50, 50]
agg_hidden_sizes=[100]
scale_analysis=None
mlp_merge=None
use_sim=True
use_conv=False
conv_kernel_v_size=7
conv_n_channels=4
merge_dropout_p=0.7
raw_output_dim=10
log_dir=log/frog_fedsim_noise_0.2_2022-01-24-07-53-09/
update_sim_freq=1
sim_model_save_path=ckp/frog_fedsim_noise_0.2_2022-01-24-07-53-09_sim.pth
merge_model_save_path=ckp/frog_fedsim_noise_0.2_2022-01-24-07-53-09_merge.pth
sim_batch_size=128
sim_weight_decay=0.001
sim_learning_rate=0.003
merge_model=AvgSumModel()
sim_model=MLP(
  (fc_layers): ModuleList(
    (0): Linear(in_features=1, out_features=10, bias=True)
    (1): Linear(in_features=10, out_features=1, bias=True)
  )
)
sim_hidden_sizes=[10]
merge_hidden_sizes=[400]
data1_shape=(7195, 19)
data2_shape=(7195, 19)
Epoch 1: Loss:            : Train 1.7652, Val 1.4873, Test 1.4890
          Accuracy         : Train 0.4802, Val 0.4816, Test 0.4851
Best:
          Accuracy         : Train 0.4802, Val 0.4816, Test 0.4851
Epoch 2: Loss:            : Train 1.2742, Val 1.1599, Test 1.1562
          Accuracy         : Train 0.6006, Val 0.6484, Test 0.6379
Best:
          Accuracy         : Train 0.6006, Val 0.6484, Test 0.6379
Epoch 3: Loss:            : Train 1.1048, Val 1.0442, Test 1.0433
          Accuracy         : Train 0.6576, Val 0.6762, Test 0.6720
Best:
          Accuracy         : Train 0.6576, Val 0.6762, Test 0.6720
Epoch 4: Loss:            : Train 0.9960, Val 0.9718, Test 0.9739
          Accuracy         : Train 0.6884, Val 0.7019, Test 0.6977
Best:
          Accuracy         : Train 0.6884, Val 0.7019, Test 0.6977
Epoch 5: Loss:            : Train 0.9362, Val 0.9090, Test 0.9130
          Accuracy         : Train 0.7088, Val 0.7227, Test 0.7241
Best:
          Accuracy         : Train 0.7088, Val 0.7227, Test 0.7241
Epoch 6: Loss:            : Train 0.8952, Val 0.8851, Test 0.8958
          Accuracy         : Train 0.7230, Val 0.7276, Test 0.7269
Best:
          Accuracy         : Train 0.7230, Val 0.7276, Test 0.7269
Epoch 7: Loss:            : Train 0.8709, Val 0.8655, Test 0.8726
          Accuracy         : Train 0.7260, Val 0.7318, Test 0.7297
Best:
          Accuracy         : Train 0.7260, Val 0.7318, Test 0.7297
Epoch 8: Loss:            : Train 0.8512, Val 0.8558, Test 0.8611
          Accuracy         : Train 0.7348, Val 0.7464, Test 0.7394
Best:
          Accuracy         : Train 0.7348, Val 0.7464, Test 0.7394
Epoch 9: Loss:            : Train 0.8396, Val 0.8599, Test 0.8571
          Accuracy         : Train 0.7329, Val 0.7297, Test 0.7484
Best:
          Accuracy         : Train 0.7348, Val 0.7464, Test 0.7394
Epoch 10: Loss:            : Train 0.8231, Val 0.8242, Test 0.8337
          Accuracy         : Train 0.7385, Val 0.7283, Test 0.7318
Best:
          Accuracy         : Train 0.7348, Val 0.7464, Test 0.7394
Epoch 11: Loss:            : Train 0.8097, Val 0.8216, Test 0.8127
          Accuracy         : Train 0.7426, Val 0.7547, Test 0.7443
Best:
          Accuracy         : Train 0.7426, Val 0.7547, Test 0.7443
Epoch 12: Loss:            : Train 0.7918, Val 0.8327, Test 0.8212
          Accuracy         : Train 0.7524, Val 0.7491, Test 0.7526
Best:
          Accuracy         : Train 0.7426, Val 0.7547, Test 0.7443
Epoch 13: Loss:            : Train 0.7783, Val 0.8155, Test 0.8352
          Accuracy         : Train 0.7596, Val 0.7290, Test 0.7436
Best:
          Accuracy         : Train 0.7426, Val 0.7547, Test 0.7443
Epoch 14: Loss:            : Train 0.7744, Val 0.8352, Test 0.8130
          Accuracy         : Train 0.7491, Val 0.7394, Test 0.7443
Best:
          Accuracy         : Train 0.7426, Val 0.7547, Test 0.7443
Epoch 15: Loss:            : Train 0.7585, Val 0.8153, Test 0.7860
          Accuracy         : Train 0.7637, Val 0.7582, Test 0.7554
Best:
          Accuracy         : Train 0.7637, Val 0.7582, Test 0.7554
Epoch 16: Loss:            : Train 0.7614, Val 0.7787, Test 0.8088
          Accuracy         : Train 0.7598, Val 0.7561, Test 0.7470
Best:
          Accuracy         : Train 0.7637, Val 0.7582, Test 0.7554
Epoch 17: Loss:            : Train 0.7405, Val 0.7876, Test 0.7708
          Accuracy         : Train 0.7653, Val 0.7491, Test 0.7554
Best:
          Accuracy         : Train 0.7637, Val 0.7582, Test 0.7554
Epoch 18: Loss:            : Train 0.7438, Val 0.7815, Test 0.7588
          Accuracy         : Train 0.7582, Val 0.7505, Test 0.7484
Best:
          Accuracy         : Train 0.7637, Val 0.7582, Test 0.7554
Epoch 19: Loss:            : Train 0.7316, Val 0.7885, Test 0.7852
          Accuracy         : Train 0.7633, Val 0.7575, Test 0.7519
Best:
          Accuracy         : Train 0.7637, Val 0.7582, Test 0.7554
Epoch 20: Loss:            : Train 0.7265, Val 0.7931, Test 0.7605
          Accuracy         : Train 0.7633, Val 0.7533, Test 0.7623
Best:
          Accuracy         : Train 0.7637, Val 0.7582, Test 0.7554
Epoch 21: Loss:            : Train 0.7325, Val 0.7930, Test 0.7784
          Accuracy         : Train 0.7681, Val 0.7540, Test 0.7547
Best:
          Accuracy         : Train 0.7637, Val 0.7582, Test 0.7554
Epoch 22: Loss:            : Train 0.7170, Val 0.7771, Test 0.7764
          Accuracy         : Train 0.7649, Val 0.7450, Test 0.7554
Best:
          Accuracy         : Train 0.7637, Val 0.7582, Test 0.7554
Epoch 23: Loss:            : Train 0.7170, Val 0.7594, Test 0.7532
          Accuracy         : Train 0.7667, Val 0.7603, Test 0.7596
Best:
          Accuracy         : Train 0.7667, Val 0.7603, Test 0.7596
Epoch 24: Loss:            : Train 0.7090, Val 0.8243, Test 0.7931
          Accuracy         : Train 0.7674, Val 0.7526, Test 0.7589
Best:
          Accuracy         : Train 0.7667, Val 0.7603, Test 0.7596
Epoch 25: Loss:            : Train 0.7080, Val 0.7831, Test 0.7399
          Accuracy         : Train 0.7656, Val 0.7623, Test 0.7651
Best:
          Accuracy         : Train 0.7656, Val 0.7623, Test 0.7651
Epoch 26: Loss:            : Train 0.7009, Val 0.7674, Test 0.7486
          Accuracy         : Train 0.7721, Val 0.7575, Test 0.7644
Best:
          Accuracy         : Train 0.7656, Val 0.7623, Test 0.7651
Epoch 27: Loss:            : Train 0.7013, Val 0.7720, Test 0.7632
          Accuracy         : Train 0.7651, Val 0.7609, Test 0.7575
Best:
          Accuracy         : Train 0.7656, Val 0.7623, Test 0.7651
Epoch 28: Loss:            : Train 0.6941, Val 0.7919, Test 0.7288
          Accuracy         : Train 0.7739, Val 0.7609, Test 0.7568
Best:
          Accuracy         : Train 0.7656, Val 0.7623, Test 0.7651
Epoch 29: Loss:            : Train 0.6845, Val 0.7621, Test 0.7320
          Accuracy         : Train 0.7741, Val 0.7651, Test 0.7658
Best:
          Accuracy         : Train 0.7741, Val 0.7651, Test 0.7658
Epoch 30: Loss:            : Train 0.6904, Val 0.7719, Test 0.7647
          Accuracy         : Train 0.7718, Val 0.7603, Test 0.7665
Best:
          Accuracy         : Train 0.7741, Val 0.7651, Test 0.7658
Epoch 31: Loss:            : Train 0.6805, Val 0.7793, Test 0.7615
          Accuracy         : Train 0.7730, Val 0.7533, Test 0.7651
Best:
          Accuracy         : Train 0.7741, Val 0.7651, Test 0.7658
Epoch 32: Loss:            : Train 0.6805, Val 0.8065, Test 0.7351
          Accuracy         : Train 0.7744, Val 0.7519, Test 0.7630
Best:
          Accuracy         : Train 0.7741, Val 0.7651, Test 0.7658
Epoch 33: Loss:            : Train 0.6833, Val 0.7507, Test 0.7235
          Accuracy         : Train 0.7684, Val 0.7651, Test 0.7707
Best:
          Accuracy         : Train 0.7741, Val 0.7651, Test 0.7658
Epoch 34: Loss:            : Train 0.6728, Val 0.7809, Test 0.7362
          Accuracy         : Train 0.7783, Val 0.7637, Test 0.7616
Best:
          Accuracy         : Train 0.7741, Val 0.7651, Test 0.7658
Epoch 35: Loss:            : Train 0.6724, Val 0.7502, Test 0.7381
          Accuracy         : Train 0.7790, Val 0.7582, Test 0.7637
Best:
          Accuracy         : Train 0.7741, Val 0.7651, Test 0.7658
Epoch 36: Loss:            : Train 0.6743, Val 0.7734, Test 0.7251
          Accuracy         : Train 0.7769, Val 0.7568, Test 0.7728
Best:
          Accuracy         : Train 0.7741, Val 0.7651, Test 0.7658
Epoch 37: Loss:            : Train 0.6670, Val 0.7845, Test 0.7296
          Accuracy         : Train 0.7781, Val 0.7540, Test 0.7686
Best:
          Accuracy         : Train 0.7741, Val 0.7651, Test 0.7658
Epoch 38: Loss:            : Train 0.6737, Val 0.7764, Test 0.7334
          Accuracy         : Train 0.7746, Val 0.7547, Test 0.7609
Best:
          Accuracy         : Train 0.7741, Val 0.7651, Test 0.7658
Epoch 39: Loss:            : Train 0.6655, Val 0.7828, Test 0.8284
          Accuracy         : Train 0.7792, Val 0.7512, Test 0.7373
Best:
          Accuracy         : Train 0.7741, Val 0.7651, Test 0.7658
Epoch 40: Loss:            : Train 0.6617, Val 0.7593, Test 0.7531
          Accuracy         : Train 0.7785, Val 0.7651, Test 0.7693
Best:
          Accuracy         : Train 0.7741, Val 0.7651, Test 0.7658
Epoch 41: Loss:            : Train 0.6533, Val 0.7703, Test 0.7500
          Accuracy         : Train 0.7820, Val 0.7644, Test 0.7637
Best:
          Accuracy         : Train 0.7741, Val 0.7651, Test 0.7658
Epoch 42: Loss:            : Train 0.6528, Val 0.7679, Test 0.7445
          Accuracy         : Train 0.7802, Val 0.7644, Test 0.7762
Best:
          Accuracy         : Train 0.7741, Val 0.7651, Test 0.7658
Epoch 43: Loss:            : Train 0.6464, Val 0.7719, Test 0.7560
          Accuracy         : Train 0.7880, Val 0.7609, Test 0.7707
Best:
          Accuracy         : Train 0.7741, Val 0.7651, Test 0.7658
Epoch 44: Loss:            : Train 0.6498, Val 0.7746, Test 0.7914
          Accuracy         : Train 0.7813, Val 0.7540, Test 0.7582
Best:
          Accuracy         : Train 0.7741, Val 0.7651, Test 0.7658
Epoch 45: Loss:            : Train 0.6340, Val 0.7711, Test 0.7631
          Accuracy         : Train 0.7832, Val 0.7609, Test 0.7651
Best:
          Accuracy         : Train 0.7741, Val 0.7651, Test 0.7658
Epoch 46: Loss:            : Train 0.6416, Val 0.7643, Test 0.7178
          Accuracy         : Train 0.7832, Val 0.7589, Test 0.7603
Best:
          Accuracy         : Train 0.7741, Val 0.7651, Test 0.7658
Epoch 47: Loss:            : Train 0.6386, Val 0.7968, Test 0.7690
          Accuracy         : Train 0.7848, Val 0.7644, Test 0.7651
Best:
          Accuracy         : Train 0.7741, Val 0.7651, Test 0.7658
Epoch 48: Loss:            : Train 0.6420, Val 0.7889, Test 0.8039
          Accuracy         : Train 0.7915, Val 0.7477, Test 0.7436
Best:
          Accuracy         : Train 0.7741, Val 0.7651, Test 0.7658
Epoch 49: Loss:            : Train 0.6281, Val 0.7744, Test 0.7573
          Accuracy         : Train 0.7855, Val 0.7596, Test 0.7630
Best:
          Accuracy         : Train 0.7741, Val 0.7651, Test 0.7658
Epoch 50: Loss:            : Train 0.6249, Val 0.7682, Test 0.7546
          Accuracy         : Train 0.7848, Val 0.7623, Test 0.7582
Best:
          Accuracy         : Train 0.7741, Val 0.7651, Test 0.7658
Epoch 51: Loss:            : Train 0.6196, Val 0.7986, Test 0.7657
          Accuracy         : Train 0.7883, Val 0.7491, Test 0.7630
Best:
          Accuracy         : Train 0.7741, Val 0.7651, Test 0.7658
Epoch 52: Loss:            : Train 0.6281, Val 0.7842, Test 0.7745
          Accuracy         : Train 0.7860, Val 0.7540, Test 0.7603
Best:
          Accuracy         : Train 0.7741, Val 0.7651, Test 0.7658
Epoch 53: Loss:            : Train 0.6203, Val 0.8001, Test 0.8594
          Accuracy         : Train 0.7901, Val 0.7484, Test 0.7373
Best:
          Accuracy         : Train 0.7741, Val 0.7651, Test 0.7658
Epoch 54: Loss:            : Train 0.6220, Val 0.8009, Test 0.7921
          Accuracy         : Train 0.7878, Val 0.7505, Test 0.7651
Best:
          Accuracy         : Train 0.7741, Val 0.7651, Test 0.7658
Epoch 55: Loss:            : Train 0.6198, Val 0.7780, Test 0.7281
          Accuracy         : Train 0.7906, Val 0.7596, Test 0.7762
Best:
          Accuracy         : Train 0.7741, Val 0.7651, Test 0.7658
Epoch 56: Loss:            : Train 0.6192, Val 0.8231, Test 0.8685
          Accuracy         : Train 0.7885, Val 0.7422, Test 0.7283
Best:
          Accuracy         : Train 0.7741, Val 0.7651, Test 0.7658
Epoch 57: Loss:            : Train 0.6171, Val 0.7921, Test 0.7714
          Accuracy         : Train 0.7894, Val 0.7540, Test 0.7623
Best:
          Accuracy         : Train 0.7741, Val 0.7651, Test 0.7658
Epoch 58: Loss:            : Train 0.6095, Val 0.7997, Test 0.7683
          Accuracy         : Train 0.7962, Val 0.7603, Test 0.7700
Best:
          Accuracy         : Train 0.7741, Val 0.7651, Test 0.7658
Epoch 59: Loss:            : Train 0.6104, Val 0.8526, Test 0.9245
          Accuracy         : Train 0.7952, Val 0.7276, Test 0.7033
Best:
          Accuracy         : Train 0.7741, Val 0.7651, Test 0.7658
Epoch 60: Loss:            : Train 0.6063, Val 0.7965, Test 0.7258
          Accuracy         : Train 0.7959, Val 0.7533, Test 0.7609
Best:
          Accuracy         : Train 0.7741, Val 0.7651, Test 0.7658
Epoch 61: Loss:            : Train 0.6059, Val 0.7764, Test 0.7813
          Accuracy         : Train 0.7915, Val 0.7547, Test 0.7609
Best:
          Accuracy         : Train 0.7741, Val 0.7651, Test 0.7658
Epoch 62: Loss:            : Train 0.6075, Val 0.7991, Test 0.8104
          Accuracy         : Train 0.7952, Val 0.7540, Test 0.7457
Best:
          Accuracy         : Train 0.7741, Val 0.7651, Test 0.7658
Epoch 63: Loss:            : Train 0.6007, Val 0.8057, Test 0.8237
          Accuracy         : Train 0.7920, Val 0.7519, Test 0.7498
Best:
          Accuracy         : Train 0.7741, Val 0.7651, Test 0.7658
Epoch 64: Loss:            : Train 0.5969, Val 0.8109, Test 0.8349
          Accuracy         : Train 0.7915, Val 0.7484, Test 0.7436
Best:
          Accuracy         : Train 0.7741, Val 0.7651, Test 0.7658
Epoch 65: Loss:            : Train 0.5999, Val 0.7897, Test 0.7878
          Accuracy         : Train 0.7913, Val 0.7589, Test 0.7623
Best:
          Accuracy         : Train 0.7741, Val 0.7651, Test 0.7658
Epoch 66: Loss:            : Train 0.5932, Val 0.7856, Test 0.8015
          Accuracy         : Train 0.7985, Val 0.7596, Test 0.7596
Best:
          Accuracy         : Train 0.7741, Val 0.7651, Test 0.7658
Epoch 67: Loss:            : Train 0.5942, Val 0.7966, Test 0.7912
          Accuracy         : Train 0.7952, Val 0.7623, Test 0.7644
Best:
          Accuracy         : Train 0.7741, Val 0.7651, Test 0.7658
Epoch 68: Loss:            : Train 0.5982, Val 0.7773, Test 0.7603
          Accuracy         : Train 0.7924, Val 0.7644, Test 0.7769
Best:
          Accuracy         : Train 0.7741, Val 0.7651, Test 0.7658
Epoch 69: Loss:            : Train 0.5890, Val 0.7967, Test 0.7822
          Accuracy         : Train 0.8022, Val 0.7547, Test 0.7596
Best:
          Accuracy         : Train 0.7741, Val 0.7651, Test 0.7658
Epoch 70: Loss:            : Train 0.5899, Val 0.7926, Test 0.8322
          Accuracy         : Train 0.7975, Val 0.7623, Test 0.7561
Best:
          Accuracy         : Train 0.7741, Val 0.7651, Test 0.7658
Epoch 71: Loss:            : Train 0.5830, Val 0.7899, Test 0.7656
          Accuracy         : Train 0.8038, Val 0.7603, Test 0.7790
Best:
          Accuracy         : Train 0.7741, Val 0.7651, Test 0.7658
Epoch 72: Loss:            : Train 0.5881, Val 0.7703, Test 0.7317
          Accuracy         : Train 0.7945, Val 0.7596, Test 0.7741
Best:
          Accuracy         : Train 0.7741, Val 0.7651, Test 0.7658
Epoch 73: Loss:            : Train 0.5775, Val 0.8013, Test 0.7803
          Accuracy         : Train 0.7996, Val 0.7526, Test 0.7582
Best:
          Accuracy         : Train 0.7741, Val 0.7651, Test 0.7658
Epoch 74: Loss:            : Train 0.5779, Val 0.8005, Test 0.8486
          Accuracy         : Train 0.7992, Val 0.7373, Test 0.7380
Best:
          Accuracy         : Train 0.7741, Val 0.7651, Test 0.7658
Epoch 75: Loss:            : Train 0.5806, Val 0.7960, Test 0.8047
          Accuracy         : Train 0.8008, Val 0.7554, Test 0.7477
Best:
          Accuracy         : Train 0.7741, Val 0.7651, Test 0.7658
Epoch 76: Loss:            : Train 0.5761, Val 0.7877, Test 0.7863
          Accuracy         : Train 0.8006, Val 0.7637, Test 0.7589
Best:
          Accuracy         : Train 0.7741, Val 0.7651, Test 0.7658
Epoch 77: Loss:            : Train 0.5772, Val 0.8487, Test 0.8573
          Accuracy         : Train 0.8006, Val 0.7311, Test 0.7220
Best:
          Accuracy         : Train 0.7741, Val 0.7651, Test 0.7658
Epoch 78: Loss:            : Train 0.5804, Val 0.7775, Test 0.7446
          Accuracy         : Train 0.7973, Val 0.7609, Test 0.7748
Best:
          Accuracy         : Train 0.7741, Val 0.7651, Test 0.7658
Epoch 79: Loss:            : Train 0.5692, Val 0.8132, Test 0.8076
          Accuracy         : Train 0.7978, Val 0.7596, Test 0.7644
Best:
          Accuracy         : Train 0.7741, Val 0.7651, Test 0.7658
Epoch 80: Loss:            : Train 0.5802, Val 0.8102, Test 0.8448
          Accuracy         : Train 0.7966, Val 0.7519, Test 0.7422
Best:
          Accuracy         : Train 0.7741, Val 0.7651, Test 0.7658
Epoch 81: Loss:            : Train 0.5646, Val 0.8162, Test 0.8282
          Accuracy         : Train 0.8084, Val 0.7575, Test 0.7568
Best:
          Accuracy         : Train 0.7741, Val 0.7651, Test 0.7658
Epoch 82: Loss:            : Train 0.5745, Val 0.7571, Test 0.7602
          Accuracy         : Train 0.7996, Val 0.7596, Test 0.7658
Best:
          Accuracy         : Train 0.7741, Val 0.7651, Test 0.7658
Epoch 83: Loss:            : Train 0.5667, Val 0.8238, Test 0.8242
          Accuracy         : Train 0.8031, Val 0.7505, Test 0.7589
Best:
          Accuracy         : Train 0.7741, Val 0.7651, Test 0.7658
Epoch 84: Loss:            : Train 0.5728, Val 0.8116, Test 0.8348
          Accuracy         : Train 0.8050, Val 0.7457, Test 0.7491
Best:
          Accuracy         : Train 0.7741, Val 0.7651, Test 0.7658
Epoch 85: Loss:            : Train 0.5629, Val 0.7994, Test 0.7899
          Accuracy         : Train 0.8031, Val 0.7589, Test 0.7658
Best:
          Accuracy         : Train 0.7741, Val 0.7651, Test 0.7658
Epoch 86: Loss:            : Train 0.5625, Val 0.8121, Test 0.8381
          Accuracy         : Train 0.8059, Val 0.7554, Test 0.7582
Best:
          Accuracy         : Train 0.7741, Val 0.7651, Test 0.7658
Epoch 87: Loss:            : Train 0.5663, Val 0.8079, Test 0.8314
          Accuracy         : Train 0.8043, Val 0.7658, Test 0.7658
Best:
          Accuracy         : Train 0.8043, Val 0.7658, Test 0.7658
Epoch 88: Loss:            : Train 0.5643, Val 0.8353, Test 0.7911
          Accuracy         : Train 0.8017, Val 0.7616, Test 0.7616
Best:
          Accuracy         : Train 0.8043, Val 0.7658, Test 0.7658
Epoch 89: Loss:            : Train 0.5649, Val 0.8377, Test 0.9406
          Accuracy         : Train 0.8001, Val 0.7415, Test 0.7137
Best:
          Accuracy         : Train 0.8043, Val 0.7658, Test 0.7658
Epoch 90: Loss:            : Train 0.5588, Val 0.7870, Test 0.8244
          Accuracy         : Train 0.8101, Val 0.7658, Test 0.7672
Best:
          Accuracy         : Train 0.8043, Val 0.7658, Test 0.7658
Epoch 91: Loss:            : Train 0.5493, Val 0.8736, Test 0.9446
          Accuracy         : Train 0.8133, Val 0.7457, Test 0.7373
Best:
          Accuracy         : Train 0.8043, Val 0.7658, Test 0.7658
Epoch 92: Loss:            : Train 0.5593, Val 0.8220, Test 0.8504
          Accuracy         : Train 0.8038, Val 0.7609, Test 0.7637
Best:
          Accuracy         : Train 0.8043, Val 0.7658, Test 0.7658
Epoch 93: Loss:            : Train 0.5485, Val 0.8056, Test 0.8123
          Accuracy         : Train 0.8054, Val 0.7561, Test 0.7519
Best:
          Accuracy         : Train 0.8043, Val 0.7658, Test 0.7658
Epoch 94: Loss:            : Train 0.5474, Val 0.8264, Test 0.8629
          Accuracy         : Train 0.8121, Val 0.7547, Test 0.7415
Best:
          Accuracy         : Train 0.8043, Val 0.7658, Test 0.7658
Epoch 95: Loss:            : Train 0.5500, Val 0.8381, Test 0.9178
          Accuracy         : Train 0.8126, Val 0.7498, Test 0.7505
Best:
          Accuracy         : Train 0.8043, Val 0.7658, Test 0.7658
Epoch 96: Loss:            : Train 0.5480, Val 0.8194, Test 0.8671
          Accuracy         : Train 0.8082, Val 0.7512, Test 0.7491
Best:
          Accuracy         : Train 0.8043, Val 0.7658, Test 0.7658
Epoch 97: Loss:            : Train 0.5402, Val 0.7984, Test 0.7820
          Accuracy         : Train 0.8107, Val 0.7596, Test 0.7707
Best:
          Accuracy         : Train 0.8043, Val 0.7658, Test 0.7658
Epoch 98: Loss:            : Train 0.5518, Val 0.7894, Test 0.7743
          Accuracy         : Train 0.8068, Val 0.7623, Test 0.7762
Best:
          Accuracy         : Train 0.8043, Val 0.7658, Test 0.7658
Epoch 99: Loss:            : Train 0.5509, Val 0.7808, Test 0.7934
          Accuracy         : Train 0.8084, Val 0.7630, Test 0.7707
Best:
          Accuracy         : Train 0.8043, Val 0.7658, Test 0.7658
Epoch 100: Loss:            : Train 0.5370, Val 0.8227, Test 0.8385
          Accuracy         : Train 0.8142, Val 0.7554, Test 0.7554
Best:
          Accuracy         : Train 0.8043, Val 0.7658, Test 0.7658
Training time (sec): 355
