Loading parties from cache
Loading data from cache
Done
Calculating noise scale
Standard variance of sim_score: 24.69
Adding noise of scale 0.3412776824459081 to sim_scores
Adding noise of scale 0.3412776824459081 to sim_scores
Adding noise of scale 0.3412776824459081 to sim_scores
Preparing time (sec): 0
Initializing dataloader
Done
Prepare for training
Start training
SplitNN summary
==========================================================================================
Layer (type:depth-idx)                   Output Shape              Param #
==========================================================================================
SplitNN                                  --                        --
├─MLP: 1                                 --                        --
│    └─ModuleList: 2-1                   --                        --
├─ModuleList: 1-1                        --                        --
│    └─MLP: 2                            --                        --
│    │    └─ModuleList: 3-1              --                        5,450
│    └─MLP: 2                            --                        --
│    │    └─ModuleList: 3-2              --                        5,450
│    └─MLP: 2-2                          [32, 50]                  --
│    └─MLP: 2-3                          [32, 50]                  --
├─MLP: 1-2                               [32, 10]                  --
│    └─ModuleList: 2-1                   --                        --
│    │    └─Linear: 3-3                  [32, 100]                 10,100
│    │    └─Linear: 3-4                  [32, 10]                  1,010
==========================================================================================
Total params: 22,010
Trainable params: 22,010
Non-trainable params: 0
Total mult-adds (M): 0.70
==========================================================================================
Input size (MB): 0.00
Forward/backward pass size (MB): 0.10
Params size (MB): 0.09
Estimated Total Size (MB): 0.19
==========================================================================================
Similarity model summary
==========================================================================================
Layer (type:depth-idx)                   Output Shape              Param #
==========================================================================================
MLP                                      --                        --
├─ModuleList: 1-1                        --                        --
│    └─Linear: 2-1                       [1, 10]                   20
│    └─Linear: 2-2                       [1, 1]                    11
==========================================================================================
Total params: 31
Trainable params: 31
Non-trainable params: 0
Total mult-adds (M): 0.00
==========================================================================================
Input size (MB): 0.00
Forward/backward pass size (MB): 0.00
Params size (MB): 0.00
Estimated Total Size (MB): 0.00
==========================================================================================
n_classes=10
task=multi_cls
model_name=frog_fedsim_noise_0.2_2022-02-05-14-32-28
sche_threshold=0.0001
sche_patience=10
sche_factor=0.1
use_scheduler=False
num_workers=4
device=cuda:1
test_batch_size=32
train_batch_size=32
learning_rate=0.003
weight_decay=0.001
num_epochs=100
model_save_path=ckp/frog_fedsim_noise_0.2_2022-02-05-14-32-28.pth
test_rate=0.2
val_rate=0.2
multiprocess_context=fork
metrics=['accuracy']
metrics_f=[<metric.accuracy.Accuracy object at 0x7f48ea89b850>]
hidden_sizes=[100, 100]
model=SplitNN(
  (agg_model): MLP(
    (fc_layers): ModuleList(
      (0): Linear(in_features=100, out_features=100, bias=True)
      (1): Linear(in_features=100, out_features=10, bias=True)
    )
  )
  (local_models): ModuleList(
    (0): MLP(
      (fc_layers): ModuleList(
        (0): Linear(in_features=3, out_features=100, bias=True)
        (1): Linear(in_features=100, out_features=50, bias=True)
      )
    )
    (1): MLP(
      (fc_layers): ModuleList(
        (0): Linear(in_features=3, out_features=100, bias=True)
        (1): Linear(in_features=100, out_features=50, bias=True)
      )
    )
  )
)
writer=<torch.utils.tensorboard.writer.SummaryWriter object at 0x7f48ea89b970>
dataset_type=syn
drop_key=True
num_common_features=16
tree_radius=2
tree_leaf_size=1000
knn_k=100
grid_min=-10.0
grid_max=10.0
grid_width=1.5
sim_scaler=StandardScaler()
filter_top_k=None
link_n_jobs=-1
psig_p=7
sim_leak_p=0.05
link_threshold_t=0.01
link_epsilon=0.002
n_hash_lsh=20
edit_distance_threshold=1
n_hash_func=10
collision_rate=0.05
qgram_q=2
link_delta=0.002
feature_wise_sim=False
blocking_method=knn_priv_str
center_threshold=0.5
n_clusters=100
local_hidden_sizes=[[100], [100]]
cut_dims=[50, 50]
agg_hidden_sizes=[100]
scale_analysis=<utils.privacy.SimNoiseScale object at 0x7f48ea8a7940>
mlp_merge=None
use_sim=True
use_conv=False
conv_kernel_v_size=7
conv_n_channels=4
merge_dropout_p=0.7
raw_output_dim=10
log_dir=log/frog_fedsim_noise_0.2_2022-02-05-14-32-28/
update_sim_freq=1
sim_model_save_path=ckp/frog_fedsim_noise_0.2_2022-02-05-14-32-28_sim.pth
merge_model_save_path=ckp/frog_fedsim_noise_0.2_2022-02-05-14-32-28_merge.pth
sim_batch_size=128
sim_weight_decay=0.001
sim_learning_rate=0.003
merge_model=AvgSumModel()
sim_model=MLP(
  (fc_layers): ModuleList(
    (0): Linear(in_features=1, out_features=10, bias=True)
    (1): Linear(in_features=10, out_features=1, bias=True)
  )
)
sim_hidden_sizes=[10]
merge_hidden_sizes=[400]
data1_shape=(7195, 19)
data2_shape=(7195, 19)
Epoch 1: Loss:            : Train 1.7614, Val 1.4802, Test 1.4755
          Accuracy         : Train 0.4712, Val 0.4816, Test 0.4844
Best:
          Accuracy         : Train 0.4712, Val 0.4816, Test 0.4844
Epoch 2: Loss:            : Train 1.2810, Val 1.1753, Test 1.1524
          Accuracy         : Train 0.6030, Val 0.6386, Test 0.6324
Best:
          Accuracy         : Train 0.6030, Val 0.6386, Test 0.6324
Epoch 3: Loss:            : Train 1.1276, Val 1.0481, Test 1.0414
          Accuracy         : Train 0.6465, Val 0.6782, Test 0.6817
Best:
          Accuracy         : Train 0.6465, Val 0.6782, Test 0.6817
Epoch 4: Loss:            : Train 1.0141, Val 0.9876, Test 0.9795
          Accuracy         : Train 0.6817, Val 0.6942, Test 0.6991
Best:
          Accuracy         : Train 0.6817, Val 0.6942, Test 0.6991
Epoch 5: Loss:            : Train 0.9561, Val 0.9203, Test 0.9206
          Accuracy         : Train 0.7026, Val 0.7116, Test 0.7123
Best:
          Accuracy         : Train 0.7026, Val 0.7116, Test 0.7123
Epoch 6: Loss:            : Train 0.9070, Val 0.8908, Test 0.8972
          Accuracy         : Train 0.7186, Val 0.7220, Test 0.7234
Best:
          Accuracy         : Train 0.7186, Val 0.7220, Test 0.7234
Epoch 7: Loss:            : Train 0.8801, Val 0.8694, Test 0.8766
          Accuracy         : Train 0.7262, Val 0.7325, Test 0.7345
Best:
          Accuracy         : Train 0.7262, Val 0.7325, Test 0.7345
Epoch 8: Loss:            : Train 0.8555, Val 0.8424, Test 0.8498
          Accuracy         : Train 0.7318, Val 0.7269, Test 0.7304
Best:
          Accuracy         : Train 0.7262, Val 0.7325, Test 0.7345
Epoch 9: Loss:            : Train 0.8432, Val 0.8378, Test 0.8441
          Accuracy         : Train 0.7315, Val 0.7318, Test 0.7276
Best:
          Accuracy         : Train 0.7262, Val 0.7325, Test 0.7345
Epoch 10: Loss:            : Train 0.8226, Val 0.8325, Test 0.8320
          Accuracy         : Train 0.7422, Val 0.7276, Test 0.7366
Best:
          Accuracy         : Train 0.7262, Val 0.7325, Test 0.7345
Epoch 11: Loss:            : Train 0.8130, Val 0.8283, Test 0.8304
          Accuracy         : Train 0.7443, Val 0.7387, Test 0.7415
Best:
          Accuracy         : Train 0.7443, Val 0.7387, Test 0.7415
Epoch 12: Loss:            : Train 0.7987, Val 0.8010, Test 0.8035
          Accuracy         : Train 0.7496, Val 0.7484, Test 0.7380
Best:
          Accuracy         : Train 0.7496, Val 0.7484, Test 0.7380
Epoch 13: Loss:            : Train 0.7866, Val 0.7867, Test 0.7837
          Accuracy         : Train 0.7528, Val 0.7554, Test 0.7498
Best:
          Accuracy         : Train 0.7528, Val 0.7554, Test 0.7498
Epoch 14: Loss:            : Train 0.7742, Val 0.8153, Test 0.8088
          Accuracy         : Train 0.7549, Val 0.7450, Test 0.7519
Best:
          Accuracy         : Train 0.7528, Val 0.7554, Test 0.7498
Epoch 15: Loss:            : Train 0.7655, Val 0.8415, Test 0.8284
          Accuracy         : Train 0.7556, Val 0.7519, Test 0.7464
Best:
          Accuracy         : Train 0.7528, Val 0.7554, Test 0.7498
Epoch 16: Loss:            : Train 0.7610, Val 0.7948, Test 0.7845
          Accuracy         : Train 0.7577, Val 0.7422, Test 0.7554
Best:
          Accuracy         : Train 0.7528, Val 0.7554, Test 0.7498
Epoch 17: Loss:            : Train 0.7512, Val 0.7947, Test 0.7924
          Accuracy         : Train 0.7607, Val 0.7415, Test 0.7484
Best:
          Accuracy         : Train 0.7528, Val 0.7554, Test 0.7498
Epoch 18: Loss:            : Train 0.7446, Val 0.7646, Test 0.7643
          Accuracy         : Train 0.7612, Val 0.7547, Test 0.7547
Best:
          Accuracy         : Train 0.7528, Val 0.7554, Test 0.7498
Epoch 19: Loss:            : Train 0.7402, Val 0.7772, Test 0.7657
          Accuracy         : Train 0.7605, Val 0.7561, Test 0.7609
Best:
          Accuracy         : Train 0.7605, Val 0.7561, Test 0.7609
Epoch 20: Loss:            : Train 0.7315, Val 0.7757, Test 0.7614
          Accuracy         : Train 0.7649, Val 0.7429, Test 0.7672
Best:
          Accuracy         : Train 0.7605, Val 0.7561, Test 0.7609
Epoch 21: Loss:            : Train 0.7215, Val 0.7867, Test 0.7547
          Accuracy         : Train 0.7663, Val 0.7547, Test 0.7686
Best:
          Accuracy         : Train 0.7605, Val 0.7561, Test 0.7609
Epoch 22: Loss:            : Train 0.7202, Val 0.7677, Test 0.7392
          Accuracy         : Train 0.7651, Val 0.7540, Test 0.7568
Best:
          Accuracy         : Train 0.7605, Val 0.7561, Test 0.7609
Epoch 23: Loss:            : Train 0.7125, Val 0.7759, Test 0.7915
          Accuracy         : Train 0.7677, Val 0.7540, Test 0.7623
Best:
          Accuracy         : Train 0.7605, Val 0.7561, Test 0.7609
Epoch 24: Loss:            : Train 0.7100, Val 0.7626, Test 0.7525
          Accuracy         : Train 0.7688, Val 0.7554, Test 0.7665
Best:
          Accuracy         : Train 0.7605, Val 0.7561, Test 0.7609
Epoch 25: Loss:            : Train 0.7079, Val 0.7631, Test 0.7297
          Accuracy         : Train 0.7667, Val 0.7609, Test 0.7679
Best:
          Accuracy         : Train 0.7667, Val 0.7609, Test 0.7679
Epoch 26: Loss:            : Train 0.6965, Val 0.7482, Test 0.7529
          Accuracy         : Train 0.7672, Val 0.7616, Test 0.7616
Best:
          Accuracy         : Train 0.7672, Val 0.7616, Test 0.7616
Epoch 27: Loss:            : Train 0.6969, Val 0.7581, Test 0.7234
          Accuracy         : Train 0.7684, Val 0.7547, Test 0.7623
Best:
          Accuracy         : Train 0.7672, Val 0.7616, Test 0.7616
Epoch 28: Loss:            : Train 0.6943, Val 0.7635, Test 0.7343
          Accuracy         : Train 0.7709, Val 0.7568, Test 0.7616
Best:
          Accuracy         : Train 0.7672, Val 0.7616, Test 0.7616
Epoch 29: Loss:            : Train 0.6879, Val 0.7675, Test 0.7173
          Accuracy         : Train 0.7735, Val 0.7596, Test 0.7693
Best:
          Accuracy         : Train 0.7672, Val 0.7616, Test 0.7616
Epoch 30: Loss:            : Train 0.6843, Val 0.7657, Test 0.7359
          Accuracy         : Train 0.7721, Val 0.7491, Test 0.7575
Best:
          Accuracy         : Train 0.7672, Val 0.7616, Test 0.7616
Epoch 31: Loss:            : Train 0.6808, Val 0.7345, Test 0.7164
          Accuracy         : Train 0.7737, Val 0.7568, Test 0.7658
Best:
          Accuracy         : Train 0.7672, Val 0.7616, Test 0.7616
Epoch 32: Loss:            : Train 0.6836, Val 0.7397, Test 0.7181
          Accuracy         : Train 0.7746, Val 0.7519, Test 0.7637
Best:
          Accuracy         : Train 0.7672, Val 0.7616, Test 0.7616
Epoch 33: Loss:            : Train 0.6804, Val 0.7768, Test 0.6978
          Accuracy         : Train 0.7802, Val 0.7561, Test 0.7741
Best:
          Accuracy         : Train 0.7672, Val 0.7616, Test 0.7616
Epoch 34: Loss:            : Train 0.6642, Val 0.7717, Test 0.6974
          Accuracy         : Train 0.7820, Val 0.7623, Test 0.7769
Best:
          Accuracy         : Train 0.7820, Val 0.7623, Test 0.7769
Epoch 35: Loss:            : Train 0.6617, Val 0.8239, Test 0.7287
          Accuracy         : Train 0.7792, Val 0.7609, Test 0.7741
Best:
          Accuracy         : Train 0.7820, Val 0.7623, Test 0.7769
Epoch 36: Loss:            : Train 0.6613, Val 0.7414, Test 0.7065
          Accuracy         : Train 0.7811, Val 0.7637, Test 0.7679
Best:
          Accuracy         : Train 0.7811, Val 0.7637, Test 0.7679
Epoch 37: Loss:            : Train 0.6577, Val 0.7978, Test 0.7198
          Accuracy         : Train 0.7774, Val 0.7547, Test 0.7748
Best:
          Accuracy         : Train 0.7811, Val 0.7637, Test 0.7679
Epoch 38: Loss:            : Train 0.6562, Val 0.7651, Test 0.6967
          Accuracy         : Train 0.7795, Val 0.7609, Test 0.7686
Best:
          Accuracy         : Train 0.7811, Val 0.7637, Test 0.7679
Epoch 39: Loss:            : Train 0.6573, Val 0.7658, Test 0.7163
          Accuracy         : Train 0.7748, Val 0.7672, Test 0.7804
Best:
          Accuracy         : Train 0.7748, Val 0.7672, Test 0.7804
Epoch 40: Loss:            : Train 0.6533, Val 0.7733, Test 0.7307
          Accuracy         : Train 0.7846, Val 0.7637, Test 0.7672
Best:
          Accuracy         : Train 0.7748, Val 0.7672, Test 0.7804
Epoch 41: Loss:            : Train 0.6563, Val 0.7621, Test 0.7229
          Accuracy         : Train 0.7816, Val 0.7609, Test 0.7651
Best:
          Accuracy         : Train 0.7748, Val 0.7672, Test 0.7804
Epoch 42: Loss:            : Train 0.6501, Val 0.7411, Test 0.7088
          Accuracy         : Train 0.7830, Val 0.7616, Test 0.7679
Best:
          Accuracy         : Train 0.7748, Val 0.7672, Test 0.7804
Epoch 43: Loss:            : Train 0.6425, Val 0.7408, Test 0.6879
          Accuracy         : Train 0.7841, Val 0.7596, Test 0.7741
Best:
          Accuracy         : Train 0.7748, Val 0.7672, Test 0.7804
Epoch 44: Loss:            : Train 0.6425, Val 0.7457, Test 0.7107
          Accuracy         : Train 0.7811, Val 0.7630, Test 0.7672
Best:
          Accuracy         : Train 0.7748, Val 0.7672, Test 0.7804
Epoch 45: Loss:            : Train 0.6431, Val 0.7503, Test 0.7241
          Accuracy         : Train 0.7820, Val 0.7457, Test 0.7623
Best:
          Accuracy         : Train 0.7748, Val 0.7672, Test 0.7804
Epoch 46: Loss:            : Train 0.6342, Val 0.7759, Test 0.7516
          Accuracy         : Train 0.7848, Val 0.7505, Test 0.7561
Best:
          Accuracy         : Train 0.7748, Val 0.7672, Test 0.7804
Epoch 47: Loss:            : Train 0.6404, Val 0.7860, Test 0.7193
          Accuracy         : Train 0.7832, Val 0.7512, Test 0.7596
Best:
          Accuracy         : Train 0.7748, Val 0.7672, Test 0.7804
Epoch 48: Loss:            : Train 0.6327, Val 0.8266, Test 0.7352
          Accuracy         : Train 0.7841, Val 0.7568, Test 0.7672
Best:
          Accuracy         : Train 0.7748, Val 0.7672, Test 0.7804
Epoch 49: Loss:            : Train 0.6371, Val 0.7993, Test 0.7294
          Accuracy         : Train 0.7887, Val 0.7589, Test 0.7665
Best:
          Accuracy         : Train 0.7748, Val 0.7672, Test 0.7804
Epoch 50: Loss:            : Train 0.6341, Val 0.7635, Test 0.7331
          Accuracy         : Train 0.7855, Val 0.7519, Test 0.7686
Best:
          Accuracy         : Train 0.7748, Val 0.7672, Test 0.7804
Epoch 51: Loss:            : Train 0.6278, Val 0.7599, Test 0.7506
          Accuracy         : Train 0.7931, Val 0.7526, Test 0.7630
Best:
          Accuracy         : Train 0.7748, Val 0.7672, Test 0.7804
Epoch 52: Loss:            : Train 0.6268, Val 0.7688, Test 0.7019
          Accuracy         : Train 0.7911, Val 0.7609, Test 0.7658
Best:
          Accuracy         : Train 0.7748, Val 0.7672, Test 0.7804
Epoch 53: Loss:            : Train 0.6265, Val 0.7417, Test 0.6983
          Accuracy         : Train 0.7880, Val 0.7665, Test 0.7700
Best:
          Accuracy         : Train 0.7748, Val 0.7672, Test 0.7804
Epoch 54: Loss:            : Train 0.6147, Val 0.7674, Test 0.7511
          Accuracy         : Train 0.7924, Val 0.7575, Test 0.7623
Best:
          Accuracy         : Train 0.7748, Val 0.7672, Test 0.7804
Epoch 55: Loss:            : Train 0.6167, Val 0.7704, Test 0.6997
          Accuracy         : Train 0.7892, Val 0.7679, Test 0.7707
Best:
          Accuracy         : Train 0.7892, Val 0.7679, Test 0.7707
Epoch 56: Loss:            : Train 0.6207, Val 0.7555, Test 0.7179
          Accuracy         : Train 0.7897, Val 0.7623, Test 0.7721
Best:
          Accuracy         : Train 0.7892, Val 0.7679, Test 0.7707
Epoch 57: Loss:            : Train 0.6173, Val 0.7636, Test 0.7477
          Accuracy         : Train 0.7945, Val 0.7533, Test 0.7505
Best:
          Accuracy         : Train 0.7892, Val 0.7679, Test 0.7707
Epoch 58: Loss:            : Train 0.6024, Val 0.7799, Test 0.7216
          Accuracy         : Train 0.7938, Val 0.7519, Test 0.7748
Best:
          Accuracy         : Train 0.7892, Val 0.7679, Test 0.7707
Epoch 59: Loss:            : Train 0.6165, Val 0.7770, Test 0.7479
          Accuracy         : Train 0.7959, Val 0.7540, Test 0.7651
Best:
          Accuracy         : Train 0.7892, Val 0.7679, Test 0.7707
Epoch 60: Loss:            : Train 0.6000, Val 0.8081, Test 0.8014
          Accuracy         : Train 0.7975, Val 0.7609, Test 0.7603
Best:
          Accuracy         : Train 0.7892, Val 0.7679, Test 0.7707
Epoch 61: Loss:            : Train 0.6043, Val 0.7937, Test 0.7020
          Accuracy         : Train 0.7936, Val 0.7686, Test 0.7700
Best:
          Accuracy         : Train 0.7936, Val 0.7686, Test 0.7700
Epoch 62: Loss:            : Train 0.6051, Val 0.7996, Test 0.7939
          Accuracy         : Train 0.7980, Val 0.7470, Test 0.7505
Best:
          Accuracy         : Train 0.7936, Val 0.7686, Test 0.7700
Epoch 63: Loss:            : Train 0.6047, Val 0.7609, Test 0.7385
          Accuracy         : Train 0.7964, Val 0.7547, Test 0.7575
Best:
          Accuracy         : Train 0.7936, Val 0.7686, Test 0.7700
Epoch 64: Loss:            : Train 0.6008, Val 0.7876, Test 0.7162
          Accuracy         : Train 0.7957, Val 0.7644, Test 0.7721
Best:
          Accuracy         : Train 0.7936, Val 0.7686, Test 0.7700
Epoch 65: Loss:            : Train 0.6060, Val 0.8171, Test 0.8057
          Accuracy         : Train 0.7929, Val 0.7179, Test 0.7366
Best:
          Accuracy         : Train 0.7936, Val 0.7686, Test 0.7700
Epoch 66: Loss:            : Train 0.5903, Val 0.7771, Test 0.7389
          Accuracy         : Train 0.7945, Val 0.7547, Test 0.7707
Best:
          Accuracy         : Train 0.7936, Val 0.7686, Test 0.7700
Epoch 67: Loss:            : Train 0.5925, Val 0.7845, Test 0.7058
          Accuracy         : Train 0.7966, Val 0.7651, Test 0.7811
Best:
          Accuracy         : Train 0.7936, Val 0.7686, Test 0.7700
Epoch 68: Loss:            : Train 0.5881, Val 0.7750, Test 0.7305
          Accuracy         : Train 0.7978, Val 0.7623, Test 0.7630
Best:
          Accuracy         : Train 0.7936, Val 0.7686, Test 0.7700
Epoch 69: Loss:            : Train 0.5897, Val 0.7848, Test 0.7156
          Accuracy         : Train 0.7959, Val 0.7616, Test 0.7700
Best:
          Accuracy         : Train 0.7936, Val 0.7686, Test 0.7700
Epoch 70: Loss:            : Train 0.5872, Val 0.7776, Test 0.7242
          Accuracy         : Train 0.7992, Val 0.7575, Test 0.7762
Best:
          Accuracy         : Train 0.7936, Val 0.7686, Test 0.7700
Epoch 71: Loss:            : Train 0.5865, Val 0.7986, Test 0.7528
          Accuracy         : Train 0.7982, Val 0.7568, Test 0.7672
Best:
          Accuracy         : Train 0.7936, Val 0.7686, Test 0.7700
Epoch 72: Loss:            : Train 0.5827, Val 0.7817, Test 0.7364
          Accuracy         : Train 0.8033, Val 0.7637, Test 0.7748
Best:
          Accuracy         : Train 0.7936, Val 0.7686, Test 0.7700
Epoch 73: Loss:            : Train 0.5808, Val 0.7618, Test 0.7580
          Accuracy         : Train 0.8043, Val 0.7505, Test 0.7741
Best:
          Accuracy         : Train 0.7936, Val 0.7686, Test 0.7700
Epoch 74: Loss:            : Train 0.5799, Val 0.7786, Test 0.7924
          Accuracy         : Train 0.8001, Val 0.7554, Test 0.7616
Best:
          Accuracy         : Train 0.7936, Val 0.7686, Test 0.7700
Epoch 75: Loss:            : Train 0.5778, Val 0.8110, Test 0.7887
          Accuracy         : Train 0.7996, Val 0.7443, Test 0.7609
Best:
          Accuracy         : Train 0.7936, Val 0.7686, Test 0.7700
Epoch 76: Loss:            : Train 0.5709, Val 0.7604, Test 0.7149
          Accuracy         : Train 0.8013, Val 0.7658, Test 0.7790
Best:
          Accuracy         : Train 0.7936, Val 0.7686, Test 0.7700
Epoch 77: Loss:            : Train 0.5820, Val 0.7873, Test 0.7765
          Accuracy         : Train 0.8019, Val 0.7575, Test 0.7665
Best:
          Accuracy         : Train 0.7936, Val 0.7686, Test 0.7700
Epoch 78: Loss:            : Train 0.5794, Val 0.7863, Test 0.7414
          Accuracy         : Train 0.8022, Val 0.7547, Test 0.7721
Best:
          Accuracy         : Train 0.7936, Val 0.7686, Test 0.7700
Epoch 79: Loss:            : Train 0.5680, Val 0.7837, Test 0.7419
          Accuracy         : Train 0.8050, Val 0.7637, Test 0.7804
Best:
          Accuracy         : Train 0.7936, Val 0.7686, Test 0.7700
Epoch 80: Loss:            : Train 0.5693, Val 0.8174, Test 0.7506
          Accuracy         : Train 0.8075, Val 0.7623, Test 0.7797
Best:
          Accuracy         : Train 0.7936, Val 0.7686, Test 0.7700
Epoch 81: Loss:            : Train 0.5750, Val 0.8189, Test 0.7724
          Accuracy         : Train 0.8036, Val 0.7582, Test 0.7679
Best:
          Accuracy         : Train 0.7936, Val 0.7686, Test 0.7700
Epoch 82: Loss:            : Train 0.5660, Val 0.7842, Test 0.7733
          Accuracy         : Train 0.8047, Val 0.7505, Test 0.7672
Best:
          Accuracy         : Train 0.7936, Val 0.7686, Test 0.7700
Epoch 83: Loss:            : Train 0.5628, Val 0.7929, Test 0.7378
          Accuracy         : Train 0.8082, Val 0.7505, Test 0.7804
Best:
          Accuracy         : Train 0.7936, Val 0.7686, Test 0.7700
Epoch 84: Loss:            : Train 0.5630, Val 0.8124, Test 0.7280
          Accuracy         : Train 0.8038, Val 0.7561, Test 0.7700
Best:
          Accuracy         : Train 0.7936, Val 0.7686, Test 0.7700
Epoch 85: Loss:            : Train 0.5661, Val 0.8333, Test 0.7436
          Accuracy         : Train 0.8084, Val 0.7582, Test 0.7762
Best:
          Accuracy         : Train 0.7936, Val 0.7686, Test 0.7700
Epoch 86: Loss:            : Train 0.5614, Val 0.7798, Test 0.7919
          Accuracy         : Train 0.8040, Val 0.7665, Test 0.7679
Best:
          Accuracy         : Train 0.7936, Val 0.7686, Test 0.7700
Epoch 87: Loss:            : Train 0.5586, Val 0.8008, Test 0.7803
          Accuracy         : Train 0.8038, Val 0.7616, Test 0.7735
Best:
          Accuracy         : Train 0.7936, Val 0.7686, Test 0.7700
Epoch 88: Loss:            : Train 0.5586, Val 0.8322, Test 0.8430
          Accuracy         : Train 0.8047, Val 0.7589, Test 0.7575
Best:
          Accuracy         : Train 0.7936, Val 0.7686, Test 0.7700
Epoch 89: Loss:            : Train 0.5547, Val 0.8637, Test 0.8998
          Accuracy         : Train 0.8107, Val 0.7325, Test 0.7269
Best:
          Accuracy         : Train 0.7936, Val 0.7686, Test 0.7700
Epoch 90: Loss:            : Train 0.5491, Val 0.8176, Test 0.8068
          Accuracy         : Train 0.8117, Val 0.7554, Test 0.7721
Best:
          Accuracy         : Train 0.7936, Val 0.7686, Test 0.7700
Epoch 91: Loss:            : Train 0.5487, Val 0.8206, Test 0.7905
          Accuracy         : Train 0.8070, Val 0.7644, Test 0.7707
Best:
          Accuracy         : Train 0.7936, Val 0.7686, Test 0.7700
Epoch 92: Loss:            : Train 0.5525, Val 0.8024, Test 0.7838
          Accuracy         : Train 0.8075, Val 0.7616, Test 0.7603
Best:
          Accuracy         : Train 0.7936, Val 0.7686, Test 0.7700
Epoch 93: Loss:            : Train 0.5475, Val 0.8000, Test 0.7420
          Accuracy         : Train 0.8057, Val 0.7609, Test 0.7755
Best:
          Accuracy         : Train 0.7936, Val 0.7686, Test 0.7700
Epoch 94: Loss:            : Train 0.5494, Val 0.8224, Test 0.7998
          Accuracy         : Train 0.8082, Val 0.7470, Test 0.7707
Best:
          Accuracy         : Train 0.7936, Val 0.7686, Test 0.7700
Epoch 95: Loss:            : Train 0.5476, Val 0.7941, Test 0.7796
          Accuracy         : Train 0.8063, Val 0.7589, Test 0.7721
Best:
          Accuracy         : Train 0.7936, Val 0.7686, Test 0.7700
Epoch 96: Loss:            : Train 0.5400, Val 0.8334, Test 0.8016
          Accuracy         : Train 0.8073, Val 0.7609, Test 0.7658
Best:
          Accuracy         : Train 0.7936, Val 0.7686, Test 0.7700
Epoch 97: Loss:            : Train 0.5373, Val 0.8129, Test 0.7798
          Accuracy         : Train 0.8124, Val 0.7609, Test 0.7728
Best:
          Accuracy         : Train 0.7936, Val 0.7686, Test 0.7700
Epoch 98: Loss:            : Train 0.5388, Val 0.7991, Test 0.7693
          Accuracy         : Train 0.8080, Val 0.7526, Test 0.7714
Best:
          Accuracy         : Train 0.7936, Val 0.7686, Test 0.7700
Epoch 99: Loss:            : Train 0.5421, Val 0.8392, Test 0.8495
          Accuracy         : Train 0.8161, Val 0.7429, Test 0.7575
Best:
          Accuracy         : Train 0.7936, Val 0.7686, Test 0.7700
Epoch 100: Loss:            : Train 0.5414, Val 0.8153, Test 0.8039
          Accuracy         : Train 0.8082, Val 0.7554, Test 0.7540
Best:
          Accuracy         : Train 0.7936, Val 0.7686, Test 0.7700
Training time (sec): 610
