Loading parties from cache
Splitting data
Splitting...
Matching training set
Size of bloom filter = 943336
Adding index
Indexing done. Got 4317 samples.
KNN Query
Done
Calculate sim_scores
Scaling sim scores
Saving raw sim scores
Done scaling
Got 4317 samples in A
Setting index
Linking records
Step 1 done.
Finished Linking, got 431700 samples
Filling null values
extracting data to numpy arrays
Matching validation set
Size of bloom filter = 943336
Adding index
Indexing done. Got 1439 samples.
KNN Query
Done
Calculate sim_scores
Scaling sim scores
Done scaling
Got 1439 samples in A
Setting index
Linking records
Step 1 done.
Finished Linking, got 143900 samples
Filling null values
extracting data to numpy arrays
Matching test set
Size of bloom filter = 943336
Adding index
Indexing done. Got 1439 samples.
KNN Query
Done
Calculate sim_scores
Scaling sim scores
Done scaling
Got 1439 samples in A
Setting index
Linking records
Step 1 done.
Finished Linking, got 143900 samples
Filling null values
extracting data to numpy arrays
Replace NaN with mean value
Train done.
Validation done.
Test done.
Replace NaN with mean value
Train done.
Validation done.
Test done.
Grouping data
Done
Checking if B is sorted by similarity: False
Sorting data
Done
Retrieve data
Done
Grouping data
Done
Checking if B is sorted by similarity: False
Sorting data
Done
Retrieve data
Done
Grouping data
Done
Checking if B is sorted by similarity: False
Sorting data
Done
Retrieve data
Done
Saving data to cache
Saved
Calculating noise scale
Standard variance of sim_score: 24.69
Adding noise of scale 0.3412776824459081 to sim_scores
Adding noise of scale 0.3412776824459081 to sim_scores
Adding noise of scale 0.3412776824459081 to sim_scores
Preparing time (sec): 189
Initializing dataloader
Done
Prepare for training
Start training
================================================================================
                                    Kernel Shape Output Shape  Params  \
Layer                                                                   
0_local_models.0.fc_layers.Linear_0     [3, 100]    [32, 100]     400   
1_local_models.0.fc_layers.Linear_1    [100, 50]     [32, 50]    5050   
2_local_models.1.fc_layers.Linear_0     [3, 100]    [32, 100]     400   
3_local_models.1.fc_layers.Linear_1    [100, 50]     [32, 50]    5050   
4_agg_model.fc_layers.Linear_0        [100, 100]    [32, 100]   10100   
5_agg_model.fc_layers.Linear_1         [100, 10]     [32, 10]    1010   

                                     Mult-Adds  
Layer                                           
0_local_models.0.fc_layers.Linear_0        300  
1_local_models.0.fc_layers.Linear_1       5000  
2_local_models.1.fc_layers.Linear_0        300  
3_local_models.1.fc_layers.Linear_1       5000  
4_agg_model.fc_layers.Linear_0           10000  
5_agg_model.fc_layers.Linear_1            1000  
--------------------------------------------------------------------------------
                      Totals
Total params           22010
Trainable params       22010
Non-trainable params       0
Mult-Adds              21600
================================================================================
n_classes=10
task=multi_cls
model_name=frog_avgsim_noise_0.2_2022-02-05-13-25-43
sche_threshold=0.0001
sche_patience=10
sche_factor=0.1
use_scheduler=False
num_workers=4
device=cuda:1
test_batch_size=4096
train_batch_size=32
learning_rate=0.003
weight_decay=0.001
num_epochs=100
model_save_path=ckp/frog_avgsim_noise_0.2_2022-02-05-13-25-43.pth
test_rate=0.2
val_rate=0.2
multiprocess_context=fork
metrics=['accuracy']
metrics_f=[<metric.accuracy.Accuracy object at 0x7fb6e6184d30>]
hidden_sizes=[100, 100]
model=SplitNN(
  (agg_model): MLP(
    (fc_layers): ModuleList(
      (0): Linear(in_features=100, out_features=100, bias=True)
      (1): Linear(in_features=100, out_features=10, bias=True)
    )
  )
  (local_models): ModuleList(
    (0): MLP(
      (fc_layers): ModuleList(
        (0): Linear(in_features=3, out_features=100, bias=True)
        (1): Linear(in_features=100, out_features=50, bias=True)
      )
    )
    (1): MLP(
      (fc_layers): ModuleList(
        (0): Linear(in_features=3, out_features=100, bias=True)
        (1): Linear(in_features=100, out_features=50, bias=True)
      )
    )
  )
)
writer=<torch.utils.tensorboard.writer.SummaryWriter object at 0x7fb6e6184e50>
dataset_type=syn
drop_key=True
num_common_features=16
tree_radius=2
tree_leaf_size=1000
knn_k=100
grid_min=-10.0
grid_max=10.0
grid_width=1.5
sim_scaler=StandardScaler()
filter_top_k=None
link_n_jobs=-1
psig_p=7
sim_leak_p=0.05
link_threshold_t=0.01
link_epsilon=0.002
n_hash_lsh=20
edit_distance_threshold=1
n_hash_func=10
collision_rate=0.05
qgram_q=2
link_delta=0.002
feature_wise_sim=False
blocking_method=knn_priv_str
center_threshold=0.5
n_clusters=100
local_hidden_sizes=[[100], [100]]
cut_dims=[50, 50]
agg_hidden_sizes=[100]
scale_analysis=<utils.privacy.SimNoiseScale object at 0x7fb6e67a2a90>
log_dir=log/frog_avgsim_noise_0.2_2022-02-05-13-25-43/
update_sim_freq=1
sim_model_save_path=ckp/frog_avgsim_noise_0.2_2022-02-05-13-25-43_sim.pth
sim_batch_size=4096
sim_weight_decay=0.001
sim_learning_rate=0.003
merge_mode=avg
sim_model=None
sim_hidden_sizes=[10]
data1_shape=(7195, 19)
data2_shape=(7195, 19)
Epoch 1: Loss:            : Train 1.7160, Val 1.4209, Test 1.4143
          Accuracy         : Train 0.4795, Val 0.5379, Test 0.5365
Best:
          Accuracy         : Train 0.4795, Val 0.5379, Test 0.5365
Epoch 2: Loss:            : Train 1.2499, Val 1.1599, Test 1.1453
          Accuracy         : Train 0.6185, Val 0.6449, Test 0.6366
Best:
          Accuracy         : Train 0.6185, Val 0.6449, Test 0.6366
Epoch 3: Loss:            : Train 1.1271, Val 1.0702, Test 1.0592
          Accuracy         : Train 0.6442, Val 0.6720, Test 0.6720
Best:
          Accuracy         : Train 0.6442, Val 0.6720, Test 0.6720
Epoch 4: Loss:            : Train 1.0185, Val 0.9762, Test 0.9668
          Accuracy         : Train 0.6822, Val 0.6908, Test 0.6977
Best:
          Accuracy         : Train 0.6822, Val 0.6908, Test 0.6977
Epoch 5: Loss:            : Train 0.9540, Val 0.9231, Test 0.9134
          Accuracy         : Train 0.6975, Val 0.7040, Test 0.7137
Best:
          Accuracy         : Train 0.6975, Val 0.7040, Test 0.7137
Epoch 6: Loss:            : Train 0.9041, Val 0.9346, Test 0.9137
          Accuracy         : Train 0.7151, Val 0.7144, Test 0.7186
Best:
          Accuracy         : Train 0.7151, Val 0.7144, Test 0.7186
Epoch 7: Loss:            : Train 0.8819, Val 0.8908, Test 0.8829
          Accuracy         : Train 0.7250, Val 0.7123, Test 0.7158
Best:
          Accuracy         : Train 0.7151, Val 0.7144, Test 0.7186
Epoch 8: Loss:            : Train 0.8524, Val 0.8567, Test 0.8464
          Accuracy         : Train 0.7341, Val 0.7345, Test 0.7373
Best:
          Accuracy         : Train 0.7341, Val 0.7345, Test 0.7373
Epoch 9: Loss:            : Train 0.8299, Val 0.8625, Test 0.8386
          Accuracy         : Train 0.7382, Val 0.7366, Test 0.7443
Best:
          Accuracy         : Train 0.7382, Val 0.7366, Test 0.7443
Epoch 10: Loss:            : Train 0.8112, Val 0.8260, Test 0.8120
          Accuracy         : Train 0.7443, Val 0.7373, Test 0.7470
Best:
          Accuracy         : Train 0.7443, Val 0.7373, Test 0.7470
Epoch 11: Loss:            : Train 0.7995, Val 0.8228, Test 0.8040
          Accuracy         : Train 0.7494, Val 0.7359, Test 0.7443
Best:
          Accuracy         : Train 0.7443, Val 0.7373, Test 0.7470
Epoch 12: Loss:            : Train 0.7881, Val 0.8195, Test 0.7994
          Accuracy         : Train 0.7510, Val 0.7450, Test 0.7568
Best:
          Accuracy         : Train 0.7510, Val 0.7450, Test 0.7568
Epoch 13: Loss:            : Train 0.7794, Val 0.7925, Test 0.7861
          Accuracy         : Train 0.7503, Val 0.7512, Test 0.7443
Best:
          Accuracy         : Train 0.7503, Val 0.7512, Test 0.7443
Epoch 14: Loss:            : Train 0.7669, Val 0.8148, Test 0.7889
          Accuracy         : Train 0.7545, Val 0.7443, Test 0.7519
Best:
          Accuracy         : Train 0.7503, Val 0.7512, Test 0.7443
Epoch 15: Loss:            : Train 0.7591, Val 0.8037, Test 0.7763
          Accuracy         : Train 0.7603, Val 0.7352, Test 0.7477
Best:
          Accuracy         : Train 0.7503, Val 0.7512, Test 0.7443
Epoch 16: Loss:            : Train 0.7542, Val 0.7911, Test 0.7677
          Accuracy         : Train 0.7621, Val 0.7568, Test 0.7589
Best:
          Accuracy         : Train 0.7621, Val 0.7568, Test 0.7589
Epoch 17: Loss:            : Train 0.7416, Val 0.7885, Test 0.7561
          Accuracy         : Train 0.7593, Val 0.7512, Test 0.7609
Best:
          Accuracy         : Train 0.7621, Val 0.7568, Test 0.7589
Epoch 18: Loss:            : Train 0.7402, Val 0.7770, Test 0.7508
          Accuracy         : Train 0.7605, Val 0.7470, Test 0.7651
Best:
          Accuracy         : Train 0.7621, Val 0.7568, Test 0.7589
Epoch 19: Loss:            : Train 0.7304, Val 0.8041, Test 0.7660
          Accuracy         : Train 0.7688, Val 0.7519, Test 0.7700
Best:
          Accuracy         : Train 0.7621, Val 0.7568, Test 0.7589
Epoch 20: Loss:            : Train 0.7234, Val 0.7972, Test 0.7463
          Accuracy         : Train 0.7633, Val 0.7505, Test 0.7616
Best:
          Accuracy         : Train 0.7621, Val 0.7568, Test 0.7589
Epoch 21: Loss:            : Train 0.7242, Val 0.7851, Test 0.7514
          Accuracy         : Train 0.7635, Val 0.7519, Test 0.7658
Best:
          Accuracy         : Train 0.7621, Val 0.7568, Test 0.7589
Epoch 22: Loss:            : Train 0.7154, Val 0.7814, Test 0.7476
          Accuracy         : Train 0.7686, Val 0.7519, Test 0.7644
Best:
          Accuracy         : Train 0.7621, Val 0.7568, Test 0.7589
Epoch 23: Loss:            : Train 0.7091, Val 0.7772, Test 0.7644
          Accuracy         : Train 0.7665, Val 0.7568, Test 0.7589
Best:
          Accuracy         : Train 0.7621, Val 0.7568, Test 0.7589
Epoch 24: Loss:            : Train 0.7126, Val 0.7468, Test 0.7492
          Accuracy         : Train 0.7691, Val 0.7547, Test 0.7728
Best:
          Accuracy         : Train 0.7621, Val 0.7568, Test 0.7589
Epoch 25: Loss:            : Train 0.7060, Val 0.7769, Test 0.7629
          Accuracy         : Train 0.7667, Val 0.7429, Test 0.7630
Best:
          Accuracy         : Train 0.7621, Val 0.7568, Test 0.7589
Epoch 26: Loss:            : Train 0.7089, Val 0.7542, Test 0.7668
          Accuracy         : Train 0.7704, Val 0.7596, Test 0.7714
Best:
          Accuracy         : Train 0.7704, Val 0.7596, Test 0.7714
Epoch 27: Loss:            : Train 0.6938, Val 0.7484, Test 0.7489
          Accuracy         : Train 0.7723, Val 0.7603, Test 0.7728
Best:
          Accuracy         : Train 0.7723, Val 0.7603, Test 0.7728
Epoch 28: Loss:            : Train 0.6973, Val 0.7578, Test 0.7267
          Accuracy         : Train 0.7735, Val 0.7575, Test 0.7651
Best:
          Accuracy         : Train 0.7723, Val 0.7603, Test 0.7728
Epoch 29: Loss:            : Train 0.6918, Val 0.7834, Test 0.7381
          Accuracy         : Train 0.7721, Val 0.7603, Test 0.7582
Best:
          Accuracy         : Train 0.7723, Val 0.7603, Test 0.7728
Epoch 30: Loss:            : Train 0.6931, Val 0.7530, Test 0.7525
          Accuracy         : Train 0.7762, Val 0.7630, Test 0.7651
Best:
          Accuracy         : Train 0.7762, Val 0.7630, Test 0.7651
Epoch 31: Loss:            : Train 0.6948, Val 0.7631, Test 0.7669
          Accuracy         : Train 0.7737, Val 0.7561, Test 0.7665
Best:
          Accuracy         : Train 0.7762, Val 0.7630, Test 0.7651
Epoch 32: Loss:            : Train 0.6905, Val 0.7474, Test 0.7350
          Accuracy         : Train 0.7725, Val 0.7686, Test 0.7658
Best:
          Accuracy         : Train 0.7725, Val 0.7686, Test 0.7658
Epoch 33: Loss:            : Train 0.6881, Val 0.8040, Test 0.7313
          Accuracy         : Train 0.7695, Val 0.7630, Test 0.7728
Best:
          Accuracy         : Train 0.7725, Val 0.7686, Test 0.7658
Epoch 34: Loss:            : Train 0.6831, Val 0.7650, Test 0.7342
          Accuracy         : Train 0.7751, Val 0.7568, Test 0.7721
Best:
          Accuracy         : Train 0.7725, Val 0.7686, Test 0.7658
Epoch 35: Loss:            : Train 0.6841, Val 0.7518, Test 0.7325
          Accuracy         : Train 0.7702, Val 0.7609, Test 0.7651
Best:
          Accuracy         : Train 0.7725, Val 0.7686, Test 0.7658
Epoch 36: Loss:            : Train 0.6777, Val 0.7930, Test 0.7380
          Accuracy         : Train 0.7767, Val 0.7596, Test 0.7630
Best:
          Accuracy         : Train 0.7725, Val 0.7686, Test 0.7658
Epoch 37: Loss:            : Train 0.6699, Val 0.7456, Test 0.7382
          Accuracy         : Train 0.7841, Val 0.7644, Test 0.7707
Best:
          Accuracy         : Train 0.7725, Val 0.7686, Test 0.7658
Epoch 38: Loss:            : Train 0.6689, Val 0.7465, Test 0.7673
          Accuracy         : Train 0.7783, Val 0.7623, Test 0.7616
Best:
          Accuracy         : Train 0.7725, Val 0.7686, Test 0.7658
Epoch 39: Loss:            : Train 0.6636, Val 0.7528, Test 0.6999
          Accuracy         : Train 0.7753, Val 0.7609, Test 0.7735
Best:
          Accuracy         : Train 0.7725, Val 0.7686, Test 0.7658
Epoch 40: Loss:            : Train 0.6740, Val 0.7741, Test 0.7331
          Accuracy         : Train 0.7760, Val 0.7561, Test 0.7672
Best:
          Accuracy         : Train 0.7725, Val 0.7686, Test 0.7658
Epoch 41: Loss:            : Train 0.6594, Val 0.7672, Test 0.7082
          Accuracy         : Train 0.7839, Val 0.7665, Test 0.7741
Best:
          Accuracy         : Train 0.7725, Val 0.7686, Test 0.7658
Epoch 42: Loss:            : Train 0.6626, Val 0.7278, Test 0.7191
          Accuracy         : Train 0.7799, Val 0.7616, Test 0.7728
Best:
          Accuracy         : Train 0.7725, Val 0.7686, Test 0.7658
Epoch 43: Loss:            : Train 0.6525, Val 0.7635, Test 0.7172
          Accuracy         : Train 0.7823, Val 0.7693, Test 0.7686
Best:
          Accuracy         : Train 0.7823, Val 0.7693, Test 0.7686
Epoch 44: Loss:            : Train 0.6556, Val 0.7774, Test 0.7311
          Accuracy         : Train 0.7797, Val 0.7568, Test 0.7658
Best:
          Accuracy         : Train 0.7823, Val 0.7693, Test 0.7686
Epoch 45: Loss:            : Train 0.6528, Val 0.7672, Test 0.7608
          Accuracy         : Train 0.7813, Val 0.7603, Test 0.7679
Best:
          Accuracy         : Train 0.7823, Val 0.7693, Test 0.7686
Epoch 46: Loss:            : Train 0.6467, Val 0.7478, Test 0.7209
          Accuracy         : Train 0.7832, Val 0.7616, Test 0.7582
Best:
          Accuracy         : Train 0.7823, Val 0.7693, Test 0.7686
Epoch 47: Loss:            : Train 0.6500, Val 0.7808, Test 0.7944
          Accuracy         : Train 0.7827, Val 0.7464, Test 0.7630
Best:
          Accuracy         : Train 0.7823, Val 0.7693, Test 0.7686
Epoch 48: Loss:            : Train 0.6362, Val 0.8011, Test 0.7617
          Accuracy         : Train 0.7887, Val 0.7547, Test 0.7630
Best:
          Accuracy         : Train 0.7823, Val 0.7693, Test 0.7686
Epoch 49: Loss:            : Train 0.6417, Val 0.7354, Test 0.7005
          Accuracy         : Train 0.7802, Val 0.7693, Test 0.7874
Best:
          Accuracy         : Train 0.7823, Val 0.7693, Test 0.7686
Epoch 50: Loss:            : Train 0.6416, Val 0.7734, Test 0.7048
          Accuracy         : Train 0.7864, Val 0.7658, Test 0.7790
Best:
          Accuracy         : Train 0.7823, Val 0.7693, Test 0.7686
Epoch 51: Loss:            : Train 0.6275, Val 0.7616, Test 0.6956
          Accuracy         : Train 0.7887, Val 0.7658, Test 0.7728
Best:
          Accuracy         : Train 0.7823, Val 0.7693, Test 0.7686
Epoch 52: Loss:            : Train 0.6291, Val 0.7563, Test 0.7106
          Accuracy         : Train 0.7906, Val 0.7596, Test 0.7735
Best:
          Accuracy         : Train 0.7823, Val 0.7693, Test 0.7686
Epoch 53: Loss:            : Train 0.6308, Val 0.7875, Test 0.7804
          Accuracy         : Train 0.7874, Val 0.7464, Test 0.7679
Best:
          Accuracy         : Train 0.7823, Val 0.7693, Test 0.7686
Epoch 54: Loss:            : Train 0.6231, Val 0.7664, Test 0.7380
          Accuracy         : Train 0.7911, Val 0.7575, Test 0.7679
Best:
          Accuracy         : Train 0.7823, Val 0.7693, Test 0.7686
Epoch 55: Loss:            : Train 0.6235, Val 0.7786, Test 0.7486
          Accuracy         : Train 0.7927, Val 0.7582, Test 0.7651
Best:
          Accuracy         : Train 0.7823, Val 0.7693, Test 0.7686
Epoch 56: Loss:            : Train 0.6261, Val 0.7574, Test 0.7113
          Accuracy         : Train 0.7906, Val 0.7721, Test 0.7735
Best:
          Accuracy         : Train 0.7906, Val 0.7721, Test 0.7735
Epoch 57: Loss:            : Train 0.6196, Val 0.7837, Test 0.7238
          Accuracy         : Train 0.7915, Val 0.7665, Test 0.7741
Best:
          Accuracy         : Train 0.7906, Val 0.7721, Test 0.7735
Epoch 58: Loss:            : Train 0.6178, Val 0.7551, Test 0.6974
          Accuracy         : Train 0.7934, Val 0.7637, Test 0.7790
Best:
          Accuracy         : Train 0.7906, Val 0.7721, Test 0.7735
Epoch 59: Loss:            : Train 0.6171, Val 0.7523, Test 0.6779
          Accuracy         : Train 0.7883, Val 0.7658, Test 0.7797
Best:
          Accuracy         : Train 0.7906, Val 0.7721, Test 0.7735
Epoch 60: Loss:            : Train 0.6186, Val 0.7652, Test 0.7316
          Accuracy         : Train 0.7959, Val 0.7470, Test 0.7644
Best:
          Accuracy         : Train 0.7906, Val 0.7721, Test 0.7735
Epoch 61: Loss:            : Train 0.6095, Val 0.7757, Test 0.7250
          Accuracy         : Train 0.7927, Val 0.7589, Test 0.7769
Best:
          Accuracy         : Train 0.7906, Val 0.7721, Test 0.7735
Epoch 62: Loss:            : Train 0.6109, Val 0.7623, Test 0.7365
          Accuracy         : Train 0.7987, Val 0.7554, Test 0.7748
Best:
          Accuracy         : Train 0.7906, Val 0.7721, Test 0.7735
Epoch 63: Loss:            : Train 0.6105, Val 0.8068, Test 0.8053
          Accuracy         : Train 0.7924, Val 0.7526, Test 0.7519
Best:
          Accuracy         : Train 0.7906, Val 0.7721, Test 0.7735
Epoch 64: Loss:            : Train 0.6104, Val 0.8207, Test 0.7458
          Accuracy         : Train 0.7890, Val 0.7498, Test 0.7665
Best:
          Accuracy         : Train 0.7906, Val 0.7721, Test 0.7735
Epoch 65: Loss:            : Train 0.6071, Val 0.7528, Test 0.7222
          Accuracy         : Train 0.7952, Val 0.7498, Test 0.7714
Best:
          Accuracy         : Train 0.7906, Val 0.7721, Test 0.7735
Epoch 66: Loss:            : Train 0.6102, Val 0.7640, Test 0.7551
          Accuracy         : Train 0.7922, Val 0.7693, Test 0.7700
Best:
          Accuracy         : Train 0.7906, Val 0.7721, Test 0.7735
Epoch 67: Loss:            : Train 0.6006, Val 0.7898, Test 0.8198
          Accuracy         : Train 0.7985, Val 0.7526, Test 0.7547
Best:
          Accuracy         : Train 0.7906, Val 0.7721, Test 0.7735
Epoch 68: Loss:            : Train 0.5971, Val 0.7803, Test 0.8045
          Accuracy         : Train 0.7936, Val 0.7568, Test 0.7603
Best:
          Accuracy         : Train 0.7906, Val 0.7721, Test 0.7735
Epoch 69: Loss:            : Train 0.5932, Val 0.7543, Test 0.7826
          Accuracy         : Train 0.7959, Val 0.7575, Test 0.7498
Best:
          Accuracy         : Train 0.7906, Val 0.7721, Test 0.7735
Epoch 70: Loss:            : Train 0.5917, Val 0.7736, Test 0.7824
          Accuracy         : Train 0.7968, Val 0.7616, Test 0.7582
Best:
          Accuracy         : Train 0.7906, Val 0.7721, Test 0.7735
Epoch 71: Loss:            : Train 0.5976, Val 0.7862, Test 0.7604
          Accuracy         : Train 0.7936, Val 0.7707, Test 0.7700
Best:
          Accuracy         : Train 0.7906, Val 0.7721, Test 0.7735
Epoch 72: Loss:            : Train 0.5962, Val 0.7458, Test 0.7257
          Accuracy         : Train 0.7945, Val 0.7630, Test 0.7700
Best:
          Accuracy         : Train 0.7906, Val 0.7721, Test 0.7735
Epoch 73: Loss:            : Train 0.5936, Val 0.7549, Test 0.7558
          Accuracy         : Train 0.7971, Val 0.7609, Test 0.7651
Best:
          Accuracy         : Train 0.7906, Val 0.7721, Test 0.7735
Epoch 74: Loss:            : Train 0.5897, Val 0.8049, Test 0.7042
          Accuracy         : Train 0.7982, Val 0.7554, Test 0.7741
Best:
          Accuracy         : Train 0.7906, Val 0.7721, Test 0.7735
Epoch 75: Loss:            : Train 0.5885, Val 0.7625, Test 0.7645
          Accuracy         : Train 0.7971, Val 0.7700, Test 0.7679
Best:
          Accuracy         : Train 0.7906, Val 0.7721, Test 0.7735
Epoch 76: Loss:            : Train 0.5869, Val 0.7402, Test 0.6860
          Accuracy         : Train 0.7980, Val 0.7714, Test 0.7797
Best:
          Accuracy         : Train 0.7906, Val 0.7721, Test 0.7735
Epoch 77: Loss:            : Train 0.5796, Val 0.7675, Test 0.7058
          Accuracy         : Train 0.7992, Val 0.7596, Test 0.7672
Best:
          Accuracy         : Train 0.7906, Val 0.7721, Test 0.7735
Epoch 78: Loss:            : Train 0.5811, Val 0.7800, Test 0.8324
          Accuracy         : Train 0.8006, Val 0.7568, Test 0.7526
Best:
          Accuracy         : Train 0.7906, Val 0.7721, Test 0.7735
Epoch 79: Loss:            : Train 0.5774, Val 0.7634, Test 0.7392
          Accuracy         : Train 0.8080, Val 0.7665, Test 0.7783
Best:
          Accuracy         : Train 0.7906, Val 0.7721, Test 0.7735
Epoch 80: Loss:            : Train 0.5797, Val 0.7437, Test 0.7215
          Accuracy         : Train 0.8026, Val 0.7658, Test 0.7762
Best:
          Accuracy         : Train 0.7906, Val 0.7721, Test 0.7735
Epoch 81: Loss:            : Train 0.5670, Val 0.8151, Test 0.8757
          Accuracy         : Train 0.8024, Val 0.7547, Test 0.7276
Best:
          Accuracy         : Train 0.7906, Val 0.7721, Test 0.7735
Epoch 82: Loss:            : Train 0.5748, Val 0.7451, Test 0.7411
          Accuracy         : Train 0.8038, Val 0.7637, Test 0.7728
Best:
          Accuracy         : Train 0.7906, Val 0.7721, Test 0.7735
Epoch 83: Loss:            : Train 0.5806, Val 0.7724, Test 0.7470
          Accuracy         : Train 0.8013, Val 0.7651, Test 0.7811
Best:
          Accuracy         : Train 0.7906, Val 0.7721, Test 0.7735
Epoch 84: Loss:            : Train 0.5743, Val 0.7830, Test 0.7371
          Accuracy         : Train 0.8019, Val 0.7582, Test 0.7735
Best:
          Accuracy         : Train 0.7906, Val 0.7721, Test 0.7735
Epoch 85: Loss:            : Train 0.5738, Val 0.7878, Test 0.7256
          Accuracy         : Train 0.8066, Val 0.7623, Test 0.7721
Best:
          Accuracy         : Train 0.7906, Val 0.7721, Test 0.7735
Epoch 86: Loss:            : Train 0.5729, Val 0.7839, Test 0.7560
          Accuracy         : Train 0.8006, Val 0.7637, Test 0.7915
Best:
          Accuracy         : Train 0.7906, Val 0.7721, Test 0.7735
Epoch 87: Loss:            : Train 0.5650, Val 0.7818, Test 0.7600
          Accuracy         : Train 0.8045, Val 0.7582, Test 0.7637
Best:
          Accuracy         : Train 0.7906, Val 0.7721, Test 0.7735
Epoch 88: Loss:            : Train 0.5754, Val 0.8158, Test 0.7984
          Accuracy         : Train 0.8017, Val 0.7728, Test 0.7735
Best:
          Accuracy         : Train 0.8017, Val 0.7728, Test 0.7735
Epoch 89: Loss:            : Train 0.5666, Val 0.7941, Test 0.7659
          Accuracy         : Train 0.8080, Val 0.7596, Test 0.7616
Best:
          Accuracy         : Train 0.8017, Val 0.7728, Test 0.7735
Epoch 90: Loss:            : Train 0.5681, Val 0.7538, Test 0.7407
          Accuracy         : Train 0.8077, Val 0.7700, Test 0.7748
Best:
          Accuracy         : Train 0.8017, Val 0.7728, Test 0.7735
Epoch 91: Loss:            : Train 0.5677, Val 0.7694, Test 0.7326
          Accuracy         : Train 0.8057, Val 0.7665, Test 0.7825
Best:
          Accuracy         : Train 0.8017, Val 0.7728, Test 0.7735
Epoch 92: Loss:            : Train 0.5589, Val 0.7811, Test 0.7819
          Accuracy         : Train 0.8017, Val 0.7505, Test 0.7741
Best:
          Accuracy         : Train 0.8017, Val 0.7728, Test 0.7735
Epoch 93: Loss:            : Train 0.5713, Val 0.7767, Test 0.7285
          Accuracy         : Train 0.8024, Val 0.7755, Test 0.7797
Best:
          Accuracy         : Train 0.8024, Val 0.7755, Test 0.7797
Epoch 94: Loss:            : Train 0.5596, Val 0.7695, Test 0.7112
          Accuracy         : Train 0.8063, Val 0.7672, Test 0.7811
Best:
          Accuracy         : Train 0.8024, Val 0.7755, Test 0.7797
Epoch 95: Loss:            : Train 0.5582, Val 0.7956, Test 0.8507
          Accuracy         : Train 0.8054, Val 0.7623, Test 0.7596
Best:
          Accuracy         : Train 0.8024, Val 0.7755, Test 0.7797
Epoch 96: Loss:            : Train 0.5602, Val 0.7639, Test 0.7522
          Accuracy         : Train 0.8084, Val 0.7707, Test 0.7804
Best:
          Accuracy         : Train 0.8024, Val 0.7755, Test 0.7797
Epoch 97: Loss:            : Train 0.5525, Val 0.7615, Test 0.7825
          Accuracy         : Train 0.8087, Val 0.7644, Test 0.7790
Best:
          Accuracy         : Train 0.8024, Val 0.7755, Test 0.7797
Epoch 98: Loss:            : Train 0.5574, Val 0.7852, Test 0.8145
          Accuracy         : Train 0.8080, Val 0.7616, Test 0.7505
Best:
          Accuracy         : Train 0.8024, Val 0.7755, Test 0.7797
Epoch 99: Loss:            : Train 0.5472, Val 0.7870, Test 0.8519
          Accuracy         : Train 0.8161, Val 0.7547, Test 0.7380
Best:
          Accuracy         : Train 0.8024, Val 0.7755, Test 0.7797
Epoch 100: Loss:            : Train 0.5490, Val 0.7871, Test 0.7440
          Accuracy         : Train 0.8142, Val 0.7672, Test 0.7665
Best:
          Accuracy         : Train 0.8024, Val 0.7755, Test 0.7797
Training time (sec): 424
