Loading parties from cache
Loading data from cache
Done
Calculating noise scale
Adding noise of scale 0.0 to sim_scores
Adding noise of scale 0.0 to sim_scores
Adding noise of scale 0.0 to sim_scores
Preparing time (sec): 0
Initializing dataloader
Done
Prepare for training
Start training
================================================================================
                                    Kernel Shape Output Shape  Params  \
Layer                                                                   
0_local_models.0.fc_layers.Linear_0     [3, 100]    [32, 100]     400   
1_local_models.0.fc_layers.Linear_1    [100, 50]     [32, 50]    5050   
2_local_models.1.fc_layers.Linear_0     [3, 100]    [32, 100]     400   
3_local_models.1.fc_layers.Linear_1    [100, 50]     [32, 50]    5050   
4_agg_model.fc_layers.Linear_0        [100, 100]    [32, 100]   10100   
5_agg_model.fc_layers.Linear_1         [100, 10]     [32, 10]    1010   

                                     Mult-Adds  
Layer                                           
0_local_models.0.fc_layers.Linear_0        300  
1_local_models.0.fc_layers.Linear_1       5000  
2_local_models.1.fc_layers.Linear_0        300  
3_local_models.1.fc_layers.Linear_1       5000  
4_agg_model.fc_layers.Linear_0           10000  
5_agg_model.fc_layers.Linear_1            1000  
--------------------------------------------------------------------------------
                      Totals
Total params           22010
Trainable params       22010
Non-trainable params       0
Mult-Adds              21600
================================================================================
n_classes=10
task=multi_cls
model_name=frog_avgsim_noise_0.2_2022-02-05-15-19-37
sche_threshold=0.0001
sche_patience=10
sche_factor=0.1
use_scheduler=False
num_workers=4
device=cuda:1
test_batch_size=4096
train_batch_size=32
learning_rate=0.003
weight_decay=0.001
num_epochs=100
model_save_path=ckp/frog_avgsim_noise_0.2_2022-02-05-15-19-37.pth
test_rate=0.2
val_rate=0.2
multiprocess_context=fork
metrics=['accuracy']
metrics_f=[<metric.accuracy.Accuracy object at 0x7fc5c8bb2d00>]
hidden_sizes=[100, 100]
model=SplitNN(
  (agg_model): MLP(
    (fc_layers): ModuleList(
      (0): Linear(in_features=100, out_features=100, bias=True)
      (1): Linear(in_features=100, out_features=10, bias=True)
    )
  )
  (local_models): ModuleList(
    (0): MLP(
      (fc_layers): ModuleList(
        (0): Linear(in_features=3, out_features=100, bias=True)
        (1): Linear(in_features=100, out_features=50, bias=True)
      )
    )
    (1): MLP(
      (fc_layers): ModuleList(
        (0): Linear(in_features=3, out_features=100, bias=True)
        (1): Linear(in_features=100, out_features=50, bias=True)
      )
    )
  )
)
writer=<torch.utils.tensorboard.writer.SummaryWriter object at 0x7fc5c8bb2e20>
dataset_type=syn
drop_key=True
num_common_features=16
tree_radius=2
tree_leaf_size=1000
knn_k=100
grid_min=-10.0
grid_max=10.0
grid_width=1.5
sim_scaler=StandardScaler()
filter_top_k=None
link_n_jobs=-1
psig_p=7
sim_leak_p=1.0
link_threshold_t=0.01
link_epsilon=0.002
n_hash_lsh=20
edit_distance_threshold=1
n_hash_func=10
collision_rate=0.05
qgram_q=2
link_delta=0.002
feature_wise_sim=False
blocking_method=knn_priv_str
center_threshold=0.5
n_clusters=100
local_hidden_sizes=[[100], [100]]
cut_dims=[50, 50]
agg_hidden_sizes=[100]
scale_analysis=None
log_dir=log/frog_avgsim_noise_0.2_2022-02-05-15-19-37/
update_sim_freq=1
sim_model_save_path=ckp/frog_avgsim_noise_0.2_2022-02-05-15-19-37_sim.pth
sim_batch_size=4096
sim_weight_decay=0.001
sim_learning_rate=0.003
merge_mode=avg
sim_model=None
sim_hidden_sizes=[10]
data1_shape=(7195, 19)
data2_shape=(7195, 19)
Epoch 1: Loss:            : Train 1.6717, Val 1.2954, Test 1.3133
          Accuracy         : Train 0.4844, Val 0.4830, Test 0.4871
Best:
          Accuracy         : Train 0.4844, Val 0.4830, Test 0.4871
Epoch 2: Loss:            : Train 0.9713, Val 0.7673, Test 0.8126
          Accuracy         : Train 0.7012, Val 0.7818, Test 0.7283
Best:
          Accuracy         : Train 0.7012, Val 0.7818, Test 0.7283
Epoch 3: Loss:            : Train 0.6741, Val 0.6452, Test 0.7384
          Accuracy         : Train 0.7985, Val 0.7853, Test 0.7325
Best:
          Accuracy         : Train 0.7985, Val 0.7853, Test 0.7325
Epoch 4: Loss:            : Train 0.5490, Val 0.5163, Test 0.5849
          Accuracy         : Train 0.8344, Val 0.8582, Test 0.8103
Best:
          Accuracy         : Train 0.8344, Val 0.8582, Test 0.8103
Epoch 5: Loss:            : Train 0.4646, Val 0.4287, Test 0.5088
          Accuracy         : Train 0.8575, Val 0.8742, Test 0.8353
Best:
          Accuracy         : Train 0.8575, Val 0.8742, Test 0.8353
Epoch 6: Loss:            : Train 0.4024, Val 0.4421, Test 0.5513
          Accuracy         : Train 0.8765, Val 0.8687, Test 0.8221
Best:
          Accuracy         : Train 0.8575, Val 0.8742, Test 0.8353
Epoch 7: Loss:            : Train 0.3556, Val 0.3586, Test 0.4045
          Accuracy         : Train 0.8900, Val 0.8978, Test 0.8819
Best:
          Accuracy         : Train 0.8900, Val 0.8978, Test 0.8819
Epoch 8: Loss:            : Train 0.3326, Val 0.3800, Test 0.4358
          Accuracy         : Train 0.9043, Val 0.8867, Test 0.8610
Best:
          Accuracy         : Train 0.8900, Val 0.8978, Test 0.8819
Epoch 9: Loss:            : Train 0.2956, Val 0.3808, Test 0.4446
          Accuracy         : Train 0.9124, Val 0.8846, Test 0.8541
Best:
          Accuracy         : Train 0.8900, Val 0.8978, Test 0.8819
Epoch 10: Loss:            : Train 0.2798, Val 0.3348, Test 0.4005
          Accuracy         : Train 0.9203, Val 0.9173, Test 0.8853
Best:
          Accuracy         : Train 0.9203, Val 0.9173, Test 0.8853
Epoch 11: Loss:            : Train 0.2586, Val 0.3861, Test 0.4587
          Accuracy         : Train 0.9243, Val 0.8756, Test 0.8423
Best:
          Accuracy         : Train 0.9203, Val 0.9173, Test 0.8853
Epoch 12: Loss:            : Train 0.2474, Val 0.4139, Test 0.4149
          Accuracy         : Train 0.9291, Val 0.8666, Test 0.8666
Best:
          Accuracy         : Train 0.9203, Val 0.9173, Test 0.8853
Epoch 13: Loss:            : Train 0.2427, Val 0.2849, Test 0.3163
          Accuracy         : Train 0.9293, Val 0.9229, Test 0.8860
Best:
          Accuracy         : Train 0.9293, Val 0.9229, Test 0.8860
Epoch 14: Loss:            : Train 0.2269, Val 0.2752, Test 0.2904
          Accuracy         : Train 0.9344, Val 0.9159, Test 0.9062
Best:
          Accuracy         : Train 0.9293, Val 0.9229, Test 0.8860
Epoch 15: Loss:            : Train 0.2113, Val 0.3045, Test 0.3871
          Accuracy         : Train 0.9379, Val 0.9055, Test 0.8680
Best:
          Accuracy         : Train 0.9293, Val 0.9229, Test 0.8860
Epoch 16: Loss:            : Train 0.2051, Val 0.4019, Test 0.3415
          Accuracy         : Train 0.9412, Val 0.8867, Test 0.8923
Best:
          Accuracy         : Train 0.9293, Val 0.9229, Test 0.8860
Epoch 17: Loss:            : Train 0.2000, Val 0.4113, Test 0.3730
          Accuracy         : Train 0.9372, Val 0.8763, Test 0.8770
Best:
          Accuracy         : Train 0.9293, Val 0.9229, Test 0.8860
Epoch 18: Loss:            : Train 0.1884, Val 0.4101, Test 0.3334
          Accuracy         : Train 0.9393, Val 0.8770, Test 0.8805
Best:
          Accuracy         : Train 0.9293, Val 0.9229, Test 0.8860
Epoch 19: Loss:            : Train 0.1911, Val 0.3974, Test 0.3606
          Accuracy         : Train 0.9419, Val 0.8756, Test 0.8791
Best:
          Accuracy         : Train 0.9293, Val 0.9229, Test 0.8860
Epoch 20: Loss:            : Train 0.1841, Val 0.3361, Test 0.3546
          Accuracy         : Train 0.9446, Val 0.9034, Test 0.8860
Best:
          Accuracy         : Train 0.9293, Val 0.9229, Test 0.8860
Epoch 21: Loss:            : Train 0.1756, Val 0.2625, Test 0.2812
          Accuracy         : Train 0.9486, Val 0.9194, Test 0.8923
Best:
          Accuracy         : Train 0.9293, Val 0.9229, Test 0.8860
Epoch 22: Loss:            : Train 0.1737, Val 0.2866, Test 0.2186
          Accuracy         : Train 0.9465, Val 0.9236, Test 0.9333
Best:
          Accuracy         : Train 0.9465, Val 0.9236, Test 0.9333
Epoch 23: Loss:            : Train 0.1639, Val 0.3081, Test 0.2458
          Accuracy         : Train 0.9488, Val 0.9208, Test 0.9243
Best:
          Accuracy         : Train 0.9465, Val 0.9236, Test 0.9333
Epoch 24: Loss:            : Train 0.1635, Val 0.3263, Test 0.2989
          Accuracy         : Train 0.9502, Val 0.9097, Test 0.9145
Best:
          Accuracy         : Train 0.9465, Val 0.9236, Test 0.9333
Epoch 25: Loss:            : Train 0.1642, Val 0.2899, Test 0.2623
          Accuracy         : Train 0.9504, Val 0.9256, Test 0.9159
Best:
          Accuracy         : Train 0.9504, Val 0.9256, Test 0.9159
Epoch 26: Loss:            : Train 0.1616, Val 0.3647, Test 0.4014
          Accuracy         : Train 0.9490, Val 0.8965, Test 0.8666
Best:
          Accuracy         : Train 0.9504, Val 0.9256, Test 0.9159
Epoch 27: Loss:            : Train 0.1570, Val 0.3513, Test 0.3902
          Accuracy         : Train 0.9546, Val 0.8985, Test 0.8645
Best:
          Accuracy         : Train 0.9504, Val 0.9256, Test 0.9159
Epoch 28: Loss:            : Train 0.1497, Val 0.3651, Test 0.3757
          Accuracy         : Train 0.9483, Val 0.8937, Test 0.8735
Best:
          Accuracy         : Train 0.9504, Val 0.9256, Test 0.9159
Epoch 29: Loss:            : Train 0.1540, Val 0.2843, Test 0.3406
          Accuracy         : Train 0.9523, Val 0.9159, Test 0.8958
Best:
          Accuracy         : Train 0.9504, Val 0.9256, Test 0.9159
Epoch 30: Loss:            : Train 0.1470, Val 0.3346, Test 0.3525
          Accuracy         : Train 0.9516, Val 0.9145, Test 0.8923
Best:
          Accuracy         : Train 0.9504, Val 0.9256, Test 0.9159
Epoch 31: Loss:            : Train 0.1481, Val 0.4490, Test 0.4089
          Accuracy         : Train 0.9539, Val 0.8819, Test 0.8707
Best:
          Accuracy         : Train 0.9504, Val 0.9256, Test 0.9159
Epoch 32: Loss:            : Train 0.1563, Val 0.3722, Test 0.3308
          Accuracy         : Train 0.9555, Val 0.8860, Test 0.8978
Best:
          Accuracy         : Train 0.9504, Val 0.9256, Test 0.9159
Epoch 33: Loss:            : Train 0.1425, Val 0.2800, Test 0.3133
          Accuracy         : Train 0.9560, Val 0.9090, Test 0.8923
Best:
          Accuracy         : Train 0.9504, Val 0.9256, Test 0.9159
Epoch 34: Loss:            : Train 0.1434, Val 0.3385, Test 0.2943
          Accuracy         : Train 0.9525, Val 0.9173, Test 0.9090
Best:
          Accuracy         : Train 0.9504, Val 0.9256, Test 0.9159
Epoch 35: Loss:            : Train 0.1369, Val 0.3074, Test 0.2750
          Accuracy         : Train 0.9541, Val 0.8972, Test 0.9152
Best:
          Accuracy         : Train 0.9504, Val 0.9256, Test 0.9159
Epoch 36: Loss:            : Train 0.1377, Val 0.3092, Test 0.2886
          Accuracy         : Train 0.9567, Val 0.9173, Test 0.9104
Best:
          Accuracy         : Train 0.9504, Val 0.9256, Test 0.9159
Epoch 37: Loss:            : Train 0.1419, Val 0.2692, Test 0.2394
          Accuracy         : Train 0.9551, Val 0.9256, Test 0.9298
Best:
          Accuracy         : Train 0.9504, Val 0.9256, Test 0.9159
Epoch 38: Loss:            : Train 0.1390, Val 0.3139, Test 0.2336
          Accuracy         : Train 0.9560, Val 0.9243, Test 0.9305
Best:
          Accuracy         : Train 0.9504, Val 0.9256, Test 0.9159
Epoch 39: Loss:            : Train 0.1325, Val 0.3631, Test 0.2731
          Accuracy         : Train 0.9569, Val 0.9069, Test 0.9229
Best:
          Accuracy         : Train 0.9504, Val 0.9256, Test 0.9159
Epoch 40: Loss:            : Train 0.1327, Val 0.4273, Test 0.3406
          Accuracy         : Train 0.9606, Val 0.8714, Test 0.8937
Best:
          Accuracy         : Train 0.9504, Val 0.9256, Test 0.9159
Epoch 41: Loss:            : Train 0.1261, Val 0.3491, Test 0.2408
          Accuracy         : Train 0.9585, Val 0.9110, Test 0.9249
Best:
          Accuracy         : Train 0.9504, Val 0.9256, Test 0.9159
Epoch 42: Loss:            : Train 0.1279, Val 0.3541, Test 0.2810
          Accuracy         : Train 0.9611, Val 0.8944, Test 0.9152
Best:
          Accuracy         : Train 0.9504, Val 0.9256, Test 0.9159
Epoch 43: Loss:            : Train 0.1277, Val 0.4650, Test 0.3086
          Accuracy         : Train 0.9583, Val 0.8694, Test 0.8944
Best:
          Accuracy         : Train 0.9504, Val 0.9256, Test 0.9159
Epoch 44: Loss:            : Train 0.1208, Val 0.3678, Test 0.3275
          Accuracy         : Train 0.9597, Val 0.9006, Test 0.9069
Best:
          Accuracy         : Train 0.9504, Val 0.9256, Test 0.9159
Epoch 45: Loss:            : Train 0.1308, Val 0.4809, Test 0.3678
          Accuracy         : Train 0.9555, Val 0.8638, Test 0.8972
Best:
          Accuracy         : Train 0.9504, Val 0.9256, Test 0.9159
Epoch 46: Loss:            : Train 0.1280, Val 0.4537, Test 0.2708
          Accuracy         : Train 0.9583, Val 0.8846, Test 0.9229
Best:
          Accuracy         : Train 0.9504, Val 0.9256, Test 0.9159
Epoch 47: Loss:            : Train 0.1247, Val 0.3593, Test 0.3422
          Accuracy         : Train 0.9581, Val 0.8874, Test 0.8916
Best:
          Accuracy         : Train 0.9504, Val 0.9256, Test 0.9159
Epoch 48: Loss:            : Train 0.1224, Val 0.4439, Test 0.2763
          Accuracy         : Train 0.9567, Val 0.8909, Test 0.9256
Best:
          Accuracy         : Train 0.9504, Val 0.9256, Test 0.9159
Epoch 49: Loss:            : Train 0.1232, Val 0.4304, Test 0.3140
          Accuracy         : Train 0.9625, Val 0.8756, Test 0.9062
Best:
          Accuracy         : Train 0.9504, Val 0.9256, Test 0.9159
Epoch 50: Loss:            : Train 0.1174, Val 0.3724, Test 0.3321
          Accuracy         : Train 0.9599, Val 0.9117, Test 0.9013
Best:
          Accuracy         : Train 0.9504, Val 0.9256, Test 0.9159
Epoch 51: Loss:            : Train 0.1244, Val 0.3060, Test 0.2811
          Accuracy         : Train 0.9639, Val 0.9249, Test 0.9117
Best:
          Accuracy         : Train 0.9504, Val 0.9256, Test 0.9159
Epoch 52: Loss:            : Train 0.1090, Val 0.3492, Test 0.3000
          Accuracy         : Train 0.9629, Val 0.9215, Test 0.9145
Best:
          Accuracy         : Train 0.9504, Val 0.9256, Test 0.9159
Epoch 53: Loss:            : Train 0.1182, Val 0.3560, Test 0.3213
          Accuracy         : Train 0.9613, Val 0.9013, Test 0.9090
Best:
          Accuracy         : Train 0.9504, Val 0.9256, Test 0.9159
Epoch 54: Loss:            : Train 0.1084, Val 0.3052, Test 0.3224
          Accuracy         : Train 0.9648, Val 0.9173, Test 0.8965
Best:
          Accuracy         : Train 0.9504, Val 0.9256, Test 0.9159
Epoch 55: Loss:            : Train 0.1180, Val 0.2912, Test 0.2524
          Accuracy         : Train 0.9615, Val 0.9201, Test 0.9138
Best:
          Accuracy         : Train 0.9504, Val 0.9256, Test 0.9159
Epoch 56: Loss:            : Train 0.1067, Val 0.4562, Test 0.4741
          Accuracy         : Train 0.9634, Val 0.8700, Test 0.8728
Best:
          Accuracy         : Train 0.9504, Val 0.9256, Test 0.9159
Epoch 57: Loss:            : Train 0.1060, Val 0.5189, Test 0.3263
          Accuracy         : Train 0.9655, Val 0.8735, Test 0.9152
Best:
          Accuracy         : Train 0.9504, Val 0.9256, Test 0.9159
Epoch 58: Loss:            : Train 0.1125, Val 0.3634, Test 0.3497
          Accuracy         : Train 0.9639, Val 0.9055, Test 0.8944
Best:
          Accuracy         : Train 0.9504, Val 0.9256, Test 0.9159
Epoch 59: Loss:            : Train 0.1009, Val 0.3539, Test 0.3378
          Accuracy         : Train 0.9655, Val 0.9034, Test 0.9117
Best:
          Accuracy         : Train 0.9504, Val 0.9256, Test 0.9159
Epoch 60: Loss:            : Train 0.1140, Val 0.2865, Test 0.2768
          Accuracy         : Train 0.9615, Val 0.9236, Test 0.9138
Best:
          Accuracy         : Train 0.9504, Val 0.9256, Test 0.9159
Epoch 61: Loss:            : Train 0.0998, Val 0.3439, Test 0.3812
          Accuracy         : Train 0.9669, Val 0.9159, Test 0.8881
Best:
          Accuracy         : Train 0.9504, Val 0.9256, Test 0.9159
Epoch 62: Loss:            : Train 0.0976, Val 0.3877, Test 0.2957
          Accuracy         : Train 0.9680, Val 0.9027, Test 0.9076
Best:
          Accuracy         : Train 0.9504, Val 0.9256, Test 0.9159
Epoch 63: Loss:            : Train 0.1028, Val 0.3656, Test 0.3065
          Accuracy         : Train 0.9629, Val 0.9166, Test 0.9097
Best:
          Accuracy         : Train 0.9504, Val 0.9256, Test 0.9159
Epoch 64: Loss:            : Train 0.0988, Val 0.3427, Test 0.2766
          Accuracy         : Train 0.9690, Val 0.9076, Test 0.9131
Best:
          Accuracy         : Train 0.9504, Val 0.9256, Test 0.9159
Epoch 65: Loss:            : Train 0.0958, Val 0.4541, Test 0.3329
          Accuracy         : Train 0.9641, Val 0.8826, Test 0.8999
Best:
          Accuracy         : Train 0.9504, Val 0.9256, Test 0.9159
Epoch 66: Loss:            : Train 0.1040, Val 0.2948, Test 0.2754
          Accuracy         : Train 0.9671, Val 0.9215, Test 0.9152
Best:
          Accuracy         : Train 0.9504, Val 0.9256, Test 0.9159
Epoch 67: Loss:            : Train 0.0957, Val 0.2542, Test 0.3214
          Accuracy         : Train 0.9657, Val 0.9347, Test 0.9062
Best:
          Accuracy         : Train 0.9657, Val 0.9347, Test 0.9062
Epoch 68: Loss:            : Train 0.0916, Val 0.3148, Test 0.3147
          Accuracy         : Train 0.9708, Val 0.9222, Test 0.9069
Best:
          Accuracy         : Train 0.9657, Val 0.9347, Test 0.9062
Epoch 69: Loss:            : Train 0.0970, Val 0.3131, Test 0.2903
          Accuracy         : Train 0.9692, Val 0.9243, Test 0.9187
Best:
          Accuracy         : Train 0.9657, Val 0.9347, Test 0.9062
Epoch 70: Loss:            : Train 0.0946, Val 0.4938, Test 0.2808
          Accuracy         : Train 0.9650, Val 0.8770, Test 0.9138
Best:
          Accuracy         : Train 0.9657, Val 0.9347, Test 0.9062
Epoch 71: Loss:            : Train 0.0941, Val 0.2842, Test 0.3057
          Accuracy         : Train 0.9671, Val 0.9256, Test 0.9249
Best:
          Accuracy         : Train 0.9657, Val 0.9347, Test 0.9062
Epoch 72: Loss:            : Train 0.0882, Val 0.3343, Test 0.2760
          Accuracy         : Train 0.9715, Val 0.9104, Test 0.9208
Best:
          Accuracy         : Train 0.9657, Val 0.9347, Test 0.9062
Epoch 73: Loss:            : Train 0.0901, Val 0.4712, Test 0.3919
          Accuracy         : Train 0.9690, Val 0.8791, Test 0.8958
Best:
          Accuracy         : Train 0.9657, Val 0.9347, Test 0.9062
Epoch 74: Loss:            : Train 0.0884, Val 0.4855, Test 0.3249
          Accuracy         : Train 0.9685, Val 0.8895, Test 0.9173
Best:
          Accuracy         : Train 0.9657, Val 0.9347, Test 0.9062
Epoch 75: Loss:            : Train 0.0816, Val 0.3339, Test 0.2729
          Accuracy         : Train 0.9727, Val 0.9027, Test 0.9104
Best:
          Accuracy         : Train 0.9657, Val 0.9347, Test 0.9062
Epoch 76: Loss:            : Train 0.0794, Val 0.3026, Test 0.3033
          Accuracy         : Train 0.9724, Val 0.9270, Test 0.9131
Best:
          Accuracy         : Train 0.9657, Val 0.9347, Test 0.9062
Epoch 77: Loss:            : Train 0.0809, Val 0.5244, Test 0.3867
          Accuracy         : Train 0.9727, Val 0.8749, Test 0.9069
Best:
          Accuracy         : Train 0.9657, Val 0.9347, Test 0.9062
Epoch 78: Loss:            : Train 0.0863, Val 0.6008, Test 0.4379
          Accuracy         : Train 0.9699, Val 0.8575, Test 0.8860
Best:
          Accuracy         : Train 0.9657, Val 0.9347, Test 0.9062
Epoch 79: Loss:            : Train 0.0935, Val 0.3963, Test 0.2565
          Accuracy         : Train 0.9673, Val 0.9104, Test 0.9263
Best:
          Accuracy         : Train 0.9657, Val 0.9347, Test 0.9062
Epoch 80: Loss:            : Train 0.0826, Val 0.3812, Test 0.3671
          Accuracy         : Train 0.9724, Val 0.9034, Test 0.8978
Best:
          Accuracy         : Train 0.9657, Val 0.9347, Test 0.9062
Epoch 81: Loss:            : Train 0.0822, Val 0.3335, Test 0.3585
          Accuracy         : Train 0.9692, Val 0.9124, Test 0.9048
Best:
          Accuracy         : Train 0.9657, Val 0.9347, Test 0.9062
Epoch 82: Loss:            : Train 0.0809, Val 0.3923, Test 0.2935
          Accuracy         : Train 0.9720, Val 0.9083, Test 0.9256
Best:
          Accuracy         : Train 0.9657, Val 0.9347, Test 0.9062
Epoch 83: Loss:            : Train 0.0823, Val 0.4236, Test 0.3577
          Accuracy         : Train 0.9690, Val 0.9124, Test 0.9145
Best:
          Accuracy         : Train 0.9657, Val 0.9347, Test 0.9062
Epoch 84: Loss:            : Train 0.0776, Val 0.4004, Test 0.3632
          Accuracy         : Train 0.9736, Val 0.8985, Test 0.8909
Best:
          Accuracy         : Train 0.9657, Val 0.9347, Test 0.9062
Epoch 85: Loss:            : Train 0.0845, Val 0.2888, Test 0.2481
          Accuracy         : Train 0.9715, Val 0.9368, Test 0.9284
Best:
          Accuracy         : Train 0.9715, Val 0.9368, Test 0.9284
Epoch 86: Loss:            : Train 0.0843, Val 0.5127, Test 0.3223
          Accuracy         : Train 0.9729, Val 0.8853, Test 0.9249
Best:
          Accuracy         : Train 0.9715, Val 0.9368, Test 0.9284
Epoch 87: Loss:            : Train 0.0876, Val 0.3463, Test 0.3615
          Accuracy         : Train 0.9701, Val 0.9117, Test 0.8978
Best:
          Accuracy         : Train 0.9715, Val 0.9368, Test 0.9284
Epoch 88: Loss:            : Train 0.0743, Val 0.3594, Test 0.2805
          Accuracy         : Train 0.9715, Val 0.9145, Test 0.9263
Best:
          Accuracy         : Train 0.9715, Val 0.9368, Test 0.9284
Epoch 89: Loss:            : Train 0.0732, Val 0.2994, Test 0.2964
          Accuracy         : Train 0.9738, Val 0.9298, Test 0.9229
Best:
          Accuracy         : Train 0.9715, Val 0.9368, Test 0.9284
Epoch 90: Loss:            : Train 0.0716, Val 0.3531, Test 0.3431
          Accuracy         : Train 0.9752, Val 0.9180, Test 0.9041
Best:
          Accuracy         : Train 0.9715, Val 0.9368, Test 0.9284
Epoch 91: Loss:            : Train 0.0724, Val 0.4511, Test 0.3160
          Accuracy         : Train 0.9750, Val 0.8999, Test 0.9124
Best:
          Accuracy         : Train 0.9715, Val 0.9368, Test 0.9284
Epoch 92: Loss:            : Train 0.0728, Val 0.4102, Test 0.4400
          Accuracy         : Train 0.9745, Val 0.9062, Test 0.8791
Best:
          Accuracy         : Train 0.9715, Val 0.9368, Test 0.9284
Epoch 93: Loss:            : Train 0.0821, Val 0.3598, Test 0.2935
          Accuracy         : Train 0.9734, Val 0.9180, Test 0.9243
Best:
          Accuracy         : Train 0.9715, Val 0.9368, Test 0.9284
Epoch 94: Loss:            : Train 0.0756, Val 0.4932, Test 0.3113
          Accuracy         : Train 0.9715, Val 0.8888, Test 0.9208
Best:
          Accuracy         : Train 0.9715, Val 0.9368, Test 0.9284
Epoch 95: Loss:            : Train 0.0670, Val 0.3831, Test 0.3472
          Accuracy         : Train 0.9775, Val 0.9187, Test 0.9180
Best:
          Accuracy         : Train 0.9715, Val 0.9368, Test 0.9284
Epoch 96: Loss:            : Train 0.0680, Val 0.3416, Test 0.2806
          Accuracy         : Train 0.9750, Val 0.9354, Test 0.9284
Best:
          Accuracy         : Train 0.9715, Val 0.9368, Test 0.9284
Epoch 97: Loss:            : Train 0.0654, Val 0.3633, Test 0.2952
          Accuracy         : Train 0.9761, Val 0.9194, Test 0.9284
Best:
          Accuracy         : Train 0.9715, Val 0.9368, Test 0.9284
Epoch 98: Loss:            : Train 0.0682, Val 0.4447, Test 0.3591
          Accuracy         : Train 0.9722, Val 0.9041, Test 0.9145
Best:
          Accuracy         : Train 0.9715, Val 0.9368, Test 0.9284
Epoch 99: Loss:            : Train 0.0715, Val 0.3437, Test 0.2947
          Accuracy         : Train 0.9741, Val 0.9256, Test 0.9201
Best:
          Accuracy         : Train 0.9715, Val 0.9368, Test 0.9284
Epoch 100: Loss:            : Train 0.0694, Val 0.5660, Test 0.3232
          Accuracy         : Train 0.9768, Val 0.8881, Test 0.9256
Best:
          Accuracy         : Train 0.9715, Val 0.9368, Test 0.9284
Training time (sec): 486
