Loading house from data/beijing/house_clean.csv
Loading airbnb from data/beijing/airbnb_clean.csv
Current house columns Index(['cid', 'DOM', 'followers', 'square', 'livingRoom', 'drawingRoom',
       'kitchen', 'bathRoom', 'floor', 'constructionTime', 'ladderRatio',
       'elevator', 'fiveYearsProperty', 'subway', 'did_2', 'did_3', 'did_4',
       'did_5', 'did_6', 'did_7', 'did_8', 'did_9', 'did_10', 'did_11',
       'did_12', 'did_13', 'bt_2', 'bt_3', 'bt_4', 'rc_2', 'rc_3', 'rc_4',
       'bs_2', 'bs_3', 'bs_4', 'bs_5', 'bs_6', 'ty_2014', 'ty_2015', 'ty_2016',
       'ty_2017', 'ty_2018', 'tm_2', 'tm_3', 'tm_4', 'tm_5', 'tm_6', 'tm_7',
       'tm_8', 'tm_9', 'tm_10', 'tm_11', 'tm_12', 'lon', 'lat'],
      dtype='object')
Current airbnb columns Index(['lon', 'lat', 'price', 'minimum_nights', 'number_of_reviews',
       'reviews_per_month', 'calculated_host_listings_count',
       'availability_365', 'nbr_丰台区 ', 'nbr_大兴区 ', 'nbr_密云县 ', 'nbr_平谷区 ',
       'nbr_延庆县 ', 'nbr_怀柔区 ', 'nbr_房山区', 'nbr_昌平区', 'nbr_朝阳区 ', 'nbr_海淀区',
       'nbr_石景山区', 'nbr_西城区', 'nbr_通州区 ', 'nbr_门头沟区 ', 'nbr_顺义区 ',
       'rt_Private room', 'rt_Shared room'],
      dtype='object')
Loading data from cache
Done
Calculating noise scale
Standard variance of sim_score: 21178.86
Adding noise of scale 0.19180172685953506 to sim_scores
Adding noise of scale 0.19180172685953506 to sim_scores
Adding noise of scale 0.19180172685953506 to sim_scores
Preparing time (sec): 6
Initializing dataloader
Done
Prepare for training
Start training
================================================================================
                                    Kernel Shape Output Shape  Params  \
Layer                                                                   
0_local_models.0.fc_layers.Linear_0    [54, 200]   [128, 200]   11000   
1_local_models.0.fc_layers.Linear_1   [200, 100]   [128, 100]   20100   
2_local_models.1.fc_layers.Linear_0    [23, 200]   [128, 200]    4800   
3_local_models.1.fc_layers.Linear_1   [200, 100]   [128, 100]   20100   
4_agg_model.fc_layers.Linear_0        [200, 100]   [128, 100]   20100   
5_agg_model.fc_layers.Linear_1          [100, 1]     [128, 1]     101   

                                     Mult-Adds  
Layer                                           
0_local_models.0.fc_layers.Linear_0      10800  
1_local_models.0.fc_layers.Linear_1      20000  
2_local_models.1.fc_layers.Linear_0       4600  
3_local_models.1.fc_layers.Linear_1      20000  
4_agg_model.fc_layers.Linear_0           20000  
5_agg_model.fc_layers.Linear_1             100  
--------------------------------------------------------------------------------
                      Totals
Total params           76201
Trainable params       76201
Non-trainable params       0
Mult-Adds              75500
================================================================================
n_classes=2
task=regression
model_name=beijing_featuresim_p_1E-04_2022-01-24-18-23-14
sche_threshold=0.0001
sche_patience=10
sche_factor=0.1
use_scheduler=False
num_workers=4
device=cuda:0
test_batch_size=4096
train_batch_size=128
learning_rate=0.003
weight_decay=1e-05
num_epochs=100
model_save_path=ckp/beijing_featuresim_p_1E-04_2022-01-24-18-23-14.pth
test_rate=0.2
val_rate=0.1
multiprocess_context=fork
metrics=['r2_score', 'rmse']
metrics_f=[<metric.r2_score.R2Score object at 0x7ff4810d6d90>, <metric.rmse.RMSE object at 0x7ff4810d6d30>]
hidden_sizes=[200, 100]
model=SplitNN(
  (agg_model): MLP(
    (fc_layers): ModuleList(
      (0): Linear(in_features=200, out_features=100, bias=True)
      (1): Linear(in_features=100, out_features=1, bias=True)
    )
  )
  (local_models): ModuleList(
    (0): MLP(
      (fc_layers): ModuleList(
        (0): Linear(in_features=54, out_features=200, bias=True)
        (1): Linear(in_features=200, out_features=100, bias=True)
      )
    )
    (1): MLP(
      (fc_layers): ModuleList(
        (0): Linear(in_features=23, out_features=200, bias=True)
        (1): Linear(in_features=200, out_features=100, bias=True)
      )
    )
  )
)
writer=<torch.utils.tensorboard.writer.SummaryWriter object at 0x7ff5872723a0>
dataset_type=real
drop_key=True
num_common_features=2
tree_radius=0.01
tree_leaf_size=1000
knn_k=100
grid_min=-10.0
grid_max=10.0
grid_width=1.5
sim_scaler=StandardScaler()
filter_top_k=None
link_n_jobs=-1
psig_p=7
sim_leak_p=0.0001
link_threshold_t=0.01
link_epsilon=0.03
n_hash_lsh=20
edit_distance_threshold=1
n_hash_func=10
collision_rate=0.05
qgram_q=2
link_delta=0.03
feature_wise_sim=False
blocking_method=knn_priv_float
center_threshold=0.5
n_clusters=100
local_hidden_sizes=[[200], [200]]
cut_dims=[100, 100]
agg_hidden_sizes=[100]
scale_analysis=<utils.privacy.SimNoiseScale object at 0x7ff48109b190>
data1_shape=(141050, 55)
data2_shape=(27827, 25)
Epoch 1: Loss:            : Train 0.0084, Val 0.0061, Test 0.0061
          R2_Score         : Train 0.7532, Val 0.8253, Test 0.8235
          RMSE             : Train 90.8747, Val 77.2851, Test 77.0523
Best:
          R2_Score         : Train 0.7532, Val 0.8253, Test 0.8235
          RMSE             : Train 90.8747, Val 77.2851, Test 77.0523
Epoch 2: Loss:            : Train 0.0058, Val 0.0057, Test 0.0056
          R2_Score         : Train 0.8307, Val 0.8378, Test 0.8376
          RMSE             : Train 75.2564, Val 74.4535, Test 73.8976
Best:
          R2_Score         : Train 0.8307, Val 0.8378, Test 0.8376
          RMSE             : Train 75.2564, Val 74.4535, Test 73.8976
Epoch 3: Loss:            : Train 0.0054, Val 0.0054, Test 0.0054
          R2_Score         : Train 0.8413, Val 0.8445, Test 0.8435
          RMSE             : Train 72.8572, Val 72.9191, Test 72.5589
Best:
          R2_Score         : Train 0.8413, Val 0.8445, Test 0.8435
          RMSE             : Train 72.8572, Val 72.9191, Test 72.5589
Epoch 4: Loss:            : Train 0.0052, Val 0.0056, Test 0.0054
          R2_Score         : Train 0.8474, Val 0.8412, Test 0.8413
          RMSE             : Train 71.4408, Val 73.6865, Test 73.0564
Best:
          R2_Score         : Train 0.8413, Val 0.8445, Test 0.8435
          RMSE             : Train 72.8572, Val 72.9191, Test 72.5589
Epoch 5: Loss:            : Train 0.0051, Val 0.0053, Test 0.0052
          R2_Score         : Train 0.8521, Val 0.8484, Test 0.8486
          RMSE             : Train 70.3427, Val 71.9785, Test 71.3666
Best:
          R2_Score         : Train 0.8521, Val 0.8484, Test 0.8486
          RMSE             : Train 70.3427, Val 71.9785, Test 71.3666
Epoch 6: Loss:            : Train 0.0049, Val 0.0052, Test 0.0051
          R2_Score         : Train 0.8559, Val 0.8511, Test 0.8521
          RMSE             : Train 69.4454, Val 71.3515, Test 70.5207
Best:
          R2_Score         : Train 0.8559, Val 0.8511, Test 0.8521
          RMSE             : Train 69.4454, Val 71.3515, Test 70.5207
Epoch 7: Loss:            : Train 0.0048, Val 0.0050, Test 0.0049
          R2_Score         : Train 0.8597, Val 0.8555, Test 0.8573
          RMSE             : Train 68.5155, Val 70.2746, Test 69.2727
Best:
          R2_Score         : Train 0.8597, Val 0.8555, Test 0.8573
          RMSE             : Train 68.5155, Val 70.2746, Test 69.2727
Epoch 8: Loss:            : Train 0.0047, Val 0.0050, Test 0.0049
          R2_Score         : Train 0.8624, Val 0.8565, Test 0.8562
          RMSE             : Train 67.8556, Val 70.0402, Test 69.5416
Best:
          R2_Score         : Train 0.8624, Val 0.8565, Test 0.8562
          RMSE             : Train 67.8556, Val 70.0402, Test 69.5416
Epoch 9: Loss:            : Train 0.0046, Val 0.0050, Test 0.0050
          R2_Score         : Train 0.8648, Val 0.8563, Test 0.8549
          RMSE             : Train 67.2632, Val 70.0827, Test 69.8523
Best:
          R2_Score         : Train 0.8624, Val 0.8565, Test 0.8562
          RMSE             : Train 67.8556, Val 70.0402, Test 69.5416
Epoch 10: Loss:            : Train 0.0045, Val 0.0049, Test 0.0048
          R2_Score         : Train 0.8673, Val 0.8593, Test 0.8593
          RMSE             : Train 66.6402, Val 69.3415, Test 68.8011
Best:
          R2_Score         : Train 0.8673, Val 0.8593, Test 0.8593
          RMSE             : Train 66.6402, Val 69.3415, Test 68.8011
Epoch 11: Loss:            : Train 0.0045, Val 0.0050, Test 0.0048
          R2_Score         : Train 0.8691, Val 0.8571, Test 0.8593
          RMSE             : Train 66.1710, Val 69.9003, Test 68.7796
Best:
          R2_Score         : Train 0.8673, Val 0.8593, Test 0.8593
          RMSE             : Train 66.6402, Val 69.3415, Test 68.8011
Epoch 12: Loss:            : Train 0.0044, Val 0.0049, Test 0.0048
          R2_Score         : Train 0.8716, Val 0.8606, Test 0.8604
          RMSE             : Train 65.5486, Val 69.0302, Test 68.5092
Best:
          R2_Score         : Train 0.8716, Val 0.8606, Test 0.8604
          RMSE             : Train 65.5486, Val 69.0302, Test 68.5092
Epoch 13: Loss:            : Train 0.0043, Val 0.0049, Test 0.0048
          R2_Score         : Train 0.8734, Val 0.8593, Test 0.8591
          RMSE             : Train 65.0689, Val 69.3483, Test 68.8432
Best:
          R2_Score         : Train 0.8716, Val 0.8606, Test 0.8604
          RMSE             : Train 65.5486, Val 69.0302, Test 68.5092
Epoch 14: Loss:            : Train 0.0043, Val 0.0050, Test 0.0048
          R2_Score         : Train 0.8753, Val 0.8572, Test 0.8590
          RMSE             : Train 64.5953, Val 69.8702, Test 68.8582
Best:
          R2_Score         : Train 0.8716, Val 0.8606, Test 0.8604
          RMSE             : Train 65.5486, Val 69.0302, Test 68.5092
Epoch 15: Loss:            : Train 0.0042, Val 0.0048, Test 0.0047
          R2_Score         : Train 0.8773, Val 0.8621, Test 0.8622
          RMSE             : Train 64.0796, Val 68.6548, Test 68.0705
Best:
          R2_Score         : Train 0.8773, Val 0.8621, Test 0.8622
          RMSE             : Train 64.0796, Val 68.6548, Test 68.0705
Epoch 16: Loss:            : Train 0.0042, Val 0.0047, Test 0.0047
          R2_Score         : Train 0.8785, Val 0.8644, Test 0.8641
          RMSE             : Train 63.7557, Val 68.0756, Test 67.5966
Best:
          R2_Score         : Train 0.8785, Val 0.8644, Test 0.8641
          RMSE             : Train 63.7557, Val 68.0756, Test 67.5966
Epoch 17: Loss:            : Train 0.0041, Val 0.0048, Test 0.0047
          R2_Score         : Train 0.8804, Val 0.8638, Test 0.8641
          RMSE             : Train 63.2686, Val 68.2401, Test 67.5951
Best:
          R2_Score         : Train 0.8785, Val 0.8644, Test 0.8641
          RMSE             : Train 63.7557, Val 68.0756, Test 67.5966
Epoch 18: Loss:            : Train 0.0040, Val 0.0048, Test 0.0047
          R2_Score         : Train 0.8817, Val 0.8628, Test 0.8643
          RMSE             : Train 62.9239, Val 68.4824, Test 67.5687
Best:
          R2_Score         : Train 0.8785, Val 0.8644, Test 0.8641
          RMSE             : Train 63.7557, Val 68.0756, Test 67.5966
Epoch 19: Loss:            : Train 0.0040, Val 0.0048, Test 0.0047
          R2_Score         : Train 0.8831, Val 0.8623, Test 0.8633
          RMSE             : Train 62.5260, Val 68.6192, Test 67.7935
Best:
          R2_Score         : Train 0.8785, Val 0.8644, Test 0.8641
          RMSE             : Train 63.7557, Val 68.0756, Test 67.5966
Epoch 20: Loss:            : Train 0.0039, Val 0.0048, Test 0.0047
          R2_Score         : Train 0.8844, Val 0.8625, Test 0.8631
          RMSE             : Train 62.1954, Val 68.5657, Test 67.8511
Best:
          R2_Score         : Train 0.8785, Val 0.8644, Test 0.8641
          RMSE             : Train 63.7557, Val 68.0756, Test 67.5966
Epoch 21: Loss:            : Train 0.0039, Val 0.0047, Test 0.0046
          R2_Score         : Train 0.8857, Val 0.8664, Test 0.8650
          RMSE             : Train 61.8394, Val 67.5905, Test 67.3924
Best:
          R2_Score         : Train 0.8857, Val 0.8664, Test 0.8650
          RMSE             : Train 61.8394, Val 67.5905, Test 67.3924
Epoch 22: Loss:            : Train 0.0039, Val 0.0046, Test 0.0046
          R2_Score         : Train 0.8868, Val 0.8676, Test 0.8677
          RMSE             : Train 61.5479, Val 67.2783, Test 66.7070
Best:
          R2_Score         : Train 0.8868, Val 0.8676, Test 0.8677
          RMSE             : Train 61.5479, Val 67.2783, Test 66.7070
Epoch 23: Loss:            : Train 0.0038, Val 0.0047, Test 0.0046
          R2_Score         : Train 0.8878, Val 0.8665, Test 0.8662
          RMSE             : Train 61.2551, Val 67.5558, Test 67.0921
Best:
          R2_Score         : Train 0.8868, Val 0.8676, Test 0.8677
          RMSE             : Train 61.5479, Val 67.2783, Test 66.7070
Epoch 24: Loss:            : Train 0.0038, Val 0.0048, Test 0.0046
          R2_Score         : Train 0.8885, Val 0.8634, Test 0.8648
          RMSE             : Train 61.0791, Val 68.3249, Test 67.4341
Best:
          R2_Score         : Train 0.8868, Val 0.8676, Test 0.8677
          RMSE             : Train 61.5479, Val 67.2783, Test 66.7070
Epoch 25: Loss:            : Train 0.0038, Val 0.0048, Test 0.0046
          R2_Score         : Train 0.8900, Val 0.8632, Test 0.8648
          RMSE             : Train 60.6693, Val 68.3883, Test 67.4213
Best:
          R2_Score         : Train 0.8868, Val 0.8676, Test 0.8677
          RMSE             : Train 61.5479, Val 67.2783, Test 66.7070
Epoch 26: Loss:            : Train 0.0037, Val 0.0046, Test 0.0046
          R2_Score         : Train 0.8911, Val 0.8668, Test 0.8657
          RMSE             : Train 60.3661, Val 67.4827, Test 67.1995
Best:
          R2_Score         : Train 0.8868, Val 0.8676, Test 0.8677
          RMSE             : Train 61.5479, Val 67.2783, Test 66.7070
Epoch 27: Loss:            : Train 0.0037, Val 0.0046, Test 0.0046
          R2_Score         : Train 0.8923, Val 0.8675, Test 0.8659
          RMSE             : Train 60.0154, Val 67.2955, Test 67.1689
Best:
          R2_Score         : Train 0.8868, Val 0.8676, Test 0.8677
          RMSE             : Train 61.5479, Val 67.2783, Test 66.7070
Epoch 28: Loss:            : Train 0.0036, Val 0.0046, Test 0.0045
          R2_Score         : Train 0.8932, Val 0.8680, Test 0.8674
          RMSE             : Train 59.7711, Val 67.1779, Test 66.7709
Best:
          R2_Score         : Train 0.8932, Val 0.8680, Test 0.8674
          RMSE             : Train 59.7711, Val 67.1779, Test 66.7709
Epoch 29: Loss:            : Train 0.0036, Val 0.0047, Test 0.0046
          R2_Score         : Train 0.8948, Val 0.8647, Test 0.8662
          RMSE             : Train 59.3331, Val 68.0123, Test 67.0807
Best:
          R2_Score         : Train 0.8932, Val 0.8680, Test 0.8674
          RMSE             : Train 59.7711, Val 67.1779, Test 66.7709
Epoch 30: Loss:            : Train 0.0036, Val 0.0047, Test 0.0046
          R2_Score         : Train 0.8949, Val 0.8661, Test 0.8652
          RMSE             : Train 59.3013, Val 67.6600, Test 67.3293
Best:
          R2_Score         : Train 0.8932, Val 0.8680, Test 0.8674
          RMSE             : Train 59.7711, Val 67.1779, Test 66.7709
Epoch 31: Loss:            : Train 0.0036, Val 0.0049, Test 0.0048
          R2_Score         : Train 0.8956, Val 0.8605, Test 0.8603
          RMSE             : Train 59.1091, Val 69.0558, Test 68.5401
Best:
          R2_Score         : Train 0.8932, Val 0.8680, Test 0.8674
          RMSE             : Train 59.7711, Val 67.1779, Test 66.7709
Epoch 32: Loss:            : Train 0.0035, Val 0.0047, Test 0.0046
          R2_Score         : Train 0.8961, Val 0.8660, Test 0.8652
          RMSE             : Train 58.9441, Val 67.6868, Test 67.3344
Best:
          R2_Score         : Train 0.8932, Val 0.8680, Test 0.8674
          RMSE             : Train 59.7711, Val 67.1779, Test 66.7709
Epoch 33: Loss:            : Train 0.0035, Val 0.0047, Test 0.0046
          R2_Score         : Train 0.8977, Val 0.8648, Test 0.8653
          RMSE             : Train 58.5020, Val 67.9763, Test 67.3050
Best:
          R2_Score         : Train 0.8932, Val 0.8680, Test 0.8674
          RMSE             : Train 59.7711, Val 67.1779, Test 66.7709
Epoch 34: Loss:            : Train 0.0035, Val 0.0047, Test 0.0047
          R2_Score         : Train 0.8986, Val 0.8641, Test 0.8628
          RMSE             : Train 58.2385, Val 68.1562, Test 67.9371
Best:
          R2_Score         : Train 0.8932, Val 0.8680, Test 0.8674
          RMSE             : Train 59.7711, Val 67.1779, Test 66.7709
Epoch 35: Loss:            : Train 0.0034, Val 0.0047, Test 0.0047
          R2_Score         : Train 0.8991, Val 0.8652, Test 0.8639
          RMSE             : Train 58.0937, Val 67.8918, Test 67.6689
Best:
          R2_Score         : Train 0.8932, Val 0.8680, Test 0.8674
          RMSE             : Train 59.7711, Val 67.1779, Test 66.7709
Epoch 36: Loss:            : Train 0.0034, Val 0.0047, Test 0.0047
          R2_Score         : Train 0.8995, Val 0.8660, Test 0.8639
          RMSE             : Train 57.9924, Val 67.6800, Test 67.6493
Best:
          R2_Score         : Train 0.8932, Val 0.8680, Test 0.8674
          RMSE             : Train 59.7711, Val 67.1779, Test 66.7709
Epoch 37: Loss:            : Train 0.0034, Val 0.0048, Test 0.0048
          R2_Score         : Train 0.9003, Val 0.8624, Test 0.8612
          RMSE             : Train 57.7466, Val 68.5867, Test 68.3240
Best:
          R2_Score         : Train 0.8932, Val 0.8680, Test 0.8674
          RMSE             : Train 59.7711, Val 67.1779, Test 66.7709
Epoch 38: Loss:            : Train 0.0034, Val 0.0047, Test 0.0046
          R2_Score         : Train 0.9010, Val 0.8649, Test 0.8653
          RMSE             : Train 57.5507, Val 67.9653, Test 67.3037
Best:
          R2_Score         : Train 0.8932, Val 0.8680, Test 0.8674
          RMSE             : Train 59.7711, Val 67.1779, Test 66.7709
Epoch 39: Loss:            : Train 0.0033, Val 0.0047, Test 0.0047
          R2_Score         : Train 0.9021, Val 0.8659, Test 0.8636
          RMSE             : Train 57.2337, Val 67.7197, Test 67.7272
Best:
          R2_Score         : Train 0.8932, Val 0.8680, Test 0.8674
          RMSE             : Train 59.7711, Val 67.1779, Test 66.7709
Epoch 40: Loss:            : Train 0.0033, Val 0.0048, Test 0.0047
          R2_Score         : Train 0.9027, Val 0.8626, Test 0.8616
          RMSE             : Train 57.0484, Val 68.5262, Test 68.2302
Best:
          R2_Score         : Train 0.8932, Val 0.8680, Test 0.8674
          RMSE             : Train 59.7711, Val 67.1779, Test 66.7709
Epoch 41: Loss:            : Train 0.0033, Val 0.0051, Test 0.0050
          R2_Score         : Train 0.9026, Val 0.8534, Test 0.8537
          RMSE             : Train 57.0965, Val 70.7862, Test 70.1500
Best:
          R2_Score         : Train 0.8932, Val 0.8680, Test 0.8674
          RMSE             : Train 59.7711, Val 67.1779, Test 66.7709
Epoch 42: Loss:            : Train 0.0033, Val 0.0050, Test 0.0049
          R2_Score         : Train 0.9037, Val 0.8568, Test 0.8577
          RMSE             : Train 56.7696, Val 69.9584, Test 69.1825
Best:
          R2_Score         : Train 0.8932, Val 0.8680, Test 0.8674
          RMSE             : Train 59.7711, Val 67.1779, Test 66.7709
Epoch 43: Loss:            : Train 0.0033, Val 0.0048, Test 0.0048
          R2_Score         : Train 0.9040, Val 0.8630, Test 0.8614
          RMSE             : Train 56.6690, Val 68.4354, Test 68.2776
Best:
          R2_Score         : Train 0.8932, Val 0.8680, Test 0.8674
          RMSE             : Train 59.7711, Val 67.1779, Test 66.7709
Epoch 44: Loss:            : Train 0.0032, Val 0.0049, Test 0.0049
          R2_Score         : Train 0.9049, Val 0.8593, Test 0.8570
          RMSE             : Train 56.4075, Val 69.3472, Test 69.3395
Best:
          R2_Score         : Train 0.8932, Val 0.8680, Test 0.8674
          RMSE             : Train 59.7711, Val 67.1779, Test 66.7709
Epoch 45: Loss:            : Train 0.0032, Val 0.0049, Test 0.0049
          R2_Score         : Train 0.9054, Val 0.8587, Test 0.8580
          RMSE             : Train 56.2557, Val 69.5075, Test 69.1105
Best:
          R2_Score         : Train 0.8932, Val 0.8680, Test 0.8674
          RMSE             : Train 59.7711, Val 67.1779, Test 66.7709
Epoch 46: Loss:            : Train 0.0032, Val 0.0049, Test 0.0048
          R2_Score         : Train 0.9059, Val 0.8616, Test 0.8604
          RMSE             : Train 56.1011, Val 68.7731, Test 68.5200
Best:
          R2_Score         : Train 0.8932, Val 0.8680, Test 0.8674
          RMSE             : Train 59.7711, Val 67.1779, Test 66.7709
Epoch 47: Loss:            : Train 0.0032, Val 0.0048, Test 0.0047
          R2_Score         : Train 0.9069, Val 0.8625, Test 0.8622
          RMSE             : Train 55.8032, Val 68.5526, Test 68.0730
Best:
          R2_Score         : Train 0.8932, Val 0.8680, Test 0.8674
          RMSE             : Train 59.7711, Val 67.1779, Test 66.7709
Epoch 48: Loss:            : Train 0.0031, Val 0.0049, Test 0.0048
          R2_Score         : Train 0.9078, Val 0.8600, Test 0.8609
          RMSE             : Train 55.5312, Val 69.1779, Test 68.4072
Best:
          R2_Score         : Train 0.8932, Val 0.8680, Test 0.8674
          RMSE             : Train 59.7711, Val 67.1779, Test 66.7709
Epoch 49: Loss:            : Train 0.0031, Val 0.0049, Test 0.0049
          R2_Score         : Train 0.9087, Val 0.8597, Test 0.8586
          RMSE             : Train 55.2670, Val 69.2445, Test 68.9611
Best:
          R2_Score         : Train 0.8932, Val 0.8680, Test 0.8674
          RMSE             : Train 59.7711, Val 67.1779, Test 66.7709
Epoch 50: Loss:            : Train 0.0031, Val 0.0047, Test 0.0047
          R2_Score         : Train 0.9098, Val 0.8644, Test 0.8629
          RMSE             : Train 54.9369, Val 68.0948, Test 67.9010
Best:
          R2_Score         : Train 0.8932, Val 0.8680, Test 0.8674
          RMSE             : Train 59.7711, Val 67.1779, Test 66.7709
Epoch 51: Loss:            : Train 0.0031, Val 0.0048, Test 0.0048
          R2_Score         : Train 0.9101, Val 0.8608, Test 0.8608
          RMSE             : Train 54.8294, Val 68.9810, Test 68.4162
Best:
          R2_Score         : Train 0.8932, Val 0.8680, Test 0.8674
          RMSE             : Train 59.7711, Val 67.1779, Test 66.7709
Epoch 52: Loss:            : Train 0.0030, Val 0.0047, Test 0.0047
          R2_Score         : Train 0.9109, Val 0.8641, Test 0.8635
          RMSE             : Train 54.6054, Val 68.1626, Test 67.7466
Best:
          R2_Score         : Train 0.8932, Val 0.8680, Test 0.8674
          RMSE             : Train 59.7711, Val 67.1779, Test 66.7709
Epoch 53: Loss:            : Train 0.0030, Val 0.0048, Test 0.0047
          R2_Score         : Train 0.9111, Val 0.8630, Test 0.8626
          RMSE             : Train 54.5463, Val 68.4299, Test 67.9838
Best:
          R2_Score         : Train 0.8932, Val 0.8680, Test 0.8674
          RMSE             : Train 59.7711, Val 67.1779, Test 66.7709
Epoch 54: Loss:            : Train 0.0030, Val 0.0046, Test 0.0046
          R2_Score         : Train 0.9111, Val 0.8695, Test 0.8658
          RMSE             : Train 54.5396, Val 66.8018, Test 67.1853
Best:
          R2_Score         : Train 0.9111, Val 0.8695, Test 0.8658
          RMSE             : Train 54.5396, Val 66.8018, Test 67.1853
Epoch 55: Loss:            : Train 0.0030, Val 0.0048, Test 0.0047
          R2_Score         : Train 0.9125, Val 0.8632, Test 0.8622
          RMSE             : Train 54.1062, Val 68.3794, Test 68.0836
Best:
          R2_Score         : Train 0.9111, Val 0.8695, Test 0.8658
          RMSE             : Train 54.5396, Val 66.8018, Test 67.1853
Epoch 56: Loss:            : Train 0.0030, Val 0.0048, Test 0.0047
          R2_Score         : Train 0.9127, Val 0.8637, Test 0.8631
          RMSE             : Train 54.0431, Val 68.2634, Test 67.8466
Best:
          R2_Score         : Train 0.9111, Val 0.8695, Test 0.8658
          RMSE             : Train 54.5396, Val 66.8018, Test 67.1853
Epoch 57: Loss:            : Train 0.0030, Val 0.0049, Test 0.0048
          R2_Score         : Train 0.9133, Val 0.8598, Test 0.8595
          RMSE             : Train 53.8521, Val 69.2298, Test 68.7356
Best:
          R2_Score         : Train 0.9111, Val 0.8695, Test 0.8658
          RMSE             : Train 54.5396, Val 66.8018, Test 67.1853
Epoch 58: Loss:            : Train 0.0029, Val 0.0048, Test 0.0047
          R2_Score         : Train 0.9138, Val 0.8621, Test 0.8628
          RMSE             : Train 53.7018, Val 68.6623, Test 67.9181
Best:
          R2_Score         : Train 0.9111, Val 0.8695, Test 0.8658
          RMSE             : Train 54.5396, Val 66.8018, Test 67.1853
Epoch 59: Loss:            : Train 0.0029, Val 0.0049, Test 0.0047
          R2_Score         : Train 0.9145, Val 0.8605, Test 0.8620
          RMSE             : Train 53.4834, Val 69.0605, Test 68.1215
Best:
          R2_Score         : Train 0.9111, Val 0.8695, Test 0.8658
          RMSE             : Train 54.5396, Val 66.8018, Test 67.1853
Epoch 60: Loss:            : Train 0.0029, Val 0.0048, Test 0.0047
          R2_Score         : Train 0.9148, Val 0.8627, Test 0.8623
          RMSE             : Train 53.4000, Val 68.4999, Test 68.0525
Best:
          R2_Score         : Train 0.9111, Val 0.8695, Test 0.8658
          RMSE             : Train 54.5396, Val 66.8018, Test 67.1853
Epoch 61: Loss:            : Train 0.0029, Val 0.0049, Test 0.0048
          R2_Score         : Train 0.9150, Val 0.8603, Test 0.8590
          RMSE             : Train 53.3186, Val 69.1052, Test 68.8524
Best:
          R2_Score         : Train 0.9111, Val 0.8695, Test 0.8658
          RMSE             : Train 54.5396, Val 66.8018, Test 67.1853
Epoch 62: Loss:            : Train 0.0029, Val 0.0047, Test 0.0046
          R2_Score         : Train 0.9156, Val 0.8646, Test 0.8646
          RMSE             : Train 53.1476, Val 68.0360, Test 67.4736
Best:
          R2_Score         : Train 0.9111, Val 0.8695, Test 0.8658
          RMSE             : Train 54.5396, Val 66.8018, Test 67.1853
Epoch 63: Loss:            : Train 0.0029, Val 0.0049, Test 0.0049
          R2_Score         : Train 0.9162, Val 0.8602, Test 0.8587
          RMSE             : Train 52.9615, Val 69.1293, Test 68.9445
Best:
          R2_Score         : Train 0.9111, Val 0.8695, Test 0.8658
          RMSE             : Train 54.5396, Val 66.8018, Test 67.1853
Epoch 64: Loss:            : Train 0.0029, Val 0.0048, Test 0.0047
          R2_Score         : Train 0.9164, Val 0.8636, Test 0.8634
          RMSE             : Train 52.8903, Val 68.2740, Test 67.7685
Best:
          R2_Score         : Train 0.9111, Val 0.8695, Test 0.8658
          RMSE             : Train 54.5396, Val 66.8018, Test 67.1853
Epoch 65: Loss:            : Train 0.0028, Val 0.0049, Test 0.0049
          R2_Score         : Train 0.9168, Val 0.8612, Test 0.8574
          RMSE             : Train 52.7641, Val 68.8718, Test 69.2574
Best:
          R2_Score         : Train 0.9111, Val 0.8695, Test 0.8658
          RMSE             : Train 54.5396, Val 66.8018, Test 67.1853
Epoch 66: Loss:            : Train 0.0028, Val 0.0049, Test 0.0048
          R2_Score         : Train 0.9169, Val 0.8593, Test 0.8598
          RMSE             : Train 52.7176, Val 69.3477, Test 68.6698
Best:
          R2_Score         : Train 0.9111, Val 0.8695, Test 0.8658
          RMSE             : Train 54.5396, Val 66.8018, Test 67.1853
Epoch 67: Loss:            : Train 0.0028, Val 0.0048, Test 0.0047
          R2_Score         : Train 0.9174, Val 0.8629, Test 0.8620
          RMSE             : Train 52.5711, Val 68.4625, Test 68.1363
Best:
          R2_Score         : Train 0.9111, Val 0.8695, Test 0.8658
          RMSE             : Train 54.5396, Val 66.8018, Test 67.1853
Epoch 68: Loss:            : Train 0.0028, Val 0.0049, Test 0.0048
          R2_Score         : Train 0.9179, Val 0.8602, Test 0.8601
          RMSE             : Train 52.3971, Val 69.1399, Test 68.5996
Best:
          R2_Score         : Train 0.9111, Val 0.8695, Test 0.8658
          RMSE             : Train 54.5396, Val 66.8018, Test 67.1853
Epoch 69: Loss:            : Train 0.0028, Val 0.0048, Test 0.0047
          R2_Score         : Train 0.9185, Val 0.8617, Test 0.8617
          RMSE             : Train 52.2278, Val 68.7488, Test 68.2021
Best:
          R2_Score         : Train 0.9111, Val 0.8695, Test 0.8658
          RMSE             : Train 54.5396, Val 66.8018, Test 67.1853
Epoch 70: Loss:            : Train 0.0028, Val 0.0050, Test 0.0050
          R2_Score         : Train 0.9188, Val 0.8574, Test 0.8557
          RMSE             : Train 52.1054, Val 69.8189, Test 69.6659
Best:
          R2_Score         : Train 0.9111, Val 0.8695, Test 0.8658
          RMSE             : Train 54.5396, Val 66.8018, Test 67.1853
Epoch 71: Loss:            : Train 0.0028, Val 0.0047, Test 0.0047
          R2_Score         : Train 0.9192, Val 0.8660, Test 0.8640
          RMSE             : Train 51.9845, Val 67.6913, Test 67.6403
Best:
          R2_Score         : Train 0.9111, Val 0.8695, Test 0.8658
          RMSE             : Train 54.5396, Val 66.8018, Test 67.1853
Epoch 72: Loss:            : Train 0.0028, Val 0.0051, Test 0.0050
          R2_Score         : Train 0.9190, Val 0.8551, Test 0.8553
          RMSE             : Train 52.0572, Val 70.3870, Test 69.7693
Best:
          R2_Score         : Train 0.9111, Val 0.8695, Test 0.8658
          RMSE             : Train 54.5396, Val 66.8018, Test 67.1853
Epoch 73: Loss:            : Train 0.0027, Val 0.0049, Test 0.0048
          R2_Score         : Train 0.9196, Val 0.8603, Test 0.8592
          RMSE             : Train 51.8706, Val 69.1132, Test 68.8030
Best:
          R2_Score         : Train 0.9111, Val 0.8695, Test 0.8658
          RMSE             : Train 54.5396, Val 66.8018, Test 67.1853
Epoch 74: Loss:            : Train 0.0027, Val 0.0049, Test 0.0048
          R2_Score         : Train 0.9204, Val 0.8599, Test 0.8605
          RMSE             : Train 51.6156, Val 69.2168, Test 68.4999
Best:
          R2_Score         : Train 0.9111, Val 0.8695, Test 0.8658
          RMSE             : Train 54.5396, Val 66.8018, Test 67.1853
Epoch 75: Loss:            : Train 0.0027, Val 0.0049, Test 0.0048
          R2_Score         : Train 0.9207, Val 0.8596, Test 0.8602
          RMSE             : Train 51.5170, Val 69.2905, Test 68.5736
Best:
          R2_Score         : Train 0.9111, Val 0.8695, Test 0.8658
          RMSE             : Train 54.5396, Val 66.8018, Test 67.1853
Epoch 76: Loss:            : Train 0.0027, Val 0.0050, Test 0.0050
          R2_Score         : Train 0.9207, Val 0.8574, Test 0.8552
          RMSE             : Train 51.5067, Val 69.8103, Test 69.7790
Best:
          R2_Score         : Train 0.9111, Val 0.8695, Test 0.8658
          RMSE             : Train 54.5396, Val 66.8018, Test 67.1853
Epoch 77: Loss:            : Train 0.0027, Val 0.0050, Test 0.0049
          R2_Score         : Train 0.9209, Val 0.8560, Test 0.8573
          RMSE             : Train 51.4456, Val 70.1538, Test 69.2890
Best:
          R2_Score         : Train 0.9111, Val 0.8695, Test 0.8658
          RMSE             : Train 54.5396, Val 66.8018, Test 67.1853
Epoch 78: Loss:            : Train 0.0027, Val 0.0049, Test 0.0049
          R2_Score         : Train 0.9210, Val 0.8595, Test 0.8586
          RMSE             : Train 51.4221, Val 69.2973, Test 68.9501
Best:
          R2_Score         : Train 0.9111, Val 0.8695, Test 0.8658
          RMSE             : Train 54.5396, Val 66.8018, Test 67.1853
Epoch 79: Loss:            : Train 0.0027, Val 0.0049, Test 0.0048
          R2_Score         : Train 0.9218, Val 0.8590, Test 0.8602
          RMSE             : Train 51.1500, Val 69.4232, Test 68.5717
Best:
          R2_Score         : Train 0.9111, Val 0.8695, Test 0.8658
          RMSE             : Train 54.5396, Val 66.8018, Test 67.1853
Epoch 80: Loss:            : Train 0.0027, Val 0.0051, Test 0.0050
          R2_Score         : Train 0.9219, Val 0.8550, Test 0.8549
          RMSE             : Train 51.1101, Val 70.4156, Test 69.8628
Best:
          R2_Score         : Train 0.9111, Val 0.8695, Test 0.8658
          RMSE             : Train 54.5396, Val 66.8018, Test 67.1853
Epoch 81: Loss:            : Train 0.0027, Val 0.0049, Test 0.0049
          R2_Score         : Train 0.9222, Val 0.8594, Test 0.8585
          RMSE             : Train 51.0107, Val 69.3402, Test 68.9817
Best:
          R2_Score         : Train 0.9111, Val 0.8695, Test 0.8658
          RMSE             : Train 54.5396, Val 66.8018, Test 67.1853
Epoch 82: Loss:            : Train 0.0027, Val 0.0048, Test 0.0049
          R2_Score         : Train 0.9222, Val 0.8604, Test 0.8582
          RMSE             : Train 51.0182, Val 69.0787, Test 69.0689
Best:
          R2_Score         : Train 0.9111, Val 0.8695, Test 0.8658
          RMSE             : Train 54.5396, Val 66.8018, Test 67.1853
Epoch 83: Loss:            : Train 0.0026, Val 0.0049, Test 0.0048
          R2_Score         : Train 0.9230, Val 0.8590, Test 0.8595
          RMSE             : Train 50.7534, Val 69.4383, Test 68.7311
Best:
          R2_Score         : Train 0.9111, Val 0.8695, Test 0.8658
          RMSE             : Train 54.5396, Val 66.8018, Test 67.1853
Epoch 84: Loss:            : Train 0.0026, Val 0.0049, Test 0.0048
          R2_Score         : Train 0.9230, Val 0.8602, Test 0.8604
          RMSE             : Train 50.7395, Val 69.1376, Test 68.5226
Best:
          R2_Score         : Train 0.9111, Val 0.8695, Test 0.8658
          RMSE             : Train 54.5396, Val 66.8018, Test 67.1853
Epoch 85: Loss:            : Train 0.0026, Val 0.0049, Test 0.0048
          R2_Score         : Train 0.9237, Val 0.8601, Test 0.8614
          RMSE             : Train 50.5375, Val 69.1522, Test 68.2781
Best:
          R2_Score         : Train 0.9111, Val 0.8695, Test 0.8658
          RMSE             : Train 54.5396, Val 66.8018, Test 67.1853
Epoch 86: Loss:            : Train 0.0026, Val 0.0049, Test 0.0048
          R2_Score         : Train 0.9233, Val 0.8588, Test 0.8593
          RMSE             : Train 50.6652, Val 69.4889, Test 68.7917
Best:
          R2_Score         : Train 0.9111, Val 0.8695, Test 0.8658
          RMSE             : Train 54.5396, Val 66.8018, Test 67.1853
Epoch 87: Loss:            : Train 0.0026, Val 0.0050, Test 0.0049
          R2_Score         : Train 0.9240, Val 0.8570, Test 0.8565
          RMSE             : Train 50.4232, Val 69.9073, Test 69.4751
Best:
          R2_Score         : Train 0.9111, Val 0.8695, Test 0.8658
          RMSE             : Train 54.5396, Val 66.8018, Test 67.1853
Epoch 88: Loss:            : Train 0.0026, Val 0.0050, Test 0.0050
          R2_Score         : Train 0.9243, Val 0.8562, Test 0.8548
          RMSE             : Train 50.3088, Val 70.1052, Test 69.8801
Best:
          R2_Score         : Train 0.9111, Val 0.8695, Test 0.8658
          RMSE             : Train 54.5396, Val 66.8018, Test 67.1853
Epoch 89: Loss:            : Train 0.0026, Val 0.0049, Test 0.0049
          R2_Score         : Train 0.9245, Val 0.8603, Test 0.8567
          RMSE             : Train 50.2599, Val 69.1167, Test 69.4301
Best:
          R2_Score         : Train 0.9111, Val 0.8695, Test 0.8658
          RMSE             : Train 54.5396, Val 66.8018, Test 67.1853
Epoch 90: Loss:            : Train 0.0026, Val 0.0050, Test 0.0049
          R2_Score         : Train 0.9246, Val 0.8564, Test 0.8560
          RMSE             : Train 50.2256, Val 70.0531, Test 69.5998
Best:
          R2_Score         : Train 0.9111, Val 0.8695, Test 0.8658
          RMSE             : Train 54.5396, Val 66.8018, Test 67.1853
Epoch 91: Loss:            : Train 0.0026, Val 0.0050, Test 0.0048
          R2_Score         : Train 0.9248, Val 0.8598, Test 0.8591
          RMSE             : Train 50.1497, Val 69.2332, Test 68.8409
Best:
          R2_Score         : Train 0.9111, Val 0.8695, Test 0.8658
          RMSE             : Train 54.5396, Val 66.8018, Test 67.1853
Epoch 92: Loss:            : Train 0.0026, Val 0.0050, Test 0.0049
          R2_Score         : Train 0.9251, Val 0.8578, Test 0.8574
          RMSE             : Train 50.0533, Val 69.7228, Test 69.2469
Best:
          R2_Score         : Train 0.9111, Val 0.8695, Test 0.8658
          RMSE             : Train 54.5396, Val 66.8018, Test 67.1853
Epoch 93: Loss:            : Train 0.0026, Val 0.0050, Test 0.0049
          R2_Score         : Train 0.9252, Val 0.8565, Test 0.8583
          RMSE             : Train 50.0278, Val 70.0467, Test 69.0345
Best:
          R2_Score         : Train 0.9111, Val 0.8695, Test 0.8658
          RMSE             : Train 54.5396, Val 66.8018, Test 67.1853
Epoch 94: Loss:            : Train 0.0026, Val 0.0051, Test 0.0051
          R2_Score         : Train 0.9252, Val 0.8524, Test 0.8527
          RMSE             : Train 50.0115, Val 71.0373, Test 70.3951
Best:
          R2_Score         : Train 0.9111, Val 0.8695, Test 0.8658
          RMSE             : Train 54.5396, Val 66.8018, Test 67.1853
Epoch 95: Loss:            : Train 0.0025, Val 0.0051, Test 0.0050
          R2_Score         : Train 0.9256, Val 0.8551, Test 0.8549
          RMSE             : Train 49.8764, Val 70.3860, Test 69.8612
Best:
          R2_Score         : Train 0.9111, Val 0.8695, Test 0.8658
          RMSE             : Train 54.5396, Val 66.8018, Test 67.1853
Epoch 96: Loss:            : Train 0.0025, Val 0.0050, Test 0.0049
          R2_Score         : Train 0.9265, Val 0.8560, Test 0.8563
          RMSE             : Train 49.5904, Val 70.1550, Test 69.5109
Best:
          R2_Score         : Train 0.9111, Val 0.8695, Test 0.8658
          RMSE             : Train 54.5396, Val 66.8018, Test 67.1853
Epoch 97: Loss:            : Train 0.0025, Val 0.0050, Test 0.0049
          R2_Score         : Train 0.9261, Val 0.8561, Test 0.8560
          RMSE             : Train 49.7340, Val 70.1372, Test 69.5909
Best:
          R2_Score         : Train 0.9111, Val 0.8695, Test 0.8658
          RMSE             : Train 54.5396, Val 66.8018, Test 67.1853
Epoch 98: Loss:            : Train 0.0025, Val 0.0050, Test 0.0049
          R2_Score         : Train 0.9266, Val 0.8561, Test 0.8563
          RMSE             : Train 49.5612, Val 70.1403, Test 69.5174
Best:
          R2_Score         : Train 0.9111, Val 0.8695, Test 0.8658
          RMSE             : Train 54.5396, Val 66.8018, Test 67.1853
Epoch 99: Loss:            : Train 0.0025, Val 0.0050, Test 0.0050
          R2_Score         : Train 0.9267, Val 0.8575, Test 0.8530
          RMSE             : Train 49.5292, Val 69.7881, Test 70.3091
Best:
          R2_Score         : Train 0.9111, Val 0.8695, Test 0.8658
          RMSE             : Train 54.5396, Val 66.8018, Test 67.1853
Epoch 100: Loss:            : Train 0.0025, Val 0.0049, Test 0.0049
          R2_Score         : Train 0.9271, Val 0.8581, Test 0.8568
          RMSE             : Train 49.3706, Val 69.6493, Test 69.3914
Best:
          R2_Score         : Train 0.9111, Val 0.8695, Test 0.8658
          RMSE             : Train 54.5396, Val 66.8018, Test 67.1853
Training time (sec): 1829
