Loading house from data/beijing/house_clean.csv
Loading airbnb from data/beijing/airbnb_clean.csv
Current house columns Index(['cid', 'DOM', 'followers', 'square', 'livingRoom', 'drawingRoom',
       'kitchen', 'bathRoom', 'floor', 'constructionTime', 'ladderRatio',
       'elevator', 'fiveYearsProperty', 'subway', 'did_2', 'did_3', 'did_4',
       'did_5', 'did_6', 'did_7', 'did_8', 'did_9', 'did_10', 'did_11',
       'did_12', 'did_13', 'bt_2', 'bt_3', 'bt_4', 'rc_2', 'rc_3', 'rc_4',
       'bs_2', 'bs_3', 'bs_4', 'bs_5', 'bs_6', 'ty_2014', 'ty_2015', 'ty_2016',
       'ty_2017', 'ty_2018', 'tm_2', 'tm_3', 'tm_4', 'tm_5', 'tm_6', 'tm_7',
       'tm_8', 'tm_9', 'tm_10', 'tm_11', 'tm_12', 'lon', 'lat'],
      dtype='object')
Current airbnb columns Index(['lon', 'lat', 'price', 'minimum_nights', 'number_of_reviews',
       'reviews_per_month', 'calculated_host_listings_count',
       'availability_365', 'nbr_丰台区 ', 'nbr_大兴区 ', 'nbr_密云县 ', 'nbr_平谷区 ',
       'nbr_延庆县 ', 'nbr_怀柔区 ', 'nbr_房山区', 'nbr_昌平区', 'nbr_朝阳区 ', 'nbr_海淀区',
       'nbr_石景山区', 'nbr_西城区', 'nbr_通州区 ', 'nbr_门头沟区 ', 'nbr_顺义区 ',
       'rt_Private room', 'rt_Shared room'],
      dtype='object')
Loading data from cache
Done
Calculating noise scale
Adding noise of scale 0.0 to sim_scores
Adding noise of scale 0.0 to sim_scores
Adding noise of scale 0.0 to sim_scores
Preparing time (sec): 6
Initializing dataloader
Done
Prepare for training
Start training
SplitNN summary
==========================================================================================
Layer (type:depth-idx)                   Output Shape              Param #
==========================================================================================
SplitNN                                  --                        --
├─MLP: 1                                 --                        --
│    └─ModuleList: 2-1                   --                        --
├─ModuleList: 1-1                        --                        --
│    └─MLP: 2                            --                        --
│    │    └─ModuleList: 3-1              --                        30,900
│    └─MLP: 2                            --                        --
│    │    └─ModuleList: 3-2              --                        24,900
│    └─MLP: 2-2                          [128, 100]                --
│    └─MLP: 2-3                          [128, 100]                --
├─MLP: 1-2                               [128, 10]                 --
│    └─ModuleList: 2-1                   --                        --
│    │    └─Linear: 3-3                  [128, 100]                20,100
│    │    └─Linear: 3-4                  [128, 10]                 1,010
==========================================================================================
Total params: 76,910
Trainable params: 76,910
Non-trainable params: 0
Total mult-adds (M): 9.84
==========================================================================================
Input size (MB): 0.04
Forward/backward pass size (MB): 0.73
Params size (MB): 0.31
Estimated Total Size (MB): 1.07
==========================================================================================
Merge model summary
==========================================================================================
Layer (type:depth-idx)                   Output Shape              Param #
==========================================================================================
ConvModel                                --                        --
├─Conv2d: 1-1                            [1, 8, 106, 10]           64
├─Dropout: 1-2                           [1, 8480]                 --
├─Linear: 1-3                            [1, 400]                  3,392,400
├─Dropout: 1-4                           [1, 400]                  --
├─Linear: 1-5                            [1, 1]                    401
==========================================================================================
Total params: 3,392,865
Trainable params: 3,392,865
Non-trainable params: 0
Total mult-adds (M): 3.46
==========================================================================================
Input size (MB): 0.00
Forward/backward pass size (MB): 0.07
Params size (MB): 13.57
Estimated Total Size (MB): 13.65
==========================================================================================
Similarity model summary
==========================================================================================
Layer (type:depth-idx)                   Output Shape              Param #
==========================================================================================
MLP                                      --                        --
├─ModuleList: 1-1                        --                        --
│    └─Linear: 2-1                       [1, 10]                   20
│    └─Linear: 2-2                       [1, 1]                    11
==========================================================================================
Total params: 31
Trainable params: 31
Non-trainable params: 0
Total mult-adds (M): 0.00
==========================================================================================
Input size (MB): 0.00
Forward/backward pass size (MB): 0.00
Params size (MB): 0.00
Estimated Total Size (MB): 0.00
==========================================================================================
n_classes=2
task=regression
model_name=beijing_fedsim_p_1E+00_2022-01-22-21-04-03
sche_threshold=0.0001
sche_patience=10
sche_factor=0.1
use_scheduler=False
num_workers=4
device=cuda:1
test_batch_size=4096
train_batch_size=128
learning_rate=0.001
weight_decay=1e-05
num_epochs=100
model_save_path=ckp/beijing_fedsim_p_1E+00_2022-01-22-21-04-03.pth
test_rate=0.2
val_rate=0.1
multiprocess_context=fork
metrics=['r2_score', 'rmse']
metrics_f=[<metric.r2_score.R2Score object at 0x7f3df13433a0>, <metric.rmse.RMSE object at 0x7f3df1343af0>]
hidden_sizes=[200, 100]
model=SplitNN(
  (agg_model): MLP(
    (fc_layers): ModuleList(
      (0): Linear(in_features=200, out_features=100, bias=True)
      (1): Linear(in_features=100, out_features=10, bias=True)
    )
  )
  (local_models): ModuleList(
    (0): MLP(
      (fc_layers): ModuleList(
        (0): Linear(in_features=53, out_features=200, bias=True)
        (1): Linear(in_features=200, out_features=100, bias=True)
      )
    )
    (1): MLP(
      (fc_layers): ModuleList(
        (0): Linear(in_features=23, out_features=200, bias=True)
        (1): Linear(in_features=200, out_features=100, bias=True)
      )
    )
  )
)
writer=<torch.utils.tensorboard.writer.SummaryWriter object at 0x7f3df1343a30>
dataset_type=real
drop_key=True
num_common_features=2
tree_radius=0.01
tree_leaf_size=100
knn_k=100
grid_min=(115.5, 39)
grid_max=(116.5, 40)
grid_width=(0.1, 0.1)
sim_scaler=StandardScaler()
filter_top_k=None
link_n_jobs=-1
psig_p=7
sim_leak_p=1
link_threshold_t=0.01
link_epsilon=0.03
n_hash_lsh=20
edit_distance_threshold=1
n_hash_func=10
collision_rate=0.05
qgram_q=2
link_delta=0.03
feature_wise_sim=False
blocking_method=knn
center_threshold=0.5
n_clusters=100
local_hidden_sizes=[[200], [200]]
cut_dims=[100, 100]
agg_hidden_sizes=[100]
scale_analysis=None
mlp_merge=None
use_sim=True
use_conv=True
conv_kernel_v_size=7
conv_n_channels=8
merge_dropout_p=0.3
raw_output_dim=10
log_dir=log/beijing_fedsim_p_1E+00_2022-01-22-21-04-03/
update_sim_freq=1
sim_model_save_path=ckp/beijing_fedsim_p_1E+00_2022-01-22-21-04-03_sim.pth
merge_model_save_path=ckp/beijing_fedsim_p_1E+00_2022-01-22-21-04-03_merge.pth
sim_batch_size=128
sim_weight_decay=1e-05
sim_learning_rate=0.001
merge_model=ConvModel(
  (conv1): Conv2d(1, 8, kernel_size=(7, 1), stride=(1, 1), padding=(6, 0))
  (fc1): Linear(in_features=8480, out_features=400, bias=True)
  (fc2): Linear(in_features=400, out_features=1, bias=True)
  (dropout1): Dropout(p=0.3, inplace=False)
  (dropout2): Dropout(p=0.3, inplace=False)
)
sim_model=MLP(
  (fc_layers): ModuleList(
    (0): Linear(in_features=1, out_features=10, bias=True)
    (1): Linear(in_features=10, out_features=1, bias=True)
  )
)
sim_hidden_sizes=[10]
merge_hidden_sizes=[400]
data1_shape=(141050, 55)
data2_shape=(27827, 25)
Epoch 1: Loss:            : Train 0.0133, Val 0.0054, Test 0.0054
          R2_Score         : Train 0.6114, Val 0.8435, Test 0.8425
          RMSE             : Train 114.0234, Val 73.1432, Test 72.7730
Best:
          R2_Score         : Train 0.6114, Val 0.8435, Test 0.8425
          RMSE             : Train 114.0234, Val 73.1432, Test 72.7730
Epoch 2: Loss:            : Train 0.0050, Val 0.0046, Test 0.0045
          R2_Score         : Train 0.8522, Val 0.8673, Test 0.8678
          RMSE             : Train 70.3160, Val 67.3416, Test 66.6846
Best:
          R2_Score         : Train 0.8522, Val 0.8673, Test 0.8678
          RMSE             : Train 70.3160, Val 67.3416, Test 66.6846
Epoch 3: Loss:            : Train 0.0044, Val 0.0041, Test 0.0040
          R2_Score         : Train 0.8725, Val 0.8811, Test 0.8827
          RMSE             : Train 65.3153, Val 63.7600, Test 62.7980
Best:
          R2_Score         : Train 0.8725, Val 0.8811, Test 0.8827
          RMSE             : Train 65.3153, Val 63.7600, Test 62.7980
Epoch 4: Loss:            : Train 0.0039, Val 0.0038, Test 0.0036
          R2_Score         : Train 0.8848, Val 0.8916, Test 0.8939
          RMSE             : Train 62.0921, Val 60.8730, Test 59.7348
Best:
          R2_Score         : Train 0.8848, Val 0.8916, Test 0.8939
          RMSE             : Train 62.0921, Val 60.8730, Test 59.7348
Epoch 5: Loss:            : Train 0.0036, Val 0.0034, Test 0.0033
          R2_Score         : Train 0.8950, Val 0.9031, Test 0.9038
          RMSE             : Train 59.2800, Val 57.5474, Test 56.8706
Best:
          R2_Score         : Train 0.8950, Val 0.9031, Test 0.9038
          RMSE             : Train 59.2800, Val 57.5474, Test 56.8706
Epoch 6: Loss:            : Train 0.0032, Val 0.0030, Test 0.0030
          R2_Score         : Train 0.9048, Val 0.9131, Test 0.9132
          RMSE             : Train 56.4309, Val 54.4896, Test 54.0375
Best:
          R2_Score         : Train 0.9048, Val 0.9131, Test 0.9132
          RMSE             : Train 56.4309, Val 54.4896, Test 54.0375
Epoch 7: Loss:            : Train 0.0029, Val 0.0027, Test 0.0027
          R2_Score         : Train 0.9146, Val 0.9211, Test 0.9212
          RMSE             : Train 53.4386, Val 51.9265, Test 51.4750
Best:
          R2_Score         : Train 0.9146, Val 0.9211, Test 0.9212
          RMSE             : Train 53.4386, Val 51.9265, Test 51.4750
Epoch 8: Loss:            : Train 0.0027, Val 0.0025, Test 0.0025
          R2_Score         : Train 0.9221, Val 0.9291, Test 0.9282
          RMSE             : Train 51.0393, Val 49.2393, Test 49.1470
Best:
          R2_Score         : Train 0.9221, Val 0.9291, Test 0.9282
          RMSE             : Train 51.0393, Val 49.2393, Test 49.1470
Epoch 9: Loss:            : Train 0.0025, Val 0.0025, Test 0.0024
          R2_Score         : Train 0.9275, Val 0.9291, Test 0.9289
          RMSE             : Train 49.2414, Val 49.2402, Test 48.9127
Best:
          R2_Score         : Train 0.9221, Val 0.9291, Test 0.9282
          RMSE             : Train 51.0393, Val 49.2393, Test 49.1470
Epoch 10: Loss:            : Train 0.0023, Val 0.0022, Test 0.0022
          R2_Score         : Train 0.9317, Val 0.9367, Test 0.9361
          RMSE             : Train 47.8167, Val 46.5061, Test 46.3526
Best:
          R2_Score         : Train 0.9317, Val 0.9367, Test 0.9361
          RMSE             : Train 47.8167, Val 46.5061, Test 46.3526
Epoch 11: Loss:            : Train 0.0022, Val 0.0022, Test 0.0022
          R2_Score         : Train 0.9346, Val 0.9375, Test 0.9370
          RMSE             : Train 46.7630, Val 46.2143, Test 46.0369
Best:
          R2_Score         : Train 0.9346, Val 0.9375, Test 0.9370
          RMSE             : Train 46.7630, Val 46.2143, Test 46.0369
Epoch 12: Loss:            : Train 0.0021, Val 0.0021, Test 0.0021
          R2_Score         : Train 0.9379, Val 0.9403, Test 0.9396
          RMSE             : Train 45.5665, Val 45.1641, Test 45.0699
Best:
          R2_Score         : Train 0.9379, Val 0.9403, Test 0.9396
          RMSE             : Train 45.5665, Val 45.1641, Test 45.0699
Epoch 13: Loss:            : Train 0.0020, Val 0.0021, Test 0.0021
          R2_Score         : Train 0.9401, Val 0.9387, Test 0.9385
          RMSE             : Train 44.7684, Val 45.7619, Test 45.4659
Best:
          R2_Score         : Train 0.9379, Val 0.9403, Test 0.9396
          RMSE             : Train 45.5665, Val 45.1641, Test 45.0699
Epoch 14: Loss:            : Train 0.0020, Val 0.0021, Test 0.0021
          R2_Score         : Train 0.9416, Val 0.9399, Test 0.9387
          RMSE             : Train 44.1951, Val 45.3312, Test 45.4178
Best:
          R2_Score         : Train 0.9379, Val 0.9403, Test 0.9396
          RMSE             : Train 45.5665, Val 45.1641, Test 45.0699
Epoch 15: Loss:            : Train 0.0019, Val 0.0020, Test 0.0020
          R2_Score         : Train 0.9433, Val 0.9427, Test 0.9417
          RMSE             : Train 43.5585, Val 44.2676, Test 44.2851
Best:
          R2_Score         : Train 0.9433, Val 0.9427, Test 0.9417
          RMSE             : Train 43.5585, Val 44.2676, Test 44.2851
Epoch 16: Loss:            : Train 0.0019, Val 0.0020, Test 0.0020
          R2_Score         : Train 0.9445, Val 0.9413, Test 0.9406
          RMSE             : Train 43.0870, Val 44.7925, Test 44.7084
Best:
          R2_Score         : Train 0.9433, Val 0.9427, Test 0.9417
          RMSE             : Train 43.5585, Val 44.2676, Test 44.2851
Epoch 17: Loss:            : Train 0.0018, Val 0.0020, Test 0.0019
          R2_Score         : Train 0.9459, Val 0.9441, Test 0.9435
          RMSE             : Train 42.5518, Val 43.7275, Test 43.6052
Best:
          R2_Score         : Train 0.9459, Val 0.9441, Test 0.9435
          RMSE             : Train 42.5518, Val 43.7275, Test 43.6052
Epoch 18: Loss:            : Train 0.0018, Val 0.0021, Test 0.0021
          R2_Score         : Train 0.9475, Val 0.9405, Test 0.9397
          RMSE             : Train 41.9025, Val 45.0928, Test 45.0263
Best:
          R2_Score         : Train 0.9459, Val 0.9441, Test 0.9435
          RMSE             : Train 42.5518, Val 43.7275, Test 43.6052
Epoch 19: Loss:            : Train 0.0018, Val 0.0019, Test 0.0019
          R2_Score         : Train 0.9482, Val 0.9452, Test 0.9443
          RMSE             : Train 41.6120, Val 43.2790, Test 43.2785
Best:
          R2_Score         : Train 0.9482, Val 0.9452, Test 0.9443
          RMSE             : Train 41.6120, Val 43.2790, Test 43.2785
Epoch 20: Loss:            : Train 0.0017, Val 0.0019, Test 0.0019
          R2_Score         : Train 0.9492, Val 0.9459, Test 0.9453
          RMSE             : Train 41.2320, Val 43.0143, Test 42.9108
Best:
          R2_Score         : Train 0.9492, Val 0.9459, Test 0.9453
          RMSE             : Train 41.2320, Val 43.0143, Test 42.9108
Epoch 21: Loss:            : Train 0.0017, Val 0.0019, Test 0.0019
          R2_Score         : Train 0.9501, Val 0.9453, Test 0.9439
          RMSE             : Train 40.8760, Val 43.2282, Test 43.4479
Best:
          R2_Score         : Train 0.9492, Val 0.9459, Test 0.9453
          RMSE             : Train 41.2320, Val 43.0143, Test 42.9108
Epoch 22: Loss:            : Train 0.0017, Val 0.0019, Test 0.0019
          R2_Score         : Train 0.9509, Val 0.9457, Test 0.9447
          RMSE             : Train 40.5133, Val 43.0955, Test 43.1105
Best:
          R2_Score         : Train 0.9492, Val 0.9459, Test 0.9453
          RMSE             : Train 41.2320, Val 43.0143, Test 42.9108
Epoch 23: Loss:            : Train 0.0017, Val 0.0019, Test 0.0019
          R2_Score         : Train 0.9516, Val 0.9469, Test 0.9448
          RMSE             : Train 40.2487, Val 42.6206, Test 43.0689
Best:
          R2_Score         : Train 0.9516, Val 0.9469, Test 0.9448
          RMSE             : Train 40.2487, Val 42.6206, Test 43.0689
Epoch 24: Loss:            : Train 0.0016, Val 0.0019, Test 0.0019
          R2_Score         : Train 0.9525, Val 0.9465, Test 0.9451
          RMSE             : Train 39.8765, Val 42.7520, Test 42.9876
Best:
          R2_Score         : Train 0.9516, Val 0.9469, Test 0.9448
          RMSE             : Train 40.2487, Val 42.6206, Test 43.0689
Epoch 25: Loss:            : Train 0.0016, Val 0.0020, Test 0.0020
          R2_Score         : Train 0.9532, Val 0.9435, Test 0.9425
          RMSE             : Train 39.5862, Val 43.9375, Test 43.9705
Best:
          R2_Score         : Train 0.9516, Val 0.9469, Test 0.9448
          RMSE             : Train 40.2487, Val 42.6206, Test 43.0689
Epoch 26: Loss:            : Train 0.0016, Val 0.0018, Test 0.0018
          R2_Score         : Train 0.9536, Val 0.9480, Test 0.9462
          RMSE             : Train 39.3962, Val 42.1808, Test 42.5558
Best:
          R2_Score         : Train 0.9536, Val 0.9480, Test 0.9462
          RMSE             : Train 39.3962, Val 42.1808, Test 42.5558
Epoch 27: Loss:            : Train 0.0016, Val 0.0020, Test 0.0020
          R2_Score         : Train 0.9541, Val 0.9416, Test 0.9405
          RMSE             : Train 39.1804, Val 44.6683, Test 44.7276
Best:
          R2_Score         : Train 0.9536, Val 0.9480, Test 0.9462
          RMSE             : Train 39.3962, Val 42.1808, Test 42.5558
Epoch 28: Loss:            : Train 0.0015, Val 0.0018, Test 0.0019
          R2_Score         : Train 0.9547, Val 0.9473, Test 0.9457
          RMSE             : Train 38.9344, Val 42.4429, Test 42.7541
Best:
          R2_Score         : Train 0.9536, Val 0.9480, Test 0.9462
          RMSE             : Train 39.3962, Val 42.1808, Test 42.5558
Epoch 29: Loss:            : Train 0.0015, Val 0.0018, Test 0.0018
          R2_Score         : Train 0.9557, Val 0.9471, Test 0.9463
          RMSE             : Train 38.4984, Val 42.5276, Test 42.4848
Best:
          R2_Score         : Train 0.9536, Val 0.9480, Test 0.9462
          RMSE             : Train 39.3962, Val 42.1808, Test 42.5558
Epoch 30: Loss:            : Train 0.0015, Val 0.0018, Test 0.0019
          R2_Score         : Train 0.9563, Val 0.9475, Test 0.9459
          RMSE             : Train 38.2292, Val 42.3772, Test 42.6614
Best:
          R2_Score         : Train 0.9536, Val 0.9480, Test 0.9462
          RMSE             : Train 39.3962, Val 42.1808, Test 42.5558
Epoch 31: Loss:            : Train 0.0015, Val 0.0019, Test 0.0019
          R2_Score         : Train 0.9563, Val 0.9466, Test 0.9455
          RMSE             : Train 38.2154, Val 42.7381, Test 42.8043
Best:
          R2_Score         : Train 0.9536, Val 0.9480, Test 0.9462
          RMSE             : Train 39.3962, Val 42.1808, Test 42.5558
Epoch 32: Loss:            : Train 0.0015, Val 0.0018, Test 0.0019
          R2_Score         : Train 0.9572, Val 0.9475, Test 0.9458
          RMSE             : Train 37.8247, Val 42.3607, Test 42.7137
Best:
          R2_Score         : Train 0.9536, Val 0.9480, Test 0.9462
          RMSE             : Train 39.3962, Val 42.1808, Test 42.5558
Epoch 33: Loss:            : Train 0.0014, Val 0.0019, Test 0.0020
          R2_Score         : Train 0.9578, Val 0.9444, Test 0.9429
          RMSE             : Train 37.5685, Val 43.5781, Test 43.8166
Best:
          R2_Score         : Train 0.9536, Val 0.9480, Test 0.9462
          RMSE             : Train 39.3962, Val 42.1808, Test 42.5558
Epoch 34: Loss:            : Train 0.0014, Val 0.0018, Test 0.0018
          R2_Score         : Train 0.9580, Val 0.9490, Test 0.9473
          RMSE             : Train 37.4865, Val 41.7446, Test 42.0843
Best:
          R2_Score         : Train 0.9580, Val 0.9490, Test 0.9473
          RMSE             : Train 37.4865, Val 41.7446, Test 42.0843
Epoch 35: Loss:            : Train 0.0014, Val 0.0020, Test 0.0020
          R2_Score         : Train 0.9586, Val 0.9440, Test 0.9430
          RMSE             : Train 37.1967, Val 43.7427, Test 43.7847
Best:
          R2_Score         : Train 0.9580, Val 0.9490, Test 0.9473
          RMSE             : Train 37.4865, Val 41.7446, Test 42.0843
Epoch 36: Loss:            : Train 0.0014, Val 0.0019, Test 0.0019
          R2_Score         : Train 0.9592, Val 0.9468, Test 0.9454
          RMSE             : Train 36.9642, Val 42.6309, Test 42.8492
Best:
          R2_Score         : Train 0.9580, Val 0.9490, Test 0.9473
          RMSE             : Train 37.4865, Val 41.7446, Test 42.0843
Epoch 37: Loss:            : Train 0.0014, Val 0.0019, Test 0.0019
          R2_Score         : Train 0.9595, Val 0.9456, Test 0.9438
          RMSE             : Train 36.8185, Val 43.1062, Test 43.4595
Best:
          R2_Score         : Train 0.9580, Val 0.9490, Test 0.9473
          RMSE             : Train 37.4865, Val 41.7446, Test 42.0843
Epoch 38: Loss:            : Train 0.0014, Val 0.0018, Test 0.0019
          R2_Score         : Train 0.9602, Val 0.9474, Test 0.9455
          RMSE             : Train 36.5025, Val 42.3950, Test 42.8064
Best:
          R2_Score         : Train 0.9580, Val 0.9490, Test 0.9473
          RMSE             : Train 37.4865, Val 41.7446, Test 42.0843
Epoch 39: Loss:            : Train 0.0013, Val 0.0018, Test 0.0019
          R2_Score         : Train 0.9606, Val 0.9471, Test 0.9454
          RMSE             : Train 36.3199, Val 42.5144, Test 42.8654
Best:
          R2_Score         : Train 0.9580, Val 0.9490, Test 0.9473
          RMSE             : Train 37.4865, Val 41.7446, Test 42.0843
Epoch 40: Loss:            : Train 0.0013, Val 0.0018, Test 0.0018
          R2_Score         : Train 0.9608, Val 0.9487, Test 0.9469
          RMSE             : Train 36.2002, Val 41.8646, Test 42.2566
Best:
          R2_Score         : Train 0.9580, Val 0.9490, Test 0.9473
          RMSE             : Train 37.4865, Val 41.7446, Test 42.0843
Epoch 41: Loss:            : Train 0.0013, Val 0.0018, Test 0.0019
          R2_Score         : Train 0.9615, Val 0.9470, Test 0.9449
          RMSE             : Train 35.8772, Val 42.5846, Test 43.0637
Best:
          R2_Score         : Train 0.9580, Val 0.9490, Test 0.9473
          RMSE             : Train 37.4865, Val 41.7446, Test 42.0843
Epoch 42: Loss:            : Train 0.0013, Val 0.0018, Test 0.0018
          R2_Score         : Train 0.9619, Val 0.9490, Test 0.9473
          RMSE             : Train 35.7056, Val 41.7609, Test 42.1076
Best:
          R2_Score         : Train 0.9580, Val 0.9490, Test 0.9473
          RMSE             : Train 37.4865, Val 41.7446, Test 42.0843
Epoch 43: Loss:            : Train 0.0013, Val 0.0018, Test 0.0018
          R2_Score         : Train 0.9624, Val 0.9478, Test 0.9461
          RMSE             : Train 35.4703, Val 42.2524, Test 42.5817
Best:
          R2_Score         : Train 0.9580, Val 0.9490, Test 0.9473
          RMSE             : Train 37.4865, Val 41.7446, Test 42.0843
Epoch 44: Loss:            : Train 0.0013, Val 0.0019, Test 0.0019
          R2_Score         : Train 0.9629, Val 0.9466, Test 0.9455
          RMSE             : Train 35.2358, Val 42.7198, Test 42.8134
Best:
          R2_Score         : Train 0.9580, Val 0.9490, Test 0.9473
          RMSE             : Train 37.4865, Val 41.7446, Test 42.0843
Epoch 45: Loss:            : Train 0.0013, Val 0.0018, Test 0.0019
          R2_Score         : Train 0.9629, Val 0.9471, Test 0.9447
          RMSE             : Train 35.2360, Val 42.5126, Test 43.1325
Best:
          R2_Score         : Train 0.9580, Val 0.9490, Test 0.9473
          RMSE             : Train 37.4865, Val 41.7446, Test 42.0843
Epoch 46: Loss:            : Train 0.0012, Val 0.0019, Test 0.0019
          R2_Score         : Train 0.9636, Val 0.9463, Test 0.9448
          RMSE             : Train 34.8780, Val 42.8273, Test 43.0833
Best:
          R2_Score         : Train 0.9580, Val 0.9490, Test 0.9473
          RMSE             : Train 37.4865, Val 41.7446, Test 42.0843
Epoch 47: Loss:            : Train 0.0012, Val 0.0018, Test 0.0019
          R2_Score         : Train 0.9639, Val 0.9472, Test 0.9450
          RMSE             : Train 34.7330, Val 42.4960, Test 42.9943
Best:
          R2_Score         : Train 0.9580, Val 0.9490, Test 0.9473
          RMSE             : Train 37.4865, Val 41.7446, Test 42.0843
Epoch 48: Loss:            : Train 0.0012, Val 0.0018, Test 0.0019
          R2_Score         : Train 0.9640, Val 0.9470, Test 0.9452
          RMSE             : Train 34.6903, Val 42.5591, Test 42.9274
Best:
          R2_Score         : Train 0.9580, Val 0.9490, Test 0.9473
          RMSE             : Train 37.4865, Val 41.7446, Test 42.0843
Epoch 49: Loss:            : Train 0.0012, Val 0.0019, Test 0.0019
          R2_Score         : Train 0.9645, Val 0.9460, Test 0.9443
          RMSE             : Train 34.4839, Val 42.9735, Test 43.2647
Best:
          R2_Score         : Train 0.9580, Val 0.9490, Test 0.9473
          RMSE             : Train 37.4865, Val 41.7446, Test 42.0843
Epoch 50: Loss:            : Train 0.0012, Val 0.0018, Test 0.0019
          R2_Score         : Train 0.9650, Val 0.9470, Test 0.9453
          RMSE             : Train 34.2328, Val 42.5709, Test 42.9045
Best:
          R2_Score         : Train 0.9580, Val 0.9490, Test 0.9473
          RMSE             : Train 37.4865, Val 41.7446, Test 42.0843
Epoch 51: Loss:            : Train 0.0012, Val 0.0018, Test 0.0019
          R2_Score         : Train 0.9653, Val 0.9481, Test 0.9457
          RMSE             : Train 34.0812, Val 42.1030, Test 42.7327
Best:
          R2_Score         : Train 0.9580, Val 0.9490, Test 0.9473
          RMSE             : Train 37.4865, Val 41.7446, Test 42.0843
Epoch 52: Loss:            : Train 0.0012, Val 0.0018, Test 0.0018
          R2_Score         : Train 0.9655, Val 0.9490, Test 0.9473
          RMSE             : Train 33.9601, Val 41.7565, Test 42.1096
Best:
          R2_Score         : Train 0.9580, Val 0.9490, Test 0.9473
          RMSE             : Train 37.4865, Val 41.7446, Test 42.0843
Epoch 53: Loss:            : Train 0.0012, Val 0.0018, Test 0.0019
          R2_Score         : Train 0.9659, Val 0.9470, Test 0.9451
          RMSE             : Train 33.8004, Val 42.5495, Test 42.9794
Best:
          R2_Score         : Train 0.9580, Val 0.9490, Test 0.9473
          RMSE             : Train 37.4865, Val 41.7446, Test 42.0843
Epoch 54: Loss:            : Train 0.0012, Val 0.0018, Test 0.0019
          R2_Score         : Train 0.9661, Val 0.9478, Test 0.9459
          RMSE             : Train 33.6831, Val 42.2303, Test 42.6709
Best:
          R2_Score         : Train 0.9580, Val 0.9490, Test 0.9473
          RMSE             : Train 37.4865, Val 41.7446, Test 42.0843
Epoch 55: Loss:            : Train 0.0011, Val 0.0018, Test 0.0019
          R2_Score         : Train 0.9668, Val 0.9476, Test 0.9453
          RMSE             : Train 33.3307, Val 42.3381, Test 42.8782
Best:
          R2_Score         : Train 0.9580, Val 0.9490, Test 0.9473
          RMSE             : Train 37.4865, Val 41.7446, Test 42.0843
Epoch 56: Loss:            : Train 0.0011, Val 0.0018, Test 0.0019
          R2_Score         : Train 0.9670, Val 0.9471, Test 0.9454
          RMSE             : Train 33.2293, Val 42.5075, Test 42.8432
Best:
          R2_Score         : Train 0.9580, Val 0.9490, Test 0.9473
          RMSE             : Train 37.4865, Val 41.7446, Test 42.0843
Epoch 57: Loss:            : Train 0.0011, Val 0.0019, Test 0.0019
          R2_Score         : Train 0.9675, Val 0.9457, Test 0.9439
          RMSE             : Train 32.9834, Val 43.0961, Test 43.4271
Best:
          R2_Score         : Train 0.9580, Val 0.9490, Test 0.9473
          RMSE             : Train 37.4865, Val 41.7446, Test 42.0843
Epoch 58: Loss:            : Train 0.0011, Val 0.0018, Test 0.0018
          R2_Score         : Train 0.9674, Val 0.9481, Test 0.9467
          RMSE             : Train 33.0188, Val 42.1133, Test 42.3578
Best:
          R2_Score         : Train 0.9580, Val 0.9490, Test 0.9473
          RMSE             : Train 37.4865, Val 41.7446, Test 42.0843
Epoch 59: Loss:            : Train 0.0011, Val 0.0019, Test 0.0019
          R2_Score         : Train 0.9678, Val 0.9472, Test 0.9455
          RMSE             : Train 32.8348, Val 42.4835, Test 42.8251
Best:
          R2_Score         : Train 0.9580, Val 0.9490, Test 0.9473
          RMSE             : Train 37.4865, Val 41.7446, Test 42.0843
Epoch 60: Loss:            : Train 0.0011, Val 0.0019, Test 0.0019
          R2_Score         : Train 0.9685, Val 0.9464, Test 0.9452
          RMSE             : Train 32.4859, Val 42.8181, Test 42.9336
Best:
          R2_Score         : Train 0.9580, Val 0.9490, Test 0.9473
          RMSE             : Train 37.4865, Val 41.7446, Test 42.0843
Epoch 61: Loss:            : Train 0.0011, Val 0.0019, Test 0.0020
          R2_Score         : Train 0.9687, Val 0.9446, Test 0.9431
          RMSE             : Train 32.3766, Val 43.5063, Test 43.7566
Best:
          R2_Score         : Train 0.9580, Val 0.9490, Test 0.9473
          RMSE             : Train 37.4865, Val 41.7446, Test 42.0843
Epoch 62: Loss:            : Train 0.0011, Val 0.0018, Test 0.0018
          R2_Score         : Train 0.9690, Val 0.9479, Test 0.9462
          RMSE             : Train 32.2279, Val 42.2202, Test 42.5338
Best:
          R2_Score         : Train 0.9580, Val 0.9490, Test 0.9473
          RMSE             : Train 37.4865, Val 41.7446, Test 42.0843
Epoch 63: Loss:            : Train 0.0010, Val 0.0018, Test 0.0019
          R2_Score         : Train 0.9693, Val 0.9479, Test 0.9459
          RMSE             : Train 32.0468, Val 42.1850, Test 42.6388
Best:
          R2_Score         : Train 0.9580, Val 0.9490, Test 0.9473
          RMSE             : Train 37.4865, Val 41.7446, Test 42.0843
Epoch 64: Loss:            : Train 0.0010, Val 0.0018, Test 0.0019
          R2_Score         : Train 0.9696, Val 0.9469, Test 0.9453
          RMSE             : Train 31.9017, Val 42.6171, Test 42.8765
Best:
          R2_Score         : Train 0.9580, Val 0.9490, Test 0.9473
          RMSE             : Train 37.4865, Val 41.7446, Test 42.0843
Epoch 65: Loss:            : Train 0.0010, Val 0.0020, Test 0.0020
          R2_Score         : Train 0.9698, Val 0.9427, Test 0.9419
          RMSE             : Train 31.7869, Val 44.2441, Test 44.2238
Best:
          R2_Score         : Train 0.9580, Val 0.9490, Test 0.9473
          RMSE             : Train 37.4865, Val 41.7446, Test 42.0843
Epoch 66: Loss:            : Train 0.0010, Val 0.0019, Test 0.0020
          R2_Score         : Train 0.9698, Val 0.9446, Test 0.9436
          RMSE             : Train 31.7873, Val 43.5295, Test 43.5697
Best:
          R2_Score         : Train 0.9580, Val 0.9490, Test 0.9473
          RMSE             : Train 37.4865, Val 41.7446, Test 42.0843
Epoch 67: Loss:            : Train 0.0010, Val 0.0018, Test 0.0018
          R2_Score         : Train 0.9701, Val 0.9474, Test 0.9464
          RMSE             : Train 31.6478, Val 42.3848, Test 42.4738
Best:
          R2_Score         : Train 0.9580, Val 0.9490, Test 0.9473
          RMSE             : Train 37.4865, Val 41.7446, Test 42.0843
Epoch 68: Loss:            : Train 0.0010, Val 0.0021, Test 0.0020
          R2_Score         : Train 0.9705, Val 0.9426, Test 0.9424
          RMSE             : Train 31.4197, Val 44.2893, Test 44.0245
Best:
          R2_Score         : Train 0.9580, Val 0.9490, Test 0.9473
          RMSE             : Train 37.4865, Val 41.7446, Test 42.0843
Epoch 69: Loss:            : Train 0.0010, Val 0.0019, Test 0.0020
          R2_Score         : Train 0.9706, Val 0.9449, Test 0.9429
          RMSE             : Train 31.3408, Val 43.4192, Test 43.8367
Best:
          R2_Score         : Train 0.9580, Val 0.9490, Test 0.9473
          RMSE             : Train 37.4865, Val 41.7446, Test 42.0843
Epoch 70: Loss:            : Train 0.0010, Val 0.0019, Test 0.0019
          R2_Score         : Train 0.9709, Val 0.9447, Test 0.9445
          RMSE             : Train 31.1849, Val 43.4620, Test 43.1915
Best:
          R2_Score         : Train 0.9580, Val 0.9490, Test 0.9473
          RMSE             : Train 37.4865, Val 41.7446, Test 42.0843
Epoch 71: Loss:            : Train 0.0010, Val 0.0019, Test 0.0019
          R2_Score         : Train 0.9713, Val 0.9446, Test 0.9434
          RMSE             : Train 30.9640, Val 43.5254, Test 43.6474
Best:
          R2_Score         : Train 0.9580, Val 0.9490, Test 0.9473
          RMSE             : Train 37.4865, Val 41.7446, Test 42.0843
Epoch 72: Loss:            : Train 0.0010, Val 0.0018, Test 0.0018
          R2_Score         : Train 0.9714, Val 0.9475, Test 0.9464
          RMSE             : Train 30.9425, Val 42.3593, Test 42.4576
Best:
          R2_Score         : Train 0.9580, Val 0.9490, Test 0.9473
          RMSE             : Train 37.4865, Val 41.7446, Test 42.0843
Epoch 73: Loss:            : Train 0.0010, Val 0.0019, Test 0.0019
          R2_Score         : Train 0.9717, Val 0.9468, Test 0.9452
          RMSE             : Train 30.7929, Val 42.6263, Test 42.9416
Best:
          R2_Score         : Train 0.9580, Val 0.9490, Test 0.9473
          RMSE             : Train 37.4865, Val 41.7446, Test 42.0843
Epoch 74: Loss:            : Train 0.0010, Val 0.0018, Test 0.0018
          R2_Score         : Train 0.9717, Val 0.9485, Test 0.9469
          RMSE             : Train 30.7776, Val 41.9762, Test 42.2588
Best:
          R2_Score         : Train 0.9580, Val 0.9490, Test 0.9473
          RMSE             : Train 37.4865, Val 41.7446, Test 42.0843
Epoch 75: Loss:            : Train 0.0009, Val 0.0018, Test 0.0018
          R2_Score         : Train 0.9722, Val 0.9478, Test 0.9462
          RMSE             : Train 30.4740, Val 42.2580, Test 42.5242
Best:
          R2_Score         : Train 0.9580, Val 0.9490, Test 0.9473
          RMSE             : Train 37.4865, Val 41.7446, Test 42.0843
Epoch 76: Loss:            : Train 0.0009, Val 0.0018, Test 0.0018
          R2_Score         : Train 0.9724, Val 0.9477, Test 0.9464
          RMSE             : Train 30.3944, Val 42.2986, Test 42.4399
Best:
          R2_Score         : Train 0.9580, Val 0.9490, Test 0.9473
          RMSE             : Train 37.4865, Val 41.7446, Test 42.0843
Epoch 77: Loss:            : Train 0.0009, Val 0.0019, Test 0.0019
          R2_Score         : Train 0.9726, Val 0.9463, Test 0.9452
          RMSE             : Train 30.2734, Val 42.8292, Test 42.9291
Best:
          R2_Score         : Train 0.9580, Val 0.9490, Test 0.9473
          RMSE             : Train 37.4865, Val 41.7446, Test 42.0843
Epoch 78: Loss:            : Train 0.0009, Val 0.0019, Test 0.0019
          R2_Score         : Train 0.9728, Val 0.9464, Test 0.9457
          RMSE             : Train 30.1444, Val 42.8102, Test 42.7509
Best:
          R2_Score         : Train 0.9580, Val 0.9490, Test 0.9473
          RMSE             : Train 37.4865, Val 41.7446, Test 42.0843
Epoch 79: Loss:            : Train 0.0009, Val 0.0019, Test 0.0019
          R2_Score         : Train 0.9732, Val 0.9466, Test 0.9450
          RMSE             : Train 29.9710, Val 42.7272, Test 42.9908
Best:
          R2_Score         : Train 0.9580, Val 0.9490, Test 0.9473
          RMSE             : Train 37.4865, Val 41.7446, Test 42.0843
Epoch 80: Loss:            : Train 0.0009, Val 0.0019, Test 0.0019
          R2_Score         : Train 0.9732, Val 0.9465, Test 0.9455
          RMSE             : Train 29.9619, Val 42.7475, Test 42.7979
Best:
          R2_Score         : Train 0.9580, Val 0.9490, Test 0.9473
          RMSE             : Train 37.4865, Val 41.7446, Test 42.0843
Epoch 81: Loss:            : Train 0.0009, Val 0.0019, Test 0.0019
          R2_Score         : Train 0.9735, Val 0.9469, Test 0.9455
          RMSE             : Train 29.7853, Val 42.5896, Test 42.8249
Best:
          R2_Score         : Train 0.9580, Val 0.9490, Test 0.9473
          RMSE             : Train 37.4865, Val 41.7446, Test 42.0843
Epoch 82: Loss:            : Train 0.0009, Val 0.0018, Test 0.0019
          R2_Score         : Train 0.9738, Val 0.9478, Test 0.9459
          RMSE             : Train 29.6025, Val 42.2369, Test 42.6524
Best:
          R2_Score         : Train 0.9580, Val 0.9490, Test 0.9473
          RMSE             : Train 37.4865, Val 41.7446, Test 42.0843
Epoch 83: Loss:            : Train 0.0009, Val 0.0018, Test 0.0019
          R2_Score         : Train 0.9736, Val 0.9469, Test 0.9460
          RMSE             : Train 29.7053, Val 42.5862, Test 42.6154
Best:
          R2_Score         : Train 0.9580, Val 0.9490, Test 0.9473
          RMSE             : Train 37.4865, Val 41.7446, Test 42.0843
Epoch 84: Loss:            : Train 0.0009, Val 0.0019, Test 0.0018
          R2_Score         : Train 0.9736, Val 0.9461, Test 0.9461
          RMSE             : Train 29.7236, Val 42.9236, Test 42.5872
Best:
          R2_Score         : Train 0.9580, Val 0.9490, Test 0.9473
          RMSE             : Train 37.4865, Val 41.7446, Test 42.0843
Epoch 85: Loss:            : Train 0.0009, Val 0.0019, Test 0.0020
          R2_Score         : Train 0.9742, Val 0.9443, Test 0.9428
          RMSE             : Train 29.3972, Val 43.6306, Test 43.8698
Best:
          R2_Score         : Train 0.9580, Val 0.9490, Test 0.9473
          RMSE             : Train 37.4865, Val 41.7446, Test 42.0843
Epoch 86: Loss:            : Train 0.0009, Val 0.0019, Test 0.0020
          R2_Score         : Train 0.9740, Val 0.9457, Test 0.9434
          RMSE             : Train 29.4682, Val 43.0917, Test 43.6464
Best:
          R2_Score         : Train 0.9580, Val 0.9490, Test 0.9473
          RMSE             : Train 37.4865, Val 41.7446, Test 42.0843
Epoch 87: Loss:            : Train 0.0009, Val 0.0019, Test 0.0019
          R2_Score         : Train 0.9744, Val 0.9457, Test 0.9448
          RMSE             : Train 29.2791, Val 43.1015, Test 43.0956
Best:
          R2_Score         : Train 0.9580, Val 0.9490, Test 0.9473
          RMSE             : Train 37.4865, Val 41.7446, Test 42.0843
Epoch 88: Loss:            : Train 0.0009, Val 0.0018, Test 0.0019
          R2_Score         : Train 0.9745, Val 0.9472, Test 0.9456
          RMSE             : Train 29.2059, Val 42.5015, Test 42.7903
Best:
          R2_Score         : Train 0.9580, Val 0.9490, Test 0.9473
          RMSE             : Train 37.4865, Val 41.7446, Test 42.0843
Epoch 89: Loss:            : Train 0.0009, Val 0.0019, Test 0.0019
          R2_Score         : Train 0.9748, Val 0.9462, Test 0.9452
          RMSE             : Train 29.0362, Val 42.9053, Test 42.9446
Best:
          R2_Score         : Train 0.9580, Val 0.9490, Test 0.9473
          RMSE             : Train 37.4865, Val 41.7446, Test 42.0843
Epoch 90: Loss:            : Train 0.0009, Val 0.0019, Test 0.0019
          R2_Score         : Train 0.9749, Val 0.9462, Test 0.9456
          RMSE             : Train 28.9864, Val 42.8918, Test 42.7766
Best:
          R2_Score         : Train 0.9580, Val 0.9490, Test 0.9473
          RMSE             : Train 37.4865, Val 41.7446, Test 42.0843
Epoch 91: Loss:            : Train 0.0009, Val 0.0019, Test 0.0019
          R2_Score         : Train 0.9751, Val 0.9468, Test 0.9457
          RMSE             : Train 28.8721, Val 42.6459, Test 42.7426
Best:
          R2_Score         : Train 0.9580, Val 0.9490, Test 0.9473
          RMSE             : Train 37.4865, Val 41.7446, Test 42.0843
Epoch 92: Loss:            : Train 0.0009, Val 0.0019, Test 0.0019
          R2_Score         : Train 0.9751, Val 0.9446, Test 0.9443
          RMSE             : Train 28.8780, Val 43.5340, Test 43.2934
Best:
          R2_Score         : Train 0.9580, Val 0.9490, Test 0.9473
          RMSE             : Train 37.4865, Val 41.7446, Test 42.0843
Epoch 93: Loss:            : Train 0.0008, Val 0.0019, Test 0.0019
          R2_Score         : Train 0.9753, Val 0.9465, Test 0.9452
          RMSE             : Train 28.7530, Val 42.7466, Test 42.9482
Best:
          R2_Score         : Train 0.9580, Val 0.9490, Test 0.9473
          RMSE             : Train 37.4865, Val 41.7446, Test 42.0843
Epoch 94: Loss:            : Train 0.0008, Val 0.0020, Test 0.0020
          R2_Score         : Train 0.9755, Val 0.9428, Test 0.9417
          RMSE             : Train 28.6329, Val 44.2246, Test 44.2827
Best:
          R2_Score         : Train 0.9580, Val 0.9490, Test 0.9473
          RMSE             : Train 37.4865, Val 41.7446, Test 42.0843
Epoch 95: Loss:            : Train 0.0008, Val 0.0019, Test 0.0019
          R2_Score         : Train 0.9758, Val 0.9463, Test 0.9454
          RMSE             : Train 28.4701, Val 42.8645, Test 42.8399
Best:
          R2_Score         : Train 0.9580, Val 0.9490, Test 0.9473
          RMSE             : Train 37.4865, Val 41.7446, Test 42.0843
Epoch 96: Loss:            : Train 0.0008, Val 0.0018, Test 0.0019
          R2_Score         : Train 0.9756, Val 0.9470, Test 0.9456
          RMSE             : Train 28.5563, Val 42.5562, Test 42.7545
Best:
          R2_Score         : Train 0.9580, Val 0.9490, Test 0.9473
          RMSE             : Train 37.4865, Val 41.7446, Test 42.0843
Epoch 97: Loss:            : Train 0.0008, Val 0.0019, Test 0.0019
          R2_Score         : Train 0.9760, Val 0.9466, Test 0.9451
          RMSE             : Train 28.3256, Val 42.7457, Test 42.9885
Best:
          R2_Score         : Train 0.9580, Val 0.9490, Test 0.9473
          RMSE             : Train 37.4865, Val 41.7446, Test 42.0843
Epoch 98: Loss:            : Train 0.0008, Val 0.0019, Test 0.0019
          R2_Score         : Train 0.9761, Val 0.9452, Test 0.9438
          RMSE             : Train 28.2705, Val 43.2733, Test 43.4743
Best:
          R2_Score         : Train 0.9580, Val 0.9490, Test 0.9473
          RMSE             : Train 37.4865, Val 41.7446, Test 42.0843
Epoch 99: Loss:            : Train 0.0008, Val 0.0019, Test 0.0019
          R2_Score         : Train 0.9764, Val 0.9453, Test 0.9434
          RMSE             : Train 28.0765, Val 43.2233, Test 43.6374
Best:
          R2_Score         : Train 0.9580, Val 0.9490, Test 0.9473
          RMSE             : Train 37.4865, Val 41.7446, Test 42.0843
Epoch 100: Loss:            : Train 0.0008, Val 0.0019, Test 0.0019
          R2_Score         : Train 0.9763, Val 0.9456, Test 0.9440
          RMSE             : Train 28.1329, Val 43.1290, Test 43.3943
Best:
          R2_Score         : Train 0.9580, Val 0.9490, Test 0.9473
          RMSE             : Train 37.4865, Val 41.7446, Test 42.0843
Training time (sec): 1749
