Loading house from data/hdb/hdb_clean.csv
Loading airbnb from data/hdb/school_clean.csv
Current hdb columns Index(['floor_area_sqm', 'lease_commence_year_before_2020', 'tn_BEDOK',
       'tn_BISHAN', 'tn_BUKIT BATOK', 'tn_BUKIT MERAH', 'tn_BUKIT PANJANG',
       'tn_BUKIT TIMAH', 'tn_CENTRAL AREA', 'tn_CHOA CHU KANG', 'tn_CLEMENTI',
       'tn_GEYLANG', 'tn_HOUGANG', 'tn_JURONG EAST', 'tn_JURONG WEST',
       'tn_KALLANG/WHAMPOA', 'tn_MARINE PARADE', 'tn_PASIR RIS', 'tn_PUNGGOL',
       'tn_QUEENSTOWN', 'tn_SEMBAWANG', 'tn_SENGKANG', 'tn_SERANGOON',
       'tn_TAMPINES', 'tn_TOA PAYOH', 'tn_WOODLANDS', 'tn_YISHUN', 'ft_2 ROOM',
       'ft_3 ROOM', 'ft_4 ROOM', 'ft_5 ROOM', 'ft_EXECUTIVE',
       'ft_MULTI-GENERATION', 'sr_04 TO 06', 'sr_07 TO 09', 'sr_10 TO 12',
       'sr_13 TO 15', 'sr_16 TO 18', 'sr_19 TO 21', 'sr_22 TO 24',
       'sr_25 TO 27', 'sr_28 TO 30', 'sr_31 TO 33', 'sr_34 TO 36',
       'sr_37 TO 39', 'sr_40 TO 42', 'sr_43 TO 45', 'sr_46 TO 48',
       'sr_49 TO 51', 'fm_Adjoined flat', 'fm_Apartment', 'fm_DBSS',
       'fm_Improved', 'fm_Improved-Maisonette', 'fm_Maisonette', 'fm_Model A',
       'fm_Model A-Maisonette', 'fm_Model A2', 'fm_Multi Generation',
       'fm_New Generation', 'fm_Premium Apartment',
       'fm_Premium Apartment Loft', 'fm_Premium Maisonette', 'fm_Simplified',
       'fm_Standard', 'fm_Terrace', 'fm_Type S1', 'fm_Type S2', 'lon', 'lat'],
      dtype='object')
Current airbnb columns Index(['lon', 'lat', 'n_places_0', 'vacancy_rate_0', 'n_places_1',
       'vacancy_rate_1', 'n_places_2', 'vacancy_rate_2', 'n_places_3',
       'vacancy_rate_3'],
      dtype='object')
Loading data from cache
Done
Calculating noise scale
Adding noise of scale 0.0 to sim_scores
Adding noise of scale 0.0 to sim_scores
Adding noise of scale 0.0 to sim_scores
Filter dataset to top 3
Generating top 3 dataset
Generating top 3 dataset
Generating top 3 dataset
Preparing time (sec): 5
Initializing dataloader
Done
Prepare for training
Start training
================================================================================
                                    Kernel Shape Output Shape  Params  \
Layer                                                                   
0_local_models.0.fc_layers.Linear_0    [69, 200]   [128, 200]   14000   
1_local_models.0.fc_layers.Linear_1   [200, 100]   [128, 100]   20100   
2_local_models.1.fc_layers.Linear_0     [8, 200]   [128, 200]    1800   
3_local_models.1.fc_layers.Linear_1   [200, 100]   [128, 100]   20100   
4_agg_model.fc_layers.Linear_0        [200, 100]   [128, 100]   20100   
5_agg_model.fc_layers.Linear_1          [100, 1]     [128, 1]     101   

                                     Mult-Adds  
Layer                                           
0_local_models.0.fc_layers.Linear_0      13800  
1_local_models.0.fc_layers.Linear_1      20000  
2_local_models.1.fc_layers.Linear_0       1600  
3_local_models.1.fc_layers.Linear_1      20000  
4_agg_model.fc_layers.Linear_0           20000  
5_agg_model.fc_layers.Linear_1             100  
--------------------------------------------------------------------------------
                      Totals
Total params           76201
Trainable params       76201
Non-trainable params       0
Mult-Adds              75500
================================================================================
n_classes=2
task=regression
model_name=hdb_featuresim_2022-01-31-05-18-45
sche_threshold=0.0001
sche_patience=10
sche_factor=0.1
use_scheduler=False
num_workers=4
device=cuda:3
test_batch_size=4096
train_batch_size=128
learning_rate=0.001
weight_decay=1e-05
num_epochs=100
model_save_path=ckp/hdb_featuresim_2022-01-31-05-18-45.pth
test_rate=0.2
val_rate=0.1
multiprocess_context=fork
metrics=['r2_score', 'rmse']
metrics_f=[<metric.r2_score.R2Score object at 0x7f101a22ddc0>, <metric.rmse.RMSE object at 0x7f101a22db50>]
hidden_sizes=[200, 100]
model=SplitNN(
  (agg_model): MLP(
    (fc_layers): ModuleList(
      (0): Linear(in_features=200, out_features=100, bias=True)
      (1): Linear(in_features=100, out_features=1, bias=True)
    )
  )
  (local_models): ModuleList(
    (0): MLP(
      (fc_layers): ModuleList(
        (0): Linear(in_features=69, out_features=200, bias=True)
        (1): Linear(in_features=200, out_features=100, bias=True)
      )
    )
    (1): MLP(
      (fc_layers): ModuleList(
        (0): Linear(in_features=8, out_features=200, bias=True)
        (1): Linear(in_features=200, out_features=100, bias=True)
      )
    )
  )
)
writer=<torch.utils.tensorboard.writer.SummaryWriter object at 0x7f11106d7220>
dataset_type=real
drop_key=True
num_common_features=2
tree_radius=0.01
tree_leaf_size=1000
knn_k=3
grid_min=-10.0
grid_max=10.0
grid_width=1.5
sim_scaler=StandardScaler()
filter_top_k=3
link_n_jobs=-1
psig_p=7
sim_leak_p=1.0
link_threshold_t=0.01
link_epsilon=0.005
n_hash_lsh=20
edit_distance_threshold=1
n_hash_func=10
collision_rate=0.05
qgram_q=2
link_delta=0.005
feature_wise_sim=False
blocking_method=knn
center_threshold=0.5
n_clusters=100
local_hidden_sizes=[[200], [200]]
cut_dims=[100, 100]
agg_hidden_sizes=[100]
scale_analysis=None
data1_shape=(92065, 70)
data2_shape=(165, 10)
Epoch 1: Loss:            : Train 0.0103, Val 0.0020, Test 0.0019
          R2_Score         : Train 0.4724, Val 0.8988, Test 0.9023
          RMSE             : Train 112.3073, Val 49.3257, Test 48.6470
Best:
          R2_Score         : Train 0.4724, Val 0.8988, Test 0.9023
          RMSE             : Train 112.3073, Val 49.3257, Test 48.6470
Epoch 2: Loss:            : Train 0.0017, Val 0.0017, Test 0.0016
          R2_Score         : Train 0.9107, Val 0.9133, Test 0.9164
          RMSE             : Train 46.2087, Val 45.6518, Test 44.9877
Best:
          R2_Score         : Train 0.9107, Val 0.9133, Test 0.9164
          RMSE             : Train 46.2087, Val 45.6518, Test 44.9877
Epoch 3: Loss:            : Train 0.0015, Val 0.0015, Test 0.0015
          R2_Score         : Train 0.9215, Val 0.9211, Test 0.9250
          RMSE             : Train 43.3245, Val 43.5549, Test 42.6298
Best:
          R2_Score         : Train 0.9215, Val 0.9211, Test 0.9250
          RMSE             : Train 43.3245, Val 43.5549, Test 42.6298
Epoch 4: Loss:            : Train 0.0014, Val 0.0015, Test 0.0014
          R2_Score         : Train 0.9268, Val 0.9245, Test 0.9287
          RMSE             : Train 41.8304, Val 42.5983, Test 41.5649
Best:
          R2_Score         : Train 0.9268, Val 0.9245, Test 0.9287
          RMSE             : Train 41.8304, Val 42.5983, Test 41.5649
Epoch 5: Loss:            : Train 0.0014, Val 0.0015, Test 0.0014
          R2_Score         : Train 0.9299, Val 0.9250, Test 0.9308
          RMSE             : Train 40.9246, Val 42.4643, Test 40.9442
Best:
          R2_Score         : Train 0.9299, Val 0.9250, Test 0.9308
          RMSE             : Train 40.9246, Val 42.4643, Test 40.9442
Epoch 6: Loss:            : Train 0.0013, Val 0.0014, Test 0.0013
          R2_Score         : Train 0.9322, Val 0.9293, Test 0.9334
          RMSE             : Train 40.2715, Val 41.2380, Test 40.1578
Best:
          R2_Score         : Train 0.9322, Val 0.9293, Test 0.9334
          RMSE             : Train 40.2715, Val 41.2380, Test 40.1578
Epoch 7: Loss:            : Train 0.0013, Val 0.0013, Test 0.0013
          R2_Score         : Train 0.9342, Val 0.9313, Test 0.9355
          RMSE             : Train 39.6666, Val 40.6489, Test 39.5278
Best:
          R2_Score         : Train 0.9342, Val 0.9313, Test 0.9355
          RMSE             : Train 39.6666, Val 40.6489, Test 39.5278
Epoch 8: Loss:            : Train 0.0013, Val 0.0014, Test 0.0013
          R2_Score         : Train 0.9355, Val 0.9282, Test 0.9323
          RMSE             : Train 39.2786, Val 41.5397, Test 40.5006
Best:
          R2_Score         : Train 0.9342, Val 0.9313, Test 0.9355
          RMSE             : Train 39.6666, Val 40.6489, Test 39.5278
Epoch 9: Loss:            : Train 0.0012, Val 0.0013, Test 0.0013
          R2_Score         : Train 0.9368, Val 0.9329, Test 0.9365
          RMSE             : Train 38.8681, Val 40.1694, Test 39.2168
Best:
          R2_Score         : Train 0.9368, Val 0.9329, Test 0.9365
          RMSE             : Train 38.8681, Val 40.1694, Test 39.2168
Epoch 10: Loss:            : Train 0.0012, Val 0.0013, Test 0.0012
          R2_Score         : Train 0.9376, Val 0.9321, Test 0.9367
          RMSE             : Train 38.6282, Val 40.4188, Test 39.1398
Best:
          R2_Score         : Train 0.9368, Val 0.9329, Test 0.9365
          RMSE             : Train 38.8681, Val 40.1694, Test 39.2168
Epoch 11: Loss:            : Train 0.0012, Val 0.0013, Test 0.0012
          R2_Score         : Train 0.9388, Val 0.9343, Test 0.9377
          RMSE             : Train 38.2356, Val 39.7368, Test 38.8349
Best:
          R2_Score         : Train 0.9388, Val 0.9343, Test 0.9377
          RMSE             : Train 38.2356, Val 39.7368, Test 38.8349
Epoch 12: Loss:            : Train 0.0012, Val 0.0014, Test 0.0013
          R2_Score         : Train 0.9395, Val 0.9302, Test 0.9330
          RMSE             : Train 38.0230, Val 40.9569, Test 40.2832
Best:
          R2_Score         : Train 0.9388, Val 0.9343, Test 0.9377
          RMSE             : Train 38.2356, Val 39.7368, Test 38.8349
Epoch 13: Loss:            : Train 0.0012, Val 0.0013, Test 0.0012
          R2_Score         : Train 0.9400, Val 0.9350, Test 0.9389
          RMSE             : Train 37.8859, Val 39.5475, Test 38.4702
Best:
          R2_Score         : Train 0.9400, Val 0.9350, Test 0.9389
          RMSE             : Train 37.8859, Val 39.5475, Test 38.4702
Epoch 14: Loss:            : Train 0.0012, Val 0.0012, Test 0.0012
          R2_Score         : Train 0.9407, Val 0.9367, Test 0.9402
          RMSE             : Train 37.6580, Val 39.0100, Test 38.0709
Best:
          R2_Score         : Train 0.9407, Val 0.9367, Test 0.9402
          RMSE             : Train 37.6580, Val 39.0100, Test 38.0709
Epoch 15: Loss:            : Train 0.0011, Val 0.0013, Test 0.0012
          R2_Score         : Train 0.9409, Val 0.9327, Test 0.9372
          RMSE             : Train 37.5803, Val 40.2134, Test 38.9907
Best:
          R2_Score         : Train 0.9407, Val 0.9367, Test 0.9402
          RMSE             : Train 37.6580, Val 39.0100, Test 38.0709
Epoch 16: Loss:            : Train 0.0011, Val 0.0013, Test 0.0012
          R2_Score         : Train 0.9417, Val 0.9340, Test 0.9387
          RMSE             : Train 37.3233, Val 39.8326, Test 38.5349
Best:
          R2_Score         : Train 0.9407, Val 0.9367, Test 0.9402
          RMSE             : Train 37.6580, Val 39.0100, Test 38.0709
Epoch 17: Loss:            : Train 0.0011, Val 0.0012, Test 0.0012
          R2_Score         : Train 0.9422, Val 0.9377, Test 0.9414
          RMSE             : Train 37.1830, Val 38.7158, Test 37.6827
Best:
          R2_Score         : Train 0.9422, Val 0.9377, Test 0.9414
          RMSE             : Train 37.1830, Val 38.7158, Test 37.6827
Epoch 18: Loss:            : Train 0.0011, Val 0.0013, Test 0.0012
          R2_Score         : Train 0.9426, Val 0.9361, Test 0.9407
          RMSE             : Train 37.0280, Val 39.1903, Test 37.8952
Best:
          R2_Score         : Train 0.9422, Val 0.9377, Test 0.9414
          RMSE             : Train 37.1830, Val 38.7158, Test 37.6827
Epoch 19: Loss:            : Train 0.0011, Val 0.0012, Test 0.0012
          R2_Score         : Train 0.9432, Val 0.9362, Test 0.9401
          RMSE             : Train 36.8506, Val 39.1595, Test 38.0828
Best:
          R2_Score         : Train 0.9422, Val 0.9377, Test 0.9414
          RMSE             : Train 37.1830, Val 38.7158, Test 37.6827
Epoch 20: Loss:            : Train 0.0011, Val 0.0012, Test 0.0012
          R2_Score         : Train 0.9434, Val 0.9364, Test 0.9392
          RMSE             : Train 36.7686, Val 39.1039, Test 38.3765
Best:
          R2_Score         : Train 0.9422, Val 0.9377, Test 0.9414
          RMSE             : Train 37.1830, Val 38.7158, Test 37.6827
Epoch 21: Loss:            : Train 0.0011, Val 0.0012, Test 0.0011
          R2_Score         : Train 0.9437, Val 0.9390, Test 0.9422
          RMSE             : Train 36.6866, Val 38.2935, Test 37.4190
Best:
          R2_Score         : Train 0.9437, Val 0.9390, Test 0.9422
          RMSE             : Train 36.6866, Val 38.2935, Test 37.4190
Epoch 22: Loss:            : Train 0.0011, Val 0.0012, Test 0.0012
          R2_Score         : Train 0.9441, Val 0.9372, Test 0.9414
          RMSE             : Train 36.5535, Val 38.8581, Test 37.6748
Best:
          R2_Score         : Train 0.9437, Val 0.9390, Test 0.9422
          RMSE             : Train 36.6866, Val 38.2935, Test 37.4190
Epoch 23: Loss:            : Train 0.0011, Val 0.0012, Test 0.0011
          R2_Score         : Train 0.9445, Val 0.9391, Test 0.9420
          RMSE             : Train 36.4134, Val 38.2777, Test 37.4870
Best:
          R2_Score         : Train 0.9445, Val 0.9391, Test 0.9420
          RMSE             : Train 36.4134, Val 38.2777, Test 37.4870
Epoch 24: Loss:            : Train 0.0011, Val 0.0012, Test 0.0011
          R2_Score         : Train 0.9447, Val 0.9394, Test 0.9424
          RMSE             : Train 36.3579, Val 38.1734, Test 37.3588
Best:
          R2_Score         : Train 0.9447, Val 0.9394, Test 0.9424
          RMSE             : Train 36.3579, Val 38.1734, Test 37.3588
Epoch 25: Loss:            : Train 0.0011, Val 0.0012, Test 0.0011
          R2_Score         : Train 0.9452, Val 0.9396, Test 0.9432
          RMSE             : Train 36.1843, Val 38.1206, Test 37.0868
Best:
          R2_Score         : Train 0.9452, Val 0.9396, Test 0.9432
          RMSE             : Train 36.1843, Val 38.1206, Test 37.0868
Epoch 26: Loss:            : Train 0.0011, Val 0.0012, Test 0.0011
          R2_Score         : Train 0.9454, Val 0.9397, Test 0.9434
          RMSE             : Train 36.1202, Val 38.0845, Test 37.0201
Best:
          R2_Score         : Train 0.9454, Val 0.9397, Test 0.9434
          RMSE             : Train 36.1202, Val 38.0845, Test 37.0201
Epoch 27: Loss:            : Train 0.0011, Val 0.0012, Test 0.0011
          R2_Score         : Train 0.9458, Val 0.9382, Test 0.9418
          RMSE             : Train 36.0075, Val 38.5436, Test 37.5538
Best:
          R2_Score         : Train 0.9454, Val 0.9397, Test 0.9434
          RMSE             : Train 36.1202, Val 38.0845, Test 37.0201
Epoch 28: Loss:            : Train 0.0010, Val 0.0012, Test 0.0011
          R2_Score         : Train 0.9462, Val 0.9403, Test 0.9437
          RMSE             : Train 35.8783, Val 37.8871, Test 36.9213
Best:
          R2_Score         : Train 0.9462, Val 0.9403, Test 0.9437
          RMSE             : Train 35.8783, Val 37.8871, Test 36.9213
Epoch 29: Loss:            : Train 0.0010, Val 0.0012, Test 0.0011
          R2_Score         : Train 0.9464, Val 0.9402, Test 0.9434
          RMSE             : Train 35.7930, Val 37.9319, Test 37.0249
Best:
          R2_Score         : Train 0.9462, Val 0.9403, Test 0.9437
          RMSE             : Train 35.8783, Val 37.8871, Test 36.9213
Epoch 30: Loss:            : Train 0.0010, Val 0.0012, Test 0.0011
          R2_Score         : Train 0.9464, Val 0.9395, Test 0.9421
          RMSE             : Train 35.7898, Val 38.1286, Test 37.4604
Best:
          R2_Score         : Train 0.9462, Val 0.9403, Test 0.9437
          RMSE             : Train 35.8783, Val 37.8871, Test 36.9213
Epoch 31: Loss:            : Train 0.0010, Val 0.0012, Test 0.0011
          R2_Score         : Train 0.9468, Val 0.9394, Test 0.9424
          RMSE             : Train 35.6741, Val 38.1814, Test 37.3570
Best:
          R2_Score         : Train 0.9462, Val 0.9403, Test 0.9437
          RMSE             : Train 35.8783, Val 37.8871, Test 36.9213
Epoch 32: Loss:            : Train 0.0010, Val 0.0012, Test 0.0011
          R2_Score         : Train 0.9471, Val 0.9407, Test 0.9440
          RMSE             : Train 35.5481, Val 37.7654, Test 36.8312
Best:
          R2_Score         : Train 0.9471, Val 0.9407, Test 0.9440
          RMSE             : Train 35.5481, Val 37.7654, Test 36.8312
Epoch 33: Loss:            : Train 0.0010, Val 0.0012, Test 0.0011
          R2_Score         : Train 0.9474, Val 0.9403, Test 0.9440
          RMSE             : Train 35.4766, Val 37.8946, Test 36.8297
Best:
          R2_Score         : Train 0.9471, Val 0.9407, Test 0.9440
          RMSE             : Train 35.5481, Val 37.7654, Test 36.8312
Epoch 34: Loss:            : Train 0.0010, Val 0.0011, Test 0.0011
          R2_Score         : Train 0.9476, Val 0.9423, Test 0.9452
          RMSE             : Train 35.3829, Val 37.2345, Test 36.4383
Best:
          R2_Score         : Train 0.9476, Val 0.9423, Test 0.9452
          RMSE             : Train 35.3829, Val 37.2345, Test 36.4383
Epoch 35: Loss:            : Train 0.0010, Val 0.0011, Test 0.0011
          R2_Score         : Train 0.9476, Val 0.9428, Test 0.9461
          RMSE             : Train 35.3812, Val 37.0810, Test 36.1159
Best:
          R2_Score         : Train 0.9476, Val 0.9428, Test 0.9461
          RMSE             : Train 35.3812, Val 37.0810, Test 36.1159
Epoch 36: Loss:            : Train 0.0010, Val 0.0011, Test 0.0011
          R2_Score         : Train 0.9480, Val 0.9419, Test 0.9456
          RMSE             : Train 35.2627, Val 37.3922, Test 36.2886
Best:
          R2_Score         : Train 0.9476, Val 0.9428, Test 0.9461
          RMSE             : Train 35.3812, Val 37.0810, Test 36.1159
Epoch 37: Loss:            : Train 0.0010, Val 0.0011, Test 0.0011
          R2_Score         : Train 0.9484, Val 0.9418, Test 0.9458
          RMSE             : Train 35.1293, Val 37.3927, Test 36.2379
Best:
          R2_Score         : Train 0.9476, Val 0.9428, Test 0.9461
          RMSE             : Train 35.3812, Val 37.0810, Test 36.1159
Epoch 38: Loss:            : Train 0.0010, Val 0.0011, Test 0.0011
          R2_Score         : Train 0.9485, Val 0.9414, Test 0.9448
          RMSE             : Train 35.0845, Val 37.5305, Test 36.5504
Best:
          R2_Score         : Train 0.9476, Val 0.9428, Test 0.9461
          RMSE             : Train 35.3812, Val 37.0810, Test 36.1159
Epoch 39: Loss:            : Train 0.0010, Val 0.0011, Test 0.0011
          R2_Score         : Train 0.9488, Val 0.9425, Test 0.9463
          RMSE             : Train 34.9951, Val 37.1913, Test 36.0748
Best:
          R2_Score         : Train 0.9476, Val 0.9428, Test 0.9461
          RMSE             : Train 35.3812, Val 37.0810, Test 36.1159
Epoch 40: Loss:            : Train 0.0010, Val 0.0011, Test 0.0011
          R2_Score         : Train 0.9489, Val 0.9413, Test 0.9448
          RMSE             : Train 34.9619, Val 37.5591, Test 36.5505
Best:
          R2_Score         : Train 0.9476, Val 0.9428, Test 0.9461
          RMSE             : Train 35.3812, Val 37.0810, Test 36.1159
Epoch 41: Loss:            : Train 0.0010, Val 0.0011, Test 0.0011
          R2_Score         : Train 0.9492, Val 0.9426, Test 0.9464
          RMSE             : Train 34.8435, Val 37.1615, Test 36.0217
Best:
          R2_Score         : Train 0.9476, Val 0.9428, Test 0.9461
          RMSE             : Train 35.3812, Val 37.0810, Test 36.1159
Epoch 42: Loss:            : Train 0.0010, Val 0.0011, Test 0.0011
          R2_Score         : Train 0.9493, Val 0.9424, Test 0.9467
          RMSE             : Train 34.8165, Val 37.2299, Test 35.9222
Best:
          R2_Score         : Train 0.9476, Val 0.9428, Test 0.9461
          RMSE             : Train 35.3812, Val 37.0810, Test 36.1159
Epoch 43: Loss:            : Train 0.0010, Val 0.0011, Test 0.0010
          R2_Score         : Train 0.9496, Val 0.9437, Test 0.9474
          RMSE             : Train 34.7275, Val 36.7996, Test 35.6951
Best:
          R2_Score         : Train 0.9496, Val 0.9437, Test 0.9474
          RMSE             : Train 34.7275, Val 36.7996, Test 35.6951
Epoch 44: Loss:            : Train 0.0010, Val 0.0011, Test 0.0010
          R2_Score         : Train 0.9498, Val 0.9439, Test 0.9468
          RMSE             : Train 34.6572, Val 36.7216, Test 35.8872
Best:
          R2_Score         : Train 0.9498, Val 0.9439, Test 0.9468
          RMSE             : Train 34.6572, Val 36.7216, Test 35.8872
Epoch 45: Loss:            : Train 0.0010, Val 0.0011, Test 0.0010
          R2_Score         : Train 0.9502, Val 0.9439, Test 0.9470
          RMSE             : Train 34.5136, Val 36.7358, Test 35.8255
Best:
          R2_Score         : Train 0.9498, Val 0.9439, Test 0.9468
          RMSE             : Train 34.6572, Val 36.7216, Test 35.8872
Epoch 46: Loss:            : Train 0.0010, Val 0.0011, Test 0.0010
          R2_Score         : Train 0.9505, Val 0.9442, Test 0.9470
          RMSE             : Train 34.4142, Val 36.6445, Test 35.8144
Best:
          R2_Score         : Train 0.9505, Val 0.9442, Test 0.9470
          RMSE             : Train 34.4142, Val 36.6445, Test 35.8144
Epoch 47: Loss:            : Train 0.0010, Val 0.0011, Test 0.0010
          R2_Score         : Train 0.9504, Val 0.9440, Test 0.9471
          RMSE             : Train 34.4277, Val 36.7033, Test 35.7973
Best:
          R2_Score         : Train 0.9505, Val 0.9442, Test 0.9470
          RMSE             : Train 34.4142, Val 36.6445, Test 35.8144
Epoch 48: Loss:            : Train 0.0010, Val 0.0011, Test 0.0010
          R2_Score         : Train 0.9506, Val 0.9446, Test 0.9482
          RMSE             : Train 34.3709, Val 36.4903, Test 35.4151
Best:
          R2_Score         : Train 0.9506, Val 0.9446, Test 0.9482
          RMSE             : Train 34.3709, Val 36.4903, Test 35.4151
Epoch 49: Loss:            : Train 0.0010, Val 0.0011, Test 0.0010
          R2_Score         : Train 0.9508, Val 0.9451, Test 0.9486
          RMSE             : Train 34.2937, Val 36.3328, Test 35.2798
Best:
          R2_Score         : Train 0.9508, Val 0.9451, Test 0.9486
          RMSE             : Train 34.2937, Val 36.3328, Test 35.2798
Epoch 50: Loss:            : Train 0.0010, Val 0.0011, Test 0.0011
          R2_Score         : Train 0.9509, Val 0.9435, Test 0.9459
          RMSE             : Train 34.2610, Val 36.8514, Test 36.1981
Best:
          R2_Score         : Train 0.9508, Val 0.9451, Test 0.9486
          RMSE             : Train 34.2937, Val 36.3328, Test 35.2798
Epoch 51: Loss:            : Train 0.0009, Val 0.0011, Test 0.0010
          R2_Score         : Train 0.9512, Val 0.9446, Test 0.9482
          RMSE             : Train 34.1409, Val 36.5086, Test 35.4222
Best:
          R2_Score         : Train 0.9508, Val 0.9451, Test 0.9486
          RMSE             : Train 34.2937, Val 36.3328, Test 35.2798
Epoch 52: Loss:            : Train 0.0009, Val 0.0011, Test 0.0010
          R2_Score         : Train 0.9512, Val 0.9450, Test 0.9470
          RMSE             : Train 34.1404, Val 36.3612, Test 35.8360
Best:
          R2_Score         : Train 0.9508, Val 0.9451, Test 0.9486
          RMSE             : Train 34.2937, Val 36.3328, Test 35.2798
Epoch 53: Loss:            : Train 0.0009, Val 0.0011, Test 0.0010
          R2_Score         : Train 0.9514, Val 0.9445, Test 0.9478
          RMSE             : Train 34.0771, Val 36.5144, Test 35.5574
Best:
          R2_Score         : Train 0.9508, Val 0.9451, Test 0.9486
          RMSE             : Train 34.2937, Val 36.3328, Test 35.2798
Epoch 54: Loss:            : Train 0.0009, Val 0.0011, Test 0.0011
          R2_Score         : Train 0.9519, Val 0.9426, Test 0.9459
          RMSE             : Train 33.9145, Val 37.1640, Test 36.1961
Best:
          R2_Score         : Train 0.9508, Val 0.9451, Test 0.9486
          RMSE             : Train 34.2937, Val 36.3328, Test 35.2798
Epoch 55: Loss:            : Train 0.0009, Val 0.0011, Test 0.0011
          R2_Score         : Train 0.9519, Val 0.9439, Test 0.9463
          RMSE             : Train 33.9278, Val 36.7318, Test 36.0513
Best:
          R2_Score         : Train 0.9508, Val 0.9451, Test 0.9486
          RMSE             : Train 34.2937, Val 36.3328, Test 35.2798
Epoch 56: Loss:            : Train 0.0009, Val 0.0011, Test 0.0010
          R2_Score         : Train 0.9520, Val 0.9446, Test 0.9481
          RMSE             : Train 33.8791, Val 36.4832, Test 35.4384
Best:
          R2_Score         : Train 0.9508, Val 0.9451, Test 0.9486
          RMSE             : Train 34.2937, Val 36.3328, Test 35.2798
Epoch 57: Loss:            : Train 0.0009, Val 0.0011, Test 0.0010
          R2_Score         : Train 0.9521, Val 0.9463, Test 0.9489
          RMSE             : Train 33.8282, Val 35.9268, Test 35.1830
Best:
          R2_Score         : Train 0.9521, Val 0.9463, Test 0.9489
          RMSE             : Train 33.8282, Val 35.9268, Test 35.1830
Epoch 58: Loss:            : Train 0.0009, Val 0.0011, Test 0.0010
          R2_Score         : Train 0.9524, Val 0.9441, Test 0.9476
          RMSE             : Train 33.7245, Val 36.6459, Test 35.6216
Best:
          R2_Score         : Train 0.9521, Val 0.9463, Test 0.9489
          RMSE             : Train 33.8282, Val 35.9268, Test 35.1830
Epoch 59: Loss:            : Train 0.0009, Val 0.0011, Test 0.0010
          R2_Score         : Train 0.9526, Val 0.9463, Test 0.9491
          RMSE             : Train 33.6572, Val 35.9452, Test 35.1011
Best:
          R2_Score         : Train 0.9521, Val 0.9463, Test 0.9489
          RMSE             : Train 33.8282, Val 35.9268, Test 35.1830
Epoch 60: Loss:            : Train 0.0009, Val 0.0010, Test 0.0010
          R2_Score         : Train 0.9527, Val 0.9466, Test 0.9497
          RMSE             : Train 33.6124, Val 35.8311, Test 34.8919
Best:
          R2_Score         : Train 0.9527, Val 0.9466, Test 0.9497
          RMSE             : Train 33.6124, Val 35.8311, Test 34.8919
Epoch 61: Loss:            : Train 0.0009, Val 0.0011, Test 0.0010
          R2_Score         : Train 0.9527, Val 0.9461, Test 0.9493
          RMSE             : Train 33.6147, Val 36.0006, Test 35.0382
Best:
          R2_Score         : Train 0.9527, Val 0.9466, Test 0.9497
          RMSE             : Train 33.6124, Val 35.8311, Test 34.8919
Epoch 62: Loss:            : Train 0.0009, Val 0.0011, Test 0.0010
          R2_Score         : Train 0.9531, Val 0.9450, Test 0.9482
          RMSE             : Train 33.4781, Val 36.3811, Test 35.4339
Best:
          R2_Score         : Train 0.9527, Val 0.9466, Test 0.9497
          RMSE             : Train 33.6124, Val 35.8311, Test 34.8919
Epoch 63: Loss:            : Train 0.0009, Val 0.0011, Test 0.0010
          R2_Score         : Train 0.9533, Val 0.9451, Test 0.9476
          RMSE             : Train 33.4213, Val 36.3462, Test 35.6092
Best:
          R2_Score         : Train 0.9527, Val 0.9466, Test 0.9497
          RMSE             : Train 33.6124, Val 35.8311, Test 34.8919
Epoch 64: Loss:            : Train 0.0009, Val 0.0011, Test 0.0010
          R2_Score         : Train 0.9531, Val 0.9437, Test 0.9478
          RMSE             : Train 33.4690, Val 36.7773, Test 35.5422
Best:
          R2_Score         : Train 0.9527, Val 0.9466, Test 0.9497
          RMSE             : Train 33.6124, Val 35.8311, Test 34.8919
Epoch 65: Loss:            : Train 0.0009, Val 0.0010, Test 0.0010
          R2_Score         : Train 0.9534, Val 0.9466, Test 0.9486
          RMSE             : Train 33.3828, Val 35.8357, Test 35.2908
Best:
          R2_Score         : Train 0.9527, Val 0.9466, Test 0.9497
          RMSE             : Train 33.6124, Val 35.8311, Test 34.8919
Epoch 66: Loss:            : Train 0.0009, Val 0.0010, Test 0.0010
          R2_Score         : Train 0.9537, Val 0.9465, Test 0.9499
          RMSE             : Train 33.2718, Val 35.8633, Test 34.8439
Best:
          R2_Score         : Train 0.9527, Val 0.9466, Test 0.9497
          RMSE             : Train 33.6124, Val 35.8311, Test 34.8919
Epoch 67: Loss:            : Train 0.0009, Val 0.0010, Test 0.0010
          R2_Score         : Train 0.9539, Val 0.9469, Test 0.9500
          RMSE             : Train 33.2060, Val 35.7258, Test 34.7947
Best:
          R2_Score         : Train 0.9539, Val 0.9469, Test 0.9500
          RMSE             : Train 33.2060, Val 35.7258, Test 34.7947
Epoch 68: Loss:            : Train 0.0009, Val 0.0010, Test 0.0010
          R2_Score         : Train 0.9539, Val 0.9476, Test 0.9506
          RMSE             : Train 33.1989, Val 35.5026, Test 34.5920
Best:
          R2_Score         : Train 0.9539, Val 0.9476, Test 0.9506
          RMSE             : Train 33.1989, Val 35.5026, Test 34.5920
Epoch 69: Loss:            : Train 0.0009, Val 0.0010, Test 0.0010
          R2_Score         : Train 0.9543, Val 0.9470, Test 0.9495
          RMSE             : Train 33.0663, Val 35.6911, Test 34.9843
Best:
          R2_Score         : Train 0.9539, Val 0.9476, Test 0.9506
          RMSE             : Train 33.1989, Val 35.5026, Test 34.5920
Epoch 70: Loss:            : Train 0.0009, Val 0.0010, Test 0.0010
          R2_Score         : Train 0.9543, Val 0.9475, Test 0.9504
          RMSE             : Train 33.0422, Val 35.5289, Test 34.6702
Best:
          R2_Score         : Train 0.9539, Val 0.9476, Test 0.9506
          RMSE             : Train 33.1989, Val 35.5026, Test 34.5920
Epoch 71: Loss:            : Train 0.0009, Val 0.0010, Test 0.0010
          R2_Score         : Train 0.9546, Val 0.9477, Test 0.9504
          RMSE             : Train 32.9624, Val 35.4780, Test 34.6584
Best:
          R2_Score         : Train 0.9546, Val 0.9477, Test 0.9504
          RMSE             : Train 32.9624, Val 35.4780, Test 34.6584
Epoch 72: Loss:            : Train 0.0009, Val 0.0010, Test 0.0010
          R2_Score         : Train 0.9547, Val 0.9474, Test 0.9498
          RMSE             : Train 32.9055, Val 35.5560, Test 34.8753
Best:
          R2_Score         : Train 0.9546, Val 0.9477, Test 0.9504
          RMSE             : Train 32.9624, Val 35.4780, Test 34.6584
Epoch 73: Loss:            : Train 0.0009, Val 0.0010, Test 0.0010
          R2_Score         : Train 0.9549, Val 0.9483, Test 0.9508
          RMSE             : Train 32.8177, Val 35.2459, Test 34.5344
Best:
          R2_Score         : Train 0.9549, Val 0.9483, Test 0.9508
          RMSE             : Train 32.8177, Val 35.2459, Test 34.5344
Epoch 74: Loss:            : Train 0.0009, Val 0.0010, Test 0.0010
          R2_Score         : Train 0.9551, Val 0.9481, Test 0.9508
          RMSE             : Train 32.7783, Val 35.3355, Test 34.5022
Best:
          R2_Score         : Train 0.9549, Val 0.9483, Test 0.9508
          RMSE             : Train 32.8177, Val 35.2459, Test 34.5344
Epoch 75: Loss:            : Train 0.0009, Val 0.0010, Test 0.0010
          R2_Score         : Train 0.9550, Val 0.9478, Test 0.9502
          RMSE             : Train 32.7869, Val 35.4177, Test 34.7269
Best:
          R2_Score         : Train 0.9549, Val 0.9483, Test 0.9508
          RMSE             : Train 32.8177, Val 35.2459, Test 34.5344
Epoch 76: Loss:            : Train 0.0009, Val 0.0010, Test 0.0010
          R2_Score         : Train 0.9554, Val 0.9469, Test 0.9501
          RMSE             : Train 32.6357, Val 35.7446, Test 34.7586
Best:
          R2_Score         : Train 0.9549, Val 0.9483, Test 0.9508
          RMSE             : Train 32.8177, Val 35.2459, Test 34.5344
Epoch 77: Loss:            : Train 0.0009, Val 0.0011, Test 0.0010
          R2_Score         : Train 0.9555, Val 0.9464, Test 0.9486
          RMSE             : Train 32.6113, Val 35.9107, Test 35.2854
Best:
          R2_Score         : Train 0.9549, Val 0.9483, Test 0.9508
          RMSE             : Train 32.8177, Val 35.2459, Test 34.5344
Epoch 78: Loss:            : Train 0.0009, Val 0.0010, Test 0.0010
          R2_Score         : Train 0.9553, Val 0.9473, Test 0.9496
          RMSE             : Train 32.7075, Val 35.5991, Test 34.9212
Best:
          R2_Score         : Train 0.9549, Val 0.9483, Test 0.9508
          RMSE             : Train 32.8177, Val 35.2459, Test 34.5344
Epoch 79: Loss:            : Train 0.0009, Val 0.0010, Test 0.0009
          R2_Score         : Train 0.9559, Val 0.9500, Test 0.9524
          RMSE             : Train 32.4634, Val 34.6691, Test 33.9516
Best:
          R2_Score         : Train 0.9559, Val 0.9500, Test 0.9524
          RMSE             : Train 32.4634, Val 34.6691, Test 33.9516
Epoch 80: Loss:            : Train 0.0009, Val 0.0010, Test 0.0010
          R2_Score         : Train 0.9560, Val 0.9491, Test 0.9516
          RMSE             : Train 32.4202, Val 34.9999, Test 34.2539
Best:
          R2_Score         : Train 0.9559, Val 0.9500, Test 0.9524
          RMSE             : Train 32.4634, Val 34.6691, Test 33.9516
Epoch 81: Loss:            : Train 0.0008, Val 0.0010, Test 0.0010
          R2_Score         : Train 0.9564, Val 0.9472, Test 0.9513
          RMSE             : Train 32.2887, Val 35.6291, Test 34.3478
Best:
          R2_Score         : Train 0.9559, Val 0.9500, Test 0.9524
          RMSE             : Train 32.4634, Val 34.6691, Test 33.9516
Epoch 82: Loss:            : Train 0.0008, Val 0.0010, Test 0.0010
          R2_Score         : Train 0.9565, Val 0.9484, Test 0.9510
          RMSE             : Train 32.2629, Val 35.2306, Test 34.4623
Best:
          R2_Score         : Train 0.9559, Val 0.9500, Test 0.9524
          RMSE             : Train 32.4634, Val 34.6691, Test 33.9516
Epoch 83: Loss:            : Train 0.0008, Val 0.0010, Test 0.0010
          R2_Score         : Train 0.9565, Val 0.9482, Test 0.9512
          RMSE             : Train 32.2638, Val 35.2771, Test 34.3614
Best:
          R2_Score         : Train 0.9559, Val 0.9500, Test 0.9524
          RMSE             : Train 32.4634, Val 34.6691, Test 33.9516
Epoch 84: Loss:            : Train 0.0008, Val 0.0010, Test 0.0010
          R2_Score         : Train 0.9567, Val 0.9490, Test 0.9510
          RMSE             : Train 32.1624, Val 35.0239, Test 34.4385
Best:
          R2_Score         : Train 0.9559, Val 0.9500, Test 0.9524
          RMSE             : Train 32.4634, Val 34.6691, Test 33.9516
Epoch 85: Loss:            : Train 0.0008, Val 0.0010, Test 0.0009
          R2_Score         : Train 0.9567, Val 0.9500, Test 0.9521
          RMSE             : Train 32.1750, Val 34.6841, Test 34.0456
Best:
          R2_Score         : Train 0.9559, Val 0.9500, Test 0.9524
          RMSE             : Train 32.4634, Val 34.6691, Test 33.9516
Epoch 86: Loss:            : Train 0.0008, Val 0.0010, Test 0.0010
          R2_Score         : Train 0.9568, Val 0.9489, Test 0.9517
          RMSE             : Train 32.1317, Val 35.0438, Test 34.2113
Best:
          R2_Score         : Train 0.9559, Val 0.9500, Test 0.9524
          RMSE             : Train 32.4634, Val 34.6691, Test 33.9516
Epoch 87: Loss:            : Train 0.0008, Val 0.0010, Test 0.0009
          R2_Score         : Train 0.9569, Val 0.9494, Test 0.9524
          RMSE             : Train 32.0989, Val 34.8662, Test 33.9692
Best:
          R2_Score         : Train 0.9559, Val 0.9500, Test 0.9524
          RMSE             : Train 32.4634, Val 34.6691, Test 33.9516
Epoch 88: Loss:            : Train 0.0008, Val 0.0010, Test 0.0009
          R2_Score         : Train 0.9572, Val 0.9493, Test 0.9520
          RMSE             : Train 31.9784, Val 34.9108, Test 34.0946
Best:
          R2_Score         : Train 0.9559, Val 0.9500, Test 0.9524
          RMSE             : Train 32.4634, Val 34.6691, Test 33.9516
Epoch 89: Loss:            : Train 0.0008, Val 0.0010, Test 0.0010
          R2_Score         : Train 0.9574, Val 0.9486, Test 0.9515
          RMSE             : Train 31.9287, Val 35.1472, Test 34.2906
Best:
          R2_Score         : Train 0.9559, Val 0.9500, Test 0.9524
          RMSE             : Train 32.4634, Val 34.6691, Test 33.9516
Epoch 90: Loss:            : Train 0.0008, Val 0.0010, Test 0.0009
          R2_Score         : Train 0.9575, Val 0.9502, Test 0.9523
          RMSE             : Train 31.8721, Val 34.6088, Test 33.9954
Best:
          R2_Score         : Train 0.9575, Val 0.9502, Test 0.9523
          RMSE             : Train 31.8721, Val 34.6088, Test 33.9954
Epoch 91: Loss:            : Train 0.0008, Val 0.0010, Test 0.0009
          R2_Score         : Train 0.9576, Val 0.9503, Test 0.9533
          RMSE             : Train 31.8301, Val 34.5660, Test 33.6389
Best:
          R2_Score         : Train 0.9576, Val 0.9503, Test 0.9533
          RMSE             : Train 31.8301, Val 34.5660, Test 33.6389
Epoch 92: Loss:            : Train 0.0008, Val 0.0010, Test 0.0009
          R2_Score         : Train 0.9573, Val 0.9499, Test 0.9530
          RMSE             : Train 31.9403, Val 34.7095, Test 33.7367
Best:
          R2_Score         : Train 0.9576, Val 0.9503, Test 0.9533
          RMSE             : Train 31.8301, Val 34.5660, Test 33.6389
Epoch 93: Loss:            : Train 0.0008, Val 0.0010, Test 0.0009
          R2_Score         : Train 0.9578, Val 0.9513, Test 0.9535
          RMSE             : Train 31.7518, Val 34.2227, Test 33.5652
Best:
          R2_Score         : Train 0.9578, Val 0.9513, Test 0.9535
          RMSE             : Train 31.7518, Val 34.2227, Test 33.5652
Epoch 94: Loss:            : Train 0.0008, Val 0.0010, Test 0.0009
          R2_Score         : Train 0.9580, Val 0.9509, Test 0.9535
          RMSE             : Train 31.6900, Val 34.3737, Test 33.5768
Best:
          R2_Score         : Train 0.9578, Val 0.9513, Test 0.9535
          RMSE             : Train 31.7518, Val 34.2227, Test 33.5652
Epoch 95: Loss:            : Train 0.0008, Val 0.0010, Test 0.0009
          R2_Score         : Train 0.9580, Val 0.9512, Test 0.9537
          RMSE             : Train 31.6892, Val 34.2640, Test 33.4863
Best:
          R2_Score         : Train 0.9578, Val 0.9513, Test 0.9535
          RMSE             : Train 31.7518, Val 34.2227, Test 33.5652
Epoch 96: Loss:            : Train 0.0008, Val 0.0010, Test 0.0009
          R2_Score         : Train 0.9581, Val 0.9505, Test 0.9529
          RMSE             : Train 31.6363, Val 34.5141, Test 33.7625
Best:
          R2_Score         : Train 0.9578, Val 0.9513, Test 0.9535
          RMSE             : Train 31.7518, Val 34.2227, Test 33.5652
Epoch 97: Loss:            : Train 0.0008, Val 0.0009, Test 0.0009
          R2_Score         : Train 0.9584, Val 0.9518, Test 0.9544
          RMSE             : Train 31.5329, Val 34.0468, Test 33.2259
Best:
          R2_Score         : Train 0.9584, Val 0.9518, Test 0.9544
          RMSE             : Train 31.5329, Val 34.0468, Test 33.2259
Epoch 98: Loss:            : Train 0.0008, Val 0.0010, Test 0.0009
          R2_Score         : Train 0.9584, Val 0.9507, Test 0.9542
          RMSE             : Train 31.5202, Val 34.4249, Test 33.2994
Best:
          R2_Score         : Train 0.9584, Val 0.9518, Test 0.9544
          RMSE             : Train 31.5329, Val 34.0468, Test 33.2259
Epoch 99: Loss:            : Train 0.0008, Val 0.0010, Test 0.0009
          R2_Score         : Train 0.9586, Val 0.9512, Test 0.9540
          RMSE             : Train 31.4654, Val 34.2429, Test 33.3617
Best:
          R2_Score         : Train 0.9584, Val 0.9518, Test 0.9544
          RMSE             : Train 31.5329, Val 34.0468, Test 33.2259
Epoch 100: Loss:            : Train 0.0008, Val 0.0010, Test 0.0009
          R2_Score         : Train 0.9587, Val 0.9495, Test 0.9527
          RMSE             : Train 31.4068, Val 34.8587, Test 33.8503
Best:
          R2_Score         : Train 0.9584, Val 0.9518, Test 0.9544
          RMSE             : Train 31.5329, Val 34.0468, Test 33.2259
Training time (sec): 1288
