Loading house from data/hdb/hdb_clean.csv
Loading airbnb from data/hdb/school_clean.csv
Current hdb columns Index(['floor_area_sqm', 'lease_commence_year_before_2020', 'tn_BEDOK',
       'tn_BISHAN', 'tn_BUKIT BATOK', 'tn_BUKIT MERAH', 'tn_BUKIT PANJANG',
       'tn_BUKIT TIMAH', 'tn_CENTRAL AREA', 'tn_CHOA CHU KANG', 'tn_CLEMENTI',
       'tn_GEYLANG', 'tn_HOUGANG', 'tn_JURONG EAST', 'tn_JURONG WEST',
       'tn_KALLANG/WHAMPOA', 'tn_MARINE PARADE', 'tn_PASIR RIS', 'tn_PUNGGOL',
       'tn_QUEENSTOWN', 'tn_SEMBAWANG', 'tn_SENGKANG', 'tn_SERANGOON',
       'tn_TAMPINES', 'tn_TOA PAYOH', 'tn_WOODLANDS', 'tn_YISHUN', 'ft_2 ROOM',
       'ft_3 ROOM', 'ft_4 ROOM', 'ft_5 ROOM', 'ft_EXECUTIVE',
       'ft_MULTI-GENERATION', 'sr_04 TO 06', 'sr_07 TO 09', 'sr_10 TO 12',
       'sr_13 TO 15', 'sr_16 TO 18', 'sr_19 TO 21', 'sr_22 TO 24',
       'sr_25 TO 27', 'sr_28 TO 30', 'sr_31 TO 33', 'sr_34 TO 36',
       'sr_37 TO 39', 'sr_40 TO 42', 'sr_43 TO 45', 'sr_46 TO 48',
       'sr_49 TO 51', 'fm_Adjoined flat', 'fm_Apartment', 'fm_DBSS',
       'fm_Improved', 'fm_Improved-Maisonette', 'fm_Maisonette', 'fm_Model A',
       'fm_Model A-Maisonette', 'fm_Model A2', 'fm_Multi Generation',
       'fm_New Generation', 'fm_Premium Apartment',
       'fm_Premium Apartment Loft', 'fm_Premium Maisonette', 'fm_Simplified',
       'fm_Standard', 'fm_Terrace', 'fm_Type S1', 'fm_Type S2', 'lon', 'lat'],
      dtype='object')
Current airbnb columns Index(['lon', 'lat', 'n_places_0', 'vacancy_rate_0', 'n_places_1',
       'vacancy_rate_1', 'n_places_2', 'vacancy_rate_2', 'n_places_3',
       'vacancy_rate_3'],
      dtype='object')
Loading data from cache
Done
Calculating noise scale
Adding noise of scale 0.0 to sim_scores
Adding noise of scale 0.0 to sim_scores
Adding noise of scale 0.0 to sim_scores
Filter dataset to top 3
Generating top 3 dataset
Generating top 3 dataset
Generating top 3 dataset
Generating top1 dataset
Generating top1 dataset
Generating top1 dataset
Preparing time (sec): 7
Loading data
Prepare for training
Start training
================================================================================
                                    Kernel Shape Output Shape  Params  \
Layer                                                                   
0_local_models.0.fc_layers.Linear_0    [68, 200]  [4096, 200]   13800   
1_local_models.0.fc_layers.Linear_1   [200, 100]  [4096, 100]   20100   
2_local_models.1.fc_layers.Linear_0     [8, 200]  [4096, 200]    1800   
3_local_models.1.fc_layers.Linear_1   [200, 100]  [4096, 100]   20100   
4_agg_model.fc_layers.Linear_0        [200, 100]  [4096, 100]   20100   
5_agg_model.fc_layers.Linear_1          [100, 1]    [4096, 1]     101   

                                     Mult-Adds  
Layer                                           
0_local_models.0.fc_layers.Linear_0      13600  
1_local_models.0.fc_layers.Linear_1      20000  
2_local_models.1.fc_layers.Linear_0       1600  
3_local_models.1.fc_layers.Linear_1      20000  
4_agg_model.fc_layers.Linear_0           20000  
5_agg_model.fc_layers.Linear_1             100  
--------------------------------------------------------------------------------
                      Totals
Total params           76001
Trainable params       76001
Non-trainable params       0
Mult-Adds              75300
================================================================================
n_classes=2
task=regression
model_name=hdb_top1sim_2022-01-31-00-03-48
sche_threshold=0.0001
sche_patience=10
sche_factor=0.1
use_scheduler=False
num_workers=0
device=cuda:3
test_batch_size=4096
train_batch_size=4096
learning_rate=0.01
weight_decay=1e-05
num_epochs=200
model_save_path=ckp/hdb_top1sim_2022-01-31-00-03-48.pth
test_rate=0.2
val_rate=0.1
multiprocess_context=None
metrics=['r2_score', 'rmse']
metrics_f=[<metric.r2_score.R2Score object at 0x7f5833eceb20>, <metric.rmse.RMSE object at 0x7f5833ecea90>]
hidden_sizes=[200, 100]
model=SplitNN(
  (agg_model): MLP(
    (fc_layers): ModuleList(
      (0): Linear(in_features=200, out_features=100, bias=True)
      (1): Linear(in_features=100, out_features=1, bias=True)
    )
  )
  (local_models): ModuleList(
    (0): MLP(
      (fc_layers): ModuleList(
        (0): Linear(in_features=68, out_features=200, bias=True)
        (1): Linear(in_features=200, out_features=100, bias=True)
      )
    )
    (1): MLP(
      (fc_layers): ModuleList(
        (0): Linear(in_features=8, out_features=200, bias=True)
        (1): Linear(in_features=200, out_features=100, bias=True)
      )
    )
  )
)
writer=<torch.utils.tensorboard.writer.SummaryWriter object at 0x7f5833ece760>
dataset_type=real
drop_key=True
num_common_features=2
tree_radius=0.01
tree_leaf_size=1000
knn_k=3
grid_min=-10.0
grid_max=10.0
grid_width=1.5
sim_scaler=StandardScaler()
filter_top_k=3
link_n_jobs=-1
psig_p=7
sim_leak_p=1.0
link_threshold_t=0.01
link_epsilon=0.005
n_hash_lsh=20
edit_distance_threshold=1
n_hash_func=10
collision_rate=0.05
qgram_q=2
link_delta=0.005
feature_wise_sim=False
blocking_method=knn
center_threshold=0.5
n_clusters=100
local_hidden_sizes=[[200], [200]]
cut_dims=[100, 100]
agg_hidden_sizes=[100]
scale_analysis=None
data1_shape=(92065, 70)
data2_shape=(165, 10)
Epoch 1: Loss:            : Train 0.0000, Val 0.0309, Test 0.0308
          R2_Score         : Train -1.5326, Val -0.4856, Test -0.5216
          RMSE             : Train 246.0588, Val 188.9965, Test 191.9695
Best:
          R2_Score         : Train -1.5326, Val -0.4856, Test -0.5216
          RMSE             : Train 246.0588, Val 188.9965, Test 191.9695
Epoch 2: Loss:            : Train 0.0000, Val 0.0062, Test 0.0062
          R2_Score         : Train 0.0695, Val 0.6917, Test 0.6922
          RMSE             : Train 149.1496, Val 86.1045, Test 86.3383
Best:
          R2_Score         : Train 0.0695, Val 0.6917, Test 0.6922
          RMSE             : Train 149.1496, Val 86.1045, Test 86.3383
Epoch 3: Loss:            : Train 0.0000, Val 0.0038, Test 0.0035
          R2_Score         : Train 0.7531, Val 0.8140, Test 0.8250
          RMSE             : Train 76.8318, Val 66.8703, Test 65.1049
Best:
          R2_Score         : Train 0.7531, Val 0.8140, Test 0.8250
          RMSE             : Train 76.8318, Val 66.8703, Test 65.1049
Epoch 4: Loss:            : Train 0.0000, Val 0.0025, Test 0.0024
          R2_Score         : Train 0.8584, Val 0.8771, Test 0.8816
          RMSE             : Train 58.1820, Val 54.3684, Test 53.5458
Best:
          R2_Score         : Train 0.8584, Val 0.8771, Test 0.8816
          RMSE             : Train 58.1820, Val 54.3684, Test 53.5458
Epoch 5: Loss:            : Train 0.0000, Val 0.0019, Test 0.0018
          R2_Score         : Train 0.8973, Val 0.9025, Test 0.9073
          RMSE             : Train 49.5620, Val 48.4282, Test 47.3870
Best:
          R2_Score         : Train 0.8973, Val 0.9025, Test 0.9073
          RMSE             : Train 49.5620, Val 48.4282, Test 47.3870
Epoch 6: Loss:            : Train 0.0000, Val 0.0017, Test 0.0015
          R2_Score         : Train 0.9100, Val 0.9167, Test 0.9218
          RMSE             : Train 46.3866, Val 44.7587, Test 43.5238
Best:
          R2_Score         : Train 0.9100, Val 0.9167, Test 0.9218
          RMSE             : Train 46.3866, Val 44.7587, Test 43.5238
Epoch 7: Loss:            : Train 0.0000, Val 0.0016, Test 0.0016
          R2_Score         : Train 0.9194, Val 0.9160, Test 0.9186
          RMSE             : Train 43.9080, Val 44.9367, Test 44.3925
Best:
          R2_Score         : Train 0.9100, Val 0.9167, Test 0.9218
          RMSE             : Train 46.3866, Val 44.7587, Test 43.5238
Epoch 8: Loss:            : Train 0.0000, Val 0.0016, Test 0.0016
          R2_Score         : Train 0.9238, Val 0.9146, Test 0.9195
          RMSE             : Train 42.6912, Val 45.3053, Test 44.1673
Best:
          R2_Score         : Train 0.9100, Val 0.9167, Test 0.9218
          RMSE             : Train 46.3866, Val 44.7587, Test 43.5238
Epoch 9: Loss:            : Train 0.0000, Val 0.0014, Test 0.0014
          R2_Score         : Train 0.9261, Val 0.9286, Test 0.9320
          RMSE             : Train 42.0443, Val 41.4390, Test 40.5835
Best:
          R2_Score         : Train 0.9261, Val 0.9286, Test 0.9320
          RMSE             : Train 42.0443, Val 41.4390, Test 40.5835
Epoch 10: Loss:            : Train 0.0000, Val 0.0015, Test 0.0014
          R2_Score         : Train 0.9303, Val 0.9257, Test 0.9305
          RMSE             : Train 40.8241, Val 42.2573, Test 41.0136
Best:
          R2_Score         : Train 0.9261, Val 0.9286, Test 0.9320
          RMSE             : Train 42.0443, Val 41.4390, Test 40.5835
Epoch 11: Loss:            : Train 0.0000, Val 0.0014, Test 0.0013
          R2_Score         : Train 0.9327, Val 0.9282, Test 0.9316
          RMSE             : Train 40.1119, Val 41.5548, Test 40.7093
Best:
          R2_Score         : Train 0.9261, Val 0.9286, Test 0.9320
          RMSE             : Train 42.0443, Val 41.4390, Test 40.5835
Epoch 12: Loss:            : Train 0.0000, Val 0.0014, Test 0.0012
          R2_Score         : Train 0.9355, Val 0.9337, Test 0.9383
          RMSE             : Train 39.2530, Val 39.9190, Test 38.6485
Best:
          R2_Score         : Train 0.9355, Val 0.9337, Test 0.9383
          RMSE             : Train 39.2530, Val 39.9190, Test 38.6485
Epoch 13: Loss:            : Train 0.0000, Val 0.0014, Test 0.0013
          R2_Score         : Train 0.9354, Val 0.9274, Test 0.9312
          RMSE             : Train 39.2924, Val 41.7685, Test 40.8168
Best:
          R2_Score         : Train 0.9355, Val 0.9337, Test 0.9383
          RMSE             : Train 39.2530, Val 39.9190, Test 38.6485
Epoch 14: Loss:            : Train 0.0000, Val 0.0012, Test 0.0012
          R2_Score         : Train 0.9373, Val 0.9369, Test 0.9394
          RMSE             : Train 38.7082, Val 38.9494, Test 38.3130
Best:
          R2_Score         : Train 0.9373, Val 0.9369, Test 0.9394
          RMSE             : Train 38.7082, Val 38.9494, Test 38.3130
Epoch 15: Loss:            : Train 0.0000, Val 0.0012, Test 0.0012
          R2_Score         : Train 0.9418, Val 0.9382, Test 0.9413
          RMSE             : Train 37.2922, Val 38.5441, Test 37.7193
Best:
          R2_Score         : Train 0.9418, Val 0.9382, Test 0.9413
          RMSE             : Train 37.2922, Val 38.5441, Test 37.7193
Epoch 16: Loss:            : Train 0.0000, Val 0.0012, Test 0.0011
          R2_Score         : Train 0.9421, Val 0.9403, Test 0.9434
          RMSE             : Train 37.2202, Val 37.8889, Test 37.0364
Best:
          R2_Score         : Train 0.9421, Val 0.9403, Test 0.9434
          RMSE             : Train 37.2202, Val 37.8889, Test 37.0364
Epoch 17: Loss:            : Train 0.0000, Val 0.0012, Test 0.0012
          R2_Score         : Train 0.9439, Val 0.9405, Test 0.9429
          RMSE             : Train 36.6067, Val 37.8305, Test 37.1949
Best:
          R2_Score         : Train 0.9439, Val 0.9405, Test 0.9429
          RMSE             : Train 36.6067, Val 37.8305, Test 37.1949
Epoch 18: Loss:            : Train 0.0000, Val 0.0012, Test 0.0012
          R2_Score         : Train 0.9448, Val 0.9377, Test 0.9411
          RMSE             : Train 36.3121, Val 38.6996, Test 37.7696
Best:
          R2_Score         : Train 0.9439, Val 0.9405, Test 0.9429
          RMSE             : Train 36.6067, Val 37.8305, Test 37.1949
Epoch 19: Loss:            : Train 0.0000, Val 0.0012, Test 0.0011
          R2_Score         : Train 0.9446, Val 0.9406, Test 0.9442
          RMSE             : Train 36.3918, Val 37.7879, Test 36.7511
Best:
          R2_Score         : Train 0.9446, Val 0.9406, Test 0.9442
          RMSE             : Train 36.3918, Val 37.7879, Test 36.7511
Epoch 20: Loss:            : Train 0.0000, Val 0.0013, Test 0.0013
          R2_Score         : Train 0.9436, Val 0.9316, Test 0.9344
          RMSE             : Train 36.7067, Val 40.5548, Test 39.8501
Best:
          R2_Score         : Train 0.9446, Val 0.9406, Test 0.9442
          RMSE             : Train 36.3918, Val 37.7879, Test 36.7511
Epoch 21: Loss:            : Train 0.0000, Val 0.0012, Test 0.0011
          R2_Score         : Train 0.9452, Val 0.9432, Test 0.9460
          RMSE             : Train 36.1807, Val 36.9604, Test 36.1601
Best:
          R2_Score         : Train 0.9452, Val 0.9432, Test 0.9460
          RMSE             : Train 36.1807, Val 36.9604, Test 36.1601
Epoch 22: Loss:            : Train 0.0000, Val 0.0011, Test 0.0010
          R2_Score         : Train 0.9467, Val 0.9460, Test 0.9486
          RMSE             : Train 35.6847, Val 36.0407, Test 35.2773
Best:
          R2_Score         : Train 0.9467, Val 0.9460, Test 0.9486
          RMSE             : Train 35.6847, Val 36.0407, Test 35.2773
Epoch 23: Loss:            : Train 0.0000, Val 0.0011, Test 0.0011
          R2_Score         : Train 0.9459, Val 0.9449, Test 0.9467
          RMSE             : Train 35.9477, Val 36.3896, Test 35.9334
Best:
          R2_Score         : Train 0.9467, Val 0.9460, Test 0.9486
          RMSE             : Train 35.6847, Val 36.0407, Test 35.2773
Epoch 24: Loss:            : Train 0.0000, Val 0.0012, Test 0.0011
          R2_Score         : Train 0.9401, Val 0.9443, Test 0.9477
          RMSE             : Train 37.8481, Val 36.6112, Test 35.5943
Best:
          R2_Score         : Train 0.9467, Val 0.9460, Test 0.9486
          RMSE             : Train 35.6847, Val 36.0407, Test 35.2773
Epoch 25: Loss:            : Train 0.0000, Val 0.0011, Test 0.0011
          R2_Score         : Train 0.9459, Val 0.9421, Test 0.9431
          RMSE             : Train 35.9574, Val 37.3279, Test 37.1205
Best:
          R2_Score         : Train 0.9467, Val 0.9460, Test 0.9486
          RMSE             : Train 35.6847, Val 36.0407, Test 35.2773
Epoch 26: Loss:            : Train 0.0000, Val 0.0011, Test 0.0011
          R2_Score         : Train 0.9477, Val 0.9417, Test 0.9442
          RMSE             : Train 35.3701, Val 37.4444, Test 36.7607
Best:
          R2_Score         : Train 0.9467, Val 0.9460, Test 0.9486
          RMSE             : Train 35.6847, Val 36.0407, Test 35.2773
Epoch 27: Loss:            : Train 0.0000, Val 0.0011, Test 0.0010
          R2_Score         : Train 0.9510, Val 0.9474, Test 0.9495
          RMSE             : Train 34.2275, Val 35.5677, Test 34.9874
Best:
          R2_Score         : Train 0.9510, Val 0.9474, Test 0.9495
          RMSE             : Train 34.2275, Val 35.5677, Test 34.9874
Epoch 28: Loss:            : Train 0.0000, Val 0.0011, Test 0.0010
          R2_Score         : Train 0.9518, Val 0.9483, Test 0.9509
          RMSE             : Train 33.9433, Val 35.2494, Test 34.4680
Best:
          R2_Score         : Train 0.9518, Val 0.9483, Test 0.9509
          RMSE             : Train 33.9433, Val 35.2494, Test 34.4680
Epoch 29: Loss:            : Train 0.0000, Val 0.0010, Test 0.0010
          R2_Score         : Train 0.9522, Val 0.9485, Test 0.9503
          RMSE             : Train 33.8175, Val 35.1981, Test 34.6857
Best:
          R2_Score         : Train 0.9522, Val 0.9485, Test 0.9503
          RMSE             : Train 33.8175, Val 35.1981, Test 34.6857
Epoch 30: Loss:            : Train 0.0000, Val 0.0011, Test 0.0010
          R2_Score         : Train 0.9520, Val 0.9463, Test 0.9485
          RMSE             : Train 33.8658, Val 35.9201, Test 35.3092
Best:
          R2_Score         : Train 0.9522, Val 0.9485, Test 0.9503
          RMSE             : Train 33.8175, Val 35.1981, Test 34.6857
Epoch 31: Loss:            : Train 0.0000, Val 0.0010, Test 0.0010
          R2_Score         : Train 0.9523, Val 0.9492, Test 0.9518
          RMSE             : Train 33.7752, Val 34.9322, Test 34.1744
Best:
          R2_Score         : Train 0.9523, Val 0.9492, Test 0.9518
          RMSE             : Train 33.7752, Val 34.9322, Test 34.1744
Epoch 32: Loss:            : Train 0.0000, Val 0.0011, Test 0.0010
          R2_Score         : Train 0.9514, Val 0.9487, Test 0.9502
          RMSE             : Train 34.0847, Val 35.1200, Test 34.7444
Best:
          R2_Score         : Train 0.9523, Val 0.9492, Test 0.9518
          RMSE             : Train 33.7752, Val 34.9322, Test 34.1744
Epoch 33: Loss:            : Train 0.0000, Val 0.0010, Test 0.0010
          R2_Score         : Train 0.9527, Val 0.9490, Test 0.9511
          RMSE             : Train 33.6095, Val 35.0342, Test 34.4023
Best:
          R2_Score         : Train 0.9523, Val 0.9492, Test 0.9518
          RMSE             : Train 33.7752, Val 34.9322, Test 34.1744
Epoch 34: Loss:            : Train 0.0000, Val 0.0010, Test 0.0010
          R2_Score         : Train 0.9529, Val 0.9476, Test 0.9493
          RMSE             : Train 33.5459, Val 35.4796, Test 35.0448
Best:
          R2_Score         : Train 0.9523, Val 0.9492, Test 0.9518
          RMSE             : Train 33.7752, Val 34.9322, Test 34.1744
Epoch 35: Loss:            : Train 0.0000, Val 0.0010, Test 0.0010
          R2_Score         : Train 0.9529, Val 0.9495, Test 0.9515
          RMSE             : Train 33.5710, Val 34.8522, Test 34.2579
Best:
          R2_Score         : Train 0.9529, Val 0.9495, Test 0.9515
          RMSE             : Train 33.5710, Val 34.8522, Test 34.2579
Epoch 36: Loss:            : Train 0.0000, Val 0.0010, Test 0.0009
          R2_Score         : Train 0.9540, Val 0.9497, Test 0.9527
          RMSE             : Train 33.1792, Val 34.7659, Test 33.8574
Best:
          R2_Score         : Train 0.9540, Val 0.9497, Test 0.9527
          RMSE             : Train 33.1792, Val 34.7659, Test 33.8574
Epoch 37: Loss:            : Train 0.0000, Val 0.0011, Test 0.0010
          R2_Score         : Train 0.9543, Val 0.9483, Test 0.9514
          RMSE             : Train 33.0362, Val 35.2711, Test 34.3019
Best:
          R2_Score         : Train 0.9540, Val 0.9497, Test 0.9527
          RMSE             : Train 33.1792, Val 34.7659, Test 33.8574
Epoch 38: Loss:            : Train 0.0000, Val 0.0010, Test 0.0010
          R2_Score         : Train 0.9537, Val 0.9495, Test 0.9519
          RMSE             : Train 33.2646, Val 34.8505, Test 34.1177
Best:
          R2_Score         : Train 0.9540, Val 0.9497, Test 0.9527
          RMSE             : Train 33.1792, Val 34.7659, Test 33.8574
Epoch 39: Loss:            : Train 0.0000, Val 0.0010, Test 0.0010
          R2_Score         : Train 0.9542, Val 0.9489, Test 0.9517
          RMSE             : Train 33.0866, Val 35.0594, Test 34.2183
Best:
          R2_Score         : Train 0.9540, Val 0.9497, Test 0.9527
          RMSE             : Train 33.1792, Val 34.7659, Test 33.8574
Epoch 40: Loss:            : Train 0.0000, Val 0.0010, Test 0.0010
          R2_Score         : Train 0.9552, Val 0.9507, Test 0.9519
          RMSE             : Train 32.7358, Val 34.4216, Test 34.1414
Best:
          R2_Score         : Train 0.9552, Val 0.9507, Test 0.9519
          RMSE             : Train 32.7358, Val 34.4216, Test 34.1414
Epoch 41: Loss:            : Train 0.0000, Val 0.0010, Test 0.0009
          R2_Score         : Train 0.9544, Val 0.9513, Test 0.9533
          RMSE             : Train 33.0206, Val 34.2328, Test 33.6441
Best:
          R2_Score         : Train 0.9544, Val 0.9513, Test 0.9533
          RMSE             : Train 33.0206, Val 34.2328, Test 33.6441
Epoch 42: Loss:            : Train 0.0000, Val 0.0011, Test 0.0010
          R2_Score         : Train 0.9547, Val 0.9494, Test 0.9521
          RMSE             : Train 32.8966, Val 34.8923, Test 34.0577
Best:
          R2_Score         : Train 0.9544, Val 0.9513, Test 0.9533
          RMSE             : Train 33.0206, Val 34.2328, Test 33.6441
Epoch 43: Loss:            : Train 0.0000, Val 0.0011, Test 0.0010
          R2_Score         : Train 0.9560, Val 0.9458, Test 0.9502
          RMSE             : Train 32.4417, Val 36.1045, Test 34.7121
Best:
          R2_Score         : Train 0.9544, Val 0.9513, Test 0.9533
          RMSE             : Train 33.0206, Val 34.2328, Test 33.6441
Epoch 44: Loss:            : Train 0.0000, Val 0.0010, Test 0.0010
          R2_Score         : Train 0.9555, Val 0.9482, Test 0.9499
          RMSE             : Train 32.6180, Val 35.2811, Test 34.8375
Best:
          R2_Score         : Train 0.9544, Val 0.9513, Test 0.9533
          RMSE             : Train 33.0206, Val 34.2328, Test 33.6441
Epoch 45: Loss:            : Train 0.0000, Val 0.0010, Test 0.0010
          R2_Score         : Train 0.9554, Val 0.9471, Test 0.9486
          RMSE             : Train 32.6637, Val 35.6632, Test 35.2687
Best:
          R2_Score         : Train 0.9544, Val 0.9513, Test 0.9533
          RMSE             : Train 33.0206, Val 34.2328, Test 33.6441
Epoch 46: Loss:            : Train 0.0000, Val 0.0010, Test 0.0010
          R2_Score         : Train 0.9553, Val 0.9503, Test 0.9524
          RMSE             : Train 32.6739, Val 34.5630, Test 33.9697
Best:
          R2_Score         : Train 0.9544, Val 0.9513, Test 0.9533
          RMSE             : Train 33.0206, Val 34.2328, Test 33.6441
Epoch 47: Loss:            : Train 0.0000, Val 0.0009, Test 0.0009
          R2_Score         : Train 0.9564, Val 0.9511, Test 0.9527
          RMSE             : Train 32.2908, Val 34.2774, Test 33.8600
Best:
          R2_Score         : Train 0.9544, Val 0.9513, Test 0.9533
          RMSE             : Train 33.0206, Val 34.2328, Test 33.6441
Epoch 48: Loss:            : Train 0.0000, Val 0.0011, Test 0.0010
          R2_Score         : Train 0.9566, Val 0.9483, Test 0.9507
          RMSE             : Train 32.2029, Val 35.2666, Test 34.5532
Best:
          R2_Score         : Train 0.9544, Val 0.9513, Test 0.9533
          RMSE             : Train 33.0206, Val 34.2328, Test 33.6441
Epoch 49: Loss:            : Train 0.0000, Val 0.0010, Test 0.0009
          R2_Score         : Train 0.9562, Val 0.9511, Test 0.9531
          RMSE             : Train 32.3752, Val 34.3057, Test 33.7139
Best:
          R2_Score         : Train 0.9544, Val 0.9513, Test 0.9533
          RMSE             : Train 33.0206, Val 34.2328, Test 33.6441
Epoch 50: Loss:            : Train 0.0000, Val 0.0010, Test 0.0009
          R2_Score         : Train 0.9568, Val 0.9514, Test 0.9538
          RMSE             : Train 32.1446, Val 34.1701, Test 33.4559
Best:
          R2_Score         : Train 0.9568, Val 0.9514, Test 0.9538
          RMSE             : Train 32.1446, Val 34.1701, Test 33.4559
Epoch 51: Loss:            : Train 0.0000, Val 0.0010, Test 0.0009
          R2_Score         : Train 0.9571, Val 0.9510, Test 0.9545
          RMSE             : Train 32.0227, Val 34.3167, Test 33.2126
Best:
          R2_Score         : Train 0.9568, Val 0.9514, Test 0.9538
          RMSE             : Train 32.1446, Val 34.1701, Test 33.4559
Epoch 52: Loss:            : Train 0.0000, Val 0.0010, Test 0.0010
          R2_Score         : Train 0.9571, Val 0.9485, Test 0.9497
          RMSE             : Train 32.0372, Val 35.1916, Test 34.9125
Best:
          R2_Score         : Train 0.9568, Val 0.9514, Test 0.9538
          RMSE             : Train 32.1446, Val 34.1701, Test 33.4559
Epoch 53: Loss:            : Train 0.0000, Val 0.0011, Test 0.0010
          R2_Score         : Train 0.9571, Val 0.9488, Test 0.9516
          RMSE             : Train 32.0131, Val 35.0839, Test 34.2531
Best:
          R2_Score         : Train 0.9568, Val 0.9514, Test 0.9538
          RMSE             : Train 32.1446, Val 34.1701, Test 33.4559
Epoch 54: Loss:            : Train 0.0000, Val 0.0011, Test 0.0010
          R2_Score         : Train 0.9575, Val 0.9474, Test 0.9506
          RMSE             : Train 31.8816, Val 35.5640, Test 34.5991
Best:
          R2_Score         : Train 0.9568, Val 0.9514, Test 0.9538
          RMSE             : Train 32.1446, Val 34.1701, Test 33.4559
Epoch 55: Loss:            : Train 0.0000, Val 0.0009, Test 0.0009
          R2_Score         : Train 0.9565, Val 0.9504, Test 0.9524
          RMSE             : Train 32.2515, Val 34.5258, Test 33.9688
Best:
          R2_Score         : Train 0.9568, Val 0.9514, Test 0.9538
          RMSE             : Train 32.1446, Val 34.1701, Test 33.4559
Epoch 56: Loss:            : Train 0.0000, Val 0.0011, Test 0.0010
          R2_Score         : Train 0.9583, Val 0.9474, Test 0.9495
          RMSE             : Train 31.5844, Val 35.5752, Test 34.9868
Best:
          R2_Score         : Train 0.9568, Val 0.9514, Test 0.9538
          RMSE             : Train 32.1446, Val 34.1701, Test 33.4559
Epoch 57: Loss:            : Train 0.0000, Val 0.0010, Test 0.0009
          R2_Score         : Train 0.9578, Val 0.9529, Test 0.9556
          RMSE             : Train 31.7543, Val 33.6471, Test 32.7820
Best:
          R2_Score         : Train 0.9578, Val 0.9529, Test 0.9556
          RMSE             : Train 31.7543, Val 33.6471, Test 32.7820
Epoch 58: Loss:            : Train 0.0000, Val 0.0010, Test 0.0009
          R2_Score         : Train 0.9572, Val 0.9510, Test 0.9534
          RMSE             : Train 31.9917, Val 34.3080, Test 33.5830
Best:
          R2_Score         : Train 0.9578, Val 0.9529, Test 0.9556
          RMSE             : Train 31.7543, Val 33.6471, Test 32.7820
Epoch 59: Loss:            : Train 0.0000, Val 0.0009, Test 0.0009
          R2_Score         : Train 0.9577, Val 0.9527, Test 0.9552
          RMSE             : Train 31.8112, Val 33.7085, Test 32.9330
Best:
          R2_Score         : Train 0.9578, Val 0.9529, Test 0.9556
          RMSE             : Train 31.7543, Val 33.6471, Test 32.7820
Epoch 60: Loss:            : Train 0.0000, Val 0.0009, Test 0.0009
          R2_Score         : Train 0.9589, Val 0.9535, Test 0.9555
          RMSE             : Train 31.3497, Val 33.4337, Test 32.8380
Best:
          R2_Score         : Train 0.9589, Val 0.9535, Test 0.9555
          RMSE             : Train 31.3497, Val 33.4337, Test 32.8380
Epoch 61: Loss:            : Train 0.0000, Val 0.0009, Test 0.0009
          R2_Score         : Train 0.9587, Val 0.9534, Test 0.9552
          RMSE             : Train 31.4056, Val 33.4912, Test 32.9273
Best:
          R2_Score         : Train 0.9589, Val 0.9535, Test 0.9555
          RMSE             : Train 31.3497, Val 33.4337, Test 32.8380
Epoch 62: Loss:            : Train 0.0000, Val 0.0010, Test 0.0009
          R2_Score         : Train 0.9577, Val 0.9520, Test 0.9546
          RMSE             : Train 31.7978, Val 33.9891, Test 33.1579
Best:
          R2_Score         : Train 0.9589, Val 0.9535, Test 0.9555
          RMSE             : Train 31.3497, Val 33.4337, Test 32.8380
Epoch 63: Loss:            : Train 0.0000, Val 0.0010, Test 0.0010
          R2_Score         : Train 0.9579, Val 0.9492, Test 0.9508
          RMSE             : Train 31.7283, Val 34.9359, Test 34.5099
Best:
          R2_Score         : Train 0.9589, Val 0.9535, Test 0.9555
          RMSE             : Train 31.3497, Val 33.4337, Test 32.8380
Epoch 64: Loss:            : Train 0.0000, Val 0.0009, Test 0.0009
          R2_Score         : Train 0.9581, Val 0.9539, Test 0.9560
          RMSE             : Train 31.6678, Val 33.2914, Test 32.6392
Best:
          R2_Score         : Train 0.9581, Val 0.9539, Test 0.9560
          RMSE             : Train 31.6678, Val 33.2914, Test 32.6392
Epoch 65: Loss:            : Train 0.0000, Val 0.0009, Test 0.0009
          R2_Score         : Train 0.9593, Val 0.9533, Test 0.9561
          RMSE             : Train 31.1908, Val 33.5044, Test 32.6135
Best:
          R2_Score         : Train 0.9581, Val 0.9539, Test 0.9560
          RMSE             : Train 31.6678, Val 33.2914, Test 32.6392
Epoch 66: Loss:            : Train 0.0000, Val 0.0011, Test 0.0010
          R2_Score         : Train 0.9597, Val 0.9480, Test 0.9507
          RMSE             : Train 31.0584, Val 35.3460, Test 34.5523
Best:
          R2_Score         : Train 0.9581, Val 0.9539, Test 0.9560
          RMSE             : Train 31.6678, Val 33.2914, Test 32.6392
Epoch 67: Loss:            : Train 0.0000, Val 0.0009, Test 0.0009
          R2_Score         : Train 0.9581, Val 0.9529, Test 0.9549
          RMSE             : Train 31.6575, Val 33.6489, Test 33.0582
Best:
          R2_Score         : Train 0.9581, Val 0.9539, Test 0.9560
          RMSE             : Train 31.6678, Val 33.2914, Test 32.6392
Epoch 68: Loss:            : Train 0.0000, Val 0.0009, Test 0.0009
          R2_Score         : Train 0.9597, Val 0.9516, Test 0.9532
          RMSE             : Train 31.0308, Val 34.1259, Test 33.6694
Best:
          R2_Score         : Train 0.9581, Val 0.9539, Test 0.9560
          RMSE             : Train 31.6678, Val 33.2914, Test 32.6392
Epoch 69: Loss:            : Train 0.0000, Val 0.0009, Test 0.0009
          R2_Score         : Train 0.9600, Val 0.9534, Test 0.9557
          RMSE             : Train 30.9237, Val 33.4862, Test 32.7483
Best:
          R2_Score         : Train 0.9581, Val 0.9539, Test 0.9560
          RMSE             : Train 31.6678, Val 33.2914, Test 32.6392
Epoch 70: Loss:            : Train 0.0000, Val 0.0010, Test 0.0009
          R2_Score         : Train 0.9606, Val 0.9528, Test 0.9554
          RMSE             : Train 30.7004, Val 33.6934, Test 32.8578
Best:
          R2_Score         : Train 0.9581, Val 0.9539, Test 0.9560
          RMSE             : Train 31.6678, Val 33.2914, Test 32.6392
Epoch 71: Loss:            : Train 0.0000, Val 0.0011, Test 0.0010
          R2_Score         : Train 0.9597, Val 0.9502, Test 0.9525
          RMSE             : Train 31.0415, Val 34.6081, Test 33.9005
Best:
          R2_Score         : Train 0.9581, Val 0.9539, Test 0.9560
          RMSE             : Train 31.6678, Val 33.2914, Test 32.6392
Epoch 72: Loss:            : Train 0.0000, Val 0.0009, Test 0.0009
          R2_Score         : Train 0.9601, Val 0.9537, Test 0.9564
          RMSE             : Train 30.8929, Val 33.3478, Test 32.5137
Best:
          R2_Score         : Train 0.9581, Val 0.9539, Test 0.9560
          RMSE             : Train 31.6678, Val 33.2914, Test 32.6392
Epoch 73: Loss:            : Train 0.0000, Val 0.0009, Test 0.0009
          R2_Score         : Train 0.9605, Val 0.9547, Test 0.9564
          RMSE             : Train 30.7322, Val 33.0122, Test 32.4906
Best:
          R2_Score         : Train 0.9605, Val 0.9547, Test 0.9564
          RMSE             : Train 30.7322, Val 33.0122, Test 32.4906
Epoch 74: Loss:            : Train 0.0000, Val 0.0009, Test 0.0009
          R2_Score         : Train 0.9608, Val 0.9531, Test 0.9551
          RMSE             : Train 30.6072, Val 33.5689, Test 32.9676
Best:
          R2_Score         : Train 0.9605, Val 0.9547, Test 0.9564
          RMSE             : Train 30.7322, Val 33.0122, Test 32.4906
Epoch 75: Loss:            : Train 0.0000, Val 0.0009, Test 0.0009
          R2_Score         : Train 0.9604, Val 0.9531, Test 0.9557
          RMSE             : Train 30.7589, Val 33.5751, Test 32.7738
Best:
          R2_Score         : Train 0.9605, Val 0.9547, Test 0.9564
          RMSE             : Train 30.7322, Val 33.0122, Test 32.4906
Epoch 76: Loss:            : Train 0.0000, Val 0.0009, Test 0.0009
          R2_Score         : Train 0.9608, Val 0.9536, Test 0.9556
          RMSE             : Train 30.6142, Val 33.4184, Test 32.8075
Best:
          R2_Score         : Train 0.9605, Val 0.9547, Test 0.9564
          RMSE             : Train 30.7322, Val 33.0122, Test 32.4906
Epoch 77: Loss:            : Train 0.0000, Val 0.0010, Test 0.0009
          R2_Score         : Train 0.9604, Val 0.9509, Test 0.9541
          RMSE             : Train 30.7629, Val 34.3612, Test 33.3598
Best:
          R2_Score         : Train 0.9605, Val 0.9547, Test 0.9564
          RMSE             : Train 30.7322, Val 33.0122, Test 32.4906
Epoch 78: Loss:            : Train 0.0000, Val 0.0010, Test 0.0009
          R2_Score         : Train 0.9610, Val 0.9528, Test 0.9551
          RMSE             : Train 30.5435, Val 33.6986, Test 32.9678
Best:
          R2_Score         : Train 0.9605, Val 0.9547, Test 0.9564
          RMSE             : Train 30.7322, Val 33.0122, Test 32.4906
Epoch 79: Loss:            : Train 0.0000, Val 0.0009, Test 0.0009
          R2_Score         : Train 0.9608, Val 0.9546, Test 0.9568
          RMSE             : Train 30.6070, Val 33.0351, Test 32.3372
Best:
          R2_Score         : Train 0.9605, Val 0.9547, Test 0.9564
          RMSE             : Train 30.7322, Val 33.0122, Test 32.4906
Epoch 80: Loss:            : Train 0.0000, Val 0.0009, Test 0.0009
          R2_Score         : Train 0.9608, Val 0.9532, Test 0.9557
          RMSE             : Train 30.6144, Val 33.5489, Test 32.7549
Best:
          R2_Score         : Train 0.9605, Val 0.9547, Test 0.9564
          RMSE             : Train 30.7322, Val 33.0122, Test 32.4906
Epoch 81: Loss:            : Train 0.0000, Val 0.0010, Test 0.0009
          R2_Score         : Train 0.9612, Val 0.9517, Test 0.9545
          RMSE             : Train 30.4715, Val 34.0802, Test 33.1994
Best:
          R2_Score         : Train 0.9605, Val 0.9547, Test 0.9564
          RMSE             : Train 30.7322, Val 33.0122, Test 32.4906
Epoch 82: Loss:            : Train 0.0000, Val 0.0009, Test 0.0009
          R2_Score         : Train 0.9613, Val 0.9505, Test 0.9523
          RMSE             : Train 30.4091, Val 34.5140, Test 33.9792
Best:
          R2_Score         : Train 0.9605, Val 0.9547, Test 0.9564
          RMSE             : Train 30.7322, Val 33.0122, Test 32.4906
Epoch 83: Loss:            : Train 0.0000, Val 0.0010, Test 0.0010
          R2_Score         : Train 0.9604, Val 0.9507, Test 0.9529
          RMSE             : Train 30.7644, Val 34.4399, Test 33.7581
Best:
          R2_Score         : Train 0.9605, Val 0.9547, Test 0.9564
          RMSE             : Train 30.7322, Val 33.0122, Test 32.4906
Epoch 84: Loss:            : Train 0.0000, Val 0.0010, Test 0.0009
          R2_Score         : Train 0.9606, Val 0.9531, Test 0.9555
          RMSE             : Train 30.6797, Val 33.5785, Test 32.8432
Best:
          R2_Score         : Train 0.9605, Val 0.9547, Test 0.9564
          RMSE             : Train 30.7322, Val 33.0122, Test 32.4906
Epoch 85: Loss:            : Train 0.0000, Val 0.0010, Test 0.0009
          R2_Score         : Train 0.9600, Val 0.9523, Test 0.9549
          RMSE             : Train 30.9143, Val 33.8603, Test 33.0418
Best:
          R2_Score         : Train 0.9605, Val 0.9547, Test 0.9564
          RMSE             : Train 30.7322, Val 33.0122, Test 32.4906
Epoch 86: Loss:            : Train 0.0000, Val 0.0009, Test 0.0009
          R2_Score         : Train 0.9612, Val 0.9534, Test 0.9560
          RMSE             : Train 30.4651, Val 33.4715, Test 32.6510
Best:
          R2_Score         : Train 0.9605, Val 0.9547, Test 0.9564
          RMSE             : Train 30.7322, Val 33.0122, Test 32.4906
Epoch 87: Loss:            : Train 0.0000, Val 0.0009, Test 0.0009
          R2_Score         : Train 0.9611, Val 0.9543, Test 0.9565
          RMSE             : Train 30.4803, Val 33.1423, Test 32.4559
Best:
          R2_Score         : Train 0.9605, Val 0.9547, Test 0.9564
          RMSE             : Train 30.7322, Val 33.0122, Test 32.4906
Epoch 88: Loss:            : Train 0.0000, Val 0.0009, Test 0.0010
          R2_Score         : Train 0.9616, Val 0.9491, Test 0.9504
          RMSE             : Train 30.3026, Val 34.9931, Test 34.6737
Best:
          R2_Score         : Train 0.9605, Val 0.9547, Test 0.9564
          RMSE             : Train 30.7322, Val 33.0122, Test 32.4906
Epoch 89: Loss:            : Train 0.0000, Val 0.0009, Test 0.0009
          R2_Score         : Train 0.9609, Val 0.9543, Test 0.9558
          RMSE             : Train 30.5778, Val 33.1455, Test 32.7245
Best:
          R2_Score         : Train 0.9605, Val 0.9547, Test 0.9564
          RMSE             : Train 30.7322, Val 33.0122, Test 32.4906
Epoch 90: Loss:            : Train 0.0000, Val 0.0009, Test 0.0009
          R2_Score         : Train 0.9620, Val 0.9538, Test 0.9566
          RMSE             : Train 30.1485, Val 33.3429, Test 32.4269
Best:
          R2_Score         : Train 0.9605, Val 0.9547, Test 0.9564
          RMSE             : Train 30.7322, Val 33.0122, Test 32.4906
Epoch 91: Loss:            : Train 0.0000, Val 0.0010, Test 0.0009
          R2_Score         : Train 0.9622, Val 0.9520, Test 0.9554
          RMSE             : Train 30.0744, Val 33.9553, Test 32.8741
Best:
          R2_Score         : Train 0.9605, Val 0.9547, Test 0.9564
          RMSE             : Train 30.7322, Val 33.0122, Test 32.4906
Epoch 92: Loss:            : Train 0.0000, Val 0.0010, Test 0.0009
          R2_Score         : Train 0.9613, Val 0.9516, Test 0.9544
          RMSE             : Train 30.4261, Val 34.1073, Test 33.2352
Best:
          R2_Score         : Train 0.9605, Val 0.9547, Test 0.9564
          RMSE             : Train 30.7322, Val 33.0122, Test 32.4906
Epoch 93: Loss:            : Train 0.0000, Val 0.0010, Test 0.0009
          R2_Score         : Train 0.9619, Val 0.9532, Test 0.9562
          RMSE             : Train 30.1774, Val 33.5630, Test 32.5527
Best:
          R2_Score         : Train 0.9605, Val 0.9547, Test 0.9564
          RMSE             : Train 30.7322, Val 33.0122, Test 32.4906
Epoch 94: Loss:            : Train 0.0000, Val 0.0010, Test 0.0009
          R2_Score         : Train 0.9622, Val 0.9537, Test 0.9567
          RMSE             : Train 30.0433, Val 33.3716, Test 32.3929
Best:
          R2_Score         : Train 0.9605, Val 0.9547, Test 0.9564
          RMSE             : Train 30.7322, Val 33.0122, Test 32.4906
Epoch 95: Loss:            : Train 0.0000, Val 0.0009, Test 0.0009
          R2_Score         : Train 0.9624, Val 0.9539, Test 0.9565
          RMSE             : Train 29.9898, Val 33.2835, Test 32.4651
Best:
          R2_Score         : Train 0.9605, Val 0.9547, Test 0.9564
          RMSE             : Train 30.7322, Val 33.0122, Test 32.4906
Epoch 96: Loss:            : Train 0.0000, Val 0.0009, Test 0.0009
          R2_Score         : Train 0.9616, Val 0.9537, Test 0.9552
          RMSE             : Train 30.3012, Val 33.3789, Test 32.9479
Best:
          R2_Score         : Train 0.9605, Val 0.9547, Test 0.9564
          RMSE             : Train 30.7322, Val 33.0122, Test 32.4906
Epoch 97: Loss:            : Train 0.0000, Val 0.0009, Test 0.0009
          R2_Score         : Train 0.9622, Val 0.9548, Test 0.9574
          RMSE             : Train 30.0635, Val 32.9558, Test 32.1206
Best:
          R2_Score         : Train 0.9622, Val 0.9548, Test 0.9574
          RMSE             : Train 30.0635, Val 32.9558, Test 32.1206
Epoch 98: Loss:            : Train 0.0000, Val 0.0010, Test 0.0009
          R2_Score         : Train 0.9626, Val 0.9527, Test 0.9562
          RMSE             : Train 29.9214, Val 33.7117, Test 32.5522
Best:
          R2_Score         : Train 0.9622, Val 0.9548, Test 0.9574
          RMSE             : Train 30.0635, Val 32.9558, Test 32.1206
Epoch 99: Loss:            : Train 0.0000, Val 0.0009, Test 0.0009
          R2_Score         : Train 0.9623, Val 0.9548, Test 0.9568
          RMSE             : Train 30.0264, Val 32.9830, Test 32.3491
Best:
          R2_Score         : Train 0.9622, Val 0.9548, Test 0.9574
          RMSE             : Train 30.0635, Val 32.9558, Test 32.1206
Epoch 100: Loss:            : Train 0.0000, Val 0.0009, Test 0.0009
          R2_Score         : Train 0.9617, Val 0.9515, Test 0.9544
          RMSE             : Train 30.2514, Val 34.1359, Test 33.2269
Best:
          R2_Score         : Train 0.9622, Val 0.9548, Test 0.9574
          RMSE             : Train 30.0635, Val 32.9558, Test 32.1206
Epoch 101: Loss:            : Train 0.0000, Val 0.0009, Test 0.0009
          R2_Score         : Train 0.9627, Val 0.9544, Test 0.9570
          RMSE             : Train 29.8681, Val 33.1119, Test 32.2830
Best:
          R2_Score         : Train 0.9622, Val 0.9548, Test 0.9574
          RMSE             : Train 30.0635, Val 32.9558, Test 32.1206
Epoch 102: Loss:            : Train 0.0000, Val 0.0009, Test 0.0009
          R2_Score         : Train 0.9626, Val 0.9535, Test 0.9563
          RMSE             : Train 29.8904, Val 33.4470, Test 32.5262
Best:
          R2_Score         : Train 0.9622, Val 0.9548, Test 0.9574
          RMSE             : Train 30.0635, Val 32.9558, Test 32.1206
Epoch 103: Loss:            : Train 0.0000, Val 0.0009, Test 0.0009
          R2_Score         : Train 0.9621, Val 0.9541, Test 0.9571
          RMSE             : Train 30.0864, Val 33.2122, Test 32.2195
Best:
          R2_Score         : Train 0.9622, Val 0.9548, Test 0.9574
          RMSE             : Train 30.0635, Val 32.9558, Test 32.1206
Epoch 104: Loss:            : Train 0.0000, Val 0.0009, Test 0.0009
          R2_Score         : Train 0.9628, Val 0.9544, Test 0.9567
          RMSE             : Train 29.8184, Val 33.1107, Test 32.3881
Best:
          R2_Score         : Train 0.9622, Val 0.9548, Test 0.9574
          RMSE             : Train 30.0635, Val 32.9558, Test 32.1206
Epoch 105: Loss:            : Train 0.0000, Val 0.0009, Test 0.0009
          R2_Score         : Train 0.9631, Val 0.9548, Test 0.9570
          RMSE             : Train 29.6885, Val 32.9492, Test 32.2709
Best:
          R2_Score         : Train 0.9631, Val 0.9548, Test 0.9570
          RMSE             : Train 29.6885, Val 32.9492, Test 32.2709
Epoch 106: Loss:            : Train 0.0000, Val 0.0010, Test 0.0009
          R2_Score         : Train 0.9630, Val 0.9536, Test 0.9566
          RMSE             : Train 29.7499, Val 33.3839, Test 32.4162
Best:
          R2_Score         : Train 0.9631, Val 0.9548, Test 0.9570
          RMSE             : Train 29.6885, Val 32.9492, Test 32.2709
Epoch 107: Loss:            : Train 0.0000, Val 0.0010, Test 0.0009
          R2_Score         : Train 0.9630, Val 0.9541, Test 0.9559
          RMSE             : Train 29.7264, Val 33.2269, Test 32.6856
Best:
          R2_Score         : Train 0.9631, Val 0.9548, Test 0.9570
          RMSE             : Train 29.6885, Val 32.9492, Test 32.2709
Epoch 108: Loss:            : Train 0.0000, Val 0.0009, Test 0.0009
          R2_Score         : Train 0.9636, Val 0.9543, Test 0.9570
          RMSE             : Train 29.5030, Val 33.1650, Test 32.2901
Best:
          R2_Score         : Train 0.9631, Val 0.9548, Test 0.9570
          RMSE             : Train 29.6885, Val 32.9492, Test 32.2709
Epoch 109: Loss:            : Train 0.0000, Val 0.0010, Test 0.0009
          R2_Score         : Train 0.9633, Val 0.9505, Test 0.9547
          RMSE             : Train 29.6356, Val 34.5000, Test 33.1091
Best:
          R2_Score         : Train 0.9631, Val 0.9548, Test 0.9570
          RMSE             : Train 29.6885, Val 32.9492, Test 32.2709
Epoch 110: Loss:            : Train 0.0000, Val 0.0009, Test 0.0009
          R2_Score         : Train 0.9628, Val 0.9540, Test 0.9560
          RMSE             : Train 29.8235, Val 33.2583, Test 32.6574
Best:
          R2_Score         : Train 0.9631, Val 0.9548, Test 0.9570
          RMSE             : Train 29.6885, Val 32.9492, Test 32.2709
Epoch 111: Loss:            : Train 0.0000, Val 0.0009, Test 0.0008
          R2_Score         : Train 0.9631, Val 0.9545, Test 0.9573
          RMSE             : Train 29.6814, Val 33.0628, Test 32.1522
Best:
          R2_Score         : Train 0.9631, Val 0.9548, Test 0.9570
          RMSE             : Train 29.6885, Val 32.9492, Test 32.2709
Epoch 112: Loss:            : Train 0.0000, Val 0.0010, Test 0.0009
          R2_Score         : Train 0.9635, Val 0.9534, Test 0.9562
          RMSE             : Train 29.5239, Val 33.4783, Test 32.5709
Best:
          R2_Score         : Train 0.9631, Val 0.9548, Test 0.9570
          RMSE             : Train 29.6885, Val 32.9492, Test 32.2709
Epoch 113: Loss:            : Train 0.0000, Val 0.0009, Test 0.0009
          R2_Score         : Train 0.9636, Val 0.9532, Test 0.9559
          RMSE             : Train 29.5035, Val 33.5305, Test 32.6881
Best:
          R2_Score         : Train 0.9631, Val 0.9548, Test 0.9570
          RMSE             : Train 29.6885, Val 32.9492, Test 32.2709
Epoch 114: Loss:            : Train 0.0000, Val 0.0009, Test 0.0009
          R2_Score         : Train 0.9630, Val 0.9540, Test 0.9563
          RMSE             : Train 29.7525, Val 33.2684, Test 32.5470
Best:
          R2_Score         : Train 0.9631, Val 0.9548, Test 0.9570
          RMSE             : Train 29.6885, Val 32.9492, Test 32.2709
Epoch 115: Loss:            : Train 0.0000, Val 0.0009, Test 0.0009
          R2_Score         : Train 0.9634, Val 0.9543, Test 0.9569
          RMSE             : Train 29.5781, Val 33.1511, Test 32.3188
Best:
          R2_Score         : Train 0.9631, Val 0.9548, Test 0.9570
          RMSE             : Train 29.6885, Val 32.9492, Test 32.2709
Epoch 116: Loss:            : Train 0.0000, Val 0.0010, Test 0.0009
          R2_Score         : Train 0.9635, Val 0.9533, Test 0.9560
          RMSE             : Train 29.5309, Val 33.5246, Test 32.6316
Best:
          R2_Score         : Train 0.9631, Val 0.9548, Test 0.9570
          RMSE             : Train 29.6885, Val 32.9492, Test 32.2709
Epoch 117: Loss:            : Train 0.0000, Val 0.0009, Test 0.0009
          R2_Score         : Train 0.9634, Val 0.9543, Test 0.9568
          RMSE             : Train 29.5756, Val 33.1456, Test 32.3542
Best:
          R2_Score         : Train 0.9631, Val 0.9548, Test 0.9570
          RMSE             : Train 29.6885, Val 32.9492, Test 32.2709
Epoch 118: Loss:            : Train 0.0000, Val 0.0009, Test 0.0009
          R2_Score         : Train 0.9638, Val 0.9527, Test 0.9545
          RMSE             : Train 29.4061, Val 33.7379, Test 33.1964
Best:
          R2_Score         : Train 0.9631, Val 0.9548, Test 0.9570
          RMSE             : Train 29.6885, Val 32.9492, Test 32.2709
Epoch 119: Loss:            : Train 0.0000, Val 0.0009, Test 0.0009
          R2_Score         : Train 0.9632, Val 0.9553, Test 0.9573
          RMSE             : Train 29.6672, Val 32.7776, Test 32.1418
Best:
          R2_Score         : Train 0.9632, Val 0.9553, Test 0.9573
          RMSE             : Train 29.6672, Val 32.7776, Test 32.1418
Epoch 120: Loss:            : Train 0.0000, Val 0.0010, Test 0.0009
          R2_Score         : Train 0.9636, Val 0.9527, Test 0.9563
          RMSE             : Train 29.5019, Val 33.7180, Test 32.5307
Best:
          R2_Score         : Train 0.9632, Val 0.9553, Test 0.9573
          RMSE             : Train 29.6672, Val 32.7776, Test 32.1418
Epoch 121: Loss:            : Train 0.0000, Val 0.0009, Test 0.0009
          R2_Score         : Train 0.9633, Val 0.9523, Test 0.9547
          RMSE             : Train 29.6189, Val 33.8516, Test 33.1142
Best:
          R2_Score         : Train 0.9632, Val 0.9553, Test 0.9573
          RMSE             : Train 29.6672, Val 32.7776, Test 32.1418
Epoch 122: Loss:            : Train 0.0000, Val 0.0010, Test 0.0009
          R2_Score         : Train 0.9631, Val 0.9533, Test 0.9558
          RMSE             : Train 29.6827, Val 33.5081, Test 32.7037
Best:
          R2_Score         : Train 0.9632, Val 0.9553, Test 0.9573
          RMSE             : Train 29.6672, Val 32.7776, Test 32.1418
Epoch 123: Loss:            : Train 0.0000, Val 0.0009, Test 0.0009
          R2_Score         : Train 0.9642, Val 0.9539, Test 0.9571
          RMSE             : Train 29.2457, Val 33.3098, Test 32.2370
Best:
          R2_Score         : Train 0.9632, Val 0.9553, Test 0.9573
          RMSE             : Train 29.6672, Val 32.7776, Test 32.1418
Epoch 124: Loss:            : Train 0.0000, Val 0.0009, Test 0.0009
          R2_Score         : Train 0.9642, Val 0.9548, Test 0.9571
          RMSE             : Train 29.2481, Val 32.9690, Test 32.2377
Best:
          R2_Score         : Train 0.9632, Val 0.9553, Test 0.9573
          RMSE             : Train 29.6672, Val 32.7776, Test 32.1418
Epoch 125: Loss:            : Train 0.0000, Val 0.0009, Test 0.0009
          R2_Score         : Train 0.9644, Val 0.9545, Test 0.9578
          RMSE             : Train 29.1906, Val 33.0742, Test 31.9664
Best:
          R2_Score         : Train 0.9632, Val 0.9553, Test 0.9573
          RMSE             : Train 29.6672, Val 32.7776, Test 32.1418
Epoch 126: Loss:            : Train 0.0000, Val 0.0009, Test 0.0009
          R2_Score         : Train 0.9641, Val 0.9537, Test 0.9565
          RMSE             : Train 29.2888, Val 33.3766, Test 32.4587
Best:
          R2_Score         : Train 0.9632, Val 0.9553, Test 0.9573
          RMSE             : Train 29.6672, Val 32.7776, Test 32.1418
Epoch 127: Loss:            : Train 0.0000, Val 0.0009, Test 0.0009
          R2_Score         : Train 0.9640, Val 0.9540, Test 0.9568
          RMSE             : Train 29.3459, Val 33.2513, Test 32.3521
Best:
          R2_Score         : Train 0.9632, Val 0.9553, Test 0.9573
          RMSE             : Train 29.6672, Val 32.7776, Test 32.1418
Epoch 128: Loss:            : Train 0.0000, Val 0.0009, Test 0.0008
          R2_Score         : Train 0.9641, Val 0.9541, Test 0.9574
          RMSE             : Train 29.3009, Val 33.2234, Test 32.1336
Best:
          R2_Score         : Train 0.9632, Val 0.9553, Test 0.9573
          RMSE             : Train 29.6672, Val 32.7776, Test 32.1418
Epoch 129: Loss:            : Train 0.0000, Val 0.0009, Test 0.0009
          R2_Score         : Train 0.9642, Val 0.9542, Test 0.9568
          RMSE             : Train 29.2563, Val 33.1786, Test 32.3380
Best:
          R2_Score         : Train 0.9632, Val 0.9553, Test 0.9573
          RMSE             : Train 29.6672, Val 32.7776, Test 32.1418
Epoch 130: Loss:            : Train 0.0000, Val 0.0010, Test 0.0009
          R2_Score         : Train 0.9641, Val 0.9542, Test 0.9574
          RMSE             : Train 29.2767, Val 33.2009, Test 32.1268
Best:
          R2_Score         : Train 0.9632, Val 0.9553, Test 0.9573
          RMSE             : Train 29.6672, Val 32.7776, Test 32.1418
Epoch 131: Loss:            : Train 0.0000, Val 0.0009, Test 0.0009
          R2_Score         : Train 0.9640, Val 0.9544, Test 0.9570
          RMSE             : Train 29.3540, Val 33.1129, Test 32.2693
Best:
          R2_Score         : Train 0.9632, Val 0.9553, Test 0.9573
          RMSE             : Train 29.6672, Val 32.7776, Test 32.1418
Epoch 132: Loss:            : Train 0.0000, Val 0.0009, Test 0.0009
          R2_Score         : Train 0.9643, Val 0.9553, Test 0.9576
          RMSE             : Train 29.2325, Val 32.7822, Test 32.0412
Best:
          R2_Score         : Train 0.9632, Val 0.9553, Test 0.9573
          RMSE             : Train 29.6672, Val 32.7776, Test 32.1418
Epoch 133: Loss:            : Train 0.0000, Val 0.0009, Test 0.0008
          R2_Score         : Train 0.9643, Val 0.9551, Test 0.9576
          RMSE             : Train 29.2170, Val 32.8717, Test 32.0302
Best:
          R2_Score         : Train 0.9632, Val 0.9553, Test 0.9573
          RMSE             : Train 29.6672, Val 32.7776, Test 32.1418
Epoch 134: Loss:            : Train 0.0000, Val 0.0009, Test 0.0008
          R2_Score         : Train 0.9645, Val 0.9547, Test 0.9579
          RMSE             : Train 29.1280, Val 33.0116, Test 31.9242
Best:
          R2_Score         : Train 0.9632, Val 0.9553, Test 0.9573
          RMSE             : Train 29.6672, Val 32.7776, Test 32.1418
Epoch 135: Loss:            : Train 0.0000, Val 0.0010, Test 0.0009
          R2_Score         : Train 0.9645, Val 0.9540, Test 0.9571
          RMSE             : Train 29.1196, Val 33.2714, Test 32.2426
Best:
          R2_Score         : Train 0.9632, Val 0.9553, Test 0.9573
          RMSE             : Train 29.6672, Val 32.7776, Test 32.1418
Epoch 136: Loss:            : Train 0.0000, Val 0.0009, Test 0.0009
          R2_Score         : Train 0.9640, Val 0.9542, Test 0.9570
          RMSE             : Train 29.3307, Val 33.1668, Test 32.2812
Best:
          R2_Score         : Train 0.9632, Val 0.9553, Test 0.9573
          RMSE             : Train 29.6672, Val 32.7776, Test 32.1418
Epoch 137: Loss:            : Train 0.0000, Val 0.0009, Test 0.0009
          R2_Score         : Train 0.9649, Val 0.9550, Test 0.9574
          RMSE             : Train 28.9594, Val 32.8890, Test 32.1365
Best:
          R2_Score         : Train 0.9632, Val 0.9553, Test 0.9573
          RMSE             : Train 29.6672, Val 32.7776, Test 32.1418
Epoch 138: Loss:            : Train 0.0000, Val 0.0009, Test 0.0009
          R2_Score         : Train 0.9650, Val 0.9539, Test 0.9571
          RMSE             : Train 28.9227, Val 33.3029, Test 32.2298
Best:
          R2_Score         : Train 0.9632, Val 0.9553, Test 0.9573
          RMSE             : Train 29.6672, Val 32.7776, Test 32.1418
Epoch 139: Loss:            : Train 0.0000, Val 0.0009, Test 0.0008
          R2_Score         : Train 0.9648, Val 0.9554, Test 0.9584
          RMSE             : Train 29.0160, Val 32.7549, Test 31.7472
Best:
          R2_Score         : Train 0.9648, Val 0.9554, Test 0.9584
          RMSE             : Train 29.0160, Val 32.7549, Test 31.7472
Epoch 140: Loss:            : Train 0.0000, Val 0.0009, Test 0.0009
          R2_Score         : Train 0.9649, Val 0.9541, Test 0.9574
          RMSE             : Train 28.9710, Val 33.2270, Test 32.1151
Best:
          R2_Score         : Train 0.9648, Val 0.9554, Test 0.9584
          RMSE             : Train 29.0160, Val 32.7549, Test 31.7472
Epoch 141: Loss:            : Train 0.0000, Val 0.0009, Test 0.0009
          R2_Score         : Train 0.9635, Val 0.9541, Test 0.9576
          RMSE             : Train 29.5437, Val 33.2189, Test 32.0628
Best:
          R2_Score         : Train 0.9648, Val 0.9554, Test 0.9584
          RMSE             : Train 29.0160, Val 32.7549, Test 31.7472
Epoch 142: Loss:            : Train 0.0000, Val 0.0009, Test 0.0009
          R2_Score         : Train 0.9643, Val 0.9534, Test 0.9559
          RMSE             : Train 29.2148, Val 33.4621, Test 32.6860
Best:
          R2_Score         : Train 0.9648, Val 0.9554, Test 0.9584
          RMSE             : Train 29.0160, Val 32.7549, Test 31.7472
Epoch 143: Loss:            : Train 0.0000, Val 0.0010, Test 0.0009
          R2_Score         : Train 0.9644, Val 0.9534, Test 0.9566
          RMSE             : Train 29.1926, Val 33.4785, Test 32.4185
Best:
          R2_Score         : Train 0.9648, Val 0.9554, Test 0.9584
          RMSE             : Train 29.0160, Val 32.7549, Test 31.7472
Epoch 144: Loss:            : Train 0.0000, Val 0.0009, Test 0.0008
          R2_Score         : Train 0.9648, Val 0.9546, Test 0.9579
          RMSE             : Train 29.0063, Val 33.0536, Test 31.9205
Best:
          R2_Score         : Train 0.9648, Val 0.9554, Test 0.9584
          RMSE             : Train 29.0160, Val 32.7549, Test 31.7472
Epoch 145: Loss:            : Train 0.0000, Val 0.0009, Test 0.0008
          R2_Score         : Train 0.9653, Val 0.9560, Test 0.9585
          RMSE             : Train 28.7822, Val 32.5397, Test 31.6893
Best:
          R2_Score         : Train 0.9653, Val 0.9560, Test 0.9585
          RMSE             : Train 28.7822, Val 32.5397, Test 31.6893
Epoch 146: Loss:            : Train 0.0000, Val 0.0010, Test 0.0009
          R2_Score         : Train 0.9651, Val 0.9528, Test 0.9557
          RMSE             : Train 28.8946, Val 33.6891, Test 32.7387
Best:
          R2_Score         : Train 0.9653, Val 0.9560, Test 0.9585
          RMSE             : Train 28.7822, Val 32.5397, Test 31.6893
Epoch 147: Loss:            : Train 0.0000, Val 0.0009, Test 0.0008
          R2_Score         : Train 0.9649, Val 0.9540, Test 0.9569
          RMSE             : Train 28.9568, Val 33.2506, Test 32.3110
Best:
          R2_Score         : Train 0.9653, Val 0.9560, Test 0.9585
          RMSE             : Train 28.7822, Val 32.5397, Test 31.6893
Epoch 148: Loss:            : Train 0.0000, Val 0.0010, Test 0.0009
          R2_Score         : Train 0.9653, Val 0.9536, Test 0.9569
          RMSE             : Train 28.8205, Val 33.4190, Test 32.3217
Best:
          R2_Score         : Train 0.9653, Val 0.9560, Test 0.9585
          RMSE             : Train 28.7822, Val 32.5397, Test 31.6893
Epoch 149: Loss:            : Train 0.0000, Val 0.0009, Test 0.0008
          R2_Score         : Train 0.9651, Val 0.9550, Test 0.9582
          RMSE             : Train 28.8848, Val 32.8866, Test 31.8009
Best:
          R2_Score         : Train 0.9653, Val 0.9560, Test 0.9585
          RMSE             : Train 28.7822, Val 32.5397, Test 31.6893
Epoch 150: Loss:            : Train 0.0000, Val 0.0009, Test 0.0008
          R2_Score         : Train 0.9651, Val 0.9553, Test 0.9585
          RMSE             : Train 28.8961, Val 32.7889, Test 31.6940
Best:
          R2_Score         : Train 0.9653, Val 0.9560, Test 0.9585
          RMSE             : Train 28.7822, Val 32.5397, Test 31.6893
Epoch 151: Loss:            : Train 0.0000, Val 0.0009, Test 0.0008
          R2_Score         : Train 0.9654, Val 0.9556, Test 0.9590
          RMSE             : Train 28.7484, Val 32.6608, Test 31.5162
Best:
          R2_Score         : Train 0.9653, Val 0.9560, Test 0.9585
          RMSE             : Train 28.7822, Val 32.5397, Test 31.6893
Epoch 152: Loss:            : Train 0.0000, Val 0.0009, Test 0.0008
          R2_Score         : Train 0.9656, Val 0.9557, Test 0.9586
          RMSE             : Train 28.6673, Val 32.6401, Test 31.6505
Best:
          R2_Score         : Train 0.9653, Val 0.9560, Test 0.9585
          RMSE             : Train 28.7822, Val 32.5397, Test 31.6893
Epoch 153: Loss:            : Train 0.0000, Val 0.0009, Test 0.0008
          R2_Score         : Train 0.9656, Val 0.9557, Test 0.9593
          RMSE             : Train 28.6625, Val 32.6505, Test 31.3998
Best:
          R2_Score         : Train 0.9653, Val 0.9560, Test 0.9585
          RMSE             : Train 28.7822, Val 32.5397, Test 31.6893
Epoch 154: Loss:            : Train 0.0000, Val 0.0010, Test 0.0009
          R2_Score         : Train 0.9657, Val 0.9539, Test 0.9574
          RMSE             : Train 28.6307, Val 33.2848, Test 32.1073
Best:
          R2_Score         : Train 0.9653, Val 0.9560, Test 0.9585
          RMSE             : Train 28.7822, Val 32.5397, Test 31.6893
Epoch 155: Loss:            : Train 0.0000, Val 0.0009, Test 0.0009
          R2_Score         : Train 0.9657, Val 0.9546, Test 0.9570
          RMSE             : Train 28.6382, Val 33.0377, Test 32.2831
Best:
          R2_Score         : Train 0.9653, Val 0.9560, Test 0.9585
          RMSE             : Train 28.7822, Val 32.5397, Test 31.6893
Epoch 156: Loss:            : Train 0.0000, Val 0.0009, Test 0.0009
          R2_Score         : Train 0.9656, Val 0.9524, Test 0.9566
          RMSE             : Train 28.6732, Val 33.8213, Test 32.4378
Best:
          R2_Score         : Train 0.9653, Val 0.9560, Test 0.9585
          RMSE             : Train 28.7822, Val 32.5397, Test 31.6893
Epoch 157: Loss:            : Train 0.0000, Val 0.0009, Test 0.0008
          R2_Score         : Train 0.9643, Val 0.9538, Test 0.9572
          RMSE             : Train 29.2175, Val 33.3326, Test 32.2011
Best:
          R2_Score         : Train 0.9653, Val 0.9560, Test 0.9585
          RMSE             : Train 28.7822, Val 32.5397, Test 31.6893
Epoch 158: Loss:            : Train 0.0000, Val 0.0009, Test 0.0009
          R2_Score         : Train 0.9646, Val 0.9539, Test 0.9564
          RMSE             : Train 29.0811, Val 33.2969, Test 32.5095
Best:
          R2_Score         : Train 0.9653, Val 0.9560, Test 0.9585
          RMSE             : Train 28.7822, Val 32.5397, Test 31.6893
Epoch 159: Loss:            : Train 0.0000, Val 0.0009, Test 0.0009
          R2_Score         : Train 0.9653, Val 0.9548, Test 0.9577
          RMSE             : Train 28.8063, Val 32.9840, Test 32.0127
Best:
          R2_Score         : Train 0.9653, Val 0.9560, Test 0.9585
          RMSE             : Train 28.7822, Val 32.5397, Test 31.6893
Epoch 160: Loss:            : Train 0.0000, Val 0.0009, Test 0.0008
          R2_Score         : Train 0.9655, Val 0.9543, Test 0.9572
          RMSE             : Train 28.7084, Val 33.1536, Test 32.1961
Best:
          R2_Score         : Train 0.9653, Val 0.9560, Test 0.9585
          RMSE             : Train 28.7822, Val 32.5397, Test 31.6893
Epoch 161: Loss:            : Train 0.0000, Val 0.0009, Test 0.0009
          R2_Score         : Train 0.9656, Val 0.9543, Test 0.9568
          RMSE             : Train 28.6935, Val 33.1405, Test 32.3369
Best:
          R2_Score         : Train 0.9653, Val 0.9560, Test 0.9585
          RMSE             : Train 28.7822, Val 32.5397, Test 31.6893
Epoch 162: Loss:            : Train 0.0000, Val 0.0009, Test 0.0008
          R2_Score         : Train 0.9657, Val 0.9553, Test 0.9590
          RMSE             : Train 28.6425, Val 32.7682, Test 31.5289
Best:
          R2_Score         : Train 0.9653, Val 0.9560, Test 0.9585
          RMSE             : Train 28.7822, Val 32.5397, Test 31.6893
Epoch 163: Loss:            : Train 0.0000, Val 0.0009, Test 0.0008
          R2_Score         : Train 0.9658, Val 0.9553, Test 0.9578
          RMSE             : Train 28.5758, Val 32.7969, Test 31.9564
Best:
          R2_Score         : Train 0.9653, Val 0.9560, Test 0.9585
          RMSE             : Train 28.7822, Val 32.5397, Test 31.6893
Epoch 164: Loss:            : Train 0.0000, Val 0.0010, Test 0.0009
          R2_Score         : Train 0.9657, Val 0.9545, Test 0.9572
          RMSE             : Train 28.6319, Val 33.0938, Test 32.1986
Best:
          R2_Score         : Train 0.9653, Val 0.9560, Test 0.9585
          RMSE             : Train 28.7822, Val 32.5397, Test 31.6893
Epoch 165: Loss:            : Train 0.0000, Val 0.0009, Test 0.0008
          R2_Score         : Train 0.9655, Val 0.9553, Test 0.9576
          RMSE             : Train 28.7104, Val 32.7977, Test 32.0436
Best:
          R2_Score         : Train 0.9653, Val 0.9560, Test 0.9585
          RMSE             : Train 28.7822, Val 32.5397, Test 31.6893
Epoch 166: Loss:            : Train 0.0000, Val 0.0009, Test 0.0008
          R2_Score         : Train 0.9661, Val 0.9542, Test 0.9577
          RMSE             : Train 28.4682, Val 33.1860, Test 32.0135
Best:
          R2_Score         : Train 0.9653, Val 0.9560, Test 0.9585
          RMSE             : Train 28.7822, Val 32.5397, Test 31.6893
Epoch 167: Loss:            : Train 0.0000, Val 0.0009, Test 0.0009
          R2_Score         : Train 0.9660, Val 0.9548, Test 0.9581
          RMSE             : Train 28.5069, Val 32.9548, Test 31.8562
Best:
          R2_Score         : Train 0.9653, Val 0.9560, Test 0.9585
          RMSE             : Train 28.7822, Val 32.5397, Test 31.6893
Epoch 168: Loss:            : Train 0.0000, Val 0.0009, Test 0.0008
          R2_Score         : Train 0.9661, Val 0.9558, Test 0.9591
          RMSE             : Train 28.4694, Val 32.6027, Test 31.4700
Best:
          R2_Score         : Train 0.9653, Val 0.9560, Test 0.9585
          RMSE             : Train 28.7822, Val 32.5397, Test 31.6893
Epoch 169: Loss:            : Train 0.0000, Val 0.0009, Test 0.0008
          R2_Score         : Train 0.9662, Val 0.9546, Test 0.9575
          RMSE             : Train 28.4354, Val 33.0248, Test 32.0685
Best:
          R2_Score         : Train 0.9653, Val 0.9560, Test 0.9585
          RMSE             : Train 28.7822, Val 32.5397, Test 31.6893
Epoch 170: Loss:            : Train 0.0000, Val 0.0009, Test 0.0008
          R2_Score         : Train 0.9657, Val 0.9555, Test 0.9589
          RMSE             : Train 28.6313, Val 32.7138, Test 31.5523
Best:
          R2_Score         : Train 0.9653, Val 0.9560, Test 0.9585
          RMSE             : Train 28.7822, Val 32.5397, Test 31.6893
Epoch 171: Loss:            : Train 0.0000, Val 0.0009, Test 0.0008
          R2_Score         : Train 0.9659, Val 0.9554, Test 0.9584
          RMSE             : Train 28.5571, Val 32.7451, Test 31.7251
Best:
          R2_Score         : Train 0.9653, Val 0.9560, Test 0.9585
          RMSE             : Train 28.7822, Val 32.5397, Test 31.6893
Epoch 172: Loss:            : Train 0.0000, Val 0.0009, Test 0.0008
          R2_Score         : Train 0.9662, Val 0.9556, Test 0.9585
          RMSE             : Train 28.4342, Val 32.6784, Test 31.7098
Best:
          R2_Score         : Train 0.9653, Val 0.9560, Test 0.9585
          RMSE             : Train 28.7822, Val 32.5397, Test 31.6893
Epoch 173: Loss:            : Train 0.0000, Val 0.0009, Test 0.0008
          R2_Score         : Train 0.9666, Val 0.9560, Test 0.9584
          RMSE             : Train 28.2455, Val 32.5351, Test 31.7319
Best:
          R2_Score         : Train 0.9666, Val 0.9560, Test 0.9584
          RMSE             : Train 28.2455, Val 32.5351, Test 31.7319
Epoch 174: Loss:            : Train 0.0000, Val 0.0009, Test 0.0008
          R2_Score         : Train 0.9661, Val 0.9561, Test 0.9587
          RMSE             : Train 28.4761, Val 32.4793, Test 31.6149
Best:
          R2_Score         : Train 0.9661, Val 0.9561, Test 0.9587
          RMSE             : Train 28.4761, Val 32.4793, Test 31.6149
Epoch 175: Loss:            : Train 0.0000, Val 0.0009, Test 0.0008
          R2_Score         : Train 0.9655, Val 0.9544, Test 0.9575
          RMSE             : Train 28.7397, Val 33.0960, Test 32.0836
Best:
          R2_Score         : Train 0.9661, Val 0.9561, Test 0.9587
          RMSE             : Train 28.4761, Val 32.4793, Test 31.6149
Epoch 176: Loss:            : Train 0.0000, Val 0.0009, Test 0.0009
          R2_Score         : Train 0.9662, Val 0.9552, Test 0.9580
          RMSE             : Train 28.4202, Val 32.8344, Test 31.8930
Best:
          R2_Score         : Train 0.9661, Val 0.9561, Test 0.9587
          RMSE             : Train 28.4761, Val 32.4793, Test 31.6149
Epoch 177: Loss:            : Train 0.0000, Val 0.0009, Test 0.0009
          R2_Score         : Train 0.9665, Val 0.9548, Test 0.9578
          RMSE             : Train 28.2805, Val 32.9542, Test 31.9715
Best:
          R2_Score         : Train 0.9661, Val 0.9561, Test 0.9587
          RMSE             : Train 28.4761, Val 32.4793, Test 31.6149
Epoch 178: Loss:            : Train 0.0000, Val 0.0009, Test 0.0008
          R2_Score         : Train 0.9665, Val 0.9553, Test 0.9589
          RMSE             : Train 28.2828, Val 32.7708, Test 31.5574
Best:
          R2_Score         : Train 0.9661, Val 0.9561, Test 0.9587
          RMSE             : Train 28.4761, Val 32.4793, Test 31.6149
Epoch 179: Loss:            : Train 0.0000, Val 0.0009, Test 0.0008
          R2_Score         : Train 0.9664, Val 0.9560, Test 0.9586
          RMSE             : Train 28.3393, Val 32.5128, Test 31.6676
Best:
          R2_Score         : Train 0.9661, Val 0.9561, Test 0.9587
          RMSE             : Train 28.4761, Val 32.4793, Test 31.6149
Epoch 180: Loss:            : Train 0.0000, Val 0.0009, Test 0.0008
          R2_Score         : Train 0.9667, Val 0.9561, Test 0.9586
          RMSE             : Train 28.2164, Val 32.4915, Test 31.6755
Best:
          R2_Score         : Train 0.9661, Val 0.9561, Test 0.9587
          RMSE             : Train 28.4761, Val 32.4793, Test 31.6149
Epoch 181: Loss:            : Train 0.0000, Val 0.0009, Test 0.0009
          R2_Score         : Train 0.9668, Val 0.9550, Test 0.9573
          RMSE             : Train 28.1754, Val 32.8903, Test 32.1697
Best:
          R2_Score         : Train 0.9661, Val 0.9561, Test 0.9587
          RMSE             : Train 28.4761, Val 32.4793, Test 31.6149
Epoch 182: Loss:            : Train 0.0000, Val 0.0009, Test 0.0008
          R2_Score         : Train 0.9663, Val 0.9559, Test 0.9594
          RMSE             : Train 28.3861, Val 32.5465, Test 31.3638
Best:
          R2_Score         : Train 0.9661, Val 0.9561, Test 0.9587
          RMSE             : Train 28.4761, Val 32.4793, Test 31.6149
Epoch 183: Loss:            : Train 0.0000, Val 0.0009, Test 0.0008
          R2_Score         : Train 0.9662, Val 0.9557, Test 0.9584
          RMSE             : Train 28.4448, Val 32.6506, Test 31.7358
Best:
          R2_Score         : Train 0.9661, Val 0.9561, Test 0.9587
          RMSE             : Train 28.4761, Val 32.4793, Test 31.6149
Epoch 184: Loss:            : Train 0.0000, Val 0.0009, Test 0.0008
          R2_Score         : Train 0.9665, Val 0.9556, Test 0.9582
          RMSE             : Train 28.2936, Val 32.6727, Test 31.8064
Best:
          R2_Score         : Train 0.9661, Val 0.9561, Test 0.9587
          RMSE             : Train 28.4761, Val 32.4793, Test 31.6149
Epoch 185: Loss:            : Train 0.0000, Val 0.0009, Test 0.0008
          R2_Score         : Train 0.9667, Val 0.9560, Test 0.9586
          RMSE             : Train 28.2221, Val 32.5439, Test 31.6559
Best:
          R2_Score         : Train 0.9661, Val 0.9561, Test 0.9587
          RMSE             : Train 28.4761, Val 32.4793, Test 31.6149
Epoch 186: Loss:            : Train 0.0000, Val 0.0010, Test 0.0009
          R2_Score         : Train 0.9662, Val 0.9543, Test 0.9569
          RMSE             : Train 28.4136, Val 33.1416, Test 32.3155
Best:
          R2_Score         : Train 0.9661, Val 0.9561, Test 0.9587
          RMSE             : Train 28.4761, Val 32.4793, Test 31.6149
Epoch 187: Loss:            : Train 0.0000, Val 0.0009, Test 0.0008
          R2_Score         : Train 0.9663, Val 0.9549, Test 0.9581
          RMSE             : Train 28.3654, Val 32.9421, Test 31.8626
Best:
          R2_Score         : Train 0.9661, Val 0.9561, Test 0.9587
          RMSE             : Train 28.4761, Val 32.4793, Test 31.6149
Epoch 188: Loss:            : Train 0.0000, Val 0.0009, Test 0.0008
          R2_Score         : Train 0.9665, Val 0.9562, Test 0.9594
          RMSE             : Train 28.2848, Val 32.4597, Test 31.3718
Best:
          R2_Score         : Train 0.9665, Val 0.9562, Test 0.9594
          RMSE             : Train 28.2848, Val 32.4597, Test 31.3718
Epoch 189: Loss:            : Train 0.0000, Val 0.0009, Test 0.0008
          R2_Score         : Train 0.9668, Val 0.9554, Test 0.9585
          RMSE             : Train 28.1816, Val 32.7498, Test 31.7066
Best:
          R2_Score         : Train 0.9665, Val 0.9562, Test 0.9594
          RMSE             : Train 28.2848, Val 32.4597, Test 31.3718
Epoch 190: Loss:            : Train 0.0000, Val 0.0009, Test 0.0008
          R2_Score         : Train 0.9668, Val 0.9554, Test 0.9581
          RMSE             : Train 28.1539, Val 32.7383, Test 31.8590
Best:
          R2_Score         : Train 0.9665, Val 0.9562, Test 0.9594
          RMSE             : Train 28.2848, Val 32.4597, Test 31.3718
Epoch 191: Loss:            : Train 0.0000, Val 0.0009, Test 0.0008
          R2_Score         : Train 0.9663, Val 0.9561, Test 0.9586
          RMSE             : Train 28.3800, Val 32.4811, Test 31.6586
Best:
          R2_Score         : Train 0.9665, Val 0.9562, Test 0.9594
          RMSE             : Train 28.2848, Val 32.4597, Test 31.3718
Epoch 192: Loss:            : Train 0.0000, Val 0.0009, Test 0.0009
          R2_Score         : Train 0.9666, Val 0.9540, Test 0.9569
          RMSE             : Train 28.2576, Val 33.2661, Test 32.3258
Best:
          R2_Score         : Train 0.9665, Val 0.9562, Test 0.9594
          RMSE             : Train 28.2848, Val 32.4597, Test 31.3718
Epoch 193: Loss:            : Train 0.0000, Val 0.0009, Test 0.0008
          R2_Score         : Train 0.9665, Val 0.9562, Test 0.9587
          RMSE             : Train 28.2908, Val 32.4694, Test 31.6327
Best:
          R2_Score         : Train 0.9665, Val 0.9562, Test 0.9594
          RMSE             : Train 28.2848, Val 32.4597, Test 31.3718
Epoch 194: Loss:            : Train 0.0000, Val 0.0009, Test 0.0008
          R2_Score         : Train 0.9671, Val 0.9559, Test 0.9581
          RMSE             : Train 28.0301, Val 32.5726, Test 31.8486
Best:
          R2_Score         : Train 0.9665, Val 0.9562, Test 0.9594
          RMSE             : Train 28.2848, Val 32.4597, Test 31.3718
Epoch 195: Loss:            : Train 0.0000, Val 0.0009, Test 0.0008
          R2_Score         : Train 0.9668, Val 0.9549, Test 0.9581
          RMSE             : Train 28.1569, Val 32.9400, Test 31.8607
Best:
          R2_Score         : Train 0.9665, Val 0.9562, Test 0.9594
          RMSE             : Train 28.2848, Val 32.4597, Test 31.3718
Epoch 196: Loss:            : Train 0.0000, Val 0.0009, Test 0.0008
          R2_Score         : Train 0.9666, Val 0.9563, Test 0.9586
          RMSE             : Train 28.2754, Val 32.4026, Test 31.6586
Best:
          R2_Score         : Train 0.9666, Val 0.9563, Test 0.9586
          RMSE             : Train 28.2754, Val 32.4026, Test 31.6586
Epoch 197: Loss:            : Train 0.0000, Val 0.0009, Test 0.0008
          R2_Score         : Train 0.9673, Val 0.9561, Test 0.9589
          RMSE             : Train 27.9724, Val 32.5038, Test 31.5360
Best:
          R2_Score         : Train 0.9666, Val 0.9563, Test 0.9586
          RMSE             : Train 28.2754, Val 32.4026, Test 31.6586
Epoch 198: Loss:            : Train 0.0000, Val 0.0009, Test 0.0008
          R2_Score         : Train 0.9667, Val 0.9554, Test 0.9582
          RMSE             : Train 28.2050, Val 32.7637, Test 31.8161
Best:
          R2_Score         : Train 0.9666, Val 0.9563, Test 0.9586
          RMSE             : Train 28.2754, Val 32.4026, Test 31.6586
Epoch 199: Loss:            : Train 0.0000, Val 0.0009, Test 0.0008
          R2_Score         : Train 0.9670, Val 0.9551, Test 0.9583
          RMSE             : Train 28.0952, Val 32.8677, Test 31.7946
Best:
          R2_Score         : Train 0.9666, Val 0.9563, Test 0.9586
          RMSE             : Train 28.2754, Val 32.4026, Test 31.6586
Epoch 200: Loss:            : Train 0.0000, Val 0.0009, Test 0.0008
          R2_Score         : Train 0.9662, Val 0.9544, Test 0.9571
          RMSE             : Train 28.4200, Val 33.1270, Test 32.2156
Best:
          R2_Score         : Train 0.9666, Val 0.9563, Test 0.9586
          RMSE             : Train 28.2754, Val 32.4026, Test 31.6586
Training time (sec): 257
