Loading loan from data/company/loan_subset_clean.csv
Loading company from data/company/company_subset_clean.csv
Current loan columns Index(['Term', 'NoEmp', 'NewExist', 'CreateJob', 'RetainedJob', 'UrbanRural',
       'DisbursementGross', 'BalanceGross', 'ChgOffPrinGr', 'GrAppv',
       'BankState_al', 'BankState_an', 'BankState_ar', 'BankState_az',
       'BankState_ca', 'BankState_co', 'BankState_ct', 'BankState_dc',
       'BankState_de', 'BankState_en', 'BankState_fl', 'BankState_ga',
       'BankState_gu', 'BankState_hi', 'BankState_ia', 'BankState_id',
       'BankState_il', 'BankState_in', 'BankState_ks', 'BankState_ky',
       'BankState_la', 'BankState_ma', 'BankState_md', 'BankState_me',
       'BankState_mi', 'BankState_mn', 'BankState_mo', 'BankState_ms',
       'BankState_mt', 'BankState_nc', 'BankState_nd', 'BankState_ne',
       'BankState_nh', 'BankState_nj', 'BankState_nm', 'BankState_nv',
       'BankState_ny', 'BankState_oh', 'BankState_ok', 'BankState_or',
       'BankState_pa', 'BankState_pr', 'BankState_ri', 'BankState_sc',
       'BankState_sd', 'BankState_tn', 'BankState_tx', 'BankState_ut',
       'BankState_va', 'BankState_vi', 'BankState_vt', 'BankState_wa',
       'BankState_wi', 'BankState_wv', 'BankState_wy', 'RevLineCr_-',
       'RevLineCr_.', 'RevLineCr_0', 'RevLineCr_1', 'RevLineCr_2',
       'RevLineCr_3', 'RevLineCr_4', 'RevLineCr_5', 'RevLineCr_7',
       'RevLineCr_`', 'RevLineCr_a', 'RevLineCr_c', 'RevLineCr_n',
       'RevLineCr_q', 'RevLineCr_r', 'RevLineCr_t', 'RevLineCr_y', 'LowDoc_1',
       'LowDoc_a', 'LowDoc_c', 'LowDoc_n', 'LowDoc_r', 'LowDoc_s', 'LowDoc_y',
       'MIS_Status_p i f', 'Name'],
      dtype='object')
Current company columns Index(['name', 'current employee estimate', 'total employee estimate',
       'ind_airlines/aviation', 'ind_alternative dispute resolution',
       'ind_alternative medicine', 'ind_animation', 'ind_apparel & fashion',
       'ind_architecture & planning', 'ind_arts and crafts',
       ...
       'ind_wine and spirits', 'ind_wireless', 'ind_writing and editing',
       'sr_10001+', 'sr_1001 - 5000', 'sr_11 - 50', 'sr_201 - 500',
       'sr_5001 - 10000', 'sr_501 - 1000', 'sr_51 - 200'],
      dtype='object', length=157)
Loading data from cache
Done
Calculating noise scale
Standard variance of sim_score: 257.74, Mean: -751.42
Adding noise of scale 1.222061507850425 to sim_scores
Adding noise of scale 1.222061507850425 to sim_scores
Adding noise of scale 1.222061507850425 to sim_scores
Preparing time (sec): 13
Initializing dataloader
Done
Prepare for training
Start training
================================================================================
                                    Kernel Shape Output Shape  Params  \
Layer                                                                   
0_local_models.0.fc_layers.Linear_0    [91, 100]   [128, 100]    9200   
1_local_models.0.fc_layers.Linear_1    [100, 50]    [128, 50]    5050   
2_local_models.1.fc_layers.Linear_0   [156, 100]   [128, 100]   15700   
3_local_models.1.fc_layers.Linear_1    [100, 50]    [128, 50]    5050   
4_agg_model.fc_layers.Linear_0        [100, 100]   [128, 100]   10100   
5_agg_model.fc_layers.Linear_1          [100, 1]     [128, 1]     101   

                                     Mult-Adds  
Layer                                           
0_local_models.0.fc_layers.Linear_0       9100  
1_local_models.0.fc_layers.Linear_1       5000  
2_local_models.1.fc_layers.Linear_0      15600  
3_local_models.1.fc_layers.Linear_1       5000  
4_agg_model.fc_layers.Linear_0           10000  
5_agg_model.fc_layers.Linear_1             100  
--------------------------------------------------------------------------------
                      Totals
Total params           45201
Trainable params       45201
Non-trainable params       0
Mult-Adds              44800
================================================================================
n_classes=2
task=regression
model_name=company_featuresim_2022-08-17-02-47-04
sche_threshold=0.0001
sche_patience=10
sche_factor=0.1
use_scheduler=False
num_workers=4
device=cuda:2
test_batch_size=4096
train_batch_size=128
learning_rate=0.001
weight_decay=1e-05
num_epochs=100
model_save_path=ckp/company_featuresim_2022-08-17-02-47-04.pth
test_rate=0.2
val_rate=0.1
multiprocess_context=fork
metrics=['rmse', 'r2_score', 'mae']
metrics_f=[<metric.rmse.RMSE object at 0x7f0a1bbd8f10>, <metric.r2_score.R2Score object at 0x7f0a1bbd8be0>, <metric.mae.MAE object at 0x7f0a1bbd8c10>]
hidden_sizes=[200, 100]
model=SplitNN(
  (agg_model): MLP(
    (fc_layers): ModuleList(
      (0): Linear(in_features=100, out_features=100, bias=True)
      (1): Linear(in_features=100, out_features=1, bias=True)
    )
  )
  (local_models): ModuleList(
    (0): MLP(
      (fc_layers): ModuleList(
        (0): Linear(in_features=91, out_features=100, bias=True)
        (1): Linear(in_features=100, out_features=50, bias=True)
      )
    )
    (1): MLP(
      (fc_layers): ModuleList(
        (0): Linear(in_features=156, out_features=100, bias=True)
        (1): Linear(in_features=100, out_features=50, bias=True)
      )
    )
  )
)
writer=<torch.utils.tensorboard.writer.SummaryWriter object at 0x7f0a1bbd8d30>
dataset_type=real
drop_key=True
num_common_features=1
tree_radius=0.01
tree_leaf_size=1000
knn_k=50
grid_min=-10.0
grid_max=10.0
grid_width=1.5
sim_scaler=StandardScaler()
filter_top_k=None
link_n_jobs=1
psig_p=4
sim_leak_p=0.002
link_threshold_t=0.1
link_epsilon=0.1
n_hash_lsh=50
edit_distance_threshold=10
n_hash_func=50
collision_rate=0.01
qgram_q=4
link_delta=0.01
feature_wise_sim=False
blocking_method=knn_priv_str
center_threshold=0.5
n_clusters=100
local_hidden_sizes=[[100], [100]]
cut_dims=[50, 50]
agg_hidden_sizes=[100]
scale_analysis=<utils.privacy.SimNoiseScale object at 0x7f0a1bb6c5e0>
data1_shape=(77225, 91)
data2_shape=(220583, 157)
Epoch 1: Loss:            : Train 0.0625, Val 0.0006, Test 0.0007
          RMSE             : Train 900634.7897, Val 91082.5371, Test 95410.0339
          R2_Score         : Train -14.7821, Val 0.8325, Test 0.8223
          MAE              : Train 657268.2583, Val 56126.5797, Test 57540.0290
Best:
          RMSE             : Train 900634.7897, Val 91082.5371, Test 95410.0339
          R2_Score         : Train -14.7821, Val 0.8325, Test 0.8223
          MAE              : Train 657268.2583, Val 56126.5797, Test 57540.0290
Epoch 2: Loss:            : Train 0.0003, Val 0.0003, Test 0.0003
          RMSE             : Train 66101.7796, Val 58227.8200, Test 63281.4257
          R2_Score         : Train 0.9150, Val 0.9315, Test 0.9218
          MAE              : Train 38126.0621, Val 32014.8947, Test 32488.2553
Best:
          RMSE             : Train 66101.7796, Val 58227.8200, Test 63281.4257
          R2_Score         : Train 0.9150, Val 0.9315, Test 0.9218
          MAE              : Train 38126.0621, Val 32014.8947, Test 32488.2553
Epoch 3: Loss:            : Train 0.0002, Val 0.0002, Test 0.0002
          RMSE             : Train 54496.0297, Val 50667.3146, Test 56401.2289
          R2_Score         : Train 0.9422, Val 0.9482, Test 0.9379
          MAE              : Train 29740.0184, Val 27980.9036, Test 28757.5814
Best:
          RMSE             : Train 54496.0297, Val 50667.3146, Test 56401.2289
          R2_Score         : Train 0.9422, Val 0.9482, Test 0.9379
          MAE              : Train 29740.0184, Val 27980.9036, Test 28757.5814
Epoch 4: Loss:            : Train 0.0002, Val 0.0002, Test 0.0002
          RMSE             : Train 49695.2759, Val 46953.2120, Test 52827.4687
          R2_Score         : Train 0.9519, Val 0.9555, Test 0.9455
          MAE              : Train 26659.0482, Val 25061.7052, Test 25846.7942
Best:
          RMSE             : Train 49695.2759, Val 46953.2120, Test 52827.4687
          R2_Score         : Train 0.9519, Val 0.9555, Test 0.9455
          MAE              : Train 26659.0482, Val 25061.7052, Test 25846.7942
Epoch 5: Loss:            : Train 0.0002, Val 0.0002, Test 0.0002
          RMSE             : Train 46943.2336, Val 46624.5212, Test 52374.3961
          R2_Score         : Train 0.9571, Val 0.9561, Test 0.9465
          MAE              : Train 24644.8056, Val 24189.6089, Test 25008.1839
Best:
          RMSE             : Train 46943.2336, Val 46624.5212, Test 52374.3961
          R2_Score         : Train 0.9571, Val 0.9561, Test 0.9465
          MAE              : Train 24644.8056, Val 24189.6089, Test 25008.1839
Epoch 6: Loss:            : Train 0.0002, Val 0.0002, Test 0.0002
          RMSE             : Train 45064.1534, Val 44709.8152, Test 48726.6170
          R2_Score         : Train 0.9605, Val 0.9596, Test 0.9537
          MAE              : Train 22852.7619, Val 22094.0359, Test 22751.5418
Best:
          RMSE             : Train 45064.1534, Val 44709.8152, Test 48726.6170
          R2_Score         : Train 0.9605, Val 0.9596, Test 0.9537
          MAE              : Train 22852.7619, Val 22094.0359, Test 22751.5418
Epoch 7: Loss:            : Train 0.0001, Val 0.0001, Test 0.0002
          RMSE             : Train 43235.2458, Val 43020.3908, Test 48780.3109
          R2_Score         : Train 0.9636, Val 0.9626, Test 0.9536
          MAE              : Train 21630.5846, Val 21209.8193, Test 22033.1579
Best:
          RMSE             : Train 43235.2458, Val 43020.3908, Test 48780.3109
          R2_Score         : Train 0.9636, Val 0.9626, Test 0.9536
          MAE              : Train 21630.5846, Val 21209.8193, Test 22033.1579
Epoch 8: Loss:            : Train 0.0001, Val 0.0002, Test 0.0002
          RMSE             : Train 42299.1604, Val 44596.9916, Test 48572.5024
          R2_Score         : Train 0.9652, Val 0.9598, Test 0.9540
          MAE              : Train 20802.5637, Val 21569.6604, Test 22131.6659
Best:
          RMSE             : Train 43235.2458, Val 43020.3908, Test 48780.3109
          R2_Score         : Train 0.9636, Val 0.9626, Test 0.9536
          MAE              : Train 21630.5846, Val 21209.8193, Test 22033.1579
Epoch 9: Loss:            : Train 0.0001, Val 0.0001, Test 0.0002
          RMSE             : Train 40992.6913, Val 44198.1025, Test 47784.1751
          R2_Score         : Train 0.9673, Val 0.9606, Test 0.9554
          MAE              : Train 19953.9934, Val 21166.1354, Test 21634.9096
Best:
          RMSE             : Train 43235.2458, Val 43020.3908, Test 48780.3109
          R2_Score         : Train 0.9636, Val 0.9626, Test 0.9536
          MAE              : Train 21630.5846, Val 21209.8193, Test 22033.1579
Epoch 10: Loss:            : Train 0.0001, Val 0.0001, Test 0.0002
          RMSE             : Train 40060.8738, Val 43871.0806, Test 47526.8903
          R2_Score         : Train 0.9688, Val 0.9611, Test 0.9559
          MAE              : Train 19348.5851, Val 20081.1304, Test 20519.9108
Best:
          RMSE             : Train 43235.2458, Val 43020.3908, Test 48780.3109
          R2_Score         : Train 0.9636, Val 0.9626, Test 0.9536
          MAE              : Train 21630.5846, Val 21209.8193, Test 22033.1579
Epoch 11: Loss:            : Train 0.0001, Val 0.0001, Test 0.0002
          RMSE             : Train 39500.2917, Val 41199.0422, Test 46075.4735
          R2_Score         : Train 0.9696, Val 0.9657, Test 0.9586
          MAE              : Train 18856.9353, Val 18955.6514, Test 19549.5601
Best:
          RMSE             : Train 39500.2917, Val 41199.0422, Test 46075.4735
          R2_Score         : Train 0.9696, Val 0.9657, Test 0.9586
          MAE              : Train 18856.9353, Val 18955.6514, Test 19549.5601
Epoch 12: Loss:            : Train 0.0001, Val 0.0001, Test 0.0002
          RMSE             : Train 38768.0688, Val 42126.2997, Test 48265.6676
          R2_Score         : Train 0.9708, Val 0.9642, Test 0.9545
          MAE              : Train 18510.2524, Val 19177.3409, Test 19943.4203
Best:
          RMSE             : Train 39500.2917, Val 41199.0422, Test 46075.4735
          R2_Score         : Train 0.9696, Val 0.9657, Test 0.9586
          MAE              : Train 18856.9353, Val 18955.6514, Test 19549.5601
Epoch 13: Loss:            : Train 0.0001, Val 0.0001, Test 0.0002
          RMSE             : Train 38188.9148, Val 40727.1963, Test 45825.2083
          R2_Score         : Train 0.9716, Val 0.9665, Test 0.9590
          MAE              : Train 18004.6574, Val 18144.8591, Test 18737.6569
Best:
          RMSE             : Train 38188.9148, Val 40727.1963, Test 45825.2083
          R2_Score         : Train 0.9716, Val 0.9665, Test 0.9590
          MAE              : Train 18004.6574, Val 18144.8591, Test 18737.6569
Epoch 14: Loss:            : Train 0.0001, Val 0.0001, Test 0.0002
          RMSE             : Train 37797.1298, Val 40382.7459, Test 45645.2150
          R2_Score         : Train 0.9722, Val 0.9671, Test 0.9593
          MAE              : Train 17754.7256, Val 19559.6776, Test 20006.4021
Best:
          RMSE             : Train 37797.1298, Val 40382.7459, Test 45645.2150
          R2_Score         : Train 0.9722, Val 0.9671, Test 0.9593
          MAE              : Train 17754.7256, Val 19559.6776, Test 20006.4021
Epoch 15: Loss:            : Train 0.0001, Val 0.0001, Test 0.0002
          RMSE             : Train 37040.7332, Val 40507.9424, Test 45708.8917
          R2_Score         : Train 0.9733, Val 0.9669, Test 0.9592
          MAE              : Train 17330.7229, Val 18202.8082, Test 18722.7017
Best:
          RMSE             : Train 37797.1298, Val 40382.7459, Test 45645.2150
          R2_Score         : Train 0.9722, Val 0.9671, Test 0.9593
          MAE              : Train 17754.7256, Val 19559.6776, Test 20006.4021
Epoch 16: Loss:            : Train 0.0001, Val 0.0001, Test 0.0002
          RMSE             : Train 36761.8403, Val 39852.1728, Test 46445.3456
          R2_Score         : Train 0.9737, Val 0.9679, Test 0.9579
          MAE              : Train 17299.0470, Val 17824.9560, Test 18588.9199
Best:
          RMSE             : Train 36761.8403, Val 39852.1728, Test 46445.3456
          R2_Score         : Train 0.9737, Val 0.9679, Test 0.9579
          MAE              : Train 17299.0470, Val 17824.9560, Test 18588.9199
Epoch 17: Loss:            : Train 0.0001, Val 0.0001, Test 0.0002
          RMSE             : Train 36040.7392, Val 39539.9579, Test 44967.2807
          R2_Score         : Train 0.9747, Val 0.9684, Test 0.9605
          MAE              : Train 16899.5929, Val 17531.8776, Test 18126.0063
Best:
          RMSE             : Train 36040.7392, Val 39539.9579, Test 44967.2807
          R2_Score         : Train 0.9747, Val 0.9684, Test 0.9605
          MAE              : Train 16899.5929, Val 17531.8776, Test 18126.0063
Epoch 18: Loss:            : Train 0.0001, Val 0.0001, Test 0.0002
          RMSE             : Train 36160.6033, Val 39579.0545, Test 44446.3998
          R2_Score         : Train 0.9746, Val 0.9684, Test 0.9614
          MAE              : Train 16856.4992, Val 17606.7528, Test 18005.2117
Best:
          RMSE             : Train 36040.7392, Val 39539.9579, Test 44967.2807
          R2_Score         : Train 0.9747, Val 0.9684, Test 0.9605
          MAE              : Train 16899.5929, Val 17531.8776, Test 18126.0063
Epoch 19: Loss:            : Train 0.0001, Val 0.0001, Test 0.0002
          RMSE             : Train 35449.1777, Val 38905.3928, Test 44687.9712
          R2_Score         : Train 0.9756, Val 0.9694, Test 0.9610
          MAE              : Train 16544.0935, Val 17022.2483, Test 17688.8624
Best:
          RMSE             : Train 35449.1777, Val 38905.3928, Test 44687.9712
          R2_Score         : Train 0.9756, Val 0.9694, Test 0.9610
          MAE              : Train 16544.0935, Val 17022.2483, Test 17688.8624
Epoch 20: Loss:            : Train 0.0001, Val 0.0001, Test 0.0002
          RMSE             : Train 35308.1820, Val 38718.2694, Test 45438.6256
          R2_Score         : Train 0.9757, Val 0.9697, Test 0.9597
          MAE              : Train 16271.4952, Val 17694.8416, Test 18260.2335
Best:
          RMSE             : Train 35308.1820, Val 38718.2694, Test 45438.6256
          R2_Score         : Train 0.9757, Val 0.9697, Test 0.9597
          MAE              : Train 16271.4952, Val 17694.8416, Test 18260.2335
Epoch 21: Loss:            : Train 0.0001, Val 0.0001, Test 0.0001
          RMSE             : Train 34746.2378, Val 38954.7816, Test 43958.6420
          R2_Score         : Train 0.9765, Val 0.9694, Test 0.9623
          MAE              : Train 16275.0693, Val 16652.2290, Test 17165.1635
Best:
          RMSE             : Train 35308.1820, Val 38718.2694, Test 45438.6256
          R2_Score         : Train 0.9757, Val 0.9697, Test 0.9597
          MAE              : Train 16271.4952, Val 17694.8416, Test 18260.2335
Epoch 22: Loss:            : Train 0.0001, Val 0.0001, Test 0.0002
          RMSE             : Train 34758.7717, Val 39394.9462, Test 44163.9492
          R2_Score         : Train 0.9765, Val 0.9687, Test 0.9619
          MAE              : Train 16100.1759, Val 17128.5902, Test 17617.6921
Best:
          RMSE             : Train 35308.1820, Val 38718.2694, Test 45438.6256
          R2_Score         : Train 0.9757, Val 0.9697, Test 0.9597
          MAE              : Train 16271.4952, Val 17694.8416, Test 18260.2335
Epoch 23: Loss:            : Train 0.0001, Val 0.0001, Test 0.0001
          RMSE             : Train 33916.1736, Val 39008.0710, Test 43329.5752
          R2_Score         : Train 0.9776, Val 0.9693, Test 0.9634
          MAE              : Train 15883.7019, Val 16820.4327, Test 17254.9195
Best:
          RMSE             : Train 35308.1820, Val 38718.2694, Test 45438.6256
          R2_Score         : Train 0.9757, Val 0.9697, Test 0.9597
          MAE              : Train 16271.4952, Val 17694.8416, Test 18260.2335
Epoch 24: Loss:            : Train 0.0001, Val 0.0001, Test 0.0001
          RMSE             : Train 33825.7300, Val 37755.2029, Test 43739.6512
          R2_Score         : Train 0.9777, Val 0.9712, Test 0.9627
          MAE              : Train 15762.2404, Val 17290.2692, Test 17891.0510
Best:
          RMSE             : Train 33825.7300, Val 37755.2029, Test 43739.6512
          R2_Score         : Train 0.9777, Val 0.9712, Test 0.9627
          MAE              : Train 15762.2404, Val 17290.2692, Test 17891.0510
Epoch 25: Loss:            : Train 0.0001, Val 0.0001, Test 0.0002
          RMSE             : Train 33803.3546, Val 39160.9574, Test 45805.1572
          R2_Score         : Train 0.9778, Val 0.9690, Test 0.9591
          MAE              : Train 15648.0177, Val 17743.9805, Test 18446.9579
Best:
          RMSE             : Train 33825.7300, Val 37755.2029, Test 43739.6512
          R2_Score         : Train 0.9777, Val 0.9712, Test 0.9627
          MAE              : Train 15762.2404, Val 17290.2692, Test 17891.0510
Epoch 26: Loss:            : Train 0.0001, Val 0.0001, Test 0.0002
          RMSE             : Train 33488.5970, Val 40124.5335, Test 44504.7597
          R2_Score         : Train 0.9782, Val 0.9675, Test 0.9613
          MAE              : Train 15411.4442, Val 17076.1729, Test 17630.3872
Best:
          RMSE             : Train 33825.7300, Val 37755.2029, Test 43739.6512
          R2_Score         : Train 0.9777, Val 0.9712, Test 0.9627
          MAE              : Train 15762.2404, Val 17290.2692, Test 17891.0510
Epoch 27: Loss:            : Train 0.0001, Val 0.0001, Test 0.0001
          RMSE             : Train 33437.3659, Val 37703.8496, Test 43532.5520
          R2_Score         : Train 0.9782, Val 0.9713, Test 0.9630
          MAE              : Train 15253.5183, Val 16124.4916, Test 16590.8914
Best:
          RMSE             : Train 33437.3659, Val 37703.8496, Test 43532.5520
          R2_Score         : Train 0.9782, Val 0.9713, Test 0.9630
          MAE              : Train 15253.5183, Val 16124.4916, Test 16590.8914
Epoch 28: Loss:            : Train 0.0001, Val 0.0001, Test 0.0002
          RMSE             : Train 32982.6006, Val 38613.5190, Test 44926.0387
          R2_Score         : Train 0.9788, Val 0.9699, Test 0.9606
          MAE              : Train 15252.5862, Val 16748.5516, Test 17547.6281
Best:
          RMSE             : Train 33437.3659, Val 37703.8496, Test 43532.5520
          R2_Score         : Train 0.9782, Val 0.9713, Test 0.9630
          MAE              : Train 15253.5183, Val 16124.4916, Test 16590.8914
Epoch 29: Loss:            : Train 0.0001, Val 0.0001, Test 0.0001
          RMSE             : Train 32921.4168, Val 38378.3597, Test 44001.8083
          R2_Score         : Train 0.9789, Val 0.9703, Test 0.9622
          MAE              : Train 15250.6235, Val 16348.1249, Test 17001.2840
Best:
          RMSE             : Train 33437.3659, Val 37703.8496, Test 43532.5520
          R2_Score         : Train 0.9782, Val 0.9713, Test 0.9630
          MAE              : Train 15253.5183, Val 16124.4916, Test 16590.8914
Epoch 30: Loss:            : Train 0.0001, Val 0.0001, Test 0.0001
          RMSE             : Train 32263.5048, Val 37412.0912, Test 43477.9215
          R2_Score         : Train 0.9797, Val 0.9717, Test 0.9631
          MAE              : Train 14890.6503, Val 16251.7068, Test 16982.1918
Best:
          RMSE             : Train 32263.5048, Val 37412.0912, Test 43477.9215
          R2_Score         : Train 0.9797, Val 0.9717, Test 0.9631
          MAE              : Train 14890.6503, Val 16251.7068, Test 16982.1918
Epoch 31: Loss:            : Train 0.0001, Val 0.0001, Test 0.0001
          RMSE             : Train 32174.5326, Val 37824.9823, Test 43873.3471
          R2_Score         : Train 0.9799, Val 0.9711, Test 0.9624
          MAE              : Train 14777.9890, Val 15811.7817, Test 16540.5358
Best:
          RMSE             : Train 32263.5048, Val 37412.0912, Test 43477.9215
          R2_Score         : Train 0.9797, Val 0.9717, Test 0.9631
          MAE              : Train 14890.6503, Val 16251.7068, Test 16982.1918
Epoch 32: Loss:            : Train 0.0001, Val 0.0001, Test 0.0002
          RMSE             : Train 31982.2750, Val 36340.1170, Test 44131.5897
          R2_Score         : Train 0.9801, Val 0.9733, Test 0.9620
          MAE              : Train 14878.4748, Val 15572.3356, Test 16562.7698
Best:
          RMSE             : Train 31982.2750, Val 36340.1170, Test 44131.5897
          R2_Score         : Train 0.9801, Val 0.9733, Test 0.9620
          MAE              : Train 14878.4748, Val 15572.3356, Test 16562.7698
Epoch 33: Loss:            : Train 0.0001, Val 0.0001, Test 0.0001
          RMSE             : Train 31781.3568, Val 36093.5852, Test 43166.3713
          R2_Score         : Train 0.9803, Val 0.9737, Test 0.9636
          MAE              : Train 14639.9252, Val 15255.2739, Test 16073.1083
Best:
          RMSE             : Train 31781.3568, Val 36093.5852, Test 43166.3713
          R2_Score         : Train 0.9803, Val 0.9737, Test 0.9636
          MAE              : Train 14639.9252, Val 15255.2739, Test 16073.1083
Epoch 34: Loss:            : Train 0.0001, Val 0.0001, Test 0.0001
          RMSE             : Train 31626.6560, Val 36800.6275, Test 43475.8237
          R2_Score         : Train 0.9805, Val 0.9727, Test 0.9631
          MAE              : Train 14494.6579, Val 15448.5571, Test 16343.3669
Best:
          RMSE             : Train 31781.3568, Val 36093.5852, Test 43166.3713
          R2_Score         : Train 0.9803, Val 0.9737, Test 0.9636
          MAE              : Train 14639.9252, Val 15255.2739, Test 16073.1083
Epoch 35: Loss:            : Train 0.0001, Val 0.0001, Test 0.0001
          RMSE             : Train 31463.6734, Val 38055.3879, Test 44021.8134
          R2_Score         : Train 0.9807, Val 0.9708, Test 0.9622
          MAE              : Train 14533.4572, Val 15891.5877, Test 16617.4292
Best:
          RMSE             : Train 31781.3568, Val 36093.5852, Test 43166.3713
          R2_Score         : Train 0.9803, Val 0.9737, Test 0.9636
          MAE              : Train 14639.9252, Val 15255.2739, Test 16073.1083
Epoch 36: Loss:            : Train 0.0001, Val 0.0001, Test 0.0002
          RMSE             : Train 31296.9737, Val 37168.5282, Test 44968.9131
          R2_Score         : Train 0.9809, Val 0.9721, Test 0.9605
          MAE              : Train 14489.2694, Val 15278.8100, Test 16337.5363
Best:
          RMSE             : Train 31781.3568, Val 36093.5852, Test 43166.3713
          R2_Score         : Train 0.9803, Val 0.9737, Test 0.9636
          MAE              : Train 14639.9252, Val 15255.2739, Test 16073.1083
Epoch 37: Loss:            : Train 0.0001, Val 0.0001, Test 0.0001
          RMSE             : Train 31126.2927, Val 36190.5600, Test 44101.2777
          R2_Score         : Train 0.9811, Val 0.9736, Test 0.9620
          MAE              : Train 14358.3652, Val 15400.2149, Test 16460.6586
Best:
          RMSE             : Train 31781.3568, Val 36093.5852, Test 43166.3713
          R2_Score         : Train 0.9803, Val 0.9737, Test 0.9636
          MAE              : Train 14639.9252, Val 15255.2739, Test 16073.1083
Epoch 38: Loss:            : Train 0.0001, Val 0.0001, Test 0.0001
          RMSE             : Train 30696.6745, Val 37263.2904, Test 43467.1322
          R2_Score         : Train 0.9817, Val 0.9720, Test 0.9631
          MAE              : Train 14159.3296, Val 16354.7510, Test 17162.4554
Best:
          RMSE             : Train 31781.3568, Val 36093.5852, Test 43166.3713
          R2_Score         : Train 0.9803, Val 0.9737, Test 0.9636
          MAE              : Train 14639.9252, Val 15255.2739, Test 16073.1083
Epoch 39: Loss:            : Train 0.0001, Val 0.0001, Test 0.0001
          RMSE             : Train 31068.2308, Val 35847.4124, Test 42648.6667
          R2_Score         : Train 0.9812, Val 0.9741, Test 0.9645
          MAE              : Train 14262.0888, Val 15240.6097, Test 16201.0091
Best:
          RMSE             : Train 31068.2308, Val 35847.4124, Test 42648.6667
          R2_Score         : Train 0.9812, Val 0.9741, Test 0.9645
          MAE              : Train 14262.0888, Val 15240.6097, Test 16201.0091
Epoch 40: Loss:            : Train 0.0001, Val 0.0001, Test 0.0001
          RMSE             : Train 30751.0533, Val 36626.1591, Test 42497.3448
          R2_Score         : Train 0.9816, Val 0.9729, Test 0.9648
          MAE              : Train 14262.9464, Val 15338.7732, Test 16028.4013
Best:
          RMSE             : Train 31068.2308, Val 35847.4124, Test 42648.6667
          R2_Score         : Train 0.9812, Val 0.9741, Test 0.9645
          MAE              : Train 14262.0888, Val 15240.6097, Test 16201.0091
Epoch 41: Loss:            : Train 0.0001, Val 0.0001, Test 0.0001
          RMSE             : Train 30278.5003, Val 35286.8246, Test 42700.6303
          R2_Score         : Train 0.9822, Val 0.9749, Test 0.9644
          MAE              : Train 13955.4469, Val 15117.2914, Test 16134.8441
Best:
          RMSE             : Train 30278.5003, Val 35286.8246, Test 42700.6303
          R2_Score         : Train 0.9822, Val 0.9749, Test 0.9644
          MAE              : Train 13955.4469, Val 15117.2914, Test 16134.8441
Epoch 42: Loss:            : Train 0.0001, Val 0.0001, Test 0.0001
          RMSE             : Train 30240.9570, Val 34498.4125, Test 43487.7728
          R2_Score         : Train 0.9822, Val 0.9760, Test 0.9631
          MAE              : Train 14017.7530, Val 14790.3462, Test 15930.1299
Best:
          RMSE             : Train 30240.9570, Val 34498.4125, Test 43487.7728
          R2_Score         : Train 0.9822, Val 0.9760, Test 0.9631
          MAE              : Train 14017.7530, Val 14790.3462, Test 15930.1299
Epoch 43: Loss:            : Train 0.0001, Val 0.0001, Test 0.0001
          RMSE             : Train 30094.1169, Val 35122.8063, Test 42446.1357
          R2_Score         : Train 0.9824, Val 0.9751, Test 0.9648
          MAE              : Train 14004.2860, Val 14699.9510, Test 15826.0213
Best:
          RMSE             : Train 30240.9570, Val 34498.4125, Test 43487.7728
          R2_Score         : Train 0.9822, Val 0.9760, Test 0.9631
          MAE              : Train 14017.7530, Val 14790.3462, Test 15930.1299
Epoch 44: Loss:            : Train 0.0001, Val 0.0001, Test 0.0001
          RMSE             : Train 29671.9091, Val 34538.3964, Test 42074.8015
          R2_Score         : Train 0.9829, Val 0.9759, Test 0.9654
          MAE              : Train 13728.3253, Val 15056.3558, Test 15954.2975
Best:
          RMSE             : Train 30240.9570, Val 34498.4125, Test 43487.7728
          R2_Score         : Train 0.9822, Val 0.9760, Test 0.9631
          MAE              : Train 14017.7530, Val 14790.3462, Test 15930.1299
Epoch 45: Loss:            : Train 0.0001, Val 0.0001, Test 0.0001
          RMSE             : Train 29661.3874, Val 34685.4418, Test 43446.3737
          R2_Score         : Train 0.9829, Val 0.9757, Test 0.9632
          MAE              : Train 13815.9768, Val 14784.3477, Test 15859.9356
Best:
          RMSE             : Train 30240.9570, Val 34498.4125, Test 43487.7728
          R2_Score         : Train 0.9822, Val 0.9760, Test 0.9631
          MAE              : Train 14017.7530, Val 14790.3462, Test 15930.1299
Epoch 46: Loss:            : Train 0.0001, Val 0.0001, Test 0.0001
          RMSE             : Train 29750.6803, Val 35114.2907, Test 42479.5832
          R2_Score         : Train 0.9828, Val 0.9751, Test 0.9648
          MAE              : Train 13694.2847, Val 14661.3561, Test 15480.4458
Best:
          RMSE             : Train 30240.9570, Val 34498.4125, Test 43487.7728
          R2_Score         : Train 0.9822, Val 0.9760, Test 0.9631
          MAE              : Train 14017.7530, Val 14790.3462, Test 15930.1299
Epoch 47: Loss:            : Train 0.0001, Val 0.0001, Test 0.0001
          RMSE             : Train 29596.6140, Val 34955.0469, Test 41912.4951
          R2_Score         : Train 0.9830, Val 0.9753, Test 0.9657
          MAE              : Train 13665.0522, Val 15321.8708, Test 16135.7551
Best:
          RMSE             : Train 30240.9570, Val 34498.4125, Test 43487.7728
          R2_Score         : Train 0.9822, Val 0.9760, Test 0.9631
          MAE              : Train 14017.7530, Val 14790.3462, Test 15930.1299
Epoch 48: Loss:            : Train 0.0001, Val 0.0001, Test 0.0001
          RMSE             : Train 29533.3897, Val 34766.5008, Test 41648.7383
          R2_Score         : Train 0.9830, Val 0.9756, Test 0.9661
          MAE              : Train 13688.4247, Val 14503.8391, Test 15290.6728
Best:
          RMSE             : Train 30240.9570, Val 34498.4125, Test 43487.7728
          R2_Score         : Train 0.9822, Val 0.9760, Test 0.9631
          MAE              : Train 14017.7530, Val 14790.3462, Test 15930.1299
Epoch 49: Loss:            : Train 0.0001, Val 0.0001, Test 0.0001
          RMSE             : Train 29289.3788, Val 34611.7809, Test 44119.1886
          R2_Score         : Train 0.9833, Val 0.9758, Test 0.9620
          MAE              : Train 13574.8383, Val 14448.9828, Test 15598.2730
Best:
          RMSE             : Train 30240.9570, Val 34498.4125, Test 43487.7728
          R2_Score         : Train 0.9822, Val 0.9760, Test 0.9631
          MAE              : Train 14017.7530, Val 14790.3462, Test 15930.1299
Epoch 50: Loss:            : Train 0.0001, Val 0.0001, Test 0.0001
          RMSE             : Train 29468.0474, Val 33355.2478, Test 41247.3696
          R2_Score         : Train 0.9831, Val 0.9775, Test 0.9668
          MAE              : Train 13750.2226, Val 14463.1432, Test 15435.6104
Best:
          RMSE             : Train 29468.0474, Val 33355.2478, Test 41247.3696
          R2_Score         : Train 0.9831, Val 0.9775, Test 0.9668
          MAE              : Train 13750.2226, Val 14463.1432, Test 15435.6104
Epoch 51: Loss:            : Train 0.0001, Val 0.0001, Test 0.0001
          RMSE             : Train 29098.4213, Val 35245.1892, Test 41860.5091
          R2_Score         : Train 0.9835, Val 0.9749, Test 0.9658
          MAE              : Train 13684.4017, Val 15765.0726, Test 16785.3852
Best:
          RMSE             : Train 29468.0474, Val 33355.2478, Test 41247.3696
          R2_Score         : Train 0.9831, Val 0.9775, Test 0.9668
          MAE              : Train 13750.2226, Val 14463.1432, Test 15435.6104
Epoch 52: Loss:            : Train 0.0001, Val 0.0001, Test 0.0001
          RMSE             : Train 29081.5045, Val 34555.9063, Test 41843.7297
          R2_Score         : Train 0.9835, Val 0.9759, Test 0.9658
          MAE              : Train 13496.0008, Val 15819.5539, Test 16813.1863
Best:
          RMSE             : Train 29468.0474, Val 33355.2478, Test 41247.3696
          R2_Score         : Train 0.9831, Val 0.9775, Test 0.9668
          MAE              : Train 13750.2226, Val 14463.1432, Test 15435.6104
Epoch 53: Loss:            : Train 0.0001, Val 0.0001, Test 0.0001
          RMSE             : Train 29218.6871, Val 33554.6279, Test 42558.5443
          R2_Score         : Train 0.9834, Val 0.9773, Test 0.9646
          MAE              : Train 13497.6826, Val 14286.0444, Test 15456.0471
Best:
          RMSE             : Train 29468.0474, Val 33355.2478, Test 41247.3696
          R2_Score         : Train 0.9831, Val 0.9775, Test 0.9668
          MAE              : Train 13750.2226, Val 14463.1432, Test 15435.6104
Epoch 54: Loss:            : Train 0.0001, Val 0.0001, Test 0.0001
          RMSE             : Train 28725.4088, Val 33460.3120, Test 41300.2186
          R2_Score         : Train 0.9839, Val 0.9774, Test 0.9667
          MAE              : Train 13367.3511, Val 14268.8450, Test 15382.8277
Best:
          RMSE             : Train 29468.0474, Val 33355.2478, Test 41247.3696
          R2_Score         : Train 0.9831, Val 0.9775, Test 0.9668
          MAE              : Train 13750.2226, Val 14463.1432, Test 15435.6104
Epoch 55: Loss:            : Train 0.0001, Val 0.0001, Test 0.0001
          RMSE             : Train 29000.4750, Val 33678.6527, Test 41804.1028
          R2_Score         : Train 0.9836, Val 0.9771, Test 0.9659
          MAE              : Train 13345.1081, Val 13957.7411, Test 15163.9130
Best:
          RMSE             : Train 29468.0474, Val 33355.2478, Test 41247.3696
          R2_Score         : Train 0.9831, Val 0.9775, Test 0.9668
          MAE              : Train 13750.2226, Val 14463.1432, Test 15435.6104
Epoch 56: Loss:            : Train 0.0001, Val 0.0001, Test 0.0001
          RMSE             : Train 30064.3286, Val 33783.2960, Test 40730.0563
          R2_Score         : Train 0.9824, Val 0.9770, Test 0.9676
          MAE              : Train 13426.7430, Val 14678.8790, Test 15742.3775
Best:
          RMSE             : Train 29468.0474, Val 33355.2478, Test 41247.3696
          R2_Score         : Train 0.9831, Val 0.9775, Test 0.9668
          MAE              : Train 13750.2226, Val 14463.1432, Test 15435.6104
Epoch 57: Loss:            : Train 0.0001, Val 0.0001, Test 0.0001
          RMSE             : Train 28626.1225, Val 35440.6397, Test 43419.6755
          R2_Score         : Train 0.9841, Val 0.9746, Test 0.9632
          MAE              : Train 13305.9786, Val 15143.2722, Test 16218.7175
Best:
          RMSE             : Train 29468.0474, Val 33355.2478, Test 41247.3696
          R2_Score         : Train 0.9831, Val 0.9775, Test 0.9668
          MAE              : Train 13750.2226, Val 14463.1432, Test 15435.6104
Epoch 58: Loss:            : Train 0.0001, Val 0.0001, Test 0.0001
          RMSE             : Train 28607.5352, Val 34369.5597, Test 41200.4034
          R2_Score         : Train 0.9841, Val 0.9761, Test 0.9669
          MAE              : Train 13220.3005, Val 14880.5003, Test 15757.3493
Best:
          RMSE             : Train 29468.0474, Val 33355.2478, Test 41247.3696
          R2_Score         : Train 0.9831, Val 0.9775, Test 0.9668
          MAE              : Train 13750.2226, Val 14463.1432, Test 15435.6104
Epoch 59: Loss:            : Train 0.0001, Val 0.0001, Test 0.0001
          RMSE             : Train 28553.0130, Val 33471.0459, Test 41842.0525
          R2_Score         : Train 0.9841, Val 0.9774, Test 0.9658
          MAE              : Train 13284.2724, Val 14192.6807, Test 15238.5980
Best:
          RMSE             : Train 29468.0474, Val 33355.2478, Test 41247.3696
          R2_Score         : Train 0.9831, Val 0.9775, Test 0.9668
          MAE              : Train 13750.2226, Val 14463.1432, Test 15435.6104
Epoch 60: Loss:            : Train 0.0001, Val 0.0001, Test 0.0002
          RMSE             : Train 28160.3814, Val 34098.7631, Test 44502.8401
          R2_Score         : Train 0.9846, Val 0.9765, Test 0.9613
          MAE              : Train 13233.3128, Val 14081.5315, Test 15513.9117
Best:
          RMSE             : Train 29468.0474, Val 33355.2478, Test 41247.3696
          R2_Score         : Train 0.9831, Val 0.9775, Test 0.9668
          MAE              : Train 13750.2226, Val 14463.1432, Test 15435.6104
Epoch 61: Loss:            : Train 0.0001, Val 0.0001, Test 0.0001
          RMSE             : Train 28415.1977, Val 34672.5513, Test 42445.7970
          R2_Score         : Train 0.9843, Val 0.9757, Test 0.9648
          MAE              : Train 13172.8211, Val 16126.9188, Test 17230.3879
Best:
          RMSE             : Train 29468.0474, Val 33355.2478, Test 41247.3696
          R2_Score         : Train 0.9831, Val 0.9775, Test 0.9668
          MAE              : Train 13750.2226, Val 14463.1432, Test 15435.6104
Epoch 62: Loss:            : Train 0.0001, Val 0.0001, Test 0.0001
          RMSE             : Train 27937.2304, Val 33743.3106, Test 41198.1037
          R2_Score         : Train 0.9848, Val 0.9770, Test 0.9669
          MAE              : Train 12930.5192, Val 14181.2460, Test 15176.2434
Best:
          RMSE             : Train 29468.0474, Val 33355.2478, Test 41247.3696
          R2_Score         : Train 0.9831, Val 0.9775, Test 0.9668
          MAE              : Train 13750.2226, Val 14463.1432, Test 15435.6104
Epoch 63: Loss:            : Train 0.0001, Val 0.0001, Test 0.0001
          RMSE             : Train 27979.0424, Val 33501.4379, Test 40994.0475
          R2_Score         : Train 0.9848, Val 0.9773, Test 0.9672
          MAE              : Train 13048.0932, Val 14465.0615, Test 15443.1406
Best:
          RMSE             : Train 29468.0474, Val 33355.2478, Test 41247.3696
          R2_Score         : Train 0.9831, Val 0.9775, Test 0.9668
          MAE              : Train 13750.2226, Val 14463.1432, Test 15435.6104
Epoch 64: Loss:            : Train 0.0001, Val 0.0001, Test 0.0001
          RMSE             : Train 28107.5870, Val 33800.4199, Test 40791.8154
          R2_Score         : Train 0.9846, Val 0.9769, Test 0.9675
          MAE              : Train 13171.9447, Val 14084.9587, Test 14994.0453
Best:
          RMSE             : Train 29468.0474, Val 33355.2478, Test 41247.3696
          R2_Score         : Train 0.9831, Val 0.9775, Test 0.9668
          MAE              : Train 13750.2226, Val 14463.1432, Test 15435.6104
Epoch 65: Loss:            : Train 0.0001, Val 0.0001, Test 0.0001
          RMSE             : Train 27723.4925, Val 34121.2418, Test 41553.4851
          R2_Score         : Train 0.9850, Val 0.9765, Test 0.9663
          MAE              : Train 12944.3982, Val 14332.7124, Test 15566.9868
Best:
          RMSE             : Train 29468.0474, Val 33355.2478, Test 41247.3696
          R2_Score         : Train 0.9831, Val 0.9775, Test 0.9668
          MAE              : Train 13750.2226, Val 14463.1432, Test 15435.6104
Epoch 66: Loss:            : Train 0.0001, Val 0.0001, Test 0.0001
          RMSE             : Train 27951.4785, Val 34384.8339, Test 40628.8107
          R2_Score         : Train 0.9848, Val 0.9761, Test 0.9678
          MAE              : Train 13052.5190, Val 14723.3322, Test 15728.2497
Best:
          RMSE             : Train 29468.0474, Val 33355.2478, Test 41247.3696
          R2_Score         : Train 0.9831, Val 0.9775, Test 0.9668
          MAE              : Train 13750.2226, Val 14463.1432, Test 15435.6104
Epoch 67: Loss:            : Train 0.0001, Val 0.0001, Test 0.0001
          RMSE             : Train 27670.7148, Val 32925.5083, Test 40103.3853
          R2_Score         : Train 0.9851, Val 0.9781, Test 0.9686
          MAE              : Train 12886.5689, Val 13613.7158, Test 14701.9141
Best:
          RMSE             : Train 27670.7148, Val 32925.5083, Test 40103.3853
          R2_Score         : Train 0.9851, Val 0.9781, Test 0.9686
          MAE              : Train 12886.5689, Val 13613.7158, Test 14701.9141
Epoch 68: Loss:            : Train 0.0001, Val 0.0001, Test 0.0001
          RMSE             : Train 27305.7318, Val 32946.6377, Test 41901.9468
          R2_Score         : Train 0.9855, Val 0.9781, Test 0.9657
          MAE              : Train 12766.0521, Val 13962.3448, Test 15158.7524
Best:
          RMSE             : Train 27670.7148, Val 32925.5083, Test 40103.3853
          R2_Score         : Train 0.9851, Val 0.9781, Test 0.9686
          MAE              : Train 12886.5689, Val 13613.7158, Test 14701.9141
Epoch 69: Loss:            : Train 0.0001, Val 0.0001, Test 0.0001
          RMSE             : Train 27347.3596, Val 33073.7941, Test 40964.9567
          R2_Score         : Train 0.9854, Val 0.9779, Test 0.9672
          MAE              : Train 12803.2634, Val 13932.3785, Test 14989.0206
Best:
          RMSE             : Train 27670.7148, Val 32925.5083, Test 40103.3853
          R2_Score         : Train 0.9851, Val 0.9781, Test 0.9686
          MAE              : Train 12886.5689, Val 13613.7158, Test 14701.9141
Epoch 70: Loss:            : Train 0.0001, Val 0.0001, Test 0.0001
          RMSE             : Train 27429.1048, Val 34593.6998, Test 42388.0096
          R2_Score         : Train 0.9854, Val 0.9758, Test 0.9649
          MAE              : Train 12764.9550, Val 15331.5381, Test 16392.8578
Best:
          RMSE             : Train 27670.7148, Val 32925.5083, Test 40103.3853
          R2_Score         : Train 0.9851, Val 0.9781, Test 0.9686
          MAE              : Train 12886.5689, Val 13613.7158, Test 14701.9141
Epoch 71: Loss:            : Train 0.0001, Val 0.0001, Test 0.0001
          RMSE             : Train 27269.6462, Val 33045.4857, Test 40790.8592
          R2_Score         : Train 0.9855, Val 0.9779, Test 0.9675
          MAE              : Train 12708.4637, Val 13862.5081, Test 14999.2977
Best:
          RMSE             : Train 27670.7148, Val 32925.5083, Test 40103.3853
          R2_Score         : Train 0.9851, Val 0.9781, Test 0.9686
          MAE              : Train 12886.5689, Val 13613.7158, Test 14701.9141
Epoch 72: Loss:            : Train 0.0001, Val 0.0001, Test 0.0001
          RMSE             : Train 27224.2732, Val 32193.0092, Test 40374.9427
          R2_Score         : Train 0.9856, Val 0.9791, Test 0.9682
          MAE              : Train 12706.2150, Val 13450.3315, Test 14649.0354
Best:
          RMSE             : Train 27224.2732, Val 32193.0092, Test 40374.9427
          R2_Score         : Train 0.9856, Val 0.9791, Test 0.9682
          MAE              : Train 12706.2150, Val 13450.3315, Test 14649.0354
Epoch 73: Loss:            : Train 0.0001, Val 0.0001, Test 0.0001
          RMSE             : Train 27280.8238, Val 33363.2504, Test 40417.9798
          R2_Score         : Train 0.9855, Val 0.9775, Test 0.9681
          MAE              : Train 12695.4496, Val 13726.8439, Test 14788.1130
Best:
          RMSE             : Train 27224.2732, Val 32193.0092, Test 40374.9427
          R2_Score         : Train 0.9856, Val 0.9791, Test 0.9682
          MAE              : Train 12706.2150, Val 13450.3315, Test 14649.0354
Epoch 74: Loss:            : Train 0.0001, Val 0.0001, Test 0.0001
          RMSE             : Train 27222.3907, Val 34137.0616, Test 41329.8963
          R2_Score         : Train 0.9856, Val 0.9765, Test 0.9667
          MAE              : Train 12728.3439, Val 15517.9652, Test 16838.7342
Best:
          RMSE             : Train 27224.2732, Val 32193.0092, Test 40374.9427
          R2_Score         : Train 0.9856, Val 0.9791, Test 0.9682
          MAE              : Train 12706.2150, Val 13450.3315, Test 14649.0354
Epoch 75: Loss:            : Train 0.0001, Val 0.0001, Test 0.0001
          RMSE             : Train 26765.6994, Val 33144.3925, Test 41248.1053
          R2_Score         : Train 0.9861, Val 0.9778, Test 0.9668
          MAE              : Train 12567.9072, Val 14213.3396, Test 15372.8209
Best:
          RMSE             : Train 27224.2732, Val 32193.0092, Test 40374.9427
          R2_Score         : Train 0.9856, Val 0.9791, Test 0.9682
          MAE              : Train 12706.2150, Val 13450.3315, Test 14649.0354
Epoch 76: Loss:            : Train 0.0001, Val 0.0001, Test 0.0001
          RMSE             : Train 26812.2264, Val 33951.1639, Test 40734.4038
          R2_Score         : Train 0.9860, Val 0.9767, Test 0.9676
          MAE              : Train 12601.5033, Val 14166.5003, Test 15230.3699
Best:
          RMSE             : Train 27224.2732, Val 32193.0092, Test 40374.9427
          R2_Score         : Train 0.9856, Val 0.9791, Test 0.9682
          MAE              : Train 12706.2150, Val 13450.3315, Test 14649.0354
Epoch 77: Loss:            : Train 0.0001, Val 0.0001, Test 0.0001
          RMSE             : Train 26617.8764, Val 34661.5855, Test 41888.5860
          R2_Score         : Train 0.9862, Val 0.9757, Test 0.9658
          MAE              : Train 12590.3221, Val 14362.4983, Test 15462.6843
Best:
          RMSE             : Train 27224.2732, Val 32193.0092, Test 40374.9427
          R2_Score         : Train 0.9856, Val 0.9791, Test 0.9682
          MAE              : Train 12706.2150, Val 13450.3315, Test 14649.0354
Epoch 78: Loss:            : Train 0.0001, Val 0.0001, Test 0.0001
          RMSE             : Train 26488.0743, Val 32386.0779, Test 41253.7851
          R2_Score         : Train 0.9863, Val 0.9788, Test 0.9668
          MAE              : Train 12559.1707, Val 13639.1996, Test 15047.8273
Best:
          RMSE             : Train 27224.2732, Val 32193.0092, Test 40374.9427
          R2_Score         : Train 0.9856, Val 0.9791, Test 0.9682
          MAE              : Train 12706.2150, Val 13450.3315, Test 14649.0354
Epoch 79: Loss:            : Train 0.0001, Val 0.0001, Test 0.0001
          RMSE             : Train 27047.8392, Val 32928.5402, Test 41230.0488
          R2_Score         : Train 0.9858, Val 0.9781, Test 0.9668
          MAE              : Train 12643.7616, Val 14175.0075, Test 15424.6899
Best:
          RMSE             : Train 27224.2732, Val 32193.0092, Test 40374.9427
          R2_Score         : Train 0.9856, Val 0.9791, Test 0.9682
          MAE              : Train 12706.2150, Val 13450.3315, Test 14649.0354
Epoch 80: Loss:            : Train 0.0001, Val 0.0001, Test 0.0001
          RMSE             : Train 26481.6513, Val 33128.1765, Test 41257.0670
          R2_Score         : Train 0.9864, Val 0.9778, Test 0.9668
          MAE              : Train 12307.3596, Val 14259.8068, Test 15442.7499
Best:
          RMSE             : Train 27224.2732, Val 32193.0092, Test 40374.9427
          R2_Score         : Train 0.9856, Val 0.9791, Test 0.9682
          MAE              : Train 12706.2150, Val 13450.3315, Test 14649.0354
Epoch 81: Loss:            : Train 0.0001, Val 0.0001, Test 0.0001
          RMSE             : Train 26301.4866, Val 33240.3809, Test 42163.7909
          R2_Score         : Train 0.9865, Val 0.9777, Test 0.9653
          MAE              : Train 12364.5079, Val 13663.3332, Test 15211.9076
Best:
          RMSE             : Train 27224.2732, Val 32193.0092, Test 40374.9427
          R2_Score         : Train 0.9856, Val 0.9791, Test 0.9682
          MAE              : Train 12706.2150, Val 13450.3315, Test 14649.0354
Epoch 82: Loss:            : Train 0.0001, Val 0.0001, Test 0.0001
          RMSE             : Train 26387.0101, Val 32877.6949, Test 41199.9097
          R2_Score         : Train 0.9865, Val 0.9782, Test 0.9669
          MAE              : Train 12323.6061, Val 13302.7835, Test 14603.3332
Best:
          RMSE             : Train 27224.2732, Val 32193.0092, Test 40374.9427
          R2_Score         : Train 0.9856, Val 0.9791, Test 0.9682
          MAE              : Train 12706.2150, Val 13450.3315, Test 14649.0354
Epoch 83: Loss:            : Train 0.0001, Val 0.0001, Test 0.0001
          RMSE             : Train 26288.0796, Val 32625.6505, Test 40462.9245
          R2_Score         : Train 0.9866, Val 0.9785, Test 0.9680
          MAE              : Train 12356.4300, Val 13397.1372, Test 14510.4593
Best:
          RMSE             : Train 27224.2732, Val 32193.0092, Test 40374.9427
          R2_Score         : Train 0.9856, Val 0.9791, Test 0.9682
          MAE              : Train 12706.2150, Val 13450.3315, Test 14649.0354
Epoch 84: Loss:            : Train 0.0001, Val 0.0001, Test 0.0001
          RMSE             : Train 26349.2132, Val 32151.2556, Test 43966.8574
          R2_Score         : Train 0.9865, Val 0.9791, Test 0.9623
          MAE              : Train 12419.9142, Val 13670.9876, Test 15281.9104
Best:
          RMSE             : Train 26349.2132, Val 32151.2556, Test 43966.8574
          R2_Score         : Train 0.9865, Val 0.9791, Test 0.9623
          MAE              : Train 12419.9142, Val 13670.9876, Test 15281.9104
Epoch 85: Loss:            : Train 0.0001, Val 0.0001, Test 0.0001
          RMSE             : Train 26115.3530, Val 32537.0014, Test 40357.4378
          R2_Score         : Train 0.9867, Val 0.9786, Test 0.9682
          MAE              : Train 12249.2287, Val 13778.4148, Test 15049.3571
Best:
          RMSE             : Train 26349.2132, Val 32151.2556, Test 43966.8574
          R2_Score         : Train 0.9865, Val 0.9791, Test 0.9623
          MAE              : Train 12419.9142, Val 13670.9876, Test 15281.9104
Epoch 86: Loss:            : Train 0.0001, Val 0.0001, Test 0.0001
          RMSE             : Train 26045.5474, Val 33926.0606, Test 41169.4749
          R2_Score         : Train 0.9868, Val 0.9768, Test 0.9669
          MAE              : Train 12354.3041, Val 13650.2250, Test 14937.2584
Best:
          RMSE             : Train 26349.2132, Val 32151.2556, Test 43966.8574
          R2_Score         : Train 0.9865, Val 0.9791, Test 0.9623
          MAE              : Train 12419.9142, Val 13670.9876, Test 15281.9104
Epoch 87: Loss:            : Train 0.0001, Val 0.0001, Test 0.0001
          RMSE             : Train 25787.0162, Val 32185.7809, Test 40501.0778
          R2_Score         : Train 0.9871, Val 0.9791, Test 0.9680
          MAE              : Train 12248.4416, Val 13613.3480, Test 14840.5436
Best:
          RMSE             : Train 26349.2132, Val 32151.2556, Test 43966.8574
          R2_Score         : Train 0.9865, Val 0.9791, Test 0.9623
          MAE              : Train 12419.9142, Val 13670.9876, Test 15281.9104
Epoch 88: Loss:            : Train 0.0001, Val 0.0001, Test 0.0001
          RMSE             : Train 25803.5869, Val 33095.1315, Test 39955.1180
          R2_Score         : Train 0.9870, Val 0.9779, Test 0.9688
          MAE              : Train 12176.7242, Val 13607.4605, Test 14626.4821
Best:
          RMSE             : Train 26349.2132, Val 32151.2556, Test 43966.8574
          R2_Score         : Train 0.9865, Val 0.9791, Test 0.9623
          MAE              : Train 12419.9142, Val 13670.9876, Test 15281.9104
Epoch 89: Loss:            : Train 0.0001, Val 0.0001, Test 0.0001
          RMSE             : Train 26460.8552, Val 32977.2638, Test 40774.6136
          R2_Score         : Train 0.9864, Val 0.9780, Test 0.9676
          MAE              : Train 12251.9735, Val 13423.0434, Test 14722.4771
Best:
          RMSE             : Train 26349.2132, Val 32151.2556, Test 43966.8574
          R2_Score         : Train 0.9865, Val 0.9791, Test 0.9623
          MAE              : Train 12419.9142, Val 13670.9876, Test 15281.9104
Epoch 90: Loss:            : Train 0.0001, Val 0.0001, Test 0.0001
          RMSE             : Train 25725.7951, Val 32706.1629, Test 41430.3888
          R2_Score         : Train 0.9871, Val 0.9784, Test 0.9665
          MAE              : Train 12089.3323, Val 14207.6874, Test 15422.9690
Best:
          RMSE             : Train 26349.2132, Val 32151.2556, Test 43966.8574
          R2_Score         : Train 0.9865, Val 0.9791, Test 0.9623
          MAE              : Train 12419.9142, Val 13670.9876, Test 15281.9104
Epoch 91: Loss:            : Train 0.0001, Val 0.0001, Test 0.0001
          RMSE             : Train 25869.4787, Val 32661.0539, Test 40709.7957
          R2_Score         : Train 0.9870, Val 0.9785, Test 0.9677
          MAE              : Train 12123.7342, Val 13277.9407, Test 14522.4894
Best:
          RMSE             : Train 26349.2132, Val 32151.2556, Test 43966.8574
          R2_Score         : Train 0.9865, Val 0.9791, Test 0.9623
          MAE              : Train 12419.9142, Val 13670.9876, Test 15281.9104
Epoch 92: Loss:            : Train 0.0001, Val 0.0001, Test 0.0001
          RMSE             : Train 25800.0324, Val 33901.2961, Test 42054.4625
          R2_Score         : Train 0.9870, Val 0.9768, Test 0.9655
          MAE              : Train 12045.6969, Val 14753.7160, Test 15872.3103
Best:
          RMSE             : Train 26349.2132, Val 32151.2556, Test 43966.8574
          R2_Score         : Train 0.9865, Val 0.9791, Test 0.9623
          MAE              : Train 12419.9142, Val 13670.9876, Test 15281.9104
Epoch 93: Loss:            : Train 0.0001, Val 0.0001, Test 0.0001
          RMSE             : Train 25471.1606, Val 32136.6068, Test 40839.4663
          R2_Score         : Train 0.9874, Val 0.9791, Test 0.9674
          MAE              : Train 12070.0545, Val 13140.0883, Test 14360.3136
Best:
          RMSE             : Train 25471.1606, Val 32136.6068, Test 40839.4663
          R2_Score         : Train 0.9874, Val 0.9791, Test 0.9674
          MAE              : Train 12070.0545, Val 13140.0883, Test 14360.3136
Epoch 94: Loss:            : Train 0.0000, Val 0.0001, Test 0.0001
          RMSE             : Train 25418.1981, Val 32852.1516, Test 41159.4670
          R2_Score         : Train 0.9874, Val 0.9782, Test 0.9669
          MAE              : Train 12037.9326, Val 13689.8288, Test 14922.4898
Best:
          RMSE             : Train 25471.1606, Val 32136.6068, Test 40839.4663
          R2_Score         : Train 0.9874, Val 0.9791, Test 0.9674
          MAE              : Train 12070.0545, Val 13140.0883, Test 14360.3136
Epoch 95: Loss:            : Train 0.0000, Val 0.0001, Test 0.0001
          RMSE             : Train 25254.1369, Val 31686.6105, Test 40544.1249
          R2_Score         : Train 0.9876, Val 0.9797, Test 0.9679
          MAE              : Train 12014.1747, Val 13243.1349, Test 14455.8131
Best:
          RMSE             : Train 25254.1369, Val 31686.6105, Test 40544.1249
          R2_Score         : Train 0.9876, Val 0.9797, Test 0.9679
          MAE              : Train 12014.1747, Val 13243.1349, Test 14455.8131
Epoch 96: Loss:            : Train 0.0001, Val 0.0001, Test 0.0001
          RMSE             : Train 25491.6351, Val 32128.1672, Test 41116.2668
          R2_Score         : Train 0.9874, Val 0.9792, Test 0.9670
          MAE              : Train 11930.9140, Val 13230.8308, Test 14336.5078
Best:
          RMSE             : Train 25254.1369, Val 31686.6105, Test 40544.1249
          R2_Score         : Train 0.9876, Val 0.9797, Test 0.9679
          MAE              : Train 12014.1747, Val 13243.1349, Test 14455.8131
Epoch 97: Loss:            : Train 0.0001, Val 0.0001, Test 0.0001
          RMSE             : Train 25577.1505, Val 33247.5433, Test 41713.3930
          R2_Score         : Train 0.9873, Val 0.9777, Test 0.9660
          MAE              : Train 12096.1415, Val 14128.6151, Test 15303.4462
Best:
          RMSE             : Train 25254.1369, Val 31686.6105, Test 40544.1249
          R2_Score         : Train 0.9876, Val 0.9797, Test 0.9679
          MAE              : Train 12014.1747, Val 13243.1349, Test 14455.8131
Epoch 98: Loss:            : Train 0.0000, Val 0.0001, Test 0.0001
          RMSE             : Train 25327.8154, Val 32910.3012, Test 40291.8057
          R2_Score         : Train 0.9875, Val 0.9781, Test 0.9683
          MAE              : Train 12021.2910, Val 13545.6100, Test 14514.9021
Best:
          RMSE             : Train 25254.1369, Val 31686.6105, Test 40544.1249
          R2_Score         : Train 0.9876, Val 0.9797, Test 0.9679
          MAE              : Train 12014.1747, Val 13243.1349, Test 14455.8131
Epoch 99: Loss:            : Train 0.0000, Val 0.0001, Test 0.0001
          RMSE             : Train 25322.4328, Val 32987.6364, Test 41413.1142
          R2_Score         : Train 0.9875, Val 0.9780, Test 0.9665
          MAE              : Train 11938.2321, Val 13524.5120, Test 14725.4065
Best:
          RMSE             : Train 25254.1369, Val 31686.6105, Test 40544.1249
          R2_Score         : Train 0.9876, Val 0.9797, Test 0.9679
          MAE              : Train 12014.1747, Val 13243.1349, Test 14455.8131
Epoch 100: Loss:            : Train 0.0000, Val 0.0001, Test 0.0001
          RMSE             : Train 25424.9137, Val 32546.4081, Test 39730.8742
          R2_Score         : Train 0.9874, Val 0.9786, Test 0.9692
          MAE              : Train 11955.5919, Val 12970.6929, Test 13998.0986
Best:
          RMSE             : Train 25254.1369, Val 31686.6105, Test 40544.1249
          R2_Score         : Train 0.9876, Val 0.9797, Test 0.9679
          MAE              : Train 12014.1747, Val 13243.1349, Test 14455.8131
Training time (sec): 1748
