Loading loan from data/company/loan_subset_clean.csv
Loading company from data/company/company_subset_clean.csv
Current loan columns Index(['Term', 'NoEmp', 'NewExist', 'CreateJob', 'RetainedJob', 'UrbanRural',
       'DisbursementGross', 'BalanceGross', 'ChgOffPrinGr', 'GrAppv',
       'BankState_al', 'BankState_an', 'BankState_ar', 'BankState_az',
       'BankState_ca', 'BankState_co', 'BankState_ct', 'BankState_dc',
       'BankState_de', 'BankState_en', 'BankState_fl', 'BankState_ga',
       'BankState_gu', 'BankState_hi', 'BankState_ia', 'BankState_id',
       'BankState_il', 'BankState_in', 'BankState_ks', 'BankState_ky',
       'BankState_la', 'BankState_ma', 'BankState_md', 'BankState_me',
       'BankState_mi', 'BankState_mn', 'BankState_mo', 'BankState_ms',
       'BankState_mt', 'BankState_nc', 'BankState_nd', 'BankState_ne',
       'BankState_nh', 'BankState_nj', 'BankState_nm', 'BankState_nv',
       'BankState_ny', 'BankState_oh', 'BankState_ok', 'BankState_or',
       'BankState_pa', 'BankState_pr', 'BankState_ri', 'BankState_sc',
       'BankState_sd', 'BankState_tn', 'BankState_tx', 'BankState_ut',
       'BankState_va', 'BankState_vi', 'BankState_vt', 'BankState_wa',
       'BankState_wi', 'BankState_wv', 'BankState_wy', 'RevLineCr_-',
       'RevLineCr_.', 'RevLineCr_0', 'RevLineCr_1', 'RevLineCr_2',
       'RevLineCr_3', 'RevLineCr_4', 'RevLineCr_5', 'RevLineCr_7',
       'RevLineCr_`', 'RevLineCr_a', 'RevLineCr_c', 'RevLineCr_n',
       'RevLineCr_q', 'RevLineCr_r', 'RevLineCr_t', 'RevLineCr_y', 'LowDoc_1',
       'LowDoc_a', 'LowDoc_c', 'LowDoc_n', 'LowDoc_r', 'LowDoc_s', 'LowDoc_y',
       'MIS_Status_p i f', 'Name'],
      dtype='object')
Current company columns Index(['name', 'current employee estimate', 'total employee estimate',
       'ind_airlines/aviation', 'ind_alternative dispute resolution',
       'ind_alternative medicine', 'ind_animation', 'ind_apparel & fashion',
       'ind_architecture & planning', 'ind_arts and crafts',
       ...
       'ind_wine and spirits', 'ind_wireless', 'ind_writing and editing',
       'sr_10001+', 'sr_1001 - 5000', 'sr_11 - 50', 'sr_201 - 500',
       'sr_5001 - 10000', 'sr_501 - 1000', 'sr_51 - 200'],
      dtype='object', length=157)
Loading data from cache
Done
Calculating noise scale
Standard variance of sim_score: 257.74, Mean: -751.42
Adding noise of scale 0.15666739703226235 to sim_scores
Adding noise of scale 0.15666739703226235 to sim_scores
Adding noise of scale 0.15666739703226235 to sim_scores
Preparing time (sec): 10
Initializing dataloader
Done
Prepare for training
Start training
SplitNN summary
==========================================================================================
Layer (type:depth-idx)                   Output Shape              Param #
==========================================================================================
SplitNN                                  --                        --
├─MLP: 1                                 --                        --
│    └─ModuleList: 2-1                   --                        --
├─ModuleList: 1-1                        --                        --
│    └─MLP: 2                            --                        --
│    │    └─ModuleList: 3-1              --                        14,150
│    └─MLP: 2                            --                        --
│    │    └─ModuleList: 3-2              --                        20,750
│    └─MLP: 2-2                          [32, 50]                  --
│    └─MLP: 2-3                          [32, 50]                  --
├─MLP: 1-2                               [32, 10]                  --
│    └─ModuleList: 2-1                   --                        --
│    │    └─Linear: 3-3                  [32, 100]                 10,100
│    │    └─Linear: 3-4                  [32, 10]                  1,010
==========================================================================================
Total params: 46,010
Trainable params: 46,010
Non-trainable params: 0
Total mult-adds (M): 1.47
==========================================================================================
Input size (MB): 0.03
Forward/backward pass size (MB): 0.10
Params size (MB): 0.18
Estimated Total Size (MB): 0.32
==========================================================================================
Merge model summary
==========================================================================================
Layer (type:depth-idx)                   Output Shape              Param #
==========================================================================================
ConvModel                                --                        --
├─Conv2d: 1-1                            [1, 4, 56, 10]            32
├─Dropout: 1-2                           [1, 2240]                 --
├─Linear: 1-3                            [1, 200]                  448,200
├─Dropout: 1-4                           [1, 200]                  --
├─Linear: 1-5                            [1, 1]                    201
==========================================================================================
Total params: 448,433
Trainable params: 448,433
Non-trainable params: 0
Total mult-adds (M): 0.47
==========================================================================================
Input size (MB): 0.00
Forward/backward pass size (MB): 0.02
Params size (MB): 1.79
Estimated Total Size (MB): 1.82
==========================================================================================
Similarity model summary
==========================================================================================
Layer (type:depth-idx)                   Output Shape              Param #
==========================================================================================
MLP                                      --                        --
├─ModuleList: 1-1                        --                        --
│    └─Linear: 2-1                       [1, 10]                   20
│    └─Linear: 2-2                       [1, 1]                    11
==========================================================================================
Total params: 31
Trainable params: 31
Non-trainable params: 0
Total mult-adds (M): 0.00
==========================================================================================
Input size (MB): 0.00
Forward/backward pass size (MB): 0.00
Params size (MB): 0.00
Estimated Total Size (MB): 0.00
==========================================================================================
n_classes=2
task=regression
model_name=company_fedsim_2022-08-17-10-02-33
sche_threshold=0.0001
sche_patience=10
sche_factor=0.1
use_scheduler=False
num_workers=4
device=cuda:2
test_batch_size=4096
train_batch_size=32
learning_rate=0.001
weight_decay=1e-05
num_epochs=100
model_save_path=ckp/company_fedsim_2022-08-17-10-02-33.pth
test_rate=0.2
val_rate=0.1
multiprocess_context=fork
metrics=['rmse', 'mae', 'r2_score']
metrics_f=[<metric.rmse.RMSE object at 0x7fc6dbad3c10>, <metric.mae.MAE object at 0x7fc6dbad3e80>, <metric.r2_score.R2Score object at 0x7fc6dbad3f40>]
hidden_sizes=[200, 100]
model=SplitNN(
  (agg_model): MLP(
    (fc_layers): ModuleList(
      (0): Linear(in_features=100, out_features=100, bias=True)
      (1): Linear(in_features=100, out_features=10, bias=True)
    )
  )
  (local_models): ModuleList(
    (0): MLP(
      (fc_layers): ModuleList(
        (0): Linear(in_features=90, out_features=100, bias=True)
        (1): Linear(in_features=100, out_features=50, bias=True)
      )
    )
    (1): MLP(
      (fc_layers): ModuleList(
        (0): Linear(in_features=156, out_features=100, bias=True)
        (1): Linear(in_features=100, out_features=50, bias=True)
      )
    )
  )
)
writer=<torch.utils.tensorboard.writer.SummaryWriter object at 0x7fc6dbad3df0>
dataset_type=real
drop_key=True
num_common_features=1
tree_radius=0.01
tree_leaf_size=1000
knn_k=50
grid_min=-10.0
grid_max=10.0
grid_width=1.5
sim_scaler=StandardScaler()
filter_top_k=None
link_n_jobs=1
psig_p=8
sim_leak_p=0.01
link_threshold_t=0.1
link_epsilon=0.1
n_hash_lsh=50
edit_distance_threshold=10
n_hash_func=50
collision_rate=0.01
qgram_q=4
link_delta=0.01
feature_wise_sim=False
blocking_method=knn_priv_str
center_threshold=0.5
n_clusters=100
local_hidden_sizes=[[100], [100]]
cut_dims=[50, 50]
agg_hidden_sizes=[100]
scale_analysis=<utils.privacy.SimNoiseScale object at 0x7fc6daded550>
disable_weight=False
disable_sort=False
mlp_merge=None
use_sim=True
use_conv=True
conv_kernel_v_size=7
conv_n_channels=4
merge_dropout_p=0.3
raw_output_dim=10
log_dir=log/company_fedsim_2022-08-17-10-02-33/
update_sim_freq=1
sim_model_save_path=ckp/company_fedsim_2022-08-17-10-02-33_sim.pth
merge_model_save_path=ckp/company_fedsim_2022-08-17-10-02-33_merge.pth
sim_batch_size=128
sim_weight_decay=1e-05
sim_learning_rate=0.001
merge_model=ConvModel(
  (conv1): Conv2d(1, 4, kernel_size=[7, 1], stride=(1, 1), padding=[6, 0])
  (fc1): Linear(in_features=2240, out_features=200, bias=True)
  (fc2): Linear(in_features=200, out_features=1, bias=True)
  (dropout1): Dropout(p=0.3, inplace=False)
  (dropout2): Dropout(p=0.3, inplace=False)
)
sim_model=MLP(
  (fc_layers): ModuleList(
    (0): Linear(in_features=1, out_features=10, bias=True)
    (1): Linear(in_features=10, out_features=1, bias=True)
  )
)
sim_hidden_sizes=[10]
merge_hidden_sizes=[200]
data1_shape=(77225, 91)
data2_shape=(220583, 157)
Epoch 1: Loss:            : Train 0.0062, Val 0.0002, Test 0.0003
          RMSE             : Train 283936.6533, Val 49902.0513, Test 59191.7238
          MAE              : Train 107241.6812, Val 24609.1024, Test 25598.0267
          R2_Score         : Train -0.5686, Val 0.9497, Test 0.9316
Best:
          RMSE             : Train 283936.6533, Val 49902.0513, Test 59191.7238
          MAE              : Train 107241.6812, Val 24609.1024, Test 25598.0267
          R2_Score         : Train -0.5686, Val 0.9497, Test 0.9316
Epoch 2: Loss:            : Train 0.0003, Val 0.0002, Test 0.0002
          RMSE             : Train 60831.1793, Val 50070.3714, Test 56744.7376
          MAE              : Train 32070.5659, Val 24486.6837, Test 24815.9902
          R2_Score         : Train 0.9280, Val 0.9494, Test 0.9372
Best:
          RMSE             : Train 283936.6533, Val 49902.0513, Test 59191.7238
          MAE              : Train 107241.6812, Val 24609.1024, Test 25598.0267
          R2_Score         : Train -0.5686, Val 0.9497, Test 0.9316
Epoch 3: Loss:            : Train 0.0003, Val 0.0002, Test 0.0002
          RMSE             : Train 58224.4182, Val 50784.3791, Test 55246.1818
          MAE              : Train 30590.9104, Val 23202.1792, Test 23634.0107
          R2_Score         : Train 0.9340, Val 0.9479, Test 0.9404
Best:
          RMSE             : Train 283936.6533, Val 49902.0513, Test 59191.7238
          MAE              : Train 107241.6812, Val 24609.1024, Test 25598.0267
          R2_Score         : Train -0.5686, Val 0.9497, Test 0.9316
Epoch 4: Loss:            : Train 0.0002, Val 0.0002, Test 0.0002
          RMSE             : Train 56320.9325, Val 47897.6000, Test 54351.4948
          MAE              : Train 29872.6267, Val 23619.4822, Test 24527.4736
          R2_Score         : Train 0.9383, Val 0.9537, Test 0.9423
Best:
          RMSE             : Train 56320.9325, Val 47897.6000, Test 54351.4948
          MAE              : Train 29872.6267, Val 23619.4822, Test 24527.4736
          R2_Score         : Train 0.9383, Val 0.9537, Test 0.9423
Epoch 5: Loss:            : Train 0.0002, Val 0.0002, Test 0.0002
          RMSE             : Train 54361.7576, Val 53771.9837, Test 56631.2359
          MAE              : Train 29014.3958, Val 26688.4647, Test 27125.6452
          R2_Score         : Train 0.9425, Val 0.9416, Test 0.9374
Best:
          RMSE             : Train 56320.9325, Val 47897.6000, Test 54351.4948
          MAE              : Train 29872.6267, Val 23619.4822, Test 24527.4736
          R2_Score         : Train 0.9383, Val 0.9537, Test 0.9423
Epoch 6: Loss:            : Train 0.0002, Val 0.0002, Test 0.0002
          RMSE             : Train 52862.2817, Val 49589.0819, Test 52323.2060
          MAE              : Train 28695.6500, Val 25371.1975, Test 25887.5537
          R2_Score         : Train 0.9456, Val 0.9503, Test 0.9466
Best:
          RMSE             : Train 56320.9325, Val 47897.6000, Test 54351.4948
          MAE              : Train 29872.6267, Val 23619.4822, Test 24527.4736
          R2_Score         : Train 0.9383, Val 0.9537, Test 0.9423
Epoch 7: Loss:            : Train 0.0002, Val 0.0001, Test 0.0002
          RMSE             : Train 51777.1181, Val 41789.6435, Test 47663.6034
          MAE              : Train 28256.0955, Val 19388.0036, Test 20186.4919
          R2_Score         : Train 0.9478, Val 0.9647, Test 0.9557
Best:
          RMSE             : Train 51777.1181, Val 41789.6435, Test 47663.6034
          MAE              : Train 28256.0955, Val 19388.0036, Test 20186.4919
          R2_Score         : Train 0.9478, Val 0.9647, Test 0.9557
Epoch 8: Loss:            : Train 0.0002, Val 0.0002, Test 0.0002
          RMSE             : Train 51248.2759, Val 44944.4680, Test 48683.9657
          MAE              : Train 28072.5873, Val 24186.0321, Test 24732.2204
          R2_Score         : Train 0.9489, Val 0.9592, Test 0.9537
Best:
          RMSE             : Train 51777.1181, Val 41789.6435, Test 47663.6034
          MAE              : Train 28256.0955, Val 19388.0036, Test 20186.4919
          R2_Score         : Train 0.9478, Val 0.9647, Test 0.9557
Epoch 9: Loss:            : Train 0.0002, Val 0.0001, Test 0.0002
          RMSE             : Train 50671.4673, Val 41284.6069, Test 46426.8690
          MAE              : Train 27875.7989, Val 19284.2315, Test 19883.3342
          R2_Score         : Train 0.9500, Val 0.9656, Test 0.9579
Best:
          RMSE             : Train 50671.4673, Val 41284.6069, Test 46426.8690
          MAE              : Train 27875.7989, Val 19284.2315, Test 19883.3342
          R2_Score         : Train 0.9500, Val 0.9656, Test 0.9579
Epoch 10: Loss:            : Train 0.0002, Val 0.0002, Test 0.0002
          RMSE             : Train 49805.4777, Val 46778.2336, Test 52282.2377
          MAE              : Train 27594.5958, Val 26921.8965, Test 27727.3290
          R2_Score         : Train 0.9517, Val 0.9558, Test 0.9467
Best:
          RMSE             : Train 50671.4673, Val 41284.6069, Test 46426.8690
          MAE              : Train 27875.7989, Val 19284.2315, Test 19883.3342
          R2_Score         : Train 0.9500, Val 0.9656, Test 0.9579
Epoch 11: Loss:            : Train 0.0002, Val 0.0001, Test 0.0002
          RMSE             : Train 49279.1041, Val 43449.2475, Test 46546.0113
          MAE              : Train 27501.8864, Val 22533.3693, Test 23284.9415
          R2_Score         : Train 0.9528, Val 0.9619, Test 0.9577
Best:
          RMSE             : Train 50671.4673, Val 41284.6069, Test 46426.8690
          MAE              : Train 27875.7989, Val 19284.2315, Test 19883.3342
          R2_Score         : Train 0.9500, Val 0.9656, Test 0.9579
Epoch 12: Loss:            : Train 0.0002, Val 0.0001, Test 0.0002
          RMSE             : Train 48506.1552, Val 41862.9282, Test 45546.6508
          MAE              : Train 27009.5174, Val 20873.8196, Test 21432.1310
          R2_Score         : Train 0.9542, Val 0.9646, Test 0.9595
Best:
          RMSE             : Train 50671.4673, Val 41284.6069, Test 46426.8690
          MAE              : Train 27875.7989, Val 19284.2315, Test 19883.3342
          R2_Score         : Train 0.9500, Val 0.9656, Test 0.9579
Epoch 13: Loss:            : Train 0.0002, Val 0.0001, Test 0.0001
          RMSE             : Train 48105.2151, Val 39679.7748, Test 42600.9116
          MAE              : Train 26941.5697, Val 18372.3222, Test 19051.9445
          R2_Score         : Train 0.9550, Val 0.9682, Test 0.9646
Best:
          RMSE             : Train 48105.2151, Val 39679.7748, Test 42600.9116
          MAE              : Train 26941.5697, Val 18372.3222, Test 19051.9445
          R2_Score         : Train 0.9550, Val 0.9682, Test 0.9646
Epoch 14: Loss:            : Train 0.0002, Val 0.0002, Test 0.0002
          RMSE             : Train 48281.3402, Val 44220.8720, Test 47651.1889
          MAE              : Train 26966.8854, Val 24240.3968, Test 24862.9186
          R2_Score         : Train 0.9546, Val 0.9605, Test 0.9557
Best:
          RMSE             : Train 48105.2151, Val 39679.7748, Test 42600.9116
          MAE              : Train 26941.5697, Val 18372.3222, Test 19051.9445
          R2_Score         : Train 0.9550, Val 0.9682, Test 0.9646
Epoch 15: Loss:            : Train 0.0002, Val 0.0001, Test 0.0001
          RMSE             : Train 46772.8266, Val 42214.4169, Test 43185.2394
          MAE              : Train 26411.7049, Val 19406.7574, Test 19753.2846
          R2_Score         : Train 0.9574, Val 0.9640, Test 0.9636
Best:
          RMSE             : Train 48105.2151, Val 39679.7748, Test 42600.9116
          MAE              : Train 26941.5697, Val 18372.3222, Test 19051.9445
          R2_Score         : Train 0.9550, Val 0.9682, Test 0.9646
Epoch 16: Loss:            : Train 0.0002, Val 0.0001, Test 0.0002
          RMSE             : Train 47552.8602, Val 42149.7475, Test 46268.1743
          MAE              : Train 26646.8535, Val 20993.7107, Test 21600.1771
          R2_Score         : Train 0.9560, Val 0.9641, Test 0.9582
Best:
          RMSE             : Train 48105.2151, Val 39679.7748, Test 42600.9116
          MAE              : Train 26941.5697, Val 18372.3222, Test 19051.9445
          R2_Score         : Train 0.9550, Val 0.9682, Test 0.9646
Epoch 17: Loss:            : Train 0.0002, Val 0.0001, Test 0.0001
          RMSE             : Train 46781.4488, Val 38977.0488, Test 42615.0744
          MAE              : Train 26438.5482, Val 17574.2096, Test 18324.3692
          R2_Score         : Train 0.9574, Val 0.9693, Test 0.9646
Best:
          RMSE             : Train 46781.4488, Val 38977.0488, Test 42615.0744
          MAE              : Train 26438.5482, Val 17574.2096, Test 18324.3692
          R2_Score         : Train 0.9574, Val 0.9693, Test 0.9646
Epoch 18: Loss:            : Train 0.0002, Val 0.0002, Test 0.0002
          RMSE             : Train 46245.0564, Val 44465.9554, Test 47052.5955
          MAE              : Train 26106.7045, Val 24811.2716, Test 25474.0296
          R2_Score         : Train 0.9584, Val 0.9601, Test 0.9568
Best:
          RMSE             : Train 46781.4488, Val 38977.0488, Test 42615.0744
          MAE              : Train 26438.5482, Val 17574.2096, Test 18324.3692
          R2_Score         : Train 0.9574, Val 0.9693, Test 0.9646
Epoch 19: Loss:            : Train 0.0002, Val 0.0001, Test 0.0002
          RMSE             : Train 45464.5282, Val 42875.9034, Test 47736.0966
          MAE              : Train 25880.8213, Val 21942.8066, Test 22372.1253
          R2_Score         : Train 0.9598, Val 0.9629, Test 0.9555
Best:
          RMSE             : Train 46781.4488, Val 38977.0488, Test 42615.0744
          MAE              : Train 26438.5482, Val 17574.2096, Test 18324.3692
          R2_Score         : Train 0.9574, Val 0.9693, Test 0.9646
Epoch 20: Loss:            : Train 0.0002, Val 0.0001, Test 0.0001
          RMSE             : Train 46135.9503, Val 39068.5066, Test 41919.2009
          MAE              : Train 26081.0113, Val 19740.5506, Test 20655.1111
          R2_Score         : Train 0.9586, Val 0.9692, Test 0.9657
Best:
          RMSE             : Train 46781.4488, Val 38977.0488, Test 42615.0744
          MAE              : Train 26438.5482, Val 17574.2096, Test 18324.3692
          R2_Score         : Train 0.9574, Val 0.9693, Test 0.9646
Epoch 21: Loss:            : Train 0.0002, Val 0.0001, Test 0.0001
          RMSE             : Train 44819.9062, Val 39459.3367, Test 43686.1858
          MAE              : Train 25619.3931, Val 16896.1537, Test 17809.9031
          R2_Score         : Train 0.9609, Val 0.9686, Test 0.9628
Best:
          RMSE             : Train 46781.4488, Val 38977.0488, Test 42615.0744
          MAE              : Train 26438.5482, Val 17574.2096, Test 18324.3692
          R2_Score         : Train 0.9574, Val 0.9693, Test 0.9646
Epoch 22: Loss:            : Train 0.0002, Val 0.0001, Test 0.0001
          RMSE             : Train 45198.5991, Val 38400.0887, Test 42928.4457
          MAE              : Train 25570.2908, Val 17224.7046, Test 17873.9310
          R2_Score         : Train 0.9603, Val 0.9702, Test 0.9640
Best:
          RMSE             : Train 45198.5991, Val 38400.0887, Test 42928.4457
          MAE              : Train 25570.2908, Val 17224.7046, Test 17873.9310
          R2_Score         : Train 0.9603, Val 0.9702, Test 0.9640
Epoch 23: Loss:            : Train 0.0002, Val 0.0001, Test 0.0001
          RMSE             : Train 44618.4644, Val 38717.3304, Test 42089.7942
          MAE              : Train 25373.0165, Val 18129.9824, Test 19016.2206
          R2_Score         : Train 0.9613, Val 0.9697, Test 0.9654
Best:
          RMSE             : Train 45198.5991, Val 38400.0887, Test 42928.4457
          MAE              : Train 25570.2908, Val 17224.7046, Test 17873.9310
          R2_Score         : Train 0.9603, Val 0.9702, Test 0.9640
Epoch 24: Loss:            : Train 0.0002, Val 0.0001, Test 0.0002
          RMSE             : Train 44561.4281, Val 40349.9008, Test 44750.8393
          MAE              : Train 25365.7973, Val 18256.1713, Test 19458.5729
          R2_Score         : Train 0.9614, Val 0.9671, Test 0.9609
Best:
          RMSE             : Train 45198.5991, Val 38400.0887, Test 42928.4457
          MAE              : Train 25570.2908, Val 17224.7046, Test 17873.9310
          R2_Score         : Train 0.9603, Val 0.9702, Test 0.9640
Epoch 25: Loss:            : Train 0.0002, Val 0.0002, Test 0.0002
          RMSE             : Train 44799.3510, Val 48213.6338, Test 51164.9026
          MAE              : Train 25543.6969, Val 31040.8196, Test 31773.0162
          R2_Score         : Train 0.9610, Val 0.9531, Test 0.9489
Best:
          RMSE             : Train 45198.5991, Val 38400.0887, Test 42928.4457
          MAE              : Train 25570.2908, Val 17224.7046, Test 17873.9310
          R2_Score         : Train 0.9603, Val 0.9702, Test 0.9640
Epoch 26: Loss:            : Train 0.0001, Val 0.0001, Test 0.0001
          RMSE             : Train 43946.7214, Val 39708.1445, Test 42952.3846
          MAE              : Train 25238.1708, Val 17734.9893, Test 18618.6745
          R2_Score         : Train 0.9624, Val 0.9682, Test 0.9640
Best:
          RMSE             : Train 45198.5991, Val 38400.0887, Test 42928.4457
          MAE              : Train 25570.2908, Val 17224.7046, Test 17873.9310
          R2_Score         : Train 0.9603, Val 0.9702, Test 0.9640
Epoch 27: Loss:            : Train 0.0002, Val 0.0001, Test 0.0002
          RMSE             : Train 44103.4662, Val 40338.2272, Test 44668.5105
          MAE              : Train 25167.3360, Val 20346.7864, Test 21286.7777
          R2_Score         : Train 0.9622, Val 0.9671, Test 0.9611
Best:
          RMSE             : Train 45198.5991, Val 38400.0887, Test 42928.4457
          MAE              : Train 25570.2908, Val 17224.7046, Test 17873.9310
          R2_Score         : Train 0.9603, Val 0.9702, Test 0.9640
Epoch 28: Loss:            : Train 0.0001, Val 0.0001, Test 0.0002
          RMSE             : Train 43282.5817, Val 41394.1806, Test 44339.2562
          MAE              : Train 25171.8638, Val 18202.1317, Test 18682.9681
          R2_Score         : Train 0.9636, Val 0.9654, Test 0.9616
Best:
          RMSE             : Train 45198.5991, Val 38400.0887, Test 42928.4457
          MAE              : Train 25570.2908, Val 17224.7046, Test 17873.9310
          R2_Score         : Train 0.9603, Val 0.9702, Test 0.9640
Epoch 29: Loss:            : Train 0.0001, Val 0.0001, Test 0.0001
          RMSE             : Train 43137.2912, Val 40169.1575, Test 43631.1479
          MAE              : Train 24914.3650, Val 16455.8980, Test 16998.2335
          R2_Score         : Train 0.9638, Val 0.9674, Test 0.9628
Best:
          RMSE             : Train 45198.5991, Val 38400.0887, Test 42928.4457
          MAE              : Train 25570.2908, Val 17224.7046, Test 17873.9310
          R2_Score         : Train 0.9603, Val 0.9702, Test 0.9640
Epoch 30: Loss:            : Train 0.0001, Val 0.0001, Test 0.0001
          RMSE             : Train 43283.9873, Val 38760.3704, Test 42243.7826
          MAE              : Train 24903.0936, Val 18225.3386, Test 19038.1705
          R2_Score         : Train 0.9635, Val 0.9697, Test 0.9652
Best:
          RMSE             : Train 45198.5991, Val 38400.0887, Test 42928.4457
          MAE              : Train 25570.2908, Val 17224.7046, Test 17873.9310
          R2_Score         : Train 0.9603, Val 0.9702, Test 0.9640
Epoch 31: Loss:            : Train 0.0001, Val 0.0002, Test 0.0002
          RMSE             : Train 43464.0857, Val 46196.0801, Test 46655.1164
          MAE              : Train 25018.7963, Val 24476.3030, Test 24990.5360
          R2_Score         : Train 0.9632, Val 0.9569, Test 0.9575
Best:
          RMSE             : Train 45198.5991, Val 38400.0887, Test 42928.4457
          MAE              : Train 25570.2908, Val 17224.7046, Test 17873.9310
          R2_Score         : Train 0.9603, Val 0.9702, Test 0.9640
Epoch 32: Loss:            : Train 0.0001, Val 0.0001, Test 0.0002
          RMSE             : Train 42791.9314, Val 41128.9342, Test 44616.6639
          MAE              : Train 24631.5699, Val 21546.9894, Test 22535.2939
          R2_Score         : Train 0.9644, Val 0.9658, Test 0.9611
Best:
          RMSE             : Train 45198.5991, Val 38400.0887, Test 42928.4457
          MAE              : Train 25570.2908, Val 17224.7046, Test 17873.9310
          R2_Score         : Train 0.9603, Val 0.9702, Test 0.9640
Epoch 33: Loss:            : Train 0.0001, Val 0.0002, Test 0.0002
          RMSE             : Train 42555.2975, Val 45820.3780, Test 49101.1248
          MAE              : Train 24651.0293, Val 26341.3803, Test 27489.2006
          R2_Score         : Train 0.9648, Val 0.9576, Test 0.9529
Best:
          RMSE             : Train 45198.5991, Val 38400.0887, Test 42928.4457
          MAE              : Train 25570.2908, Val 17224.7046, Test 17873.9310
          R2_Score         : Train 0.9603, Val 0.9702, Test 0.9640
Epoch 34: Loss:            : Train 0.0001, Val 0.0001, Test 0.0002
          RMSE             : Train 42629.9608, Val 43801.2614, Test 46856.1793
          MAE              : Train 24655.7648, Val 23592.7323, Test 24596.1125
          R2_Score         : Train 0.9646, Val 0.9613, Test 0.9571
Best:
          RMSE             : Train 45198.5991, Val 38400.0887, Test 42928.4457
          MAE              : Train 25570.2908, Val 17224.7046, Test 17873.9310
          R2_Score         : Train 0.9603, Val 0.9702, Test 0.9640
Epoch 35: Loss:            : Train 0.0001, Val 0.0001, Test 0.0001
          RMSE             : Train 42859.7625, Val 38547.0481, Test 40776.4322
          MAE              : Train 24671.2222, Val 17044.2729, Test 17965.7428
          R2_Score         : Train 0.9643, Val 0.9700, Test 0.9675
Best:
          RMSE             : Train 45198.5991, Val 38400.0887, Test 42928.4457
          MAE              : Train 25570.2908, Val 17224.7046, Test 17873.9310
          R2_Score         : Train 0.9603, Val 0.9702, Test 0.9640
Epoch 36: Loss:            : Train 0.0001, Val 0.0001, Test 0.0001
          RMSE             : Train 41998.5949, Val 37260.8259, Test 40430.7264
          MAE              : Train 24316.3043, Val 16313.7048, Test 17260.7108
          R2_Score         : Train 0.9657, Val 0.9720, Test 0.9681
Best:
          RMSE             : Train 41998.5949, Val 37260.8259, Test 40430.7264
          MAE              : Train 24316.3043, Val 16313.7048, Test 17260.7108
          R2_Score         : Train 0.9657, Val 0.9720, Test 0.9681
Epoch 37: Loss:            : Train 0.0001, Val 0.0001, Test 0.0001
          RMSE             : Train 41910.7110, Val 43080.1576, Test 43407.0118
          MAE              : Train 24593.8887, Val 20015.9398, Test 20245.2715
          R2_Score         : Train 0.9658, Val 0.9625, Test 0.9632
Best:
          RMSE             : Train 41998.5949, Val 37260.8259, Test 40430.7264
          MAE              : Train 24316.3043, Val 16313.7048, Test 17260.7108
          R2_Score         : Train 0.9657, Val 0.9720, Test 0.9681
Epoch 38: Loss:            : Train 0.0001, Val 0.0001, Test 0.0001
          RMSE             : Train 42117.2070, Val 40452.5592, Test 42484.9801
          MAE              : Train 24565.5626, Val 17994.3456, Test 18569.5489
          R2_Score         : Train 0.9655, Val 0.9670, Test 0.9648
Best:
          RMSE             : Train 41998.5949, Val 37260.8259, Test 40430.7264
          MAE              : Train 24316.3043, Val 16313.7048, Test 17260.7108
          R2_Score         : Train 0.9657, Val 0.9720, Test 0.9681
Epoch 39: Loss:            : Train 0.0001, Val 0.0001, Test 0.0001
          RMSE             : Train 42372.2944, Val 37669.0650, Test 41926.4804
          MAE              : Train 24722.1942, Val 16471.2497, Test 17234.4762
          R2_Score         : Train 0.9651, Val 0.9713, Test 0.9657
Best:
          RMSE             : Train 41998.5949, Val 37260.8259, Test 40430.7264
          MAE              : Train 24316.3043, Val 16313.7048, Test 17260.7108
          R2_Score         : Train 0.9657, Val 0.9720, Test 0.9681
Epoch 40: Loss:            : Train 0.0001, Val 0.0001, Test 0.0001
          RMSE             : Train 41624.4776, Val 40217.9263, Test 42350.4629
          MAE              : Train 24491.1492, Val 17904.3273, Test 18542.5868
          R2_Score         : Train 0.9663, Val 0.9673, Test 0.9650
Best:
          RMSE             : Train 41998.5949, Val 37260.8259, Test 40430.7264
          MAE              : Train 24316.3043, Val 16313.7048, Test 17260.7108
          R2_Score         : Train 0.9657, Val 0.9720, Test 0.9681
Epoch 41: Loss:            : Train 0.0001, Val 0.0001, Test 0.0001
          RMSE             : Train 41963.7596, Val 42441.9913, Test 42709.7681
          MAE              : Train 24561.3852, Val 19869.6127, Test 20473.1715
          R2_Score         : Train 0.9657, Val 0.9636, Test 0.9644
Best:
          RMSE             : Train 41998.5949, Val 37260.8259, Test 40430.7264
          MAE              : Train 24316.3043, Val 16313.7048, Test 17260.7108
          R2_Score         : Train 0.9657, Val 0.9720, Test 0.9681
Epoch 42: Loss:            : Train 0.0001, Val 0.0001, Test 0.0001
          RMSE             : Train 41804.7996, Val 39029.2752, Test 41397.0254
          MAE              : Train 24480.4768, Val 16519.6783, Test 17384.3750
          R2_Score         : Train 0.9660, Val 0.9692, Test 0.9666
Best:
          RMSE             : Train 41998.5949, Val 37260.8259, Test 40430.7264
          MAE              : Train 24316.3043, Val 16313.7048, Test 17260.7108
          R2_Score         : Train 0.9657, Val 0.9720, Test 0.9681
Epoch 43: Loss:            : Train 0.0001, Val 0.0001, Test 0.0001
          RMSE             : Train 41393.6292, Val 39820.4814, Test 41041.5414
          MAE              : Train 24421.8137, Val 15484.6332, Test 16048.7503
          R2_Score         : Train 0.9667, Val 0.9680, Test 0.9671
Best:
          RMSE             : Train 41998.5949, Val 37260.8259, Test 40430.7264
          MAE              : Train 24316.3043, Val 16313.7048, Test 17260.7108
          R2_Score         : Train 0.9657, Val 0.9720, Test 0.9681
Epoch 44: Loss:            : Train 0.0001, Val 0.0001, Test 0.0001
          RMSE             : Train 41456.5775, Val 37376.7009, Test 41615.3368
          MAE              : Train 24450.8756, Val 17180.8066, Test 18121.5576
          R2_Score         : Train 0.9666, Val 0.9718, Test 0.9662
Best:
          RMSE             : Train 41998.5949, Val 37260.8259, Test 40430.7264
          MAE              : Train 24316.3043, Val 16313.7048, Test 17260.7108
          R2_Score         : Train 0.9657, Val 0.9720, Test 0.9681
Epoch 45: Loss:            : Train 0.0001, Val 0.0001, Test 0.0002
          RMSE             : Train 41268.4677, Val 42151.3827, Test 45835.7106
          MAE              : Train 24273.7514, Val 18118.4285, Test 18915.2482
          R2_Score         : Train 0.9669, Val 0.9641, Test 0.9590
Best:
          RMSE             : Train 41998.5949, Val 37260.8259, Test 40430.7264
          MAE              : Train 24316.3043, Val 16313.7048, Test 17260.7108
          R2_Score         : Train 0.9657, Val 0.9720, Test 0.9681
Epoch 46: Loss:            : Train 0.0001, Val 0.0001, Test 0.0001
          RMSE             : Train 41458.3064, Val 37400.4367, Test 39996.1901
          MAE              : Train 24407.1421, Val 16891.2084, Test 17464.7918
          R2_Score         : Train 0.9666, Val 0.9718, Test 0.9688
Best:
          RMSE             : Train 41998.5949, Val 37260.8259, Test 40430.7264
          MAE              : Train 24316.3043, Val 16313.7048, Test 17260.7108
          R2_Score         : Train 0.9657, Val 0.9720, Test 0.9681
Epoch 47: Loss:            : Train 0.0001, Val 0.0001, Test 0.0001
          RMSE             : Train 41363.3679, Val 38498.8044, Test 43555.3141
          MAE              : Train 24323.3626, Val 16690.6952, Test 17800.8697
          R2_Score         : Train 0.9667, Val 0.9701, Test 0.9630
Best:
          RMSE             : Train 41998.5949, Val 37260.8259, Test 40430.7264
          MAE              : Train 24316.3043, Val 16313.7048, Test 17260.7108
          R2_Score         : Train 0.9657, Val 0.9720, Test 0.9681
Epoch 48: Loss:            : Train 0.0001, Val 0.0001, Test 0.0001
          RMSE             : Train 40906.7933, Val 38686.8103, Test 41859.3116
          MAE              : Train 24236.6852, Val 17011.3653, Test 17759.5651
          R2_Score         : Train 0.9674, Val 0.9698, Test 0.9658
Best:
          RMSE             : Train 41998.5949, Val 37260.8259, Test 40430.7264
          MAE              : Train 24316.3043, Val 16313.7048, Test 17260.7108
          R2_Score         : Train 0.9657, Val 0.9720, Test 0.9681
Epoch 49: Loss:            : Train 0.0001, Val 0.0001, Test 0.0001
          RMSE             : Train 41517.7666, Val 37147.9003, Test 40241.5757
          MAE              : Train 24439.6123, Val 17854.2835, Test 18501.4293
          R2_Score         : Train 0.9665, Val 0.9721, Test 0.9684
Best:
          RMSE             : Train 41517.7666, Val 37147.9003, Test 40241.5757
          MAE              : Train 24439.6123, Val 17854.2835, Test 18501.4293
          R2_Score         : Train 0.9665, Val 0.9721, Test 0.9684
Epoch 50: Loss:            : Train 0.0001, Val 0.0001, Test 0.0001
          RMSE             : Train 40832.0489, Val 37167.3671, Test 40774.2546
          MAE              : Train 24232.0412, Val 15559.5362, Test 16442.4841
          R2_Score         : Train 0.9676, Val 0.9721, Test 0.9676
Best:
          RMSE             : Train 41517.7666, Val 37147.9003, Test 40241.5757
          MAE              : Train 24439.6123, Val 17854.2835, Test 18501.4293
          R2_Score         : Train 0.9665, Val 0.9721, Test 0.9684
Epoch 51: Loss:            : Train 0.0001, Val 0.0001, Test 0.0001
          RMSE             : Train 41028.1993, Val 36410.8821, Test 40628.3353
          MAE              : Train 24135.1426, Val 15304.2346, Test 16188.7232
          R2_Score         : Train 0.9672, Val 0.9732, Test 0.9678
Best:
          RMSE             : Train 41028.1993, Val 36410.8821, Test 40628.3353
          MAE              : Train 24135.1426, Val 15304.2346, Test 16188.7232
          R2_Score         : Train 0.9672, Val 0.9732, Test 0.9678
Epoch 52: Loss:            : Train 0.0001, Val 0.0001, Test 0.0001
          RMSE             : Train 40803.9206, Val 37874.4844, Test 41983.1765
          MAE              : Train 24143.4016, Val 18588.8601, Test 19252.9916
          R2_Score         : Train 0.9676, Val 0.9710, Test 0.9656
Best:
          RMSE             : Train 41028.1993, Val 36410.8821, Test 40628.3353
          MAE              : Train 24135.1426, Val 15304.2346, Test 16188.7232
          R2_Score         : Train 0.9672, Val 0.9732, Test 0.9678
Epoch 53: Loss:            : Train 0.0001, Val 0.0001, Test 0.0001
          RMSE             : Train 40716.9919, Val 39060.4584, Test 43159.1508
          MAE              : Train 24087.6889, Val 20258.2639, Test 21142.3441
          R2_Score         : Train 0.9677, Val 0.9692, Test 0.9636
Best:
          RMSE             : Train 41028.1993, Val 36410.8821, Test 40628.3353
          MAE              : Train 24135.1426, Val 15304.2346, Test 16188.7232
          R2_Score         : Train 0.9672, Val 0.9732, Test 0.9678
Epoch 54: Loss:            : Train 0.0001, Val 0.0001, Test 0.0001
          RMSE             : Train 40738.8417, Val 37302.9982, Test 40706.5983
          MAE              : Train 24019.6242, Val 15510.3937, Test 16229.1771
          R2_Score         : Train 0.9677, Val 0.9719, Test 0.9677
Best:
          RMSE             : Train 41028.1993, Val 36410.8821, Test 40628.3353
          MAE              : Train 24135.1426, Val 15304.2346, Test 16188.7232
          R2_Score         : Train 0.9672, Val 0.9732, Test 0.9678
Epoch 55: Loss:            : Train 0.0001, Val 0.0001, Test 0.0002
          RMSE             : Train 40431.1651, Val 42828.8886, Test 44199.3413
          MAE              : Train 23945.3044, Val 19961.0857, Test 20450.6551
          R2_Score         : Train 0.9682, Val 0.9630, Test 0.9619
Best:
          RMSE             : Train 41028.1993, Val 36410.8821, Test 40628.3353
          MAE              : Train 24135.1426, Val 15304.2346, Test 16188.7232
          R2_Score         : Train 0.9672, Val 0.9732, Test 0.9678
Epoch 56: Loss:            : Train 0.0001, Val 0.0002, Test 0.0002
          RMSE             : Train 40510.5029, Val 45002.5876, Test 47475.6960
          MAE              : Train 24032.7351, Val 24814.6459, Test 25667.1930
          R2_Score         : Train 0.9681, Val 0.9591, Test 0.9560
Best:
          RMSE             : Train 41028.1993, Val 36410.8821, Test 40628.3353
          MAE              : Train 24135.1426, Val 15304.2346, Test 16188.7232
          R2_Score         : Train 0.9672, Val 0.9732, Test 0.9678
Epoch 57: Loss:            : Train 0.0001, Val 0.0001, Test 0.0002
          RMSE             : Train 40137.0983, Val 41953.6873, Test 46087.3718
          MAE              : Train 23936.4998, Val 24640.3774, Test 25596.1246
          R2_Score         : Train 0.9687, Val 0.9645, Test 0.9585
Best:
          RMSE             : Train 41028.1993, Val 36410.8821, Test 40628.3353
          MAE              : Train 24135.1426, Val 15304.2346, Test 16188.7232
          R2_Score         : Train 0.9672, Val 0.9732, Test 0.9678
Epoch 58: Loss:            : Train 0.0001, Val 0.0001, Test 0.0001
          RMSE             : Train 40343.4382, Val 37595.0232, Test 42245.7593
          MAE              : Train 24094.7577, Val 16357.0225, Test 17069.3015
          R2_Score         : Train 0.9683, Val 0.9715, Test 0.9652
Best:
          RMSE             : Train 41028.1993, Val 36410.8821, Test 40628.3353
          MAE              : Train 24135.1426, Val 15304.2346, Test 16188.7232
          R2_Score         : Train 0.9672, Val 0.9732, Test 0.9678
Epoch 59: Loss:            : Train 0.0001, Val 0.0001, Test 0.0001
          RMSE             : Train 40120.2368, Val 36013.2154, Test 43175.2916
          MAE              : Train 23873.7535, Val 15316.1521, Test 16371.1983
          R2_Score         : Train 0.9687, Val 0.9738, Test 0.9636
Best:
          RMSE             : Train 40120.2368, Val 36013.2154, Test 43175.2916
          MAE              : Train 23873.7535, Val 15316.1521, Test 16371.1983
          R2_Score         : Train 0.9687, Val 0.9738, Test 0.9636
Epoch 60: Loss:            : Train 0.0001, Val 0.0001, Test 0.0001
          RMSE             : Train 39722.9324, Val 36416.2368, Test 42304.2802
          MAE              : Train 23616.8470, Val 16199.4839, Test 17223.9628
          R2_Score         : Train 0.9693, Val 0.9732, Test 0.9651
Best:
          RMSE             : Train 40120.2368, Val 36013.2154, Test 43175.2916
          MAE              : Train 23873.7535, Val 15316.1521, Test 16371.1983
          R2_Score         : Train 0.9687, Val 0.9738, Test 0.9636
Epoch 61: Loss:            : Train 0.0001, Val 0.0001, Test 0.0001
          RMSE             : Train 40071.4363, Val 40813.0026, Test 41983.7535
          MAE              : Train 23915.1937, Val 17774.4674, Test 18573.8960
          R2_Score         : Train 0.9688, Val 0.9664, Test 0.9656
Best:
          RMSE             : Train 40120.2368, Val 36013.2154, Test 43175.2916
          MAE              : Train 23873.7535, Val 15316.1521, Test 16371.1983
          R2_Score         : Train 0.9687, Val 0.9738, Test 0.9636
Epoch 62: Loss:            : Train 0.0001, Val 0.0001, Test 0.0002
          RMSE             : Train 40069.2725, Val 41997.9883, Test 47200.2346
          MAE              : Train 23842.7860, Val 20703.8878, Test 21608.8915
          R2_Score         : Train 0.9688, Val 0.9644, Test 0.9565
Best:
          RMSE             : Train 40120.2368, Val 36013.2154, Test 43175.2916
          MAE              : Train 23873.7535, Val 15316.1521, Test 16371.1983
          R2_Score         : Train 0.9687, Val 0.9738, Test 0.9636
Epoch 63: Loss:            : Train 0.0001, Val 0.0001, Test 0.0001
          RMSE             : Train 39903.7579, Val 39301.2018, Test 42498.1513
          MAE              : Train 23814.7121, Val 18593.9877, Test 19523.8347
          R2_Score         : Train 0.9690, Val 0.9688, Test 0.9647
Best:
          RMSE             : Train 40120.2368, Val 36013.2154, Test 43175.2916
          MAE              : Train 23873.7535, Val 15316.1521, Test 16371.1983
          R2_Score         : Train 0.9687, Val 0.9738, Test 0.9636
Epoch 64: Loss:            : Train 0.0001, Val 0.0001, Test 0.0001
          RMSE             : Train 39918.2714, Val 35638.2707, Test 40053.2949
          MAE              : Train 23793.2561, Val 16268.5474, Test 17162.3209
          R2_Score         : Train 0.9690, Val 0.9744, Test 0.9687
Best:
          RMSE             : Train 39918.2714, Val 35638.2707, Test 40053.2949
          MAE              : Train 23793.2561, Val 16268.5474, Test 17162.3209
          R2_Score         : Train 0.9690, Val 0.9744, Test 0.9687
Epoch 65: Loss:            : Train 0.0001, Val 0.0001, Test 0.0001
          RMSE             : Train 39368.9201, Val 39043.0951, Test 43070.0030
          MAE              : Train 23535.0920, Val 20602.4139, Test 21443.2340
          R2_Score         : Train 0.9698, Val 0.9692, Test 0.9638
Best:
          RMSE             : Train 39918.2714, Val 35638.2707, Test 40053.2949
          MAE              : Train 23793.2561, Val 16268.5474, Test 17162.3209
          R2_Score         : Train 0.9690, Val 0.9744, Test 0.9687
Epoch 66: Loss:            : Train 0.0001, Val 0.0001, Test 0.0001
          RMSE             : Train 39252.0674, Val 37708.3077, Test 41598.0304
          MAE              : Train 23625.5080, Val 15271.7418, Test 15949.2528
          R2_Score         : Train 0.9700, Val 0.9713, Test 0.9662
Best:
          RMSE             : Train 39918.2714, Val 35638.2707, Test 40053.2949
          MAE              : Train 23793.2561, Val 16268.5474, Test 17162.3209
          R2_Score         : Train 0.9690, Val 0.9744, Test 0.9687
Epoch 67: Loss:            : Train 0.0001, Val 0.0001, Test 0.0001
          RMSE             : Train 39630.9260, Val 39427.8895, Test 42812.1199
          MAE              : Train 23622.9941, Val 20772.3315, Test 21504.9829
          R2_Score         : Train 0.9694, Val 0.9686, Test 0.9642
Best:
          RMSE             : Train 39918.2714, Val 35638.2707, Test 40053.2949
          MAE              : Train 23793.2561, Val 16268.5474, Test 17162.3209
          R2_Score         : Train 0.9690, Val 0.9744, Test 0.9687
Epoch 68: Loss:            : Train 0.0001, Val 0.0001, Test 0.0001
          RMSE             : Train 39852.8701, Val 37962.2257, Test 41241.3077
          MAE              : Train 23827.4937, Val 16534.9441, Test 17475.8435
          R2_Score         : Train 0.9691, Val 0.9709, Test 0.9668
Best:
          RMSE             : Train 39918.2714, Val 35638.2707, Test 40053.2949
          MAE              : Train 23793.2561, Val 16268.5474, Test 17162.3209
          R2_Score         : Train 0.9690, Val 0.9744, Test 0.9687
Epoch 69: Loss:            : Train 0.0001, Val 0.0001, Test 0.0001
          RMSE             : Train 39451.8796, Val 36880.6403, Test 41874.7016
          MAE              : Train 23663.4000, Val 19129.2879, Test 20106.8268
          R2_Score         : Train 0.9697, Val 0.9725, Test 0.9658
Best:
          RMSE             : Train 39918.2714, Val 35638.2707, Test 40053.2949
          MAE              : Train 23793.2561, Val 16268.5474, Test 17162.3209
          R2_Score         : Train 0.9690, Val 0.9744, Test 0.9687
Epoch 70: Loss:            : Train 0.0001, Val 0.0001, Test 0.0001
          RMSE             : Train 39420.2018, Val 40563.8463, Test 42174.4631
          MAE              : Train 23714.3507, Val 18892.2371, Test 19777.4559
          R2_Score         : Train 0.9698, Val 0.9668, Test 0.9653
Best:
          RMSE             : Train 39918.2714, Val 35638.2707, Test 40053.2949
          MAE              : Train 23793.2561, Val 16268.5474, Test 17162.3209
          R2_Score         : Train 0.9690, Val 0.9744, Test 0.9687
Epoch 71: Loss:            : Train 0.0001, Val 0.0001, Test 0.0001
          RMSE             : Train 39836.1558, Val 38546.5137, Test 43229.1908
          MAE              : Train 23561.0889, Val 18147.7413, Test 19458.8955
          R2_Score         : Train 0.9691, Val 0.9700, Test 0.9635
Best:
          RMSE             : Train 39918.2714, Val 35638.2707, Test 40053.2949
          MAE              : Train 23793.2561, Val 16268.5474, Test 17162.3209
          R2_Score         : Train 0.9690, Val 0.9744, Test 0.9687
Epoch 72: Loss:            : Train 0.0001, Val 0.0001, Test 0.0001
          RMSE             : Train 39582.4153, Val 41444.6116, Test 43958.7590
          MAE              : Train 23699.3821, Val 18536.5830, Test 19191.5610
          R2_Score         : Train 0.9695, Val 0.9653, Test 0.9623
Best:
          RMSE             : Train 39918.2714, Val 35638.2707, Test 40053.2949
          MAE              : Train 23793.2561, Val 16268.5474, Test 17162.3209
          R2_Score         : Train 0.9690, Val 0.9744, Test 0.9687
Epoch 73: Loss:            : Train 0.0001, Val 0.0001, Test 0.0001
          RMSE             : Train 39418.6516, Val 36436.3627, Test 41467.1118
          MAE              : Train 23465.4435, Val 15341.9367, Test 16582.2211
          R2_Score         : Train 0.9698, Val 0.9732, Test 0.9664
Best:
          RMSE             : Train 39918.2714, Val 35638.2707, Test 40053.2949
          MAE              : Train 23793.2561, Val 16268.5474, Test 17162.3209
          R2_Score         : Train 0.9690, Val 0.9744, Test 0.9687
Epoch 74: Loss:            : Train 0.0001, Val 0.0001, Test 0.0001
          RMSE             : Train 38931.0100, Val 40607.9311, Test 43381.1601
          MAE              : Train 23422.7238, Val 20440.1727, Test 21170.4216
          R2_Score         : Train 0.9705, Val 0.9667, Test 0.9633
Best:
          RMSE             : Train 39918.2714, Val 35638.2707, Test 40053.2949
          MAE              : Train 23793.2561, Val 16268.5474, Test 17162.3209
          R2_Score         : Train 0.9690, Val 0.9744, Test 0.9687
Epoch 75: Loss:            : Train 0.0001, Val 0.0001, Test 0.0001
          RMSE             : Train 39428.6294, Val 36215.7224, Test 40568.6650
          MAE              : Train 23742.0163, Val 18260.1347, Test 19306.4385
          R2_Score         : Train 0.9698, Val 0.9735, Test 0.9679
Best:
          RMSE             : Train 39918.2714, Val 35638.2707, Test 40053.2949
          MAE              : Train 23793.2561, Val 16268.5474, Test 17162.3209
          R2_Score         : Train 0.9690, Val 0.9744, Test 0.9687
Epoch 76: Loss:            : Train 0.0001, Val 0.0001, Test 0.0001
          RMSE             : Train 39636.2205, Val 35253.6973, Test 40179.3823
          MAE              : Train 23649.9748, Val 14426.8565, Test 15614.2387
          R2_Score         : Train 0.9694, Val 0.9749, Test 0.9685
Best:
          RMSE             : Train 39636.2205, Val 35253.6973, Test 40179.3823
          MAE              : Train 23649.9748, Val 14426.8565, Test 15614.2387
          R2_Score         : Train 0.9694, Val 0.9749, Test 0.9685
Epoch 77: Loss:            : Train 0.0001, Val 0.0001, Test 0.0001
          RMSE             : Train 39346.2844, Val 36648.5999, Test 39575.4049
          MAE              : Train 23747.1257, Val 14948.0120, Test 15766.5493
          R2_Score         : Train 0.9699, Val 0.9729, Test 0.9694
Best:
          RMSE             : Train 39636.2205, Val 35253.6973, Test 40179.3823
          MAE              : Train 23649.9748, Val 14426.8565, Test 15614.2387
          R2_Score         : Train 0.9694, Val 0.9749, Test 0.9685
Epoch 78: Loss:            : Train 0.0001, Val 0.0001, Test 0.0002
          RMSE             : Train 38825.7064, Val 38727.6192, Test 44890.5389
          MAE              : Train 23311.0815, Val 15778.6461, Test 16631.4056
          R2_Score         : Train 0.9707, Val 0.9697, Test 0.9607
Best:
          RMSE             : Train 39636.2205, Val 35253.6973, Test 40179.3823
          MAE              : Train 23649.9748, Val 14426.8565, Test 15614.2387
          R2_Score         : Train 0.9694, Val 0.9749, Test 0.9685
Epoch 79: Loss:            : Train 0.0001, Val 0.0001, Test 0.0001
          RMSE             : Train 39273.5429, Val 36239.0426, Test 41025.7292
          MAE              : Train 23583.5387, Val 16363.7905, Test 17465.0595
          R2_Score         : Train 0.9700, Val 0.9735, Test 0.9672
Best:
          RMSE             : Train 39636.2205, Val 35253.6973, Test 40179.3823
          MAE              : Train 23649.9748, Val 14426.8565, Test 15614.2387
          R2_Score         : Train 0.9694, Val 0.9749, Test 0.9685
Epoch 80: Loss:            : Train 0.0001, Val 0.0001, Test 0.0001
          RMSE             : Train 38946.3287, Val 37475.3346, Test 40716.9052
          MAE              : Train 23288.3932, Val 15938.1708, Test 16869.8081
          R2_Score         : Train 0.9705, Val 0.9716, Test 0.9676
Best:
          RMSE             : Train 39636.2205, Val 35253.6973, Test 40179.3823
          MAE              : Train 23649.9748, Val 14426.8565, Test 15614.2387
          R2_Score         : Train 0.9694, Val 0.9749, Test 0.9685
Epoch 81: Loss:            : Train 0.0001, Val 0.0001, Test 0.0001
          RMSE             : Train 38287.5921, Val 37673.5465, Test 42540.1707
          MAE              : Train 23086.1351, Val 15482.0677, Test 16284.4088
          R2_Score         : Train 0.9715, Val 0.9713, Test 0.9647
Best:
          RMSE             : Train 39636.2205, Val 35253.6973, Test 40179.3823
          MAE              : Train 23649.9748, Val 14426.8565, Test 15614.2387
          R2_Score         : Train 0.9694, Val 0.9749, Test 0.9685
Epoch 82: Loss:            : Train 0.0001, Val 0.0001, Test 0.0001
          RMSE             : Train 38819.8480, Val 37483.8746, Test 41639.9548
          MAE              : Train 23222.7356, Val 16357.7455, Test 17346.5112
          R2_Score         : Train 0.9707, Val 0.9716, Test 0.9662
Best:
          RMSE             : Train 39636.2205, Val 35253.6973, Test 40179.3823
          MAE              : Train 23649.9748, Val 14426.8565, Test 15614.2387
          R2_Score         : Train 0.9694, Val 0.9749, Test 0.9685
Epoch 83: Loss:            : Train 0.0001, Val 0.0001, Test 0.0001
          RMSE             : Train 37722.5934, Val 39027.9772, Test 40215.8727
          MAE              : Train 22872.0507, Val 14651.8069, Test 15214.3481
          R2_Score         : Train 0.9723, Val 0.9692, Test 0.9684
Best:
          RMSE             : Train 39636.2205, Val 35253.6973, Test 40179.3823
          MAE              : Train 23649.9748, Val 14426.8565, Test 15614.2387
          R2_Score         : Train 0.9694, Val 0.9749, Test 0.9685
Epoch 84: Loss:            : Train 0.0001, Val 0.0001, Test 0.0001
          RMSE             : Train 37454.3495, Val 39676.6425, Test 43252.4044
          MAE              : Train 22510.1521, Val 21194.5418, Test 22102.4063
          R2_Score         : Train 0.9727, Val 0.9682, Test 0.9635
Best:
          RMSE             : Train 39636.2205, Val 35253.6973, Test 40179.3823
          MAE              : Train 23649.9748, Val 14426.8565, Test 15614.2387
          R2_Score         : Train 0.9694, Val 0.9749, Test 0.9685
Epoch 85: Loss:            : Train 0.0001, Val 0.0001, Test 0.0001
          RMSE             : Train 36865.6423, Val 38251.5824, Test 40386.3952
          MAE              : Train 22118.0574, Val 16529.2228, Test 17143.9700
          R2_Score         : Train 0.9736, Val 0.9705, Test 0.9682
Best:
          RMSE             : Train 39636.2205, Val 35253.6973, Test 40179.3823
          MAE              : Train 23649.9748, Val 14426.8565, Test 15614.2387
          R2_Score         : Train 0.9694, Val 0.9749, Test 0.9685
Epoch 86: Loss:            : Train 0.0001, Val 0.0001, Test 0.0001
          RMSE             : Train 35399.4742, Val 38117.5187, Test 40294.7988
          MAE              : Train 21192.1008, Val 15526.2834, Test 16239.3735
          R2_Score         : Train 0.9756, Val 0.9707, Test 0.9683
Best:
          RMSE             : Train 39636.2205, Val 35253.6973, Test 40179.3823
          MAE              : Train 23649.9748, Val 14426.8565, Test 15614.2387
          R2_Score         : Train 0.9694, Val 0.9749, Test 0.9685
Epoch 87: Loss:            : Train 0.0001, Val 0.0001, Test 0.0001
          RMSE             : Train 34692.0951, Val 35094.5416, Test 39509.0875
          MAE              : Train 20552.3566, Val 14379.9739, Test 15289.6146
          R2_Score         : Train 0.9766, Val 0.9751, Test 0.9695
Best:
          RMSE             : Train 34692.0951, Val 35094.5416, Test 39509.0875
          MAE              : Train 20552.3566, Val 14379.9739, Test 15289.6146
          R2_Score         : Train 0.9766, Val 0.9751, Test 0.9695
Epoch 88: Loss:            : Train 0.0001, Val 0.0001, Test 0.0001
          RMSE             : Train 33272.3693, Val 37422.8834, Test 41809.4671
          MAE              : Train 19625.9068, Val 15133.2014, Test 15835.5738
          R2_Score         : Train 0.9785, Val 0.9717, Test 0.9659
Best:
          RMSE             : Train 34692.0951, Val 35094.5416, Test 39509.0875
          MAE              : Train 20552.3566, Val 14379.9739, Test 15289.6146
          R2_Score         : Train 0.9766, Val 0.9751, Test 0.9695
Epoch 89: Loss:            : Train 0.0001, Val 0.0001, Test 0.0001
          RMSE             : Train 32886.4314, Val 38616.6030, Test 42167.2869
          MAE              : Train 19052.0989, Val 17819.0325, Test 18626.0297
          R2_Score         : Train 0.9790, Val 0.9699, Test 0.9653
Best:
          RMSE             : Train 34692.0951, Val 35094.5416, Test 39509.0875
          MAE              : Train 20552.3566, Val 14379.9739, Test 15289.6146
          R2_Score         : Train 0.9766, Val 0.9751, Test 0.9695
Epoch 90: Loss:            : Train 0.0001, Val 0.0001, Test 0.0001
          RMSE             : Train 32420.5663, Val 37390.1267, Test 40642.2330
          MAE              : Train 19021.5473, Val 16251.9664, Test 17137.4032
          R2_Score         : Train 0.9795, Val 0.9718, Test 0.9678
Best:
          RMSE             : Train 34692.0951, Val 35094.5416, Test 39509.0875
          MAE              : Train 20552.3566, Val 14379.9739, Test 15289.6146
          R2_Score         : Train 0.9766, Val 0.9751, Test 0.9695
Epoch 91: Loss:            : Train 0.0001, Val 0.0001, Test 0.0001
          RMSE             : Train 31948.5904, Val 36025.1192, Test 42281.9676
          MAE              : Train 18280.1806, Val 13847.6854, Test 15087.2564
          R2_Score         : Train 0.9801, Val 0.9738, Test 0.9651
Best:
          RMSE             : Train 34692.0951, Val 35094.5416, Test 39509.0875
          MAE              : Train 20552.3566, Val 14379.9739, Test 15289.6146
          R2_Score         : Train 0.9766, Val 0.9751, Test 0.9695
Epoch 92: Loss:            : Train 0.0001, Val 0.0001, Test 0.0001
          RMSE             : Train 31032.9876, Val 36978.7460, Test 39122.8945
          MAE              : Train 18033.5072, Val 14150.1375, Test 14926.8703
          R2_Score         : Train 0.9813, Val 0.9724, Test 0.9701
Best:
          RMSE             : Train 34692.0951, Val 35094.5416, Test 39509.0875
          MAE              : Train 20552.3566, Val 14379.9739, Test 15289.6146
          R2_Score         : Train 0.9766, Val 0.9751, Test 0.9695
Epoch 93: Loss:            : Train 0.0001, Val 0.0001, Test 0.0001
          RMSE             : Train 31312.9461, Val 36327.0756, Test 39939.1937
          MAE              : Train 17937.8801, Val 14582.9525, Test 15314.0287
          R2_Score         : Train 0.9809, Val 0.9734, Test 0.9689
Best:
          RMSE             : Train 34692.0951, Val 35094.5416, Test 39509.0875
          MAE              : Train 20552.3566, Val 14379.9739, Test 15289.6146
          R2_Score         : Train 0.9766, Val 0.9751, Test 0.9695
Epoch 94: Loss:            : Train 0.0001, Val 0.0001, Test 0.0001
          RMSE             : Train 32583.3655, Val 35755.4236, Test 40491.5333
          MAE              : Train 17959.8905, Val 15455.7810, Test 16528.8620
          R2_Score         : Train 0.9793, Val 0.9742, Test 0.9680
Best:
          RMSE             : Train 34692.0951, Val 35094.5416, Test 39509.0875
          MAE              : Train 20552.3566, Val 14379.9739, Test 15289.6146
          R2_Score         : Train 0.9766, Val 0.9751, Test 0.9695
Epoch 95: Loss:            : Train 0.0001, Val 0.0001, Test 0.0001
          RMSE             : Train 31210.7101, Val 34803.0717, Test 40165.7055
          MAE              : Train 17703.4258, Val 14412.9543, Test 15489.3043
          R2_Score         : Train 0.9810, Val 0.9755, Test 0.9685
Best:
          RMSE             : Train 31210.7101, Val 34803.0717, Test 40165.7055
          MAE              : Train 17703.4258, Val 14412.9543, Test 15489.3043
          R2_Score         : Train 0.9810, Val 0.9755, Test 0.9685
Epoch 96: Loss:            : Train 0.0001, Val 0.0001, Test 0.0001
          RMSE             : Train 30929.8779, Val 40478.1363, Test 42798.4893
          MAE              : Train 17717.9397, Val 15001.8136, Test 15696.3931
          R2_Score         : Train 0.9814, Val 0.9669, Test 0.9642
Best:
          RMSE             : Train 31210.7101, Val 34803.0717, Test 40165.7055
          MAE              : Train 17703.4258, Val 14412.9543, Test 15489.3043
          R2_Score         : Train 0.9810, Val 0.9755, Test 0.9685
Epoch 97: Loss:            : Train 0.0001, Val 0.0001, Test 0.0001
          RMSE             : Train 30892.0638, Val 39548.5742, Test 43738.4949
          MAE              : Train 17483.6044, Val 16561.4913, Test 17558.1434
          R2_Score         : Train 0.9814, Val 0.9684, Test 0.9627
Best:
          RMSE             : Train 31210.7101, Val 34803.0717, Test 40165.7055
          MAE              : Train 17703.4258, Val 14412.9543, Test 15489.3043
          R2_Score         : Train 0.9810, Val 0.9755, Test 0.9685
Epoch 98: Loss:            : Train 0.0001, Val 0.0001, Test 0.0002
          RMSE             : Train 31023.0017, Val 42308.0131, Test 45247.8310
          MAE              : Train 17512.5565, Val 21681.4740, Test 22532.1837
          R2_Score         : Train 0.9813, Val 0.9639, Test 0.9600
Best:
          RMSE             : Train 31210.7101, Val 34803.0717, Test 40165.7055
          MAE              : Train 17703.4258, Val 14412.9543, Test 15489.3043
          R2_Score         : Train 0.9810, Val 0.9755, Test 0.9685
Epoch 99: Loss:            : Train 0.0001, Val 0.0001, Test 0.0001
          RMSE             : Train 30413.2455, Val 37950.6560, Test 41248.6960
          MAE              : Train 17279.8319, Val 16100.3397, Test 16841.2869
          R2_Score         : Train 0.9820, Val 0.9709, Test 0.9668
Best:
          RMSE             : Train 31210.7101, Val 34803.0717, Test 40165.7055
          MAE              : Train 17703.4258, Val 14412.9543, Test 15489.3043
          R2_Score         : Train 0.9810, Val 0.9755, Test 0.9685
Epoch 100: Loss:            : Train 0.0001, Val 0.0001, Test 0.0001
          RMSE             : Train 30912.8003, Val 36492.1122, Test 43225.5478
          MAE              : Train 17209.0484, Val 16878.1609, Test 18134.9426
          R2_Score         : Train 0.9814, Val 0.9731, Test 0.9635
Best:
          RMSE             : Train 31210.7101, Val 34803.0717, Test 40165.7055
          MAE              : Train 17703.4258, Val 14412.9543, Test 15489.3043
          R2_Score         : Train 0.9810, Val 0.9755, Test 0.9685
Training time (sec): 7416
