Loading loan from data/company/loan_subset_clean.csv
Loading company from data/company/company_subset_clean.csv
Current loan columns Index(['Term', 'NoEmp', 'NewExist', 'CreateJob', 'RetainedJob', 'UrbanRural',
       'DisbursementGross', 'BalanceGross', 'ChgOffPrinGr', 'GrAppv',
       'BankState_al', 'BankState_an', 'BankState_ar', 'BankState_az',
       'BankState_ca', 'BankState_co', 'BankState_ct', 'BankState_dc',
       'BankState_de', 'BankState_en', 'BankState_fl', 'BankState_ga',
       'BankState_gu', 'BankState_hi', 'BankState_ia', 'BankState_id',
       'BankState_il', 'BankState_in', 'BankState_ks', 'BankState_ky',
       'BankState_la', 'BankState_ma', 'BankState_md', 'BankState_me',
       'BankState_mi', 'BankState_mn', 'BankState_mo', 'BankState_ms',
       'BankState_mt', 'BankState_nc', 'BankState_nd', 'BankState_ne',
       'BankState_nh', 'BankState_nj', 'BankState_nm', 'BankState_nv',
       'BankState_ny', 'BankState_oh', 'BankState_ok', 'BankState_or',
       'BankState_pa', 'BankState_pr', 'BankState_ri', 'BankState_sc',
       'BankState_sd', 'BankState_tn', 'BankState_tx', 'BankState_ut',
       'BankState_va', 'BankState_vi', 'BankState_vt', 'BankState_wa',
       'BankState_wi', 'BankState_wv', 'BankState_wy', 'RevLineCr_-',
       'RevLineCr_.', 'RevLineCr_0', 'RevLineCr_1', 'RevLineCr_2',
       'RevLineCr_3', 'RevLineCr_4', 'RevLineCr_5', 'RevLineCr_7',
       'RevLineCr_`', 'RevLineCr_a', 'RevLineCr_c', 'RevLineCr_n',
       'RevLineCr_q', 'RevLineCr_r', 'RevLineCr_t', 'RevLineCr_y', 'LowDoc_1',
       'LowDoc_a', 'LowDoc_c', 'LowDoc_n', 'LowDoc_r', 'LowDoc_s', 'LowDoc_y',
       'MIS_Status_p i f', 'Name'],
      dtype='object')
Current company columns Index(['name', 'current employee estimate', 'total employee estimate',
       'ind_airlines/aviation', 'ind_alternative dispute resolution',
       'ind_alternative medicine', 'ind_animation', 'ind_apparel & fashion',
       'ind_architecture & planning', 'ind_arts and crafts',
       ...
       'ind_wine and spirits', 'ind_wireless', 'ind_writing and editing',
       'sr_10001+', 'sr_1001 - 5000', 'sr_11 - 50', 'sr_201 - 500',
       'sr_5001 - 10000', 'sr_501 - 1000', 'sr_51 - 200'],
      dtype='object', length=157)
Loading data from cache
Done
Calculating noise scale
Standard variance of sim_score: 257.74, Mean: -751.42
Adding noise of scale 0.15666739703226235 to sim_scores
Adding noise of scale 0.15666739703226235 to sim_scores
Adding noise of scale 0.15666739703226235 to sim_scores
Preparing time (sec): 10
Initializing dataloader
Done
Prepare for training
Start training
================================================================================
                                    Kernel Shape Output Shape  Params  \
Layer                                                                   
0_local_models.0.fc_layers.Linear_0    [91, 100]   [128, 100]    9200   
1_local_models.0.fc_layers.Linear_1    [100, 50]    [128, 50]    5050   
2_local_models.1.fc_layers.Linear_0   [156, 100]   [128, 100]   15700   
3_local_models.1.fc_layers.Linear_1    [100, 50]    [128, 50]    5050   
4_agg_model.fc_layers.Linear_0        [100, 100]   [128, 100]   10100   
5_agg_model.fc_layers.Linear_1          [100, 1]     [128, 1]     101   

                                     Mult-Adds  
Layer                                           
0_local_models.0.fc_layers.Linear_0       9100  
1_local_models.0.fc_layers.Linear_1       5000  
2_local_models.1.fc_layers.Linear_0      15600  
3_local_models.1.fc_layers.Linear_1       5000  
4_agg_model.fc_layers.Linear_0           10000  
5_agg_model.fc_layers.Linear_1             100  
--------------------------------------------------------------------------------
                      Totals
Total params           45201
Trainable params       45201
Non-trainable params       0
Mult-Adds              44800
================================================================================
n_classes=2
task=regression
model_name=company_featuresim_2022-08-16-23-39-38
sche_threshold=0.0001
sche_patience=10
sche_factor=0.1
use_scheduler=False
num_workers=4
device=cuda:2
test_batch_size=4096
train_batch_size=128
learning_rate=0.001
weight_decay=1e-05
num_epochs=100
model_save_path=ckp/company_featuresim_2022-08-16-23-39-38.pth
test_rate=0.2
val_rate=0.1
multiprocess_context=fork
metrics=['rmse', 'r2_score', 'mae']
metrics_f=[<metric.rmse.RMSE object at 0x7f7c62a76f70>, <metric.r2_score.R2Score object at 0x7f7c62a76d60>, <metric.mae.MAE object at 0x7f7c62a76730>]
hidden_sizes=[200, 100]
model=SplitNN(
  (agg_model): MLP(
    (fc_layers): ModuleList(
      (0): Linear(in_features=100, out_features=100, bias=True)
      (1): Linear(in_features=100, out_features=1, bias=True)
    )
  )
  (local_models): ModuleList(
    (0): MLP(
      (fc_layers): ModuleList(
        (0): Linear(in_features=91, out_features=100, bias=True)
        (1): Linear(in_features=100, out_features=50, bias=True)
      )
    )
    (1): MLP(
      (fc_layers): ModuleList(
        (0): Linear(in_features=156, out_features=100, bias=True)
        (1): Linear(in_features=100, out_features=50, bias=True)
      )
    )
  )
)
writer=<torch.utils.tensorboard.writer.SummaryWriter object at 0x7f7d5c30f2b0>
dataset_type=real
drop_key=True
num_common_features=1
tree_radius=0.01
tree_leaf_size=1000
knn_k=50
grid_min=-10.0
grid_max=10.0
grid_width=1.5
sim_scaler=StandardScaler()
filter_top_k=None
link_n_jobs=1
psig_p=4
sim_leak_p=0.01
link_threshold_t=0.1
link_epsilon=0.1
n_hash_lsh=50
edit_distance_threshold=10
n_hash_func=50
collision_rate=0.01
qgram_q=4
link_delta=0.01
feature_wise_sim=False
blocking_method=knn_priv_str
center_threshold=0.5
n_clusters=100
local_hidden_sizes=[[100], [100]]
cut_dims=[50, 50]
agg_hidden_sizes=[100]
scale_analysis=<utils.privacy.SimNoiseScale object at 0x7f7c629be400>
data1_shape=(77225, 91)
data2_shape=(220583, 157)
Epoch 1: Loss:            : Train 0.0541, Val 0.0006, Test 0.0006
          RMSE             : Train 837650.8060, Val 84224.7906, Test 88771.5010
          R2_Score         : Train -12.6519, Val 0.8568, Test 0.8462
          MAE              : Train 586357.8995, Val 50738.8257, Test 52389.0497
Best:
          RMSE             : Train 837650.8060, Val 84224.7906, Test 88771.5010
          R2_Score         : Train -12.6519, Val 0.8568, Test 0.8462
          MAE              : Train 586357.8995, Val 50738.8257, Test 52389.0497
Epoch 2: Loss:            : Train 0.0003, Val 0.0002, Test 0.0003
          RMSE             : Train 63293.0832, Val 55909.3980, Test 60616.2496
          R2_Score         : Train 0.9221, Val 0.9369, Test 0.9283
          MAE              : Train 35645.4395, Val 29317.4613, Test 30308.5251
Best:
          RMSE             : Train 63293.0832, Val 55909.3980, Test 60616.2496
          R2_Score         : Train 0.9221, Val 0.9369, Test 0.9283
          MAE              : Train 35645.4395, Val 29317.4613, Test 30308.5251
Epoch 3: Loss:            : Train 0.0002, Val 0.0002, Test 0.0002
          RMSE             : Train 52628.1243, Val 50930.4780, Test 55009.0751
          R2_Score         : Train 0.9461, Val 0.9476, Test 0.9409
          MAE              : Train 27795.1902, Val 26646.6848, Test 27081.7906
Best:
          RMSE             : Train 52628.1243, Val 50930.4780, Test 55009.0751
          R2_Score         : Train 0.9461, Val 0.9476, Test 0.9409
          MAE              : Train 27795.1902, Val 26646.6848, Test 27081.7906
Epoch 4: Loss:            : Train 0.0002, Val 0.0002, Test 0.0002
          RMSE             : Train 49579.3546, Val 47509.6056, Test 52192.0473
          R2_Score         : Train 0.9522, Val 0.9544, Test 0.9468
          MAE              : Train 25500.1579, Val 24019.9783, Test 24535.2841
Best:
          RMSE             : Train 49579.3546, Val 47509.6056, Test 52192.0473
          R2_Score         : Train 0.9522, Val 0.9544, Test 0.9468
          MAE              : Train 25500.1579, Val 24019.9783, Test 24535.2841
Epoch 5: Loss:            : Train 0.0002, Val 0.0002, Test 0.0002
          RMSE             : Train 47076.1583, Val 45426.8390, Test 50667.9029
          R2_Score         : Train 0.9569, Val 0.9583, Test 0.9499
          MAE              : Train 23544.8357, Val 22251.1445, Test 22948.3390
Best:
          RMSE             : Train 47076.1583, Val 45426.8390, Test 50667.9029
          R2_Score         : Train 0.9569, Val 0.9583, Test 0.9499
          MAE              : Train 23544.8357, Val 22251.1445, Test 22948.3390
Epoch 6: Loss:            : Train 0.0002, Val 0.0001, Test 0.0002
          RMSE             : Train 45288.3394, Val 44017.8423, Test 48403.3903
          R2_Score         : Train 0.9601, Val 0.9609, Test 0.9543
          MAE              : Train 22167.2644, Val 21307.7413, Test 21686.6691
Best:
          RMSE             : Train 45288.3394, Val 44017.8423, Test 48403.3903
          R2_Score         : Train 0.9601, Val 0.9609, Test 0.9543
          MAE              : Train 22167.2644, Val 21307.7413, Test 21686.6691
Epoch 7: Loss:            : Train 0.0001, Val 0.0001, Test 0.0002
          RMSE             : Train 43426.6800, Val 42941.2093, Test 47798.3679
          R2_Score         : Train 0.9633, Val 0.9628, Test 0.9554
          MAE              : Train 21079.8319, Val 20681.6792, Test 21212.6790
Best:
          RMSE             : Train 43426.6800, Val 42941.2093, Test 47798.3679
          R2_Score         : Train 0.9633, Val 0.9628, Test 0.9554
          MAE              : Train 21079.8319, Val 20681.6792, Test 21212.6790
Epoch 8: Loss:            : Train 0.0001, Val 0.0001, Test 0.0002
          RMSE             : Train 42204.4678, Val 42946.0816, Test 48327.0700
          R2_Score         : Train 0.9653, Val 0.9628, Test 0.9544
          MAE              : Train 20407.2544, Val 21304.9985, Test 22030.6842
Best:
          RMSE             : Train 43426.6800, Val 42941.2093, Test 47798.3679
          R2_Score         : Train 0.9633, Val 0.9628, Test 0.9554
          MAE              : Train 21079.8319, Val 20681.6792, Test 21212.6790
Epoch 9: Loss:            : Train 0.0001, Val 0.0001, Test 0.0002
          RMSE             : Train 41206.1519, Val 41754.6077, Test 47188.0606
          R2_Score         : Train 0.9670, Val 0.9648, Test 0.9565
          MAE              : Train 19580.3424, Val 19718.8496, Test 20372.3922
Best:
          RMSE             : Train 41206.1519, Val 41754.6077, Test 47188.0606
          R2_Score         : Train 0.9670, Val 0.9648, Test 0.9565
          MAE              : Train 19580.3424, Val 19718.8496, Test 20372.3922
Epoch 10: Loss:            : Train 0.0001, Val 0.0001, Test 0.0002
          RMSE             : Train 40416.2816, Val 41857.9570, Test 45931.6580
          R2_Score         : Train 0.9682, Val 0.9646, Test 0.9588
          MAE              : Train 19022.0509, Val 19901.1639, Test 20319.3905
Best:
          RMSE             : Train 41206.1519, Val 41754.6077, Test 47188.0606
          R2_Score         : Train 0.9670, Val 0.9648, Test 0.9565
          MAE              : Train 19580.3424, Val 19718.8496, Test 20372.3922
Epoch 11: Loss:            : Train 0.0001, Val 0.0001, Test 0.0002
          RMSE             : Train 39789.9004, Val 43793.8214, Test 46753.0422
          R2_Score         : Train 0.9692, Val 0.9613, Test 0.9573
          MAE              : Train 18821.8077, Val 20474.5463, Test 20902.5598
Best:
          RMSE             : Train 41206.1519, Val 41754.6077, Test 47188.0606
          R2_Score         : Train 0.9670, Val 0.9648, Test 0.9565
          MAE              : Train 19580.3424, Val 19718.8496, Test 20372.3922
Epoch 12: Loss:            : Train 0.0001, Val 0.0001, Test 0.0002
          RMSE             : Train 39234.0585, Val 41758.0791, Test 45405.5485
          R2_Score         : Train 0.9701, Val 0.9648, Test 0.9598
          MAE              : Train 18275.0776, Val 18749.1260, Test 19230.0266
Best:
          RMSE             : Train 41206.1519, Val 41754.6077, Test 47188.0606
          R2_Score         : Train 0.9670, Val 0.9648, Test 0.9565
          MAE              : Train 19580.3424, Val 19718.8496, Test 20372.3922
Epoch 13: Loss:            : Train 0.0001, Val 0.0001, Test 0.0002
          RMSE             : Train 38138.4351, Val 40764.3120, Test 45501.0900
          R2_Score         : Train 0.9717, Val 0.9664, Test 0.9596
          MAE              : Train 17993.5168, Val 19178.6531, Test 19656.4063
Best:
          RMSE             : Train 38138.4351, Val 40764.3120, Test 45501.0900
          R2_Score         : Train 0.9717, Val 0.9664, Test 0.9596
          MAE              : Train 17993.5168, Val 19178.6531, Test 19656.4063
Epoch 14: Loss:            : Train 0.0001, Val 0.0001, Test 0.0002
          RMSE             : Train 37747.4357, Val 41867.5572, Test 45016.4229
          R2_Score         : Train 0.9723, Val 0.9646, Test 0.9604
          MAE              : Train 17716.2880, Val 18308.2848, Test 18644.6177
Best:
          RMSE             : Train 38138.4351, Val 40764.3120, Test 45501.0900
          R2_Score         : Train 0.9717, Val 0.9664, Test 0.9596
          MAE              : Train 17993.5168, Val 19178.6531, Test 19656.4063
Epoch 15: Loss:            : Train 0.0001, Val 0.0001, Test 0.0002
          RMSE             : Train 37295.3016, Val 41965.3473, Test 45800.2694
          R2_Score         : Train 0.9729, Val 0.9644, Test 0.9591
          MAE              : Train 17427.5878, Val 18256.5231, Test 18711.0174
Best:
          RMSE             : Train 38138.4351, Val 40764.3120, Test 45501.0900
          R2_Score         : Train 0.9717, Val 0.9664, Test 0.9596
          MAE              : Train 17993.5168, Val 19178.6531, Test 19656.4063
Epoch 16: Loss:            : Train 0.0001, Val 0.0001, Test 0.0002
          RMSE             : Train 36866.7599, Val 39415.8112, Test 44753.7457
          R2_Score         : Train 0.9736, Val 0.9686, Test 0.9609
          MAE              : Train 17263.4207, Val 17892.8485, Test 18636.0961
Best:
          RMSE             : Train 36866.7599, Val 39415.8112, Test 44753.7457
          R2_Score         : Train 0.9736, Val 0.9686, Test 0.9609
          MAE              : Train 17263.4207, Val 17892.8485, Test 18636.0961
Epoch 17: Loss:            : Train 0.0001, Val 0.0001, Test 0.0002
          RMSE             : Train 36233.5428, Val 40079.4259, Test 46900.1389
          R2_Score         : Train 0.9745, Val 0.9676, Test 0.9571
          MAE              : Train 17098.5759, Val 17596.6528, Test 18635.9843
Best:
          RMSE             : Train 36866.7599, Val 39415.8112, Test 44753.7457
          R2_Score         : Train 0.9736, Val 0.9686, Test 0.9609
          MAE              : Train 17263.4207, Val 17892.8485, Test 18636.0961
Epoch 18: Loss:            : Train 0.0001, Val 0.0001, Test 0.0002
          RMSE             : Train 35747.6295, Val 39604.9195, Test 46648.4190
          R2_Score         : Train 0.9751, Val 0.9683, Test 0.9575
          MAE              : Train 16623.5255, Val 18104.4143, Test 19250.5464
Best:
          RMSE             : Train 36866.7599, Val 39415.8112, Test 44753.7457
          R2_Score         : Train 0.9736, Val 0.9686, Test 0.9609
          MAE              : Train 17263.4207, Val 17892.8485, Test 18636.0961
Epoch 19: Loss:            : Train 0.0001, Val 0.0001, Test 0.0002
          RMSE             : Train 35166.6483, Val 38676.0426, Test 44533.4504
          R2_Score         : Train 0.9759, Val 0.9698, Test 0.9613
          MAE              : Train 16451.8162, Val 16961.7957, Test 17934.2653
Best:
          RMSE             : Train 35166.6483, Val 38676.0426, Test 44533.4504
          R2_Score         : Train 0.9759, Val 0.9698, Test 0.9613
          MAE              : Train 16451.8162, Val 16961.7957, Test 17934.2653
Epoch 20: Loss:            : Train 0.0001, Val 0.0001, Test 0.0002
          RMSE             : Train 34984.6006, Val 41014.0158, Test 48813.3269
          R2_Score         : Train 0.9762, Val 0.9660, Test 0.9535
          MAE              : Train 16391.9635, Val 17272.6874, Test 18546.0739
Best:
          RMSE             : Train 35166.6483, Val 38676.0426, Test 44533.4504
          R2_Score         : Train 0.9759, Val 0.9698, Test 0.9613
          MAE              : Train 16451.8162, Val 16961.7957, Test 17934.2653
Epoch 21: Loss:            : Train 0.0001, Val 0.0001, Test 0.0002
          RMSE             : Train 34571.6509, Val 42705.6604, Test 46148.6713
          R2_Score         : Train 0.9767, Val 0.9632, Test 0.9584
          MAE              : Train 16158.7778, Val 17832.5330, Test 18411.9521
Best:
          RMSE             : Train 35166.6483, Val 38676.0426, Test 44533.4504
          R2_Score         : Train 0.9759, Val 0.9698, Test 0.9613
          MAE              : Train 16451.8162, Val 16961.7957, Test 17934.2653
Epoch 22: Loss:            : Train 0.0001, Val 0.0001, Test 0.0002
          RMSE             : Train 34210.9089, Val 38859.3759, Test 45180.8860
          R2_Score         : Train 0.9772, Val 0.9695, Test 0.9602
          MAE              : Train 16024.9506, Val 17373.3302, Test 18106.8911
Best:
          RMSE             : Train 35166.6483, Val 38676.0426, Test 44533.4504
          R2_Score         : Train 0.9759, Val 0.9698, Test 0.9613
          MAE              : Train 16451.8162, Val 16961.7957, Test 17934.2653
Epoch 23: Loss:            : Train 0.0001, Val 0.0001, Test 0.0002
          RMSE             : Train 33688.0848, Val 37736.4904, Test 45198.4638
          R2_Score         : Train 0.9779, Val 0.9712, Test 0.9601
          MAE              : Train 15829.7368, Val 16278.8767, Test 17449.8819
Best:
          RMSE             : Train 33688.0848, Val 37736.4904, Test 45198.4638
          R2_Score         : Train 0.9779, Val 0.9712, Test 0.9601
          MAE              : Train 15829.7368, Val 16278.8767, Test 17449.8819
Epoch 24: Loss:            : Train 0.0001, Val 0.0001, Test 0.0001
          RMSE             : Train 33294.3766, Val 37176.2858, Test 43519.0034
          R2_Score         : Train 0.9784, Val 0.9721, Test 0.9630
          MAE              : Train 15634.4488, Val 16427.0650, Test 17402.2118
Best:
          RMSE             : Train 33294.3766, Val 37176.2858, Test 43519.0034
          R2_Score         : Train 0.9784, Val 0.9721, Test 0.9630
          MAE              : Train 15634.4488, Val 16427.0650, Test 17402.2118
Epoch 25: Loss:            : Train 0.0001, Val 0.0001, Test 0.0001
          RMSE             : Train 33491.1794, Val 37474.6255, Test 43994.0596
          R2_Score         : Train 0.9782, Val 0.9716, Test 0.9622
          MAE              : Train 15571.1179, Val 17091.8349, Test 18017.0793
Best:
          RMSE             : Train 33294.3766, Val 37176.2858, Test 43519.0034
          R2_Score         : Train 0.9784, Val 0.9721, Test 0.9630
          MAE              : Train 15634.4488, Val 16427.0650, Test 17402.2118
Epoch 26: Loss:            : Train 0.0001, Val 0.0001, Test 0.0001
          RMSE             : Train 33012.7839, Val 36720.2829, Test 43283.9494
          R2_Score         : Train 0.9788, Val 0.9728, Test 0.9634
          MAE              : Train 15407.0665, Val 15831.5220, Test 16688.9855
Best:
          RMSE             : Train 33012.7839, Val 36720.2829, Test 43283.9494
          R2_Score         : Train 0.9788, Val 0.9728, Test 0.9634
          MAE              : Train 15407.0665, Val 15831.5220, Test 16688.9855
Epoch 27: Loss:            : Train 0.0001, Val 0.0001, Test 0.0001
          RMSE             : Train 32841.9560, Val 38949.0827, Test 44064.8624
          R2_Score         : Train 0.9790, Val 0.9694, Test 0.9621
          MAE              : Train 15267.4196, Val 17069.6307, Test 17716.2514
Best:
          RMSE             : Train 33012.7839, Val 36720.2829, Test 43283.9494
          R2_Score         : Train 0.9788, Val 0.9728, Test 0.9634
          MAE              : Train 15407.0665, Val 15831.5220, Test 16688.9855
Epoch 28: Loss:            : Train 0.0001, Val 0.0001, Test 0.0001
          RMSE             : Train 32676.9678, Val 36118.3947, Test 42948.0509
          R2_Score         : Train 0.9792, Val 0.9737, Test 0.9640
          MAE              : Train 15184.2466, Val 15813.3217, Test 16755.3310
Best:
          RMSE             : Train 32676.9678, Val 36118.3947, Test 42948.0509
          R2_Score         : Train 0.9792, Val 0.9737, Test 0.9640
          MAE              : Train 15184.2466, Val 15813.3217, Test 16755.3310
Epoch 29: Loss:            : Train 0.0001, Val 0.0001, Test 0.0001
          RMSE             : Train 32232.6116, Val 36239.1193, Test 43332.5203
          R2_Score         : Train 0.9798, Val 0.9735, Test 0.9634
          MAE              : Train 15092.0872, Val 15775.9266, Test 16847.0935
Best:
          RMSE             : Train 32676.9678, Val 36118.3947, Test 42948.0509
          R2_Score         : Train 0.9792, Val 0.9737, Test 0.9640
          MAE              : Train 15184.2466, Val 15813.3217, Test 16755.3310
Epoch 30: Loss:            : Train 0.0001, Val 0.0001, Test 0.0001
          RMSE             : Train 32139.2715, Val 36325.1685, Test 42852.6497
          R2_Score         : Train 0.9799, Val 0.9734, Test 0.9642
          MAE              : Train 14922.4058, Val 15595.8429, Test 16629.8532
Best:
          RMSE             : Train 32676.9678, Val 36118.3947, Test 42948.0509
          R2_Score         : Train 0.9792, Val 0.9737, Test 0.9640
          MAE              : Train 15184.2466, Val 15813.3217, Test 16755.3310
Epoch 31: Loss:            : Train 0.0001, Val 0.0001, Test 0.0001
          RMSE             : Train 31868.8050, Val 36342.2842, Test 42776.8586
          R2_Score         : Train 0.9802, Val 0.9733, Test 0.9643
          MAE              : Train 14800.1323, Val 15884.1596, Test 16899.9708
Best:
          RMSE             : Train 32676.9678, Val 36118.3947, Test 42948.0509
          R2_Score         : Train 0.9792, Val 0.9737, Test 0.9640
          MAE              : Train 15184.2466, Val 15813.3217, Test 16755.3310
Epoch 32: Loss:            : Train 0.0001, Val 0.0001, Test 0.0001
          RMSE             : Train 31572.9868, Val 35735.9314, Test 43582.6277
          R2_Score         : Train 0.9806, Val 0.9742, Test 0.9629
          MAE              : Train 14588.3959, Val 15848.9239, Test 16997.1012
Best:
          RMSE             : Train 31572.9868, Val 35735.9314, Test 43582.6277
          R2_Score         : Train 0.9806, Val 0.9742, Test 0.9629
          MAE              : Train 14588.3959, Val 15848.9239, Test 16997.1012
Epoch 33: Loss:            : Train 0.0001, Val 0.0001, Test 0.0001
          RMSE             : Train 31730.0854, Val 39745.8274, Test 43872.8010
          R2_Score         : Train 0.9804, Val 0.9681, Test 0.9624
          MAE              : Train 14723.2590, Val 18131.7915, Test 18810.2630
Best:
          RMSE             : Train 31572.9868, Val 35735.9314, Test 43582.6277
          R2_Score         : Train 0.9806, Val 0.9742, Test 0.9629
          MAE              : Train 14588.3959, Val 15848.9239, Test 16997.1012
Epoch 34: Loss:            : Train 0.0001, Val 0.0001, Test 0.0001
          RMSE             : Train 31306.3122, Val 36187.8607, Test 42434.9354
          R2_Score         : Train 0.9809, Val 0.9736, Test 0.9649
          MAE              : Train 14767.2435, Val 15608.4459, Test 16431.6395
Best:
          RMSE             : Train 31572.9868, Val 35735.9314, Test 43582.6277
          R2_Score         : Train 0.9806, Val 0.9742, Test 0.9629
          MAE              : Train 14588.3959, Val 15848.9239, Test 16997.1012
Epoch 35: Loss:            : Train 0.0001, Val 0.0001, Test 0.0001
          RMSE             : Train 30866.5397, Val 36194.7657, Test 41909.7114
          R2_Score         : Train 0.9815, Val 0.9735, Test 0.9657
          MAE              : Train 14339.1628, Val 15193.1135, Test 15916.4395
Best:
          RMSE             : Train 31572.9868, Val 35735.9314, Test 43582.6277
          R2_Score         : Train 0.9806, Val 0.9742, Test 0.9629
          MAE              : Train 14588.3959, Val 15848.9239, Test 16997.1012
Epoch 36: Loss:            : Train 0.0001, Val 0.0001, Test 0.0001
          RMSE             : Train 31111.1576, Val 35926.4897, Test 42704.0574
          R2_Score         : Train 0.9812, Val 0.9739, Test 0.9644
          MAE              : Train 14444.6495, Val 15880.9007, Test 17009.1332
Best:
          RMSE             : Train 31572.9868, Val 35735.9314, Test 43582.6277
          R2_Score         : Train 0.9806, Val 0.9742, Test 0.9629
          MAE              : Train 14588.3959, Val 15848.9239, Test 16997.1012
Epoch 37: Loss:            : Train 0.0001, Val 0.0001, Test 0.0001
          RMSE             : Train 30646.4346, Val 35457.1725, Test 42646.3950
          R2_Score         : Train 0.9817, Val 0.9746, Test 0.9645
          MAE              : Train 14204.9695, Val 15258.5463, Test 16257.6566
Best:
          RMSE             : Train 30646.4346, Val 35457.1725, Test 42646.3950
          R2_Score         : Train 0.9817, Val 0.9746, Test 0.9645
          MAE              : Train 14204.9695, Val 15258.5463, Test 16257.6566
Epoch 38: Loss:            : Train 0.0001, Val 0.0001, Test 0.0001
          RMSE             : Train 30450.3396, Val 35973.0421, Test 43013.1492
          R2_Score         : Train 0.9820, Val 0.9739, Test 0.9639
          MAE              : Train 14255.9969, Val 15217.4637, Test 16253.5175
Best:
          RMSE             : Train 30646.4346, Val 35457.1725, Test 42646.3950
          R2_Score         : Train 0.9817, Val 0.9746, Test 0.9645
          MAE              : Train 14204.9695, Val 15258.5463, Test 16257.6566
Epoch 39: Loss:            : Train 0.0001, Val 0.0001, Test 0.0001
          RMSE             : Train 30670.3042, Val 36228.4360, Test 43827.7348
          R2_Score         : Train 0.9817, Val 0.9735, Test 0.9625
          MAE              : Train 14330.2813, Val 15325.9706, Test 16494.2770
Best:
          RMSE             : Train 30646.4346, Val 35457.1725, Test 42646.3950
          R2_Score         : Train 0.9817, Val 0.9746, Test 0.9645
          MAE              : Train 14204.9695, Val 15258.5463, Test 16257.6566
Epoch 40: Loss:            : Train 0.0001, Val 0.0001, Test 0.0001
          RMSE             : Train 30331.6767, Val 35703.0754, Test 43827.8600
          R2_Score         : Train 0.9821, Val 0.9743, Test 0.9625
          MAE              : Train 14129.6774, Val 14863.6447, Test 16235.2508
Best:
          RMSE             : Train 30646.4346, Val 35457.1725, Test 42646.3950
          R2_Score         : Train 0.9817, Val 0.9746, Test 0.9645
          MAE              : Train 14204.9695, Val 15258.5463, Test 16257.6566
Epoch 41: Loss:            : Train 0.0001, Val 0.0001, Test 0.0001
          RMSE             : Train 29755.5846, Val 35914.1042, Test 42172.0994
          R2_Score         : Train 0.9828, Val 0.9740, Test 0.9653
          MAE              : Train 13822.1510, Val 15446.1624, Test 16439.1360
Best:
          RMSE             : Train 30646.4346, Val 35457.1725, Test 42646.3950
          R2_Score         : Train 0.9817, Val 0.9746, Test 0.9645
          MAE              : Train 14204.9695, Val 15258.5463, Test 16257.6566
Epoch 42: Loss:            : Train 0.0001, Val 0.0001, Test 0.0001
          RMSE             : Train 29612.2654, Val 34717.6855, Test 42296.9196
          R2_Score         : Train 0.9829, Val 0.9757, Test 0.9651
          MAE              : Train 13829.8831, Val 14999.1657, Test 16197.8610
Best:
          RMSE             : Train 29612.2654, Val 34717.6855, Test 42296.9196
          R2_Score         : Train 0.9829, Val 0.9757, Test 0.9651
          MAE              : Train 13829.8831, Val 14999.1657, Test 16197.8610
Epoch 43: Loss:            : Train 0.0001, Val 0.0001, Test 0.0001
          RMSE             : Train 29582.3489, Val 34915.2246, Test 42454.4668
          R2_Score         : Train 0.9830, Val 0.9754, Test 0.9648
          MAE              : Train 13714.8914, Val 14811.5583, Test 16019.4308
Best:
          RMSE             : Train 29612.2654, Val 34717.6855, Test 42296.9196
          R2_Score         : Train 0.9829, Val 0.9757, Test 0.9651
          MAE              : Train 13829.8831, Val 14999.1657, Test 16197.8610
Epoch 44: Loss:            : Train 0.0001, Val 0.0001, Test 0.0001
          RMSE             : Train 29625.9957, Val 35145.0233, Test 42173.8842
          R2_Score         : Train 0.9829, Val 0.9751, Test 0.9653
          MAE              : Train 13774.4529, Val 15282.7586, Test 16389.2353
Best:
          RMSE             : Train 29612.2654, Val 34717.6855, Test 42296.9196
          R2_Score         : Train 0.9829, Val 0.9757, Test 0.9651
          MAE              : Train 13829.8831, Val 14999.1657, Test 16197.8610
Epoch 45: Loss:            : Train 0.0001, Val 0.0001, Test 0.0001
          RMSE             : Train 29194.9455, Val 35124.4819, Test 41985.1576
          R2_Score         : Train 0.9834, Val 0.9751, Test 0.9656
          MAE              : Train 13677.2012, Val 14877.7998, Test 15843.4371
Best:
          RMSE             : Train 29612.2654, Val 34717.6855, Test 42296.9196
          R2_Score         : Train 0.9829, Val 0.9757, Test 0.9651
          MAE              : Train 13829.8831, Val 14999.1657, Test 16197.8610
Epoch 46: Loss:            : Train 0.0001, Val 0.0001, Test 0.0001
          RMSE             : Train 29183.4582, Val 34556.8733, Test 41877.5623
          R2_Score         : Train 0.9834, Val 0.9759, Test 0.9658
          MAE              : Train 13588.8487, Val 15115.0901, Test 16317.3533
Best:
          RMSE             : Train 29183.4582, Val 34556.8733, Test 41877.5623
          R2_Score         : Train 0.9834, Val 0.9759, Test 0.9658
          MAE              : Train 13588.8487, Val 15115.0901, Test 16317.3533
Epoch 47: Loss:            : Train 0.0001, Val 0.0001, Test 0.0001
          RMSE             : Train 29158.3985, Val 33533.0066, Test 41449.8176
          R2_Score         : Train 0.9835, Val 0.9773, Test 0.9665
          MAE              : Train 13716.4578, Val 14703.7035, Test 16156.9026
Best:
          RMSE             : Train 29158.3985, Val 33533.0066, Test 41449.8176
          R2_Score         : Train 0.9835, Val 0.9773, Test 0.9665
          MAE              : Train 13716.4578, Val 14703.7035, Test 16156.9026
Epoch 48: Loss:            : Train 0.0001, Val 0.0001, Test 0.0001
          RMSE             : Train 28779.6457, Val 36350.9863, Test 42667.0380
          R2_Score         : Train 0.9839, Val 0.9733, Test 0.9645
          MAE              : Train 13707.8683, Val 17199.2205, Test 18167.8865
Best:
          RMSE             : Train 29158.3985, Val 33533.0066, Test 41449.8176
          R2_Score         : Train 0.9835, Val 0.9773, Test 0.9665
          MAE              : Train 13716.4578, Val 14703.7035, Test 16156.9026
Epoch 49: Loss:            : Train 0.0001, Val 0.0001, Test 0.0001
          RMSE             : Train 28776.3549, Val 34160.3204, Test 42032.3647
          R2_Score         : Train 0.9839, Val 0.9764, Test 0.9655
          MAE              : Train 13601.0728, Val 15047.6283, Test 16552.8956
Best:
          RMSE             : Train 29158.3985, Val 33533.0066, Test 41449.8176
          R2_Score         : Train 0.9835, Val 0.9773, Test 0.9665
          MAE              : Train 13716.4578, Val 14703.7035, Test 16156.9026
Epoch 50: Loss:            : Train 0.0001, Val 0.0001, Test 0.0001
          RMSE             : Train 28449.8251, Val 33175.4645, Test 40657.4393
          R2_Score         : Train 0.9843, Val 0.9778, Test 0.9677
          MAE              : Train 13353.1985, Val 13958.9347, Test 15129.0756
Best:
          RMSE             : Train 28449.8251, Val 33175.4645, Test 40657.4393
          R2_Score         : Train 0.9843, Val 0.9778, Test 0.9677
          MAE              : Train 13353.1985, Val 13958.9347, Test 15129.0756
Epoch 51: Loss:            : Train 0.0001, Val 0.0001, Test 0.0001
          RMSE             : Train 28622.3236, Val 34614.7195, Test 41869.1595
          R2_Score         : Train 0.9841, Val 0.9758, Test 0.9658
          MAE              : Train 13429.8147, Val 14202.8284, Test 15284.9495
Best:
          RMSE             : Train 28449.8251, Val 33175.4645, Test 40657.4393
          R2_Score         : Train 0.9843, Val 0.9778, Test 0.9677
          MAE              : Train 13353.1985, Val 13958.9347, Test 15129.0756
Epoch 52: Loss:            : Train 0.0001, Val 0.0001, Test 0.0001
          RMSE             : Train 28397.4675, Val 34124.9624, Test 42141.0283
          R2_Score         : Train 0.9843, Val 0.9765, Test 0.9653
          MAE              : Train 13365.1987, Val 14527.6042, Test 15776.5252
Best:
          RMSE             : Train 28449.8251, Val 33175.4645, Test 40657.4393
          R2_Score         : Train 0.9843, Val 0.9778, Test 0.9677
          MAE              : Train 13353.1985, Val 13958.9347, Test 15129.0756
Epoch 53: Loss:            : Train 0.0001, Val 0.0001, Test 0.0001
          RMSE             : Train 28286.1236, Val 34008.4730, Test 41666.2018
          R2_Score         : Train 0.9844, Val 0.9766, Test 0.9661
          MAE              : Train 13238.0559, Val 14486.9874, Test 15714.3589
Best:
          RMSE             : Train 28449.8251, Val 33175.4645, Test 40657.4393
          R2_Score         : Train 0.9843, Val 0.9778, Test 0.9677
          MAE              : Train 13353.1985, Val 13958.9347, Test 15129.0756
Epoch 54: Loss:            : Train 0.0001, Val 0.0001, Test 0.0001
          RMSE             : Train 28203.8899, Val 34843.8836, Test 42464.6674
          R2_Score         : Train 0.9845, Val 0.9755, Test 0.9648
          MAE              : Train 13237.2185, Val 14746.5177, Test 15939.1790
Best:
          RMSE             : Train 28449.8251, Val 33175.4645, Test 40657.4393
          R2_Score         : Train 0.9843, Val 0.9778, Test 0.9677
          MAE              : Train 13353.1985, Val 13958.9347, Test 15129.0756
Epoch 55: Loss:            : Train 0.0001, Val 0.0001, Test 0.0001
          RMSE             : Train 28185.2450, Val 34194.1601, Test 42159.6253
          R2_Score         : Train 0.9845, Val 0.9764, Test 0.9653
          MAE              : Train 13231.4943, Val 14735.4299, Test 15996.1773
Best:
          RMSE             : Train 28449.8251, Val 33175.4645, Test 40657.4393
          R2_Score         : Train 0.9843, Val 0.9778, Test 0.9677
          MAE              : Train 13353.1985, Val 13958.9347, Test 15129.0756
Epoch 56: Loss:            : Train 0.0001, Val 0.0001, Test 0.0001
          RMSE             : Train 28149.0304, Val 34344.4105, Test 42527.3766
          R2_Score         : Train 0.9846, Val 0.9762, Test 0.9647
          MAE              : Train 13160.1663, Val 14166.1620, Test 15554.1367
Best:
          RMSE             : Train 28449.8251, Val 33175.4645, Test 40657.4393
          R2_Score         : Train 0.9843, Val 0.9778, Test 0.9677
          MAE              : Train 13353.1985, Val 13958.9347, Test 15129.0756
Epoch 57: Loss:            : Train 0.0001, Val 0.0001, Test 0.0001
          RMSE             : Train 27686.1792, Val 33961.4695, Test 42544.8798
          R2_Score         : Train 0.9851, Val 0.9767, Test 0.9647
          MAE              : Train 13084.4921, Val 14367.5462, Test 15740.0149
Best:
          RMSE             : Train 28449.8251, Val 33175.4645, Test 40657.4393
          R2_Score         : Train 0.9843, Val 0.9778, Test 0.9677
          MAE              : Train 13353.1985, Val 13958.9347, Test 15129.0756
Epoch 58: Loss:            : Train 0.0001, Val 0.0001, Test 0.0001
          RMSE             : Train 27671.7502, Val 34647.9749, Test 42721.9745
          R2_Score         : Train 0.9851, Val 0.9758, Test 0.9644
          MAE              : Train 13138.6015, Val 14421.1541, Test 15701.3247
Best:
          RMSE             : Train 28449.8251, Val 33175.4645, Test 40657.4393
          R2_Score         : Train 0.9843, Val 0.9778, Test 0.9677
          MAE              : Train 13353.1985, Val 13958.9347, Test 15129.0756
Epoch 59: Loss:            : Train 0.0001, Val 0.0001, Test 0.0001
          RMSE             : Train 27387.5229, Val 34546.9515, Test 42330.8123
          R2_Score         : Train 0.9854, Val 0.9759, Test 0.9650
          MAE              : Train 12882.8773, Val 14551.7917, Test 15771.9251
Best:
          RMSE             : Train 28449.8251, Val 33175.4645, Test 40657.4393
          R2_Score         : Train 0.9843, Val 0.9778, Test 0.9677
          MAE              : Train 13353.1985, Val 13958.9347, Test 15129.0756
Epoch 60: Loss:            : Train 0.0001, Val 0.0001, Test 0.0001
          RMSE             : Train 27311.2638, Val 35866.5011, Test 42197.2677
          R2_Score         : Train 0.9855, Val 0.9740, Test 0.9652
          MAE              : Train 13001.0610, Val 14595.1576, Test 15577.2451
Best:
          RMSE             : Train 28449.8251, Val 33175.4645, Test 40657.4393
          R2_Score         : Train 0.9843, Val 0.9778, Test 0.9677
          MAE              : Train 13353.1985, Val 13958.9347, Test 15129.0756
Epoch 61: Loss:            : Train 0.0001, Val 0.0001, Test 0.0001
          RMSE             : Train 27681.6279, Val 33283.7297, Test 41761.3819
          R2_Score         : Train 0.9851, Val 0.9776, Test 0.9660
          MAE              : Train 13140.3106, Val 13933.5349, Test 15235.5535
Best:
          RMSE             : Train 28449.8251, Val 33175.4645, Test 40657.4393
          R2_Score         : Train 0.9843, Val 0.9778, Test 0.9677
          MAE              : Train 13353.1985, Val 13958.9347, Test 15129.0756
Epoch 62: Loss:            : Train 0.0001, Val 0.0001, Test 0.0001
          RMSE             : Train 27313.1092, Val 33549.6498, Test 42674.7077
          R2_Score         : Train 0.9855, Val 0.9773, Test 0.9645
          MAE              : Train 12853.9992, Val 14303.1931, Test 15725.5166
Best:
          RMSE             : Train 28449.8251, Val 33175.4645, Test 40657.4393
          R2_Score         : Train 0.9843, Val 0.9778, Test 0.9677
          MAE              : Train 13353.1985, Val 13958.9347, Test 15129.0756
Epoch 63: Loss:            : Train 0.0001, Val 0.0001, Test 0.0001
          RMSE             : Train 27046.4112, Val 34631.1044, Test 40428.8952
          R2_Score         : Train 0.9858, Val 0.9758, Test 0.9681
          MAE              : Train 12853.2938, Val 13692.9890, Test 14746.4875
Best:
          RMSE             : Train 28449.8251, Val 33175.4645, Test 40657.4393
          R2_Score         : Train 0.9843, Val 0.9778, Test 0.9677
          MAE              : Train 13353.1985, Val 13958.9347, Test 15129.0756
Epoch 64: Loss:            : Train 0.0001, Val 0.0001, Test 0.0001
          RMSE             : Train 26945.6392, Val 33459.9695, Test 42143.9402
          R2_Score         : Train 0.9859, Val 0.9774, Test 0.9653
          MAE              : Train 12831.5545, Val 13928.0492, Test 15435.0358
Best:
          RMSE             : Train 28449.8251, Val 33175.4645, Test 40657.4393
          R2_Score         : Train 0.9843, Val 0.9778, Test 0.9677
          MAE              : Train 13353.1985, Val 13958.9347, Test 15129.0756
Epoch 65: Loss:            : Train 0.0001, Val 0.0001, Test 0.0001
          RMSE             : Train 26744.2027, Val 34393.0565, Test 42769.2285
          R2_Score         : Train 0.9861, Val 0.9761, Test 0.9643
          MAE              : Train 12799.0517, Val 14160.4490, Test 15689.1283
Best:
          RMSE             : Train 28449.8251, Val 33175.4645, Test 40657.4393
          R2_Score         : Train 0.9843, Val 0.9778, Test 0.9677
          MAE              : Train 13353.1985, Val 13958.9347, Test 15129.0756
Epoch 66: Loss:            : Train 0.0001, Val 0.0001, Test 0.0001
          RMSE             : Train 26609.6732, Val 33831.6495, Test 42697.1422
          R2_Score         : Train 0.9862, Val 0.9769, Test 0.9644
          MAE              : Train 12600.8322, Val 13769.3177, Test 15326.0658
Best:
          RMSE             : Train 28449.8251, Val 33175.4645, Test 40657.4393
          R2_Score         : Train 0.9843, Val 0.9778, Test 0.9677
          MAE              : Train 13353.1985, Val 13958.9347, Test 15129.0756
Epoch 67: Loss:            : Train 0.0001, Val 0.0001, Test 0.0001
          RMSE             : Train 26722.4738, Val 35001.1180, Test 41919.9769
          R2_Score         : Train 0.9861, Val 0.9753, Test 0.9657
          MAE              : Train 12739.7517, Val 14297.2074, Test 15453.4797
Best:
          RMSE             : Train 28449.8251, Val 33175.4645, Test 40657.4393
          R2_Score         : Train 0.9843, Val 0.9778, Test 0.9677
          MAE              : Train 13353.1985, Val 13958.9347, Test 15129.0756
Epoch 68: Loss:            : Train 0.0001, Val 0.0001, Test 0.0001
          RMSE             : Train 26504.6498, Val 35266.4872, Test 42633.6737
          R2_Score         : Train 0.9863, Val 0.9749, Test 0.9645
          MAE              : Train 12612.2189, Val 15120.4744, Test 16384.2577
Best:
          RMSE             : Train 28449.8251, Val 33175.4645, Test 40657.4393
          R2_Score         : Train 0.9843, Val 0.9778, Test 0.9677
          MAE              : Train 13353.1985, Val 13958.9347, Test 15129.0756
Epoch 69: Loss:            : Train 0.0001, Val 0.0001, Test 0.0001
          RMSE             : Train 26343.5729, Val 33738.9308, Test 41007.1555
          R2_Score         : Train 0.9865, Val 0.9770, Test 0.9672
          MAE              : Train 12565.6031, Val 14165.3516, Test 15552.2988
Best:
          RMSE             : Train 28449.8251, Val 33175.4645, Test 40657.4393
          R2_Score         : Train 0.9843, Val 0.9778, Test 0.9677
          MAE              : Train 13353.1985, Val 13958.9347, Test 15129.0756
Epoch 70: Loss:            : Train 0.0001, Val 0.0001, Test 0.0001
          RMSE             : Train 26233.1761, Val 33829.8315, Test 41218.5500
          R2_Score         : Train 0.9866, Val 0.9769, Test 0.9668
          MAE              : Train 12625.9838, Val 13911.3316, Test 15114.2546
Best:
          RMSE             : Train 28449.8251, Val 33175.4645, Test 40657.4393
          R2_Score         : Train 0.9843, Val 0.9778, Test 0.9677
          MAE              : Train 13353.1985, Val 13958.9347, Test 15129.0756
Epoch 71: Loss:            : Train 0.0001, Val 0.0001, Test 0.0001
          RMSE             : Train 26175.5642, Val 33648.6725, Test 41450.9104
          R2_Score         : Train 0.9867, Val 0.9771, Test 0.9665
          MAE              : Train 12442.3155, Val 13478.0896, Test 14948.0631
Best:
          RMSE             : Train 28449.8251, Val 33175.4645, Test 40657.4393
          R2_Score         : Train 0.9843, Val 0.9778, Test 0.9677
          MAE              : Train 13353.1985, Val 13958.9347, Test 15129.0756
Epoch 72: Loss:            : Train 0.0001, Val 0.0001, Test 0.0001
          RMSE             : Train 26293.9693, Val 32767.5593, Test 42752.2493
          R2_Score         : Train 0.9865, Val 0.9783, Test 0.9643
          MAE              : Train 12465.1712, Val 13923.0820, Test 15427.0780
Best:
          RMSE             : Train 26293.9693, Val 32767.5593, Test 42752.2493
          R2_Score         : Train 0.9865, Val 0.9783, Test 0.9643
          MAE              : Train 12465.1712, Val 13923.0820, Test 15427.0780
Epoch 73: Loss:            : Train 0.0001, Val 0.0001, Test 0.0001
          RMSE             : Train 26114.0849, Val 35351.1613, Test 41919.1512
          R2_Score         : Train 0.9867, Val 0.9748, Test 0.9657
          MAE              : Train 12419.6650, Val 14850.3107, Test 16076.3752
Best:
          RMSE             : Train 26293.9693, Val 32767.5593, Test 42752.2493
          R2_Score         : Train 0.9865, Val 0.9783, Test 0.9643
          MAE              : Train 12465.1712, Val 13923.0820, Test 15427.0780
Epoch 74: Loss:            : Train 0.0001, Val 0.0001, Test 0.0001
          RMSE             : Train 26008.5231, Val 34317.9266, Test 41919.4605
          R2_Score         : Train 0.9868, Val 0.9762, Test 0.9657
          MAE              : Train 12455.7271, Val 13843.5450, Test 15118.6169
Best:
          RMSE             : Train 26293.9693, Val 32767.5593, Test 42752.2493
          R2_Score         : Train 0.9865, Val 0.9783, Test 0.9643
          MAE              : Train 12465.1712, Val 13923.0820, Test 15427.0780
Epoch 75: Loss:            : Train 0.0001, Val 0.0001, Test 0.0001
          RMSE             : Train 25697.7835, Val 34786.8041, Test 41726.6563
          R2_Score         : Train 0.9872, Val 0.9756, Test 0.9660
          MAE              : Train 12466.1598, Val 15462.0206, Test 16600.0496
Best:
          RMSE             : Train 26293.9693, Val 32767.5593, Test 42752.2493
          R2_Score         : Train 0.9865, Val 0.9783, Test 0.9643
          MAE              : Train 12465.1712, Val 13923.0820, Test 15427.0780
Epoch 76: Loss:            : Train 0.0001, Val 0.0001, Test 0.0001
          RMSE             : Train 25707.7520, Val 33887.8661, Test 41543.9316
          R2_Score         : Train 0.9871, Val 0.9768, Test 0.9663
          MAE              : Train 12301.7982, Val 14028.6935, Test 15273.1102
Best:
          RMSE             : Train 26293.9693, Val 32767.5593, Test 42752.2493
          R2_Score         : Train 0.9865, Val 0.9783, Test 0.9643
          MAE              : Train 12465.1712, Val 13923.0820, Test 15427.0780
Epoch 77: Loss:            : Train 0.0001, Val 0.0001, Test 0.0001
          RMSE             : Train 25670.2836, Val 34409.0869, Test 40936.1812
          R2_Score         : Train 0.9872, Val 0.9761, Test 0.9673
          MAE              : Train 12257.1864, Val 13992.6719, Test 15093.7263
Best:
          RMSE             : Train 26293.9693, Val 32767.5593, Test 42752.2493
          R2_Score         : Train 0.9865, Val 0.9783, Test 0.9643
          MAE              : Train 12465.1712, Val 13923.0820, Test 15427.0780
Epoch 78: Loss:            : Train 0.0001, Val 0.0001, Test 0.0001
          RMSE             : Train 25548.8941, Val 34260.0450, Test 41740.5298
          R2_Score         : Train 0.9873, Val 0.9763, Test 0.9660
          MAE              : Train 12321.7858, Val 14019.3390, Test 15259.2470
Best:
          RMSE             : Train 26293.9693, Val 32767.5593, Test 42752.2493
          R2_Score         : Train 0.9865, Val 0.9783, Test 0.9643
          MAE              : Train 12465.1712, Val 13923.0820, Test 15427.0780
Epoch 79: Loss:            : Train 0.0001, Val 0.0001, Test 0.0001
          RMSE             : Train 25545.1662, Val 34314.1106, Test 42493.5610
          R2_Score         : Train 0.9873, Val 0.9762, Test 0.9648
          MAE              : Train 12322.6026, Val 13790.9279, Test 14998.8424
Best:
          RMSE             : Train 26293.9693, Val 32767.5593, Test 42752.2493
          R2_Score         : Train 0.9865, Val 0.9783, Test 0.9643
          MAE              : Train 12465.1712, Val 13923.0820, Test 15427.0780
Epoch 80: Loss:            : Train 0.0001, Val 0.0001, Test 0.0001
          RMSE             : Train 25772.9642, Val 36007.8287, Test 41181.1238
          R2_Score         : Train 0.9871, Val 0.9738, Test 0.9669
          MAE              : Train 12299.8765, Val 15363.8093, Test 16374.1605
Best:
          RMSE             : Train 26293.9693, Val 32767.5593, Test 42752.2493
          R2_Score         : Train 0.9865, Val 0.9783, Test 0.9643
          MAE              : Train 12465.1712, Val 13923.0820, Test 15427.0780
Epoch 81: Loss:            : Train 0.0001, Val 0.0001, Test 0.0001
          RMSE             : Train 25535.5928, Val 34067.0424, Test 41737.3339
          R2_Score         : Train 0.9873, Val 0.9766, Test 0.9660
          MAE              : Train 12125.3931, Val 13688.6343, Test 14908.1982
Best:
          RMSE             : Train 26293.9693, Val 32767.5593, Test 42752.2493
          R2_Score         : Train 0.9865, Val 0.9783, Test 0.9643
          MAE              : Train 12465.1712, Val 13923.0820, Test 15427.0780
Epoch 82: Loss:            : Train 0.0000, Val 0.0001, Test 0.0001
          RMSE             : Train 25312.8708, Val 35324.3086, Test 41749.3852
          R2_Score         : Train 0.9875, Val 0.9748, Test 0.9660
          MAE              : Train 12245.0363, Val 14551.6476, Test 15654.9574
Best:
          RMSE             : Train 26293.9693, Val 32767.5593, Test 42752.2493
          R2_Score         : Train 0.9865, Val 0.9783, Test 0.9643
          MAE              : Train 12465.1712, Val 13923.0820, Test 15427.0780
Epoch 83: Loss:            : Train 0.0000, Val 0.0001, Test 0.0001
          RMSE             : Train 25099.2646, Val 35000.7133, Test 41962.5242
          R2_Score         : Train 0.9877, Val 0.9753, Test 0.9656
          MAE              : Train 12118.1873, Val 15573.4668, Test 16919.9444
Best:
          RMSE             : Train 26293.9693, Val 32767.5593, Test 42752.2493
          R2_Score         : Train 0.9865, Val 0.9783, Test 0.9643
          MAE              : Train 12465.1712, Val 13923.0820, Test 15427.0780
Epoch 84: Loss:            : Train 0.0000, Val 0.0001, Test 0.0001
          RMSE             : Train 25331.3534, Val 34268.5596, Test 42002.3843
          R2_Score         : Train 0.9875, Val 0.9763, Test 0.9656
          MAE              : Train 12184.2302, Val 13441.4376, Test 14852.6001
Best:
          RMSE             : Train 26293.9693, Val 32767.5593, Test 42752.2493
          R2_Score         : Train 0.9865, Val 0.9783, Test 0.9643
          MAE              : Train 12465.1712, Val 13923.0820, Test 15427.0780
Epoch 85: Loss:            : Train 0.0000, Val 0.0001, Test 0.0001
          RMSE             : Train 25257.1656, Val 34306.3564, Test 42775.4081
          R2_Score         : Train 0.9876, Val 0.9762, Test 0.9643
          MAE              : Train 12236.7290, Val 13656.7185, Test 15097.6476
Best:
          RMSE             : Train 26293.9693, Val 32767.5593, Test 42752.2493
          R2_Score         : Train 0.9865, Val 0.9783, Test 0.9643
          MAE              : Train 12465.1712, Val 13923.0820, Test 15427.0780
Epoch 86: Loss:            : Train 0.0000, Val 0.0001, Test 0.0001
          RMSE             : Train 24991.1008, Val 33511.0920, Test 41828.4875
          R2_Score         : Train 0.9878, Val 0.9773, Test 0.9659
          MAE              : Train 12081.8595, Val 13417.9600, Test 14962.4330
Best:
          RMSE             : Train 26293.9693, Val 32767.5593, Test 42752.2493
          R2_Score         : Train 0.9865, Val 0.9783, Test 0.9643
          MAE              : Train 12465.1712, Val 13923.0820, Test 15427.0780
Epoch 87: Loss:            : Train 0.0000, Val 0.0001, Test 0.0001
          RMSE             : Train 24708.2474, Val 35249.3673, Test 41680.4613
          R2_Score         : Train 0.9881, Val 0.9749, Test 0.9661
          MAE              : Train 11867.0577, Val 14182.7322, Test 15242.2183
Best:
          RMSE             : Train 26293.9693, Val 32767.5593, Test 42752.2493
          R2_Score         : Train 0.9865, Val 0.9783, Test 0.9643
          MAE              : Train 12465.1712, Val 13923.0820, Test 15427.0780
Epoch 88: Loss:            : Train 0.0000, Val 0.0001, Test 0.0001
          RMSE             : Train 25069.8175, Val 33626.9929, Test 41009.8299
          R2_Score         : Train 0.9878, Val 0.9772, Test 0.9672
          MAE              : Train 11918.3681, Val 14115.3024, Test 15274.0784
Best:
          RMSE             : Train 26293.9693, Val 32767.5593, Test 42752.2493
          R2_Score         : Train 0.9865, Val 0.9783, Test 0.9643
          MAE              : Train 12465.1712, Val 13923.0820, Test 15427.0780
Epoch 89: Loss:            : Train 0.0000, Val 0.0001, Test 0.0001
          RMSE             : Train 24691.0716, Val 34202.8912, Test 41085.0925
          R2_Score         : Train 0.9881, Val 0.9764, Test 0.9671
          MAE              : Train 11915.5803, Val 14537.4508, Test 15793.6170
Best:
          RMSE             : Train 26293.9693, Val 32767.5593, Test 42752.2493
          R2_Score         : Train 0.9865, Val 0.9783, Test 0.9643
          MAE              : Train 12465.1712, Val 13923.0820, Test 15427.0780
Epoch 90: Loss:            : Train 0.0000, Val 0.0001, Test 0.0001
          RMSE             : Train 24687.3539, Val 34875.5564, Test 41390.8491
          R2_Score         : Train 0.9881, Val 0.9754, Test 0.9666
          MAE              : Train 11846.7009, Val 13708.8047, Test 14970.8025
Best:
          RMSE             : Train 26293.9693, Val 32767.5593, Test 42752.2493
          R2_Score         : Train 0.9865, Val 0.9783, Test 0.9643
          MAE              : Train 12465.1712, Val 13923.0820, Test 15427.0780
Epoch 91: Loss:            : Train 0.0000, Val 0.0001, Test 0.0001
          RMSE             : Train 24932.7865, Val 34237.2251, Test 41380.1174
          R2_Score         : Train 0.9879, Val 0.9763, Test 0.9666
          MAE              : Train 12050.8848, Val 13553.5149, Test 14804.2456
Best:
          RMSE             : Train 26293.9693, Val 32767.5593, Test 42752.2493
          R2_Score         : Train 0.9865, Val 0.9783, Test 0.9643
          MAE              : Train 12465.1712, Val 13923.0820, Test 15427.0780
Epoch 92: Loss:            : Train 0.0000, Val 0.0001, Test 0.0001
          RMSE             : Train 24738.5805, Val 34710.9912, Test 41845.9529
          R2_Score         : Train 0.9881, Val 0.9757, Test 0.9658
          MAE              : Train 11851.4390, Val 13519.1062, Test 14966.4650
Best:
          RMSE             : Train 26293.9693, Val 32767.5593, Test 42752.2493
          R2_Score         : Train 0.9865, Val 0.9783, Test 0.9643
          MAE              : Train 12465.1712, Val 13923.0820, Test 15427.0780
Epoch 93: Loss:            : Train 0.0000, Val 0.0001, Test 0.0001
          RMSE             : Train 24802.5036, Val 34142.4275, Test 40582.3130
          R2_Score         : Train 0.9880, Val 0.9765, Test 0.9679
          MAE              : Train 11833.1468, Val 14240.5427, Test 15397.8269
Best:
          RMSE             : Train 26293.9693, Val 32767.5593, Test 42752.2493
          R2_Score         : Train 0.9865, Val 0.9783, Test 0.9643
          MAE              : Train 12465.1712, Val 13923.0820, Test 15427.0780
Epoch 94: Loss:            : Train 0.0000, Val 0.0001, Test 0.0001
          RMSE             : Train 24531.5677, Val 33973.6696, Test 40831.1031
          R2_Score         : Train 0.9883, Val 0.9767, Test 0.9675
          MAE              : Train 11878.7131, Val 13500.9328, Test 14774.9281
Best:
          RMSE             : Train 26293.9693, Val 32767.5593, Test 42752.2493
          R2_Score         : Train 0.9865, Val 0.9783, Test 0.9643
          MAE              : Train 12465.1712, Val 13923.0820, Test 15427.0780
Epoch 95: Loss:            : Train 0.0000, Val 0.0001, Test 0.0001
          RMSE             : Train 24556.6460, Val 35432.7493, Test 40663.6066
          R2_Score         : Train 0.9883, Val 0.9746, Test 0.9677
          MAE              : Train 11882.5071, Val 15020.6957, Test 15906.3992
Best:
          RMSE             : Train 26293.9693, Val 32767.5593, Test 42752.2493
          R2_Score         : Train 0.9865, Val 0.9783, Test 0.9643
          MAE              : Train 12465.1712, Val 13923.0820, Test 15427.0780
Epoch 96: Loss:            : Train 0.0000, Val 0.0001, Test 0.0001
          RMSE             : Train 24354.3475, Val 32856.5576, Test 41160.8613
          R2_Score         : Train 0.9885, Val 0.9782, Test 0.9669
          MAE              : Train 11813.6731, Val 13196.1240, Test 14465.5483
Best:
          RMSE             : Train 26293.9693, Val 32767.5593, Test 42752.2493
          R2_Score         : Train 0.9865, Val 0.9783, Test 0.9643
          MAE              : Train 12465.1712, Val 13923.0820, Test 15427.0780
Epoch 97: Loss:            : Train 0.0000, Val 0.0001, Test 0.0001
          RMSE             : Train 24335.8379, Val 33113.4179, Test 40288.6941
          R2_Score         : Train 0.9885, Val 0.9779, Test 0.9683
          MAE              : Train 11800.9916, Val 13109.0591, Test 14301.0158
Best:
          RMSE             : Train 26293.9693, Val 32767.5593, Test 42752.2493
          R2_Score         : Train 0.9865, Val 0.9783, Test 0.9643
          MAE              : Train 12465.1712, Val 13923.0820, Test 15427.0780
Epoch 98: Loss:            : Train 0.0000, Val 0.0001, Test 0.0001
          RMSE             : Train 24278.4759, Val 34251.1698, Test 40817.4952
          R2_Score         : Train 0.9885, Val 0.9763, Test 0.9675
          MAE              : Train 11704.1684, Val 13581.1934, Test 14735.9871
Best:
          RMSE             : Train 26293.9693, Val 32767.5593, Test 42752.2493
          R2_Score         : Train 0.9865, Val 0.9783, Test 0.9643
          MAE              : Train 12465.1712, Val 13923.0820, Test 15427.0780
Epoch 99: Loss:            : Train 0.0000, Val 0.0001, Test 0.0001
          RMSE             : Train 24208.2336, Val 32808.5823, Test 41124.2828
          R2_Score         : Train 0.9886, Val 0.9783, Test 0.9670
          MAE              : Train 11691.4600, Val 13664.7810, Test 15080.2337
Best:
          RMSE             : Train 26293.9693, Val 32767.5593, Test 42752.2493
          R2_Score         : Train 0.9865, Val 0.9783, Test 0.9643
          MAE              : Train 12465.1712, Val 13923.0820, Test 15427.0780
Epoch 100: Loss:            : Train 0.0000, Val 0.0001, Test 0.0001
          RMSE             : Train 24249.7992, Val 34697.7716, Test 40617.5775
          R2_Score         : Train 0.9886, Val 0.9757, Test 0.9678
          MAE              : Train 11756.3592, Val 13704.0956, Test 14781.9057
Best:
          RMSE             : Train 26293.9693, Val 32767.5593, Test 42752.2493
          R2_Score         : Train 0.9865, Val 0.9783, Test 0.9643
          MAE              : Train 12465.1712, Val 13923.0820, Test 15427.0780
Training time (sec): 1760
