Loading loan from data/company/loan_subset_clean.csv
Loading company from data/company/company_subset_clean.csv
Current loan columns Index(['Term', 'NoEmp', 'NewExist', 'CreateJob', 'RetainedJob', 'UrbanRural',
       'DisbursementGross', 'BalanceGross', 'ChgOffPrinGr', 'GrAppv',
       'BankState_al', 'BankState_an', 'BankState_ar', 'BankState_az',
       'BankState_ca', 'BankState_co', 'BankState_ct', 'BankState_dc',
       'BankState_de', 'BankState_en', 'BankState_fl', 'BankState_ga',
       'BankState_gu', 'BankState_hi', 'BankState_ia', 'BankState_id',
       'BankState_il', 'BankState_in', 'BankState_ks', 'BankState_ky',
       'BankState_la', 'BankState_ma', 'BankState_md', 'BankState_me',
       'BankState_mi', 'BankState_mn', 'BankState_mo', 'BankState_ms',
       'BankState_mt', 'BankState_nc', 'BankState_nd', 'BankState_ne',
       'BankState_nh', 'BankState_nj', 'BankState_nm', 'BankState_nv',
       'BankState_ny', 'BankState_oh', 'BankState_ok', 'BankState_or',
       'BankState_pa', 'BankState_pr', 'BankState_ri', 'BankState_sc',
       'BankState_sd', 'BankState_tn', 'BankState_tx', 'BankState_ut',
       'BankState_va', 'BankState_vi', 'BankState_vt', 'BankState_wa',
       'BankState_wi', 'BankState_wv', 'BankState_wy', 'RevLineCr_-',
       'RevLineCr_.', 'RevLineCr_0', 'RevLineCr_1', 'RevLineCr_2',
       'RevLineCr_3', 'RevLineCr_4', 'RevLineCr_5', 'RevLineCr_7',
       'RevLineCr_`', 'RevLineCr_a', 'RevLineCr_c', 'RevLineCr_n',
       'RevLineCr_q', 'RevLineCr_r', 'RevLineCr_t', 'RevLineCr_y', 'LowDoc_1',
       'LowDoc_a', 'LowDoc_c', 'LowDoc_n', 'LowDoc_r', 'LowDoc_s', 'LowDoc_y',
       'MIS_Status_p i f', 'Name'],
      dtype='object')
Current company columns Index(['name', 'current employee estimate', 'total employee estimate',
       'ind_airlines/aviation', 'ind_alternative dispute resolution',
       'ind_alternative medicine', 'ind_animation', 'ind_apparel & fashion',
       'ind_architecture & planning', 'ind_arts and crafts',
       ...
       'ind_wine and spirits', 'ind_wireless', 'ind_writing and editing',
       'sr_10001+', 'sr_1001 - 5000', 'sr_11 - 50', 'sr_201 - 500',
       'sr_5001 - 10000', 'sr_501 - 1000', 'sr_51 - 200'],
      dtype='object', length=157)
Loading data from cache
Done
Calculating noise scale
Standard variance of sim_score: 257.74, Mean: -751.42
Adding noise of scale 0.15666739703226235 to sim_scores
Adding noise of scale 0.15666739703226235 to sim_scores
Adding noise of scale 0.15666739703226235 to sim_scores
Generating top1 dataset
Generating top1 dataset
Generating top1 dataset
Preparing time (sec): 16
Loading data
Prepare for training
Start training
================================================================================
                                    Kernel Shape Output Shape  Params  \
Layer                                                                   
0_local_models.0.fc_layers.Linear_0    [90, 100]  [4096, 100]    9100   
1_local_models.0.fc_layers.Linear_1   [100, 100]  [4096, 100]   10100   
2_local_models.1.fc_layers.Linear_0   [156, 100]  [4096, 100]   15700   
3_local_models.1.fc_layers.Linear_1   [100, 100]  [4096, 100]   10100   
4_agg_model.fc_layers.Linear_0        [200, 200]  [4096, 200]   40200   
5_agg_model.fc_layers.Linear_1          [200, 1]    [4096, 1]     201   

                                     Mult-Adds  
Layer                                           
0_local_models.0.fc_layers.Linear_0       9000  
1_local_models.0.fc_layers.Linear_1      10000  
2_local_models.1.fc_layers.Linear_0      15600  
3_local_models.1.fc_layers.Linear_1      10000  
4_agg_model.fc_layers.Linear_0           40000  
5_agg_model.fc_layers.Linear_1             200  
--------------------------------------------------------------------------------
                      Totals
Total params           85401
Trainable params       85401
Non-trainable params       0
Mult-Adds              84800
================================================================================
n_classes=2
task=regression
model_name=company_top1sim_2022-08-17-09-31-29
sche_threshold=0.0001
sche_patience=10
sche_factor=0.1
use_scheduler=False
num_workers=4
device=cuda:2
test_batch_size=4096
train_batch_size=4096
learning_rate=0.001
weight_decay=1e-05
num_epochs=100
model_save_path=ckp/company_top1sim_2022-08-17-09-31-29.pth
test_rate=0.2
val_rate=0.1
multiprocess_context=fork
metrics=['rmse', 'r2_score', 'mae']
metrics_f=[<metric.rmse.RMSE object at 0x7f6628574b20>, <metric.r2_score.R2Score object at 0x7f6628574dc0>, <metric.mae.MAE object at 0x7f6628574eb0>]
hidden_sizes=[200, 100]
model=SplitNN(
  (agg_model): MLP(
    (fc_layers): ModuleList(
      (0): Linear(in_features=200, out_features=200, bias=True)
      (1): Linear(in_features=200, out_features=1, bias=True)
    )
  )
  (local_models): ModuleList(
    (0): MLP(
      (fc_layers): ModuleList(
        (0): Linear(in_features=90, out_features=100, bias=True)
        (1): Linear(in_features=100, out_features=100, bias=True)
      )
    )
    (1): MLP(
      (fc_layers): ModuleList(
        (0): Linear(in_features=156, out_features=100, bias=True)
        (1): Linear(in_features=100, out_features=100, bias=True)
      )
    )
  )
)
writer=<torch.utils.tensorboard.writer.SummaryWriter object at 0x7f6628574640>
dataset_type=real
drop_key=True
num_common_features=1
tree_radius=0.01
tree_leaf_size=1000
knn_k=50
grid_min=-10.0
grid_max=10.0
grid_width=1.5
sim_scaler=StandardScaler()
filter_top_k=None
link_n_jobs=1
psig_p=4
sim_leak_p=0.01
link_threshold_t=0.1
link_epsilon=0.1
n_hash_lsh=50
edit_distance_threshold=10
n_hash_func=50
collision_rate=0.01
qgram_q=4
link_delta=0.01
feature_wise_sim=False
blocking_method=knn_priv_str
center_threshold=0.5
n_clusters=100
local_hidden_sizes=[[100], [100]]
cut_dims=[100, 100]
agg_hidden_sizes=[200]
scale_analysis=<utils.privacy.SimNoiseScale object at 0x7f6627574490>
data1_shape=(77225, 91)
data2_shape=(220583, 157)
Epoch 1: Loss:            : Train 0.0000, Val 0.1769, Test 0.1767
          RMSE             : Train 1565108.1930, Val 1514031.0339, Test 1513118.0617
          R2_Score         : Train -46.6601, Val -45.2871, Test -43.6854
          MAE              : Train 1548170.4027, Val 1496567.3275, Test 1496144.2129
Best:
          RMSE             : Train 1565108.1930, Val 1514031.0339, Test 1513118.0617
          R2_Score         : Train -46.6601, Val -45.2871, Test -43.6854
          MAE              : Train 1548170.4027, Val 1496567.3275, Test 1496144.2129
Epoch 2: Loss:            : Train 0.0000, Val 0.1548, Test 0.1548
          RMSE             : Train 1470259.3651, Val 1416537.7157, Test 1416118.6524
          R2_Score         : Train -41.0585, Val -39.5178, Test -38.1399
          MAE              : Train 1450992.1422, Val 1396448.6854, Test 1396286.3293
Best:
          RMSE             : Train 1470259.3651, Val 1416537.7157, Test 1416118.6524
          R2_Score         : Train -41.0585, Val -39.5178, Test -38.1399
          MAE              : Train 1450992.1422, Val 1396448.6854, Test 1396286.3293
Epoch 3: Loss:            : Train 0.0000, Val 0.1324, Test 0.1325
          RMSE             : Train 1369054.1483, Val 1309943.6884, Test 1309968.4611
          R2_Score         : Train -35.4676, Val -33.6494, Test -32.4921
          MAE              : Train 1346305.5998, Val 1285926.4361, Test 1285912.0037
Best:
          RMSE             : Train 1369054.1483, Val 1309943.6884, Test 1309968.4611
          R2_Score         : Train -35.4676, Val -33.6494, Test -32.4921
          MAE              : Train 1346305.5998, Val 1285926.4361, Test 1285912.0037
Epoch 4: Loss:            : Train 0.0000, Val 0.1096, Test 0.1097
          RMSE             : Train 1257541.7645, Val 1191987.2527, Test 1192409.5329
          R2_Score         : Train -29.7688, Val -27.6902, Test -26.7505
          MAE              : Train 1229847.7469, Val 1162416.7660, Test 1162470.4979
Best:
          RMSE             : Train 1257541.7645, Val 1191987.2527, Test 1192409.5329
          R2_Score         : Train -29.7688, Val -27.6902, Test -26.7505
          MAE              : Train 1229847.7469, Val 1162416.7660, Test 1162470.4979
Epoch 5: Loss:            : Train 0.0000, Val 0.0872, Test 0.0874
          RMSE             : Train 1134901.4339, Val 1063113.8599, Test 1063934.3587
          R2_Score         : Train -24.0601, Val -21.8218, Test -21.0928
          MAE              : Train 1100591.5564, Val 1026463.3118, Test 1026508.9583
Best:
          RMSE             : Train 1134901.4339, Val 1063113.8599, Test 1063934.3587
          R2_Score         : Train -24.0601, Val -21.8218, Test -21.0928
          MAE              : Train 1100591.5564, Val 1026463.3118, Test 1026508.9583
Epoch 6: Loss:            : Train 0.0000, Val 0.0662, Test 0.0664
          RMSE             : Train 1002501.3056, Val 926477.8077, Test 927730.3222
          R2_Score         : Train -18.5540, Val -16.3325, Test -15.7982
          MAE              : Train 960588.4766, Val 881907.4484, Test 882193.1811
Best:
          RMSE             : Train 1002501.3056, Val 926477.8077, Test 927730.3222
          R2_Score         : Train -18.5540, Val -16.3325, Test -15.7982
          MAE              : Train 960588.4766, Val 881907.4484, Test 882193.1811
Epoch 7: Loss:            : Train 0.0000, Val 0.0478, Test 0.0481
          RMSE             : Train 864784.8934, Val 787399.8001, Test 789104.5712
          R2_Score         : Train -13.5507, Val -11.5193, Test -11.1532
          MAE              : Train 815060.3503, Val 735785.3372, Test 736151.0329
Best:
          RMSE             : Train 864784.8934, Val 787399.8001, Test 789104.5712
          R2_Score         : Train -13.5507, Val -11.5193, Test -11.1532
          MAE              : Train 815060.3503, Val 735785.3372, Test 736151.0329
Epoch 8: Loss:            : Train 0.0000, Val 0.0328, Test 0.0330
          RMSE             : Train 727274.1958, Val 652247.8096, Test 654393.9304
          R2_Score         : Train -9.2911, Val -7.5904, Test -7.3579
          MAE              : Train 671415.3579, Val 595541.2046, Test 596326.1492
Best:
          RMSE             : Train 727274.1958, Val 652247.8096, Test 654393.9304
          R2_Score         : Train -9.2911, Val -7.5904, Test -7.3579
          MAE              : Train 671415.3579, Val 595541.2046, Test 596326.1492
Epoch 9: Loss:            : Train 0.0000, Val 0.0215, Test 0.0217
          RMSE             : Train 597039.9594, Val 527525.1743, Test 530152.4031
          R2_Score         : Train -5.9354, Val -4.6192, Test -4.4856
          MAE              : Train 537532.7881, Val 468566.2863, Test 469675.9475
Best:
          RMSE             : Train 597039.9594, Val 527525.1743, Test 530152.4031
          R2_Score         : Train -5.9354, Val -4.6192, Test -4.4856
          MAE              : Train 537532.7881, Val 468566.2863, Test 469675.9475
Epoch 10: Loss:            : Train 0.0000, Val 0.0136, Test 0.0138
          RMSE             : Train 480054.0249, Val 419588.4086, Test 422766.7016
          R2_Score         : Train -3.4838, Val -2.5550, Test -2.4884
          MAE              : Train 419358.0937, Val 361018.0514, Test 362273.8229
Best:
          RMSE             : Train 480054.0249, Val 419588.4086, Test 422766.7016
          R2_Score         : Train -3.4838, Val -2.5550, Test -2.4884
          MAE              : Train 419358.0937, Val 361018.0514, Test 362273.8229
Epoch 11: Loss:            : Train 0.0000, Val 0.0086, Test 0.0088
          RMSE             : Train 382270.8940, Val 333731.6227, Test 337464.6380
          R2_Score         : Train -1.8432, Val -1.2490, Test -1.2227
          MAE              : Train 321713.0876, Val 275202.5566, Test 276700.9498
Best:
          RMSE             : Train 382270.8940, Val 333731.6227, Test 337464.6380
          R2_Score         : Train -1.8432, Val -1.2490, Test -1.2227
          MAE              : Train 321713.0876, Val 275202.5566, Test 276700.9498
Epoch 12: Loss:            : Train 0.0000, Val 0.0058, Test 0.0059
          RMSE             : Train 307861.5647, Val 272952.1878, Test 277184.2034
          R2_Score         : Train -0.8441, Val -0.5044, Test -0.4995
          MAE              : Train 245941.8480, Val 211384.8578, Test 212539.5088
Best:
          RMSE             : Train 307861.5647, Val 272952.1878, Test 277184.2034
          R2_Score         : Train -0.8441, Val -0.5044, Test -0.4995
          MAE              : Train 245941.8480, Val 211384.8578, Test 212539.5088
Epoch 13: Loss:            : Train 0.0000, Val 0.0043, Test 0.0045
          RMSE             : Train 258955.4830, Val 237008.7841, Test 241594.4536
          R2_Score         : Train -0.3047, Val -0.1343, Test -0.1392
          MAE              : Train 191494.8124, Val 167209.8865, Test 168319.3523
Best:
          RMSE             : Train 258955.4830, Val 237008.7841, Test 241594.4536
          R2_Score         : Train -0.3047, Val -0.1343, Test -0.1392
          MAE              : Train 191494.8124, Val 167209.8865, Test 168319.3523
Epoch 14: Loss:            : Train 0.0000, Val 0.0038, Test 0.0039
          RMSE             : Train 232956.7889, Val 220558.5993, Test 225294.5464
          R2_Score         : Train -0.0559, Val 0.0177, Test 0.0093
          MAE              : Train 155359.0747, Val 139119.4263, Test 140759.2448
Best:
          RMSE             : Train 232956.7889, Val 220558.5993, Test 225294.5464
          R2_Score         : Train -0.0559, Val 0.0177, Test 0.0093
          MAE              : Train 155359.0747, Val 139119.4263, Test 140759.2448
Epoch 15: Loss:            : Train 0.0000, Val 0.0035, Test 0.0036
          RMSE             : Train 221585.3856, Val 211767.6640, Test 216448.3504
          R2_Score         : Train 0.0447, Val 0.0945, Test 0.0856
          MAE              : Train 133714.5214, Val 124909.9490, Test 126783.6371
Best:
          RMSE             : Train 221585.3856, Val 211767.6640, Test 216448.3504
          R2_Score         : Train 0.0447, Val 0.0945, Test 0.0856
          MAE              : Train 133714.5214, Val 124909.9490, Test 126783.6371
Epoch 16: Loss:            : Train 0.0000, Val 0.0030, Test 0.0032
          RMSE             : Train 210902.5095, Val 198247.4990, Test 202536.6422
          R2_Score         : Train 0.1346, Val 0.2064, Test 0.1994
          MAE              : Train 125046.0852, Val 121437.4803, Test 122723.2983
Best:
          RMSE             : Train 210902.5095, Val 198247.4990, Test 202536.6422
          R2_Score         : Train 0.1346, Val 0.2064, Test 0.1994
          MAE              : Train 125046.0852, Val 121437.4803, Test 122723.2983
Epoch 17: Loss:            : Train 0.0000, Val 0.0026, Test 0.0027
          RMSE             : Train 196044.7709, Val 183209.0984, Test 186607.5572
          R2_Score         : Train 0.2522, Val 0.3222, Test 0.3204
          MAE              : Train 122236.1597, Val 118899.0088, Test 119865.6602
Best:
          RMSE             : Train 196044.7709, Val 183209.0984, Test 186607.5572
          R2_Score         : Train 0.2522, Val 0.3222, Test 0.3204
          MAE              : Train 122236.1597, Val 118899.0088, Test 119865.6602
Epoch 18: Loss:            : Train 0.0000, Val 0.0021, Test 0.0022
          RMSE             : Train 179437.7035, Val 166361.7250, Test 168579.6869
          R2_Score         : Train 0.3735, Val 0.4411, Test 0.4453
          MAE              : Train 117235.7357, Val 111253.6072, Test 112234.1677
Best:
          RMSE             : Train 179437.7035, Val 166361.7250, Test 168579.6869
          R2_Score         : Train 0.3735, Val 0.4411, Test 0.4453
          MAE              : Train 117235.7357, Val 111253.6072, Test 112234.1677
Epoch 19: Loss:            : Train 0.0000, Val 0.0017, Test 0.0017
          RMSE             : Train 161030.7747, Val 148036.0540, Test 149033.6944
          R2_Score         : Train 0.4955, Val 0.5575, Test 0.5665
          MAE              : Train 107820.1145, Val 100218.7367, Test 101053.9708
Best:
          RMSE             : Train 161030.7747, Val 148036.0540, Test 149033.6944
          R2_Score         : Train 0.4955, Val 0.5575, Test 0.5665
          MAE              : Train 107820.1145, Val 100218.7367, Test 101053.9708
Epoch 20: Loss:            : Train 0.0000, Val 0.0013, Test 0.0013
          RMSE             : Train 141762.8464, Val 129956.9617, Test 130082.3266
          R2_Score         : Train 0.6090, Val 0.6590, Test 0.6697
          MAE              : Train 95752.5667, Val 87479.6435, Test 88424.9452
Best:
          RMSE             : Train 141762.8464, Val 129956.9617, Test 130082.3266
          R2_Score         : Train 0.6090, Val 0.6590, Test 0.6697
          MAE              : Train 95752.5667, Val 87479.6435, Test 88424.9452
Epoch 21: Loss:            : Train 0.0000, Val 0.0010, Test 0.0010
          RMSE             : Train 123841.0916, Val 114589.6916, Test 114762.0096
          R2_Score         : Train 0.7016, Val 0.7349, Test 0.7430
          MAE              : Train 83052.6292, Val 74994.2434, Test 75980.9928
Best:
          RMSE             : Train 123841.0916, Val 114589.6916, Test 114762.0096
          R2_Score         : Train 0.7016, Val 0.7349, Test 0.7430
          MAE              : Train 83052.6292, Val 74994.2434, Test 75980.9928
Epoch 22: Loss:            : Train 0.0000, Val 0.0008, Test 0.0008
          RMSE             : Train 110132.9311, Val 103342.4677, Test 104373.0024
          R2_Score         : Train 0.7640, Val 0.7844, Test 0.7874
          MAE              : Train 70783.1708, Val 63323.2355, Test 64741.7052
Best:
          RMSE             : Train 110132.9311, Val 103342.4677, Test 104373.0024
          R2_Score         : Train 0.7640, Val 0.7844, Test 0.7874
          MAE              : Train 70783.1708, Val 63323.2355, Test 64741.7052
Epoch 23: Loss:            : Train 0.0000, Val 0.0007, Test 0.0007
          RMSE             : Train 100178.8843, Val 94261.6118, Test 96427.8944
          R2_Score         : Train 0.8047, Val 0.8206, Test 0.8185
          MAE              : Train 60618.5620, Val 55852.2119, Test 57604.7420
Best:
          RMSE             : Train 100178.8843, Val 94261.6118, Test 96427.8944
          R2_Score         : Train 0.8047, Val 0.8206, Test 0.8185
          MAE              : Train 60618.5620, Val 55852.2119, Test 57604.7420
Epoch 24: Loss:            : Train 0.0000, Val 0.0006, Test 0.0006
          RMSE             : Train 91423.6824, Val 85949.8737, Test 89263.6651
          R2_Score         : Train 0.8374, Val 0.8508, Test 0.8445
          MAE              : Train 55060.8186, Val 51853.2907, Test 53615.4658
Best:
          RMSE             : Train 91423.6824, Val 85949.8737, Test 89263.6651
          R2_Score         : Train 0.8374, Val 0.8508, Test 0.8445
          MAE              : Train 55060.8186, Val 51853.2907, Test 53615.4658
Epoch 25: Loss:            : Train 0.0000, Val 0.0005, Test 0.0005
          RMSE             : Train 83436.7528, Val 78959.2898, Test 83134.2154
          R2_Score         : Train 0.8645, Val 0.8741, Test 0.8651
          MAE              : Train 50709.0605, Val 47761.5850, Test 49426.7902
Best:
          RMSE             : Train 83436.7528, Val 78959.2898, Test 83134.2154
          R2_Score         : Train 0.8645, Val 0.8741, Test 0.8651
          MAE              : Train 50709.0605, Val 47761.5850, Test 49426.7902
Epoch 26: Loss:            : Train 0.0000, Val 0.0004, Test 0.0005
          RMSE             : Train 76762.1175, Val 73265.9830, Test 77928.2674
          R2_Score         : Train 0.8854, Val 0.8916, Test 0.8815
          MAE              : Train 46447.5038, Val 43928.5994, Test 45379.7467
Best:
          RMSE             : Train 76762.1175, Val 73265.9830, Test 77928.2674
          R2_Score         : Train 0.8854, Val 0.8916, Test 0.8815
          MAE              : Train 46447.5038, Val 43928.5994, Test 45379.7467
Epoch 27: Loss:            : Train 0.0000, Val 0.0004, Test 0.0004
          RMSE             : Train 71278.3989, Val 68731.9589, Test 73677.9808
          R2_Score         : Train 0.9011, Val 0.9046, Test 0.8941
          MAE              : Train 42859.1936, Val 40942.6059, Test 42244.6587
Best:
          RMSE             : Train 71278.3989, Val 68731.9589, Test 73677.9808
          R2_Score         : Train 0.9011, Val 0.9046, Test 0.8941
          MAE              : Train 42859.1936, Val 40942.6059, Test 42244.6587
Epoch 28: Loss:            : Train 0.0000, Val 0.0003, Test 0.0004
          RMSE             : Train 67079.0401, Val 65229.6141, Test 70238.3588
          R2_Score         : Train 0.9125, Val 0.9141, Test 0.9037
          MAE              : Train 39810.8664, Val 38321.1340, Test 39538.2347
Best:
          RMSE             : Train 67079.0401, Val 65229.6141, Test 70238.3588
          R2_Score         : Train 0.9125, Val 0.9141, Test 0.9037
          MAE              : Train 39810.8664, Val 38321.1340, Test 39538.2347
Epoch 29: Loss:            : Train 0.0000, Val 0.0003, Test 0.0004
          RMSE             : Train 63899.9004, Val 62723.7693, Test 68144.6243
          R2_Score         : Train 0.9206, Val 0.9206, Test 0.9094
          MAE              : Train 37715.9491, Val 36689.8999, Test 37969.5383
Best:
          RMSE             : Train 63899.9004, Val 62723.7693, Test 68144.6243
          R2_Score         : Train 0.9206, Val 0.9206, Test 0.9094
          MAE              : Train 37715.9491, Val 36689.8999, Test 37969.5383
Epoch 30: Loss:            : Train 0.0000, Val 0.0003, Test 0.0003
          RMSE             : Train 61894.1084, Val 61091.2784, Test 66164.8070
          R2_Score         : Train 0.9255, Val 0.9246, Test 0.9146
          MAE              : Train 35875.8892, Val 34791.4868, Test 35983.2576
Best:
          RMSE             : Train 61894.1084, Val 61091.2784, Test 66164.8070
          R2_Score         : Train 0.9255, Val 0.9246, Test 0.9146
          MAE              : Train 35875.8892, Val 34791.4868, Test 35983.2576
Epoch 31: Loss:            : Train 0.0000, Val 0.0003, Test 0.0003
          RMSE             : Train 59672.0007, Val 59563.6913, Test 64496.2679
          R2_Score         : Train 0.9307, Val 0.9284, Test 0.9188
          MAE              : Train 34425.2843, Val 33659.3618, Test 34929.8109
Best:
          RMSE             : Train 59672.0007, Val 59563.6913, Test 64496.2679
          R2_Score         : Train 0.9307, Val 0.9284, Test 0.9188
          MAE              : Train 34425.2843, Val 33659.3618, Test 34929.8109
Epoch 32: Loss:            : Train 0.0000, Val 0.0003, Test 0.0003
          RMSE             : Train 57937.6952, Val 58272.4268, Test 62829.4652
          R2_Score         : Train 0.9347, Val 0.9314, Test 0.9230
          MAE              : Train 33077.7273, Val 32645.0025, Test 33801.6614
Best:
          RMSE             : Train 57937.6952, Val 58272.4268, Test 62829.4652
          R2_Score         : Train 0.9347, Val 0.9314, Test 0.9230
          MAE              : Train 33077.7273, Val 32645.0025, Test 33801.6614
Epoch 33: Loss:            : Train 0.0000, Val 0.0002, Test 0.0003
          RMSE             : Train 56283.1669, Val 56169.2408, Test 61313.2511
          R2_Score         : Train 0.9384, Val 0.9363, Test 0.9266
          MAE              : Train 32001.8073, Val 31284.4976, Test 32619.7435
Best:
          RMSE             : Train 56283.1669, Val 56169.2408, Test 61313.2511
          R2_Score         : Train 0.9384, Val 0.9363, Test 0.9266
          MAE              : Train 32001.8073, Val 31284.4976, Test 32619.7435
Epoch 34: Loss:            : Train 0.0000, Val 0.0002, Test 0.0003
          RMSE             : Train 54962.6539, Val 54909.7230, Test 60248.0595
          R2_Score         : Train 0.9412, Val 0.9391, Test 0.9292
          MAE              : Train 31029.7359, Val 30448.9024, Test 31764.8445
Best:
          RMSE             : Train 54962.6539, Val 54909.7230, Test 60248.0595
          R2_Score         : Train 0.9412, Val 0.9391, Test 0.9292
          MAE              : Train 31029.7359, Val 30448.9024, Test 31764.8445
Epoch 35: Loss:            : Train 0.0000, Val 0.0002, Test 0.0003
          RMSE             : Train 53686.2449, Val 54311.4239, Test 59112.0940
          R2_Score         : Train 0.9439, Val 0.9404, Test 0.9318
          MAE              : Train 30046.2075, Val 29790.2247, Test 31006.6504
Best:
          RMSE             : Train 53686.2449, Val 54311.4239, Test 59112.0940
          R2_Score         : Train 0.9439, Val 0.9404, Test 0.9318
          MAE              : Train 30046.2075, Val 29790.2247, Test 31006.6504
Epoch 36: Loss:            : Train 0.0000, Val 0.0002, Test 0.0003
          RMSE             : Train 52647.9894, Val 52992.8325, Test 58315.4204
          R2_Score         : Train 0.9461, Val 0.9433, Test 0.9336
          MAE              : Train 29507.7726, Val 29029.1856, Test 30376.7617
Best:
          RMSE             : Train 52647.9894, Val 52992.8325, Test 58315.4204
          R2_Score         : Train 0.9461, Val 0.9433, Test 0.9336
          MAE              : Train 29507.7726, Val 29029.1856, Test 30376.7617
Epoch 37: Loss:            : Train 0.0000, Val 0.0002, Test 0.0003
          RMSE             : Train 51823.0956, Val 52562.8568, Test 57412.4671
          R2_Score         : Train 0.9477, Val 0.9442, Test 0.9357
          MAE              : Train 28866.7780, Val 28528.3280, Test 29783.6054
Best:
          RMSE             : Train 51823.0956, Val 52562.8568, Test 57412.4671
          R2_Score         : Train 0.9477, Val 0.9442, Test 0.9357
          MAE              : Train 28866.7780, Val 28528.3280, Test 29783.6054
Epoch 38: Loss:            : Train 0.0000, Val 0.0002, Test 0.0002
          RMSE             : Train 50886.2043, Val 51469.5506, Test 56571.8782
          R2_Score         : Train 0.9496, Val 0.9465, Test 0.9375
          MAE              : Train 28208.7850, Val 27877.3041, Test 29190.2388
Best:
          RMSE             : Train 50886.2043, Val 51469.5506, Test 56571.8782
          R2_Score         : Train 0.9496, Val 0.9465, Test 0.9375
          MAE              : Train 28208.7850, Val 27877.3041, Test 29190.2388
Epoch 39: Loss:            : Train 0.0000, Val 0.0002, Test 0.0002
          RMSE             : Train 50066.7223, Val 51086.6679, Test 56193.0511
          R2_Score         : Train 0.9512, Val 0.9473, Test 0.9384
          MAE              : Train 27697.0974, Val 28156.4516, Test 29377.0894
Best:
          RMSE             : Train 50066.7223, Val 51086.6679, Test 56193.0511
          R2_Score         : Train 0.9512, Val 0.9473, Test 0.9384
          MAE              : Train 27697.0974, Val 28156.4516, Test 29377.0894
Epoch 40: Loss:            : Train 0.0000, Val 0.0002, Test 0.0002
          RMSE             : Train 49411.6292, Val 50396.1530, Test 55477.7686
          R2_Score         : Train 0.9525, Val 0.9487, Test 0.9399
          MAE              : Train 27409.7094, Val 27102.5662, Test 28402.7662
Best:
          RMSE             : Train 49411.6292, Val 50396.1530, Test 55477.7686
          R2_Score         : Train 0.9525, Val 0.9487, Test 0.9399
          MAE              : Train 27409.7094, Val 27102.5662, Test 28402.7662
Epoch 41: Loss:            : Train 0.0000, Val 0.0002, Test 0.0002
          RMSE             : Train 48626.2075, Val 50044.3134, Test 54801.4829
          R2_Score         : Train 0.9540, Val 0.9494, Test 0.9414
          MAE              : Train 26887.8362, Val 27272.9619, Test 28457.1476
Best:
          RMSE             : Train 48626.2075, Val 50044.3134, Test 54801.4829
          R2_Score         : Train 0.9540, Val 0.9494, Test 0.9414
          MAE              : Train 26887.8362, Val 27272.9619, Test 28457.1476
Epoch 42: Loss:            : Train 0.0000, Val 0.0002, Test 0.0002
          RMSE             : Train 47969.4210, Val 49540.4731, Test 54049.5155
          R2_Score         : Train 0.9552, Val 0.9504, Test 0.9430
          MAE              : Train 26485.6953, Val 26461.5625, Test 27601.4305
Best:
          RMSE             : Train 47969.4210, Val 49540.4731, Test 54049.5155
          R2_Score         : Train 0.9552, Val 0.9504, Test 0.9430
          MAE              : Train 26485.6953, Val 26461.5625, Test 27601.4305
Epoch 43: Loss:            : Train 0.0000, Val 0.0002, Test 0.0002
          RMSE             : Train 47147.1908, Val 48808.4316, Test 53865.3471
          R2_Score         : Train 0.9568, Val 0.9519, Test 0.9434
          MAE              : Train 26168.9377, Val 26139.2048, Test 27315.3321
Best:
          RMSE             : Train 47147.1908, Val 48808.4316, Test 53865.3471
          R2_Score         : Train 0.9568, Val 0.9519, Test 0.9434
          MAE              : Train 26168.9377, Val 26139.2048, Test 27315.3321
Epoch 44: Loss:            : Train 0.0000, Val 0.0002, Test 0.0002
          RMSE             : Train 46918.4820, Val 48487.3675, Test 53221.1142
          R2_Score         : Train 0.9572, Val 0.9525, Test 0.9447
          MAE              : Train 25940.0166, Val 26023.2072, Test 27184.0821
Best:
          RMSE             : Train 46918.4820, Val 48487.3675, Test 53221.1142
          R2_Score         : Train 0.9572, Val 0.9525, Test 0.9447
          MAE              : Train 25940.0166, Val 26023.2072, Test 27184.0821
Epoch 45: Loss:            : Train 0.0000, Val 0.0002, Test 0.0002
          RMSE             : Train 46024.7054, Val 48781.9262, Test 52785.0185
          R2_Score         : Train 0.9588, Val 0.9519, Test 0.9456
          MAE              : Train 25517.9974, Val 25903.3176, Test 26873.4691
Best:
          RMSE             : Train 46918.4820, Val 48487.3675, Test 53221.1142
          R2_Score         : Train 0.9572, Val 0.9525, Test 0.9447
          MAE              : Train 25940.0166, Val 26023.2072, Test 27184.0821
Epoch 46: Loss:            : Train 0.0000, Val 0.0002, Test 0.0002
          RMSE             : Train 45754.6154, Val 48361.2554, Test 53191.5201
          R2_Score         : Train 0.9593, Val 0.9528, Test 0.9448
          MAE              : Train 25395.2519, Val 25709.1454, Test 26801.0001
Best:
          RMSE             : Train 45754.6154, Val 48361.2554, Test 53191.5201
          R2_Score         : Train 0.9593, Val 0.9528, Test 0.9448
          MAE              : Train 25395.2519, Val 25709.1454, Test 26801.0001
Epoch 47: Loss:            : Train 0.0000, Val 0.0002, Test 0.0002
          RMSE             : Train 45713.5487, Val 48256.6491, Test 52945.3845
          R2_Score         : Train 0.9593, Val 0.9530, Test 0.9453
          MAE              : Train 25293.2028, Val 25948.7086, Test 27139.3240
Best:
          RMSE             : Train 45713.5487, Val 48256.6491, Test 52945.3845
          R2_Score         : Train 0.9593, Val 0.9530, Test 0.9453
          MAE              : Train 25293.2028, Val 25948.7086, Test 27139.3240
Epoch 48: Loss:            : Train 0.0000, Val 0.0002, Test 0.0002
          RMSE             : Train 45166.0479, Val 49112.7840, Test 52792.5958
          R2_Score         : Train 0.9603, Val 0.9513, Test 0.9456
          MAE              : Train 24923.8263, Val 26000.4064, Test 26726.1797
Best:
          RMSE             : Train 45713.5487, Val 48256.6491, Test 52945.3845
          R2_Score         : Train 0.9593, Val 0.9530, Test 0.9453
          MAE              : Train 25293.2028, Val 25948.7086, Test 27139.3240
Epoch 49: Loss:            : Train 0.0000, Val 0.0002, Test 0.0002
          RMSE             : Train 44678.8874, Val 47297.4360, Test 51755.8125
          R2_Score         : Train 0.9612, Val 0.9548, Test 0.9477
          MAE              : Train 24779.0176, Val 25019.1597, Test 26034.9104
Best:
          RMSE             : Train 44678.8874, Val 47297.4360, Test 51755.8125
          R2_Score         : Train 0.9612, Val 0.9548, Test 0.9477
          MAE              : Train 24779.0176, Val 25019.1597, Test 26034.9104
Epoch 50: Loss:            : Train 0.0000, Val 0.0002, Test 0.0002
          RMSE             : Train 43920.8581, Val 47141.8062, Test 51558.4489
          R2_Score         : Train 0.9625, Val 0.9551, Test 0.9481
          MAE              : Train 24408.7245, Val 24840.7542, Test 25909.0307
Best:
          RMSE             : Train 43920.8581, Val 47141.8062, Test 51558.4489
          R2_Score         : Train 0.9625, Val 0.9551, Test 0.9481
          MAE              : Train 24408.7245, Val 24840.7542, Test 25909.0307
Epoch 51: Loss:            : Train 0.0000, Val 0.0002, Test 0.0002
          RMSE             : Train 43517.1363, Val 47129.4866, Test 51550.6769
          R2_Score         : Train 0.9632, Val 0.9551, Test 0.9481
          MAE              : Train 24027.5821, Val 24884.0681, Test 25806.7294
Best:
          RMSE             : Train 43517.1363, Val 47129.4866, Test 51550.6769
          R2_Score         : Train 0.9632, Val 0.9551, Test 0.9481
          MAE              : Train 24027.5821, Val 24884.0681, Test 25806.7294
Epoch 52: Loss:            : Train 0.0000, Val 0.0002, Test 0.0002
          RMSE             : Train 43150.2340, Val 47216.7024, Test 50891.8442
          R2_Score         : Train 0.9638, Val 0.9550, Test 0.9495
          MAE              : Train 24006.3234, Val 24831.1580, Test 25524.9931
Best:
          RMSE             : Train 43517.1363, Val 47129.4866, Test 51550.6769
          R2_Score         : Train 0.9632, Val 0.9551, Test 0.9481
          MAE              : Train 24027.5821, Val 24884.0681, Test 25806.7294
Epoch 53: Loss:            : Train 0.0000, Val 0.0002, Test 0.0002
          RMSE             : Train 42741.8566, Val 46206.8603, Test 51173.1843
          R2_Score         : Train 0.9645, Val 0.9569, Test 0.9489
          MAE              : Train 23689.1978, Val 24262.9894, Test 25314.8797
Best:
          RMSE             : Train 42741.8566, Val 46206.8603, Test 51173.1843
          R2_Score         : Train 0.9645, Val 0.9569, Test 0.9489
          MAE              : Train 23689.1978, Val 24262.9894, Test 25314.8797
Epoch 54: Loss:            : Train 0.0000, Val 0.0002, Test 0.0002
          RMSE             : Train 42683.5488, Val 46412.1763, Test 50574.7614
          R2_Score         : Train 0.9646, Val 0.9565, Test 0.9501
          MAE              : Train 23602.1970, Val 24296.5515, Test 25104.0772
Best:
          RMSE             : Train 42741.8566, Val 46206.8603, Test 51173.1843
          R2_Score         : Train 0.9645, Val 0.9569, Test 0.9489
          MAE              : Train 23689.1978, Val 24262.9894, Test 25314.8797
Epoch 55: Loss:            : Train 0.0000, Val 0.0002, Test 0.0002
          RMSE             : Train 41969.8576, Val 46527.4691, Test 50295.4458
          R2_Score         : Train 0.9657, Val 0.9563, Test 0.9506
          MAE              : Train 23215.9584, Val 24172.9738, Test 24951.8731
Best:
          RMSE             : Train 42741.8566, Val 46206.8603, Test 51173.1843
          R2_Score         : Train 0.9645, Val 0.9569, Test 0.9489
          MAE              : Train 23689.1978, Val 24262.9894, Test 25314.8797
Epoch 56: Loss:            : Train 0.0000, Val 0.0002, Test 0.0002
          RMSE             : Train 41724.2433, Val 46685.6978, Test 50409.0500
          R2_Score         : Train 0.9661, Val 0.9560, Test 0.9504
          MAE              : Train 23098.8529, Val 24191.7211, Test 24876.2491
Best:
          RMSE             : Train 42741.8566, Val 46206.8603, Test 51173.1843
          R2_Score         : Train 0.9645, Val 0.9569, Test 0.9489
          MAE              : Train 23689.1978, Val 24262.9894, Test 25314.8797
Epoch 57: Loss:            : Train 0.0000, Val 0.0002, Test 0.0002
          RMSE             : Train 41510.1303, Val 45836.9589, Test 49747.0835
          R2_Score         : Train 0.9665, Val 0.9576, Test 0.9517
          MAE              : Train 23063.7763, Val 23861.7421, Test 24599.1410
Best:
          RMSE             : Train 41510.1303, Val 45836.9589, Test 49747.0835
          R2_Score         : Train 0.9665, Val 0.9576, Test 0.9517
          MAE              : Train 23063.7763, Val 23861.7421, Test 24599.1410
Epoch 58: Loss:            : Train 0.0000, Val 0.0002, Test 0.0002
          RMSE             : Train 41096.5944, Val 45503.4909, Test 50410.9464
          R2_Score         : Train 0.9671, Val 0.9582, Test 0.9504
          MAE              : Train 22897.6868, Val 23584.5776, Test 24545.8619
Best:
          RMSE             : Train 41096.5944, Val 45503.4909, Test 50410.9464
          R2_Score         : Train 0.9671, Val 0.9582, Test 0.9504
          MAE              : Train 22897.6868, Val 23584.5776, Test 24545.8619
Epoch 59: Loss:            : Train 0.0000, Val 0.0002, Test 0.0002
          RMSE             : Train 40773.2283, Val 45977.3752, Test 49632.7399
          R2_Score         : Train 0.9677, Val 0.9573, Test 0.9519
          MAE              : Train 22693.6284, Val 23751.3308, Test 24445.6502
Best:
          RMSE             : Train 41096.5944, Val 45503.4909, Test 50410.9464
          R2_Score         : Train 0.9671, Val 0.9582, Test 0.9504
          MAE              : Train 22897.6868, Val 23584.5776, Test 24545.8619
Epoch 60: Loss:            : Train 0.0000, Val 0.0002, Test 0.0002
          RMSE             : Train 40549.2071, Val 45058.2725, Test 49350.7259
          R2_Score         : Train 0.9680, Val 0.9590, Test 0.9525
          MAE              : Train 22417.8193, Val 23374.1467, Test 24158.3670
Best:
          RMSE             : Train 40549.2071, Val 45058.2725, Test 49350.7259
          R2_Score         : Train 0.9680, Val 0.9590, Test 0.9525
          MAE              : Train 22417.8193, Val 23374.1467, Test 24158.3670
Epoch 61: Loss:            : Train 0.0000, Val 0.0002, Test 0.0002
          RMSE             : Train 40005.4396, Val 44950.6295, Test 49446.6572
          R2_Score         : Train 0.9689, Val 0.9592, Test 0.9523
          MAE              : Train 22288.1497, Val 23265.1299, Test 24147.1335
Best:
          RMSE             : Train 40005.4396, Val 44950.6295, Test 49446.6572
          R2_Score         : Train 0.9689, Val 0.9592, Test 0.9523
          MAE              : Train 22288.1497, Val 23265.1299, Test 24147.1335
Epoch 62: Loss:            : Train 0.0000, Val 0.0002, Test 0.0002
          RMSE             : Train 39789.0297, Val 45108.3387, Test 50192.7191
          R2_Score         : Train 0.9692, Val 0.9589, Test 0.9508
          MAE              : Train 22062.1647, Val 23605.0706, Test 24603.9500
Best:
          RMSE             : Train 40005.4396, Val 44950.6295, Test 49446.6572
          R2_Score         : Train 0.9689, Val 0.9592, Test 0.9523
          MAE              : Train 22288.1497, Val 23265.1299, Test 24147.1335
Epoch 63: Loss:            : Train 0.0000, Val 0.0002, Test 0.0002
          RMSE             : Train 39614.2909, Val 45162.9524, Test 49254.1833
          R2_Score         : Train 0.9695, Val 0.9588, Test 0.9527
          MAE              : Train 21953.4443, Val 23151.2826, Test 23861.5140
Best:
          RMSE             : Train 40005.4396, Val 44950.6295, Test 49446.6572
          R2_Score         : Train 0.9689, Val 0.9592, Test 0.9523
          MAE              : Train 22288.1497, Val 23265.1299, Test 24147.1335
Epoch 64: Loss:            : Train 0.0000, Val 0.0002, Test 0.0002
          RMSE             : Train 39228.0755, Val 44796.0357, Test 48996.8596
          R2_Score         : Train 0.9701, Val 0.9595, Test 0.9531
          MAE              : Train 21804.8909, Val 22882.7329, Test 23642.5292
Best:
          RMSE             : Train 39228.0755, Val 44796.0357, Test 48996.8596
          R2_Score         : Train 0.9701, Val 0.9595, Test 0.9531
          MAE              : Train 21804.8909, Val 22882.7329, Test 23642.5292
Epoch 65: Loss:            : Train 0.0000, Val 0.0002, Test 0.0002
          RMSE             : Train 39064.9222, Val 44567.0772, Test 48677.4859
          R2_Score         : Train 0.9703, Val 0.9599, Test 0.9538
          MAE              : Train 21536.2364, Val 22740.6436, Test 23447.5152
Best:
          RMSE             : Train 39064.9222, Val 44567.0772, Test 48677.4859
          R2_Score         : Train 0.9703, Val 0.9599, Test 0.9538
          MAE              : Train 21536.2364, Val 22740.6436, Test 23447.5152
Epoch 66: Loss:            : Train 0.0000, Val 0.0001, Test 0.0002
          RMSE             : Train 38678.2580, Val 43872.1935, Test 48425.9634
          R2_Score         : Train 0.9709, Val 0.9611, Test 0.9542
          MAE              : Train 21400.2924, Val 22479.7315, Test 23252.8618
Best:
          RMSE             : Train 38678.2580, Val 43872.1935, Test 48425.9634
          R2_Score         : Train 0.9709, Val 0.9611, Test 0.9542
          MAE              : Train 21400.2924, Val 22479.7315, Test 23252.8618
Epoch 67: Loss:            : Train 0.0000, Val 0.0001, Test 0.0002
          RMSE             : Train 38503.9602, Val 43829.8415, Test 49098.1289
          R2_Score         : Train 0.9712, Val 0.9612, Test 0.9530
          MAE              : Train 21290.8218, Val 22490.0123, Test 23322.6308
Best:
          RMSE             : Train 38503.9602, Val 43829.8415, Test 49098.1289
          R2_Score         : Train 0.9712, Val 0.9612, Test 0.9530
          MAE              : Train 21290.8218, Val 22490.0123, Test 23322.6308
Epoch 68: Loss:            : Train 0.0000, Val 0.0002, Test 0.0002
          RMSE             : Train 38397.0584, Val 44084.9507, Test 48364.0241
          R2_Score         : Train 0.9713, Val 0.9608, Test 0.9543
          MAE              : Train 21109.7702, Val 22476.3934, Test 23225.1903
Best:
          RMSE             : Train 38503.9602, Val 43829.8415, Test 49098.1289
          R2_Score         : Train 0.9712, Val 0.9612, Test 0.9530
          MAE              : Train 21290.8218, Val 22490.0123, Test 23322.6308
Epoch 69: Loss:            : Train 0.0000, Val 0.0001, Test 0.0002
          RMSE             : Train 38111.3259, Val 44073.8208, Test 48194.6454
          R2_Score         : Train 0.9717, Val 0.9608, Test 0.9547
          MAE              : Train 21039.7985, Val 22278.9171, Test 22972.6030
Best:
          RMSE             : Train 38503.9602, Val 43829.8415, Test 49098.1289
          R2_Score         : Train 0.9712, Val 0.9612, Test 0.9530
          MAE              : Train 21290.8218, Val 22490.0123, Test 23322.6308
Epoch 70: Loss:            : Train 0.0000, Val 0.0002, Test 0.0002
          RMSE             : Train 38144.8888, Val 44299.9778, Test 49600.8797
          R2_Score         : Train 0.9717, Val 0.9604, Test 0.9520
          MAE              : Train 20949.6561, Val 22648.4810, Test 23622.2494
Best:
          RMSE             : Train 38503.9602, Val 43829.8415, Test 49098.1289
          R2_Score         : Train 0.9712, Val 0.9612, Test 0.9530
          MAE              : Train 21290.8218, Val 22490.0123, Test 23322.6308
Epoch 71: Loss:            : Train 0.0000, Val 0.0002, Test 0.0002
          RMSE             : Train 38404.9460, Val 44681.8269, Test 48506.3459
          R2_Score         : Train 0.9713, Val 0.9597, Test 0.9541
          MAE              : Train 21180.9290, Val 22517.5684, Test 23080.3638
Best:
          RMSE             : Train 38503.9602, Val 43829.8415, Test 49098.1289
          R2_Score         : Train 0.9712, Val 0.9612, Test 0.9530
          MAE              : Train 21290.8218, Val 22490.0123, Test 23322.6308
Epoch 72: Loss:            : Train 0.0000, Val 0.0001, Test 0.0002
          RMSE             : Train 37650.3639, Val 43494.6781, Test 48432.5531
          R2_Score         : Train 0.9724, Val 0.9618, Test 0.9542
          MAE              : Train 20668.7701, Val 22011.6012, Test 22841.5107
Best:
          RMSE             : Train 37650.3639, Val 43494.6781, Test 48432.5531
          R2_Score         : Train 0.9724, Val 0.9618, Test 0.9542
          MAE              : Train 20668.7701, Val 22011.6012, Test 22841.5107
Epoch 73: Loss:            : Train 0.0000, Val 0.0001, Test 0.0002
          RMSE             : Train 37612.2584, Val 43426.7298, Test 48150.4940
          R2_Score         : Train 0.9725, Val 0.9619, Test 0.9547
          MAE              : Train 20611.9663, Val 21908.0146, Test 22716.8958
Best:
          RMSE             : Train 37612.2584, Val 43426.7298, Test 48150.4940
          R2_Score         : Train 0.9725, Val 0.9619, Test 0.9547
          MAE              : Train 20611.9663, Val 21908.0146, Test 22716.8958
Epoch 74: Loss:            : Train 0.0000, Val 0.0002, Test 0.0002
          RMSE             : Train 37710.4448, Val 44472.7781, Test 48265.3319
          R2_Score         : Train 0.9723, Val 0.9601, Test 0.9545
          MAE              : Train 20597.9701, Val 22429.3642, Test 22938.9918
Best:
          RMSE             : Train 37612.2584, Val 43426.7298, Test 48150.4940
          R2_Score         : Train 0.9725, Val 0.9619, Test 0.9547
          MAE              : Train 20611.9663, Val 21908.0146, Test 22716.8958
Epoch 75: Loss:            : Train 0.0000, Val 0.0001, Test 0.0002
          RMSE             : Train 37428.2472, Val 42640.9875, Test 47788.4977
          R2_Score         : Train 0.9727, Val 0.9633, Test 0.9554
          MAE              : Train 20434.5945, Val 21709.4967, Test 22496.1431
Best:
          RMSE             : Train 37428.2472, Val 42640.9875, Test 47788.4977
          R2_Score         : Train 0.9727, Val 0.9633, Test 0.9554
          MAE              : Train 20434.5945, Val 21709.4967, Test 22496.1431
Epoch 76: Loss:            : Train 0.0000, Val 0.0001, Test 0.0002
          RMSE             : Train 36830.0736, Val 42643.1915, Test 47704.5395
          R2_Score         : Train 0.9736, Val 0.9633, Test 0.9556
          MAE              : Train 20239.2066, Val 21473.9066, Test 22266.1872
Best:
          RMSE             : Train 37428.2472, Val 42640.9875, Test 47788.4977
          R2_Score         : Train 0.9727, Val 0.9633, Test 0.9554
          MAE              : Train 20434.5945, Val 21709.4967, Test 22496.1431
Epoch 77: Loss:            : Train 0.0000, Val 0.0001, Test 0.0002
          RMSE             : Train 36767.0911, Val 42629.2540, Test 47401.1637
          R2_Score         : Train 0.9737, Val 0.9633, Test 0.9561
          MAE              : Train 20058.0451, Val 21416.9335, Test 22099.1646
Best:
          RMSE             : Train 36767.0911, Val 42629.2540, Test 47401.1637
          R2_Score         : Train 0.9737, Val 0.9633, Test 0.9561
          MAE              : Train 20058.0451, Val 21416.9335, Test 22099.1646
Epoch 78: Loss:            : Train 0.0000, Val 0.0001, Test 0.0002
          RMSE             : Train 36650.4752, Val 43025.3448, Test 47688.8302
          R2_Score         : Train 0.9739, Val 0.9626, Test 0.9556
          MAE              : Train 19958.6080, Val 21476.9670, Test 22162.2532
Best:
          RMSE             : Train 36767.0911, Val 42629.2540, Test 47401.1637
          R2_Score         : Train 0.9737, Val 0.9633, Test 0.9561
          MAE              : Train 20058.0451, Val 21416.9335, Test 22099.1646
Epoch 79: Loss:            : Train 0.0000, Val 0.0001, Test 0.0002
          RMSE             : Train 36450.7943, Val 42729.5464, Test 47629.1048
          R2_Score         : Train 0.9741, Val 0.9631, Test 0.9557
          MAE              : Train 19886.9357, Val 21805.0828, Test 22523.1873
Best:
          RMSE             : Train 36767.0911, Val 42629.2540, Test 47401.1637
          R2_Score         : Train 0.9737, Val 0.9633, Test 0.9561
          MAE              : Train 20058.0451, Val 21416.9335, Test 22099.1646
Epoch 80: Loss:            : Train 0.0000, Val 0.0001, Test 0.0002
          RMSE             : Train 36251.4244, Val 42269.7633, Test 47130.2819
          R2_Score         : Train 0.9744, Val 0.9639, Test 0.9566
          MAE              : Train 19883.1305, Val 21254.5505, Test 21967.4079
Best:
          RMSE             : Train 36251.4244, Val 42269.7633, Test 47130.2819
          R2_Score         : Train 0.9744, Val 0.9639, Test 0.9566
          MAE              : Train 19883.1305, Val 21254.5505, Test 21967.4079
Epoch 81: Loss:            : Train 0.0000, Val 0.0001, Test 0.0002
          RMSE             : Train 36134.2641, Val 42420.2079, Test 47035.4788
          R2_Score         : Train 0.9746, Val 0.9637, Test 0.9568
          MAE              : Train 19694.8155, Val 21234.2190, Test 21891.6992
Best:
          RMSE             : Train 36251.4244, Val 42269.7633, Test 47130.2819
          R2_Score         : Train 0.9744, Val 0.9639, Test 0.9566
          MAE              : Train 19883.1305, Val 21254.5505, Test 21967.4079
Epoch 82: Loss:            : Train 0.0000, Val 0.0001, Test 0.0002
          RMSE             : Train 36174.9746, Val 42736.4338, Test 47235.6344
          R2_Score         : Train 0.9745, Val 0.9631, Test 0.9565
          MAE              : Train 19658.6988, Val 21172.2898, Test 21825.3961
Best:
          RMSE             : Train 36251.4244, Val 42269.7633, Test 47130.2819
          R2_Score         : Train 0.9744, Val 0.9639, Test 0.9566
          MAE              : Train 19883.1305, Val 21254.5505, Test 21967.4079
Epoch 83: Loss:            : Train 0.0000, Val 0.0001, Test 0.0002
          RMSE             : Train 35805.7932, Val 42507.1360, Test 46581.2465
          R2_Score         : Train 0.9751, Val 0.9635, Test 0.9577
          MAE              : Train 19525.8532, Val 21134.3042, Test 21681.6002
Best:
          RMSE             : Train 36251.4244, Val 42269.7633, Test 47130.2819
          R2_Score         : Train 0.9744, Val 0.9639, Test 0.9566
          MAE              : Train 19883.1305, Val 21254.5505, Test 21967.4079
Epoch 84: Loss:            : Train 0.0000, Val 0.0001, Test 0.0002
          RMSE             : Train 35490.9366, Val 42962.5190, Test 47224.0606
          R2_Score         : Train 0.9755, Val 0.9627, Test 0.9565
          MAE              : Train 19415.7390, Val 21143.4446, Test 21805.1832
Best:
          RMSE             : Train 36251.4244, Val 42269.7633, Test 47130.2819
          R2_Score         : Train 0.9744, Val 0.9639, Test 0.9566
          MAE              : Train 19883.1305, Val 21254.5505, Test 21967.4079
Epoch 85: Loss:            : Train 0.0000, Val 0.0001, Test 0.0002
          RMSE             : Train 35931.2878, Val 42359.5820, Test 46608.2916
          R2_Score         : Train 0.9749, Val 0.9638, Test 0.9576
          MAE              : Train 19392.4782, Val 20961.5176, Test 21553.5054
Best:
          RMSE             : Train 36251.4244, Val 42269.7633, Test 47130.2819
          R2_Score         : Train 0.9744, Val 0.9639, Test 0.9566
          MAE              : Train 19883.1305, Val 21254.5505, Test 21967.4079
Epoch 86: Loss:            : Train 0.0000, Val 0.0001, Test 0.0002
          RMSE             : Train 35453.5192, Val 43309.9484, Test 47489.7848
          R2_Score         : Train 0.9755, Val 0.9621, Test 0.9560
          MAE              : Train 19251.1470, Val 21247.3226, Test 21919.1739
Best:
          RMSE             : Train 36251.4244, Val 42269.7633, Test 47130.2819
          R2_Score         : Train 0.9744, Val 0.9639, Test 0.9566
          MAE              : Train 19883.1305, Val 21254.5505, Test 21967.4079
Epoch 87: Loss:            : Train 0.0000, Val 0.0001, Test 0.0002
          RMSE             : Train 35745.9095, Val 42322.3074, Test 48075.6917
          R2_Score         : Train 0.9751, Val 0.9638, Test 0.9549
          MAE              : Train 19491.9696, Val 21065.5263, Test 21905.7926
Best:
          RMSE             : Train 36251.4244, Val 42269.7633, Test 47130.2819
          R2_Score         : Train 0.9744, Val 0.9639, Test 0.9566
          MAE              : Train 19883.1305, Val 21254.5505, Test 21967.4079
Epoch 88: Loss:            : Train 0.0000, Val 0.0001, Test 0.0002
          RMSE             : Train 35402.6072, Val 41862.0967, Test 46673.3167
          R2_Score         : Train 0.9756, Val 0.9646, Test 0.9575
          MAE              : Train 19116.6914, Val 20805.2010, Test 21414.2622
Best:
          RMSE             : Train 35402.6072, Val 41862.0967, Test 46673.3167
          R2_Score         : Train 0.9756, Val 0.9646, Test 0.9575
          MAE              : Train 19116.6914, Val 20805.2010, Test 21414.2622
Epoch 89: Loss:            : Train 0.0000, Val 0.0001, Test 0.0002
          RMSE             : Train 34901.2425, Val 42137.1388, Test 46332.2755
          R2_Score         : Train 0.9763, Val 0.9641, Test 0.9581
          MAE              : Train 18919.3664, Val 20630.5636, Test 21218.1133
Best:
          RMSE             : Train 35402.6072, Val 41862.0967, Test 46673.3167
          R2_Score         : Train 0.9756, Val 0.9646, Test 0.9575
          MAE              : Train 19116.6914, Val 20805.2010, Test 21414.2622
Epoch 90: Loss:            : Train 0.0000, Val 0.0001, Test 0.0002
          RMSE             : Train 34680.3321, Val 42032.9181, Test 46285.6938
          R2_Score         : Train 0.9766, Val 0.9643, Test 0.9582
          MAE              : Train 18771.4641, Val 20544.3426, Test 21130.4629
Best:
          RMSE             : Train 35402.6072, Val 41862.0967, Test 46673.3167
          R2_Score         : Train 0.9756, Val 0.9646, Test 0.9575
          MAE              : Train 19116.6914, Val 20805.2010, Test 21414.2622
Epoch 91: Loss:            : Train 0.0000, Val 0.0001, Test 0.0002
          RMSE             : Train 34563.5642, Val 41768.9802, Test 46632.5579
          R2_Score         : Train 0.9768, Val 0.9648, Test 0.9576
          MAE              : Train 18716.1427, Val 20494.8468, Test 21188.6098
Best:
          RMSE             : Train 34563.5642, Val 41768.9802, Test 46632.5579
          R2_Score         : Train 0.9768, Val 0.9648, Test 0.9576
          MAE              : Train 18716.1427, Val 20494.8468, Test 21188.6098
Epoch 92: Loss:            : Train 0.0000, Val 0.0001, Test 0.0002
          RMSE             : Train 34694.1330, Val 41526.5170, Test 46961.7899
          R2_Score         : Train 0.9766, Val 0.9652, Test 0.9570
          MAE              : Train 18661.6283, Val 20528.8984, Test 21215.2690
Best:
          RMSE             : Train 34694.1330, Val 41526.5170, Test 46961.7899
          R2_Score         : Train 0.9766, Val 0.9652, Test 0.9570
          MAE              : Train 18661.6283, Val 20528.8984, Test 21215.2690
Epoch 93: Loss:            : Train 0.0000, Val 0.0001, Test 0.0002
          RMSE             : Train 34830.3677, Val 41946.7097, Test 46875.1486
          R2_Score         : Train 0.9764, Val 0.9645, Test 0.9571
          MAE              : Train 18725.5221, Val 20575.8461, Test 21200.1742
Best:
          RMSE             : Train 34694.1330, Val 41526.5170, Test 46961.7899
          R2_Score         : Train 0.9766, Val 0.9652, Test 0.9570
          MAE              : Train 18661.6283, Val 20528.8984, Test 21215.2690
Epoch 94: Loss:            : Train 0.0000, Val 0.0001, Test 0.0002
          RMSE             : Train 34925.0447, Val 42765.3371, Test 46667.3372
          R2_Score         : Train 0.9763, Val 0.9631, Test 0.9575
          MAE              : Train 18850.0675, Val 20631.2730, Test 21160.1875
Best:
          RMSE             : Train 34694.1330, Val 41526.5170, Test 46961.7899
          R2_Score         : Train 0.9766, Val 0.9652, Test 0.9570
          MAE              : Train 18661.6283, Val 20528.8984, Test 21215.2690
Epoch 95: Loss:            : Train 0.0000, Val 0.0001, Test 0.0002
          RMSE             : Train 34774.3105, Val 41506.6588, Test 46205.4570
          R2_Score         : Train 0.9765, Val 0.9652, Test 0.9583
          MAE              : Train 18736.0157, Val 20122.1430, Test 20773.1564
Best:
          RMSE             : Train 34774.3105, Val 41506.6588, Test 46205.4570
          R2_Score         : Train 0.9765, Val 0.9652, Test 0.9583
          MAE              : Train 18736.0157, Val 20122.1430, Test 20773.1564
Epoch 96: Loss:            : Train 0.0000, Val 0.0001, Test 0.0002
          RMSE             : Train 34109.1236, Val 41539.8970, Test 46473.6481
          R2_Score         : Train 0.9774, Val 0.9652, Test 0.9578
          MAE              : Train 18414.0539, Val 20371.9474, Test 20894.6298
Best:
          RMSE             : Train 34774.3105, Val 41506.6588, Test 46205.4570
          R2_Score         : Train 0.9765, Val 0.9652, Test 0.9583
          MAE              : Train 18736.0157, Val 20122.1430, Test 20773.1564
Epoch 97: Loss:            : Train 0.0000, Val 0.0001, Test 0.0002
          RMSE             : Train 33900.6495, Val 41814.1005, Test 46525.3395
          R2_Score         : Train 0.9776, Val 0.9647, Test 0.9578
          MAE              : Train 18288.6405, Val 20193.3227, Test 20845.5742
Best:
          RMSE             : Train 34774.3105, Val 41506.6588, Test 46205.4570
          R2_Score         : Train 0.9765, Val 0.9652, Test 0.9583
          MAE              : Train 18736.0157, Val 20122.1430, Test 20773.1564
Epoch 98: Loss:            : Train 0.0000, Val 0.0001, Test 0.0002
          RMSE             : Train 34308.6198, Val 42910.6304, Test 48362.2637
          R2_Score         : Train 0.9771, Val 0.9628, Test 0.9544
          MAE              : Train 18568.8144, Val 20386.0132, Test 21033.9875
Best:
          RMSE             : Train 34774.3105, Val 41506.6588, Test 46205.4570
          R2_Score         : Train 0.9765, Val 0.9652, Test 0.9583
          MAE              : Train 18736.0157, Val 20122.1430, Test 20773.1564
Epoch 99: Loss:            : Train 0.0000, Val 0.0001, Test 0.0002
          RMSE             : Train 34093.9179, Val 41310.3074, Test 46168.0792
          R2_Score         : Train 0.9774, Val 0.9655, Test 0.9584
          MAE              : Train 18311.7742, Val 20005.0075, Test 20529.3595
Best:
          RMSE             : Train 34093.9179, Val 41310.3074, Test 46168.0792
          R2_Score         : Train 0.9774, Val 0.9655, Test 0.9584
          MAE              : Train 18311.7742, Val 20005.0075, Test 20529.3595
Epoch 100: Loss:            : Train 0.0000, Val 0.0001, Test 0.0002
          RMSE             : Train 33555.8626, Val 41423.5952, Test 46415.6042
          R2_Score         : Train 0.9781, Val 0.9654, Test 0.9580
          MAE              : Train 18018.1158, Val 20484.6951, Test 21084.5545
Best:
          RMSE             : Train 34093.9179, Val 41310.3074, Test 46168.0792
          R2_Score         : Train 0.9774, Val 0.9655, Test 0.9584
          MAE              : Train 18311.7742, Val 20005.0075, Test 20529.3595
Training time (sec): 170
