Loading loan from data/company/loan_subset_clean.csv
Loading company from data/company/company_subset_clean.csv
Current loan columns Index(['Term', 'NoEmp', 'NewExist', 'CreateJob', 'RetainedJob', 'UrbanRural',
       'DisbursementGross', 'BalanceGross', 'ChgOffPrinGr', 'GrAppv',
       'BankState_al', 'BankState_an', 'BankState_ar', 'BankState_az',
       'BankState_ca', 'BankState_co', 'BankState_ct', 'BankState_dc',
       'BankState_de', 'BankState_en', 'BankState_fl', 'BankState_ga',
       'BankState_gu', 'BankState_hi', 'BankState_ia', 'BankState_id',
       'BankState_il', 'BankState_in', 'BankState_ks', 'BankState_ky',
       'BankState_la', 'BankState_ma', 'BankState_md', 'BankState_me',
       'BankState_mi', 'BankState_mn', 'BankState_mo', 'BankState_ms',
       'BankState_mt', 'BankState_nc', 'BankState_nd', 'BankState_ne',
       'BankState_nh', 'BankState_nj', 'BankState_nm', 'BankState_nv',
       'BankState_ny', 'BankState_oh', 'BankState_ok', 'BankState_or',
       'BankState_pa', 'BankState_pr', 'BankState_ri', 'BankState_sc',
       'BankState_sd', 'BankState_tn', 'BankState_tx', 'BankState_ut',
       'BankState_va', 'BankState_vi', 'BankState_vt', 'BankState_wa',
       'BankState_wi', 'BankState_wv', 'BankState_wy', 'RevLineCr_-',
       'RevLineCr_.', 'RevLineCr_0', 'RevLineCr_1', 'RevLineCr_2',
       'RevLineCr_3', 'RevLineCr_4', 'RevLineCr_5', 'RevLineCr_7',
       'RevLineCr_`', 'RevLineCr_a', 'RevLineCr_c', 'RevLineCr_n',
       'RevLineCr_q', 'RevLineCr_r', 'RevLineCr_t', 'RevLineCr_y', 'LowDoc_1',
       'LowDoc_a', 'LowDoc_c', 'LowDoc_n', 'LowDoc_r', 'LowDoc_s', 'LowDoc_y',
       'MIS_Status_p i f', 'Name'],
      dtype='object')
Current company columns Index(['name', 'current employee estimate', 'total employee estimate',
       'ind_airlines/aviation', 'ind_alternative dispute resolution',
       'ind_alternative medicine', 'ind_animation', 'ind_apparel & fashion',
       'ind_architecture & planning', 'ind_arts and crafts',
       ...
       'ind_wine and spirits', 'ind_wireless', 'ind_writing and editing',
       'sr_10001+', 'sr_1001 - 5000', 'sr_11 - 50', 'sr_201 - 500',
       'sr_5001 - 10000', 'sr_501 - 1000', 'sr_51 - 200'],
      dtype='object', length=157)
Loading data from cache
Done
Calculating noise scale
Standard variance of sim_score: 257.74, Mean: -751.42
Adding noise of scale 1.222061507850425 to sim_scores
Adding noise of scale 1.222061507850425 to sim_scores
Adding noise of scale 1.222061507850425 to sim_scores
Generating top1 dataset
Generating top1 dataset
Generating top1 dataset
Preparing time (sec): 13
Loading data
Prepare for training
Start training
================================================================================
                                    Kernel Shape Output Shape  Params  \
Layer                                                                   
0_local_models.0.fc_layers.Linear_0    [90, 100]  [4096, 100]    9100   
1_local_models.0.fc_layers.Linear_1   [100, 100]  [4096, 100]   10100   
2_local_models.1.fc_layers.Linear_0   [156, 100]  [4096, 100]   15700   
3_local_models.1.fc_layers.Linear_1   [100, 100]  [4096, 100]   10100   
4_agg_model.fc_layers.Linear_0        [200, 200]  [4096, 200]   40200   
5_agg_model.fc_layers.Linear_1          [200, 1]    [4096, 1]     201   

                                     Mult-Adds  
Layer                                           
0_local_models.0.fc_layers.Linear_0       9000  
1_local_models.0.fc_layers.Linear_1      10000  
2_local_models.1.fc_layers.Linear_0      15600  
3_local_models.1.fc_layers.Linear_1      10000  
4_agg_model.fc_layers.Linear_0           40000  
5_agg_model.fc_layers.Linear_1             200  
--------------------------------------------------------------------------------
                      Totals
Total params           85401
Trainable params       85401
Non-trainable params       0
Mult-Adds              84800
================================================================================
n_classes=2
task=regression
model_name=company_top1sim_2022-08-17-00-09-54
sche_threshold=0.0001
sche_patience=10
sche_factor=0.1
use_scheduler=False
num_workers=4
device=cuda:2
test_batch_size=4096
train_batch_size=4096
learning_rate=0.001
weight_decay=1e-05
num_epochs=100
model_save_path=ckp/company_top1sim_2022-08-17-00-09-54.pth
test_rate=0.2
val_rate=0.1
multiprocess_context=fork
metrics=['rmse', 'r2_score', 'mae']
metrics_f=[<metric.rmse.RMSE object at 0x7f9ba933edc0>, <metric.r2_score.R2Score object at 0x7f9ba933e220>, <metric.mae.MAE object at 0x7f9ba933ea90>]
hidden_sizes=[200, 100]
model=SplitNN(
  (agg_model): MLP(
    (fc_layers): ModuleList(
      (0): Linear(in_features=200, out_features=200, bias=True)
      (1): Linear(in_features=200, out_features=1, bias=True)
    )
  )
  (local_models): ModuleList(
    (0): MLP(
      (fc_layers): ModuleList(
        (0): Linear(in_features=90, out_features=100, bias=True)
        (1): Linear(in_features=100, out_features=100, bias=True)
      )
    )
    (1): MLP(
      (fc_layers): ModuleList(
        (0): Linear(in_features=156, out_features=100, bias=True)
        (1): Linear(in_features=100, out_features=100, bias=True)
      )
    )
  )
)
writer=<torch.utils.tensorboard.writer.SummaryWriter object at 0x7f9ba933ea00>
dataset_type=real
drop_key=True
num_common_features=1
tree_radius=0.01
tree_leaf_size=1000
knn_k=50
grid_min=-10.0
grid_max=10.0
grid_width=1.5
sim_scaler=StandardScaler()
filter_top_k=None
link_n_jobs=1
psig_p=4
sim_leak_p=0.002
link_threshold_t=0.1
link_epsilon=0.1
n_hash_lsh=50
edit_distance_threshold=10
n_hash_func=50
collision_rate=0.01
qgram_q=4
link_delta=0.01
feature_wise_sim=False
blocking_method=knn_priv_str
center_threshold=0.5
n_clusters=100
local_hidden_sizes=[[100], [100]]
cut_dims=[100, 100]
agg_hidden_sizes=[200]
scale_analysis=<utils.privacy.SimNoiseScale object at 0x7f9ba83410a0>
data1_shape=(77225, 91)
data2_shape=(220583, 157)
Epoch 1: Loss:            : Train 0.0000, Val 0.1739, Test 0.1735
          RMSE             : Train 1550984.4715, Val 1500930.3429, Test 1498943.2467
          R2_Score         : Train -45.8038, Val -44.4895, Test -42.8521
          MAE              : Train 1534247.7866, Val 1483746.1126, Test 1481990.6903
Best:
          RMSE             : Train 1550984.4715, Val 1500930.3429, Test 1498943.2467
          R2_Score         : Train -45.8038, Val -44.4895, Test -42.8521
          MAE              : Train 1534247.7866, Val 1483746.1126, Test 1481990.6903
Epoch 2: Loss:            : Train 0.0000, Val 0.1520, Test 0.1518
          RMSE             : Train 1457051.6641, Val 1403571.1813, Test 1402140.7283
          R2_Score         : Train -40.3063, Val -38.7795, Test -37.3710
          MAE              : Train 1438126.4754, Val 1383992.2814, Test 1382433.5227
Best:
          RMSE             : Train 1457051.6641, Val 1403571.1813, Test 1402140.7283
          R2_Score         : Train -40.3063, Val -38.7795, Test -37.3710
          MAE              : Train 1438126.4754, Val 1383992.2814, Test 1382433.5227
Epoch 3: Loss:            : Train 0.0000, Val 0.1298, Test 0.1297
          RMSE             : Train 1356337.1532, Val 1296959.0410, Test 1296130.8210
          R2_Score         : Train -34.7933, Val -32.9659, Test -31.7882
          MAE              : Train 1334201.3407, Val 1273946.3558, Test 1272669.4418
Best:
          RMSE             : Train 1356337.1532, Val 1296959.0410, Test 1296130.8210
          R2_Score         : Train -34.7933, Val -32.9659, Test -31.7882
          MAE              : Train 1334201.3407, Val 1273946.3558, Test 1272669.4418
Epoch 4: Loss:            : Train 0.0000, Val 0.1073, Test 0.1073
          RMSE             : Train 1245348.9652, Val 1179247.7531, Test 1179174.2934
          R2_Score         : Train -29.1751, Val -27.0802, Test -26.1379
          MAE              : Train 1218892.1080, Val 1151372.3587, Test 1150503.7526
Best:
          RMSE             : Train 1245348.9652, Val 1179247.7531, Test 1179174.2934
          R2_Score         : Train -29.1751, Val -27.0802, Test -26.1379
          MAE              : Train 1218892.1080, Val 1151372.3587, Test 1150503.7526
Epoch 5: Loss:            : Train 0.0000, Val 0.0852, Test 0.0854
          RMSE             : Train 1123353.6060, Val 1050846.8492, Test 1051669.1915
          R2_Score         : Train -23.5527, Val -21.2981, Test -20.5863
          MAE              : Train 1091217.2360, Val 1016923.1754, Test 1016511.5501
Best:
          RMSE             : Train 1123353.6060, Val 1050846.8492, Test 1051669.1915
          R2_Score         : Train -23.5527, Val -21.2981, Test -20.5863
          MAE              : Train 1091217.2360, Val 1016923.1754, Test 1016511.5501
Epoch 6: Loss:            : Train 0.0000, Val 0.0646, Test 0.0648
          RMSE             : Train 991985.5883, Val 914457.3071, Test 916202.1153
          R2_Score         : Train -18.1460, Val -15.8856, Test -15.3834
          MAE              : Train 952895.2596, Val 873894.2468, Test 874088.8788
Best:
          RMSE             : Train 991985.5883, Val 914457.3071, Test 916202.1153
          R2_Score         : Train -18.1460, Val -15.8856, Test -15.3834
          MAE              : Train 952895.2596, Val 873894.2468, Test 874088.8788
Epoch 7: Loss:            : Train 0.0000, Val 0.0463, Test 0.0466
          RMSE             : Train 854332.4320, Val 774740.0493, Test 777382.4173
          R2_Score         : Train -13.2010, Val -11.1200, Test -10.7948
          MAE              : Train 808732.5004, Val 728006.7048, Test 729117.5496
Best:
          RMSE             : Train 854332.4320, Val 774740.0493, Test 777382.4173
          R2_Score         : Train -13.2010, Val -11.1200, Test -10.7948
          MAE              : Train 808732.5004, Val 728006.7048, Test 729117.5496
Epoch 8: Loss:            : Train 0.0000, Val 0.0314, Test 0.0318
          RMSE             : Train 716151.4347, Val 637874.1558, Test 641385.3967
          R2_Score         : Train -8.9787, Val -7.2160, Test -7.0289
          MAE              : Train 664944.8617, Val 586830.9339, Test 588802.7242
Best:
          RMSE             : Train 716151.4347, Val 637874.1558, Test 641385.3967
          R2_Score         : Train -8.9787, Val -7.2160, Test -7.0289
          MAE              : Train 664944.8617, Val 586830.9339, Test 588802.7242
Epoch 9: Loss:            : Train 0.0000, Val 0.0202, Test 0.0205
          RMSE             : Train 583919.1501, Val 511298.5438, Test 515575.8348
          R2_Score         : Train -5.6339, Val -4.2788, Test -4.1881
          MAE              : Train 529430.1068, Val 458069.9141, Test 460731.7577
Best:
          RMSE             : Train 583919.1501, Val 511298.5438, Test 515575.8348
          R2_Score         : Train -5.6339, Val -4.2788, Test -4.1881
          MAE              : Train 529430.1068, Val 458069.9141, Test 460731.7577
Epoch 10: Loss:            : Train 0.0000, Val 0.0125, Test 0.0128
          RMSE             : Train 465321.9971, Val 402466.3031, Test 407409.4221
          R2_Score         : Train -3.2128, Val -2.2708, Test -2.2395
          MAE              : Train 409645.2944, Val 348486.3057, Test 351233.0930
Best:
          RMSE             : Train 465321.9971, Val 402466.3031, Test 407409.4221
          R2_Score         : Train -3.2128, Val -2.2708, Test -2.2395
          MAE              : Train 409645.2944, Val 348486.3057, Test 351233.0930
Epoch 11: Loss:            : Train 0.0000, Val 0.0078, Test 0.0081
          RMSE             : Train 367497.8099, Val 317983.1293, Test 323518.6465
          R2_Score         : Train -1.6277, Val -1.0417, Test -1.0428
          MAE              : Train 310423.6039, Val 261294.1606, Test 264267.8253
Best:
          RMSE             : Train 367497.8099, Val 317983.1293, Test 323518.6465
          R2_Score         : Train -1.6277, Val -1.0417, Test -1.0428
          MAE              : Train 310423.6039, Val 261294.1606, Test 264267.8253
Epoch 12: Loss:            : Train 0.0000, Val 0.0053, Test 0.0055
          RMSE             : Train 295633.0528, Val 261603.4867, Test 267590.5646
          R2_Score         : Train -0.7005, Val -0.3819, Test -0.3975
          MAE              : Train 234401.5628, Val 198045.1126, Test 200461.2912
Best:
          RMSE             : Train 295633.0528, Val 261603.4867, Test 267590.5646
          R2_Score         : Train -0.7005, Val -0.3819, Test -0.3975
          MAE              : Train 234401.5628, Val 198045.1126, Test 200461.2912
Epoch 13: Loss:            : Train 0.0000, Val 0.0042, Test 0.0044
          RMSE             : Train 252085.4251, Val 232047.7309, Test 238255.3177
          R2_Score         : Train -0.2364, Val -0.0873, Test -0.1079
          MAE              : Train 180999.8685, Val 155860.0448, Test 158160.7002
Best:
          RMSE             : Train 252085.4251, Val 232047.7309, Test 238255.3177
          R2_Score         : Train -0.2364, Val -0.0873, Test -0.1079
          MAE              : Train 180999.8685, Val 155860.0448, Test 158160.7002
Epoch 14: Loss:            : Train 0.0000, Val 0.0038, Test 0.0040
          RMSE             : Train 232132.1278, Val 221218.1985, Test 227454.6644
          R2_Score         : Train -0.0484, Val 0.0118, Test -0.0097
          MAE              : Train 147067.1880, Val 131248.4977, Test 133702.6723
Best:
          RMSE             : Train 232132.1278, Val 221218.1985, Test 227454.6644
          R2_Score         : Train -0.0484, Val 0.0118, Test -0.0097
          MAE              : Train 147067.1880, Val 131248.4977, Test 133702.6723
Epoch 15: Loss:            : Train 0.0000, Val 0.0035, Test 0.0037
          RMSE             : Train 223920.0970, Val 212045.5313, Test 218558.8233
          R2_Score         : Train 0.0244, Val 0.0921, Test 0.0677
          MAE              : Train 129367.1806, Val 122510.0012, Test 124934.0160
Best:
          RMSE             : Train 223920.0970, Val 212045.5313, Test 218558.8233
          R2_Score         : Train 0.0244, Val 0.0921, Test 0.0677
          MAE              : Train 129367.1806, Val 122510.0012, Test 124934.0160
Epoch 16: Loss:            : Train 0.0000, Val 0.0030, Test 0.0032
          RMSE             : Train 212017.5976, Val 198208.5561, Test 205085.9499
          R2_Score         : Train 0.1254, Val 0.2067, Test 0.1791
          MAE              : Train 125465.0222, Val 122929.0905, Test 125110.8129
Best:
          RMSE             : Train 212017.5976, Val 198208.5561, Test 205085.9499
          R2_Score         : Train 0.1254, Val 0.2067, Test 0.1791
          MAE              : Train 125465.0222, Val 122929.0905, Test 125110.8129
Epoch 17: Loss:            : Train 0.0000, Val 0.0026, Test 0.0028
          RMSE             : Train 198220.6178, Val 184160.8753, Test 190920.4131
          R2_Score         : Train 0.2355, Val 0.3152, Test 0.2886
          MAE              : Train 125986.6522, Val 121659.0523, Test 123748.0279
Best:
          RMSE             : Train 198220.6178, Val 184160.8753, Test 190920.4131
          R2_Score         : Train 0.2355, Val 0.3152, Test 0.2886
          MAE              : Train 125986.6522, Val 121659.0523, Test 123748.0279
Epoch 18: Loss:            : Train 0.0000, Val 0.0022, Test 0.0023
          RMSE             : Train 182683.4795, Val 167825.3298, Test 174108.8132
          R2_Score         : Train 0.3507, Val 0.4313, Test 0.4084
          MAE              : Train 120360.2462, Val 112269.6580, Test 114379.7273
Best:
          RMSE             : Train 182683.4795, Val 167825.3298, Test 174108.8132
          R2_Score         : Train 0.3507, Val 0.4313, Test 0.4084
          MAE              : Train 120360.2462, Val 112269.6580, Test 114379.7273
Epoch 19: Loss:            : Train 0.0000, Val 0.0017, Test 0.0019
          RMSE             : Train 165401.5784, Val 149799.6199, Test 155299.2342
          R2_Score         : Train 0.4677, Val 0.5469, Test 0.5293
          MAE              : Train 110458.7571, Val 101797.8598, Test 103632.2991
Best:
          RMSE             : Train 165401.5784, Val 149799.6199, Test 155299.2342
          R2_Score         : Train 0.4677, Val 0.5469, Test 0.5293
          MAE              : Train 110458.7571, Val 101797.8598, Test 103632.2991
Epoch 20: Loss:            : Train 0.0000, Val 0.0013, Test 0.0014
          RMSE             : Train 146352.4093, Val 131467.6544, Test 136230.0536
          R2_Score         : Train 0.5833, Val 0.6510, Test 0.6378
          MAE              : Train 98842.8765, Val 90004.7336, Test 91592.3145
Best:
          RMSE             : Train 146352.4093, Val 131467.6544, Test 136230.0536
          R2_Score         : Train 0.5833, Val 0.6510, Test 0.6378
          MAE              : Train 98842.8765, Val 90004.7336, Test 91592.3145
Epoch 21: Loss:            : Train 0.0000, Val 0.0010, Test 0.0011
          RMSE             : Train 127898.1854, Val 114988.6934, Test 119327.9639
          R2_Score         : Train 0.6817, Val 0.7330, Test 0.7221
          MAE              : Train 86500.4086, Val 77632.4410, Test 79069.8570
Best:
          RMSE             : Train 127898.1854, Val 114988.6934, Test 119327.9639
          R2_Score         : Train 0.6817, Val 0.7330, Test 0.7221
          MAE              : Train 86500.4086, Val 77632.4410, Test 79069.8570
Epoch 22: Loss:            : Train 0.0000, Val 0.0008, Test 0.0009
          RMSE             : Train 112191.3625, Val 101913.4825, Test 106042.8810
          R2_Score         : Train 0.7551, Val 0.7903, Test 0.7805
          MAE              : Train 73775.2482, Val 65336.0139, Test 66619.0301
Best:
          RMSE             : Train 112191.3625, Val 101913.4825, Test 106042.8810
          R2_Score         : Train 0.7551, Val 0.7903, Test 0.7805
          MAE              : Train 73775.2482, Val 65336.0139, Test 66619.0301
Epoch 23: Loss:            : Train 0.0000, Val 0.0007, Test 0.0007
          RMSE             : Train 99715.1362, Val 92566.7157, Test 96650.7911
          R2_Score         : Train 0.8065, Val 0.8270, Test 0.8177
          MAE              : Train 62064.3869, Val 56492.9734, Test 57800.1665
Best:
          RMSE             : Train 99715.1362, Val 92566.7157, Test 96650.7911
          R2_Score         : Train 0.8065, Val 0.8270, Test 0.8177
          MAE              : Train 62064.3869, Val 56492.9734, Test 57800.1665
Epoch 24: Loss:            : Train 0.0000, Val 0.0006, Test 0.0006
          RMSE             : Train 90760.0836, Val 85532.3910, Test 89931.1771
          R2_Score         : Train 0.8397, Val 0.8523, Test 0.8422
          MAE              : Train 54743.4991, Val 51583.5000, Test 52878.4272
Best:
          RMSE             : Train 90760.0836, Val 85532.3910, Test 89931.1771
          R2_Score         : Train 0.8397, Val 0.8523, Test 0.8422
          MAE              : Train 54743.4991, Val 51583.5000, Test 52878.4272
Epoch 25: Loss:            : Train 0.0000, Val 0.0005, Test 0.0006
          RMSE             : Train 83679.6834, Val 79813.7927, Test 84623.5348
          R2_Score         : Train 0.8638, Val 0.8714, Test 0.8602
          MAE              : Train 50572.6071, Val 48773.6163, Test 49779.0447
Best:
          RMSE             : Train 83679.6834, Val 79813.7927, Test 84623.5348
          R2_Score         : Train 0.8638, Val 0.8714, Test 0.8602
          MAE              : Train 50572.6071, Val 48773.6163, Test 49779.0447
Epoch 26: Loss:            : Train 0.0000, Val 0.0004, Test 0.0005
          RMSE             : Train 77993.6133, Val 75617.1476, Test 80546.7790
          R2_Score         : Train 0.8816, Val 0.8845, Test 0.8734
          MAE              : Train 48019.8220, Val 46421.0408, Test 47088.0916
Best:
          RMSE             : Train 77993.6133, Val 75617.1476, Test 80546.7790
          R2_Score         : Train 0.8816, Val 0.8845, Test 0.8734
          MAE              : Train 48019.8220, Val 46421.0408, Test 47088.0916
Epoch 27: Loss:            : Train 0.0000, Val 0.0004, Test 0.0005
          RMSE             : Train 73329.3118, Val 71555.0293, Test 76744.0111
          R2_Score         : Train 0.8954, Val 0.8966, Test 0.8850
          MAE              : Train 45088.2770, Val 43898.8723, Test 44367.7069
Best:
          RMSE             : Train 73329.3118, Val 71555.0293, Test 76744.0111
          R2_Score         : Train 0.8954, Val 0.8966, Test 0.8850
          MAE              : Train 45088.2770, Val 43898.8723, Test 44367.7069
Epoch 28: Loss:            : Train 0.0000, Val 0.0004, Test 0.0004
          RMSE             : Train 69114.7045, Val 68214.9406, Test 73528.7579
          R2_Score         : Train 0.9071, Val 0.9060, Test 0.8945
          MAE              : Train 41861.6750, Val 40973.6868, Test 41459.5191
Best:
          RMSE             : Train 69114.7045, Val 68214.9406, Test 73528.7579
          R2_Score         : Train 0.9071, Val 0.9060, Test 0.8945
          MAE              : Train 41861.6750, Val 40973.6868, Test 41459.5191
Epoch 29: Loss:            : Train 0.0000, Val 0.0003, Test 0.0004
          RMSE             : Train 65650.5438, Val 65542.3150, Test 70516.5083
          R2_Score         : Train 0.9161, Val 0.9133, Test 0.9029
          MAE              : Train 39391.4233, Val 39047.4792, Test 39486.1004
Best:
          RMSE             : Train 65650.5438, Val 65542.3150, Test 70516.5083
          R2_Score         : Train 0.9161, Val 0.9133, Test 0.9029
          MAE              : Train 39391.4233, Val 39047.4792, Test 39486.1004
Epoch 30: Loss:            : Train 0.0000, Val 0.0003, Test 0.0004
          RMSE             : Train 62707.0125, Val 63393.4550, Test 67853.6255
          R2_Score         : Train 0.9235, Val 0.9189, Test 0.9101
          MAE              : Train 37356.5435, Val 36987.1795, Test 37308.2632
Best:
          RMSE             : Train 62707.0125, Val 63393.4550, Test 67853.6255
          R2_Score         : Train 0.9235, Val 0.9189, Test 0.9101
          MAE              : Train 37356.5435, Val 36987.1795, Test 37308.2632
Epoch 31: Loss:            : Train 0.0000, Val 0.0003, Test 0.0003
          RMSE             : Train 60254.0221, Val 61235.4452, Test 65640.6694
          R2_Score         : Train 0.9294, Val 0.9243, Test 0.9159
          MAE              : Train 35589.4749, Val 35325.9293, Test 35603.9256
Best:
          RMSE             : Train 60254.0221, Val 61235.4452, Test 65640.6694
          R2_Score         : Train 0.9294, Val 0.9243, Test 0.9159
          MAE              : Train 35589.4749, Val 35325.9293, Test 35603.9256
Epoch 32: Loss:            : Train 0.0000, Val 0.0003, Test 0.0003
          RMSE             : Train 58319.6972, Val 59845.6919, Test 63919.2648
          R2_Score         : Train 0.9338, Val 0.9277, Test 0.9203
          MAE              : Train 34120.8024, Val 34014.3398, Test 34257.5461
Best:
          RMSE             : Train 58319.6972, Val 59845.6919, Test 63919.2648
          R2_Score         : Train 0.9338, Val 0.9277, Test 0.9203
          MAE              : Train 34120.8024, Val 34014.3398, Test 34257.5461
Epoch 33: Loss:            : Train 0.0000, Val 0.0003, Test 0.0003
          RMSE             : Train 56711.5738, Val 58680.1620, Test 62592.4703
          R2_Score         : Train 0.9374, Val 0.9305, Test 0.9235
          MAE              : Train 32852.6459, Val 33047.6050, Test 33338.6486
Best:
          RMSE             : Train 56711.5738, Val 58680.1620, Test 62592.4703
          R2_Score         : Train 0.9374, Val 0.9305, Test 0.9235
          MAE              : Train 32852.6459, Val 33047.6050, Test 33338.6486
Epoch 34: Loss:            : Train 0.0000, Val 0.0003, Test 0.0003
          RMSE             : Train 55318.5443, Val 57143.5060, Test 61338.7616
          R2_Score         : Train 0.9405, Val 0.9341, Test 0.9266
          MAE              : Train 31887.1581, Val 32039.0843, Test 32419.4659
Best:
          RMSE             : Train 55318.5443, Val 57143.5060, Test 61338.7616
          R2_Score         : Train 0.9405, Val 0.9341, Test 0.9266
          MAE              : Train 31887.1581, Val 32039.0843, Test 32419.4659
Epoch 35: Loss:            : Train 0.0000, Val 0.0002, Test 0.0003
          RMSE             : Train 54157.0222, Val 56703.4673, Test 60473.1639
          R2_Score         : Train 0.9429, Val 0.9351, Test 0.9286
          MAE              : Train 31100.8556, Val 31409.7722, Test 31708.9618
Best:
          RMSE             : Train 54157.0222, Val 56703.4673, Test 60473.1639
          R2_Score         : Train 0.9429, Val 0.9351, Test 0.9286
          MAE              : Train 31100.8556, Val 31409.7722, Test 31708.9618
Epoch 36: Loss:            : Train 0.0000, Val 0.0002, Test 0.0003
          RMSE             : Train 53041.2577, Val 55464.3804, Test 59563.3948
          R2_Score         : Train 0.9453, Val 0.9379, Test 0.9308
          MAE              : Train 30228.1241, Val 30752.1036, Test 31122.6242
Best:
          RMSE             : Train 53041.2577, Val 55464.3804, Test 59563.3948
          R2_Score         : Train 0.9453, Val 0.9379, Test 0.9308
          MAE              : Train 30228.1241, Val 30752.1036, Test 31122.6242
Epoch 37: Loss:            : Train 0.0000, Val 0.0002, Test 0.0003
          RMSE             : Train 51841.2295, Val 54542.5728, Test 58556.8482
          R2_Score         : Train 0.9477, Val 0.9399, Test 0.9331
          MAE              : Train 29556.4220, Val 29849.0289, Test 30292.4604
Best:
          RMSE             : Train 51841.2295, Val 54542.5728, Test 58556.8482
          R2_Score         : Train 0.9477, Val 0.9399, Test 0.9331
          MAE              : Train 29556.4220, Val 29849.0289, Test 30292.4604
Epoch 38: Loss:            : Train 0.0000, Val 0.0002, Test 0.0003
          RMSE             : Train 51077.1771, Val 53824.9273, Test 57554.5799
          R2_Score         : Train 0.9492, Val 0.9415, Test 0.9353
          MAE              : Train 29086.9478, Val 29619.2833, Test 29906.9850
Best:
          RMSE             : Train 51077.1771, Val 53824.9273, Test 57554.5799
          R2_Score         : Train 0.9492, Val 0.9415, Test 0.9353
          MAE              : Train 29086.9478, Val 29619.2833, Test 29906.9850
Epoch 39: Loss:            : Train 0.0000, Val 0.0002, Test 0.0003
          RMSE             : Train 50022.7832, Val 53270.2661, Test 57584.7405
          R2_Score         : Train 0.9513, Val 0.9427, Test 0.9353
          MAE              : Train 28393.2565, Val 28963.8711, Test 29513.1922
Best:
          RMSE             : Train 50022.7832, Val 53270.2661, Test 57584.7405
          R2_Score         : Train 0.9513, Val 0.9427, Test 0.9353
          MAE              : Train 28393.2565, Val 28963.8711, Test 29513.1922
Epoch 40: Loss:            : Train 0.0000, Val 0.0002, Test 0.0002
          RMSE             : Train 49438.3379, Val 52342.5234, Test 56213.7806
          R2_Score         : Train 0.9524, Val 0.9447, Test 0.9383
          MAE              : Train 27988.5438, Val 28735.8911, Test 29075.3493
Best:
          RMSE             : Train 49438.3379, Val 52342.5234, Test 56213.7806
          R2_Score         : Train 0.9524, Val 0.9447, Test 0.9383
          MAE              : Train 27988.5438, Val 28735.8911, Test 29075.3493
Epoch 41: Loss:            : Train 0.0000, Val 0.0002, Test 0.0002
          RMSE             : Train 48554.3925, Val 51751.6676, Test 56384.0348
          R2_Score         : Train 0.9541, Val 0.9459, Test 0.9380
          MAE              : Train 27584.3493, Val 28181.8822, Test 28750.2199
Best:
          RMSE             : Train 48554.3925, Val 51751.6676, Test 56384.0348
          R2_Score         : Train 0.9541, Val 0.9459, Test 0.9380
          MAE              : Train 27584.3493, Val 28181.8822, Test 28750.2199
Epoch 42: Loss:            : Train 0.0000, Val 0.0002, Test 0.0002
          RMSE             : Train 48051.7676, Val 51284.0422, Test 55241.2454
          R2_Score         : Train 0.9551, Val 0.9469, Test 0.9404
          MAE              : Train 27110.4290, Val 27917.1858, Test 28308.5982
Best:
          RMSE             : Train 48051.7676, Val 51284.0422, Test 55241.2454
          R2_Score         : Train 0.9551, Val 0.9469, Test 0.9404
          MAE              : Train 27110.4290, Val 27917.1858, Test 28308.5982
Epoch 43: Loss:            : Train 0.0000, Val 0.0002, Test 0.0002
          RMSE             : Train 47226.8468, Val 50715.8413, Test 55330.3162
          R2_Score         : Train 0.9566, Val 0.9481, Test 0.9402
          MAE              : Train 26807.5707, Val 27221.3774, Test 27782.6335
Best:
          RMSE             : Train 47226.8468, Val 50715.8413, Test 55330.3162
          R2_Score         : Train 0.9566, Val 0.9481, Test 0.9402
          MAE              : Train 26807.5707, Val 27221.3774, Test 27782.6335
Epoch 44: Loss:            : Train 0.0000, Val 0.0002, Test 0.0002
          RMSE             : Train 46875.6373, Val 50026.0085, Test 54285.7613
          R2_Score         : Train 0.9572, Val 0.9495, Test 0.9425
          MAE              : Train 26453.7053, Val 26942.5738, Test 27506.3303
Best:
          RMSE             : Train 46875.6373, Val 50026.0085, Test 54285.7613
          R2_Score         : Train 0.9572, Val 0.9495, Test 0.9425
          MAE              : Train 26453.7053, Val 26942.5738, Test 27506.3303
Epoch 45: Loss:            : Train 0.0000, Val 0.0002, Test 0.0002
          RMSE             : Train 46193.2338, Val 49807.5388, Test 54064.5185
          R2_Score         : Train 0.9585, Val 0.9499, Test 0.9430
          MAE              : Train 25988.2964, Val 27218.5251, Test 27706.1761
Best:
          RMSE             : Train 46193.2338, Val 49807.5388, Test 54064.5185
          R2_Score         : Train 0.9585, Val 0.9499, Test 0.9430
          MAE              : Train 25988.2964, Val 27218.5251, Test 27706.1761
Epoch 46: Loss:            : Train 0.0000, Val 0.0002, Test 0.0002
          RMSE             : Train 45606.4320, Val 49445.7706, Test 53188.6681
          R2_Score         : Train 0.9595, Val 0.9506, Test 0.9448
          MAE              : Train 25734.4527, Val 26433.5284, Test 26785.4057
Best:
          RMSE             : Train 45606.4320, Val 49445.7706, Test 53188.6681
          R2_Score         : Train 0.9595, Val 0.9506, Test 0.9448
          MAE              : Train 25734.4527, Val 26433.5284, Test 26785.4057
Epoch 47: Loss:            : Train 0.0000, Val 0.0002, Test 0.0002
          RMSE             : Train 45018.7863, Val 48336.7641, Test 53270.5487
          R2_Score         : Train 0.9606, Val 0.9528, Test 0.9446
          MAE              : Train 25359.6057, Val 26019.6990, Test 26557.7926
Best:
          RMSE             : Train 45018.7863, Val 48336.7641, Test 53270.5487
          R2_Score         : Train 0.9606, Val 0.9528, Test 0.9446
          MAE              : Train 25359.6057, Val 26019.6990, Test 26557.7926
Epoch 48: Loss:            : Train 0.0000, Val 0.0002, Test 0.0002
          RMSE             : Train 44390.0948, Val 48016.9434, Test 52496.6240
          R2_Score         : Train 0.9617, Val 0.9534, Test 0.9462
          MAE              : Train 25047.3205, Val 25711.2173, Test 26189.6724
Best:
          RMSE             : Train 44390.0948, Val 48016.9434, Test 52496.6240
          R2_Score         : Train 0.9617, Val 0.9534, Test 0.9462
          MAE              : Train 25047.3205, Val 25711.2173, Test 26189.6724
Epoch 49: Loss:            : Train 0.0000, Val 0.0002, Test 0.0002
          RMSE             : Train 43944.2361, Val 47905.6125, Test 52082.2336
          R2_Score         : Train 0.9624, Val 0.9537, Test 0.9471
          MAE              : Train 24670.5395, Val 25556.8102, Test 25928.4271
Best:
          RMSE             : Train 43944.2361, Val 47905.6125, Test 52082.2336
          R2_Score         : Train 0.9624, Val 0.9537, Test 0.9471
          MAE              : Train 24670.5395, Val 25556.8102, Test 25928.4271
Epoch 50: Loss:            : Train 0.0000, Val 0.0002, Test 0.0002
          RMSE             : Train 43613.1855, Val 47620.4949, Test 52565.1637
          R2_Score         : Train 0.9630, Val 0.9542, Test 0.9461
          MAE              : Train 24541.9169, Val 25244.7226, Test 25750.8541
Best:
          RMSE             : Train 43613.1855, Val 47620.4949, Test 52565.1637
          R2_Score         : Train 0.9630, Val 0.9542, Test 0.9461
          MAE              : Train 24541.9169, Val 25244.7226, Test 25750.8541
Epoch 51: Loss:            : Train 0.0000, Val 0.0002, Test 0.0002
          RMSE             : Train 43189.8988, Val 47200.2946, Test 51859.3806
          R2_Score         : Train 0.9637, Val 0.9550, Test 0.9475
          MAE              : Train 24245.8098, Val 24976.4816, Test 25556.4585
Best:
          RMSE             : Train 43189.8988, Val 47200.2946, Test 51859.3806
          R2_Score         : Train 0.9637, Val 0.9550, Test 0.9475
          MAE              : Train 24245.8098, Val 24976.4816, Test 25556.4585
Epoch 52: Loss:            : Train 0.0000, Val 0.0002, Test 0.0002
          RMSE             : Train 42880.2286, Val 47067.2829, Test 51023.4157
          R2_Score         : Train 0.9642, Val 0.9553, Test 0.9492
          MAE              : Train 23982.5805, Val 24774.3038, Test 25157.0359
Best:
          RMSE             : Train 42880.2286, Val 47067.2829, Test 51023.4157
          R2_Score         : Train 0.9642, Val 0.9553, Test 0.9492
          MAE              : Train 23982.5805, Val 24774.3038, Test 25157.0359
Epoch 53: Loss:            : Train 0.0000, Val 0.0002, Test 0.0002
          RMSE             : Train 42353.6012, Val 46666.2248, Test 50801.2353
          R2_Score         : Train 0.9651, Val 0.9560, Test 0.9496
          MAE              : Train 23581.3328, Val 24543.9364, Test 25030.7478
Best:
          RMSE             : Train 42353.6012, Val 46666.2248, Test 50801.2353
          R2_Score         : Train 0.9651, Val 0.9560, Test 0.9496
          MAE              : Train 23581.3328, Val 24543.9364, Test 25030.7478
Epoch 54: Loss:            : Train 0.0000, Val 0.0002, Test 0.0002
          RMSE             : Train 41866.6714, Val 46402.9823, Test 50718.3461
          R2_Score         : Train 0.9659, Val 0.9565, Test 0.9498
          MAE              : Train 23307.4894, Val 24357.7627, Test 24807.6890
Best:
          RMSE             : Train 41866.6714, Val 46402.9823, Test 50718.3461
          R2_Score         : Train 0.9659, Val 0.9565, Test 0.9498
          MAE              : Train 23307.4894, Val 24357.7627, Test 24807.6890
Epoch 55: Loss:            : Train 0.0000, Val 0.0002, Test 0.0002
          RMSE             : Train 41815.3057, Val 46516.2253, Test 50271.4101
          R2_Score         : Train 0.9660, Val 0.9563, Test 0.9507
          MAE              : Train 23198.7917, Val 24182.6589, Test 24597.3714
Best:
          RMSE             : Train 41866.6714, Val 46402.9823, Test 50718.3461
          R2_Score         : Train 0.9659, Val 0.9565, Test 0.9498
          MAE              : Train 23307.4894, Val 24357.7627, Test 24807.6890
Epoch 56: Loss:            : Train 0.0000, Val 0.0002, Test 0.0002
          RMSE             : Train 41197.0765, Val 45865.0866, Test 50510.6569
          R2_Score         : Train 0.9670, Val 0.9575, Test 0.9502
          MAE              : Train 22932.0016, Val 24089.4638, Test 24564.8490
Best:
          RMSE             : Train 41197.0765, Val 45865.0866, Test 50510.6569
          R2_Score         : Train 0.9670, Val 0.9575, Test 0.9502
          MAE              : Train 22932.0016, Val 24089.4638, Test 24564.8490
Epoch 57: Loss:            : Train 0.0000, Val 0.0002, Test 0.0002
          RMSE             : Train 40849.9129, Val 46071.4133, Test 50308.9808
          R2_Score         : Train 0.9675, Val 0.9571, Test 0.9506
          MAE              : Train 22683.6991, Val 23807.4212, Test 24281.3928
Best:
          RMSE             : Train 41197.0765, Val 45865.0866, Test 50510.6569
          R2_Score         : Train 0.9670, Val 0.9575, Test 0.9502
          MAE              : Train 22932.0016, Val 24089.4638, Test 24564.8490
Epoch 58: Loss:            : Train 0.0000, Val 0.0002, Test 0.0002
          RMSE             : Train 40907.9158, Val 46102.3182, Test 50987.7875
          R2_Score         : Train 0.9674, Val 0.9571, Test 0.9493
          MAE              : Train 22691.5207, Val 23681.3075, Test 24249.9375
Best:
          RMSE             : Train 41197.0765, Val 45865.0866, Test 50510.6569
          R2_Score         : Train 0.9670, Val 0.9575, Test 0.9502
          MAE              : Train 22932.0016, Val 24089.4638, Test 24564.8490
Epoch 59: Loss:            : Train 0.0000, Val 0.0002, Test 0.0002
          RMSE             : Train 40649.1465, Val 46374.4771, Test 50106.0989
          R2_Score         : Train 0.9679, Val 0.9566, Test 0.9510
          MAE              : Train 22342.4695, Val 23746.8522, Test 24218.5751
Best:
          RMSE             : Train 41197.0765, Val 45865.0866, Test 50510.6569
          R2_Score         : Train 0.9670, Val 0.9575, Test 0.9502
          MAE              : Train 22932.0016, Val 24089.4638, Test 24564.8490
Epoch 60: Loss:            : Train 0.0000, Val 0.0002, Test 0.0002
          RMSE             : Train 40015.3421, Val 45087.5871, Test 50243.2721
          R2_Score         : Train 0.9688, Val 0.9590, Test 0.9507
          MAE              : Train 22097.0680, Val 23196.7905, Test 23848.0339
Best:
          RMSE             : Train 40015.3421, Val 45087.5871, Test 50243.2721
          R2_Score         : Train 0.9688, Val 0.9590, Test 0.9507
          MAE              : Train 22097.0680, Val 23196.7905, Test 23848.0339
Epoch 61: Loss:            : Train 0.0000, Val 0.0002, Test 0.0002
          RMSE             : Train 39457.8476, Val 44968.9080, Test 50176.8823
          R2_Score         : Train 0.9697, Val 0.9592, Test 0.9509
          MAE              : Train 21735.0883, Val 23007.7299, Test 23592.1173
Best:
          RMSE             : Train 39457.8476, Val 44968.9080, Test 50176.8823
          R2_Score         : Train 0.9697, Val 0.9592, Test 0.9509
          MAE              : Train 21735.0883, Val 23007.7299, Test 23592.1173
Epoch 62: Loss:            : Train 0.0000, Val 0.0002, Test 0.0002
          RMSE             : Train 39393.3550, Val 45490.5665, Test 50825.9279
          R2_Score         : Train 0.9698, Val 0.9582, Test 0.9496
          MAE              : Train 21648.2688, Val 23117.2645, Test 23682.1659
Best:
          RMSE             : Train 39457.8476, Val 44968.9080, Test 50176.8823
          R2_Score         : Train 0.9697, Val 0.9592, Test 0.9509
          MAE              : Train 21735.0883, Val 23007.7299, Test 23592.1173
Epoch 63: Loss:            : Train 0.0000, Val 0.0002, Test 0.0002
          RMSE             : Train 39533.2996, Val 44977.9744, Test 49809.4585
          R2_Score         : Train 0.9696, Val 0.9592, Test 0.9516
          MAE              : Train 21727.6614, Val 22860.0476, Test 23384.9957
Best:
          RMSE             : Train 39457.8476, Val 44968.9080, Test 50176.8823
          R2_Score         : Train 0.9697, Val 0.9592, Test 0.9509
          MAE              : Train 21735.0883, Val 23007.7299, Test 23592.1173
Epoch 64: Loss:            : Train 0.0000, Val 0.0002, Test 0.0002
          RMSE             : Train 39291.6055, Val 45348.1622, Test 49183.8563
          R2_Score         : Train 0.9700, Val 0.9585, Test 0.9528
          MAE              : Train 21518.2564, Val 22888.7970, Test 23305.4781
Best:
          RMSE             : Train 39457.8476, Val 44968.9080, Test 50176.8823
          R2_Score         : Train 0.9697, Val 0.9592, Test 0.9509
          MAE              : Train 21735.0883, Val 23007.7299, Test 23592.1173
Epoch 65: Loss:            : Train 0.0000, Val 0.0002, Test 0.0002
          RMSE             : Train 38784.4344, Val 44688.8934, Test 49353.8453
          R2_Score         : Train 0.9707, Val 0.9597, Test 0.9525
          MAE              : Train 21205.8199, Val 22567.9286, Test 23100.3984
Best:
          RMSE             : Train 38784.4344, Val 44688.8934, Test 49353.8453
          R2_Score         : Train 0.9707, Val 0.9597, Test 0.9525
          MAE              : Train 21205.8199, Val 22567.9286, Test 23100.3984
Epoch 66: Loss:            : Train 0.0000, Val 0.0002, Test 0.0002
          RMSE             : Train 38497.4207, Val 44856.2800, Test 49446.8869
          R2_Score         : Train 0.9712, Val 0.9594, Test 0.9523
          MAE              : Train 21035.5444, Val 22407.0491, Test 22919.7717
Best:
          RMSE             : Train 38784.4344, Val 44688.8934, Test 49353.8453
          R2_Score         : Train 0.9707, Val 0.9597, Test 0.9525
          MAE              : Train 21205.8199, Val 22567.9286, Test 23100.3984
Epoch 67: Loss:            : Train 0.0000, Val 0.0002, Test 0.0002
          RMSE             : Train 38064.5487, Val 44870.0893, Test 48667.0557
          R2_Score         : Train 0.9718, Val 0.9593, Test 0.9538
          MAE              : Train 20784.7896, Val 22335.5526, Test 22733.9156
Best:
          RMSE             : Train 38784.4344, Val 44688.8934, Test 49353.8453
          R2_Score         : Train 0.9707, Val 0.9597, Test 0.9525
          MAE              : Train 21205.8199, Val 22567.9286, Test 23100.3984
Epoch 68: Loss:            : Train 0.0000, Val 0.0001, Test 0.0002
          RMSE             : Train 37962.7076, Val 44113.3690, Test 49879.4547
          R2_Score         : Train 0.9720, Val 0.9607, Test 0.9514
          MAE              : Train 20750.4763, Val 22121.9459, Test 22755.9848
Best:
          RMSE             : Train 37962.7076, Val 44113.3690, Test 49879.4547
          R2_Score         : Train 0.9720, Val 0.9607, Test 0.9514
          MAE              : Train 20750.4763, Val 22121.9459, Test 22755.9848
Epoch 69: Loss:            : Train 0.0000, Val 0.0001, Test 0.0002
          RMSE             : Train 37918.0607, Val 44025.6112, Test 48989.6689
          R2_Score         : Train 0.9720, Val 0.9609, Test 0.9532
          MAE              : Train 20506.8568, Val 21994.3430, Test 22505.0973
Best:
          RMSE             : Train 37918.0607, Val 44025.6112, Test 48989.6689
          R2_Score         : Train 0.9720, Val 0.9609, Test 0.9532
          MAE              : Train 20506.8568, Val 21994.3430, Test 22505.0973
Epoch 70: Loss:            : Train 0.0000, Val 0.0001, Test 0.0002
          RMSE             : Train 37413.8911, Val 43939.7518, Test 48511.1024
          R2_Score         : Train 0.9728, Val 0.9610, Test 0.9541
          MAE              : Train 20256.2431, Val 21797.4819, Test 22341.7203
Best:
          RMSE             : Train 37413.8911, Val 43939.7518, Test 48511.1024
          R2_Score         : Train 0.9728, Val 0.9610, Test 0.9541
          MAE              : Train 20256.2431, Val 21797.4819, Test 22341.7203
Epoch 71: Loss:            : Train 0.0000, Val 0.0001, Test 0.0002
          RMSE             : Train 37529.9140, Val 43696.1102, Test 48866.0706
          R2_Score         : Train 0.9726, Val 0.9614, Test 0.9534
          MAE              : Train 20211.4919, Val 21729.0431, Test 22278.2050
Best:
          RMSE             : Train 37529.9140, Val 43696.1102, Test 48866.0706
          R2_Score         : Train 0.9726, Val 0.9614, Test 0.9534
          MAE              : Train 20211.4919, Val 21729.0431, Test 22278.2050
Epoch 72: Loss:            : Train 0.0000, Val 0.0002, Test 0.0002
          RMSE             : Train 37015.0284, Val 44269.6650, Test 49237.2334
          R2_Score         : Train 0.9733, Val 0.9604, Test 0.9527
          MAE              : Train 19990.1228, Val 22023.9360, Test 22577.2505
Best:
          RMSE             : Train 37529.9140, Val 43696.1102, Test 48866.0706
          R2_Score         : Train 0.9726, Val 0.9614, Test 0.9534
          MAE              : Train 20211.4919, Val 21729.0431, Test 22278.2050
Epoch 73: Loss:            : Train 0.0000, Val 0.0001, Test 0.0002
          RMSE             : Train 36825.9812, Val 43347.0334, Test 48729.9074
          R2_Score         : Train 0.9736, Val 0.9621, Test 0.9537
          MAE              : Train 19806.2530, Val 21453.8283, Test 22056.0858
Best:
          RMSE             : Train 36825.9812, Val 43347.0334, Test 48729.9074
          R2_Score         : Train 0.9736, Val 0.9621, Test 0.9537
          MAE              : Train 19806.2530, Val 21453.8283, Test 22056.0858
Epoch 74: Loss:            : Train 0.0000, Val 0.0001, Test 0.0002
          RMSE             : Train 36773.5559, Val 44011.2050, Test 48626.8639
          R2_Score         : Train 0.9737, Val 0.9609, Test 0.9538
          MAE              : Train 19752.4862, Val 21471.3120, Test 22053.8726
Best:
          RMSE             : Train 36825.9812, Val 43347.0334, Test 48729.9074
          R2_Score         : Train 0.9736, Val 0.9621, Test 0.9537
          MAE              : Train 19806.2530, Val 21453.8283, Test 22056.0858
Epoch 75: Loss:            : Train 0.0000, Val 0.0001, Test 0.0002
          RMSE             : Train 36721.6074, Val 43695.8604, Test 49079.7827
          R2_Score         : Train 0.9738, Val 0.9614, Test 0.9530
          MAE              : Train 19659.2747, Val 21212.4715, Test 21776.6439
Best:
          RMSE             : Train 36825.9812, Val 43347.0334, Test 48729.9074
          R2_Score         : Train 0.9736, Val 0.9621, Test 0.9537
          MAE              : Train 19806.2530, Val 21453.8283, Test 22056.0858
Epoch 76: Loss:            : Train 0.0000, Val 0.0001, Test 0.0002
          RMSE             : Train 36376.0786, Val 43499.7503, Test 49486.1954
          R2_Score         : Train 0.9743, Val 0.9618, Test 0.9522
          MAE              : Train 19505.9920, Val 21282.7840, Test 22030.9739
Best:
          RMSE             : Train 36825.9812, Val 43347.0334, Test 48729.9074
          R2_Score         : Train 0.9736, Val 0.9621, Test 0.9537
          MAE              : Train 19806.2530, Val 21453.8283, Test 22056.0858
Epoch 77: Loss:            : Train 0.0000, Val 0.0001, Test 0.0002
          RMSE             : Train 36151.4548, Val 42598.2793, Test 47867.9251
          R2_Score         : Train 0.9746, Val 0.9634, Test 0.9553
          MAE              : Train 19319.3474, Val 21046.8837, Test 21655.6214
Best:
          RMSE             : Train 36151.4548, Val 42598.2793, Test 47867.9251
          R2_Score         : Train 0.9746, Val 0.9634, Test 0.9553
          MAE              : Train 19319.3474, Val 21046.8837, Test 21655.6214
Epoch 78: Loss:            : Train 0.0000, Val 0.0001, Test 0.0002
          RMSE             : Train 36165.0303, Val 43139.8895, Test 48103.2408
          R2_Score         : Train 0.9746, Val 0.9624, Test 0.9548
          MAE              : Train 19266.1414, Val 20913.5503, Test 21533.2747
Best:
          RMSE             : Train 36151.4548, Val 42598.2793, Test 47867.9251
          R2_Score         : Train 0.9746, Val 0.9634, Test 0.9553
          MAE              : Train 19319.3474, Val 21046.8837, Test 21655.6214
Epoch 79: Loss:            : Train 0.0000, Val 0.0001, Test 0.0002
          RMSE             : Train 36016.9326, Val 43025.3770, Test 48064.2484
          R2_Score         : Train 0.9748, Val 0.9626, Test 0.9549
          MAE              : Train 19176.4715, Val 20852.2898, Test 21376.5234
Best:
          RMSE             : Train 36151.4548, Val 42598.2793, Test 47867.9251
          R2_Score         : Train 0.9746, Val 0.9634, Test 0.9553
          MAE              : Train 19319.3474, Val 21046.8837, Test 21655.6214
Epoch 80: Loss:            : Train 0.0000, Val 0.0001, Test 0.0002
          RMSE             : Train 35733.2735, Val 42793.7577, Test 48039.5504
          R2_Score         : Train 0.9752, Val 0.9630, Test 0.9550
          MAE              : Train 19046.4336, Val 20610.8455, Test 21257.6460
Best:
          RMSE             : Train 36151.4548, Val 42598.2793, Test 47867.9251
          R2_Score         : Train 0.9746, Val 0.9634, Test 0.9553
          MAE              : Train 19319.3474, Val 21046.8837, Test 21655.6214
Epoch 81: Loss:            : Train 0.0000, Val 0.0001, Test 0.0002
          RMSE             : Train 35434.1604, Val 42852.5884, Test 48566.3014
          R2_Score         : Train 0.9756, Val 0.9629, Test 0.9540
          MAE              : Train 18817.2253, Val 20724.4319, Test 21321.0783
Best:
          RMSE             : Train 36151.4548, Val 42598.2793, Test 47867.9251
          R2_Score         : Train 0.9746, Val 0.9634, Test 0.9553
          MAE              : Train 19319.3474, Val 21046.8837, Test 21655.6214
Epoch 82: Loss:            : Train 0.0000, Val 0.0001, Test 0.0002
          RMSE             : Train 35411.1385, Val 43091.0754, Test 48164.4835
          R2_Score         : Train 0.9756, Val 0.9625, Test 0.9547
          MAE              : Train 18867.9399, Val 20583.5164, Test 21173.7536
Best:
          RMSE             : Train 36151.4548, Val 42598.2793, Test 47867.9251
          R2_Score         : Train 0.9746, Val 0.9634, Test 0.9553
          MAE              : Train 19319.3474, Val 21046.8837, Test 21655.6214
Epoch 83: Loss:            : Train 0.0000, Val 0.0001, Test 0.0002
          RMSE             : Train 35302.5267, Val 42852.5761, Test 48532.3015
          R2_Score         : Train 0.9758, Val 0.9629, Test 0.9540
          MAE              : Train 18722.9810, Val 20486.9960, Test 21127.3321
Best:
          RMSE             : Train 36151.4548, Val 42598.2793, Test 47867.9251
          R2_Score         : Train 0.9746, Val 0.9634, Test 0.9553
          MAE              : Train 19319.3474, Val 21046.8837, Test 21655.6214
Epoch 84: Loss:            : Train 0.0000, Val 0.0001, Test 0.0002
          RMSE             : Train 35140.8390, Val 42607.4834, Test 48475.5632
          R2_Score         : Train 0.9760, Val 0.9633, Test 0.9541
          MAE              : Train 18699.2636, Val 20297.0810, Test 20996.1950
Best:
          RMSE             : Train 36151.4548, Val 42598.2793, Test 47867.9251
          R2_Score         : Train 0.9746, Val 0.9634, Test 0.9553
          MAE              : Train 19319.3474, Val 21046.8837, Test 21655.6214
Epoch 85: Loss:            : Train 0.0000, Val 0.0001, Test 0.0002
          RMSE             : Train 34977.2071, Val 42325.4080, Test 47922.8982
          R2_Score         : Train 0.9762, Val 0.9638, Test 0.9552
          MAE              : Train 18463.8423, Val 20439.2192, Test 21182.9775
Best:
          RMSE             : Train 34977.2071, Val 42325.4080, Test 47922.8982
          R2_Score         : Train 0.9762, Val 0.9638, Test 0.9552
          MAE              : Train 18463.8423, Val 20439.2192, Test 21182.9775
Epoch 86: Loss:            : Train 0.0000, Val 0.0001, Test 0.0002
          RMSE             : Train 34637.1612, Val 42142.0251, Test 47970.9469
          R2_Score         : Train 0.9767, Val 0.9641, Test 0.9551
          MAE              : Train 18426.3692, Val 20290.5649, Test 20963.9339
Best:
          RMSE             : Train 34637.1612, Val 42142.0251, Test 47970.9469
          R2_Score         : Train 0.9767, Val 0.9641, Test 0.9551
          MAE              : Train 18426.3692, Val 20290.5649, Test 20963.9339
Epoch 87: Loss:            : Train 0.0000, Val 0.0001, Test 0.0002
          RMSE             : Train 34946.2312, Val 43356.8925, Test 49588.5191
          R2_Score         : Train 0.9762, Val 0.9620, Test 0.9520
          MAE              : Train 18446.0965, Val 20806.1925, Test 21613.5323
Best:
          RMSE             : Train 34637.1612, Val 42142.0251, Test 47970.9469
          R2_Score         : Train 0.9767, Val 0.9641, Test 0.9551
          MAE              : Train 18426.3692, Val 20290.5649, Test 20963.9339
Epoch 88: Loss:            : Train 0.0000, Val 0.0001, Test 0.0002
          RMSE             : Train 34682.7864, Val 43150.1947, Test 49145.5117
          R2_Score         : Train 0.9766, Val 0.9624, Test 0.9529
          MAE              : Train 18291.0326, Val 20491.3766, Test 21239.8098
Best:
          RMSE             : Train 34637.1612, Val 42142.0251, Test 47970.9469
          R2_Score         : Train 0.9767, Val 0.9641, Test 0.9551
          MAE              : Train 18426.3692, Val 20290.5649, Test 20963.9339
Epoch 89: Loss:            : Train 0.0000, Val 0.0001, Test 0.0002
          RMSE             : Train 34488.7477, Val 43075.9858, Test 47023.7811
          R2_Score         : Train 0.9769, Val 0.9625, Test 0.9568
          MAE              : Train 18277.2204, Val 20263.6906, Test 20704.0105
Best:
          RMSE             : Train 34637.1612, Val 42142.0251, Test 47970.9469
          R2_Score         : Train 0.9767, Val 0.9641, Test 0.9551
          MAE              : Train 18426.3692, Val 20290.5649, Test 20963.9339
Epoch 90: Loss:            : Train 0.0000, Val 0.0001, Test 0.0002
          RMSE             : Train 34460.7108, Val 42581.0048, Test 47397.1450
          R2_Score         : Train 0.9769, Val 0.9634, Test 0.9562
          MAE              : Train 18230.7122, Val 20163.0298, Test 20702.6519
Best:
          RMSE             : Train 34637.1612, Val 42142.0251, Test 47970.9469
          R2_Score         : Train 0.9767, Val 0.9641, Test 0.9551
          MAE              : Train 18426.3692, Val 20290.5649, Test 20963.9339
Epoch 91: Loss:            : Train 0.0000, Val 0.0001, Test 0.0002
          RMSE             : Train 34217.9743, Val 43243.9229, Test 49936.3346
          R2_Score         : Train 0.9772, Val 0.9622, Test 0.9513
          MAE              : Train 18012.5911, Val 20143.3895, Test 20909.1681
Best:
          RMSE             : Train 34637.1612, Val 42142.0251, Test 47970.9469
          R2_Score         : Train 0.9767, Val 0.9641, Test 0.9551
          MAE              : Train 18426.3692, Val 20290.5649, Test 20963.9339
Epoch 92: Loss:            : Train 0.0000, Val 0.0001, Test 0.0002
          RMSE             : Train 34413.6952, Val 42166.3538, Test 47438.8476
          R2_Score         : Train 0.9770, Val 0.9641, Test 0.9561
          MAE              : Train 18116.5576, Val 19921.7701, Test 20518.7551
Best:
          RMSE             : Train 34637.1612, Val 42142.0251, Test 47970.9469
          R2_Score         : Train 0.9767, Val 0.9641, Test 0.9551
          MAE              : Train 18426.3692, Val 20290.5649, Test 20963.9339
Epoch 93: Loss:            : Train 0.0000, Val 0.0001, Test 0.0002
          RMSE             : Train 34345.8836, Val 42441.9912, Test 48070.3919
          R2_Score         : Train 0.9770, Val 0.9636, Test 0.9549
          MAE              : Train 18048.9707, Val 19950.2208, Test 20551.1953
Best:
          RMSE             : Train 34637.1612, Val 42142.0251, Test 47970.9469
          R2_Score         : Train 0.9767, Val 0.9641, Test 0.9551
          MAE              : Train 18426.3692, Val 20290.5649, Test 20963.9339
Epoch 94: Loss:            : Train 0.0000, Val 0.0001, Test 0.0002
          RMSE             : Train 33722.9923, Val 42141.8282, Test 48231.6166
          R2_Score         : Train 0.9779, Val 0.9641, Test 0.9546
          MAE              : Train 17738.5616, Val 19671.9016, Test 20412.1405
Best:
          RMSE             : Train 33722.9923, Val 42141.8282, Test 48231.6166
          R2_Score         : Train 0.9779, Val 0.9641, Test 0.9546
          MAE              : Train 17738.5616, Val 19671.9016, Test 20412.1405
Epoch 95: Loss:            : Train 0.0000, Val 0.0001, Test 0.0002
          RMSE             : Train 33681.9611, Val 42165.9296, Test 47119.4101
          R2_Score         : Train 0.9779, Val 0.9641, Test 0.9567
          MAE              : Train 17681.6802, Val 19568.4289, Test 20170.6278
Best:
          RMSE             : Train 33722.9923, Val 42141.8282, Test 48231.6166
          R2_Score         : Train 0.9779, Val 0.9641, Test 0.9546
          MAE              : Train 17738.5616, Val 19671.9016, Test 20412.1405
Epoch 96: Loss:            : Train 0.0000, Val 0.0001, Test 0.0002
          RMSE             : Train 33468.5041, Val 41519.2673, Test 47821.1131
          R2_Score         : Train 0.9782, Val 0.9652, Test 0.9554
          MAE              : Train 17595.4838, Val 19653.3502, Test 20371.5258
Best:
          RMSE             : Train 33468.5041, Val 41519.2673, Test 47821.1131
          R2_Score         : Train 0.9782, Val 0.9652, Test 0.9554
          MAE              : Train 17595.4838, Val 19653.3502, Test 20371.5258
Epoch 97: Loss:            : Train 0.0000, Val 0.0001, Test 0.0002
          RMSE             : Train 33096.9512, Val 41858.5955, Test 47182.7459
          R2_Score         : Train 0.9787, Val 0.9646, Test 0.9566
          MAE              : Train 17466.1695, Val 19507.6817, Test 20096.6525
Best:
          RMSE             : Train 33468.5041, Val 41519.2673, Test 47821.1131
          R2_Score         : Train 0.9782, Val 0.9652, Test 0.9554
          MAE              : Train 17595.4838, Val 19653.3502, Test 20371.5258
Epoch 98: Loss:            : Train 0.0000, Val 0.0001, Test 0.0002
          RMSE             : Train 33121.3028, Val 42095.6883, Test 47008.2433
          R2_Score         : Train 0.9787, Val 0.9642, Test 0.9569
          MAE              : Train 17480.3624, Val 19496.6189, Test 20055.2455
Best:
          RMSE             : Train 33468.5041, Val 41519.2673, Test 47821.1131
          R2_Score         : Train 0.9782, Val 0.9652, Test 0.9554
          MAE              : Train 17595.4838, Val 19653.3502, Test 20371.5258
Epoch 99: Loss:            : Train 0.0000, Val 0.0001, Test 0.0002
          RMSE             : Train 33539.5912, Val 41518.7885, Test 48321.8443
          R2_Score         : Train 0.9781, Val 0.9652, Test 0.9544
          MAE              : Train 17524.8908, Val 19424.2913, Test 20158.3668
Best:
          RMSE             : Train 33539.5912, Val 41518.7885, Test 48321.8443
          R2_Score         : Train 0.9781, Val 0.9652, Test 0.9544
          MAE              : Train 17524.8908, Val 19424.2913, Test 20158.3668
Epoch 100: Loss:            : Train 0.0000, Val 0.0001, Test 0.0002
          RMSE             : Train 33125.4642, Val 41838.3861, Test 47363.8002
          R2_Score         : Train 0.9787, Val 0.9647, Test 0.9562
          MAE              : Train 17411.9249, Val 19340.3336, Test 19967.9409
Best:
          RMSE             : Train 33539.5912, Val 41518.7885, Test 48321.8443
          R2_Score         : Train 0.9781, Val 0.9652, Test 0.9544
          MAE              : Train 17524.8908, Val 19424.2913, Test 20158.3668
Training time (sec): 164
