Loading loan from data/company/loan_subset_clean.csv
Loading company from data/company/company_subset_clean.csv
Current loan columns Index(['Term', 'NoEmp', 'NewExist', 'CreateJob', 'RetainedJob', 'UrbanRural',
       'DisbursementGross', 'BalanceGross', 'ChgOffPrinGr', 'GrAppv',
       'BankState_al', 'BankState_an', 'BankState_ar', 'BankState_az',
       'BankState_ca', 'BankState_co', 'BankState_ct', 'BankState_dc',
       'BankState_de', 'BankState_en', 'BankState_fl', 'BankState_ga',
       'BankState_gu', 'BankState_hi', 'BankState_ia', 'BankState_id',
       'BankState_il', 'BankState_in', 'BankState_ks', 'BankState_ky',
       'BankState_la', 'BankState_ma', 'BankState_md', 'BankState_me',
       'BankState_mi', 'BankState_mn', 'BankState_mo', 'BankState_ms',
       'BankState_mt', 'BankState_nc', 'BankState_nd', 'BankState_ne',
       'BankState_nh', 'BankState_nj', 'BankState_nm', 'BankState_nv',
       'BankState_ny', 'BankState_oh', 'BankState_ok', 'BankState_or',
       'BankState_pa', 'BankState_pr', 'BankState_ri', 'BankState_sc',
       'BankState_sd', 'BankState_tn', 'BankState_tx', 'BankState_ut',
       'BankState_va', 'BankState_vi', 'BankState_vt', 'BankState_wa',
       'BankState_wi', 'BankState_wv', 'BankState_wy', 'RevLineCr_-',
       'RevLineCr_.', 'RevLineCr_0', 'RevLineCr_1', 'RevLineCr_2',
       'RevLineCr_3', 'RevLineCr_4', 'RevLineCr_5', 'RevLineCr_7',
       'RevLineCr_`', 'RevLineCr_a', 'RevLineCr_c', 'RevLineCr_n',
       'RevLineCr_q', 'RevLineCr_r', 'RevLineCr_t', 'RevLineCr_y', 'LowDoc_1',
       'LowDoc_a', 'LowDoc_c', 'LowDoc_n', 'LowDoc_r', 'LowDoc_s', 'LowDoc_y',
       'MIS_Status_p i f', 'Name'],
      dtype='object')
Current company columns Index(['name', 'current employee estimate', 'total employee estimate',
       'ind_airlines/aviation', 'ind_alternative dispute resolution',
       'ind_alternative medicine', 'ind_animation', 'ind_apparel & fashion',
       'ind_architecture & planning', 'ind_arts and crafts',
       ...
       'ind_wine and spirits', 'ind_wireless', 'ind_writing and editing',
       'sr_10001+', 'sr_1001 - 5000', 'sr_11 - 50', 'sr_201 - 500',
       'sr_5001 - 10000', 'sr_501 - 1000', 'sr_51 - 200'],
      dtype='object', length=157)
Loading data from cache
Done
Calculating noise scale
Standard variance of sim_score: 293.22, Mean: -828.32
Adding noise of scale 0.1373296385598391 to sim_scores
Adding noise of scale 0.1373296385598391 to sim_scores
Adding noise of scale 0.1373296385598391 to sim_scores
Preparing time (sec): 12
Initializing dataloader
Done
Prepare for training
Start training
SplitNN summary
==========================================================================================
Layer (type:depth-idx)                   Output Shape              Param #
==========================================================================================
SplitNN                                  --                        --
├─MLP: 1                                 --                        --
│    └─ModuleList: 2-1                   --                        --
├─ModuleList: 1-1                        --                        --
│    └─MLP: 2                            --                        --
│    │    └─ModuleList: 3-1              --                        14,150
│    └─MLP: 2                            --                        --
│    │    └─ModuleList: 3-2              --                        20,750
│    └─MLP: 2-2                          [32, 50]                  --
│    └─MLP: 2-3                          [32, 50]                  --
├─MLP: 1-2                               [32, 10]                  --
│    └─ModuleList: 2-1                   --                        --
│    │    └─Linear: 3-3                  [32, 100]                 10,100
│    │    └─Linear: 3-4                  [32, 10]                  1,010
==========================================================================================
Total params: 46,010
Trainable params: 46,010
Non-trainable params: 0
Total mult-adds (M): 1.47
==========================================================================================
Input size (MB): 0.03
Forward/backward pass size (MB): 0.10
Params size (MB): 0.18
Estimated Total Size (MB): 0.32
==========================================================================================
Merge model summary
==========================================================================================
Layer (type:depth-idx)                   Output Shape              Param #
==========================================================================================
ConvModel                                --                        --
├─Conv2d: 1-1                            [1, 4, 56, 10]            32
├─Dropout: 1-2                           [1, 2240]                 --
├─Linear: 1-3                            [1, 200]                  448,200
├─Dropout: 1-4                           [1, 200]                  --
├─Linear: 1-5                            [1, 1]                    201
==========================================================================================
Total params: 448,433
Trainable params: 448,433
Non-trainable params: 0
Total mult-adds (M): 0.47
==========================================================================================
Input size (MB): 0.00
Forward/backward pass size (MB): 0.02
Params size (MB): 1.79
Estimated Total Size (MB): 1.82
==========================================================================================
Similarity model summary
==========================================================================================
Layer (type:depth-idx)                   Output Shape              Param #
==========================================================================================
MLP                                      --                        --
├─ModuleList: 1-1                        --                        --
│    └─Linear: 2-1                       [1, 10]                   20
│    └─Linear: 2-2                       [1, 1]                    11
==========================================================================================
Total params: 31
Trainable params: 31
Non-trainable params: 0
Total mult-adds (M): 0.00
==========================================================================================
Input size (MB): 0.00
Forward/backward pass size (MB): 0.00
Params size (MB): 0.00
Estimated Total Size (MB): 0.00
==========================================================================================
n_classes=2
task=regression
model_name=company_fedsim_2022-08-15-15-10-36
sche_threshold=0.0001
sche_patience=10
sche_factor=0.1
use_scheduler=False
num_workers=4
device=cuda:3
test_batch_size=4096
train_batch_size=32
learning_rate=0.001
weight_decay=1e-05
num_epochs=100
model_save_path=ckp/company_fedsim_2022-08-15-15-10-36.pth
test_rate=0.2
val_rate=0.1
multiprocess_context=fork
metrics=['rmse', 'mae', 'r2_score']
metrics_f=[<metric.rmse.RMSE object at 0x7fb472905e80>, <metric.mae.MAE object at 0x7fb472905f70>, <metric.r2_score.R2Score object at 0x7fb472905dc0>]
hidden_sizes=[200, 100]
model=SplitNN(
  (agg_model): MLP(
    (fc_layers): ModuleList(
      (0): Linear(in_features=100, out_features=100, bias=True)
      (1): Linear(in_features=100, out_features=10, bias=True)
    )
  )
  (local_models): ModuleList(
    (0): MLP(
      (fc_layers): ModuleList(
        (0): Linear(in_features=90, out_features=100, bias=True)
        (1): Linear(in_features=100, out_features=50, bias=True)
      )
    )
    (1): MLP(
      (fc_layers): ModuleList(
        (0): Linear(in_features=156, out_features=100, bias=True)
        (1): Linear(in_features=100, out_features=50, bias=True)
      )
    )
  )
)
writer=<torch.utils.tensorboard.writer.SummaryWriter object at 0x7fb4729056a0>
dataset_type=real
drop_key=True
num_common_features=1
tree_radius=0.01
tree_leaf_size=1000
knn_k=50
grid_min=-10.0
grid_max=10.0
grid_width=1.5
sim_scaler=StandardScaler()
filter_top_k=None
link_n_jobs=1
psig_p=8
sim_leak_p=0.01
link_threshold_t=0.1
link_epsilon=0.1
n_hash_lsh=50
edit_distance_threshold=10
n_hash_func=50
collision_rate=0.01
qgram_q=4
link_delta=0.01
feature_wise_sim=False
blocking_method=knn_priv_str
center_threshold=0.5
n_clusters=100
local_hidden_sizes=[[100], [100]]
cut_dims=[50, 50]
agg_hidden_sizes=[100]
scale_analysis=<utils.privacy.SimNoiseScale object at 0x7fb470551370>
disable_weight=False
disable_sort=False
mlp_merge=None
use_sim=True
use_conv=True
conv_kernel_v_size=7
conv_n_channels=4
merge_dropout_p=0.3
raw_output_dim=10
log_dir=log/company_fedsim_2022-08-15-15-10-36/
update_sim_freq=1
sim_model_save_path=ckp/company_fedsim_2022-08-15-15-10-36_sim.pth
merge_model_save_path=ckp/company_fedsim_2022-08-15-15-10-36_merge.pth
sim_batch_size=128
sim_weight_decay=1e-05
sim_learning_rate=0.001
merge_model=ConvModel(
  (conv1): Conv2d(1, 4, kernel_size=[7, 1], stride=(1, 1), padding=[6, 0])
  (fc1): Linear(in_features=2240, out_features=200, bias=True)
  (fc2): Linear(in_features=200, out_features=1, bias=True)
  (dropout1): Dropout(p=0.3, inplace=False)
  (dropout2): Dropout(p=0.3, inplace=False)
)
sim_model=MLP(
  (fc_layers): ModuleList(
    (0): Linear(in_features=1, out_features=10, bias=True)
    (1): Linear(in_features=10, out_features=1, bias=True)
  )
)
sim_hidden_sizes=[10]
merge_hidden_sizes=[200]
data1_shape=(77225, 91)
data2_shape=(220583, 157)
Epoch 1: Loss:            : Train 0.0037, Val 0.0003, Test 0.0004
          RMSE             : Train 218067.4349, Val 63248.7965, Test 72974.2233
          MAE              : Train 87250.2813, Val 33010.6465, Test 34413.7483
          R2_Score         : Train 0.0748, Val 0.9192, Test 0.8961
Best:
          RMSE             : Train 218067.4349, Val 63248.7965, Test 72974.2233
          MAE              : Train 87250.2813, Val 33010.6465, Test 34413.7483
          R2_Score         : Train 0.0748, Val 0.9192, Test 0.8961
Epoch 2: Loss:            : Train 0.0003, Val 0.0002, Test 0.0003
          RMSE             : Train 62031.9340, Val 47923.4073, Test 58108.1716
          MAE              : Train 33148.5323, Val 22614.9182, Test 23606.4635
          R2_Score         : Train 0.9251, Val 0.9536, Test 0.9341
Best:
          RMSE             : Train 62031.9340, Val 47923.4073, Test 58108.1716
          MAE              : Train 33148.5323, Val 22614.9182, Test 23606.4635
          R2_Score         : Train 0.9251, Val 0.9536, Test 0.9341
Epoch 3: Loss:            : Train 0.0003, Val 0.0002, Test 0.0003
          RMSE             : Train 59518.7978, Val 51094.0701, Test 59476.7801
          MAE              : Train 31478.7987, Val 23997.8223, Test 25260.4024
          R2_Score         : Train 0.9311, Val 0.9473, Test 0.9310
Best:
          RMSE             : Train 62031.9340, Val 47923.4073, Test 58108.1716
          MAE              : Train 33148.5323, Val 22614.9182, Test 23606.4635
          R2_Score         : Train 0.9251, Val 0.9536, Test 0.9341
Epoch 4: Loss:            : Train 0.0003, Val 0.0001, Test 0.0002
          RMSE             : Train 58218.3997, Val 44116.9073, Test 50205.3710
          MAE              : Train 31055.7294, Val 21202.3603, Test 21940.8112
          R2_Score         : Train 0.9341, Val 0.9607, Test 0.9508
Best:
          RMSE             : Train 58218.3997, Val 44116.9073, Test 50205.3710
          MAE              : Train 31055.7294, Val 21202.3603, Test 21940.8112
          R2_Score         : Train 0.9341, Val 0.9607, Test 0.9508
Epoch 5: Loss:            : Train 0.0002, Val 0.0002, Test 0.0002
          RMSE             : Train 54838.6299, Val 44596.4773, Test 50455.3940
          MAE              : Train 29697.2810, Val 23667.5970, Test 24709.9255
          R2_Score         : Train 0.9415, Val 0.9598, Test 0.9503
Best:
          RMSE             : Train 58218.3997, Val 44116.9073, Test 50205.3710
          MAE              : Train 31055.7294, Val 21202.3603, Test 21940.8112
          R2_Score         : Train 0.9341, Val 0.9607, Test 0.9508
Epoch 6: Loss:            : Train 0.0002, Val 0.0001, Test 0.0002
          RMSE             : Train 53192.6702, Val 43255.8119, Test 48001.7999
          MAE              : Train 28847.7727, Val 20103.7797, Test 20589.8871
          R2_Score         : Train 0.9449, Val 0.9622, Test 0.9550
Best:
          RMSE             : Train 53192.6702, Val 43255.8119, Test 48001.7999
          MAE              : Train 28847.7727, Val 20103.7797, Test 20589.8871
          R2_Score         : Train 0.9449, Val 0.9622, Test 0.9550
Epoch 7: Loss:            : Train 0.0002, Val 0.0002, Test 0.0002
          RMSE             : Train 51373.1160, Val 48920.1429, Test 51436.1212
          MAE              : Train 27892.5559, Val 27509.6169, Test 27887.5345
          R2_Score         : Train 0.9487, Val 0.9517, Test 0.9484
Best:
          RMSE             : Train 53192.6702, Val 43255.8119, Test 48001.7999
          MAE              : Train 28847.7727, Val 20103.7797, Test 20589.8871
          R2_Score         : Train 0.9449, Val 0.9622, Test 0.9550
Epoch 8: Loss:            : Train 0.0002, Val 0.0002, Test 0.0002
          RMSE             : Train 49336.3998, Val 48267.4104, Test 50044.0961
          MAE              : Train 26923.8818, Val 25195.1862, Test 25454.4509
          R2_Score         : Train 0.9526, Val 0.9530, Test 0.9511
Best:
          RMSE             : Train 53192.6702, Val 43255.8119, Test 48001.7999
          MAE              : Train 28847.7727, Val 20103.7797, Test 20589.8871
          R2_Score         : Train 0.9449, Val 0.9622, Test 0.9550
Epoch 9: Loss:            : Train 0.0002, Val 0.0001, Test 0.0002
          RMSE             : Train 47666.4705, Val 41386.0138, Test 47307.4308
          MAE              : Train 25994.9275, Val 21041.1647, Test 21857.5568
          R2_Score         : Train 0.9558, Val 0.9654, Test 0.9563
Best:
          RMSE             : Train 47666.4705, Val 41386.0138, Test 47307.4308
          MAE              : Train 25994.9275, Val 21041.1647, Test 21857.5568
          R2_Score         : Train 0.9558, Val 0.9654, Test 0.9563
Epoch 10: Loss:            : Train 0.0002, Val 0.0002, Test 0.0002
          RMSE             : Train 45544.7744, Val 45162.5993, Test 48396.5408
          MAE              : Train 24753.7603, Val 24992.8961, Test 25358.3823
          R2_Score         : Train 0.9596, Val 0.9588, Test 0.9543
Best:
          RMSE             : Train 47666.4705, Val 41386.0138, Test 47307.4308
          MAE              : Train 25994.9275, Val 21041.1647, Test 21857.5568
          R2_Score         : Train 0.9558, Val 0.9654, Test 0.9563
Epoch 11: Loss:            : Train 0.0002, Val 0.0001, Test 0.0001
          RMSE             : Train 44141.2263, Val 41233.0295, Test 44077.7645
          MAE              : Train 23645.3425, Val 19098.2114, Test 19722.2129
          R2_Score         : Train 0.9621, Val 0.9657, Test 0.9621
Best:
          RMSE             : Train 44141.2263, Val 41233.0295, Test 44077.7645
          MAE              : Train 23645.3425, Val 19098.2114, Test 19722.2129
          R2_Score         : Train 0.9621, Val 0.9657, Test 0.9621
Epoch 12: Loss:            : Train 0.0001, Val 0.0001, Test 0.0002
          RMSE             : Train 43655.4488, Val 39057.1727, Test 44544.9158
          MAE              : Train 22944.4658, Val 17225.9134, Test 17770.5282
          R2_Score         : Train 0.9629, Val 0.9692, Test 0.9613
Best:
          RMSE             : Train 43655.4488, Val 39057.1727, Test 44544.9158
          MAE              : Train 22944.4658, Val 17225.9134, Test 17770.5282
          R2_Score         : Train 0.9629, Val 0.9692, Test 0.9613
Epoch 13: Loss:            : Train 0.0001, Val 0.0002, Test 0.0002
          RMSE             : Train 41844.2411, Val 48394.0196, Test 51291.5702
          MAE              : Train 22099.5623, Val 20199.5762, Test 20723.4928
          R2_Score         : Train 0.9659, Val 0.9527, Test 0.9487
Best:
          RMSE             : Train 43655.4488, Val 39057.1727, Test 44544.9158
          MAE              : Train 22944.4658, Val 17225.9134, Test 17770.5282
          R2_Score         : Train 0.9629, Val 0.9692, Test 0.9613
Epoch 14: Loss:            : Train 0.0001, Val 0.0001, Test 0.0001
          RMSE             : Train 40791.2124, Val 38914.0580, Test 41853.1347
          MAE              : Train 21589.7105, Val 17261.1782, Test 17797.0527
          R2_Score         : Train 0.9676, Val 0.9694, Test 0.9658
Best:
          RMSE             : Train 40791.2124, Val 38914.0580, Test 41853.1347
          MAE              : Train 21589.7105, Val 17261.1782, Test 17797.0527
          R2_Score         : Train 0.9676, Val 0.9694, Test 0.9658
Epoch 15: Loss:            : Train 0.0001, Val 0.0001, Test 0.0001
          RMSE             : Train 40584.1515, Val 37575.3105, Test 41284.8778
          MAE              : Train 21321.8210, Val 17917.5716, Test 18541.2822
          R2_Score         : Train 0.9680, Val 0.9715, Test 0.9667
Best:
          RMSE             : Train 40584.1515, Val 37575.3105, Test 41284.8778
          MAE              : Train 21321.8210, Val 17917.5716, Test 18541.2822
          R2_Score         : Train 0.9680, Val 0.9715, Test 0.9667
Epoch 16: Loss:            : Train 0.0001, Val 0.0001, Test 0.0001
          RMSE             : Train 39397.6440, Val 42357.6365, Test 43931.0999
          MAE              : Train 20667.7670, Val 18219.4755, Test 18352.0512
          R2_Score         : Train 0.9698, Val 0.9638, Test 0.9623
Best:
          RMSE             : Train 40584.1515, Val 37575.3105, Test 41284.8778
          MAE              : Train 21321.8210, Val 17917.5716, Test 18541.2822
          R2_Score         : Train 0.9680, Val 0.9715, Test 0.9667
Epoch 17: Loss:            : Train 0.0001, Val 0.0001, Test 0.0001
          RMSE             : Train 39370.0059, Val 42360.1970, Test 41878.2294
          MAE              : Train 20315.5609, Val 17706.2372, Test 17521.7701
          R2_Score         : Train 0.9698, Val 0.9638, Test 0.9658
Best:
          RMSE             : Train 40584.1515, Val 37575.3105, Test 41284.8778
          MAE              : Train 21321.8210, Val 17917.5716, Test 18541.2822
          R2_Score         : Train 0.9680, Val 0.9715, Test 0.9667
Epoch 18: Loss:            : Train 0.0001, Val 0.0001, Test 0.0002
          RMSE             : Train 39089.9436, Val 39938.3426, Test 44950.4634
          MAE              : Train 20331.7546, Val 19318.2327, Test 19860.0275
          R2_Score         : Train 0.9703, Val 0.9678, Test 0.9606
Best:
          RMSE             : Train 40584.1515, Val 37575.3105, Test 41284.8778
          MAE              : Train 21321.8210, Val 17917.5716, Test 18541.2822
          R2_Score         : Train 0.9680, Val 0.9715, Test 0.9667
Epoch 19: Loss:            : Train 0.0001, Val 0.0001, Test 0.0001
          RMSE             : Train 38303.1999, Val 37627.3737, Test 43582.3200
          MAE              : Train 20092.7349, Val 17410.2936, Test 18384.8231
          R2_Score         : Train 0.9715, Val 0.9714, Test 0.9629
Best:
          RMSE             : Train 40584.1515, Val 37575.3105, Test 41284.8778
          MAE              : Train 21321.8210, Val 17917.5716, Test 18541.2822
          R2_Score         : Train 0.9680, Val 0.9715, Test 0.9667
Epoch 20: Loss:            : Train 0.0001, Val 0.0001, Test 0.0001
          RMSE             : Train 37899.6428, Val 39396.1372, Test 41563.6422
          MAE              : Train 19873.2018, Val 17343.9975, Test 17662.2061
          R2_Score         : Train 0.9721, Val 0.9687, Test 0.9663
Best:
          RMSE             : Train 40584.1515, Val 37575.3105, Test 41284.8778
          MAE              : Train 21321.8210, Val 17917.5716, Test 18541.2822
          R2_Score         : Train 0.9680, Val 0.9715, Test 0.9667
Epoch 21: Loss:            : Train 0.0001, Val 0.0001, Test 0.0001
          RMSE             : Train 37663.8741, Val 40874.4669, Test 42680.0099
          MAE              : Train 19703.0506, Val 17160.0612, Test 17287.9432
          R2_Score         : Train 0.9724, Val 0.9663, Test 0.9644
Best:
          RMSE             : Train 40584.1515, Val 37575.3105, Test 41284.8778
          MAE              : Train 21321.8210, Val 17917.5716, Test 18541.2822
          R2_Score         : Train 0.9680, Val 0.9715, Test 0.9667
Epoch 22: Loss:            : Train 0.0001, Val 0.0001, Test 0.0001
          RMSE             : Train 37496.2463, Val 39916.9828, Test 43274.7562
          MAE              : Train 19693.3184, Val 17285.7098, Test 17778.9925
          R2_Score         : Train 0.9726, Val 0.9678, Test 0.9634
Best:
          RMSE             : Train 40584.1515, Val 37575.3105, Test 41284.8778
          MAE              : Train 21321.8210, Val 17917.5716, Test 18541.2822
          R2_Score         : Train 0.9680, Val 0.9715, Test 0.9667
Epoch 23: Loss:            : Train 0.0001, Val 0.0001, Test 0.0001
          RMSE             : Train 36055.4860, Val 36753.1230, Test 41009.1562
          MAE              : Train 19203.1388, Val 15720.0268, Test 16233.0780
          R2_Score         : Train 0.9747, Val 0.9727, Test 0.9672
Best:
          RMSE             : Train 36055.4860, Val 36753.1230, Test 41009.1562
          MAE              : Train 19203.1388, Val 15720.0268, Test 16233.0780
          R2_Score         : Train 0.9747, Val 0.9727, Test 0.9672
Epoch 24: Loss:            : Train 0.0001, Val 0.0001, Test 0.0002
          RMSE             : Train 36090.4352, Val 37601.2995, Test 44597.8220
          MAE              : Train 19205.9510, Val 19878.1061, Test 20858.0940
          R2_Score         : Train 0.9747, Val 0.9715, Test 0.9612
Best:
          RMSE             : Train 36055.4860, Val 36753.1230, Test 41009.1562
          MAE              : Train 19203.1388, Val 15720.0268, Test 16233.0780
          R2_Score         : Train 0.9747, Val 0.9727, Test 0.9672
Epoch 25: Loss:            : Train 0.0001, Val 0.0001, Test 0.0001
          RMSE             : Train 36457.4510, Val 38220.8037, Test 41581.8562
          MAE              : Train 18991.3898, Val 17211.9232, Test 17755.6658
          R2_Score         : Train 0.9741, Val 0.9705, Test 0.9663
Best:
          RMSE             : Train 36055.4860, Val 36753.1230, Test 41009.1562
          MAE              : Train 19203.1388, Val 15720.0268, Test 16233.0780
          R2_Score         : Train 0.9747, Val 0.9727, Test 0.9672
Epoch 26: Loss:            : Train 0.0001, Val 0.0001, Test 0.0001
          RMSE             : Train 35659.2832, Val 36761.5144, Test 41748.9927
          MAE              : Train 18934.1108, Val 15577.5880, Test 16446.9055
          R2_Score         : Train 0.9753, Val 0.9727, Test 0.9660
Best:
          RMSE             : Train 36055.4860, Val 36753.1230, Test 41009.1562
          MAE              : Train 19203.1388, Val 15720.0268, Test 16233.0780
          R2_Score         : Train 0.9747, Val 0.9727, Test 0.9672
Epoch 27: Loss:            : Train 0.0001, Val 0.0001, Test 0.0001
          RMSE             : Train 35566.7037, Val 39470.0879, Test 41384.8053
          MAE              : Train 19000.6917, Val 16359.6274, Test 16996.4670
          R2_Score         : Train 0.9754, Val 0.9685, Test 0.9666
Best:
          RMSE             : Train 36055.4860, Val 36753.1230, Test 41009.1562
          MAE              : Train 19203.1388, Val 15720.0268, Test 16233.0780
          R2_Score         : Train 0.9747, Val 0.9727, Test 0.9672
Epoch 28: Loss:            : Train 0.0001, Val 0.0001, Test 0.0001
          RMSE             : Train 35643.8004, Val 37188.2933, Test 39310.2583
          MAE              : Train 18823.1249, Val 15647.0175, Test 15989.8083
          R2_Score         : Train 0.9753, Val 0.9721, Test 0.9698
Best:
          RMSE             : Train 36055.4860, Val 36753.1230, Test 41009.1562
          MAE              : Train 19203.1388, Val 15720.0268, Test 16233.0780
          R2_Score         : Train 0.9747, Val 0.9727, Test 0.9672
Epoch 29: Loss:            : Train 0.0001, Val 0.0001, Test 0.0001
          RMSE             : Train 34901.8061, Val 39386.0326, Test 41297.9450
          MAE              : Train 18669.4073, Val 15989.9226, Test 16516.7109
          R2_Score         : Train 0.9763, Val 0.9687, Test 0.9667
Best:
          RMSE             : Train 36055.4860, Val 36753.1230, Test 41009.1562
          MAE              : Train 19203.1388, Val 15720.0268, Test 16233.0780
          R2_Score         : Train 0.9747, Val 0.9727, Test 0.9672
Epoch 30: Loss:            : Train 0.0001, Val 0.0001, Test 0.0001
          RMSE             : Train 34792.3921, Val 38555.3875, Test 41060.9631
          MAE              : Train 18442.9605, Val 16120.3819, Test 16607.0942
          R2_Score         : Train 0.9764, Val 0.9700, Test 0.9671
Best:
          RMSE             : Train 36055.4860, Val 36753.1230, Test 41009.1562
          MAE              : Train 19203.1388, Val 15720.0268, Test 16233.0780
          R2_Score         : Train 0.9747, Val 0.9727, Test 0.9672
Epoch 31: Loss:            : Train 0.0001, Val 0.0001, Test 0.0001
          RMSE             : Train 35109.0962, Val 35880.3151, Test 40581.3835
          MAE              : Train 18497.9602, Val 15965.0048, Test 16906.0251
          R2_Score         : Train 0.9760, Val 0.9740, Test 0.9679
Best:
          RMSE             : Train 35109.0962, Val 35880.3151, Test 40581.3835
          MAE              : Train 18497.9602, Val 15965.0048, Test 16906.0251
          R2_Score         : Train 0.9760, Val 0.9740, Test 0.9679
Epoch 32: Loss:            : Train 0.0001, Val 0.0001, Test 0.0001
          RMSE             : Train 34831.3474, Val 38045.7227, Test 41086.4354
          MAE              : Train 18445.9190, Val 17104.3134, Test 17669.7019
          R2_Score         : Train 0.9764, Val 0.9708, Test 0.9671
Best:
          RMSE             : Train 35109.0962, Val 35880.3151, Test 40581.3835
          MAE              : Train 18497.9602, Val 15965.0048, Test 16906.0251
          R2_Score         : Train 0.9760, Val 0.9740, Test 0.9679
Epoch 33: Loss:            : Train 0.0001, Val 0.0001, Test 0.0001
          RMSE             : Train 34895.1710, Val 35053.1739, Test 41293.9950
          MAE              : Train 18716.8559, Val 15838.9010, Test 17007.6710
          R2_Score         : Train 0.9763, Val 0.9752, Test 0.9667
Best:
          RMSE             : Train 34895.1710, Val 35053.1739, Test 41293.9950
          MAE              : Train 18716.8559, Val 15838.9010, Test 17007.6710
          R2_Score         : Train 0.9763, Val 0.9752, Test 0.9667
Epoch 34: Loss:            : Train 0.0001, Val 0.0001, Test 0.0001
          RMSE             : Train 34195.3045, Val 38673.0914, Test 41250.8010
          MAE              : Train 18460.3353, Val 15342.9449, Test 15986.0908
          R2_Score         : Train 0.9772, Val 0.9698, Test 0.9668
Best:
          RMSE             : Train 34895.1710, Val 35053.1739, Test 41293.9950
          MAE              : Train 18716.8559, Val 15838.9010, Test 17007.6710
          R2_Score         : Train 0.9763, Val 0.9752, Test 0.9667
Epoch 35: Loss:            : Train 0.0001, Val 0.0001, Test 0.0002
          RMSE             : Train 34565.3360, Val 35848.8915, Test 44454.0762
          MAE              : Train 18421.5417, Val 15066.3473, Test 16444.1469
          R2_Score         : Train 0.9768, Val 0.9740, Test 0.9614
Best:
          RMSE             : Train 34895.1710, Val 35053.1739, Test 41293.9950
          MAE              : Train 18716.8559, Val 15838.9010, Test 17007.6710
          R2_Score         : Train 0.9763, Val 0.9752, Test 0.9667
Epoch 36: Loss:            : Train 0.0001, Val 0.0001, Test 0.0002
          RMSE             : Train 34294.6088, Val 38204.0681, Test 44857.6748
          MAE              : Train 18258.7085, Val 15298.8203, Test 16637.2441
          R2_Score         : Train 0.9771, Val 0.9705, Test 0.9607
Best:
          RMSE             : Train 34895.1710, Val 35053.1739, Test 41293.9950
          MAE              : Train 18716.8559, Val 15838.9010, Test 17007.6710
          R2_Score         : Train 0.9763, Val 0.9752, Test 0.9667
Epoch 37: Loss:            : Train 0.0001, Val 0.0001, Test 0.0001
          RMSE             : Train 33526.4860, Val 37282.3499, Test 40152.7442
          MAE              : Train 18249.0974, Val 17087.2364, Test 17626.6370
          R2_Score         : Train 0.9781, Val 0.9719, Test 0.9685
Best:
          RMSE             : Train 34895.1710, Val 35053.1739, Test 41293.9950
          MAE              : Train 18716.8559, Val 15838.9010, Test 17007.6710
          R2_Score         : Train 0.9763, Val 0.9752, Test 0.9667
Epoch 38: Loss:            : Train 0.0001, Val 0.0001, Test 0.0001
          RMSE             : Train 33362.2161, Val 36173.4839, Test 39249.2912
          MAE              : Train 18134.3850, Val 14940.7078, Test 15569.7793
          R2_Score         : Train 0.9783, Val 0.9736, Test 0.9699
Best:
          RMSE             : Train 34895.1710, Val 35053.1739, Test 41293.9950
          MAE              : Train 18716.8559, Val 15838.9010, Test 17007.6710
          R2_Score         : Train 0.9763, Val 0.9752, Test 0.9667
Epoch 39: Loss:            : Train 0.0001, Val 0.0001, Test 0.0001
          RMSE             : Train 33495.0416, Val 34451.9480, Test 39030.1072
          MAE              : Train 18119.1822, Val 15284.6131, Test 16263.9075
          R2_Score         : Train 0.9782, Val 0.9760, Test 0.9703
Best:
          RMSE             : Train 33495.0416, Val 34451.9480, Test 39030.1072
          MAE              : Train 18119.1822, Val 15284.6131, Test 16263.9075
          R2_Score         : Train 0.9782, Val 0.9760, Test 0.9703
Epoch 40: Loss:            : Train 0.0001, Val 0.0001, Test 0.0001
          RMSE             : Train 33414.9735, Val 34110.4999, Test 40622.9922
          MAE              : Train 18114.4239, Val 14594.6304, Test 15711.8864
          R2_Score         : Train 0.9783, Val 0.9765, Test 0.9678
Best:
          RMSE             : Train 33414.9735, Val 34110.4999, Test 40622.9922
          MAE              : Train 18114.4239, Val 14594.6304, Test 15711.8864
          R2_Score         : Train 0.9783, Val 0.9765, Test 0.9678
Epoch 41: Loss:            : Train 0.0001, Val 0.0001, Test 0.0001
          RMSE             : Train 33325.2874, Val 36812.7750, Test 41859.3354
          MAE              : Train 18010.1939, Val 15715.2730, Test 16651.0908
          R2_Score         : Train 0.9784, Val 0.9726, Test 0.9658
Best:
          RMSE             : Train 33414.9735, Val 34110.4999, Test 40622.9922
          MAE              : Train 18114.4239, Val 14594.6304, Test 15711.8864
          R2_Score         : Train 0.9783, Val 0.9765, Test 0.9678
Epoch 42: Loss:            : Train 0.0001, Val 0.0001, Test 0.0001
          RMSE             : Train 32571.2866, Val 34788.7615, Test 40894.5990
          MAE              : Train 17927.3267, Val 14870.8698, Test 15905.8810
          R2_Score         : Train 0.9794, Val 0.9756, Test 0.9674
Best:
          RMSE             : Train 33414.9735, Val 34110.4999, Test 40622.9922
          MAE              : Train 18114.4239, Val 14594.6304, Test 15711.8864
          R2_Score         : Train 0.9783, Val 0.9765, Test 0.9678
Epoch 43: Loss:            : Train 0.0001, Val 0.0001, Test 0.0001
          RMSE             : Train 32908.5224, Val 38640.0219, Test 42417.6835
          MAE              : Train 17865.0445, Val 16248.6981, Test 16880.8375
          R2_Score         : Train 0.9789, Val 0.9699, Test 0.9649
Best:
          RMSE             : Train 33414.9735, Val 34110.4999, Test 40622.9922
          MAE              : Train 18114.4239, Val 14594.6304, Test 15711.8864
          R2_Score         : Train 0.9783, Val 0.9765, Test 0.9678
Epoch 44: Loss:            : Train 0.0001, Val 0.0001, Test 0.0001
          RMSE             : Train 32613.4129, Val 34239.5837, Test 42393.3869
          MAE              : Train 17706.1213, Val 14207.8033, Test 15762.3730
          R2_Score         : Train 0.9793, Val 0.9763, Test 0.9649
Best:
          RMSE             : Train 33414.9735, Val 34110.4999, Test 40622.9922
          MAE              : Train 18114.4239, Val 14594.6304, Test 15711.8864
          R2_Score         : Train 0.9783, Val 0.9765, Test 0.9678
Epoch 45: Loss:            : Train 0.0001, Val 0.0001, Test 0.0001
          RMSE             : Train 32588.5167, Val 36419.3874, Test 41116.7802
          MAE              : Train 17761.3054, Val 14862.6805, Test 15609.1118
          R2_Score         : Train 0.9793, Val 0.9732, Test 0.9670
Best:
          RMSE             : Train 33414.9735, Val 34110.4999, Test 40622.9922
          MAE              : Train 18114.4239, Val 14594.6304, Test 15711.8864
          R2_Score         : Train 0.9783, Val 0.9765, Test 0.9678
Epoch 46: Loss:            : Train 0.0001, Val 0.0001, Test 0.0001
          RMSE             : Train 32729.0221, Val 34418.0818, Test 41878.7285
          MAE              : Train 17822.4491, Val 15753.1721, Test 16959.8843
          R2_Score         : Train 0.9792, Val 0.9761, Test 0.9658
Best:
          RMSE             : Train 33414.9735, Val 34110.4999, Test 40622.9922
          MAE              : Train 18114.4239, Val 14594.6304, Test 15711.8864
          R2_Score         : Train 0.9783, Val 0.9765, Test 0.9678
Epoch 47: Loss:            : Train 0.0001, Val 0.0001, Test 0.0001
          RMSE             : Train 32816.4616, Val 35410.3491, Test 39842.5522
          MAE              : Train 17618.6535, Val 14978.6160, Test 15919.9491
          R2_Score         : Train 0.9790, Val 0.9747, Test 0.9690
Best:
          RMSE             : Train 33414.9735, Val 34110.4999, Test 40622.9922
          MAE              : Train 18114.4239, Val 14594.6304, Test 15711.8864
          R2_Score         : Train 0.9783, Val 0.9765, Test 0.9678
Epoch 48: Loss:            : Train 0.0001, Val 0.0001, Test 0.0001
          RMSE             : Train 31937.0791, Val 37462.1317, Test 40243.1730
          MAE              : Train 17587.3295, Val 15515.1824, Test 15982.2121
          R2_Score         : Train 0.9802, Val 0.9717, Test 0.9684
Best:
          RMSE             : Train 33414.9735, Val 34110.4999, Test 40622.9922
          MAE              : Train 18114.4239, Val 14594.6304, Test 15711.8864
          R2_Score         : Train 0.9783, Val 0.9765, Test 0.9678
Epoch 49: Loss:            : Train 0.0001, Val 0.0001, Test 0.0001
          RMSE             : Train 31662.4992, Val 35705.9885, Test 42319.6478
          MAE              : Train 17539.2348, Val 14731.5303, Test 16020.2048
          R2_Score         : Train 0.9805, Val 0.9743, Test 0.9650
Best:
          RMSE             : Train 33414.9735, Val 34110.4999, Test 40622.9922
          MAE              : Train 18114.4239, Val 14594.6304, Test 15711.8864
          R2_Score         : Train 0.9783, Val 0.9765, Test 0.9678
Epoch 50: Loss:            : Train 0.0001, Val 0.0001, Test 0.0001
          RMSE             : Train 31575.0134, Val 36486.4005, Test 42537.8421
          MAE              : Train 17275.2548, Val 18042.2968, Test 19333.2714
          R2_Score         : Train 0.9806, Val 0.9731, Test 0.9647
Best:
          RMSE             : Train 33414.9735, Val 34110.4999, Test 40622.9922
          MAE              : Train 18114.4239, Val 14594.6304, Test 15711.8864
          R2_Score         : Train 0.9783, Val 0.9765, Test 0.9678
Epoch 51: Loss:            : Train 0.0001, Val 0.0001, Test 0.0001
          RMSE             : Train 31721.7111, Val 33785.3153, Test 42401.9201
          MAE              : Train 17503.7792, Val 14914.5601, Test 16323.2209
          R2_Score         : Train 0.9804, Val 0.9770, Test 0.9649
Best:
          RMSE             : Train 31721.7111, Val 33785.3153, Test 42401.9201
          MAE              : Train 17503.7792, Val 14914.5601, Test 16323.2209
          R2_Score         : Train 0.9804, Val 0.9770, Test 0.9649
Epoch 52: Loss:            : Train 0.0001, Val 0.0001, Test 0.0001
          RMSE             : Train 31685.7990, Val 37452.7151, Test 41428.7318
          MAE              : Train 17320.5022, Val 15287.9618, Test 16165.1173
          R2_Score         : Train 0.9805, Val 0.9717, Test 0.9665
Best:
          RMSE             : Train 31721.7111, Val 33785.3153, Test 42401.9201
          MAE              : Train 17503.7792, Val 14914.5601, Test 16323.2209
          R2_Score         : Train 0.9804, Val 0.9770, Test 0.9649
Epoch 53: Loss:            : Train 0.0001, Val 0.0001, Test 0.0001
          RMSE             : Train 30308.6351, Val 36609.9344, Test 41244.0532
          MAE              : Train 16996.4915, Val 15597.2056, Test 16503.8427
          R2_Score         : Train 0.9821, Val 0.9729, Test 0.9668
Best:
          RMSE             : Train 31721.7111, Val 33785.3153, Test 42401.9201
          MAE              : Train 17503.7792, Val 14914.5601, Test 16323.2209
          R2_Score         : Train 0.9804, Val 0.9770, Test 0.9649
Epoch 54: Loss:            : Train 0.0001, Val 0.0001, Test 0.0001
          RMSE             : Train 30715.3239, Val 40400.1461, Test 44036.4822
          MAE              : Train 17028.7984, Val 17801.0213, Test 18662.6182
          R2_Score         : Train 0.9816, Val 0.9670, Test 0.9622
Best:
          RMSE             : Train 31721.7111, Val 33785.3153, Test 42401.9201
          MAE              : Train 17503.7792, Val 14914.5601, Test 16323.2209
          R2_Score         : Train 0.9804, Val 0.9770, Test 0.9649
Epoch 55: Loss:            : Train 0.0001, Val 0.0001, Test 0.0002
          RMSE             : Train 31499.2796, Val 37718.2487, Test 45605.9807
          MAE              : Train 16973.6089, Val 15139.5602, Test 16493.8536
          R2_Score         : Train 0.9807, Val 0.9713, Test 0.9594
Best:
          RMSE             : Train 31721.7111, Val 33785.3153, Test 42401.9201
          MAE              : Train 17503.7792, Val 14914.5601, Test 16323.2209
          R2_Score         : Train 0.9804, Val 0.9770, Test 0.9649
Epoch 56: Loss:            : Train 0.0001, Val 0.0001, Test 0.0001
          RMSE             : Train 30584.1385, Val 35694.9606, Test 42701.1521
          MAE              : Train 16927.8139, Val 14256.1130, Test 15413.5891
          R2_Score         : Train 0.9818, Val 0.9743, Test 0.9644
Best:
          RMSE             : Train 31721.7111, Val 33785.3153, Test 42401.9201
          MAE              : Train 17503.7792, Val 14914.5601, Test 16323.2209
          R2_Score         : Train 0.9804, Val 0.9770, Test 0.9649
Epoch 57: Loss:            : Train 0.0001, Val 0.0001, Test 0.0001
          RMSE             : Train 30274.7773, Val 35359.5163, Test 41367.2450
          MAE              : Train 16743.1591, Val 14180.0927, Test 15365.0474
          R2_Score         : Train 0.9822, Val 0.9748, Test 0.9666
Best:
          RMSE             : Train 31721.7111, Val 33785.3153, Test 42401.9201
          MAE              : Train 17503.7792, Val 14914.5601, Test 16323.2209
          R2_Score         : Train 0.9804, Val 0.9770, Test 0.9649
Epoch 58: Loss:            : Train 0.0001, Val 0.0001, Test 0.0001
          RMSE             : Train 30882.8118, Val 36947.6467, Test 42069.6164
          MAE              : Train 16911.4395, Val 16378.4754, Test 17506.0204
          R2_Score         : Train 0.9814, Val 0.9724, Test 0.9655
Best:
          RMSE             : Train 31721.7111, Val 33785.3153, Test 42401.9201
          MAE              : Train 17503.7792, Val 14914.5601, Test 16323.2209
          R2_Score         : Train 0.9804, Val 0.9770, Test 0.9649
Epoch 59: Loss:            : Train 0.0001, Val 0.0001, Test 0.0001
          RMSE             : Train 30607.8849, Val 36065.8484, Test 41832.2366
          MAE              : Train 16798.3367, Val 14751.2358, Test 15957.0965
          R2_Score         : Train 0.9818, Val 0.9737, Test 0.9658
Best:
          RMSE             : Train 31721.7111, Val 33785.3153, Test 42401.9201
          MAE              : Train 17503.7792, Val 14914.5601, Test 16323.2209
          R2_Score         : Train 0.9804, Val 0.9770, Test 0.9649
Epoch 60: Loss:            : Train 0.0001, Val 0.0001, Test 0.0001
          RMSE             : Train 30772.7748, Val 35421.9260, Test 40408.8026
          MAE              : Train 16743.7161, Val 15006.0182, Test 16066.4863
          R2_Score         : Train 0.9816, Val 0.9747, Test 0.9681
Best:
          RMSE             : Train 31721.7111, Val 33785.3153, Test 42401.9201
          MAE              : Train 17503.7792, Val 14914.5601, Test 16323.2209
          R2_Score         : Train 0.9804, Val 0.9770, Test 0.9649
Epoch 61: Loss:            : Train 0.0001, Val 0.0001, Test 0.0001
          RMSE             : Train 30276.4673, Val 37109.1113, Test 43097.9353
          MAE              : Train 16685.6311, Val 14989.3453, Test 16129.9822
          R2_Score         : Train 0.9822, Val 0.9722, Test 0.9637
Best:
          RMSE             : Train 31721.7111, Val 33785.3153, Test 42401.9201
          MAE              : Train 17503.7792, Val 14914.5601, Test 16323.2209
          R2_Score         : Train 0.9804, Val 0.9770, Test 0.9649
Epoch 62: Loss:            : Train 0.0001, Val 0.0001, Test 0.0002
          RMSE             : Train 29696.6466, Val 38843.4783, Test 51980.2169
          MAE              : Train 16645.0854, Val 14818.9821, Test 16324.3042
          R2_Score         : Train 0.9828, Val 0.9695, Test 0.9473
Best:
          RMSE             : Train 31721.7111, Val 33785.3153, Test 42401.9201
          MAE              : Train 17503.7792, Val 14914.5601, Test 16323.2209
          R2_Score         : Train 0.9804, Val 0.9770, Test 0.9649
Epoch 63: Loss:            : Train 0.0001, Val 0.0001, Test 0.0001
          RMSE             : Train 29750.2672, Val 34643.9285, Test 40271.6246
          MAE              : Train 16632.4865, Val 14667.5030, Test 15796.1480
          R2_Score         : Train 0.9828, Val 0.9758, Test 0.9683
Best:
          RMSE             : Train 31721.7111, Val 33785.3153, Test 42401.9201
          MAE              : Train 17503.7792, Val 14914.5601, Test 16323.2209
          R2_Score         : Train 0.9804, Val 0.9770, Test 0.9649
Epoch 64: Loss:            : Train 0.0001, Val 0.0001, Test 0.0001
          RMSE             : Train 29725.1461, Val 33662.2045, Test 40957.5096
          MAE              : Train 16575.3745, Val 15033.9238, Test 16313.6082
          R2_Score         : Train 0.9828, Val 0.9771, Test 0.9673
Best:
          RMSE             : Train 29725.1461, Val 33662.2045, Test 40957.5096
          MAE              : Train 16575.3745, Val 15033.9238, Test 16313.6082
          R2_Score         : Train 0.9828, Val 0.9771, Test 0.9673
Epoch 65: Loss:            : Train 0.0001, Val 0.0001, Test 0.0002
          RMSE             : Train 29479.1714, Val 39040.5486, Test 49526.3697
          MAE              : Train 16508.4995, Val 15046.4791, Test 16252.5141
          R2_Score         : Train 0.9831, Val 0.9692, Test 0.9521
Best:
          RMSE             : Train 29725.1461, Val 33662.2045, Test 40957.5096
          MAE              : Train 16575.3745, Val 15033.9238, Test 16313.6082
          R2_Score         : Train 0.9828, Val 0.9771, Test 0.9673
Epoch 66: Loss:            : Train 0.0001, Val 0.0001, Test 0.0001
          RMSE             : Train 30057.0259, Val 36280.0254, Test 40981.3054
          MAE              : Train 16547.2816, Val 14345.1808, Test 15448.4862
          R2_Score         : Train 0.9824, Val 0.9734, Test 0.9672
Best:
          RMSE             : Train 29725.1461, Val 33662.2045, Test 40957.5096
          MAE              : Train 16575.3745, Val 15033.9238, Test 16313.6082
          R2_Score         : Train 0.9828, Val 0.9771, Test 0.9673
Epoch 67: Loss:            : Train 0.0001, Val 0.0001, Test 0.0001
          RMSE             : Train 29883.8250, Val 36432.6250, Test 41225.2807
          MAE              : Train 16547.2132, Val 13884.4943, Test 15051.6811
          R2_Score         : Train 0.9826, Val 0.9732, Test 0.9668
Best:
          RMSE             : Train 29725.1461, Val 33662.2045, Test 40957.5096
          MAE              : Train 16575.3745, Val 15033.9238, Test 16313.6082
          R2_Score         : Train 0.9828, Val 0.9771, Test 0.9673
Epoch 68: Loss:            : Train 0.0001, Val 0.0001, Test 0.0001
          RMSE             : Train 29935.0280, Val 34221.3779, Test 41136.0315
          MAE              : Train 16555.5311, Val 16070.9980, Test 17308.3827
          R2_Score         : Train 0.9826, Val 0.9764, Test 0.9670
Best:
          RMSE             : Train 29725.1461, Val 33662.2045, Test 40957.5096
          MAE              : Train 16575.3745, Val 15033.9238, Test 16313.6082
          R2_Score         : Train 0.9828, Val 0.9771, Test 0.9673
Epoch 69: Loss:            : Train 0.0001, Val 0.0001, Test 0.0001
          RMSE             : Train 29309.2399, Val 34793.1022, Test 41513.9000
          MAE              : Train 16332.3285, Val 14166.2889, Test 15492.4008
          R2_Score         : Train 0.9833, Val 0.9756, Test 0.9664
Best:
          RMSE             : Train 29725.1461, Val 33662.2045, Test 40957.5096
          MAE              : Train 16575.3745, Val 15033.9238, Test 16313.6082
          R2_Score         : Train 0.9828, Val 0.9771, Test 0.9673
Epoch 70: Loss:            : Train 0.0001, Val 0.0001, Test 0.0001
          RMSE             : Train 29643.2288, Val 34615.4001, Test 40618.8479
          MAE              : Train 16334.3208, Val 13686.5341, Test 14963.8602
          R2_Score         : Train 0.9829, Val 0.9758, Test 0.9678
Best:
          RMSE             : Train 29725.1461, Val 33662.2045, Test 40957.5096
          MAE              : Train 16575.3745, Val 15033.9238, Test 16313.6082
          R2_Score         : Train 0.9828, Val 0.9771, Test 0.9673
Epoch 71: Loss:            : Train 0.0001, Val 0.0001, Test 0.0001
          RMSE             : Train 29091.4605, Val 33836.7047, Test 43008.9649
          MAE              : Train 16300.1342, Val 14322.2951, Test 15903.3263
          R2_Score         : Train 0.9835, Val 0.9769, Test 0.9639
Best:
          RMSE             : Train 29725.1461, Val 33662.2045, Test 40957.5096
          MAE              : Train 16575.3745, Val 15033.9238, Test 16313.6082
          R2_Score         : Train 0.9828, Val 0.9771, Test 0.9673
Epoch 72: Loss:            : Train 0.0001, Val 0.0001, Test 0.0001
          RMSE             : Train 28565.6011, Val 34043.3599, Test 41821.4788
          MAE              : Train 16152.5128, Val 13742.1203, Test 14968.4325
          R2_Score         : Train 0.9841, Val 0.9766, Test 0.9659
Best:
          RMSE             : Train 29725.1461, Val 33662.2045, Test 40957.5096
          MAE              : Train 16575.3745, Val 15033.9238, Test 16313.6082
          R2_Score         : Train 0.9828, Val 0.9771, Test 0.9673
Epoch 73: Loss:            : Train 0.0001, Val 0.0001, Test 0.0001
          RMSE             : Train 28958.5948, Val 38447.7088, Test 42215.5051
          MAE              : Train 16262.4083, Val 15346.0081, Test 16089.0739
          R2_Score         : Train 0.9837, Val 0.9702, Test 0.9652
Best:
          RMSE             : Train 29725.1461, Val 33662.2045, Test 40957.5096
          MAE              : Train 16575.3745, Val 15033.9238, Test 16313.6082
          R2_Score         : Train 0.9828, Val 0.9771, Test 0.9673
Epoch 74: Loss:            : Train 0.0001, Val 0.0001, Test 0.0001
          RMSE             : Train 29104.1281, Val 34331.0974, Test 42527.1782
          MAE              : Train 16236.2296, Val 13955.2703, Test 15294.8886
          R2_Score         : Train 0.9835, Val 0.9762, Test 0.9647
Best:
          RMSE             : Train 29725.1461, Val 33662.2045, Test 40957.5096
          MAE              : Train 16575.3745, Val 15033.9238, Test 16313.6082
          R2_Score         : Train 0.9828, Val 0.9771, Test 0.9673
Epoch 75: Loss:            : Train 0.0001, Val 0.0001, Test 0.0001
          RMSE             : Train 29539.4336, Val 33907.8381, Test 39895.7361
          MAE              : Train 16278.0604, Val 15574.3593, Test 16694.3823
          R2_Score         : Train 0.9830, Val 0.9768, Test 0.9689
Best:
          RMSE             : Train 29725.1461, Val 33662.2045, Test 40957.5096
          MAE              : Train 16575.3745, Val 15033.9238, Test 16313.6082
          R2_Score         : Train 0.9828, Val 0.9771, Test 0.9673
Epoch 76: Loss:            : Train 0.0001, Val 0.0001, Test 0.0001
          RMSE             : Train 29079.3725, Val 35195.6092, Test 40985.9130
          MAE              : Train 16246.1129, Val 14073.0531, Test 15085.9802
          R2_Score         : Train 0.9835, Val 0.9750, Test 0.9672
Best:
          RMSE             : Train 29725.1461, Val 33662.2045, Test 40957.5096
          MAE              : Train 16575.3745, Val 15033.9238, Test 16313.6082
          R2_Score         : Train 0.9828, Val 0.9771, Test 0.9673
Epoch 77: Loss:            : Train 0.0001, Val 0.0001, Test 0.0001
          RMSE             : Train 28888.6155, Val 37223.5519, Test 41965.1412
          MAE              : Train 16185.2530, Val 15341.2404, Test 16143.0097
          R2_Score         : Train 0.9838, Val 0.9720, Test 0.9656
Best:
          RMSE             : Train 29725.1461, Val 33662.2045, Test 40957.5096
          MAE              : Train 16575.3745, Val 15033.9238, Test 16313.6082
          R2_Score         : Train 0.9828, Val 0.9771, Test 0.9673
Epoch 78: Loss:            : Train 0.0001, Val 0.0001, Test 0.0001
          RMSE             : Train 29078.6543, Val 33417.1366, Test 41404.0728
          MAE              : Train 16371.2103, Val 14489.3316, Test 15790.7191
          R2_Score         : Train 0.9835, Val 0.9775, Test 0.9665
Best:
          RMSE             : Train 29078.6543, Val 33417.1366, Test 41404.0728
          MAE              : Train 16371.2103, Val 14489.3316, Test 15790.7191
          R2_Score         : Train 0.9835, Val 0.9775, Test 0.9665
Epoch 79: Loss:            : Train 0.0001, Val 0.0001, Test 0.0001
          RMSE             : Train 28223.5220, Val 38463.9795, Test 42600.6641
          MAE              : Train 16027.2812, Val 16420.6476, Test 17098.5000
          R2_Score         : Train 0.9845, Val 0.9701, Test 0.9646
Best:
          RMSE             : Train 29078.6543, Val 33417.1366, Test 41404.0728
          MAE              : Train 16371.2103, Val 14489.3316, Test 15790.7191
          R2_Score         : Train 0.9835, Val 0.9775, Test 0.9665
Epoch 80: Loss:            : Train 0.0001, Val 0.0001, Test 0.0001
          RMSE             : Train 28945.8551, Val 36048.0286, Test 42284.6996
          MAE              : Train 16134.6705, Val 14960.7129, Test 16042.6838
          R2_Score         : Train 0.9837, Val 0.9738, Test 0.9651
Best:
          RMSE             : Train 29078.6543, Val 33417.1366, Test 41404.0728
          MAE              : Train 16371.2103, Val 14489.3316, Test 15790.7191
          R2_Score         : Train 0.9835, Val 0.9775, Test 0.9665
Epoch 81: Loss:            : Train 0.0001, Val 0.0001, Test 0.0001
          RMSE             : Train 29326.5460, Val 34710.7509, Test 40987.7897
          MAE              : Train 16124.4331, Val 14572.3662, Test 15770.9338
          R2_Score         : Train 0.9833, Val 0.9757, Test 0.9672
Best:
          RMSE             : Train 29078.6543, Val 33417.1366, Test 41404.0728
          MAE              : Train 16371.2103, Val 14489.3316, Test 15790.7191
          R2_Score         : Train 0.9835, Val 0.9775, Test 0.9665
Epoch 82: Loss:            : Train 0.0001, Val 0.0001, Test 0.0001
          RMSE             : Train 27785.5726, Val 34413.9389, Test 40619.4766
          MAE              : Train 16046.6115, Val 13916.7170, Test 15106.9630
          R2_Score         : Train 0.9850, Val 0.9761, Test 0.9678
Best:
          RMSE             : Train 29078.6543, Val 33417.1366, Test 41404.0728
          MAE              : Train 16371.2103, Val 14489.3316, Test 15790.7191
          R2_Score         : Train 0.9835, Val 0.9775, Test 0.9665
Epoch 83: Loss:            : Train 0.0001, Val 0.0001, Test 0.0001
          RMSE             : Train 28822.5086, Val 35323.9094, Test 41775.7750
          MAE              : Train 16005.1365, Val 14551.9309, Test 15503.7484
          R2_Score         : Train 0.9838, Val 0.9748, Test 0.9659
Best:
          RMSE             : Train 29078.6543, Val 33417.1366, Test 41404.0728
          MAE              : Train 16371.2103, Val 14489.3316, Test 15790.7191
          R2_Score         : Train 0.9835, Val 0.9775, Test 0.9665
Epoch 84: Loss:            : Train 0.0001, Val 0.0001, Test 0.0001
          RMSE             : Train 28220.1979, Val 36547.6158, Test 41767.2968
          MAE              : Train 15800.0046, Val 14087.3780, Test 15101.6416
          R2_Score         : Train 0.9845, Val 0.9730, Test 0.9660
Best:
          RMSE             : Train 29078.6543, Val 33417.1366, Test 41404.0728
          MAE              : Train 16371.2103, Val 14489.3316, Test 15790.7191
          R2_Score         : Train 0.9835, Val 0.9775, Test 0.9665
Epoch 85: Loss:            : Train 0.0001, Val 0.0001, Test 0.0001
          RMSE             : Train 27790.9745, Val 35316.8194, Test 41159.8345
          MAE              : Train 15967.9852, Val 14116.2404, Test 15279.6350
          R2_Score         : Train 0.9850, Val 0.9748, Test 0.9669
Best:
          RMSE             : Train 29078.6543, Val 33417.1366, Test 41404.0728
          MAE              : Train 16371.2103, Val 14489.3316, Test 15790.7191
          R2_Score         : Train 0.9835, Val 0.9775, Test 0.9665
Epoch 86: Loss:            : Train 0.0001, Val 0.0001, Test 0.0001
          RMSE             : Train 28413.4400, Val 34837.1906, Test 41256.8929
          MAE              : Train 15957.7818, Val 13665.7337, Test 14974.2822
          R2_Score         : Train 0.9843, Val 0.9755, Test 0.9668
Best:
          RMSE             : Train 29078.6543, Val 33417.1366, Test 41404.0728
          MAE              : Train 16371.2103, Val 14489.3316, Test 15790.7191
          R2_Score         : Train 0.9835, Val 0.9775, Test 0.9665
Epoch 87: Loss:            : Train 0.0001, Val 0.0001, Test 0.0001
          RMSE             : Train 28095.9157, Val 32771.4958, Test 41587.2996
          MAE              : Train 16018.3965, Val 14048.2526, Test 15384.9020
          R2_Score         : Train 0.9846, Val 0.9783, Test 0.9662
Best:
          RMSE             : Train 28095.9157, Val 32771.4958, Test 41587.2996
          MAE              : Train 16018.3965, Val 14048.2526, Test 15384.9020
          R2_Score         : Train 0.9846, Val 0.9783, Test 0.9662
Epoch 88: Loss:            : Train 0.0001, Val 0.0001, Test 0.0001
          RMSE             : Train 28154.6134, Val 32309.9799, Test 42936.8383
          MAE              : Train 15863.8676, Val 13331.1333, Test 14901.8536
          R2_Score         : Train 0.9846, Val 0.9789, Test 0.9640
Best:
          RMSE             : Train 28154.6134, Val 32309.9799, Test 42936.8383
          MAE              : Train 15863.8676, Val 13331.1333, Test 14901.8536
          R2_Score         : Train 0.9846, Val 0.9789, Test 0.9640
Epoch 89: Loss:            : Train 0.0001, Val 0.0001, Test 0.0001
          RMSE             : Train 28004.2176, Val 36498.8013, Test 40815.5805
          MAE              : Train 15813.0425, Val 14715.2752, Test 15817.1752
          R2_Score         : Train 0.9847, Val 0.9731, Test 0.9675
Best:
          RMSE             : Train 28154.6134, Val 32309.9799, Test 42936.8383
          MAE              : Train 15863.8676, Val 13331.1333, Test 14901.8536
          R2_Score         : Train 0.9846, Val 0.9789, Test 0.9640
Epoch 90: Loss:            : Train 0.0001, Val 0.0001, Test 0.0001
          RMSE             : Train 28139.0044, Val 36011.5934, Test 42306.2867
          MAE              : Train 15909.1592, Val 14329.2415, Test 15608.0383
          R2_Score         : Train 0.9846, Val 0.9738, Test 0.9651
Best:
          RMSE             : Train 28154.6134, Val 32309.9799, Test 42936.8383
          MAE              : Train 15863.8676, Val 13331.1333, Test 14901.8536
          R2_Score         : Train 0.9846, Val 0.9789, Test 0.9640
Epoch 91: Loss:            : Train 0.0001, Val 0.0001, Test 0.0001
          RMSE             : Train 28050.6103, Val 33106.7413, Test 40708.4552
          MAE              : Train 15829.2720, Val 13478.8621, Test 14714.7010
          R2_Score         : Train 0.9847, Val 0.9779, Test 0.9677
Best:
          RMSE             : Train 28154.6134, Val 32309.9799, Test 42936.8383
          MAE              : Train 15863.8676, Val 13331.1333, Test 14901.8536
          R2_Score         : Train 0.9846, Val 0.9789, Test 0.9640
Epoch 92: Loss:            : Train 0.0001, Val 0.0001, Test 0.0001
          RMSE             : Train 27874.0852, Val 33033.2613, Test 40388.6418
          MAE              : Train 15916.6932, Val 14198.4356, Test 15300.8488
          R2_Score         : Train 0.9849, Val 0.9780, Test 0.9682
Best:
          RMSE             : Train 28154.6134, Val 32309.9799, Test 42936.8383
          MAE              : Train 15863.8676, Val 13331.1333, Test 14901.8536
          R2_Score         : Train 0.9846, Val 0.9789, Test 0.9640
Epoch 93: Loss:            : Train 0.0001, Val 0.0001, Test 0.0001
          RMSE             : Train 28105.5138, Val 33620.6555, Test 38848.9670
          MAE              : Train 15833.0606, Val 13773.3682, Test 14851.0367
          R2_Score         : Train 0.9846, Val 0.9772, Test 0.9705
Best:
          RMSE             : Train 28154.6134, Val 32309.9799, Test 42936.8383
          MAE              : Train 15863.8676, Val 13331.1333, Test 14901.8536
          R2_Score         : Train 0.9846, Val 0.9789, Test 0.9640
Epoch 94: Loss:            : Train 0.0001, Val 0.0001, Test 0.0001
          RMSE             : Train 28308.5206, Val 35143.9070, Test 40875.2163
          MAE              : Train 15824.6984, Val 14658.2357, Test 15739.4401
          R2_Score         : Train 0.9844, Val 0.9751, Test 0.9674
Best:
          RMSE             : Train 28154.6134, Val 32309.9799, Test 42936.8383
          MAE              : Train 15863.8676, Val 13331.1333, Test 14901.8536
          R2_Score         : Train 0.9846, Val 0.9789, Test 0.9640
Epoch 95: Loss:            : Train 0.0001, Val 0.0001, Test 0.0001
          RMSE             : Train 27483.2911, Val 35053.8628, Test 42130.0537
          MAE              : Train 15775.2332, Val 14421.2471, Test 15566.2156
          R2_Score         : Train 0.9853, Val 0.9752, Test 0.9654
Best:
          RMSE             : Train 28154.6134, Val 32309.9799, Test 42936.8383
          MAE              : Train 15863.8676, Val 13331.1333, Test 14901.8536
          R2_Score         : Train 0.9846, Val 0.9789, Test 0.9640
Epoch 96: Loss:            : Train 0.0001, Val 0.0001, Test 0.0001
          RMSE             : Train 28152.8046, Val 35160.5445, Test 41226.3458
          MAE              : Train 15800.6444, Val 15963.8892, Test 17197.9318
          R2_Score         : Train 0.9846, Val 0.9750, Test 0.9668
Best:
          RMSE             : Train 28154.6134, Val 32309.9799, Test 42936.8383
          MAE              : Train 15863.8676, Val 13331.1333, Test 14901.8536
          R2_Score         : Train 0.9846, Val 0.9789, Test 0.9640
Epoch 97: Loss:            : Train 0.0001, Val 0.0001, Test 0.0001
          RMSE             : Train 27851.7157, Val 32259.0013, Test 41414.8852
          MAE              : Train 15931.9375, Val 13658.2389, Test 15023.3678
          R2_Score         : Train 0.9849, Val 0.9790, Test 0.9665
Best:
          RMSE             : Train 27851.7157, Val 32259.0013, Test 41414.8852
          MAE              : Train 15931.9375, Val 13658.2389, Test 15023.3678
          R2_Score         : Train 0.9849, Val 0.9790, Test 0.9665
Epoch 98: Loss:            : Train 0.0001, Val 0.0001, Test 0.0001
          RMSE             : Train 27534.4568, Val 33292.0842, Test 40731.4811
          MAE              : Train 15910.3503, Val 13766.9162, Test 15195.0736
          R2_Score         : Train 0.9852, Val 0.9776, Test 0.9676
Best:
          RMSE             : Train 27851.7157, Val 32259.0013, Test 41414.8852
          MAE              : Train 15931.9375, Val 13658.2389, Test 15023.3678
          R2_Score         : Train 0.9849, Val 0.9790, Test 0.9665
Epoch 99: Loss:            : Train 0.0001, Val 0.0001, Test 0.0001
          RMSE             : Train 27901.8826, Val 34462.9542, Test 41228.1566
          MAE              : Train 15717.3509, Val 14889.4319, Test 16184.8697
          R2_Score         : Train 0.9849, Val 0.9760, Test 0.9668
Best:
          RMSE             : Train 27851.7157, Val 32259.0013, Test 41414.8852
          MAE              : Train 15931.9375, Val 13658.2389, Test 15023.3678
          R2_Score         : Train 0.9849, Val 0.9790, Test 0.9665
Epoch 100: Loss:            : Train 0.0001, Val 0.0001, Test 0.0001
          RMSE             : Train 27990.8185, Val 34690.5769, Test 40356.7601
          MAE              : Train 15744.8757, Val 13718.1816, Test 14845.4495
          R2_Score         : Train 0.9848, Val 0.9757, Test 0.9682
Best:
          RMSE             : Train 27851.7157, Val 32259.0013, Test 41414.8852
          MAE              : Train 15931.9375, Val 13658.2389, Test 15023.3678
          R2_Score         : Train 0.9849, Val 0.9790, Test 0.9665
Training time (sec): 6128
