Loading rawg from data/game/rawg_clean.csv
Loading steam from data/game/steam_clean.csv
Current steam columns Index(['english', 'required_age', 'achievements', 'positive_ratings',
       'negative_ratings', 'average_playtime', 'median_playtime', 'price',
       'cat_Captions available', 'cat_Co-op', 'cat_Commentary available',
       'cat_Cross-Platform Multiplayer', 'cat_Full controller support',
       'cat_In-App Purchases', 'cat_Includes Source SDK',
       'cat_Includes level editor', 'cat_Local Co-op',
       'cat_Local Multi-Player', 'cat_MMO', 'cat_Mods',
       'cat_Mods (require HL2)', 'cat_Multi-player', 'cat_Online Co-op',
       'cat_Online Multi-Player', 'cat_Partial Controller Support',
       'cat_Shared/Split Screen', 'cat_Single-player', 'cat_Stats',
       'cat_Steam Achievements', 'cat_Steam Cloud', 'cat_Steam Leaderboards',
       'cat_Steam Trading Cards', 'cat_Steam Turn Notifications',
       'cat_Steam Workshop', 'cat_SteamVR Collectibles', 'cat_VR Support',
       'cat_Valve Anti-Cheat enabled', 'name'],
      dtype='object')
Current rawg columns Index(['name', 'rating', 'playtime', 'achievements_count', 'suggestions_count',
       'game_series_count', 'reviews_count', 'added_status_yet',
       'added_status_owned', 'added_status_beaten', 'added_status_toplay',
       'added_status_dropped', 'added_status_playing', 'has_website',
       'released_year_before_2020', 'updated_year_before_2020', '3DO',
       'Android', 'Apple II', 'Atari 2600', 'Atari 5200', 'Atari 7800',
       'Atari 8-bit', 'Atari Flashback', 'Atari Lynx', 'Atari ST',
       'Atari XEGS', 'Classic Macintosh', 'Commodore / Amiga', 'Dreamcast',
       'Game Boy', 'Game Boy Advance', 'Game Boy Color', 'Game Gear',
       'GameCube', 'Genesis', 'Jaguar', 'Linux', 'NES', 'Neo Geo',
       'Nintendo 3DS', 'Nintendo 64', 'Nintendo DS', 'Nintendo DSi',
       'Nintendo Switch', 'PC', 'PS Vita', 'PSP', 'PlayStation',
       'PlayStation 2', 'PlayStation 3', 'PlayStation 4', 'PlayStation 5',
       'SEGA 32X', 'SEGA CD', 'SEGA Master System', 'SEGA Saturn', 'SNES',
       'Web', 'Wii', 'Wii U', 'Xbox', 'Xbox 360', 'Xbox One',
       'Xbox Series S/X', 'iOS', 'macOS', 'Action', 'Adventure', 'Arcade',
       'Board Games', 'Card', 'Casual', 'Educational', 'Family', 'Fighting',
       'Indie', 'Massively Multiplayer', 'Platformer', 'Puzzle', 'RPG',
       'Racing', 'Shooter', 'Simulation', 'Sports', 'Strategy'],
      dtype='object')
Loading data from cache
Done
Calculating noise scale
Standard variance of sim_score: 377.60
Adding noise of scale 0.10624353021553419 to sim_scores
Adding noise of scale 0.10624353021553419 to sim_scores
Adding noise of scale 0.10624353021553419 to sim_scores
Preparing time (sec): 1
Initializing dataloader
Done
Prepare for training
Start training
================================================================================
                                    Kernel Shape Output Shape  Params  \
Layer                                                                   
0_local_models.0.fc_layers.Linear_0    [38, 100]   [128, 100]    3900   
1_local_models.0.fc_layers.Linear_1    [100, 50]    [128, 50]    5050   
2_local_models.1.fc_layers.Linear_0    [85, 100]   [128, 100]    8600   
3_local_models.1.fc_layers.Linear_1    [100, 50]    [128, 50]    5050   
4_agg_model.fc_layers.Linear_0        [100, 100]   [128, 100]   10100   
5_agg_model.fc_layers.Linear_1          [100, 1]     [128, 1]     101   

                                     Mult-Adds  
Layer                                           
0_local_models.0.fc_layers.Linear_0       3800  
1_local_models.0.fc_layers.Linear_1       5000  
2_local_models.1.fc_layers.Linear_0       8500  
3_local_models.1.fc_layers.Linear_1       5000  
4_agg_model.fc_layers.Linear_0           10000  
5_agg_model.fc_layers.Linear_1             100  
--------------------------------------------------------------------------------
                      Totals
Total params           32801
Trainable params       32801
Non-trainable params       0
Mult-Adds              32400
================================================================================
n_classes=2
task=binary_cls
model_name=game_featuresim_2022-01-26-19-51-57
sche_threshold=0.0001
sche_patience=10
sche_factor=0.1
use_scheduler=False
num_workers=4
device=cuda:0
test_batch_size=4096
train_batch_size=128
learning_rate=0.001
weight_decay=1e-05
num_epochs=100
model_save_path=ckp/game_featuresim_2022-01-26-19-51-57.pth
test_rate=0.2
val_rate=0.1
multiprocess_context=fork
metrics=['accuracy']
metrics_f=[<metric.accuracy.Accuracy object at 0x7f83b4472820>]
hidden_sizes=[200, 100]
model=SplitNN(
  (agg_model): MLP(
    (fc_layers): ModuleList(
      (0): Linear(in_features=100, out_features=100, bias=True)
      (1): Linear(in_features=100, out_features=1, bias=True)
    )
  )
  (local_models): ModuleList(
    (0): MLP(
      (fc_layers): ModuleList(
        (0): Linear(in_features=38, out_features=100, bias=True)
        (1): Linear(in_features=100, out_features=50, bias=True)
      )
    )
    (1): MLP(
      (fc_layers): ModuleList(
        (0): Linear(in_features=85, out_features=100, bias=True)
        (1): Linear(in_features=100, out_features=50, bias=True)
      )
    )
  )
)
writer=<torch.utils.tensorboard.writer.SummaryWriter object at 0x7f83b4472f40>
dataset_type=real
drop_key=True
num_common_features=1
tree_radius=0.01
tree_leaf_size=1000
knn_k=50
grid_min=-10.0
grid_max=10.0
grid_width=1.5
sim_scaler=StandardScaler()
filter_top_k=None
link_n_jobs=1
psig_p=4
sim_leak_p=0.01
link_threshold_t=0.1
link_epsilon=0.1
n_hash_lsh=50
edit_distance_threshold=10
n_hash_func=50
collision_rate=0.01
qgram_q=4
link_delta=0.01
feature_wise_sim=False
blocking_method=knn_priv_str
center_threshold=0.5
n_clusters=100
local_hidden_sizes=[[100], [100]]
cut_dims=[50, 50]
agg_hidden_sizes=[100]
scale_analysis=<utils.privacy.SimNoiseScale object at 0x7f83b1de0160>
data1_shape=(26987, 38)
data2_shape=(439999, 86)
Epoch 1: Loss:            : Train 0.5332, Val 0.3867, Test 0.5415
          Accuracy         : Train 0.8378, Val 0.8914, Test 0.8949
Best:
          Accuracy         : Train 0.8378, Val 0.8914, Test 0.8949
Epoch 2: Loss:            : Train 0.3748, Val 0.3478, Test 0.3103
          Accuracy         : Train 0.8968, Val 0.8969, Test 0.8974
Best:
          Accuracy         : Train 0.8968, Val 0.8969, Test 0.8974
Epoch 3: Loss:            : Train 0.3331, Val 0.2903, Test 0.2607
          Accuracy         : Train 0.8999, Val 0.9028, Test 0.9034
Best:
          Accuracy         : Train 0.8999, Val 0.9028, Test 0.9034
Epoch 4: Loss:            : Train 0.3137, Val 0.2658, Test 0.2812
          Accuracy         : Train 0.9014, Val 0.9031, Test 0.9007
Best:
          Accuracy         : Train 0.9014, Val 0.9031, Test 0.9007
Epoch 5: Loss:            : Train 0.2835, Val 0.3593, Test 0.3268
          Accuracy         : Train 0.9023, Val 0.8924, Test 0.8919
Best:
          Accuracy         : Train 0.9014, Val 0.9031, Test 0.9007
Epoch 6: Loss:            : Train 0.2963, Val 0.2730, Test 0.2411
          Accuracy         : Train 0.9016, Val 0.9028, Test 0.9030
Best:
          Accuracy         : Train 0.9014, Val 0.9031, Test 0.9007
Epoch 7: Loss:            : Train 0.2533, Val 0.2837, Test 0.2404
          Accuracy         : Train 0.9041, Val 0.9070, Test 0.9020
Best:
          Accuracy         : Train 0.9041, Val 0.9070, Test 0.9020
Epoch 8: Loss:            : Train 0.2901, Val 0.2659, Test 0.3392
          Accuracy         : Train 0.9043, Val 0.9068, Test 0.9039
Best:
          Accuracy         : Train 0.9041, Val 0.9070, Test 0.9020
Epoch 9: Loss:            : Train 0.2802, Val 0.2557, Test 0.2317
          Accuracy         : Train 0.9038, Val 0.9068, Test 0.9029
Best:
          Accuracy         : Train 0.9041, Val 0.9070, Test 0.9020
Epoch 10: Loss:            : Train 0.2578, Val 0.2289, Test 0.3122
          Accuracy         : Train 0.9050, Val 0.9057, Test 0.9035
Best:
          Accuracy         : Train 0.9041, Val 0.9070, Test 0.9020
Epoch 11: Loss:            : Train 0.2666, Val 0.2363, Test 0.2177
          Accuracy         : Train 0.9052, Val 0.9055, Test 0.9058
Best:
          Accuracy         : Train 0.9041, Val 0.9070, Test 0.9020
Epoch 12: Loss:            : Train 0.2497, Val 0.2186, Test 0.2134
          Accuracy         : Train 0.9063, Val 0.9094, Test 0.9063
Best:
          Accuracy         : Train 0.9063, Val 0.9094, Test 0.9063
Epoch 13: Loss:            : Train 0.2353, Val 0.2417, Test 0.2180
          Accuracy         : Train 0.9066, Val 0.9101, Test 0.9048
Best:
          Accuracy         : Train 0.9066, Val 0.9101, Test 0.9048
Epoch 14: Loss:            : Train 0.2351, Val 0.2565, Test 0.2268
          Accuracy         : Train 0.9071, Val 0.9080, Test 0.9030
Best:
          Accuracy         : Train 0.9066, Val 0.9101, Test 0.9048
Epoch 15: Loss:            : Train 0.2278, Val 0.2425, Test 0.2414
          Accuracy         : Train 0.9065, Val 0.9054, Test 0.9055
Best:
          Accuracy         : Train 0.9066, Val 0.9101, Test 0.9048
Epoch 16: Loss:            : Train 0.2204, Val 0.2774, Test 0.2288
          Accuracy         : Train 0.9091, Val 0.9056, Test 0.9048
Best:
          Accuracy         : Train 0.9066, Val 0.9101, Test 0.9048
Epoch 17: Loss:            : Train 0.2475, Val 0.2192, Test 0.2086
          Accuracy         : Train 0.9076, Val 0.9109, Test 0.9069
Best:
          Accuracy         : Train 0.9076, Val 0.9109, Test 0.9069
Epoch 18: Loss:            : Train 0.2368, Val 0.2284, Test 0.2104
          Accuracy         : Train 0.9074, Val 0.9112, Test 0.9077
Best:
          Accuracy         : Train 0.9074, Val 0.9112, Test 0.9077
Epoch 19: Loss:            : Train 0.2248, Val 0.2366, Test 0.2085
          Accuracy         : Train 0.9082, Val 0.9131, Test 0.9069
Best:
          Accuracy         : Train 0.9082, Val 0.9131, Test 0.9069
Epoch 20: Loss:            : Train 0.2319, Val 0.2583, Test 0.2270
          Accuracy         : Train 0.9089, Val 0.9087, Test 0.9055
Best:
          Accuracy         : Train 0.9082, Val 0.9131, Test 0.9069
Epoch 21: Loss:            : Train 0.2289, Val 0.2507, Test 0.2210
          Accuracy         : Train 0.9082, Val 0.9075, Test 0.9052
Best:
          Accuracy         : Train 0.9082, Val 0.9131, Test 0.9069
Epoch 22: Loss:            : Train 0.2245, Val 0.2289, Test 0.2787
          Accuracy         : Train 0.9071, Val 0.9122, Test 0.9074
Best:
          Accuracy         : Train 0.9082, Val 0.9131, Test 0.9069
Epoch 23: Loss:            : Train 0.2292, Val 0.2416, Test 0.2120
          Accuracy         : Train 0.9089, Val 0.9066, Test 0.9044
Best:
          Accuracy         : Train 0.9082, Val 0.9131, Test 0.9069
Epoch 24: Loss:            : Train 0.2209, Val 0.2138, Test 0.2243
          Accuracy         : Train 0.9074, Val 0.9099, Test 0.9038
Best:
          Accuracy         : Train 0.9082, Val 0.9131, Test 0.9069
Epoch 25: Loss:            : Train 0.2382, Val 0.2179, Test 0.2087
          Accuracy         : Train 0.9086, Val 0.9107, Test 0.9069
Best:
          Accuracy         : Train 0.9082, Val 0.9131, Test 0.9069
Epoch 26: Loss:            : Train 0.2187, Val 0.2410, Test 0.2099
          Accuracy         : Train 0.9095, Val 0.9077, Test 0.9064
Best:
          Accuracy         : Train 0.9082, Val 0.9131, Test 0.9069
Epoch 27: Loss:            : Train 0.2315, Val 0.2239, Test 0.2061
          Accuracy         : Train 0.9092, Val 0.9150, Test 0.9082
Best:
          Accuracy         : Train 0.9092, Val 0.9150, Test 0.9082
Epoch 28: Loss:            : Train 0.2165, Val 0.2252, Test 0.2040
          Accuracy         : Train 0.9110, Val 0.9128, Test 0.9080
Best:
          Accuracy         : Train 0.9092, Val 0.9150, Test 0.9082
Epoch 29: Loss:            : Train 0.2137, Val 0.2482, Test 0.2169
          Accuracy         : Train 0.9107, Val 0.9061, Test 0.9049
Best:
          Accuracy         : Train 0.9092, Val 0.9150, Test 0.9082
Epoch 30: Loss:            : Train 0.2183, Val 0.2423, Test 0.2178
          Accuracy         : Train 0.9098, Val 0.9106, Test 0.9044
Best:
          Accuracy         : Train 0.9092, Val 0.9150, Test 0.9082
Epoch 31: Loss:            : Train 0.2243, Val 0.2201, Test 0.2146
          Accuracy         : Train 0.9103, Val 0.9051, Test 0.9066
Best:
          Accuracy         : Train 0.9092, Val 0.9150, Test 0.9082
Epoch 32: Loss:            : Train 0.2102, Val 0.2396, Test 0.2165
          Accuracy         : Train 0.9099, Val 0.9089, Test 0.9071
Best:
          Accuracy         : Train 0.9092, Val 0.9150, Test 0.9082
Epoch 33: Loss:            : Train 0.2101, Val 0.2362, Test 0.2126
          Accuracy         : Train 0.9118, Val 0.9092, Test 0.9059
Best:
          Accuracy         : Train 0.9092, Val 0.9150, Test 0.9082
Epoch 34: Loss:            : Train 0.2189, Val 0.2150, Test 0.2087
          Accuracy         : Train 0.9121, Val 0.9104, Test 0.9100
Best:
          Accuracy         : Train 0.9092, Val 0.9150, Test 0.9082
Epoch 35: Loss:            : Train 0.2166, Val 0.2650, Test 0.2315
          Accuracy         : Train 0.9123, Val 0.9097, Test 0.9068
Best:
          Accuracy         : Train 0.9092, Val 0.9150, Test 0.9082
Epoch 36: Loss:            : Train 0.2192, Val 0.2193, Test 0.2087
          Accuracy         : Train 0.9108, Val 0.9122, Test 0.9057
Best:
          Accuracy         : Train 0.9092, Val 0.9150, Test 0.9082
Epoch 37: Loss:            : Train 0.2056, Val 0.2278, Test 0.2095
          Accuracy         : Train 0.9125, Val 0.9092, Test 0.9062
Best:
          Accuracy         : Train 0.9092, Val 0.9150, Test 0.9082
Epoch 38: Loss:            : Train 0.2056, Val 0.2124, Test 0.2107
          Accuracy         : Train 0.9126, Val 0.9128, Test 0.9093
Best:
          Accuracy         : Train 0.9092, Val 0.9150, Test 0.9082
Epoch 39: Loss:            : Train 0.2111, Val 0.2270, Test 0.2161
          Accuracy         : Train 0.9133, Val 0.9055, Test 0.9085
Best:
          Accuracy         : Train 0.9092, Val 0.9150, Test 0.9082
Epoch 40: Loss:            : Train 0.2085, Val 0.2325, Test 0.2107
          Accuracy         : Train 0.9127, Val 0.9130, Test 0.9086
Best:
          Accuracy         : Train 0.9092, Val 0.9150, Test 0.9082
Epoch 41: Loss:            : Train 0.2032, Val 0.2353, Test 0.2067
          Accuracy         : Train 0.9127, Val 0.9093, Test 0.9074
Best:
          Accuracy         : Train 0.9092, Val 0.9150, Test 0.9082
Epoch 42: Loss:            : Train 0.2059, Val 0.2478, Test 0.2113
          Accuracy         : Train 0.9120, Val 0.9080, Test 0.9064
Best:
          Accuracy         : Train 0.9092, Val 0.9150, Test 0.9082
Epoch 43: Loss:            : Train 0.2106, Val 0.2157, Test 0.2021
          Accuracy         : Train 0.9114, Val 0.9113, Test 0.9105
Best:
          Accuracy         : Train 0.9092, Val 0.9150, Test 0.9082
Epoch 44: Loss:            : Train 0.2127, Val 0.2447, Test 0.2057
          Accuracy         : Train 0.9132, Val 0.9143, Test 0.9088
Best:
          Accuracy         : Train 0.9092, Val 0.9150, Test 0.9082
Epoch 45: Loss:            : Train 0.2141, Val 0.2189, Test 0.2035
          Accuracy         : Train 0.9123, Val 0.9115, Test 0.9091
Best:
          Accuracy         : Train 0.9092, Val 0.9150, Test 0.9082
Epoch 46: Loss:            : Train 0.2105, Val 0.2221, Test 0.2096
          Accuracy         : Train 0.9141, Val 0.9093, Test 0.9090
Best:
          Accuracy         : Train 0.9092, Val 0.9150, Test 0.9082
Epoch 47: Loss:            : Train 0.2060, Val 0.2260, Test 0.2114
          Accuracy         : Train 0.9149, Val 0.9133, Test 0.9092
Best:
          Accuracy         : Train 0.9092, Val 0.9150, Test 0.9082
Epoch 48: Loss:            : Train 0.2013, Val 0.2125, Test 0.2024
          Accuracy         : Train 0.9147, Val 0.9123, Test 0.9094
Best:
          Accuracy         : Train 0.9092, Val 0.9150, Test 0.9082
Epoch 49: Loss:            : Train 0.2069, Val 0.2120, Test 0.2016
          Accuracy         : Train 0.9143, Val 0.9123, Test 0.9095
Best:
          Accuracy         : Train 0.9092, Val 0.9150, Test 0.9082
Epoch 50: Loss:            : Train 0.1987, Val 0.2147, Test 0.2081
          Accuracy         : Train 0.9148, Val 0.9139, Test 0.9099
Best:
          Accuracy         : Train 0.9092, Val 0.9150, Test 0.9082
Epoch 51: Loss:            : Train 0.1976, Val 0.2107, Test 0.2029
          Accuracy         : Train 0.9149, Val 0.9116, Test 0.9107
Best:
          Accuracy         : Train 0.9092, Val 0.9150, Test 0.9082
Epoch 52: Loss:            : Train 0.2094, Val 0.2908, Test 0.2013
          Accuracy         : Train 0.9161, Val 0.9109, Test 0.9103
Best:
          Accuracy         : Train 0.9092, Val 0.9150, Test 0.9082
Epoch 53: Loss:            : Train 0.2082, Val 0.2144, Test 0.2051
          Accuracy         : Train 0.9161, Val 0.9130, Test 0.9107
Best:
          Accuracy         : Train 0.9092, Val 0.9150, Test 0.9082
Epoch 54: Loss:            : Train 0.2079, Val 0.2202, Test 0.2132
          Accuracy         : Train 0.9163, Val 0.9069, Test 0.9050
Best:
          Accuracy         : Train 0.9092, Val 0.9150, Test 0.9082
Epoch 55: Loss:            : Train 0.1984, Val 0.2235, Test 0.2000
          Accuracy         : Train 0.9173, Val 0.9147, Test 0.9122
Best:
          Accuracy         : Train 0.9092, Val 0.9150, Test 0.9082
Epoch 56: Loss:            : Train 0.1971, Val 0.2177, Test 0.1991
          Accuracy         : Train 0.9165, Val 0.9123, Test 0.9114
Best:
          Accuracy         : Train 0.9092, Val 0.9150, Test 0.9082
Epoch 57: Loss:            : Train 0.1943, Val 0.2106, Test 0.2054
          Accuracy         : Train 0.9160, Val 0.9124, Test 0.9101
Best:
          Accuracy         : Train 0.9092, Val 0.9150, Test 0.9082
Epoch 58: Loss:            : Train 0.1991, Val 0.2185, Test 0.2012
          Accuracy         : Train 0.9169, Val 0.9136, Test 0.9083
Best:
          Accuracy         : Train 0.9092, Val 0.9150, Test 0.9082
Epoch 59: Loss:            : Train 0.1970, Val 0.2249, Test 0.2131
          Accuracy         : Train 0.9163, Val 0.9114, Test 0.9080
Best:
          Accuracy         : Train 0.9092, Val 0.9150, Test 0.9082
Epoch 60: Loss:            : Train 0.1950, Val 0.2163, Test 0.2095
          Accuracy         : Train 0.9160, Val 0.9119, Test 0.9104
Best:
          Accuracy         : Train 0.9092, Val 0.9150, Test 0.9082
Epoch 61: Loss:            : Train 0.1943, Val 0.2074, Test 0.2055
          Accuracy         : Train 0.9160, Val 0.9142, Test 0.9093
Best:
          Accuracy         : Train 0.9092, Val 0.9150, Test 0.9082
Epoch 62: Loss:            : Train 0.1933, Val 0.2136, Test 0.2102
          Accuracy         : Train 0.9189, Val 0.9096, Test 0.9086
Best:
          Accuracy         : Train 0.9092, Val 0.9150, Test 0.9082
Epoch 63: Loss:            : Train 0.1993, Val 0.2233, Test 0.2034
          Accuracy         : Train 0.9174, Val 0.9148, Test 0.9101
Best:
          Accuracy         : Train 0.9092, Val 0.9150, Test 0.9082
Epoch 64: Loss:            : Train 0.1956, Val 0.2218, Test 0.2082
          Accuracy         : Train 0.9172, Val 0.9125, Test 0.9125
Best:
          Accuracy         : Train 0.9092, Val 0.9150, Test 0.9082
Epoch 65: Loss:            : Train 0.1924, Val 0.2260, Test 0.2072
          Accuracy         : Train 0.9169, Val 0.9138, Test 0.9094
Best:
          Accuracy         : Train 0.9092, Val 0.9150, Test 0.9082
Epoch 66: Loss:            : Train 0.2518, Val 0.2378, Test 0.2088
          Accuracy         : Train 0.9151, Val 0.9098, Test 0.9083
Best:
          Accuracy         : Train 0.9092, Val 0.9150, Test 0.9082
Epoch 67: Loss:            : Train 0.1997, Val 0.2149, Test 0.2054
          Accuracy         : Train 0.9169, Val 0.9162, Test 0.9117
Best:
          Accuracy         : Train 0.9169, Val 0.9162, Test 0.9117
Epoch 68: Loss:            : Train 0.1984, Val 0.2292, Test 0.2062
          Accuracy         : Train 0.9181, Val 0.9136, Test 0.9094
Best:
          Accuracy         : Train 0.9169, Val 0.9162, Test 0.9117
Epoch 69: Loss:            : Train 0.1948, Val 0.2079, Test 0.2024
          Accuracy         : Train 0.9188, Val 0.9138, Test 0.9106
Best:
          Accuracy         : Train 0.9169, Val 0.9162, Test 0.9117
Epoch 70: Loss:            : Train 0.1893, Val 0.2135, Test 0.2034
          Accuracy         : Train 0.9195, Val 0.9161, Test 0.9112
Best:
          Accuracy         : Train 0.9169, Val 0.9162, Test 0.9117
Epoch 71: Loss:            : Train 0.1909, Val 0.2187, Test 0.2020
          Accuracy         : Train 0.9186, Val 0.9112, Test 0.9101
Best:
          Accuracy         : Train 0.9169, Val 0.9162, Test 0.9117
Epoch 72: Loss:            : Train 0.1984, Val 0.2279, Test 0.2041
          Accuracy         : Train 0.9189, Val 0.9108, Test 0.9113
Best:
          Accuracy         : Train 0.9169, Val 0.9162, Test 0.9117
Epoch 73: Loss:            : Train 0.1891, Val 0.2156, Test 0.2044
          Accuracy         : Train 0.9196, Val 0.9149, Test 0.9120
Best:
          Accuracy         : Train 0.9169, Val 0.9162, Test 0.9117
Epoch 74: Loss:            : Train 0.1870, Val 0.2092, Test 0.2015
          Accuracy         : Train 0.9204, Val 0.9139, Test 0.9117
Best:
          Accuracy         : Train 0.9169, Val 0.9162, Test 0.9117
Epoch 75: Loss:            : Train 0.1937, Val 0.2484, Test 0.2063
          Accuracy         : Train 0.9197, Val 0.9155, Test 0.9129
Best:
          Accuracy         : Train 0.9169, Val 0.9162, Test 0.9117
Epoch 76: Loss:            : Train 0.1889, Val 0.2197, Test 0.2033
          Accuracy         : Train 0.9189, Val 0.9113, Test 0.9106
Best:
          Accuracy         : Train 0.9169, Val 0.9162, Test 0.9117
Epoch 77: Loss:            : Train 0.1857, Val 0.2586, Test 0.2232
          Accuracy         : Train 0.9211, Val 0.9122, Test 0.9098
Best:
          Accuracy         : Train 0.9169, Val 0.9162, Test 0.9117
Epoch 78: Loss:            : Train 0.2204, Val 0.2215, Test 0.2911
          Accuracy         : Train 0.9195, Val 0.9130, Test 0.9119
Best:
          Accuracy         : Train 0.9169, Val 0.9162, Test 0.9117
Epoch 79: Loss:            : Train 0.2022, Val 0.2243, Test 0.2143
          Accuracy         : Train 0.9196, Val 0.9152, Test 0.9085
Best:
          Accuracy         : Train 0.9169, Val 0.9162, Test 0.9117
Epoch 80: Loss:            : Train 0.1874, Val 0.3228, Test 0.2533
          Accuracy         : Train 0.9197, Val 0.9146, Test 0.9086
Best:
          Accuracy         : Train 0.9169, Val 0.9162, Test 0.9117
Epoch 81: Loss:            : Train 0.1958, Val 0.2182, Test 0.2182
          Accuracy         : Train 0.9193, Val 0.9127, Test 0.9097
Best:
          Accuracy         : Train 0.9169, Val 0.9162, Test 0.9117
Epoch 82: Loss:            : Train 0.1921, Val 0.2366, Test 0.2168
          Accuracy         : Train 0.9201, Val 0.9138, Test 0.9113
Best:
          Accuracy         : Train 0.9169, Val 0.9162, Test 0.9117
Epoch 83: Loss:            : Train 0.1862, Val 0.2467, Test 0.2193
          Accuracy         : Train 0.9215, Val 0.9126, Test 0.9109
Best:
          Accuracy         : Train 0.9169, Val 0.9162, Test 0.9117
Epoch 84: Loss:            : Train 0.2015, Val 0.2807, Test 0.2334
          Accuracy         : Train 0.9204, Val 0.9148, Test 0.9130
Best:
          Accuracy         : Train 0.9169, Val 0.9162, Test 0.9117
Epoch 85: Loss:            : Train 0.1873, Val 0.2816, Test 0.2193
          Accuracy         : Train 0.9218, Val 0.9149, Test 0.9117
Best:
          Accuracy         : Train 0.9169, Val 0.9162, Test 0.9117
Epoch 86: Loss:            : Train 0.1848, Val 0.2722, Test 0.2352
          Accuracy         : Train 0.9209, Val 0.9174, Test 0.9113
Best:
          Accuracy         : Train 0.9209, Val 0.9174, Test 0.9113
Epoch 87: Loss:            : Train 0.1893, Val 0.2737, Test 0.2276
          Accuracy         : Train 0.9203, Val 0.9187, Test 0.9113
Best:
          Accuracy         : Train 0.9203, Val 0.9187, Test 0.9113
Epoch 88: Loss:            : Train 0.1827, Val 0.2743, Test 0.2358
          Accuracy         : Train 0.9212, Val 0.9189, Test 0.9129
Best:
          Accuracy         : Train 0.9212, Val 0.9189, Test 0.9129
Epoch 89: Loss:            : Train 0.1819, Val 0.2906, Test 0.2242
          Accuracy         : Train 0.9213, Val 0.9149, Test 0.9074
Best:
          Accuracy         : Train 0.9212, Val 0.9189, Test 0.9129
Epoch 90: Loss:            : Train 0.1825, Val 0.2735, Test 0.2420
          Accuracy         : Train 0.9231, Val 0.9118, Test 0.9120
Best:
          Accuracy         : Train 0.9212, Val 0.9189, Test 0.9129
Epoch 91: Loss:            : Train 0.1838, Val 0.2723, Test 0.2360
          Accuracy         : Train 0.9212, Val 0.9168, Test 0.9108
Best:
          Accuracy         : Train 0.9212, Val 0.9189, Test 0.9129
Epoch 92: Loss:            : Train 0.1810, Val 0.6482, Test 0.2391
          Accuracy         : Train 0.9223, Val 0.9185, Test 0.9107
Best:
          Accuracy         : Train 0.9212, Val 0.9189, Test 0.9129
Epoch 93: Loss:            : Train 0.1805, Val 0.2752, Test 0.2379
          Accuracy         : Train 0.9228, Val 0.9145, Test 0.9115
Best:
          Accuracy         : Train 0.9212, Val 0.9189, Test 0.9129
Epoch 94: Loss:            : Train 0.1817, Val 0.2779, Test 0.2353
          Accuracy         : Train 0.9214, Val 0.9171, Test 0.9106
Best:
          Accuracy         : Train 0.9212, Val 0.9189, Test 0.9129
Epoch 95: Loss:            : Train 0.1821, Val 0.2925, Test 0.2369
          Accuracy         : Train 0.9238, Val 0.9167, Test 0.9111
Best:
          Accuracy         : Train 0.9212, Val 0.9189, Test 0.9129
Epoch 96: Loss:            : Train 0.2109, Val 0.3408, Test 0.2976
          Accuracy         : Train 0.9220, Val 0.9093, Test 0.9072
Best:
          Accuracy         : Train 0.9212, Val 0.9189, Test 0.9129
Epoch 97: Loss:            : Train 0.1951, Val 0.2905, Test 0.2412
          Accuracy         : Train 0.9211, Val 0.9112, Test 0.9111
Best:
          Accuracy         : Train 0.9212, Val 0.9189, Test 0.9129
Epoch 98: Loss:            : Train 0.1812, Val 0.2730, Test 0.2349
          Accuracy         : Train 0.9226, Val 0.9191, Test 0.9092
Best:
          Accuracy         : Train 0.9226, Val 0.9191, Test 0.9092
Epoch 99: Loss:            : Train 0.1835, Val 0.2798, Test 0.2437
          Accuracy         : Train 0.9229, Val 0.9146, Test 0.9121
Best:
          Accuracy         : Train 0.9226, Val 0.9191, Test 0.9092
Epoch 100: Loss:            : Train 0.1791, Val 0.3045, Test 0.2479
          Accuracy         : Train 0.9230, Val 0.9148, Test 0.9125
Best:
          Accuracy         : Train 0.9226, Val 0.9191, Test 0.9092
Training time (sec): 439
