Loading rawg from data/game/rawg_clean.csv
Loading steam from data/game/steam_clean.csv
Current steam columns Index(['english', 'required_age', 'achievements', 'positive_ratings',
       'negative_ratings', 'average_playtime', 'median_playtime', 'price',
       'cat_Captions available', 'cat_Co-op', 'cat_Commentary available',
       'cat_Cross-Platform Multiplayer', 'cat_Full controller support',
       'cat_In-App Purchases', 'cat_Includes Source SDK',
       'cat_Includes level editor', 'cat_Local Co-op',
       'cat_Local Multi-Player', 'cat_MMO', 'cat_Mods',
       'cat_Mods (require HL2)', 'cat_Multi-player', 'cat_Online Co-op',
       'cat_Online Multi-Player', 'cat_Partial Controller Support',
       'cat_Shared/Split Screen', 'cat_Single-player', 'cat_Stats',
       'cat_Steam Achievements', 'cat_Steam Cloud', 'cat_Steam Leaderboards',
       'cat_Steam Trading Cards', 'cat_Steam Turn Notifications',
       'cat_Steam Workshop', 'cat_SteamVR Collectibles', 'cat_VR Support',
       'cat_Valve Anti-Cheat enabled', 'name'],
      dtype='object')
Current rawg columns Index(['name', 'rating', 'playtime', 'achievements_count', 'suggestions_count',
       'game_series_count', 'reviews_count', 'added_status_yet',
       'added_status_owned', 'added_status_beaten', 'added_status_toplay',
       'added_status_dropped', 'added_status_playing', 'has_website',
       'released_year_before_2020', 'updated_year_before_2020', '3DO',
       'Android', 'Apple II', 'Atari 2600', 'Atari 5200', 'Atari 7800',
       'Atari 8-bit', 'Atari Flashback', 'Atari Lynx', 'Atari ST',
       'Atari XEGS', 'Classic Macintosh', 'Commodore / Amiga', 'Dreamcast',
       'Game Boy', 'Game Boy Advance', 'Game Boy Color', 'Game Gear',
       'GameCube', 'Genesis', 'Jaguar', 'Linux', 'NES', 'Neo Geo',
       'Nintendo 3DS', 'Nintendo 64', 'Nintendo DS', 'Nintendo DSi',
       'Nintendo Switch', 'PC', 'PS Vita', 'PSP', 'PlayStation',
       'PlayStation 2', 'PlayStation 3', 'PlayStation 4', 'PlayStation 5',
       'SEGA 32X', 'SEGA CD', 'SEGA Master System', 'SEGA Saturn', 'SNES',
       'Web', 'Wii', 'Wii U', 'Xbox', 'Xbox 360', 'Xbox One',
       'Xbox Series S/X', 'iOS', 'macOS', 'Action', 'Adventure', 'Arcade',
       'Board Games', 'Card', 'Casual', 'Educational', 'Family', 'Fighting',
       'Indie', 'Massively Multiplayer', 'Platformer', 'Puzzle', 'RPG',
       'Racing', 'Shooter', 'Simulation', 'Sports', 'Strategy'],
      dtype='object')
Loading data from cache
Done
Calculating noise scale
Standard variance of sim_score: 377.60
Adding noise of scale 0.010538015773766635 to sim_scores
Adding noise of scale 0.010538015773766635 to sim_scores
Adding noise of scale 0.010538015773766635 to sim_scores
Generating top1 dataset
Generating top1 dataset
Generating top1 dataset
Preparing time (sec): 1
Loading data
Prepare for training
Start training
================================================================================
                                    Kernel Shape Output Shape  Params  \
Layer                                                                   
0_local_models.0.fc_layers.Linear_0    [37, 100]  [4096, 100]    3800   
1_local_models.0.fc_layers.Linear_1    [100, 50]   [4096, 50]    5050   
2_local_models.1.fc_layers.Linear_0    [85, 100]  [4096, 100]    8600   
3_local_models.1.fc_layers.Linear_1    [100, 50]   [4096, 50]    5050   
4_agg_model.fc_layers.Linear_0        [100, 400]  [4096, 400]   40400   
5_agg_model.fc_layers.Linear_1          [400, 1]    [4096, 1]     401   

                                     Mult-Adds  
Layer                                           
0_local_models.0.fc_layers.Linear_0       3700  
1_local_models.0.fc_layers.Linear_1       5000  
2_local_models.1.fc_layers.Linear_0       8500  
3_local_models.1.fc_layers.Linear_1       5000  
4_agg_model.fc_layers.Linear_0           40000  
5_agg_model.fc_layers.Linear_1             400  
--------------------------------------------------------------------------------
                      Totals
Total params           63301
Trainable params       63301
Non-trainable params       0
Mult-Adds              62600
================================================================================
n_classes=2
task=binary_cls
model_name=game_top1sim_2022-01-26-20-22-21
sche_threshold=0.0001
sche_patience=10
sche_factor=0.1
use_scheduler=False
num_workers=4
device=cuda:0
test_batch_size=4096
train_batch_size=4096
learning_rate=0.001
weight_decay=1e-05
num_epochs=200
model_save_path=ckp/game_top1sim_2022-01-26-20-22-21.pth
test_rate=0.2
val_rate=0.1
multiprocess_context=fork
metrics=['accuracy']
metrics_f=[<metric.accuracy.Accuracy object at 0x7f7baed8e790>]
hidden_sizes=[200, 100]
model=SplitNN(
  (agg_model): MLP(
    (fc_layers): ModuleList(
      (0): Linear(in_features=100, out_features=400, bias=True)
      (1): Linear(in_features=400, out_features=1, bias=True)
    )
  )
  (local_models): ModuleList(
    (0): MLP(
      (fc_layers): ModuleList(
        (0): Linear(in_features=37, out_features=100, bias=True)
        (1): Linear(in_features=100, out_features=50, bias=True)
      )
    )
    (1): MLP(
      (fc_layers): ModuleList(
        (0): Linear(in_features=85, out_features=100, bias=True)
        (1): Linear(in_features=100, out_features=50, bias=True)
      )
    )
  )
)
writer=<torch.utils.tensorboard.writer.SummaryWriter object at 0x7f7baed8efd0>
dataset_type=real
drop_key=True
num_common_features=1
tree_radius=0.01
tree_leaf_size=1000
knn_k=50
grid_min=-10.0
grid_max=10.0
grid_width=1.5
sim_scaler=StandardScaler()
filter_top_k=None
link_n_jobs=1
psig_p=4
sim_leak_p=0.1
link_threshold_t=0.1
link_epsilon=0.1
n_hash_lsh=50
edit_distance_threshold=10
n_hash_func=50
collision_rate=0.01
qgram_q=4
link_delta=0.01
feature_wise_sim=False
blocking_method=knn_priv_str
center_threshold=0.5
n_clusters=100
local_hidden_sizes=[[100], [100]]
cut_dims=[50, 50]
agg_hidden_sizes=[400]
scale_analysis=<utils.privacy.SimNoiseScale object at 0x7f7bac50a0d0>
data1_shape=(26987, 38)
data2_shape=(439999, 86)
Epoch 1: Loss:            : Train 0.0000, Val 0.4578, Test 0.4469
          Accuracy         : Train 0.8135, Val 0.8351, Test 0.8462
Best:
          Accuracy         : Train 0.8135, Val 0.8351, Test 0.8462
Epoch 2: Loss:            : Train 0.0000, Val 0.4289, Test 0.5502
          Accuracy         : Train 0.8460, Val 0.8411, Test 0.8496
Best:
          Accuracy         : Train 0.8460, Val 0.8411, Test 0.8496
Epoch 3: Loss:            : Train 0.0000, Val 0.4103, Test 0.5359
          Accuracy         : Train 0.8531, Val 0.8581, Test 0.8588
Best:
          Accuracy         : Train 0.8531, Val 0.8581, Test 0.8588
Epoch 4: Loss:            : Train 0.0000, Val 0.4156, Test 0.5326
          Accuracy         : Train 0.8638, Val 0.8599, Test 0.8570
Best:
          Accuracy         : Train 0.8638, Val 0.8599, Test 0.8570
Epoch 5: Loss:            : Train 0.0000, Val 0.3852, Test 0.5245
          Accuracy         : Train 0.8664, Val 0.8674, Test 0.8642
Best:
          Accuracy         : Train 0.8664, Val 0.8674, Test 0.8642
Epoch 6: Loss:            : Train 0.0000, Val 0.3581, Test 0.5163
          Accuracy         : Train 0.8721, Val 0.8729, Test 0.8692
Best:
          Accuracy         : Train 0.8721, Val 0.8729, Test 0.8692
Epoch 7: Loss:            : Train 0.0000, Val 0.3484, Test 0.5091
          Accuracy         : Train 0.8742, Val 0.8811, Test 0.8750
Best:
          Accuracy         : Train 0.8742, Val 0.8811, Test 0.8750
Epoch 8: Loss:            : Train 0.0000, Val 0.3414, Test 0.5052
          Accuracy         : Train 0.8798, Val 0.8814, Test 0.8764
Best:
          Accuracy         : Train 0.8798, Val 0.8814, Test 0.8764
Epoch 9: Loss:            : Train 0.0000, Val 0.3354, Test 0.4971
          Accuracy         : Train 0.8833, Val 0.8848, Test 0.8809
Best:
          Accuracy         : Train 0.8833, Val 0.8848, Test 0.8809
Epoch 10: Loss:            : Train 0.0000, Val 0.3423, Test 0.4799
          Accuracy         : Train 0.8858, Val 0.8885, Test 0.8844
Best:
          Accuracy         : Train 0.8858, Val 0.8885, Test 0.8844
Epoch 11: Loss:            : Train 0.0000, Val 0.3209, Test 0.4711
          Accuracy         : Train 0.8893, Val 0.8892, Test 0.8864
Best:
          Accuracy         : Train 0.8893, Val 0.8892, Test 0.8864
Epoch 12: Loss:            : Train 0.0000, Val 0.3167, Test 0.4704
          Accuracy         : Train 0.8890, Val 0.8885, Test 0.8877
Best:
          Accuracy         : Train 0.8893, Val 0.8892, Test 0.8864
Epoch 13: Loss:            : Train 0.0000, Val 0.3467, Test 0.4489
          Accuracy         : Train 0.8892, Val 0.8900, Test 0.8898
Best:
          Accuracy         : Train 0.8892, Val 0.8900, Test 0.8898
Epoch 14: Loss:            : Train 0.0000, Val 0.3412, Test 0.4316
          Accuracy         : Train 0.8923, Val 0.8955, Test 0.8935
Best:
          Accuracy         : Train 0.8923, Val 0.8955, Test 0.8935
Epoch 15: Loss:            : Train 0.0000, Val 0.3189, Test 0.3937
          Accuracy         : Train 0.8945, Val 0.8948, Test 0.8933
Best:
          Accuracy         : Train 0.8923, Val 0.8955, Test 0.8935
Epoch 16: Loss:            : Train 0.0000, Val 0.3016, Test 0.3245
          Accuracy         : Train 0.8939, Val 0.8948, Test 0.8964
Best:
          Accuracy         : Train 0.8923, Val 0.8955, Test 0.8935
Epoch 17: Loss:            : Train 0.0000, Val 0.3210, Test 0.3355
          Accuracy         : Train 0.8930, Val 0.8977, Test 0.8957
Best:
          Accuracy         : Train 0.8930, Val 0.8977, Test 0.8957
Epoch 18: Loss:            : Train 0.0000, Val 0.3251, Test 0.3831
          Accuracy         : Train 0.8973, Val 0.9014, Test 0.8989
Best:
          Accuracy         : Train 0.8973, Val 0.9014, Test 0.8989
Epoch 19: Loss:            : Train 0.0000, Val 0.3048, Test 0.3271
          Accuracy         : Train 0.9010, Val 0.9018, Test 0.9027
Best:
          Accuracy         : Train 0.9010, Val 0.9018, Test 0.9027
Epoch 20: Loss:            : Train 0.0000, Val 0.2974, Test 0.3092
          Accuracy         : Train 0.9001, Val 0.9003, Test 0.9005
Best:
          Accuracy         : Train 0.9010, Val 0.9018, Test 0.9027
Epoch 21: Loss:            : Train 0.0000, Val 0.3038, Test 0.3207
          Accuracy         : Train 0.9010, Val 0.9026, Test 0.9005
Best:
          Accuracy         : Train 0.9010, Val 0.9026, Test 0.9005
Epoch 22: Loss:            : Train 0.0000, Val 0.2932, Test 0.3026
          Accuracy         : Train 0.9028, Val 0.9026, Test 0.9029
Best:
          Accuracy         : Train 0.9010, Val 0.9026, Test 0.9005
Epoch 23: Loss:            : Train 0.0000, Val 0.2934, Test 0.3136
          Accuracy         : Train 0.9035, Val 0.9014, Test 0.9044
Best:
          Accuracy         : Train 0.9010, Val 0.9026, Test 0.9005
Epoch 24: Loss:            : Train 0.0000, Val 0.2821, Test 0.2970
          Accuracy         : Train 0.9048, Val 0.9014, Test 0.9052
Best:
          Accuracy         : Train 0.9010, Val 0.9026, Test 0.9005
Epoch 25: Loss:            : Train 0.0000, Val 0.3207, Test 0.3007
          Accuracy         : Train 0.9052, Val 0.8977, Test 0.9040
Best:
          Accuracy         : Train 0.9010, Val 0.9026, Test 0.9005
Epoch 26: Loss:            : Train 0.0000, Val 0.3077, Test 0.2942
          Accuracy         : Train 0.9047, Val 0.9089, Test 0.9098
Best:
          Accuracy         : Train 0.9047, Val 0.9089, Test 0.9098
Epoch 27: Loss:            : Train 0.0000, Val 0.2800, Test 0.3057
          Accuracy         : Train 0.9057, Val 0.9059, Test 0.9068
Best:
          Accuracy         : Train 0.9047, Val 0.9089, Test 0.9098
Epoch 28: Loss:            : Train 0.0000, Val 0.3006, Test 0.2914
          Accuracy         : Train 0.9019, Val 0.9007, Test 0.9033
Best:
          Accuracy         : Train 0.9047, Val 0.9089, Test 0.9098
Epoch 29: Loss:            : Train 0.0000, Val 0.2936, Test 0.2865
          Accuracy         : Train 0.9057, Val 0.9111, Test 0.9102
Best:
          Accuracy         : Train 0.9057, Val 0.9111, Test 0.9102
Epoch 30: Loss:            : Train 0.0000, Val 0.2735, Test 0.2844
          Accuracy         : Train 0.9060, Val 0.9089, Test 0.9102
Best:
          Accuracy         : Train 0.9057, Val 0.9111, Test 0.9102
Epoch 31: Loss:            : Train 0.0000, Val 0.2951, Test 0.2828
          Accuracy         : Train 0.9058, Val 0.9052, Test 0.9077
Best:
          Accuracy         : Train 0.9057, Val 0.9111, Test 0.9102
Epoch 32: Loss:            : Train 0.0000, Val 0.2964, Test 0.2940
          Accuracy         : Train 0.9077, Val 0.9122, Test 0.9126
Best:
          Accuracy         : Train 0.9077, Val 0.9122, Test 0.9126
Epoch 33: Loss:            : Train 0.0000, Val 0.2698, Test 0.2773
          Accuracy         : Train 0.9078, Val 0.9092, Test 0.9114
Best:
          Accuracy         : Train 0.9077, Val 0.9122, Test 0.9126
Epoch 34: Loss:            : Train 0.0000, Val 0.2722, Test 0.2748
          Accuracy         : Train 0.9079, Val 0.9081, Test 0.9083
Best:
          Accuracy         : Train 0.9077, Val 0.9122, Test 0.9126
Epoch 35: Loss:            : Train 0.0000, Val 0.2642, Test 0.2838
          Accuracy         : Train 0.9086, Val 0.9133, Test 0.9172
Best:
          Accuracy         : Train 0.9086, Val 0.9133, Test 0.9172
Epoch 36: Loss:            : Train 0.0000, Val 0.2710, Test 0.2692
          Accuracy         : Train 0.9106, Val 0.9100, Test 0.9148
Best:
          Accuracy         : Train 0.9086, Val 0.9133, Test 0.9172
Epoch 37: Loss:            : Train 0.0000, Val 0.2856, Test 0.2722
          Accuracy         : Train 0.9100, Val 0.9074, Test 0.9102
Best:
          Accuracy         : Train 0.9086, Val 0.9133, Test 0.9172
Epoch 38: Loss:            : Train 0.0000, Val 0.3013, Test 0.2873
          Accuracy         : Train 0.9093, Val 0.9114, Test 0.9140
Best:
          Accuracy         : Train 0.9086, Val 0.9133, Test 0.9172
Epoch 39: Loss:            : Train 0.0000, Val 0.2920, Test 0.2677
          Accuracy         : Train 0.9120, Val 0.9066, Test 0.9131
Best:
          Accuracy         : Train 0.9086, Val 0.9133, Test 0.9172
Epoch 40: Loss:            : Train 0.0000, Val 0.2638, Test 0.2646
          Accuracy         : Train 0.9100, Val 0.9103, Test 0.9155
Best:
          Accuracy         : Train 0.9086, Val 0.9133, Test 0.9172
Epoch 41: Loss:            : Train 0.0000, Val 0.2595, Test 0.2613
          Accuracy         : Train 0.9097, Val 0.9070, Test 0.9107
Best:
          Accuracy         : Train 0.9086, Val 0.9133, Test 0.9172
Epoch 42: Loss:            : Train 0.0000, Val 0.2513, Test 0.2573
          Accuracy         : Train 0.9111, Val 0.9189, Test 0.9177
Best:
          Accuracy         : Train 0.9111, Val 0.9189, Test 0.9177
Epoch 43: Loss:            : Train 0.0000, Val 0.2701, Test 0.2599
          Accuracy         : Train 0.9131, Val 0.9100, Test 0.9124
Best:
          Accuracy         : Train 0.9111, Val 0.9189, Test 0.9177
Epoch 44: Loss:            : Train 0.0000, Val 0.2716, Test 0.2554
          Accuracy         : Train 0.9141, Val 0.9170, Test 0.9165
Best:
          Accuracy         : Train 0.9111, Val 0.9189, Test 0.9177
Epoch 45: Loss:            : Train 0.0000, Val 0.2845, Test 0.2565
          Accuracy         : Train 0.9134, Val 0.9111, Test 0.9150
Best:
          Accuracy         : Train 0.9111, Val 0.9189, Test 0.9177
Epoch 46: Loss:            : Train 0.0000, Val 0.2571, Test 0.2488
          Accuracy         : Train 0.9124, Val 0.9152, Test 0.9179
Best:
          Accuracy         : Train 0.9111, Val 0.9189, Test 0.9177
Epoch 47: Loss:            : Train 0.0000, Val 0.2821, Test 0.2523
          Accuracy         : Train 0.9154, Val 0.9137, Test 0.9187
Best:
          Accuracy         : Train 0.9111, Val 0.9189, Test 0.9177
Epoch 48: Loss:            : Train 0.0000, Val 0.2539, Test 0.2448
          Accuracy         : Train 0.9156, Val 0.9185, Test 0.9215
Best:
          Accuracy         : Train 0.9111, Val 0.9189, Test 0.9177
Epoch 49: Loss:            : Train 0.0000, Val 0.2718, Test 0.2472
          Accuracy         : Train 0.9155, Val 0.9159, Test 0.9163
Best:
          Accuracy         : Train 0.9111, Val 0.9189, Test 0.9177
Epoch 50: Loss:            : Train 0.0000, Val 0.2925, Test 0.2733
          Accuracy         : Train 0.9155, Val 0.9166, Test 0.9189
Best:
          Accuracy         : Train 0.9111, Val 0.9189, Test 0.9177
Epoch 51: Loss:            : Train 0.0000, Val 0.2901, Test 0.2590
          Accuracy         : Train 0.9152, Val 0.9152, Test 0.9218
Best:
          Accuracy         : Train 0.9111, Val 0.9189, Test 0.9177
Epoch 52: Loss:            : Train 0.0000, Val 0.2752, Test 0.2493
          Accuracy         : Train 0.9176, Val 0.9144, Test 0.9209
Best:
          Accuracy         : Train 0.9111, Val 0.9189, Test 0.9177
Epoch 53: Loss:            : Train 0.0000, Val 0.2750, Test 0.2483
          Accuracy         : Train 0.9165, Val 0.9140, Test 0.9137
Best:
          Accuracy         : Train 0.9111, Val 0.9189, Test 0.9177
Epoch 54: Loss:            : Train 0.0000, Val 0.2670, Test 0.2407
          Accuracy         : Train 0.9153, Val 0.9174, Test 0.9203
Best:
          Accuracy         : Train 0.9111, Val 0.9189, Test 0.9177
Epoch 55: Loss:            : Train 0.0000, Val 0.2586, Test 0.2371
          Accuracy         : Train 0.9180, Val 0.9185, Test 0.9220
Best:
          Accuracy         : Train 0.9111, Val 0.9189, Test 0.9177
Epoch 56: Loss:            : Train 0.0000, Val 0.2513, Test 0.2351
          Accuracy         : Train 0.9187, Val 0.9159, Test 0.9192
Best:
          Accuracy         : Train 0.9111, Val 0.9189, Test 0.9177
Epoch 57: Loss:            : Train 0.0000, Val 0.2304, Test 0.2306
          Accuracy         : Train 0.9169, Val 0.9163, Test 0.9222
Best:
          Accuracy         : Train 0.9111, Val 0.9189, Test 0.9177
Epoch 58: Loss:            : Train 0.0000, Val 0.2614, Test 0.2349
          Accuracy         : Train 0.9159, Val 0.9166, Test 0.9211
Best:
          Accuracy         : Train 0.9111, Val 0.9189, Test 0.9177
Epoch 59: Loss:            : Train 0.0000, Val 0.2528, Test 0.2316
          Accuracy         : Train 0.9183, Val 0.9166, Test 0.9237
Best:
          Accuracy         : Train 0.9111, Val 0.9189, Test 0.9177
Epoch 60: Loss:            : Train 0.0000, Val 0.2274, Test 0.2313
          Accuracy         : Train 0.9202, Val 0.9152, Test 0.9222
Best:
          Accuracy         : Train 0.9111, Val 0.9189, Test 0.9177
Epoch 61: Loss:            : Train 0.0000, Val 0.2393, Test 0.2259
          Accuracy         : Train 0.9178, Val 0.9211, Test 0.9226
Best:
          Accuracy         : Train 0.9178, Val 0.9211, Test 0.9226
Epoch 62: Loss:            : Train 0.0000, Val 0.2399, Test 0.2377
          Accuracy         : Train 0.9203, Val 0.9203, Test 0.9231
Best:
          Accuracy         : Train 0.9178, Val 0.9211, Test 0.9226
Epoch 63: Loss:            : Train 0.0000, Val 0.2390, Test 0.2260
          Accuracy         : Train 0.9196, Val 0.9152, Test 0.9229
Best:
          Accuracy         : Train 0.9178, Val 0.9211, Test 0.9226
Epoch 64: Loss:            : Train 0.0000, Val 0.2451, Test 0.2996
          Accuracy         : Train 0.9190, Val 0.9181, Test 0.9229
Best:
          Accuracy         : Train 0.9178, Val 0.9211, Test 0.9226
Epoch 65: Loss:            : Train 0.0000, Val 0.2359, Test 0.2203
          Accuracy         : Train 0.9210, Val 0.9203, Test 0.9222
Best:
          Accuracy         : Train 0.9178, Val 0.9211, Test 0.9226
Epoch 66: Loss:            : Train 0.0000, Val 0.2218, Test 0.2380
          Accuracy         : Train 0.9209, Val 0.9207, Test 0.9226
Best:
          Accuracy         : Train 0.9178, Val 0.9211, Test 0.9226
Epoch 67: Loss:            : Train 0.0000, Val 0.2342, Test 0.2191
          Accuracy         : Train 0.9207, Val 0.9196, Test 0.9226
Best:
          Accuracy         : Train 0.9178, Val 0.9211, Test 0.9226
Epoch 68: Loss:            : Train 0.0000, Val 0.2423, Test 0.2200
          Accuracy         : Train 0.9218, Val 0.9170, Test 0.9242
Best:
          Accuracy         : Train 0.9178, Val 0.9211, Test 0.9226
Epoch 69: Loss:            : Train 0.0000, Val 0.2363, Test 0.2163
          Accuracy         : Train 0.9218, Val 0.9177, Test 0.9231
Best:
          Accuracy         : Train 0.9178, Val 0.9211, Test 0.9226
Epoch 70: Loss:            : Train 0.0000, Val 0.2262, Test 0.2155
          Accuracy         : Train 0.9224, Val 0.9237, Test 0.9235
Best:
          Accuracy         : Train 0.9224, Val 0.9237, Test 0.9235
Epoch 71: Loss:            : Train 0.0000, Val 0.2366, Test 0.2158
          Accuracy         : Train 0.9233, Val 0.9211, Test 0.9237
Best:
          Accuracy         : Train 0.9224, Val 0.9237, Test 0.9235
Epoch 72: Loss:            : Train 0.0000, Val 0.2291, Test 0.2170
          Accuracy         : Train 0.9215, Val 0.9207, Test 0.9235
Best:
          Accuracy         : Train 0.9224, Val 0.9237, Test 0.9235
Epoch 73: Loss:            : Train 0.0000, Val 0.2261, Test 0.2117
          Accuracy         : Train 0.9222, Val 0.9237, Test 0.9235
Best:
          Accuracy         : Train 0.9224, Val 0.9237, Test 0.9235
Epoch 74: Loss:            : Train 0.0000, Val 0.2250, Test 0.2132
          Accuracy         : Train 0.9229, Val 0.9200, Test 0.9222
Best:
          Accuracy         : Train 0.9224, Val 0.9237, Test 0.9235
Epoch 75: Loss:            : Train 0.0000, Val 0.2234, Test 0.2258
          Accuracy         : Train 0.9233, Val 0.9185, Test 0.9213
Best:
          Accuracy         : Train 0.9224, Val 0.9237, Test 0.9235
Epoch 76: Loss:            : Train 0.0000, Val 0.2444, Test 0.2123
          Accuracy         : Train 0.9236, Val 0.9207, Test 0.9248
Best:
          Accuracy         : Train 0.9224, Val 0.9237, Test 0.9235
Epoch 77: Loss:            : Train 0.0000, Val 0.2337, Test 0.2104
          Accuracy         : Train 0.9248, Val 0.9240, Test 0.9253
Best:
          Accuracy         : Train 0.9248, Val 0.9240, Test 0.9253
Epoch 78: Loss:            : Train 0.0000, Val 0.2188, Test 0.2123
          Accuracy         : Train 0.9247, Val 0.9203, Test 0.9215
Best:
          Accuracy         : Train 0.9248, Val 0.9240, Test 0.9253
Epoch 79: Loss:            : Train 0.0000, Val 0.2229, Test 0.2071
          Accuracy         : Train 0.9217, Val 0.9203, Test 0.9226
Best:
          Accuracy         : Train 0.9248, Val 0.9240, Test 0.9253
Epoch 80: Loss:            : Train 0.0000, Val 0.2196, Test 0.2213
          Accuracy         : Train 0.9248, Val 0.9215, Test 0.9250
Best:
          Accuracy         : Train 0.9248, Val 0.9240, Test 0.9253
Epoch 81: Loss:            : Train 0.0000, Val 0.2187, Test 0.2049
          Accuracy         : Train 0.9248, Val 0.9200, Test 0.9248
Best:
          Accuracy         : Train 0.9248, Val 0.9240, Test 0.9253
Epoch 82: Loss:            : Train 0.0000, Val 0.2480, Test 0.2109
          Accuracy         : Train 0.9253, Val 0.9192, Test 0.9222
Best:
          Accuracy         : Train 0.9248, Val 0.9240, Test 0.9253
Epoch 83: Loss:            : Train 0.0000, Val 0.2151, Test 0.2230
          Accuracy         : Train 0.9246, Val 0.9240, Test 0.9239
Best:
          Accuracy         : Train 0.9248, Val 0.9240, Test 0.9253
Epoch 84: Loss:            : Train 0.0000, Val 0.2111, Test 0.2046
          Accuracy         : Train 0.9230, Val 0.9237, Test 0.9240
Best:
          Accuracy         : Train 0.9248, Val 0.9240, Test 0.9253
Epoch 85: Loss:            : Train 0.0000, Val 0.2470, Test 0.2080
          Accuracy         : Train 0.9257, Val 0.9215, Test 0.9257
Best:
          Accuracy         : Train 0.9248, Val 0.9240, Test 0.9253
Epoch 86: Loss:            : Train 0.0000, Val 0.2123, Test 0.2144
          Accuracy         : Train 0.9253, Val 0.9252, Test 0.9246
Best:
          Accuracy         : Train 0.9253, Val 0.9252, Test 0.9246
Epoch 87: Loss:            : Train 0.0000, Val 0.2118, Test 0.2033
          Accuracy         : Train 0.9237, Val 0.9248, Test 0.9227
Best:
          Accuracy         : Train 0.9253, Val 0.9252, Test 0.9246
Epoch 88: Loss:            : Train 0.0000, Val 0.2378, Test 0.2077
          Accuracy         : Train 0.9258, Val 0.9177, Test 0.9215
Best:
          Accuracy         : Train 0.9253, Val 0.9252, Test 0.9246
Epoch 89: Loss:            : Train 0.0000, Val 0.2428, Test 0.2373
          Accuracy         : Train 0.9264, Val 0.9203, Test 0.9231
Best:
          Accuracy         : Train 0.9253, Val 0.9252, Test 0.9246
Epoch 90: Loss:            : Train 0.0000, Val 0.2220, Test 0.2028
          Accuracy         : Train 0.9229, Val 0.9215, Test 0.9227
Best:
          Accuracy         : Train 0.9253, Val 0.9252, Test 0.9246
Epoch 91: Loss:            : Train 0.0000, Val 0.2145, Test 0.2003
          Accuracy         : Train 0.9256, Val 0.9240, Test 0.9252
Best:
          Accuracy         : Train 0.9253, Val 0.9252, Test 0.9246
Epoch 92: Loss:            : Train 0.0000, Val 0.2113, Test 0.2144
          Accuracy         : Train 0.9258, Val 0.9237, Test 0.9222
Best:
          Accuracy         : Train 0.9253, Val 0.9252, Test 0.9246
Epoch 93: Loss:            : Train 0.0000, Val 0.2413, Test 0.2040
          Accuracy         : Train 0.9275, Val 0.9240, Test 0.9250
Best:
          Accuracy         : Train 0.9253, Val 0.9252, Test 0.9246
Epoch 94: Loss:            : Train 0.0000, Val 0.2107, Test 0.1996
          Accuracy         : Train 0.9272, Val 0.9233, Test 0.9253
Best:
          Accuracy         : Train 0.9253, Val 0.9252, Test 0.9246
Epoch 95: Loss:            : Train 0.0000, Val 0.1992, Test 0.2153
          Accuracy         : Train 0.9265, Val 0.9240, Test 0.9244
Best:
          Accuracy         : Train 0.9253, Val 0.9252, Test 0.9246
Epoch 96: Loss:            : Train 0.0000, Val 0.2093, Test 0.2044
          Accuracy         : Train 0.9265, Val 0.9163, Test 0.9200
Best:
          Accuracy         : Train 0.9253, Val 0.9252, Test 0.9246
Epoch 97: Loss:            : Train 0.0000, Val 0.2138, Test 0.2009
          Accuracy         : Train 0.9249, Val 0.9226, Test 0.9259
Best:
          Accuracy         : Train 0.9253, Val 0.9252, Test 0.9246
Epoch 98: Loss:            : Train 0.0000, Val 0.2349, Test 0.1978
          Accuracy         : Train 0.9257, Val 0.9226, Test 0.9253
Best:
          Accuracy         : Train 0.9253, Val 0.9252, Test 0.9246
Epoch 99: Loss:            : Train 0.0000, Val 0.2002, Test 0.1980
          Accuracy         : Train 0.9260, Val 0.9244, Test 0.9252
Best:
          Accuracy         : Train 0.9253, Val 0.9252, Test 0.9246
Epoch 100: Loss:            : Train 0.0000, Val 0.2241, Test 0.2125
          Accuracy         : Train 0.9257, Val 0.9252, Test 0.9261
Best:
          Accuracy         : Train 0.9253, Val 0.9252, Test 0.9246
Epoch 101: Loss:            : Train 0.0000, Val 0.2106, Test 0.2755
          Accuracy         : Train 0.9274, Val 0.9244, Test 0.9255
Best:
          Accuracy         : Train 0.9253, Val 0.9252, Test 0.9246
Epoch 102: Loss:            : Train 0.0000, Val 0.2176, Test 0.1801
          Accuracy         : Train 0.9255, Val 0.9181, Test 0.9192
Best:
          Accuracy         : Train 0.9253, Val 0.9252, Test 0.9246
Epoch 103: Loss:            : Train 0.0000, Val 0.2455, Test 0.2215
          Accuracy         : Train 0.9248, Val 0.9203, Test 0.9198
Best:
          Accuracy         : Train 0.9253, Val 0.9252, Test 0.9246
Epoch 104: Loss:            : Train 0.0000, Val 0.2400, Test 0.1667
          Accuracy         : Train 0.9253, Val 0.9207, Test 0.9259
Best:
          Accuracy         : Train 0.9253, Val 0.9252, Test 0.9246
Epoch 105: Loss:            : Train 0.0000, Val 0.1996, Test 0.1986
          Accuracy         : Train 0.9271, Val 0.9196, Test 0.9244
Best:
          Accuracy         : Train 0.9253, Val 0.9252, Test 0.9246
Epoch 106: Loss:            : Train 0.0000, Val 0.2094, Test 0.2222
          Accuracy         : Train 0.9239, Val 0.9152, Test 0.9196
Best:
          Accuracy         : Train 0.9253, Val 0.9252, Test 0.9246
Epoch 107: Loss:            : Train 0.0000, Val 0.2281, Test 0.2142
          Accuracy         : Train 0.9253, Val 0.9200, Test 0.9248
Best:
          Accuracy         : Train 0.9253, Val 0.9252, Test 0.9246
Epoch 108: Loss:            : Train 0.0000, Val 0.2055, Test 0.1939
          Accuracy         : Train 0.9260, Val 0.9244, Test 0.9265
Best:
          Accuracy         : Train 0.9253, Val 0.9252, Test 0.9246
Epoch 109: Loss:            : Train 0.0000, Val 0.2034, Test 0.2124
          Accuracy         : Train 0.9266, Val 0.9244, Test 0.9229
Best:
          Accuracy         : Train 0.9253, Val 0.9252, Test 0.9246
Epoch 110: Loss:            : Train 0.0000, Val 0.2042, Test 0.2835
          Accuracy         : Train 0.9271, Val 0.9229, Test 0.9239
Best:
          Accuracy         : Train 0.9253, Val 0.9252, Test 0.9246
Epoch 111: Loss:            : Train 0.0000, Val 0.2219, Test 0.1623
          Accuracy         : Train 0.9275, Val 0.9226, Test 0.9265
Best:
          Accuracy         : Train 0.9253, Val 0.9252, Test 0.9246
Epoch 112: Loss:            : Train 0.0000, Val 0.2125, Test 0.2084
          Accuracy         : Train 0.9267, Val 0.9222, Test 0.9240
Best:
          Accuracy         : Train 0.9253, Val 0.9252, Test 0.9246
Epoch 113: Loss:            : Train 0.0000, Val 0.2311, Test 0.1625
          Accuracy         : Train 0.9266, Val 0.9207, Test 0.9244
Best:
          Accuracy         : Train 0.9253, Val 0.9252, Test 0.9246
Epoch 114: Loss:            : Train 0.0000, Val 0.2211, Test 0.1964
          Accuracy         : Train 0.9293, Val 0.9229, Test 0.9229
Best:
          Accuracy         : Train 0.9253, Val 0.9252, Test 0.9246
Epoch 115: Loss:            : Train 0.0000, Val 0.2187, Test 0.1962
          Accuracy         : Train 0.9265, Val 0.9248, Test 0.9226
Best:
          Accuracy         : Train 0.9253, Val 0.9252, Test 0.9246
Epoch 116: Loss:            : Train 0.0000, Val 0.2483, Test 0.1774
          Accuracy         : Train 0.9260, Val 0.9222, Test 0.9250
Best:
          Accuracy         : Train 0.9253, Val 0.9252, Test 0.9246
Epoch 117: Loss:            : Train 0.0000, Val 0.2413, Test 0.2106
          Accuracy         : Train 0.9267, Val 0.9192, Test 0.9198
Best:
          Accuracy         : Train 0.9253, Val 0.9252, Test 0.9246
Epoch 118: Loss:            : Train 0.0000, Val 0.2333, Test 0.2125
          Accuracy         : Train 0.9265, Val 0.9240, Test 0.9240
Best:
          Accuracy         : Train 0.9253, Val 0.9252, Test 0.9246
Epoch 119: Loss:            : Train 0.0000, Val 0.2136, Test 0.1961
          Accuracy         : Train 0.9249, Val 0.9233, Test 0.9248
Best:
          Accuracy         : Train 0.9253, Val 0.9252, Test 0.9246
Epoch 120: Loss:            : Train 0.0000, Val 0.2108, Test 0.1920
          Accuracy         : Train 0.9265, Val 0.9229, Test 0.9270
Best:
          Accuracy         : Train 0.9253, Val 0.9252, Test 0.9246
Epoch 121: Loss:            : Train 0.0000, Val 0.1985, Test 0.1922
          Accuracy         : Train 0.9280, Val 0.9233, Test 0.9268
Best:
          Accuracy         : Train 0.9253, Val 0.9252, Test 0.9246
Epoch 122: Loss:            : Train 0.0000, Val 0.2460, Test 0.2060
          Accuracy         : Train 0.9275, Val 0.9211, Test 0.9253
Best:
          Accuracy         : Train 0.9253, Val 0.9252, Test 0.9246
Epoch 123: Loss:            : Train 0.0000, Val 0.2575, Test 0.1837
          Accuracy         : Train 0.9260, Val 0.9211, Test 0.9246
Best:
          Accuracy         : Train 0.9253, Val 0.9252, Test 0.9246
Epoch 124: Loss:            : Train 0.0000, Val 0.2392, Test 0.1756
          Accuracy         : Train 0.9269, Val 0.9203, Test 0.9257
Best:
          Accuracy         : Train 0.9253, Val 0.9252, Test 0.9246
Epoch 125: Loss:            : Train 0.0000, Val 0.2325, Test 0.1655
          Accuracy         : Train 0.9287, Val 0.9229, Test 0.9229
Best:
          Accuracy         : Train 0.9253, Val 0.9252, Test 0.9246
Epoch 126: Loss:            : Train 0.0000, Val 0.2240, Test 0.2122
          Accuracy         : Train 0.9236, Val 0.9200, Test 0.9227
Best:
          Accuracy         : Train 0.9253, Val 0.9252, Test 0.9246
Epoch 127: Loss:            : Train 0.0000, Val 0.2310, Test 0.1646
          Accuracy         : Train 0.9260, Val 0.9215, Test 0.9235
Best:
          Accuracy         : Train 0.9253, Val 0.9252, Test 0.9246
Epoch 128: Loss:            : Train 0.0000, Val 0.2152, Test 0.2077
          Accuracy         : Train 0.9281, Val 0.9237, Test 0.9265
Best:
          Accuracy         : Train 0.9253, Val 0.9252, Test 0.9246
Epoch 129: Loss:            : Train 0.0000, Val 0.1954, Test 0.2090
          Accuracy         : Train 0.9269, Val 0.9244, Test 0.9257
Best:
          Accuracy         : Train 0.9253, Val 0.9252, Test 0.9246
Epoch 130: Loss:            : Train 0.0000, Val 0.1936, Test 0.2060
          Accuracy         : Train 0.9268, Val 0.9237, Test 0.9266
Best:
          Accuracy         : Train 0.9253, Val 0.9252, Test 0.9246
Epoch 131: Loss:            : Train 0.0000, Val 0.1940, Test 0.2083
          Accuracy         : Train 0.9278, Val 0.9211, Test 0.9272
Best:
          Accuracy         : Train 0.9253, Val 0.9252, Test 0.9246
Epoch 132: Loss:            : Train 0.0000, Val 0.2091, Test 0.1586
          Accuracy         : Train 0.9285, Val 0.9226, Test 0.9272
Best:
          Accuracy         : Train 0.9253, Val 0.9252, Test 0.9246
Epoch 133: Loss:            : Train 0.0000, Val 0.2036, Test 0.1927
          Accuracy         : Train 0.9270, Val 0.9233, Test 0.9265
Best:
          Accuracy         : Train 0.9253, Val 0.9252, Test 0.9246
Epoch 134: Loss:            : Train 0.0000, Val 0.2091, Test 0.2077
          Accuracy         : Train 0.9299, Val 0.9266, Test 0.9255
Best:
          Accuracy         : Train 0.9299, Val 0.9266, Test 0.9255
Epoch 135: Loss:            : Train 0.0000, Val 0.2130, Test 0.1599
          Accuracy         : Train 0.9280, Val 0.9229, Test 0.9237
Best:
          Accuracy         : Train 0.9299, Val 0.9266, Test 0.9255
Epoch 136: Loss:            : Train 0.0000, Val 0.2108, Test 0.2221
          Accuracy         : Train 0.9296, Val 0.9270, Test 0.9263
Best:
          Accuracy         : Train 0.9296, Val 0.9270, Test 0.9263
Epoch 137: Loss:            : Train 0.0000, Val 0.2309, Test 0.1605
          Accuracy         : Train 0.9299, Val 0.9222, Test 0.9244
Best:
          Accuracy         : Train 0.9296, Val 0.9270, Test 0.9263
Epoch 138: Loss:            : Train 0.0000, Val 0.2154, Test 0.2102
          Accuracy         : Train 0.9285, Val 0.9259, Test 0.9270
Best:
          Accuracy         : Train 0.9296, Val 0.9270, Test 0.9263
Epoch 139: Loss:            : Train 0.0000, Val 0.2233, Test 0.1639
          Accuracy         : Train 0.9292, Val 0.9207, Test 0.9239
Best:
          Accuracy         : Train 0.9296, Val 0.9270, Test 0.9263
Epoch 140: Loss:            : Train 0.0000, Val 0.2355, Test 0.2141
          Accuracy         : Train 0.9292, Val 0.9218, Test 0.9218
Best:
          Accuracy         : Train 0.9296, Val 0.9270, Test 0.9263
Epoch 141: Loss:            : Train 0.0000, Val 0.2280, Test 0.2103
          Accuracy         : Train 0.9267, Val 0.9237, Test 0.9252
Best:
          Accuracy         : Train 0.9296, Val 0.9270, Test 0.9263
Epoch 142: Loss:            : Train 0.0000, Val 0.2301, Test 0.1638
          Accuracy         : Train 0.9299, Val 0.9215, Test 0.9218
Best:
          Accuracy         : Train 0.9296, Val 0.9270, Test 0.9263
Epoch 143: Loss:            : Train 0.0000, Val 0.2173, Test 0.1931
          Accuracy         : Train 0.9282, Val 0.9248, Test 0.9252
Best:
          Accuracy         : Train 0.9296, Val 0.9270, Test 0.9263
Epoch 144: Loss:            : Train 0.0000, Val 0.2253, Test 0.2070
          Accuracy         : Train 0.9290, Val 0.9248, Test 0.9276
Best:
          Accuracy         : Train 0.9296, Val 0.9270, Test 0.9263
Epoch 145: Loss:            : Train 0.0000, Val 0.2063, Test 0.1890
          Accuracy         : Train 0.9294, Val 0.9248, Test 0.9270
Best:
          Accuracy         : Train 0.9296, Val 0.9270, Test 0.9263
Epoch 146: Loss:            : Train 0.0000, Val 0.2289, Test 0.1969
          Accuracy         : Train 0.9295, Val 0.9274, Test 0.9270
Best:
          Accuracy         : Train 0.9295, Val 0.9274, Test 0.9270
Epoch 147: Loss:            : Train 0.0000, Val 0.2275, Test 0.1605
          Accuracy         : Train 0.9289, Val 0.9244, Test 0.9274
Best:
          Accuracy         : Train 0.9295, Val 0.9274, Test 0.9270
Epoch 148: Loss:            : Train 0.0000, Val 0.2067, Test 0.2110
          Accuracy         : Train 0.9293, Val 0.9248, Test 0.9213
Best:
          Accuracy         : Train 0.9295, Val 0.9274, Test 0.9270
Epoch 149: Loss:            : Train 0.0000, Val 0.2048, Test 0.1556
          Accuracy         : Train 0.9275, Val 0.9237, Test 0.9235
Best:
          Accuracy         : Train 0.9295, Val 0.9274, Test 0.9270
Epoch 150: Loss:            : Train 0.0000, Val 0.2037, Test 0.1950
          Accuracy         : Train 0.9282, Val 0.9207, Test 0.9215
Best:
          Accuracy         : Train 0.9295, Val 0.9274, Test 0.9270
Epoch 151: Loss:            : Train 0.0000, Val 0.2332, Test 0.1751
          Accuracy         : Train 0.9273, Val 0.9229, Test 0.9281
Best:
          Accuracy         : Train 0.9295, Val 0.9274, Test 0.9270
Epoch 152: Loss:            : Train 0.0000, Val 0.2033, Test 0.1909
          Accuracy         : Train 0.9300, Val 0.9252, Test 0.9274
Best:
          Accuracy         : Train 0.9295, Val 0.9274, Test 0.9270
Epoch 153: Loss:            : Train 0.0000, Val 0.2048, Test 0.1907
          Accuracy         : Train 0.9281, Val 0.9274, Test 0.9250
Best:
          Accuracy         : Train 0.9295, Val 0.9274, Test 0.9270
Epoch 154: Loss:            : Train 0.0000, Val 0.2307, Test 0.2007
          Accuracy         : Train 0.9298, Val 0.9229, Test 0.9261
Best:
          Accuracy         : Train 0.9295, Val 0.9274, Test 0.9270
Epoch 155: Loss:            : Train 0.0000, Val 0.2258, Test 0.1607
          Accuracy         : Train 0.9302, Val 0.9255, Test 0.9261
Best:
          Accuracy         : Train 0.9295, Val 0.9274, Test 0.9270
Epoch 156: Loss:            : Train 0.0000, Val 0.2012, Test 0.1938
          Accuracy         : Train 0.9274, Val 0.9222, Test 0.9211
Best:
          Accuracy         : Train 0.9295, Val 0.9274, Test 0.9270
Epoch 157: Loss:            : Train 0.0000, Val 0.2072, Test 0.2021
          Accuracy         : Train 0.9256, Val 0.9270, Test 0.9266
Best:
          Accuracy         : Train 0.9295, Val 0.9274, Test 0.9270
Epoch 158: Loss:            : Train 0.0000, Val 0.2181, Test 0.1591
          Accuracy         : Train 0.9293, Val 0.9233, Test 0.9281
Best:
          Accuracy         : Train 0.9295, Val 0.9274, Test 0.9270
Epoch 159: Loss:            : Train 0.0000, Val 0.2270, Test 0.2055
          Accuracy         : Train 0.9297, Val 0.9229, Test 0.9246
Best:
          Accuracy         : Train 0.9295, Val 0.9274, Test 0.9270
Epoch 160: Loss:            : Train 0.0000, Val 0.2293, Test 0.1587
          Accuracy         : Train 0.9303, Val 0.9244, Test 0.9274
Best:
          Accuracy         : Train 0.9295, Val 0.9274, Test 0.9270
Epoch 161: Loss:            : Train 0.0000, Val 0.2265, Test 0.2081
          Accuracy         : Train 0.9304, Val 0.9244, Test 0.9268
Best:
          Accuracy         : Train 0.9295, Val 0.9274, Test 0.9270
Epoch 162: Loss:            : Train 0.0000, Val 0.2075, Test 0.2048
          Accuracy         : Train 0.9300, Val 0.9266, Test 0.9237
Best:
          Accuracy         : Train 0.9295, Val 0.9274, Test 0.9270
Epoch 163: Loss:            : Train 0.0000, Val 0.2011, Test 0.1885
          Accuracy         : Train 0.9274, Val 0.9252, Test 0.9265
Best:
          Accuracy         : Train 0.9295, Val 0.9274, Test 0.9270
Epoch 164: Loss:            : Train 0.0000, Val 0.2027, Test 0.2058
          Accuracy         : Train 0.9304, Val 0.9259, Test 0.9272
Best:
          Accuracy         : Train 0.9295, Val 0.9274, Test 0.9270
Epoch 165: Loss:            : Train 0.0000, Val 0.2281, Test 0.1888
          Accuracy         : Train 0.9302, Val 0.9244, Test 0.9272
Best:
          Accuracy         : Train 0.9295, Val 0.9274, Test 0.9270
Epoch 166: Loss:            : Train 0.0000, Val 0.2284, Test 0.2062
          Accuracy         : Train 0.9305, Val 0.9255, Test 0.9270
Best:
          Accuracy         : Train 0.9295, Val 0.9274, Test 0.9270
Epoch 167: Loss:            : Train 0.0000, Val 0.2156, Test 0.1907
          Accuracy         : Train 0.9306, Val 0.9270, Test 0.9276
Best:
          Accuracy         : Train 0.9295, Val 0.9274, Test 0.9270
Epoch 168: Loss:            : Train 0.0000, Val 0.1981, Test 0.1912
          Accuracy         : Train 0.9298, Val 0.9215, Test 0.9242
Best:
          Accuracy         : Train 0.9295, Val 0.9274, Test 0.9270
Epoch 169: Loss:            : Train 0.0000, Val 0.2320, Test 0.2165
          Accuracy         : Train 0.9284, Val 0.9240, Test 0.9252
Best:
          Accuracy         : Train 0.9295, Val 0.9274, Test 0.9270
Epoch 170: Loss:            : Train 0.0000, Val 0.2398, Test 0.1706
          Accuracy         : Train 0.9292, Val 0.9203, Test 0.9242
Best:
          Accuracy         : Train 0.9295, Val 0.9274, Test 0.9270
Epoch 171: Loss:            : Train 0.0000, Val 0.2263, Test 0.2124
          Accuracy         : Train 0.9302, Val 0.9263, Test 0.9257
Best:
          Accuracy         : Train 0.9295, Val 0.9274, Test 0.9270
Epoch 172: Loss:            : Train 0.0000, Val 0.2253, Test 0.1634
          Accuracy         : Train 0.9294, Val 0.9218, Test 0.9244
Best:
          Accuracy         : Train 0.9295, Val 0.9274, Test 0.9270
Epoch 173: Loss:            : Train 0.0000, Val 0.2092, Test 0.1907
          Accuracy         : Train 0.9276, Val 0.9248, Test 0.9268
Best:
          Accuracy         : Train 0.9295, Val 0.9274, Test 0.9270
Epoch 174: Loss:            : Train 0.0000, Val 0.2143, Test 0.1575
          Accuracy         : Train 0.9307, Val 0.9226, Test 0.9244
Best:
          Accuracy         : Train 0.9295, Val 0.9274, Test 0.9270
Epoch 175: Loss:            : Train 0.0000, Val 0.1938, Test 0.1904
          Accuracy         : Train 0.9315, Val 0.9215, Test 0.9257
Best:
          Accuracy         : Train 0.9295, Val 0.9274, Test 0.9270
Epoch 176: Loss:            : Train 0.0000, Val 0.1889, Test 0.2033
          Accuracy         : Train 0.9289, Val 0.9248, Test 0.9274
Best:
          Accuracy         : Train 0.9295, Val 0.9274, Test 0.9270
Epoch 177: Loss:            : Train 0.0000, Val 0.2042, Test 0.1877
          Accuracy         : Train 0.9297, Val 0.9259, Test 0.9270
Best:
          Accuracy         : Train 0.9295, Val 0.9274, Test 0.9270
Epoch 178: Loss:            : Train 0.0000, Val 0.1908, Test 0.1916
          Accuracy         : Train 0.9313, Val 0.9278, Test 0.9259
Best:
          Accuracy         : Train 0.9313, Val 0.9278, Test 0.9259
Epoch 179: Loss:            : Train 0.0000, Val 0.1936, Test 0.2068
          Accuracy         : Train 0.9304, Val 0.9240, Test 0.9239
Best:
          Accuracy         : Train 0.9313, Val 0.9278, Test 0.9259
Epoch 180: Loss:            : Train 0.0000, Val 0.2004, Test 0.1901
          Accuracy         : Train 0.9308, Val 0.9244, Test 0.9263
Best:
          Accuracy         : Train 0.9313, Val 0.9278, Test 0.9259
Epoch 181: Loss:            : Train 0.0000, Val 0.2012, Test 0.1889
          Accuracy         : Train 0.9300, Val 0.9255, Test 0.9270
Best:
          Accuracy         : Train 0.9313, Val 0.9278, Test 0.9259
Epoch 182: Loss:            : Train 0.0000, Val 0.2381, Test 0.2022
          Accuracy         : Train 0.9291, Val 0.9218, Test 0.9272
Best:
          Accuracy         : Train 0.9313, Val 0.9278, Test 0.9259
Epoch 183: Loss:            : Train 0.0000, Val 0.2303, Test 0.2121
          Accuracy         : Train 0.9298, Val 0.9226, Test 0.9261
Best:
          Accuracy         : Train 0.9313, Val 0.9278, Test 0.9259
Epoch 184: Loss:            : Train 0.0000, Val 0.2229, Test 0.1936
          Accuracy         : Train 0.9304, Val 0.9259, Test 0.9279
Best:
          Accuracy         : Train 0.9313, Val 0.9278, Test 0.9259
Epoch 185: Loss:            : Train 0.0000, Val 0.2106, Test 0.1905
          Accuracy         : Train 0.9291, Val 0.9233, Test 0.9261
Best:
          Accuracy         : Train 0.9313, Val 0.9278, Test 0.9259
Epoch 186: Loss:            : Train 0.0000, Val 0.2013, Test 0.2031
          Accuracy         : Train 0.9293, Val 0.9252, Test 0.9233
Best:
          Accuracy         : Train 0.9313, Val 0.9278, Test 0.9259
Epoch 187: Loss:            : Train 0.0000, Val 0.2039, Test 0.1935
          Accuracy         : Train 0.9305, Val 0.9222, Test 0.9240
Best:
          Accuracy         : Train 0.9313, Val 0.9278, Test 0.9259
Epoch 188: Loss:            : Train 0.0000, Val 0.2245, Test 0.1891
          Accuracy         : Train 0.9302, Val 0.9244, Test 0.9265
Best:
          Accuracy         : Train 0.9313, Val 0.9278, Test 0.9259
Epoch 189: Loss:            : Train 0.0000, Val 0.1941, Test 0.2000
          Accuracy         : Train 0.9295, Val 0.9252, Test 0.9276
Best:
          Accuracy         : Train 0.9313, Val 0.9278, Test 0.9259
Epoch 190: Loss:            : Train 0.0000, Val 0.1956, Test 0.1867
          Accuracy         : Train 0.9311, Val 0.9255, Test 0.9265
Best:
          Accuracy         : Train 0.9313, Val 0.9278, Test 0.9259
Epoch 191: Loss:            : Train 0.0000, Val 0.1921, Test 0.1864
          Accuracy         : Train 0.9307, Val 0.9263, Test 0.9263
Best:
          Accuracy         : Train 0.9313, Val 0.9278, Test 0.9259
Epoch 192: Loss:            : Train 0.0000, Val 0.1990, Test 0.1898
          Accuracy         : Train 0.9321, Val 0.9240, Test 0.9235
Best:
          Accuracy         : Train 0.9313, Val 0.9278, Test 0.9259
Epoch 193: Loss:            : Train 0.0000, Val 0.2001, Test 0.1906
          Accuracy         : Train 0.9301, Val 0.9248, Test 0.9244
Best:
          Accuracy         : Train 0.9313, Val 0.9278, Test 0.9259
Epoch 194: Loss:            : Train 0.0000, Val 0.1950, Test 0.1895
          Accuracy         : Train 0.9305, Val 0.9237, Test 0.9255
Best:
          Accuracy         : Train 0.9313, Val 0.9278, Test 0.9259
Epoch 195: Loss:            : Train 0.0000, Val 0.2046, Test 0.1875
          Accuracy         : Train 0.9310, Val 0.9248, Test 0.9281
Best:
          Accuracy         : Train 0.9313, Val 0.9278, Test 0.9259
Epoch 196: Loss:            : Train 0.0000, Val 0.1912, Test 0.1886
          Accuracy         : Train 0.9323, Val 0.9259, Test 0.9278
Best:
          Accuracy         : Train 0.9313, Val 0.9278, Test 0.9259
Epoch 197: Loss:            : Train 0.0000, Val 0.1929, Test 0.1997
          Accuracy         : Train 0.9321, Val 0.9274, Test 0.9266
Best:
          Accuracy         : Train 0.9313, Val 0.9278, Test 0.9259
Epoch 198: Loss:            : Train 0.0000, Val 0.1979, Test 0.1874
          Accuracy         : Train 0.9325, Val 0.9259, Test 0.9289
Best:
          Accuracy         : Train 0.9313, Val 0.9278, Test 0.9259
Epoch 199: Loss:            : Train 0.0000, Val 0.2289, Test 0.1923
          Accuracy         : Train 0.9307, Val 0.9211, Test 0.9213
Best:
          Accuracy         : Train 0.9313, Val 0.9278, Test 0.9259
Epoch 200: Loss:            : Train 0.0000, Val 0.2280, Test 0.1928
          Accuracy         : Train 0.9308, Val 0.9233, Test 0.9261
Best:
          Accuracy         : Train 0.9313, Val 0.9278, Test 0.9259
Training time (sec): 73
