Loading house from data/hdb/hdb_clean.csv
Loading airbnb from data/hdb/school_clean.csv
Current hdb columns Index(['floor_area_sqm', 'lease_commence_year_before_2020', 'tn_BEDOK',
       'tn_BISHAN', 'tn_BUKIT BATOK', 'tn_BUKIT MERAH', 'tn_BUKIT PANJANG',
       'tn_BUKIT TIMAH', 'tn_CENTRAL AREA', 'tn_CHOA CHU KANG', 'tn_CLEMENTI',
       'tn_GEYLANG', 'tn_HOUGANG', 'tn_JURONG EAST', 'tn_JURONG WEST',
       'tn_KALLANG/WHAMPOA', 'tn_MARINE PARADE', 'tn_PASIR RIS', 'tn_PUNGGOL',
       'tn_QUEENSTOWN', 'tn_SEMBAWANG', 'tn_SENGKANG', 'tn_SERANGOON',
       'tn_TAMPINES', 'tn_TOA PAYOH', 'tn_WOODLANDS', 'tn_YISHUN', 'ft_2 ROOM',
       'ft_3 ROOM', 'ft_4 ROOM', 'ft_5 ROOM', 'ft_EXECUTIVE',
       'ft_MULTI-GENERATION', 'sr_04 TO 06', 'sr_07 TO 09', 'sr_10 TO 12',
       'sr_13 TO 15', 'sr_16 TO 18', 'sr_19 TO 21', 'sr_22 TO 24',
       'sr_25 TO 27', 'sr_28 TO 30', 'sr_31 TO 33', 'sr_34 TO 36',
       'sr_37 TO 39', 'sr_40 TO 42', 'sr_43 TO 45', 'sr_46 TO 48',
       'sr_49 TO 51', 'fm_Adjoined flat', 'fm_Apartment', 'fm_DBSS',
       'fm_Improved', 'fm_Improved-Maisonette', 'fm_Maisonette', 'fm_Model A',
       'fm_Model A-Maisonette', 'fm_Model A2', 'fm_Multi Generation',
       'fm_New Generation', 'fm_Premium Apartment',
       'fm_Premium Apartment Loft', 'fm_Premium Maisonette', 'fm_Simplified',
       'fm_Standard', 'fm_Terrace', 'fm_Type S1', 'fm_Type S2', 'lon', 'lat'],
      dtype='object')
Current airbnb columns Index(['lon', 'lat', 'n_places_0', 'vacancy_rate_0', 'n_places_1',
       'vacancy_rate_1', 'n_places_2', 'vacancy_rate_2', 'n_places_3',
       'vacancy_rate_3'],
      dtype='object')
Loading data from cache
Done
Calculating noise scale
Standard variance of sim_score: 670924.21
Adding noise of scale 0.005946265250663799 to sim_scores
Adding noise of scale 0.005946265250663799 to sim_scores
Adding noise of scale 0.005946265250663799 to sim_scores
Preparing time (sec): 6
Initializing dataloader
Done
Prepare for training
Start training
================================================================================
                                    Kernel Shape Output Shape  Params  \
Layer                                                                   
0_local_models.0.fc_layers.Linear_0    [69, 200]   [128, 200]   14000   
1_local_models.0.fc_layers.Linear_1   [200, 100]   [128, 100]   20100   
2_local_models.1.fc_layers.Linear_0     [8, 200]   [128, 200]    1800   
3_local_models.1.fc_layers.Linear_1   [200, 100]   [128, 100]   20100   
4_agg_model.fc_layers.Linear_0        [200, 100]   [128, 100]   20100   
5_agg_model.fc_layers.Linear_1          [100, 1]     [128, 1]     101   

                                     Mult-Adds  
Layer                                           
0_local_models.0.fc_layers.Linear_0      13800  
1_local_models.0.fc_layers.Linear_1      20000  
2_local_models.1.fc_layers.Linear_0       1600  
3_local_models.1.fc_layers.Linear_1      20000  
4_agg_model.fc_layers.Linear_0           20000  
5_agg_model.fc_layers.Linear_1             100  
--------------------------------------------------------------------------------
                      Totals
Total params           76201
Trainable params       76201
Non-trainable params       0
Mult-Adds              75500
================================================================================
n_classes=2
task=regression
model_name=hdb_featuresim_2022-02-02-05-34-33
sche_threshold=0.0001
sche_patience=10
sche_factor=0.1
use_scheduler=False
num_workers=4
device=cuda:6
test_batch_size=4096
train_batch_size=128
learning_rate=0.001
weight_decay=1e-05
num_epochs=100
model_save_path=ckp/hdb_featuresim_2022-02-02-05-34-33.pth
test_rate=0.2
val_rate=0.1
multiprocess_context=fork
metrics=['r2_score', 'rmse']
metrics_f=[<metric.r2_score.R2Score object at 0x7f9f0460ddf0>, <metric.rmse.RMSE object at 0x7f9f0460dc10>]
hidden_sizes=[200, 100]
model=SplitNN(
  (agg_model): MLP(
    (fc_layers): ModuleList(
      (0): Linear(in_features=200, out_features=100, bias=True)
      (1): Linear(in_features=100, out_features=1, bias=True)
    )
  )
  (local_models): ModuleList(
    (0): MLP(
      (fc_layers): ModuleList(
        (0): Linear(in_features=69, out_features=200, bias=True)
        (1): Linear(in_features=200, out_features=100, bias=True)
      )
    )
    (1): MLP(
      (fc_layers): ModuleList(
        (0): Linear(in_features=8, out_features=200, bias=True)
        (1): Linear(in_features=200, out_features=100, bias=True)
      )
    )
  )
)
writer=<torch.utils.tensorboard.writer.SummaryWriter object at 0x7f9fe9a80a60>
dataset_type=real
drop_key=True
num_common_features=2
tree_radius=0.01
tree_leaf_size=1000
knn_k=50
grid_min=-10.0
grid_max=10.0
grid_width=1.5
sim_scaler=StandardScaler()
filter_top_k=None
link_n_jobs=-1
psig_p=7
sim_leak_p=0.0001
link_threshold_t=0.01
link_epsilon=0.005
n_hash_lsh=20
edit_distance_threshold=1
n_hash_func=10
collision_rate=0.05
qgram_q=2
link_delta=0.005
feature_wise_sim=False
blocking_method=knn_priv_float
center_threshold=0.5
n_clusters=100
local_hidden_sizes=[[200], [200]]
cut_dims=[100, 100]
agg_hidden_sizes=[100]
scale_analysis=<utils.privacy.SimNoiseScale object at 0x7f9f045b7430>
data1_shape=(92065, 70)
data2_shape=(165, 10)
Epoch 1: Loss:            : Train 0.0104, Val 0.0021, Test 0.0020
          R2_Score         : Train 0.4678, Val 0.8953, Test 0.8993
          RMSE             : Train 112.7916, Val 50.1744, Test 49.3801
Best:
          R2_Score         : Train 0.4678, Val 0.8953, Test 0.8993
          RMSE             : Train 112.7916, Val 50.1744, Test 49.3801
Epoch 2: Loss:            : Train 0.0018, Val 0.0018, Test 0.0017
          R2_Score         : Train 0.9056, Val 0.9082, Test 0.9131
          RMSE             : Train 47.5118, Val 46.9891, Test 45.8716
Best:
          R2_Score         : Train 0.9056, Val 0.9082, Test 0.9131
          RMSE             : Train 47.5118, Val 46.9891, Test 45.8716
Epoch 3: Loss:            : Train 0.0017, Val 0.0017, Test 0.0016
          R2_Score         : Train 0.9149, Val 0.9145, Test 0.9188
          RMSE             : Train 45.1136, Val 45.3509, Test 44.3452
Best:
          R2_Score         : Train 0.9149, Val 0.9145, Test 0.9188
          RMSE             : Train 45.1136, Val 45.3509, Test 44.3452
Epoch 4: Loss:            : Train 0.0016, Val 0.0016, Test 0.0016
          R2_Score         : Train 0.9192, Val 0.9158, Test 0.9204
          RMSE             : Train 43.9627, Val 45.0074, Test 43.8946
Best:
          R2_Score         : Train 0.9192, Val 0.9158, Test 0.9204
          RMSE             : Train 43.9627, Val 45.0074, Test 43.8946
Epoch 5: Loss:            : Train 0.0015, Val 0.0016, Test 0.0015
          R2_Score         : Train 0.9214, Val 0.9187, Test 0.9226
          RMSE             : Train 43.3392, Val 44.2055, Test 43.2949
Best:
          R2_Score         : Train 0.9214, Val 0.9187, Test 0.9226
          RMSE             : Train 43.3392, Val 44.2055, Test 43.2949
Epoch 6: Loss:            : Train 0.0015, Val 0.0016, Test 0.0015
          R2_Score         : Train 0.9231, Val 0.9204, Test 0.9242
          RMSE             : Train 42.8854, Val 43.7353, Test 42.8591
Best:
          R2_Score         : Train 0.9231, Val 0.9204, Test 0.9242
          RMSE             : Train 42.8854, Val 43.7353, Test 42.8591
Epoch 7: Loss:            : Train 0.0015, Val 0.0016, Test 0.0015
          R2_Score         : Train 0.9244, Val 0.9207, Test 0.9238
          RMSE             : Train 42.5219, Val 43.6549, Test 42.9676
Best:
          R2_Score         : Train 0.9244, Val 0.9207, Test 0.9238
          RMSE             : Train 42.5219, Val 43.6549, Test 42.9676
Epoch 8: Loss:            : Train 0.0015, Val 0.0016, Test 0.0015
          R2_Score         : Train 0.9253, Val 0.9199, Test 0.9247
          RMSE             : Train 42.2699, Val 43.8829, Test 42.7051
Best:
          R2_Score         : Train 0.9244, Val 0.9207, Test 0.9238
          RMSE             : Train 42.5219, Val 43.6549, Test 42.9676
Epoch 9: Loss:            : Train 0.0014, Val 0.0015, Test 0.0015
          R2_Score         : Train 0.9265, Val 0.9222, Test 0.9265
          RMSE             : Train 41.9259, Val 43.2381, Test 42.2024
Best:
          R2_Score         : Train 0.9265, Val 0.9222, Test 0.9265
          RMSE             : Train 41.9259, Val 43.2381, Test 42.2024
Epoch 10: Loss:            : Train 0.0014, Val 0.0015, Test 0.0014
          R2_Score         : Train 0.9272, Val 0.9241, Test 0.9274
          RMSE             : Train 41.7264, Val 42.7118, Test 41.9446
Best:
          R2_Score         : Train 0.9272, Val 0.9241, Test 0.9274
          RMSE             : Train 41.7264, Val 42.7118, Test 41.9446
Epoch 11: Loss:            : Train 0.0014, Val 0.0015, Test 0.0015
          R2_Score         : Train 0.9280, Val 0.9228, Test 0.9264
          RMSE             : Train 41.4851, Val 43.0819, Test 42.2204
Best:
          R2_Score         : Train 0.9272, Val 0.9241, Test 0.9274
          RMSE             : Train 41.7264, Val 42.7118, Test 41.9446
Epoch 12: Loss:            : Train 0.0014, Val 0.0015, Test 0.0014
          R2_Score         : Train 0.9287, Val 0.9244, Test 0.9277
          RMSE             : Train 41.2940, Val 42.6303, Test 41.8364
Best:
          R2_Score         : Train 0.9287, Val 0.9244, Test 0.9277
          RMSE             : Train 41.2940, Val 42.6303, Test 41.8364
Epoch 13: Loss:            : Train 0.0014, Val 0.0015, Test 0.0014
          R2_Score         : Train 0.9293, Val 0.9230, Test 0.9281
          RMSE             : Train 41.1205, Val 43.0316, Test 41.7305
Best:
          R2_Score         : Train 0.9287, Val 0.9244, Test 0.9277
          RMSE             : Train 41.2940, Val 42.6303, Test 41.8364
Epoch 14: Loss:            : Train 0.0014, Val 0.0015, Test 0.0014
          R2_Score         : Train 0.9296, Val 0.9245, Test 0.9286
          RMSE             : Train 41.0116, Val 42.5938, Test 41.5879
Best:
          R2_Score         : Train 0.9296, Val 0.9245, Test 0.9286
          RMSE             : Train 41.0116, Val 42.5938, Test 41.5879
Epoch 15: Loss:            : Train 0.0014, Val 0.0015, Test 0.0014
          R2_Score         : Train 0.9301, Val 0.9247, Test 0.9294
          RMSE             : Train 40.8840, Val 42.5385, Test 41.3466
Best:
          R2_Score         : Train 0.9301, Val 0.9247, Test 0.9294
          RMSE             : Train 40.8840, Val 42.5385, Test 41.3466
Epoch 16: Loss:            : Train 0.0014, Val 0.0015, Test 0.0014
          R2_Score         : Train 0.9306, Val 0.9225, Test 0.9275
          RMSE             : Train 40.7448, Val 43.1554, Test 41.8951
Best:
          R2_Score         : Train 0.9301, Val 0.9247, Test 0.9294
          RMSE             : Train 40.8840, Val 42.5385, Test 41.3466
Epoch 17: Loss:            : Train 0.0013, Val 0.0015, Test 0.0014
          R2_Score         : Train 0.9307, Val 0.9249, Test 0.9294
          RMSE             : Train 40.6976, Val 42.4830, Test 41.3397
Best:
          R2_Score         : Train 0.9307, Val 0.9249, Test 0.9294
          RMSE             : Train 40.6976, Val 42.4830, Test 41.3397
Epoch 18: Loss:            : Train 0.0013, Val 0.0014, Test 0.0014
          R2_Score         : Train 0.9313, Val 0.9267, Test 0.9295
          RMSE             : Train 40.5409, Val 41.9949, Test 41.3339
Best:
          R2_Score         : Train 0.9313, Val 0.9267, Test 0.9295
          RMSE             : Train 40.5409, Val 41.9949, Test 41.3339
Epoch 19: Loss:            : Train 0.0013, Val 0.0015, Test 0.0014
          R2_Score         : Train 0.9316, Val 0.9243, Test 0.9281
          RMSE             : Train 40.4355, Val 42.6736, Test 41.7168
Best:
          R2_Score         : Train 0.9313, Val 0.9267, Test 0.9295
          RMSE             : Train 40.5409, Val 41.9949, Test 41.3339
Epoch 20: Loss:            : Train 0.0013, Val 0.0015, Test 0.0014
          R2_Score         : Train 0.9321, Val 0.9259, Test 0.9296
          RMSE             : Train 40.2881, Val 42.1987, Test 41.2858
Best:
          R2_Score         : Train 0.9313, Val 0.9267, Test 0.9295
          RMSE             : Train 40.5409, Val 41.9949, Test 41.3339
Epoch 21: Loss:            : Train 0.0013, Val 0.0014, Test 0.0014
          R2_Score         : Train 0.9325, Val 0.9263, Test 0.9295
          RMSE             : Train 40.1613, Val 42.0945, Test 41.3210
Best:
          R2_Score         : Train 0.9313, Val 0.9267, Test 0.9295
          RMSE             : Train 40.5409, Val 41.9949, Test 41.3339
Epoch 22: Loss:            : Train 0.0013, Val 0.0014, Test 0.0014
          R2_Score         : Train 0.9327, Val 0.9269, Test 0.9308
          RMSE             : Train 40.1157, Val 41.9215, Test 40.9259
Best:
          R2_Score         : Train 0.9327, Val 0.9269, Test 0.9308
          RMSE             : Train 40.1157, Val 41.9215, Test 40.9259
Epoch 23: Loss:            : Train 0.0013, Val 0.0014, Test 0.0013
          R2_Score         : Train 0.9330, Val 0.9280, Test 0.9319
          RMSE             : Train 40.0132, Val 41.6139, Test 40.6118
Best:
          R2_Score         : Train 0.9330, Val 0.9280, Test 0.9319
          RMSE             : Train 40.0132, Val 41.6139, Test 40.6118
Epoch 24: Loss:            : Train 0.0013, Val 0.0014, Test 0.0013
          R2_Score         : Train 0.9334, Val 0.9278, Test 0.9318
          RMSE             : Train 39.8895, Val 41.6628, Test 40.6300
Best:
          R2_Score         : Train 0.9330, Val 0.9280, Test 0.9319
          RMSE             : Train 40.0132, Val 41.6139, Test 40.6118
Epoch 25: Loss:            : Train 0.0013, Val 0.0014, Test 0.0013
          R2_Score         : Train 0.9337, Val 0.9291, Test 0.9322
          RMSE             : Train 39.8008, Val 41.2793, Test 40.5155
Best:
          R2_Score         : Train 0.9337, Val 0.9291, Test 0.9322
          RMSE             : Train 39.8008, Val 41.2793, Test 40.5155
Epoch 26: Loss:            : Train 0.0013, Val 0.0014, Test 0.0013
          R2_Score         : Train 0.9340, Val 0.9290, Test 0.9330
          RMSE             : Train 39.7236, Val 41.3226, Test 40.2765
Best:
          R2_Score         : Train 0.9337, Val 0.9291, Test 0.9322
          RMSE             : Train 39.8008, Val 41.2793, Test 40.5155
Epoch 27: Loss:            : Train 0.0013, Val 0.0014, Test 0.0014
          R2_Score         : Train 0.9347, Val 0.9277, Test 0.9309
          RMSE             : Train 39.5250, Val 41.6907, Test 40.9059
Best:
          R2_Score         : Train 0.9337, Val 0.9291, Test 0.9322
          RMSE             : Train 39.8008, Val 41.2793, Test 40.5155
Epoch 28: Loss:            : Train 0.0013, Val 0.0014, Test 0.0013
          R2_Score         : Train 0.9350, Val 0.9298, Test 0.9321
          RMSE             : Train 39.4200, Val 41.0752, Test 40.5492
Best:
          R2_Score         : Train 0.9350, Val 0.9298, Test 0.9321
          RMSE             : Train 39.4200, Val 41.0752, Test 40.5492
Epoch 29: Loss:            : Train 0.0013, Val 0.0014, Test 0.0014
          R2_Score         : Train 0.9353, Val 0.9270, Test 0.9308
          RMSE             : Train 39.3268, Val 41.9085, Test 40.9467
Best:
          R2_Score         : Train 0.9350, Val 0.9298, Test 0.9321
          RMSE             : Train 39.4200, Val 41.0752, Test 40.5492
Epoch 30: Loss:            : Train 0.0013, Val 0.0014, Test 0.0013
          R2_Score         : Train 0.9357, Val 0.9300, Test 0.9337
          RMSE             : Train 39.2080, Val 41.0144, Test 40.0841
Best:
          R2_Score         : Train 0.9357, Val 0.9300, Test 0.9337
          RMSE             : Train 39.2080, Val 41.0144, Test 40.0841
Epoch 31: Loss:            : Train 0.0012, Val 0.0014, Test 0.0013
          R2_Score         : Train 0.9362, Val 0.9311, Test 0.9349
          RMSE             : Train 39.0511, Val 40.7160, Test 39.7203
Best:
          R2_Score         : Train 0.9362, Val 0.9311, Test 0.9349
          RMSE             : Train 39.0511, Val 40.7160, Test 39.7203
Epoch 32: Loss:            : Train 0.0012, Val 0.0014, Test 0.0013
          R2_Score         : Train 0.9366, Val 0.9299, Test 0.9336
          RMSE             : Train 38.9266, Val 41.0480, Test 40.0888
Best:
          R2_Score         : Train 0.9362, Val 0.9311, Test 0.9349
          RMSE             : Train 39.0511, Val 40.7160, Test 39.7203
Epoch 33: Loss:            : Train 0.0012, Val 0.0014, Test 0.0014
          R2_Score         : Train 0.9371, Val 0.9287, Test 0.9312
          RMSE             : Train 38.7766, Val 41.4038, Test 40.8063
Best:
          R2_Score         : Train 0.9362, Val 0.9311, Test 0.9349
          RMSE             : Train 39.0511, Val 40.7160, Test 39.7203
Epoch 34: Loss:            : Train 0.0012, Val 0.0013, Test 0.0013
          R2_Score         : Train 0.9373, Val 0.9315, Test 0.9348
          RMSE             : Train 38.7125, Val 40.5824, Test 39.7472
Best:
          R2_Score         : Train 0.9373, Val 0.9315, Test 0.9348
          RMSE             : Train 38.7125, Val 40.5824, Test 39.7472
Epoch 35: Loss:            : Train 0.0012, Val 0.0013, Test 0.0013
          R2_Score         : Train 0.9378, Val 0.9322, Test 0.9357
          RMSE             : Train 38.5629, Val 40.3615, Test 39.4567
Best:
          R2_Score         : Train 0.9378, Val 0.9322, Test 0.9357
          RMSE             : Train 38.5629, Val 40.3615, Test 39.4567
Epoch 36: Loss:            : Train 0.0012, Val 0.0013, Test 0.0013
          R2_Score         : Train 0.9383, Val 0.9324, Test 0.9352
          RMSE             : Train 38.3968, Val 40.3200, Test 39.6217
Best:
          R2_Score         : Train 0.9383, Val 0.9324, Test 0.9352
          RMSE             : Train 38.3968, Val 40.3200, Test 39.6217
Epoch 37: Loss:            : Train 0.0012, Val 0.0013, Test 0.0013
          R2_Score         : Train 0.9384, Val 0.9318, Test 0.9352
          RMSE             : Train 38.3708, Val 40.4906, Test 39.6185
Best:
          R2_Score         : Train 0.9383, Val 0.9324, Test 0.9352
          RMSE             : Train 38.3968, Val 40.3200, Test 39.6217
Epoch 38: Loss:            : Train 0.0012, Val 0.0013, Test 0.0013
          R2_Score         : Train 0.9391, Val 0.9323, Test 0.9361
          RMSE             : Train 38.1594, Val 40.3481, Test 39.3364
Best:
          R2_Score         : Train 0.9383, Val 0.9324, Test 0.9352
          RMSE             : Train 38.3968, Val 40.3200, Test 39.6217
Epoch 39: Loss:            : Train 0.0012, Val 0.0013, Test 0.0012
          R2_Score         : Train 0.9392, Val 0.9340, Test 0.9370
          RMSE             : Train 38.1291, Val 39.8344, Test 39.0627
Best:
          R2_Score         : Train 0.9392, Val 0.9340, Test 0.9370
          RMSE             : Train 38.1291, Val 39.8344, Test 39.0627
Epoch 40: Loss:            : Train 0.0012, Val 0.0013, Test 0.0012
          R2_Score         : Train 0.9394, Val 0.9337, Test 0.9367
          RMSE             : Train 38.0705, Val 39.9215, Test 39.1677
Best:
          R2_Score         : Train 0.9392, Val 0.9340, Test 0.9370
          RMSE             : Train 38.1291, Val 39.8344, Test 39.0627
Epoch 41: Loss:            : Train 0.0012, Val 0.0013, Test 0.0012
          R2_Score         : Train 0.9399, Val 0.9339, Test 0.9372
          RMSE             : Train 37.8892, Val 39.8540, Test 38.9877
Best:
          R2_Score         : Train 0.9392, Val 0.9340, Test 0.9370
          RMSE             : Train 38.1291, Val 39.8344, Test 39.0627
Epoch 42: Loss:            : Train 0.0012, Val 0.0013, Test 0.0012
          R2_Score         : Train 0.9402, Val 0.9349, Test 0.9373
          RMSE             : Train 37.8187, Val 39.5784, Test 38.9579
Best:
          R2_Score         : Train 0.9402, Val 0.9349, Test 0.9373
          RMSE             : Train 37.8187, Val 39.5784, Test 38.9579
Epoch 43: Loss:            : Train 0.0012, Val 0.0013, Test 0.0012
          R2_Score         : Train 0.9404, Val 0.9334, Test 0.9367
          RMSE             : Train 37.7476, Val 40.0272, Test 39.1545
Best:
          R2_Score         : Train 0.9402, Val 0.9349, Test 0.9373
          RMSE             : Train 37.8187, Val 39.5784, Test 38.9579
Epoch 44: Loss:            : Train 0.0012, Val 0.0013, Test 0.0012
          R2_Score         : Train 0.9406, Val 0.9353, Test 0.9375
          RMSE             : Train 37.6738, Val 39.4545, Test 38.9006
Best:
          R2_Score         : Train 0.9406, Val 0.9353, Test 0.9375
          RMSE             : Train 37.6738, Val 39.4545, Test 38.9006
Epoch 45: Loss:            : Train 0.0011, Val 0.0013, Test 0.0012
          R2_Score         : Train 0.9411, Val 0.9354, Test 0.9386
          RMSE             : Train 37.5289, Val 39.3991, Test 38.5713
Best:
          R2_Score         : Train 0.9411, Val 0.9354, Test 0.9386
          RMSE             : Train 37.5289, Val 39.3991, Test 38.5713
Epoch 46: Loss:            : Train 0.0011, Val 0.0012, Test 0.0012
          R2_Score         : Train 0.9412, Val 0.9363, Test 0.9384
          RMSE             : Train 37.4832, Val 39.1422, Test 38.6178
Best:
          R2_Score         : Train 0.9412, Val 0.9363, Test 0.9384
          RMSE             : Train 37.4832, Val 39.1422, Test 38.6178
Epoch 47: Loss:            : Train 0.0011, Val 0.0013, Test 0.0012
          R2_Score         : Train 0.9414, Val 0.9354, Test 0.9384
          RMSE             : Train 37.4421, Val 39.4250, Test 38.6152
Best:
          R2_Score         : Train 0.9412, Val 0.9363, Test 0.9384
          RMSE             : Train 37.4832, Val 39.1422, Test 38.6178
Epoch 48: Loss:            : Train 0.0011, Val 0.0013, Test 0.0012
          R2_Score         : Train 0.9418, Val 0.9356, Test 0.9381
          RMSE             : Train 37.2943, Val 39.3567, Test 38.7183
Best:
          R2_Score         : Train 0.9412, Val 0.9363, Test 0.9384
          RMSE             : Train 37.4832, Val 39.1422, Test 38.6178
Epoch 49: Loss:            : Train 0.0011, Val 0.0012, Test 0.0012
          R2_Score         : Train 0.9419, Val 0.9364, Test 0.9385
          RMSE             : Train 37.2540, Val 39.1089, Test 38.5858
Best:
          R2_Score         : Train 0.9419, Val 0.9364, Test 0.9385
          RMSE             : Train 37.2540, Val 39.1089, Test 38.5858
Epoch 50: Loss:            : Train 0.0011, Val 0.0013, Test 0.0012
          R2_Score         : Train 0.9423, Val 0.9353, Test 0.9391
          RMSE             : Train 37.1395, Val 39.4284, Test 38.4138
Best:
          R2_Score         : Train 0.9419, Val 0.9364, Test 0.9385
          RMSE             : Train 37.2540, Val 39.1089, Test 38.5858
Epoch 51: Loss:            : Train 0.0011, Val 0.0013, Test 0.0012
          R2_Score         : Train 0.9425, Val 0.9361, Test 0.9383
          RMSE             : Train 37.0765, Val 39.2125, Test 38.6589
Best:
          R2_Score         : Train 0.9419, Val 0.9364, Test 0.9385
          RMSE             : Train 37.2540, Val 39.1089, Test 38.5858
Epoch 52: Loss:            : Train 0.0011, Val 0.0013, Test 0.0012
          R2_Score         : Train 0.9426, Val 0.9342, Test 0.9375
          RMSE             : Train 37.0296, Val 39.7724, Test 38.9067
Best:
          R2_Score         : Train 0.9419, Val 0.9364, Test 0.9385
          RMSE             : Train 37.2540, Val 39.1089, Test 38.5858
Epoch 53: Loss:            : Train 0.0011, Val 0.0013, Test 0.0012
          R2_Score         : Train 0.9426, Val 0.9360, Test 0.9387
          RMSE             : Train 37.0412, Val 39.2219, Test 38.5286
Best:
          R2_Score         : Train 0.9419, Val 0.9364, Test 0.9385
          RMSE             : Train 37.2540, Val 39.1089, Test 38.5858
Epoch 54: Loss:            : Train 0.0011, Val 0.0012, Test 0.0012
          R2_Score         : Train 0.9430, Val 0.9363, Test 0.9393
          RMSE             : Train 36.9233, Val 39.1349, Test 38.3534
Best:
          R2_Score         : Train 0.9419, Val 0.9364, Test 0.9385
          RMSE             : Train 37.2540, Val 39.1089, Test 38.5858
Epoch 55: Loss:            : Train 0.0011, Val 0.0012, Test 0.0012
          R2_Score         : Train 0.9432, Val 0.9370, Test 0.9402
          RMSE             : Train 36.8404, Val 38.9246, Test 38.0466
Best:
          R2_Score         : Train 0.9432, Val 0.9370, Test 0.9402
          RMSE             : Train 36.8404, Val 38.9246, Test 38.0466
Epoch 56: Loss:            : Train 0.0011, Val 0.0012, Test 0.0012
          R2_Score         : Train 0.9434, Val 0.9369, Test 0.9389
          RMSE             : Train 36.7959, Val 38.9507, Test 38.4583
Best:
          R2_Score         : Train 0.9432, Val 0.9370, Test 0.9402
          RMSE             : Train 36.8404, Val 38.9246, Test 38.0466
Epoch 57: Loss:            : Train 0.0011, Val 0.0012, Test 0.0012
          R2_Score         : Train 0.9433, Val 0.9368, Test 0.9394
          RMSE             : Train 36.8114, Val 38.9875, Test 38.3120
Best:
          R2_Score         : Train 0.9432, Val 0.9370, Test 0.9402
          RMSE             : Train 36.8404, Val 38.9246, Test 38.0466
Epoch 58: Loss:            : Train 0.0011, Val 0.0012, Test 0.0012
          R2_Score         : Train 0.9434, Val 0.9366, Test 0.9392
          RMSE             : Train 36.7880, Val 39.0411, Test 38.3615
Best:
          R2_Score         : Train 0.9432, Val 0.9370, Test 0.9402
          RMSE             : Train 36.8404, Val 38.9246, Test 38.0466
Epoch 59: Loss:            : Train 0.0011, Val 0.0012, Test 0.0012
          R2_Score         : Train 0.9437, Val 0.9375, Test 0.9405
          RMSE             : Train 36.6986, Val 38.7642, Test 37.9639
Best:
          R2_Score         : Train 0.9437, Val 0.9375, Test 0.9405
          RMSE             : Train 36.6986, Val 38.7642, Test 37.9639
Epoch 60: Loss:            : Train 0.0011, Val 0.0012, Test 0.0012
          R2_Score         : Train 0.9438, Val 0.9378, Test 0.9400
          RMSE             : Train 36.6578, Val 38.6872, Test 38.1181
Best:
          R2_Score         : Train 0.9438, Val 0.9378, Test 0.9400
          RMSE             : Train 36.6578, Val 38.6872, Test 38.1181
Epoch 61: Loss:            : Train 0.0011, Val 0.0012, Test 0.0012
          R2_Score         : Train 0.9442, Val 0.9364, Test 0.9397
          RMSE             : Train 36.5292, Val 39.0947, Test 38.2118
Best:
          R2_Score         : Train 0.9438, Val 0.9378, Test 0.9400
          RMSE             : Train 36.6578, Val 38.6872, Test 38.1181
Epoch 62: Loss:            : Train 0.0011, Val 0.0012, Test 0.0012
          R2_Score         : Train 0.9442, Val 0.9373, Test 0.9392
          RMSE             : Train 36.5149, Val 38.8291, Test 38.3623
Best:
          R2_Score         : Train 0.9438, Val 0.9378, Test 0.9400
          RMSE             : Train 36.6578, Val 38.6872, Test 38.1181
Epoch 63: Loss:            : Train 0.0011, Val 0.0012, Test 0.0012
          R2_Score         : Train 0.9444, Val 0.9381, Test 0.9408
          RMSE             : Train 36.4719, Val 38.5650, Test 37.8726
Best:
          R2_Score         : Train 0.9444, Val 0.9381, Test 0.9408
          RMSE             : Train 36.4719, Val 38.5650, Test 37.8726
Epoch 64: Loss:            : Train 0.0011, Val 0.0012, Test 0.0012
          R2_Score         : Train 0.9448, Val 0.9373, Test 0.9394
          RMSE             : Train 36.3298, Val 38.8182, Test 38.3052
Best:
          R2_Score         : Train 0.9444, Val 0.9381, Test 0.9408
          RMSE             : Train 36.4719, Val 38.5650, Test 37.8726
Epoch 65: Loss:            : Train 0.0011, Val 0.0012, Test 0.0012
          R2_Score         : Train 0.9446, Val 0.9369, Test 0.9397
          RMSE             : Train 36.3933, Val 38.9618, Test 38.2011
Best:
          R2_Score         : Train 0.9444, Val 0.9381, Test 0.9408
          RMSE             : Train 36.4719, Val 38.5650, Test 37.8726
Epoch 66: Loss:            : Train 0.0011, Val 0.0012, Test 0.0012
          R2_Score         : Train 0.9452, Val 0.9372, Test 0.9395
          RMSE             : Train 36.2031, Val 38.8578, Test 38.2639
Best:
          R2_Score         : Train 0.9444, Val 0.9381, Test 0.9408
          RMSE             : Train 36.4719, Val 38.5650, Test 37.8726
Epoch 67: Loss:            : Train 0.0011, Val 0.0012, Test 0.0012
          R2_Score         : Train 0.9450, Val 0.9363, Test 0.9392
          RMSE             : Train 36.2661, Val 39.1342, Test 38.3765
Best:
          R2_Score         : Train 0.9444, Val 0.9381, Test 0.9408
          RMSE             : Train 36.4719, Val 38.5650, Test 37.8726
Epoch 68: Loss:            : Train 0.0011, Val 0.0012, Test 0.0012
          R2_Score         : Train 0.9452, Val 0.9369, Test 0.9403
          RMSE             : Train 36.1804, Val 38.9583, Test 38.0213
Best:
          R2_Score         : Train 0.9444, Val 0.9381, Test 0.9408
          RMSE             : Train 36.4719, Val 38.5650, Test 37.8726
Epoch 69: Loss:            : Train 0.0011, Val 0.0012, Test 0.0012
          R2_Score         : Train 0.9451, Val 0.9386, Test 0.9404
          RMSE             : Train 36.2126, Val 38.4164, Test 37.9989
Best:
          R2_Score         : Train 0.9451, Val 0.9386, Test 0.9404
          RMSE             : Train 36.2126, Val 38.4164, Test 37.9989
Epoch 70: Loss:            : Train 0.0011, Val 0.0012, Test 0.0012
          R2_Score         : Train 0.9453, Val 0.9391, Test 0.9406
          RMSE             : Train 36.1674, Val 38.2606, Test 37.9425
Best:
          R2_Score         : Train 0.9453, Val 0.9391, Test 0.9406
          RMSE             : Train 36.1674, Val 38.2606, Test 37.9425
Epoch 71: Loss:            : Train 0.0011, Val 0.0012, Test 0.0012
          R2_Score         : Train 0.9454, Val 0.9381, Test 0.9410
          RMSE             : Train 36.1268, Val 38.5761, Test 37.8048
Best:
          R2_Score         : Train 0.9453, Val 0.9391, Test 0.9406
          RMSE             : Train 36.1674, Val 38.2606, Test 37.9425
Epoch 72: Loss:            : Train 0.0011, Val 0.0012, Test 0.0012
          R2_Score         : Train 0.9457, Val 0.9375, Test 0.9400
          RMSE             : Train 36.0238, Val 38.7764, Test 38.1048
Best:
          R2_Score         : Train 0.9453, Val 0.9391, Test 0.9406
          RMSE             : Train 36.1674, Val 38.2606, Test 37.9425
Epoch 73: Loss:            : Train 0.0011, Val 0.0012, Test 0.0012
          R2_Score         : Train 0.9459, Val 0.9388, Test 0.9407
          RMSE             : Train 35.9579, Val 38.3680, Test 37.8891
Best:
          R2_Score         : Train 0.9453, Val 0.9391, Test 0.9406
          RMSE             : Train 36.1674, Val 38.2606, Test 37.9425
Epoch 74: Loss:            : Train 0.0011, Val 0.0012, Test 0.0012
          R2_Score         : Train 0.9458, Val 0.9390, Test 0.9415
          RMSE             : Train 35.9866, Val 38.3069, Test 37.6334
Best:
          R2_Score         : Train 0.9453, Val 0.9391, Test 0.9406
          RMSE             : Train 36.1674, Val 38.2606, Test 37.9425
Epoch 75: Loss:            : Train 0.0011, Val 0.0012, Test 0.0012
          R2_Score         : Train 0.9459, Val 0.9384, Test 0.9407
          RMSE             : Train 35.9691, Val 38.4900, Test 37.8914
Best:
          R2_Score         : Train 0.9453, Val 0.9391, Test 0.9406
          RMSE             : Train 36.1674, Val 38.2606, Test 37.9425
Epoch 76: Loss:            : Train 0.0010, Val 0.0012, Test 0.0012
          R2_Score         : Train 0.9461, Val 0.9384, Test 0.9403
          RMSE             : Train 35.8880, Val 38.4718, Test 38.0311
Best:
          R2_Score         : Train 0.9453, Val 0.9391, Test 0.9406
          RMSE             : Train 36.1674, Val 38.2606, Test 37.9425
Epoch 77: Loss:            : Train 0.0010, Val 0.0012, Test 0.0012
          R2_Score         : Train 0.9462, Val 0.9388, Test 0.9408
          RMSE             : Train 35.8515, Val 38.3660, Test 37.8614
Best:
          R2_Score         : Train 0.9453, Val 0.9391, Test 0.9406
          RMSE             : Train 36.1674, Val 38.2606, Test 37.9425
Epoch 78: Loss:            : Train 0.0010, Val 0.0012, Test 0.0012
          R2_Score         : Train 0.9464, Val 0.9385, Test 0.9415
          RMSE             : Train 35.7954, Val 38.4405, Test 37.6291
Best:
          R2_Score         : Train 0.9453, Val 0.9391, Test 0.9406
          RMSE             : Train 36.1674, Val 38.2606, Test 37.9425
Epoch 79: Loss:            : Train 0.0010, Val 0.0012, Test 0.0012
          R2_Score         : Train 0.9462, Val 0.9375, Test 0.9397
          RMSE             : Train 35.8603, Val 38.7620, Test 38.2083
Best:
          R2_Score         : Train 0.9453, Val 0.9391, Test 0.9406
          RMSE             : Train 36.1674, Val 38.2606, Test 37.9425
Epoch 80: Loss:            : Train 0.0010, Val 0.0012, Test 0.0012
          R2_Score         : Train 0.9466, Val 0.9388, Test 0.9416
          RMSE             : Train 35.7189, Val 38.3570, Test 37.6015
Best:
          R2_Score         : Train 0.9453, Val 0.9391, Test 0.9406
          RMSE             : Train 36.1674, Val 38.2606, Test 37.9425
Epoch 81: Loss:            : Train 0.0010, Val 0.0012, Test 0.0012
          R2_Score         : Train 0.9466, Val 0.9395, Test 0.9417
          RMSE             : Train 35.7406, Val 38.1299, Test 37.5795
Best:
          R2_Score         : Train 0.9466, Val 0.9395, Test 0.9417
          RMSE             : Train 35.7406, Val 38.1299, Test 37.5795
Epoch 82: Loss:            : Train 0.0010, Val 0.0012, Test 0.0011
          R2_Score         : Train 0.9468, Val 0.9409, Test 0.9425
          RMSE             : Train 35.6752, Val 37.7051, Test 37.3090
Best:
          R2_Score         : Train 0.9468, Val 0.9409, Test 0.9425
          RMSE             : Train 35.6752, Val 37.7051, Test 37.3090
Epoch 83: Loss:            : Train 0.0010, Val 0.0012, Test 0.0011
          R2_Score         : Train 0.9468, Val 0.9402, Test 0.9423
          RMSE             : Train 35.6614, Val 37.9338, Test 37.3827
Best:
          R2_Score         : Train 0.9468, Val 0.9409, Test 0.9425
          RMSE             : Train 35.6752, Val 37.7051, Test 37.3090
Epoch 84: Loss:            : Train 0.0010, Val 0.0012, Test 0.0011
          R2_Score         : Train 0.9469, Val 0.9395, Test 0.9420
          RMSE             : Train 35.6455, Val 38.1429, Test 37.4750
Best:
          R2_Score         : Train 0.9468, Val 0.9409, Test 0.9425
          RMSE             : Train 35.6752, Val 37.7051, Test 37.3090
Epoch 85: Loss:            : Train 0.0010, Val 0.0012, Test 0.0012
          R2_Score         : Train 0.9470, Val 0.9384, Test 0.9416
          RMSE             : Train 35.5941, Val 38.4707, Test 37.6220
Best:
          R2_Score         : Train 0.9468, Val 0.9409, Test 0.9425
          RMSE             : Train 35.6752, Val 37.7051, Test 37.3090
Epoch 86: Loss:            : Train 0.0010, Val 0.0012, Test 0.0012
          R2_Score         : Train 0.9471, Val 0.9390, Test 0.9407
          RMSE             : Train 35.5523, Val 38.2834, Test 37.8855
Best:
          R2_Score         : Train 0.9468, Val 0.9409, Test 0.9425
          RMSE             : Train 35.6752, Val 37.7051, Test 37.3090
Epoch 87: Loss:            : Train 0.0010, Val 0.0012, Test 0.0012
          R2_Score         : Train 0.9473, Val 0.9391, Test 0.9399
          RMSE             : Train 35.4969, Val 38.2728, Test 38.1455
Best:
          R2_Score         : Train 0.9468, Val 0.9409, Test 0.9425
          RMSE             : Train 35.6752, Val 37.7051, Test 37.3090
Epoch 88: Loss:            : Train 0.0010, Val 0.0012, Test 0.0011
          R2_Score         : Train 0.9475, Val 0.9396, Test 0.9418
          RMSE             : Train 35.4370, Val 38.1081, Test 37.5545
Best:
          R2_Score         : Train 0.9468, Val 0.9409, Test 0.9425
          RMSE             : Train 35.6752, Val 37.7051, Test 37.3090
Epoch 89: Loss:            : Train 0.0010, Val 0.0012, Test 0.0011
          R2_Score         : Train 0.9476, Val 0.9398, Test 0.9422
          RMSE             : Train 35.4008, Val 38.0534, Test 37.4191
Best:
          R2_Score         : Train 0.9468, Val 0.9409, Test 0.9425
          RMSE             : Train 35.6752, Val 37.7051, Test 37.3090
Epoch 90: Loss:            : Train 0.0010, Val 0.0012, Test 0.0012
          R2_Score         : Train 0.9474, Val 0.9384, Test 0.9413
          RMSE             : Train 35.4684, Val 38.4714, Test 37.7184
Best:
          R2_Score         : Train 0.9468, Val 0.9409, Test 0.9425
          RMSE             : Train 35.6752, Val 37.7051, Test 37.3090
Epoch 91: Loss:            : Train 0.0010, Val 0.0012, Test 0.0012
          R2_Score         : Train 0.9476, Val 0.9405, Test 0.9415
          RMSE             : Train 35.3839, Val 37.8079, Test 37.6281
Best:
          R2_Score         : Train 0.9468, Val 0.9409, Test 0.9425
          RMSE             : Train 35.6752, Val 37.7051, Test 37.3090
Epoch 92: Loss:            : Train 0.0010, Val 0.0012, Test 0.0011
          R2_Score         : Train 0.9475, Val 0.9381, Test 0.9417
          RMSE             : Train 35.4209, Val 38.5928, Test 37.5737
Best:
          R2_Score         : Train 0.9468, Val 0.9409, Test 0.9425
          RMSE             : Train 35.6752, Val 37.7051, Test 37.3090
Epoch 93: Loss:            : Train 0.0010, Val 0.0012, Test 0.0011
          R2_Score         : Train 0.9478, Val 0.9391, Test 0.9417
          RMSE             : Train 35.3168, Val 38.2609, Test 37.5728
Best:
          R2_Score         : Train 0.9468, Val 0.9409, Test 0.9425
          RMSE             : Train 35.6752, Val 37.7051, Test 37.3090
Epoch 94: Loss:            : Train 0.0010, Val 0.0012, Test 0.0011
          R2_Score         : Train 0.9478, Val 0.9411, Test 0.9428
          RMSE             : Train 35.3337, Val 37.6405, Test 37.2201
Best:
          R2_Score         : Train 0.9478, Val 0.9411, Test 0.9428
          RMSE             : Train 35.3337, Val 37.6405, Test 37.2201
Epoch 95: Loss:            : Train 0.0010, Val 0.0012, Test 0.0011
          R2_Score         : Train 0.9480, Val 0.9408, Test 0.9433
          RMSE             : Train 35.2554, Val 37.7127, Test 37.0651
Best:
          R2_Score         : Train 0.9478, Val 0.9411, Test 0.9428
          RMSE             : Train 35.3337, Val 37.6405, Test 37.2201
Epoch 96: Loss:            : Train 0.0010, Val 0.0012, Test 0.0011
          R2_Score         : Train 0.9482, Val 0.9404, Test 0.9432
          RMSE             : Train 35.2014, Val 37.8461, Test 37.0883
Best:
          R2_Score         : Train 0.9478, Val 0.9411, Test 0.9428
          RMSE             : Train 35.3337, Val 37.6405, Test 37.2201
Epoch 97: Loss:            : Train 0.0010, Val 0.0012, Test 0.0012
          R2_Score         : Train 0.9483, Val 0.9385, Test 0.9403
          RMSE             : Train 35.1705, Val 38.4696, Test 38.0261
Best:
          R2_Score         : Train 0.9478, Val 0.9411, Test 0.9428
          RMSE             : Train 35.3337, Val 37.6405, Test 37.2201
Epoch 98: Loss:            : Train 0.0010, Val 0.0012, Test 0.0011
          R2_Score         : Train 0.9482, Val 0.9408, Test 0.9427
          RMSE             : Train 35.1898, Val 37.7434, Test 37.2440
Best:
          R2_Score         : Train 0.9478, Val 0.9411, Test 0.9428
          RMSE             : Train 35.3337, Val 37.6405, Test 37.2201
Epoch 99: Loss:            : Train 0.0010, Val 0.0012, Test 0.0011
          R2_Score         : Train 0.9482, Val 0.9405, Test 0.9428
          RMSE             : Train 35.1825, Val 37.8283, Test 37.2069
Best:
          R2_Score         : Train 0.9478, Val 0.9411, Test 0.9428
          RMSE             : Train 35.3337, Val 37.6405, Test 37.2201
Epoch 100: Loss:            : Train 0.0010, Val 0.0012, Test 0.0011
          R2_Score         : Train 0.9483, Val 0.9397, Test 0.9423
          RMSE             : Train 35.1459, Val 38.0847, Test 37.3904
Best:
          R2_Score         : Train 0.9478, Val 0.9411, Test 0.9428
          RMSE             : Train 35.3337, Val 37.6405, Test 37.2201
Training time (sec): 1538
