Loading house from data/hdb/hdb_clean.csv
Loading airbnb from data/hdb/school_clean.csv
Current hdb columns Index(['floor_area_sqm', 'lease_commence_year_before_2020', 'tn_BEDOK',
       'tn_BISHAN', 'tn_BUKIT BATOK', 'tn_BUKIT MERAH', 'tn_BUKIT PANJANG',
       'tn_BUKIT TIMAH', 'tn_CENTRAL AREA', 'tn_CHOA CHU KANG', 'tn_CLEMENTI',
       'tn_GEYLANG', 'tn_HOUGANG', 'tn_JURONG EAST', 'tn_JURONG WEST',
       'tn_KALLANG/WHAMPOA', 'tn_MARINE PARADE', 'tn_PASIR RIS', 'tn_PUNGGOL',
       'tn_QUEENSTOWN', 'tn_SEMBAWANG', 'tn_SENGKANG', 'tn_SERANGOON',
       'tn_TAMPINES', 'tn_TOA PAYOH', 'tn_WOODLANDS', 'tn_YISHUN', 'ft_2 ROOM',
       'ft_3 ROOM', 'ft_4 ROOM', 'ft_5 ROOM', 'ft_EXECUTIVE',
       'ft_MULTI-GENERATION', 'sr_04 TO 06', 'sr_07 TO 09', 'sr_10 TO 12',
       'sr_13 TO 15', 'sr_16 TO 18', 'sr_19 TO 21', 'sr_22 TO 24',
       'sr_25 TO 27', 'sr_28 TO 30', 'sr_31 TO 33', 'sr_34 TO 36',
       'sr_37 TO 39', 'sr_40 TO 42', 'sr_43 TO 45', 'sr_46 TO 48',
       'sr_49 TO 51', 'fm_Adjoined flat', 'fm_Apartment', 'fm_DBSS',
       'fm_Improved', 'fm_Improved-Maisonette', 'fm_Maisonette', 'fm_Model A',
       'fm_Model A-Maisonette', 'fm_Model A2', 'fm_Multi Generation',
       'fm_New Generation', 'fm_Premium Apartment',
       'fm_Premium Apartment Loft', 'fm_Premium Maisonette', 'fm_Simplified',
       'fm_Standard', 'fm_Terrace', 'fm_Type S1', 'fm_Type S2', 'lon', 'lat'],
      dtype='object')
Current airbnb columns Index(['lon', 'lat', 'n_places_0', 'vacancy_rate_0', 'n_places_1',
       'vacancy_rate_1', 'n_places_2', 'vacancy_rate_2', 'n_places_3',
       'vacancy_rate_3'],
      dtype='object')
Loading data from cache
Done
Calculating noise scale
Standard variance of sim_score: 670924.21
Adding noise of scale 0.005946265250663799 to sim_scores
Adding noise of scale 0.005946265250663799 to sim_scores
Adding noise of scale 0.005946265250663799 to sim_scores
Generating top1 dataset
Generating top1 dataset
Generating top1 dataset
Preparing time (sec): 8
Loading data
Prepare for training
Start training
================================================================================
                                    Kernel Shape Output Shape  Params  \
Layer                                                                   
0_local_models.0.fc_layers.Linear_0    [68, 200]  [4096, 200]   13800   
1_local_models.0.fc_layers.Linear_1   [200, 100]  [4096, 100]   20100   
2_local_models.1.fc_layers.Linear_0     [8, 200]  [4096, 200]    1800   
3_local_models.1.fc_layers.Linear_1   [200, 100]  [4096, 100]   20100   
4_agg_model.fc_layers.Linear_0        [200, 100]  [4096, 100]   20100   
5_agg_model.fc_layers.Linear_1          [100, 1]    [4096, 1]     101   

                                     Mult-Adds  
Layer                                           
0_local_models.0.fc_layers.Linear_0      13600  
1_local_models.0.fc_layers.Linear_1      20000  
2_local_models.1.fc_layers.Linear_0       1600  
3_local_models.1.fc_layers.Linear_1      20000  
4_agg_model.fc_layers.Linear_0           20000  
5_agg_model.fc_layers.Linear_1             100  
--------------------------------------------------------------------------------
                      Totals
Total params           76001
Trainable params       76001
Non-trainable params       0
Mult-Adds              75300
================================================================================
n_classes=2
task=regression
model_name=hdb_top1sim_2022-02-02-06-00-23
sche_threshold=0.0001
sche_patience=10
sche_factor=0.1
use_scheduler=False
num_workers=0
device=cuda:6
test_batch_size=4096
train_batch_size=4096
learning_rate=0.01
weight_decay=1e-05
num_epochs=200
model_save_path=ckp/hdb_top1sim_2022-02-02-06-00-23.pth
test_rate=0.2
val_rate=0.1
multiprocess_context=None
metrics=['r2_score', 'rmse']
metrics_f=[<metric.r2_score.R2Score object at 0x7fa6f14748e0>, <metric.rmse.RMSE object at 0x7fa6f1474880>]
hidden_sizes=[200, 100]
model=SplitNN(
  (agg_model): MLP(
    (fc_layers): ModuleList(
      (0): Linear(in_features=200, out_features=100, bias=True)
      (1): Linear(in_features=100, out_features=1, bias=True)
    )
  )
  (local_models): ModuleList(
    (0): MLP(
      (fc_layers): ModuleList(
        (0): Linear(in_features=68, out_features=200, bias=True)
        (1): Linear(in_features=200, out_features=100, bias=True)
      )
    )
    (1): MLP(
      (fc_layers): ModuleList(
        (0): Linear(in_features=8, out_features=200, bias=True)
        (1): Linear(in_features=200, out_features=100, bias=True)
      )
    )
  )
)
writer=<torch.utils.tensorboard.writer.SummaryWriter object at 0x7fa6f1474f10>
dataset_type=real
drop_key=True
num_common_features=2
tree_radius=0.01
tree_leaf_size=1000
knn_k=20
grid_min=-10.0
grid_max=10.0
grid_width=1.5
sim_scaler=StandardScaler()
filter_top_k=None
link_n_jobs=-1
psig_p=7
sim_leak_p=0.0001
link_threshold_t=0.01
link_epsilon=0.005
n_hash_lsh=20
edit_distance_threshold=1
n_hash_func=10
collision_rate=0.05
qgram_q=2
link_delta=0.005
feature_wise_sim=False
blocking_method=knn_priv_float
center_threshold=0.5
n_clusters=100
local_hidden_sizes=[[200], [200]]
cut_dims=[100, 100]
agg_hidden_sizes=[100]
scale_analysis=<utils.privacy.SimNoiseScale object at 0x7fa6f1419580>
data1_shape=(92065, 70)
data2_shape=(165, 10)
Epoch 1: Loss:            : Train 0.0000, Val 0.0194, Test 0.0193
          R2_Score         : Train -0.9199, Val 0.0664, Test 0.0481
          RMSE             : Train 214.2409, Val 149.8267, Test 151.8338
Best:
          R2_Score         : Train -0.9199, Val 0.0664, Test 0.0481
          RMSE             : Train 214.2409, Val 149.8267, Test 151.8338
Epoch 2: Loss:            : Train 0.0000, Val 0.0065, Test 0.0067
          R2_Score         : Train 0.4839, Val 0.6713, Test 0.6629
          RMSE             : Train 111.0745, Val 88.8983, Test 90.3613
Best:
          R2_Score         : Train 0.4839, Val 0.6713, Test 0.6629
          RMSE             : Train 111.0745, Val 88.8983, Test 90.3613
Epoch 3: Loss:            : Train 0.0000, Val 0.0029, Test 0.0028
          R2_Score         : Train 0.7975, Val 0.8513, Test 0.8565
          RMSE             : Train 69.5758, Val 59.7887, Test 58.9489
Best:
          R2_Score         : Train 0.7975, Val 0.8513, Test 0.8565
          RMSE             : Train 69.5758, Val 59.7887, Test 58.9489
Epoch 4: Loss:            : Train 0.0000, Val 0.0021, Test 0.0019
          R2_Score         : Train 0.8821, Val 0.8988, Test 0.9037
          RMSE             : Train 53.0932, Val 49.3223, Test 48.2839
Best:
          R2_Score         : Train 0.8821, Val 0.8988, Test 0.9037
          RMSE             : Train 53.0932, Val 49.3223, Test 48.2839
Epoch 5: Loss:            : Train 0.0000, Val 0.0017, Test 0.0016
          R2_Score         : Train 0.9102, Val 0.9143, Test 0.9186
          RMSE             : Train 46.3436, Val 45.3854, Test 44.3950
Best:
          R2_Score         : Train 0.9102, Val 0.9143, Test 0.9186
          RMSE             : Train 46.3436, Val 45.3854, Test 44.3950
Epoch 6: Loss:            : Train 0.0000, Val 0.0018, Test 0.0017
          R2_Score         : Train 0.9144, Val 0.9134, Test 0.9184
          RMSE             : Train 45.2380, Val 45.6363, Test 44.4435
Best:
          R2_Score         : Train 0.9102, Val 0.9143, Test 0.9186
          RMSE             : Train 46.3436, Val 45.3854, Test 44.3950
Epoch 7: Loss:            : Train 0.0000, Val 0.0018, Test 0.0018
          R2_Score         : Train 0.9183, Val 0.9030, Test 0.9053
          RMSE             : Train 44.2026, Val 48.2967, Test 47.8954
Best:
          R2_Score         : Train 0.9102, Val 0.9143, Test 0.9186
          RMSE             : Train 46.3436, Val 45.3854, Test 44.3950
Epoch 8: Loss:            : Train 0.0000, Val 0.0020, Test 0.0021
          R2_Score         : Train 0.9157, Val 0.8870, Test 0.8898
          RMSE             : Train 44.8949, Val 52.1192, Test 51.6528
Best:
          R2_Score         : Train 0.9102, Val 0.9143, Test 0.9186
          RMSE             : Train 46.3436, Val 45.3854, Test 44.3950
Epoch 9: Loss:            : Train 0.0000, Val 0.0019, Test 0.0019
          R2_Score         : Train 0.9191, Val 0.8974, Test 0.9010
          RMSE             : Train 43.9829, Val 49.6576, Test 48.9652
Best:
          R2_Score         : Train 0.9102, Val 0.9143, Test 0.9186
          RMSE             : Train 46.3436, Val 45.3854, Test 44.3950
Epoch 10: Loss:            : Train 0.0000, Val 0.0017, Test 0.0017
          R2_Score         : Train 0.9218, Val 0.9089, Test 0.9109
          RMSE             : Train 43.2270, Val 46.7985, Test 46.4515
Best:
          R2_Score         : Train 0.9102, Val 0.9143, Test 0.9186
          RMSE             : Train 46.3436, Val 45.3854, Test 44.3950
Epoch 11: Loss:            : Train 0.0000, Val 0.0015, Test 0.0015
          R2_Score         : Train 0.9250, Val 0.9222, Test 0.9251
          RMSE             : Train 42.3375, Val 43.2393, Test 42.5822
Best:
          R2_Score         : Train 0.9250, Val 0.9222, Test 0.9251
          RMSE             : Train 42.3375, Val 43.2393, Test 42.5822
Epoch 12: Loss:            : Train 0.0000, Val 0.0015, Test 0.0013
          R2_Score         : Train 0.9302, Val 0.9276, Test 0.9349
          RMSE             : Train 40.8417, Val 41.7314, Test 39.7188
Best:
          R2_Score         : Train 0.9302, Val 0.9276, Test 0.9349
          RMSE             : Train 40.8417, Val 41.7314, Test 39.7188
Epoch 13: Loss:            : Train 0.0000, Val 0.0013, Test 0.0013
          R2_Score         : Train 0.9335, Val 0.9345, Test 0.9370
          RMSE             : Train 39.8825, Val 39.6747, Test 39.0644
Best:
          R2_Score         : Train 0.9335, Val 0.9345, Test 0.9370
          RMSE             : Train 39.8825, Val 39.6747, Test 39.0644
Epoch 14: Loss:            : Train 0.0000, Val 0.0012, Test 0.0012
          R2_Score         : Train 0.9384, Val 0.9364, Test 0.9404
          RMSE             : Train 38.3827, Val 39.1163, Test 38.0070
Best:
          R2_Score         : Train 0.9384, Val 0.9364, Test 0.9404
          RMSE             : Train 38.3827, Val 39.1163, Test 38.0070
Epoch 15: Loss:            : Train 0.0000, Val 0.0013, Test 0.0012
          R2_Score         : Train 0.9406, Val 0.9346, Test 0.9369
          RMSE             : Train 37.6976, Val 39.6451, Test 39.1061
Best:
          R2_Score         : Train 0.9384, Val 0.9364, Test 0.9404
          RMSE             : Train 38.3827, Val 39.1163, Test 38.0070
Epoch 16: Loss:            : Train 0.0000, Val 0.0012, Test 0.0012
          R2_Score         : Train 0.9395, Val 0.9381, Test 0.9404
          RMSE             : Train 38.0169, Val 38.5755, Test 37.9949
Best:
          R2_Score         : Train 0.9395, Val 0.9381, Test 0.9404
          RMSE             : Train 38.0169, Val 38.5755, Test 37.9949
Epoch 17: Loss:            : Train 0.0000, Val 0.0012, Test 0.0011
          R2_Score         : Train 0.9414, Val 0.9407, Test 0.9450
          RMSE             : Train 37.4355, Val 37.7507, Test 36.4915
Best:
          R2_Score         : Train 0.9414, Val 0.9407, Test 0.9450
          RMSE             : Train 37.4355, Val 37.7507, Test 36.4915
Epoch 18: Loss:            : Train 0.0000, Val 0.0012, Test 0.0011
          R2_Score         : Train 0.9430, Val 0.9393, Test 0.9435
          RMSE             : Train 36.8998, Val 38.2165, Test 36.9893
Best:
          R2_Score         : Train 0.9414, Val 0.9407, Test 0.9450
          RMSE             : Train 37.4355, Val 37.7507, Test 36.4915
Epoch 19: Loss:            : Train 0.0000, Val 0.0013, Test 0.0012
          R2_Score         : Train 0.9458, Val 0.9390, Test 0.9420
          RMSE             : Train 35.9838, Val 38.3057, Test 37.4907
Best:
          R2_Score         : Train 0.9414, Val 0.9407, Test 0.9450
          RMSE             : Train 37.4355, Val 37.7507, Test 36.4915
Epoch 20: Loss:            : Train 0.0000, Val 0.0013, Test 0.0012
          R2_Score         : Train 0.9468, Val 0.9393, Test 0.9436
          RMSE             : Train 35.6528, Val 38.2047, Test 36.9496
Best:
          R2_Score         : Train 0.9414, Val 0.9407, Test 0.9450
          RMSE             : Train 37.4355, Val 37.7507, Test 36.4915
Epoch 21: Loss:            : Train 0.0000, Val 0.0013, Test 0.0012
          R2_Score         : Train 0.9478, Val 0.9406, Test 0.9435
          RMSE             : Train 35.3204, Val 37.8041, Test 37.0015
Best:
          R2_Score         : Train 0.9414, Val 0.9407, Test 0.9450
          RMSE             : Train 37.4355, Val 37.7507, Test 36.4915
Epoch 22: Loss:            : Train 0.0000, Val 0.0013, Test 0.0012
          R2_Score         : Train 0.9480, Val 0.9389, Test 0.9429
          RMSE             : Train 35.2747, Val 38.3404, Test 37.2006
Best:
          R2_Score         : Train 0.9414, Val 0.9407, Test 0.9450
          RMSE             : Train 37.4355, Val 37.7507, Test 36.4915
Epoch 23: Loss:            : Train 0.0000, Val 0.0012, Test 0.0011
          R2_Score         : Train 0.9485, Val 0.9425, Test 0.9468
          RMSE             : Train 35.0738, Val 37.1977, Test 35.8883
Best:
          R2_Score         : Train 0.9485, Val 0.9425, Test 0.9468
          RMSE             : Train 35.0738, Val 37.1977, Test 35.8883
Epoch 24: Loss:            : Train 0.0000, Val 0.0012, Test 0.0011
          R2_Score         : Train 0.9489, Val 0.9403, Test 0.9452
          RMSE             : Train 34.9573, Val 37.8930, Test 36.4289
Best:
          R2_Score         : Train 0.9485, Val 0.9425, Test 0.9468
          RMSE             : Train 35.0738, Val 37.1977, Test 35.8883
Epoch 25: Loss:            : Train 0.0000, Val 0.0011, Test 0.0010
          R2_Score         : Train 0.9493, Val 0.9454, Test 0.9491
          RMSE             : Train 34.8206, Val 36.2450, Test 35.1135
Best:
          R2_Score         : Train 0.9493, Val 0.9454, Test 0.9491
          RMSE             : Train 34.8206, Val 36.2450, Test 35.1135
Epoch 26: Loss:            : Train 0.0000, Val 0.0011, Test 0.0010
          R2_Score         : Train 0.9503, Val 0.9467, Test 0.9504
          RMSE             : Train 34.4763, Val 35.7869, Test 34.6463
Best:
          R2_Score         : Train 0.9503, Val 0.9467, Test 0.9504
          RMSE             : Train 34.4763, Val 35.7869, Test 34.6463
Epoch 27: Loss:            : Train 0.0000, Val 0.0011, Test 0.0010
          R2_Score         : Train 0.9515, Val 0.9459, Test 0.9503
          RMSE             : Train 34.0590, Val 36.0793, Test 34.6852
Best:
          R2_Score         : Train 0.9503, Val 0.9467, Test 0.9504
          RMSE             : Train 34.4763, Val 35.7869, Test 34.6463
Epoch 28: Loss:            : Train 0.0000, Val 0.0011, Test 0.0010
          R2_Score         : Train 0.9517, Val 0.9450, Test 0.9485
          RMSE             : Train 33.9971, Val 36.3499, Test 35.3048
Best:
          R2_Score         : Train 0.9503, Val 0.9467, Test 0.9504
          RMSE             : Train 34.4763, Val 35.7869, Test 34.6463
Epoch 29: Loss:            : Train 0.0000, Val 0.0012, Test 0.0011
          R2_Score         : Train 0.9513, Val 0.9430, Test 0.9475
          RMSE             : Train 34.1206, Val 37.0144, Test 35.6421
Best:
          R2_Score         : Train 0.9503, Val 0.9467, Test 0.9504
          RMSE             : Train 34.4763, Val 35.7869, Test 34.6463
Epoch 30: Loss:            : Train 0.0000, Val 0.0013, Test 0.0012
          R2_Score         : Train 0.9499, Val 0.9379, Test 0.9424
          RMSE             : Train 34.6159, Val 38.6432, Test 37.3406
Best:
          R2_Score         : Train 0.9503, Val 0.9467, Test 0.9504
          RMSE             : Train 34.4763, Val 35.7869, Test 34.6463
Epoch 31: Loss:            : Train 0.0000, Val 0.0014, Test 0.0012
          R2_Score         : Train 0.9437, Val 0.9347, Test 0.9395
          RMSE             : Train 36.6871, Val 39.6182, Test 38.2806
Best:
          R2_Score         : Train 0.9503, Val 0.9467, Test 0.9504
          RMSE             : Train 34.4763, Val 35.7869, Test 34.6463
Epoch 32: Loss:            : Train 0.0000, Val 0.0013, Test 0.0011
          R2_Score         : Train 0.9468, Val 0.9396, Test 0.9443
          RMSE             : Train 35.6565, Val 38.1190, Test 36.7214
Best:
          R2_Score         : Train 0.9503, Val 0.9467, Test 0.9504
          RMSE             : Train 34.4763, Val 35.7869, Test 34.6463
Epoch 33: Loss:            : Train 0.0000, Val 0.0010, Test 0.0009
          R2_Score         : Train 0.9524, Val 0.9491, Test 0.9522
          RMSE             : Train 33.7300, Val 34.9933, Test 34.0140
Best:
          R2_Score         : Train 0.9524, Val 0.9491, Test 0.9522
          RMSE             : Train 33.7300, Val 34.9933, Test 34.0140
Epoch 34: Loss:            : Train 0.0000, Val 0.0010, Test 0.0010
          R2_Score         : Train 0.9541, Val 0.9485, Test 0.9515
          RMSE             : Train 33.1381, Val 35.2039, Test 34.2824
Best:
          R2_Score         : Train 0.9524, Val 0.9491, Test 0.9522
          RMSE             : Train 33.7300, Val 34.9933, Test 34.0140
Epoch 35: Loss:            : Train 0.0000, Val 0.0011, Test 0.0010
          R2_Score         : Train 0.9536, Val 0.9448, Test 0.9489
          RMSE             : Train 33.3057, Val 36.4451, Test 35.1658
Best:
          R2_Score         : Train 0.9524, Val 0.9491, Test 0.9522
          RMSE             : Train 33.7300, Val 34.9933, Test 34.0140
Epoch 36: Loss:            : Train 0.0000, Val 0.0011, Test 0.0010
          R2_Score         : Train 0.9541, Val 0.9464, Test 0.9501
          RMSE             : Train 33.1419, Val 35.8993, Test 34.7659
Best:
          R2_Score         : Train 0.9524, Val 0.9491, Test 0.9522
          RMSE             : Train 33.7300, Val 34.9933, Test 34.0140
Epoch 37: Loss:            : Train 0.0000, Val 0.0010, Test 0.0010
          R2_Score         : Train 0.9547, Val 0.9476, Test 0.9506
          RMSE             : Train 32.9051, Val 35.4978, Test 34.5763
Best:
          R2_Score         : Train 0.9524, Val 0.9491, Test 0.9522
          RMSE             : Train 33.7300, Val 34.9933, Test 34.0140
Epoch 38: Loss:            : Train 0.0000, Val 0.0010, Test 0.0010
          R2_Score         : Train 0.9538, Val 0.9487, Test 0.9512
          RMSE             : Train 33.2415, Val 35.1185, Test 34.3641
Best:
          R2_Score         : Train 0.9524, Val 0.9491, Test 0.9522
          RMSE             : Train 33.7300, Val 34.9933, Test 34.0140
Epoch 39: Loss:            : Train 0.0000, Val 0.0010, Test 0.0010
          R2_Score         : Train 0.9545, Val 0.9454, Test 0.9489
          RMSE             : Train 32.9985, Val 36.2224, Test 35.1909
Best:
          R2_Score         : Train 0.9524, Val 0.9491, Test 0.9522
          RMSE             : Train 33.7300, Val 34.9933, Test 34.0140
Epoch 40: Loss:            : Train 0.0000, Val 0.0010, Test 0.0009
          R2_Score         : Train 0.9540, Val 0.9492, Test 0.9525
          RMSE             : Train 33.1748, Val 34.9340, Test 33.9169
Best:
          R2_Score         : Train 0.9540, Val 0.9492, Test 0.9525
          RMSE             : Train 33.1748, Val 34.9340, Test 33.9169
Epoch 41: Loss:            : Train 0.0000, Val 0.0010, Test 0.0010
          R2_Score         : Train 0.9560, Val 0.9472, Test 0.9508
          RMSE             : Train 32.4317, Val 35.6454, Test 34.5134
Best:
          R2_Score         : Train 0.9540, Val 0.9492, Test 0.9525
          RMSE             : Train 33.1748, Val 34.9340, Test 33.9169
Epoch 42: Loss:            : Train 0.0000, Val 0.0011, Test 0.0010
          R2_Score         : Train 0.9554, Val 0.9477, Test 0.9522
          RMSE             : Train 32.6665, Val 35.4777, Test 34.0302
Best:
          R2_Score         : Train 0.9540, Val 0.9492, Test 0.9525
          RMSE             : Train 33.1748, Val 34.9340, Test 33.9169
Epoch 43: Loss:            : Train 0.0000, Val 0.0012, Test 0.0010
          R2_Score         : Train 0.9556, Val 0.9450, Test 0.9488
          RMSE             : Train 32.5918, Val 36.3567, Test 35.2051
Best:
          R2_Score         : Train 0.9540, Val 0.9492, Test 0.9525
          RMSE             : Train 33.1748, Val 34.9340, Test 33.9169
Epoch 44: Loss:            : Train 0.0000, Val 0.0010, Test 0.0010
          R2_Score         : Train 0.9551, Val 0.9452, Test 0.9479
          RMSE             : Train 32.7713, Val 36.3070, Test 35.5139
Best:
          R2_Score         : Train 0.9540, Val 0.9492, Test 0.9525
          RMSE             : Train 33.1748, Val 34.9340, Test 33.9169
Epoch 45: Loss:            : Train 0.0000, Val 0.0010, Test 0.0010
          R2_Score         : Train 0.9553, Val 0.9468, Test 0.9500
          RMSE             : Train 32.6802, Val 35.7598, Test 34.7839
Best:
          R2_Score         : Train 0.9540, Val 0.9492, Test 0.9525
          RMSE             : Train 33.1748, Val 34.9340, Test 33.9169
Epoch 46: Loss:            : Train 0.0000, Val 0.0010, Test 0.0010
          R2_Score         : Train 0.9558, Val 0.9472, Test 0.9501
          RMSE             : Train 32.5029, Val 35.6206, Test 34.7474
Best:
          R2_Score         : Train 0.9540, Val 0.9492, Test 0.9525
          RMSE             : Train 33.1748, Val 34.9340, Test 33.9169
Epoch 47: Loss:            : Train 0.0000, Val 0.0011, Test 0.0010
          R2_Score         : Train 0.9563, Val 0.9471, Test 0.9500
          RMSE             : Train 32.3388, Val 35.6727, Test 34.8160
Best:
          R2_Score         : Train 0.9540, Val 0.9492, Test 0.9525
          RMSE             : Train 33.1748, Val 34.9340, Test 33.9169
Epoch 48: Loss:            : Train 0.0000, Val 0.0012, Test 0.0011
          R2_Score         : Train 0.9560, Val 0.9438, Test 0.9480
          RMSE             : Train 32.4403, Val 36.7586, Test 35.5005
Best:
          R2_Score         : Train 0.9540, Val 0.9492, Test 0.9525
          RMSE             : Train 33.1748, Val 34.9340, Test 33.9169
Epoch 49: Loss:            : Train 0.0000, Val 0.0011, Test 0.0010
          R2_Score         : Train 0.9556, Val 0.9465, Test 0.9500
          RMSE             : Train 32.5925, Val 35.8497, Test 34.8083
Best:
          R2_Score         : Train 0.9540, Val 0.9492, Test 0.9525
          RMSE             : Train 33.1748, Val 34.9340, Test 33.9169
Epoch 50: Loss:            : Train 0.0000, Val 0.0010, Test 0.0009
          R2_Score         : Train 0.9564, Val 0.9499, Test 0.9526
          RMSE             : Train 32.2974, Val 34.7235, Test 33.8880
Best:
          R2_Score         : Train 0.9564, Val 0.9499, Test 0.9526
          RMSE             : Train 32.2974, Val 34.7235, Test 33.8880
Epoch 51: Loss:            : Train 0.0000, Val 0.0011, Test 0.0011
          R2_Score         : Train 0.9571, Val 0.9420, Test 0.9454
          RMSE             : Train 32.0120, Val 37.3549, Test 36.3803
Best:
          R2_Score         : Train 0.9564, Val 0.9499, Test 0.9526
          RMSE             : Train 32.2974, Val 34.7235, Test 33.8880
Epoch 52: Loss:            : Train 0.0000, Val 0.0010, Test 0.0009
          R2_Score         : Train 0.9555, Val 0.9501, Test 0.9541
          RMSE             : Train 32.6271, Val 34.6398, Test 33.3562
Best:
          R2_Score         : Train 0.9555, Val 0.9501, Test 0.9541
          RMSE             : Train 32.6271, Val 34.6398, Test 33.3562
Epoch 53: Loss:            : Train 0.0000, Val 0.0011, Test 0.0010
          R2_Score         : Train 0.9575, Val 0.9469, Test 0.9508
          RMSE             : Train 31.8663, Val 35.7272, Test 34.5188
Best:
          R2_Score         : Train 0.9555, Val 0.9501, Test 0.9541
          RMSE             : Train 32.6271, Val 34.6398, Test 33.3562
Epoch 54: Loss:            : Train 0.0000, Val 0.0010, Test 0.0009
          R2_Score         : Train 0.9573, Val 0.9511, Test 0.9541
          RMSE             : Train 31.9596, Val 34.2870, Test 33.3574
Best:
          R2_Score         : Train 0.9573, Val 0.9511, Test 0.9541
          RMSE             : Train 31.9596, Val 34.2870, Test 33.3574
Epoch 55: Loss:            : Train 0.0000, Val 0.0010, Test 0.0009
          R2_Score         : Train 0.9579, Val 0.9482, Test 0.9524
          RMSE             : Train 31.7219, Val 35.2853, Test 33.9630
Best:
          R2_Score         : Train 0.9573, Val 0.9511, Test 0.9541
          RMSE             : Train 31.9596, Val 34.2870, Test 33.3574
Epoch 56: Loss:            : Train 0.0000, Val 0.0010, Test 0.0009
          R2_Score         : Train 0.9554, Val 0.9505, Test 0.9544
          RMSE             : Train 32.6460, Val 34.5027, Test 33.2413
Best:
          R2_Score         : Train 0.9573, Val 0.9511, Test 0.9541
          RMSE             : Train 31.9596, Val 34.2870, Test 33.3574
Epoch 57: Loss:            : Train 0.0000, Val 0.0011, Test 0.0010
          R2_Score         : Train 0.9556, Val 0.9456, Test 0.9507
          RMSE             : Train 32.5636, Val 36.1508, Test 34.5698
Best:
          R2_Score         : Train 0.9573, Val 0.9511, Test 0.9541
          RMSE             : Train 31.9596, Val 34.2870, Test 33.3574
Epoch 58: Loss:            : Train 0.0000, Val 0.0010, Test 0.0010
          R2_Score         : Train 0.9573, Val 0.9494, Test 0.9515
          RMSE             : Train 31.9386, Val 34.8713, Test 34.2678
Best:
          R2_Score         : Train 0.9573, Val 0.9511, Test 0.9541
          RMSE             : Train 31.9596, Val 34.2870, Test 33.3574
Epoch 59: Loss:            : Train 0.0000, Val 0.0010, Test 0.0009
          R2_Score         : Train 0.9585, Val 0.9506, Test 0.9537
          RMSE             : Train 31.5131, Val 34.4636, Test 33.4866
Best:
          R2_Score         : Train 0.9573, Val 0.9511, Test 0.9541
          RMSE             : Train 31.9596, Val 34.2870, Test 33.3574
Epoch 60: Loss:            : Train 0.0000, Val 0.0010, Test 0.0009
          R2_Score         : Train 0.9591, Val 0.9515, Test 0.9539
          RMSE             : Train 31.2670, Val 34.1545, Test 33.4185
Best:
          R2_Score         : Train 0.9591, Val 0.9515, Test 0.9539
          RMSE             : Train 31.2670, Val 34.1545, Test 33.4185
Epoch 61: Loss:            : Train 0.0000, Val 0.0010, Test 0.0009
          R2_Score         : Train 0.9591, Val 0.9511, Test 0.9547
          RMSE             : Train 31.2849, Val 34.2837, Test 33.1294
Best:
          R2_Score         : Train 0.9591, Val 0.9515, Test 0.9539
          RMSE             : Train 31.2670, Val 34.1545, Test 33.4185
Epoch 62: Loss:            : Train 0.0000, Val 0.0010, Test 0.0009
          R2_Score         : Train 0.9590, Val 0.9517, Test 0.9549
          RMSE             : Train 31.3146, Val 34.0885, Test 33.0480
Best:
          R2_Score         : Train 0.9590, Val 0.9517, Test 0.9549
          RMSE             : Train 31.3146, Val 34.0885, Test 33.0480
Epoch 63: Loss:            : Train 0.0000, Val 0.0011, Test 0.0010
          R2_Score         : Train 0.9597, Val 0.9493, Test 0.9521
          RMSE             : Train 31.0394, Val 34.9172, Test 34.0550
Best:
          R2_Score         : Train 0.9590, Val 0.9517, Test 0.9549
          RMSE             : Train 31.3146, Val 34.0885, Test 33.0480
Epoch 64: Loss:            : Train 0.0000, Val 0.0010, Test 0.0009
          R2_Score         : Train 0.9591, Val 0.9517, Test 0.9549
          RMSE             : Train 31.2681, Val 34.0914, Test 33.0615
Best:
          R2_Score         : Train 0.9590, Val 0.9517, Test 0.9549
          RMSE             : Train 31.3146, Val 34.0885, Test 33.0480
Epoch 65: Loss:            : Train 0.0000, Val 0.0010, Test 0.0009
          R2_Score         : Train 0.9598, Val 0.9515, Test 0.9545
          RMSE             : Train 30.9936, Val 34.1349, Test 33.1945
Best:
          R2_Score         : Train 0.9590, Val 0.9517, Test 0.9549
          RMSE             : Train 31.3146, Val 34.0885, Test 33.0480
Epoch 66: Loss:            : Train 0.0000, Val 0.0010, Test 0.0009
          R2_Score         : Train 0.9601, Val 0.9519, Test 0.9547
          RMSE             : Train 30.8875, Val 34.0073, Test 33.1225
Best:
          R2_Score         : Train 0.9601, Val 0.9519, Test 0.9547
          RMSE             : Train 30.8875, Val 34.0073, Test 33.1225
Epoch 67: Loss:            : Train 0.0000, Val 0.0010, Test 0.0009
          R2_Score         : Train 0.9590, Val 0.9523, Test 0.9558
          RMSE             : Train 31.2897, Val 33.8537, Test 32.7247
Best:
          R2_Score         : Train 0.9590, Val 0.9523, Test 0.9558
          RMSE             : Train 31.2897, Val 33.8537, Test 32.7247
Epoch 68: Loss:            : Train 0.0000, Val 0.0009, Test 0.0009
          R2_Score         : Train 0.9596, Val 0.9535, Test 0.9560
          RMSE             : Train 31.0874, Val 33.4391, Test 32.6586
Best:
          R2_Score         : Train 0.9596, Val 0.9535, Test 0.9560
          RMSE             : Train 31.0874, Val 33.4391, Test 32.6586
Epoch 69: Loss:            : Train 0.0000, Val 0.0010, Test 0.0009
          R2_Score         : Train 0.9606, Val 0.9508, Test 0.9538
          RMSE             : Train 30.6809, Val 34.3979, Test 33.4502
Best:
          R2_Score         : Train 0.9596, Val 0.9535, Test 0.9560
          RMSE             : Train 31.0874, Val 33.4391, Test 32.6586
Epoch 70: Loss:            : Train 0.0000, Val 0.0009, Test 0.0009
          R2_Score         : Train 0.9604, Val 0.9526, Test 0.9558
          RMSE             : Train 30.7498, Val 33.7741, Test 32.7364
Best:
          R2_Score         : Train 0.9596, Val 0.9535, Test 0.9560
          RMSE             : Train 31.0874, Val 33.4391, Test 32.6586
Epoch 71: Loss:            : Train 0.0000, Val 0.0010, Test 0.0009
          R2_Score         : Train 0.9601, Val 0.9519, Test 0.9550
          RMSE             : Train 30.8787, Val 33.9955, Test 33.0173
Best:
          R2_Score         : Train 0.9596, Val 0.9535, Test 0.9560
          RMSE             : Train 31.0874, Val 33.4391, Test 32.6586
Epoch 72: Loss:            : Train 0.0000, Val 0.0009, Test 0.0009
          R2_Score         : Train 0.9606, Val 0.9518, Test 0.9546
          RMSE             : Train 30.7052, Val 34.0491, Test 33.1451
Best:
          R2_Score         : Train 0.9596, Val 0.9535, Test 0.9560
          RMSE             : Train 31.0874, Val 33.4391, Test 32.6586
Epoch 73: Loss:            : Train 0.0000, Val 0.0009, Test 0.0009
          R2_Score         : Train 0.9597, Val 0.9520, Test 0.9556
          RMSE             : Train 31.0430, Val 33.9663, Test 32.7914
Best:
          R2_Score         : Train 0.9596, Val 0.9535, Test 0.9560
          RMSE             : Train 31.0874, Val 33.4391, Test 32.6586
Epoch 74: Loss:            : Train 0.0000, Val 0.0010, Test 0.0010
          R2_Score         : Train 0.9603, Val 0.9499, Test 0.9522
          RMSE             : Train 30.8187, Val 34.6971, Test 34.0418
Best:
          R2_Score         : Train 0.9596, Val 0.9535, Test 0.9560
          RMSE             : Train 31.0874, Val 33.4391, Test 32.6586
Epoch 75: Loss:            : Train 0.0000, Val 0.0009, Test 0.0009
          R2_Score         : Train 0.9609, Val 0.9533, Test 0.9559
          RMSE             : Train 30.5588, Val 33.5063, Test 32.6869
Best:
          R2_Score         : Train 0.9596, Val 0.9535, Test 0.9560
          RMSE             : Train 31.0874, Val 33.4391, Test 32.6586
Epoch 76: Loss:            : Train 0.0000, Val 0.0010, Test 0.0009
          R2_Score         : Train 0.9601, Val 0.9516, Test 0.9537
          RMSE             : Train 30.8698, Val 34.1151, Test 33.4990
Best:
          R2_Score         : Train 0.9596, Val 0.9535, Test 0.9560
          RMSE             : Train 31.0874, Val 33.4391, Test 32.6586
Epoch 77: Loss:            : Train 0.0000, Val 0.0010, Test 0.0009
          R2_Score         : Train 0.9612, Val 0.9526, Test 0.9556
          RMSE             : Train 30.4427, Val 33.7432, Test 32.7768
Best:
          R2_Score         : Train 0.9596, Val 0.9535, Test 0.9560
          RMSE             : Train 31.0874, Val 33.4391, Test 32.6586
Epoch 78: Loss:            : Train 0.0000, Val 0.0010, Test 0.0009
          R2_Score         : Train 0.9608, Val 0.9517, Test 0.9545
          RMSE             : Train 30.5945, Val 34.0632, Test 33.1982
Best:
          R2_Score         : Train 0.9596, Val 0.9535, Test 0.9560
          RMSE             : Train 31.0874, Val 33.4391, Test 32.6586
Epoch 79: Loss:            : Train 0.0000, Val 0.0009, Test 0.0009
          R2_Score         : Train 0.9613, Val 0.9511, Test 0.9538
          RMSE             : Train 30.4294, Val 34.2998, Test 33.4543
Best:
          R2_Score         : Train 0.9596, Val 0.9535, Test 0.9560
          RMSE             : Train 31.0874, Val 33.4391, Test 32.6586
Epoch 80: Loss:            : Train 0.0000, Val 0.0010, Test 0.0009
          R2_Score         : Train 0.9609, Val 0.9512, Test 0.9550
          RMSE             : Train 30.5543, Val 34.2684, Test 33.0052
Best:
          R2_Score         : Train 0.9596, Val 0.9535, Test 0.9560
          RMSE             : Train 31.0874, Val 33.4391, Test 32.6586
Epoch 81: Loss:            : Train 0.0000, Val 0.0009, Test 0.0009
          R2_Score         : Train 0.9612, Val 0.9522, Test 0.9548
          RMSE             : Train 30.4581, Val 33.9088, Test 33.0790
Best:
          R2_Score         : Train 0.9596, Val 0.9535, Test 0.9560
          RMSE             : Train 31.0874, Val 33.4391, Test 32.6586
Epoch 82: Loss:            : Train 0.0000, Val 0.0009, Test 0.0009
          R2_Score         : Train 0.9613, Val 0.9522, Test 0.9554
          RMSE             : Train 30.4220, Val 33.8989, Test 32.8775
Best:
          R2_Score         : Train 0.9596, Val 0.9535, Test 0.9560
          RMSE             : Train 31.0874, Val 33.4391, Test 32.6586
Epoch 83: Loss:            : Train 0.0000, Val 0.0009, Test 0.0009
          R2_Score         : Train 0.9617, Val 0.9513, Test 0.9538
          RMSE             : Train 30.2710, Val 34.2357, Test 33.4363
Best:
          R2_Score         : Train 0.9596, Val 0.9535, Test 0.9560
          RMSE             : Train 31.0874, Val 33.4391, Test 32.6586
Epoch 84: Loss:            : Train 0.0000, Val 0.0009, Test 0.0009
          R2_Score         : Train 0.9617, Val 0.9523, Test 0.9550
          RMSE             : Train 30.2565, Val 33.8763, Test 33.0079
Best:
          R2_Score         : Train 0.9596, Val 0.9535, Test 0.9560
          RMSE             : Train 31.0874, Val 33.4391, Test 32.6586
Epoch 85: Loss:            : Train 0.0000, Val 0.0009, Test 0.0009
          R2_Score         : Train 0.9614, Val 0.9538, Test 0.9570
          RMSE             : Train 30.3741, Val 33.3185, Test 32.2581
Best:
          R2_Score         : Train 0.9614, Val 0.9538, Test 0.9570
          RMSE             : Train 30.3741, Val 33.3185, Test 32.2581
Epoch 86: Loss:            : Train 0.0000, Val 0.0010, Test 0.0009
          R2_Score         : Train 0.9617, Val 0.9523, Test 0.9559
          RMSE             : Train 30.2397, Val 33.8493, Test 32.6886
Best:
          R2_Score         : Train 0.9614, Val 0.9538, Test 0.9570
          RMSE             : Train 30.3741, Val 33.3185, Test 32.2581
Epoch 87: Loss:            : Train 0.0000, Val 0.0010, Test 0.0009
          R2_Score         : Train 0.9619, Val 0.9527, Test 0.9563
          RMSE             : Train 30.1751, Val 33.7227, Test 32.5382
Best:
          R2_Score         : Train 0.9614, Val 0.9538, Test 0.9570
          RMSE             : Train 30.3741, Val 33.3185, Test 32.2581
Epoch 88: Loss:            : Train 0.0000, Val 0.0010, Test 0.0009
          R2_Score         : Train 0.9620, Val 0.9524, Test 0.9557
          RMSE             : Train 30.1211, Val 33.8154, Test 32.7550
Best:
          R2_Score         : Train 0.9614, Val 0.9538, Test 0.9570
          RMSE             : Train 30.3741, Val 33.3185, Test 32.2581
Epoch 89: Loss:            : Train 0.0000, Val 0.0010, Test 0.0009
          R2_Score         : Train 0.9620, Val 0.9523, Test 0.9555
          RMSE             : Train 30.1292, Val 33.8693, Test 32.8143
Best:
          R2_Score         : Train 0.9614, Val 0.9538, Test 0.9570
          RMSE             : Train 30.3741, Val 33.3185, Test 32.2581
Epoch 90: Loss:            : Train 0.0000, Val 0.0009, Test 0.0009
          R2_Score         : Train 0.9618, Val 0.9540, Test 0.9564
          RMSE             : Train 30.2310, Val 33.2631, Test 32.4961
Best:
          R2_Score         : Train 0.9618, Val 0.9540, Test 0.9564
          RMSE             : Train 30.2310, Val 33.2631, Test 32.4961
Epoch 91: Loss:            : Train 0.0000, Val 0.0010, Test 0.0009
          R2_Score         : Train 0.9624, Val 0.9515, Test 0.9548
          RMSE             : Train 29.9829, Val 34.1363, Test 33.0896
Best:
          R2_Score         : Train 0.9618, Val 0.9540, Test 0.9564
          RMSE             : Train 30.2310, Val 33.2631, Test 32.4961
Epoch 92: Loss:            : Train 0.0000, Val 0.0010, Test 0.0009
          R2_Score         : Train 0.9623, Val 0.9532, Test 0.9567
          RMSE             : Train 30.0263, Val 33.5293, Test 32.4024
Best:
          R2_Score         : Train 0.9618, Val 0.9540, Test 0.9564
          RMSE             : Train 30.2310, Val 33.2631, Test 32.4961
Epoch 93: Loss:            : Train 0.0000, Val 0.0010, Test 0.0009
          R2_Score         : Train 0.9622, Val 0.9525, Test 0.9551
          RMSE             : Train 30.0529, Val 33.8123, Test 32.9845
Best:
          R2_Score         : Train 0.9618, Val 0.9540, Test 0.9564
          RMSE             : Train 30.2310, Val 33.2631, Test 32.4961
Epoch 94: Loss:            : Train 0.0000, Val 0.0009, Test 0.0009
          R2_Score         : Train 0.9621, Val 0.9538, Test 0.9562
          RMSE             : Train 30.1108, Val 33.3122, Test 32.5873
Best:
          R2_Score         : Train 0.9618, Val 0.9540, Test 0.9564
          RMSE             : Train 30.2310, Val 33.2631, Test 32.4961
Epoch 95: Loss:            : Train 0.0000, Val 0.0009, Test 0.0009
          R2_Score         : Train 0.9625, Val 0.9517, Test 0.9548
          RMSE             : Train 29.9571, Val 34.0844, Test 33.0833
Best:
          R2_Score         : Train 0.9618, Val 0.9540, Test 0.9564
          RMSE             : Train 30.2310, Val 33.2631, Test 32.4961
Epoch 96: Loss:            : Train 0.0000, Val 0.0009, Test 0.0009
          R2_Score         : Train 0.9623, Val 0.9534, Test 0.9555
          RMSE             : Train 30.0070, Val 33.4587, Test 32.8438
Best:
          R2_Score         : Train 0.9618, Val 0.9540, Test 0.9564
          RMSE             : Train 30.2310, Val 33.2631, Test 32.4961
Epoch 97: Loss:            : Train 0.0000, Val 0.0009, Test 0.0009
          R2_Score         : Train 0.9631, Val 0.9531, Test 0.9555
          RMSE             : Train 29.7195, Val 33.5962, Test 32.8181
Best:
          R2_Score         : Train 0.9618, Val 0.9540, Test 0.9564
          RMSE             : Train 30.2310, Val 33.2631, Test 32.4961
Epoch 98: Loss:            : Train 0.0000, Val 0.0010, Test 0.0009
          R2_Score         : Train 0.9630, Val 0.9532, Test 0.9565
          RMSE             : Train 29.7553, Val 33.5448, Test 32.4540
Best:
          R2_Score         : Train 0.9618, Val 0.9540, Test 0.9564
          RMSE             : Train 30.2310, Val 33.2631, Test 32.4961
Epoch 99: Loss:            : Train 0.0000, Val 0.0009, Test 0.0009
          R2_Score         : Train 0.9629, Val 0.9537, Test 0.9566
          RMSE             : Train 29.7859, Val 33.3697, Test 32.4354
Best:
          R2_Score         : Train 0.9618, Val 0.9540, Test 0.9564
          RMSE             : Train 30.2310, Val 33.2631, Test 32.4961
Epoch 100: Loss:            : Train 0.0000, Val 0.0009, Test 0.0009
          R2_Score         : Train 0.9632, Val 0.9539, Test 0.9568
          RMSE             : Train 29.6445, Val 33.2768, Test 32.3419
Best:
          R2_Score         : Train 0.9618, Val 0.9540, Test 0.9564
          RMSE             : Train 30.2310, Val 33.2631, Test 32.4961
Epoch 101: Loss:            : Train 0.0000, Val 0.0009, Test 0.0008
          R2_Score         : Train 0.9630, Val 0.9551, Test 0.9582
          RMSE             : Train 29.7611, Val 32.8506, Test 31.8212
Best:
          R2_Score         : Train 0.9630, Val 0.9551, Test 0.9582
          RMSE             : Train 29.7611, Val 32.8506, Test 31.8212
Epoch 102: Loss:            : Train 0.0000, Val 0.0009, Test 0.0009
          R2_Score         : Train 0.9634, Val 0.9530, Test 0.9555
          RMSE             : Train 29.5708, Val 33.5995, Test 32.8115
Best:
          R2_Score         : Train 0.9630, Val 0.9551, Test 0.9582
          RMSE             : Train 29.7611, Val 32.8506, Test 31.8212
Epoch 103: Loss:            : Train 0.0000, Val 0.0009, Test 0.0009
          R2_Score         : Train 0.9632, Val 0.9530, Test 0.9562
          RMSE             : Train 29.6466, Val 33.6221, Test 32.5795
Best:
          R2_Score         : Train 0.9630, Val 0.9551, Test 0.9582
          RMSE             : Train 29.7611, Val 32.8506, Test 31.8212
Epoch 104: Loss:            : Train 0.0000, Val 0.0009, Test 0.0008
          R2_Score         : Train 0.9638, Val 0.9544, Test 0.9577
          RMSE             : Train 29.4241, Val 33.1031, Test 32.0227
Best:
          R2_Score         : Train 0.9630, Val 0.9551, Test 0.9582
          RMSE             : Train 29.7611, Val 32.8506, Test 31.8212
Epoch 105: Loss:            : Train 0.0000, Val 0.0010, Test 0.0009
          R2_Score         : Train 0.9633, Val 0.9536, Test 0.9574
          RMSE             : Train 29.6081, Val 33.3944, Test 32.1151
Best:
          R2_Score         : Train 0.9630, Val 0.9551, Test 0.9582
          RMSE             : Train 29.7611, Val 32.8506, Test 31.8212
Epoch 106: Loss:            : Train 0.0000, Val 0.0009, Test 0.0009
          R2_Score         : Train 0.9631, Val 0.9534, Test 0.9564
          RMSE             : Train 29.7203, Val 33.4617, Test 32.5122
Best:
          R2_Score         : Train 0.9630, Val 0.9551, Test 0.9582
          RMSE             : Train 29.7611, Val 32.8506, Test 31.8212
Epoch 107: Loss:            : Train 0.0000, Val 0.0010, Test 0.0009
          R2_Score         : Train 0.9630, Val 0.9524, Test 0.9559
          RMSE             : Train 29.7378, Val 33.8361, Test 32.6975
Best:
          R2_Score         : Train 0.9630, Val 0.9551, Test 0.9582
          RMSE             : Train 29.7611, Val 32.8506, Test 31.8212
Epoch 108: Loss:            : Train 0.0000, Val 0.0009, Test 0.0009
          R2_Score         : Train 0.9629, Val 0.9524, Test 0.9558
          RMSE             : Train 29.7918, Val 33.8308, Test 32.7127
Best:
          R2_Score         : Train 0.9630, Val 0.9551, Test 0.9582
          RMSE             : Train 29.7611, Val 32.8506, Test 31.8212
Epoch 109: Loss:            : Train 0.0000, Val 0.0010, Test 0.0009
          R2_Score         : Train 0.9629, Val 0.9536, Test 0.9574
          RMSE             : Train 29.8002, Val 33.3915, Test 32.1332
Best:
          R2_Score         : Train 0.9630, Val 0.9551, Test 0.9582
          RMSE             : Train 29.7611, Val 32.8506, Test 31.8212
Epoch 110: Loss:            : Train 0.0000, Val 0.0009, Test 0.0009
          R2_Score         : Train 0.9633, Val 0.9543, Test 0.9571
          RMSE             : Train 29.6393, Val 33.1629, Test 32.2400
Best:
          R2_Score         : Train 0.9630, Val 0.9551, Test 0.9582
          RMSE             : Train 29.7611, Val 32.8506, Test 31.8212
Epoch 111: Loss:            : Train 0.0000, Val 0.0009, Test 0.0009
          R2_Score         : Train 0.9633, Val 0.9549, Test 0.9576
          RMSE             : Train 29.6305, Val 32.9152, Test 32.0348
Best:
          R2_Score         : Train 0.9630, Val 0.9551, Test 0.9582
          RMSE             : Train 29.7611, Val 32.8506, Test 31.8212
Epoch 112: Loss:            : Train 0.0000, Val 0.0009, Test 0.0008
          R2_Score         : Train 0.9637, Val 0.9542, Test 0.9576
          RMSE             : Train 29.4767, Val 33.1721, Test 32.0301
Best:
          R2_Score         : Train 0.9630, Val 0.9551, Test 0.9582
          RMSE             : Train 29.7611, Val 32.8506, Test 31.8212
Epoch 113: Loss:            : Train 0.0000, Val 0.0009, Test 0.0009
          R2_Score         : Train 0.9632, Val 0.9543, Test 0.9571
          RMSE             : Train 29.6676, Val 33.1501, Test 32.2502
Best:
          R2_Score         : Train 0.9630, Val 0.9551, Test 0.9582
          RMSE             : Train 29.7611, Val 32.8506, Test 31.8212
Epoch 114: Loss:            : Train 0.0000, Val 0.0010, Test 0.0009
          R2_Score         : Train 0.9637, Val 0.9529, Test 0.9566
          RMSE             : Train 29.4605, Val 33.6452, Test 32.4380
Best:
          R2_Score         : Train 0.9630, Val 0.9551, Test 0.9582
          RMSE             : Train 29.7611, Val 32.8506, Test 31.8212
Epoch 115: Loss:            : Train 0.0000, Val 0.0010, Test 0.0009
          R2_Score         : Train 0.9638, Val 0.9536, Test 0.9562
          RMSE             : Train 29.4290, Val 33.3924, Test 32.5729
Best:
          R2_Score         : Train 0.9630, Val 0.9551, Test 0.9582
          RMSE             : Train 29.7611, Val 32.8506, Test 31.8212
Epoch 116: Loss:            : Train 0.0000, Val 0.0009, Test 0.0009
          R2_Score         : Train 0.9641, Val 0.9536, Test 0.9570
          RMSE             : Train 29.2793, Val 33.4119, Test 32.2678
Best:
          R2_Score         : Train 0.9630, Val 0.9551, Test 0.9582
          RMSE             : Train 29.7611, Val 32.8506, Test 31.8212
Epoch 117: Loss:            : Train 0.0000, Val 0.0009, Test 0.0009
          R2_Score         : Train 0.9642, Val 0.9529, Test 0.9566
          RMSE             : Train 29.2433, Val 33.6406, Test 32.4270
Best:
          R2_Score         : Train 0.9630, Val 0.9551, Test 0.9582
          RMSE             : Train 29.7611, Val 32.8506, Test 31.8212
Epoch 118: Loss:            : Train 0.0000, Val 0.0009, Test 0.0008
          R2_Score         : Train 0.9642, Val 0.9549, Test 0.9583
          RMSE             : Train 29.2711, Val 32.9353, Test 31.7751
Best:
          R2_Score         : Train 0.9630, Val 0.9551, Test 0.9582
          RMSE             : Train 29.7611, Val 32.8506, Test 31.8212
Epoch 119: Loss:            : Train 0.0000, Val 0.0009, Test 0.0009
          R2_Score         : Train 0.9641, Val 0.9540, Test 0.9577
          RMSE             : Train 29.2950, Val 33.2420, Test 31.9981
Best:
          R2_Score         : Train 0.9630, Val 0.9551, Test 0.9582
          RMSE             : Train 29.7611, Val 32.8506, Test 31.8212
Epoch 120: Loss:            : Train 0.0000, Val 0.0010, Test 0.0009
          R2_Score         : Train 0.9644, Val 0.9534, Test 0.9572
          RMSE             : Train 29.1912, Val 33.4661, Test 32.1902
Best:
          R2_Score         : Train 0.9630, Val 0.9551, Test 0.9582
          RMSE             : Train 29.7611, Val 32.8506, Test 31.8212
Epoch 121: Loss:            : Train 0.0000, Val 0.0009, Test 0.0008
          R2_Score         : Train 0.9636, Val 0.9552, Test 0.9584
          RMSE             : Train 29.4962, Val 32.8113, Test 31.7341
Best:
          R2_Score         : Train 0.9636, Val 0.9552, Test 0.9584
          RMSE             : Train 29.4962, Val 32.8113, Test 31.7341
Epoch 122: Loss:            : Train 0.0000, Val 0.0009, Test 0.0009
          R2_Score         : Train 0.9638, Val 0.9536, Test 0.9569
          RMSE             : Train 29.4081, Val 33.3873, Test 32.3202
Best:
          R2_Score         : Train 0.9636, Val 0.9552, Test 0.9584
          RMSE             : Train 29.4962, Val 32.8113, Test 31.7341
Epoch 123: Loss:            : Train 0.0000, Val 0.0010, Test 0.0009
          R2_Score         : Train 0.9641, Val 0.9539, Test 0.9572
          RMSE             : Train 29.3134, Val 33.2937, Test 32.1797
Best:
          R2_Score         : Train 0.9636, Val 0.9552, Test 0.9584
          RMSE             : Train 29.4962, Val 32.8113, Test 31.7341
Epoch 124: Loss:            : Train 0.0000, Val 0.0010, Test 0.0009
          R2_Score         : Train 0.9641, Val 0.9529, Test 0.9563
          RMSE             : Train 29.2828, Val 33.6520, Test 32.5459
Best:
          R2_Score         : Train 0.9636, Val 0.9552, Test 0.9584
          RMSE             : Train 29.4962, Val 32.8113, Test 31.7341
Epoch 125: Loss:            : Train 0.0000, Val 0.0009, Test 0.0008
          R2_Score         : Train 0.9642, Val 0.9549, Test 0.9579
          RMSE             : Train 29.2478, Val 32.9188, Test 31.9285
Best:
          R2_Score         : Train 0.9636, Val 0.9552, Test 0.9584
          RMSE             : Train 29.4962, Val 32.8113, Test 31.7341
Epoch 126: Loss:            : Train 0.0000, Val 0.0009, Test 0.0009
          R2_Score         : Train 0.9646, Val 0.9546, Test 0.9576
          RMSE             : Train 29.0824, Val 33.0223, Test 32.0320
Best:
          R2_Score         : Train 0.9636, Val 0.9552, Test 0.9584
          RMSE             : Train 29.4962, Val 32.8113, Test 31.7341
Epoch 127: Loss:            : Train 0.0000, Val 0.0009, Test 0.0009
          R2_Score         : Train 0.9643, Val 0.9542, Test 0.9573
          RMSE             : Train 29.2112, Val 33.1790, Test 32.1454
Best:
          R2_Score         : Train 0.9636, Val 0.9552, Test 0.9584
          RMSE             : Train 29.4962, Val 32.8113, Test 31.7341
Epoch 128: Loss:            : Train 0.0000, Val 0.0009, Test 0.0008
          R2_Score         : Train 0.9638, Val 0.9545, Test 0.9578
          RMSE             : Train 29.4146, Val 33.0598, Test 31.9805
Best:
          R2_Score         : Train 0.9636, Val 0.9552, Test 0.9584
          RMSE             : Train 29.4962, Val 32.8113, Test 31.7341
Epoch 129: Loss:            : Train 0.0000, Val 0.0010, Test 0.0009
          R2_Score         : Train 0.9646, Val 0.9534, Test 0.9564
          RMSE             : Train 29.0833, Val 33.4795, Test 32.4948
Best:
          R2_Score         : Train 0.9636, Val 0.9552, Test 0.9584
          RMSE             : Train 29.4962, Val 32.8113, Test 31.7341
Epoch 130: Loss:            : Train 0.0000, Val 0.0010, Test 0.0009
          R2_Score         : Train 0.9649, Val 0.9533, Test 0.9570
          RMSE             : Train 28.9732, Val 33.5102, Test 32.2673
Best:
          R2_Score         : Train 0.9636, Val 0.9552, Test 0.9584
          RMSE             : Train 29.4962, Val 32.8113, Test 31.7341
Epoch 131: Loss:            : Train 0.0000, Val 0.0009, Test 0.0008
          R2_Score         : Train 0.9647, Val 0.9558, Test 0.9581
          RMSE             : Train 29.0620, Val 32.6059, Test 31.8418
Best:
          R2_Score         : Train 0.9647, Val 0.9558, Test 0.9581
          RMSE             : Train 29.0620, Val 32.6059, Test 31.8418
Epoch 132: Loss:            : Train 0.0000, Val 0.0009, Test 0.0009
          R2_Score         : Train 0.9648, Val 0.9541, Test 0.9571
          RMSE             : Train 29.0159, Val 33.2070, Test 32.2300
Best:
          R2_Score         : Train 0.9647, Val 0.9558, Test 0.9581
          RMSE             : Train 29.0620, Val 32.6059, Test 31.8418
Epoch 133: Loss:            : Train 0.0000, Val 0.0009, Test 0.0008
          R2_Score         : Train 0.9640, Val 0.9542, Test 0.9574
          RMSE             : Train 29.3282, Val 33.1958, Test 32.1027
Best:
          R2_Score         : Train 0.9647, Val 0.9558, Test 0.9581
          RMSE             : Train 29.0620, Val 32.6059, Test 31.8418
Epoch 134: Loss:            : Train 0.0000, Val 0.0009, Test 0.0009
          R2_Score         : Train 0.9643, Val 0.9542, Test 0.9567
          RMSE             : Train 29.1994, Val 33.1813, Test 32.3817
Best:
          R2_Score         : Train 0.9647, Val 0.9558, Test 0.9581
          RMSE             : Train 29.0620, Val 32.6059, Test 31.8418
Epoch 135: Loss:            : Train 0.0000, Val 0.0009, Test 0.0009
          R2_Score         : Train 0.9647, Val 0.9543, Test 0.9575
          RMSE             : Train 29.0331, Val 33.1632, Test 32.0762
Best:
          R2_Score         : Train 0.9647, Val 0.9558, Test 0.9581
          RMSE             : Train 29.0620, Val 32.6059, Test 31.8418
Epoch 136: Loss:            : Train 0.0000, Val 0.0009, Test 0.0008
          R2_Score         : Train 0.9646, Val 0.9543, Test 0.9580
          RMSE             : Train 29.1090, Val 33.1552, Test 31.9043
Best:
          R2_Score         : Train 0.9647, Val 0.9558, Test 0.9581
          RMSE             : Train 29.0620, Val 32.6059, Test 31.8418
Epoch 137: Loss:            : Train 0.0000, Val 0.0009, Test 0.0008
          R2_Score         : Train 0.9649, Val 0.9539, Test 0.9576
          RMSE             : Train 28.9609, Val 33.2947, Test 32.0603
Best:
          R2_Score         : Train 0.9647, Val 0.9558, Test 0.9581
          RMSE             : Train 29.0620, Val 32.6059, Test 31.8418
Epoch 138: Loss:            : Train 0.0000, Val 0.0009, Test 0.0008
          R2_Score         : Train 0.9649, Val 0.9547, Test 0.9578
          RMSE             : Train 28.9664, Val 33.0109, Test 31.9547
Best:
          R2_Score         : Train 0.9647, Val 0.9558, Test 0.9581
          RMSE             : Train 29.0620, Val 32.6059, Test 31.8418
Epoch 139: Loss:            : Train 0.0000, Val 0.0009, Test 0.0008
          R2_Score         : Train 0.9649, Val 0.9546, Test 0.9576
          RMSE             : Train 28.9592, Val 33.0275, Test 32.0434
Best:
          R2_Score         : Train 0.9647, Val 0.9558, Test 0.9581
          RMSE             : Train 29.0620, Val 32.6059, Test 31.8418
Epoch 140: Loss:            : Train 0.0000, Val 0.0010, Test 0.0009
          R2_Score         : Train 0.9647, Val 0.9535, Test 0.9569
          RMSE             : Train 29.0608, Val 33.4209, Test 32.2903
Best:
          R2_Score         : Train 0.9647, Val 0.9558, Test 0.9581
          RMSE             : Train 29.0620, Val 32.6059, Test 31.8418
Epoch 141: Loss:            : Train 0.0000, Val 0.0009, Test 0.0009
          R2_Score         : Train 0.9650, Val 0.9539, Test 0.9568
          RMSE             : Train 28.9264, Val 33.2853, Test 32.3316
Best:
          R2_Score         : Train 0.9647, Val 0.9558, Test 0.9581
          RMSE             : Train 29.0620, Val 32.6059, Test 31.8418
Epoch 142: Loss:            : Train 0.0000, Val 0.0009, Test 0.0008
          R2_Score         : Train 0.9651, Val 0.9550, Test 0.9581
          RMSE             : Train 28.8753, Val 32.9117, Test 31.8542
Best:
          R2_Score         : Train 0.9647, Val 0.9558, Test 0.9581
          RMSE             : Train 29.0620, Val 32.6059, Test 31.8418
Epoch 143: Loss:            : Train 0.0000, Val 0.0009, Test 0.0008
          R2_Score         : Train 0.9654, Val 0.9553, Test 0.9585
          RMSE             : Train 28.7419, Val 32.7706, Test 31.6900
Best:
          R2_Score         : Train 0.9647, Val 0.9558, Test 0.9581
          RMSE             : Train 29.0620, Val 32.6059, Test 31.8418
Epoch 144: Loss:            : Train 0.0000, Val 0.0009, Test 0.0008
          R2_Score         : Train 0.9652, Val 0.9549, Test 0.9583
          RMSE             : Train 28.8339, Val 32.9387, Test 31.7861
Best:
          R2_Score         : Train 0.9647, Val 0.9558, Test 0.9581
          RMSE             : Train 29.0620, Val 32.6059, Test 31.8418
Epoch 145: Loss:            : Train 0.0000, Val 0.0009, Test 0.0009
          R2_Score         : Train 0.9653, Val 0.9533, Test 0.9567
          RMSE             : Train 28.7974, Val 33.5167, Test 32.3816
Best:
          R2_Score         : Train 0.9647, Val 0.9558, Test 0.9581
          RMSE             : Train 29.0620, Val 32.6059, Test 31.8418
Epoch 146: Loss:            : Train 0.0000, Val 0.0010, Test 0.0009
          R2_Score         : Train 0.9647, Val 0.9528, Test 0.9564
          RMSE             : Train 29.0570, Val 33.6943, Test 32.4940
Best:
          R2_Score         : Train 0.9647, Val 0.9558, Test 0.9581
          RMSE             : Train 29.0620, Val 32.6059, Test 31.8418
Epoch 147: Loss:            : Train 0.0000, Val 0.0009, Test 0.0009
          R2_Score         : Train 0.9646, Val 0.9527, Test 0.9567
          RMSE             : Train 29.0990, Val 33.7325, Test 32.3858
Best:
          R2_Score         : Train 0.9647, Val 0.9558, Test 0.9581
          RMSE             : Train 29.0620, Val 32.6059, Test 31.8418
Epoch 148: Loss:            : Train 0.0000, Val 0.0009, Test 0.0008
          R2_Score         : Train 0.9650, Val 0.9554, Test 0.9582
          RMSE             : Train 28.9439, Val 32.7593, Test 31.8246
Best:
          R2_Score         : Train 0.9647, Val 0.9558, Test 0.9581
          RMSE             : Train 29.0620, Val 32.6059, Test 31.8418
Epoch 149: Loss:            : Train 0.0000, Val 0.0009, Test 0.0008
          R2_Score         : Train 0.9654, Val 0.9547, Test 0.9580
          RMSE             : Train 28.7796, Val 32.9918, Test 31.8883
Best:
          R2_Score         : Train 0.9647, Val 0.9558, Test 0.9581
          RMSE             : Train 29.0620, Val 32.6059, Test 31.8418
Epoch 150: Loss:            : Train 0.0000, Val 0.0009, Test 0.0008
          R2_Score         : Train 0.9645, Val 0.9561, Test 0.9580
          RMSE             : Train 29.1197, Val 32.4999, Test 31.8924
Best:
          R2_Score         : Train 0.9645, Val 0.9561, Test 0.9580
          RMSE             : Train 29.1197, Val 32.4999, Test 31.8924
Epoch 151: Loss:            : Train 0.0000, Val 0.0009, Test 0.0009
          R2_Score         : Train 0.9654, Val 0.9540, Test 0.9575
          RMSE             : Train 28.7698, Val 33.2535, Test 32.0878
Best:
          R2_Score         : Train 0.9645, Val 0.9561, Test 0.9580
          RMSE             : Train 29.1197, Val 32.4999, Test 31.8924
Epoch 152: Loss:            : Train 0.0000, Val 0.0009, Test 0.0008
          R2_Score         : Train 0.9654, Val 0.9546, Test 0.9583
          RMSE             : Train 28.7493, Val 33.0223, Test 31.7876
Best:
          R2_Score         : Train 0.9645, Val 0.9561, Test 0.9580
          RMSE             : Train 29.1197, Val 32.4999, Test 31.8924
Epoch 153: Loss:            : Train 0.0000, Val 0.0009, Test 0.0008
          R2_Score         : Train 0.9659, Val 0.9551, Test 0.9586
          RMSE             : Train 28.5495, Val 32.8455, Test 31.6490
Best:
          R2_Score         : Train 0.9645, Val 0.9561, Test 0.9580
          RMSE             : Train 29.1197, Val 32.4999, Test 31.8924
Epoch 154: Loss:            : Train 0.0000, Val 0.0009, Test 0.0008
          R2_Score         : Train 0.9658, Val 0.9542, Test 0.9581
          RMSE             : Train 28.5774, Val 33.1893, Test 31.8592
Best:
          R2_Score         : Train 0.9645, Val 0.9561, Test 0.9580
          RMSE             : Train 29.1197, Val 32.4999, Test 31.8924
Epoch 155: Loss:            : Train 0.0000, Val 0.0009, Test 0.0009
          R2_Score         : Train 0.9656, Val 0.9542, Test 0.9574
          RMSE             : Train 28.6954, Val 33.1934, Test 32.1122
Best:
          R2_Score         : Train 0.9645, Val 0.9561, Test 0.9580
          RMSE             : Train 29.1197, Val 32.4999, Test 31.8924
Epoch 156: Loss:            : Train 0.0000, Val 0.0010, Test 0.0009
          R2_Score         : Train 0.9650, Val 0.9541, Test 0.9574
          RMSE             : Train 28.9469, Val 33.2282, Test 32.1266
Best:
          R2_Score         : Train 0.9645, Val 0.9561, Test 0.9580
          RMSE             : Train 29.1197, Val 32.4999, Test 31.8924
Epoch 157: Loss:            : Train 0.0000, Val 0.0009, Test 0.0009
          R2_Score         : Train 0.9654, Val 0.9546, Test 0.9570
          RMSE             : Train 28.7617, Val 33.0390, Test 32.2863
Best:
          R2_Score         : Train 0.9645, Val 0.9561, Test 0.9580
          RMSE             : Train 29.1197, Val 32.4999, Test 31.8924
Epoch 158: Loss:            : Train 0.0000, Val 0.0009, Test 0.0008
          R2_Score         : Train 0.9653, Val 0.9551, Test 0.9585
          RMSE             : Train 28.8194, Val 32.8412, Test 31.7088
Best:
          R2_Score         : Train 0.9645, Val 0.9561, Test 0.9580
          RMSE             : Train 29.1197, Val 32.4999, Test 31.8924
Epoch 159: Loss:            : Train 0.0000, Val 0.0009, Test 0.0009
          R2_Score         : Train 0.9654, Val 0.9543, Test 0.9566
          RMSE             : Train 28.7614, Val 33.1521, Test 32.4257
Best:
          R2_Score         : Train 0.9645, Val 0.9561, Test 0.9580
          RMSE             : Train 29.1197, Val 32.4999, Test 31.8924
Epoch 160: Loss:            : Train 0.0000, Val 0.0009, Test 0.0008
          R2_Score         : Train 0.9650, Val 0.9547, Test 0.9585
          RMSE             : Train 28.9325, Val 32.9914, Test 31.7221
Best:
          R2_Score         : Train 0.9645, Val 0.9561, Test 0.9580
          RMSE             : Train 29.1197, Val 32.4999, Test 31.8924
Epoch 161: Loss:            : Train 0.0000, Val 0.0010, Test 0.0009
          R2_Score         : Train 0.9653, Val 0.9537, Test 0.9573
          RMSE             : Train 28.8020, Val 33.3526, Test 32.1671
Best:
          R2_Score         : Train 0.9645, Val 0.9561, Test 0.9580
          RMSE             : Train 29.1197, Val 32.4999, Test 31.8924
Epoch 162: Loss:            : Train 0.0000, Val 0.0009, Test 0.0008
          R2_Score         : Train 0.9651, Val 0.9545, Test 0.9580
          RMSE             : Train 28.8747, Val 33.0617, Test 31.9093
Best:
          R2_Score         : Train 0.9645, Val 0.9561, Test 0.9580
          RMSE             : Train 29.1197, Val 32.4999, Test 31.8924
Epoch 163: Loss:            : Train 0.0000, Val 0.0009, Test 0.0008
          R2_Score         : Train 0.9662, Val 0.9551, Test 0.9588
          RMSE             : Train 28.4435, Val 32.8615, Test 31.5989
Best:
          R2_Score         : Train 0.9645, Val 0.9561, Test 0.9580
          RMSE             : Train 29.1197, Val 32.4999, Test 31.8924
Epoch 164: Loss:            : Train 0.0000, Val 0.0009, Test 0.0008
          R2_Score         : Train 0.9657, Val 0.9546, Test 0.9588
          RMSE             : Train 28.6434, Val 33.0341, Test 31.6007
Best:
          R2_Score         : Train 0.9645, Val 0.9561, Test 0.9580
          RMSE             : Train 29.1197, Val 32.4999, Test 31.8924
Epoch 165: Loss:            : Train 0.0000, Val 0.0009, Test 0.0008
          R2_Score         : Train 0.9658, Val 0.9541, Test 0.9584
          RMSE             : Train 28.5924, Val 33.2122, Test 31.7346
Best:
          R2_Score         : Train 0.9645, Val 0.9561, Test 0.9580
          RMSE             : Train 29.1197, Val 32.4999, Test 31.8924
Epoch 166: Loss:            : Train 0.0000, Val 0.0009, Test 0.0008
          R2_Score         : Train 0.9661, Val 0.9542, Test 0.9573
          RMSE             : Train 28.4724, Val 33.1756, Test 32.1671
Best:
          R2_Score         : Train 0.9645, Val 0.9561, Test 0.9580
          RMSE             : Train 29.1197, Val 32.4999, Test 31.8924
Epoch 167: Loss:            : Train 0.0000, Val 0.0009, Test 0.0008
          R2_Score         : Train 0.9659, Val 0.9550, Test 0.9589
          RMSE             : Train 28.5522, Val 32.8976, Test 31.5525
Best:
          R2_Score         : Train 0.9645, Val 0.9561, Test 0.9580
          RMSE             : Train 29.1197, Val 32.4999, Test 31.8924
Epoch 168: Loss:            : Train 0.0000, Val 0.0009, Test 0.0008
          R2_Score         : Train 0.9661, Val 0.9551, Test 0.9584
          RMSE             : Train 28.4864, Val 32.8425, Test 31.7330
Best:
          R2_Score         : Train 0.9645, Val 0.9561, Test 0.9580
          RMSE             : Train 29.1197, Val 32.4999, Test 31.8924
Epoch 169: Loss:            : Train 0.0000, Val 0.0010, Test 0.0009
          R2_Score         : Train 0.9663, Val 0.9528, Test 0.9561
          RMSE             : Train 28.3798, Val 33.6890, Test 32.6106
Best:
          R2_Score         : Train 0.9645, Val 0.9561, Test 0.9580
          RMSE             : Train 29.1197, Val 32.4999, Test 31.8924
Epoch 170: Loss:            : Train 0.0000, Val 0.0009, Test 0.0008
          R2_Score         : Train 0.9660, Val 0.9552, Test 0.9587
          RMSE             : Train 28.5274, Val 32.8095, Test 31.6119
Best:
          R2_Score         : Train 0.9645, Val 0.9561, Test 0.9580
          RMSE             : Train 29.1197, Val 32.4999, Test 31.8924
Epoch 171: Loss:            : Train 0.0000, Val 0.0009, Test 0.0009
          R2_Score         : Train 0.9661, Val 0.9538, Test 0.9577
          RMSE             : Train 28.4491, Val 33.3291, Test 32.0239
Best:
          R2_Score         : Train 0.9645, Val 0.9561, Test 0.9580
          RMSE             : Train 29.1197, Val 32.4999, Test 31.8924
Epoch 172: Loss:            : Train 0.0000, Val 0.0009, Test 0.0008
          R2_Score         : Train 0.9657, Val 0.9547, Test 0.9578
          RMSE             : Train 28.6345, Val 33.0115, Test 31.9586
Best:
          R2_Score         : Train 0.9645, Val 0.9561, Test 0.9580
          RMSE             : Train 29.1197, Val 32.4999, Test 31.8924
Epoch 173: Loss:            : Train 0.0000, Val 0.0009, Test 0.0008
          R2_Score         : Train 0.9659, Val 0.9544, Test 0.9584
          RMSE             : Train 28.5596, Val 33.0944, Test 31.7420
Best:
          R2_Score         : Train 0.9645, Val 0.9561, Test 0.9580
          RMSE             : Train 29.1197, Val 32.4999, Test 31.8924
Epoch 174: Loss:            : Train 0.0000, Val 0.0009, Test 0.0009
          R2_Score         : Train 0.9654, Val 0.9539, Test 0.9567
          RMSE             : Train 28.7766, Val 33.2993, Test 32.4011
Best:
          R2_Score         : Train 0.9645, Val 0.9561, Test 0.9580
          RMSE             : Train 29.1197, Val 32.4999, Test 31.8924
Epoch 175: Loss:            : Train 0.0000, Val 0.0010, Test 0.0009
          R2_Score         : Train 0.9658, Val 0.9534, Test 0.9570
          RMSE             : Train 28.5912, Val 33.4775, Test 32.2619
Best:
          R2_Score         : Train 0.9645, Val 0.9561, Test 0.9580
          RMSE             : Train 29.1197, Val 32.4999, Test 31.8924
Epoch 176: Loss:            : Train 0.0000, Val 0.0009, Test 0.0008
          R2_Score         : Train 0.9661, Val 0.9562, Test 0.9591
          RMSE             : Train 28.4769, Val 32.4632, Test 31.4674
Best:
          R2_Score         : Train 0.9661, Val 0.9562, Test 0.9591
          RMSE             : Train 28.4769, Val 32.4632, Test 31.4674
Epoch 177: Loss:            : Train 0.0000, Val 0.0009, Test 0.0008
          R2_Score         : Train 0.9664, Val 0.9550, Test 0.9582
          RMSE             : Train 28.3339, Val 32.8855, Test 31.8027
Best:
          R2_Score         : Train 0.9661, Val 0.9562, Test 0.9591
          RMSE             : Train 28.4769, Val 32.4632, Test 31.4674
Epoch 178: Loss:            : Train 0.0000, Val 0.0009, Test 0.0008
          R2_Score         : Train 0.9666, Val 0.9541, Test 0.9576
          RMSE             : Train 28.2401, Val 33.2147, Test 32.0557
Best:
          R2_Score         : Train 0.9661, Val 0.9562, Test 0.9591
          RMSE             : Train 28.4769, Val 32.4632, Test 31.4674
Epoch 179: Loss:            : Train 0.0000, Val 0.0009, Test 0.0008
          R2_Score         : Train 0.9662, Val 0.9550, Test 0.9586
          RMSE             : Train 28.4060, Val 32.8805, Test 31.6529
Best:
          R2_Score         : Train 0.9661, Val 0.9562, Test 0.9591
          RMSE             : Train 28.4769, Val 32.4632, Test 31.4674
Epoch 180: Loss:            : Train 0.0000, Val 0.0009, Test 0.0009
          R2_Score         : Train 0.9663, Val 0.9527, Test 0.9560
          RMSE             : Train 28.3690, Val 33.7210, Test 32.6306
Best:
          R2_Score         : Train 0.9661, Val 0.9562, Test 0.9591
          RMSE             : Train 28.4769, Val 32.4632, Test 31.4674
Epoch 181: Loss:            : Train 0.0000, Val 0.0009, Test 0.0008
          R2_Score         : Train 0.9662, Val 0.9543, Test 0.9582
          RMSE             : Train 28.4312, Val 33.1398, Test 31.8088
Best:
          R2_Score         : Train 0.9661, Val 0.9562, Test 0.9591
          RMSE             : Train 28.4769, Val 32.4632, Test 31.4674
Epoch 182: Loss:            : Train 0.0000, Val 0.0009, Test 0.0008
          R2_Score         : Train 0.9669, Val 0.9556, Test 0.9590
          RMSE             : Train 28.1363, Val 32.6849, Test 31.5238
Best:
          R2_Score         : Train 0.9661, Val 0.9562, Test 0.9591
          RMSE             : Train 28.4769, Val 32.4632, Test 31.4674
Epoch 183: Loss:            : Train 0.0000, Val 0.0009, Test 0.0008
          R2_Score         : Train 0.9670, Val 0.9547, Test 0.9578
          RMSE             : Train 28.1023, Val 32.9884, Test 31.9833
Best:
          R2_Score         : Train 0.9661, Val 0.9562, Test 0.9591
          RMSE             : Train 28.4769, Val 32.4632, Test 31.4674
Epoch 184: Loss:            : Train 0.0000, Val 0.0009, Test 0.0008
          R2_Score         : Train 0.9661, Val 0.9556, Test 0.9593
          RMSE             : Train 28.4527, Val 32.6902, Test 31.3783
Best:
          R2_Score         : Train 0.9661, Val 0.9562, Test 0.9591
          RMSE             : Train 28.4769, Val 32.4632, Test 31.4674
Epoch 185: Loss:            : Train 0.0000, Val 0.0009, Test 0.0008
          R2_Score         : Train 0.9666, Val 0.9549, Test 0.9586
          RMSE             : Train 28.2411, Val 32.9151, Test 31.6714
Best:
          R2_Score         : Train 0.9661, Val 0.9562, Test 0.9591
          RMSE             : Train 28.4769, Val 32.4632, Test 31.4674
Epoch 186: Loss:            : Train 0.0000, Val 0.0009, Test 0.0008
          R2_Score         : Train 0.9668, Val 0.9549, Test 0.9585
          RMSE             : Train 28.1744, Val 32.9281, Test 31.7162
Best:
          R2_Score         : Train 0.9661, Val 0.9562, Test 0.9591
          RMSE             : Train 28.4769, Val 32.4632, Test 31.4674
Epoch 187: Loss:            : Train 0.0000, Val 0.0009, Test 0.0008
          R2_Score         : Train 0.9664, Val 0.9545, Test 0.9580
          RMSE             : Train 28.3626, Val 33.0876, Test 31.8890
Best:
          R2_Score         : Train 0.9661, Val 0.9562, Test 0.9591
          RMSE             : Train 28.4769, Val 32.4632, Test 31.4674
Epoch 188: Loss:            : Train 0.0000, Val 0.0009, Test 0.0008
          R2_Score         : Train 0.9667, Val 0.9556, Test 0.9585
          RMSE             : Train 28.2229, Val 32.6905, Test 31.7001
Best:
          R2_Score         : Train 0.9661, Val 0.9562, Test 0.9591
          RMSE             : Train 28.4769, Val 32.4632, Test 31.4674
Epoch 189: Loss:            : Train 0.0000, Val 0.0009, Test 0.0008
          R2_Score         : Train 0.9669, Val 0.9545, Test 0.9576
          RMSE             : Train 28.1250, Val 33.0656, Test 32.0490
Best:
          R2_Score         : Train 0.9661, Val 0.9562, Test 0.9591
          RMSE             : Train 28.4769, Val 32.4632, Test 31.4674
Epoch 190: Loss:            : Train 0.0000, Val 0.0009, Test 0.0008
          R2_Score         : Train 0.9668, Val 0.9549, Test 0.9578
          RMSE             : Train 28.1634, Val 32.9167, Test 31.9530
Best:
          R2_Score         : Train 0.9661, Val 0.9562, Test 0.9591
          RMSE             : Train 28.4769, Val 32.4632, Test 31.4674
Epoch 191: Loss:            : Train 0.0000, Val 0.0009, Test 0.0008
          R2_Score         : Train 0.9668, Val 0.9549, Test 0.9588
          RMSE             : Train 28.1608, Val 32.9382, Test 31.5723
Best:
          R2_Score         : Train 0.9661, Val 0.9562, Test 0.9591
          RMSE             : Train 28.4769, Val 32.4632, Test 31.4674
Epoch 192: Loss:            : Train 0.0000, Val 0.0009, Test 0.0008
          R2_Score         : Train 0.9667, Val 0.9545, Test 0.9576
          RMSE             : Train 28.2082, Val 33.0807, Test 32.0559
Best:
          R2_Score         : Train 0.9661, Val 0.9562, Test 0.9591
          RMSE             : Train 28.4769, Val 32.4632, Test 31.4674
Epoch 193: Loss:            : Train 0.0000, Val 0.0009, Test 0.0008
          R2_Score         : Train 0.9668, Val 0.9548, Test 0.9582
          RMSE             : Train 28.1762, Val 32.9559, Test 31.8246
Best:
          R2_Score         : Train 0.9661, Val 0.9562, Test 0.9591
          RMSE             : Train 28.4769, Val 32.4632, Test 31.4674
Epoch 194: Loss:            : Train 0.0000, Val 0.0009, Test 0.0008
          R2_Score         : Train 0.9671, Val 0.9556, Test 0.9593
          RMSE             : Train 28.0642, Val 32.6651, Test 31.4146
Best:
          R2_Score         : Train 0.9661, Val 0.9562, Test 0.9591
          RMSE             : Train 28.4769, Val 32.4632, Test 31.4674
Epoch 195: Loss:            : Train 0.0000, Val 0.0009, Test 0.0008
          R2_Score         : Train 0.9670, Val 0.9552, Test 0.9586
          RMSE             : Train 28.0676, Val 32.8329, Test 31.6635
Best:
          R2_Score         : Train 0.9661, Val 0.9562, Test 0.9591
          RMSE             : Train 28.4769, Val 32.4632, Test 31.4674
Epoch 196: Loss:            : Train 0.0000, Val 0.0009, Test 0.0008
          R2_Score         : Train 0.9668, Val 0.9553, Test 0.9584
          RMSE             : Train 28.1604, Val 32.8015, Test 31.7500
Best:
          R2_Score         : Train 0.9661, Val 0.9562, Test 0.9591
          RMSE             : Train 28.4769, Val 32.4632, Test 31.4674
Epoch 197: Loss:            : Train 0.0000, Val 0.0009, Test 0.0009
          R2_Score         : Train 0.9661, Val 0.9541, Test 0.9570
          RMSE             : Train 28.4500, Val 33.2232, Test 32.2712
Best:
          R2_Score         : Train 0.9661, Val 0.9562, Test 0.9591
          RMSE             : Train 28.4769, Val 32.4632, Test 31.4674
Epoch 198: Loss:            : Train 0.0000, Val 0.0009, Test 0.0008
          R2_Score         : Train 0.9666, Val 0.9557, Test 0.9591
          RMSE             : Train 28.2414, Val 32.6215, Test 31.4853
Best:
          R2_Score         : Train 0.9661, Val 0.9562, Test 0.9591
          RMSE             : Train 28.4769, Val 32.4632, Test 31.4674
Epoch 199: Loss:            : Train 0.0000, Val 0.0009, Test 0.0008
          R2_Score         : Train 0.9673, Val 0.9560, Test 0.9595
          RMSE             : Train 27.9636, Val 32.5214, Test 31.3052
Best:
          R2_Score         : Train 0.9661, Val 0.9562, Test 0.9591
          RMSE             : Train 28.4769, Val 32.4632, Test 31.4674
Epoch 200: Loss:            : Train 0.0000, Val 0.0009, Test 0.0008
          R2_Score         : Train 0.9674, Val 0.9551, Test 0.9581
          RMSE             : Train 27.9346, Val 32.8530, Test 31.8380
Best:
          R2_Score         : Train 0.9661, Val 0.9562, Test 0.9591
          RMSE             : Train 28.4769, Val 32.4632, Test 31.4674
Training time (sec): 321
