Loading house from data/hdb/hdb_clean.csv
Loading airbnb from data/hdb/school_clean.csv
Current hdb columns Index(['floor_area_sqm', 'lease_commence_year_before_2020', 'tn_BEDOK',
       'tn_BISHAN', 'tn_BUKIT BATOK', 'tn_BUKIT MERAH', 'tn_BUKIT PANJANG',
       'tn_BUKIT TIMAH', 'tn_CENTRAL AREA', 'tn_CHOA CHU KANG', 'tn_CLEMENTI',
       'tn_GEYLANG', 'tn_HOUGANG', 'tn_JURONG EAST', 'tn_JURONG WEST',
       'tn_KALLANG/WHAMPOA', 'tn_MARINE PARADE', 'tn_PASIR RIS', 'tn_PUNGGOL',
       'tn_QUEENSTOWN', 'tn_SEMBAWANG', 'tn_SENGKANG', 'tn_SERANGOON',
       'tn_TAMPINES', 'tn_TOA PAYOH', 'tn_WOODLANDS', 'tn_YISHUN', 'ft_2 ROOM',
       'ft_3 ROOM', 'ft_4 ROOM', 'ft_5 ROOM', 'ft_EXECUTIVE',
       'ft_MULTI-GENERATION', 'sr_04 TO 06', 'sr_07 TO 09', 'sr_10 TO 12',
       'sr_13 TO 15', 'sr_16 TO 18', 'sr_19 TO 21', 'sr_22 TO 24',
       'sr_25 TO 27', 'sr_28 TO 30', 'sr_31 TO 33', 'sr_34 TO 36',
       'sr_37 TO 39', 'sr_40 TO 42', 'sr_43 TO 45', 'sr_46 TO 48',
       'sr_49 TO 51', 'fm_Adjoined flat', 'fm_Apartment', 'fm_DBSS',
       'fm_Improved', 'fm_Improved-Maisonette', 'fm_Maisonette', 'fm_Model A',
       'fm_Model A-Maisonette', 'fm_Model A2', 'fm_Multi Generation',
       'fm_New Generation', 'fm_Premium Apartment',
       'fm_Premium Apartment Loft', 'fm_Premium Maisonette', 'fm_Simplified',
       'fm_Standard', 'fm_Terrace', 'fm_Type S1', 'fm_Type S2', 'lon', 'lat'],
      dtype='object')
Current airbnb columns Index(['lon', 'lat', 'n_places_0', 'vacancy_rate_0', 'n_places_1',
       'vacancy_rate_1', 'n_places_2', 'vacancy_rate_2', 'n_places_3',
       'vacancy_rate_3'],
      dtype='object')
Loading data from cache
Done
Calculating noise scale
Standard variance of sim_score: 670924.21
Adding noise of scale 5.930549204257566e-06 to sim_scores
Adding noise of scale 5.930549204257566e-06 to sim_scores
Adding noise of scale 5.930549204257566e-06 to sim_scores
Preparing time (sec): 3
Initializing dataloader
Done
Prepare for training
Start training
================================================================================
                                    Kernel Shape Output Shape  Params  \
Layer                                                                   
0_local_models.0.fc_layers.Linear_0    [69, 200]   [128, 200]   14000   
1_local_models.0.fc_layers.Linear_1   [200, 100]   [128, 100]   20100   
2_local_models.1.fc_layers.Linear_0     [8, 200]   [128, 200]    1800   
3_local_models.1.fc_layers.Linear_1   [200, 100]   [128, 100]   20100   
4_agg_model.fc_layers.Linear_0        [200, 100]   [128, 100]   20100   
5_agg_model.fc_layers.Linear_1          [100, 1]     [128, 1]     101   

                                     Mult-Adds  
Layer                                           
0_local_models.0.fc_layers.Linear_0      13800  
1_local_models.0.fc_layers.Linear_1      20000  
2_local_models.1.fc_layers.Linear_0       1600  
3_local_models.1.fc_layers.Linear_1      20000  
4_agg_model.fc_layers.Linear_0           20000  
5_agg_model.fc_layers.Linear_1             100  
--------------------------------------------------------------------------------
                      Totals
Total params           76201
Trainable params       76201
Non-trainable params       0
Mult-Adds              75500
================================================================================
n_classes=2
task=regression
model_name=hdb_featuresim_2022-01-25-16-27-59
sche_threshold=0.0001
sche_patience=10
sche_factor=0.1
use_scheduler=False
num_workers=4
device=cuda:0
test_batch_size=4096
train_batch_size=128
learning_rate=0.001
weight_decay=1e-05
num_epochs=100
model_save_path=ckp/hdb_featuresim_2022-01-25-16-27-59.pth
test_rate=0.2
val_rate=0.1
multiprocess_context=fork
metrics=['r2_score', 'rmse']
metrics_f=[<metric.r2_score.R2Score object at 0x7fd819581c70>, <metric.rmse.RMSE object at 0x7fd819581a90>]
hidden_sizes=[200, 100]
model=SplitNN(
  (agg_model): MLP(
    (fc_layers): ModuleList(
      (0): Linear(in_features=200, out_features=100, bias=True)
      (1): Linear(in_features=100, out_features=1, bias=True)
    )
  )
  (local_models): ModuleList(
    (0): MLP(
      (fc_layers): ModuleList(
        (0): Linear(in_features=69, out_features=200, bias=True)
        (1): Linear(in_features=200, out_features=100, bias=True)
      )
    )
    (1): MLP(
      (fc_layers): ModuleList(
        (0): Linear(in_features=8, out_features=200, bias=True)
        (1): Linear(in_features=200, out_features=100, bias=True)
      )
    )
  )
)
writer=<torch.utils.tensorboard.writer.SummaryWriter object at 0x7fd90fa2c250>
dataset_type=real
drop_key=True
num_common_features=2
tree_radius=0.01
tree_leaf_size=1000
knn_k=50
grid_min=-10.0
grid_max=10.0
grid_width=1.5
sim_scaler=StandardScaler()
filter_top_k=None
link_n_jobs=-1
psig_p=7
sim_leak_p=0.1
link_threshold_t=0.01
link_epsilon=0.005
n_hash_lsh=20
edit_distance_threshold=1
n_hash_func=10
collision_rate=0.05
qgram_q=2
link_delta=0.005
feature_wise_sim=False
blocking_method=knn_priv_float
center_threshold=0.5
n_clusters=100
local_hidden_sizes=[[200], [200]]
cut_dims=[100, 100]
agg_hidden_sizes=[100]
scale_analysis=<utils.privacy.SimNoiseScale object at 0x7fd81953b2b0>
data1_shape=(92065, 70)
data2_shape=(165, 10)
Epoch 1: Loss:            : Train 0.0105, Val 0.0020, Test 0.0020
          R2_Score         : Train 0.4607, Val 0.8977, Test 0.8998
          RMSE             : Train 113.5514, Val 49.6060, Test 49.2656
Best:
          R2_Score         : Train 0.4607, Val 0.8977, Test 0.8998
          RMSE             : Train 113.5514, Val 49.6060, Test 49.2656
Epoch 2: Loss:            : Train 0.0018, Val 0.0018, Test 0.0017
          R2_Score         : Train 0.9068, Val 0.9081, Test 0.9129
          RMSE             : Train 47.2120, Val 47.0104, Test 45.9284
Best:
          R2_Score         : Train 0.9068, Val 0.9081, Test 0.9129
          RMSE             : Train 47.2120, Val 47.0104, Test 45.9284
Epoch 3: Loss:            : Train 0.0016, Val 0.0016, Test 0.0016
          R2_Score         : Train 0.9153, Val 0.9159, Test 0.9189
          RMSE             : Train 44.9880, Val 44.9574, Test 44.3104
Best:
          R2_Score         : Train 0.9153, Val 0.9159, Test 0.9189
          RMSE             : Train 44.9880, Val 44.9574, Test 44.3104
Epoch 4: Loss:            : Train 0.0016, Val 0.0016, Test 0.0016
          R2_Score         : Train 0.9190, Val 0.9169, Test 0.9200
          RMSE             : Train 44.0075, Val 44.6972, Test 44.0209
Best:
          R2_Score         : Train 0.9190, Val 0.9169, Test 0.9200
          RMSE             : Train 44.0075, Val 44.6972, Test 44.0209
Epoch 5: Loss:            : Train 0.0015, Val 0.0016, Test 0.0015
          R2_Score         : Train 0.9214, Val 0.9189, Test 0.9237
          RMSE             : Train 43.3356, Val 44.1673, Test 42.9902
Best:
          R2_Score         : Train 0.9214, Val 0.9189, Test 0.9237
          RMSE             : Train 43.3356, Val 44.1673, Test 42.9902
Epoch 6: Loss:            : Train 0.0015, Val 0.0016, Test 0.0015
          R2_Score         : Train 0.9235, Val 0.9190, Test 0.9231
          RMSE             : Train 42.7775, Val 44.1290, Test 43.1629
Best:
          R2_Score         : Train 0.9235, Val 0.9190, Test 0.9231
          RMSE             : Train 42.7775, Val 44.1290, Test 43.1629
Epoch 7: Loss:            : Train 0.0015, Val 0.0015, Test 0.0015
          R2_Score         : Train 0.9246, Val 0.9220, Test 0.9259
          RMSE             : Train 42.4468, Val 43.2957, Test 42.3646
Best:
          R2_Score         : Train 0.9246, Val 0.9220, Test 0.9259
          RMSE             : Train 42.4468, Val 43.2957, Test 42.3646
Epoch 8: Loss:            : Train 0.0014, Val 0.0015, Test 0.0014
          R2_Score         : Train 0.9258, Val 0.9216, Test 0.9266
          RMSE             : Train 42.1054, Val 43.4312, Test 42.1644
Best:
          R2_Score         : Train 0.9246, Val 0.9220, Test 0.9259
          RMSE             : Train 42.4468, Val 43.2957, Test 42.3646
Epoch 9: Loss:            : Train 0.0014, Val 0.0015, Test 0.0015
          R2_Score         : Train 0.9270, Val 0.9213, Test 0.9260
          RMSE             : Train 41.7673, Val 43.5111, Test 42.3409
Best:
          R2_Score         : Train 0.9246, Val 0.9220, Test 0.9259
          RMSE             : Train 42.4468, Val 43.2957, Test 42.3646
Epoch 10: Loss:            : Train 0.0014, Val 0.0015, Test 0.0015
          R2_Score         : Train 0.9276, Val 0.9224, Test 0.9255
          RMSE             : Train 41.6128, Val 43.1895, Test 42.4800
Best:
          R2_Score         : Train 0.9276, Val 0.9224, Test 0.9255
          RMSE             : Train 41.6128, Val 43.1895, Test 42.4800
Epoch 11: Loss:            : Train 0.0014, Val 0.0015, Test 0.0015
          R2_Score         : Train 0.9282, Val 0.9222, Test 0.9252
          RMSE             : Train 41.4316, Val 43.2380, Test 42.5715
Best:
          R2_Score         : Train 0.9276, Val 0.9224, Test 0.9255
          RMSE             : Train 41.6128, Val 43.1895, Test 42.4800
Epoch 12: Loss:            : Train 0.0014, Val 0.0015, Test 0.0014
          R2_Score         : Train 0.9288, Val 0.9253, Test 0.9287
          RMSE             : Train 41.2528, Val 42.3718, Test 41.5688
Best:
          R2_Score         : Train 0.9288, Val 0.9253, Test 0.9287
          RMSE             : Train 41.2528, Val 42.3718, Test 41.5688
Epoch 13: Loss:            : Train 0.0014, Val 0.0015, Test 0.0014
          R2_Score         : Train 0.9298, Val 0.9244, Test 0.9272
          RMSE             : Train 40.9703, Val 42.6349, Test 41.9853
Best:
          R2_Score         : Train 0.9288, Val 0.9253, Test 0.9287
          RMSE             : Train 41.2528, Val 42.3718, Test 41.5688
Epoch 14: Loss:            : Train 0.0014, Val 0.0015, Test 0.0014
          R2_Score         : Train 0.9302, Val 0.9239, Test 0.9287
          RMSE             : Train 40.8596, Val 42.7761, Test 41.5583
Best:
          R2_Score         : Train 0.9288, Val 0.9253, Test 0.9287
          RMSE             : Train 41.2528, Val 42.3718, Test 41.5688
Epoch 15: Loss:            : Train 0.0013, Val 0.0015, Test 0.0014
          R2_Score         : Train 0.9307, Val 0.9255, Test 0.9295
          RMSE             : Train 40.7094, Val 42.3364, Test 41.3213
Best:
          R2_Score         : Train 0.9307, Val 0.9255, Test 0.9295
          RMSE             : Train 40.7094, Val 42.3364, Test 41.3213
Epoch 16: Loss:            : Train 0.0013, Val 0.0015, Test 0.0014
          R2_Score         : Train 0.9313, Val 0.9252, Test 0.9298
          RMSE             : Train 40.5198, Val 42.4059, Test 41.2470
Best:
          R2_Score         : Train 0.9307, Val 0.9255, Test 0.9295
          RMSE             : Train 40.7094, Val 42.3364, Test 41.3213
Epoch 17: Loss:            : Train 0.0013, Val 0.0015, Test 0.0014
          R2_Score         : Train 0.9319, Val 0.9255, Test 0.9288
          RMSE             : Train 40.3547, Val 42.3102, Test 41.5302
Best:
          R2_Score         : Train 0.9319, Val 0.9255, Test 0.9288
          RMSE             : Train 40.3547, Val 42.3102, Test 41.5302
Epoch 18: Loss:            : Train 0.0013, Val 0.0014, Test 0.0014
          R2_Score         : Train 0.9322, Val 0.9267, Test 0.9312
          RMSE             : Train 40.2688, Val 41.9906, Test 40.8287
Best:
          R2_Score         : Train 0.9322, Val 0.9267, Test 0.9312
          RMSE             : Train 40.2688, Val 41.9906, Test 40.8287
Epoch 19: Loss:            : Train 0.0013, Val 0.0014, Test 0.0014
          R2_Score         : Train 0.9328, Val 0.9263, Test 0.9297
          RMSE             : Train 40.0942, Val 42.1024, Test 41.2722
Best:
          R2_Score         : Train 0.9322, Val 0.9267, Test 0.9312
          RMSE             : Train 40.2688, Val 41.9906, Test 40.8287
Epoch 20: Loss:            : Train 0.0013, Val 0.0014, Test 0.0013
          R2_Score         : Train 0.9332, Val 0.9281, Test 0.9322
          RMSE             : Train 39.9636, Val 41.5850, Test 40.5268
Best:
          R2_Score         : Train 0.9332, Val 0.9281, Test 0.9322
          RMSE             : Train 39.9636, Val 41.5850, Test 40.5268
Epoch 21: Loss:            : Train 0.0013, Val 0.0014, Test 0.0013
          R2_Score         : Train 0.9337, Val 0.9290, Test 0.9326
          RMSE             : Train 39.8003, Val 41.3147, Test 40.4134
Best:
          R2_Score         : Train 0.9337, Val 0.9290, Test 0.9326
          RMSE             : Train 39.8003, Val 41.3147, Test 40.4134
Epoch 22: Loss:            : Train 0.0013, Val 0.0014, Test 0.0013
          R2_Score         : Train 0.9345, Val 0.9286, Test 0.9321
          RMSE             : Train 39.5828, Val 41.4280, Test 40.5397
Best:
          R2_Score         : Train 0.9337, Val 0.9290, Test 0.9326
          RMSE             : Train 39.8003, Val 41.3147, Test 40.4134
Epoch 23: Loss:            : Train 0.0013, Val 0.0014, Test 0.0013
          R2_Score         : Train 0.9348, Val 0.9287, Test 0.9321
          RMSE             : Train 39.4765, Val 41.4013, Test 40.5665
Best:
          R2_Score         : Train 0.9337, Val 0.9290, Test 0.9326
          RMSE             : Train 39.8003, Val 41.3147, Test 40.4134
Epoch 24: Loss:            : Train 0.0013, Val 0.0014, Test 0.0013
          R2_Score         : Train 0.9350, Val 0.9297, Test 0.9327
          RMSE             : Train 39.4079, Val 41.1087, Test 40.3877
Best:
          R2_Score         : Train 0.9350, Val 0.9297, Test 0.9327
          RMSE             : Train 39.4079, Val 41.1087, Test 40.3877
Epoch 25: Loss:            : Train 0.0013, Val 0.0014, Test 0.0013
          R2_Score         : Train 0.9354, Val 0.9309, Test 0.9339
          RMSE             : Train 39.3027, Val 40.7677, Test 40.0165
Best:
          R2_Score         : Train 0.9354, Val 0.9309, Test 0.9339
          RMSE             : Train 39.3027, Val 40.7677, Test 40.0165
Epoch 26: Loss:            : Train 0.0012, Val 0.0014, Test 0.0013
          R2_Score         : Train 0.9360, Val 0.9304, Test 0.9333
          RMSE             : Train 39.1135, Val 40.9031, Test 40.1813
Best:
          R2_Score         : Train 0.9354, Val 0.9309, Test 0.9339
          RMSE             : Train 39.3027, Val 40.7677, Test 40.0165
Epoch 27: Loss:            : Train 0.0012, Val 0.0014, Test 0.0013
          R2_Score         : Train 0.9363, Val 0.9282, Test 0.9320
          RMSE             : Train 39.0386, Val 41.5578, Test 40.5772
Best:
          R2_Score         : Train 0.9354, Val 0.9309, Test 0.9339
          RMSE             : Train 39.3027, Val 40.7677, Test 40.0165
Epoch 28: Loss:            : Train 0.0012, Val 0.0014, Test 0.0014
          R2_Score         : Train 0.9367, Val 0.9295, Test 0.9316
          RMSE             : Train 38.8926, Val 41.1720, Test 40.7040
Best:
          R2_Score         : Train 0.9354, Val 0.9309, Test 0.9339
          RMSE             : Train 39.3027, Val 40.7677, Test 40.0165
Epoch 29: Loss:            : Train 0.0012, Val 0.0014, Test 0.0013
          R2_Score         : Train 0.9370, Val 0.9292, Test 0.9326
          RMSE             : Train 38.7978, Val 41.2480, Test 40.3896
Best:
          R2_Score         : Train 0.9354, Val 0.9309, Test 0.9339
          RMSE             : Train 39.3027, Val 40.7677, Test 40.0165
Epoch 30: Loss:            : Train 0.0012, Val 0.0014, Test 0.0013
          R2_Score         : Train 0.9375, Val 0.9310, Test 0.9337
          RMSE             : Train 38.6472, Val 40.7306, Test 40.0727
Best:
          R2_Score         : Train 0.9375, Val 0.9310, Test 0.9337
          RMSE             : Train 38.6472, Val 40.7306, Test 40.0727
Epoch 31: Loss:            : Train 0.0012, Val 0.0013, Test 0.0013
          R2_Score         : Train 0.9376, Val 0.9324, Test 0.9344
          RMSE             : Train 38.6244, Val 40.3216, Test 39.8478
Best:
          R2_Score         : Train 0.9376, Val 0.9324, Test 0.9344
          RMSE             : Train 38.6244, Val 40.3216, Test 39.8478
Epoch 32: Loss:            : Train 0.0012, Val 0.0013, Test 0.0013
          R2_Score         : Train 0.9383, Val 0.9321, Test 0.9352
          RMSE             : Train 38.4192, Val 40.4083, Test 39.6180
Best:
          R2_Score         : Train 0.9376, Val 0.9324, Test 0.9344
          RMSE             : Train 38.6244, Val 40.3216, Test 39.8478
Epoch 33: Loss:            : Train 0.0012, Val 0.0013, Test 0.0013
          R2_Score         : Train 0.9384, Val 0.9332, Test 0.9354
          RMSE             : Train 38.3610, Val 40.0859, Test 39.5579
Best:
          R2_Score         : Train 0.9384, Val 0.9332, Test 0.9354
          RMSE             : Train 38.3610, Val 40.0859, Test 39.5579
Epoch 34: Loss:            : Train 0.0012, Val 0.0013, Test 0.0012
          R2_Score         : Train 0.9386, Val 0.9339, Test 0.9369
          RMSE             : Train 38.2999, Val 39.8664, Test 39.1046
Best:
          R2_Score         : Train 0.9386, Val 0.9339, Test 0.9369
          RMSE             : Train 38.2999, Val 39.8664, Test 39.1046
Epoch 35: Loss:            : Train 0.0012, Val 0.0013, Test 0.0013
          R2_Score         : Train 0.9390, Val 0.9319, Test 0.9356
          RMSE             : Train 38.1884, Val 40.4732, Test 39.4947
Best:
          R2_Score         : Train 0.9386, Val 0.9339, Test 0.9369
          RMSE             : Train 38.2999, Val 39.8664, Test 39.1046
Epoch 36: Loss:            : Train 0.0012, Val 0.0013, Test 0.0013
          R2_Score         : Train 0.9391, Val 0.9323, Test 0.9358
          RMSE             : Train 38.1447, Val 40.3551, Test 39.4190
Best:
          R2_Score         : Train 0.9386, Val 0.9339, Test 0.9369
          RMSE             : Train 38.2999, Val 39.8664, Test 39.1046
Epoch 37: Loss:            : Train 0.0012, Val 0.0013, Test 0.0012
          R2_Score         : Train 0.9394, Val 0.9341, Test 0.9367
          RMSE             : Train 38.0750, Val 39.7947, Test 39.1455
Best:
          R2_Score         : Train 0.9394, Val 0.9341, Test 0.9367
          RMSE             : Train 38.0750, Val 39.7947, Test 39.1455
Epoch 38: Loss:            : Train 0.0012, Val 0.0013, Test 0.0012
          R2_Score         : Train 0.9398, Val 0.9342, Test 0.9373
          RMSE             : Train 37.9247, Val 39.7634, Test 38.9596
Best:
          R2_Score         : Train 0.9398, Val 0.9342, Test 0.9373
          RMSE             : Train 37.9247, Val 39.7634, Test 38.9596
Epoch 39: Loss:            : Train 0.0012, Val 0.0013, Test 0.0012
          R2_Score         : Train 0.9400, Val 0.9345, Test 0.9377
          RMSE             : Train 37.8628, Val 39.6716, Test 38.8356
Best:
          R2_Score         : Train 0.9400, Val 0.9345, Test 0.9377
          RMSE             : Train 37.8628, Val 39.6716, Test 38.8356
Epoch 40: Loss:            : Train 0.0012, Val 0.0013, Test 0.0012
          R2_Score         : Train 0.9402, Val 0.9346, Test 0.9378
          RMSE             : Train 37.8188, Val 39.6632, Test 38.8209
Best:
          R2_Score         : Train 0.9402, Val 0.9346, Test 0.9378
          RMSE             : Train 37.8188, Val 39.6632, Test 38.8209
Epoch 41: Loss:            : Train 0.0012, Val 0.0013, Test 0.0012
          R2_Score         : Train 0.9405, Val 0.9333, Test 0.9373
          RMSE             : Train 37.7247, Val 40.0417, Test 38.9801
Best:
          R2_Score         : Train 0.9402, Val 0.9346, Test 0.9378
          RMSE             : Train 37.8188, Val 39.6632, Test 38.8209
Epoch 42: Loss:            : Train 0.0012, Val 0.0013, Test 0.0012
          R2_Score         : Train 0.9408, Val 0.9355, Test 0.9375
          RMSE             : Train 37.6195, Val 39.3807, Test 38.9005
Best:
          R2_Score         : Train 0.9408, Val 0.9355, Test 0.9375
          RMSE             : Train 37.6195, Val 39.3807, Test 38.9005
Epoch 43: Loss:            : Train 0.0012, Val 0.0013, Test 0.0012
          R2_Score         : Train 0.9409, Val 0.9351, Test 0.9378
          RMSE             : Train 37.5845, Val 39.4898, Test 38.8007
Best:
          R2_Score         : Train 0.9408, Val 0.9355, Test 0.9375
          RMSE             : Train 37.6195, Val 39.3807, Test 38.9005
Epoch 44: Loss:            : Train 0.0011, Val 0.0013, Test 0.0012
          R2_Score         : Train 0.9411, Val 0.9350, Test 0.9374
          RMSE             : Train 37.5360, Val 39.5182, Test 38.9503
Best:
          R2_Score         : Train 0.9408, Val 0.9355, Test 0.9375
          RMSE             : Train 37.6195, Val 39.3807, Test 38.9005
Epoch 45: Loss:            : Train 0.0011, Val 0.0013, Test 0.0012
          R2_Score         : Train 0.9413, Val 0.9334, Test 0.9370
          RMSE             : Train 37.4758, Val 40.0125, Test 39.0720
Best:
          R2_Score         : Train 0.9408, Val 0.9355, Test 0.9375
          RMSE             : Train 37.6195, Val 39.3807, Test 38.9005
Epoch 46: Loss:            : Train 0.0011, Val 0.0013, Test 0.0012
          R2_Score         : Train 0.9413, Val 0.9347, Test 0.9373
          RMSE             : Train 37.4671, Val 39.6153, Test 38.9794
Best:
          R2_Score         : Train 0.9408, Val 0.9355, Test 0.9375
          RMSE             : Train 37.6195, Val 39.3807, Test 38.9005
Epoch 47: Loss:            : Train 0.0011, Val 0.0013, Test 0.0012
          R2_Score         : Train 0.9416, Val 0.9348, Test 0.9377
          RMSE             : Train 37.3713, Val 39.5831, Test 38.8483
Best:
          R2_Score         : Train 0.9408, Val 0.9355, Test 0.9375
          RMSE             : Train 37.6195, Val 39.3807, Test 38.9005
Epoch 48: Loss:            : Train 0.0011, Val 0.0013, Test 0.0012
          R2_Score         : Train 0.9419, Val 0.9358, Test 0.9378
          RMSE             : Train 37.2547, Val 39.2954, Test 38.7985
Best:
          R2_Score         : Train 0.9419, Val 0.9358, Test 0.9378
          RMSE             : Train 37.2547, Val 39.2954, Test 38.7985
Epoch 49: Loss:            : Train 0.0011, Val 0.0013, Test 0.0012
          R2_Score         : Train 0.9420, Val 0.9350, Test 0.9391
          RMSE             : Train 37.2360, Val 39.5185, Test 38.3924
Best:
          R2_Score         : Train 0.9419, Val 0.9358, Test 0.9378
          RMSE             : Train 37.2547, Val 39.2954, Test 38.7985
Epoch 50: Loss:            : Train 0.0011, Val 0.0013, Test 0.0012
          R2_Score         : Train 0.9425, Val 0.9359, Test 0.9393
          RMSE             : Train 37.0646, Val 39.2501, Test 38.3352
Best:
          R2_Score         : Train 0.9425, Val 0.9359, Test 0.9393
          RMSE             : Train 37.0646, Val 39.2501, Test 38.3352
Epoch 51: Loss:            : Train 0.0011, Val 0.0013, Test 0.0012
          R2_Score         : Train 0.9424, Val 0.9361, Test 0.9390
          RMSE             : Train 37.1104, Val 39.1943, Test 38.4227
Best:
          R2_Score         : Train 0.9424, Val 0.9361, Test 0.9390
          RMSE             : Train 37.1104, Val 39.1943, Test 38.4227
Epoch 52: Loss:            : Train 0.0011, Val 0.0012, Test 0.0012
          R2_Score         : Train 0.9425, Val 0.9367, Test 0.9400
          RMSE             : Train 37.0859, Val 39.0222, Test 38.1170
Best:
          R2_Score         : Train 0.9425, Val 0.9367, Test 0.9400
          RMSE             : Train 37.0859, Val 39.0222, Test 38.1170
Epoch 53: Loss:            : Train 0.0011, Val 0.0012, Test 0.0012
          R2_Score         : Train 0.9427, Val 0.9362, Test 0.9386
          RMSE             : Train 37.0049, Val 39.1520, Test 38.5760
Best:
          R2_Score         : Train 0.9425, Val 0.9367, Test 0.9400
          RMSE             : Train 37.0859, Val 39.0222, Test 38.1170
Epoch 54: Loss:            : Train 0.0011, Val 0.0012, Test 0.0012
          R2_Score         : Train 0.9430, Val 0.9378, Test 0.9401
          RMSE             : Train 36.9200, Val 38.6585, Test 38.0792
Best:
          R2_Score         : Train 0.9430, Val 0.9378, Test 0.9401
          RMSE             : Train 36.9200, Val 38.6585, Test 38.0792
Epoch 55: Loss:            : Train 0.0011, Val 0.0013, Test 0.0012
          R2_Score         : Train 0.9431, Val 0.9358, Test 0.9380
          RMSE             : Train 36.8805, Val 39.2950, Test 38.7352
Best:
          R2_Score         : Train 0.9430, Val 0.9378, Test 0.9401
          RMSE             : Train 36.9200, Val 38.6585, Test 38.0792
Epoch 56: Loss:            : Train 0.0011, Val 0.0012, Test 0.0012
          R2_Score         : Train 0.9434, Val 0.9363, Test 0.9395
          RMSE             : Train 36.7931, Val 39.1458, Test 38.2686
Best:
          R2_Score         : Train 0.9430, Val 0.9378, Test 0.9401
          RMSE             : Train 36.9200, Val 38.6585, Test 38.0792
Epoch 57: Loss:            : Train 0.0011, Val 0.0013, Test 0.0012
          R2_Score         : Train 0.9437, Val 0.9355, Test 0.9369
          RMSE             : Train 36.6987, Val 39.3924, Test 39.1066
Best:
          R2_Score         : Train 0.9430, Val 0.9378, Test 0.9401
          RMSE             : Train 36.9200, Val 38.6585, Test 38.0792
Epoch 58: Loss:            : Train 0.0011, Val 0.0012, Test 0.0012
          R2_Score         : Train 0.9437, Val 0.9366, Test 0.9391
          RMSE             : Train 36.6710, Val 39.0414, Test 38.3912
Best:
          R2_Score         : Train 0.9430, Val 0.9378, Test 0.9401
          RMSE             : Train 36.9200, Val 38.6585, Test 38.0792
Epoch 59: Loss:            : Train 0.0011, Val 0.0012, Test 0.0012
          R2_Score         : Train 0.9440, Val 0.9365, Test 0.9403
          RMSE             : Train 36.5908, Val 39.0663, Test 38.0221
Best:
          R2_Score         : Train 0.9430, Val 0.9378, Test 0.9401
          RMSE             : Train 36.9200, Val 38.6585, Test 38.0792
Epoch 60: Loss:            : Train 0.0011, Val 0.0012, Test 0.0012
          R2_Score         : Train 0.9442, Val 0.9363, Test 0.9395
          RMSE             : Train 36.5260, Val 39.1370, Test 38.2774
Best:
          R2_Score         : Train 0.9430, Val 0.9378, Test 0.9401
          RMSE             : Train 36.9200, Val 38.6585, Test 38.0792
Epoch 61: Loss:            : Train 0.0011, Val 0.0012, Test 0.0012
          R2_Score         : Train 0.9440, Val 0.9372, Test 0.9400
          RMSE             : Train 36.5959, Val 38.8465, Test 38.1146
Best:
          R2_Score         : Train 0.9430, Val 0.9378, Test 0.9401
          RMSE             : Train 36.9200, Val 38.6585, Test 38.0792
Epoch 62: Loss:            : Train 0.0011, Val 0.0012, Test 0.0012
          R2_Score         : Train 0.9442, Val 0.9374, Test 0.9405
          RMSE             : Train 36.5075, Val 38.7873, Test 37.9755
Best:
          R2_Score         : Train 0.9430, Val 0.9378, Test 0.9401
          RMSE             : Train 36.9200, Val 38.6585, Test 38.0792
Epoch 63: Loss:            : Train 0.0011, Val 0.0013, Test 0.0012
          R2_Score         : Train 0.9445, Val 0.9357, Test 0.9392
          RMSE             : Train 36.4323, Val 39.3262, Test 38.3853
Best:
          R2_Score         : Train 0.9430, Val 0.9378, Test 0.9401
          RMSE             : Train 36.9200, Val 38.6585, Test 38.0792
Epoch 64: Loss:            : Train 0.0011, Val 0.0012, Test 0.0012
          R2_Score         : Train 0.9446, Val 0.9383, Test 0.9411
          RMSE             : Train 36.3942, Val 38.5041, Test 37.7642
Best:
          R2_Score         : Train 0.9446, Val 0.9383, Test 0.9411
          RMSE             : Train 36.3942, Val 38.5041, Test 37.7642
Epoch 65: Loss:            : Train 0.0011, Val 0.0012, Test 0.0012
          R2_Score         : Train 0.9447, Val 0.9386, Test 0.9416
          RMSE             : Train 36.3436, Val 38.4309, Test 37.6205
Best:
          R2_Score         : Train 0.9447, Val 0.9386, Test 0.9416
          RMSE             : Train 36.3436, Val 38.4309, Test 37.6205
Epoch 66: Loss:            : Train 0.0011, Val 0.0013, Test 0.0012
          R2_Score         : Train 0.9449, Val 0.9354, Test 0.9386
          RMSE             : Train 36.2791, Val 39.4053, Test 38.5538
Best:
          R2_Score         : Train 0.9447, Val 0.9386, Test 0.9416
          RMSE             : Train 36.3436, Val 38.4309, Test 37.6205
Epoch 67: Loss:            : Train 0.0011, Val 0.0012, Test 0.0012
          R2_Score         : Train 0.9447, Val 0.9372, Test 0.9408
          RMSE             : Train 36.3574, Val 38.8710, Test 37.8620
Best:
          R2_Score         : Train 0.9447, Val 0.9386, Test 0.9416
          RMSE             : Train 36.3436, Val 38.4309, Test 37.6205
Epoch 68: Loss:            : Train 0.0011, Val 0.0012, Test 0.0012
          R2_Score         : Train 0.9451, Val 0.9382, Test 0.9404
          RMSE             : Train 36.2378, Val 38.5341, Test 37.9975
Best:
          R2_Score         : Train 0.9447, Val 0.9386, Test 0.9416
          RMSE             : Train 36.3436, Val 38.4309, Test 37.6205
Epoch 69: Loss:            : Train 0.0011, Val 0.0012, Test 0.0012
          R2_Score         : Train 0.9453, Val 0.9368, Test 0.9399
          RMSE             : Train 36.1457, Val 38.9942, Test 38.1403
Best:
          R2_Score         : Train 0.9447, Val 0.9386, Test 0.9416
          RMSE             : Train 36.3436, Val 38.4309, Test 37.6205
Epoch 70: Loss:            : Train 0.0011, Val 0.0012, Test 0.0012
          R2_Score         : Train 0.9456, Val 0.9378, Test 0.9405
          RMSE             : Train 36.0695, Val 38.6853, Test 37.9622
Best:
          R2_Score         : Train 0.9447, Val 0.9386, Test 0.9416
          RMSE             : Train 36.3436, Val 38.4309, Test 37.6205
Epoch 71: Loss:            : Train 0.0011, Val 0.0012, Test 0.0012
          R2_Score         : Train 0.9457, Val 0.9366, Test 0.9402
          RMSE             : Train 36.0327, Val 39.0549, Test 38.0597
Best:
          R2_Score         : Train 0.9447, Val 0.9386, Test 0.9416
          RMSE             : Train 36.3436, Val 38.4309, Test 37.6205
Epoch 72: Loss:            : Train 0.0011, Val 0.0012, Test 0.0012
          R2_Score         : Train 0.9453, Val 0.9362, Test 0.9406
          RMSE             : Train 36.1642, Val 39.1531, Test 37.9404
Best:
          R2_Score         : Train 0.9447, Val 0.9386, Test 0.9416
          RMSE             : Train 36.3436, Val 38.4309, Test 37.6205
Epoch 73: Loss:            : Train 0.0011, Val 0.0012, Test 0.0012
          R2_Score         : Train 0.9457, Val 0.9384, Test 0.9410
          RMSE             : Train 36.0377, Val 38.5008, Test 37.8135
Best:
          R2_Score         : Train 0.9447, Val 0.9386, Test 0.9416
          RMSE             : Train 36.3436, Val 38.4309, Test 37.6205
Epoch 74: Loss:            : Train 0.0011, Val 0.0012, Test 0.0012
          R2_Score         : Train 0.9458, Val 0.9382, Test 0.9406
          RMSE             : Train 36.0033, Val 38.5356, Test 37.9372
Best:
          R2_Score         : Train 0.9447, Val 0.9386, Test 0.9416
          RMSE             : Train 36.3436, Val 38.4309, Test 37.6205
Epoch 75: Loss:            : Train 0.0011, Val 0.0012, Test 0.0011
          R2_Score         : Train 0.9460, Val 0.9385, Test 0.9418
          RMSE             : Train 35.9381, Val 38.4574, Test 37.5506
Best:
          R2_Score         : Train 0.9447, Val 0.9386, Test 0.9416
          RMSE             : Train 36.3436, Val 38.4309, Test 37.6205
Epoch 76: Loss:            : Train 0.0011, Val 0.0012, Test 0.0011
          R2_Score         : Train 0.9459, Val 0.9384, Test 0.9421
          RMSE             : Train 35.9704, Val 38.4799, Test 37.4553
Best:
          R2_Score         : Train 0.9447, Val 0.9386, Test 0.9416
          RMSE             : Train 36.3436, Val 38.4309, Test 37.6205
Epoch 77: Loss:            : Train 0.0010, Val 0.0012, Test 0.0012
          R2_Score         : Train 0.9462, Val 0.9378, Test 0.9406
          RMSE             : Train 35.8593, Val 38.6617, Test 37.9352
Best:
          R2_Score         : Train 0.9447, Val 0.9386, Test 0.9416
          RMSE             : Train 36.3436, Val 38.4309, Test 37.6205
Epoch 78: Loss:            : Train 0.0010, Val 0.0012, Test 0.0011
          R2_Score         : Train 0.9462, Val 0.9386, Test 0.9430
          RMSE             : Train 35.8761, Val 38.4299, Test 37.1646
Best:
          R2_Score         : Train 0.9462, Val 0.9386, Test 0.9430
          RMSE             : Train 35.8761, Val 38.4299, Test 37.1646
Epoch 79: Loss:            : Train 0.0010, Val 0.0012, Test 0.0011
          R2_Score         : Train 0.9466, Val 0.9390, Test 0.9421
          RMSE             : Train 35.7435, Val 38.2936, Test 37.4542
Best:
          R2_Score         : Train 0.9466, Val 0.9390, Test 0.9421
          RMSE             : Train 35.7435, Val 38.2936, Test 37.4542
Epoch 80: Loss:            : Train 0.0010, Val 0.0013, Test 0.0012
          R2_Score         : Train 0.9466, Val 0.9358, Test 0.9396
          RMSE             : Train 35.7173, Val 39.2882, Test 38.2381
Best:
          R2_Score         : Train 0.9466, Val 0.9390, Test 0.9421
          RMSE             : Train 35.7435, Val 38.2936, Test 37.4542
Epoch 81: Loss:            : Train 0.0011, Val 0.0012, Test 0.0012
          R2_Score         : Train 0.9459, Val 0.9391, Test 0.9408
          RMSE             : Train 35.9647, Val 38.2646, Test 37.8530
Best:
          R2_Score         : Train 0.9459, Val 0.9391, Test 0.9408
          RMSE             : Train 35.9647, Val 38.2646, Test 37.8530
Epoch 82: Loss:            : Train 0.0010, Val 0.0012, Test 0.0011
          R2_Score         : Train 0.9468, Val 0.9402, Test 0.9429
          RMSE             : Train 35.6747, Val 37.9061, Test 37.1806
Best:
          R2_Score         : Train 0.9468, Val 0.9402, Test 0.9429
          RMSE             : Train 35.6747, Val 37.9061, Test 37.1806
Epoch 83: Loss:            : Train 0.0010, Val 0.0012, Test 0.0011
          R2_Score         : Train 0.9470, Val 0.9389, Test 0.9425
          RMSE             : Train 35.5917, Val 38.3134, Test 37.3337
Best:
          R2_Score         : Train 0.9468, Val 0.9402, Test 0.9429
          RMSE             : Train 35.6747, Val 37.9061, Test 37.1806
Epoch 84: Loss:            : Train 0.0010, Val 0.0012, Test 0.0011
          R2_Score         : Train 0.9471, Val 0.9396, Test 0.9426
          RMSE             : Train 35.5465, Val 38.1108, Test 37.2762
Best:
          R2_Score         : Train 0.9468, Val 0.9402, Test 0.9429
          RMSE             : Train 35.6747, Val 37.9061, Test 37.1806
Epoch 85: Loss:            : Train 0.0010, Val 0.0012, Test 0.0011
          R2_Score         : Train 0.9473, Val 0.9375, Test 0.9418
          RMSE             : Train 35.5061, Val 38.7739, Test 37.5390
Best:
          R2_Score         : Train 0.9468, Val 0.9402, Test 0.9429
          RMSE             : Train 35.6747, Val 37.9061, Test 37.1806
Epoch 86: Loss:            : Train 0.0010, Val 0.0012, Test 0.0012
          R2_Score         : Train 0.9475, Val 0.9393, Test 0.9415
          RMSE             : Train 35.4172, Val 38.1935, Test 37.6474
Best:
          R2_Score         : Train 0.9468, Val 0.9402, Test 0.9429
          RMSE             : Train 35.6747, Val 37.9061, Test 37.1806
Epoch 87: Loss:            : Train 0.0010, Val 0.0012, Test 0.0011
          R2_Score         : Train 0.9477, Val 0.9397, Test 0.9422
          RMSE             : Train 35.3677, Val 38.0861, Test 37.4142
Best:
          R2_Score         : Train 0.9468, Val 0.9402, Test 0.9429
          RMSE             : Train 35.6747, Val 37.9061, Test 37.1806
Epoch 88: Loss:            : Train 0.0010, Val 0.0012, Test 0.0011
          R2_Score         : Train 0.9479, Val 0.9388, Test 0.9419
          RMSE             : Train 35.2947, Val 38.3472, Test 37.5169
Best:
          R2_Score         : Train 0.9468, Val 0.9402, Test 0.9429
          RMSE             : Train 35.6747, Val 37.9061, Test 37.1806
Epoch 89: Loss:            : Train 0.0010, Val 0.0012, Test 0.0011
          R2_Score         : Train 0.9478, Val 0.9405, Test 0.9431
          RMSE             : Train 35.3391, Val 37.8093, Test 37.1193
Best:
          R2_Score         : Train 0.9478, Val 0.9405, Test 0.9431
          RMSE             : Train 35.3391, Val 37.8093, Test 37.1193
Epoch 90: Loss:            : Train 0.0010, Val 0.0012, Test 0.0011
          R2_Score         : Train 0.9478, Val 0.9411, Test 0.9434
          RMSE             : Train 35.3164, Val 37.6400, Test 37.0396
Best:
          R2_Score         : Train 0.9478, Val 0.9411, Test 0.9434
          RMSE             : Train 35.3164, Val 37.6400, Test 37.0396
Epoch 91: Loss:            : Train 0.0010, Val 0.0012, Test 0.0011
          R2_Score         : Train 0.9482, Val 0.9404, Test 0.9429
          RMSE             : Train 35.2003, Val 37.8443, Test 37.1732
Best:
          R2_Score         : Train 0.9478, Val 0.9411, Test 0.9434
          RMSE             : Train 35.3164, Val 37.6400, Test 37.0396
Epoch 92: Loss:            : Train 0.0010, Val 0.0012, Test 0.0011
          R2_Score         : Train 0.9483, Val 0.9385, Test 0.9418
          RMSE             : Train 35.1473, Val 38.4487, Test 37.5444
Best:
          R2_Score         : Train 0.9478, Val 0.9411, Test 0.9434
          RMSE             : Train 35.3164, Val 37.6400, Test 37.0396
Epoch 93: Loss:            : Train 0.0010, Val 0.0012, Test 0.0011
          R2_Score         : Train 0.9482, Val 0.9398, Test 0.9424
          RMSE             : Train 35.2029, Val 38.0362, Test 37.3400
Best:
          R2_Score         : Train 0.9478, Val 0.9411, Test 0.9434
          RMSE             : Train 35.3164, Val 37.6400, Test 37.0396
Epoch 94: Loss:            : Train 0.0010, Val 0.0012, Test 0.0012
          R2_Score         : Train 0.9485, Val 0.9391, Test 0.9413
          RMSE             : Train 35.0809, Val 38.2598, Test 37.7000
Best:
          R2_Score         : Train 0.9478, Val 0.9411, Test 0.9434
          RMSE             : Train 35.3164, Val 37.6400, Test 37.0396
Epoch 95: Loss:            : Train 0.0010, Val 0.0012, Test 0.0011
          R2_Score         : Train 0.9485, Val 0.9409, Test 0.9432
          RMSE             : Train 35.0754, Val 37.7021, Test 37.1018
Best:
          R2_Score         : Train 0.9478, Val 0.9411, Test 0.9434
          RMSE             : Train 35.3164, Val 37.6400, Test 37.0396
Epoch 96: Loss:            : Train 0.0010, Val 0.0012, Test 0.0011
          R2_Score         : Train 0.9487, Val 0.9395, Test 0.9422
          RMSE             : Train 35.0164, Val 38.1453, Test 37.4298
Best:
          R2_Score         : Train 0.9478, Val 0.9411, Test 0.9434
          RMSE             : Train 35.3164, Val 37.6400, Test 37.0396
Epoch 97: Loss:            : Train 0.0010, Val 0.0011, Test 0.0011
          R2_Score         : Train 0.9489, Val 0.9415, Test 0.9435
          RMSE             : Train 34.9468, Val 37.4974, Test 36.9952
Best:
          R2_Score         : Train 0.9489, Val 0.9415, Test 0.9435
          RMSE             : Train 34.9468, Val 37.4974, Test 36.9952
Epoch 98: Loss:            : Train 0.0010, Val 0.0011, Test 0.0011
          R2_Score         : Train 0.9490, Val 0.9414, Test 0.9442
          RMSE             : Train 34.9285, Val 37.5434, Test 36.7584
Best:
          R2_Score         : Train 0.9489, Val 0.9415, Test 0.9435
          RMSE             : Train 34.9468, Val 37.4974, Test 36.9952
Epoch 99: Loss:            : Train 0.0010, Val 0.0012, Test 0.0011
          R2_Score         : Train 0.9492, Val 0.9410, Test 0.9431
          RMSE             : Train 34.8527, Val 37.6729, Test 37.1360
Best:
          R2_Score         : Train 0.9489, Val 0.9415, Test 0.9435
          RMSE             : Train 34.9468, Val 37.4974, Test 36.9952
Epoch 100: Loss:            : Train 0.0010, Val 0.0012, Test 0.0011
          R2_Score         : Train 0.9491, Val 0.9406, Test 0.9437
          RMSE             : Train 34.8670, Val 37.8060, Test 36.9413
Best:
          R2_Score         : Train 0.9489, Val 0.9415, Test 0.9435
          RMSE             : Train 34.9468, Val 37.4974, Test 36.9952
Training time (sec): 755
