Loading parties from cache
Loading data from cache
Done
Calculating noise scale
Adding noise of scale 0.0 to sim_scores
Adding noise of scale 0.0 to sim_scores
Adding noise of scale 0.0 to sim_scores
Preparing time (sec): 2
Initializing dataloader
Done
Prepare for training
Start training
================================================================================
                                    Kernel Shape Output Shape  Params  \
Layer                                                                   
0_local_models.0.fc_layers.Linear_0    [11, 100]    [64, 100]    1200   
1_local_models.0.fc_layers.Linear_1    [100, 50]     [64, 50]    5050   
2_local_models.1.fc_layers.Linear_0    [10, 100]    [64, 100]    1100   
3_local_models.1.fc_layers.Linear_1    [100, 50]     [64, 50]    5050   
4_agg_model.fc_layers.Linear_0        [100, 100]    [64, 100]   10100   
5_agg_model.fc_layers.Linear_1          [100, 1]      [64, 1]     101   

                                     Mult-Adds  
Layer                                           
0_local_models.0.fc_layers.Linear_0       1100  
1_local_models.0.fc_layers.Linear_1       5000  
2_local_models.1.fc_layers.Linear_0       1000  
3_local_models.1.fc_layers.Linear_1       5000  
4_agg_model.fc_layers.Linear_0           10000  
5_agg_model.fc_layers.Linear_1             100  
--------------------------------------------------------------------------------
                      Totals
Total params           22601
Trainable params       22601
Non-trainable params       0
Mult-Adds              22200
================================================================================
n_classes=2
task=binary_cls
model_name=boone_featuresim_noise_0.2_2022-01-24-03-58-11
sche_threshold=0.0001
sche_patience=10
sche_factor=0.1
use_scheduler=False
num_workers=4
device=cuda:0
test_batch_size=4096
train_batch_size=64
learning_rate=0.001
weight_decay=1e-05
num_epochs=50
model_save_path=ckp/boone_featuresim_noise_0.2_2022-01-24-03-58-11.pth
test_rate=0.2
val_rate=0.1
multiprocess_context=fork
metrics=['accuracy']
metrics_f=[<metric.accuracy.Accuracy object at 0x7f7a68915c70>]
hidden_sizes=[100, 100]
model=SplitNN(
  (agg_model): MLP(
    (fc_layers): ModuleList(
      (0): Linear(in_features=100, out_features=100, bias=True)
      (1): Linear(in_features=100, out_features=1, bias=True)
    )
  )
  (local_models): ModuleList(
    (0): MLP(
      (fc_layers): ModuleList(
        (0): Linear(in_features=11, out_features=100, bias=True)
        (1): Linear(in_features=100, out_features=50, bias=True)
      )
    )
    (1): MLP(
      (fc_layers): ModuleList(
        (0): Linear(in_features=10, out_features=100, bias=True)
        (1): Linear(in_features=100, out_features=50, bias=True)
      )
    )
  )
)
writer=<torch.utils.tensorboard.writer.SummaryWriter object at 0x7f7a68915ca0>
dataset_type=syn
drop_key=True
num_common_features=30
tree_radius=2
tree_leaf_size=1000
knn_k=100
grid_min=-10.0
grid_max=10.0
grid_width=1.5
sim_scaler=StandardScaler()
filter_top_k=None
link_n_jobs=1
psig_p=7
sim_leak_p=1.0
link_threshold_t=0.1
link_epsilon=0.1
n_hash_lsh=20
edit_distance_threshold=1
n_hash_func=10
collision_rate=0.05
qgram_q=2
link_delta=0.1
feature_wise_sim=False
blocking_method=knn_priv_str
center_threshold=0.5
n_clusters=100
local_hidden_sizes=[[100], [100]]
cut_dims=[50, 50]
agg_hidden_sizes=[100]
scale_analysis=None
data1_shape=(130064, 40)
data2_shape=(130064, 40)
Epoch 1: Loss:            : Train 0.6404, Val 0.6413, Test 0.7222
          Accuracy         : Train 0.7949, Val 0.8489, Test 0.8512
Best:
          Accuracy         : Train 0.7949, Val 0.8489, Test 0.8512
Epoch 2: Loss:            : Train 0.6615, Val 0.6164, Test 0.6997
          Accuracy         : Train 0.8573, Val 0.8666, Test 0.8677
Best:
          Accuracy         : Train 0.8573, Val 0.8666, Test 0.8677
Epoch 3: Loss:            : Train 0.3196, Val 0.3078, Test 0.3010
          Accuracy         : Train 0.8698, Val 0.8710, Test 0.8719
Best:
          Accuracy         : Train 0.8698, Val 0.8710, Test 0.8719
Epoch 4: Loss:            : Train 0.3005, Val 0.3088, Test 0.3060
          Accuracy         : Train 0.8739, Val 0.8712, Test 0.8690
Best:
          Accuracy         : Train 0.8739, Val 0.8712, Test 0.8690
Epoch 5: Loss:            : Train 0.2902, Val 0.2810, Test 0.2749
          Accuracy         : Train 0.8791, Val 0.8807, Test 0.8798
Best:
          Accuracy         : Train 0.8791, Val 0.8807, Test 0.8798
Epoch 6: Loss:            : Train 0.2856, Val 0.2871, Test 0.2853
          Accuracy         : Train 0.8816, Val 0.8791, Test 0.8760
Best:
          Accuracy         : Train 0.8791, Val 0.8807, Test 0.8798
Epoch 7: Loss:            : Train 0.2818, Val 0.3002, Test 0.2959
          Accuracy         : Train 0.8834, Val 0.8736, Test 0.8729
Best:
          Accuracy         : Train 0.8791, Val 0.8807, Test 0.8798
Epoch 8: Loss:            : Train 0.2784, Val 0.2715, Test 0.2672
          Accuracy         : Train 0.8847, Val 0.8840, Test 0.8845
Best:
          Accuracy         : Train 0.8847, Val 0.8840, Test 0.8845
Epoch 9: Loss:            : Train 0.2759, Val 0.2718, Test 0.2647
          Accuracy         : Train 0.8860, Val 0.8879, Test 0.8850
Best:
          Accuracy         : Train 0.8860, Val 0.8879, Test 0.8850
Epoch 10: Loss:            : Train 0.2749, Val 0.2696, Test 0.2660
          Accuracy         : Train 0.8862, Val 0.8874, Test 0.8867
Best:
          Accuracy         : Train 0.8860, Val 0.8879, Test 0.8850
Epoch 11: Loss:            : Train 0.2728, Val 0.2680, Test 0.2634
          Accuracy         : Train 0.8885, Val 0.8890, Test 0.8869
Best:
          Accuracy         : Train 0.8885, Val 0.8890, Test 0.8869
Epoch 12: Loss:            : Train 0.2712, Val 0.2589, Test 0.2556
          Accuracy         : Train 0.8885, Val 0.8923, Test 0.8907
Best:
          Accuracy         : Train 0.8885, Val 0.8923, Test 0.8907
Epoch 13: Loss:            : Train 0.2714, Val 0.2751, Test 0.2705
          Accuracy         : Train 0.8887, Val 0.8852, Test 0.8845
Best:
          Accuracy         : Train 0.8885, Val 0.8923, Test 0.8907
Epoch 14: Loss:            : Train 0.2713, Val 0.2637, Test 0.2603
          Accuracy         : Train 0.8890, Val 0.8893, Test 0.8885
Best:
          Accuracy         : Train 0.8885, Val 0.8923, Test 0.8907
Epoch 15: Loss:            : Train 0.2691, Val 0.2614, Test 0.2581
          Accuracy         : Train 0.8895, Val 0.8921, Test 0.8892
Best:
          Accuracy         : Train 0.8885, Val 0.8923, Test 0.8907
Epoch 16: Loss:            : Train 0.2668, Val 0.2604, Test 0.2550
          Accuracy         : Train 0.8904, Val 0.8925, Test 0.8917
Best:
          Accuracy         : Train 0.8904, Val 0.8925, Test 0.8917
Epoch 17: Loss:            : Train 0.2669, Val 0.2592, Test 0.2548
          Accuracy         : Train 0.8906, Val 0.8939, Test 0.8913
Best:
          Accuracy         : Train 0.8906, Val 0.8939, Test 0.8913
Epoch 18: Loss:            : Train 0.3075, Val 0.4632, Test 0.4331
          Accuracy         : Train 0.8896, Val 0.8915, Test 0.8905
Best:
          Accuracy         : Train 0.8906, Val 0.8939, Test 0.8913
Epoch 19: Loss:            : Train 0.3313, Val 0.4716, Test 0.4408
          Accuracy         : Train 0.8918, Val 0.8861, Test 0.8847
Best:
          Accuracy         : Train 0.8906, Val 0.8939, Test 0.8913
Epoch 20: Loss:            : Train 0.3305, Val 0.4711, Test 0.4411
          Accuracy         : Train 0.8916, Val 0.8864, Test 0.8872
Best:
          Accuracy         : Train 0.8906, Val 0.8939, Test 0.8913
Epoch 21: Loss:            : Train 0.3298, Val 0.4713, Test 0.4431
          Accuracy         : Train 0.8921, Val 0.8878, Test 0.8874
Best:
          Accuracy         : Train 0.8906, Val 0.8939, Test 0.8913
Epoch 22: Loss:            : Train 0.3297, Val 0.4641, Test 0.4389
          Accuracy         : Train 0.8917, Val 0.8930, Test 0.8905
Best:
          Accuracy         : Train 0.8906, Val 0.8939, Test 0.8913
Epoch 23: Loss:            : Train 0.3279, Val 0.4774, Test 0.4460
          Accuracy         : Train 0.8933, Val 0.8845, Test 0.8883
Best:
          Accuracy         : Train 0.8906, Val 0.8939, Test 0.8913
Epoch 24: Loss:            : Train 0.3276, Val 0.4637, Test 0.4334
          Accuracy         : Train 0.8931, Val 0.8922, Test 0.8924
Best:
          Accuracy         : Train 0.8906, Val 0.8939, Test 0.8913
Epoch 25: Loss:            : Train 0.3277, Val 0.4637, Test 0.4326
          Accuracy         : Train 0.8928, Val 0.8907, Test 0.8929
Best:
          Accuracy         : Train 0.8906, Val 0.8939, Test 0.8913
Epoch 26: Loss:            : Train 0.3320, Val 0.4819, Test 0.4551
          Accuracy         : Train 0.8949, Val 0.8862, Test 0.8840
Best:
          Accuracy         : Train 0.8906, Val 0.8939, Test 0.8913
Epoch 27: Loss:            : Train 0.3281, Val 0.4578, Test 0.4261
          Accuracy         : Train 0.8924, Val 0.8928, Test 0.8937
Best:
          Accuracy         : Train 0.8906, Val 0.8939, Test 0.8913
Epoch 28: Loss:            : Train 0.3272, Val 0.4576, Test 0.4274
          Accuracy         : Train 0.8932, Val 0.8946, Test 0.8937
Best:
          Accuracy         : Train 0.8932, Val 0.8946, Test 0.8937
Epoch 29: Loss:            : Train 0.3274, Val 0.4548, Test 0.4275
          Accuracy         : Train 0.8937, Val 0.8951, Test 0.8945
Best:
          Accuracy         : Train 0.8937, Val 0.8951, Test 0.8945
Epoch 30: Loss:            : Train 0.3234, Val 0.4673, Test 0.4373
          Accuracy         : Train 0.8945, Val 0.8915, Test 0.8908
Best:
          Accuracy         : Train 0.8937, Val 0.8951, Test 0.8945
Epoch 31: Loss:            : Train 0.3245, Val 0.4731, Test 0.4399
          Accuracy         : Train 0.8946, Val 0.8840, Test 0.8858
Best:
          Accuracy         : Train 0.8937, Val 0.8951, Test 0.8945
Epoch 32: Loss:            : Train 0.3230, Val 0.4583, Test 0.4274
          Accuracy         : Train 0.8957, Val 0.8926, Test 0.8945
Best:
          Accuracy         : Train 0.8937, Val 0.8951, Test 0.8945
Epoch 33: Loss:            : Train 0.3222, Val 0.4569, Test 0.4262
          Accuracy         : Train 0.8957, Val 0.8942, Test 0.8932
Best:
          Accuracy         : Train 0.8937, Val 0.8951, Test 0.8945
Epoch 34: Loss:            : Train 0.3207, Val 0.4595, Test 0.4274
          Accuracy         : Train 0.8960, Val 0.8940, Test 0.8946
Best:
          Accuracy         : Train 0.8937, Val 0.8951, Test 0.8945
Epoch 35: Loss:            : Train 0.3200, Val 0.4577, Test 0.4247
          Accuracy         : Train 0.8968, Val 0.8940, Test 0.8951
Best:
          Accuracy         : Train 0.8937, Val 0.8951, Test 0.8945
Epoch 36: Loss:            : Train 0.3202, Val 0.4764, Test 0.4437
          Accuracy         : Train 0.8970, Val 0.8851, Test 0.8874
Best:
          Accuracy         : Train 0.8937, Val 0.8951, Test 0.8945
Epoch 37: Loss:            : Train 0.3199, Val 0.4578, Test 0.4262
          Accuracy         : Train 0.8978, Val 0.8942, Test 0.8933
Best:
          Accuracy         : Train 0.8937, Val 0.8951, Test 0.8945
Epoch 38: Loss:            : Train 0.3195, Val 0.4517, Test 0.4194
          Accuracy         : Train 0.8972, Val 0.8974, Test 0.8982
Best:
          Accuracy         : Train 0.8972, Val 0.8974, Test 0.8982
Epoch 39: Loss:            : Train 0.3183, Val 0.4572, Test 0.4262
          Accuracy         : Train 0.8973, Val 0.8937, Test 0.8944
Best:
          Accuracy         : Train 0.8972, Val 0.8974, Test 0.8982
Epoch 40: Loss:            : Train 0.3190, Val 0.4533, Test 0.4225
          Accuracy         : Train 0.8970, Val 0.8946, Test 0.8956
Best:
          Accuracy         : Train 0.8972, Val 0.8974, Test 0.8982
Epoch 41: Loss:            : Train 0.3186, Val 0.4613, Test 0.4279
          Accuracy         : Train 0.8976, Val 0.8911, Test 0.8913
Best:
          Accuracy         : Train 0.8972, Val 0.8974, Test 0.8982
Epoch 42: Loss:            : Train 0.3179, Val 0.4562, Test 0.4237
          Accuracy         : Train 0.8981, Val 0.8916, Test 0.8942
Best:
          Accuracy         : Train 0.8972, Val 0.8974, Test 0.8982
Epoch 43: Loss:            : Train 0.3166, Val 0.4668, Test 0.4331
          Accuracy         : Train 0.8984, Val 0.8871, Test 0.8906
Best:
          Accuracy         : Train 0.8972, Val 0.8974, Test 0.8982
Epoch 44: Loss:            : Train 0.3176, Val 0.4597, Test 0.4287
          Accuracy         : Train 0.8971, Val 0.8930, Test 0.8936
Best:
          Accuracy         : Train 0.8972, Val 0.8974, Test 0.8982
Epoch 45: Loss:            : Train 0.3179, Val 0.4592, Test 0.4264
          Accuracy         : Train 0.8980, Val 0.8921, Test 0.8946
Best:
          Accuracy         : Train 0.8972, Val 0.8974, Test 0.8982
Epoch 46: Loss:            : Train 0.3182, Val 0.4723, Test 0.4376
          Accuracy         : Train 0.8970, Val 0.8854, Test 0.8880
Best:
          Accuracy         : Train 0.8972, Val 0.8974, Test 0.8982
Epoch 47: Loss:            : Train 0.3176, Val 0.4559, Test 0.4234
          Accuracy         : Train 0.8974, Val 0.8937, Test 0.8949
Best:
          Accuracy         : Train 0.8972, Val 0.8974, Test 0.8982
Epoch 48: Loss:            : Train 0.3143, Val 0.2533, Test 0.2478
          Accuracy         : Train 0.8976, Val 0.8968, Test 0.8939
Best:
          Accuracy         : Train 0.8972, Val 0.8974, Test 0.8982
Epoch 49: Loss:            : Train 0.2495, Val 0.2455, Test 0.2366
          Accuracy         : Train 0.8990, Val 0.8990, Test 0.9008
Best:
          Accuracy         : Train 0.8990, Val 0.8990, Test 0.9008
Epoch 50: Loss:            : Train 0.2498, Val 0.2530, Test 0.2461
          Accuracy         : Train 0.8991, Val 0.8940, Test 0.8968
Best:
          Accuracy         : Train 0.8990, Val 0.8990, Test 0.9008
Training time (sec): 1169
