Loading rawg from data/game/rawg_clean.csv
Loading steam from data/game/steam_clean.csv
Current steam columns Index(['english', 'required_age', 'achievements', 'positive_ratings',
       'negative_ratings', 'average_playtime', 'median_playtime', 'price',
       'cat_Captions available', 'cat_Co-op', 'cat_Commentary available',
       'cat_Cross-Platform Multiplayer', 'cat_Full controller support',
       'cat_In-App Purchases', 'cat_Includes Source SDK',
       'cat_Includes level editor', 'cat_Local Co-op',
       'cat_Local Multi-Player', 'cat_MMO', 'cat_Mods',
       'cat_Mods (require HL2)', 'cat_Multi-player', 'cat_Online Co-op',
       'cat_Online Multi-Player', 'cat_Partial Controller Support',
       'cat_Shared/Split Screen', 'cat_Single-player', 'cat_Stats',
       'cat_Steam Achievements', 'cat_Steam Cloud', 'cat_Steam Leaderboards',
       'cat_Steam Trading Cards', 'cat_Steam Turn Notifications',
       'cat_Steam Workshop', 'cat_SteamVR Collectibles', 'cat_VR Support',
       'cat_Valve Anti-Cheat enabled', 'name'],
      dtype='object')
Current rawg columns Index(['name', 'rating', 'playtime', 'achievements_count', 'suggestions_count',
       'game_series_count', 'reviews_count', 'added_status_yet',
       'added_status_owned', 'added_status_beaten', 'added_status_toplay',
       'added_status_dropped', 'added_status_playing', 'has_website',
       'released_year_before_2020', 'updated_year_before_2020', '3DO',
       'Android', 'Apple II', 'Atari 2600', 'Atari 5200', 'Atari 7800',
       'Atari 8-bit', 'Atari Flashback', 'Atari Lynx', 'Atari ST',
       'Atari XEGS', 'Classic Macintosh', 'Commodore / Amiga', 'Dreamcast',
       'Game Boy', 'Game Boy Advance', 'Game Boy Color', 'Game Gear',
       'GameCube', 'Genesis', 'Jaguar', 'Linux', 'NES', 'Neo Geo',
       'Nintendo 3DS', 'Nintendo 64', 'Nintendo DS', 'Nintendo DSi',
       'Nintendo Switch', 'PC', 'PS Vita', 'PSP', 'PlayStation',
       'PlayStation 2', 'PlayStation 3', 'PlayStation 4', 'PlayStation 5',
       'SEGA 32X', 'SEGA CD', 'SEGA Master System', 'SEGA Saturn', 'SNES',
       'Web', 'Wii', 'Wii U', 'Xbox', 'Xbox 360', 'Xbox One',
       'Xbox Series S/X', 'iOS', 'macOS', 'Action', 'Adventure', 'Arcade',
       'Board Games', 'Card', 'Casual', 'Educational', 'Family', 'Fighting',
       'Indie', 'Massively Multiplayer', 'Platformer', 'Puzzle', 'RPG',
       'Racing', 'Shooter', 'Simulation', 'Sports', 'Strategy'],
      dtype='object')
Loading data from cache
Done
Calculating noise scale
Adding noise of scale 0.0 to sim_scores
Adding noise of scale 0.0 to sim_scores
Adding noise of scale 0.0 to sim_scores
Preparing time (sec): 0
Initializing dataloader
Done
Prepare for training
Start training
================================================================================
                                    Kernel Shape Output Shape  Params  \
Layer                                                                   
0_local_models.0.fc_layers.Linear_0    [37, 100]   [128, 100]    3800   
1_local_models.0.fc_layers.Linear_1    [100, 50]    [128, 50]    5050   
2_local_models.1.fc_layers.Linear_0    [85, 100]   [128, 100]    8600   
3_local_models.1.fc_layers.Linear_1    [100, 50]    [128, 50]    5050   
4_agg_model.fc_layers.Linear_0        [100, 400]   [128, 400]   40400   
5_agg_model.fc_layers.Linear_1          [400, 1]     [128, 1]     401   

                                     Mult-Adds  
Layer                                           
0_local_models.0.fc_layers.Linear_0       3700  
1_local_models.0.fc_layers.Linear_1       5000  
2_local_models.1.fc_layers.Linear_0       8500  
3_local_models.1.fc_layers.Linear_1       5000  
4_agg_model.fc_layers.Linear_0           40000  
5_agg_model.fc_layers.Linear_1             400  
--------------------------------------------------------------------------------
                      Totals
Total params           63301
Trainable params       63301
Non-trainable params       0
Mult-Adds              62600
================================================================================
n_classes=2
task=binary_cls
model_name=game_avgsim_2022-01-26-18-39-29
sche_threshold=0.0001
sche_patience=10
sche_factor=0.1
use_scheduler=False
num_workers=4
device=cuda:1
test_batch_size=4096
train_batch_size=128
learning_rate=0.001
weight_decay=1e-05
num_epochs=50
model_save_path=ckp/game_avgsim_2022-01-26-18-39-29.pth
test_rate=0.2
val_rate=0.1
multiprocess_context=fork
metrics=['accuracy']
metrics_f=[<metric.accuracy.Accuracy object at 0x7f6372239b20>]
hidden_sizes=[200, 100]
model=SplitNN(
  (agg_model): MLP(
    (fc_layers): ModuleList(
      (0): Linear(in_features=100, out_features=400, bias=True)
      (1): Linear(in_features=400, out_features=1, bias=True)
    )
  )
  (local_models): ModuleList(
    (0): MLP(
      (fc_layers): ModuleList(
        (0): Linear(in_features=37, out_features=100, bias=True)
        (1): Linear(in_features=100, out_features=50, bias=True)
      )
    )
    (1): MLP(
      (fc_layers): ModuleList(
        (0): Linear(in_features=85, out_features=100, bias=True)
        (1): Linear(in_features=100, out_features=50, bias=True)
      )
    )
  )
)
writer=<torch.utils.tensorboard.writer.SummaryWriter object at 0x7f6372239ca0>
dataset_type=real
drop_key=True
num_common_features=1
tree_radius=0.01
tree_leaf_size=1000
knn_k=50
grid_min=-10.0
grid_max=10.0
grid_width=1.5
sim_scaler=StandardScaler()
filter_top_k=None
link_n_jobs=1
psig_p=4
sim_leak_p=1.0
link_threshold_t=0.1
link_epsilon=0.1
n_hash_lsh=50
edit_distance_threshold=10
n_hash_func=50
collision_rate=0.01
qgram_q=4
link_delta=0.01
feature_wise_sim=False
blocking_method=knn_str
center_threshold=0.5
n_clusters=100
local_hidden_sizes=[[100], [100]]
cut_dims=[50, 50]
agg_hidden_sizes=[400]
scale_analysis=None
log_dir=log/game_avgsim_2022-01-26-18-39-29/
update_sim_freq=1
sim_model_save_path=ckp/game_avgsim_2022-01-26-18-39-29_sim.pth
sim_batch_size=4096
sim_weight_decay=1e-05
sim_learning_rate=0.001
merge_mode=avg
sim_model=None
sim_hidden_sizes=[10, 10]
data1_shape=(26987, 38)
data2_shape=(439999, 86)
Epoch 1: Loss:            : Train 0.3858, Val 0.3119, Test 0.2757
          Accuracy         : Train 0.8551, Val 0.8922, Test 0.8887
Best:
          Accuracy         : Train 0.8551, Val 0.8922, Test 0.8887
Epoch 2: Loss:            : Train 0.3900, Val 0.2557, Test 0.2990
          Accuracy         : Train 0.8920, Val 0.8977, Test 0.8977
Best:
          Accuracy         : Train 0.8920, Val 0.8977, Test 0.8977
Epoch 3: Loss:            : Train 0.2577, Val 0.2462, Test 0.2715
          Accuracy         : Train 0.8970, Val 0.8911, Test 0.8944
Best:
          Accuracy         : Train 0.8920, Val 0.8977, Test 0.8977
Epoch 4: Loss:            : Train 0.3059, Val 0.2473, Test 0.2439
          Accuracy         : Train 0.8965, Val 0.8996, Test 0.9003
Best:
          Accuracy         : Train 0.8965, Val 0.8996, Test 0.9003
Epoch 5: Loss:            : Train 0.2473, Val 0.2374, Test 0.2359
          Accuracy         : Train 0.9033, Val 0.8926, Test 0.8944
Best:
          Accuracy         : Train 0.8965, Val 0.8996, Test 0.9003
Epoch 6: Loss:            : Train 0.2422, Val 0.2656, Test 0.2141
          Accuracy         : Train 0.9052, Val 0.9026, Test 0.9057
Best:
          Accuracy         : Train 0.9052, Val 0.9026, Test 0.9057
Epoch 7: Loss:            : Train 0.2399, Val 0.2237, Test 0.2355
          Accuracy         : Train 0.9056, Val 0.9081, Test 0.9070
Best:
          Accuracy         : Train 0.9056, Val 0.9081, Test 0.9070
Epoch 8: Loss:            : Train 0.2617, Val 0.2421, Test 0.2280
          Accuracy         : Train 0.9070, Val 0.8963, Test 0.8970
Best:
          Accuracy         : Train 0.9056, Val 0.9081, Test 0.9070
Epoch 9: Loss:            : Train 0.2308, Val 0.2089, Test 0.2113
          Accuracy         : Train 0.9075, Val 0.9077, Test 0.9092
Best:
          Accuracy         : Train 0.9056, Val 0.9081, Test 0.9070
Epoch 10: Loss:            : Train 0.2339, Val 0.2161, Test 0.2121
          Accuracy         : Train 0.9080, Val 0.9074, Test 0.9063
Best:
          Accuracy         : Train 0.9056, Val 0.9081, Test 0.9070
Epoch 11: Loss:            : Train 0.2154, Val 0.2167, Test 0.2316
          Accuracy         : Train 0.9095, Val 0.9118, Test 0.9068
Best:
          Accuracy         : Train 0.9095, Val 0.9118, Test 0.9068
Epoch 12: Loss:            : Train 0.2292, Val 0.2157, Test 0.2162
          Accuracy         : Train 0.9098, Val 0.9107, Test 0.9076
Best:
          Accuracy         : Train 0.9095, Val 0.9118, Test 0.9068
Epoch 13: Loss:            : Train 0.2364, Val 0.2154, Test 0.2126
          Accuracy         : Train 0.9092, Val 0.9137, Test 0.9083
Best:
          Accuracy         : Train 0.9092, Val 0.9137, Test 0.9083
Epoch 14: Loss:            : Train 0.2314, Val 0.2406, Test 0.2281
          Accuracy         : Train 0.9106, Val 0.9107, Test 0.9094
Best:
          Accuracy         : Train 0.9092, Val 0.9137, Test 0.9083
Epoch 15: Loss:            : Train 0.2569, Val 0.3299, Test 0.3072
          Accuracy         : Train 0.9059, Val 0.9000, Test 0.9000
Best:
          Accuracy         : Train 0.9092, Val 0.9137, Test 0.9083
Epoch 16: Loss:            : Train 0.2639, Val 0.3388, Test 0.3438
          Accuracy         : Train 0.9038, Val 0.8885, Test 0.8792
Best:
          Accuracy         : Train 0.9092, Val 0.9137, Test 0.9083
Epoch 17: Loss:            : Train 0.2692, Val 0.2113, Test 0.2095
          Accuracy         : Train 0.9071, Val 0.9140, Test 0.9094
Best:
          Accuracy         : Train 0.9071, Val 0.9140, Test 0.9094
Epoch 18: Loss:            : Train 0.2384, Val 0.2247, Test 0.2316
          Accuracy         : Train 0.9100, Val 0.9111, Test 0.9061
Best:
          Accuracy         : Train 0.9071, Val 0.9140, Test 0.9094
Epoch 19: Loss:            : Train 0.2535, Val 0.2180, Test 0.2102
          Accuracy         : Train 0.9089, Val 0.9122, Test 0.9066
Best:
          Accuracy         : Train 0.9071, Val 0.9140, Test 0.9094
Epoch 20: Loss:            : Train 0.2196, Val 0.2300, Test 0.2127
          Accuracy         : Train 0.9102, Val 0.9081, Test 0.9092
Best:
          Accuracy         : Train 0.9071, Val 0.9140, Test 0.9094
Epoch 21: Loss:            : Train 0.2807, Val 0.2841, Test 0.2685
          Accuracy         : Train 0.8935, Val 0.8881, Test 0.8972
Best:
          Accuracy         : Train 0.9071, Val 0.9140, Test 0.9094
Epoch 22: Loss:            : Train 0.2371, Val 0.2603, Test 0.2126
          Accuracy         : Train 0.9077, Val 0.9118, Test 0.9072
Best:
          Accuracy         : Train 0.9071, Val 0.9140, Test 0.9094
Epoch 23: Loss:            : Train 0.2421, Val 0.2409, Test 0.2124
          Accuracy         : Train 0.9094, Val 0.9092, Test 0.9081
Best:
          Accuracy         : Train 0.9071, Val 0.9140, Test 0.9094
Epoch 24: Loss:            : Train 0.2275, Val 0.2103, Test 0.2094
          Accuracy         : Train 0.9099, Val 0.9133, Test 0.9081
Best:
          Accuracy         : Train 0.9071, Val 0.9140, Test 0.9094
Epoch 25: Loss:            : Train 0.2174, Val 0.2088, Test 0.2068
          Accuracy         : Train 0.9102, Val 0.9133, Test 0.9092
Best:
          Accuracy         : Train 0.9071, Val 0.9140, Test 0.9094
Epoch 26: Loss:            : Train 0.3654, Val 0.2242, Test 0.2398
          Accuracy         : Train 0.8880, Val 0.9070, Test 0.9053
Best:
          Accuracy         : Train 0.9071, Val 0.9140, Test 0.9094
Epoch 27: Loss:            : Train 0.2280, Val 0.2145, Test 0.2075
          Accuracy         : Train 0.9095, Val 0.9144, Test 0.9077
Best:
          Accuracy         : Train 0.9095, Val 0.9144, Test 0.9077
Epoch 28: Loss:            : Train 0.2280, Val 0.2183, Test 0.2153
          Accuracy         : Train 0.9104, Val 0.9081, Test 0.9055
Best:
          Accuracy         : Train 0.9095, Val 0.9144, Test 0.9077
Epoch 29: Loss:            : Train 0.3008, Val 0.4110, Test 0.3733
          Accuracy         : Train 0.8979, Val 0.8981, Test 0.9011
Best:
          Accuracy         : Train 0.9095, Val 0.9144, Test 0.9077
Epoch 30: Loss:            : Train 0.2824, Val 0.2256, Test 0.2184
          Accuracy         : Train 0.9051, Val 0.9077, Test 0.9044
Best:
          Accuracy         : Train 0.9095, Val 0.9144, Test 0.9077
Epoch 31: Loss:            : Train 0.3119, Val 0.8273, Test 0.7552
          Accuracy         : Train 0.8904, Val 0.8244, Test 0.8196
Best:
          Accuracy         : Train 0.9095, Val 0.9144, Test 0.9077
Epoch 32: Loss:            : Train 0.4495, Val 0.2337, Test 0.2216
          Accuracy         : Train 0.8892, Val 0.9077, Test 0.9022
Best:
          Accuracy         : Train 0.9095, Val 0.9144, Test 0.9077
Epoch 33: Loss:            : Train 0.2410, Val 0.3078, Test 0.3115
          Accuracy         : Train 0.9077, Val 0.9029, Test 0.9022
Best:
          Accuracy         : Train 0.9095, Val 0.9144, Test 0.9077
Epoch 34: Loss:            : Train 0.2599, Val 0.2140, Test 0.2080
          Accuracy         : Train 0.9087, Val 0.9122, Test 0.9076
Best:
          Accuracy         : Train 0.9095, Val 0.9144, Test 0.9077
Epoch 35: Loss:            : Train 0.2391, Val 0.2215, Test 0.2074
          Accuracy         : Train 0.9094, Val 0.9107, Test 0.9066
Best:
          Accuracy         : Train 0.9095, Val 0.9144, Test 0.9077
Epoch 36: Loss:            : Train 0.2260, Val 0.2137, Test 0.2099
          Accuracy         : Train 0.9109, Val 0.9103, Test 0.9074
Best:
          Accuracy         : Train 0.9095, Val 0.9144, Test 0.9077
Epoch 37: Loss:            : Train 0.2280, Val 0.2073, Test 0.2181
          Accuracy         : Train 0.9105, Val 0.9111, Test 0.9081
Best:
          Accuracy         : Train 0.9095, Val 0.9144, Test 0.9077
Epoch 38: Loss:            : Train 0.2189, Val 0.2094, Test 0.2097
          Accuracy         : Train 0.9112, Val 0.9126, Test 0.9074
Best:
          Accuracy         : Train 0.9095, Val 0.9144, Test 0.9077
Epoch 39: Loss:            : Train 0.3278, Val 0.3492, Test 0.3663
          Accuracy         : Train 0.9030, Val 0.9022, Test 0.9040
Best:
          Accuracy         : Train 0.9095, Val 0.9144, Test 0.9077
Epoch 40: Loss:            : Train 0.3214, Val 0.2334, Test 0.2538
          Accuracy         : Train 0.9083, Val 0.9118, Test 0.9085
Best:
          Accuracy         : Train 0.9095, Val 0.9144, Test 0.9077
Epoch 41: Loss:            : Train 0.2481, Val 0.2164, Test 0.2213
          Accuracy         : Train 0.9098, Val 0.9107, Test 0.9076
Best:
          Accuracy         : Train 0.9095, Val 0.9144, Test 0.9077
Epoch 42: Loss:            : Train 0.2357, Val 0.2432, Test 0.2174
          Accuracy         : Train 0.9091, Val 0.9114, Test 0.9085
Best:
          Accuracy         : Train 0.9095, Val 0.9144, Test 0.9077
Epoch 43: Loss:            : Train 0.2291, Val 0.2175, Test 0.2218
          Accuracy         : Train 0.9087, Val 0.9114, Test 0.9066
Best:
          Accuracy         : Train 0.9095, Val 0.9144, Test 0.9077
Epoch 44: Loss:            : Train 0.2228, Val 0.2688, Test 0.2153
          Accuracy         : Train 0.9101, Val 0.9085, Test 0.9053
Best:
          Accuracy         : Train 0.9095, Val 0.9144, Test 0.9077
Epoch 45: Loss:            : Train 0.2223, Val 0.2138, Test 0.2097
          Accuracy         : Train 0.9085, Val 0.9129, Test 0.9072
Best:
          Accuracy         : Train 0.9095, Val 0.9144, Test 0.9077
Epoch 46: Loss:            : Train 0.2121, Val 0.2119, Test 0.2118
          Accuracy         : Train 0.9104, Val 0.9118, Test 0.9079
Best:
          Accuracy         : Train 0.9095, Val 0.9144, Test 0.9077
Epoch 47: Loss:            : Train 0.2124, Val 0.2068, Test 0.2023
          Accuracy         : Train 0.9112, Val 0.9129, Test 0.9076
Best:
          Accuracy         : Train 0.9095, Val 0.9144, Test 0.9077
Epoch 48: Loss:            : Train 0.2186, Val 0.2498, Test 0.2167
          Accuracy         : Train 0.9091, Val 0.9055, Test 0.9039
Best:
          Accuracy         : Train 0.9095, Val 0.9144, Test 0.9077
Epoch 49: Loss:            : Train 0.2144, Val 0.2061, Test 0.2042
          Accuracy         : Train 0.9120, Val 0.9155, Test 0.9098
Best:
          Accuracy         : Train 0.9120, Val 0.9155, Test 0.9098
Epoch 50: Loss:            : Train 0.2133, Val 0.2110, Test 0.2102
          Accuracy         : Train 0.9111, Val 0.9137, Test 0.9092
Best:
          Accuracy         : Train 0.9120, Val 0.9155, Test 0.9098
Training time (sec): 182
