Loading rawg from data/game/rawg_clean.csv
Loading steam from data/game/steam_clean.csv
Current steam columns Index(['english', 'required_age', 'achievements', 'positive_ratings',
       'negative_ratings', 'average_playtime', 'median_playtime', 'price',
       'cat_Captions available', 'cat_Co-op', 'cat_Commentary available',
       'cat_Cross-Platform Multiplayer', 'cat_Full controller support',
       'cat_In-App Purchases', 'cat_Includes Source SDK',
       'cat_Includes level editor', 'cat_Local Co-op',
       'cat_Local Multi-Player', 'cat_MMO', 'cat_Mods',
       'cat_Mods (require HL2)', 'cat_Multi-player', 'cat_Online Co-op',
       'cat_Online Multi-Player', 'cat_Partial Controller Support',
       'cat_Shared/Split Screen', 'cat_Single-player', 'cat_Stats',
       'cat_Steam Achievements', 'cat_Steam Cloud', 'cat_Steam Leaderboards',
       'cat_Steam Trading Cards', 'cat_Steam Turn Notifications',
       'cat_Steam Workshop', 'cat_SteamVR Collectibles', 'cat_VR Support',
       'cat_Valve Anti-Cheat enabled', 'name'],
      dtype='object')
Current rawg columns Index(['name', 'rating', 'playtime', 'achievements_count', 'suggestions_count',
       'game_series_count', 'reviews_count', 'added_status_yet',
       'added_status_owned', 'added_status_beaten', 'added_status_toplay',
       'added_status_dropped', 'added_status_playing', 'has_website',
       'released_year_before_2020', 'updated_year_before_2020', '3DO',
       'Android', 'Apple II', 'Atari 2600', 'Atari 5200', 'Atari 7800',
       'Atari 8-bit', 'Atari Flashback', 'Atari Lynx', 'Atari ST',
       'Atari XEGS', 'Classic Macintosh', 'Commodore / Amiga', 'Dreamcast',
       'Game Boy', 'Game Boy Advance', 'Game Boy Color', 'Game Gear',
       'GameCube', 'Genesis', 'Jaguar', 'Linux', 'NES', 'Neo Geo',
       'Nintendo 3DS', 'Nintendo 64', 'Nintendo DS', 'Nintendo DSi',
       'Nintendo Switch', 'PC', 'PS Vita', 'PSP', 'PlayStation',
       'PlayStation 2', 'PlayStation 3', 'PlayStation 4', 'PlayStation 5',
       'SEGA 32X', 'SEGA CD', 'SEGA Master System', 'SEGA Saturn', 'SNES',
       'Web', 'Wii', 'Wii U', 'Xbox', 'Xbox 360', 'Xbox One',
       'Xbox Series S/X', 'iOS', 'macOS', 'Action', 'Adventure', 'Arcade',
       'Board Games', 'Card', 'Casual', 'Educational', 'Family', 'Fighting',
       'Indie', 'Massively Multiplayer', 'Platformer', 'Puzzle', 'RPG',
       'Racing', 'Shooter', 'Simulation', 'Sports', 'Strategy'],
      dtype='object')
Loading data from cache
Done
Calculating noise scale
Adding noise of scale 0.0 to sim_scores
Adding noise of scale 0.0 to sim_scores
Adding noise of scale 0.0 to sim_scores
Preparing time (sec): 0
Initializing dataloader
Done
Prepare for training
Start training
================================================================================
                                    Kernel Shape Output Shape  Params  \
Layer                                                                   
0_local_models.0.fc_layers.Linear_0    [38, 100]   [128, 100]    3900   
1_local_models.0.fc_layers.Linear_1    [100, 50]    [128, 50]    5050   
2_local_models.1.fc_layers.Linear_0    [85, 100]   [128, 100]    8600   
3_local_models.1.fc_layers.Linear_1    [100, 50]    [128, 50]    5050   
4_agg_model.fc_layers.Linear_0        [100, 100]   [128, 100]   10100   
5_agg_model.fc_layers.Linear_1          [100, 1]     [128, 1]     101   

                                     Mult-Adds  
Layer                                           
0_local_models.0.fc_layers.Linear_0       3800  
1_local_models.0.fc_layers.Linear_1       5000  
2_local_models.1.fc_layers.Linear_0       8500  
3_local_models.1.fc_layers.Linear_1       5000  
4_agg_model.fc_layers.Linear_0           10000  
5_agg_model.fc_layers.Linear_1             100  
--------------------------------------------------------------------------------
                      Totals
Total params           32801
Trainable params       32801
Non-trainable params       0
Mult-Adds              32400
================================================================================
n_classes=2
task=binary_cls
model_name=game_featuresim_2022-01-26-19-39-14
sche_threshold=0.0001
sche_patience=10
sche_factor=0.1
use_scheduler=False
num_workers=4
device=cuda:1
test_batch_size=4096
train_batch_size=128
learning_rate=0.001
weight_decay=1e-05
num_epochs=100
model_save_path=ckp/game_featuresim_2022-01-26-19-39-14.pth
test_rate=0.2
val_rate=0.1
multiprocess_context=fork
metrics=['accuracy']
metrics_f=[<metric.accuracy.Accuracy object at 0x7fa9dcc198b0>]
hidden_sizes=[200, 100]
model=SplitNN(
  (agg_model): MLP(
    (fc_layers): ModuleList(
      (0): Linear(in_features=100, out_features=100, bias=True)
      (1): Linear(in_features=100, out_features=1, bias=True)
    )
  )
  (local_models): ModuleList(
    (0): MLP(
      (fc_layers): ModuleList(
        (0): Linear(in_features=38, out_features=100, bias=True)
        (1): Linear(in_features=100, out_features=50, bias=True)
      )
    )
    (1): MLP(
      (fc_layers): ModuleList(
        (0): Linear(in_features=85, out_features=100, bias=True)
        (1): Linear(in_features=100, out_features=50, bias=True)
      )
    )
  )
)
writer=<torch.utils.tensorboard.writer.SummaryWriter object at 0x7fa9dcc19f40>
dataset_type=real
drop_key=True
num_common_features=1
tree_radius=0.01
tree_leaf_size=1000
knn_k=50
grid_min=-10.0
grid_max=10.0
grid_width=1.5
sim_scaler=StandardScaler()
filter_top_k=None
link_n_jobs=1
psig_p=4
sim_leak_p=1.0
link_threshold_t=0.1
link_epsilon=0.1
n_hash_lsh=50
edit_distance_threshold=10
n_hash_func=50
collision_rate=0.01
qgram_q=4
link_delta=0.01
feature_wise_sim=False
blocking_method=knn_str
center_threshold=0.5
n_clusters=100
local_hidden_sizes=[[100], [100]]
cut_dims=[50, 50]
agg_hidden_sizes=[100]
scale_analysis=None
data1_shape=(26987, 38)
data2_shape=(439999, 86)
Epoch 1: Loss:            : Train 0.4063, Val 0.3162, Test 0.3152
          Accuracy         : Train 0.8696, Val 0.8838, Test 0.8906
Best:
          Accuracy         : Train 0.8696, Val 0.8838, Test 0.8906
Epoch 2: Loss:            : Train 0.3274, Val 0.2991, Test 0.2817
          Accuracy         : Train 0.8904, Val 0.8930, Test 0.8958
Best:
          Accuracy         : Train 0.8904, Val 0.8930, Test 0.8958
Epoch 3: Loss:            : Train 0.2980, Val 0.2689, Test 0.2601
          Accuracy         : Train 0.8980, Val 0.9005, Test 0.9012
Best:
          Accuracy         : Train 0.8980, Val 0.9005, Test 0.9012
Epoch 4: Loss:            : Train 0.3021, Val 0.2432, Test 0.2586
          Accuracy         : Train 0.9010, Val 0.8969, Test 0.9005
Best:
          Accuracy         : Train 0.8980, Val 0.9005, Test 0.9012
Epoch 5: Loss:            : Train 0.2553, Val 0.2319, Test 0.3550
          Accuracy         : Train 0.9034, Val 0.9043, Test 0.9013
Best:
          Accuracy         : Train 0.9034, Val 0.9043, Test 0.9013
Epoch 6: Loss:            : Train 0.3165, Val 0.2803, Test 0.2883
          Accuracy         : Train 0.9041, Val 0.9015, Test 0.9007
Best:
          Accuracy         : Train 0.9034, Val 0.9043, Test 0.9013
Epoch 7: Loss:            : Train 0.2632, Val 0.2806, Test 0.2693
          Accuracy         : Train 0.9007, Val 0.9055, Test 0.9038
Best:
          Accuracy         : Train 0.9007, Val 0.9055, Test 0.9038
Epoch 8: Loss:            : Train 0.2647, Val 0.3105, Test 0.2391
          Accuracy         : Train 0.9042, Val 0.9040, Test 0.9020
Best:
          Accuracy         : Train 0.9007, Val 0.9055, Test 0.9038
Epoch 9: Loss:            : Train 0.2434, Val 0.2617, Test 0.2245
          Accuracy         : Train 0.9049, Val 0.9052, Test 0.9045
Best:
          Accuracy         : Train 0.9007, Val 0.9055, Test 0.9038
Epoch 10: Loss:            : Train 0.2548, Val 0.3054, Test 0.2603
          Accuracy         : Train 0.9056, Val 0.9039, Test 0.9014
Best:
          Accuracy         : Train 0.9007, Val 0.9055, Test 0.9038
Epoch 11: Loss:            : Train 0.2699, Val 0.3040, Test 0.2646
          Accuracy         : Train 0.9051, Val 0.9065, Test 0.9036
Best:
          Accuracy         : Train 0.9051, Val 0.9065, Test 0.9036
Epoch 12: Loss:            : Train 0.2391, Val 0.2634, Test 0.2168
          Accuracy         : Train 0.9059, Val 0.9052, Test 0.9044
Best:
          Accuracy         : Train 0.9051, Val 0.9065, Test 0.9036
Epoch 13: Loss:            : Train 0.2679, Val 0.2385, Test 0.2247
          Accuracy         : Train 0.9063, Val 0.9079, Test 0.9030
Best:
          Accuracy         : Train 0.9063, Val 0.9079, Test 0.9030
Epoch 14: Loss:            : Train 0.2354, Val 0.2277, Test 0.2207
          Accuracy         : Train 0.9068, Val 0.9102, Test 0.9074
Best:
          Accuracy         : Train 0.9068, Val 0.9102, Test 0.9074
Epoch 15: Loss:            : Train 0.2431, Val 0.2793, Test 0.2339
          Accuracy         : Train 0.9082, Val 0.9058, Test 0.9036
Best:
          Accuracy         : Train 0.9068, Val 0.9102, Test 0.9074
Epoch 16: Loss:            : Train 0.2284, Val 0.2234, Test 0.2152
          Accuracy         : Train 0.9077, Val 0.9130, Test 0.9068
Best:
          Accuracy         : Train 0.9077, Val 0.9130, Test 0.9068
Epoch 17: Loss:            : Train 0.2371, Val 0.2521, Test 0.2195
          Accuracy         : Train 0.9076, Val 0.9047, Test 0.9052
Best:
          Accuracy         : Train 0.9077, Val 0.9130, Test 0.9068
Epoch 18: Loss:            : Train 0.2255, Val 0.2414, Test 0.2244
          Accuracy         : Train 0.9080, Val 0.9046, Test 0.9004
Best:
          Accuracy         : Train 0.9077, Val 0.9130, Test 0.9068
Epoch 19: Loss:            : Train 0.2489, Val 0.2874, Test 0.2389
          Accuracy         : Train 0.9061, Val 0.9072, Test 0.9026
Best:
          Accuracy         : Train 0.9077, Val 0.9130, Test 0.9068
Epoch 20: Loss:            : Train 0.2261, Val 0.2496, Test 0.2322
          Accuracy         : Train 0.9074, Val 0.9031, Test 0.9022
Best:
          Accuracy         : Train 0.9077, Val 0.9130, Test 0.9068
Epoch 21: Loss:            : Train 0.2261, Val 0.2599, Test 0.2125
          Accuracy         : Train 0.9090, Val 0.9075, Test 0.9076
Best:
          Accuracy         : Train 0.9077, Val 0.9130, Test 0.9068
Epoch 22: Loss:            : Train 0.2270, Val 0.2133, Test 0.2124
          Accuracy         : Train 0.9102, Val 0.9077, Test 0.9061
Best:
          Accuracy         : Train 0.9077, Val 0.9130, Test 0.9068
Epoch 23: Loss:            : Train 0.2291, Val 0.2487, Test 0.2335
          Accuracy         : Train 0.9089, Val 0.9120, Test 0.9056
Best:
          Accuracy         : Train 0.9077, Val 0.9130, Test 0.9068
Epoch 24: Loss:            : Train 0.2223, Val 0.2758, Test 0.2563
          Accuracy         : Train 0.9093, Val 0.9072, Test 0.9041
Best:
          Accuracy         : Train 0.9077, Val 0.9130, Test 0.9068
Epoch 25: Loss:            : Train 0.2439, Val 0.2211, Test 0.2158
          Accuracy         : Train 0.9080, Val 0.9077, Test 0.9081
Best:
          Accuracy         : Train 0.9077, Val 0.9130, Test 0.9068
Epoch 26: Loss:            : Train 0.2220, Val 0.2190, Test 0.2093
          Accuracy         : Train 0.9088, Val 0.9114, Test 0.9078
Best:
          Accuracy         : Train 0.9077, Val 0.9130, Test 0.9068
Epoch 27: Loss:            : Train 0.2350, Val 0.2509, Test 0.2198
          Accuracy         : Train 0.9084, Val 0.9082, Test 0.9056
Best:
          Accuracy         : Train 0.9077, Val 0.9130, Test 0.9068
Epoch 28: Loss:            : Train 0.2228, Val 0.2103, Test 0.2115
          Accuracy         : Train 0.9093, Val 0.9112, Test 0.9064
Best:
          Accuracy         : Train 0.9077, Val 0.9130, Test 0.9068
Epoch 29: Loss:            : Train 0.2190, Val 0.2176, Test 0.2065
          Accuracy         : Train 0.9108, Val 0.9097, Test 0.9081
Best:
          Accuracy         : Train 0.9077, Val 0.9130, Test 0.9068
Epoch 30: Loss:            : Train 0.2187, Val 0.2240, Test 0.2173
          Accuracy         : Train 0.9100, Val 0.9063, Test 0.9052
Best:
          Accuracy         : Train 0.9077, Val 0.9130, Test 0.9068
Epoch 31: Loss:            : Train 0.2131, Val 0.2182, Test 0.2097
          Accuracy         : Train 0.9095, Val 0.9110, Test 0.9059
Best:
          Accuracy         : Train 0.9077, Val 0.9130, Test 0.9068
Epoch 32: Loss:            : Train 0.2173, Val 0.2553, Test 0.2120
          Accuracy         : Train 0.9108, Val 0.9103, Test 0.9086
Best:
          Accuracy         : Train 0.9077, Val 0.9130, Test 0.9068
Epoch 33: Loss:            : Train 0.2192, Val 0.2236, Test 0.2049
          Accuracy         : Train 0.9096, Val 0.9099, Test 0.9077
Best:
          Accuracy         : Train 0.9077, Val 0.9130, Test 0.9068
Epoch 34: Loss:            : Train 0.2259, Val 0.2161, Test 0.2067
          Accuracy         : Train 0.9101, Val 0.9095, Test 0.9078
Best:
          Accuracy         : Train 0.9077, Val 0.9130, Test 0.9068
Epoch 35: Loss:            : Train 0.2228, Val 0.2618, Test 0.2113
          Accuracy         : Train 0.9100, Val 0.9100, Test 0.9089
Best:
          Accuracy         : Train 0.9077, Val 0.9130, Test 0.9068
Epoch 36: Loss:            : Train 0.2304, Val 0.2250, Test 0.2086
          Accuracy         : Train 0.9095, Val 0.9070, Test 0.9045
Best:
          Accuracy         : Train 0.9077, Val 0.9130, Test 0.9068
Epoch 37: Loss:            : Train 0.2148, Val 0.2174, Test 0.2058
          Accuracy         : Train 0.9111, Val 0.9122, Test 0.9063
Best:
          Accuracy         : Train 0.9077, Val 0.9130, Test 0.9068
Epoch 38: Loss:            : Train 0.2181, Val 0.2208, Test 0.2094
          Accuracy         : Train 0.9108, Val 0.9126, Test 0.9070
Best:
          Accuracy         : Train 0.9077, Val 0.9130, Test 0.9068
Epoch 39: Loss:            : Train 0.2122, Val 0.2294, Test 0.2108
          Accuracy         : Train 0.9113, Val 0.9100, Test 0.9067
Best:
          Accuracy         : Train 0.9077, Val 0.9130, Test 0.9068
Epoch 40: Loss:            : Train 0.2108, Val 0.2271, Test 0.2060
          Accuracy         : Train 0.9117, Val 0.9110, Test 0.9085
Best:
          Accuracy         : Train 0.9077, Val 0.9130, Test 0.9068
Epoch 41: Loss:            : Train 0.2095, Val 0.2119, Test 0.2135
          Accuracy         : Train 0.9121, Val 0.9113, Test 0.9064
Best:
          Accuracy         : Train 0.9077, Val 0.9130, Test 0.9068
Epoch 42: Loss:            : Train 0.2056, Val 0.2059, Test 0.2117
          Accuracy         : Train 0.9122, Val 0.9113, Test 0.9086
Best:
          Accuracy         : Train 0.9077, Val 0.9130, Test 0.9068
Epoch 43: Loss:            : Train 0.2047, Val 0.2133, Test 0.2047
          Accuracy         : Train 0.9118, Val 0.9103, Test 0.9083
Best:
          Accuracy         : Train 0.9077, Val 0.9130, Test 0.9068
Epoch 44: Loss:            : Train 0.2062, Val 0.2213, Test 0.2070
          Accuracy         : Train 0.9117, Val 0.9118, Test 0.9079
Best:
          Accuracy         : Train 0.9077, Val 0.9130, Test 0.9068
Epoch 45: Loss:            : Train 0.2062, Val 0.2210, Test 0.2067
          Accuracy         : Train 0.9138, Val 0.9098, Test 0.9077
Best:
          Accuracy         : Train 0.9077, Val 0.9130, Test 0.9068
Epoch 46: Loss:            : Train 0.2015, Val 0.2502, Test 0.2113
          Accuracy         : Train 0.9126, Val 0.9103, Test 0.9096
Best:
          Accuracy         : Train 0.9077, Val 0.9130, Test 0.9068
Epoch 47: Loss:            : Train 0.2054, Val 0.2217, Test 0.2101
          Accuracy         : Train 0.9121, Val 0.9100, Test 0.9071
Best:
          Accuracy         : Train 0.9077, Val 0.9130, Test 0.9068
Epoch 48: Loss:            : Train 0.2149, Val 0.2156, Test 0.2079
          Accuracy         : Train 0.9127, Val 0.9134, Test 0.9086
Best:
          Accuracy         : Train 0.9127, Val 0.9134, Test 0.9086
Epoch 49: Loss:            : Train 0.2084, Val 0.2250, Test 0.2120
          Accuracy         : Train 0.9131, Val 0.9089, Test 0.9071
Best:
          Accuracy         : Train 0.9127, Val 0.9134, Test 0.9086
Epoch 50: Loss:            : Train 0.2011, Val 0.2275, Test 0.2077
          Accuracy         : Train 0.9116, Val 0.9096, Test 0.9075
Best:
          Accuracy         : Train 0.9127, Val 0.9134, Test 0.9086
Epoch 51: Loss:            : Train 0.2064, Val 0.2178, Test 0.2081
          Accuracy         : Train 0.9135, Val 0.9124, Test 0.9073
Best:
          Accuracy         : Train 0.9127, Val 0.9134, Test 0.9086
Epoch 52: Loss:            : Train 0.2048, Val 0.2132, Test 0.2037
          Accuracy         : Train 0.9141, Val 0.9102, Test 0.9069
Best:
          Accuracy         : Train 0.9127, Val 0.9134, Test 0.9086
Epoch 53: Loss:            : Train 0.1988, Val 0.2218, Test 0.2120
          Accuracy         : Train 0.9141, Val 0.9070, Test 0.9081
Best:
          Accuracy         : Train 0.9127, Val 0.9134, Test 0.9086
Epoch 54: Loss:            : Train 0.2014, Val 0.2131, Test 0.2115
          Accuracy         : Train 0.9123, Val 0.9105, Test 0.9091
Best:
          Accuracy         : Train 0.9127, Val 0.9134, Test 0.9086
Epoch 55: Loss:            : Train 0.2001, Val 0.2199, Test 0.2087
          Accuracy         : Train 0.9147, Val 0.9086, Test 0.9062
Best:
          Accuracy         : Train 0.9127, Val 0.9134, Test 0.9086
Epoch 56: Loss:            : Train 0.1980, Val 0.2142, Test 0.2117
          Accuracy         : Train 0.9148, Val 0.9098, Test 0.9079
Best:
          Accuracy         : Train 0.9127, Val 0.9134, Test 0.9086
Epoch 57: Loss:            : Train 0.1981, Val 0.2304, Test 0.2135
          Accuracy         : Train 0.9147, Val 0.9097, Test 0.9044
Best:
          Accuracy         : Train 0.9127, Val 0.9134, Test 0.9086
Epoch 58: Loss:            : Train 0.2077, Val 0.2165, Test 0.2117
          Accuracy         : Train 0.9144, Val 0.9086, Test 0.9069
Best:
          Accuracy         : Train 0.9127, Val 0.9134, Test 0.9086
Epoch 59: Loss:            : Train 0.2028, Val 0.2099, Test 0.2060
          Accuracy         : Train 0.9136, Val 0.9087, Test 0.9081
Best:
          Accuracy         : Train 0.9127, Val 0.9134, Test 0.9086
Epoch 60: Loss:            : Train 0.1959, Val 0.2121, Test 0.2049
          Accuracy         : Train 0.9158, Val 0.9125, Test 0.9083
Best:
          Accuracy         : Train 0.9127, Val 0.9134, Test 0.9086
Epoch 61: Loss:            : Train 0.1957, Val 0.2198, Test 0.2067
          Accuracy         : Train 0.9155, Val 0.9138, Test 0.9066
Best:
          Accuracy         : Train 0.9155, Val 0.9138, Test 0.9066
Epoch 62: Loss:            : Train 0.1968, Val 0.2278, Test 0.2079
          Accuracy         : Train 0.9151, Val 0.9143, Test 0.9079
Best:
          Accuracy         : Train 0.9151, Val 0.9143, Test 0.9079
Epoch 63: Loss:            : Train 0.1953, Val 0.2251, Test 0.2072
          Accuracy         : Train 0.9166, Val 0.9142, Test 0.9066
Best:
          Accuracy         : Train 0.9151, Val 0.9143, Test 0.9079
Epoch 64: Loss:            : Train 0.1944, Val 0.2166, Test 0.2090
          Accuracy         : Train 0.9166, Val 0.9084, Test 0.9074
Best:
          Accuracy         : Train 0.9151, Val 0.9143, Test 0.9079
Epoch 65: Loss:            : Train 0.1949, Val 0.2218, Test 0.2069
          Accuracy         : Train 0.9155, Val 0.9085, Test 0.9080
Best:
          Accuracy         : Train 0.9151, Val 0.9143, Test 0.9079
Epoch 66: Loss:            : Train 0.1936, Val 0.2598, Test 0.2126
          Accuracy         : Train 0.9164, Val 0.9099, Test 0.9082
Best:
          Accuracy         : Train 0.9151, Val 0.9143, Test 0.9079
Epoch 67: Loss:            : Train 0.1977, Val 0.2097, Test 0.2065
          Accuracy         : Train 0.9157, Val 0.9127, Test 0.9091
Best:
          Accuracy         : Train 0.9151, Val 0.9143, Test 0.9079
Epoch 68: Loss:            : Train 0.1922, Val 0.2168, Test 0.2056
          Accuracy         : Train 0.9176, Val 0.9101, Test 0.9090
Best:
          Accuracy         : Train 0.9151, Val 0.9143, Test 0.9079
Epoch 69: Loss:            : Train 0.1944, Val 0.3094, Test 0.2118
          Accuracy         : Train 0.9157, Val 0.9138, Test 0.9075
Best:
          Accuracy         : Train 0.9151, Val 0.9143, Test 0.9079
Epoch 70: Loss:            : Train 0.1922, Val 0.3040, Test 0.2108
          Accuracy         : Train 0.9168, Val 0.9095, Test 0.9082
Best:
          Accuracy         : Train 0.9151, Val 0.9143, Test 0.9079
Epoch 71: Loss:            : Train 0.1916, Val 0.2465, Test 0.2235
          Accuracy         : Train 0.9170, Val 0.9132, Test 0.9080
Best:
          Accuracy         : Train 0.9151, Val 0.9143, Test 0.9079
Epoch 72: Loss:            : Train 0.1889, Val 0.2432, Test 0.2192
          Accuracy         : Train 0.9185, Val 0.9149, Test 0.9088
Best:
          Accuracy         : Train 0.9185, Val 0.9149, Test 0.9088
Epoch 73: Loss:            : Train 0.1895, Val 0.6293, Test 0.2385
          Accuracy         : Train 0.9167, Val 0.9128, Test 0.9067
Best:
          Accuracy         : Train 0.9185, Val 0.9149, Test 0.9088
Epoch 74: Loss:            : Train 0.1968, Val 0.2498, Test 0.2229
          Accuracy         : Train 0.9172, Val 0.9100, Test 0.9100
Best:
          Accuracy         : Train 0.9185, Val 0.9149, Test 0.9088
Epoch 75: Loss:            : Train 0.1898, Val 0.2749, Test 0.2224
          Accuracy         : Train 0.9186, Val 0.9106, Test 0.9085
Best:
          Accuracy         : Train 0.9185, Val 0.9149, Test 0.9088
Epoch 76: Loss:            : Train 0.1893, Val 0.2868, Test 0.2267
          Accuracy         : Train 0.9181, Val 0.9103, Test 0.9073
Best:
          Accuracy         : Train 0.9185, Val 0.9149, Test 0.9088
Epoch 77: Loss:            : Train 0.1895, Val 0.2773, Test 0.2234
          Accuracy         : Train 0.9191, Val 0.9142, Test 0.9088
Best:
          Accuracy         : Train 0.9185, Val 0.9149, Test 0.9088
Epoch 78: Loss:            : Train 0.1905, Val 0.3137, Test 0.2358
          Accuracy         : Train 0.9192, Val 0.9124, Test 0.9057
Best:
          Accuracy         : Train 0.9185, Val 0.9149, Test 0.9088
Epoch 79: Loss:            : Train 0.1942, Val 0.2907, Test 0.2241
          Accuracy         : Train 0.9187, Val 0.9077, Test 0.9105
Best:
          Accuracy         : Train 0.9185, Val 0.9149, Test 0.9088
Epoch 80: Loss:            : Train 0.1884, Val 0.3020, Test 0.2487
          Accuracy         : Train 0.9195, Val 0.9087, Test 0.9075
Best:
          Accuracy         : Train 0.9185, Val 0.9149, Test 0.9088
Epoch 81: Loss:            : Train 0.1927, Val 0.2916, Test 0.2333
          Accuracy         : Train 0.9190, Val 0.9070, Test 0.9070
Best:
          Accuracy         : Train 0.9185, Val 0.9149, Test 0.9088
Epoch 82: Loss:            : Train 0.1873, Val 0.2878, Test 0.2231
          Accuracy         : Train 0.9186, Val 0.9104, Test 0.9090
Best:
          Accuracy         : Train 0.9185, Val 0.9149, Test 0.9088
Epoch 83: Loss:            : Train 0.1851, Val 0.2888, Test 0.2230
          Accuracy         : Train 0.9193, Val 0.9085, Test 0.9074
Best:
          Accuracy         : Train 0.9185, Val 0.9149, Test 0.9088
Epoch 84: Loss:            : Train 0.1848, Val 0.2886, Test 0.2282
          Accuracy         : Train 0.9190, Val 0.9101, Test 0.9072
Best:
          Accuracy         : Train 0.9185, Val 0.9149, Test 0.9088
Epoch 85: Loss:            : Train 0.1846, Val 0.2748, Test 0.2404
          Accuracy         : Train 0.9197, Val 0.9122, Test 0.9100
Best:
          Accuracy         : Train 0.9185, Val 0.9149, Test 0.9088
Epoch 86: Loss:            : Train 0.1840, Val 0.2916, Test 0.2448
          Accuracy         : Train 0.9208, Val 0.9114, Test 0.9110
Best:
          Accuracy         : Train 0.9185, Val 0.9149, Test 0.9088
Epoch 87: Loss:            : Train 0.1833, Val 0.2837, Test 0.2406
          Accuracy         : Train 0.9197, Val 0.9114, Test 0.9079
Best:
          Accuracy         : Train 0.9185, Val 0.9149, Test 0.9088
Epoch 88: Loss:            : Train 0.1843, Val 0.2808, Test 0.2366
          Accuracy         : Train 0.9201, Val 0.9152, Test 0.9089
Best:
          Accuracy         : Train 0.9201, Val 0.9152, Test 0.9089
Epoch 89: Loss:            : Train 0.1838, Val 0.2929, Test 0.2443
          Accuracy         : Train 0.9199, Val 0.9089, Test 0.9085
Best:
          Accuracy         : Train 0.9201, Val 0.9152, Test 0.9089
Epoch 90: Loss:            : Train 0.1834, Val 0.2758, Test 0.2383
          Accuracy         : Train 0.9204, Val 0.9121, Test 0.9103
Best:
          Accuracy         : Train 0.9201, Val 0.9152, Test 0.9089
Epoch 91: Loss:            : Train 0.1820, Val 0.2810, Test 0.2375
          Accuracy         : Train 0.9216, Val 0.9090, Test 0.9107
Best:
          Accuracy         : Train 0.9201, Val 0.9152, Test 0.9089
Epoch 92: Loss:            : Train 0.1816, Val 0.2936, Test 0.2377
          Accuracy         : Train 0.9206, Val 0.9148, Test 0.9098
Best:
          Accuracy         : Train 0.9201, Val 0.9152, Test 0.9089
Epoch 93: Loss:            : Train 0.1815, Val 0.2779, Test 0.2214
          Accuracy         : Train 0.9213, Val 0.9118, Test 0.9103
Best:
          Accuracy         : Train 0.9201, Val 0.9152, Test 0.9089
Epoch 94: Loss:            : Train 0.1806, Val 0.2835, Test 0.2424
          Accuracy         : Train 0.9221, Val 0.9080, Test 0.9105
Best:
          Accuracy         : Train 0.9201, Val 0.9152, Test 0.9089
Epoch 95: Loss:            : Train 0.1813, Val 0.2825, Test 0.3274
          Accuracy         : Train 0.9221, Val 0.9120, Test 0.9089
Best:
          Accuracy         : Train 0.9201, Val 0.9152, Test 0.9089
Epoch 96: Loss:            : Train 0.1810, Val 0.2817, Test 0.2420
          Accuracy         : Train 0.9225, Val 0.9114, Test 0.9097
Best:
          Accuracy         : Train 0.9201, Val 0.9152, Test 0.9089
Epoch 97: Loss:            : Train 0.1800, Val 0.2750, Test 0.2445
          Accuracy         : Train 0.9222, Val 0.9145, Test 0.9110
Best:
          Accuracy         : Train 0.9201, Val 0.9152, Test 0.9089
Epoch 98: Loss:            : Train 0.1850, Val 0.2785, Test 0.2372
          Accuracy         : Train 0.9214, Val 0.9139, Test 0.9096
Best:
          Accuracy         : Train 0.9201, Val 0.9152, Test 0.9089
Epoch 99: Loss:            : Train 0.1790, Val 0.2777, Test 0.2390
          Accuracy         : Train 0.9232, Val 0.9103, Test 0.9096
Best:
          Accuracy         : Train 0.9201, Val 0.9152, Test 0.9089
Epoch 100: Loss:            : Train 0.1806, Val 0.2855, Test 0.2253
          Accuracy         : Train 0.9214, Val 0.9092, Test 0.9121
Best:
          Accuracy         : Train 0.9201, Val 0.9152, Test 0.9089
Training time (sec): 359
