Loading rawg from data/game/rawg_clean.csv
Loading steam from data/game/steam_clean.csv
Current steam columns Index(['english', 'required_age', 'achievements', 'positive_ratings',
       'negative_ratings', 'average_playtime', 'median_playtime', 'price',
       'cat_Captions available', 'cat_Co-op', 'cat_Commentary available',
       'cat_Cross-Platform Multiplayer', 'cat_Full controller support',
       'cat_In-App Purchases', 'cat_Includes Source SDK',
       'cat_Includes level editor', 'cat_Local Co-op',
       'cat_Local Multi-Player', 'cat_MMO', 'cat_Mods',
       'cat_Mods (require HL2)', 'cat_Multi-player', 'cat_Online Co-op',
       'cat_Online Multi-Player', 'cat_Partial Controller Support',
       'cat_Shared/Split Screen', 'cat_Single-player', 'cat_Stats',
       'cat_Steam Achievements', 'cat_Steam Cloud', 'cat_Steam Leaderboards',
       'cat_Steam Trading Cards', 'cat_Steam Turn Notifications',
       'cat_Steam Workshop', 'cat_SteamVR Collectibles', 'cat_VR Support',
       'cat_Valve Anti-Cheat enabled', 'name'],
      dtype='object')
Current rawg columns Index(['name', 'rating', 'playtime', 'achievements_count', 'suggestions_count',
       'game_series_count', 'reviews_count', 'added_status_yet',
       'added_status_owned', 'added_status_beaten', 'added_status_toplay',
       'added_status_dropped', 'added_status_playing', 'has_website',
       'released_year_before_2020', 'updated_year_before_2020', '3DO',
       'Android', 'Apple II', 'Atari 2600', 'Atari 5200', 'Atari 7800',
       'Atari 8-bit', 'Atari Flashback', 'Atari Lynx', 'Atari ST',
       'Atari XEGS', 'Classic Macintosh', 'Commodore / Amiga', 'Dreamcast',
       'Game Boy', 'Game Boy Advance', 'Game Boy Color', 'Game Gear',
       'GameCube', 'Genesis', 'Jaguar', 'Linux', 'NES', 'Neo Geo',
       'Nintendo 3DS', 'Nintendo 64', 'Nintendo DS', 'Nintendo DSi',
       'Nintendo Switch', 'PC', 'PS Vita', 'PSP', 'PlayStation',
       'PlayStation 2', 'PlayStation 3', 'PlayStation 4', 'PlayStation 5',
       'SEGA 32X', 'SEGA CD', 'SEGA Master System', 'SEGA Saturn', 'SNES',
       'Web', 'Wii', 'Wii U', 'Xbox', 'Xbox 360', 'Xbox One',
       'Xbox Series S/X', 'iOS', 'macOS', 'Action', 'Adventure', 'Arcade',
       'Board Games', 'Card', 'Casual', 'Educational', 'Family', 'Fighting',
       'Indie', 'Massively Multiplayer', 'Platformer', 'Puzzle', 'RPG',
       'Racing', 'Shooter', 'Simulation', 'Sports', 'Strategy'],
      dtype='object')
Loading data from cache
Done
Calculating noise scale
Adding noise of scale 0.0 to sim_scores
Adding noise of scale 0.0 to sim_scores
Adding noise of scale 0.0 to sim_scores
Generating top1 dataset
Generating top1 dataset
Generating top1 dataset
Preparing time (sec): 1
Loading data
Prepare for training
Start training
================================================================================
                                    Kernel Shape Output Shape  Params  \
Layer                                                                   
0_local_models.0.fc_layers.Linear_0    [37, 100]  [4096, 100]    3800   
1_local_models.0.fc_layers.Linear_1    [100, 50]   [4096, 50]    5050   
2_local_models.1.fc_layers.Linear_0    [85, 100]  [4096, 100]    8600   
3_local_models.1.fc_layers.Linear_1    [100, 50]   [4096, 50]    5050   
4_agg_model.fc_layers.Linear_0        [100, 400]  [4096, 400]   40400   
5_agg_model.fc_layers.Linear_1          [400, 1]    [4096, 1]     401   

                                     Mult-Adds  
Layer                                           
0_local_models.0.fc_layers.Linear_0       3700  
1_local_models.0.fc_layers.Linear_1       5000  
2_local_models.1.fc_layers.Linear_0       8500  
3_local_models.1.fc_layers.Linear_1       5000  
4_agg_model.fc_layers.Linear_0           40000  
5_agg_model.fc_layers.Linear_1             400  
--------------------------------------------------------------------------------
                      Totals
Total params           63301
Trainable params       63301
Non-trainable params       0
Mult-Adds              62600
================================================================================
n_classes=2
task=binary_cls
model_name=game_top1sim_2022-01-31-01-24-25
sche_threshold=0.0001
sche_patience=10
sche_factor=0.1
use_scheduler=False
num_workers=4
device=cuda:0
test_batch_size=4096
train_batch_size=4096
learning_rate=0.001
weight_decay=1e-05
num_epochs=200
model_save_path=ckp/game_top1sim_2022-01-31-01-24-25.pth
test_rate=0.2
val_rate=0.1
multiprocess_context=fork
metrics=['accuracy']
metrics_f=[<metric.accuracy.Accuracy object at 0x7fcd90a41d00>]
hidden_sizes=[200, 100]
model=SplitNN(
  (agg_model): MLP(
    (fc_layers): ModuleList(
      (0): Linear(in_features=100, out_features=400, bias=True)
      (1): Linear(in_features=400, out_features=1, bias=True)
    )
  )
  (local_models): ModuleList(
    (0): MLP(
      (fc_layers): ModuleList(
        (0): Linear(in_features=37, out_features=100, bias=True)
        (1): Linear(in_features=100, out_features=50, bias=True)
      )
    )
    (1): MLP(
      (fc_layers): ModuleList(
        (0): Linear(in_features=85, out_features=100, bias=True)
        (1): Linear(in_features=100, out_features=50, bias=True)
      )
    )
  )
)
writer=<torch.utils.tensorboard.writer.SummaryWriter object at 0x7fcd90a41a90>
dataset_type=real
drop_key=True
num_common_features=1
tree_radius=0.01
tree_leaf_size=1000
knn_k=50
grid_min=-10.0
grid_max=10.0
grid_width=1.5
sim_scaler=StandardScaler()
filter_top_k=None
link_n_jobs=1
psig_p=4
sim_leak_p=1.0
link_threshold_t=0.1
link_epsilon=0.1
n_hash_lsh=50
edit_distance_threshold=10
n_hash_func=50
collision_rate=0.01
qgram_q=4
link_delta=0.01
feature_wise_sim=False
blocking_method=knn_str
center_threshold=0.5
n_clusters=100
local_hidden_sizes=[[100], [100]]
cut_dims=[50, 50]
agg_hidden_sizes=[400]
scale_analysis=None
data1_shape=(26987, 38)
data2_shape=(439999, 86)
Epoch 1: Loss:            : Train 0.0000, Val 0.8342, Test 0.8110
          Accuracy         : Train 0.3360, Val 0.6317, Test 0.6499
Best:
          Accuracy         : Train 0.3360, Val 0.6317, Test 0.6499
Epoch 2: Loss:            : Train 0.0000, Val 0.5963, Test 0.5550
          Accuracy         : Train 0.7384, Val 0.7877, Test 0.8042
Best:
          Accuracy         : Train 0.7384, Val 0.7877, Test 0.8042
Epoch 3: Loss:            : Train 0.0000, Val 0.5132, Test 0.4803
          Accuracy         : Train 0.8175, Val 0.8207, Test 0.8357
Best:
          Accuracy         : Train 0.8175, Val 0.8207, Test 0.8357
Epoch 4: Loss:            : Train 0.0000, Val 0.4755, Test 0.4910
          Accuracy         : Train 0.8408, Val 0.8362, Test 0.8453
Best:
          Accuracy         : Train 0.8408, Val 0.8362, Test 0.8453
Epoch 5: Loss:            : Train 0.0000, Val 0.4551, Test 0.5098
          Accuracy         : Train 0.8526, Val 0.8414, Test 0.8494
Best:
          Accuracy         : Train 0.8526, Val 0.8414, Test 0.8494
Epoch 6: Loss:            : Train 0.0000, Val 0.4473, Test 0.4992
          Accuracy         : Train 0.8552, Val 0.8444, Test 0.8512
Best:
          Accuracy         : Train 0.8552, Val 0.8444, Test 0.8512
Epoch 7: Loss:            : Train 0.0000, Val 0.4542, Test 0.4822
          Accuracy         : Train 0.8574, Val 0.8474, Test 0.8540
Best:
          Accuracy         : Train 0.8574, Val 0.8474, Test 0.8540
Epoch 8: Loss:            : Train 0.0000, Val 0.4253, Test 0.4625
          Accuracy         : Train 0.8602, Val 0.8533, Test 0.8575
Best:
          Accuracy         : Train 0.8602, Val 0.8533, Test 0.8575
Epoch 9: Loss:            : Train 0.0000, Val 0.3961, Test 0.4406
          Accuracy         : Train 0.8638, Val 0.8574, Test 0.8577
Best:
          Accuracy         : Train 0.8638, Val 0.8574, Test 0.8577
Epoch 10: Loss:            : Train 0.0000, Val 0.3707, Test 0.4011
          Accuracy         : Train 0.8651, Val 0.8625, Test 0.8587
Best:
          Accuracy         : Train 0.8651, Val 0.8625, Test 0.8587
Epoch 11: Loss:            : Train 0.0000, Val 0.3916, Test 0.3415
          Accuracy         : Train 0.8666, Val 0.8599, Test 0.8629
Best:
          Accuracy         : Train 0.8651, Val 0.8625, Test 0.8587
Epoch 12: Loss:            : Train 0.0000, Val 0.3944, Test 0.3311
          Accuracy         : Train 0.8700, Val 0.8599, Test 0.8683
Best:
          Accuracy         : Train 0.8651, Val 0.8625, Test 0.8587
Epoch 13: Loss:            : Train 0.0000, Val 0.3547, Test 0.3538
          Accuracy         : Train 0.8756, Val 0.8725, Test 0.8731
Best:
          Accuracy         : Train 0.8756, Val 0.8725, Test 0.8731
Epoch 14: Loss:            : Train 0.0000, Val 0.3495, Test 0.3224
          Accuracy         : Train 0.8777, Val 0.8651, Test 0.8731
Best:
          Accuracy         : Train 0.8756, Val 0.8725, Test 0.8731
Epoch 15: Loss:            : Train 0.0000, Val 0.3724, Test 0.3554
          Accuracy         : Train 0.8769, Val 0.8725, Test 0.8772
Best:
          Accuracy         : Train 0.8756, Val 0.8725, Test 0.8731
Epoch 16: Loss:            : Train 0.0000, Val 0.3477, Test 0.3418
          Accuracy         : Train 0.8831, Val 0.8777, Test 0.8801
Best:
          Accuracy         : Train 0.8831, Val 0.8777, Test 0.8801
Epoch 17: Loss:            : Train 0.0000, Val 0.3705, Test 0.3445
          Accuracy         : Train 0.8842, Val 0.8740, Test 0.8766
Best:
          Accuracy         : Train 0.8831, Val 0.8777, Test 0.8801
Epoch 18: Loss:            : Train 0.0000, Val 0.3356, Test 0.3387
          Accuracy         : Train 0.8839, Val 0.8766, Test 0.8801
Best:
          Accuracy         : Train 0.8831, Val 0.8777, Test 0.8801
Epoch 19: Loss:            : Train 0.0000, Val 0.3272, Test 0.3282
          Accuracy         : Train 0.8859, Val 0.8855, Test 0.8853
Best:
          Accuracy         : Train 0.8859, Val 0.8855, Test 0.8853
Epoch 20: Loss:            : Train 0.0000, Val 0.3335, Test 0.3283
          Accuracy         : Train 0.8891, Val 0.8822, Test 0.8876
Best:
          Accuracy         : Train 0.8859, Val 0.8855, Test 0.8853
Epoch 21: Loss:            : Train 0.0000, Val 0.3300, Test 0.3250
          Accuracy         : Train 0.8903, Val 0.8859, Test 0.8905
Best:
          Accuracy         : Train 0.8903, Val 0.8859, Test 0.8905
Epoch 22: Loss:            : Train 0.0000, Val 0.3501, Test 0.3248
          Accuracy         : Train 0.8923, Val 0.8877, Test 0.8903
Best:
          Accuracy         : Train 0.8923, Val 0.8877, Test 0.8903
Epoch 23: Loss:            : Train 0.0000, Val 0.3504, Test 0.3274
          Accuracy         : Train 0.8924, Val 0.8848, Test 0.8911
Best:
          Accuracy         : Train 0.8923, Val 0.8877, Test 0.8903
Epoch 24: Loss:            : Train 0.0000, Val 0.3458, Test 0.3215
          Accuracy         : Train 0.8930, Val 0.8888, Test 0.8938
Best:
          Accuracy         : Train 0.8930, Val 0.8888, Test 0.8938
Epoch 25: Loss:            : Train 0.0000, Val 0.3184, Test 0.3147
          Accuracy         : Train 0.8948, Val 0.8933, Test 0.8953
Best:
          Accuracy         : Train 0.8948, Val 0.8933, Test 0.8953
Epoch 26: Loss:            : Train 0.0000, Val 0.3409, Test 0.3192
          Accuracy         : Train 0.8925, Val 0.8822, Test 0.8914
Best:
          Accuracy         : Train 0.8948, Val 0.8933, Test 0.8953
Epoch 27: Loss:            : Train 0.0000, Val 0.3111, Test 0.3071
          Accuracy         : Train 0.8935, Val 0.8959, Test 0.8994
Best:
          Accuracy         : Train 0.8935, Val 0.8959, Test 0.8994
Epoch 28: Loss:            : Train 0.0000, Val 0.3361, Test 0.3064
          Accuracy         : Train 0.8982, Val 0.8944, Test 0.9007
Best:
          Accuracy         : Train 0.8935, Val 0.8959, Test 0.8994
Epoch 29: Loss:            : Train 0.0000, Val 0.3425, Test 0.3185
          Accuracy         : Train 0.8969, Val 0.8918, Test 0.9013
Best:
          Accuracy         : Train 0.8935, Val 0.8959, Test 0.8994
Epoch 30: Loss:            : Train 0.0000, Val 0.3337, Test 0.3082
          Accuracy         : Train 0.8992, Val 0.8974, Test 0.9033
Best:
          Accuracy         : Train 0.8992, Val 0.8974, Test 0.9033
Epoch 31: Loss:            : Train 0.0000, Val 0.3286, Test 0.3029
          Accuracy         : Train 0.9004, Val 0.8911, Test 0.9000
Best:
          Accuracy         : Train 0.8992, Val 0.8974, Test 0.9033
Epoch 32: Loss:            : Train 0.0000, Val 0.3230, Test 0.3014
          Accuracy         : Train 0.8958, Val 0.8929, Test 0.9000
Best:
          Accuracy         : Train 0.8992, Val 0.8974, Test 0.9033
Epoch 33: Loss:            : Train 0.0000, Val 0.3223, Test 0.2973
          Accuracy         : Train 0.9021, Val 0.9029, Test 0.9044
Best:
          Accuracy         : Train 0.9021, Val 0.9029, Test 0.9044
Epoch 34: Loss:            : Train 0.0000, Val 0.2995, Test 0.2961
          Accuracy         : Train 0.9020, Val 0.9000, Test 0.9016
Best:
          Accuracy         : Train 0.9021, Val 0.9029, Test 0.9044
Epoch 35: Loss:            : Train 0.0000, Val 0.2979, Test 0.2914
          Accuracy         : Train 0.8985, Val 0.9011, Test 0.9011
Best:
          Accuracy         : Train 0.9021, Val 0.9029, Test 0.9044
Epoch 36: Loss:            : Train 0.0000, Val 0.3177, Test 0.3070
          Accuracy         : Train 0.9011, Val 0.9014, Test 0.9066
Best:
          Accuracy         : Train 0.9021, Val 0.9029, Test 0.9044
Epoch 37: Loss:            : Train 0.0000, Val 0.3106, Test 0.2855
          Accuracy         : Train 0.9052, Val 0.9007, Test 0.9064
Best:
          Accuracy         : Train 0.9021, Val 0.9029, Test 0.9044
Epoch 38: Loss:            : Train 0.0000, Val 0.2925, Test 0.2851
          Accuracy         : Train 0.9032, Val 0.9048, Test 0.9063
Best:
          Accuracy         : Train 0.9032, Val 0.9048, Test 0.9063
Epoch 39: Loss:            : Train 0.0000, Val 0.3199, Test 0.2924
          Accuracy         : Train 0.9040, Val 0.9003, Test 0.9068
Best:
          Accuracy         : Train 0.9032, Val 0.9048, Test 0.9063
Epoch 40: Loss:            : Train 0.0000, Val 0.3110, Test 0.2863
          Accuracy         : Train 0.9060, Val 0.9014, Test 0.9070
Best:
          Accuracy         : Train 0.9032, Val 0.9048, Test 0.9063
Epoch 41: Loss:            : Train 0.0000, Val 0.3016, Test 0.2817
          Accuracy         : Train 0.9060, Val 0.9055, Test 0.9063
Best:
          Accuracy         : Train 0.9060, Val 0.9055, Test 0.9063
Epoch 42: Loss:            : Train 0.0000, Val 0.2811, Test 0.2798
          Accuracy         : Train 0.9021, Val 0.9007, Test 0.9052
Best:
          Accuracy         : Train 0.9060, Val 0.9055, Test 0.9063
Epoch 43: Loss:            : Train 0.0000, Val 0.2762, Test 0.2717
          Accuracy         : Train 0.9040, Val 0.9055, Test 0.9089
Best:
          Accuracy         : Train 0.9060, Val 0.9055, Test 0.9063
Epoch 44: Loss:            : Train 0.0000, Val 0.2712, Test 0.2711
          Accuracy         : Train 0.9069, Val 0.9063, Test 0.9105
Best:
          Accuracy         : Train 0.9069, Val 0.9063, Test 0.9105
Epoch 45: Loss:            : Train 0.0000, Val 0.2814, Test 0.2699
          Accuracy         : Train 0.9069, Val 0.9052, Test 0.9090
Best:
          Accuracy         : Train 0.9069, Val 0.9063, Test 0.9105
Epoch 46: Loss:            : Train 0.0000, Val 0.2830, Test 0.2681
          Accuracy         : Train 0.9096, Val 0.9074, Test 0.9105
Best:
          Accuracy         : Train 0.9096, Val 0.9074, Test 0.9105
Epoch 47: Loss:            : Train 0.0000, Val 0.2765, Test 0.2800
          Accuracy         : Train 0.9076, Val 0.9074, Test 0.9114
Best:
          Accuracy         : Train 0.9096, Val 0.9074, Test 0.9105
Epoch 48: Loss:            : Train 0.0000, Val 0.2663, Test 0.2694
          Accuracy         : Train 0.9106, Val 0.9040, Test 0.9066
Best:
          Accuracy         : Train 0.9096, Val 0.9074, Test 0.9105
Epoch 49: Loss:            : Train 0.0000, Val 0.2689, Test 0.2773
          Accuracy         : Train 0.9078, Val 0.9122, Test 0.9133
Best:
          Accuracy         : Train 0.9078, Val 0.9122, Test 0.9133
Epoch 50: Loss:            : Train 0.0000, Val 0.2613, Test 0.2593
          Accuracy         : Train 0.9114, Val 0.9114, Test 0.9129
Best:
          Accuracy         : Train 0.9078, Val 0.9122, Test 0.9133
Epoch 51: Loss:            : Train 0.0000, Val 0.2685, Test 0.2586
          Accuracy         : Train 0.9103, Val 0.9126, Test 0.9140
Best:
          Accuracy         : Train 0.9103, Val 0.9126, Test 0.9140
Epoch 52: Loss:            : Train 0.0000, Val 0.2584, Test 0.2558
          Accuracy         : Train 0.9111, Val 0.9092, Test 0.9107
Best:
          Accuracy         : Train 0.9103, Val 0.9126, Test 0.9140
Epoch 53: Loss:            : Train 0.0000, Val 0.2606, Test 0.2530
          Accuracy         : Train 0.9101, Val 0.9126, Test 0.9148
Best:
          Accuracy         : Train 0.9103, Val 0.9126, Test 0.9140
Epoch 54: Loss:            : Train 0.0000, Val 0.2547, Test 0.2511
          Accuracy         : Train 0.9121, Val 0.9111, Test 0.9120
Best:
          Accuracy         : Train 0.9103, Val 0.9126, Test 0.9140
Epoch 55: Loss:            : Train 0.0000, Val 0.2586, Test 0.2480
          Accuracy         : Train 0.9128, Val 0.9144, Test 0.9157
Best:
          Accuracy         : Train 0.9128, Val 0.9144, Test 0.9157
Epoch 56: Loss:            : Train 0.0000, Val 0.2559, Test 0.2487
          Accuracy         : Train 0.9127, Val 0.9148, Test 0.9163
Best:
          Accuracy         : Train 0.9127, Val 0.9148, Test 0.9163
Epoch 57: Loss:            : Train 0.0000, Val 0.2535, Test 0.2450
          Accuracy         : Train 0.9134, Val 0.9166, Test 0.9166
Best:
          Accuracy         : Train 0.9134, Val 0.9166, Test 0.9166
Epoch 58: Loss:            : Train 0.0000, Val 0.2774, Test 0.2486
          Accuracy         : Train 0.9135, Val 0.9140, Test 0.9174
Best:
          Accuracy         : Train 0.9134, Val 0.9166, Test 0.9166
Epoch 59: Loss:            : Train 0.0000, Val 0.2443, Test 0.2426
          Accuracy         : Train 0.9128, Val 0.9181, Test 0.9163
Best:
          Accuracy         : Train 0.9128, Val 0.9181, Test 0.9163
Epoch 60: Loss:            : Train 0.0000, Val 0.2732, Test 0.2438
          Accuracy         : Train 0.9139, Val 0.9166, Test 0.9157
Best:
          Accuracy         : Train 0.9128, Val 0.9181, Test 0.9163
Epoch 61: Loss:            : Train 0.0000, Val 0.2712, Test 0.2549
          Accuracy         : Train 0.9140, Val 0.9148, Test 0.9185
Best:
          Accuracy         : Train 0.9128, Val 0.9181, Test 0.9163
Epoch 62: Loss:            : Train 0.0000, Val 0.2417, Test 0.2372
          Accuracy         : Train 0.9153, Val 0.9177, Test 0.9172
Best:
          Accuracy         : Train 0.9128, Val 0.9181, Test 0.9163
Epoch 63: Loss:            : Train 0.0000, Val 0.2674, Test 0.2381
          Accuracy         : Train 0.9134, Val 0.9177, Test 0.9166
Best:
          Accuracy         : Train 0.9128, Val 0.9181, Test 0.9163
Epoch 64: Loss:            : Train 0.0000, Val 0.2770, Test 0.2455
          Accuracy         : Train 0.9153, Val 0.9140, Test 0.9185
Best:
          Accuracy         : Train 0.9128, Val 0.9181, Test 0.9163
Epoch 65: Loss:            : Train 0.0000, Val 0.2633, Test 0.2340
          Accuracy         : Train 0.9159, Val 0.9203, Test 0.9202
Best:
          Accuracy         : Train 0.9159, Val 0.9203, Test 0.9202
Epoch 66: Loss:            : Train 0.0000, Val 0.2399, Test 0.2356
          Accuracy         : Train 0.9156, Val 0.9133, Test 0.9148
Best:
          Accuracy         : Train 0.9159, Val 0.9203, Test 0.9202
Epoch 67: Loss:            : Train 0.0000, Val 0.2628, Test 0.2300
          Accuracy         : Train 0.9146, Val 0.9203, Test 0.9207
Best:
          Accuracy         : Train 0.9159, Val 0.9203, Test 0.9202
Epoch 68: Loss:            : Train 0.0000, Val 0.2466, Test 0.2411
          Accuracy         : Train 0.9178, Val 0.9181, Test 0.9200
Best:
          Accuracy         : Train 0.9159, Val 0.9203, Test 0.9202
Epoch 69: Loss:            : Train 0.0000, Val 0.2483, Test 0.2320
          Accuracy         : Train 0.9165, Val 0.9137, Test 0.9140
Best:
          Accuracy         : Train 0.9159, Val 0.9203, Test 0.9202
Epoch 70: Loss:            : Train 0.0000, Val 0.2640, Test 0.2311
          Accuracy         : Train 0.9181, Val 0.9137, Test 0.9192
Best:
          Accuracy         : Train 0.9159, Val 0.9203, Test 0.9202
Epoch 71: Loss:            : Train 0.0000, Val 0.2431, Test 0.2370
          Accuracy         : Train 0.9187, Val 0.9222, Test 0.9237
Best:
          Accuracy         : Train 0.9187, Val 0.9222, Test 0.9237
Epoch 72: Loss:            : Train 0.0000, Val 0.2353, Test 0.2248
          Accuracy         : Train 0.9200, Val 0.9159, Test 0.9203
Best:
          Accuracy         : Train 0.9187, Val 0.9222, Test 0.9237
Epoch 73: Loss:            : Train 0.0000, Val 0.2606, Test 0.2281
          Accuracy         : Train 0.9190, Val 0.9155, Test 0.9198
Best:
          Accuracy         : Train 0.9187, Val 0.9222, Test 0.9237
Epoch 74: Loss:            : Train 0.0000, Val 0.2519, Test 0.2338
          Accuracy         : Train 0.9201, Val 0.9215, Test 0.9229
Best:
          Accuracy         : Train 0.9187, Val 0.9222, Test 0.9237
Epoch 75: Loss:            : Train 0.0000, Val 0.2631, Test 0.2228
          Accuracy         : Train 0.9198, Val 0.9166, Test 0.9205
Best:
          Accuracy         : Train 0.9187, Val 0.9222, Test 0.9237
Epoch 76: Loss:            : Train 0.0000, Val 0.2555, Test 0.2221
          Accuracy         : Train 0.9184, Val 0.9181, Test 0.9203
Best:
          Accuracy         : Train 0.9187, Val 0.9222, Test 0.9237
Epoch 77: Loss:            : Train 0.0000, Val 0.2397, Test 0.2304
          Accuracy         : Train 0.9208, Val 0.9233, Test 0.9239
Best:
          Accuracy         : Train 0.9208, Val 0.9233, Test 0.9239
Epoch 78: Loss:            : Train 0.0000, Val 0.2261, Test 0.2169
          Accuracy         : Train 0.9203, Val 0.9215, Test 0.9220
Best:
          Accuracy         : Train 0.9208, Val 0.9233, Test 0.9239
Epoch 79: Loss:            : Train 0.0000, Val 0.2299, Test 0.2161
          Accuracy         : Train 0.9211, Val 0.9200, Test 0.9220
Best:
          Accuracy         : Train 0.9208, Val 0.9233, Test 0.9239
Epoch 80: Loss:            : Train 0.0000, Val 0.2528, Test 0.2172
          Accuracy         : Train 0.9211, Val 0.9196, Test 0.9215
Best:
          Accuracy         : Train 0.9208, Val 0.9233, Test 0.9239
Epoch 81: Loss:            : Train 0.0000, Val 0.2564, Test 0.2242
          Accuracy         : Train 0.9210, Val 0.9155, Test 0.9226
Best:
          Accuracy         : Train 0.9208, Val 0.9233, Test 0.9239
Epoch 82: Loss:            : Train 0.0000, Val 0.2360, Test 0.2148
          Accuracy         : Train 0.9224, Val 0.9233, Test 0.9237
Best:
          Accuracy         : Train 0.9208, Val 0.9233, Test 0.9239
Epoch 83: Loss:            : Train 0.0000, Val 0.2564, Test 0.2176
          Accuracy         : Train 0.9200, Val 0.9155, Test 0.9189
Best:
          Accuracy         : Train 0.9208, Val 0.9233, Test 0.9239
Epoch 84: Loss:            : Train 0.0000, Val 0.2498, Test 0.2161
          Accuracy         : Train 0.9214, Val 0.9226, Test 0.9216
Best:
          Accuracy         : Train 0.9208, Val 0.9233, Test 0.9239
Epoch 85: Loss:            : Train 0.0000, Val 0.2580, Test 0.2217
          Accuracy         : Train 0.9216, Val 0.9185, Test 0.9229
Best:
          Accuracy         : Train 0.9208, Val 0.9233, Test 0.9239
Epoch 86: Loss:            : Train 0.0000, Val 0.2294, Test 0.2229
          Accuracy         : Train 0.9221, Val 0.9215, Test 0.9229
Best:
          Accuracy         : Train 0.9208, Val 0.9233, Test 0.9239
Epoch 87: Loss:            : Train 0.0000, Val 0.2168, Test 0.2124
          Accuracy         : Train 0.9206, Val 0.9196, Test 0.9218
Best:
          Accuracy         : Train 0.9208, Val 0.9233, Test 0.9239
Epoch 88: Loss:            : Train 0.0000, Val 0.2211, Test 0.2063
          Accuracy         : Train 0.9217, Val 0.9237, Test 0.9235
Best:
          Accuracy         : Train 0.9217, Val 0.9237, Test 0.9235
Epoch 89: Loss:            : Train 0.0000, Val 0.2271, Test 0.2072
          Accuracy         : Train 0.9240, Val 0.9215, Test 0.9242
Best:
          Accuracy         : Train 0.9217, Val 0.9237, Test 0.9235
Epoch 90: Loss:            : Train 0.0000, Val 0.2501, Test 0.2157
          Accuracy         : Train 0.9238, Val 0.9200, Test 0.9250
Best:
          Accuracy         : Train 0.9217, Val 0.9237, Test 0.9235
Epoch 91: Loss:            : Train 0.0000, Val 0.2207, Test 0.2091
          Accuracy         : Train 0.9251, Val 0.9248, Test 0.9237
Best:
          Accuracy         : Train 0.9251, Val 0.9248, Test 0.9237
Epoch 92: Loss:            : Train 0.0000, Val 0.2109, Test 0.2058
          Accuracy         : Train 0.9219, Val 0.9226, Test 0.9218
Best:
          Accuracy         : Train 0.9251, Val 0.9248, Test 0.9237
Epoch 93: Loss:            : Train 0.0000, Val 0.2240, Test 0.2030
          Accuracy         : Train 0.9241, Val 0.9237, Test 0.9246
Best:
          Accuracy         : Train 0.9251, Val 0.9248, Test 0.9237
Epoch 94: Loss:            : Train 0.0000, Val 0.2465, Test 0.2056
          Accuracy         : Train 0.9241, Val 0.9200, Test 0.9209
Best:
          Accuracy         : Train 0.9251, Val 0.9248, Test 0.9237
Epoch 95: Loss:            : Train 0.0000, Val 0.2318, Test 0.2063
          Accuracy         : Train 0.9242, Val 0.9196, Test 0.9215
Best:
          Accuracy         : Train 0.9251, Val 0.9248, Test 0.9237
Epoch 96: Loss:            : Train 0.0000, Val 0.2094, Test 0.2024
          Accuracy         : Train 0.9241, Val 0.9233, Test 0.9265
Best:
          Accuracy         : Train 0.9251, Val 0.9248, Test 0.9237
Epoch 97: Loss:            : Train 0.0000, Val 0.2094, Test 0.2169
          Accuracy         : Train 0.9242, Val 0.9263, Test 0.9246
Best:
          Accuracy         : Train 0.9242, Val 0.9263, Test 0.9246
Epoch 98: Loss:            : Train 0.0000, Val 0.2241, Test 0.2123
          Accuracy         : Train 0.9249, Val 0.9218, Test 0.9194
Best:
          Accuracy         : Train 0.9242, Val 0.9263, Test 0.9246
Epoch 99: Loss:            : Train 0.0000, Val 0.2093, Test 0.2785
          Accuracy         : Train 0.9247, Val 0.9252, Test 0.9250
Best:
          Accuracy         : Train 0.9242, Val 0.9263, Test 0.9246
Epoch 100: Loss:            : Train 0.0000, Val 0.2486, Test 0.2131
          Accuracy         : Train 0.9253, Val 0.9200, Test 0.9226
Best:
          Accuracy         : Train 0.9242, Val 0.9263, Test 0.9246
Epoch 101: Loss:            : Train 0.0000, Val 0.2364, Test 0.2171
          Accuracy         : Train 0.9251, Val 0.9255, Test 0.9244
Best:
          Accuracy         : Train 0.9242, Val 0.9263, Test 0.9246
Epoch 102: Loss:            : Train 0.0000, Val 0.2131, Test 0.2030
          Accuracy         : Train 0.9243, Val 0.9192, Test 0.9222
Best:
          Accuracy         : Train 0.9242, Val 0.9263, Test 0.9246
Epoch 103: Loss:            : Train 0.0000, Val 0.2053, Test 0.2000
          Accuracy         : Train 0.9230, Val 0.9244, Test 0.9226
Best:
          Accuracy         : Train 0.9242, Val 0.9263, Test 0.9246
Epoch 104: Loss:            : Train 0.0000, Val 0.2371, Test 0.2214
          Accuracy         : Train 0.9256, Val 0.9155, Test 0.9215
Best:
          Accuracy         : Train 0.9242, Val 0.9263, Test 0.9246
Epoch 105: Loss:            : Train 0.0000, Val 0.2063, Test 0.1981
          Accuracy         : Train 0.9239, Val 0.9226, Test 0.9242
Best:
          Accuracy         : Train 0.9242, Val 0.9263, Test 0.9246
Epoch 106: Loss:            : Train 0.0000, Val 0.2186, Test 0.2008
          Accuracy         : Train 0.9225, Val 0.9229, Test 0.9224
Best:
          Accuracy         : Train 0.9242, Val 0.9263, Test 0.9246
Epoch 107: Loss:            : Train 0.0000, Val 0.2215, Test 0.1992
          Accuracy         : Train 0.9262, Val 0.9229, Test 0.9266
Best:
          Accuracy         : Train 0.9242, Val 0.9263, Test 0.9246
Epoch 108: Loss:            : Train 0.0000, Val 0.2322, Test 0.2001
          Accuracy         : Train 0.9255, Val 0.9248, Test 0.9257
Best:
          Accuracy         : Train 0.9242, Val 0.9263, Test 0.9246
Epoch 109: Loss:            : Train 0.0000, Val 0.2379, Test 0.2051
          Accuracy         : Train 0.9265, Val 0.9222, Test 0.9248
Best:
          Accuracy         : Train 0.9242, Val 0.9263, Test 0.9246
Epoch 110: Loss:            : Train 0.0000, Val 0.2233, Test 0.1993
          Accuracy         : Train 0.9260, Val 0.9255, Test 0.9244
Best:
          Accuracy         : Train 0.9242, Val 0.9263, Test 0.9246
Epoch 111: Loss:            : Train 0.0000, Val 0.2167, Test 0.1966
          Accuracy         : Train 0.9247, Val 0.9248, Test 0.9231
Best:
          Accuracy         : Train 0.9242, Val 0.9263, Test 0.9246
Epoch 112: Loss:            : Train 0.0000, Val 0.1996, Test 0.1959
          Accuracy         : Train 0.9260, Val 0.9222, Test 0.9237
Best:
          Accuracy         : Train 0.9242, Val 0.9263, Test 0.9246
Epoch 113: Loss:            : Train 0.0000, Val 0.2270, Test 0.2141
          Accuracy         : Train 0.9258, Val 0.9196, Test 0.9237
Best:
          Accuracy         : Train 0.9242, Val 0.9263, Test 0.9246
Epoch 114: Loss:            : Train 0.0000, Val 0.2019, Test 0.2119
          Accuracy         : Train 0.9266, Val 0.9229, Test 0.9229
Best:
          Accuracy         : Train 0.9242, Val 0.9263, Test 0.9246
Epoch 115: Loss:            : Train 0.0000, Val 0.2384, Test 0.2028
          Accuracy         : Train 0.9259, Val 0.9218, Test 0.9227
Best:
          Accuracy         : Train 0.9242, Val 0.9263, Test 0.9246
Epoch 116: Loss:            : Train 0.0000, Val 0.2301, Test 0.1986
          Accuracy         : Train 0.9251, Val 0.9263, Test 0.9265
Best:
          Accuracy         : Train 0.9242, Val 0.9263, Test 0.9246
Epoch 117: Loss:            : Train 0.0000, Val 0.2232, Test 0.2036
          Accuracy         : Train 0.9237, Val 0.9207, Test 0.9163
Best:
          Accuracy         : Train 0.9242, Val 0.9263, Test 0.9246
Epoch 118: Loss:            : Train 0.0000, Val 0.2210, Test 0.1998
          Accuracy         : Train 0.9235, Val 0.9248, Test 0.9194
Best:
          Accuracy         : Train 0.9242, Val 0.9263, Test 0.9246
Epoch 119: Loss:            : Train 0.0000, Val 0.1990, Test 0.1987
          Accuracy         : Train 0.9256, Val 0.9203, Test 0.9244
Best:
          Accuracy         : Train 0.9242, Val 0.9263, Test 0.9246
Epoch 120: Loss:            : Train 0.0000, Val 0.2005, Test 0.2245
          Accuracy         : Train 0.9272, Val 0.9226, Test 0.9240
Best:
          Accuracy         : Train 0.9242, Val 0.9263, Test 0.9246
Epoch 121: Loss:            : Train 0.0000, Val 0.2088, Test 0.1942
          Accuracy         : Train 0.9249, Val 0.9240, Test 0.9235
Best:
          Accuracy         : Train 0.9242, Val 0.9263, Test 0.9246
Epoch 122: Loss:            : Train 0.0000, Val 0.2343, Test 0.2145
          Accuracy         : Train 0.9267, Val 0.9233, Test 0.9259
Best:
          Accuracy         : Train 0.9242, Val 0.9263, Test 0.9246
Epoch 123: Loss:            : Train 0.0000, Val 0.2126, Test 0.2029
          Accuracy         : Train 0.9267, Val 0.9170, Test 0.9209
Best:
          Accuracy         : Train 0.9242, Val 0.9263, Test 0.9246
Epoch 124: Loss:            : Train 0.0000, Val 0.2302, Test 0.1973
          Accuracy         : Train 0.9232, Val 0.9263, Test 0.9239
Best:
          Accuracy         : Train 0.9242, Val 0.9263, Test 0.9246
Epoch 125: Loss:            : Train 0.0000, Val 0.2550, Test 0.2156
          Accuracy         : Train 0.9275, Val 0.9222, Test 0.9253
Best:
          Accuracy         : Train 0.9242, Val 0.9263, Test 0.9246
Epoch 126: Loss:            : Train 0.0000, Val 0.2409, Test 0.2113
          Accuracy         : Train 0.9263, Val 0.9218, Test 0.9255
Best:
          Accuracy         : Train 0.9242, Val 0.9263, Test 0.9246
Epoch 127: Loss:            : Train 0.0000, Val 0.2313, Test 0.2162
          Accuracy         : Train 0.9272, Val 0.9248, Test 0.9246
Best:
          Accuracy         : Train 0.9242, Val 0.9263, Test 0.9246
Epoch 128: Loss:            : Train 0.0000, Val 0.2346, Test 0.1991
          Accuracy         : Train 0.9239, Val 0.9226, Test 0.9224
Best:
          Accuracy         : Train 0.9242, Val 0.9263, Test 0.9246
Epoch 129: Loss:            : Train 0.0000, Val 0.2207, Test 0.2111
          Accuracy         : Train 0.9247, Val 0.9259, Test 0.9240
Best:
          Accuracy         : Train 0.9242, Val 0.9263, Test 0.9246
Epoch 130: Loss:            : Train 0.0000, Val 0.2184, Test 0.1963
          Accuracy         : Train 0.9273, Val 0.9218, Test 0.9246
Best:
          Accuracy         : Train 0.9242, Val 0.9263, Test 0.9246
Epoch 131: Loss:            : Train 0.0000, Val 0.2014, Test 0.1982
          Accuracy         : Train 0.9266, Val 0.9207, Test 0.9207
Best:
          Accuracy         : Train 0.9242, Val 0.9263, Test 0.9246
Epoch 132: Loss:            : Train 0.0000, Val 0.2442, Test 0.2208
          Accuracy         : Train 0.9255, Val 0.9192, Test 0.9229
Best:
          Accuracy         : Train 0.9242, Val 0.9263, Test 0.9246
Epoch 133: Loss:            : Train 0.0000, Val 0.2330, Test 0.2145
          Accuracy         : Train 0.9264, Val 0.9218, Test 0.9252
Best:
          Accuracy         : Train 0.9242, Val 0.9263, Test 0.9246
Epoch 134: Loss:            : Train 0.0000, Val 0.2296, Test 0.2109
          Accuracy         : Train 0.9268, Val 0.9237, Test 0.9237
Best:
          Accuracy         : Train 0.9242, Val 0.9263, Test 0.9246
Epoch 135: Loss:            : Train 0.0000, Val 0.2212, Test 0.2072
          Accuracy         : Train 0.9227, Val 0.9263, Test 0.9224
Best:
          Accuracy         : Train 0.9242, Val 0.9263, Test 0.9246
Epoch 136: Loss:            : Train 0.0000, Val 0.2274, Test 0.2070
          Accuracy         : Train 0.9273, Val 0.9233, Test 0.9261
Best:
          Accuracy         : Train 0.9242, Val 0.9263, Test 0.9246
Epoch 137: Loss:            : Train 0.0000, Val 0.2159, Test 0.1924
          Accuracy         : Train 0.9268, Val 0.9229, Test 0.9253
Best:
          Accuracy         : Train 0.9242, Val 0.9263, Test 0.9246
Epoch 138: Loss:            : Train 0.0000, Val 0.2418, Test 0.2200
          Accuracy         : Train 0.9274, Val 0.9203, Test 0.9248
Best:
          Accuracy         : Train 0.9242, Val 0.9263, Test 0.9246
Epoch 139: Loss:            : Train 0.0000, Val 0.2306, Test 0.1973
          Accuracy         : Train 0.9279, Val 0.9240, Test 0.9265
Best:
          Accuracy         : Train 0.9242, Val 0.9263, Test 0.9246
Epoch 140: Loss:            : Train 0.0000, Val 0.2186, Test 0.2292
          Accuracy         : Train 0.9259, Val 0.9200, Test 0.9163
Best:
          Accuracy         : Train 0.9242, Val 0.9263, Test 0.9246
Epoch 141: Loss:            : Train 0.0000, Val 0.2282, Test 0.1935
          Accuracy         : Train 0.9243, Val 0.9270, Test 0.9240
Best:
          Accuracy         : Train 0.9243, Val 0.9270, Test 0.9240
Epoch 142: Loss:            : Train 0.0000, Val 0.2164, Test 0.2080
          Accuracy         : Train 0.9286, Val 0.9233, Test 0.9255
Best:
          Accuracy         : Train 0.9243, Val 0.9270, Test 0.9240
Epoch 143: Loss:            : Train 0.0000, Val 0.2127, Test 0.1938
          Accuracy         : Train 0.9274, Val 0.9218, Test 0.9240
Best:
          Accuracy         : Train 0.9243, Val 0.9270, Test 0.9240
Epoch 144: Loss:            : Train 0.0000, Val 0.2337, Test 0.2112
          Accuracy         : Train 0.9274, Val 0.9222, Test 0.9263
Best:
          Accuracy         : Train 0.9243, Val 0.9270, Test 0.9240
Epoch 145: Loss:            : Train 0.0000, Val 0.2238, Test 0.1949
          Accuracy         : Train 0.9292, Val 0.9226, Test 0.9235
Best:
          Accuracy         : Train 0.9243, Val 0.9270, Test 0.9240
Epoch 146: Loss:            : Train 0.0000, Val 0.2199, Test 0.1983
          Accuracy         : Train 0.9257, Val 0.9196, Test 0.9150
Best:
          Accuracy         : Train 0.9243, Val 0.9270, Test 0.9240
Epoch 147: Loss:            : Train 0.0000, Val 0.2200, Test 0.1913
          Accuracy         : Train 0.9263, Val 0.9270, Test 0.9270
Best:
          Accuracy         : Train 0.9243, Val 0.9270, Test 0.9240
Epoch 148: Loss:            : Train 0.0000, Val 0.2022, Test 0.1994
          Accuracy         : Train 0.9278, Val 0.9196, Test 0.9227
Best:
          Accuracy         : Train 0.9243, Val 0.9270, Test 0.9240
Epoch 149: Loss:            : Train 0.0000, Val 0.2349, Test 0.2434
          Accuracy         : Train 0.9269, Val 0.9211, Test 0.9237
Best:
          Accuracy         : Train 0.9243, Val 0.9270, Test 0.9240
Epoch 150: Loss:            : Train 0.0000, Val 0.2209, Test 0.2974
          Accuracy         : Train 0.9279, Val 0.9218, Test 0.9190
Best:
          Accuracy         : Train 0.9243, Val 0.9270, Test 0.9240
Epoch 151: Loss:            : Train 0.0000, Val 0.2023, Test 0.2671
          Accuracy         : Train 0.9267, Val 0.9252, Test 0.9220
Best:
          Accuracy         : Train 0.9243, Val 0.9270, Test 0.9240
Epoch 152: Loss:            : Train 0.0000, Val 0.2140, Test 0.1664
          Accuracy         : Train 0.9257, Val 0.9203, Test 0.9222
Best:
          Accuracy         : Train 0.9243, Val 0.9270, Test 0.9240
Epoch 153: Loss:            : Train 0.0000, Val 0.2134, Test 0.2073
          Accuracy         : Train 0.9272, Val 0.9237, Test 0.9266
Best:
          Accuracy         : Train 0.9243, Val 0.9270, Test 0.9240
Epoch 154: Loss:            : Train 0.0000, Val 0.2046, Test 0.1585
          Accuracy         : Train 0.9294, Val 0.9248, Test 0.9250
Best:
          Accuracy         : Train 0.9243, Val 0.9270, Test 0.9240
Epoch 155: Loss:            : Train 0.0000, Val 0.2419, Test 0.1735
          Accuracy         : Train 0.9277, Val 0.9218, Test 0.9255
Best:
          Accuracy         : Train 0.9243, Val 0.9270, Test 0.9240
Epoch 156: Loss:            : Train 0.0000, Val 0.2424, Test 0.1777
          Accuracy         : Train 0.9279, Val 0.9200, Test 0.9242
Best:
          Accuracy         : Train 0.9243, Val 0.9270, Test 0.9240
Epoch 157: Loss:            : Train 0.0000, Val 0.2280, Test 0.1664
          Accuracy         : Train 0.9277, Val 0.9233, Test 0.9259
Best:
          Accuracy         : Train 0.9243, Val 0.9270, Test 0.9240
Epoch 158: Loss:            : Train 0.0000, Val 0.2300, Test 0.1655
          Accuracy         : Train 0.9264, Val 0.9229, Test 0.9189
Best:
          Accuracy         : Train 0.9243, Val 0.9270, Test 0.9240
Epoch 159: Loss:            : Train 0.0000, Val 0.2247, Test 0.1941
          Accuracy         : Train 0.9258, Val 0.9266, Test 0.9263
Best:
          Accuracy         : Train 0.9243, Val 0.9270, Test 0.9240
Epoch 160: Loss:            : Train 0.0000, Val 0.2181, Test 0.2060
          Accuracy         : Train 0.9277, Val 0.9259, Test 0.9253
Best:
          Accuracy         : Train 0.9243, Val 0.9270, Test 0.9240
Epoch 161: Loss:            : Train 0.0000, Val 0.2069, Test 0.1611
          Accuracy         : Train 0.9283, Val 0.9203, Test 0.9226
Best:
          Accuracy         : Train 0.9243, Val 0.9270, Test 0.9240
Epoch 162: Loss:            : Train 0.0000, Val 0.2162, Test 0.2063
          Accuracy         : Train 0.9269, Val 0.9229, Test 0.9226
Best:
          Accuracy         : Train 0.9243, Val 0.9270, Test 0.9240
Epoch 163: Loss:            : Train 0.0000, Val 0.2166, Test 0.1942
          Accuracy         : Train 0.9276, Val 0.9252, Test 0.9259
Best:
          Accuracy         : Train 0.9243, Val 0.9270, Test 0.9240
Epoch 164: Loss:            : Train 0.0000, Val 0.1979, Test 0.1953
          Accuracy         : Train 0.9285, Val 0.9218, Test 0.9242
Best:
          Accuracy         : Train 0.9243, Val 0.9270, Test 0.9240
Epoch 165: Loss:            : Train 0.0000, Val 0.2363, Test 0.2149
          Accuracy         : Train 0.9283, Val 0.9226, Test 0.9263
Best:
          Accuracy         : Train 0.9243, Val 0.9270, Test 0.9240
Epoch 166: Loss:            : Train 0.0000, Val 0.2450, Test 0.1781
          Accuracy         : Train 0.9283, Val 0.9240, Test 0.9274
Best:
          Accuracy         : Train 0.9243, Val 0.9270, Test 0.9240
Epoch 167: Loss:            : Train 0.0000, Val 0.2317, Test 0.2035
          Accuracy         : Train 0.9290, Val 0.9244, Test 0.9250
Best:
          Accuracy         : Train 0.9243, Val 0.9270, Test 0.9240
Epoch 168: Loss:            : Train 0.0000, Val 0.2283, Test 0.1993
          Accuracy         : Train 0.9294, Val 0.9244, Test 0.9261
Best:
          Accuracy         : Train 0.9243, Val 0.9270, Test 0.9240
Epoch 169: Loss:            : Train 0.0000, Val 0.2276, Test 0.2080
          Accuracy         : Train 0.9262, Val 0.9248, Test 0.9253
Best:
          Accuracy         : Train 0.9243, Val 0.9270, Test 0.9240
Epoch 170: Loss:            : Train 0.0000, Val 0.2226, Test 0.1910
          Accuracy         : Train 0.9280, Val 0.9278, Test 0.9266
Best:
          Accuracy         : Train 0.9280, Val 0.9278, Test 0.9266
Epoch 171: Loss:            : Train 0.0000, Val 0.2147, Test 0.1914
          Accuracy         : Train 0.9295, Val 0.9263, Test 0.9261
Best:
          Accuracy         : Train 0.9280, Val 0.9278, Test 0.9266
Epoch 172: Loss:            : Train 0.0000, Val 0.1973, Test 0.1907
          Accuracy         : Train 0.9292, Val 0.9226, Test 0.9263
Best:
          Accuracy         : Train 0.9280, Val 0.9278, Test 0.9266
Epoch 173: Loss:            : Train 0.0000, Val 0.2152, Test 0.1906
          Accuracy         : Train 0.9292, Val 0.9252, Test 0.9265
Best:
          Accuracy         : Train 0.9280, Val 0.9278, Test 0.9266
Epoch 174: Loss:            : Train 0.0000, Val 0.2049, Test 0.2050
          Accuracy         : Train 0.9301, Val 0.9259, Test 0.9261
Best:
          Accuracy         : Train 0.9280, Val 0.9278, Test 0.9266
Epoch 175: Loss:            : Train 0.0000, Val 0.1969, Test 0.1902
          Accuracy         : Train 0.9294, Val 0.9266, Test 0.9257
Best:
          Accuracy         : Train 0.9280, Val 0.9278, Test 0.9266
Epoch 176: Loss:            : Train 0.0000, Val 0.2057, Test 0.1579
          Accuracy         : Train 0.9302, Val 0.9255, Test 0.9257
Best:
          Accuracy         : Train 0.9280, Val 0.9278, Test 0.9266
Epoch 177: Loss:            : Train 0.0000, Val 0.2099, Test 0.1902
          Accuracy         : Train 0.9308, Val 0.9237, Test 0.9266
Best:
          Accuracy         : Train 0.9280, Val 0.9278, Test 0.9266
Epoch 178: Loss:            : Train 0.0000, Val 0.2020, Test 0.1908
          Accuracy         : Train 0.9290, Val 0.9237, Test 0.9253
Best:
          Accuracy         : Train 0.9280, Val 0.9278, Test 0.9266
Epoch 179: Loss:            : Train 0.0000, Val 0.2021, Test 0.1891
          Accuracy         : Train 0.9285, Val 0.9278, Test 0.9266
Best:
          Accuracy         : Train 0.9280, Val 0.9278, Test 0.9266
Epoch 180: Loss:            : Train 0.0000, Val 0.1997, Test 0.1893
          Accuracy         : Train 0.9300, Val 0.9252, Test 0.9261
Best:
          Accuracy         : Train 0.9280, Val 0.9278, Test 0.9266
Epoch 181: Loss:            : Train 0.0000, Val 0.2143, Test 0.1906
          Accuracy         : Train 0.9307, Val 0.9263, Test 0.9274
Best:
          Accuracy         : Train 0.9280, Val 0.9278, Test 0.9266
Epoch 182: Loss:            : Train 0.0000, Val 0.1951, Test 0.1889
          Accuracy         : Train 0.9295, Val 0.9240, Test 0.9270
Best:
          Accuracy         : Train 0.9280, Val 0.9278, Test 0.9266
Epoch 183: Loss:            : Train 0.0000, Val 0.1949, Test 0.2042
          Accuracy         : Train 0.9304, Val 0.9237, Test 0.9246
Best:
          Accuracy         : Train 0.9280, Val 0.9278, Test 0.9266
Epoch 184: Loss:            : Train 0.0000, Val 0.2064, Test 0.1896
          Accuracy         : Train 0.9296, Val 0.9259, Test 0.9283
Best:
          Accuracy         : Train 0.9280, Val 0.9278, Test 0.9266
Epoch 185: Loss:            : Train 0.0000, Val 0.2252, Test 0.1899
          Accuracy         : Train 0.9305, Val 0.9237, Test 0.9265
Best:
          Accuracy         : Train 0.9280, Val 0.9278, Test 0.9266
Epoch 186: Loss:            : Train 0.0000, Val 0.1981, Test 0.1903
          Accuracy         : Train 0.9306, Val 0.9281, Test 0.9265
Best:
          Accuracy         : Train 0.9306, Val 0.9281, Test 0.9265
Epoch 187: Loss:            : Train 0.0000, Val 0.1995, Test 0.1894
          Accuracy         : Train 0.9300, Val 0.9226, Test 0.9253
Best:
          Accuracy         : Train 0.9306, Val 0.9281, Test 0.9265
Epoch 188: Loss:            : Train 0.0000, Val 0.2074, Test 0.1883
          Accuracy         : Train 0.9296, Val 0.9248, Test 0.9274
Best:
          Accuracy         : Train 0.9306, Val 0.9281, Test 0.9265
Epoch 189: Loss:            : Train 0.0000, Val 0.2348, Test 0.1887
          Accuracy         : Train 0.9308, Val 0.9237, Test 0.9276
Best:
          Accuracy         : Train 0.9306, Val 0.9281, Test 0.9265
Epoch 190: Loss:            : Train 0.0000, Val 0.2180, Test 0.2056
          Accuracy         : Train 0.9312, Val 0.9248, Test 0.9259
Best:
          Accuracy         : Train 0.9306, Val 0.9281, Test 0.9265
Epoch 191: Loss:            : Train 0.0000, Val 0.2117, Test 0.1896
          Accuracy         : Train 0.9301, Val 0.9244, Test 0.9227
Best:
          Accuracy         : Train 0.9306, Val 0.9281, Test 0.9265
Epoch 192: Loss:            : Train 0.0000, Val 0.2072, Test 0.1884
          Accuracy         : Train 0.9300, Val 0.9240, Test 0.9281
Best:
          Accuracy         : Train 0.9306, Val 0.9281, Test 0.9265
Epoch 193: Loss:            : Train 0.0000, Val 0.2276, Test 0.2079
          Accuracy         : Train 0.9298, Val 0.9252, Test 0.9266
Best:
          Accuracy         : Train 0.9306, Val 0.9281, Test 0.9265
Epoch 194: Loss:            : Train 0.0000, Val 0.2237, Test 0.1575
          Accuracy         : Train 0.9310, Val 0.9255, Test 0.9270
Best:
          Accuracy         : Train 0.9306, Val 0.9281, Test 0.9265
Epoch 195: Loss:            : Train 0.0000, Val 0.2085, Test 0.1893
          Accuracy         : Train 0.9302, Val 0.9270, Test 0.9270
Best:
          Accuracy         : Train 0.9306, Val 0.9281, Test 0.9265
Epoch 196: Loss:            : Train 0.0000, Val 0.2023, Test 0.1883
          Accuracy         : Train 0.9300, Val 0.9263, Test 0.9246
Best:
          Accuracy         : Train 0.9306, Val 0.9281, Test 0.9265
Epoch 197: Loss:            : Train 0.0000, Val 0.2083, Test 0.1556
          Accuracy         : Train 0.9306, Val 0.9248, Test 0.9274
Best:
          Accuracy         : Train 0.9306, Val 0.9281, Test 0.9265
Epoch 198: Loss:            : Train 0.0000, Val 0.2079, Test 0.1550
          Accuracy         : Train 0.9316, Val 0.9218, Test 0.9253
Best:
          Accuracy         : Train 0.9306, Val 0.9281, Test 0.9265
Epoch 199: Loss:            : Train 0.0000, Val 0.2306, Test 0.1568
          Accuracy         : Train 0.9311, Val 0.9222, Test 0.9233
Best:
          Accuracy         : Train 0.9306, Val 0.9281, Test 0.9265
Epoch 200: Loss:            : Train 0.0000, Val 0.2255, Test 0.1705
          Accuracy         : Train 0.9296, Val 0.9281, Test 0.9278
Best:
          Accuracy         : Train 0.9306, Val 0.9281, Test 0.9265
Training time (sec): 87
